# Time-averaged data for fix 3
# TimeStep v_Temperature v_PotentialEnergy v_Pressure
2000 301.376 -17053.7 -43.0485
3000 299.202 -17210.4 25.7672
4000 300.646 -17151.7 -34.9547
5000 299.91 -17159.2 28.7743
6000 299.686 -17187.9 -16.7227
7000 299.931 -17176.4 35.8318
8000 300.222 -17183.5 -21.1428
9000 300.483 -17188.3 14.5731
10000 298.841 -17224 19.3866
11000 298.932 -17273.7 -26.164
12000 300.632 -17185.3 28.5042
13000 299.937 -17160.3 -19.6974
14000 298.8 -17165 20.2837
15000 300.812 -17143.1 -25.2156
16000 299.773 -17164.9 11.3526
17000 301.156 -17139.2 9.09874
18000 301.106 -17125.5 -21.5927
19000 300.884 -17129.8 32.103
20000 299.894 -17189.9 -16.1353
21000 300.212 -17211.8 11.9026
22000 299.49 -17220.4 4.94653
23000 299.828 -17167.8 8.66063
24000 299.201 -17203.3 1.17617
25000 302.271 -17201.5 -0.105741
26000 299.521 -17184.8 9.92376
27000 299.296 -17206.3 -23.7508
28000 299.433 -17213.6 14.4491
29000 299.999 -17209.8 -26.4017
30000 301.423 -17152.8 40.1609
31000 299.989 -17185.1 -41.4522
32000 299.189 -17231.7 52.5578
33000 298.796 -17224.6 -26.5675
34000 300.251 -17191.5 12.5677
35000 300.724 -17158.1 8.65896
36000 300.824 -17188.7 -15.2752
37000 299.071 -17218.9 51.5113
38000 300.304 -17168.6 -33.3892
39000 301.072 -17209.7 19.7931
40000 300.457 -17233.1 -34.4344
41000 301.4 -17180.8 42.4801
42000 300.515 -17201 -18.7332
43000 297.596 -17267.1 17.9059
44000 300.175 -17162.2 -1.35114
45000 298.06 -17213.1 17.0319
46000 299.501 -17233 -6.3042
47000 300.537 -17193.7 22.614
48000 299.788 -17178.7 -7.77106
49000 298.885 -17219.8 2.85854
50000 299.035 -17211.6 -14.8319
51000 299.182 -17179.3 -4.89974
52000 299.398 -17211 7.75458
53000 298.851 -17204.3 7.92146
54000 299.333 -17216.2 3.73021
55000 298.777 -17194 9.23986
56000 299.117 -17221.2 -3.24487
57000 300.581 -17182 -16.8147
58000 301.459 -17160.9 -25.3031
59000 299.445 -17202.7 14.7603
60000 300.231 -17174 -5.86587
61000 299.985 -17191 13.0706
62000 300.001 -17188.3 -36.7737
63000 299.75 -17159.9 25.3402
64000 298.834 -17217.1 1.46297
65000 300.246 -17173 -14.913
66000 300.358 -17151.7 21.4952
67000 300.172 -17170.2 -44.5361
68000 299.781 -17206.9 15.9218
69000 300.53 -17201.7 -14.3087
70000 299.199 -17220.2 7.83957
71000 298.626 -17199.8 -6.1597
72000 298.562 -17222.2 19.6197
73000 299.931 -17225.9 -12.1204
74000 300.287 -17131.8 -27.7645
75000 300.519 -17180 46.3669
76000 299.776 -17207.7 -45.1954
77000 299.803 -17216.2 49.6832
78000 300.493 -17224.1 -32.9053
79000 300.861 -17188.9 34.0055
80000 300.44 -17193.8 -3.64909
81000 298.985 -17166.5 4.59294
82000 300.666 -17132.2 20.3435
83000 299.514 -17203.3 -19.38
84000 299.29 -17226.7 14.5254
85000 299.061 -17184.6 -17.8986
86000 298.884 -17174.2 27.6125
87000 300.418 -17146.4 -35.995
88000 298.935 -17147.9 40.8953
89000 301.819 -17121.3 -46.8973
90000 297.965 -17217.2 25.5599
91000 300.763 -17145 6.0531
92000 300.734 -17131.5 -3.47869
93000 298.804 -17194.8 22.654
94000 300.132 -17158.4 -8.90548
95000 299.694 -17156 26.3733
96000 299.667 -17215.2 8.24413
97000 300.29 -17148.9 -4.90683
98000 299.677 -17191.4 26.8614
99000 300.608 -17147.8 -28.9328
100000 300.295 -17147 30.4082
101000 300.618 -17171.6 -5.89019
102000 299.265 -17221.4 11.198
103000 300.203 -17229.1 -12.1477
104000 298.407 -17227.5 3.3989
105000 300.52 -17225.4 -0.185043
106000 300.296 -17185.8 -6.10273
107000 298.863 -17146.4 22.0432
108000 299.744 -17183.5 -28.4041
109000 299.531 -17181.1 30.3342
110000 301.229 -17130.3 -21.4207
111000 299.371 -17188.3 12.8776
112000 301.859 -17139 18.3553
113000 299.38 -17155.1 -25.1451
114000 299.131 -17141.1 18.3659
115000 299.9 -17160.8 -22.8647
116000 299.454 -17192.9 26.6211
117000 299.604 -17191.1 -33.3668
118000 298.909 -17180.7 31.1966
119000 300.335 -17150.1 -24.7474
120000 300.785 -17162.4 14.6419
121000 299.142 -17191.6 10.9453
122000 301.646 -17149.3 -30.6409
123000 301.842 -17141.3 19.7445
124000 299.276 -17184.5 -21.6613
125000 298.091 -17166.5 21.1903
126000 301.318 -17119.5 -30.6154
127000 299.589 -17191.2 9.97261
128000 299.903 -17161.4 -6.79157
129000 299.445 -17172.1 2.40062
130000 299.32 -17127.4 4.46102
131000 299.911 -17174.1 -18.2063
132000 298.934 -17171.5 22.9422
133000 299.343 -17193.8 -42.4776
134000 301.553 -17206.2 26.1968
135000 299.464 -17181.3 -2.89808
136000 301.649 -17126 -6.89494
137000 300.898 -17159.8 5.50672
138000 300.358 -17200.6 16.2159
139000 299.651 -17203 2.76076
140000 301.477 -17176.5 2.64899
141000 300.713 -17172.3 -10.0764
142000 300.358 -17139.6 9.31836
143000 301.347 -17151.9 -9.37042
144000 300.92 -17112.8 -20.8899
145000 299.492 -17187.1 -1.45247
146000 300.766 -17102.2 7.10439
147000 299.17 -17131.2 -8.3777
148000 300.695 -17136.6 12.8328
149000 298.959 -17168.2 -9.45568
150000 299.563 -17215.1 3.11244
151000 300.431 -17179 24.8089
152000 299.823 -17168.4 -13.6596
153000 300.044 -17164.9 14.0563
154000 299.759 -17196.7 -9.13257
155000 299.585 -17243.7 24.0271
156000 300.383 -17171.2 -24.3708
157000 300.455 -17125 12.7933
158000 300.718 -17167.5 -32.5465
159000 301.749 -17140.6 24.17
160000 300.726 -17132.3 -5.91572
161000 300.652 -17174.4 8.20551
162000 300.525 -17181.1 -12.7284
163000 300.323 -17164.5 6.79417
164000 299.776 -17169.3 20.8737
165000 298.744 -17201 -11.5219
166000 300.624 -17161.9 -11.3112
167000 300.201 -17160.3 19.8969
168000 299.423 -17171.8 -33.0622
169000 301.825 -17125.6 9.58558
170000 301.65 -17133.9 -12.9157
171000 300.063 -17180.8 11.9335
172000 299.023 -17203.5 -10.7841
173000 299.039 -17168.9 3.66036
174000 300.432 -17173.4 0.292995
175000 300.158 -17195 -11.2709
176000 298.956 -17220 -8.46209
177000 300.597 -17155.4 17.0949
178000 301.202 -17086 11.4417
179000 299.132 -17122.9 28.8682
180000 300.231 -17180 -4.72352
181000 299.356 -17156 11.4032
182000 300.817 -17142.3 2.04907
183000 300.309 -17187.8 6.266
184000 299.578 -17178.3 -21.7483
185000 300.589 -17134.6 3.63001
186000 299.929 -17137.8 12.5145
187000 300.511 -17117.7 -9.41538
188000 299.588 -17140 43.8105
189000 300.107 -17180.1 -22.3769
190000 298.341 -17186.3 51.4158
191000 300.99 -17190.1 -52.3348
192000 299.822 -17158.8 42.0884
193000 299.52 -17165.6 -12.2678
194000 298.743 -17184.6 6.9426
195000 299.652 -17180.4 1.14237
196000 301.025 -17145.6 -9.12824
197000 298.988 -17178.3 -7.65066
198000 299.839 -17140.3 13.3013
199000 299.564 -17196.2 5.31557
200000 298.987 -17194 10.3611
201000 301.176 -17168.7 -22.7067
202000 300.031 -17186.7 18.5236
203000 299.935 -17165.3 -20.0163
204000 299.74 -17161.7 -10.2436
205000 300.876 -17127.5 -0.631358
206000 300.472 -17121.4 19.4094
207000 300.507 -17193 -34.7589
208000 299.776 -17242.8 37.0554
209000 299.985 -17197.1 -12.2279
210000 299.473 -17193 40.3246
211000 299.901 -17177.7 -18.1955
212000 300.097 -17133.6 2.9496
213000 300.679 -17179 11.8165
214000 299.727 -17208.8 -8.25453
215000 298.717 -17182.4 37.3335
216000 301.454 -17159.9 -71.5564
217000 298.567 -17132.7 53.8444
218000 300.813 -17127.2 -20.1369
219000 299.844 -17081.7 12.4411
220000 298.943 -17179.1 -7.89521
221000 300.757 -17154.8 22.2222
222000 298.711 -17173.1 -15.7999
223000 299.088 -17151.2 1.80035
224000 300.067 -17174.7 4.15753
225000 299.831 -17154.6 6.01473
226000 299.562 -17161.8 -5.82758
227000 301.342 -17126.5 8.02637
228000 300.148 -17155.9 10.1014
229000 298.714 -17165.8 2.27675
230000 299.073 -17203.9 -5.35929
231000 300.093 -17194.5 7.92787
232000 298.154 -17194.8 2.2169
233000 300.63 -17189.5 20.4167
234000 299.991 -17158.6 -31.882
235000 299.572 -17150.4 41.4191
236000 300.456 -17159.1 -21.2317
237000 299.172 -17172.3 23.9829
238000 298.669 -17166.1 -22.8834
239000 300.492 -17189.8 -0.507187
240000 299.823 -17209.1 -3.54912
241000 299.898 -17213.2 -5.12316
242000 300.08 -17228 15.9646
243000 299.427 -17208.8 -5.89015
244000 300.037 -17185.9 22.0732
245000 299.028 -17210.3 -25.4475
246000 300.336 -17197.1 29.3363
247000 300.052 -17192.4 -25.6302
248000 299.164 -17164.4 16.0153
249000 300.393 -17162.8 14.3487
250000 299.386 -17167.6 -18.0019
251000 299.788 -17144.5 13.9426
252000 300.513 -17163.1 -40.0343
253000 301.813 -17168 23.3701
254000 300.065 -17166.3 -3.54545
255000 300.512 -17171.4 11.195
256000 298.494 -17241 -6.59311
257000 301.2 -17147.9 -6.51052
258000 298.094 -17204.2 15.2345
259000 300.632 -17179.9 0.0180204
260000 300.503 -17193.9 13.2283
261000 300.707 -17154.5 -31.4789
262000 299.084 -17180 3.46555
263000 300.566 -17174.8 -1.68396
264000 299.562 -17179.8 -13.8911
265000 300.969 -17173.3 19.1327
266000 300.429 -17154.6 -25.2208
267000 298.886 -17194 27.2891
268000 300.596 -17176.4 -17.8993
269000 301.587 -17174.9 8.84387
270000 298.842 -17180.2 -12.5997
271000 300.722 -17158.6 -4.55917
272000 297.709 -17219.7 -19.6833
273000 300.194 -17147.2 34.8291
274000 300.671 -17167.1 -1.40902
275000 299.726 -17169 -4.75634
276000 298.803 -17193.2 13.1492
277000 299.449 -17181.9 -20.5756
278000 299.823 -17181.6 9.99113
279000 300.685 -17141.9 -15.0275
280000 302.14 -17106.6 7.46046
281000 298.685 -17167.8 7.91338
282000 300.582 -17187.2 6.5402
283000 299.256 -17173.1 -3.9077
284000 300.361 -17164.3 -6.99108
285000 300.552 -17194.1 25.2329
286000 299.312 -17197 -19.8199
287000 299.02 -17183.9 27.181
288000 301.608 -17156.7 -7.89963
289000 300.706 -17187.7 4.64236
290000 300.645 -17143.3 -25.1153
291000 299.925 -17179.1 21.95
292000 300.534 -17164.1 -4.08166
293000 300.052 -17159.7 10.939
294000 301.399 -17172.4 0.866179
295000 298.655 -17193.1 -9.06118
296000 299.228 -17129.3 24.5325
297000 299.65 -17135 -17.9692
298000 299.47 -17149.5 3.71203
299000 299.787 -17210.8 21.0273
300000 298.453 -17165.3 -27.9162
301000 299.049 -17175.4 30.739
302000 298.955 -17208.8 -43.8223
303000 300.95 -17198.1 46.0491
304000 300.262 -17186.2 -31.0701
305000 300.215 -17208.2 8.24513
306000 299.728 -17199.9 14.4343
307000 299.636 -17188.3 -21.4692
308000 301.026 -17168.9 6.34797
309000 299.386 -17163.1 3.71618
310000 298.818 -17187.2 30.6123
311000 300.384 -17162.1 -24.0227
312000 298.532 -17172.1 34.5493
313000 301.43 -17200.9 -10.8926
314000 299.892 -17213.2 -2.77688
315000 298.466 -17157.6 -8.83057
316000 299.633 -17159.5 -9.52005
317000 298.879 -17232.7 16.9876
318000 300.558 -17185.1 -19.1208
319000 300.671 -17163.9 19.3763
320000 300.04 -17162.9 7.91524
321000 298.585 -17216.2 -7.73902
322000 299.941 -17172.5 5.53859
323000 301.748 -17148.3 17.1941
324000 301.997 -17143 -7.34814
325000 301.44 -17194.9 17.3468
326000 300.872 -17160 -12.2689
327000 300.614 -17131.8 7.65435
328000 300.278 -17144.6 -12.1551
329000 301.957 -17120 6.21563
330000 299.753 -17141.8 15.1048
331000 297.77 -17175.9 -19.622
332000 300.485 -17105.3 20.1536
333000 298.552 -17128.9 -28.9038
334000 301.018 -17148 17.3549
335000 299.926 -17208.9 -5.80498
336000 300.465 -17199.1 4.30283
337000 299.69 -17190 33.3079
338000 299.166 -17218.2 -30.2357
339000 299.121 -17171.9 18.3849
340000 300.835 -17182.6 -33.0009
341000 300.633 -17139.8 21.9645
342000 298.489 -17177 -8.52613
343000 301.33 -17127.3 1.96682
344000 299.471 -17161.8 -9.5957
345000 298.659 -17162.5 8.09933
346000 299.886 -17182.4 16.7827
347000 298.853 -17188.6 -34.9329
348000 298.42 -17173.4 54.319
349000 300.457 -17178.2 -48.6574
350000 301.425 -17133.6 16.9936
351000 301.689 -17106.8 -21.3377
352000 299.843 -17157.6 34.2856
353000 301.5 -17145.2 -43.4087
354000 299.288 -17192.6 23.5419
355000 299.893 -17104.1 -9.19186
356000 299.642 -17075.2 -1.55022
357000 300.794 -17127 16.8857
358000 299.723 -17196.6 -34.5793
359000 299.496 -17222.4 22.276
360000 298.654 -17204.6 -5.63538
361000 300.262 -17180.3 8.88739
362000 300.376 -17136.1 -3.37452
363000 300.335 -17171.7 4.00073
364000 300.216 -17162.1 -10.077
365000 299.978 -17192.6 34.49
366000 299.122 -17190.1 -16.5472
367000 299.126 -17168.6 8.66536
368000 299.259 -17182.9 -5.70381
369000 299.993 -17187.8 8.36057
370000 299.489 -17210.3 -7.42635
371000 298.67 -17148.1 1.87856
372000 300.924 -17133.4 6.28856
373000 300.469 -17141.8 -26.194
374000 298.499 -17112.3 28.3155
375000 299.229 -17167.8 -16.9923
376000 300.016 -17155.4 15.0061
377000 299.611 -17178.7 3.39308
378000 300.757 -17152.4 12.3304
379000 299.032 -17139.6 17.0021
380000 300.89 -17097.6 -13.5356
381000 302.164 -17072.6 -1.14217
382000 300.519 -17155.3 -6.83252
383000 300.296 -17137.9 5.01566
384000 299.748 -17143.5 -7.98051
385000 298.749 -17237 -0.276874
386000 300.05 -17144.7 26.6674
387000 300.66 -17150.8 -10.9809
388000 300.107 -17145.1 9.49336
389000 301.291 -17096.3 8.02645
390000 300.114 -17119.2 -7.03822
391000 300.588 -17126.7 14.2
392000 300.241 -17135.7 -8.02275
393000 300.759 -17125.6 8.91768
394000 301.847 -17160.6 -11.5306
395000 300.002 -17186.1 9.89
396000 298.943 -17224.1 -9.47797
397000 300.903 -17137.6 5.6831
398000 298.429 -17153.7 17.2389
399000 299.705 -17187 -24.9899
400000 299.766 -17203.9 20.1665
401000 300.047 -17165.5 0.181946
402000 298.97 -17151.7 4.92842
403000 299.024 -17193.5 19.5338
404000 299.335 -17127.8 -23.5163
405000 301.241 -17143.7 38.8794
406000 299.576 -17146.9 -22.0978
407000 300.739 -17155.8 24.9482
408000 300.437 -17120.6 0.660849
409000 300.179 -17127.6 5.29173
410000 299.596 -17173.8 -11.039
411000 301.188 -17155.6 10.1894
412000 299.958 -17140 -7.71102
413000 298.876 -17119.9 -4.56705
414000 300.89 -17134.6 21.2157
415000 299.841 -17153.9 -19.0058
416000 300.739 -17108 19.7333
417000 300.532 -17200.2 -7.37174
418000 300.512 -17105.5 8.83483
419000 299.597 -17116.2 -24.647
420000 300.394 -17150.7 14.6551
421000 301.986 -17138.6 -15.0602
422000 299.939 -17188.3 13.3882
423000 299.322 -17196.9 1.67655
424000 300.141 -17161.2 8.71401
425000 299.395 -17197.1 3.63457
426000 298.93 -17198.8 -19.4816
427000 299.045 -17244.9 17.61
428000 299.362 -17251.8 -14.3246
429000 299.565 -17179.8 6.62254
430000 299.011 -17201.6 28.5166
431000 298.412 -17237.2 -28.5854
432000 300.771 -17170.5 27.6518
433000 299.832 -17194.4 -31.1307
434000 300.565 -17187.5 35.7628
435000 299.651 -17140.8 -19.9426
436000 300.233 -17141.8 12.7973
437000 300.053 -17196.7 1.01666
438000 298.99 -17168.8 -13.0835
439000 298.865 -17152 28.8654
440000 299.974 -17174 -7.33442
441000 300.143 -17132.3 -8.41863
442000 298.865 -17157.6 -7.89605
443000 299.994 -17166.8 17.5312
444000 301 -17068.5 -23.2964
445000 299.314 -17123.9 35.6836
446000 298.272 -17195.5 -32.1303
447000 299.06 -17120.4 28.7111
448000 301.056 -17143.8 -26.9003
449000 300.304 -17127.5 31.1549
450000 299.571 -17166.1 -7.23311
451000 298.223 -17176.9 37.5273
452000 300.136 -17129.2 -27.1335
453000 299.067 -17106.7 20.6812
454000 299.647 -17133.8 18.0096
455000 299.421 -17168.9 -52.4715
456000 300.72 -17133.4 44.9728
457000 300.619 -17149.4 -52.0232
458000 300.349 -17128.8 14.5073
459000 300.51 -17140.1 -15.3248
460000 299.259 -17152.9 17.0407
461000 301.676 -17119.4 1.60778
462000 299.903 -17096.5 17.9316
463000 300.126 -17166.8 -12.3404
464000 300.572 -17110.6 0.0720216
465000 299.652 -17134 21.1247
466000 301.489 -17135 -6.85889
467000 298.288 -17228.9 -29.4305
468000 299.259 -17148.4 57.5797
469000 300.872 -17142.9 -40.3331
470000 297.015 -17243.3 53.2151
471000 298.29 -17251.8 -28.3933
472000 300.469 -17161.6 30.3483
473000 298.991 -17184.6 -7.41418
474000 299.789 -17143.4 -17.4518
475000 299.676 -17177 36.4821
476000 301.162 -17139.2 -27.6802
477000 301.006 -17172 16.5118
478000 299.826 -17150.2 -2.64163
479000 299.921 -17163.9 7.50027
480000 299.911 -17141.6 14.6991
481000 299.459 -17160.2 -8.42976
482000 301.688 -17093.7 11.2078
483000 299.447 -17132 -15.5734
484000 299.081 -17182.2 6.33718
485000 300.141 -17140.7 -38.1772
486000 299.411 -17169.5 25.9972
487000 300.666 -17147.2 -13.9219
488000 299.043 -17125.2 20.2554
489000 300.161 -17147.9 -16.3787
490000 300.299 -17139.6 -18.0259
491000 299.353 -17209 11.9456
492000 299.652 -17193.4 6.60498
493000 299.983 -17134.8 8.06325
494000 299.381 -17194 -3.0804
495000 299.649 -17193.6 26.18
496000 298.256 -17217.6 -9.2866
497000 299.821 -17212.5 -7.84725
498000 301.452 -17178.4 -5.00747
499000 299.153 -17160.4 7.79195
500000 299.933 -17200.2 9.98915
501000 299.975 -17207.2 -21.5027
502000 300.317 -17176.6 10.6197
503000 299.516 -17195.6 -26.3324
504000 298.761 -17197 21.5932
505000 300.138 -17233.4 -46.0805
506000 298.371 -17229.8 42.847
507000 300.718 -17146.1 -21.9335
508000 298.468 -17191.1 -3.5714
509000 298.238 -17205.6 -8.02077
510000 299.404 -17200.5 -2.60275
511000 301.771 -17155.2 -4.88825
512000 299.275 -17128.5 -1.20138
513000 297.925 -17176.8 -6.25377
514000 300.638 -17216.2 3.53895
515000 300.034 -17224.1 3.18187
516000 299.437 -17233.8 -18.7185
517000 301.095 -17238.2 14.8315
518000 300.393 -17176.7 -18.2752
519000 301.061 -17175.1 8.91623
520000 300.907 -17180.8 -19.7986
521000 299.014 -17181.3 4.77561
522000 299.34 -17184.8 -12.7644
523000 301.267 -17154.3 20.0093
524000 299.596 -17197 -23.8849
525000 299.223 -17176.1 37.4446
526000 300.429 -17178.7 -48.4434
527000 300.184 -17215.1 43.6604
528000 300.383 -17195.9 -27.749
529000 298.88 -17170.7 12.5572
530000 299.755 -17201.3 -11.5668
531000 300.344 -17154.8 6.9422
532000 302.119 -17122.5 6.81919
533000 299.458 -17193.6 -12.265
534000 299.355 -17154.3 4.96331
535000 301.258 -17160.3 -0.303383
536000 300.041 -17158.1 32.3404
537000 301.084 -17180 -9.66247
538000 300.112 -17190.2 -28.9805
539000 299.262 -17202.4 20.3101
540000 300.547 -17191.5 -17.3251
541000 298.383 -17215.1 1.96337
542000 300.778 -17183.1 -14.0071
543000 298.761 -17185.5 8.70249
544000 300.603 -17145.6 17.9212
545000 300.821 -17119.3 -17.1434
546000 300.56 -17086.3 42.094
547000 300.206 -17126.1 -22.4562
548000 299.093 -17149 31.993
549000 300.069 -17190.1 -25.0235
550000 298.543 -17265.9 29.4294
551000 298.759 -17200.4 -22.485
552000 299.482 -17177.2 29.9717
553000 298.954 -17199.2 -16.3028
554000 299.802 -17206.3 6.20375
555000 299.407 -17212.3 6.12552
556000 300.051 -17180.4 -4.30539
557000 299.226 -17203.5 -2.95516
558000 300.024 -17197 -5.71363
559000 298.762 -17200.8 3.29485
560000 299.478 -17170.3 -16.6255
561000 300.576 -17196 -2.37595
562000 299.241 -17226.2 16.0594
563000 299.739 -17189.2 -17.0651
564000 300.454 -17167.9 23.9686
565000 298.167 -17216.8 3.17121
566000 299.37 -17139.5 9.66136
567000 299.025 -17175 23.377
568000 300.768 -17143.9 -40.9794
569000 302.056 -17108.9 39.6649
570000 298.863 -17180.5 -13.3886
571000 299.413 -17146.2 23.7103
572000 298.999 -17197.8 -31.148
573000 301.341 -17123.7 4.51846
574000 301.742 -17134.6 -1.41176
575000 300.376 -17165.8 -2.44485
576000 299.787 -17150.8 20.6382
577000 299.662 -17202.2 -9.78843
578000 300.342 -17207.7 27.8878
579000 299.856 -17169.5 -30.4234
580000 300.674 -17149.3 26.3313
581000 300.674 -17187.7 -30.1033
582000 298.232 -17218.8 13.4469
583000 301.285 -17155.6 -13.8817
584000 300.74 -17140.2 -5.6628
585000 300.108 -17195.3 -5.8437
586000 299.691 -17180.6 8.64858
587000 300.455 -17160.3 19.0855
588000 300.243 -17212.2 -33.5563
589000 300.412 -17189.3 32.0906
590000 298.981 -17210 -22.8978
591000 300.511 -17205.8 27.1116
592000 299.448 -17201.3 -7.94218
593000 299.376 -17165.8 12.3171
594000 300.258 -17194.2 -4.97017
595000 298.697 -17201.5 -4.15037
596000 299.767 -17193.4 18.2852
597000 300.416 -17169.5 -9.4273
598000 300.762 -17202.1 -6.21341
599000 300.275 -17189.4 -22.4965
600000 298.306 -17205.6 10.6353
601000 299.949 -17162 -5.64294
602000 297.892 -17242.7 3.77907
603000 300.308 -17111.2 -17.4235
604000 300.869 -17121.2 -0.764986
605000 299.058 -17075.7 5.71654
606000 299.362 -17131 -6.78744
607000 300.193 -17153.3 15.1499
608000 298.78 -17195.1 -11.7599
609000 298.527 -17200.1 7.05219
610000 300.366 -17147 0.765802
611000 300.771 -17150.2 5.90385
612000 300.495 -17194.2 26.9709
613000 300.85 -17155.4 -39.9739
614000 300.508 -17141.1 73.8482
615000 301.035 -17140.9 -34.235
616000 299.767 -17142.9 30.2455
617000 298.918 -17189 -26.1318
618000 300.192 -17196.1 2.35524
619000 298.718 -17161.7 20.333
620000 298.862 -17134.1 -29.6118
621000 299.57 -17122.3 30.5968
622000 300.284 -17146 -27.2512
623000 300.765 -17111.2 19.5027
624000 299.189 -17174.3 -19.2411
625000 299.331 -17135.9 43.5294
626000 299.791 -17107.8 -14.1089
627000 301.45 -17177 -6.29911
628000 299.476 -17213.3 8.40255
629000 300.791 -17150 -26.0695
630000 299.577 -17174.3 30.455
631000 300.316 -17131.1 -40.9834
632000 301.141 -17135.8 28.3201
633000 299.567 -17155.8 -20.725
634000 300.705 -17165.8 29.073
635000 301.18 -17151.6 -12.7952
636000 298.68 -17166.6 9.81264
637000 300.91 -17163.5 14.5933
638000 300.65 -17184 7.29581
639000 300.223 -17167.2 21.2515
640000 299.391 -17207.1 -3.6347
641000 302.453 -17142.6 -1.30162
642000 299.459 -17151.3 6.92595
643000 300.017 -17209.9 1.64397
644000 298.911 -17163.7 -20.121
645000 299.744 -17162.1 14.4763
646000 299.475 -17159.4 -25.3902
647000 301.2 -17146 39.4553
648000 300.391 -17165.4 -12.2003
649000 298.546 -17187.9 10.3248
650000 299.82 -17156.7 -8.55435
651000 300.723 -17179.2 -4.99383
652000 301.396 -17136.3 -4.56267
653000 297.961 -17226 -16.994
654000 300.87 -17140.5 11.9427
655000 298.363 -17168.5 -26.845
656000 301.181 -17125 8.55982
657000 300.695 -17172.3 -20.3662
658000 300.14 -17197.9 29.4293
659000 300.053 -17181.6 -29.2704
660000 299.474 -17216.7 1.93643
661000 298.942 -17221.1 11.939
662000 298.289 -17231.8 -1.61436
663000 299.457 -17207.3 -10.4069
664000 298.009 -17198.5 18.9195
665000 300.558 -17183.4 -19.723
666000 300.099 -17186.4 37.5387
667000 300.04 -17168.7 -17.7681
668000 302.074 -17167.5 25.6686
669000 299.67 -17189.6 -21.6124
670000 300.225 -17184.3 17.6672
671000 299.831 -17201.3 -18.9626
672000 301.549 -17137.8 12.6988
673000 299.645 -17185.1 14.1322
674000 299.778 -17166.3 -30.3461
675000 300.132 -17209 39.4486
676000 299.86 -17195.2 -47.4532
677000 299.078 -17168.1 46.8001
678000 299.167 -17197.4 -18.1293
679000 298.841 -17232.8 8.68417
680000 299.908 -17159.1 -28.5456
681000 301.015 -17217.9 17.8001
682000 299.674 -17198.5 11.5585
683000 300.023 -17145 -19.3803
684000 299.865 -17129.7 21.1453
685000 300.128 -17163.1 -14.6273
686000 297.509 -17178.4 32.1432
687000 300.267 -17171.3 -19.0674
688000 300.166 -17150.2 21.7519
689000 299.222 -17192.5 -35.18
690000 301.352 -17193.5 27.7335
691000 298.775 -17203.9 -28.575
692000 299.623 -17187.9 26.4982
693000 299.27 -17228.3 -0.530412
694000 300.939 -17180.1 18.1117
695000 300.121 -17207.8 -14.8903
696000 301.659 -17209.6 9.40964
697000 299.239 -17181.5 8.42966
698000 299.578 -17183.3 -16.3409
699000 300.913 -17193.4 20.8808
700000 300.241 -17207.7 -13.6233
701000 300.107 -17195.9 32.1365
702000 302.287 -17191 -17.0564
703000 301.01 -17210.2 31.8808
704000 300.568 -17223.4 -34.1106
705000 300.762 -17182.2 12.0235
706000 299.373 -17260.1 11.1284
707000 301.516 -17233.9 -22.0945
708000 297.935 -17240 34.2321
709000 301.039 -17174.8 -53.2975
710000 300.824 -17216.8 69.3866
711000 299.133 -17283.4 -33.781
712000 300.475 -17200.1 19.399
713000 300.006 -17233 -19.2061
714000 300.234 -17198.9 -11.616
715000 300.289 -17201.8 19.2992
716000 300.522 -17212.9 -12.7638
717000 301.738 -17220.2 -2.05315
718000 299.719 -17266.9 21.0061
719000 299.319 -17257.2 -31.0835
720000 299.528 -17252 15.9374
721000 299.757 -17207.4 -10.792
722000 300.141 -17235 -2.15032
723000 299.058 -17240.5 -10.0915
724000 300.516 -17198.1 -4.6009
725000 299.304 -17208.7 30.4518
726000 299.382 -17193.5 -30.5195
727000 299.622 -17214.7 55.6392
728000 300.301 -17222.6 -35.2345
729000 298.627 -17230.4 19.598
730000 300.087 -17268.6 10.1805
731000 300.374 -17281.7 -8.26035
732000 301.363 -17198.6 20.7274
733000 299.662 -17264.4 -58.0043
734000 300.022 -17282.4 40.9947
735000 299.938 -17196.8 -32.2134
736000 300.513 -17195.9 26.6425
737000 298.628 -17260.2 -17.4401
738000 299.19 -17236.9 26.9297
739000 300.742 -17209.3 -20.8721
740000 298.908 -17230.6 2.74695
741000 300.642 -17257.7 6.81819
742000 298.601 -17300.5 -6.26739
743000 300.112 -17209.5 7.196
744000 299.222 -17215.9 1.02991
745000 301.182 -17188.8 -1.936
746000 299.16 -17175.9 7.5986
747000 299.154 -17235.5 25.4224
748000 299.67 -17204.6 -4.56938
749000 299.452 -17230.4 3.1985
750000 300.603 -17199.4 1.35236
751000 300.638 -17239.9 -2.83697
752000 298.835 -17228.5 -0.519194
753000 300.185 -17202.7 18.968
754000 300.233 -17224.7 -16.2939
755000 299.811 -17213.1 14.4639
756000 299.489 -17205.9 -8.89136
757000 301.116 -17174.3 19.7912
758000 299.85 -17209.4 4.91202
759000 300.403 -17217.2 11.4915
760000 299.767 -17222.8 -12.097
761000 298.136 -17259.4 8.24668
762000 300.016 -17252.7 -10.0447
763000 300.578 -17194.1 4.01893
764000 300.696 -17196.6 -16.2879
765000 300.148 -17175.8 7.61249
766000 299.524 -17247 4.36454
767000 301.41 -17112 -33.4302
768000 300.829 -17200.9 39.4355
769000 300.564 -17170.9 -43.8498
770000 298.217 -17186.9 42.0798
771000 298.967 -17180.3 -7.36707
772000 298.866 -17234.9 21.8818
773000 299.202 -17224.4 -17.3208
774000 300.986 -17175.3 33.5439
775000 302.179 -17186.1 -15.1485
776000 300.764 -17218 -4.96665
777000 300.238 -17184 22.4318
778000 299.421 -17200.1 -22.4292
779000 301.649 -17156.5 13.9807
780000 300.608 -17149.2 -16.9165
781000 300.809 -17160.7 17.1663
782000 300.093 -17199.1 -28.5357
783000 300.219 -17208.7 37.8412
784000 299.759 -17204 -15.3568
785000 300.044 -17200.8 7.01363
786000 300.398 -17249.1 1.35158
787000 300.191 -17200.8 -33.4437
788000 299.37 -17218.7 24.3722
789000 299.27 -17237.7 1.16313
790000 299.896 -17293.4 7.39891
791000 299.465 -17193.3 -0.513682
792000 299.086 -17181.4 3.14677
793000 301.163 -17198.2 -18.1314
794000 301.256 -17142.3 34.6573
795000 301.827 -17143.3 -27.9617
796000 299.013 -17175.5 5.99576
797000 299.956 -17241.8 21.8765
798000 299.463 -17218.5 -18.1639
799000 298.982 -17184.3 13.7649
800000 300.222 -17105.4 -7.01739
801000 299.938 -17124.6 5.67821
802000 299.724 -17168.7 6.58845
803000 298.969 -17194.6 -7.31484
804000 300.206 -17171 -9.32325
805000 300.445 -17160.2 36.6126
806000 299.089 -17217.2 -27.5392
807000 298.962 -17227.4 43.8209
808000 299.905 -17215.3 -13.4965
809000 299.275 -17222 14.0136
810000 298.659 -17272.7 -34.1023
811000 299.205 -17210.3 24.3167
812000 298.363 -17207.2 -6.54255
813000 299.908 -17234.4 0.842914
814000 300.885 -17228.7 -5.84459
815000 300.72 -17242.4 -0.0721
816000 300.159 -17208.5 22.4758
817000 301.577 -17201.2 -3.37916
818000 299.684 -17200.1 -9.22202
819000 298.953 -17195.6 -4.76172
820000 299.545 -17167.1 -3.78928
821000 299.214 -17192.7 22.4028
822000 298.663 -17187 -0.3144
823000 299.854 -17202.3 21.0976
824000 300.04 -17201.2 -6.26766
825000 300.017 -17160.8 0.007743
826000 300.059 -17223.9 3.18322
827000 297.805 -17259.1 -3.82049
828000 299.985 -17220.4 3.75092
829000 300.791 -17248.1 -6.12403
830000 300.345 -17207.5 -3.03388
831000 300.082 -17149.8 -27.2848
832000 299.715 -17239.2 16.3998
833000 300.788 -17177.3 6.71716
834000 301.36 -17178.4 -16.8873
835000 301.196 -17138.6 9.82023
836000 300.527 -17188.7 6.22269
837000 300.544 -17191.1 9.56077
838000 301.46 -17128.4 -10.427
839000 302.008 -17164.4 0.696961
840000 300.433 -17142.8 -6.37514
841000 299.893 -17193.9 4.19094
842000 300.916 -17170.4 -3.0607
843000 299.974 -17213.8 17.1251
844000 300.124 -17172.9 -19.5851
845000 300.245 -17181.5 31.7363
846000 301.128 -17194.3 3.37149
847000 301.247 -17184.4 -6.3126
848000 299.614 -17231.8 -23.8039
849000 300.957 -17213.4 11.5068
850000 300.845 -17148.2 7.17811
851000 299.96 -17193 -4.69816
852000 300.33 -17167.3 3.46298
853000 298.1 -17263.5 6.87941
854000 299.704 -17202.8 -1.6984
855000 300.929 -17158.2 15.097
856000 299.943 -17159.6 -6.96048
857000 300.331 -17228.9 -6.10021
858000 299.743 -17234.9 15.8836
859000 299.101 -17222.9 20.0842
860000 300.041 -17185.5 -37.7752
861000 300.519 -17184.4 57.6111
862000 299.056 -17230.2 -40.9314
863000 299.435 -17221.4 32.2962
864000 298.59 -17185.1 -21.0824
865000 298.924 -17256.5 9.30282
866000 300.901 -17144 -14.0653
867000 299.461 -17184.9 -4.04032
868000 298.55 -17219.4 28.0021
869000 301.514 -17207.4 -36.6254
870000 299.675 -17210.9 55.1427
871000 300.924 -17189.1 -38.1878
872000 301.036 -17200.6 34.1531
873000 299.204 -17244.7 -26.9109
874000 300.494 -17202.6 21.3932
875000 301.119 -17226.3 -22.3728
876000 300.052 -17233.2 13.0722
877000 301.246 -17241 -12.0426
878000 301.621 -17183.7 -0.514446
879000 299.453 -17258.9 14.8976
880000 300.217 -17206.5 -36.0583
881000 298.894 -17239.8 18.5024
882000 299.451 -17215.2 -0.199896
883000 300.577 -17174.8 12.6592
884000 301.619 -17187.2 -9.84092
885000 299.819 -17233.7 22.5333
886000 300.475 -17234.3 -28.3426
887000 298.947 -17229.2 7.80093
888000 301.919 -17186.8 -1.34072
889000 300.362 -17209.1 12.2409
890000 299.415 -17243.2 -1.21551
891000 300.702 -17230.8 -2.1823
892000 301.438 -17196.3 0.397149
893000 300.113 -17174 -0.894757
894000 300.409 -17215.7 12.8967
895000 300.552 -17266.7 -2.94692
896000 301.636 -17206.1 -9.87825
897000 297.641 -17217.6 15.8869
898000 299.775 -17204.7 -11.9515
899000 298.912 -17197.8 8.94054
900000 300.721 -17210.2 -13.3397
901000 301.212 -17122.6 29.1752
902000 302.009 -17091.7 -17.031
903000 300.701 -17161.6 42.4957
904000 298.457 -17171.1 -26.3378
905000 300.234 -17199.6 16.476
906000 298.29 -17245.6 -7.77235
907000 298.834 -17250 3.0501
908000 300.459 -17175.7 0.250711
909000 300.711 -17157 -1.58654
910000 300.205 -17145.8 1.77042
911000 300.49 -17096.7 7.12282
912000 301.263 -17112.1 14.7824
913000 300.228 -17223.4 2.89311
914000 299.778 -17241.2 5.53115
915000 301.13 -17123.3 14.1172
916000 299.819 -17179.4 -29.998
917000 300.388 -17174.2 19.1775
918000 300.383 -17175.4 -20.56
919000 300.33 -17178.4 35.5349
920000 300.616 -17178.7 -25.6322
921000 299.707 -17151.5 11.2495
922000 300.484 -17169.2 21.9235
923000 301.752 -17187.8 -1.97016
924000 299.012 -17214.1 7.69314
925000 301.891 -17175.4 -8.39154
926000 299.51 -17179.5 31.2042
927000 299.372 -17220 -58.4185
928000 301.116 -17261.9 63.4647
929000 299.116 -17230.6 -35.2054
930000 298.769 -17209.2 29.2371
931000 300.477 -17211.2 -28.0645
932000 302.001 -17148.3 -12.4606
933000 299.914 -17154.7 4.12447
934000 300.35 -17152 20.7545
935000 297.672 -17174.1 -27.9706
936000 300.95 -17153.8 41.765
937000 300.052 -17183.8 -32.839
938000 299.737 -17133.3 16.7932
939000 299.17 -17187.3 -12.7312
940000 300.738 -17183.1 -15.0389
941000 299.482 -17202.8 28.6243
942000 299.044 -17219.7 -12.8761
943000 297.9 -17248.2 28.0986
944000 300.577 -17234.9 -35.8654
945000 298.712 -17222.3 37.8659
946000 299.911 -17206.8 -31.764
947000 300.193 -17208.4 5.89017
948000 299.705 -17202 -2.99508
949000 297.925 -17194.1 -4.87959
950000 299.731 -17163.2 -0.456139
951000 299.693 -17178.1 -0.104207
952000 299.822 -17221.8 -0.679908
953000 300.208 -17229.5 18.3759
954000 300.582 -17201.4 -12.5863
955000 299.357 -17193 43.8673
956000 300.149 -17218.3 -43.5728
957000 300.011 -17203.9 26.4721
958000 299.601 -17222.5 -15.1862
959000 299.411 -17215.5 32.1896
960000 301.476 -17160.2 -24.5916
961000 300.674 -17125.7 5.96191
962000 301.038 -17178.5 6.62695
963000 299.008 -17173.3 -6.83087
964000 299.955 -17232.2 21.4672
965000 300.649 -17245 -5.18233
966000 299.551 -17215.4 26.7109
967000 300.041 -17181.8 -3.06169
968000 300.403 -17189 6.35024
969000 299.941 -17164 2.65209
970000 299.012 -17136.3 -11.4259
971000 301.089 -17125 20.1579
972000 299.428 -17185.4 -40.3455
973000 300.284 -17158.1 36.6026
974000 300.237 -17183.7 -22.2745
975000 301.149 -17137.4 32.3578
976000 301.083 -17119 -9.62431
977000 300.767 -17175.1 -2.46656
978000 299.561 -17141.6 -15.0156
979000 298.913 -17184.1 7.25541
980000 300.789 -17153.1 0.626124
981000 299.405 -17165 -8.93421
982000 300.29 -17125.9 -12.2513
983000 298.623 -17197.5 -4.13352
984000 300.279 -17124.7 14.6331
985000 299.3 -17167.2 -7.21332
986000 298.145 -17213.3 19.6994
987000 298.957 -17226.5 -22.0051
988000 299.984 -17155.5 26.922
989000 299.142 -17178.9 3.81379
990000 300.6 -17157.7 1.3605
991000 300.198 -17194.2 15.2735
992000 298.657 -17212.6 -31.9794
993000 300.96 -17137.5 37.6199
994000 299.585 -17211.1 -21.805
995000 300.018 -17148.6 35.5097
996000 300.466 -17223.6 -35.3652
997000 299.808 -17228.2 9.62009
998000 300.565 -17188.4 -6.35916
999000 299.422 -17188.6 2.73984
1000000 299.566 -17226.2 -1.01152
1001000 299.905 -17163.6 4.35518
1002000 300.781 -17214.1 1.41213
1003000 299.943 -17210.5 5.61112
1004000 299.109 -17201.2 5.82944
1005000 299.497 -17224.2 18.3012
1006000 299.522 -17209.1 -7.08882
1007000 298.854 -17194.5 7.12391
1008000 300.181 -17203.8 -11.054
1009000 299.85 -17180.7 3.59058
1010000 300.429 -17147.1 7.23102
1011000 299.57 -17199.1 3.45206
1012000 299.848 -17169.7 8.69879
1013000 301.151 -17196.3 -8.24072
1014000 300.078 -17196.9 25.4425
1015000 298.398 -17231.3 -47.7024
1016000 298.06 -17206.9 55.9035
1017000 299.431 -17237.1 -37.5294
1018000 299.642 -17197.4 14.4316
1019000 300.858 -17192.3 -8.39493
1020000 299.97 -17199.9 -8.11623
1021000 299.716 -17226.9 35.2652
1022000 302.189 -17176 -42.7339
1023000 299.635 -17185.5 58.864
1024000 301.823 -17172.9 -26.0342
1025000 299.39 -17235.2 9.38995
1026000 298.73 -17248.4 -7.45956
1027000 300.743 -17213.9 21.3416
1028000 301.147 -17232.7 -17.6983
1029000 301.09 -17173 2.08011
1030000 298.848 -17215.9 6.10745
1031000 298.97 -17228.3 -25.3994
1032000 299.236 -17194.4 34.3556
1033000 300.234 -17116.2 -58.9724
1034000 299.683 -17167.5 49.7596
1035000 300.711 -17240.2 -46.2203
1036000 299.576 -17201.7 44.6809
1037000 300.584 -17167.7 -59.9356
1038000 298.08 -17221.1 44.2519
1039000 300.812 -17162.9 -23.1098
1040000 298.281 -17175.5 21.1941
1041000 299.797 -17187.2 -43.0286
1042000 298.515 -17188.9 24.2894
1043000 301.291 -17117.5 -7.5812
1044000 300.858 -17200.9 9.89935
1045000 300.573 -17187.5 19.6669
1046000 300.752 -17177.6 -9.38007
1047000 299.387 -17155.9 12.8127
1048000 299.69 -17185.3 -14.043
1049000 300.177 -17205.2 2.48548
1050000 298.97 -17216 14.0739
1051000 301.567 -17220.2 -27.9766
1052000 298.715 -17231 -16.608
1053000 300.071 -17176.4 3.72969
1054000 299.806 -17177.9 0.142413
1055000 299.091 -17194.4 14.2581
1056000 299.737 -17138.1 -20.8517
1057000 298.778 -17182.1 5.91297
1058000 299.265 -17200.1 -30.7575
1059000 299.561 -17150.8 23.3809
1060000 299.435 -17178.5 -23.7525
1061000 300.806 -17188.1 12.1604
1062000 298.258 -17248.1 1.56799
1063000 300.062 -17216.5 1.10277
1064000 299.904 -17193.3 0.37216
1065000 300.358 -17200.5 -9.0765
1066000 300.821 -17241 9.35515
1067000 301.658 -17195.7 -32.6006
1068000 299.777 -17165.3 38.2186
1069000 300.242 -17225.5 -62.8692
1070000 299.55 -17157.6 48.9929
1071000 298.931 -17171.2 -29.1617
1072000 300.148 -17189.7 35.4204
1073000 301.451 -17159.3 -29.731
1074000 301.824 -17101.9 30.1697
1075000 299.273 -17172.1 10.8666
1076000 298.021 -17215.9 -14.0095
1077000 299.64 -17253.8 -0.0299808
1078000 301.703 -17198.5 -42.7698
1079000 299.344 -17198.8 41.644
1080000 298.963 -17152.6 -14.9641
1081000 299.511 -17203.9 28.2378
1082000 298.57 -17208.4 -5.4218
1083000 300.075 -17173.8 12.2831
1084000 301.112 -17167.5 -23.42
1085000 301.269 -17177 15.4202
1086000 299.532 -17252.9 -1.63483
1087000 300.336 -17232.5 -22.2491
1088000 299.483 -17183.7 3.18201
1089000 299.947 -17185.8 12.3228
1090000 298.171 -17221.9 -18.9708
1091000 299.67 -17149.8 23.0708
1092000 300.008 -17192.9 -24.0314
1093000 299.998 -17215.4 0.118664
1094000 299.491 -17237.2 6.79977
1095000 301.748 -17175.1 -41.9246
1096000 301.363 -17195.3 48.5079
1097000 300.192 -17238.9 -35.4621
1098000 300.064 -17212.6 30.8036
1099000 298.808 -17242.1 -24.0751
1100000 299.701 -17171.4 32.2091
1101000 300.336 -17228 3.30244
1102000 301.098 -17183.1 -32.524
1103000 299.877 -17168.2 44.9371
1104000 300.449 -17192.7 -35.9477
1105000 301.734 -17143.7 29.8482
1106000 299.988 -17176.6 -6.0233
1107000 300.318 -17228.5 5.01685
1108000 300.881 -17195.5 15.781
1109000 301.22 -17192.3 -15.869
1110000 299.698 -17237.6 11.9969
1111000 299.868 -17204.6 -20.442
1112000 298.445 -17217.4 17.9668
1113000 301.012 -17176.9 -34.4435
1114000 300.181 -17209.9 77.6952
1115000 299.985 -17198.8 -42.8384
1116000 301.026 -17211.2 27.2861
1117000 299.329 -17220.5 -1.34749
1118000 300.948 -17166.5 11.4573
1119000 298.828 -17231.7 -27.0752
1120000 300.33 -17214.9 -2.6555
1121000 298.848 -17192 18.5802
1122000 299.268 -17188.3 -22.3793
1123000 298.257 -17197.3 20.394
1124000 300.117 -17250.1 -30.6227
1125000 298.638 -17201 42.6539
1126000 300.989 -17175.7 -20.5708
1127000 298.828 -17204.2 29.3097
1128000 300.609 -17173.5 16.3841
1129000 300.104 -17124.5 -2.73623
1130000 301.725 -17153.2 4.9364
1131000 299.811 -17218.5 -11.0259
1132000 299.615 -17199.2 23.0442
1133000 299.568 -17175.3 -14.8093
1134000 300.995 -17155.1 23.1764
1135000 299.922 -17147.9 -10.5665
1136000 300.413 -17173.5 -11.3026
1137000 298.007 -17236.3 -7.00347
1138000 298.872 -17205.5 2.53823
1139000 299.494 -17164.3 -16.1096
1140000 300.246 -17210.8 13.5101
1141000 300.895 -17207.8 -17.7162
1142000 299.978 -17188.3 5.49879
1143000 301.12 -17158.4 7.00191
1144000 298.967 -17165.4 5.47402
1145000 298.996 -17204.3 -2.83362
1146000 299.103 -17194.3 33.5872
1147000 300.125 -17195.5 -21.0721
1148000 298.45 -17199.8 21.6149
1149000 300.446 -17216.5 -20.8352
1150000 299.094 -17225 28.1725
1151000 299.488 -17176.2 3.53831
1152000 300.485 -17176.7 -19.4613
1153000 300.38 -17180.6 -1.16276
1154000 300.504 -17181.5 -29.3337
1155000 299.845 -17236.8 11.7592
1156000 301.365 -17142 3.53599
1157000 298.655 -17188.3 6.47643
1158000 299.441 -17178 8.87248
1159000 301.036 -17151.8 3.18602
1160000 300.747 -17173.5 11.9635
1161000 300.191 -17182.8 -19.8937
1162000 300.042 -17195.3 32.9928
1163000 299.618 -17181.3 -20.1956
1164000 298.458 -17190.5 13.7342
1165000 299.558 -17212.4 -12.0169
1166000 299.308 -17183 11.2458
1167000 299.485 -17190 -12.9702
1168000 302.034 -17198.2 -3.16037
1169000 299.763 -17200.6 14.1331
1170000 299.79 -17181.6 -7.47548
1171000 301.068 -17167.6 -13.1447
1172000 299.889 -17179.1 21.3081
1173000 298.12 -17255.2 -20.8032
1174000 300.705 -17189.1 0.15139
1175000 302.475 -17151.5 -17.5447
1176000 298.93 -17215.4 12.1925
1177000 300.041 -17160.8 12.1579
1178000 300.913 -17182.6 -14.8467
1179000 300.585 -17204.1 14.6442
1180000 299.928 -17264 -17.2947
1181000 299.256 -17226.1 13.4417
1182000 300.897 -17200.8 -15.6843
1183000 301.151 -17236 17.5595
1184000 299.205 -17200.4 -16.072
1185000 300.198 -17156.9 44.4842
1186000 300.746 -17157.5 -31.996
1187000 299.272 -17174.3 24.0008
1188000 300.485 -17204.1 -13.1673
1189000 300.314 -17192.2 -9.7615
1190000 299.627 -17223.8 38.7705
1191000 300.153 -17204.6 -29.0513
1192000 300.574 -17174.1 30.6627
1193000 300.477 -17123.7 -29.3535
1194000 301.778 -17155.3 14.1673
1195000 299.647 -17144.8 8.37868
1196000 299.278 -17174.5 8.37449
1197000 301.49 -17195 -5.85188
1198000 300.733 -17227.5 -5.09654
1199000 299.863 -17148.4 7.82804
1200000 300.186 -17189.5 14.0657
1201000 300.576 -17154.6 -14.2173
1202000 301.379 -17148.2 21.5281
1203000 300.607 -17187.3 -14.587
1204000 300.185 -17156.4 5.40327
1205000 300.019 -17198.1 -20.5587
1206000 299.17 -17182 16.8669
1207000 299.554 -17132.8 -25.1342
1208000 299.303 -17136.8 19.9136
1209000 299.796 -17135.3 -25.3895
1210000 299.771 -17235.2 5.11758
1211000 301.434 -17204.9 20.3855
1212000 301.654 -17180.7 -0.0879743
1213000 299.566 -17181 -11.3997
1214000 298.896 -17217.1 16.8294
1215000 298.899 -17206.5 -9.83358
1216000 298.724 -17194.9 26.9956
1217000 298.966 -17240.6 -29.4659
1218000 300.874 -17175.9 33.7236
1219000 300.329 -17194.1 -33.7734
1220000 299.726 -17187.2 6.48543
1221000 300.08 -17159.8 18.8045
1222000 300.109 -17193.1 5.10468
1223000 300.553 -17226.6 -18.5447
1224000 300.853 -17220.2 -44.2393
1225000 300.287 -17194.1 37.2888
1226000 298.382 -17164.6 -18.4537
1227000 300.285 -17093.1 34.943
1228000 300.409 -17184.9 -37.2195
1229000 300.961 -17150.4 21.9609
1230000 301.604 -17143.7 -21.1367
1231000 300.42 -17168.9 21.6011
1232000 299.541 -17147.1 -6.68079
1233000 299.696 -17145.2 5.10647
1234000 300.703 -17151.9 1.76422
1235000 299.993 -17209.1 -10.4574
1236000 300.555 -17155.1 14.7906
1237000 300.267 -17194.6 1.7742
1238000 299.757 -17201.7 4.93526
1239000 299.489 -17184.4 4.4756
1240000 298.529 -17216.8 -6.21809
1241000 299.973 -17192.6 28.7598
1242000 299.816 -17175 -38.3631
1243000 301.958 -17123 52.9874
1244000 301.13 -17157.2 -62.4379
1245000 298.289 -17195.2 34.0471
1246000 298.849 -17212.9 -9.6515
1247000 300.75 -17220.7 10.948
1248000 298.942 -17227.3 -24.2519
1249000 299.656 -17212.9 31.5783
1250000 301.811 -17193.3 -5.48655
1251000 299.84 -17164.3 5.81651
1252000 299.988 -17177 0.322031
1253000 300.178 -17179.2 -8.64967
1254000 300.846 -17205.4 -0.122191
1255000 298.618 -17219.6 -10.2225
1256000 301.282 -17116.7 14.8162
1257000 300.533 -17182.3 12.0422
1258000 300.954 -17213.1 -27.2215
1259000 300.042 -17167.1 24.4605
1260000 301.722 -17164.4 -12.1738
1261000 298.421 -17232.5 0.539793
1262000 300.321 -17209.9 2.62366
1263000 299.004 -17168.1 -13.9319
1264000 301.058 -17221.3 -5.63036
1265000 299.676 -17236.3 3.72005
1266000 299.233 -17254.6 -10.0189
1267000 299.427 -17257.4 2.92267
1268000 299.2 -17185.2 -5.9311
1269000 299.723 -17200.2 4.15528
1270000 300.027 -17182.3 -44.088
1271000 299.04 -17216.4 38.627
1272000 300.481 -17153 -9.63918
1273000 299.884 -17196.6 6.99413
1274000 299.12 -17230.2 -6.2449
1275000 298.236 -17199.8 -2.5992
1276000 300.598 -17168.3 6.4067
1277000 299.007 -17225.7 -18.0409
1278000 297.861 -17258.2 45.9609
1279000 300.236 -17238.2 -27.0196
1280000 300.493 -17196.4 11.7553
1281000 298.313 -17201.1 -5.51823
1282000 298.837 -17247.4 9.58608
1283000 300.212 -17169.6 -7.88348
1284000 298.859 -17220.6 0.442379
1285000 299.993 -17218.2 -6.70587
1286000 299.031 -17200.2 -22.4589
1287000 301.289 -17187.8 -17.6466
1288000 298.661 -17168.7 -13.8366
1289000 300.696 -17220.7 20.1219
1290000 299.78 -17215.1 -20.606
1291000 300.385 -17208.8 24.0498
1292000 301.627 -17149 -28.9597
1293000 300.277 -17231.2 14.2288
1294000 299.832 -17205.7 -8.85784
1295000 299.678 -17209.9 10.3914
1296000 300.691 -17202.6 -30.4994
1297000 298.965 -17186.5 20.6534
1298000 300.831 -17141.8 -21.2625
1299000 299.568 -17139.3 30.3209
1300000 298.39 -17182.8 -2.76159
1301000 298.83 -17154.3 3.68124
1302000 299.335 -17199.5 32.7559
1303000 299.501 -17239.4 -6.50665
1304000 299.981 -17213.6 18.7659
1305000 300.221 -17165.3 -18.1028
1306000 300.422 -17137.6 32.3508
1307000 300.399 -17144.1 -33.0407
1308000 301.716 -17142.8 20.9709
1309000 298.576 -17192.3 -17.3092
1310000 300.025 -17149.2 16.848
1311000 301.327 -17145.9 -19.5455
1312000 300.399 -17122.6 6.67717
1313000 301.221 -17138 15.9365
1314000 301.845 -17105.7 -10.1008
1315000 299.909 -17183.2 16.7379
1316000 299.263 -17183 6.925
1317000 299.573 -17233.1 -13.1935
1318000 299.992 -17161 16.2825
1319000 299.635 -17177.9 -13.9929
1320000 301.461 -17184.9 -3.27807
1321000 300.053 -17173.1 3.50117
1322000 301.085 -17112.9 17.4869
1323000 299.97 -17195.3 0.407357
1324000 298.624 -17214.3 -15.4501
1325000 300.109 -17148.3 28.0096
1326000 298.875 -17185.1 -2.55624
1327000 300.307 -17204.3 6.13983
1328000 302.706 -17157.5 -7.26527
1329000 299.868 -17186.8 2.9356
1330000 300.665 -17230.5 7.35035
1331000 299.359 -17192.1 -13.6044
1332000 298.992 -17199.3 20.6005
1333000 300.079 -17213.2 -54.9496
1334000 299.375 -17198.1 58.9876
1335000 299.572 -17196.2 -36.1703
1336000 301.251 -17157.8 12.9111
1337000 300.349 -17195.1 -3.01189
1338000 299.477 -17235.2 1.32679
1339000 299.529 -17208.1 17.3323
1340000 300.052 -17169 -30.875
1341000 302.159 -17134.3 24.0794
1342000 299.737 -17204 -13.7113
1343000 300.176 -17181.2 18.7244
1344000 300.446 -17216.5 -24.6581
1345000 298.738 -17194.1 27.8954
1346000 300.544 -17178 -11.5327
1347000 299.005 -17189.9 0.450526
1348000 301.51 -17137 -13.6861
1349000 300.457 -17165.5 18.0892
1350000 300.982 -17174.3 1.32639
1351000 300.666 -17183.2 -7.86402
1352000 300.893 -17194.3 17.2168
1353000 298.027 -17280.6 -19.0307
1354000 300.984 -17183.6 40.4578
1355000 301.594 -17170.7 -5.14227
1356000 299.498 -17215.9 19.4684
1357000 299.792 -17234.7 -15.6448
1358000 298.319 -17247.5 7.76052
1359000 300.275 -17212.2 -16.1031
1360000 300.73 -17223.1 -8.91074
1361000 301.659 -17179.6 -0.15651
1362000 300.555 -17193.6 -30.7301
1363000 299.208 -17261.5 28.5003
1364000 298.765 -17270.9 -18.0478
1365000 300.219 -17184.5 39.895
1366000 301.773 -17171.8 -40.1588
1367000 299.585 -17187.6 43.3388
1368000 300.808 -17176.9 -48.9731
1369000 298.425 -17243.4 24.3032
1370000 300.044 -17259.9 12.4834
1371000 297.997 -17273.7 -26.4185
1372000 300.657 -17181.8 22.671
1373000 300.13 -17165.3 -34.3924
1374000 299.243 -17210.6 49.1951
1375000 300.005 -17160.3 -15.3998
1376000 298.494 -17232 31.5073
1377000 299.154 -17205.7 -11.3335
1378000 299.545 -17194.7 7.49549
1379000 300.464 -17127 12.9787
1380000 299.398 -17184.5 19.4875
1381000 299.834 -17182 -1.64362
1382000 300.76 -17136.1 -13.539
1383000 300.822 -17155.3 36.3058
1384000 299.7 -17275.1 -48.7844
1385000 299.109 -17256.6 48.0315
1386000 299.064 -17277 -30.0516
1387000 300.18 -17207.7 28.0874
1388000 298.261 -17206.7 -14.4238
1389000 301.172 -17136.4 6.65591
1390000 300.468 -17138.8 -3.19472
1391000 300.816 -17142.3 6.72686
1392000 298.781 -17211.5 -12.116
1393000 299.323 -17187.9 6.33776
1394000 300.492 -17184.5 -3.03086
1395000 298.121 -17172.4 -4.65986
1396000 300.319 -17237.5 31.0986
1397000 298.837 -17235.8 -46.2671
1398000 299.588 -17231.8 40.726
1399000 299.231 -17222.3 -22.3731
1400000 298.898 -17212.9 23.4147
1401000 299.516 -17216.5 -26.5017
1402000 300.165 -17195.8 23.6649
1403000 299.277 -17198.8 -18.098
1404000 300.301 -17193.7 -16.2719
1405000 300.09 -17153 11.4741
1406000 298.774 -17184.6 -18.1077
1407000 299.771 -17157.6 35.0456
1408000 300.181 -17154.3 -21.3192
1409000 298.664 -17181 9.2637
1410000 299.91 -17215.5 -9.81679
1411000 299.036 -17194.2 -13.7387
1412000 300.599 -17162.9 -2.25646
1413000 299.48 -17239.5 -9.77966
1414000 300.556 -17194.1 12.0634
1415000 299.123 -17178.8 6.44063
1416000 300.28 -17181.2 -5.66663
1417000 299.137 -17224.1 16.2551
1418000 300.145 -17198.9 -19.5881
1419000 300.572 -17208.1 28.853
1420000 299.449 -17227.3 -16.9021
1421000 300.572 -17225.9 22.855
1422000 299.946 -17195.6 -13.2335
1423000 299.769 -17230.8 16.2734
1424000 299.952 -17218.7 11.0777
1425000 298.557 -17238.3 -10.1607
1426000 298.719 -17236 24.9823
1427000 299.542 -17177.7 -25.2411
1428000 298.963 -17183.6 21.3549
1429000 300.5 -17138.8 -22.4204
1430000 300.181 -17190.8 13.6084
1431000 299.879 -17189.5 6.0649
1432000 300.85 -17225.5 -25.9535
1433000 300.421 -17216.9 -15.8145
1434000 301.338 -17116.8 -8.35203
1435000 297.691 -17200.7 21.2914
1436000 298.879 -17174.8 1.6164
1437000 299.389 -17187.9 -10.6313
1438000 300.118 -17188.9 4.00257
1439000 300.261 -17160.7 -2.69365
1440000 298.94 -17188.1 14.3152
1441000 300.635 -17164.3 -0.158535
1442000 300.327 -17175.2 2.62569
1443000 298.947 -17274.4 -13.5649
1444000 298.433 -17326.7 27.1485
1445000 299.635 -17245.9 -19.082
1446000 299.911 -17182.5 23.0615
1447000 300.2 -17153.1 -3.70992
1448000 298.221 -17224.8 17.499
1449000 300.604 -17158.5 15.2464
1450000 299.988 -17213.4 -4.42317
1451000 299.726 -17221.8 14.5936
1452000 299.485 -17201.4 -15.2558
1453000 300.468 -17127.1 12.6108
1454000 301.358 -17156.9 -8.48615
1455000 299.28 -17193.1 10.8924
1456000 300.48 -17218.9 -4.57859
1457000 301.083 -17191 -13.7585
1458000 300.37 -17251.4 -4.1277
1459000 300.741 -17198.5 -2.91261
1460000 299.357 -17210.5 -2.34065
1461000 298.5 -17207 3.33345
1462000 299.536 -17189.8 -4.68514
1463000 300.092 -17202.2 21.9441
1464000 301.343 -17233.8 -17.3411
1465000 301.14 -17181.2 24.2249
1466000 298.914 -17213 -11.3246
1467000 298.673 -17223.9 4.84247
1468000 300.114 -17171 -5.96287
1469000 298.151 -17244.3 2.58337
1470000 300.114 -17169.8 20.1386
1471000 301.364 -17189 -21.5121
1472000 300.138 -17196.2 8.12564
1473000 298.831 -17221.6 29.3165
1474000 302.103 -17164.4 -20.3216
1475000 299.921 -17260.5 6.31477
1476000 300.82 -17217.7 -27.8696
1477000 300.384 -17231 12.4009
1478000 300.105 -17215.2 -4.59348
1479000 300.588 -17194.5 10.701
1480000 299.378 -17197.1 -26.3772
1481000 299.762 -17168.5 52.6376
1482000 301.156 -17155.5 -19.7001
1483000 299.871 -17191.6 21.7679
1484000 300.846 -17179.7 -4.37147
1485000 300.814 -17181.2 3.96275
1486000 299.341 -17195.6 -32.1982
1487000 300.266 -17152.7 15.8223
1488000 300.112 -17149.9 11.7374
1489000 300.22 -17210.5 1.44535
1490000 300.037 -17180.6 14.5706
1491000 300.128 -17187.6 4.17349
1492000 299.09 -17249.3 8.52082
1493000 299.832 -17193.6 -12.5418
1494000 298.457 -17217 9.32569
1495000 300.525 -17199.2 -27.7438
1496000 300.559 -17137 20.7424
1497000 300.714 -17135.4 -14.6542
1498000 297.957 -17215 0.79396
1499000 301.109 -17147.8 12.0968
1500000 297.939 -17178.5 -1.06988
1501000 301.386 -17141.9 18.1295
1502000 301.052 -17152.6 -12.8791
1503000 299.177 -17198.1 17.2971
1504000 300.572 -17161.6 -16.1853
1505000 299.036 -17209 14.974
1506000 300.111 -17200.1 -20.1541
1507000 300.134 -17192.5 10.0059
1508000 297.983 -17215.2 2.1277
1509000 299.661 -17195.9 26.3227
1510000 299.929 -17137.7 1.63655
1511000 300.207 -17130.9 7.30809
1512000 298.338 -17221.3 1.00328
1513000 300.245 -17183 19.7852
1514000 299.522 -17178.2 -11.0289
1515000 300.661 -17164.4 30.1137
1516000 300.15 -17145.4 -15.0366
1517000 299.924 -17121.7 5.63216
1518000 300.901 -17166.9 -2.84916
1519000 300.703 -17143.5 -3.06313
1520000 300 -17134.6 -10.1157
1521000 299.168 -17175.3 27.7346
1522000 298.942 -17220.7 -7.02234
1523000 299.84 -17179.6 16.723
1524000 299.314 -17204 -11.4753
1525000 299.842 -17190.2 1.78954
1526000 298.913 -17165.8 -11.3011
1527000 301.021 -17184.1 -15.0195
1528000 301.108 -17195.8 -22.3204
1529000 299.171 -17208.5 31.3147
1530000 298.956 -17143.9 0.737055
1531000 299.662 -17161.5 -0.0143273
1532000 301.03 -17153.8 3.58805
1533000 298.241 -17151.7 4.59125
1534000 300.204 -17153.3 10.2997
1535000 298.649 -17193.4 -18.2269
1536000 300.7 -17165.2 36.1072
1537000 300.27 -17177.2 -18.94
1538000 298.879 -17165.9 32.4856
1539000 299.692 -17197.7 -15.9224
1540000 299.525 -17160.3 18.5766
1541000 302.122 -17113.6 -11.5552
1542000 300.73 -17171.1 2.18935
1543000 300.018 -17216.3 -7.64494
1544000 299.566 -17194.1 1.91778
1545000 301.034 -17171 -6.13106
1546000 300.12 -17233.7 11.4262
1547000 300.915 -17206.5 -24.2207
1548000 299.814 -17163.1 2.16034
1549000 300.255 -17146.7 -0.318029
1550000 298.767 -17196.8 -9.06649
1551000 300.19 -17197.7 11.6342
1552000 299.842 -17106.4 -6.17486
1553000 300.246 -17065.2 6.61292
1554000 301.768 -17094.9 -24.0041
1555000 300.349 -17149.9 26.6966
1556000 300.277 -17160.9 -26.8651
1557000 299.305 -17205.8 23.881
1558000 302.052 -17165.7 -50.371
1559000 299.888 -17193 40.4777
1560000 301.598 -17183.4 -42.0445
1561000 299.669 -17203.2 28.9527
1562000 298.173 -17204.8 -14.4768
1563000 298.53 -17155.6 36.2755
1564000 302.253 -17152 -8.51825
1565000 299.193 -17205.5 -23.1201
1566000 301.318 -17171.1 26.0226
1567000 299.261 -17210.2 -34.779
1568000 299.347 -17172 60.7654
1569000 300.589 -17152.5 -56.84
1570000 299.723 -17154.6 57.1457
1571000 299.589 -17211.1 -52.2255
1572000 301.206 -17181.7 27.9094
1573000 299.006 -17210.3 -1.37623
1574000 300.177 -17196.7 -18.1031
1575000 301.035 -17179.2 45.7338
1576000 301.028 -17188.5 -44.1495
1577000 300.913 -17217.8 37.7981
1578000 300.562 -17196.8 5.96996
1579000 302.085 -17148.8 -16.9632
1580000 298.781 -17210.8 28.1924
1581000 301.699 -17154.4 -13.0533
1582000 299.41 -17160.5 -10.0483
1583000 298.961 -17129.1 7.80024
1584000 300.796 -17173 -13.3116
1585000 300.356 -17159.5 3.3099
1586000 299.893 -17165.1 18.4132
1587000 300.353 -17140.8 -3.44234
1588000 299.221 -17129 -12.7092
1589000 300.537 -17106.3 14.4405
1590000 300.846 -17164.8 -5.06211
1591000 300.733 -17186 -5.76807
1592000 300.779 -17125.9 31.1881
1593000 300.611 -17121.1 -23.449
1594000 299.673 -17126.4 5.06671
1595000 299.396 -17174.9 -12.7441
1596000 299.864 -17145.9 32.4103
1597000 300.788 -17162.9 -23.6309
1598000 299.814 -17147 -2.99573
1599000 299.701 -17154.8 0.984174
1600000 298.376 -17188.6 -19.7816
1601000 299.231 -17180.9 15.2863
1602000 301.256 -17191.6 -8.76973
1603000 300.154 -17137.3 -39.2219
1604000 300.595 -17142.6 21.5958
1605000 299.468 -17162.9 8.94257
1606000 300.912 -17193.7 -17.1872
1607000 299.581 -17228.6 27.4194
1608000 299.937 -17197.2 -33.8618
1609000 298.912 -17158.1 26.4935
1610000 301.681 -17168.7 0.950259
1611000 298.207 -17195.9 -18.0046
1612000 299.883 -17142.4 12.6038
1613000 300.629 -17177.9 -6.11951
1614000 299.5 -17159.8 -0.217076
1615000 300.377 -17190.8 4.01544
1616000 299.263 -17182.9 -4.15322
1617000 301.797 -17117.4 -23.1106
1618000 299.254 -17226.8 6.16024
1619000 299.582 -17217 -4.68192
1620000 300.132 -17167.3 -4.71095
1621000 300.604 -17188.7 21.0081
1622000 300.452 -17177.9 -14.9397
1623000 300.032 -17178 42.4593
1624000 298.355 -17167.4 -25.0921
1625000 299.697 -17159.4 17.0665
1626000 301.084 -17178.6 2.8397
1627000 298.011 -17248.5 6.27356
1628000 299.016 -17217.2 15.3912
1629000 302.053 -17144.7 4.37243
1630000 299.853 -17190.8 -23.5554
1631000 300.854 -17131.2 18.3058
1632000 299.975 -17138.9 15.2402
1633000 298.615 -17198.8 -26.849
1634000 300.111 -17169.1 8.70647
1635000 300.364 -17139.7 -24.7596
1636000 301.957 -17144.7 21.3041
1637000 298.697 -17208.4 -24.3064
1638000 300.057 -17190.5 6.52137
1639000 297.782 -17218.2 14.103
1640000 299.767 -17154.3 15.7632
1641000 300.419 -17204 -9.03687
1642000 300.17 -17152.1 7.39007
1643000 300.089 -17126.4 -3.22922
1644000 299.439 -17210.1 15.7683
1645000 299.848 -17159.9 12.5862
1646000 297.657 -17194.1 -0.327715
1647000 300.566 -17105.8 -4.24594
1648000 300.879 -17174.3 -14.6918
1649000 299.509 -17161.5 3.91883
1650000 300.837 -17125.8 -11.8542
1651000 297.94 -17221.8 8.3775
1652000 301.017 -17163.7 -10.527
1653000 299.91 -17162.4 15.6667
1654000 300.695 -17166.3 -11.6775
1655000 299.948 -17151.5 4.78795
1656000 301.233 -17157.9 -9.88909
1657000 298.545 -17241.3 13.6529
1658000 299.055 -17164.7 4.86948
1659000 302.341 -17125.1 -19.2063
1660000 300.238 -17159.8 26.5927
1661000 299.884 -17156.1 -35.2357
1662000 299.935 -17155.4 25.0096
1663000 300.07 -17210.6 -26.1444
1664000 300.248 -17202.7 42.4082
1665000 300.8 -17157.1 -16.0028
1666000 300.923 -17169 2.56513
1667000 299.891 -17167.3 -5.52405
1668000 300.281 -17128.3 -17.6365
1669000 300.315 -17122.8 1.9596
1670000 300.046 -17122 11.503
1671000 301.188 -17149.4 -20.8494
1672000 300.162 -17126.3 27.1471
1673000 301.09 -17137.5 -44.8015
1674000 300.873 -17157.2 28.8501
1675000 299.609 -17173 -27.8823
1676000 300.685 -17189 27.0414
1677000 299.796 -17198.3 -30.5115
1678000 301.48 -17182.6 25.3786
1679000 299.435 -17181 -28.2938
1680000 300.714 -17135.6 21.17
1681000 299.175 -17188.1 -16.3809
1682000 300.349 -17135.6 9.97995
1683000 299.26 -17137.8 -4.06522
1684000 298.912 -17167.5 -0.390783
1685000 299.615 -17173.3 -0.269717
1686000 300.936 -17191.1 0.147312
1687000 299.83 -17169.8 4.32147
1688000 300.686 -17188 -28.3586
1689000 300.451 -17152.7 25.8928
1690000 300.317 -17125.4 -18.87
1691000 299.782 -17119.1 14.031
1692000 299.921 -17142.6 -9.57071
1693000 299.783 -17177.3 4.47261
1694000 301.44 -17113.4 -0.12651
1695000 300.355 -17156.1 12.2278
1696000 299.195 -17140.1 -12.0946
1697000 300.028 -17182.9 -4.31258
1698000 299.094 -17167.4 5.63488
1699000 298.556 -17182 -4.9081
1700000 298.664 -17224.8 14.072
1701000 298.847 -17084.4 -20.2438
1702000 299.935 -17132.2 52.0223
1703000 300.665 -17177.4 -52.1204
1704000 300.635 -17127.3 47.7233
1705000 299.17 -17125.3 -55.6219
1706000 300.422 -17115 57.4045
1707000 300.11 -17140.5 -22.881
1708000 301.393 -17107.6 -4.30226
1709000 299.802 -17158.9 21.8531
1710000 299.209 -17177 -29.6341
1711000 300.861 -17164.7 3.51587
1712000 299.762 -17175.5 -7.04529
1713000 300.484 -17115.2 23.8484
1714000 299.253 -17165.5 -1.15691
1715000 300.887 -17162.1 3.75774
1716000 298.849 -17137.7 -9.61426
1717000 300.247 -17147.2 -2.8986
1718000 301.262 -17156.5 14.169
1719000 300.688 -17089.3 -8.97393
1720000 300.504 -17131.1 27.2445
1721000 300.843 -17110 8.57127
1722000 300.824 -17156.2 -17.8043
1723000 298.748 -17141.2 -1.06273
1724000 301.063 -17112.3 10.6366
1725000 298.522 -17115.1 18.2571
1726000 299.053 -17099.1 -7.05417
1727000 298.705 -17102.3 22.8044
1728000 298.682 -17150.8 0.695759
1729000 300.087 -17156.3 12.4091
1730000 299.765 -17149.6 5.50019
1731000 299.123 -17169 18.8228
1732000 298.052 -17185.6 -13.4339
1733000 300.502 -17119.3 5.75134
1734000 300.647 -17176.7 0.53484
1735000 300.648 -17169.6 6.04486
1736000 301.539 -17137.1 17.4434
1737000 299.948 -17178 -16.4752
1738000 301.256 -17121.6 7.05197
1739000 301.559 -17109.5 -5.50451
1740000 300.122 -17139.6 8.64885
1741000 300.497 -17177.6 -22.4734
1742000 302.074 -17116.7 21.9399
1743000 300.212 -17121.8 -25.0733
1744000 298.365 -17177.2 -3.10921
1745000 299.06 -17175.8 41.6996
1746000 300.698 -17178.1 -29.5407
1747000 299.142 -17165.8 39.3159
1748000 299.335 -17178.6 -28.2246
1749000 301.305 -17159.8 11.6189
1750000 300.616 -17149.6 -5.45009
1751000 299.592 -17182.3 -8.96811
1752000 301.325 -17158.3 20.7381
1753000 300.987 -17155.4 -12.558
1754000 300.777 -17160.2 7.46157
1755000 300.772 -17152.9 -1.66085
1756000 300.35 -17177.8 18.1587
1757000 300.619 -17162.1 -35.1849
1758000 299.526 -17152.6 22.8673
1759000 299.69 -17150 -10.8883
1760000 299.761 -17157.2 16.1445
1761000 299.558 -17168.2 -1.17386
1762000 299.964 -17138.8 -0.983455
1763000 299.608 -17170.3 -1.45084
1764000 300.677 -17106.5 7.40229
1765000 301.601 -17090.9 -16.1589
1766000 300.025 -17155 -3.80939
1767000 301.516 -17145.3 28.808
1768000 297.559 -17239.3 -46.7949
1769000 300.645 -17156.6 23.217
1770000 298.8 -17177.6 -32.5564
1771000 299.997 -17171.4 25.7203
1772000 300.074 -17120.1 -5.04233
1773000 301.417 -17126.5 -6.26573
1774000 299.819 -17179.2 10.6955
1775000 299.022 -17189 -16.9557
1776000 300.655 -17155.6 9.41663
1777000 299.408 -17159.5 -10.8003
1778000 299.552 -17092.5 -11.238
1779000 300.398 -17093.3 2.51657
1780000 299.191 -17144.6 -46.0314
1781000 301.48 -17150.4 22.1898
1782000 300.299 -17122.6 -7.21848
1783000 301.403 -17119.8 16.137
1784000 299.921 -17108 -12.74
1785000 299.282 -17132.9 16.4819
1786000 299.261 -17138.3 -4.79276
1787000 300.561 -17127.9 -13.3197
1788000 299.8 -17163.3 -5.881
1789000 301.27 -17124.9 -8.27857
1790000 299.134 -17149.4 14.5341
1791000 298.973 -17166.5 2.34107
1792000 299.796 -17193.1 -4.79139
1793000 300.04 -17202.1 7.28531
1794000 300.567 -17104.7 -14.2998
1795000 300.671 -17117.4 3.21545
1796000 299.567 -17140.1 -0.80127
1797000 298.758 -17176.2 -31.3367
1798000 299.278 -17153.9 2.60295
1799000 299.807 -17146.2 -18.4657
1800000 300.17 -17147 29.8403
1801000 300.264 -17167.6 -23.686
1802000 300.505 -17151.3 68.5654
1803000 300.06 -17149.4 -56.0588
1804000 299.357 -17179.5 37.1102
1805000 298.287 -17151.1 -10.6332
1806000 301.131 -17106.9 -2.42937
1807000 300.84 -17154.9 16.9545
1808000 300.104 -17165.1 -22.9541
1809000 301.308 -17123.1 39.1627
1810000 300.148 -17107 -42.5755
1811000 301.396 -17077.4 40.6086
1812000 299.75 -17145.5 -31.374
1813000 300.642 -17186.8 27.4684
1814000 299.229 -17205 -7.29742
1815000 300.426 -17191.8 16.5005
1816000 298.922 -17232 17.8035
1817000 299.34 -17175 -22.4274
1818000 300.881 -17196.7 22.8197
1819000 300.399 -17158.5 -33.446
1820000 301.061 -17158.9 32.7121
1821000 299.126 -17200.1 -27.139
1822000 300.066 -17183.7 14.3196
1823000 298.644 -17186 17.3839
1824000 299.428 -17157.3 -12.108
1825000 300 -17182.7 28.3968
1826000 300.414 -17164.8 -12.4965
1827000 300.178 -17187.5 -0.961982
1828000 301.148 -17157.1 -5.12494
1829000 299.238 -17156.6 -5.97122
1830000 299.05 -17141.8 7.099
1831000 299.854 -17167.9 12.1176
1832000 299.299 -17190.7 9.36882
1833000 300.914 -17169.8 -17.0584
1834000 300.253 -17168.6 1.69959
1835000 300.625 -17173.3 -7.42007
1836000 299.912 -17204 5.04223
1837000 300.966 -17170.5 -3.94593
1838000 300.219 -17139.4 -0.9354
1839000 300.489 -17159.7 18.126
1840000 300.436 -17200.4 -16.0921
1841000 301.18 -17162.4 16.8244
1842000 299.353 -17192.5 -16.7829
1843000 299.719 -17174.5 27.2745
1844000 299.468 -17154.7 -27.4894
1845000 301.692 -17089.3 33.9591
1846000 300.502 -17153 -20.4204
1847000 299.07 -17199.1 12.2763
1848000 300.767 -17160.2 -21.8568
1849000 300.302 -17201.2 7.27066
1850000 299.973 -17229.9 10.109
1851000 298.216 -17192.4 -17.6056
1852000 300.056 -17197.9 16.0545
1853000 298.926 -17137.9 -10.9691
1854000 299.431 -17140.1 31.4895
1855000 299.709 -17115.6 -25.3075
1856000 299.499 -17171.4 27.1952
1857000 299.02 -17191.1 -12.8015
1858000 299.546 -17158.8 29.4702
1859000 299.324 -17171.2 -13.3609
1860000 299.96 -17202.4 14.6242
1861000 300.275 -17166.1 -27.4634
1862000 300.914 -17175 7.88768
1863000 301.037 -17158.2 -1.08072
1864000 300.772 -17199.8 3.8275
1865000 301.368 -17177.6 0.252669
1866000 300.736 -17139.7 -21.2919
1867000 300.331 -17181 20.1907
1868000 298.457 -17193.7 -0.925629
1869000 299.269 -17190.5 -10.2302
1870000 299.164 -17191.8 20.9585
1871000 299.867 -17157.7 -34.7768
1872000 300.632 -17152.6 39.6364
1873000 298.941 -17209.8 -37.7266
1874000 301.244 -17180.1 31.8706
1875000 299.915 -17186.2 -17.1089
1876000 298.429 -17199.7 36.4305
1877000 300.648 -17158.1 -27.3069
1878000 300.213 -17176.9 -2.57192
1879000 299.721 -17186.3 30.0972
1880000 299.502 -17189.2 -15.9197
1881000 300.765 -17150.2 26.9287
1882000 300.966 -17180.2 -35.2496
1883000 299.295 -17245.7 29.9104
1884000 299.587 -17208.3 -9.88806
1885000 300.429 -17229.5 -1.46653
1886000 301.371 -17222.9 24.919
1887000 300 -17185.1 -45.6217
1888000 300.956 -17140.8 38.7723
1889000 301.362 -17167.5 -36.4701
1890000 300.923 -17152 20.0604
1891000 300.273 -17169.1 -7.83568
1892000 299.107 -17157.6 0.201495
1893000 300.258 -17195.2 -0.149254
1894000 300.445 -17154.3 -1.969
1895000 300.497 -17201.2 3.28607
1896000 300.463 -17167.7 -12.9733
1897000 298.142 -17221.1 22.6606
1898000 300.199 -17151.7 -9.91716
1899000 300.509 -17202.9 9.58812
1900000 299.331 -17251.2 12.4248
1901000 301.211 -17177.4 -15.4866
1902000 300.394 -17205.2 2.31547
1903000 298.258 -17212.3 10.087
1904000 300.814 -17183.7 6.58063
1905000 299.855 -17193.1 -2.10331
1906000 298.674 -17195.9 9.91794
1907000 299.462 -17190.6 0.803723
1908000 298.526 -17210.4 -14.1902
1909000 299.19 -17184.5 13.217
1910000 298.942 -17219.4 -17.2623
1911000 299.491 -17192.8 1.08817
1912000 298.277 -17150.9 22.2153
1913000 299.002 -17223.9 -45.6058
1914000 300.856 -17224.6 35.1188
1915000 300.205 -17161.6 -17.1198
1916000 301.405 -17170.4 -3.5707
1917000 299.423 -17140.1 -13.3368
1918000 300.618 -17151.5 9.57033
1919000 298.916 -17218.3 6.28998
1920000 299.113 -17199.6 -3.76129
1921000 299.79 -17184.6 38.3894
1922000 299.202 -17201 -38.6343
1923000 300.568 -17154.2 16.6492
1924000 299.192 -17168.4 -24.0177
1925000 300.193 -17116 21.5107
1926000 300.391 -17175 -9.59321
1927000 301.021 -17179.3 -3.92405
1928000 300.156 -17220.2 39.6649
1929000 299.59 -17185.8 -21.8846
1930000 299.391 -17199 18.1731
1931000 298.584 -17157 -11.341
1932000 299.47 -17151.4 11.8989
1933000 299.724 -17210.8 -2.21275
1934000 298.567 -17157.5 -16.0243
1935000 300.072 -17160.1 23.8217
1936000 298.972 -17218.2 -0.676968
1937000 298.612 -17172.7 17.5996
1938000 299.451 -17180.8 -18.8365
1939000 300.282 -17173.7 16.7148
1940000 301.096 -17160.8 0.293502
1941000 301.029 -17139.2 -19.6507
1942000 299.505 -17170 24.5493
1943000 299.869 -17152.2 -7.97126
1944000 300.332 -17148.6 6.01831
1945000 301.012 -17159.6 -4.08727
1946000 300.921 -17167 3.13177
1947000 300.277 -17155.5 -5.77118
1948000 301.001 -17123.9 1.77122
1949000 299.944 -17156.6 -1.36882
1950000 300.99 -17148.7 -6.3773
1951000 300.644 -17202.1 11.1603
1952000 300.673 -17180.8 -22.7313
1953000 300.298 -17174.3 14.1077
1954000 300.83 -17162.3 -11.6934
1955000 300.795 -17147.5 -1.85455
1956000 299.98 -17175 27.2319
1957000 299.088 -17228.4 -18.0977
1958000 299.017 -17200.9 23.2374
1959000 299.825 -17156.6 -18.8646
1960000 299.931 -17166.2 24.7297
1961000 298.838 -17140.9 -20.8559
1962000 301.088 -17178 4.94481
1963000 300.118 -17146.1 -8.18545
1964000 300.811 -17190.2 -1.79506
1965000 299.431 -17210.6 24.4954
1966000 301.556 -17130.2 -18.6587
1967000 299.758 -17163.7 23.5782
1968000 299.924 -17188.7 -53.0417
1969000 300.205 -17202.6 47.86
1970000 300.622 -17185.5 -58.5076
1971000 299.641 -17092.1 46.1599
1972000 301.365 -17113.9 -32.7926
1973000 299.662 -17170 16.6628
1974000 300.557 -17148.7 -18.8003
1975000 300.943 -17147.9 36.016
1976000 299.382 -17187.8 -8.51201
1977000 299.794 -17140.5 -16.5924
1978000 300.496 -17184.2 32.3669
1979000 299.472 -17191.7 -34.1699
1980000 299.145 -17226.8 27.7156
1981000 300.025 -17239 -41.5645
1982000 298.658 -17240.1 31.966
1983000 299.673 -17187.9 -44.7453
1984000 301.426 -17117.8 48.2417
1985000 300.786 -17130.8 -22.5744
1986000 298.884 -17190.7 30.8497
1987000 299.655 -17182.4 -24.6106
1988000 299.447 -17164 20.2071
1989000 299.847 -17117.8 -13.4889
1990000 299.669 -17168.1 -12.6186
1991000 301.867 -17142.6 29.5493
1992000 300.134 -17113.7 -33.5772
1993000 300.831 -17146.1 40.6954
1994000 298.985 -17146.5 -5.39253
1995000 300.624 -17146.9 12.2874
1996000 300.934 -17194.6 -18.3813
1997000 300.4 -17154.9 0.828462
1998000 298.997 -17156 34.2052
1999000 301.975 -17136.5 -27.0058
2000000 299.273 -17180.1 37.3453
2001000 302.044 -17154.1 -29.4809
2002000 298.548 -17161.7 0.128416
2003000 300.523 -17146.5 8.83247
2004000 299.382 -17180.4 -8.89003
2005000 301.042 -17171.7 19.2415
2006000 301.086 -17176.3 -16.1598
2007000 300.586 -17150 35.3383
2008000 301.003 -17139 -24.6024
2009000 301.827 -17138.4 41.8101
2010000 300.452 -17215.6 -45.6872
2011000 300.262 -17138.7 37.8421
2012000 299.094 -17125.4 -16.687
2013000 300.258 -17184.7 0.329396
2014000 299.408 -17196.8 -5.9847
2015000 299.249 -17215.4 -6.21329
2016000 298.687 -17226.3 7.93177
2017000 300.823 -17169.9 -9.41584
2018000 298.872 -17221.2 22.7803
2019000 300.312 -17171.4 -4.57792
2020000 299.669 -17186.7 23.42
2021000 299.259 -17212.2 4.34614
2022000 298.625 -17210.9 -19.0403
2023000 299.354 -17197.8 4.78536
2024000 300.779 -17181.8 -28.3938
2025000 301.571 -17092.9 58.5951
2026000 299.697 -17143.5 -38.4424
2027000 301.029 -17143.6 12.1495
2028000 301.951 -17121 -9.53906
2029000 300.55 -17131.8 11.8526
2030000 301.312 -17162.1 13.0352
2031000 300.681 -17176.6 -24.0423
2032000 300.809 -17141.8 15.4553
2033000 299.601 -17207.5 -23.2644
2034000 299.176 -17183.9 31.6846
2035000 299.917 -17173.6 -27.0529
2036000 298.754 -17169.1 6.31756
2037000 300.189 -17188 -5.94501
2038000 299.117 -17206.8 -1.07276
2039000 299.785 -17170.4 14.3671
2040000 299.413 -17211.5 -22.952
2041000 298.805 -17223 13.0092
2042000 300.889 -17176.7 -16.8836
2043000 298.613 -17169.4 23.0265
2044000 299.939 -17188.9 4.56205
2045000 299.796 -17207.8 -19.5902
2046000 299.419 -17171.4 14.2387
2047000 301.145 -17138.5 -22.4856
2048000 299.115 -17140.4 25.9851
2049000 300.781 -17127.8 -36.5495
2050000 301.101 -17152.4 53.5808
2051000 300.616 -17141.8 -53.7014
2052000 299.966 -17155.4 44.8639
2053000 300.055 -17185.5 12.5325
2054000 299.899 -17200.1 -8.91378
2055000 299.798 -17124.6 33.8953
2056000 300.127 -17162.9 -48.867
2057000 299.804 -17163.5 55.9838
2058000 300.712 -17103.2 -23.5243
2059000 299.647 -17134.7 27.0738
2060000 299.976 -17115.7 -10.129
2061000 298.767 -17184.7 -1.6754
2062000 301.115 -17163.9 5.8195
2063000 302.106 -17179.6 -29.4095
2064000 298.678 -17242 38.4891
2065000 299.055 -17209.1 -20.2226
2066000 299.233 -17139.2 14.5119
2067000 299.684 -17198 -27.0158
2068000 299.209 -17190.3 25.0492
2069000 298.945 -17188.2 6.18488
2070000 300.455 -17143.5 -9.0188
2071000 299.55 -17119.2 -6.9684
2072000 300.14 -17181.4 -2.37729
2073000 300.795 -17193.3 0.835587
2074000 298.893 -17189.7 -10.94
2075000 300.855 -17160.3 6.90255
2076000 297.819 -17192.1 -9.98887
2077000 299.462 -17161.9 -7.93865
2078000 299.65 -17148.8 4.21694
2079000 300.441 -17155.6 -5.90533
2080000 298.762 -17158.6 -9.05332
2081000 299.62 -17172.4 26.3819
2082000 299.634 -17181.5 -39.1779
2083000 302.656 -17139.2 38.3694
2084000 299.293 -17182.2 -24.9263
2085000 300.98 -17129.5 18.23
2086000 299.588 -17123.4 -5.27407
2087000 300.078 -17132.7 16.0378
2088000 300.542 -17085.1 -14.3329
2089000 300.569 -17081.6 12.0099
2090000 299.736 -17164.9 -22.0748
2091000 300.33 -17130.7 20.4151
2092000 299.424 -17127 -3.62744
2093000 300.472 -17101.6 -3.62185
2094000 299.914 -17137.3 34.0067
2095000 298.612 -17134.2 -24.7307
2096000 299.911 -17141.3 26.6457
2097000 300.975 -17153.3 -40.717
2098000 299.148 -17192.5 15.8886
2099000 297.921 -17182.3 -17.1178
2100000 299.765 -17166.6 -4.07513
2101000 299.692 -17181.3 13.8464
2102000 300.102 -17149.6 -28.5685
2103000 298.847 -17191.6 26.9196
2104000 299.943 -17165.2 -23.6699
2105000 300.928 -17154.4 32.6125
2106000 302.102 -17197.8 4.03506
2107000 300.039 -17191.1 10.8057
2108000 300.228 -17161.9 -8.15312
2109000 298.802 -17179 -2.65343
2110000 300.472 -17128.6 6.96909
2111000 301.272 -17148.8 -26.8518
2112000 300.522 -17162.7 16.2546
2113000 299.709 -17180.5 -18.2162
2114000 301.43 -17118.7 -17.2157
2115000 299.777 -17189.9 35.5441
2116000 301.663 -17082.1 -36.8621
2117000 300.211 -17167.1 8.95828
2118000 300.82 -17114.8 -14.5652
2119000 298.793 -17157 13.7579
2120000 299.366 -17161.5 22.6149
2121000 302.008 -17102.3 -10.428
2122000 300.324 -17199.1 -0.390528
2123000 300.707 -17177.4 -34.8414
2124000 300.882 -17193.9 11.4127
2125000 302.288 -17085.3 -17.5761
2126000 300.706 -17148.7 0.933933
2127000 300.399 -17149 -5.13508
2128000 300.019 -17107 25.721
2129000 298.168 -17180.6 -26.5542
2130000 300.142 -17124.8 5.45549
2131000 299.928 -17182.4 -18.659
2132000 302.254 -17101.5 -9.0127
2133000 300.687 -17116.8 9.20978
2134000 298.519 -17169.9 -4.64786
2135000 301.348 -17178.8 13.3078
2136000 301.311 -17187.7 -35.3431
2137000 298.823 -17131.4 30.1316
2138000 300.276 -17161.2 9.66658
2139000 299.957 -17123.6 -0.130026
2140000 301.339 -17124 -9.38112
2141000 300.836 -17124.7 21.6191
2142000 301.001 -17179.3 -15.356
2143000 298.131 -17208.8 9.30087
2144000 300.189 -17186.9 4.52962
2145000 299.667 -17153 0.513443
2146000 298.399 -17165.6 -20.7312
2147000 299.988 -17146.5 -6.33348
2148000 297.811 -17155 -2.04307
2149000 298.825 -17197.1 -1.45714
2150000 299.754 -17173.9 -10.6858
2151000 299.814 -17188.3 1.00998
2152000 298.443 -17234.5 13.0808
2153000 299.701 -17195.6 -27.6722
2154000 299.506 -17147.7 22.8619
2155000 299.402 -17198.5 -18.0421
2156000 301.29 -17118.7 9.69711
2157000 301.273 -17150.2 -2.04324
2158000 299.171 -17171.8 16.957
2159000 299.341 -17179.8 -22.0501
2160000 300.879 -17124.5 9.48331
2161000 301.997 -17170.3 -3.24893
2162000 299.409 -17203.3 1.29614
2163000 299.888 -17164.8 -12.8881
2164000 300.85 -17125.6 15.1415
2165000 300.023 -17150.6 -5.49309
2166000 299.377 -17198.8 33.9568
2167000 300.383 -17160.7 -33.4333
2168000 300.013 -17163.1 55.5589
2169000 299.586 -17171.8 -39.2944
2170000 300.578 -17110.9 -8.63209
2171000 299.841 -17146.1 -1.91147
2172000 301.561 -17094.5 -9.75197
2173000 299.938 -17110.9 5.63148
2174000 300.748 -17144.1 -9.52473
2175000 299.156 -17145.5 12.516
2176000 299.157 -17083.1 -19.8057
2177000 299.763 -17086.9 18.972
2178000 301.64 -17128.9 -18.3611
2179000 299.375 -17189.3 4.10622
2180000 301.152 -17106 -22.5777
2181000 301.028 -17169.4 5.6143
2182000 300.753 -17163.1 11.078
2183000 299.986 -17136.4 -6.62143
2184000 300.512 -17111 27.6691
2185000 299.959 -17151.1 -27.8048
2186000 298.89 -17181.7 18.2766
2187000 301.54 -17128.2 -6.5193
2188000 300.324 -17135.2 4.5421
2189000 300.454 -17145.3 -13.9068
2190000 300.709 -17189.4 20.3987
2191000 301.338 -17126.4 -15.7997
2192000 301.03 -17102.1 12.1452
2193000 300.82 -17122.3 -6.70613
2194000 300.65 -17150.1 4.70784
2195000 299.575 -17135 -13.6667
2196000 300.655 -17164.4 16.1351
2197000 300.655 -17163 22.0712
2198000 299.635 -17158.5 -23.454
2199000 299.564 -17179.5 23.6262
2200000 299.944 -17134.3 -4.50739
2201000 299.77 -17189 -2.95573
2202000 301.67 -17126.3 -3.9637
2203000 299.173 -17148.6 -13.0265
2204000 299.189 -17102.9 5.37243
2205000 299.038 -17138.6 25.4303
2206000 298.961 -17178.1 -32.4932
2207000 299.427 -17175.4 14.8937
2208000 298.841 -17111.3 -32.2762
2209000 302.202 -17087 14.1796
2210000 299.13 -17123.3 -10.5486
2211000 299.589 -17192 7.76016
2212000 298.775 -17181 1.22331
2213000 299.401 -17168.8 8.22433
2214000 300.752 -17132.4 -13.2841
2215000 299.763 -17181.7 8.2448
2216000 298.728 -17166.3 -1.51406
2217000 300.972 -17141.1 -4.30918
2218000 300.639 -17143 -5.298
2219000 300.689 -17136.2 -2.31961
2220000 300.484 -17158.9 26.3206
2221000 298.653 -17196.8 -14.2658
2222000 298.648 -17178.9 8.74506
2223000 299.583 -17153.8 18.2813
2224000 300.661 -17108.9 -36.5005
2225000 299.533 -17168.6 44.4425
2226000 301.376 -17157 -38.1188
2227000 300.449 -17146.7 13.6
2228000 299.06 -17175.9 4.81503
2229000 298.631 -17211.7 -5.95145
2230000 299.128 -17128.3 14.9248
2231000 298.132 -17156.2 -24.6524
2232000 298.893 -17159.8 47.9709
2233000 300.499 -17099 -58.842
2234000 301.663 -17086.2 43.553
2235000 299.875 -17130.8 -52.2576
2236000 299.633 -17147.6 57.1547
2237000 301.823 -17110.6 -51.7116
2238000 298.663 -17151.4 23.4851
2239000 299.595 -17165.2 14.5583
2240000 299.389 -17170.4 -13.2515
2241000 299.097 -17188.3 13.6028
2242000 300.619 -17160.3 3.07105
2243000 301.182 -17179.9 7.03785
2244000 299.979 -17130.8 -3.80216
2245000 300.627 -17151.9 -0.467508
2246000 300.846 -17146.4 -20.1525
2247000 300.792 -17164.6 6.50438
2248000 301.071 -17153.6 2.0118
2249000 300.698 -17157.9 -17.4666
2250000 300.902 -17161.7 7.57261
2251000 299.786 -17200.7 -42.2957
2252000 299.029 -17167.7 44.5561
2253000 298.638 -17176.4 -26.0337
2254000 299.953 -17166.9 11.3163
2255000 299.281 -17178.5 -2.61596
2256000 299.205 -17172.5 7.07778
2257000 299.445 -17164 8.78483
2258000 298.752 -17162.9 8.19822
2259000 299.881 -17161.6 -0.0610536
2260000 301.106 -17150.8 4.16097
2261000 300.86 -17174.5 -14.9255
2262000 299.691 -17161.2 4.538
2263000 301.065 -17154.7 8.179
2264000 300.485 -17114.3 -16.3156
2265000 299.936 -17146.9 20.4613
2266000 300.543 -17194.6 -0.395281
2267000 300.463 -17163.9 3.16128
2268000 298.136 -17169.3 -18.0548
2269000 299.258 -17169.5 20.7475
2270000 300.562 -17204.6 -16.3411
2271000 299.853 -17157.7 4.33188
2272000 298.142 -17193.4 -0.329488
2273000 300.746 -17163.1 -27.2107
2274000 300.482 -17162.2 26.8739
2275000 301.709 -17138.6 -34.0706
2276000 301.152 -17183.8 12.5807
2277000 301.27 -17165.9 -12.289
2278000 300.506 -17135.9 17.4347
2279000 300.636 -17169.2 -19.8812
2280000 301.254 -17150.4 30.13
2281000 298.806 -17142 -31.0032
2282000 298.73 -17160.4 15.789
2283000 301.299 -17140.3 -1.49843
2284000 300.419 -17186.6 6.99393
2285000 299.765 -17155.5 8.04846
2286000 301.388 -17084.1 -5.56843
2287000 301.61 -17156.3 16.2055
2288000 298.994 -17192.3 -14.222
2289000 299.876 -17175.9 28.8901
2290000 299.509 -17206.1 -23.0416
2291000 298.554 -17168.6 25.3788
2292000 299.461 -17175.9 1.48827
2293000 299.098 -17179.9 4.40929
2294000 298.302 -17199 18.3514
2295000 299.173 -17183.4 -14.4908
2296000 300.619 -17169.7 13.9861
2297000 299.758 -17188.8 -19.3606
2298000 299.357 -17206.1 0.186683
2299000 300.517 -17211.1 -24.6578
2300000 299.297 -17198 12.8121
2301000 300.863 -17169.4 -11.6959
2302000 298.575 -17174.8 -8.35792
2303000 299.944 -17147.5 9.98369
2304000 300.754 -17135.1 -4.64506
2305000 300.617 -17156.2 19.1569
2306000 302.073 -17124.2 -36.7858
2307000 300.598 -17100.3 35.8672
2308000 299.974 -17186.8 -18.5155
2309000 300.74 -17207.7 25.041
2310000 299.381 -17172.2 -30.6411
2311000 300.176 -17157.7 29.9687
2312000 299.407 -17174.3 -9.4185
2313000 300.524 -17182.6 13.1949
2314000 300.196 -17172.4 -6.29942
2315000 298.539 -17177.7 12.4276
2316000 298.761 -17216.6 -11.4817
2317000 299.291 -17235.4 5.10217
2318000 302.385 -17206.7 -14.2226
2319000 299.782 -17210.4 4.19233
2320000 299.84 -17181.3 -7.24725
2321000 299.225 -17226.3 12.4836
2322000 299.981 -17212.5 -27.5527
2323000 299.7 -17164.8 31.4238
2324000 300.122 -17145.5 -26.1266
2325000 300.047 -17155.4 24.5806
2326000 301.215 -17132.1 -21.6749
2327000 299.17 -17181.4 24.5337
2328000 301.265 -17179.6 -29.8946
2329000 298.627 -17238.3 28.5197
2330000 301.068 -17172.1 -16.4144
2331000 298.859 -17194 11.6194
2332000 302.593 -17133.7 -5.12662
2333000 299.928 -17178.9 3.28076
2334000 301.373 -17154.3 9.58458
2335000 300.457 -17169.9 -11.7047
2336000 300.227 -17185 14.1077
2337000 299.902 -17205.4 16.3308
2338000 299.861 -17169 -9.14565
2339000 300.77 -17155.9 12.7701
2340000 299.809 -17190.8 -13.8668
2341000 300.342 -17199.3 4.4757
2342000 300.572 -17166.7 2.18953
2343000 301.051 -17182.7 24.3846
2344000 298.482 -17189.1 -5.22957
2345000 300.593 -17165.6 -8.48912
2346000 299.261 -17261.9 -9.36179
2347000 300.497 -17174.6 15.3767
2348000 299.314 -17211.7 0.375247
2349000 300.47 -17197.5 10.3033
2350000 299.149 -17225.7 -4.38454
2351000 300.211 -17150.5 30.0293
2352000 298.53 -17180.8 -41.7443
2353000 300.634 -17161.4 47.5375
2354000 300.146 -17170.2 -40.2663
2355000 301.159 -17127.2 39.1977
2356000 299.689 -17175.9 -14.9073
2357000 298.483 -17196.5 1.30558
2358000 299.297 -17184.6 -3.00706
2359000 300.174 -17150 -4.22067
2360000 299.275 -17145.9 -2.52882
2361000 301.044 -17130.4 8.66678
2362000 300.427 -17200.4 -6.40859
2363000 300.657 -17176.4 4.02334
2364000 300.023 -17170.1 1.96425
2365000 300.676 -17204.9 9.91651
2366000 301.731 -17147.5 -14.1998
2367000 300.506 -17172.5 12.2065
2368000 301.14 -17190.5 -2.10339
2369000 300.719 -17200.8 -1.2272
2370000 300.331 -17145 6.45619
2371000 300.084 -17199.5 27.0283
2372000 300.657 -17182.7 -51.0939
2373000 301.477 -17161.6 18.5195
2374000 301.065 -17212.2 -3.48094
2375000 299.264 -17243.7 31.5065
2376000 300.813 -17203.6 -33.9765
2377000 298.788 -17232.2 8.61418
2378000 299.332 -17218.3 21.5691
2379000 298.945 -17249.9 -9.66255
2380000 301.428 -17128.6 27.4093
2381000 299.48 -17171.8 -13.4296
2382000 299.942 -17238.2 13.2931
2383000 299.232 -17259.4 -38.2596
2384000 298.99 -17251.5 34.0656
2385000 299.976 -17206.9 3.28349
2386000 300.297 -17201.6 6.88041
2387000 299.752 -17214.3 12.1164
2388000 298.433 -17232.8 -8.41822
2389000 301.98 -17155.8 13.0193
2390000 299.277 -17185.5 -1.30782
2391000 300.2 -17213.3 -6.06437
2392000 300.211 -17254.9 4.14597
2393000 299.48 -17249.3 3.9856
2394000 300.219 -17241 -0.604635
2395000 301.245 -17154.8 1.79386
2396000 300.071 -17193 -3.29751
2397000 300.067 -17219.1 4.82916
2398000 299.894 -17232.3 -5.98926
2399000 300.383 -17217.6 -3.09753
2400000 299.449 -17229.4 19.4796
2401000 299.342 -17205 16.5847
2402000 301.696 -17237.9 -25.207
2403000 300.381 -17219.3 1.53164
2404000 298.514 -17244.7 -7.73678
2405000 300.293 -17265.7 12.2018
2406000 299.294 -17236.8 -11.8221
2407000 300.085 -17201.3 11.2643
2408000 299.84 -17193.7 -14.6188
2409000 299.225 -17197.4 8.16784
2410000 300.326 -17184.7 -10.3645
2411000 301.223 -17202.7 7.14704
2412000 298.486 -17278.6 15.9411
2413000 299.389 -17241.1 -1.44844
2414000 299.092 -17206.6 -4.7055
2415000 300.656 -17204.6 14.8649
2416000 299.866 -17220.4 17.6683
2417000 300.468 -17191.6 -34.1969
2418000 299.07 -17178.8 23.1519
2419000 300.794 -17175.9 -16.522
2420000 301.124 -17208 27.926
2421000 300.266 -17237.6 -16.2005
2422000 298.971 -17244.7 11.2799
2423000 299.835 -17193.2 -14.1703
2424000 298.597 -17187.4 20.2342
2425000 300.454 -17212.3 -24.9512
2426000 301.27 -17163.6 19.0863
2427000 300.24 -17183.6 -15.3528
2428000 299.458 -17189.8 27.1761
2429000 300.456 -17181.8 -14.862
2430000 299.708 -17184.4 11.5209
2431000 298.813 -17243.3 -25.4226
2432000 298.311 -17271.4 20.1587
2433000 299.938 -17218.1 -0.837342
2434000 300.167 -17174.5 7.24625
2435000 299.886 -17222.1 -0.877167
2436000 298.896 -17258.2 -0.463108
2437000 301.156 -17158.6 18.9621
2438000 300.379 -17209.8 -22.2554
2439000 300.973 -17213.8 28.3811
2440000 300.272 -17244.2 -14.744
2441000 299.456 -17209.9 16.5541
2442000 300.755 -17199.5 -23.3181
2443000 299.694 -17234.2 21.8011
2444000 300.998 -17221.8 -15.3281
2445000 299.645 -17220 4.62006
2446000 301.092 -17154.1 11.2898
2447000 301.32 -17182 -5.958
2448000 299.124 -17264.3 16.3336
2449000 300.204 -17177.9 -13.8102
2450000 299.08 -17221.3 9.64036
2451000 300.266 -17230.8 9.94948
2452000 299.616 -17273.6 -21.6557
2453000 299.53 -17167.9 18.2059
2454000 300.24 -17168.9 -8.97837
2455000 300.74 -17215.6 -2.65625
2456000 300.526 -17234.6 22.9505
2457000 300.575 -17232.9 4.23205
2458000 300.656 -17205.8 -5.61583
2459000 300.038 -17206.6 -7.86949
2460000 301.396 -17185.8 14.2443
2461000 299.823 -17207.1 0.86313
2462000 298.894 -17238.7 -0.179476
2463000 300.212 -17220.4 20.7028
2464000 300.647 -17224.4 -2.80906
2465000 298.857 -17235.1 6.80119
2466000 298.856 -17265.2 3.28954
2467000 300.13 -17230.9 22.542
2468000 301.383 -17132 5.67989
2469000 301.141 -17172.8 24.9213
2470000 299.561 -17173.4 -31.2772
2471000 300.516 -17213.1 32.729
2472000 301.113 -17216.6 -10.6933
2473000 299.073 -17205.2 27.7868
2474000 300.044 -17192.4 -8.40095
2475000 301.742 -17196.6 -0.124257
2476000 299.051 -17204.9 16.7812
2477000 301.74 -17212.7 -8.40024
2478000 299.763 -17206.3 24.0317
2479000 301.444 -17234.3 -33.6074
2480000 299.383 -17210.5 23.8136
2481000 298.438 -17199.9 -17.9086
2482000 299.045 -17200.6 12.6556
2483000 299.354 -17199.9 -17.4754
2484000 298.512 -17204.8 5.22881
2485000 299.489 -17232.4 9.40989
2486000 298.497 -17202.3 13.1946
2487000 301.121 -17174.2 4.39568
2488000 299.939 -17159.5 3.4434
2489000 299.763 -17168.1 1.37829
2490000 298.93 -17210.1 -12.3161
2491000 300.827 -17171.2 19.1913
2492000 300.746 -17222.6 -10.489
2493000 300.134 -17168.3 37.9298
2494000 299.625 -17228.7 -30.3671
2495000 300.895 -17198.7 18.804
2496000 302.55 -17188.9 1.64028
2497000 300.984 -17203.1 -18.0582
2498000 300.567 -17197.3 41.9258
2499000 300.082 -17162.3 -29.5329
2500000 300.083 -17196.4 21.5055
2501000 300.996 -17171.7 11.6528
2502000 301.152 -17176.6 -14.9468
2503000 298.504 -17188 16.8589
2504000 299.04 -17186.8 -2.22726
2505000 299.205 -17141 -17.8092
2506000 299.351 -17192.7 -3.27059
2507000 299.277 -17236.2 -7.4744
2508000 298.758 -17189.4 -9.37371
2509000 298.998 -17213.4 12.2598
2510000 299.944 -17219.2 0.855719
2511000 300.723 -17177.3 22.6568
2512000 299.255 -17201.4 -4.97767
2513000 300.337 -17188.6 -6.30502
2514000 301.159 -17128.8 4.93765
2515000 300.42 -17183.7 -10.1424
2516000 300.246 -17184.9 15.4262
2517000 300.312 -17202.8 9.06086
2518000 299.162 -17234 -9.62205
2519000 299.788 -17199.8 2.74891
2520000 300.419 -17220.7 14.33
2521000 300.114 -17209.4 -15.5594
2522000 301.088 -17191.1 -10.2016
2523000 298.568 -17196.3 24.371
2524000 301.011 -17212.6 -36.3657
2525000 298.76 -17250.2 9.28297
2526000 299.937 -17211.7 -12.8877
2527000 299.389 -17179 -0.292943
2528000 300.52 -17174.6 -10.9126
2529000 300.689 -17150.8 21.0479
2530000 299.623 -17159.5 -3.83253
2531000 298.833 -17224.9 15.8595
2532000 299.837 -17184.6 7.11572
2533000 298.967 -17177.2 12.9422
2534000 301.001 -17189.2 -14.3694
2535000 299.593 -17187.7 5.66914
2536000 300.377 -17190.5 -4.72472
2537000 300.155 -17201.6 -0.0102816
2538000 298.039 -17190 0.0275014
2539000 300.489 -17182.4 -15.652
2540000 301.279 -17194 28.2939
2541000 300.248 -17214.8 -17.3495
2542000 300.984 -17152.6 33.7901
2543000 298.754 -17190.2 -26.5493
2544000 300.595 -17151.1 -1.56747
2545000 300.344 -17159.2 10.5978
2546000 300.546 -17211.7 -15.0378
2547000 300.181 -17223.6 21.3635
2548000 302.475 -17130 -29.44
2549000 299.762 -17196.6 26.2068
2550000 299.237 -17169.3 2.40823
2551000 300.572 -17181.8 -0.41503
2552000 299.191 -17229.3 -5.07332
2553000 298.575 -17294.8 13.3416
2554000 299.472 -17212.8 -4.93577
2555000 299.449 -17193.2 3.32039
2556000 299.704 -17186.3 -12.8783
2557000 298.25 -17217.1 9.0521
2558000 299.782 -17184.4 -21.2198
2559000 301.83 -17120.9 24.1714
2560000 300.926 -17139.1 -25.0481
2561000 300.245 -17162.4 24.2543
2562000 299.179 -17209.6 -11.8246
2563000 298.951 -17202.5 -1.23576
2564000 302.241 -17194.1 -9.36103
2565000 299.067 -17249.4 6.82506
2566000 298.886 -17270.7 -2.05232
2567000 300.786 -17206.9 9.11426
2568000 299.794 -17191.2 -7.70178
2569000 299.959 -17136.6 33.9622
2570000 300.893 -17133.8 -26.239
2571000 300.744 -17143.5 27.5795
2572000 301.035 -17161.6 -9.32816
2573000 299.609 -17156.3 0.81605
2574000 302.197 -17140.8 -5.2341
2575000 298.458 -17220.7 12.1732
2576000 301.074 -17169.6 -1.01443
2577000 297.841 -17213.6 8.70699
2578000 299.792 -17212.2 4.24251
2579000 300.584 -17214 -41.1736
2580000 298.845 -17205.3 29.9317
2581000 299.445 -17212 -47.1895
2582000 300.391 -17192 24.7363
2583000 301.651 -17196.2 -39.3898
2584000 299.654 -17260.5 18.9484
2585000 299.93 -17195.9 -25.5514
2586000 299.312 -17212.9 7.55195
2587000 299.655 -17203.6 -19.7724
2588000 300.308 -17164.4 36.0021
2589000 300.133 -17186.9 -53.3808
2590000 300.816 -17191.7 52.421
2591000 299.004 -17209.8 -41.508
2592000 299.126 -17183.9 42.8566
2593000 299.167 -17200.1 -18.2526
2594000 300.608 -17170.1 19.1864
2595000 299.5 -17183.2 11.1881
2596000 300.419 -17187.2 -17.4453
2597000 301.183 -17140.5 25.7717
2598000 299.853 -17173.9 -17.1971
2599000 298.569 -17225.5 37.3435
2600000 300.054 -17219.1 5.51365
2601000 301.257 -17172.6 -6.75642
2602000 300.918 -17147.5 5.35304
2603000 299.039 -17170.6 -11.9615
2604000 300.259 -17163.7 10.0154
2605000 299.651 -17215.5 -5.70811
2606000 301.511 -17156.3 9.89047
2607000 300.531 -17154.6 -22.9921
2608000 300.574 -17220.6 25.8138
2609000 298.752 -17251.1 -15.5157
2610000 300.102 -17180.7 17.7425
2611000 299.415 -17218.7 -16.7536
2612000 299.251 -17231.5 -2.94872
2613000 301.125 -17235 -23.1405
2614000 301.516 -17218.1 25.9396
2615000 299.495 -17241.7 -37.5864
2616000 299.657 -17223.4 49.5185
2617000 298.369 -17267.4 -22.8304
2618000 300.273 -17189.3 6.28387
2619000 301.66 -17186.9 7.46485
2620000 299.374 -17225.1 -30.0379
2621000 299.526 -17279.6 20.0887
2622000 300.754 -17235.8 -30.9583
2623000 299.644 -17226.5 27.6858
2624000 300.044 -17200.5 -32.1772
2625000 301.101 -17214.1 29.4025
2626000 300.323 -17226.6 -20.7998
2627000 300.663 -17222.4 16.8448
2628000 300.882 -17242.3 7.69361
2629000 299.071 -17201.2 5.23934
2630000 298.976 -17236.8 18.4543
2631000 300.658 -17178.8 -29.475
2632000 298.257 -17241.8 24.0318
2633000 300.127 -17201.2 -18.3194
2634000 301.136 -17196.6 12.615
2635000 298.248 -17215.5 -31.7198
2636000 300.432 -17174.5 32.0606
2637000 301.476 -17180.9 -19.8173
2638000 299.225 -17217.7 1.04742
2639000 299.692 -17205.4 5.64376
2640000 299.859 -17152.4 8.05506
2641000 299.832 -17157.4 4.28234
2642000 299.229 -17203.9 -3.50538
2643000 299.987 -17182.8 10.9349
2644000 300.279 -17188.5 -0.289052
2645000 301.151 -17190.3 -9.52676
2646000 300.383 -17194.7 21.3069
2647000 300.764 -17179.4 -6.1179
2648000 299.916 -17185.9 0.608195
2649000 298.296 -17239.7 -19.4082
2650000 300.884 -17208.2 22.7152
2651000 300.596 -17243.4 -8.56753
2652000 298.238 -17237.6 -3.38649
2653000 299.459 -17256.7 8.20152
2654000 300.04 -17221.3 -4.67119
2655000 299.031 -17155.9 -26.4419
2656000 300.474 -17183.5 37.4023
2657000 299.39 -17183.5 -8.41265
2658000 300.313 -17218.5 15.5754
2659000 300.408 -17207 2.61488
2660000 298.869 -17243.3 -4.5431
2661000 301.547 -17220.2 9.06959
2662000 299.858 -17174.1 10.0333
2663000 298.994 -17210.8 -18.7238
2664000 299.596 -17207.9 9.02404
2665000 301.039 -17204.2 4.68383
2666000 301.199 -17214 23.354
2667000 300.748 -17224.7 -54.5795
2668000 301.229 -17226.2 37.4861
2669000 300.316 -17181 -27.8752
2670000 299.179 -17230.3 25.4298
2671000 299.852 -17185.1 -6.2731
2672000 299.124 -17190.2 5.65276
2673000 300.711 -17227.4 1.22391
2674000 299.783 -17176.8 4.38511
2675000 299.625 -17215 13.7529
2676000 300.398 -17243.7 21.9622
2677000 298.614 -17254.4 -24.7964
2678000 300.901 -17196.4 7.27856
2679000 298.456 -17231.8 -14.0521
2680000 299.071 -17201.3 22.1114
2681000 299.685 -17266.1 0.564173
2682000 302.19 -17172.5 9.15752
2683000 298.959 -17207.3 -0.592445
2684000 299.193 -17199.2 2.032
2685000 298.609 -17168.4 6.52635
2686000 299.314 -17210.4 -14.8388
2687000 299.424 -17231 8.634
2688000 300.279 -17204 -2.50701
2689000 301.004 -17183.6 14.1353
2690000 300.642 -17173 -10.5503
2691000 301.2 -17189.3 40.1407
2692000 299.206 -17199.7 -31.8834
2693000 300.047 -17161.5 26.1966
2694000 299.674 -17215.3 -25.9476
2695000 298.897 -17290.2 26.3078
2696000 299.839 -17267.1 -18.3538
2697000 300.407 -17206.8 22.9155
2698000 299.505 -17220.3 -23.8875
2699000 300.304 -17189.5 9.17382
2700000 300.532 -17230.1 -15.7265
2701000 300.56 -17158.2 29.8415
2702000 299.175 -17193.9 -32.6767
2703000 299.352 -17184.1 35.2943
2704000 300.735 -17177.3 -23.9621
2705000 301.104 -17159.4 15.7436
2706000 301.024 -17216.1 -23.9243
2707000 301.772 -17141.2 -1.73248
2708000 299.762 -17220.6 16.986
2709000 301.343 -17178.1 4.15645
2710000 299.396 -17202 21.4201
2711000 299.699 -17160.2 -23.5351
2712000 300.885 -17180.8 30.9925
2713000 300.361 -17246.1 -26.8928
2714000 301.813 -17234 28.7855
2715000 300.058 -17174.8 -48.5629
2716000 298.697 -17218.4 40.1957
2717000 300.933 -17201.4 -28.7756
2718000 300.309 -17169.5 7.82111
2719000 301.19 -17112.5 -15.9537
2720000 301.259 -17177.8 4.05353
2721000 299.934 -17219.1 15.4322
2722000 298.545 -17217.8 -20.5438
2723000 299.407 -17200.5 -4.57334
2724000 300.564 -17218.1 4.09218
2725000 299.799 -17211.7 -12.5514
2726000 299.64 -17245.2 10.2685
2727000 300.276 -17192.9 -10.6491
2728000 298.803 -17213.2 31.3078
2729000 299.072 -17201.2 -19.9524
2730000 297.871 -17217.6 8.96359
2731000 299.865 -17216.1 -17.4563
2732000 299.366 -17207.5 15.489
2733000 299.726 -17188.3 -11.2982
2734000 300.976 -17195.6 5.89148
2735000 299.761 -17157.7 -22.0513
2736000 300.193 -17130.5 36.7312
2737000 301.106 -17108.9 -31.7152
2738000 301.073 -17137.8 31.2541
2739000 298.532 -17235.9 -25.2815
2740000 299.838 -17187.5 50.3705
2741000 297.985 -17213.7 -13.9086
2742000 299.43 -17207.1 6.89681
2743000 301.116 -17195.9 -21.6882
2744000 298.764 -17238.4 31.7594
2745000 300.622 -17224.8 -19.9196
2746000 300.966 -17214.8 19.2744
2747000 299.308 -17194.2 5.11807
2748000 300.446 -17254.6 -27.172
2749000 298.985 -17219.7 18.4952
2750000 300.641 -17200.8 -25.4593
2751000 300.168 -17222.3 38.3347
2752000 300.231 -17222.5 4.42239
2753000 299.628 -17222.4 -10.0514
2754000 298.71 -17201.3 9.97113
2755000 299.221 -17187 0.975042
2756000 298.733 -17176.4 14.0484
2757000 301.074 -17179.2 -13.3751
2758000 299.97 -17170.9 29.2879
2759000 302.197 -17188.9 -23.2967
2760000 299.979 -17222.8 30.6172
2761000 299.623 -17230.4 -11.9001
2762000 300.141 -17201.3 1.8565
2763000 300.088 -17219.1 5.00734
2764000 299.779 -17256.7 -30.8129
2765000 298.746 -17230 19.3254
2766000 300.25 -17222.1 -14.1672
2767000 299.448 -17253.4 34.6666
2768000 299.133 -17266.5 -46.2151
2769000 299.082 -17263.2 16.1294
2770000 299.572 -17233.8 12.1989
2771000 300.72 -17150.5 -10.6164
2772000 300.246 -17212.8 10.7548
2773000 300.698 -17182.9 -30.2664
2774000 299.554 -17222.6 17.1523
2775000 300.996 -17187.1 -45.4251
2776000 301.239 -17158.1 37.6114
2777000 299.753 -17200.7 -6.61898
2778000 301.161 -17236.1 5.26948
2779000 300.541 -17214.6 4.81414
2780000 299.501 -17242.8 1.74287
2781000 299.957 -17173 32.3276
2782000 301.407 -17131.6 -39.3247
2783000 299.851 -17202.8 52.2928
2784000 300.297 -17163.4 -38.199
2785000 300.33 -17230.7 8.73705
2786000 300.06 -17262.9 -16.7728
2787000 300.281 -17227.9 1.13949
2788000 300.212 -17256.2 19.279
2789000 299.253 -17199.4 -8.74922
2790000 299.303 -17210.1 1.08957
2791000 301.188 -17167.6 4.33279
2792000 300.207 -17229.8 -2.50291
2793000 299.847 -17208.4 -1.0438
2794000 298.462 -17208.4 26.24
2795000 299.337 -17195.5 -19.5463
2796000 299.844 -17197 7.93451
2797000 298.64 -17196.8 -18.3493
2798000 300.33 -17146 10.5745
2799000 299.154 -17228.6 -4.91986
2800000 298.988 -17256.9 -18.2848
2801000 300.64 -17189.1 28.0361
2802000 301.498 -17145.8 -29.6696
2803000 300.471 -17169.1 31.7555
2804000 300.397 -17242.7 -30.399
2805000 300.659 -17203.6 28.8246
2806000 300.47 -17196.8 -14.6912
2807000 299.845 -17187.3 -5.46487
2808000 298.902 -17211.2 25.7712
2809000 299.489 -17251.4 -21.2388
2810000 301.443 -17206.3 7.38964
2811000 300.657 -17218.5 -13.2506
2812000 301.384 -17179.2 -0.480798
2813000 300.278 -17168.4 -1.3625
2814000 300.605 -17149.5 4.86009
2815000 298.831 -17206 4.23539
2816000 300.354 -17240.1 -2.26746
2817000 300.385 -17185.9 12.9974
2818000 301.302 -17222 -21.5005
2819000 301.49 -17149.9 -4.76319
2820000 300.157 -17224.8 -0.652415
2821000 300.836 -17182.7 11.522
2822000 300.206 -17167.2 -6.27235
2823000 300.563 -17198.2 8.90517
2824000 299.646 -17196.8 4.30783
2825000 301.282 -17225.9 -14.2375
2826000 299.096 -17250.3 25.5552
2827000 299.321 -17189.2 6.95507
2828000 299.883 -17200.3 22.8612
2829000 302.167 -17189.2 -20.3203
2830000 300.367 -17170.2 5.90873
2831000 299.454 -17181.8 13.2213
2832000 298.612 -17256.2 -9.52644
2833000 300.993 -17189.5 10.4937
2834000 300.379 -17177.1 -9.91662
2835000 300.213 -17173.3 25.0294
2836000 297.879 -17221.1 -17.4277
2837000 300.176 -17167.8 7.957
2838000 299.105 -17238.4 6.60146
2839000 298.802 -17240.9 -12.783
2840000 300.315 -17194.1 12.1552
2841000 298.733 -17205.2 -26.806
2842000 298.782 -17219.3 48.4124
2843000 299.727 -17206.3 -62.2122
2844000 300.227 -17154.3 20.3231
2845000 300.798 -17137.5 -11.9133
2846000 300.306 -17135 -18.1725
2847000 300.291 -17196.7 5.0779
2848000 299.577 -17248.1 -15.0859
2849000 298.886 -17222.1 20.9758
2850000 301.331 -17140.1 -14.8065
2851000 299.512 -17238.2 14.7481
2852000 300.726 -17237.2 -2.37025
2853000 300.076 -17185 10.9768
2854000 301.256 -17171 -6.50166
2855000 300.327 -17185.6 -6.24069
2856000 301.212 -17148 17.4332
2857000 302.149 -17180.5 -9.02224
2858000 299.573 -17237.8 -5.89778
2859000 299.683 -17233.7 -4.46042
2860000 303.019 -17128.2 0.360451
2861000 299.879 -17190.4 24.2349
2862000 299.614 -17202.1 6.60639
2863000 300.319 -17208.6 1.18899
2864000 298.689 -17211 4.42358
2865000 300.548 -17189.1 -5.32799
2866000 299.724 -17173.1 17.5582
2867000 300.976 -17199 -17.5632
2868000 300.323 -17162.2 30.7561
2869000 298.521 -17224.5 -26.6807
2870000 299.457 -17254.4 26.2238
2871000 300.533 -17189 -7.97507
2872000 300.945 -17203.9 -3.46282
2873000 301.549 -17190.3 13.795
2874000 300.487 -17220.3 0.696152
2875000 300.027 -17174.6 11.6888
2876000 301.585 -17153 -16.4937
2877000 300.694 -17197.7 12.5248
2878000 300.594 -17216.3 -15.5104
