# Time-averaged data for fix 3
# TimeStep v_Temperature v_PotentialEnergy v_Pressure
2000 300.487 -17007.3 -35.7837
3000 299.726 -17058.7 14.8926
4000 300.366 -17082.7 -4.67842
5000 299.646 -17094.6 12.1585
6000 300.144 -17137.7 -3.46188
7000 300.352 -17164.2 -8.92985
8000 299.826 -17153 11.1232
9000 299.331 -17161.3 -19.4165
10000 299.973 -17110.7 14.3585
11000 300.612 -17109.6 -2.1224
12000 299.458 -17134.5 3.96572
13000 299.432 -17130.4 -8.78385
14000 299.373 -17144.3 -11.1703
15000 301.368 -17099 5.44014
16000 300.535 -17119.5 17.4833
17000 298.875 -17111.7 0.804561
18000 299.257 -17124.8 -13.5021
19000 300.758 -17088.2 16.3633
20000 301.042 -17113.1 -39.3693
21000 300.809 -17138.7 47.9505
22000 300.033 -17137.3 -6.11756
23000 300.989 -17104.3 38.8041
24000 299.311 -17108.9 -25.885
25000 299.241 -17132 18.1839
26000 299.11 -17149.4 16.8026
27000 301.152 -17098.3 -6.79651
28000 300.808 -17091.6 5.20659
29000 299.913 -17112.5 -23.6989
30000 299.231 -17146.4 5.90202
31000 299.729 -17071.7 -23.7
32000 299.935 -17115 17.2785
33000 299.311 -17132.1 -33.0736
34000 299.924 -17175.1 36.0938
35000 300.735 -17148.7 -1.01533
36000 300.5 -17130.1 5.91099
37000 299.766 -17085.2 -10.746
38000 301.051 -17074.6 -13.6761
39000 301.651 -17071.7 2.73875
40000 299.75 -17075.9 1.48523
41000 299.601 -17132.5 31.0188
42000 299.206 -17150.9 -15.5295
43000 300.159 -17119.7 5.54979
44000 300.059 -17118.9 2.13088
45000 299.302 -17126 6.11532
46000 301.164 -17084.1 -5.61471
47000 301.252 -17123.3 2.15286
48000 300.205 -17085.6 -22.6984
49000 299.832 -17100.6 11.3155
50000 298.624 -17149.7 -5.31571
51000 300.033 -17143.2 -8.36497
52000 297.809 -17188.7 21.576
53000 299.514 -17143.1 -11.2407
54000 300.004 -17102 36.4516
55000 301.161 -17076.2 -22.5253
56000 300.958 -17100 -1.72897
57000 300.244 -17158.5 10.867
58000 301.109 -17143.5 -35.8172
59000 299.585 -17101.7 27.0859
60000 299.12 -17113.6 -7.7544
61000 299.554 -17157.1 12.0164
62000 298.985 -17164.4 34.6939
63000 300.27 -17098.1 -38.3793
64000 299.788 -17172.5 17.0814
65000 301.157 -17149.2 -22.3111
66000 300.991 -17083.1 26.043
67000 300.125 -17083.5 -14.2383
68000 300.945 -17123.9 11.7188
69000 299.225 -17111.5 6.9989
70000 299.769 -17106.2 -8.28862
71000 300.502 -17096.5 12.817
72000 298.883 -17124.4 -12.5383
73000 299.347 -17129.6 49.4167
74000 299.925 -17104.5 -51.365
75000 298.251 -17122.8 42.381
76000 298.854 -17128.9 -14.2109
77000 300.93 -17102.9 14.0958
78000 299.096 -17110.2 0.553472
79000 299.966 -17142 18.9317
80000 299.002 -17166.3 -7.19861
81000 300.19 -17128.5 -0.261487
82000 298.883 -17172.8 -26.3368
83000 300.789 -17086.7 31.258
84000 299.041 -17186.4 3.90307
85000 300.177 -17190.8 -4.85069
86000 299.931 -17135.7 4.7988
87000 299.456 -17090.6 3.00235
88000 298.765 -17100.8 6.96588
89000 300.65 -17010.8 11.9419
90000 300.547 -17026.9 -5.24975
91000 301.429 -17068.9 27.6107
92000 300.939 -17078.6 -40.2956
93000 299.072 -17142.7 -4.56986
94000 301.128 -17156.2 20.3367
95000 299.913 -17102.4 -15.2016
96000 301.689 -17071.6 30.2951
97000 299.283 -17137.8 -39.8049
98000 299.824 -17107.9 29.7078
99000 299.917 -17094.8 -19.9518
100000 298.152 -17155.4 18.8377
101000 300.43 -17154.6 -17.1771
102000 301.552 -17097 28.5324
103000 300.048 -17104.8 -16.9735
104000 298.616 -17169.3 -18.1716
105000 301.415 -17145 23.9929
106000 300.141 -17157.1 -30.4934
107000 298.648 -17191.9 17.0203
108000 299.415 -17158.7 -31.6365
109000 301.063 -17125.2 2.97591
110000 300.66 -17127.1 -17.4733
111000 301.316 -17114.1 14.0322
112000 299.013 -17112.2 -9.90281
113000 302.02 -17068.9 23.6821
114000 299.898 -17079.5 -36.5446
115000 300.445 -17048.9 17.3345
116000 299.749 -17167.4 -13.2695
117000 299.229 -17189.1 12.9381
118000 299.833 -17167.1 2.12363
119000 299.893 -17189.7 -9.53575
120000 300.386 -17139.2 8.66283
121000 299.574 -17160 -22.4547
122000 298.829 -17194.2 30.1052
123000 301.459 -17143.9 -57.2648
124000 299.764 -17083 58.0532
125000 299.782 -17100.6 -54.4376
126000 298.138 -17140.1 38.0638
127000 297.967 -17146.6 -20.6352
128000 300.215 -17111.2 13.7131
129000 299.755 -17136.9 -17.3094
130000 300.069 -17117.8 12.8724
131000 300.777 -17158.7 -0.0927596
132000 299.168 -17124.1 -13.6344
133000 299.629 -17121.9 22.0147
134000 299.126 -17108 -14.6038
135000 301.409 -17149.7 6.55129
136000 299.906 -17133.3 -8.05354
137000 302.134 -17091.9 -0.140092
138000 299.625 -17123.9 6.64872
139000 299.92 -17147.1 8.77027
140000 298.926 -17162.2 -5.71297
141000 300.148 -17086.3 -1.43007
142000 300.001 -17152.7 2.11631
143000 300.545 -17146.8 10.7395
144000 299.453 -17135 -4.41007
145000 300.443 -17107.1 8.42382
146000 300.235 -17138.4 -1.89206
147000 300.374 -17129.4 -18.5875
148000 301.369 -17143.3 38.4543
149000 299.035 -17186.3 -36.1008
150000 299.278 -17181.3 3.26679
151000 302.619 -17120.6 -33.5318
152000 299.677 -17143.4 37.1657
153000 300.773 -17137.4 -25.8924
154000 299.921 -17132.6 11.7311
155000 300.1 -17157.7 -7.33331
156000 299.318 -17153.3 31.338
157000 299.977 -17103.8 -4.57587
158000 299.125 -17178.8 -7.60063
159000 301.079 -17147.5 34.6502
160000 299.39 -17152.4 -17.3699
161000 298.918 -17164.8 30.8875
162000 300.721 -17108.3 -20.1868
163000 301.321 -17163.6 3.06439
164000 299.636 -17155.3 9.88207
165000 300.645 -17116.8 -20.9044
166000 300.078 -17117.2 13.5447
167000 299.652 -17173.3 -34.5414
168000 300.149 -17210.3 7.96879
169000 299.702 -17183.8 8.97641
170000 298.519 -17154.7 -8.16024
171000 299.187 -17159 22.6308
172000 299.614 -17129.3 -4.3287
173000 299.765 -17109.9 5.73277
174000 301.28 -17087.2 -8.51274
175000 299.642 -17113.4 -8.08754
176000 300.78 -17117.8 18.2953
177000 298.701 -17149.1 -22.357
178000 300.155 -17103.7 20.3103
179000 298.737 -17162.8 -20.8217
180000 300.656 -17149.2 11.095
181000 299.469 -17147 17.3817
182000 299.829 -17132.8 -3.68738
183000 299.852 -17131.3 19.4367
184000 300.278 -17085.4 -25.7395
185000 299.313 -17148.9 15.8784
186000 301.885 -17111.1 -45.414
187000 298.761 -17182.3 40.7089
188000 300.233 -17147.4 -24.3395
189000 300.298 -17147.3 11.7804
190000 299.937 -17166.4 1.00203
191000 299.871 -17210.3 24.6715
192000 300.129 -17130.7 -5.51884
193000 300.178 -17143.1 10.8579
194000 300.189 -17203 -15.9404
195000 299.009 -17195.5 14.2888
196000 301.823 -17154 -6.55206
197000 298.659 -17161.2 -16.2568
198000 300.637 -17099.2 23.2537
199000 302.096 -17100.3 -10.5398
200000 299.247 -17150.2 -8.78345
201000 301.803 -17158.2 -4.78753
202000 299.552 -17119.6 21.8818
203000 299.077 -17125.1 7.9405
204000 301.077 -17124 -12.0438
205000 300.021 -17085.4 2.23398
206000 300.858 -17123.9 -12.4653
207000 299.798 -17150.3 16.1852
208000 300.857 -17137.1 -18.5354
209000 298.498 -17236.1 23.4252
210000 300.786 -17179.2 -32.2849
211000 299.968 -17126.8 21.8274
212000 299.941 -17176.4 -22.2285
213000 299.884 -17182.1 23.5671
214000 298.995 -17245.7 -12.7386
215000 300.337 -17168.8 -5.7904
216000 299.945 -17188.8 -18.547
217000 298.831 -17210.9 22.8069
218000 299.484 -17170.2 4.10256
219000 299.967 -17201.6 1.48394
220000 300.26 -17136.8 -20.7347
221000 299.661 -17178.2 8.96
222000 300.263 -17206.8 -11.7438
223000 299.9 -17193 14.057
224000 299.66 -17153.9 -10.2536
225000 300.414 -17174.2 -5.55039
226000 299.652 -17196.8 8.22874
227000 298.761 -17207 0.106685
228000 300.112 -17156.3 14.9868
229000 302.036 -17133.2 7.92946
230000 300.354 -17133.7 -7.04053
231000 299.605 -17180.1 -9.44794
232000 298.899 -17152.6 7.03649
233000 300.508 -17191.6 -13.4032
234000 301.228 -17173.6 -10.6229
235000 299.979 -17131.4 34.2387
236000 300.397 -17172.1 -29.9625
237000 300.013 -17121.9 14.6951
238000 299.861 -17094.3 -13.2537
239000 298.801 -17176.8 21.597
240000 300.305 -17160.4 -3.96297
241000 300.354 -17172.5 1.02727
242000 301.356 -17146.8 -3.14697
243000 300.902 -17141.2 9.50934
244000 299.348 -17181.5 4.49358
245000 299.004 -17203 5.98803
246000 300.981 -17165.2 4.00805
247000 300.89 -17165.3 6.56489
248000 299.278 -17198.8 9.94308
249000 301.009 -17156.2 -23.4857
250000 300.197 -17150.2 -4.67239
251000 300.861 -17138.7 3.00528
252000 299.371 -17175.9 -13.2175
253000 300.504 -17189.3 14.547
254000 298.551 -17183.6 -5.23762
255000 299.769 -17156.5 4.60649
256000 300.049 -17173.3 -13.4514
257000 298.937 -17135.9 18.8873
258000 299.576 -17135.2 -19.4462
259000 300.328 -17164.6 -8.40712
260000 301.172 -17155.7 10.4675
261000 300.214 -17200.4 -2.38612
262000 300.169 -17169.3 5.72887
263000 299.415 -17140.1 0.0824946
264000 300.614 -17141.5 -7.20361
265000 299.702 -17174.1 20.0106
266000 300.969 -17147.5 -13.5132
267000 299.545 -17143.2 -8.34047
268000 299.867 -17148.9 25.8429
269000 300.381 -17154.2 -13.2913
270000 300.184 -17200 32.3142
271000 300.645 -17180.8 -26.342
272000 299.829 -17160.7 17.7639
273000 300.072 -17187 -12.5299
274000 298.874 -17218 19.4628
275000 300.541 -17151.1 -29.2208
276000 300.081 -17191.8 11.8703
277000 299.307 -17118.5 -11.8873
278000 298.692 -17200.5 -10.9823
279000 298.345 -17199.5 -1.74114
280000 300.211 -17183.2 -1.47563
281000 300.127 -17135.6 -18.3065
282000 299.028 -17192 23.5084
283000 301.09 -17141.3 -5.14159
284000 301.313 -17150.8 4.54346
285000 300.201 -17152 -14.2257
286000 300.152 -17194.1 3.32489
287000 300.68 -17163 -16.6676
288000 299.849 -17188 27.9866
289000 299.523 -17184.2 -8.66261
290000 299.937 -17217 -4.17672
291000 298.949 -17273.8 7.11191
292000 298.575 -17272.1 -13.8395
293000 300.409 -17193.6 20.246
294000 299.568 -17233.7 -14.7042
295000 299.312 -17229 -10.1908
296000 301.512 -17192.4 -5.86138
297000 299.246 -17197 -42.0771
298000 298.302 -17194.5 46.0308
299000 298.468 -17206.5 -23.6309
300000 299.403 -17221.7 20.8771
301000 300.67 -17157.1 -19.3162
302000 301.359 -17166.5 32.654
303000 300.734 -17172.6 -20.9277
304000 300.639 -17179.8 11.6424
305000 299.187 -17172.9 -31.6121
306000 299.434 -17166.6 19.702
307000 300.182 -17152 -7.24781
308000 300.025 -17149.1 -10.4434
309000 300.553 -17182.8 14.4447
310000 298.813 -17214.9 -16.0011
311000 300.341 -17177.5 38.3814
312000 300.221 -17189.8 -42.8584
313000 299.628 -17217.4 23.9539
314000 301.484 -17150.7 -8.98293
315000 299.47 -17209.5 16.4999
316000 299.864 -17160.8 -0.752797
317000 300.216 -17187.9 -4.91972
318000 300.662 -17238 1.48525
319000 300.945 -17189.5 3.75737
320000 300.648 -17176.8 9.46224
321000 298.722 -17222.4 -12.8447
322000 299.562 -17193.4 1.35606
323000 299.527 -17186.5 22.5803
324000 300.08 -17184.1 -22.2035
325000 300.909 -17163.6 10.5822
326000 300.519 -17143.9 -31.9914
327000 299.955 -17216 19.5132
328000 299.941 -17181.3 -2.8859
329000 298.942 -17199.4 -3.56186
330000 300.194 -17192.4 3.1106
331000 302.122 -17155.5 -10.8024
332000 299.374 -17185.3 4.86778
333000 298.523 -17188.4 -12.0058
334000 300.708 -17165.1 -7.80251
335000 301.044 -17156.3 21.554
336000 298.585 -17167.5 -28.5523
337000 300.204 -17154.4 15.2331
338000 301.464 -17218 -14.5533
339000 299.257 -17175.5 6.82822
340000 300.383 -17169.8 -15.0032
341000 300.494 -17156 13.3523
342000 300.616 -17196.2 -10.4309
343000 297.645 -17285.2 6.4336
344000 300.185 -17206.1 17.4431
345000 298.761 -17232.7 -1.41766
346000 300.659 -17165.8 3.51624
347000 299.328 -17234.2 6.10887
348000 301.493 -17182.3 5.73274
349000 301.337 -17144 -17.4375
350000 300.509 -17176.1 23.7447
351000 301.46 -17199.7 -15.6817
352000 298.865 -17220.9 13.0222
353000 300.014 -17177.7 -2.32313
354000 299.626 -17224.2 -4.96685
355000 300.775 -17269.8 9.7896
356000 299.371 -17245.8 -21.0014
357000 300.512 -17167.7 27.7961
358000 300.053 -17205.7 -9.23691
359000 298.987 -17196.5 20.2546
360000 300.774 -17198.2 -13.9169
361000 300.684 -17187.7 7.82544
362000 301.033 -17158.5 4.79472
363000 300.402 -17155.6 -0.819425
364000 299.228 -17179.7 -7.50983
365000 300.52 -17107.1 3.71313
366000 301.006 -17171.1 29.3832
367000 300.765 -17160.6 -42.8696
368000 299.903 -17161.9 51.8766
369000 299.975 -17184.5 -52.8406
370000 299.831 -17214.2 43.874
371000 299.968 -17180.8 -20.0251
372000 300.115 -17187.3 12.6209
373000 298.961 -17192.9 12.6602
374000 301.927 -17186.3 -17.8655
375000 299.676 -17209.1 13.473
376000 298.517 -17202.5 -37.5237
377000 298.937 -17209.3 36.5765
378000 298.412 -17260.9 -23.2041
379000 299.605 -17228.4 13.7436
380000 300.122 -17233.7 -16.9329
381000 299.578 -17200.8 -23.8876
382000 301.365 -17185.1 36.4324
383000 301.001 -17177.1 -31.0253
384000 300.373 -17154.3 15.1163
385000 299.77 -17248.3 -11.8243
386000 299.861 -17214.6 11.227
387000 299.25 -17266.6 -22.0578
388000 299.154 -17187.1 25.887
389000 300.059 -17219 -30.589
390000 300.207 -17176 44.6243
391000 298.739 -17169.1 -29.9056
392000 299.013 -17191.8 3.07545
393000 300.028 -17224.6 0.155413
394000 299.837 -17200.4 1.54998
395000 298.597 -17223.8 14.9315
396000 299.937 -17199.1 -17.5586
397000 299.298 -17207 17.9501
398000 299.036 -17206.7 -10.1531
399000 301.031 -17229.1 21.3302
400000 299.517 -17204.3 -21.9852
401000 299.494 -17157.1 26.3012
402000 300.621 -17196.7 -16.6478
403000 300.777 -17166 19.9877
404000 300.781 -17164.5 -37.5262
405000 300.31 -17189.7 23.5833
406000 299.469 -17200.4 7.77909
407000 299.071 -17245.7 18.1494
408000 299 -17225.1 -5.1472
409000 299.831 -17253 -0.741692
410000 302.319 -17219.5 0.966932
411000 298.967 -17239.4 38.9241
412000 298.524 -17226.2 -10.524
413000 301.102 -17104.1 18.6307
414000 301.986 -17133.4 -15.4523
415000 300.252 -17186 41.1311
416000 298.452 -17184 -37.2075
417000 301.607 -17187.6 20.8006
418000 301.071 -17189.3 -9.04281
419000 298.236 -17234.5 25.1703
420000 300.475 -17206.6 -14.763
421000 298.695 -17239.3 2.48701
422000 300.72 -17190.6 6.23249
423000 301.157 -17203.1 -17.4864
424000 299.53 -17207.8 14.8094
425000 299.408 -17255.6 -21.7019
426000 300.709 -17210.6 41.0946
427000 299.676 -17195.1 -26.0906
428000 299.957 -17270.8 4.3456
429000 298.765 -17243.3 10.2695
430000 300.918 -17225.1 14.0718
431000 300.212 -17211.4 0.0121123
432000 300.544 -17182.5 -22.0834
433000 301.628 -17127.5 19.5829
434000 301.004 -17177.5 -46.0233
435000 301.089 -17190.2 37.2637
436000 300.641 -17227.7 -0.677418
437000 301.613 -17187.3 -11.9761
438000 301.021 -17191.9 -4.43381
439000 299.662 -17182 -13.0016
440000 298.367 -17193.2 -2.16598
441000 300.574 -17200.1 -9.3705
442000 298.176 -17226.1 15.8027
443000 299.632 -17233.7 -13.6368
444000 298.485 -17311.3 -12.3102
445000 299.469 -17202.8 8.01166
446000 300.198 -17206.4 7.74547
447000 299.241 -17230.4 -6.57607
448000 299.593 -17206 42.4202
449000 300.317 -17108.6 -17.6651
450000 300.076 -17170.1 20.0567
451000 300.881 -17204 2.75201
452000 301.278 -17128.3 18.1389
453000 299.036 -17145.8 -4.26811
454000 300.94 -17155.4 -11.6225
455000 298.979 -17133.3 27.4106
456000 299.733 -17194.6 -24.4189
457000 300.435 -17141.9 -5.54031
458000 300.739 -17128.9 -6.54211
459000 299.21 -17188.3 28.1649
460000 300.349 -17245.5 -35.1107
461000 298.54 -17226.1 15.8125
462000 301.279 -17153.7 8.34776
463000 300.014 -17147.8 -17.9504
464000 299.289 -17123.6 25.1731
465000 299.772 -17186.3 -7.17808
466000 300.513 -17174 30.0382
467000 299.436 -17223.3 -21.5363
468000 301.094 -17232.9 -2.44159
469000 299.699 -17247.9 13.585
470000 300.937 -17208.8 -20.6518
471000 300.388 -17179.4 36.9183
472000 299.111 -17209.4 -46.2364
473000 301.496 -17143.8 47.4335
474000 298.141 -17205.6 -16.8525
475000 300.09 -17134.3 15.5329
476000 298.778 -17181.4 0.833683
477000 299.854 -17103.3 2.47115
478000 299.134 -17181.5 -1.64103
479000 298.104 -17205.4 -10.8056
480000 299.263 -17179.6 26.3179
481000 299.411 -17197 12.5973
482000 300.045 -17177.5 -4.59375
483000 300.433 -17191.9 16.4644
484000 298.671 -17209.4 2.91775
485000 298.92 -17205.1 3.90865
486000 301.145 -17154.3 10.5707
487000 298.926 -17195.9 5.1942
488000 299.72 -17184.6 -4.15588
489000 302.223 -17142.2 12.2813
490000 299.658 -17176.7 5.74069
491000 298.358 -17217.4 -10.285
492000 301.188 -17199.1 5.01973
493000 300.601 -17202.9 -13.6811
494000 298.075 -17215.5 8.31308
495000 300.644 -17209.6 -0.171113
496000 299.626 -17243.1 -0.687788
497000 299.377 -17223.1 -18.4334
498000 300.562 -17186.9 31.8657
499000 299.175 -17222.7 -26.5284
500000 300.162 -17227.4 41.222
501000 300.554 -17260.2 -10.0549
502000 300.524 -17214.6 -7.16816
503000 299.137 -17226.1 4.13041
504000 299.648 -17232.5 -12.8377
505000 301.182 -17213 -6.19224
506000 300.087 -17222.4 3.59876
507000 300.235 -17181.9 -11.0492
508000 300.171 -17153.1 14.1058
509000 299.192 -17183.1 27.9644
510000 300.006 -17168.7 -17.3114
511000 301.786 -17154.2 2.79632
512000 299.062 -17200.7 -18.9903
513000 298.97 -17202.7 35.1742
514000 298.939 -17233.8 -29.7584
515000 298.104 -17255.4 30.0602
516000 301.078 -17165.2 19.973
517000 299.517 -17181.1 -17.6742
518000 299.667 -17174.1 22.635
519000 298.705 -17155.3 -10.5441
520000 299.702 -17192.7 7.99511
521000 299.337 -17173.6 -3.5122
522000 299.233 -17215.8 -5.64902
523000 300.461 -17201 5.64644
524000 300.199 -17245.1 -13.1268
525000 301.236 -17230.4 17.2066
526000 299.921 -17238.3 -40.4957
527000 301.025 -17184 33.7415
528000 300.831 -17197.4 -17.6389
529000 299.396 -17216.9 13.1538
530000 300.709 -17166.5 -6.61991
531000 299.48 -17236.1 -15.7541
532000 300.072 -17201.9 8.00405
533000 301.629 -17167.6 -21.7234
534000 300.295 -17180.8 34.0393
535000 300.201 -17190.8 -28.343
536000 299.595 -17217.7 1.18475
537000 300.174 -17235.6 -1.97527
538000 299.197 -17218.5 11.6263
539000 300.341 -17197.8 7.70537
540000 299.972 -17218.2 -7.14853
541000 300.127 -17205.6 8.94666
542000 300.047 -17222.1 -1.48432
543000 299.872 -17215.4 8.75997
544000 300.807 -17229.4 -4.45586
545000 300.341 -17242.8 15.5217
546000 301.562 -17173.5 -18.1503
547000 298.621 -17214.9 19.9147
548000 300.071 -17192.7 -34.2662
549000 300.546 -17227.1 13.7179
550000 298.171 -17233.8 -21.6302
551000 301.072 -17141.6 17.5883
552000 301.302 -17191.8 -6.09721
553000 300.662 -17230 3.47517
554000 299.96 -17221.6 -22.5408
555000 301.051 -17217 19.9384
556000 299.301 -17186 -0.0622891
557000 299.69 -17244.5 1.56893
558000 300.276 -17231.1 7.00182
559000 299.719 -17210.8 3.73475
560000 299.01 -17238.7 27.7435
561000 298.648 -17254.3 -9.0843
562000 299.733 -17250.8 -0.434936
563000 301.341 -17193.3 -19.4165
564000 299.872 -17255.7 23.0393
565000 299.349 -17223.1 -11.8403
566000 299.719 -17260.9 9.65742
567000 299.331 -17202.6 -16.1911
568000 299.567 -17188.2 -14.8518
569000 300.185 -17162.4 34.1267
570000 298.79 -17250.1 -24.6656
571000 300.759 -17202.1 53.4535
572000 299.513 -17217.3 -35.6139
573000 300.038 -17207.2 36.2842
574000 299.71 -17206.5 -20.6021
575000 299.749 -17234.3 19.4944
576000 300.797 -17237.3 -33.4559
577000 299.523 -17266.2 28.1973
578000 299.282 -17262.7 -26.1928
579000 298.334 -17255.3 19.0633
580000 300.885 -17243.9 -39.8919
581000 299.889 -17238.3 40.4809
582000 299.164 -17195 -31.3086
583000 300.391 -17177.5 27.9209
584000 300.21 -17243.9 1.6889
585000 300.051 -17255.8 -10.0633
586000 299.153 -17253.8 4.64579
587000 299.929 -17269 -9.5313
588000 299.666 -17205.1 26.6309
589000 299.043 -17249.6 -24.3026
590000 300.851 -17166.6 20.8029
591000 299.27 -17198.8 -10.3898
592000 300.69 -17170 12.8618
593000 299.057 -17207.4 -9.43786
594000 301.399 -17159.7 5.00326
595000 300.581 -17187.3 -17.8934
596000 300.087 -17205.5 21.7978
597000 300.072 -17160 -6.26384
598000 300.55 -17188.6 -6.4629
599000 298.778 -17256.6 4.25397
600000 300.81 -17181.4 -11.9679
601000 300.009 -17210.6 -5.9068
602000 300.061 -17184.1 2.9144
603000 300.148 -17178.4 4.84135
604000 299.823 -17213.8 -0.0272657
605000 301.245 -17215.5 13.9983
606000 299.86 -17174.3 -20.1879
607000 301.827 -17186.4 33.2695
608000 299.576 -17211.5 -10.7523
609000 300.237 -17225.5 37.3165
610000 299.491 -17230.5 -2.91036
611000 299.535 -17214.1 0.95286
612000 298.208 -17235.2 16.6292
613000 300.114 -17184.1 -34.7812
614000 299.894 -17204.6 -6.14931
615000 301.029 -17175.8 -9.56202
616000 300.578 -17198.5 21.7176
617000 299.065 -17201.7 -21.1264
618000 299.626 -17173.7 38.127
619000 300.784 -17204 -25.4177
620000 299.51 -17229.3 21.7924
621000 299.42 -17264.4 1.61145
622000 300.602 -17158.3 -8.04604
623000 300.331 -17142.3 20.207
624000 301.216 -17194.1 -37.045
625000 300.311 -17214.8 38.9121
626000 299.425 -17184.7 -5.27668
627000 300.658 -17170.9 3.67818
628000 299.968 -17241.1 11.1581
629000 300.468 -17213.6 -40.0451
630000 299.717 -17200.7 29.394
631000 299.5 -17239.1 -9.49267
632000 300.769 -17220.7 -33.6525
633000 299.804 -17227 36.4466
634000 299.799 -17214 -59.2373
635000 299.698 -17199.7 59.7623
636000 299.649 -17183.9 -34.4312
637000 300.017 -17214.2 22.331
638000 300.145 -17230.2 -13.9638
639000 299.76 -17208.5 -4.57614
640000 299.548 -17172.6 15.168
641000 300.392 -17189.2 -31.8324
642000 300.962 -17168.5 30.2408
643000 300.854 -17176.3 -18.1458
644000 300.63 -17164.7 26.8808
645000 300.062 -17196.3 -6.40502
646000 299.19 -17246.7 39.35
647000 298.398 -17262.8 -41.5812
648000 299.799 -17274 13.5162
649000 300.784 -17180.2 2.12116
650000 300.076 -17178.8 13.3382
651000 300.011 -17194.8 -10.8402
652000 299.167 -17200.3 3.93271
653000 300.842 -17165.1 35.8568
654000 300.957 -17131.2 -23.9109
655000 301.396 -17144.3 23.7425
656000 298.586 -17206.8 -32.3235
657000 298.708 -17205.7 22.898
658000 300.83 -17145.4 -3.77613
659000 300.179 -17156 1.20969
660000 299.848 -17262.5 2.42971
661000 299.405 -17257.3 4.68577
662000 298.941 -17256.6 1.60317
663000 299.604 -17221.3 -16.2198
664000 300.478 -17239.5 21.9697
665000 299.598 -17230.9 -17.4355
666000 299.477 -17229.4 22.2209
667000 299.804 -17243.7 -9.92574
668000 301.676 -17188.8 34.0339
669000 299.77 -17191.9 -17.219
670000 300.826 -17211 33.1321
671000 298.237 -17208.1 -8.96352
672000 299.907 -17251.7 -10.1425
673000 298.415 -17254.7 15.1043
674000 301.106 -17207.6 -19.8429
675000 300.552 -17214.2 -4.16929
676000 301.466 -17180.2 -19.0596
677000 300.793 -17218.4 0.57829
678000 300.816 -17220.1 3.45051
679000 299.413 -17238.1 -20.0796
680000 298.628 -17228.2 -0.691938
681000 299.615 -17198.3 20.263
682000 299.757 -17196.9 -4.37722
683000 300.303 -17236.3 20.4528
684000 299.413 -17252.5 2.32491
685000 299.905 -17232.2 -12.4166
686000 299.751 -17216.1 -6.94793
687000 299.518 -17229.4 -1.05897
688000 301.476 -17222.5 3.13777
689000 299.772 -17202.7 -4.93356
690000 299.038 -17200.7 18.0378
691000 299.992 -17219 -24.1198
692000 299.875 -17188 18.9687
693000 300.157 -17203.2 -9.30592
694000 298.982 -17236 3.00242
695000 301.575 -17196.2 -11.6909
696000 300.196 -17224.4 -3.52896
697000 298.504 -17215.9 0.396316
698000 298.716 -17228.3 1.82171
699000 300.85 -17189.8 18.9954
700000 300.106 -17245.6 -11.7295
701000 299.886 -17277 17.8669
702000 300.242 -17248.5 -28.5031
703000 299.588 -17229.6 38.5604
704000 299.077 -17236 -31.264
705000 300.988 -17233.8 15.3059
706000 300.606 -17252.3 -6.01075
707000 300.48 -17187.2 4.97426
708000 301.726 -17211.3 24.4255
709000 300.285 -17229.7 -30.4302
710000 299.378 -17268 6.51611
711000 300.87 -17238.4 13.8103
712000 300.738 -17200.3 4.45527
713000 300.39 -17227.9 6.45679
714000 298.953 -17275.4 -11.9201
715000 300.431 -17237.8 18.7103
716000 301.19 -17179.4 -17.5539
717000 299.854 -17268.8 20.944
718000 300.855 -17236.7 -3.63263
719000 299.574 -17260.9 1.04141
720000 300.268 -17229.2 16.3866
721000 298.839 -17243.6 -5.61622
722000 300.848 -17231.7 12.1472
723000 300.091 -17243.6 -2.97349
724000 299.505 -17215.3 18.037
725000 300.196 -17136.7 -29.8203
726000 299.999 -17221.6 37.5793
727000 299.769 -17292.4 -7.48426
728000 300.177 -17265.6 24.0611
729000 298.645 -17233.7 6.99263
730000 299.988 -17235.9 -12.5049
731000 299.913 -17210.6 20.3679
732000 299.628 -17245.4 -6.8505
733000 300.061 -17261.3 10.7282
734000 300.097 -17271 -9.86588
735000 299.998 -17205.4 15.2104
736000 300.755 -17237.6 -16.6838
737000 300.591 -17290.1 -0.99691
738000 299.293 -17226.2 -7.1677
739000 298.9 -17248.7 19.4121
740000 299.317 -17270.2 9.5413
741000 301.033 -17255.8 -23.2332
742000 299.092 -17262.2 -0.521428
743000 299.474 -17219.1 -2.33674
744000 297.905 -17238.7 18.6549
745000 299.993 -17202.4 -24.1714
746000 299.393 -17268 45.4284
747000 300.426 -17244.5 -40.551
748000 298.573 -17258.9 36.3076
749000 298.182 -17293.6 -9.31352
750000 300.378 -17210.8 25.3093
751000 302.022 -17214.8 -1.62388
752000 298.784 -17246.9 0.645385
753000 299.669 -17231.1 25.8584
754000 300.037 -17194.7 -9.60062
755000 300.993 -17203.7 5.78643
756000 300.634 -17257.5 6.8881
757000 298.954 -17226.5 22.1538
758000 299.328 -17277.5 -7.4815
759000 299.261 -17241.1 -8.08475
760000 299.381 -17286 -3.39705
761000 300.559 -17219 -16.4176
762000 301.364 -17232.9 20.3129
763000 301.717 -17208.3 -5.15662
764000 301.079 -17246.5 13.0945
765000 300.171 -17247.4 -8.58052
766000 300.375 -17229.3 -21.2337
767000 299.147 -17270.6 12.2596
768000 298.511 -17274.2 11.4881
769000 299.964 -17188 -4.51979
770000 299.795 -17238.8 7.26128
771000 300.069 -17228.1 -24.0237
772000 299.715 -17212 23.4936
773000 298.477 -17292.1 -8.39761
774000 300.602 -17223.5 4.17137
775000 300.471 -17216 5.66204
776000 299.057 -17251.5 -9.10716
777000 299.939 -17207.8 23.4116
778000 299.419 -17243.5 -20.0385
779000 299.826 -17239.4 51.7392
780000 300.982 -17245.7 -47.8245
781000 299.341 -17227.6 28.3669
782000 300.071 -17243 -17.3791
783000 301.558 -17206.5 0.833118
784000 301.186 -17206.9 -2.3918
785000 300.131 -17243.6 -7.3505
786000 298.206 -17234.5 9.62682
787000 301.87 -17222.4 -4.85902
788000 299.733 -17210.1 -17.059
789000 299.829 -17216.3 19.7957
790000 297.843 -17269.7 -18.691
791000 299.607 -17236.4 -0.30493
792000 300.379 -17219.2 -15.0265
793000 300.442 -17247.8 26.4271
794000 301.527 -17171 4.17952
795000 300.051 -17234.6 -1.91882
796000 300.427 -17214.5 -11.01
797000 298.421 -17217.9 -2.7935
798000 299.674 -17185.8 -4.63676
799000 299.082 -17214.8 5.55777
800000 297.968 -17244.9 -19.1154
801000 300.009 -17241.5 41.4879
802000 300.531 -17183.4 -37.5826
803000 299.666 -17205.8 27.5311
804000 299.307 -17208.1 -6.63389
805000 300.389 -17210.9 -4.50964
806000 299.757 -17198.7 7.56609
807000 298.953 -17188.2 -34.1295
808000 299.35 -17209.3 27.0489
809000 300.131 -17209.8 -22.0941
810000 299.805 -17201.8 27.9138
811000 299.88 -17206 -24.8777
812000 300.002 -17243.3 11.027
813000 299.988 -17245.1 -25.9713
814000 301.637 -17148.9 13.5475
815000 298.187 -17231.4 7.53925
816000 299.815 -17192.3 21.384
817000 300.552 -17210.8 -9.35438
818000 301.013 -17199 6.22419
819000 299.714 -17182.3 6.54113
820000 299.61 -17187 -10.0554
821000 300.822 -17179.5 3.87192
822000 299.541 -17181.5 5.88178
823000 300.511 -17138.4 4.90061
824000 300.229 -17169.5 19.8799
825000 299.062 -17192.3 -22.2165
826000 299.316 -17236 31.3488
827000 301.282 -17157 -30.7489
828000 299.418 -17212.1 43.911
829000 299.154 -17199.8 -8.8757
830000 301.836 -17187.2 18.912
831000 299.413 -17201.3 -39.1221
832000 302.173 -17198.4 29.1426
833000 299.161 -17210.5 -17.4757
834000 299.632 -17244.6 -6.36935
835000 299.058 -17244.6 19.2274
836000 300.68 -17213.5 -23.0778
837000 300.738 -17251.1 5.06393
838000 298.41 -17218.5 6.73414
839000 299.542 -17212.7 1.92984
840000 300.163 -17218.2 -3.59746
841000 300.704 -17183.1 26.6709
842000 301.263 -17200.6 -39.3716
843000 298.988 -17257.7 35.6563
844000 299.241 -17274.8 -21.3982
845000 301.217 -17256 13.2572
846000 299.139 -17252.4 -27.9028
847000 301.995 -17221.7 11.0984
848000 299.621 -17212.6 26.3625
849000 300.559 -17205 -22.1211
850000 300.235 -17201 26.8805
851000 301.685 -17175.3 -44.6499
852000 299.512 -17216.9 27.2606
853000 299.913 -17205.1 -12.2781
854000 299.168 -17185.3 -14.6323
855000 300.009 -17243 5.16059
856000 299.992 -17246.8 -7.31359
857000 301.154 -17232.3 -2.92073
858000 301.888 -17220.1 12.932
859000 299.892 -17231.3 -28.7127
860000 299.914 -17201.6 17.5948
861000 302.555 -17149.4 3.6799
862000 300.948 -17226.1 5.26612
863000 301.43 -17179.3 -33.4867
864000 298.895 -17202.3 43.4316
865000 298.673 -17180.2 -19.1628
866000 300.014 -17204.7 23.0971
867000 299.91 -17157.2 0.783104
868000 299.357 -17188.2 0.458029
869000 299.77 -17188.1 19.4901
870000 298.468 -17266 -12.3334
871000 300.35 -17177.7 37.1399
872000 299.83 -17143.4 -38.2757
873000 299.954 -17161.5 38.4444
874000 299.991 -17194.9 -4.31029
875000 300.271 -17180.3 0.446691
876000 300.361 -17187.7 -7.85773
877000 299.637 -17194.5 -12.1306
878000 298.09 -17186.1 41.2514
879000 299.788 -17189 -25.9643
880000 299.376 -17205.2 25.6008
881000 300.864 -17180.5 -20.3201
882000 300.618 -17205.7 20.8586
883000 300.335 -17185.2 -4.93673
884000 298.485 -17240.2 21.112
885000 301.514 -17197.5 9.66827
886000 300.323 -17167.1 10.2124
887000 300.014 -17201.3 -9.38048
888000 301.497 -17165.2 1.3901
889000 298.209 -17216.4 -3.67044
890000 299.896 -17269.5 1.1931
891000 298.759 -17288.2 -11.3892
892000 300.442 -17214.7 0.961631
893000 299.868 -17227.8 24.1332
894000 299.206 -17253.7 -29.511
895000 299.041 -17226.3 27.2708
896000 299.345 -17237.4 -19.6059
897000 301.976 -17160.3 37.9429
898000 301.629 -17109.5 9.41638
899000 300.217 -17135.5 -9.70253
900000 300.479 -17149.4 6.31442
901000 300.214 -17159.4 -43.9968
902000 300.236 -17188.4 31.3929
903000 300.718 -17190.4 6.08437
904000 299.656 -17134.1 8.72209
905000 301.071 -17132.2 -0.746921
906000 299.986 -17172.3 -15.3171
907000 299.225 -17164.6 19.1642
908000 299.411 -17162.9 5.70517
909000 300.636 -17171.7 1.84924
910000 300.61 -17158.6 -10.7133
911000 299.508 -17213.5 32.989
912000 298.616 -17205.6 -21.6878
913000 301.013 -17148.6 3.93549
914000 301.45 -17192.2 -36.1399
915000 300.005 -17197.3 43.8048
916000 297.651 -17217.2 -18.6971
917000 301.355 -17167 -0.976491
918000 300.437 -17157.7 11.0685
919000 298.468 -17180.8 2.34788
920000 299.783 -17161.1 10.255
921000 300.322 -17152.4 -31.3239
922000 301.392 -17162.3 73.208
923000 300.291 -17221.9 -52.0005
924000 299.445 -17199.5 29.9304
925000 298.842 -17229.9 -10.3079
926000 300.362 -17187.5 -0.306646
927000 301.236 -17198.4 -6.67085
928000 300.089 -17273 -20.1229
929000 298.794 -17209.3 14.8092
930000 300.32 -17172.9 -16.2192
931000 299.731 -17165 31.2041
932000 300.079 -17229.8 -19.9462
933000 299.925 -17184.1 30.6711
934000 298.855 -17190.6 -15.936
935000 301.372 -17185 13.3054
936000 299.685 -17174.5 -7.97981
937000 300.05 -17176.9 -23.8432
938000 301.036 -17165.3 10.892
939000 299.419 -17149.3 -2.76563
940000 299.853 -17139.4 -8.26837
941000 300.214 -17175.8 -3.72621
942000 300.05 -17161.1 9.10998
943000 299.351 -17185.8 6.17853
944000 300.089 -17233.7 20.7602
945000 300.519 -17214.4 -16.4508
946000 302.29 -17176.5 21.8268
947000 298.428 -17206.8 -7.53627
948000 300.33 -17217.5 -9.09987
949000 299.861 -17180.4 1.07971
950000 300.612 -17196.1 -26.6811
951000 300.278 -17211.9 35.6774
952000 299.023 -17199.7 -19.5334
953000 300.356 -17155.8 9.4251
954000 298.448 -17250.8 -10.417
955000 299.311 -17227.4 31.3693
956000 299.782 -17174.3 -28.7832
957000 301.648 -17176.4 30.3152
958000 301.041 -17166.6 -15.8227
959000 299.957 -17176.6 5.20689
960000 300.43 -17199.2 -2.77827
961000 300.072 -17212.8 -0.465046
962000 298.27 -17216.6 -10.0574
963000 299.87 -17216.8 11.8756
964000 300.243 -17226.3 5.37443
965000 300.605 -17182.4 -2.69327
966000 299.405 -17228.4 3.45151
967000 299.665 -17245.8 6.16517
968000 300.452 -17212.3 6.07535
969000 299.505 -17227.8 -16.1373
970000 301.084 -17196.8 7.56132
971000 299.92 -17173.7 -1.05489
972000 299.372 -17214.1 -0.0365796
973000 299.785 -17227.9 12.6904
974000 300.346 -17238.5 -13.7111
975000 299.762 -17277 20.0315
976000 299.033 -17256.1 -10.8984
977000 300.695 -17178.2 3.72499
978000 300.745 -17210.6 -1.03214
979000 299.627 -17228 14.8071
980000 299.483 -17255.6 5.39318
981000 298.133 -17236.4 -3.01851
982000 299.511 -17287.3 9.60105
983000 299.233 -17219 10.5555
984000 301.058 -17190.5 -2.59946
985000 299.696 -17191.9 -10.5288
986000 299.793 -17142.1 15.4414
987000 299.478 -17224.9 -9.61109
988000 299.285 -17225.4 -2.16978
989000 299.987 -17200.3 -8.04539
990000 300.976 -17180.9 32.1569
991000 299.407 -17215.3 -43.4268
992000 299.115 -17196 24.4907
993000 300.275 -17196.4 -22.7027
994000 297.917 -17196.4 23.8982
995000 300.924 -17198.1 -31.4315
996000 300.189 -17160.3 36.5301
997000 299.94 -17169.3 -12.5195
998000 299.591 -17184.7 1.00161
999000 299.116 -17158.2 3.17889
1000000 302.381 -17094.7 -2.01574
1001000 298.554 -17192.8 11.2218
1002000 301.051 -17175.1 -1.87398
1003000 299.885 -17204.9 12.5758
1004000 298.787 -17235.5 4.60906
1005000 300.662 -17194.4 15.1943
1006000 301.008 -17189.4 -32.2479
1007000 300.612 -17212.9 31.6992
1008000 298.42 -17244.7 -21.9141
1009000 299.028 -17203.4 32.7308
1010000 300.637 -17238.6 -41.1814
1011000 299.206 -17184 29.9912
1012000 300.698 -17210.6 -16.9668
1013000 299.797 -17210.9 12.6787
1014000 299.174 -17201.6 -4.75175
1015000 298.304 -17221.8 -13.1
1016000 301.487 -17219.3 10.6739
1017000 300.275 -17246.2 3.89043
1018000 299.59 -17226.9 9.67429
1019000 300.581 -17143.1 1.12801
1020000 300.351 -17203.3 -2.68761
1021000 299.056 -17226.7 -1.43583
1022000 300.909 -17156.3 -29.5416
1023000 300.678 -17190.7 16.9327
1024000 301.269 -17155 -23.5814
1025000 299.938 -17207 8.885
1026000 298.899 -17231.6 3.4826
1027000 300.698 -17201 -10.1253
1028000 300.619 -17150 19.3694
1029000 299.459 -17254.3 -12.5525
1030000 299.516 -17178 7.8378
1031000 299.059 -17211.1 -5.85766
1032000 301.647 -17160.6 14.7484
1033000 299.836 -17157.3 -11.9508
1034000 298.403 -17236.4 26.6309
1035000 300.059 -17190.7 -11.2165
1036000 301.547 -17172.6 29.4993
1037000 299.918 -17216.2 -35.9468
1038000 299.783 -17232.1 17.6713
1039000 301.016 -17128.9 -6.062
1040000 300.239 -17173.7 -2.12316
1041000 299.523 -17206.4 1.87648
1042000 300.765 -17191.2 -23.833
1043000 301.414 -17148.6 25.2165
1044000 299.957 -17143.9 -21.2533
1045000 298.188 -17247.8 35.8224
1046000 299.052 -17236.1 3.564
1047000 299.712 -17198.2 6.70438
1048000 298.175 -17210.6 -5.48985
1049000 299.977 -17148.3 18.4415
1050000 298.885 -17229.3 -21.7377
1051000 301.81 -17111.6 34.1562
1052000 299.983 -17156.7 -19.9512
1053000 301.393 -17184.5 10.9988
1054000 299.435 -17213.7 -7.91692
1055000 301.295 -17176.1 -25.5709
1056000 300.109 -17164.9 11.2054
1057000 297.829 -17209.2 -11.0979
1058000 299.773 -17186 35.3526
1059000 299.124 -17234.3 -17.3014
1060000 299.579 -17182.4 18.9129
1061000 300.63 -17209.6 -4.58767
1062000 299.005 -17270.7 16.7489
1063000 300.372 -17227.9 -3.13548
1064000 299.933 -17179.8 4.98072
1065000 301.163 -17167.7 -3.99062
1066000 298.608 -17261.1 -6.38053
1067000 299.834 -17242.8 2.12752
1068000 298.874 -17204.7 -0.53936
1069000 299.771 -17189.2 -12.9042
1070000 300.554 -17239.1 24.6077
1071000 298.428 -17223.9 -11.3745
1072000 299.877 -17206 13.1152
1073000 299.801 -17182.8 -24.9705
1074000 299.048 -17155.8 36.8206
1075000 300.273 -17177 -0.027821
1076000 298.119 -17226 6.52055
1077000 301.854 -17181.5 6.90099
1078000 298.444 -17256.1 1.00146
1079000 300.66 -17232.3 -9.41157
1080000 299.218 -17223.1 -4.03533
1081000 302.522 -17166.6 -20.4563
1082000 300.558 -17165.6 2.91455
1083000 299.89 -17201.7 2.29296
1084000 298.553 -17240 -29.6551
1085000 299.33 -17208.6 23.0076
1086000 299.105 -17162.5 -35.0992
1087000 299.845 -17179.6 31.7137
1088000 299.876 -17170.2 -32.7731
1089000 302.39 -17146.8 51.9556
1090000 299.878 -17134.4 -40.4819
1091000 300.218 -17166.2 51.3848
1092000 299.816 -17283.4 -32.1741
1093000 299.863 -17237.3 24.535
1094000 299.866 -17258.1 -21.7928
1095000 299.24 -17254.1 4.8602
1096000 299.978 -17193.7 8.95185
1097000 300.052 -17185.4 -2.66312
1098000 299.868 -17211.5 17.0674
1099000 299.498 -17169.4 -6.28629
1100000 300.43 -17190.2 6.33573
1101000 300.373 -17168.5 -5.7753
1102000 299.289 -17152.8 17.7247
1103000 298.768 -17213.5 -11.654
1104000 301.641 -17190.9 2.14586
1105000 299.678 -17213.7 -15.7816
1106000 300.613 -17206.9 17.4079
1107000 300.33 -17214.8 -12.2297
1108000 300.634 -17178.6 -10.9476
1109000 299.725 -17192.4 -12.818
1110000 301.118 -17209.1 18.0249
1111000 299.701 -17246.1 6.56157
1112000 301.74 -17169.2 -0.256198
1113000 299.726 -17234.2 15.0257
1114000 302.121 -17178.9 -22.9559
1115000 300.35 -17161.6 26.5688
1116000 301.677 -17177 -14.1666
1117000 299.463 -17193 -12.2814
1118000 301.623 -17170.2 17.6877
1119000 298.925 -17204.1 -12.9867
1120000 300.518 -17192.1 -8.12658
1121000 299.787 -17167 12.0645
1122000 300.279 -17128.1 -5.13558
1123000 301.213 -17101.5 -5.34555
1124000 299.645 -17180.3 18.8721
1125000 298.91 -17196.8 -21.4454
1126000 299.375 -17161.7 23.1687
1127000 300.864 -17189.6 -33.9357
1128000 300.227 -17167 37.5856
1129000 299.624 -17245 -39.0509
1130000 301.064 -17168.7 24.4354
1131000 299.32 -17173.3 -31.919
1132000 298.358 -17219.3 31.8798
1133000 299.925 -17177.5 -30.3944
1134000 301.466 -17130.8 27.6105
1135000 301.777 -17172 -45.6196
1136000 300.429 -17206.1 46.2277
1137000 299.543 -17180.8 -36.0557
1138000 300.625 -17157.4 28.308
1139000 301.056 -17150.9 -35.4775
1140000 300.112 -17123.2 14.5532
1141000 300.771 -17185.7 21.2678
1142000 300.354 -17226.1 -26.9267
1143000 300.013 -17230.4 24.1276
1144000 299.427 -17225.9 -5.93628
1145000 301.511 -17150.4 6.12046
1146000 299.431 -17176.9 -0.571621
1147000 301.124 -17204 -22.4952
1148000 298.535 -17194.4 21.6138
1149000 300.746 -17233.1 -25.8027
1150000 300.312 -17200.7 6.51221
1151000 300.579 -17164.9 12.7028
1152000 300.252 -17195.5 -10.4655
1153000 300.073 -17237.3 13.2117
1154000 299.978 -17223 -6.18212
1155000 299.977 -17234.7 0.951945
1156000 300.437 -17222.2 -7.37
1157000 299.408 -17234.8 -6.60321
1158000 300.756 -17181.4 14.6237
1159000 299.196 -17238 -17.6222
1160000 300.118 -17240.2 22.8572
1161000 299.519 -17226.1 -48.8511
1162000 297.89 -17276.2 44.7515
1163000 300.264 -17183.1 -21.3238
1164000 297.025 -17270.6 8.79443
1165000 300.233 -17190.8 10.8686
1166000 299.817 -17234.7 -9.93986
1167000 301.335 -17235.6 11.9771
1168000 300.075 -17196.3 -18.2981
1169000 300.509 -17176.4 10.584
1170000 300.13 -17186.2 -1.18047
1171000 299.764 -17202.8 1.44222
1172000 301.301 -17189.5 14.5214
1173000 301.574 -17181.8 -12.5366
1174000 300.867 -17216 15.9434
1175000 300.689 -17220.9 -7.65266
1176000 300.193 -17248.2 41.5437
1177000 301.662 -17242.4 -30.1973
1178000 299.396 -17238.2 6.77842
1179000 302.071 -17200.6 -22.6968
1180000 298.947 -17230.8 5.92257
1181000 299.333 -17228.8 5.58084
1182000 300.748 -17227.1 -5.2877
1183000 300.382 -17194.3 18.911
1184000 299.467 -17260.7 -2.20153
1185000 298.478 -17311.8 5.29058
1186000 298.554 -17259 -6.67026
1187000 302.374 -17182 2.11993
1188000 300.566 -17215.5 -9.68852
1189000 299.551 -17177.3 -0.604965
1190000 299.479 -17244.7 13.3996
1191000 299.23 -17208.1 -1.93938
1192000 301.606 -17200.1 30.4674
1193000 299.097 -17250.1 -39.88
1194000 299.49 -17250.8 31.1041
1195000 302.125 -17191.2 -30.1004
1196000 299.117 -17233 12.9778
1197000 300.27 -17195.8 -14.962
1198000 300.969 -17173.4 -5.16972
1199000 299.858 -17227.3 13.9206
1200000 300.429 -17218.7 8.22959
1201000 298.893 -17243.8 6.9824
1202000 299.249 -17232.1 1.37237
1203000 300.551 -17158.4 2.92239
1204000 299.108 -17187.1 -13.0208
1205000 300.795 -17193.5 29.9651
1206000 300.415 -17191.5 -24.9543
1207000 299.832 -17229.6 21.5947
1208000 298.994 -17237.6 5.94418
1209000 299.385 -17225.4 -29.3387
1210000 298.595 -17234.7 59.4698
1211000 301.626 -17207 -48.879
1212000 300.211 -17195.4 33.4407
1213000 299.596 -17185.3 5.13855
1214000 299.724 -17216 -17.5737
1215000 299.228 -17203.9 8.91401
1216000 299.704 -17236.3 8.25454
1217000 301.145 -17191 -10.4554
1218000 299.377 -17237.1 10.6246
1219000 299.884 -17195.7 -3.72725
1220000 300.467 -17183.9 -19.8605
1221000 299.547 -17177.5 20.6146
1222000 301.551 -17187.9 -13.2793
1223000 298.611 -17268.3 24.392
1224000 300.666 -17181.4 -20.7365
1225000 299.57 -17203.6 3.65241
1226000 299.374 -17241.6 -2.22158
1227000 300.923 -17192.4 20.6649
1228000 301.017 -17214.9 8.46121
1229000 299.906 -17214.4 -1.27535
1230000 301.18 -17224.2 1.02718
1231000 298.722 -17257.4 -16.5286
1232000 299.233 -17206.3 27.0783
1233000 300.699 -17197.2 -20.7102
1234000 299.328 -17263.3 25.721
1235000 299.526 -17265.5 -9.95954
1236000 299.782 -17238.5 10.4782
1237000 300.133 -17242.7 8.30874
1238000 297.416 -17233.1 -5.84463
1239000 300.494 -17213.8 -11.2655
1240000 300.607 -17166.9 4.15655
1241000 300.703 -17187 8.52913
1242000 298.591 -17204.2 -10.7917
1243000 300.722 -17200.6 35.5112
1244000 300.385 -17179.6 -13.3827
1245000 298.794 -17226.8 16.412
1246000 298.79 -17226.7 -9.00093
1247000 301.257 -17197.8 5.78897
1248000 301.841 -17171.9 -29.2735
1249000 300.17 -17219.2 3.55514
1250000 299.523 -17191.7 4.81666
1251000 301.552 -17172.4 -6.03224
1252000 300.267 -17238.6 -18.7531
1253000 300.271 -17213.3 16.7949
1254000 300.372 -17179.8 3.03177
1255000 300.462 -17213.8 -15.0544
1256000 298.831 -17231.3 14.2217
1257000 299.453 -17268.8 -8.43603
1258000 298.407 -17300.5 27.0581
1259000 300.936 -17195.9 8.17811
1260000 300.915 -17187.4 16.7733
1261000 300.766 -17240.2 -5.50587
1262000 301.723 -17191.1 -10.1554
1263000 299.751 -17243.4 44.094
1264000 299.393 -17255.9 -35.2464
1265000 299.343 -17268.3 23.0235
1266000 299.085 -17299.5 -10.5415
1267000 298.957 -17247.3 -16.984
1268000 299.427 -17206.9 20.3933
1269000 300.456 -17234.2 -12.8458
1270000 300.898 -17246.5 5.3628
1271000 298.198 -17227.6 -14.4572
1272000 300.052 -17184.6 24.9961
1273000 299.426 -17194.1 -18.6511
1274000 300.639 -17206.5 24.7545
1275000 299.459 -17182.7 -0.189194
1276000 299.388 -17248.2 -12.5281
1277000 299.208 -17252.9 17.176
1278000 300.655 -17170.8 -14.3694
1279000 299.582 -17245.4 7.04011
1280000 299.898 -17248.8 -6.64747
1281000 299.169 -17265.9 1.84789
1282000 300.578 -17239.2 -8.13467
1283000 300.264 -17212.7 16.4083
1284000 299.881 -17211.7 11.5999
1285000 301.274 -17203.9 13.308
1286000 300.882 -17188.7 -6.25094
1287000 300.124 -17198.8 19.4401
1288000 299.145 -17207.4 -7.47228
1289000 297.994 -17205.8 0.406145
1290000 300.662 -17162.9 -28.0349
1291000 299.63 -17211.6 37.7185
1292000 298.73 -17244.7 -26.5879
1293000 300.516 -17242.1 41.1598
1294000 301.949 -17180.8 -37.7102
1295000 300.754 -17191.3 41.803
1296000 300.304 -17181.9 -44.504
1297000 301.095 -17197.9 25.8349
1298000 301.767 -17144.1 -26.0799
1299000 300.099 -17225.9 23.6275
1300000 302.082 -17237.2 -13.4268
1301000 299.489 -17256.5 26.2966
1302000 299.87 -17219.5 -30.1632
1303000 299.932 -17208.3 3.20079
1304000 300.905 -17174.8 12.334
1305000 300.253 -17214.9 -22.4566
1306000 299.452 -17206.7 18.8666
1307000 299.732 -17146.9 -13.9485
1308000 298.92 -17169.2 17.9523
1309000 299.978 -17159 -12.628
1310000 299.513 -17204.1 -7.03296
1311000 300.894 -17191.2 3.74983
1312000 299.305 -17210.3 2.06628
1313000 299.699 -17238.6 -1.47208
1314000 300.756 -17208.9 -0.553164
1315000 300.827 -17234.7 -7.5749
1316000 298.971 -17271.2 25.6288
1317000 299.337 -17231.3 2.32083
1318000 300.189 -17225.9 -11.3464
1319000 300.028 -17185.3 18.1535
1320000 301.74 -17176.6 -19.1997
1321000 301.605 -17175.3 21.7819
1322000 298.557 -17238.3 -28.55
1323000 300.139 -17211 39.9665
1324000 299.567 -17174.7 -15.1581
1325000 299.973 -17177.7 9.65849
1326000 299.543 -17224.1 -10.7906
1327000 300.717 -17219.4 -1.18179
1328000 299.866 -17195.7 12.4642
1329000 300.825 -17215.3 -15.6148
1330000 300.348 -17216 22.7962
1331000 300.413 -17221.5 -12.7781
1332000 300.634 -17232.7 9.63376
1333000 299.501 -17279.7 -5.49532
1334000 301.025 -17216.9 0.428648
1335000 301.333 -17188.5 1.44914
1336000 299.906 -17224.7 17.2014
1337000 299.975 -17199.6 21.1857
1338000 300.394 -17199.7 -8.66474
1339000 298.542 -17261.5 14.9743
1340000 300.018 -17214.8 -12.9487
1341000 299.67 -17210.7 8.33421
1342000 299.903 -17184.6 12.4406
1343000 299.776 -17196.8 -12.4572
1344000 301.111 -17259.9 29.6719
1345000 300.132 -17254.1 -24.5846
1346000 299.804 -17266.8 46.8368
1347000 299.349 -17230.9 -36.2182
1348000 299.158 -17152.9 20.0869
1349000 301.024 -17219.3 0.101097
1350000 298.565 -17217.7 14.1787
1351000 300.542 -17216.6 -2.51913
1352000 301.451 -17183 -3.15332
1353000 299.519 -17222.3 -7.03818
1354000 301.606 -17210.4 5.27983
1355000 299.452 -17209.1 -10.4594
1356000 301.34 -17172.8 16.5395
1357000 300.216 -17193.8 -26.9311
1358000 299.985 -17219.2 23.7293
1359000 298.704 -17244.3 -9.52441
1360000 300.508 -17182.3 -1.2026
1361000 299.226 -17176.7 -4.29005
1362000 299.511 -17180.4 -2.68621
1363000 300.204 -17189.6 15.8185
1364000 301.192 -17125.4 -14.0948
1365000 300.544 -17187.8 33.8679
1366000 298.851 -17220.9 -12.5056
1367000 299.655 -17173.6 13.2901
1368000 300.669 -17171.6 1.37746
1369000 299.537 -17176 -5.48979
1370000 300.854 -17221.9 11.3498
1371000 298.244 -17208.7 -9.61772
1372000 299.282 -17224.5 24.9886
1373000 300.854 -17219.6 -30.0482
1374000 298.384 -17231.1 27.1713
1375000 299.501 -17215.5 -18.8179
1376000 296.589 -17239.9 -5.98064
1377000 299.743 -17166 19.5854
1378000 298.603 -17180.3 -17.2855
1379000 299.627 -17201.2 3.34466
1380000 300 -17189.6 19.7289
1381000 299.7 -17233.1 8.99832
1382000 299.49 -17187.2 -3.22946
1383000 300.413 -17126.6 10.5786
1384000 301.258 -17138.8 -2.9615
1385000 298.5 -17221.6 4.63683
1386000 300.285 -17135 -27.257
1387000 300.113 -17226.6 27.9395
1388000 300.524 -17140.7 -12.411
1389000 299.35 -17181.6 19.8935
1390000 299.237 -17212.6 -46.0745
1391000 299.565 -17229.8 27.5414
1392000 298.401 -17198.9 -4.66573
1393000 300.37 -17175 -22.5609
1394000 299.027 -17190.6 32.6793
1395000 298.488 -17213.7 -21.8877
1396000 298.948 -17165.8 34.6518
1397000 299.996 -17147.2 -29.4661
1398000 300.508 -17202.6 -2.99469
1399000 299.681 -17253.1 -16.2757
1400000 301.061 -17183.1 1.62953
1401000 300.504 -17197.4 -0.718022
1402000 302.093 -17172.7 -25.0162
1403000 300.054 -17189.5 0.479561
1404000 299.32 -17241.7 -8.37171
1405000 300.334 -17239.5 8.73434
1406000 301.067 -17217.5 -31.8471
1407000 298.758 -17274.1 28.8049
1408000 298.96 -17231.9 -6.26986
1409000 298.841 -17271.4 6.85543
1410000 300.007 -17185.6 10.511
1411000 300.108 -17169.7 -14.8718
1412000 300.138 -17129.7 32.4708
1413000 300.26 -17136.8 -8.3697
1414000 300.362 -17184.7 37.698
1415000 301.086 -17206.8 -38.3901
1416000 299.193 -17199.7 43.5617
1417000 300.226 -17190.2 -33.7267
1418000 299.09 -17233.6 22.117
1419000 298.296 -17214.3 10.904
1420000 300.482 -17184.8 -12.1893
1421000 302.376 -17179.1 -1.72855
1422000 299.332 -17199 -7.45965
1423000 299.024 -17238.1 -8.00743
1424000 300.543 -17243.5 -2.74798
1425000 301.337 -17183 3.67496
1426000 299.051 -17204.4 5.2793
1427000 299.232 -17194.7 2.42821
1428000 297.507 -17242 22.7524
1429000 299.147 -17208.5 -25.5366
1430000 298.844 -17250.2 -2.71396
1431000 299.534 -17209.5 -4.44768
1432000 297.96 -17228.3 -20.3739
1433000 299.698 -17226.2 14.4644
1434000 300.201 -17169.8 -36.2592
1435000 299.19 -17260.4 31.0486
1436000 300.281 -17186.6 -29.7434
1437000 300.833 -17203.7 45.2492
1438000 301.21 -17173.7 -41.0411
1439000 298.061 -17236.1 37.5782
1440000 298.851 -17253.7 -52.1081
1441000 300.059 -17255 38.4253
1442000 300.116 -17243.8 -16.9237
1443000 301.055 -17235.3 12.7572
1444000 300.881 -17168.7 -11.6554
1445000 298.605 -17290.8 17.6563
1446000 300.981 -17280.9 1.12536
1447000 300.818 -17244.3 -5.71618
1448000 299.862 -17265.6 -15.7147
1449000 299.495 -17242.7 -8.45571
1450000 298.836 -17182.8 7.09858
1451000 300.414 -17221 -5.86577
1452000 299.006 -17254.6 17.2442
1453000 299.152 -17238.4 -2.69991
1454000 299.079 -17273.1 8.42337
1455000 300.5 -17226 -19.5632
1456000 300.602 -17240.7 23.1467
1457000 300.191 -17215.6 -0.535989
1458000 299.62 -17216.1 8.46905
1459000 298.168 -17282.4 -2.1378
1460000 301.495 -17187.7 10.5088
1461000 298.888 -17236.8 -17.2627
1462000 299.339 -17265.6 36.9134
1463000 300.8 -17256.2 -3.95877
1464000 300.198 -17250.4 32.6387
1465000 300.975 -17166.7 -19.9861
1466000 301.368 -17174.8 4.66772
1467000 298.936 -17220.7 1.4284
1468000 299.95 -17250.2 20.9123
1469000 299.747 -17260.4 -11.5189
1470000 300.328 -17214.4 -8.79494
1471000 299.438 -17214.4 -7.27188
1472000 298.67 -17217.6 13.8079
1473000 299.863 -17203.5 -11.8958
1474000 298.269 -17256.6 4.3868
1475000 299.893 -17188.9 22.901
1476000 301.865 -17147.2 -33.38
1477000 300.428 -17181.3 8.93885
1478000 299.441 -17226.7 -7.34907
1479000 299.605 -17237.1 30.1302
1480000 298.756 -17280.2 -2.35493
1481000 302.23 -17178.3 -21.5144
1482000 299.865 -17231.5 15.9305
1483000 300.198 -17238.6 -2.03178
1484000 300.028 -17222.4 0.316671
1485000 299.101 -17248.1 0.502704
1486000 298.878 -17227.9 27.8427
1487000 300.413 -17180.8 -12.5499
1488000 299.95 -17222.3 7.61911
1489000 298.559 -17247 -4.39746
1490000 300.844 -17254.9 1.66383
1491000 300.012 -17277.7 -5.65816
1492000 300.098 -17229.9 11.985
1493000 300.767 -17198.2 -7.84455
1494000 301.195 -17180.5 -1.2765
1495000 300.542 -17180.8 -6.64141
1496000 298.006 -17273.6 -7.13069
1497000 300.087 -17210.4 2.42753
1498000 300.481 -17177.9 -8.47828
1499000 301.088 -17232.3 -13.207
1500000 300.394 -17227.9 6.16846
1501000 299.518 -17237.4 -13.6589
1502000 300.833 -17181.8 -0.968714
1503000 300.989 -17153.1 11.1654
1504000 300.265 -17171.2 -27.3329
1505000 300.273 -17220.4 26.7654
1506000 299.873 -17202.6 -14.0986
1507000 301.002 -17167.6 35.1976
1508000 299.971 -17206.5 0.0925449
1509000 298.867 -17238.8 19.6461
1510000 299.968 -17237.2 -16.636
1511000 300.386 -17210.9 26.375
1512000 300.484 -17219.4 -13.0325
1513000 300.034 -17189 23.189
1514000 299.278 -17171 -12.3583
1515000 299.553 -17201.1 31.9
1516000 298.816 -17226 -26.0877
1517000 299.685 -17227.7 32.3291
1518000 300.606 -17176.9 -41.9157
1519000 299.395 -17195.5 39.5751
1520000 299.092 -17230.1 -23.2841
1521000 299.553 -17214.4 -6.21794
1522000 297.715 -17227.2 -3.93802
1523000 300.527 -17179.4 -5.7389
1524000 298.398 -17232.5 30.1916
1525000 298.535 -17253.2 -29.1927
1526000 299.041 -17237.5 39.1395
1527000 300.972 -17174.3 -22.4107
1528000 300.642 -17197.1 6.60696
1529000 300.04 -17186.9 1.97276
1530000 300.129 -17197.5 0.670522
1531000 300.273 -17212.3 1.56514
1532000 297.968 -17246.1 -3.89898
1533000 301.338 -17152.3 17.7789
1534000 300.474 -17144.6 -19.3912
1535000 299.259 -17193.1 34.3205
1536000 301.071 -17183.3 -13.5799
1537000 301.24 -17177.1 -14.5298
1538000 301.185 -17180.3 -1.55231
1539000 300.744 -17236 -7.50731
1540000 299.472 -17181.7 13.727
1541000 299.752 -17206.3 -11.381
1542000 300.406 -17119.3 15.1577
1543000 300.176 -17142.8 -18.629
1544000 302.12 -17145 -6.09572
1545000 299.685 -17192.5 -13.603
1546000 298.718 -17192.8 10.2679
1547000 300.715 -17171.6 -10.7119
1548000 299.872 -17181.1 9.78092
1549000 301.704 -17178.5 5.90362
1550000 300.09 -17156.6 -5.63916
1551000 300.667 -17159.3 -5.09036
1552000 299.375 -17242.8 -38.4952
1553000 300.068 -17185.4 22.8681
1554000 299.289 -17212.2 -30.4787
1555000 300.262 -17192.9 19.0801
1556000 298.708 -17232.3 -10.9874
1557000 299.63 -17186.3 12.1943
1558000 300.656 -17181.9 -12.7304
1559000 300.981 -17126.1 7.25536
1560000 301.582 -17197.5 17.8776
1561000 299.176 -17200.2 -20.1717
1562000 299.404 -17222.4 46.617
1563000 300.479 -17228.9 -47.1579
1564000 299.563 -17222.6 42.7993
1565000 299.903 -17234.1 -24.3252
1566000 299.525 -17193.3 8.94984
1567000 300.898 -17195 -18.0912
1568000 297.88 -17192.7 3.66095
1569000 298.737 -17233.1 28.3612
1570000 299.601 -17247.9 -26.0047
1571000 300.319 -17256.7 25.7883
1572000 302.215 -17197.3 -4.51226
1573000 299.96 -17193.3 20.4444
1574000 297.599 -17217.8 -14.3968
1575000 300.98 -17182 22.3913
1576000 298.71 -17195.3 11.5113
1577000 300.118 -17273.7 -38.9798
1578000 299.668 -17238.7 70.5161
1579000 299.193 -17279.9 -54.1033
1580000 300.263 -17223.8 17.683
1581000 300.215 -17216 -30.8801
1582000 300.968 -17221.7 52.878
1583000 299.605 -17224.9 -33.1818
1584000 298.965 -17233.8 10.3658
1585000 299.871 -17228.8 -5.08195
1586000 299.616 -17246.8 -1.46362
1587000 300.951 -17211.9 6.55109
1588000 299.434 -17259.4 -9.41297
1589000 299.237 -17209.9 2.87089
1590000 300.751 -17186.5 14.7749
1591000 299.863 -17221.1 11.1326
1592000 298.921 -17228.8 -24.5302
1593000 300.736 -17193.9 21.2473
1594000 300.249 -17179.8 11.4486
1595000 299.808 -17227.1 -7.74646
1596000 299.38 -17183.8 3.30031
1597000 299.758 -17180.4 -9.08941
1598000 298.785 -17281.6 -15.8101
1599000 301.612 -17152.4 6.31902
1600000 300.815 -17138.1 -12.951
1601000 301.126 -17161.6 35.4079
1602000 299.913 -17210.8 -26.343
1603000 300.358 -17251.1 23.3763
1604000 298.312 -17259.2 -2.3624
1605000 300.095 -17179.3 -15.4478
1606000 300.683 -17190.9 20.1308
1607000 300.168 -17221.4 -31.2754
1608000 300.224 -17203.3 33.6863
1609000 299.846 -17241.5 -20.7142
1610000 299.516 -17235.7 26.2993
1611000 297.99 -17253.3 -3.20613
1612000 300.56 -17239 -10.3003
1613000 300.814 -17181.7 9.93222
1614000 300.404 -17207.2 -10.2415
1615000 298.638 -17276.5 24.642
1616000 300.98 -17197.5 -22.8124
1617000 301.389 -17183.3 21.0202
1618000 299.09 -17170.4 -19.1248
1619000 297.924 -17224.8 25.9636
1620000 300.245 -17189.6 -16.8162
1621000 299.48 -17208.2 -4.91334
1622000 301.421 -17205.1 30.0567
1623000 299.561 -17244 -30.4232
1624000 300.647 -17185.8 38.358
1625000 299.686 -17203.6 -6.60277
1626000 299.773 -17223.8 15.4165
1627000 299.641 -17204.1 -11.5105
1628000 299.347 -17226.1 20.1812
1629000 300.153 -17201.1 9.6923
1630000 301.327 -17202.7 -37.0443
1631000 299.723 -17178.3 11.6526
1632000 299.76 -17172.3 -10.6524
1633000 298.601 -17147.4 35.1019
1634000 299.951 -17217 -34.1347
1635000 300.595 -17218.8 35.7095
1636000 300.842 -17175.4 -9.03454
1637000 299.543 -17217.2 19.2603
1638000 301.023 -17215.2 -3.66908
1639000 300.396 -17215.9 23.9095
1640000 299.317 -17213.2 -22.9342
1641000 300.887 -17216.6 16.2431
1642000 300.385 -17207.5 -12.326
1643000 298.81 -17217 14.0723
1644000 301.547 -17201.3 -21.7907
1645000 300.121 -17195.9 15.091
1646000 299.175 -17186.6 -9.98316
1647000 300.074 -17201 3.40935
1648000 301.195 -17157.9 40.829
1649000 300.481 -17179.9 -31.6051
1650000 299.556 -17223.4 38.0276
1651000 299.192 -17220.2 -34.8752
1652000 300.609 -17182.3 16.0154
1653000 300.728 -17181.1 -19.2355
1654000 300.055 -17224.1 22.8069
1655000 297.89 -17255.9 2.55968
1656000 300.468 -17213.1 -11.7219
1657000 301.142 -17217.1 12.7473
1658000 297.427 -17234.8 -25.9694
1659000 300.807 -17203.2 19.8796
1660000 299.142 -17216.7 -10.0603
1661000 298.26 -17255.1 20.7682
1662000 299.981 -17222.7 -9.70348
1663000 299.869 -17192.3 17.2851
1664000 299.629 -17225.4 -16.9722
1665000 299.168 -17234.1 13.1371
1666000 299.38 -17234 -4.41299
1667000 298.598 -17254.5 -8.63755
1668000 298.304 -17234.4 13.7872
1669000 300.085 -17194.3 -5.11546
1670000 299.936 -17182.1 -18.5214
1671000 299.291 -17224.3 23.008
1672000 300.938 -17256.7 -29.8812
1673000 298.058 -17229.5 23.7967
1674000 300.183 -17160.7 -12.3836
1675000 300.405 -17193.3 -3.656
1676000 299.897 -17143.1 -1.15546
1677000 299.708 -17185.8 1.79384
1678000 301.636 -17180.1 0.05202
1679000 300.525 -17172.5 -4.23181
1680000 298.733 -17182.5 14.4855
1681000 298.511 -17249.2 -14.2254
1682000 299.061 -17219.2 8.27625
1683000 300.547 -17110.1 -18.7865
1684000 301.312 -17122.7 42.3895
1685000 299.717 -17149.6 -20.0166
1686000 300.889 -17184.4 -18.4849
1687000 300.7 -17181.2 -3.67826
1688000 299.381 -17173.8 -1.24656
1689000 300.138 -17137.7 5.90617
1690000 301.059 -17124.7 16.278
1691000 299.141 -17201.5 -18.8208
1692000 299.482 -17182.6 -0.424136
1693000 299.832 -17182.5 -14.8138
1694000 298.226 -17220.4 21.5336
1695000 300.012 -17164.4 2.17917
1696000 300.338 -17197.9 7.46658
1697000 301.455 -17165.7 -9.61112
1698000 300.018 -17210.6 10.4932
1699000 301.22 -17216.2 -17.3387
1700000 299.026 -17176.4 26.56
1701000 300.443 -17177.4 -4.01117
1702000 299.873 -17219.8 -10.3705
1703000 300.519 -17218.6 -3.38658
1704000 300.277 -17171.2 -8.72498
1705000 300.068 -17198.7 12.6794
1706000 299.357 -17184 -25.8142
1707000 300.876 -17183.9 41.412
1708000 301.441 -17168.8 -61.1261
1709000 300.47 -17145 32.5732
1710000 300.365 -17117.7 -26.2976
1711000 299.478 -17113.9 22.4257
1712000 298.02 -17139.7 -5.63126
1713000 300.187 -17113.9 -7.99307
1714000 299.69 -17102.4 -2.97695
1715000 298.32 -17209.1 35.1574
1716000 300.191 -17199.2 -14.0381
1717000 300.801 -17153.2 14.203
1718000 300.965 -17149.8 -2.1855
1719000 300.57 -17169.6 6.95883
1720000 299.869 -17193.4 6.05138
1721000 298.061 -17229.6 -18.6552
1722000 299.886 -17176.9 24.5081
1723000 300.665 -17156.7 -11.3516
1724000 299.302 -17198.1 17.3871
1725000 299.092 -17178.5 9.71368
1726000 300.498 -17164.7 -8.07511
1727000 299.472 -17173.8 31.446
1728000 300.463 -17172.3 -17.8133
1729000 300.525 -17182.7 -15.254
1730000 301.429 -17182.3 19.7638
1731000 299.047 -17267.9 -12.0136
1732000 298.377 -17255.7 12.2825
1733000 299.646 -17205.4 -23.3822
1734000 298.845 -17264.4 10.0851
1735000 299.653 -17186.7 -9.33808
1736000 299.376 -17161.9 23.1898
1737000 299.837 -17181.8 -23.2449
1738000 298.449 -17163.8 42.5101
1739000 299.532 -17216 -27.9001
1740000 302.011 -17172.3 -0.094527
1741000 299.791 -17185.9 -15.0073
1742000 299.562 -17191.4 18.9423
1743000 299.308 -17147.6 -17.2748
1744000 300.478 -17159.1 4.80341
1745000 300.151 -17189.5 -3.99332
1746000 299.606 -17197.7 6.50099
1747000 298.127 -17180.4 4.37945
1748000 298.644 -17188.4 6.48151
1749000 299.718 -17178.8 10.4509
1750000 300.844 -17123 -9.71079
1751000 300.306 -17144.9 2.07889
1752000 299.451 -17172.8 7.04691
1753000 300.117 -17134.6 -3.6789
1754000 300.315 -17170.1 -8.90793
1755000 299.808 -17207 5.42649
1756000 299.095 -17253.9 -7.96314
1757000 300.053 -17221.9 5.50069
1758000 297.489 -17252.9 0.771613
1759000 300.241 -17185.9 22.6467
1760000 301.112 -17116.6 -7.39044
1761000 299.511 -17159.6 13.9826
1762000 298.891 -17185.7 -3.23522
1763000 301.035 -17158.1 14.0186
1764000 299.808 -17203.9 -11.0909
1765000 301.482 -17152.3 14.7177
1766000 300.852 -17163.1 -14.2392
1767000 299.552 -17171.4 -9.5384
1768000 300.521 -17133.7 -20.4011
1769000 300.699 -17151 23.1667
1770000 298.116 -17220.6 -9.11359
1771000 299.001 -17181.9 13.4543
1772000 299.388 -17134.3 -18.3853
1773000 299.634 -17112.3 9.09012
1774000 300.733 -17083.9 14.0147
1775000 299.906 -17140.1 -25.4122
1776000 300.563 -17130.3 14.342
1777000 299.789 -17138.5 -0.645289
1778000 299.631 -17152.2 -1.44632
1779000 300.195 -17160.1 9.87731
1780000 298.827 -17177.1 -15.9906
1781000 300.077 -17142.4 8.83067
1782000 301.761 -17166 -14.0757
1783000 300.89 -17115.5 24.0321
1784000 298.385 -17156.1 -19.4957
1785000 299.517 -17155 12.4289
1786000 300.504 -17183.2 6.89998
1787000 301.066 -17204.1 -11.7668
1788000 299.711 -17142.4 1.36722
1789000 300.882 -17127 1.23821
1790000 302.141 -17133.2 -0.0146306
1791000 300.576 -17120.2 3.55738
1792000 300.113 -17183.6 14.1065
1793000 300.158 -17172.9 -37.4954
1794000 299.044 -17156.9 23.3438
1795000 300.129 -17142.4 -3.44572
1796000 300.264 -17110.6 18.5872
1797000 300.428 -17114.3 2.70671
1798000 299.376 -17132.9 -20.2165
1799000 298.304 -17155.9 22.6433
1800000 299.116 -17119.1 -2.09207
1801000 298.932 -17127.5 2.37999
1802000 300.045 -17129.5 -1.62739
1803000 299.825 -17132.6 -2.45877
1804000 300.648 -17140.7 -6.07025
1805000 299.668 -17153.7 4.76604
1806000 300.043 -17175.6 -9.06064
1807000 300.927 -17140.7 -0.492995
1808000 299.339 -17087.8 -12.6974
1809000 300.299 -17114.3 22.461
1810000 301.728 -17116.3 -7.94626
1811000 299.81 -17156.1 17.5885
1812000 299.546 -17194.8 -9.52718
1813000 301.248 -17152 9.97235
1814000 301.805 -17146.8 -0.260044
1815000 299.454 -17151 -8.41362
1816000 299.748 -17150.2 5.35006
1817000 299.92 -17162.3 -2.19352
1818000 299.651 -17146.2 -10.8668
1819000 301.017 -17185.4 7.58565
1820000 299.653 -17164 -8.27376
1821000 301.598 -17099.1 -0.517549
1822000 301.518 -17101.5 -11.7511
1823000 298.402 -17165.5 -10.4858
1824000 300.231 -17128.4 -5.43078
1825000 299.532 -17146 -6.43759
1826000 299.697 -17161.1 -4.54723
1827000 298.876 -17184.5 -0.0372018
1828000 299.84 -17134.7 1.47133
1829000 300.605 -17136 3.16677
1830000 299.526 -17163.5 11.6626
1831000 298.647 -17149.3 -19.7666
1832000 299.68 -17139.3 13.7937
1833000 299.236 -17130.7 -10.1029
1834000 300.648 -17091.8 1.87282
1835000 299.469 -17152.5 -19.2223
1836000 299.726 -17129.9 16.3558
1837000 300.83 -17140.9 14.2639
1838000 300.598 -17185.6 -12.6818
1839000 299.639 -17172.9 -7.47539
1840000 301.124 -17156.6 -14.743
1841000 299.659 -17200.5 2.21388
1842000 298.395 -17167.6 -16.6471
1843000 300.536 -17173.3 27.4526
1844000 299.41 -17172.2 -29.5695
1845000 300.669 -17177.2 29.7224
1846000 299.357 -17131.5 -31.1495
1847000 300.372 -17128.3 20.9248
1848000 301.82 -17135.9 2.60603
1849000 299.821 -17162.9 6.5013
1850000 298.969 -17215.7 0.287119
1851000 299.343 -17132.6 13.4432
1852000 301.33 -17158.5 -16.5856
1853000 300.773 -17124.2 3.755
1854000 297.715 -17191.3 -1.08332
1855000 300.557 -17196 0.963988
1856000 299.81 -17205 0.437578
1857000 299.442 -17217 6.00536
1858000 299.375 -17156.1 -5.58151
1859000 301.257 -17145.9 -11.9282
1860000 300.333 -17123.2 18.9035
1861000 300.077 -17180.2 -14.3469
1862000 300.501 -17142.2 -6.53875
1863000 299.858 -17132 -9.87148
1864000 300.796 -17135.3 5.41701
1865000 300.677 -17174.5 -25.4637
1866000 301.349 -17174.3 20.2869
1867000 298.672 -17223.2 -4.15253
1868000 299.216 -17181 14.8916
1869000 299.074 -17188.7 -14.6569
1870000 300.926 -17196.4 -0.755094
1871000 300.713 -17159.1 -8.4582
1872000 299.512 -17131.1 -5.31545
1873000 300.238 -17172.5 8.27
1874000 298.945 -17182.1 -11.027
1875000 299.635 -17156.6 -4.72827
1876000 301.934 -17175 3.66586
1877000 299.427 -17223.4 -0.093764
1878000 301.186 -17153.6 23.359
1879000 299.24 -17155.4 -16.5395
1880000 299.536 -17161.5 26.4377
1881000 299.758 -17190.9 -16.4171
1882000 299.526 -17143.5 35.4705
1883000 299.258 -17187.4 -27.871
1884000 298.841 -17219.6 13.5906
1885000 299.542 -17160.6 15.018
1886000 299.723 -17131.3 -17.4515
1887000 300.182 -17150.1 17.3155
1888000 300.171 -17183.3 -13.6681
1889000 300.874 -17164.3 11.5832
1890000 299.355 -17174.2 -5.75324
1891000 299.307 -17174 -2.33696
1892000 298.111 -17230.1 -16.7897
1893000 299.16 -17192.9 22.5275
1894000 299.515 -17187.8 -34.6542
1895000 300.732 -17171.2 31.9253
1896000 299.861 -17187.1 -46.3244
1897000 299.595 -17153 58.2319
1898000 301.411 -17136.1 -19.854
1899000 300.803 -17140.3 0.276503
1900000 302.148 -17124.1 6.76621
1901000 300.857 -17154.8 -34.7085
1902000 300.432 -17183.5 44.9489
1903000 301.406 -17137.5 -59.874
1904000 299.288 -17149.4 72.6511
1905000 301.729 -17169.7 -30.7548
1906000 298.96 -17209.2 23.6674
1907000 298.563 -17192.1 12.5048
1908000 300.434 -17142.9 -23.2289
1909000 300.615 -17131.5 6.00984
1910000 300.163 -17159.7 -27.0914
1911000 301.66 -17134.1 39.5375
1912000 299.894 -17162 -15.709
1913000 299.525 -17170.2 21.6412
1914000 299.597 -17180 -28.945
1915000 301.23 -17148.4 5.06721
1916000 299.489 -17175.5 -9.79511
1917000 302.457 -17101.5 7.97112
1918000 298.635 -17188.9 -7.81758
1919000 299.787 -17187.4 21.333
1920000 299.583 -17132 -30.2511
1921000 301.468 -17136.2 23.2448
1922000 299.077 -17107.5 -33.0018
1923000 301.603 -17121.1 8.05802
1924000 301.179 -17106.9 -20.8808
1925000 299.977 -17191.7 1.80278
1926000 300.029 -17195.4 -11.9509
1927000 300 -17188.9 -3.21916
1928000 300.015 -17211.2 9.93868
1929000 298.101 -17219.2 -11.2468
1930000 298.941 -17177.2 9.29304
1931000 301.438 -17180.7 -21.5509
1932000 301.475 -17157.1 -2.36003
1933000 299.421 -17183.7 21.4288
1934000 298.903 -17188.8 -13.2589
1935000 299.538 -17201.7 28.2356
1936000 300.951 -17117.4 -10.2824
1937000 300.801 -17087.9 15.5253
1938000 298.705 -17157.9 -25.4545
1939000 299.361 -17176.5 18.4747
1940000 300.89 -17158.5 -27.8066
1941000 299.806 -17167.2 -9.12638
1942000 300.932 -17128.1 1.66737
1943000 298.951 -17181.9 -14.4598
1944000 299.829 -17193.3 10.9966
1945000 299.861 -17182 -11.1801
1946000 299.785 -17160.5 41.2786
1947000 301.167 -17125.9 -28.4918
1948000 300.254 -17116.4 20.6895
1949000 298.495 -17182.8 -12.2773
1950000 300.795 -17159.1 -2.76082
1951000 300.401 -17134.1 15.9697
1952000 299.832 -17161.9 3.09078
1953000 299.351 -17176.9 21.8562
1954000 299.744 -17173.8 -19.9893
1955000 299.995 -17187.9 -15.5417
1956000 300.126 -17212.9 10.0609
1957000 299.821 -17225.3 -11.7178
1958000 299.998 -17192.2 -11.2878
1959000 300.67 -17134.8 44.7192
1960000 301.087 -17149.3 -51.4322
1961000 300.79 -17157 34.7761
1962000 300.501 -17168.6 -11.7521
1963000 299.089 -17150.8 3.68412
1964000 299.604 -17170 20.2601
1965000 299.173 -17169.2 -13.2973
1966000 300.116 -17228.7 41.6329
1967000 298.493 -17235.9 -35.3698
1968000 301.024 -17176.7 23.0925
1969000 299.934 -17146.5 -30.5797
1970000 301.562 -17139.3 28.4356
1971000 299.526 -17142.8 -39.2403
1972000 300.203 -17140.7 20.5783
1973000 300.279 -17146.1 -6.60828
1974000 301.077 -17155.5 14.3349
1975000 301.925 -17180.7 3.37185
1976000 300.031 -17195.5 -0.908108
1977000 300.853 -17154 5.99601
1978000 299.86 -17151.5 0.235546
1979000 298.303 -17165.2 33.9638
1980000 300.081 -17158.1 -46.0473
1981000 301.454 -17135 41.5385
1982000 301.587 -17164.8 -21.3425
1983000 299.752 -17172.9 1.6965
1984000 299.63 -17143.3 3.96673
1985000 300.067 -17168.3 -15.2985
1986000 300.705 -17131 9.14096
1987000 301.139 -17158 16.087
1988000 300.031 -17138.7 -55.9253
1989000 301.194 -17123.1 64.4513
1990000 300.082 -17197.1 -4.45355
1991000 301.737 -17213.4 -22.8
1992000 301.021 -17219.2 11.5606
1993000 299.256 -17217.3 -29.2726
1994000 300.952 -17155.6 39.6645
1995000 301.783 -17133.9 -33.5408
1996000 299.419 -17168.7 31.9235
1997000 300.673 -17165.6 -38.372
1998000 301.896 -17188.7 26.4295
1999000 299.311 -17209.5 -36.6865
2000000 300.311 -17225.6 15.9086
