# Time-averaged data for fix 3
# TimeStep v_Temperature v_PotentialEnergy v_Pressure
2000 502.064 -13632.7 10.7952
3000 499.864 -13558.6 24.3852
4000 500.703 -13509.1 31.3195
5000 499.952 -13530.1 -2.95695
6000 499.6 -13526.5 -26.9497
7000 500.084 -13539.9 12.7802
8000 499.768 -13532.5 13.335
9000 502.148 -13508.1 -16.4327
10000 500.314 -13530.3 -1.63975
11000 500.737 -13589.8 32.076
12000 499.207 -13569.5 12.9543
13000 501.099 -13553.6 -17.0042
14000 501.428 -13618.3 -15.33
15000 501.125 -13584.3 -5.06082
16000 497.653 -13607.2 8.45361
17000 501.516 -13538 -3.63084
18000 502.229 -13537.6 58.3458
19000 501.153 -13554.5 -27.7447
20000 500.346 -13519.7 -31.9692
21000 500.475 -13565.4 16.1477
22000 499.049 -13510.5 9.20652
23000 501.726 -13477.4 2.78368
24000 499.932 -13454.5 -4.72186
25000 503.323 -13490.4 -15.906
26000 500.35 -13465.7 -5.75975
27000 498.822 -13509.5 4.72358
28000 498.73 -13590.1 -6.55633
29000 501.149 -13575.7 -27.786
30000 498.346 -13511.1 -23.1661
31000 500.333 -13506 5.48662
32000 503.76 -13485.7 17.3896
33000 500.64 -13454.5 10.2307
34000 498.352 -13508.3 9.52074
35000 499.344 -13537.9 16.8129
36000 500.515 -13521.9 15.8139
37000 498.622 -13481.8 -20.4811
38000 502.704 -13490.1 1.91819
39000 498.545 -13558.3 11.7962
40000 500.095 -13441.1 15.2905
41000 497.745 -13537.3 21.5072
42000 500.022 -13471.8 -5.35378
43000 498.88 -13523.6 -3.14381
44000 498.912 -13429.4 -6.69791
45000 502.348 -13496.5 -17.5324
46000 498.231 -13535.8 6.18946
47000 499.719 -13512.3 7.0559
48000 501.159 -13465.3 22.4711
49000 499.215 -13492.2 6.33145
50000 499.447 -13538.6 8.7269
51000 500.468 -13473.5 12.964
52000 501.322 -13471.9 -27.2984
53000 501.303 -13456.1 17.1503
54000 501.536 -13400.5 -15.3168
55000 501.657 -13433.9 28.5746
56000 499.911 -13414.8 -18.6904
57000 501.491 -13423.2 31.2007
58000 500.254 -13460.2 -5.67578
59000 501.164 -13412.5 -33.8351
60000 498.7 -13428.4 33.8921
61000 500.641 -13434.7 -25.4417
62000 499.153 -13472.8 -0.87107
63000 499.348 -13474 -8.47489
64000 500.953 -13509.2 0.468173
65000 498.76 -13522.4 -9.97841
66000 499.918 -13505.7 -14.1696
67000 501.416 -13408.1 23.6281
68000 500.237 -13432.2 11.1009
69000 499.26 -13488.6 -2.52459
70000 499.61 -13417.1 10.5923
71000 502.037 -13418.5 2.08455
72000 500.796 -13494.6 4.33224
73000 501.27 -13427.3 -7.05236
74000 498.043 -13506.3 -5.96762
75000 501.296 -13428.4 -23.0562
76000 499.015 -13418.2 -22.2818
77000 500.699 -13384.5 -29.4233
78000 502.233 -13383 11.3964
79000 500.07 -13416.5 -35.8398
80000 500.027 -13449.3 -4.95836
81000 499.948 -13394.8 9.04304
82000 499.746 -13478.5 0.322405
83000 499.398 -13484.5 -3.73342
84000 497.855 -13479.4 4.5945
85000 501.693 -13284.2 -35.2576
86000 501.523 -13378.9 -3.08692
87000 498.609 -13415.1 -8.02313
88000 498.63 -13314.2 10.4721
89000 499.721 -13449.5 31.335
90000 499.888 -13444 2.79817
91000 500.028 -13396.5 -0.424865
92000 502.046 -13368.9 -6.4716
93000 499.477 -13463.6 7.03811
94000 500.359 -13419.5 7.32374
95000 500.193 -13472.4 -0.557958
96000 500.994 -13450.9 9.4915
97000 501.505 -13408 -23.3446
98000 500.607 -13469.3 3.86546
99000 497.615 -13514.8 -0.323127
100000 498.812 -13413.3 21.5572
101000 502.575 -13400.2 10.0051
102000 497.864 -13488.1 8.76091
103000 500.522 -13413.4 -12.7344
104000 498.913 -13360.6 -10.9147
105000 501.456 -13317.4 12.0267
106000 502.696 -13280.1 7.91285
107000 499.69 -13446.1 -9.81254
108000 499.445 -13447.8 5.09998
109000 497.522 -13462.6 -6.6249
110000 499.593 -13378.7 -13.1033
111000 499.806 -13389 24.8107
112000 499.989 -13483.9 12.8864
113000 499.973 -13400.5 -0.342274
114000 498.31 -13387.9 -13.1777
115000 498.41 -13399.2 6.3346
116000 500.806 -13355.7 -9.09042
117000 498.325 -13428.4 6.83514
118000 502.436 -13358.8 1.85742
119000 499.239 -13393.1 9.36926
120000 499.216 -13309.8 4.57365
121000 499.102 -13364.5 -10.6237
122000 497.538 -13352.5 27.5417
123000 499.611 -13400 -10.939
124000 500.792 -13326.6 8.74052
125000 499.443 -13363.3 -16.0481
126000 503.444 -13394.8 7.31693
127000 498.884 -13351.2 -7.61826
128000 497.155 -13371.7 24.9103
129000 499.869 -13365.9 13.6909
130000 501.028 -13393.1 -10.194
131000 499.96 -13402.3 1.06879
132000 498.157 -13399.8 -21.7452
133000 500.318 -13474 36.4057
134000 499.366 -13410.6 -17.3857
135000 499.74 -13389.3 7.81834
136000 500.178 -13346 10.1092
137000 501.051 -13372 -18.5027
138000 498.369 -13403.7 -10.8973
139000 499.064 -13399.3 12.435
140000 502.229 -13256.1 1.13628
141000 498.416 -13239.8 30.0207
142000 501.246 -13350.3 10.8775
143000 499.593 -13360.1 13.5664
144000 501.288 -13222.1 -3.9847
145000 500.398 -13272.1 12.1875
146000 499.669 -13295.1 20.6146
147000 496.967 -13385.4 -18.098
148000 500.803 -13319.7 7.73191
149000 500.387 -13238.6 -4.87926
150000 498.449 -13256.7 5.47811
151000 499.52 -13306.5 6.93238
152000 498.887 -13304.1 8.73936
153000 502.597 -13299.7 -7.97924
154000 501.704 -13319.8 12.6259
155000 498.773 -13397 47.7094
156000 498.743 -13282.8 -0.611391
157000 499.883 -13240.6 -38.4413
158000 499.627 -13344.3 8.08297
159000 499.1 -13313.8 -21.8299
160000 497.33 -13347.6 25.4348
161000 499.028 -13297.2 1.35557
162000 497.647 -13318.5 21.513
163000 499.303 -13375.3 4.267
164000 499.561 -13273.3 -23.0525
165000 499.637 -13280.1 14.6165
166000 497.388 -13366.2 -11.5448
167000 499.874 -13328.5 7.37534
168000 500.969 -13350.4 -8.45618
169000 500.833 -13280.8 -25.4693
170000 500.004 -13305.8 -16.056
171000 504.475 -13314.7 -16.148
172000 500.509 -13273.5 -8.6056
173000 501.988 -13281.9 9.45755
174000 500.497 -13362.6 -0.939422
175000 503.789 -13361.2 -2.05869
176000 500.773 -13286.9 15.5519
177000 500.672 -13277.1 -9.67775
178000 499.889 -13319.5 16.6738
179000 504.127 -13202.7 -26.1045
180000 500.489 -13198.5 0.815782
181000 499.41 -13267.2 -27.8163
182000 499.562 -13309.9 49.27
183000 499.83 -13280 7.17782
184000 500.843 -13294.6 3.46563
185000 500.061 -13261.3 8.39131
186000 500.26 -13276.3 -1.45395
187000 496.406 -13354.3 2.93774
188000 501.785 -13221.6 -12.4959
189000 499.577 -13223.4 -5.51776
190000 499.853 -13289.1 -2.7624
191000 500.146 -13272.7 -6.13565
192000 500.521 -13222.3 -12.1161
193000 501.552 -13174.3 27.6523
194000 501.779 -13215.4 -10.7108
195000 501.556 -13235.3 14.0396
196000 500.306 -13297.3 -0.737529
197000 499.695 -13312.3 0.884622
198000 499.065 -13262.5 12.168
199000 501.085 -13240 -21.925
200000 498.878 -13267.3 36.9064
201000 501.032 -13271.7 -0.741818
202000 499.356 -13295.5 -17.0017
203000 499.127 -13302.3 -1.61596
204000 499.317 -13222.8 2.18515
205000 499.947 -13319.4 -8.77382
206000 501.313 -13317.1 20.2118
207000 500.891 -13301.5 -12.6591
208000 501.905 -13268.7 25.194
209000 501.072 -13224 -16.3942
210000 502.613 -13286.9 13.5807
211000 498.797 -13290.3 -5.87644
212000 499.38 -13280.2 1.1353
213000 501.691 -13222 0.260276
214000 497.906 -13259 11.5852
215000 499.241 -13193.4 -7.91772
216000 499.815 -13249.4 -2.60264
217000 501.208 -13296.4 -9.74228
218000 500.026 -13249 -4.07308
219000 497.434 -13315.2 -9.46326
220000 499.359 -13330.9 6.78913
221000 501.56 -13272.6 3.69472
222000 501.766 -13322.3 -9.49621
223000 501.528 -13286.8 -27.1638
224000 501.342 -13260.8 24.7807
225000 500.4 -13321.8 -0.00354917
226000 497.958 -13235.2 17.613
227000 499.752 -13250.2 -18.5852
228000 499.312 -13264.6 3.81478
229000 497.512 -13269.6 0.985979
230000 501.077 -13284.5 -12.8746
231000 496.696 -13297.6 10.7189
232000 499.784 -13188.6 30.4752
233000 500.144 -13264.3 10.5213
234000 499.451 -13271.4 -6.56099
235000 501.994 -13249.2 5.44735
236000 502.171 -13189.9 8.40231
237000 496.404 -13275.3 19.1775
238000 500.087 -13192.6 -9.06551
239000 499.989 -13201.7 21.8842
240000 501.548 -13264.2 -2.53779
241000 500.32 -13218.3 1.54799
242000 498.596 -13291.9 5.26616
243000 499.792 -13219.4 -15.1809
244000 499.431 -13222.3 -7.1311
245000 499.903 -13252 29.768
246000 502.922 -13178.8 34.6517
247000 500.551 -13220.7 -5.1538
248000 500.053 -13142.2 4.55625
249000 498.193 -13166.3 8.11886
250000 498.603 -13165.3 2.45708
251000 497.813 -13281.4 0.249862
252000 500.038 -13218.2 -11.1056
253000 501.56 -13108.5 -15.8285
254000 499.802 -13318.8 -3.28187
255000 502.315 -13177.5 17.6375
256000 500.15 -13234.1 -15.4824
257000 502.989 -13113.9 15.1764
258000 501.854 -13177.8 -16.4212
259000 501.133 -13127.7 -4.82226
260000 499.57 -13141.9 3.09377
261000 500.949 -13242.9 -2.7783
262000 503.772 -13164.2 -11.3586
263000 500.504 -13252.7 -31.3444
264000 499.571 -13185.9 23.9659
265000 498.727 -13230.5 3.68227
266000 497.707 -13288.9 -10.8589
267000 500.438 -13196 12.1284
268000 499.47 -13128.5 0.898255
269000 497.075 -13177.1 -2.18747
270000 499.32 -13227.2 33.8637
271000 497.655 -13158.2 -31.7994
272000 500.867 -13177.3 7.18169
273000 500.449 -13230 0.536346
274000 498.071 -13177.3 8.18622
275000 501.755 -13184.2 -11.7631
276000 501.013 -13212.2 4.30945
277000 501.162 -13112.8 -4.58843
278000 500.289 -13210.7 10.1107
279000 500.781 -13187.5 9.02684
280000 503.513 -13078.2 9.65656
281000 499.989 -13184.1 -6.4738
282000 501.644 -13073.1 -10.6074
283000 500.023 -13129.4 26.5346
284000 500.795 -13201.1 -1.36074
285000 498.828 -13137.5 -13.7934
286000 499.063 -13169.6 6.50402
287000 497.987 -13167.1 -0.818883
288000 501.314 -13127.6 7.87331
289000 498.895 -13184.5 -36.0045
290000 501.168 -13146 25.3039
291000 499.976 -13148.1 -11.1802
292000 499.001 -13133.8 6.9362
293000 498.663 -13152.1 7.16678
294000 498.596 -13176.2 -26.3468
295000 501.972 -13065.6 0.508942
296000 501.663 -13065.2 2.68638
297000 499.06 -13168.2 22.863
298000 498.806 -13113 -3.96551
299000 501.314 -13172.3 0.868511
300000 500.034 -13143.3 -15.5895
301000 498.101 -13071.2 0.0146115
302000 500.929 -13153.5 13.6347
303000 502.867 -13057.5 -4.46524
304000 499.815 -13091.6 8.83293
305000 501.029 -13105.8 1.6532
306000 498.833 -13133.4 -2.8985
307000 500.843 -13024.6 22.7052
308000 500.63 -13113.8 -21.9371
309000 501.492 -13040.6 -5.12264
310000 498.653 -13213.2 -3.99419
311000 499.551 -13201.5 -18.2761
312000 498.172 -13222.4 -14.6654
313000 498.632 -13256.8 1.78793
314000 498.185 -13209.8 28.5323
315000 498.78 -13105.6 -21.0721
316000 498.153 -13125.2 30.0211
317000 500.254 -13196.4 18.7311
318000 500.114 -13129.4 4.51341
319000 500.892 -13023.4 -20.2511
320000 500.791 -13019 12.5795
321000 499.883 -13118.6 -40.511
322000 499.895 -13163.6 13.8878
323000 500.11 -13138.8 1.86047
324000 501.341 -13138.7 -16.7907
325000 495.971 -13300.6 6.21889
326000 499.99 -13175 3.35468
327000 499.973 -13151.4 6.12565
328000 498.673 -13202.2 3.44949
329000 500.917 -13082.1 19.759
330000 497.823 -13148.9 26.4124
331000 500.425 -13063.2 26.1267
332000 499.602 -13180.3 0.85708
333000 496.967 -13199 16.2514
334000 500.745 -13105.4 -5.95112
335000 499.44 -13109.9 24.3338
336000 502.626 -13071 -13.6294
337000 499.65 -13092.5 -14.5511
338000 496.71 -13151.8 5.73452
339000 501.899 -13060.9 5.29503
340000 497.806 -13171.4 -12.7995
341000 501.2 -13128.5 11.5898
342000 499.937 -13162.7 -9.90325
343000 499.831 -13139.7 -0.879352
344000 496.857 -13237 14.4575
345000 496.765 -13234 -16.6835
346000 500.163 -13167.2 -16.4656
347000 502.538 -13131.6 1.96141
348000 499.546 -13146.5 0.371166
349000 498.534 -13112.3 -5.1826
350000 500.487 -13139 19.2887
351000 497.905 -13174.6 -25.2973
352000 498.661 -13152.3 44.0937
353000 496.859 -13221.1 50.433
354000 501.032 -13059.4 1.97829
355000 500.181 -13062 -20.2474
356000 498.745 -13122.7 -4.06463
357000 499.685 -13166.6 18.9099
358000 499.857 -13093.2 -29.8053
359000 501.307 -13010.8 3.92516
360000 500.578 -13039 -15.6598
361000 501.523 -13111.6 -4.32928
362000 501.168 -13135.6 7.12371
363000 501.65 -13115.4 13.6497
364000 501.769 -13032.9 -20.9553
365000 499.148 -13131.4 3.57862
366000 501.113 -13107.2 -31.8301
367000 499.36 -13075 -3.55648
368000 498.604 -13072.6 10.3688
369000 499.947 -12981.4 -2.73008
370000 501.367 -13071.5 3.66529
371000 497.341 -13115.2 -10.7078
372000 498.287 -13147 9.05649
373000 501.42 -13117.8 -13.493
374000 499.142 -13018.4 14.1917
375000 497.728 -13135.6 3.22513
376000 499.926 -13098.1 17.3597
377000 499.796 -13027.9 -11.0908
378000 502.226 -13009.8 7.14033
379000 502.062 -13028.9 0.0548578
380000 501.31 -13048.7 -0.760571
381000 499.735 -13116.8 -12.0753
382000 500.336 -13083.9 4.01737
383000 500.187 -13081.2 3.5531
384000 498.348 -13092.9 -5.33495
385000 501.645 -13023.8 22.3314
386000 501.036 -13049.6 4.6837
387000 501.431 -13051 34.5913
388000 498.822 -13153.1 13.3079
389000 500.573 -13094 18.1152
390000 502.087 -13058.3 -20.5306
391000 501.654 -13081.3 18.262
392000 499.958 -13099 -9.22204
393000 500.847 -13039.8 0.0889836
394000 497.102 -13067.2 -20.2844
395000 500.78 -13057 11.929
396000 501.448 -13008.8 -23.4954
397000 500.324 -13119.2 -16.2021
398000 500.435 -13079.3 3.22564
399000 500.819 -13079.3 -15.1399
400000 500.548 -13055.5 -17.0322
401000 500.827 -13115 6.20616
402000 501.625 -13087.7 3.32751
403000 497.359 -13151.7 3.72887
404000 499.748 -13132.4 22.0501
405000 499.918 -13039.5 -12.8472
406000 498.827 -13021.9 6.89331
407000 498.512 -13150.6 8.11706
408000 497.71 -13088.7 6.89703
409000 500.098 -13081.8 5.35232
410000 499.5 -13117.7 -2.23784
411000 499.427 -13123 3.94731
412000 499.042 -13134.7 -3.44149
413000 498.901 -13086.1 17.3865
414000 499.235 -13111.1 -39.5839
415000 501.381 -13125.6 -2.40385
416000 501.128 -13148.8 16.3148
417000 498.641 -13153 6.9611
418000 502.767 -12996 10.3542
419000 500.524 -13157.9 9.15214
420000 499.549 -13195 34.1359
421000 501.611 -13132.7 12.3661
422000 498.78 -13141.6 -23.5323
423000 500.164 -13093.9 -8.94607
424000 498.545 -13098.9 2.45416
425000 497.949 -13132.9 26.0551
426000 501.639 -13067.8 20.3673
427000 500.107 -13098.2 -42.0036
428000 500.093 -13067.2 -40.5984
429000 499.447 -13109.9 33.9589
430000 501.486 -13029 -12.5481
431000 500.339 -13099.7 -1.95945
432000 499.657 -13059.8 -21.4108
433000 500.559 -13083 -27.6887
434000 503.367 -13032.4 -0.33177
435000 498.872 -13059.8 -3.22775
436000 501.568 -13056.5 -1.8707
437000 498.737 -13045 -5.90934
438000 500.71 -13015.2 -1.53874
439000 501.148 -13046.2 5.46361
440000 500.319 -13072.9 17.3847
441000 499.321 -13140.9 10.8534
442000 499.935 -13143 -12.9365
443000 498.298 -13105.2 27.2617
444000 499.632 -13076.1 -21.0439
445000 501.541 -13049.3 22.1401
446000 500.776 -13006.5 -12.8435
447000 501.073 -13039.1 -1.06283
448000 501.752 -13022.5 -6.66273
449000 502.369 -13024.3 -3.37419
450000 499.492 -13017 16.5421
451000 498.245 -13087.6 21.3014
452000 499.823 -13110.5 -3.71647
453000 497.631 -13130.1 -13.5031
454000 497.654 -13182.3 -20.6345
455000 498.164 -13104 18.4635
456000 498.742 -13041.7 -23.6955
457000 499.926 -13101.2 -3.02069
458000 499.671 -13096.1 18.6176
459000 500.312 -13185 -8.47895
460000 501.757 -13036.1 -0.341932
461000 502.769 -13058.1 -5.09286
462000 499.154 -13069.6 13.9729
463000 500.529 -13079.1 15.2002
464000 502.199 -13039 -1.50484
465000 499.61 -13080.7 9.3444
466000 502.057 -13075.5 16.5439
467000 498.093 -13066.5 -18.8258
468000 501.204 -13054.1 6.40001
469000 500.844 -13129 46.6838
470000 499.084 -13109.1 -35.6732
471000 498.497 -13073.8 29.5129
472000 498.884 -13115.8 6.1563
473000 502.243 -13019.6 -11.5563
474000 500.326 -13052.3 5.59568
475000 499.196 -13132.9 -10.7874
476000 500.628 -13062.5 -0.29321
477000 499.114 -13030.3 0.375951
478000 497.582 -13174.4 -18.1491
479000 499.959 -13126.6 -16.4366
480000 499.67 -13164 6.23355
481000 501.087 -13200.1 -18.8214
482000 497.717 -13156.6 20.1303
483000 500.946 -13025.7 3.94003
484000 502.757 -13117.2 1.54095
485000 499.919 -13115.7 12.5452
486000 500.826 -13145.3 -4.95239
487000 500.875 -13062.7 -16.9252
488000 498.484 -13074.4 7.1952
489000 502.542 -12978.1 21.4641
490000 500.536 -12925 11.0801
491000 499.853 -13060.2 -6.4079
492000 502.407 -13079.5 -8.00294
493000 501.068 -13105.8 11.3204
494000 501.567 -13062.1 22.5803
495000 500.808 -13150.7 -9.20531
496000 500.593 -13128.8 -7.15699
497000 499.229 -13073.5 -9.69951
498000 501.044 -13041.7 12.0358
499000 502.456 -13041.8 2.44802
500000 499.999 -12979 -0.898142
501000 497.896 -13121.4 7.16945
502000 500.844 -13120.5 34.0636
503000 499.421 -13087.1 -5.80556
504000 500.195 -13069.6 22.2228
505000 499.593 -13136.4 -0.629678
506000 501.424 -13123.3 7.77092
507000 498.928 -13085.1 -11.2925
508000 502.16 -13037.9 10.0629
509000 503.545 -13010.5 38.0257
510000 501.897 -13111.2 -23.8624
511000 498.821 -13150.8 -37.2674
512000 498.408 -13125 16.3744
513000 502.712 -13048.5 -5.09781
514000 499.864 -13115.7 2.5572
515000 500.211 -13115.3 5.31061
516000 500.833 -13010.9 12.9221
517000 500.731 -13071 -13.6332
518000 501.778 -13092.3 -3.62053
519000 499.26 -13120.6 40.1021
520000 496.618 -13156.3 8.63017
521000 498.859 -13064.7 -8.29711
522000 499.813 -13126.9 6.40803
523000 500.399 -13133.6 -3.72857
524000 498.454 -13127.9 -31.1179
525000 498.66 -13111.9 7.90085
526000 499.869 -13083.2 11.2762
527000 501.447 -13108.2 1.8717
528000 499.607 -13139.8 -0.373368
529000 501.987 -13008.6 19.7828
530000 499.577 -13086.3 2.36093
531000 499.58 -13076.8 0.87807
532000 500.074 -13131.8 -6.13586
533000 499.785 -13192.4 15.1501
534000 497.608 -13088.6 7.44001
535000 498.812 -13095.8 -10.8068
536000 497.954 -13037.3 -9.42844
537000 499.763 -13034.7 -2.595
538000 500.818 -13090.6 4.58158
539000 503.044 -13085 -36.4517
540000 498.707 -13082.5 19.7684
541000 500.497 -13155 5.56032
542000 498.86 -13081.6 19.8449
543000 499.428 -12965.1 7.60601
544000 504.009 -12854 17.5541
545000 498.339 -13050.2 15.8522
546000 500.883 -12984 -12.8077
547000 498.281 -13067.2 35.6605
548000 502.522 -12997.3 -24.503
549000 499.291 -13057.3 10.1365
550000 501.178 -13054.1 13.493
551000 498.572 -13000.2 -25.8363
552000 500.721 -13076 23.4698
553000 499.152 -13006.6 -0.574415
554000 499.373 -13021.9 -11.9804
555000 500.466 -13060 5.95015
556000 501.13 -13083.2 -1.28965
557000 498.204 -13085.4 -4.52067
558000 498.006 -13073.8 2.75803
559000 501.029 -13142 -1.23859
560000 501.795 -13095.4 9.05014
561000 499.832 -12993.6 -10.9213
562000 501.808 -12954.1 27.3021
563000 500.215 -13070.9 -11.0209
564000 498.928 -13127.4 0.00154592
565000 497.363 -13060.2 2.63335
566000 498.45 -13046.4 9.04245
567000 497.953 -13010.4 -1.7125
568000 500.152 -13048.1 9.29283
569000 499.783 -13042.9 -28.077
570000 500.802 -13072.7 41.7143
571000 499.579 -13054.1 -3.29938
572000 499.354 -13134.8 5.90827
573000 498.926 -13045.2 -16.3993
574000 499.814 -13069.6 11.8162
575000 501.713 -13065.6 -19.0895
576000 498.379 -13024.9 20.9494
577000 499.09 -13054.9 8.78306
578000 501.379 -12977.6 22.2009
579000 498.922 -13075.5 -0.969549
580000 497.31 -13026.7 34.0526
581000 498.11 -12959.5 11.8221
582000 499.741 -12998 -6.16538
583000 501.68 -13029.8 5.36026
584000 500.583 -13132.1 9.59233
585000 499.429 -13050.3 -14.5767
586000 499.719 -13169.6 8.22069
587000 500.913 -13085.3 -18.2223
588000 502.383 -13035 1.06473
589000 500.545 -13051.6 7.57253
590000 499.002 -13035.6 19.107
591000 499.387 -13058.8 -3.66227
592000 500.332 -13040.9 13.4761
593000 499.543 -13028.8 32.3436
594000 499.534 -13117.2 -15.1337
595000 497.004 -13198.8 5.72536
596000 497.983 -13118.4 6.03873
597000 502.05 -13081.2 18.9626
598000 498.15 -13060.3 -6.98907
599000 501.378 -13026.6 -26.2906
600000 499.598 -13076.9 9.1806
601000 500.427 -13064.4 -11.9572
602000 499.049 -13054.1 -30.6651
603000 501.501 -12943.5 19.3547
604000 499.592 -13050.1 -24.1503
605000 501.606 -13021.2 -4.8151
606000 500.228 -12972.9 20.0483
607000 499.742 -13039.3 4.42845
608000 497.853 -13090 -1.38384
609000 499.837 -13096.7 -6.47179
610000 501.9 -12976.4 17.2769
611000 499.008 -13029.4 -8.06875
612000 500.061 -13055.5 -27.8924
613000 500.458 -13032 3.52329
614000 498.842 -13035.1 1.62197
615000 499.725 -13109.3 1.46389
616000 500.25 -13078.4 -12.1719
617000 498.22 -13107.2 -7.09897
618000 499.959 -13158.2 -9.55035
619000 500.537 -12999.1 -26.7369
620000 500.73 -13046 -7.52975
621000 499.582 -12998.5 -10.0752
622000 500.527 -12927.2 -0.535267
623000 501.182 -13037.1 6.15704
624000 497.38 -13103.6 19.4774
625000 500.644 -13022.7 -4.07266
626000 501.721 -13004.5 -12.5439
627000 499.6 -13079.8 7.29217
628000 497.017 -13010.6 -8.49247
629000 500.496 -12955 -1.74922
630000 498.895 -13101.6 12.5881
631000 500.096 -13050.3 -7.7161
632000 501.25 -12995.6 -25.5611
633000 499.305 -13083.5 0.00535102
634000 498.059 -13099.2 18.873
635000 500.159 -13071.8 7.85149
636000 499.16 -13110.8 37.926
637000 500.85 -13048.4 -13.5071
638000 501.471 -12895.7 -12.6838
639000 499.526 -12971.7 -8.38573
640000 501.372 -12959.4 -2.19056
641000 500.973 -13008.9 39.14
642000 498.959 -13108.5 -17.7869
643000 501.363 -13083.8 23.1784
644000 500.076 -13047.3 -13.6755
645000 499.512 -13028.6 10.6138
646000 499.52 -12970.9 5.68939
647000 501.975 -12998.1 10.9484
648000 498.152 -12994.3 -22.8734
649000 499.155 -13011.9 7.67013
650000 501.192 -13042.9 -3.20927
651000 500.783 -13036 33.9243
652000 501.53 -13002.6 -26.4973
653000 499.663 -13058.3 16.3951
654000 497.965 -13056 9.25576
655000 499.551 -13083.7 11.9435
656000 502.164 -13012.2 -20.0118
657000 499.564 -13125.4 -9.48396
658000 501.051 -12969.6 14.4092
659000 499.754 -13008 -26.5384
660000 504.285 -12874.6 -14.4391
661000 500.36 -12953.9 8.21387
662000 499.259 -13039.3 -6.11004
663000 502.06 -12922.2 6.47092
664000 499.305 -13060.5 -19.4293
665000 499.791 -13135 24.5664
666000 497.987 -13044.3 10.0706
667000 499.562 -12989.8 47.9284
668000 498.047 -13018.5 -22.9725
669000 498.341 -13076.8 0.579277
670000 500.648 -13025 -3.38458
671000 498.029 -13045.5 -2.57243
672000 498.486 -13008.9 -19.5305
673000 500.979 -12964.9 -26.0438
674000 500.155 -13048.6 12.4539
675000 498.705 -13019.7 -6.34049
676000 500.962 -12996.1 30.8601
677000 498.371 -12942.4 3.86356
678000 501.395 -12950.3 28.3007
679000 499.654 -13044.1 12.8223
680000 500.58 -13059.7 11.0927
681000 502.378 -12942.9 -13.1406
682000 500.593 -12967.6 -12.4291
683000 497.593 -13056.7 16.2302
684000 498.281 -13060.1 13.7226
685000 500.078 -13064.1 -9.81697
686000 503.719 -13079.1 -5.74536
687000 501.093 -12999.9 6.71258
688000 501.883 -13003.7 -8.0941
689000 501.135 -12940.6 1.66156
690000 499.947 -12972.8 -15.9709
691000 500.522 -13101.2 34.3424
692000 498.816 -12998.2 2.81364
693000 501.172 -12963.2 -5.4012
694000 499.464 -12994 -6.95044
695000 499.917 -12988.1 27.2706
696000 500.44 -13067 10.6029
697000 499.735 -13030.8 6.24568
698000 498.264 -13111.1 0.643145
699000 501.459 -13027 1.0089
700000 499.359 -12938.9 1.10688
701000 500.87 -13056.3 9.73349
702000 498.873 -13032.8 -24.2512
703000 499.003 -13060.3 15.4392
704000 496.708 -13096.7 9.7184
705000 499.04 -13190.6 -1.06019
706000 502.358 -13043.5 -3.26217
707000 499.223 -13020.7 4.77634
708000 502 -12972.2 4.00784
709000 497.071 -13189.4 24.7136
710000 500.23 -13007.2 -23.7947
711000 499.239 -12945.6 13.2886
712000 498.06 -13050.5 -1.86844
713000 499.635 -13039.6 12.6545
714000 498.828 -13016.1 15.0699
715000 500.072 -13162.7 0.212646
716000 500.876 -13052.4 20.8065
717000 500.342 -12994.8 5.868
718000 500.691 -12938.8 9.12976
719000 501.333 -13084.2 -6.15672
720000 498.829 -13087.2 -22.2978
721000 499.949 -13004.8 -21.1285
722000 500.068 -13015.2 13.2762
723000 499.608 -13118.8 -19.7978
724000 501.89 -13065.7 -6.68593
725000 500.274 -13057.6 0.0882963
726000 501.135 -13048.8 -15.3949
727000 500.101 -12958.7 -2.18074
728000 501.152 -12938 19.1638
729000 502.944 -12933.5 2.83992
730000 498.233 -13103.7 3.13014
731000 501.035 -13113.3 5.04866
732000 498.473 -13106.3 19.84
733000 498.936 -13054 -3.09767
734000 500.023 -13018.3 10.6143
735000 500.215 -13039.7 -0.815353
736000 498.052 -12977.6 3.52476
737000 502.268 -12987.2 8.43499
738000 499.707 -13018.3 7.88027
739000 498.51 -13092 24.7002
740000 500.987 -13005.2 15.102
741000 498.967 -13024.9 -20.9394
742000 501.157 -12999.8 3.73846
743000 500.83 -13090.9 11.0568
744000 499.686 -13067.5 1.14181
745000 500.286 -12973 9.71146
746000 500.18 -13052.2 -9.76281
747000 501.565 -13041 2.86802
748000 500.667 -13044.6 13.6859
749000 501.813 -13062 3.98166
750000 501.934 -13010 5.54534
751000 499.838 -13032.2 -17.9674
752000 502.281 -12948.3 20.7652
753000 497.622 -13087.5 -5.2713
754000 497.847 -13024.3 -9.34331
755000 502.036 -12953.8 16.5327
756000 498.643 -13009.2 -33.6558
757000 500.791 -12983.6 -4.77041
758000 499.247 -13052.7 7.86246
759000 499.257 -13154.1 12.2263
760000 500.526 -13105.2 11.6397
761000 502.008 -12978.8 2.40949
762000 498.432 -13083.7 -8.15495
763000 500.252 -13153.5 -12.4818
764000 499.555 -13135.3 -1.12589
765000 499.605 -13113 2.52003
766000 500.503 -13091.1 -8.07298
767000 498.942 -12999.2 -13.6859
768000 498.074 -13052.4 -11.2508
769000 495.397 -13081.2 -5.19519
770000 499.55 -13023.6 -6.3996
771000 499.072 -13044.9 7.2594
772000 503.212 -12960.8 19.0612
773000 499.044 -13051.9 -2.24214
774000 498.332 -12960.3 12.1594
775000 500.954 -12942.4 -2.67687
776000 498.183 -13088.7 -5.49086
777000 499.358 -13079.8 11.0478
778000 501.454 -12998.8 -11.3104
779000 499.818 -13005.1 -1.13005
780000 500.326 -13004.1 37.2507
781000 502.538 -13019.5 9.57596
782000 500.489 -12998.7 -58.4447
783000 499.555 -13040.4 -8.93458
784000 501.897 -13024.9 5.51288
785000 498.935 -13039.2 2.03277
786000 500.549 -13015.7 1.60126
787000 499.064 -13074.2 16.3319
788000 498.435 -12997.8 28.2842
789000 498.497 -12979.8 -19.7706
790000 499.296 -12939.8 2.53314
791000 501.979 -12996.8 -17.026
792000 498.559 -13105.2 10.3366
793000 502.604 -12993.6 -32.8419
794000 500.335 -13057.8 18.17
795000 501.485 -13041.4 6.08833
796000 500.773 -13053.8 -19.721
797000 499.31 -13036.7 -16.4635
798000 502.054 -13018.6 -1.41233
799000 501.303 -13040.9 7.61056
800000 499.135 -13097.9 -23.5665
801000 499.326 -13045.2 -1.37312
802000 500.791 -13093 16.6851
803000 499.978 -13142.1 16.5628
804000 498.051 -13086.6 -16.3921
805000 500.082 -13102 40.3254
806000 499.2 -13113.2 -30.8614
807000 498.033 -13086.8 -3.79234
808000 500.41 -12983.6 -5.27789
809000 499.755 -13019.1 -6.41248
810000 499.423 -13095.6 7.17177
811000 502.594 -13034.2 -9.81293
812000 498.454 -13055.1 5.65248
813000 501.982 -12955.6 -15.8563
814000 501.482 -13082.8 11.7412
815000 501.494 -13058.2 15.4096
816000 498.922 -13101.8 8.02923
817000 500.636 -13037.5 25.4882
818000 499.106 -13063.6 -7.69167
819000 500.616 -13004.7 7.51019
820000 501.256 -12931.5 6.09327
821000 500.463 -12943.4 -6.9734
822000 499.295 -12969.7 -15.2702
823000 498.794 -13043.1 -8.11554
824000 498.539 -13087.7 -6.12997
825000 497.612 -13020.9 0.459096
826000 499.623 -12932.6 7.20976
827000 502.523 -12919.7 -19.4435
828000 501.676 -13031.2 11.6678
829000 500.594 -13070.6 1.62171
830000 501.726 -13042.8 -17.3077
831000 498.853 -13070.2 32.0301
832000 498.911 -13097.7 23.9498
833000 501.598 -12956.5 -4.07045
834000 500.384 -13026.2 0.818528
835000 498.718 -13052.7 -3.56392
836000 498.425 -13055.5 16.9198
837000 499.627 -13040.3 8.93967
838000 496.007 -13248.3 2.25191
839000 499.617 -13097.1 -11.198
840000 501.9 -13057.4 -1.71226
841000 500.494 -13071.6 33.282
842000 498.979 -13052.3 -8.63246
843000 499.99 -13056 -12.9076
844000 499.905 -13007.4 3.59153
845000 498.673 -12991 16.4774
846000 499.912 -12973.9 -16.2256
847000 499.244 -12970.8 20.4188
848000 499.078 -13017.1 -21.7674
849000 500.529 -13019 12.8682
850000 498.34 -13067.3 -3.62462
851000 500.396 -13031.4 13.894
852000 500.968 -12968.5 9.01488
853000 500.683 -12968.4 -16.4402
854000 500.775 -12912.5 -3.04131
855000 499.617 -12996.2 32.2835
856000 496.729 -13134.7 -8.22603
857000 501.882 -13044.3 14.6049
858000 501.854 -12971.1 1.8239
859000 502.065 -12932.8 -21.0318
860000 499.212 -12971.1 17.4978
861000 500.708 -12989.4 1.16562
862000 499.744 -13030.2 -2.80235
863000 501.323 -12953 -16.5331
864000 502.517 -12951.2 0.940976
865000 500.845 -13065.8 4.47205
866000 497.91 -13069.5 8.01009
867000 500.812 -12983 -1.16546
868000 498.405 -13020.5 6.79137
869000 499.029 -13089.2 -15.5654
870000 502.207 -12958.7 -9.18534
871000 499.476 -12965.4 10.8617
872000 499.72 -13071.8 27.4694
873000 499.368 -13030 14.5829
874000 498.305 -13076.2 -13.1618
875000 499.399 -13157.6 4.69177
876000 502.964 -13051.1 -0.781654
877000 501.799 -13003.1 15.8992
878000 500.604 -13013.4 28.186
879000 501.433 -12966.6 5.97169
880000 498.134 -13161.8 -11.393
881000 499.99 -13117 -3.16577
882000 498.121 -13115.8 7.05475
883000 499.872 -13087.8 -11.2672
884000 498.849 -13093.1 -25.8198
885000 499.179 -13089.3 21.8577
886000 501.52 -12971.8 -7.12283
887000 497.451 -13124.5 -19.7794
888000 498.966 -13066.4 20.5001
889000 499.531 -13041.9 -10.2498
890000 500.436 -12972.5 25.6087
891000 499.183 -13046.3 5.81036
892000 497.048 -13154.3 -16.9139
893000 501.195 -12972.5 -0.3038
894000 503.231 -12935.4 14.9784
895000 500.567 -13005.2 -13.2785
896000 498.422 -13135.2 3.27608
897000 498.916 -13073.5 0.370404
898000 499.573 -13108.3 24.8093
899000 500.21 -12992.4 20.3347
900000 498.802 -13071.4 -9.87802
901000 499.026 -13068 4.6579
902000 497.126 -13097.7 19.5727
903000 501.86 -13055.8 -17.0752
904000 501.343 -13026.6 8.84693
905000 499.672 -13047.2 -29.3317
906000 498.32 -13131.1 15.2853
907000 503.363 -12997.9 9.87872
908000 500.391 -13079.8 -4.92758
909000 502.473 -12928.4 -3.17249
910000 499.764 -12941.3 0.307807
911000 501.99 -13021.8 -41.0539
912000 500.508 -13095.6 8.20794
913000 501.224 -13074.4 5.81193
914000 497.651 -13159.5 8.88756
915000 498.967 -13149.6 -4.14821
916000 500.386 -13108.3 -0.35095
917000 499.458 -13088.8 11.7167
918000 498.796 -13012.2 20.0275
919000 498.65 -13097.2 -22.8601
920000 500.01 -13141.1 15.0479
921000 497.182 -13179 -3.5455
922000 499.016 -13190 -2.35849
923000 499.492 -13054.5 -17.2536
924000 497.462 -13089.6 -9.69955
925000 500.252 -13025.6 24.3971
926000 500.837 -13005.3 -3.56655
927000 499.032 -12998.4 -17.1355
928000 500.842 -13058.5 5.50645
929000 500.261 -13090 22.3839
930000 497.124 -13125.9 5.16696
931000 500.556 -13052.3 17.5931
932000 501.94 -13048.9 -21.7444
933000 498.844 -13034.3 -11.4872
934000 500.065 -13083 15.4001
935000 500.618 -13056.8 -4.42832
936000 496.92 -13055 -1.88918
937000 501.971 -12983.7 -20.0224
938000 502.35 -13055.2 33.566
939000 500.918 -13070.1 7.4541
940000 500.292 -13037.5 -26.9564
941000 502.878 -12997.1 14.448
942000 500.987 -12962.5 2.40182
943000 502.179 -13040.4 32.8105
944000 500.25 -13004.2 -10.2662
945000 500.826 -13063.9 -29.7803
946000 500.613 -13097.3 12.1998
947000 499.874 -12963.7 -4.70923
948000 501.049 -12952.5 11.2782
949000 500.58 -12957.2 -0.79191
950000 501.762 -13001 27.6972
951000 500.47 -13102.3 -14.3775
952000 501.076 -13040.5 -14.9081
953000 502.224 -13050.7 -20.6836
954000 499.241 -13102.3 26.2708
955000 500.724 -13155.6 12.7794
956000 499.598 -13113.9 10.3481
957000 500.549 -13095.7 -10.5365
958000 499.707 -13062 1.49939
959000 499.761 -13043.6 -12.7338
960000 500.863 -12991 3.90126
961000 499.337 -13109.9 10.7402
962000 501.849 -13004.2 12.7439
963000 498.326 -13113.3 17.1819
964000 504.67 -12965.2 -30.8893
965000 501.356 -13041.2 13.5336
966000 500.896 -13022.1 -18.649
967000 496.702 -13047.4 -2.28757
968000 500.183 -12991.5 -4.31776
969000 498.674 -13059.1 -5.01483
970000 500.601 -13036.3 28.6923
971000 502.079 -13054.7 -27.724
972000 501.835 -12988.8 2.99193
973000 500.663 -13005 -4.06066
974000 500.053 -13094.2 14.9549
975000 498.771 -13098.4 -4.72058
976000 497.329 -13115.8 -15.0692
977000 502.045 -12955.2 16.1899
978000 501.688 -13022.9 -6.99271
979000 498.223 -13119.2 2.88424
980000 500.464 -12986 4.6231
981000 498.594 -12950.4 -7.8359
982000 500.556 -13020.8 -3.85166
983000 500.121 -13000.4 11.3134
984000 499.904 -13015.1 -27.6738
985000 500.475 -13046.4 -17.9201
986000 501.422 -13071.6 0.416069
987000 499.979 -13095.5 20.6434
988000 498.149 -13062.9 -42.3368
989000 501.148 -13031.5 -20.2638
990000 499.017 -13088.4 26.6248
991000 500.407 -13027.2 5.16344
992000 502.438 -12944.7 7.17332
993000 500.638 -12991.1 9.81475
994000 500.569 -12910.5 -7.34948
995000 500.188 -13056.2 -3.60357
996000 497.814 -13009.1 1.2667
997000 499.873 -13027.9 -12.8606
998000 499.897 -13115.6 4.63621
999000 497.269 -13057.5 -3.25125
1000000 499.892 -12984.3 -6.97677
1001000 499.786 -13048.9 11.8966
1002000 499.788 -13061.9 -41.0336
1003000 500.675 -12979.2 -21.6621
1004000 499.545 -13079.4 20.7648
1005000 497.955 -13108.8 5.62583
1006000 500.631 -13035.6 -2.62715
1007000 500.902 -13061.5 11.8421
1008000 501.928 -12920.3 16.6054
1009000 500.677 -13023.2 0.189348
1010000 499.733 -13101.9 -14.543
1011000 501.287 -13037.6 -4.69662
1012000 496.069 -13110.2 -9.39516
1013000 500.011 -13072 -8.42544
1014000 502.673 -12959 30.612
1015000 498.877 -13045.6 26.6054
1016000 501.747 -13026.4 -12.0986
1017000 499.017 -13054.4 -5.70493
1018000 500.907 -13046.5 -5.73754
1019000 494.943 -13148.9 4.23636
1020000 500.381 -13102.9 11.9171
1021000 500.569 -13086.7 12.8914
1022000 500.491 -13122.8 26.8134
1023000 502.923 -13001.8 -4.47456
1024000 499.934 -13095.4 -14.862
1025000 501.722 -13069.1 -15.5131
1026000 498.045 -13083 24.6181
1027000 500.485 -13087.3 2.69179
1028000 500.635 -13141 8.16561
1029000 500.589 -12966.2 -7.87451
1030000 497.713 -13144.8 1.41152
1031000 499.127 -13028 -15.1412
1032000 499.132 -12976.6 6.4033
1033000 500.389 -13029.3 -6.2556
1034000 496.821 -13054.4 -9.66473
1035000 499.096 -13009.2 -4.39793
1036000 500.639 -13047.7 -1.09814
1037000 500.252 -13025 2.3758
1038000 500.07 -13010.8 -3.40815
1039000 499.667 -13108.3 13.0319
1040000 499.89 -13111.2 -19.6054
1041000 498.422 -13159.6 -5.22804
1042000 501.911 -13113.4 15.4547
1043000 499.342 -13058.6 -31.628
1044000 500.729 -12966.7 28.7311
1045000 498.379 -13127.3 7.29955
1046000 501.628 -13061 -7.06676
1047000 501.516 -13159.7 11.2894
1048000 500.121 -13010.7 -25.1895
1049000 500.644 -12958 28.2214
1050000 500.485 -13073.7 -5.27201
1051000 499.206 -13091 23.6105
1052000 498.554 -13083.1 -23.7528
1053000 501.83 -12977.6 -3.3242
1054000 498.047 -13097.9 -19.451
1055000 500.465 -13064 3.99673
1056000 499.088 -13088.7 -10.2196
1057000 498.515 -13139.6 -2.98886
1058000 500.346 -13004.2 6.70859
1059000 500.543 -13102.1 20.7946
1060000 500.556 -13067.9 -23.5183
1061000 499.983 -12998 6.63763
1062000 502.851 -12994.1 -14.0828
1063000 498.69 -13051.7 11.0839
1064000 499.099 -13110.6 21.2377
1065000 498.206 -13106.6 11.4693
1066000 496.859 -13051.4 -17.5499
1067000 499.107 -12989.4 2.99394
1068000 498.425 -13036.8 -0.0530951
1069000 497.938 -13111.9 15.7384
1070000 499.743 -13041 -17.5027
1071000 501.414 -12986.8 -2.96114
1072000 501.661 -13051.2 3.11392
1073000 497.035 -13105.2 -2.13784
1074000 502.115 -13125.4 -10.5126
1075000 500.178 -13082 23.5364
1076000 499.048 -13098.9 -15.087
1077000 502.562 -13012.9 -3.7503
1078000 498.16 -13071.8 -30.0942
1079000 501.312 -13058.8 27.227
1080000 498.736 -12988.1 -0.276061
1081000 499.08 -13041.1 4.81584
1082000 496.946 -13069.1 -20.3754
1083000 500.315 -13076.9 14.0242
1084000 499.764 -13026.5 -21.1966
1085000 499.924 -13041.8 11.8346
1086000 500.267 -13113.6 -0.0363614
1087000 498.88 -13103.6 3.21749
1088000 501.269 -13077 20.4344
1089000 499.526 -13079.9 -3.86966
1090000 496.663 -13110.1 13.0724
1091000 499.914 -13055.3 9.55816
1092000 500.426 -13039.8 6.67773
1093000 499.874 -13068.6 1.00371
1094000 499.732 -13096.9 3.18411
1095000 500.698 -12920.6 -11.371
1096000 499.846 -12967.2 13.6416
1097000 498.465 -12967.1 34.9282
1098000 500.249 -12932.8 -16.8614
1099000 501.27 -13009.5 -10.0623
1100000 502.138 -13028.3 15.8374
1101000 498.44 -13052.6 -14.0453
1102000 497.516 -13114.7 -14.2734
1103000 500.397 -13040 26.4482
1104000 501.085 -13045.1 5.78227
1105000 500.893 -13026.7 -13.1166
1106000 503.289 -13007.8 -21.0413
1107000 499.746 -12930.7 -3.70192
1108000 500.003 -12961.3 -2.23085
1109000 499.701 -13021 -0.838167
1110000 501.29 -13005.4 -28.9705
1111000 499.11 -13087.3 27.9164
1112000 498.377 -13095.9 -10.7069
1113000 501.247 -12988.5 12.0768
1114000 499.575 -13018 -20.4588
1115000 500.568 -13025.7 -11.2281
1116000 498.708 -13030.6 -15.7306
1117000 499.758 -13098.3 7.26761
1118000 501.304 -13025.3 10.0064
1119000 500.356 -12968.3 8.50698
1120000 500.814 -12938.7 3.51334
1121000 499.872 -12979.4 2.29333
1122000 499.104 -13078.9 20.6629
1123000 500.092 -12955.2 7.69164
1124000 502.472 -12883.1 -20.8391
1125000 501.26 -13001.5 24.9542
1126000 498.115 -13086.6 -6.3477
1127000 499.901 -13086.2 33.095
1128000 500.44 -12969 -9.81778
1129000 499.86 -13098.6 10.25
1130000 498.878 -13068.4 -6.21172
1131000 497.704 -13093.1 9.64513
1132000 501.615 -12953.5 -12.5874
1133000 500.355 -12963.2 -10.4369
1134000 501.81 -12996.3 -7.74622
1135000 501.416 -13045 11.0366
1136000 499.36 -13008.6 26.3812
1137000 501.253 -12991.7 9.95428
1138000 501.246 -12939.1 -29.6152
1139000 501.287 -13028.2 7.31526
1140000 499.975 -13033.1 -1.66198
1141000 502.163 -12947.7 -13.3373
1142000 501.13 -12956.8 -20.3837
1143000 499.068 -13077.7 25.3049
1144000 501.985 -13006.8 -0.295172
1145000 497.329 -12967.8 11.2632
1146000 501.27 -12966.9 -13.2684
1147000 500.394 -12977.1 14.0413
1148000 501.037 -13044 -6.10652
1149000 499.154 -13067.8 -3.29287
1150000 499.118 -12966.2 -11.8793
1151000 501.339 -13004.2 16.3032
1152000 498.525 -13032.3 -30.4637
1153000 499.991 -13024.1 9.71649
1154000 502.749 -12977.3 44.9221
1155000 500.947 -12984.1 -0.713088
1156000 498.318 -13077.9 -3.82598
1157000 500.815 -13001.7 -1.43288
1158000 500.741 -13097.9 -0.0434884
1159000 500.289 -12980.4 7.02034
1160000 500.262 -12997.6 -18.3191
1161000 500.219 -12999.2 -21.9652
1162000 500.866 -13031.8 32.5332
1163000 500.588 -13033.3 0.809575
1164000 499.754 -12958 -4.62015
1165000 499.09 -13082.4 20.1232
1166000 500.597 -13130.6 -9.57053
1167000 496.805 -13095.2 -4.63502
1168000 499.319 -13076.7 17.4108
1169000 500.887 -12894.2 -9.63849
1170000 501.293 -12957.1 -0.458136
1171000 502.568 -12983 -10.9615
1172000 498.648 -13055.4 -19.0901
1173000 500.586 -13049.6 20.4704
1174000 498.304 -12959.1 -9.63509
1175000 499.938 -13056.8 -24.1306
1176000 501.971 -12974.9 -19.9436
1177000 498.492 -13003 13.2152
1178000 500.293 -12965 0.205098
1179000 498.022 -13096.2 -17.8749
1180000 501.332 -12987 -20.5077
1181000 498.49 -13115.1 17.895
1182000 501.518 -12959.8 -9.50349
1183000 500.864 -13037.5 2.59521
1184000 498.933 -13092.9 -8.92238
1185000 498.919 -13117.7 4.75784
1186000 498.724 -12998.6 11.1202
1187000 502.656 -13020.3 38.3625
1188000 500.706 -13001.2 -10.3396
1189000 497.51 -13013.5 13.2085
1190000 499.576 -13007.5 -14.2669
1191000 498.009 -13119 -12.1775
1192000 499.586 -13034.2 -2.34609
1193000 501.003 -13001.3 30.0417
1194000 501.837 -12966.8 -13.2728
1195000 500.238 -13010 -0.403398
1196000 498.668 -13029.4 -4.41902
1197000 499.522 -13031.1 -13.6619
1198000 497.726 -12966.3 18.35
1199000 500.465 -13005.1 11.0022
1200000 500.02 -12960.2 14.3971
1201000 497.504 -13058.5 -12.0043
1202000 497.875 -12931.4 -1.2216
1203000 501.652 -12921.4 -6.47113
1204000 499.255 -12976.5 -4.80102
1205000 497.294 -13079.1 22.0732
1206000 498.898 -13022.9 -21.6413
1207000 500.114 -12978.6 -16.9379
1208000 500.578 -12983.1 46.3097
1209000 497.738 -13024.9 -5.99287
1210000 497.001 -13065.4 -14.1212
1211000 502.778 -12966.3 -3.88787
1212000 498.179 -13006.6 -21.4278
1213000 499.416 -13042.7 14.1814
1214000 498.63 -13114.8 12.1127
1215000 503.126 -13042.3 -3.16965
1216000 501.951 -12905.1 -12.3386
1217000 497.988 -13041.7 -32.197
1218000 501.8 -12981.9 -1.57623
1219000 501.816 -12982.2 -10.0065
1220000 500.735 -12988.8 26.87
1221000 500.262 -12981 -4.72641
1222000 497.544 -13104.4 -1.02158
1223000 498.298 -13029 5.0018
1224000 499.683 -13062.7 31.6724
1225000 500.175 -13118.6 4.1973
1226000 499.267 -13083.3 8.65915
1227000 499.011 -13072.3 -2.6246
1228000 500.631 -13050.1 -10.5719
1229000 503.638 -12888.8 -19.8931
1230000 499.649 -13010.2 2.62196
1231000 499.769 -12993.9 -9.04708
1232000 498.023 -12996.3 7.96304
1233000 501.123 -13063.3 19.6441
1234000 500.668 -13023.1 -13.2543
1235000 497.756 -13023.4 47.5412
1236000 499.897 -13091.2 1.25192
1237000 501.07 -12930.7 6.65158
1238000 499.154 -13042.2 -24.094
1239000 502.159 -12889 -11.9059
1240000 498.631 -12952.3 8.08331
1241000 498.597 -13040.5 -3.24794
1242000 501.983 -13017.9 7.10763
1243000 502.208 -12941.3 4.65008
1244000 499.083 -13026.3 -3.74854
1245000 498.683 -13145 -1.41389
1246000 500.152 -13102.8 -11.8218
1247000 499.208 -13010.4 1.33214
1248000 501.46 -12976.6 12.2904
1249000 501.09 -13018.3 36.997
1250000 500.989 -12985.6 0.424297
1251000 499.566 -13136.5 -5.07726
1252000 500.63 -13001.5 0.740622
1253000 499.595 -13030.4 -14.7343
1254000 498.332 -13040.7 2.64071
1255000 501.285 -13040.2 9.13695
1256000 500.58 -13002.5 17.4543
1257000 500.915 -13102 24.7545
1258000 498.312 -13005.1 11.0731
1259000 502.142 -12986.4 -10.9257
1260000 500.748 -13141.5 -0.635956
1261000 499.144 -13051.7 4.83821
1262000 501.743 -13054.3 -9.22089
1263000 499.747 -12968.9 18.4847
1264000 501.132 -12966 -5.61778
1265000 499.179 -13044.3 5.99338
1266000 501.951 -12970.5 9.9568
1267000 499.774 -13003.3 22.0728
1268000 499.865 -13023.6 -8.53199
1269000 500.645 -13054 26.01
1270000 500.4 -12995 -0.696153
1271000 497.364 -13165.3 -14.6189
1272000 499.663 -13114.9 5.89084
1273000 499.684 -13098.2 22.8842
1274000 501.496 -13022.1 -7.00842
1275000 501.313 -12985.6 25.9307
1276000 502.003 -12982.6 -2.86923
1277000 499.926 -12986.1 -4.34476
1278000 501.957 -13031.5 -19.0943
1279000 501.01 -13029.2 19.2189
1280000 497.136 -13096.6 -11.5963
1281000 498.697 -13140.9 -20.8181
1282000 498.585 -13068.9 9.82877
1283000 500.784 -13064.5 -8.05329
1284000 497.88 -13055.4 -29.5851
1285000 499.922 -12926.7 20.423
1286000 500.252 -13031.5 19.3989
1287000 498.07 -13119.4 -1.84956
1288000 500.456 -13137.2 9.11608
1289000 501.316 -13026.8 -2.24312
1290000 497.436 -13180.2 5.20151
1291000 500.671 -13147.2 12.3518
1292000 499.525 -13064.2 1.63482
1293000 500.029 -13116.3 21.2242
1294000 497.182 -13065.6 -16.2012
1295000 499.014 -13027.1 4.94773
1296000 500.461 -13018.5 7.70931
1297000 499.176 -13054.1 -13.1036
1298000 500.029 -13093.9 26.9209
1299000 499.845 -13086.8 -7.7253
1300000 496.392 -13107.6 0.57942
1301000 500.369 -13050.2 0.70592
1302000 499.809 -13093.2 1.90843
1303000 498.436 -13101.4 -12.6344
1304000 499.104 -13113.7 -5.11695
1305000 496.162 -13117.6 8.3229
1306000 502.498 -13061.1 4.27403
1307000 500.992 -13045.4 -21.1282
1308000 498.015 -13125.2 30.0868
1309000 501.391 -13108.2 2.60811
1310000 499.518 -12984.1 15.5786
1311000 499.549 -12954.4 16.116
1312000 500.556 -12935.4 -16.7767
1313000 501.501 -13035.1 -27.3795
1314000 500.5 -13050.8 3.49861
1315000 501.596 -13084.8 15.173
1316000 499.815 -13004.8 4.1744
1317000 502.479 -12985.4 1.29798
1318000 499.766 -13082 14.27
1319000 497.986 -13166 9.2241
1320000 500.442 -13108.5 21.8776
1321000 499.479 -12970.3 -0.601247
1322000 500.02 -12975.1 -11.8962
1323000 499.925 -13009.4 12.8766
1324000 497.815 -13056.6 -10.8767
1325000 499.511 -12977.2 3.61681
1326000 501.989 -12970.9 15.8052
1327000 499.496 -13013.7 -15.9045
1328000 498.402 -13110.3 -3.73825
1329000 498.234 -13189 0.485259
1330000 500.723 -13074.3 7.03117
1331000 499.814 -13078.3 3.75922
1332000 501.173 -13091.4 3.58678
1333000 501.304 -12973 -2.82103
1334000 498.63 -13093 -21.3281
1335000 501.533 -12971.8 10.9608
1336000 501.941 -12950.5 10.4251
1337000 497.372 -13050.3 -5.92492
1338000 500.937 -12991.6 12.9275
1339000 500.747 -13057.3 -4.76656
1340000 501.182 -12962.8 31.6407
1341000 501.299 -13019.4 -4.70016
1342000 497.123 -13128.9 -15.2005
1343000 498.824 -13053.6 18.6342
1344000 498.614 -13125.3 -13.4705
1345000 504.039 -13043.7 -15.6133
1346000 497.684 -13069.4 -7.53799
1347000 501.512 -13106.3 -19.2663
1348000 499.082 -13052.3 14.546
1349000 500.012 -13026.9 11.2327
1350000 502.465 -13017.3 -15.8882
1351000 499.511 -13061.7 7.36126
1352000 500.471 -12952.4 -11.2155
1353000 501.986 -13071.1 6.71079
1354000 501.761 -12993.3 -9.09623
1355000 501.08 -13025.5 24.6114
1356000 501.596 -12959.7 -4.09573
1357000 500.825 -13097.3 -9.47518
1358000 499.519 -13093.5 -30.4543
1359000 500.508 -13019.5 3.91297
1360000 498.236 -13159.6 6.37963
1361000 500.942 -13063 -8.18075
1362000 497.805 -13080.1 -9.7112
1363000 501.946 -12973.5 26.6828
1364000 499.52 -13033.4 27.5735
1365000 499.475 -13071.7 -6.69752
1366000 497.953 -13193.9 20.7173
1367000 500.634 -13101.6 -9.63818
1368000 499.931 -13056.5 -15.4099
1369000 500.411 -13124.6 6.81989
1370000 501.002 -13014.1 6.77741
1371000 500.756 -13024.8 -0.623347
1372000 501.892 -12979.3 9.29644
1373000 501.035 -12970.8 -0.412499
1374000 501.033 -13088.2 -11.3145
1375000 499.931 -13017.7 37.8844
1376000 498.17 -13011.5 -8.12831
1377000 497.506 -13061.6 -16.4556
1378000 501.664 -13031 -5.84611
1379000 501.29 -13017.6 13.8207
1380000 500.572 -13044.6 1.56071
1381000 496.45 -13008.7 -12.0139
1382000 497.737 -13102.4 4.23863
1383000 500.843 -13061.1 2.21528
1384000 499.978 -13046.3 15.5843
1385000 500.927 -12987.4 1.68891
1386000 500.305 -13099.3 -36.5523
1387000 499.703 -13068.3 7.01817
1388000 498.867 -12994 -13.8536
1389000 497.705 -13142.9 -2.9466
1390000 499.878 -13095.6 -10.8043
1391000 500.41 -13057.9 -6.52735
1392000 500.017 -13105.6 8.81009
1393000 500.542 -13063.9 22.0074
1394000 497.769 -13082.6 1.40015
1395000 500.842 -12952.4 12.9079
1396000 499.313 -13048 14.0875
1397000 499.683 -13095.9 -7.998
1398000 497.982 -13026.2 -32.8346
1399000 501.948 -13037.9 16.7564
1400000 498.712 -13018.9 28.4313
1401000 501.099 -13028.8 4.73917
1402000 502.41 -13001.3 16.9702
1403000 499.771 -13104.8 3.99015
1404000 499.361 -13129.4 -20.032
1405000 500.384 -13101.6 28.5273
1406000 500.658 -13079.6 -2.89972
1407000 504.148 -13011.2 11.5716
1408000 500.907 -13026.6 3.28657
1409000 500.941 -13079.3 -0.486419
1410000 502.958 -13007.1 11.6261
1411000 499.639 -13135.5 -12.1546
1412000 499.252 -13150.1 -7.13441
1413000 499.026 -13061 6.70732
1414000 500.102 -13039.9 -4.31825
1415000 499.55 -13072.2 4.65532
1416000 498.963 -13063.8 -6.47259
1417000 498.199 -13100.3 -6.55935
1418000 498.639 -13089.3 2.39
1419000 499.147 -13175.8 -0.845277
1420000 501.263 -13061.3 -1.72385
1421000 499.928 -13105.8 8.69358
1422000 498.103 -13042.8 37.9016
1423000 498.283 -13108.3 7.19097
1424000 496.931 -13156.1 14.2882
1425000 499.717 -13141.2 -17.6236
1426000 499.076 -13125.2 -4.97828
1427000 498.643 -12976.5 7.81981
1428000 498.788 -13050.6 1.99006
1429000 501.39 -12998 -39.0228
1430000 499.607 -13019.7 32.7964
1431000 502.43 -12990.9 -13.3449
1432000 498.723 -13097.1 -11.6019
1433000 500.817 -13007.8 33.9015
1434000 499.581 -13110.3 -20.5332
1435000 499.121 -13030.3 -17.1261
1436000 500.431 -13076.8 -23.6861
1437000 500.448 -13066 0.271462
1438000 500.834 -13050.1 -20.0157
1439000 499.491 -12975 29.9106
1440000 502.031 -12935.4 16.9527
1441000 500.306 -13049 6.28579
1442000 496.595 -13095.3 -2.17136
1443000 500.845 -13057 -27.1248
1444000 500.025 -12985.2 26.9648
1445000 499.211 -13024.4 10.4145
1446000 501.391 -13064.7 18.0711
1447000 500.393 -13106 -13.991
1448000 500.468 -13120.5 24.646
1449000 498.555 -13097 18.4655
1450000 498.272 -13151.3 -6.39945
1451000 500.011 -13039.5 -12.7054
1452000 500.724 -13023.2 -16.8416
1453000 498.889 -12997 -3.73898
1454000 500.895 -12965.4 -6.12595
1455000 502.795 -12954.8 -0.417363
1456000 500.998 -13051.9 -3.41628
1457000 499.691 -13022.3 -13.2402
1458000 501.101 -13081.6 3.10447
1459000 498.891 -13143.6 -4.85471
1460000 501.995 -13060.8 -20.202
1461000 500.438 -13153.2 -7.28893
1462000 500.99 -13088.7 -12.626
1463000 500.485 -13043.2 -3.61318
1464000 499.272 -13119.4 -13.0054
1465000 498.854 -13020.1 29.4552
1466000 499.003 -13061.5 -13.9007
1467000 502.082 -13111.4 0.364998
1468000 500.873 -13085.9 -7.70293
1469000 498.21 -13142.9 21.2561
1470000 500.891 -13098.7 12.807
1471000 499.223 -13076.8 -1.21139
1472000 499.97 -13097.5 12.5024
1473000 499.729 -13094.6 -17.3821
1474000 499.58 -13142.7 21.2838
1475000 501.076 -13097.3 23.2984
1476000 498.63 -13132.2 -23.4952
1477000 500.422 -13081 6.9711
1478000 497.275 -13120.1 -18.5888
1479000 498.42 -13035 11.074
1480000 500.678 -12972.8 22.9619
1481000 501.396 -13004.9 -0.920755
1482000 502.849 -13016.4 -4.26596
1483000 499.445 -13088.5 2.32262
1484000 497.475 -13131.2 0.586742
1485000 500.438 -13014.3 27.0565
1486000 502.017 -12983.4 -6.78584
1487000 499.662 -13067.5 -37.4939
1488000 500.746 -13041.3 -5.47413
1489000 500.359 -13047.8 32.1166
1490000 499.919 -13077.8 -2.5054
1491000 503.943 -12959.1 10.1966
1492000 502.074 -13019.4 22.1192
1493000 499.794 -13033.2 -22.619
1494000 500.011 -13035.4 -1.25253
1495000 502.241 -13080.7 0.880684
1496000 498.566 -13058.6 9.61122
1497000 500.163 -13031.3 -2.54054
1498000 501.938 -13040.1 7.04174
1499000 502.269 -13056.3 15.9724
1500000 500.217 -13092.3 -0.363802
1501000 498.065 -13123.7 36.5899
1502000 499.53 -13091.2 -5.25057
1503000 497.571 -13233.2 16.8726
1504000 499.104 -13119.2 -10.7858
1505000 498.889 -13128 0.0469714
1506000 498.864 -13182.7 -0.616243
1507000 498.012 -13160.2 27.5065
1508000 501.394 -13085.2 -22.2263
1509000 500.848 -13115.4 -19.4516
1510000 497.883 -13152.5 10.2252
1511000 500.709 -13112.8 -24.9929
1512000 501.092 -13164.4 -7.89702
1513000 498.165 -13167.1 -2.00364
1514000 501.3 -13069.4 -8.60702
1515000 499.376 -13029.7 -15.4077
1516000 500.669 -13059.3 3.33888
1517000 502.096 -13062.2 -14.8194
1518000 499.032 -13093.4 10.958
1519000 500.846 -13094.3 20.0255
1520000 502.921 -13056.2 -3.12315
1521000 498.769 -13075.6 11.5969
1522000 500.239 -13143.2 17.6277
1523000 497.073 -13224 24.1659
1524000 498.783 -13156.7 -11.017
1525000 499.164 -13072 -0.0881039
1526000 499.745 -13053.7 -6.497
1527000 499.885 -13028.9 21.1444
1528000 498.648 -13030.1 -11.5311
1529000 497.784 -13113 11.2404
1530000 497.703 -13129.1 0.473302
1531000 500.608 -13033.4 11.8296
1532000 498.548 -13076 42.0212
1533000 501.578 -13010.7 22.3952
1534000 502.333 -13042.4 -56.8168
1535000 500.595 -13034.4 6.24541
1536000 502.273 -13131.4 -19.9788
1537000 498.004 -13135.7 -3.39868
1538000 499.211 -13006 -15.1083
1539000 499.172 -13127.3 10.8893
1540000 498.163 -13165.7 -13.9801
1541000 501.828 -13088.8 -4.81574
1542000 498.859 -13089.8 22.2571
1543000 501.292 -13028 -7.69946
1544000 503.575 -12921.8 -2.36203
1545000 501.47 -13074.3 -25.7847
1546000 499.768 -13116.8 13.4641
1547000 499.377 -13174.4 25.1259
1548000 500.804 -13074.1 -14.2161
1549000 501.375 -13182.9 -1.50923
1550000 501.252 -13091.5 -0.999393
1551000 500.664 -13132.6 18.2569
1552000 499.09 -13157.8 13.2239
1553000 500.442 -13091.1 -3.46432
1554000 502.118 -12998.2 -24.4834
1555000 502.668 -12976.2 32.5337
1556000 500.874 -13084.8 13.1483
1557000 497.695 -13180.7 12.2236
1558000 499.024 -13186.6 3.29734
1559000 500.332 -13101 10.9821
1560000 501.516 -13099 -28.2124
1561000 500.82 -13092.8 24.989
1562000 502.013 -12984 11.1388
1563000 500.741 -13114.1 7.28467
1564000 498.557 -13095.4 9.79279
1565000 498.935 -12977.2 26.1561
1566000 498.184 -13152.4 1.2703
1567000 498.589 -13069.2 5.30064
1568000 500.628 -13120.1 -31.8178
1569000 499.475 -13124.9 8.15929
1570000 498.987 -13064.1 -0.108333
1571000 498.509 -13096.5 -14.4652
1572000 502.019 -13067.1 11.9928
1573000 502.105 -13036.7 -15.947
1574000 500.986 -13115.6 15.2216
1575000 498.954 -13147.8 -16.4138
1576000 498.86 -13044.6 7.57954
1577000 499.449 -13064.9 -4.3834
1578000 498.448 -13014.9 20.8592
1579000 501.641 -13126.3 23.4718
1580000 498.05 -13125.3 0.999836
1581000 503.15 -13095.1 -35.1813
1582000 496.846 -13105.5 16.4244
1583000 499.764 -13020 6.89898
1584000 500.04 -13124.4 12.139
1585000 499.965 -13017.6 -31.3696
1586000 502.905 -13047.8 7.39556
1587000 501.256 -13053.2 11.2279
1588000 498.789 -13054.5 7.7353
1589000 498.656 -13061.1 -26.3235
1590000 500.354 -12997.6 -1.97251
1591000 498.195 -13030.4 33.1097
1592000 502.793 -13081.9 -16.1109
1593000 499.49 -13118.7 24.4812
1594000 497.67 -13054.6 -17.8407
1595000 499.511 -13063.9 8.22472
1596000 499.557 -13054.2 -0.143771
1597000 499.654 -13007.4 0.657535
1598000 499.603 -13056.6 5.53342
1599000 498.836 -13062.4 18.1413
1600000 500.18 -13079.3 -8.93259
1601000 499.007 -13120 6.84976
1602000 501.838 -13024.2 -16.1907
1603000 499.208 -13026.1 3.65155
1604000 499.791 -13007.9 0.211421
1605000 498.069 -13008.5 2.39978
1606000 498.663 -13015 15.9091
1607000 499.593 -13097.9 25.2272
1608000 500.187 -13060 2.38891
1609000 500.487 -13009.6 9.838
1610000 500.59 -13033.2 2.09838
1611000 500.84 -13068.1 5.59381
1612000 503.288 -13062.4 9.9211
1613000 499.803 -13075.1 8.51312
1614000 499.735 -13067 5.61111
1615000 500.06 -13105.2 3.46177
1616000 498.537 -13018.1 20.1471
1617000 498.444 -13059.7 6.30179
1618000 502.516 -12983.8 -13.4074
1619000 500.516 -13029.4 10.527
1620000 499.225 -13129.3 10.575
1621000 500.001 -13125.3 -11.1544
1622000 497.58 -13102.9 23.7446
1623000 501.106 -13106.8 11.2714
1624000 500.823 -13062.6 -5.94385
1625000 496.766 -13136.5 9.46966
1626000 500.512 -12993.9 -3.46548
1627000 497.865 -13053.3 -8.14058
1628000 500.122 -13057.5 -14.9489
1629000 498.379 -13131.1 5.44653
1630000 500.011 -13167.8 5.69487
1631000 499.612 -13082 3.51399
1632000 500.416 -13034.7 6.91445
1633000 500.822 -13168.8 0.865948
1634000 500.437 -13124 7.13666
1635000 500.219 -13145.9 -5.8616
1636000 500.349 -13026.7 -5.38656
1637000 501.74 -13008.1 -9.58764
1638000 498.972 -13084.8 -0.577734
1639000 500.859 -13061.4 -7.12002
1640000 500.121 -13079.6 -10.9928
1641000 498.506 -13054.7 3.08993
1642000 502.183 -12961.2 15.949
1643000 498.556 -13072.1 -21.6607
1644000 498.702 -13103.8 5.4552
1645000 498.962 -13057.2 -25.5803
1646000 498.774 -13079.2 14.6919
1647000 499.915 -13094.2 1.52661
1648000 500.814 -13042 17.9576
1649000 501.911 -13104.4 -6.72081
1650000 500.172 -12980.4 -13.7875
1651000 500.043 -13099.7 14.0593
1652000 500.72 -13097.2 -10.7402
1653000 499.811 -13115.8 -4.21166
1654000 498.073 -13197.2 -17.5143
1655000 500.412 -13137.7 19.6129
1656000 500.504 -13169.1 -0.682019
1657000 502.052 -13156.2 25.3355
1658000 501.054 -13150.8 -31.0242
1659000 500.033 -13114.8 -8.24178
1660000 499.498 -13109.5 -22.7157
1661000 497.639 -13099.4 -13.7928
1662000 498.734 -13114.2 14.9211
1663000 498.147 -13182.4 16.8924
1664000 501.447 -13129.6 -20.8217
1665000 499.17 -13031.7 -2.67717
1666000 498.769 -13030.7 19.4326
1667000 498.398 -13117.9 2.60087
1668000 501.912 -13051 -24.1771
1669000 498.705 -13116.9 -3.99168
1670000 502.256 -13037.4 13.3401
1671000 501.176 -13055.7 -19.3099
1672000 501.646 -13074.4 34.3797
1673000 498.262 -13097.1 -7.23572
1674000 499.527 -13095.7 5.00997
1675000 499.989 -13143.1 -26.3473
1676000 500.083 -13078.5 4.84202
1677000 499.753 -13123.6 -2.14699
1678000 503.205 -13181.1 -9.51334
1679000 500.272 -13217.6 4.4995
1680000 501.953 -13053.7 4.22194
1681000 501.395 -13096.1 -2.91936
1682000 497.804 -13186.5 6.75552
1683000 500.396 -13102.7 25.5982
1684000 502.782 -13132.1 4.73736
1685000 501.942 -13063.6 -4.16133
1686000 501.671 -13083.4 4.56124
1687000 500.084 -13165.9 21.4979
1688000 500.847 -13201.4 4.22027
1689000 500.717 -13125.6 16.0842
1690000 499.044 -13168.7 -25.5287
1691000 501.597 -13139.7 -29.7215
1692000 500.932 -13102 -8.59331
1693000 501.506 -13050.1 6.58291
1694000 499.977 -13232.8 26.4197
1695000 500.414 -13119.8 5.56527
1696000 501.381 -13020.1 21.893
1697000 500.521 -13058.8 11.6612
1698000 499.872 -13066.4 17.0267
1699000 500.285 -13099.8 -20.8171
1700000 500.643 -13170.9 1.84649
1701000 501.413 -13017.3 13.8407
1702000 501.985 -13020 1.29488
1703000 499.907 -13128.2 -29.5357
1704000 496.065 -13196.4 4.42639
1705000 501.511 -13136.5 32.7913
1706000 501.83 -13132.7 -12.9941
1707000 500.824 -13014.7 10.3498
1708000 498.253 -13141.7 -1.43188
1709000 498.35 -13093.7 -3.90376
1710000 502.972 -13066.3 14.4226
1711000 499.516 -13182.2 29
1712000 498.059 -13201.8 -15.7513
1713000 498.971 -13199.1 -0.35593
1714000 497.421 -13201.7 4.39878
1715000 501.389 -13104.1 19.7268
1716000 500.674 -13192.2 -12.4378
1717000 499.848 -13151.6 5.93875
1718000 499.995 -13189.5 25.0099
1719000 500.4 -13203 -11.537
1720000 497.983 -13195.2 -6.70492
1721000 501.821 -13153.3 -29.5854
1722000 502.192 -13204.7 -4.7227
1723000 501.365 -13196.4 -7.09084
1724000 500.8 -13180.1 -38.9602
1725000 498.566 -13231.8 14.5157
1726000 499.279 -13153.1 24.7475
1727000 498.252 -13140.4 21.1542
1728000 496.938 -13260.7 -9.04325
1729000 500.525 -13180.1 9.07127
1730000 500.744 -13077.3 -2.10519
1731000 498.409 -13122.3 -15.7538
1732000 498.372 -13104.2 7.66505
1733000 501.587 -13146.7 13.1689
1734000 501.602 -13112.8 -16.5625
1735000 500.934 -13120.4 19.4096
1736000 495.132 -13222.7 10.1731
1737000 501.865 -13095.6 8.08022
1738000 500.231 -13165 18.0097
1739000 501.988 -13096.4 13.8278
1740000 497.387 -13249.3 -2.70097
1741000 497.728 -13181.3 3.01439
1742000 499.46 -13163 6.22934
1743000 501.034 -13049.8 -6.66078
1744000 500.165 -13035.4 9.40668
1745000 498.654 -13143.5 20.5229
1746000 502.138 -13101.4 -9.85513
1747000 499.929 -13130.9 12.4821
1748000 501.044 -13019.2 -2.42092
1749000 500.675 -13007.5 18.507
1750000 498.035 -13215.8 -7.66553
1751000 499.636 -13132.2 -0.795516
1752000 500.916 -13134.4 29.0733
1753000 499.722 -13112.2 2.27988
1754000 500.449 -13194.4 -16.1307
1755000 500.698 -13129.6 -13.538
1756000 501.59 -13062.7 13.0586
1757000 501.564 -13113.9 19.7024
1758000 501.145 -13095.8 23.6623
1759000 501.015 -13070.1 2.10139
1760000 499.843 -13090.9 31.4953
1761000 500.45 -13070.5 -14.3821
1762000 500.327 -13032.7 14.1418
1763000 499.65 -13095.8 -2.9264
1764000 498.038 -13071.6 -6.28571
1765000 501.521 -13127.6 -3.05754
1766000 499.075 -13157.2 -11.7635
1767000 500.018 -13068.1 -24.2331
1768000 502.11 -13102.5 -16.4005
1769000 500.673 -13112.8 -2.00169
1770000 500.925 -13037 25.7734
1771000 501.607 -13032.7 -9.31312
1772000 498.075 -13110.1 13.4505
1773000 502.494 -13057.5 -1.49363
1774000 501.058 -13171.2 12.0851
1775000 499.194 -13089 18.6198
1776000 501.01 -13137.5 -3.93792
1777000 498.431 -13081.5 -7.09729
1778000 501.295 -13065.3 -9.02112
1779000 498.986 -13131.9 -9.1305
1780000 500.175 -13206.1 3.61696
1781000 503.801 -13038.8 -2.23434
1782000 498.024 -13142.1 11.5187
1783000 500.261 -13102.2 -14.638
1784000 499.135 -13074.3 -23.2823
1785000 497.908 -13187.6 3.49385
1786000 496.87 -13127 -1.81327
1787000 498.231 -13027.2 22.9281
1788000 497.582 -13120.3 5.58857
1789000 502.397 -13114.8 -26.4009
1790000 499.607 -13158.1 15.6612
1791000 499.884 -13108.6 22.4937
1792000 501.499 -13027.9 28.8864
1793000 500.289 -13045.6 1.92705
1794000 500.802 -13042.8 6.52557
1795000 501.11 -13072.3 2.26885
1796000 499.205 -13162.1 12.0858
1797000 499.724 -13070.7 -1.04072
1798000 499.885 -13101.9 14.6942
1799000 497.313 -13092.1 -6.66126
1800000 500.075 -13043.5 26.2561
1801000 498.291 -13157.7 7.71894
1802000 502.332 -12991.4 -18.8026
1803000 501.33 -13015.5 6.27919
1804000 500.928 -13095.1 -24.571
1805000 500.603 -13065 15.6937
1806000 499.882 -13074.6 -35.646
1807000 501.007 -13022.2 12.2411
1808000 501.791 -12986.8 -5.96704
1809000 501.752 -13012.6 6.5656
1810000 500.998 -12980.6 1.97937
1811000 498.867 -13049.6 4.82425
1812000 498.784 -13019.1 22.0209
1813000 498.723 -13088.6 1.71645
1814000 499.289 -13040.4 -11.2002
1815000 501.087 -13081.9 -25.9868
1816000 499.211 -13106.7 10.8966
1817000 499.492 -13120.7 10.57
1818000 498.318 -12984.5 -24.4255
1819000 499.347 -12962 9.31603
1820000 501.872 -12850.3 7.62205
1821000 500.403 -12973.2 18.8071
1822000 497.89 -13049.8 -13.8331
1823000 499.988 -13005.2 -21.8133
1824000 498.363 -12975 14.0538
1825000 498.18 -13058.1 -24.2158
1826000 500.339 -12930 -10.0558
1827000 501.742 -12890.2 29.5426
1828000 501.621 -12920.7 -1.65398
1829000 500.107 -13036.4 -25.0745
1830000 498.804 -13058.5 10.3396
1831000 499.315 -13070 -8.53183
1832000 500.72 -12954.3 -25.3575
1833000 498.55 -13044 15.9459
1834000 500.136 -13009 11.9666
1835000 496.712 -13139.1 -36.1705
1836000 502.067 -12996.5 14.8352
1837000 499.122 -13052.6 10.7687
1838000 502.122 -13020.2 -20.2027
1839000 502.218 -13045.8 0.312808
1840000 501.849 -12977 -12.3253
1841000 501.228 -12930.4 4.58651
1842000 499.657 -12985.6 -8.86292
1843000 502.205 -12909.4 15.5081
1844000 501.318 -13025.6 10.0339
1845000 501.184 -13032.2 -4.14358
1846000 500.735 -12962 -14.0801
1847000 499.157 -13017.1 -7.24058
1848000 501.169 -12912.5 9.08366
1849000 502.005 -12926.6 -12.5909
1850000 499.589 -13020.2 -21.348
1851000 499.389 -13067.2 1.60477
1852000 498.999 -13065.8 -0.775974
1853000 499.104 -13037.9 32.57
1854000 499.925 -13104 15.5362
1855000 501.021 -13060.6 -27.6494
1856000 501.049 -13002.8 10.5345
1857000 498.126 -13096.2 7.09566
1858000 502.982 -12981 2.58435
1859000 499.793 -13072.4 2.31674
1860000 500.338 -13058.1 7.43746
1861000 499.349 -12980.3 -7.22984
1862000 501.02 -12965.2 -1.06023
1863000 500.538 -12989.3 -10.0761
1864000 502.074 -13011.1 15.6538
1865000 499.292 -13034.3 -2.73082
1866000 500.328 -12941.1 -13.0952
1867000 499.063 -13052 -11.6104
1868000 495.601 -13121.1 0.0902351
1869000 499.944 -13035.3 11.7376
1870000 498.661 -12910.3 -6.42879
1871000 497.151 -13061.1 4.38811
1872000 500.785 -13029 5.80854
1873000 498.957 -13084 21.6752
1874000 500.098 -13051.2 -6.00154
1875000 501.96 -12933.7 -3.5043
1876000 500.199 -12975.3 -0.59977
1877000 501.746 -13016.5 14.1697
1878000 500.576 -12955.5 -17.8594
1879000 498.407 -13038.9 5.84332
1880000 499.417 -13072.8 -2.37092
1881000 500.948 -12961 6.56853
1882000 499.152 -13064.1 14.6628
1883000 502.405 -13002.2 24.5276
1884000 500.966 -12959.6 3.858
1885000 499.364 -12988.2 3.721
1886000 501.282 -12982.3 38.8188
1887000 501.762 -12975.2 -29.8623
1888000 501.947 -12945.9 -20.4413
1889000 503.589 -12969.1 -14.1764
1890000 500.446 -12942.7 -2.84116
1891000 499.115 -13008.8 32.0331
1892000 499.839 -13059 18.1166
1893000 501.364 -13071.9 4.88536
1894000 501.101 -12963 -15.5062
1895000 499.481 -13009.8 1.34579
1896000 501.46 -13022.2 15.8943
1897000 499.526 -13046.1 -4.3122
1898000 498.286 -13046.8 8.77307
1899000 499.571 -12993.8 -7.79862
1900000 498.473 -12995.2 -21.967
1901000 502.52 -12917.2 -4.25341
1902000 498.588 -13025.3 19.4444
1903000 500.996 -13049.3 -8.23612
1904000 501.808 -13005.5 12.2806
1905000 497.373 -13140.7 17.7036
1906000 501.544 -13015.9 4.5637
1907000 499.05 -13004.5 -27.2421
1908000 497.542 -13054.4 -6.04472
1909000 501.017 -12989.8 -2.04121
1910000 500.713 -13041.5 -5.15782
1911000 499.949 -12970.7 24.9525
1912000 498.725 -12988.8 19.9316
1913000 496.848 -13072.3 -0.0499805
1914000 501.574 -13018.7 -19.2861
1915000 499.784 -12996.6 -16.3365
1916000 500.536 -12945.2 22.0808
1917000 499.244 -12991.1 -6.72165
1918000 499.579 -13003.3 0.877484
1919000 500.959 -13028.6 -16.0681
1920000 498.691 -13053.1 -12.2556
1921000 498.338 -12986.4 0.881559
1922000 500.859 -12886.2 -29.4106
1923000 502.752 -12951.9 3.5285
1924000 499.248 -12871.9 -2.87577
1925000 501.742 -12934.5 -9.50544
1926000 501.974 -12912.7 -12.866
1927000 501.12 -12927.8 4.61421
1928000 498.92 -12975.6 11.7004
1929000 500.033 -12970.4 -1.79002
1930000 498.054 -13089.4 3.02447
1931000 500.918 -13006.6 9.56897
1932000 501.186 -13001.8 3.23447
1933000 498.476 -13071.6 3.02678
1934000 499.465 -13039.9 -5.45348
1935000 499.238 -13002.2 12.7605
1936000 501.031 -12988.5 16.4429
1937000 502.008 -12928.1 -18.1389
1938000 501.014 -13037.6 20.9274
1939000 499.599 -12964.6 -27.3117
1940000 499.307 -13007.2 -33.8519
1941000 497.544 -12983.2 -9.90359
1942000 500.469 -13012.3 -0.284662
1943000 500.765 -12985.3 6.83106
1944000 500.09 -12908.4 1.9158
1945000 500.807 -12971.5 -23.1901
1946000 498.565 -12975.7 7.73868
1947000 496.88 -13046.9 9.61766
1948000 500.089 -12993.6 -17.3216
1949000 499.979 -12979.4 2.85667
1950000 496.724 -13066.3 5.45061
1951000 497.775 -13007.2 5.98489
1952000 499.54 -13066.5 -25.5476
1953000 496.351 -13061.8 -2.4565
1954000 500.671 -12961.1 -11.2689
1955000 499.184 -12939.3 2.27253
1956000 503.955 -12924.1 13.6721
1957000 500.916 -13051.8 28.2519
1958000 499.637 -13005.1 -22.988
1959000 502.23 -12891.4 -14.0864
1960000 501.422 -12940.8 16.9488
1961000 499.607 -12957 7.52735
1962000 497.498 -12993.5 -0.974596
1963000 501.795 -12926.2 -16.2796
1964000 499.704 -12950 -2.782
1965000 502.423 -12981.1 5.64741
1966000 499.249 -12972.6 -8.94623
1967000 501.911 -12871 18.3172
1968000 500.024 -12894.5 14.9673
1969000 499.179 -13025.7 -2.71874
1970000 498.891 -12906.8 8.15579
1971000 498.943 -13012.9 1.37188
1972000 499.243 -13007.9 -27.9575
1973000 501.057 -13016.1 4.54813
1974000 496.222 -13117.7 7.10538
1975000 498.319 -12934.3 1.06247
1976000 501.597 -12940.7 0.991871
1977000 501.393 -12957.1 -17.9793
1978000 500.329 -12931.2 25.0705
1979000 498.614 -12960.8 -11.3198
1980000 498.108 -12938.8 13.4115
1981000 499.403 -13107.2 -2.2973
1982000 498.133 -13078.1 -23.562
1983000 503.118 -12862.5 -1.15253
1984000 500.994 -12889.4 29.6873
1985000 500.836 -12899.2 -19.6784
1986000 501.201 -12944.1 2.25241
1987000 500.341 -13003.4 -14.3344
1988000 498.253 -13032 -29.4773
1989000 498.87 -13080.7 14.7085
1990000 503.313 -12961.4 -1.40675
1991000 501.591 -12968.1 -20.1149
1992000 500.294 -12988.4 3.58928
1993000 498.705 -12996.6 23.912
1994000 501.405 -12956.8 -21.8415
1995000 499.35 -13102.9 3.69496
1996000 500.267 -13135 13.6409
1997000 501.531 -12997.6 -15.0469
1998000 503.04 -12908 -31.6866
1999000 501.105 -12851.6 23.0667
2000000 502.09 -12887 -8.61104
