# Time-averaged data for fix 3
# TimeStep v_Temperature v_PotentialEnergy v_Pressure
2000 300.661 -16973.5 -55.5714
3000 299.428 -17018.6 29.0184
4000 300.555 -17043.6 -18.8244
5000 299.457 -17035.9 18.3003
6000 300.359 -17053.6 -19.1203
7000 299.539 -17084.9 27.5419
8000 300.222 -17099.3 -17.7392
9000 300.423 -17070.2 -2.62461
10000 301.03 -17039.1 33.872
11000 301.656 -17090.5 -23.7547
12000 300.506 -17101 0.639039
13000 299.917 -17106 -10.6593
14000 298.971 -17122.1 -16.2921
15000 299.337 -17138.2 -6.00937
16000 299.814 -17112.7 -14.0773
17000 300.141 -17118 22.4746
18000 300.049 -17126.3 6.06993
19000 298.574 -17092.8 -12.0382
20000 300.607 -17119.7 15.1088
21000 298.351 -17115.8 -7.72039
22000 299.157 -17086.6 11.2062
23000 299.762 -17115.9 -0.359459
24000 299.638 -17108.5 -12.8082
25000 298.76 -17115.8 20.155
26000 301.137 -17121.7 -4.66052
27000 299.149 -17114.2 9.85206
28000 300.885 -17093.9 4.83056
29000 300.737 -17125.2 -9.67232
30000 300.592 -17121.3 0.58329
31000 298.527 -17112.4 -3.83871
32000 298.647 -17108.6 20.7286
33000 300.413 -17062.5 -13.3029
34000 298.318 -17124.3 18.5792
35000 298.67 -17096.3 -5.02089
36000 301.116 -17081.6 6.43671
37000 300.597 -17078.7 2.15741
38000 298.619 -17069.6 -30.0152
39000 300.529 -17051.8 27.7176
40000 298.098 -17127.3 -33.7676
41000 300.488 -17097.6 53.6612
42000 300.014 -17076 -26.6006
43000 298.919 -17105.6 38.2035
44000 299.298 -17173 -15.7738
45000 302.354 -17089.2 12.9078
46000 300.112 -17103.6 -7.51066
47000 298.537 -17157.2 24.5799
48000 300.63 -17082.4 -8.93042
49000 301.644 -17054.4 2.0939
50000 299.45 -17114.9 -21.8908
51000 299.993 -17102.9 3.53149
52000 298.747 -17168.6 -6.82046
53000 300.816 -17118.7 7.33846
54000 300.136 -17115.2 -10.6212
55000 299.895 -17144.8 -11.7309
56000 301.024 -17078.4 -11.764
57000 300.625 -17094.2 4.84001
58000 298.996 -17096.9 5.96857
59000 299.232 -17118.9 4.6406
60000 300.548 -17125.4 8.27365
61000 297.83 -17159.7 -1.74689
62000 299.319 -17120 -11.687
63000 300.935 -17052.2 -0.941746
64000 299.873 -17061 0.34194
65000 299.935 -17059.8 0.599898
66000 300.678 -17099.3 0.683012
67000 299.705 -17110.6 14.2014
68000 299.223 -17101.9 -16.0794
69000 301.198 -17100.2 5.39048
70000 301.267 -17092.9 -12.1859
71000 300.267 -17072.2 27.4042
72000 301.41 -17077.5 -19.9683
73000 300.305 -17128.2 27.5756
74000 299.727 -17100 -16.9008
75000 298.934 -17133.1 24.2107
76000 299.202 -17131.1 -10.5727
77000 300.246 -17107.4 6.82261
78000 300.323 -17081.5 13.2428
79000 300.295 -17109.7 11.7253
80000 301.594 -17075.2 22.5684
81000 299.087 -17171.4 -10.5765
82000 300.73 -17107.7 4.05505
83000 300.82 -17119.5 -1.00229
84000 299.932 -17110 17.5517
85000 298.308 -17108.1 -22.739
86000 300.619 -17108.8 15.798
87000 299.648 -17169.5 -14.1411
88000 299.752 -17153.4 4.60966
89000 300.313 -17091.2 1.18493
90000 301.455 -17090.7 0.91501
91000 298.912 -17165 1.88901
92000 301.208 -17148 -11.6935
93000 301.043 -17113.4 30.7357
94000 301.492 -17093 -18.6252
95000 300.206 -17138.9 23.661
96000 299.922 -17086.3 -15.1719
97000 298.672 -17133.5 9.34079
98000 300.501 -17105 -14.1541
99000 300.05 -17080.5 -12.4751
100000 300.307 -17119.2 8.53883
101000 299.353 -17095.7 12.8173
102000 301.177 -17062 -9.09252
103000 301.103 -17045.6 -10.4449
104000 300.917 -17079 12.0231
105000 300.65 -17086.5 -12.2576
106000 298.9 -17141.2 3.83281
107000 299.654 -17212 9.03506
108000 298.922 -17188.1 5.43495
109000 299.367 -17083.2 34.5177
110000 300.792 -17087.8 -52.3157
111000 300.028 -17095.8 28.0759
112000 300.014 -17094.1 -11.7262
113000 298.893 -17120.4 34.2975
114000 299.152 -17134.4 -17.9449
115000 299.915 -17152.5 -5.10939
116000 299.324 -17153.1 0.342365
117000 299.461 -17190.9 7.03671
118000 300.105 -17124.6 9.03879
119000 301.502 -17101.9 2.09897
120000 301.007 -17118 4.23331
121000 300.422 -17105.6 -3.11368
122000 298.238 -17152.3 -9.90922
123000 299.7 -17153.3 -21.9359
124000 299.672 -17138.1 27.6194
125000 300.649 -17134.9 -18.018
126000 299.765 -17134.3 -0.143729
127000 299.627 -17124.2 1.67235
128000 301.235 -17093.4 13.8768
129000 297.806 -17107 -3.05572
130000 299.355 -17128.3 11.6607
131000 300.537 -17149 -14.3097
132000 299.217 -17100.5 27.01
133000 301.973 -17098.4 -13.2484
134000 299.742 -17068.1 17.4828
135000 300.763 -17130.6 -5.95002
136000 299.373 -17182 6.74248
137000 298.941 -17130.9 14.8458
138000 299.891 -17099.7 -10.4401
139000 300.517 -17101 21.9928
140000 299.275 -17163.4 4.32554
141000 300.25 -17121.1 17.7784
142000 299.767 -17089.4 -16.3751
143000 299.878 -17134.5 2.27852
144000 299.263 -17139.3 -6.88209
145000 299.119 -17165.2 10.9075
146000 300.598 -17090.7 -6.82357
147000 299.399 -17060.9 0.291642
148000 301.319 -17087.9 7.149
149000 299.465 -17141.2 7.67141
150000 299.926 -17114.9 -6.31513
151000 299.719 -17138.6 12.2055
152000 299.699 -17180.1 3.86928
153000 299.726 -17052.4 1.69447
154000 299.841 -17082.6 -0.585754
155000 300.48 -17063.4 -2.43782
156000 298.914 -17055.3 47.5556
157000 299.296 -17143.8 -10.7383
158000 299.532 -17159.5 27.384
159000 301.155 -17148.1 -25.5002
160000 300.334 -17150.8 30.8921
161000 301.347 -17163.9 -18.6797
162000 299.408 -17134.9 -6.2308
163000 299.644 -17166.2 6.8062
164000 300.057 -17100.6 -3.2407
165000 300.215 -17143.9 8.65911
166000 300.659 -17147.5 -14.7128
167000 299.747 -17134.8 37.9191
168000 299.022 -17118.2 -8.71429
169000 300.546 -17122.4 -11.8391
170000 299.339 -17135.1 13.4482
171000 299.983 -17100.4 -26.2203
172000 300.553 -17147.4 7.69745
173000 299.579 -17148.7 -11.307
174000 300.937 -17112.9 12.6029
175000 300.613 -17139.3 7.35828
176000 299.169 -17165.3 -19.1409
177000 299.681 -17159 -4.32746
178000 300.681 -17113.2 12.5757
179000 302.047 -17102.5 -12.469
180000 298.525 -17163.4 -9.78666
181000 299.096 -17121.6 12.5052
182000 299.723 -17160.6 5.9582
183000 300.707 -17162.5 29.843
184000 301.206 -17149.3 -35.2954
185000 300.525 -17128 0.478635
186000 299.724 -17123.8 2.03492
187000 300.73 -17132.8 -2.50336
188000 301.169 -17156.8 -3.76872
189000 300.344 -17126.8 -5.639
190000 299.061 -17128.3 40.2886
191000 299.966 -17152.2 -40.637
192000 300.345 -17121.6 4.20047
193000 298.969 -17134 -18.884
194000 301.279 -17104 -4.72666
195000 300.916 -17098.1 20.6557
196000 299.893 -17101.3 -15.6931
197000 301.504 -17146.6 16.7648
198000 301.914 -17098.7 -28.9627
199000 300.829 -17106.6 47.7941
200000 299.391 -17141.4 -27.7934
201000 299.922 -17127.8 38.5274
202000 301.343 -17104 -18.7228
203000 299.769 -17168.8 9.92965
204000 299.575 -17182.4 -0.915836
205000 300 -17166.8 23.2222
206000 299.744 -17166.6 -24.2142
207000 299.187 -17115.8 9.22492
208000 301.486 -17061.6 20.2918
209000 300.081 -17142.6 -22.1298
210000 298.888 -17174.1 38.5063
211000 300.571 -17116.7 -33.607
212000 300.309 -17106.1 35.838
213000 299.79 -17111.1 5.67521
214000 298.351 -17113.1 -9.94654
215000 299.346 -17152.9 -3.7078
216000 299.416 -17164.1 -14.7354
217000 298.315 -17215.3 31.1551
218000 299.04 -17170.8 -40.1261
219000 299.714 -17132 42.1352
220000 298.927 -17128.3 -38.1664
221000 299.989 -17145.2 27.5903
222000 299.505 -17107 -1.3402
223000 299.203 -17141.5 -2.03263
224000 300.464 -17134.7 -9.18426
225000 299.458 -17144 5.2288
226000 298.024 -17150.8 9.94451
227000 299.344 -17152.2 -6.73702
228000 300.455 -17121 13.7375
229000 299.686 -17155.6 -17.2013
230000 300.623 -17129.2 18.2769
231000 299.563 -17136.8 -14.892
232000 300.643 -17173 -3.03358
233000 300.708 -17126.8 -5.55066
234000 299.99 -17109.4 20.3663
235000 298.548 -17137.6 -7.68372
236000 299.529 -17135.8 21.732
237000 298.46 -17183.7 0.400254
238000 299.687 -17143 -3.62938
239000 299.039 -17136.9 5.78013
240000 301.598 -17095.8 6.55674
241000 298.486 -17131 1.64102
242000 300.2 -17116.7 0.82362
243000 300.347 -17123.6 0.626436
244000 301.254 -17105.1 -6.73336
245000 299.612 -17138.4 -9.57787
246000 298.097 -17154.5 29.6105
247000 299.522 -17192.8 -26.8778
248000 299.065 -17163.7 25.5278
249000 299.291 -17113.4 3.34834
250000 299.007 -17135.6 10.9924
251000 298.936 -17185.8 -1.23481
252000 299.853 -17174.5 13.9258
253000 300.502 -17132.4 2.46214
254000 301.175 -17112.8 7.56985
255000 300.057 -17117.5 -10.3546
256000 300.965 -17090.7 19.6882
257000 301.525 -17113.7 -19.4911
258000 300.354 -17136.9 29.1162
259000 297.968 -17185.1 -4.4122
260000 299.643 -17162.6 -5.49324
261000 300.446 -17155.5 1.26186
262000 299.503 -17113.2 3.8786
263000 298.66 -17142.3 5.79286
264000 297.787 -17136.2 3.34421
265000 301.008 -17154.2 14.921
266000 297.462 -17182.6 5.20198
267000 300.724 -17162 -34.1013
268000 298.373 -17203.9 29.787
269000 300.274 -17124.9 -32.4335
270000 299.185 -17173.2 34.7035
271000 300.221 -17136.2 -20.7126
272000 300.648 -17171.3 -9.09281
273000 299.807 -17156.5 27.6968
274000 299.559 -17138.9 -13.8139
275000 298.975 -17155.8 2.76703
276000 301.9 -17129.9 -3.28387
277000 300.273 -17113.3 -1.03289
278000 300.484 -17074.8 1.03833
279000 299.999 -17080.5 10.6837
280000 299.616 -17149 -8.31593
281000 301.152 -17103.4 -12.5144
282000 300.719 -17111.6 11.9326
283000 300.445 -17085.2 -28.9928
284000 300.461 -17122.5 32.1962
285000 299.487 -17136.1 -10.8808
286000 298.71 -17182.7 8.92122
287000 299.645 -17171 -14.6788
288000 299.967 -17102 20.4164
289000 302.235 -17092.3 -14.356
290000 299.675 -17096.1 -14.4322
291000 300.285 -17092.8 44.688
292000 299.256 -17135.3 -24.0718
293000 299.918 -17189.2 18.7697
294000 300.807 -17103.3 18.9152
295000 301.411 -17078.6 -24.5679
296000 300.405 -17100.7 21.4491
297000 300.375 -17109.7 -14.1173
298000 299.443 -17172.1 1.71986
299000 298.563 -17145.3 13.2412
300000 299.206 -17142.2 -39.0372
301000 299.065 -17182.1 59.1466
302000 299.241 -17186.7 -31.7709
303000 298.556 -17133.8 47.0854
304000 298.955 -17191.7 -37.09
305000 299.835 -17144.9 5.75871
306000 298.929 -17178 20.7798
307000 300.734 -17124.3 -23.3169
308000 299.452 -17136.5 18.4805
309000 300.529 -17130.4 -46.5771
310000 300.165 -17150.5 57.7775
311000 300.203 -17166 -33.9187
312000 299.117 -17151.3 27.659
313000 299.93 -17131.6 -3.60721
314000 300.119 -17173.4 -29.4838
315000 299.799 -17133.6 8.85786
316000 298.271 -17197.6 2.86738
317000 300.716 -17104.7 9.90567
318000 299.628 -17059 -0.983394
319000 299.684 -17103.1 -14.7225
320000 300.696 -17114.1 24.7142
321000 300.373 -17114.6 -13.6069
322000 301.342 -17076.4 18.4363
323000 301.244 -17134.3 -8.93247
324000 299.566 -17112.3 8.35598
325000 299.118 -17141 -8.11563
326000 298.591 -17178.2 15.7092
327000 299.651 -17140.6 -19.6126
328000 299.696 -17120.4 17.6696
329000 298.925 -17116.7 -5.27107
330000 300.821 -17109.8 21.5054
331000 300.609 -17124.3 -27.4632
332000 299.18 -17085.6 42.5014
333000 300.387 -17073.9 -14.1903
334000 300.2 -17131.5 14.2347
335000 299.85 -17128.3 -4.00765
336000 300.094 -17166 0.450503
337000 301.555 -17092.9 1.90484
338000 300.015 -17150.7 -17.3442
339000 299.571 -17126.3 8.05225
340000 298.678 -17170.1 -9.18171
341000 299.711 -17147.4 -31.5734
342000 299.801 -17129.8 46.1117
343000 300.135 -17134.3 -63.8973
344000 300.902 -17112.5 32.1375
345000 299.957 -17109.3 -27.921
346000 299.991 -17149.4 28.2441
347000 299.252 -17103.1 -17.2241
348000 298.466 -17151.9 -3.66159
349000 300.698 -17085.3 26.3267
350000 298.839 -17136 -22.4873
351000 301.13 -17103.5 17.6793
352000 300.389 -17061.6 -35.5999
353000 302.077 -17049.1 28.4062
354000 300.26 -17090.9 -15.2993
355000 300.735 -17058.7 9.49861
356000 301.237 -17075.3 14.442
357000 300.32 -17119.8 -25.843
358000 298.453 -17161.4 12.9917
359000 299.952 -17166.4 0.0743
360000 300.935 -17139 13.9232
361000 299.89 -17182 -24.9515
362000 300.133 -17114.2 22.8574
363000 301.215 -17152.4 -16.4402
364000 299.843 -17092.1 19.0619
365000 300.488 -17090.2 -11.972
366000 300.297 -17145.7 18.8458
367000 299.349 -17134 -11.2982
368000 302.011 -17069.3 18.6458
369000 299.937 -17123.9 1.05459
370000 301.43 -17065.2 12.3906
371000 299.108 -17090.7 -4.17908
372000 300.226 -17129.2 9.00378
373000 299.787 -17093.4 5.58886
374000 300.797 -17076.3 -16.4744
375000 299.385 -17183.5 11.6529
376000 299.583 -17175 -5.63088
377000 298.332 -17177.8 59.1861
378000 298.734 -17153.4 -41.6437
379000 300.422 -17080.5 22.3154
380000 300.585 -17105.6 -15.9416
381000 300.945 -17127 -11.5428
382000 299.097 -17156.7 14.812
383000 299.998 -17142 -13.429
384000 298.641 -17157.7 23.3846
385000 298.329 -17190.4 -14.5866
386000 300.999 -17104.1 4.15911
387000 300.017 -17152.5 13.3868
388000 300.538 -17103.1 -14.3151
389000 299.958 -17133.5 15.3122
390000 298.451 -17111.2 -8.74289
391000 298.156 -17149.8 -7.9195
392000 300.722 -17164.6 14.6992
393000 299.388 -17184.7 -13.5851
394000 299.794 -17149.6 1.96098
395000 300.59 -17110.9 -9.45003
396000 300.001 -17150.5 -12.4685
397000 299.373 -17211.5 -4.56762
398000 298.593 -17227.8 11.584
399000 299.102 -17157.3 -6.34731
400000 300.878 -17092.2 20.0278
401000 299.539 -17147.6 -13.6093
402000 299.415 -17125.6 7.82569
403000 299.473 -17124 -13.1994
404000 299.018 -17108.1 20.9368
405000 300.042 -17087 -15.739
406000 298.653 -17132.2 8.95723
407000 300.485 -17159.7 6.76105
408000 300.722 -17138.9 0.635755
409000 299.896 -17097.8 20.8616
410000 299.088 -17106.2 -14.1858
411000 300.951 -17113.1 22.1126
412000 300.479 -17136.3 4.29438
413000 299.864 -17092.1 -5.53538
414000 298.943 -17144.2 19.8207
415000 300.401 -17204.2 -16.5572
416000 298.574 -17193.5 15.6231
417000 300.522 -17174.2 3.50952
418000 299.735 -17142.4 -4.04226
419000 297.661 -17197 16.1459
420000 301.515 -17113.3 4.53723
421000 298.651 -17175.6 11.6131
422000 300 -17125 -15.1843
423000 300.352 -17146.4 11.1296
424000 299.689 -17182.3 16.7836
425000 300.986 -17152.5 -10.061
426000 299.983 -17151.1 -1.301
427000 300.386 -17139.4 -0.0818102
428000 300.915 -17119.1 2.92364
429000 300.832 -17119.5 1.39774
430000 299.226 -17221.2 -17.1211
431000 301.565 -17120.7 -13.0025
432000 300.964 -17162.9 12.0708
433000 298.904 -17205.2 -6.71826
434000 299.56 -17137.3 -20.2442
435000 301.749 -17146.9 -1.72109
436000 300.797 -17138.2 -2.87415
437000 299.248 -17136.2 0.0926388
438000 301.638 -17066.1 -11.3531
439000 300.609 -17076.7 52.5696
440000 300.156 -17130.1 -57.5096
441000 300.37 -17135.7 34.2424
442000 300.98 -17108.8 -45.2077
443000 301.856 -17077.4 -4.04303
444000 301.551 -17060 8.98492
445000 300.526 -17109.6 -23.7377
446000 300.81 -17128 39.4445
447000 301.333 -17120.5 -41.7913
448000 299.395 -17115.5 39.9579
449000 299.979 -17182.8 -36.8903
450000 300.792 -17116.7 24.0186
451000 298.945 -17199.1 -17.1925
452000 301.743 -17088.2 7.53255
453000 298.801 -17138.6 -22.3771
454000 299.978 -17120.1 15.388
455000 299.871 -17177.6 16.7082
456000 301.436 -17121.3 -10.3773
457000 299.342 -17151.2 18.9338
458000 299.891 -17159.1 -10.121
459000 301.005 -17095.8 5.75138
460000 300.014 -17150 -1.32498
461000 299.136 -17176.7 -7.95201
462000 299.359 -17175.3 8.32395
463000 299.884 -17171.2 -25.0244
464000 298.77 -17178.1 46.7465
465000 298.86 -17209.9 -53.7521
466000 300.348 -17189.1 41.9315
467000 301.431 -17126.8 -29.4924
468000 299.948 -17180.9 14.8069
469000 298.427 -17169.7 5.78099
470000 300.751 -17115.5 2.23044
471000 301.709 -17088 3.61525
472000 299.844 -17168.5 8.17201
473000 300.001 -17140.1 7.33375
474000 300.667 -17148.3 -1.26959
475000 301.293 -17132.8 11.3939
476000 300.03 -17131.3 -9.36464
477000 299.159 -17151.4 14.0517
478000 298.115 -17151.4 -7.13925
479000 299.454 -17141.7 -0.862881
480000 300.835 -17151.5 25.2403
481000 301.474 -17171.6 -14.5963
482000 300.455 -17113.4 11.5706
483000 301.283 -17119.4 -12.1491
484000 301.283 -17119.6 27.0704
485000 299.314 -17121.6 -5.8542
486000 299.378 -17162 -9.07946
487000 298.45 -17155.3 24.6449
488000 301.514 -17128.7 -15.137
489000 299.674 -17155.2 13.0004
490000 300.295 -17203.9 -2.90262
491000 299.507 -17205.5 11.5379
492000 301.271 -17145 17.4876
493000 300.737 -17193.9 -40.9163
494000 301.538 -17155.7 27.0818
495000 298.595 -17151.6 -23.1642
496000 299.838 -17198.1 11.3707
497000 300.722 -17126.3 -1.49984
498000 299.969 -17114.8 13.178
499000 299.933 -17193.7 -12.2512
500000 300.326 -17124.4 -34.3313
501000 299.206 -17165.9 26.7253
502000 300.715 -17099.3 -14.8652
503000 299.947 -17114.3 0.701976
504000 299.912 -17128.6 28.5918
505000 300.671 -17099 -30.7804
506000 299.02 -17188.4 45.5034
507000 300.333 -17159.2 -14.6415
508000 300.679 -17128.2 13.1602
509000 301.344 -17177.7 0.48107
510000 300.064 -17141.6 -13.7226
511000 298.848 -17212 23.7399
512000 299.3 -17181.1 -51.7753
513000 299.946 -17135.7 34.5837
514000 299.454 -17188.8 -15.7964
515000 299.617 -17159.1 2.96662
516000 299.923 -17154.4 10.8702
517000 301.032 -17149.6 -11.9409
518000 299.261 -17209.8 28.1617
519000 300 -17163.7 -27.6815
520000 298.965 -17214.7 15.0075
521000 300.199 -17198 -10.4209
522000 299.612 -17202.2 18.2287
523000 299.549 -17200.7 -22.084
524000 300.195 -17153.8 30.0516
525000 298.997 -17137.9 18.7331
526000 299.214 -17213.5 -25.6317
527000 299.634 -17204.5 21.2731
528000 300.757 -17178.2 -20.7416
529000 299.902 -17201.2 19.4228
530000 298.725 -17200.1 1.78824
531000 300.216 -17186.5 -8.89589
532000 300.052 -17229.6 5.85859
533000 299.439 -17190.6 -2.37271
534000 298.714 -17175.3 4.78713
535000 299.718 -17183.9 -7.95123
536000 300.645 -17148.7 -10.2007
537000 298.869 -17182.6 7.56871
538000 299.702 -17161 -7.01811
539000 300.039 -17140 -7.5479
540000 299.497 -17143.6 21.8529
541000 300.359 -17179.6 -2.25145
542000 300.41 -17132.9 15.4439
543000 300.836 -17152.7 -1.42888
544000 298.652 -17124.8 -3.13589
545000 299.824 -17130.9 -30.3945
546000 299.807 -17154.8 25.0792
547000 299.886 -17115.5 -10.7292
548000 298.89 -17222.2 4.31539
549000 300.46 -17198.4 -12.0216
550000 301.295 -17173.8 -12.8738
551000 301.048 -17142.5 20.1451
552000 299.024 -17128.2 2.52005
553000 301.255 -17167 6.20616
554000 301.176 -17116 6.88528
555000 300.174 -17138.7 6.74899
556000 302.028 -17113.6 -3.40777
557000 299.64 -17145.2 23.5597
558000 299.556 -17197.2 -13.9366
559000 301.567 -17124 -1.65666
560000 298.974 -17101.5 -10.2416
561000 299.129 -17110.7 -3.55427
562000 302.422 -17117 30.3607
563000 300.519 -17149.3 -19.9445
564000 302.062 -17110.6 9.60879
565000 299.823 -17156.7 8.99954
566000 301.093 -17135.6 6.82308
567000 299.175 -17170.3 11.807
568000 299.242 -17128.7 -23.1537
569000 298.688 -17132.8 17.0469
570000 300.434 -17175.6 -14.1405
571000 301.018 -17207.2 -9.78578
572000 299.989 -17182.7 18.3083
573000 299.184 -17235.3 -18.9123
574000 299.865 -17219.5 14.1647
575000 301.212 -17118.4 -28.3318
576000 299.041 -17202.6 8.88515
577000 300.522 -17134.8 -7.39668
578000 300.896 -17101.9 0.049204
579000 299.609 -17140.1 -6.87723
580000 301.221 -17105.7 5.36224
581000 300.075 -17153.8 -5.1954
582000 301.322 -17104.3 6.27368
583000 301.653 -17091.5 0.762995
584000 300.676 -17128.4 0.622251
585000 299.252 -17194.3 -2.65217
586000 300.217 -17195.3 11.3798
587000 300.891 -17170 -13.5765
588000 300.466 -17166.1 -5.90443
589000 299.841 -17164.4 9.15521
590000 300.374 -17157.1 -1.78512
591000 301.366 -17131.8 -30.0945
592000 300.555 -17151 64.4872
593000 298.033 -17187 -57.7078
594000 299.407 -17175 62.784
595000 299.505 -17168.8 -33.2599
596000 299.449 -17172.1 35.2055
597000 299.042 -17201.1 -20.4763
598000 299.274 -17179.7 10.2254
599000 301.047 -17154.5 -1.0636
600000 300.55 -17133.4 3.59264
601000 301.757 -17088.8 31.4179
602000 298.55 -17110.6 -20.8022
603000 298.542 -17156 48.2131
604000 299.635 -17176.8 -45.3988
605000 300.676 -17185.1 50.9502
606000 300.368 -17140.3 -40.0488
607000 299.518 -17180.9 43.39
608000 299.668 -17178.6 -36.6795
609000 300.055 -17143.9 29.1777
610000 299.776 -17127.6 6.98935
611000 301.28 -17097.9 14.04
612000 301.501 -17170.6 -1.43383
613000 302.597 -17097.5 -2.78881
614000 300.021 -17155.4 13.4502
615000 299.125 -17123.4 -24.5344
616000 299.778 -17140.4 28.2941
617000 299.995 -17189.9 -8.10078
618000 301.459 -17143.3 13.4717
619000 298.891 -17185.1 -15.4439
620000 299.4 -17095.9 1.79947
621000 300.157 -17161 6.59533
622000 301.528 -17179.8 -36.3701
623000 299.512 -17180.5 22.037
624000 300.494 -17169.5 -45.9308
625000 299.871 -17111.2 21.3762
626000 301.736 -17104.7 -15.4394
627000 300.729 -17135.8 -18.3885
628000 299.893 -17150.2 36.9424
629000 299.153 -17127.9 -13.8645
630000 300.785 -17172.8 28.363
631000 298.793 -17198.4 -42.9443
632000 299.983 -17172.7 76.065
633000 300.098 -17227.1 -49.7731
634000 298.775 -17233.6 30.7089
635000 299.585 -17177 -12.2485
636000 299.185 -17140.5 -0.323112
637000 300.552 -17128.4 15.7512
638000 298.126 -17137.8 -21.8656
639000 299.59 -17155.6 19.8896
640000 300.289 -17162.7 -0.48908
641000 299.79 -17140.5 14.2881
642000 300.217 -17159.2 -10.1857
643000 300.992 -17071.8 -12.0801
644000 300.25 -17090.7 3.78401
645000 300.429 -17131.8 -11.1828
646000 300.449 -17144.7 22.5081
647000 300.662 -17148.6 -23.9422
648000 298.649 -17214.3 2.25277
649000 299.398 -17199.5 -1.65621
650000 300.282 -17189.7 0.430458
651000 300.654 -17190.1 10.776
652000 300.367 -17186.9 -24.3376
653000 300.274 -17177.7 25.7382
654000 301.831 -17150.1 -51.7713
655000 298.81 -17163.2 36.9112
656000 299.182 -17120.5 -25.838
657000 298.735 -17182.3 19.7988
658000 300.039 -17125.2 -8.4748
659000 302.566 -17135.7 -20.7418
660000 300.921 -17097.9 6.83344
661000 300.299 -17162 -1.22778
662000 299.188 -17173.5 17.1858
663000 301.531 -17217.7 -46.0053
664000 300.762 -17199.7 63.4447
665000 300.806 -17186.8 -31.4111
666000 299.875 -17165.8 5.95419
667000 301.284 -17136.3 9.6607
668000 300.365 -17158.3 -4.14876
669000 300.89 -17181.7 2.11521
670000 299.332 -17208.4 11.2219
671000 300.086 -17225.6 -25.7066
672000 300.255 -17172.6 17.9785
673000 298.5 -17151.4 -0.191474
674000 300.166 -17144 -16.3912
675000 299.455 -17180.1 13.5224
676000 299.815 -17149.6 -14.668
677000 302.427 -17092.5 -6.88516
678000 300.438 -17145.5 5.46154
679000 302 -17131.1 0.50545
680000 300.508 -17136.5 -11.772
681000 300.444 -17131.4 -7.98859
682000 301.125 -17124.5 -2.05807
683000 300.932 -17130.3 -0.42783
684000 300.97 -17101.3 -15.4761
685000 299.711 -17141.5 11.1584
686000 300.391 -17203.9 -9.55078
687000 300.248 -17215.7 -12.2569
688000 299.406 -17114.8 18.5665
689000 301.624 -17104.6 -28.3165
690000 298.366 -17180.3 3.36905
691000 300.604 -17158.1 12.0459
692000 299.51 -17138 -11.8878
693000 300.562 -17171.8 28.3039
694000 299.943 -17129.7 -24.4016
695000 301.515 -17117.5 7.838
696000 299.315 -17222.2 -29.8704
697000 299.343 -17164.1 -0.0153027
698000 300.772 -17111.3 11.7751
699000 301.633 -17101.9 -11.8633
700000 298.221 -17161.6 -7.01316
701000 299.37 -17110.7 19.448
702000 299.708 -17158.9 -0.67151
703000 298.661 -17201.4 16.9186
704000 299.258 -17182.3 -7.86447
705000 299.311 -17188.8 12.7297
706000 298.568 -17169.5 -14.1438
707000 299.95 -17110.3 13.6259
708000 300.031 -17132.5 8.73015
709000 299.331 -17207 27.1778
710000 299.824 -17172.7 -15.7777
711000 300.712 -17126.1 22.9447
712000 299.886 -17136.3 -30.0605
713000 299.741 -17134 50.7416
714000 300.218 -17104.5 -35.5739
715000 300.967 -17107.6 40.1606
716000 300.331 -17120.9 -39.1229
717000 300.718 -17144.5 23.8308
718000 301.509 -17165.3 -8.43645
719000 299.641 -17180.8 -29.1133
720000 298.592 -17217.3 40.8649
721000 299.309 -17187.4 -43.0585
722000 300.647 -17105.4 56.1758
723000 301.081 -17135.8 -36.4039
724000 300.35 -17087.3 25.065
725000 300.858 -17064.4 0.813602
726000 299.78 -17111.7 9.1686
727000 300.973 -17112.8 6.08408
728000 301.7 -17125.1 -12.9185
729000 301.527 -17156.7 6.61535
730000 298.991 -17187.4 -34.3625
731000 301.595 -17130.9 42.6758
732000 299.511 -17131.2 -54.933
733000 299.348 -17136.2 44.019
734000 302.508 -17054.5 -40.8276
735000 300.423 -17089 33.2211
736000 298.566 -17146.5 -31.9847
737000 299.514 -17121 18.9139
738000 300.882 -17056.9 18.8693
739000 300.735 -17087.4 -30.1265
740000 301.403 -17138.1 37.587
741000 299.801 -17156 -32.4928
742000 298.726 -17152.5 33.5749
743000 300.107 -17118.8 -35.3013
744000 299.651 -17218.4 24.5496
745000 299.71 -17270.2 -26.3558
746000 299.962 -17162.5 21.4511
747000 299.184 -17149.9 -17.1641
748000 300.495 -17138.9 -16.9727
749000 301.289 -17120.3 21.1949
750000 301.551 -17114 -19.6244
751000 301.817 -17143.1 -10.3323
752000 300.755 -17132.1 -18.7394
753000 299.137 -17139.8 14.7565
754000 300.083 -17141.6 20.6349
755000 300.619 -17183.1 -12.8043
756000 298.432 -17145.8 15.8609
757000 300.322 -17107.9 -10.9329
758000 298.37 -17179.1 34.4021
759000 300.246 -17150.7 -25.3528
760000 300.921 -17150.8 31.347
761000 298.99 -17140.8 -34.696
762000 299.694 -17168.5 13.8294
763000 299.644 -17191.3 -7.04734
764000 301.146 -17167.9 -14.6101
765000 300.38 -17161.6 -1.00179
766000 299.563 -17128.8 6.15719
767000 299.889 -17103.6 28.6499
768000 298.195 -17173.3 -15.7157
769000 300.588 -17135.8 -4.0409
770000 299.195 -17173.5 -11.3517
771000 300.966 -17164.3 -10.1599
772000 301.423 -17139 21.6721
773000 299.543 -17135.6 -29.4421
774000 301.23 -17150 16.4952
775000 299.026 -17162 -25.5095
776000 300.309 -17141.4 12.7642
777000 298.325 -17199 0.933678
778000 301.516 -17125.1 -5.05417
779000 299.78 -17167.7 20.4267
780000 299.462 -17184.6 4.67301
781000 300.55 -17155.9 -12.3378
782000 299.95 -17130.9 30.1763
783000 300.833 -17137.1 -30.7958
784000 300.671 -17126.9 25.7845
785000 299.428 -17131.2 -17.3827
786000 300.094 -17114.1 14.5051
787000 300.042 -17094.4 -6.00059
788000 300.229 -17096.6 17.9083
789000 299.337 -17119.5 -20.5469
790000 298.641 -17154.8 25.8376
791000 300.847 -17154.3 -16.4081
792000 299.847 -17123.7 -24.1937
793000 299.588 -17116.2 17.8861
794000 299.752 -17141.5 -17.4414
795000 300.284 -17122.9 28.8379
796000 300.861 -17116.4 -9.12806
797000 299.876 -17119.5 13.821
798000 299.038 -17168.9 7.26966
799000 300.686 -17093.2 15.2374
800000 298.584 -17178.5 6.13752
801000 299.572 -17219.8 -20.453
802000 300.159 -17169.8 -19.0082
803000 299.634 -17138.2 4.47784
804000 298.751 -17129.7 -7.78419
805000 300.142 -17202.4 4.47903
806000 299.874 -17139.4 -3.44237
807000 299.006 -17103.3 11.085
808000 300.163 -17138.1 -4.86751
809000 299.522 -17126.6 -4.23735
810000 298.176 -17188.9 23.741
811000 299.339 -17198.3 -37.8025
812000 302.432 -17125.8 34.5501
813000 299.882 -17130.9 -39.281
814000 299.932 -17102.7 25.159
815000 300.669 -17115 -31.757
816000 301.235 -17098.7 14.2462
817000 298.877 -17149.7 -5.06018
818000 299.261 -17194.7 29.5566
819000 300.333 -17116.9 -7.67421
820000 299.073 -17169.8 0.139026
821000 299.344 -17144.3 1.22478
822000 299.094 -17117.8 -1.80263
823000 299.916 -17153.6 -13.4087
824000 298.896 -17175.4 -1.47501
825000 300.557 -17170.3 -2.68748
826000 297.775 -17163.7 15.9957
827000 301.022 -17142.1 -12.8116
828000 300.502 -17151.2 -19.7054
829000 298.376 -17159.9 27.1297
830000 299.303 -17121.4 -5.61975
831000 298.174 -17133.6 -9.5819
832000 298.159 -17159.5 8.9596
833000 300.045 -17099.2 -15.7288
834000 299.18 -17130.5 11.9623
835000 299.067 -17118.8 -4.68131
836000 301.176 -17059.7 -0.840165
837000 301.332 -17089.8 10.642
838000 299.282 -17128.7 -1.69631
839000 300.264 -17068.3 20.0081
840000 299.488 -17137.9 -13.5178
841000 299.194 -17162.2 -11.9829
842000 299.52 -17170.9 26.5829
843000 301.401 -17168.7 -21.6659
844000 298.97 -17154.4 15.3245
845000 299.467 -17145.1 -3.38677
846000 299.347 -17109.4 6.3714
847000 300.353 -17122.3 -4.37944
848000 299.036 -17165.2 17.8458
849000 299.405 -17154.3 -4.71011
850000 301.665 -17122.8 5.80458
851000 299.626 -17164.5 12.1069
852000 299.475 -17120.7 -9.11158
853000 299.304 -17125.6 -2.52632
854000 301.648 -17123.5 -3.87289
855000 300.128 -17153.1 0.607687
856000 300.202 -17139.2 -11.2559
857000 299.022 -17174.5 13.2565
858000 298.417 -17184.5 2.25952
859000 299.411 -17161.2 -8.59713
860000 299.658 -17154.4 -3.68308
861000 301.006 -17129.8 5.32103
862000 300.653 -17135.7 3.43484
863000 299.857 -17142.4 -25.5874
864000 298.6 -17188.7 28.1771
865000 299.495 -17145 -19.6832
866000 299.552 -17115.2 18.3341
867000 300.178 -17119.9 0.409366
868000 301.426 -17116.2 -4.81218
869000 298.695 -17142.4 13.7045
870000 299.411 -17095.3 -26.6889
871000 299.263 -17157.9 52.549
872000 300.297 -17153.7 -31.2608
873000 300.451 -17148.6 3.40344
874000 299.302 -17157.1 -9.43517
875000 299.361 -17185.5 -6.11625
876000 298.839 -17151.1 7.42588
877000 299.32 -17175.2 5.1795
878000 300.833 -17130.3 -0.170509
879000 299.433 -17113.6 2.98099
880000 299.952 -17194.4 1.48599
881000 299.416 -17176.5 -18.1413
882000 299.157 -17140.1 29.1061
883000 298.912 -17162.4 -17.2932
884000 300.337 -17160.1 4.68059
885000 299.698 -17133.9 -12.5984
886000 302.174 -17129.7 19.7756
887000 299.451 -17156.7 -25.6951
888000 300.749 -17143 10.334
889000 301.318 -17109.7 -1.31765
890000 301.082 -17097.9 0.168129
891000 299.212 -17185.4 1.34654
892000 301.322 -17142.4 15.7053
893000 301.016 -17185.8 -27.0655
894000 298.89 -17130.5 41.3084
895000 299.82 -17127 -20.5545
896000 299.148 -17157.7 35.7235
897000 298.987 -17171.6 3.09747
898000 301.161 -17105.8 4.99188
899000 300.947 -17108 -12.4267
900000 300.406 -17086.8 15.2503
901000 299.01 -17159 3.42832
902000 299.583 -17192.7 -34.1854
903000 300.831 -17120.1 18.9538
904000 298.693 -17173.3 -14.8507
905000 299.879 -17162.5 23.3979
906000 301.52 -17095.5 -12.8152
907000 300.185 -17138.8 -5.0589
908000 301.019 -17108.8 2.30457
909000 300.331 -17099.5 11.5113
910000 300.134 -17061.4 -17.8066
911000 300.823 -17074.1 4.19946
912000 300.472 -17100.6 8.41114
913000 300.86 -17086.1 3.63981
914000 299.413 -17140.5 -0.218417
915000 299.148 -17119.3 3.05067
916000 299.188 -17159.8 -0.180306
917000 300.332 -17078.8 2.00125
918000 299.403 -17149.5 4.41753
919000 298.138 -17157 8.04622
920000 299.47 -17139.3 -3.75832
921000 298.978 -17151.6 8.37306
922000 299.458 -17167.4 -7.13477
923000 298.704 -17170.3 -7.36328
924000 299.498 -17139.1 17.2999
925000 299.523 -17151.9 -9.44809
926000 299.655 -17124.1 10.612
927000 300.457 -17114.1 15.5897
928000 299.436 -17183.5 -30.9009
929000 297.572 -17195.1 -3.30927
930000 299.791 -17126.5 -3.91748
931000 298.652 -17208.7 1.74762
932000 299.848 -17201.6 -9.09041
933000 299.958 -17173.3 33.7469
934000 300.489 -17190.7 -2.9568
935000 302.265 -17170.3 -19.8532
936000 300.377 -17116 10.1975
937000 299.452 -17125.4 -37.5787
938000 301.535 -17102.2 34.2207
939000 299.999 -17151 -46.3356
940000 298.415 -17170 30.903
941000 299.995 -17115.9 -4.75766
942000 299.755 -17154.8 9.75515
943000 298.531 -17180.8 2.1044
944000 300.748 -17180 -7.42057
945000 301.247 -17216.7 24.2775
946000 300.215 -17168.8 -32.883
947000 300.818 -17117.8 49.7097
948000 300.868 -17154.6 -23.272
949000 299.723 -17211.5 11.3797
950000 298.75 -17217.4 -27.5122
951000 301.559 -17098.6 36.6175
952000 299.232 -17148.2 -5.16477
953000 301.533 -17119.3 2.6184
954000 299.461 -17183.8 -20.1225
955000 300.055 -17195.2 25.2752
956000 298.546 -17151.2 -9.06802
957000 301.371 -17138.6 -2.53643
958000 300.537 -17173.5 14.6049
959000 299.278 -17189.2 -18.3249
960000 298.354 -17221.3 24.7941
961000 298.457 -17264.6 2.52179
962000 300.654 -17179.3 -13.0882
963000 299.574 -17222.2 8.3295
964000 301.845 -17162.7 -16.5666
965000 300.46 -17170 -1.06909
966000 299.304 -17187.7 7.08467
967000 300.201 -17154.2 2.83727
968000 301.063 -17152.7 -14.2667
969000 300.12 -17184.3 16.8288
970000 300.9 -17183.2 -6.45389
971000 299.604 -17203.2 -3.50351
972000 301.166 -17177 3.20088
973000 300.768 -17189 1.42849
974000 300.062 -17266 -5.10225
975000 299.755 -17158.3 -5.46391
976000 301.603 -17147 -2.70931
977000 299.939 -17153.7 4.4719
978000 298.085 -17215.9 -11.5977
979000 299.777 -17199.5 5.23692
980000 299.975 -17142.4 -5.04966
981000 300.578 -17163.5 16.6479
982000 299.542 -17190.5 -14.408
983000 301.555 -17184.6 21.15
984000 298.893 -17218.6 -39.2647
985000 299.554 -17203.3 49.16
986000 300.522 -17156.4 -23.6527
987000 300.077 -17167.9 13.9391
988000 300.707 -17195.1 -17.6586
989000 300.062 -17188.8 3.30727
990000 300.677 -17186.5 0.900902
991000 300.889 -17174.9 -18.2099
992000 301.687 -17155.3 15.4912
993000 299.215 -17120.3 -13.6748
994000 299.255 -17137.9 21.0901
995000 301.067 -17116.2 2.76981
996000 299.163 -17141.9 4.21209
997000 299.306 -17177.7 -11.5944
998000 299.225 -17191.2 26.8812
999000 299.46 -17168.7 4.54962
1000000 298.304 -17183.7 21.1714
1001000 299.196 -17191.6 0.124285
1002000 301.027 -17155.4 -17.4411
1003000 299.936 -17157 7.97418
1004000 298.76 -17216.7 18.2988
1005000 298.911 -17190.9 1.77889
1006000 301.16 -17154.4 31.7342
1007000 298.718 -17135.9 -0.174358
1008000 299.956 -17208 8.87686
1009000 300.172 -17234.8 -26.7551
1010000 302.154 -17166.4 7.18195
1011000 300.642 -17182 8.34125
1012000 298.045 -17220.3 -4.08193
1013000 300.931 -17198.4 -2.58289
1014000 301.28 -17124.2 13.9081
1015000 299.322 -17166.5 1.01522
1016000 301.028 -17146 -1.77017
1017000 299.331 -17163.1 -4.92784
1018000 297.907 -17145.6 -11.4041
1019000 300.294 -17166.1 -3.60396
1020000 301.392 -17144.4 -17.0813
1021000 298.636 -17229 -3.34811
1022000 300.038 -17175.4 8.30297
1023000 301.154 -17189.8 6.97089
1024000 299.937 -17184.9 -2.26271
1025000 300.414 -17158.8 6.73165
1026000 300.676 -17139 -11.4837
1027000 299.171 -17174.1 -4.01066
1028000 300.987 -17135.1 5.20914
1029000 300.995 -17127.8 16.8127
1030000 300.821 -17164.5 -30.3784
1031000 299.051 -17222.2 40.4063
1032000 297.996 -17241.9 -48.5848
1033000 298.976 -17236.5 19.1708
1034000 298.317 -17221.5 3.58939
1035000 299.685 -17213.5 20.2423
1036000 300.748 -17186.7 18.283
1037000 300.895 -17124.8 -32.6376
1038000 301.498 -17151.9 18.4693
1039000 301.004 -17163.3 -19.1535
1040000 298.358 -17260.9 -1.08667
1041000 299.733 -17211.1 -11.8335
1042000 299.672 -17168.2 19.5689
1043000 301.206 -17150.6 -12.4762
1044000 299.232 -17200.3 3.44798
1045000 300.62 -17190.2 -21.4457
1046000 300.521 -17179.9 10.6588
1047000 300.521 -17204.9 -24.0157
1048000 300.821 -17243.8 37.4274
1049000 300.109 -17189.1 -13.2424
1050000 299.685 -17209.9 7.82545
1051000 299.141 -17173 4.69161
1052000 298.402 -17196.5 -22.2081
1053000 301.227 -17179.7 47.0586
1054000 301.903 -17169.1 -64.7932
1055000 299.335 -17182.9 54.2696
1056000 299.599 -17201.6 -37.1766
1057000 298.776 -17238.2 21.5325
1058000 299.531 -17169.3 -11.1422
1059000 300.166 -17127.5 9.04223
1060000 299.032 -17183.7 8.49546
1061000 300.225 -17125.1 2.01715
1062000 298.35 -17228.7 4.60352
1063000 299.013 -17207.9 -10.4808
1064000 300.302 -17186 -8.81503
1065000 301.176 -17223.8 3.58815
1066000 299.518 -17174.1 -14.3665
1067000 299.897 -17163.4 -6.26708
1068000 300.268 -17211.1 23.9319
1069000 298.884 -17177.8 -10.2674
1070000 300.043 -17199.5 13.133
1071000 299.505 -17205.3 -13.3441
1072000 299.816 -17150.2 19.7884
1073000 300.903 -17158.9 -2.87309
1074000 300.354 -17174.7 -16.7665
1075000 299.5 -17142.6 27.6343
1076000 299.164 -17237.3 -13.7168
1077000 298.98 -17238.5 17.5205
1078000 300.519 -17216 -26.7925
1079000 299.5 -17210.2 46.6109
1080000 298.946 -17198.6 -21.1982
1081000 301.059 -17185.9 15.7439
1082000 300.549 -17182.2 -8.03345
1083000 298.949 -17233.7 -10.8992
1084000 301.283 -17177 22.6385
1085000 300.339 -17148.3 -24.6064
1086000 300.664 -17120.3 30.9173
1087000 298.939 -17154 -35.5426
1088000 300.301 -17135.6 34.0084
1089000 301.51 -17126.9 -43.7999
1090000 299.761 -17123.2 41.2553
1091000 300.535 -17226.5 -12.4644
1092000 299.934 -17201.2 13.2408
1093000 299.216 -17143.8 -6.81799
1094000 299.961 -17123.4 -4.48003
1095000 300.129 -17168.2 -4.71874
1096000 300.128 -17181.1 17.8759
1097000 299.891 -17171.5 -12.6332
1098000 298.573 -17172.2 21.7008
1099000 302.108 -17170.8 -21.8478
1100000 298.466 -17197.7 14.4362
1101000 300.722 -17186.1 -4.19366
1102000 300.311 -17170.4 6.28353
1103000 298.722 -17206.5 10.2641
1104000 299.997 -17185.3 -13.8036
1105000 299.667 -17175.3 -6.79178
1106000 299.852 -17144.3 10.2238
1107000 299.015 -17161 9.95059
1108000 301.022 -17150.3 -15.303
1109000 299.154 -17197.9 5.92656
1110000 300.697 -17127.7 -10.2451
1111000 300.072 -17167.4 43.1726
1112000 300.052 -17124.6 -47.8864
1113000 300.368 -17202.2 36.3528
1114000 299.256 -17177.5 -28.4251
1115000 298.681 -17186.7 21.7623
1116000 300.074 -17177.3 -7.20774
1117000 299.675 -17157.1 -5.15473
1118000 301.491 -17176.8 18.1245
1119000 299.366 -17137.8 4.37601
1120000 299.505 -17200.7 -2.60392
1121000 297.989 -17219.3 11.2849
1122000 299.65 -17237.1 -0.905903
1123000 300.623 -17179.8 -1.09986
1124000 298.213 -17225.2 8.61509
1125000 301.289 -17168.8 -18.447
1126000 299.653 -17169.9 35.1155
1127000 301.75 -17129.9 -35.4661
1128000 300.528 -17182.4 2.66128
1129000 300.758 -17125.3 -12.392
1130000 300.384 -17173.1 13.8473
1131000 299.413 -17161.3 -6.79134
1132000 298.471 -17208.6 -9.83261
1133000 299.366 -17189.1 0.407312
1134000 301.676 -17166.9 3.54418
1135000 300.135 -17176.3 -17.2769
1136000 299.062 -17221 -5.23704
1137000 299.154 -17185.1 -7.31386
1138000 300.414 -17177.2 5.836
1139000 299.72 -17185.1 12.6393
1140000 298.537 -17202.8 -20.6601
1141000 299.472 -17255.5 14.6628
1142000 299.3 -17214.1 12.3812
1143000 299.591 -17236.7 -4.43132
1144000 299.836 -17213 7.31044
1145000 300.504 -17157.2 -24.2496
1146000 300.892 -17144.9 11.2073
1147000 299.477 -17170.7 -2.04013
1148000 300.474 -17135.4 -5.48597
1149000 299.454 -17159.2 16.7005
1150000 299.705 -17181 -15.9447
1151000 299.97 -17218.2 21.0902
1152000 299.273 -17192.9 -1.84527
1153000 301.337 -17164.7 -30.6806
1154000 299.527 -17154.2 13.9973
1155000 298.971 -17194.4 -9.77971
1156000 299.325 -17253.4 -7.2103
1157000 299.626 -17269.4 2.28439
1158000 300.462 -17176.2 10.4202
1159000 299.633 -17244.8 13.4758
1160000 299.891 -17244.4 -38.7624
1161000 298.263 -17214.2 39.8755
1162000 299.908 -17168 -25.5464
1163000 299.877 -17180.2 13.6795
1164000 298.271 -17177.9 4.54783
1165000 300.053 -17164.5 3.22413
1166000 299.715 -17226.4 1.32553
1167000 300.284 -17223.2 4.98112
1168000 300.309 -17175.6 -1.32528
1169000 300.637 -17182 -5.74271
1170000 301.153 -17168.5 -2.83571
1171000 299.266 -17210.5 -12.3491
1172000 300.017 -17156.6 -1.39852
1173000 300.439 -17147.4 -3.79941
1174000 299.326 -17133.5 15.1073
1175000 300.497 -17159.1 13.4848
1176000 299.631 -17180.7 28.6689
1177000 299.894 -17214.2 -1.11055
1178000 301.911 -17139 -5.24138
1179000 299.549 -17186.9 4.01777
1180000 298.82 -17155.8 2.49316
1181000 299.694 -17120.8 -27.7743
1182000 301.351 -17120.2 10.5218
1183000 301.813 -17186.8 -12.3853
1184000 300.143 -17208.7 -2.35996
1185000 301.495 -17182.7 10.0481
1186000 300.07 -17179 -17.5624
1187000 299.351 -17185.7 15.0435
1188000 301.502 -17180 -17.1342
1189000 299.921 -17188.6 -8.87146
1190000 300.868 -17175.6 -1.89837
1191000 300.749 -17137 -6.97812
1192000 302.084 -17155.8 -2.54656
1193000 300.162 -17186.7 16.9154
1194000 300.643 -17136.5 -20.9011
1195000 299.553 -17185.7 26.3464
1196000 300.736 -17169.8 7.1518
1197000 300.258 -17129.9 -20.1797
1198000 299.645 -17182.3 22.9594
1199000 299.319 -17213 -5.10384
1200000 301.227 -17147.2 -1.70369
1201000 299.902 -17172.8 15.8205
1202000 301.529 -17145.4 -28.5487
1203000 299.522 -17193.6 4.69418
1204000 298.615 -17225.3 9.99863
1205000 298.032 -17230.6 -9.4038
1206000 299.849 -17180.7 9.2626
1207000 300.098 -17134.7 -2.71712
1208000 297.664 -17154.8 20.8393
1209000 299.93 -17161.7 -22.9071
1210000 301.508 -17097.4 6.32439
1211000 299.112 -17179.1 -11.4099
1212000 299.673 -17165.9 37.8334
1213000 300.266 -17161.6 -16.3495
1214000 299.924 -17197.3 3.93212
1215000 300.854 -17170.9 -19.0634
1216000 300.456 -17148.6 11.4293
1217000 300.025 -17167.7 -8.95847
1218000 301.678 -17185 16.1283
1219000 300.894 -17174.4 12.5955
1220000 299.712 -17171 -28.695
1221000 299.137 -17162.1 20.7288
1222000 299.363 -17147.9 -12.6414
1223000 300.133 -17130.9 31.0571
1224000 299.621 -17123 -11.7584
1225000 299.522 -17184.7 -14.1998
1226000 299.129 -17149.7 18.7811
1227000 298.975 -17182.7 -7.46624
1228000 300.185 -17129.9 12.8016
1229000 299.957 -17201.4 -8.63028
1230000 299.69 -17197.9 -9.77443
1231000 299.911 -17225.1 -13.7999
1232000 300.164 -17159.4 10.6603
1233000 300.023 -17126.6 -31.592
1234000 300.297 -17162 28.738
1235000 301.928 -17178.1 -21.9428
1236000 299.711 -17194.3 3.63054
1237000 300.611 -17201.9 4.79412
1238000 298.487 -17204.5 -21.4094
1239000 301.477 -17175 24.4847
1240000 299.652 -17207.8 -8.11014
1241000 298.72 -17237.4 24.2324
1242000 299.807 -17157.1 16.6554
1243000 301.987 -17168.6 -14.6445
1244000 300.154 -17208.6 4.38433
1245000 299.971 -17179.1 -18.8182
1246000 299.242 -17196.2 31.9597
1247000 299.478 -17154 -13.9722
1248000 300.466 -17172.9 34.8415
1249000 300.461 -17195.7 -16.2595
1250000 300.271 -17176.3 24.8806
1251000 300.679 -17201 -19.0142
1252000 301.774 -17193.6 7.59025
1253000 300.625 -17224.9 -11.8382
1254000 297.937 -17281.9 -13.1239
1255000 299.322 -17240.7 5.72554
1256000 300.306 -17234.9 -2.94767
1257000 301.389 -17176.5 27.7528
1258000 300.993 -17242.1 -30.6465
1259000 300.424 -17245.8 9.36534
1260000 299.012 -17240.3 -5.53244
1261000 298.628 -17221.5 16.0854
1262000 300.463 -17161.8 -8.58588
1263000 301.634 -17203.9 12.2487
1264000 300.104 -17209.9 1.58253
1265000 300.926 -17220.7 -6.97928
1266000 301.452 -17216.2 13.8144
1267000 301.304 -17213.3 -11.5083
1268000 299.51 -17212.9 13.2915
1269000 298.525 -17233.2 -5.09249
1270000 298.91 -17221.7 16.5004
1271000 297.916 -17257.4 6.26865
1272000 301.297 -17237.1 -6.94875
1273000 300.084 -17260.6 27.5678
1274000 298.955 -17223.4 -26.6074
1275000 300.888 -17175.3 27.0802
1276000 301.003 -17207.8 -8.18879
1277000 298.101 -17184.4 6.45339
1278000 301.383 -17187 -26.4651
1279000 300.798 -17207.2 21.616
1280000 299.234 -17231.3 -4.0952
1281000 300.7 -17160.7 11.6611
1282000 301.65 -17160.3 -14.8559
1283000 300.616 -17154.5 14.965
1284000 300.211 -17233.9 -1.70592
1285000 300.644 -17159 17.5732
1286000 301.215 -17164.5 -7.98221
1287000 301.32 -17163 15.0789
1288000 301.224 -17158.6 -33.8919
1289000 299.99 -17232.5 4.58285
1290000 300.263 -17257 -7.58337
1291000 299.751 -17185.9 -2.21899
1292000 298.93 -17271.9 -4.44277
1293000 300.225 -17196.1 14.5177
1294000 298.888 -17199.4 13.3971
1295000 299.298 -17204.7 -1.08425
1296000 299.425 -17216.9 20.6025
1297000 300.176 -17175.1 -7.87813
1298000 299.739 -17181.8 14.6094
1299000 299.38 -17240.7 -4.33143
1300000 299.495 -17251.8 -1.74616
1301000 301.423 -17171.8 17.4403
1302000 300.509 -17197.4 -32.7493
1303000 300.599 -17223.6 32.9118
1304000 298.754 -17183.5 -24.995
1305000 301.043 -17162.8 17.4481
1306000 299.942 -17191.1 -28.6518
1307000 300.686 -17157.6 26.3139
1308000 300.694 -17183.5 -17.3445
1309000 300.249 -17172.4 31.0516
1310000 300.196 -17194.4 -21.8239
1311000 298.523 -17184.9 16.18
1312000 300.395 -17171.8 -3.22729
1313000 301.352 -17129.9 -10.5232
1314000 301.497 -17115.9 -11.7078
1315000 299.858 -17152.9 17.2323
1316000 299.528 -17218.3 3.5908
1317000 300.432 -17260.5 23.452
1318000 300.835 -17249.3 5.02318
1319000 299.605 -17245.3 -21.1162
1320000 299.667 -17241 9.38437
1321000 299.754 -17205.8 -7.43002
1322000 299.075 -17187.3 5.12813
1323000 301.482 -17156.5 1.869
1324000 300.557 -17158.7 8.38471
1325000 298.763 -17182.7 24.7363
1326000 299.164 -17187.8 -37.3845
1327000 300.972 -17217.7 10.2225
1328000 299.374 -17244.7 -22.7757
1329000 299.211 -17249.8 24.7311
1330000 301.082 -17249.1 2.23805
1331000 299.286 -17220.8 0.486518
1332000 299.744 -17162.8 12.5876
1333000 299.895 -17165.7 -1.25096
1334000 301.032 -17167.7 4.09944
1335000 299.671 -17223.5 -9.03647
1336000 299.056 -17219.6 9.84683
1337000 300.069 -17175.8 -19.2983
1338000 301.77 -17172.5 13.6247
1339000 299.596 -17147.8 -9.27379
1340000 300.466 -17193 3.44119
1341000 300.805 -17183.1 6.00459
1342000 299.599 -17180.5 -33.3818
1343000 299.466 -17185.1 51.836
1344000 298.768 -17186.9 -36.184
1345000 299.729 -17196.7 31.7184
1346000 299.092 -17233.2 -41.5113
1347000 299.671 -17219.7 30.7532
1348000 302.026 -17201.5 -25.7874
1349000 297.924 -17191.8 16.1732
1350000 300.238 -17190.4 -9.14498
1351000 298.348 -17219.8 -8.19548
1352000 299.831 -17198.4 0.117175
1353000 298.672 -17220.9 10.5526
1354000 301.299 -17228.2 -10.0068
1355000 299.843 -17238.3 -0.692895
1356000 299.542 -17192.8 0.989772
1357000 299.566 -17211 -19.7682
1358000 299.35 -17238.3 -9.8019
1359000 300.275 -17227.8 -17.0649
1360000 299.056 -17208.2 19.1168
1361000 298.684 -17242.3 16.1578
1362000 298.938 -17224.2 -31.3681
1363000 299.966 -17174 45.488
1364000 299.734 -17168.1 -32.9886
1365000 299.3 -17189.1 21.9886
1366000 298.421 -17191.7 -12.4981
1367000 300.814 -17158.9 11.1941
1368000 299.95 -17159.3 29.9854
1369000 299.699 -17176.1 -43.0091
1370000 299.438 -17133.2 41.6362
1371000 299.233 -17191.2 -31.97
1372000 298.6 -17196.3 19.4112
1373000 300.136 -17198.1 -5.71381
1374000 300.909 -17215.6 -12.7659
1375000 299.724 -17255.9 14.0537
1376000 300.528 -17196.5 -11.1727
1377000 298.697 -17187.8 1.09905
1378000 299.637 -17187.5 24.3941
1379000 299.008 -17209.7 2.14037
1380000 301.19 -17228 -3.00335
1381000 300.473 -17196.1 -19.9168
1382000 298.435 -17231.9 27.4663
1383000 300.52 -17204.2 -5.34123
1384000 300.887 -17195.8 7.31594
1385000 299.385 -17207.4 -0.53322
1386000 300.198 -17239.6 -1.58652
1387000 296.999 -17284.8 7.40148
1388000 299.093 -17295.5 -23.1972
1389000 299.086 -17213.9 25.2093
1390000 301.101 -17162.4 -7.97281
1391000 301.301 -17192.9 2.7263
1392000 299.964 -17216 -1.95392
1393000 299.923 -17223 -14.9132
1394000 300.464 -17167.4 6.82699
1395000 300.221 -17168.7 10.8824
1396000 301.383 -17163 -24.3294
1397000 300.198 -17169.1 30.7983
1398000 300.381 -17173.7 -26.6606
1399000 299.812 -17196.3 28.5497
1400000 297.534 -17249.7 -9.05918
1401000 300.037 -17218.4 1.54156
1402000 299.973 -17236.4 18.2301
1403000 299.558 -17259.2 -4.57139
1404000 300.512 -17222.9 7.53226
1405000 300.037 -17235.7 12.9335
1406000 300.832 -17231 -7.35625
1407000 300.729 -17188.2 -7.21398
1408000 300.972 -17198.5 -6.80111
1409000 300.107 -17178.4 -2.1123
1410000 298.312 -17160.6 8.36648
1411000 301.653 -17150.5 10.8908
1412000 300.444 -17204.7 -13.8273
1413000 298.659 -17176.7 2.35862
1414000 300.219 -17240.7 3.1752
1415000 300.608 -17164.5 27.8878
1416000 300.938 -17193.3 3.32702
1417000 299.122 -17217.2 -15.1223
1418000 299.712 -17202.7 29.0757
1419000 299.207 -17172 -5.32581
1420000 300.415 -17164.9 8.0713
1421000 300.17 -17203 -15.1167
1422000 299.353 -17151.7 41.6206
1423000 299.933 -17181.1 -23.5475
1424000 300.709 -17112.2 1.69054
1425000 300.758 -17160.1 10.031
1426000 299.142 -17239.3 -20.8644
1427000 299.704 -17171.7 31.0072
1428000 299.628 -17192 -14.2334
1429000 300.671 -17205.2 27.4142
1430000 301.087 -17204.4 -17.245
1431000 300.141 -17214.4 21.3997
1432000 299.687 -17185.4 -4.53072
1433000 299.511 -17242 1.35684
1434000 299.463 -17221.8 7.08366
1435000 301.124 -17176.1 -12.9602
1436000 300.29 -17210 -12.1204
1437000 298.861 -17205.7 -10.1822
1438000 298.351 -17220.7 14.2983
1439000 301.499 -17174.7 -22.0913
1440000 300.219 -17148.9 22.6112
1441000 299.514 -17164.8 1.39083
1442000 298.434 -17220.3 21.8515
1443000 300.857 -17143.9 -46.0762
1444000 298.906 -17168.5 20.7747
1445000 299.922 -17156 -39.2607
1446000 300.295 -17138.5 46.8162
1447000 301.109 -17155.7 -43.1691
1448000 300.225 -17180.3 33.271
1449000 300.648 -17158 -5.41692
1450000 301.235 -17124.2 -18.9575
1451000 300.745 -17159.6 46.4428
1452000 300.002 -17190.2 -46.0366
1453000 298.924 -17246.8 19.4409
1454000 300.954 -17218.7 -22.8166
1455000 300.67 -17160.7 20.6969
1456000 301.251 -17164.2 6.00804
1457000 300.2 -17206.7 4.5724
1458000 300.617 -17173.3 -4.46761
1459000 300.082 -17164.3 -3.35956
1460000 300.488 -17188.7 23.5763
1461000 300.245 -17178 -2.83621
1462000 298.761 -17241.3 2.85784
1463000 299.245 -17219.6 -5.02659
1464000 300.041 -17212.7 7.47462
1465000 300.458 -17186.3 -13.9505
1466000 300.743 -17191 1.50895
1467000 299.432 -17233.3 -19.7818
1468000 299.11 -17180.9 15.5727
1469000 301.85 -17130 13.368
1470000 300.858 -17212.9 -5.9559
1471000 300.284 -17241.5 23.9803
1472000 299.951 -17208.6 -38.5971
1473000 299.642 -17240.4 41.3904
1474000 299.289 -17243.7 -10.0268
1475000 301.064 -17171 17.2607
1476000 299.224 -17208.8 -3.53111
1477000 299.527 -17210.7 13.0716
1478000 301.48 -17166 -25.4828
1479000 298.959 -17180.3 35.4114
1480000 301.094 -17148 -18.9998
1481000 301.128 -17139.1 28.9346
1482000 300.487 -17193.5 -17.2758
1483000 300.774 -17199.8 19.308
1484000 299.622 -17215.4 3.96731
1485000 300.637 -17210.7 -17.5123
1486000 299.979 -17253.6 3.18901
1487000 299.406 -17266.5 -13.469
1488000 299.337 -17237.1 19.3352
1489000 301.545 -17208.8 -27.4991
1490000 300.937 -17189.5 13.6033
1491000 300.517 -17147 -18.778
1492000 299.148 -17213.2 12.1279
1493000 300.471 -17197.1 -4.20619
1494000 299.298 -17193.1 -14.9028
1495000 300.892 -17177.5 -2.13005
1496000 300.361 -17236 15.3475
1497000 299.399 -17251.6 -12.2809
1498000 301.758 -17193.9 17.1686
1499000 300.058 -17211.8 -20.7679
1500000 299.968 -17195 30.4676
1501000 301.035 -17149.6 -24.0725
1502000 300.281 -17211.2 17.5856
1503000 300.157 -17228.8 21.7759
1504000 299.813 -17231.8 -27.5272
1505000 300.094 -17221.5 13.5706
1506000 300.405 -17216.3 -16.2093
1507000 300.744 -17193.1 21.3089
1508000 301.26 -17221.3 -5.16018
1509000 299.374 -17174.2 3.97721
1510000 298.892 -17228.1 10.2531
1511000 300.844 -17202.8 -7.69133
1512000 299.867 -17229.6 11.4003
1513000 300.987 -17186.9 6.16257
1514000 298.369 -17246.7 14.2797
1515000 299.619 -17215.1 -3.97728
1516000 301.24 -17211.5 11.4771
1517000 300.777 -17235.9 0.0607972
1518000 301.414 -17236 -6.30743
1519000 299.123 -17217.9 14.0162
1520000 299.513 -17227.8 -17.3879
1521000 298.576 -17230.7 49.112
1522000 300.517 -17190.6 -50.5573
1523000 299.334 -17204.6 49.1414
1524000 299.748 -17228.1 -59.1052
1525000 299.565 -17261.9 39.5897
1526000 299.29 -17199.2 -19.012
1527000 302.044 -17192.5 12.1277
1528000 298.643 -17194 -20.1122
1529000 299.561 -17259 12.3341
1530000 299.024 -17226.8 10.2307
1531000 300.881 -17174.6 -16.0231
1532000 299.755 -17203.5 18.7736
1533000 299.855 -17251.3 -41.1266
1534000 299.861 -17243 43.8449
1535000 301.704 -17205 -2.61802
1536000 299.514 -17218.5 -7.10264
1537000 300.428 -17247.1 6.6257
1538000 300.872 -17235.8 -13.5442
1539000 301.48 -17251.9 3.7038
1540000 299.544 -17259.8 9.87115
1541000 298.431 -17227.5 -23.9142
1542000 301.49 -17174.4 30.0179
1543000 300.12 -17240.2 -16.773
1544000 298.753 -17219.4 41.6365
1545000 299.212 -17215.9 -35.7158
1546000 298.082 -17234.6 35.2065
1547000 299.16 -17239.6 -33.8016
1548000 298.583 -17244.2 30.4036
1549000 299.765 -17272.2 -15.8918
1550000 299.471 -17211 0.244939
1551000 300.564 -17186.3 -0.596964
1552000 300.626 -17161.8 -4.23191
1553000 300.823 -17149.3 12.4778
1554000 299.94 -17226.4 11.0351
1555000 300.729 -17237.6 -11.9889
1556000 301.058 -17282.7 30.1956
1557000 300.053 -17282.6 -10.608
1558000 298.992 -17269.1 29.971
1559000 300.45 -17171.5 -0.494139
1560000 299.984 -17163.5 14.4755
1561000 301.214 -17179.7 -6.7213
1562000 300.884 -17182.4 27.8458
1563000 300.153 -17218 -6.94166
1564000 299.02 -17257.2 15.9897
1565000 299.782 -17197.2 10.052
1566000 299.592 -17256 -18.7673
1567000 300.043 -17222.8 15.7522
1568000 299.182 -17246.3 -8.98122
1569000 301.075 -17205.5 2.76789
1570000 299.834 -17203.9 21.4982
1571000 297.71 -17251.7 -23.7015
1572000 299.923 -17210.8 26.0527
1573000 299.639 -17212.6 16.5181
1574000 300.342 -17196.7 -12.9221
1575000 300.413 -17219.8 15.1558
1576000 298.972 -17253.1 -33.3586
1577000 298.402 -17213.8 16.7189
1578000 299.398 -17236.4 6.31426
1579000 299.305 -17271.6 -2.95196
1580000 298.799 -17296.5 10.495
1581000 300.135 -17230.3 -6.19741
1582000 298.487 -17224.9 4.31904
1583000 299.605 -17219.2 12.9919
1584000 299.058 -17246.2 -17.079
1585000 298.729 -17228.5 37.4647
1586000 300.127 -17192.3 -24.4304
1587000 302.171 -17160.6 0.0994214
1588000 299.925 -17186.6 -7.51871
1589000 299.892 -17212.2 -0.476522
1590000 300.612 -17218.2 2.06039
1591000 300.52 -17220.7 8.53095
1592000 299.129 -17243.3 -6.2892
1593000 300.063 -17213 -1.6524
1594000 300.494 -17190.6 -18.7226
1595000 300.51 -17207.4 3.97414
1596000 298.697 -17204.3 11.289
1597000 299.302 -17254.5 0.375713
1598000 299.128 -17255 -0.788335
1599000 300.811 -17218.2 -8.40506
1600000 300.746 -17179 32.7439
1601000 299.833 -17227.7 -38.1134
1602000 300.338 -17229.1 61.2526
1603000 300.666 -17216.2 -32.0459
1604000 298.123 -17255.6 20.3714
1605000 299.69 -17210.8 -9.25715
1606000 300.53 -17238.1 7.11194
1607000 300.262 -17197.8 5.03243
1608000 298.212 -17221.2 -21.0825
1609000 300.074 -17200.1 11.5161
1610000 300.257 -17252.5 -20.8287
1611000 299.695 -17228.4 24.9963
1612000 299.216 -17213.1 -34.2727
1613000 299.957 -17221.9 47.9415
1614000 298.58 -17191.5 -18.3083
1615000 299.97 -17187.1 23.879
1616000 300.828 -17153.4 14.3934
1617000 300.166 -17165.5 -16.6808
1618000 299.775 -17201.6 42.2168
1619000 300.725 -17204 -51.6744
1620000 300.065 -17212.2 30.0897
1621000 300.511 -17215 -16.3384
1622000 299.627 -17158.9 33.7777
1623000 298.337 -17209.8 -38.1119
1624000 300.421 -17206.6 15.9095
1625000 300.413 -17226.7 19.1464
1626000 299.797 -17181.2 -28.1073
1627000 299.569 -17204.3 30.4197
1628000 298.771 -17222.2 -34.3321
1629000 299.829 -17199.4 41.4349
1630000 299.195 -17210.2 -30.541
1631000 299.896 -17229.8 -6.0081
1632000 299.104 -17204 17.6022
1633000 297.71 -17210.6 -2.76255
1634000 299.761 -17186.9 18.4763
1635000 301.22 -17146.2 -27.5765
1636000 300.505 -17179.4 18.0249
1637000 300.82 -17179 -25.8953
1638000 301.399 -17162 37.6144
1639000 300.543 -17174.1 -54.5249
1640000 300.591 -17179 54.1514
1641000 299.4 -17206.2 -9.16871
1642000 300.086 -17228.7 3.11099
1643000 300.981 -17212.9 -2.17112
1644000 298.832 -17205 -4.72428
1645000 299.718 -17200.9 17.8492
1646000 301.094 -17176.4 -37.7646
1647000 299.969 -17217.9 45.1979
1648000 298.545 -17251.1 -37.5347
1649000 300.366 -17184.4 25.3541
1650000 299.224 -17180.1 -30.6937
1651000 300.286 -17155.9 10.0173
1652000 300.332 -17185 -17.0414
1653000 299.781 -17140.2 5.21964
1654000 299.03 -17200.2 -29.9526
1655000 300.293 -17206 -1.62313
1656000 300.524 -17203.1 10.892
1657000 301.126 -17217.5 -15.7728
1658000 298.875 -17199.5 30.7234
1659000 299.483 -17202.2 -19.967
1660000 301.289 -17139.5 25.488
1661000 299.958 -17153.4 -26.8928
1662000 302.279 -17121.5 36.9825
1663000 300.95 -17141.2 -33.9652
1664000 300.733 -17166.8 2.79365
1665000 300.851 -17134.4 11.6507
1666000 299.119 -17165.2 1.68331
1667000 299.845 -17188.1 -1.86434
1668000 298.567 -17190.8 -6.77841
1669000 299.643 -17213.4 -14.6001
1670000 299.049 -17205.7 10.7524
1671000 301.581 -17159.6 -15.0318
1672000 301.374 -17163.3 1.34462
1673000 301.323 -17171.6 7.5801
1674000 300.102 -17195.6 -2.76182
1675000 299.391 -17223.2 -22.9265
1676000 299.926 -17214 29.2401
1677000 299.611 -17181.8 -9.40511
1678000 299.402 -17159.9 5.14191
1679000 299.506 -17148 9.73242
1680000 299.469 -17213 -14.2209
1681000 301.884 -17151.7 -5.02774
1682000 300.421 -17170.9 -14.747
1683000 300.458 -17140.8 21.0652
1684000 300.109 -17208.3 5.11176
1685000 301.5 -17226.9 -19.1811
1686000 300.074 -17189.9 13.5793
1687000 300.256 -17244.6 -35.4648
1688000 300.165 -17208.2 22.363
1689000 298.481 -17226.5 -7.90301
1690000 298.376 -17253.1 -17.5735
1691000 299.403 -17183.7 1.02894
1692000 299.027 -17218.6 -24.9106
1693000 297.968 -17202.2 21.92
1694000 299.598 -17200.3 -26.716
1695000 299.421 -17199.3 52.2066
1696000 299.838 -17153.1 -21.1626
1697000 301.944 -17137.9 28.1482
1698000 299.897 -17181.2 -11.5734
1699000 299.283 -17235 -0.310064
1700000 298.491 -17202.7 11.3966
1701000 298.959 -17139.1 -19.5524
1702000 299.705 -17148.7 15.3726
1703000 299.974 -17232 -13.3197
1704000 299.965 -17186 4.67654
1705000 299.302 -17137 -30.4107
1706000 299.863 -17192.4 15.7814
1707000 299.198 -17213.6 -18.6226
1708000 299.555 -17188.9 20.2756
1709000 298.238 -17237 -18.4527
1710000 301.225 -17164.7 4.90643
1711000 300.305 -17165.6 -5.10324
1712000 300.26 -17105.4 2.03116
1713000 301.078 -17168.1 -10.3283
1714000 300.212 -17217.5 25.0446
1715000 300.175 -17156.1 -9.8309
1716000 299.662 -17144.7 -0.265808
1717000 300.094 -17133.5 11.8429
1718000 299.708 -17203.4 -31.6829
1719000 300.258 -17180.8 46.041
1720000 300.952 -17159.3 -29.8429
1721000 299.255 -17193.6 17.1668
1722000 299.285 -17146 14.3923
1723000 300.12 -17217.5 -15.062
1724000 300.627 -17198.4 17.0078
1725000 299.506 -17200.4 -30.9321
1726000 299.598 -17187.7 27.201
1727000 299.876 -17233 -0.132215
1728000 300.015 -17210.9 22.4672
1729000 300.534 -17190 1.31076
1730000 298.682 -17181.3 -27.0429
1731000 300.988 -17170.6 8.67575
1732000 299.095 -17189 -2.90244
1733000 300.253 -17187.8 41.2106
1734000 297.718 -17269.4 -31.1853
1735000 299.538 -17213.9 49.1493
1736000 299.587 -17151.9 -14.8978
1737000 300.194 -17171.7 -1.33744
1738000 300.492 -17152.2 16.3698
1739000 301.253 -17187.6 -24.5774
1740000 299.113 -17193.3 16.422
1741000 300.106 -17165.5 -23.6885
1742000 300.123 -17184.2 5.40452
1743000 300.587 -17176.4 -2.76819
1744000 300.382 -17172.2 31.8703
1745000 300.658 -17162.5 -10.0239
1746000 299.752 -17180.7 4.96272
1747000 300.172 -17153.4 19.279
1748000 300.473 -17204.1 -22.8859
1749000 299.364 -17227.6 13.1253
1750000 299.647 -17214.9 -9.96002
1751000 299.013 -17225.5 42.208
1752000 300.939 -17195 -40.4261
1753000 300.228 -17250.8 15.8353
1754000 298.66 -17228.8 1.70426
1755000 299.253 -17210.3 -14.5985
1756000 298.668 -17237.3 30.3324
1757000 299.024 -17212.1 -23.1798
1758000 300.184 -17223.7 20.9394
1759000 300.416 -17214 -27.9567
1760000 300.903 -17206.7 14.5883
1761000 300.278 -17210.5 -22.4316
1762000 300.176 -17217.7 11.9449
1763000 301.067 -17179.3 -5.07371
1764000 300.485 -17170.8 15.5954
1765000 299.08 -17197.9 -8.32183
1766000 300.862 -17185.4 12.7814
1767000 300.975 -17174 4.36217
1768000 301.051 -17184.2 -1.46742
1769000 300.217 -17163.4 27.2056
1770000 298.895 -17201.2 -14.639
1771000 299.794 -17229.9 8.18522
1772000 299.956 -17213.7 -0.184597
1773000 299.22 -17163 -15.9103
1774000 298.926 -17185.4 20.0061
1775000 299.323 -17206.8 17.4841
1776000 301.562 -17147.1 -35.3779
1777000 300.239 -17147.6 26.8717
1778000 300.253 -17194.6 -11.7453
1779000 298.28 -17209.7 10.525
1780000 300.746 -17168.9 7.28149
1781000 301.405 -17132.8 -3.40967
1782000 300.689 -17171.7 -14.3827
1783000 300.064 -17209 23.8524
1784000 298.997 -17202.3 -8.99515
1785000 299.432 -17255.9 -5.60308
1786000 299.425 -17181.7 16.5999
1787000 300.965 -17164.1 -11.5509
1788000 301.122 -17176.8 22.7715
1789000 301.115 -17189.6 -12.4406
1790000 298.42 -17204.2 24.4453
1791000 299.273 -17193.5 -13.6818
1792000 298.976 -17210 33.2542
1793000 299.935 -17172.7 3.9863
1794000 299.388 -17166.1 -12.2175
1795000 299.462 -17169.1 20.2798
1796000 300.013 -17148.5 -29.83
1797000 300.021 -17214.5 7.70293
1798000 299.245 -17205.9 -9.23232
1799000 299.985 -17165 15.0219
1800000 300.362 -17219.4 -15.7812
1801000 300.226 -17185.7 18.0198
1802000 299.153 -17224.8 0.593733
1803000 299.748 -17254.9 -5.61847
1804000 300.035 -17197 18.3803
1805000 301.37 -17223.5 -23.2771
1806000 300.766 -17160.2 19.8177
1807000 299.71 -17203.8 0.713496
1808000 300.581 -17186 4.80813
1809000 300.551 -17241.5 -19.0137
1810000 299.651 -17220 20.2683
1811000 301.651 -17153.7 -33.7402
1812000 301.236 -17187.8 21.728
1813000 300.029 -17214.3 -20.8424
1814000 298.568 -17183.9 28.0356
1815000 299.711 -17184 -8.30268
1816000 300.551 -17169.1 0.512958
1817000 299.191 -17196.2 8.39974
1818000 300.015 -17138.9 -9.7025
1819000 299.779 -17175.5 28.996
1820000 300.243 -17228.9 -33.0259
1821000 299.309 -17179.4 36.1529
1822000 300.02 -17188.2 -37.0776
1823000 299.232 -17231.6 28.8803
1824000 299.492 -17237.4 -25.0786
1825000 301.094 -17201.2 8.91707
1826000 300.365 -17212.1 -16.8097
1827000 300.239 -17228.9 -8.8375
1828000 300.029 -17194.9 1.29792
1829000 300.858 -17231.2 -18.6781
1830000 301.079 -17228.1 24.7015
1831000 299.492 -17237.1 -8.92988
1832000 299.236 -17268 19.2144
1833000 299.445 -17243.6 -23.8279
1834000 299.183 -17239.9 38.9785
1835000 298.971 -17296.6 -22.9375
1836000 298.753 -17224.4 20.2097
1837000 299.134 -17216.3 -19.2662
1838000 300.587 -17242.3 28.5921
1839000 299.216 -17218.1 -29.6708
1840000 301.623 -17172.3 22.5173
1841000 299.469 -17173.9 -25.1012
1842000 299.158 -17196 30.7998
1843000 298.823 -17182.9 -11.089
1844000 299.457 -17174.8 6.58948
1845000 299.594 -17164 2.33079
1846000 300.434 -17191.4 -12.657
1847000 297.757 -17255.6 13.6181
1848000 299.904 -17214 4.37382
1849000 299.916 -17204.2 -18.3668
1850000 300.587 -17137.5 7.46525
1851000 300.236 -17161.1 -23.1759
1852000 301.556 -17097.6 21.8586
1853000 298.987 -17174.4 -26.2934
1854000 300.613 -17177.9 13.2959
1855000 300.909 -17170.4 7.0254
1856000 300.676 -17181.9 -10.2325
1857000 299.969 -17170.7 13.3547
1858000 299.123 -17232.9 -2.62904
1859000 299.507 -17251.7 35.6808
1860000 299.724 -17199.2 -52.2724
1861000 300.364 -17194.8 69.0256
1862000 301.278 -17183.6 -49.3695
1863000 300.293 -17165.7 45.4025
1864000 301.712 -17146.2 -12.7654
1865000 300.81 -17155.7 19.73
1866000 301.532 -17126.7 -28.8903
1867000 300.557 -17137.4 39.4207
1868000 300.707 -17136.9 -19.0819
1869000 299.853 -17256.7 0.395476
1870000 300.392 -17213.5 -7.34722
1871000 300.315 -17184.3 -1.81415
1872000 298.985 -17219.7 14.128
1873000 301.134 -17169.2 5.66506
1874000 300.658 -17184.2 -19.5092
1875000 299.909 -17174.3 -11.3966
1876000 301.227 -17205.1 -1.68904
1877000 299.822 -17184.1 -6.11726
1878000 298.747 -17209.7 20.5044
1879000 299.171 -17227.6 5.21112
1880000 301.251 -17173.6 -14.0294
1881000 298.894 -17197.7 5.16613
1882000 300.465 -17138.3 0.0618458
1883000 301.762 -17150.1 -1.03116
1884000 300.427 -17175.7 3.07597
1885000 301.693 -17150.8 -23.4141
1886000 299.819 -17150.3 16.2412
1887000 298.518 -17210.6 -9.73188
1888000 300.282 -17224.5 5.75942
1889000 299.272 -17152.7 -3.8924
1890000 298.903 -17189.7 25.5613
1891000 298.972 -17197 -59.5083
1892000 299.295 -17178.4 30.0204
1893000 300.382 -17149.5 -12.6544
1894000 298.691 -17199.3 1.77354
1895000 299.726 -17243.7 15.191
1896000 300.307 -17156.5 -21.2964
1897000 299.037 -17181.4 31.6346
1898000 300.302 -17154.4 -22.8812
1899000 300.282 -17111.7 13.3917
1900000 300.469 -17133.4 0.988193
1901000 300.204 -17163.4 -26.8287
1902000 300.719 -17117.8 29.8005
1903000 301.382 -17144.9 -16.2569
1904000 299.773 -17156.8 11.4283
1905000 299.641 -17200.3 16.8269
1906000 301.859 -17135.8 -15.3656
1907000 299.03 -17164.3 -5.52752
1908000 301.356 -17141.2 31.8171
1909000 299.875 -17160.4 -22.8924
1910000 300.867 -17148.6 34.097
1911000 299.753 -17159.1 -36.5781
1912000 300.379 -17152.7 24.5257
1913000 299.667 -17141 -30.7646
1914000 299.977 -17201.8 24.135
1915000 299.769 -17170.8 -16.0627
1916000 300.592 -17171.4 3.61323
1917000 300.927 -17164.8 20.5771
1918000 299.444 -17155.4 -6.21691
1919000 300.515 -17128.3 22.7977
1920000 301.387 -17146 -15.8791
1921000 299.014 -17216.7 -1.04008
1922000 299.024 -17189.9 -27.2487
1923000 300.583 -17200.8 35.1015
1924000 300.062 -17213.1 -37.1948
1925000 301.145 -17189 7.56754
1926000 298.795 -17211.3 -1.05952
1927000 300.439 -17170.5 -3.18755
1928000 300.287 -17152.9 1.56666
1929000 298.444 -17191.2 -1.90117
1930000 300.103 -17212.1 -24.0429
1931000 299.172 -17204.7 14.6187
1932000 300.599 -17193 -7.68529
1933000 300.522 -17178.1 7.39047
1934000 298.869 -17198.4 -3.07561
1935000 299.846 -17153.1 12.6709
1936000 299.42 -17174.8 -3.18616
1937000 300.36 -17144.4 -15.0811
1938000 301.263 -17139.9 23.7341
1939000 299.498 -17158.7 -41.9282
1940000 299.304 -17202.8 43.667
1941000 300.061 -17162.9 -32.8517
1942000 299.056 -17197.2 39.2884
1943000 299.166 -17204.9 -26.1074
1944000 301.175 -17193.5 22.1255
1945000 297.787 -17208.4 -3.60141
1946000 298.955 -17189.7 -10.432
1947000 300.216 -17162.1 -1.38519
1948000 298.477 -17162.7 -17.1512
1949000 299.376 -17192.4 23.4792
1950000 298.569 -17258.9 -26.088
1951000 300.278 -17155.9 22.6168
1952000 300.026 -17165.1 -12.2848
1953000 298.414 -17150.4 29.6365
1954000 299.5 -17170.5 -2.81667
1955000 300.243 -17221 14.1891
1956000 299.352 -17244.9 -26.8213
1957000 299.021 -17203.3 49.6851
1958000 299.172 -17235.9 -14.8816
1959000 299.436 -17200.4 25.9186
1960000 299.47 -17222.6 -2.68021
1961000 299.73 -17181.6 4.04193
1962000 300.759 -17187.7 -13.9462
1963000 298.522 -17185.1 34.5784
1964000 299.093 -17142.3 -41.2997
1965000 301.151 -17174.6 13.0884
1966000 301.358 -17171.5 7.58795
1967000 300.222 -17195.2 -3.26449
1968000 300.604 -17142.9 15.341
1969000 299.988 -17191.9 19.296
1970000 301.316 -17188.4 -17.7995
1971000 299.559 -17161.1 14.6317
1972000 299.358 -17175.6 -3.21587
1973000 299.594 -17170.4 21.8671
1974000 300.71 -17144.9 -20.5816
1975000 300.346 -17150.2 35.8832
1976000 300.369 -17181.3 -24.9181
1977000 300.64 -17182 30.188
1978000 300.68 -17143.1 -6.12234
1979000 301.314 -17106.1 -22.89
1980000 300.407 -17131.5 21.4423
1981000 300.86 -17202.5 -24.5183
1982000 299.429 -17182.5 18.8467
1983000 302.319 -17134.2 -28.982
1984000 301.14 -17191.7 30.8022
1985000 300.25 -17171.7 -23.1947
1986000 299.845 -17137.9 34.5011
1987000 299.073 -17178.4 -30.8015
1988000 298.717 -17154.6 31.5702
1989000 298.346 -17199.9 -24.9265
1990000 300.133 -17199.8 29.1488
1991000 299.734 -17219.3 -15.6869
1992000 299.259 -17210.8 24.2905
1993000 297.657 -17158.9 -3.41997
1994000 301.608 -17140 20.7112
1995000 298.787 -17184.6 5.37992
1996000 299.523 -17146.3 -30.5649
1997000 301.198 -17125.4 23.4496
1998000 298.758 -17181.7 -10.3551
1999000 300.307 -17167.5 23.0954
2000000 298.8 -17235.7 -16.55
