# Time-averaged data for fix 3
# TimeStep v_Temperature v_PotentialEnergy v_Pressure
2000 301.403 -14559.5 3.14433
3000 300.653 -14619.5 -5.63557
4000 299.431 -14657.5 -1.36501
5000 299.372 -14658.1 10.6377
6000 300.407 -14617.4 -10.6903
7000 300.238 -14596.8 10.1292
8000 300.649 -14646.6 -2.22551
9000 300.822 -14626.5 0.36826
10000 298.917 -14660.6 -3.60433
11000 298.098 -14675.7 14.7444
12000 299.56 -14647.2 -6.85427
13000 299.22 -14676.7 -9.37389
14000 300.215 -14642.6 2.55125
15000 299.34 -14679.9 5.25201
16000 300.747 -14618.8 3.63597
17000 301.722 -14633 1.00021
18000 299.712 -14620.8 4.10601
19000 299.1 -14664.8 8.66103
20000 300.196 -14668.3 1.08757
21000 298.041 -14676.7 -4.36902
22000 301.215 -14634 -1.02698
23000 300.444 -14683.9 -2.77107
24000 299.083 -14691.6 7.26468
25000 301.572 -14649.4 -7.63673
26000 299.183 -14654 3.18621
27000 299.638 -14687.1 3.44581
28000 300.329 -14637.7 4.33762
29000 299.81 -14668.7 -2.71106
30000 298.818 -14663.6 18.8276
31000 299.709 -14569.2 2.48063
32000 299.864 -14618.7 -2.69181
33000 299.624 -14681.9 -4.58596
34000 299.493 -14629.6 5.15726
35000 298.773 -14679 -3.07525
36000 299.336 -14676.3 5.55262
37000 300.288 -14665.7 -0.823598
38000 299.985 -14619.8 -3.28249
39000 301.055 -14617.6 4.06726
40000 301.656 -14595.2 -7.16733
41000 298.561 -14690 6.85993
42000 300.849 -14646.2 -4.88046
43000 299.569 -14672.3 8.38902
44000 299.963 -14623.9 1.62143
45000 298.952 -14674.9 2.69292
46000 299.389 -14649.4 -6.24228
47000 298.88 -14609.9 3.12091
48000 301.188 -14658.1 -11.6515
49000 300.016 -14668.5 0.26815
50000 299.584 -14667.8 10.038
51000 298.429 -14672.9 5.06513
52000 299.741 -14645.2 10.6532
53000 299.673 -14661.1 -12.0887
54000 298.377 -14675.8 1.36795
55000 298.28 -14710.2 10.8251
56000 300.171 -14620.5 8.69819
57000 298.839 -14696.6 -1.53425
58000 299.788 -14640.2 0.280786
59000 300.07 -14633.3 0.831569
60000 300.613 -14635.6 11.3706
61000 299.057 -14694.6 0.369231
62000 299.945 -14651.6 3.59593
63000 299.501 -14634.6 11.6127
64000 299.584 -14619.1 -4.72838
65000 301.403 -14607.7 1.60026
66000 299.963 -14688.6 -1.86189
67000 301.162 -14661 5.5364
68000 300.824 -14670.4 1.62368
69000 300.929 -14613 -1.1351
70000 301.105 -14624.6 -9.04508
71000 300.508 -14662.9 2.51673
72000 298.988 -14693.2 -9.06695
73000 300.109 -14645 6.68134
74000 298.863 -14714.6 -2.25908
75000 299.948 -14706.1 3.57075
76000 301.445 -14650.5 -0.807647
77000 298.629 -14697.2 -6.51845
78000 298.216 -14676 2.90668
79000 299.758 -14610.9 10.2215
80000 299.61 -14673.6 -8.31562
81000 300.86 -14623.5 5.61045
82000 299.294 -14641.3 1.78751
83000 299.511 -14658.6 -1.07615
84000 298.85 -14699.5 -2.34038
85000 299.915 -14684.5 2.56951
86000 300.987 -14624.1 -4.60543
87000 297.741 -14689.9 10.9125
88000 299.326 -14663.9 -4.4816
89000 299.528 -14630.3 8.49352
90000 301.25 -14639.6 -4.70413
91000 299.015 -14682.6 7.09482
92000 298.776 -14707.7 4.91262
93000 301.221 -14637.9 3.47839
94000 298.996 -14662.7 -0.375832
95000 300.759 -14646.2 1.4011
96000 301.23 -14629.6 -2.55705
97000 298.131 -14678.6 -1.46304
98000 299.543 -14671.5 -7.52447
99000 299.464 -14674.9 3.44756
100000 299.854 -14630.5 7.36122
101000 298.631 -14659 -2.19377
102000 300.186 -14593.6 -6.19685
103000 300.032 -14632.1 12.7569
104000 300.295 -14639.6 -0.567611
105000 299.19 -14669.6 -3.91603
106000 299.821 -14656 0.487703
107000 299.094 -14622.3 0.474917
108000 300.531 -14581.8 1.21767
109000 299.781 -14652.3 -1.09286
110000 296.406 -14690.9 11.404
111000 298.524 -14719.4 -9.11321
112000 299.76 -14646.5 11.0946
113000 299.575 -14666.3 -6.10773
114000 298.752 -14681.7 5.45806
115000 300.85 -14667.8 0.17709
116000 301.555 -14610.7 -4.23632
117000 300.357 -14632.7 -3.03045
118000 299.19 -14680.7 2.04333
119000 298.79 -14640.9 2.04171
120000 300.157 -14714.5 0.723309
121000 299.965 -14645.2 5.74888
122000 300.766 -14659.6 -10.12
123000 301.102 -14635.7 0.429299
124000 298.966 -14653.8 6.15173
125000 302.837 -14547 -0.74577
126000 300.157 -14628.4 0.159595
127000 301.339 -14698.5 -4.5995
128000 297.852 -14747.5 -2.70308
129000 301.133 -14612 8.18483
130000 299.039 -14651.8 7.3046
131000 300.554 -14685.1 -2.14958
132000 298.02 -14706.4 4.15857
133000 298.983 -14665.3 -11.4249
134000 301.144 -14650.5 2.74474
135000 298.319 -14678.6 -2.96612
136000 300.14 -14671.3 11.9019
137000 301.378 -14608.3 -10.1784
138000 300.563 -14621.7 5.48599
139000 301.069 -14655 2.3546
140000 299.38 -14631.6 -6.41781
141000 298.743 -14685.9 0.0382097
142000 299.969 -14649.2 1.76678
143000 299.322 -14709.5 7.47266
144000 299.726 -14687.7 5.06005
145000 299.304 -14660.2 6.46324
146000 299.925 -14659.7 13.3475
147000 299.19 -14651 -7.00708
148000 298.611 -14685.1 2.05436
149000 299.579 -14634.7 -12.5003
150000 299.939 -14649 16.6562
151000 297.81 -14692.3 -3.46035
152000 299.366 -14711.3 0.489829
153000 300.78 -14667.9 -3.89456
154000 300.608 -14715.9 -7.72205
155000 301.56 -14599.2 1.17364
156000 300 -14617.7 -4.41128
157000 300.61 -14611.8 7.16224
158000 300.609 -14615.3 6.35917
159000 300.401 -14602.3 -3.26803
160000 300.947 -14596.6 -6.97686
161000 299.136 -14652.5 9.04646
162000 299.338 -14652 -10.5552
163000 300.626 -14624 8.50756
164000 300.359 -14630.3 -12.0193
165000 300.026 -14670.8 0.238127
166000 301.543 -14636.2 -7.49566
167000 300.198 -14662.4 -8.9084
168000 301.085 -14603.9 10.874
169000 299.527 -14658.2 1.45863
170000 301.089 -14620.3 5.12889
171000 300.074 -14641.7 -11.975
172000 301.223 -14597.3 2.8328
173000 298.625 -14655.6 4.19973
174000 300.489 -14628.3 2.30659
175000 299.248 -14589 -3.53827
176000 298.116 -14664 12.495
177000 300.307 -14659.9 -17.5823
178000 299.826 -14627 7.36234
179000 299.294 -14683.7 -0.320151
180000 299.485 -14665.7 4.55773
181000 298.04 -14686.1 12.5141
182000 299.416 -14736.7 -12.125
183000 299.726 -14689.9 -6.35261
184000 299.854 -14675.1 3.20412
185000 300.145 -14676.9 8.31726
186000 300.663 -14645.5 -6.66161
187000 300.109 -14676.1 4.20544
188000 300.147 -14626.8 -5.15873
189000 301.935 -14603.5 -8.80632
190000 299.89 -14568.6 0.281819
191000 301.766 -14610.1 -9.77085
192000 300.228 -14579 4.78396
193000 301.008 -14655 -0.850018
194000 300.61 -14662.7 2.77117
195000 300.344 -14657.3 2.1184
196000 299.234 -14668.3 8.0451
197000 299.666 -14676.3 -8.73411
198000 300.629 -14602.6 12.7942
199000 301.053 -14697.2 -12.1955
200000 299.258 -14652.5 13.7279
201000 298.51 -14696.9 -1.42904
202000 300.03 -14662.2 -0.72726
203000 299.832 -14651.4 -2.99471
204000 299.542 -14670.3 12.9203
205000 300.15 -14625.3 7.3924
206000 298.68 -14650.4 -9.43118
207000 300.38 -14643 1.6181
208000 299.865 -14653.5 1.60631
209000 299.131 -14648.1 0.570146
210000 300.637 -14618.5 10.5754
211000 302.577 -14640.7 -6.76629
212000 299.73 -14662.5 4.57076
213000 300.095 -14606.3 -6.91575
214000 301.901 -14586.2 3.21277
215000 299.339 -14625.4 -2.82546
216000 299.368 -14614.3 0.795653
217000 299.893 -14641.3 10.7654
218000 299.256 -14655.9 -6.74168
219000 300.768 -14658.3 -0.404019
220000 299.132 -14655.1 -0.241304
221000 299.456 -14637.5 9.79698
222000 300.223 -14627.3 1.74864
223000 298.475 -14674.5 -5.22539
224000 299.409 -14653.9 6.59857
225000 301.995 -14642.8 -4.70851
226000 299.44 -14694.4 6.65741
227000 300.949 -14648.9 -5.53967
228000 301.17 -14648 1.70202
229000 300.417 -14616.4 5.64475
230000 298.962 -14674.2 5.82444
231000 299.536 -14632 10.9625
232000 297.164 -14696.9 -0.348583
233000 301.149 -14668.3 6.26399
234000 299.428 -14614.8 0.58222
235000 300.083 -14654.2 -2.9614
236000 300.244 -14649.7 14.4566
237000 300.832 -14686.2 -3.77229
238000 299.082 -14625.9 19.0648
239000 299.804 -14646 -3.88366
240000 300.385 -14668 11.3075
241000 297.701 -14703.9 2.40329
242000 300.281 -14710.5 0.276068
243000 300.12 -14666.9 3.16195
244000 299.91 -14624.5 0.496387
245000 298.038 -14680.4 2.99536
246000 299.462 -14662.1 4.08439
247000 299.316 -14671.3 1.97304
248000 298.968 -14680.8 5.18582
249000 299.05 -14676 4.87915
250000 298.828 -14633.8 -14.6992
251000 297.802 -14706 7.44919
252000 299.61 -14707.9 8.33635
253000 300.936 -14653.9 1.42862
254000 301.532 -14621.5 1.40517
255000 299.378 -14650.7 8.01968
256000 298.478 -14693.8 6.29381
257000 299.307 -14636.2 13.2659
258000 301.53 -14609.1 4.17466
259000 298.996 -14622.6 0.159191
260000 300.597 -14622.1 1.1313
261000 300.601 -14648.8 2.01842
262000 299.974 -14663.8 0.112156
263000 301.691 -14620.4 5.272
264000 298.287 -14666.3 0.131833
265000 300.102 -14641.1 2.78266
266000 299.781 -14643.6 -2.9792
267000 300.665 -14618.4 10.6188
268000 299.037 -14701.2 -0.299516
269000 296.502 -14721.5 1.54974
270000 299.882 -14631.4 -0.255041
271000 300.168 -14656.1 1.24699
272000 302.733 -14595.2 0.359615
273000 299.896 -14622 13.3419
274000 301.127 -14645 -9.25593
275000 298.721 -14677.6 2.91619
276000 300.722 -14633.9 6.46274
277000 301.442 -14630.8 -5.52805
278000 299.222 -14747.4 6.75829
279000 300.345 -14629.1 -3.59598
280000 299.774 -14661.1 -2.19025
281000 300.867 -14683.7 -4.45141
282000 299.558 -14723.4 2.40467
283000 300.77 -14696.3 9.14387
284000 300.497 -14626.4 -0.178202
285000 298.87 -14673.9 2.34905
286000 302.481 -14649.3 -17.5486
287000 301.644 -14636 -5.99356
288000 300.01 -14659.5 9.87818
289000 298.922 -14728.2 8.87742
290000 299.932 -14697.6 -1.01477
291000 300.4 -14640.7 -13.3531
292000 299.394 -14675.2 6.1712
293000 301.499 -14674.7 0.268777
294000 299.941 -14684 0.0566402
295000 301.01 -14662.6 3.65244
296000 300.602 -14663.9 4.12575
297000 298.764 -14669.9 -6.32862
298000 300.056 -14645.7 4.74237
299000 302.826 -14658.8 -3.56554
300000 298.302 -14664 5.65188
301000 299.365 -14664.7 -3.07551
302000 300.071 -14643.7 4.56455
303000 300.731 -14653.6 -2.04518
304000 300.972 -14647.8 8.08575
305000 299.682 -14644.2 3.06656
306000 301.106 -14626.1 3.55676
307000 300.588 -14624.6 -11.9689
308000 302.637 -14607.9 7.82607
309000 299.665 -14625.5 2.14688
310000 299.489 -14643.6 -8.39068
311000 301.37 -14603.8 11.3489
312000 301.179 -14637.2 5.10087
313000 301.051 -14659.4 -15.6754
314000 299.054 -14657.8 10.6686
315000 300.22 -14665 9.97051
316000 300.23 -14657 -4.22029
317000 297.909 -14690.9 -3.23632
318000 299.447 -14714.2 13.0726
319000 300.758 -14665.5 -6.25292
320000 299.916 -14620.8 -0.283049
321000 299.529 -14624.8 -2.97819
322000 299.785 -14681.7 -7.73095
323000 299.691 -14665.3 9.20628
324000 299.318 -14660.4 0.410453
325000 298.518 -14664.4 4.38329
326000 299.743 -14682.8 15.727
327000 299.006 -14673 -3.30425
328000 299.734 -14645.9 -2.62731
329000 299.297 -14613.2 6.24223
330000 300.406 -14646.9 -0.73579
331000 299.525 -14686.6 -0.745915
332000 298.848 -14650.6 -3.15223
333000 299.161 -14706.1 -2.37605
334000 299.12 -14684.8 -2.43269
335000 299.304 -14661.2 12.1376
336000 301.269 -14631.1 -0.484394
337000 299.704 -14661 11.4009
338000 302.514 -14625.3 -7.3519
339000 301.457 -14636.8 -6.75876
340000 299.128 -14646.2 3.43701
341000 299.178 -14665.2 -15.718
342000 300.261 -14696.4 10.2708
343000 300.668 -14680.4 1.85567
344000 301.157 -14635.2 -0.359065
345000 299.734 -14671.6 -2.13437
346000 301.061 -14591.5 2.81828
347000 300.455 -14629.4 3.52938
348000 298.75 -14675.5 13.2287
349000 298.339 -14673.2 -2.02846
350000 300.926 -14618.8 3.808
351000 301.185 -14540.1 3.78875
352000 300.828 -14606.2 0.502276
353000 299.894 -14617.4 8.96298
354000 299.708 -14643.3 -13.0072
355000 301.186 -14662.9 4.86123
356000 300.341 -14646.7 3.99464
357000 301.296 -14621.7 7.27754
358000 299.524 -14663.6 2.51426
359000 301.433 -14613.8 -3.01768
360000 298.528 -14665 3.08641
361000 299.807 -14660 5.0601
362000 299.88 -14621.3 5.85027
363000 299.063 -14653 13.5926
364000 301.236 -14630 -3.77839
365000 300.906 -14595.3 3.64037
366000 299.597 -14658.3 -5.88774
367000 300.085 -14692.8 4.53886
368000 300.454 -14635.6 12.4381
369000 299.159 -14673.9 -8.64788
370000 299.216 -14621.9 12.1495
371000 300.477 -14608.4 -0.651683
372000 299.377 -14653.1 12.8453
373000 299.707 -14691.8 -8.66688
374000 298.684 -14667.1 -6.94182
375000 300.727 -14672.2 -1.48777
376000 300.184 -14677.5 -1.68924
377000 299.474 -14606.8 -3.31132
378000 301.045 -14605.7 3.64657
379000 301.627 -14657.9 -2.55879
380000 302.163 -14631.8 8.64363
381000 298.194 -14698.6 2.73621
382000 299.735 -14677.1 -5.35622
383000 298.391 -14666.7 -3.32746
384000 300.441 -14589 7.64359
385000 300.128 -14627.2 -1.25674
386000 301.066 -14576.1 -5.97205
387000 299.596 -14708 10.7366
388000 299.161 -14709.4 -6.70355
389000 300.821 -14635.8 2.34124
390000 298.326 -14725.6 7.56129
391000 298.064 -14706.6 -13.5896
392000 298.947 -14672.4 2.19813
393000 300.653 -14663 14.8986
394000 297.913 -14737 -1.10873
395000 299.506 -14701.3 6.026
396000 298.875 -14685.5 -0.128589
397000 298.981 -14674.6 -2.45618
398000 300.551 -14652.9 3.03411
399000 301.635 -14654.4 3.09158
400000 299.283 -14671.6 1.79248
401000 299.628 -14662.5 1.6302
402000 299.148 -14647.7 14.9678
403000 299.202 -14673.7 -8.48307
404000 301.022 -14621.4 -5.10868
405000 300.895 -14609 -5.65018
406000 300.178 -14584.1 4.28307
407000 300.354 -14639 -13.123
408000 299.81 -14653 8.42669
409000 300.077 -14653 -6.05687
410000 298.083 -14672.7 3.35558
411000 300.091 -14683.2 -10.9719
412000 299.554 -14682.7 9.9365
413000 299.344 -14643.5 -1.87422
414000 299.916 -14649.3 -4.20839
415000 299.959 -14660.7 -0.568267
416000 299.306 -14717 3.2221
417000 299.474 -14713 0.630943
418000 299.645 -14657.3 1.35414
419000 299.964 -14651.2 8.27292
420000 301.736 -14655.2 -0.148641
421000 301.714 -14618.6 -3.93763
422000 300.74 -14630.5 2.28676
423000 299.113 -14638.4 8.4467
424000 299.477 -14592.8 -1.87491
425000 300.476 -14569.5 9.2678
426000 299.606 -14645.7 -1.60962
427000 298.855 -14664.6 6.51208
428000 299.93 -14690.6 -3.71139
429000 300.309 -14664.8 -3.20005
430000 300.704 -14651.9 -8.8265
431000 299.587 -14670.8 11.7499
432000 300.893 -14623.9 -13.1899
433000 299.367 -14671.5 16.6091
434000 299.839 -14686.5 -4.61591
435000 299.7 -14696.4 2.39877
436000 298.869 -14636.8 -1.15641
437000 301.576 -14651.2 -8.11382
438000 298.574 -14692.3 5.92874
439000 298.797 -14677.2 2.51931
440000 301.171 -14677.8 0.973632
441000 299.439 -14667.1 -1.98374
442000 298.105 -14713.2 6.42399
443000 300.411 -14658.3 -3.30335
444000 299.539 -14647.1 8.48828
445000 300.427 -14644.2 -4.61189
446000 299.695 -14661.9 4.3393
447000 302.493 -14630.8 -5.317
448000 300.169 -14616.7 -1.35102
449000 298.023 -14689.7 -1.31254
450000 299.263 -14707.3 -8.29436
451000 301.381 -14638.8 16.0319
452000 299.33 -14634.2 -12.4058
453000 300.16 -14628.8 8.82263
454000 301.76 -14657.3 1.49255
455000 299.579 -14699.1 -2.76951
456000 301.466 -14677.2 8.36824
457000 298.428 -14676.5 -9.15871
458000 299.751 -14623.8 0.100562
459000 301.004 -14632 -0.755866
460000 300.98 -14641.7 -2.98749
461000 300.481 -14628.5 8.58847
462000 301.556 -14672.3 -8.84529
463000 301.197 -14653.4 5.9119
464000 298.754 -14614.8 8.21706
465000 299.089 -14613.2 0.870252
466000 300.719 -14660.6 9.1614
467000 300.087 -14665.9 2.27832
468000 300.595 -14679.7 10.8681
469000 297.729 -14660.3 1.66793
470000 300.319 -14624.5 -6.08259
471000 299.172 -14654.5 5.38865
472000 299.293 -14648.3 1.08398
473000 301.943 -14647.5 -0.633741
474000 298.639 -14710.8 6.32869
475000 298.967 -14648.6 6.97646
476000 299.37 -14661.3 3.71068
477000 299.823 -14688.2 -5.67889
478000 300.622 -14649.8 0.247294
479000 299.215 -14658 -4.71715
480000 300.176 -14627.9 -4.96453
481000 298.296 -14667.3 1.98209
482000 301.004 -14621.2 12.3632
483000 298.93 -14647.4 -4.76575
484000 299.35 -14632.6 8.02018
485000 300.118 -14689.4 -1.51245
486000 299.071 -14626.4 -1.0312
487000 301.967 -14619.4 -0.378632
488000 299.924 -14653.3 -3.2836
489000 300.703 -14647.3 -1.57312
490000 300.035 -14677.8 3.13385
491000 299.855 -14626.2 0.124721
492000 299.655 -14631 4.34882
493000 300.56 -14654.6 0.376539
494000 298.61 -14696.6 -6.82869
495000 299.073 -14673.7 1.14171
496000 298.005 -14704.7 15.1811
497000 300.182 -14673.1 -5.3893
498000 300.546 -14628.5 3.9505
499000 298.186 -14646.5 -4.37999
500000 301.841 -14632.3 -0.614081
501000 298.565 -14634.2 6.19906
502000 299.399 -14633.8 2.10321
503000 302.374 -14560.7 2.23922
504000 300.086 -14635.7 -1.45203
505000 299.796 -14630.5 -0.488157
506000 298.536 -14658.9 -3.49972
507000 300.046 -14658.1 11.5009
508000 299.26 -14628.6 -9.61096
509000 300.505 -14652.7 1.13252
510000 299.572 -14662.4 -9.86151
511000 300.758 -14686.3 0.531888
512000 300.336 -14653.9 -2.87541
513000 299.852 -14686.4 -3.12961
514000 302.696 -14638.2 6.40262
515000 299.657 -14665.3 -7.19713
516000 299.909 -14641.1 -0.188087
517000 301.736 -14658.8 4.28475
518000 299.196 -14674.1 -10.6527
519000 299.479 -14660.9 1.24609
520000 299.731 -14667.4 8.64427
521000 301.812 -14603.5 2.37242
522000 300.016 -14651.5 -2.26524
523000 299.423 -14665.1 0.558143
524000 300.469 -14683.6 2.5364
525000 299.629 -14607.8 -5.33236
526000 298.409 -14691.8 -5.76917
527000 300.928 -14635.9 16.797
528000 298.407 -14636.3 -8.01296
529000 299.372 -14616.3 -0.500621
530000 299.428 -14638.1 -0.0146952
531000 298.979 -14645.6 0.637445
532000 301.082 -14626.4 -6.99711
533000 297.654 -14675.6 16.0361
534000 301.528 -14648.3 -8.77118
535000 300.498 -14655 2.0349
536000 297.698 -14689.7 1.15205
537000 298.943 -14719 1.28238
538000 301.679 -14629.2 -4.59008
539000 300.18 -14669.1 9.60515
540000 299.954 -14657.2 -2.48782
541000 299.73 -14605.4 -7.01238
542000 300.61 -14663.6 1.25965
543000 299.835 -14662 -10.8796
544000 298.983 -14656.4 0.968714
545000 299.092 -14660.3 10.6401
546000 299.609 -14638.5 -0.12032
547000 297.943 -14705.4 -4.79227
548000 300.521 -14716.3 0.461773
549000 298.996 -14672.9 10.3196
550000 299.478 -14666.4 8.22249
551000 300.075 -14670.2 1.78976
552000 301.736 -14626 4.77424
553000 300.81 -14668 -10.9279
554000 299.365 -14620.7 16.7693
555000 300.606 -14638.8 -7.05763
556000 300.352 -14597 13.1491
557000 299.145 -14625.8 -1.66064
558000 299.507 -14664.9 0.968995
559000 300.351 -14646.2 0.555098
560000 301.106 -14565.5 -4.05417
561000 300.359 -14640 -4.52315
562000 301.157 -14613.1 -1.71912
563000 299.429 -14630.7 8.40334
564000 299.436 -14695.6 4.73701
565000 299.851 -14668.8 1.64021
566000 299.551 -14702.5 10.6654
567000 301.279 -14622 -8.40856
568000 299.835 -14639.7 8.90142
569000 299.297 -14689.8 -4.24155
570000 300.764 -14652.5 10.3179
571000 300.182 -14659.3 -9.28903
572000 301.272 -14629.7 10.0919
573000 300.414 -14681.8 0.769085
574000 298.532 -14670.5 14.6562
575000 300.811 -14689.7 -3.22267
576000 300.434 -14671.7 6.55437
577000 301.566 -14688.8 2.57197
578000 297.88 -14726.6 -0.732539
579000 301.533 -14600.1 -6.66808
580000 300.015 -14661.5 0.33799
581000 301.351 -14597.9 1.09035
582000 298.383 -14638.6 -0.721188
583000 302.609 -14555.6 -2.18383
584000 299.628 -14661.8 2.96742
585000 298.778 -14681.6 -4.22343
586000 300.116 -14624.3 10.6327
587000 299.751 -14694.2 0.119484
588000 297.961 -14692.6 1.16803
589000 299.268 -14640.3 -0.410054
590000 298.537 -14707.2 10.8698
591000 300.063 -14700.1 -9.46772
592000 299.403 -14650.6 1.13705
593000 299.803 -14622.9 6.40496
594000 300.077 -14595.6 -0.210496
595000 299.982 -14645.3 3.98944
596000 299.924 -14679.3 -4.86172
597000 300.062 -14650 -2.35261
598000 299.76 -14646.4 8.09541
599000 300.784 -14620.6 -4.83369
600000 301.007 -14594.2 -8.98197
601000 300.557 -14602.5 6.30123
602000 299.421 -14631.6 -4.36014
603000 300.703 -14629.2 -9.26796
604000 301.076 -14637.1 8.94475
605000 300.039 -14667 7.87277
606000 299.814 -14673.2 3.48776
607000 300.006 -14609.5 -9.53265
608000 299.197 -14650.6 15.2317
609000 301.239 -14642.6 -6.61008
610000 298.983 -14658.3 -2.58733
611000 298.78 -14664.4 10.8107
612000 300.452 -14611.9 -3.18801
613000 298.849 -14678 3.84418
614000 300.761 -14613.8 -1.48354
615000 302.078 -14584.6 -0.556683
616000 299.412 -14636.9 12.7694
617000 298.431 -14651.7 -7.8219
618000 299.258 -14653.4 4.54728
619000 298.743 -14657.6 4.18817
620000 299.675 -14641 -2.83172
621000 300.833 -14634.9 -2.07854
622000 298.871 -14657.6 11.5546
623000 298.347 -14722.7 6.5517
624000 298.916 -14731.5 -2.6478
625000 298.502 -14674.1 -6.94417
626000 298.605 -14719.9 1.39312
627000 299.952 -14648 -4.14251
628000 298.713 -14704.4 -6.28145
629000 299.025 -14690.2 6.29658
630000 299.576 -14703.5 -3.15626
631000 301.382 -14616.6 0.846754
632000 299.936 -14600.4 -2.13328
633000 299.159 -14648.8 -1.38975
634000 300.371 -14630.4 6.7251
635000 301.165 -14625.8 -6.61547
636000 300.586 -14626.5 -0.660709
637000 301.052 -14626.4 7.22368
638000 299.542 -14674 0.359782
639000 300.171 -14652.7 1.9426
640000 299.187 -14666.2 10.97
641000 297.866 -14681.2 -2.03307
642000 302.123 -14633.8 2.10781
643000 300.266 -14629.3 3.19022
644000 300.685 -14634.2 -9.20992
645000 300.026 -14601.3 -0.568111
646000 299.563 -14616.2 -1.49868
647000 298.43 -14634.1 3.32564
648000 300.773 -14621.4 13.4122
649000 300.342 -14618 -0.467597
650000 300.194 -14637.5 -4.86837
651000 298.357 -14664.3 7.11756
652000 299.779 -14679.6 4.61348
653000 298.805 -14665.5 -6.71344
654000 300.601 -14668.1 -4.22156
655000 299.873 -14610.2 18.8655
656000 298.346 -14619.2 0.718319
657000 300.191 -14642 -5.82788
658000 299.006 -14618.1 4.18922
659000 298.949 -14640.6 8.39132
660000 300.691 -14681.2 -8.65617
661000 298.503 -14679 -8.79797
662000 301.419 -14636.4 -3.67384
663000 298.932 -14667.3 7.43991
664000 300.11 -14675.8 -4.28249
665000 300.671 -14660.5 -15.3431
666000 297.685 -14637.2 6.5036
667000 300.746 -14626.5 -6.81285
668000 299.734 -14662 1.50355
669000 301.466 -14636 7.68413
670000 298.555 -14656.7 -10.104
671000 298.789 -14667.5 4.47841
672000 300.74 -14590.7 -0.707204
673000 300.779 -14645.3 -3.9209
674000 299.913 -14680 -2.10494
675000 300.63 -14631.4 -5.52353
676000 300.028 -14622.3 6.54741
677000 299.685 -14652.3 2.21596
678000 300.071 -14603.2 1.37751
679000 299.682 -14649.5 -0.223115
680000 298.474 -14656.5 11.7789
681000 298.874 -14623.5 2.24114
682000 300.615 -14613.3 -13.3303
683000 299.567 -14665.1 -4.66503
684000 300.236 -14643.2 3.82719
685000 300.63 -14652.7 5.0562
686000 299.508 -14678.2 1.39446
687000 300.075 -14646.3 0.515257
688000 302.031 -14648.3 1.44684
689000 300.233 -14674.7 -7.86118
690000 299.573 -14637.5 7.92206
691000 298.151 -14691 12.1837
692000 300.179 -14652.4 -4.27163
693000 300.371 -14638.4 4.49285
694000 298.665 -14705.4 -0.436635
695000 300.346 -14661.7 3.45674
696000 299.721 -14621.5 0.782623
697000 299.691 -14663.3 -0.978042
698000 300.136 -14651.3 -7.08869
699000 298.221 -14671.4 0.00792574
700000 301.621 -14660.2 -6.59574
701000 300.303 -14663.5 11.8246
702000 298.687 -14674 6.11622
703000 302.356 -14608.2 -6.67978
704000 301.643 -14624.4 -8.22374
705000 299.087 -14628.8 7.45425
706000 299.926 -14630.5 5.30256
707000 300.579 -14630.7 -1.07741
708000 298.42 -14650.8 13.4137
709000 299.939 -14633.7 -1.20359
710000 299.761 -14639.4 11.7736
711000 300.503 -14637.4 0.618986
712000 301.101 -14664.7 -0.201611
713000 299.671 -14677.6 -3.10695
714000 298.516 -14705.6 14.3733
715000 300.055 -14687.6 3.78433
716000 298.551 -14685.4 -2.86676
717000 299.623 -14648.7 -3.50873
718000 301.314 -14599.7 0.134322
719000 299.302 -14661.8 2.15619
720000 299.717 -14660.2 -0.189073
721000 299.979 -14608.9 12.0494
722000 300.275 -14606.1 12.0099
723000 300.026 -14667.5 -4.06977
724000 300.682 -14643.4 1.25902
725000 299.765 -14633.1 -2.90469
726000 299.903 -14633.7 -8.55256
727000 299.227 -14613.2 7.35586
728000 299.107 -14698.2 9.06625
729000 300.459 -14618.9 -2.68515
730000 299.647 -14653.8 14.9564
731000 299.151 -14684.2 3.25277
732000 297.89 -14701.3 -1.47007
733000 299.637 -14658.4 7.66953
734000 300.795 -14627.8 1.49841
735000 300.394 -14631.2 2.60161
736000 300.265 -14649.3 -2.48923
737000 299.486 -14683.8 1.85189
738000 301.012 -14639 -2.49784
739000 298.812 -14676 10.8491
740000 299.752 -14648.7 -12.6766
741000 297.784 -14677.9 -0.440065
742000 301.726 -14580.8 10.2288
743000 300.001 -14607.8 -4.94089
744000 299.461 -14675 10.4763
745000 299.314 -14643.8 -8.37913
746000 299.606 -14629.6 7.83476
747000 298.486 -14650.1 2.65134
748000 299.218 -14655.6 7.21121
749000 301.774 -14603.8 -8.56043
750000 297.933 -14670.4 -1.30617
751000 301.36 -14653.4 3.65706
752000 299.773 -14648.8 0.680793
753000 300.425 -14601.1 3.1474
754000 300.072 -14627.8 5.66743
755000 301.696 -14603.5 -8.64535
756000 300.613 -14619.5 8.47134
757000 298.46 -14647.6 6.62525
758000 300.367 -14655 -12.9051
759000 297.86 -14738 2.57292
760000 302.103 -14602.2 -7.30407
761000 300.824 -14661.7 -9.38038
762000 299.192 -14611.2 12.6408
763000 299.155 -14689.5 5.64656
764000 300.208 -14696.9 -3.28548
765000 297.679 -14707.4 -4.9134
766000 299.354 -14699.7 -0.954373
767000 299.931 -14644.9 23.4262
768000 297.95 -14681.7 -8.10043
769000 300.319 -14672 13.7092
770000 299.252 -14656.7 -10.3292
771000 299.776 -14662.1 -10.4398
772000 301.1 -14591.1 6.80324
773000 300.888 -14627.2 -2.31834
774000 300.135 -14621.8 4.62478
775000 300.341 -14642.4 2.41158
776000 299.554 -14654 8.47815
777000 299.407 -14676.5 -3.57085
778000 300.413 -14678.8 1.33934
779000 299.958 -14675.5 3.4207
780000 299.044 -14633.7 -6.10554
781000 302.098 -14607.6 2.79468
782000 300.401 -14614.9 -7.90889
783000 300.239 -14652.5 0.781558
784000 299.517 -14694.5 -5.32961
785000 301.643 -14637.8 9.51422
786000 299.481 -14666.8 -13.7304
787000 300.991 -14657.6 5.32193
788000 301.329 -14628.2 -3.68829
789000 300.309 -14656.4 7.34522
790000 298.914 -14621.3 3.37736
791000 300.26 -14598.1 -3.34808
792000 299.97 -14621.3 12.1813
793000 300.331 -14592 -8.06992
794000 301.285 -14668 -4.31924
795000 298.971 -14636.8 12.01
796000 301.056 -14622 -1.62187
797000 301.759 -14651.1 -6.06861
798000 300.025 -14643 -0.0550667
799000 301.233 -14668.9 6.24808
800000 301.49 -14621.6 -1.11966
801000 300.484 -14648 -0.802093
802000 300.493 -14672.2 3.36596
803000 298.814 -14705.6 0.824235
804000 300.76 -14648.6 1.42508
805000 300.584 -14647.2 -10.3154
806000 300.252 -14644.2 9.81459
807000 299.466 -14654 0.854273
808000 301.11 -14605.5 -6.63628
809000 300.08 -14672.1 8.52246
810000 301.261 -14654.5 -7.63316
811000 301.261 -14644.1 -6.2025
812000 301.487 -14605.2 -1.48172
813000 299.264 -14633.6 -0.667485
814000 298.883 -14637 -0.766087
815000 298.427 -14676 0.256295
816000 300.023 -14670.8 10.541
817000 299.195 -14663.4 2.86013
818000 299.1 -14697 0.692035
819000 299.48 -14694.9 -3.40564
820000 297.875 -14666.4 -2.97129
821000 300.954 -14590.3 -4.60186
822000 300.648 -14606.9 8.39344
823000 299.002 -14653.4 5.01961
824000 299.475 -14678.7 -1.83762
825000 300.688 -14634.5 0.771371
826000 301.409 -14609.9 9.21154
827000 300.249 -14626.4 1.52917
828000 301.434 -14655 2.09318
829000 299.662 -14649.4 -9.12652
830000 300.417 -14626 5.48903
831000 301.38 -14607.4 1.41562
832000 298.663 -14683.8 2.18265
833000 299.919 -14680.3 6.82046
834000 299.612 -14670.3 -4.61909
835000 298.822 -14678.4 -0.0598523
836000 300.954 -14605.1 -10.7623
837000 298.431 -14647.4 6.37556
838000 299.134 -14650.7 4.35287
839000 300.885 -14613.1 4.62304
840000 299.603 -14634.4 -8.97462
841000 300.615 -14624.8 13.8047
842000 299.54 -14663.4 -0.0341931
843000 300.57 -14639.9 2.95683
844000 300.11 -14663.9 -4.6484
845000 300.556 -14661.6 1.38112
846000 300.012 -14638.6 3.75206
847000 300.723 -14625.9 1.82864
848000 302.022 -14583.3 4.35272
849000 301.48 -14588.7 -4.9075
850000 298.79 -14652.3 -8.01975
851000 298.053 -14705.8 9.11375
852000 300.308 -14614.5 6.74604
853000 299.934 -14679.1 -1.25396
854000 299.907 -14664.1 4.88184
855000 299.248 -14728.5 1.09171
856000 299.728 -14691.8 7.52097
857000 299.866 -14647.4 1.88974
858000 301.664 -14660.9 2.94661
859000 298.043 -14645.6 1.2878
860000 300.437 -14604.4 -3.31249
861000 300.499 -14626.7 -3.52986
862000 299.569 -14638.4 0.531838
863000 302.33 -14608.7 7.09193
864000 298.742 -14701.2 7.48512
865000 300.487 -14720.5 -4.96266
866000 298.327 -14706.3 -0.337776
867000 299.817 -14682 -8.48074
868000 299.533 -14702.3 -3.02882
869000 301.194 -14652.4 3.95527
870000 301.693 -14601.5 -5.08864
871000 296.9 -14724.1 3.20674
872000 300.944 -14631.7 -3.93513
873000 299.688 -14678.3 1.01903
874000 300.758 -14605.8 -0.492276
875000 299.297 -14657.1 8.12124
876000 300.298 -14664.4 -2.43828
877000 299.884 -14627.9 -5.85271
878000 302.018 -14610.2 1.59727
879000 302.418 -14591.2 2.65013
880000 300.251 -14665.1 18.4195
881000 300.475 -14613.3 -7.18058
882000 300.76 -14623.6 1.23853
883000 300.441 -14658.2 -2.51305
884000 297.714 -14658.7 13.8855
885000 299.714 -14624.9 -4.01378
886000 298.748 -14665.3 6.85923
887000 300.498 -14651.1 -1.10911
888000 300.565 -14649.1 -0.98401
889000 300.073 -14619.6 -5.25282
890000 301.583 -14646 0.583291
891000 300.403 -14624.4 7.071
892000 300.299 -14610.7 1.36387
893000 300.856 -14617.4 -5.11213
894000 300.699 -14657.8 0.402135
895000 300.593 -14628.6 3.7424
896000 299.476 -14673.2 4.56345
897000 300.1 -14637.8 0.527013
898000 301.155 -14612.8 2.70137
899000 300.997 -14611.5 -1.4266
900000 298.734 -14730.4 3.10418
901000 300.186 -14650.7 -6.00934
902000 300.602 -14665.7 -9.90263
903000 300.767 -14626.4 2.25414
904000 297.608 -14696.5 -2.07774
905000 299.461 -14635.7 11.8927
906000 300.466 -14603.6 4.80287
907000 301.461 -14605 -11.1586
908000 300.407 -14652.6 -2.46436
909000 300.02 -14676.6 -5.56203
910000 299.3 -14647.5 1.41701
911000 300.426 -14644.8 -1.45839
912000 299.666 -14696.7 7.67965
913000 298.152 -14661.5 -6.77744
914000 302.47 -14571.2 -6.66577
915000 300.595 -14595.8 16.4054
916000 300.857 -14633.2 -1.17585
917000 299.289 -14660.8 7.33746
918000 300.069 -14683.5 2.38668
919000 302.471 -14644 -13.8383
920000 298.971 -14662.7 7.96215
921000 300.397 -14637.6 7.81373
922000 300.757 -14542.2 -3.01649
923000 298.894 -14623.6 4.97603
924000 297.629 -14715.1 -3.93382
925000 300.274 -14639.8 3.86024
926000 301.005 -14643.6 -1.78935
927000 300.479 -14647.9 6.12892
928000 300.461 -14654.9 -7.82878
929000 300.705 -14663.9 15.6785
930000 300.953 -14632.4 -0.126646
931000 302.003 -14607.4 1.16116
932000 298.806 -14726.4 -5.96267
933000 301.354 -14629.2 -6.37027
934000 300.191 -14648 0.165475
935000 299.983 -14651.1 6.39696
936000 300.817 -14676.1 -8.49662
937000 299.512 -14694.6 2.49107
938000 300.809 -14641.9 -10.5815
939000 299.427 -14652.4 12.3666
940000 299.625 -14711.9 8.45664
941000 300.605 -14632.3 -1.15375
942000 299.081 -14640 1.81446
943000 299.145 -14668.2 0.839911
944000 300.384 -14686.2 -1.9214
945000 300.269 -14658.5 4.25164
946000 299 -14684.6 2.87727
947000 298.951 -14686.5 -8.36276
948000 298.749 -14656.1 0.0814181
949000 301.042 -14594 0.780864
950000 299.492 -14618.7 4.67618
951000 299.124 -14650.6 -2.09081
952000 300.076 -14709.7 12.4394
953000 300.556 -14633.4 3.61302
954000 299.706 -14638.6 6.27151
955000 300.631 -14634.7 -0.267004
956000 299.596 -14667.3 2.56439
957000 299.803 -14688 5.97632
958000 298.802 -14666.3 -3.65542
959000 300.307 -14644.9 4.48682
960000 300.943 -14605.2 5.22621
961000 297.658 -14651 -1.973
962000 297.779 -14656.1 5.56743
963000 299.413 -14629.8 -2.09523
964000 298.107 -14648.8 1.13517
965000 299.661 -14642 2.92224
966000 300.621 -14673 -4.32124
967000 300.443 -14652.8 3.8952
968000 299.233 -14665.5 -1.44524
969000 298.638 -14664.5 3.79308
970000 300.239 -14639.2 11.147
971000 299.693 -14649.2 -2.65012
972000 300.432 -14606.7 2.73321
973000 301.733 -14586.2 -3.78097
974000 301.032 -14606.1 -0.860504
975000 298.552 -14659.1 13.4564
976000 299.703 -14644.2 -4.0862
977000 298.747 -14638.3 12.9431
978000 300.429 -14656.4 -5.30153
979000 297.209 -14646.1 4.89349
980000 300.554 -14653.5 9.37339
981000 299.389 -14664.7 3.22815
982000 300.359 -14598.6 8.88014
983000 299.661 -14617.4 -1.78114
984000 301.429 -14629 2.17269
985000 300.022 -14647.1 -2.63966
986000 298.436 -14684.5 -8.59112
987000 299.075 -14676.5 10.3433
988000 299.767 -14662.2 -4.22069
989000 300.884 -14656.1 3.49599
990000 298.78 -14698.9 0.0438416
991000 299.061 -14681.6 -8.92099
992000 299.642 -14677.1 14.6526
993000 301.474 -14606.1 -1.66798
994000 298.389 -14681 -3.89796
995000 299.712 -14627.7 0.119486
996000 301.125 -14612.4 2.14092
997000 301.189 -14634.9 5.23643
998000 302.335 -14599.8 -0.625759
999000 299.097 -14706 5.56307
1000000 299.402 -14670.7 9.55646
1001000 299.991 -14677.5 -8.2109
1002000 300.099 -14628 8.66132
1003000 299.824 -14716.5 6.38097
1004000 299.988 -14641.2 -7.56327
1005000 299.729 -14604.1 1.84983
1006000 300.663 -14630.6 -4.55556
1007000 299.802 -14667 13.6544
1008000 300.756 -14616.8 -0.50562
1009000 299.168 -14703.4 4.10049
1010000 300.704 -14616.7 12.3925
1011000 297.927 -14704.1 13.168
1012000 300.082 -14606.9 -9.39043
1013000 301.205 -14641.2 8.47638
1014000 299.202 -14642.4 -11.5191
1015000 299.297 -14681 9.80422
1016000 299.661 -14646.8 0.27592
1017000 301.945 -14608.6 -2.2703
1018000 298.206 -14666.8 2.82783
1019000 300.428 -14623.6 -7.20267
1020000 298.38 -14646.8 -2.93344
1021000 301.585 -14624.5 2.55652
1022000 299.309 -14665 6.64201
1023000 299.554 -14711.2 -6.64805
1024000 300.125 -14660.1 -4.93016
1025000 298.304 -14665.4 5.49263
1026000 299.748 -14682.6 4.8689
1027000 300.876 -14617.2 5.14852
1028000 301.188 -14619.6 -8.79639
1029000 299.44 -14641.9 7.99815
1030000 300.98 -14602.7 8.7548
1031000 297.643 -14665.6 12.4596
1032000 299.503 -14663.4 -9.94619
1033000 298.35 -14664.5 9.83839
1034000 300.591 -14648.8 -3.64457
1035000 299.657 -14670.1 7.0647
1036000 297.92 -14717.1 1.04743
1037000 298.163 -14672.7 3.25256
1038000 298.883 -14658.1 3.07242
1039000 300.902 -14617.7 7.51891
1040000 300.623 -14607.2 -6.16791
1041000 301.142 -14639.2 2.94564
1042000 299.609 -14650.9 8.63302
1043000 300.283 -14645.5 -0.475343
1044000 299.95 -14638.2 5.76045
1045000 300.662 -14655.5 -6.43651
1046000 299.632 -14641.9 -10.9614
1047000 299.907 -14638.2 5.98328
1048000 299.405 -14651.3 7.50745
1049000 298.899 -14695.3 4.11062
1050000 297.899 -14720.6 4.412
1051000 297.834 -14746.4 -8.36076
1052000 298.317 -14673.3 8.62398
1053000 299.953 -14697.6 -0.811759
1054000 299.195 -14698.5 12.3649
1055000 300.526 -14625.4 5.4172
1056000 298.426 -14625.2 -16.0171
1057000 299.788 -14652.7 3.57096
1058000 301.118 -14642.5 4.20679
1059000 301.492 -14604.6 -5.93607
1060000 300.082 -14615.8 2.60478
1061000 300.753 -14599.4 -1.65636
1062000 301.23 -14619.6 4.9358
1063000 301.222 -14635.2 -2.60477
1064000 300.944 -14657.6 9.27304
1065000 300.461 -14652.2 -0.26818
1066000 299.488 -14703.4 3.26144
1067000 300.25 -14640.8 -3.82162
1068000 300.055 -14661.7 19.3301
1069000 300.732 -14618.7 2.35063
1070000 299.019 -14703.5 -15.0731
1071000 297.616 -14713.8 3.67399
1072000 299.889 -14672.8 -5.98097
1073000 300.724 -14642.1 -0.784789
1074000 300.214 -14627.3 -1.99549
1075000 300.027 -14598.8 6.26561
1076000 300.69 -14598.7 -2.75509
1077000 299.902 -14674.6 5.88356
1078000 300.517 -14605.9 -4.11869
1079000 301.54 -14601.1 0.623392
1080000 301.654 -14640.8 -0.7584
1081000 300.473 -14678.4 -4.12341
1082000 298.586 -14663.5 2.37344
1083000 300.831 -14666.7 -4.35399
1084000 299.769 -14659.6 -6.75614
1085000 300.822 -14650.4 5.74977
1086000 300.66 -14647.3 9.53105
1087000 299.667 -14616.4 -3.37351
1088000 299.106 -14644.3 0.105056
1089000 302.851 -14647.4 3.31883
1090000 297.982 -14705.9 -15.0919
1091000 299.163 -14685.9 9.63633
1092000 298.357 -14695.8 -8.45191
1093000 300.528 -14648.2 -1.5272
1094000 299.58 -14642.8 14.0878
1095000 300.624 -14618.8 4.21621
1096000 300.047 -14706 -1.40401
1097000 299.879 -14705.6 0.911517
1098000 297.627 -14649.1 -4.00897
1099000 302.181 -14620.4 -1.42073
1100000 301.581 -14632 7.21485
1101000 302.048 -14582.5 -6.89443
1102000 300.92 -14668.6 -4.02034
1103000 301.072 -14667.4 -10.8824
1104000 298.677 -14631.4 5.70997
1105000 300.067 -14693.8 10.8044
1106000 299.559 -14670.3 8.04212
1107000 299.694 -14684.5 -5.93976
1108000 299.911 -14676.6 -0.393944
1109000 300.117 -14665.5 -5.64196
1110000 299.996 -14622.2 7.93424
1111000 300.34 -14657.5 -1.60976
1112000 300.777 -14636.8 4.72724
1113000 298.675 -14701.7 -0.268956
1114000 299.411 -14654.8 14.1308
1115000 300.39 -14628.3 -2.59831
1116000 300.64 -14656.6 -1.42378
1117000 301.352 -14634.6 -2.29832
1118000 301.336 -14669.1 6.34807
1119000 299.208 -14669.8 -4.42501
1120000 301.711 -14599.2 -4.98877
1121000 299.421 -14611.9 7.51756
1122000 298.29 -14688.3 3.03904
1123000 298.426 -14659.3 8.69085
1124000 300.595 -14668.4 -12.4704
1125000 300.303 -14632.4 2.95567
1126000 299.633 -14641.8 -0.646683
1127000 299.193 -14682.6 0.758727
1128000 301.033 -14617.9 12.7987
1129000 299.748 -14708.4 4.05706
1130000 299.862 -14667.5 -20.49
1131000 298.115 -14746.2 2.01103
1132000 300.094 -14658 16.3585
1133000 301.002 -14643.7 -7.71465
1134000 301.894 -14639.9 -2.98254
1135000 301.6 -14675.5 -9.1918
1136000 300.164 -14645.1 -4.27755
1137000 299.443 -14629.4 8.11774
1138000 299.125 -14657.9 -3.90572
1139000 301.74 -14603.4 4.73517
1140000 301.026 -14593.1 -2.43149
1141000 299.414 -14608.3 -8.27582
1142000 301.262 -14630.7 6.92204
1143000 300.28 -14675.8 -2.28752
1144000 299.06 -14668.1 2.72563
1145000 300.617 -14684.6 14.5101
1146000 298.903 -14699.8 -5.86085
1147000 297.885 -14687.8 -6.12835
1148000 302.913 -14626 -1.396
1149000 299.204 -14660.9 -4.60732
1150000 298.119 -14739.1 6.1434
1151000 300.137 -14672.4 -1.99567
1152000 300.905 -14658.5 2.462
1153000 300.183 -14646.6 4.46347
1154000 300.111 -14617.9 -4.81858
1155000 300.227 -14640.6 -3.92842
1156000 300.8 -14629.4 -3.65353
1157000 300.927 -14620.5 2.72648
1158000 300.162 -14686.4 -11.8445
1159000 301.104 -14664 13.2017
1160000 301.002 -14655.5 -12.5876
1161000 300.661 -14639.8 2.59293
1162000 301.351 -14659.3 12.4316
1163000 298.273 -14699.9 -2.23344
1164000 301.249 -14656.5 -6.10633
1165000 299.487 -14668.8 -0.0496397
1166000 299.923 -14712.6 3.16483
1167000 299.843 -14626.7 -2.52039
1168000 298.987 -14686.3 -7.52332
1169000 301.29 -14672 -6.23128
1170000 301.194 -14639.1 -5.63592
1171000 299.441 -14699.7 7.48769
1172000 300.51 -14702.3 7.80104
1173000 300.57 -14656.5 1.13743
1174000 301.355 -14632.2 -10.7615
1175000 299.551 -14682.5 21.4351
1176000 299.537 -14668.4 -4.33843
1177000 300.202 -14672.9 1.27513
1178000 298.497 -14672 7.25102
1179000 301.731 -14559.2 -11.1381
1180000 300.2 -14637.2 14.0706
1181000 298.876 -14661.4 0.634316
1182000 299.462 -14674.9 -1.29417
1183000 299.729 -14620.9 -3.38503
1184000 299.023 -14676 4.12127
1185000 300.756 -14631.8 -3.80467
1186000 299.165 -14655.4 4.70805
1187000 299.206 -14675.5 -5.15058
1188000 300.303 -14682.2 14.854
1189000 298.167 -14658.2 15.891
1190000 301.068 -14634 -1.597
1191000 299.068 -14634.5 4.30074
1192000 300.447 -14621.6 16.8439
1193000 299.672 -14700.9 -2.39181
1194000 299.039 -14695.1 3.54849
1195000 302.807 -14615.2 2.94784
1196000 300.422 -14628.2 -1.44502
1197000 300.24 -14673.1 1.52854
1198000 300.078 -14689.9 0.972486
1199000 301.269 -14621.8 11.4288
1200000 299.488 -14678.8 -9.74595
1201000 298.011 -14692.2 20.0091
1202000 299.578 -14614.5 -11.4325
1203000 299.591 -14594.6 -1.99429
1204000 297.978 -14675.6 23.031
1205000 299.695 -14629.9 -4.64606
1206000 301.069 -14586.6 -2.31232
1207000 298.494 -14706.7 6.31528
1208000 300.696 -14600.2 7.17149
1209000 300.44 -14626.7 -0.627906
1210000 299.599 -14611.5 -2.15546
1211000 300.127 -14631.8 7.31269
1212000 300.542 -14631.4 1.79833
1213000 299.385 -14645.5 6.22981
1214000 297.725 -14685.4 -2.45976
1215000 300.894 -14626.3 3.6107
1216000 300.708 -14616.3 3.9176
1217000 299.724 -14632.4 1.44396
1218000 301.991 -14606.1 -6.41537
1219000 300.533 -14623.6 -4.2126
1220000 299.504 -14594.7 9.02706
1221000 300.06 -14672.4 1.60133
1222000 299.766 -14704.6 -14.2118
1223000 300.295 -14669.7 0.163861
1224000 301.271 -14655.7 -1.37951
1225000 299.174 -14700.6 1.22006
1226000 299.43 -14664.5 -3.4628
1227000 299.684 -14620.7 6.50869
1228000 301.065 -14611.5 -2.25647
1229000 301.74 -14567 -1.06394
1230000 300.199 -14640.5 5.12477
1231000 300.791 -14646.7 -6.54172
1232000 298.956 -14631.2 -7.67743
1233000 299.743 -14592.7 10.075
1234000 300.17 -14667.1 9.03341
1235000 302.426 -14665.9 -8.29188
1236000 299.291 -14656.6 3.40571
1237000 300.22 -14583.1 -10.9277
1238000 299.392 -14665.2 4.80604
1239000 301.373 -14625.6 6.16705
1240000 300.299 -14651 -2.34405
1241000 298.951 -14664.9 0.084889
1242000 299.809 -14643.2 -4.63333
1243000 299.289 -14688.7 5.48606
1244000 299.515 -14671 3.45903
1245000 299.508 -14658.4 8.73129
1246000 300.701 -14640 -5.89441
1247000 301.368 -14607.5 2.04373
1248000 300.247 -14664.3 3.35835
1249000 299.445 -14656.5 -12.3547
1250000 300.426 -14645.7 1.82907
1251000 300.213 -14625.1 4.1956
1252000 301.273 -14609.9 -1.13699
1253000 299.234 -14657.3 6.92022
1254000 299.395 -14626.8 -0.34377
1255000 301.574 -14587.4 4.33594
1256000 300.592 -14661.3 2.16293
1257000 298.459 -14678.9 -0.725723
1258000 298.54 -14668 -4.89847
1259000 301.743 -14615.2 11.1336
1260000 299.991 -14689.4 8.41295
1261000 301.619 -14600.9 -5.3111
1262000 301.183 -14680.8 4.64837
1263000 298.626 -14649.4 10.6955
1264000 301.713 -14620.8 -4.30068
1265000 297.679 -14718.5 5.18819
1266000 298.123 -14676.6 -0.89952
1267000 299.166 -14625.3 9.98446
1268000 300.727 -14616.1 -3.78416
1269000 298.848 -14644.2 13.0981
1270000 299.458 -14663.2 -1.06953
1271000 298.993 -14649.7 5.48063
1272000 301.011 -14667 1.7387
1273000 298.611 -14739.3 -13.2939
1274000 300.221 -14678 4.14954
1275000 298.048 -14677.7 -7.56843
1276000 300.662 -14629 8.71478
1277000 298.141 -14635.4 5.30483
1278000 300.243 -14708.3 -12.2836
1279000 300.368 -14661.5 6.45467
1280000 300.711 -14702.7 0.804212
1281000 301.175 -14657.5 -3.19186
1282000 297.725 -14670.1 0.0765122
1283000 298.932 -14725.9 -1.04394
1284000 300.283 -14623.4 -2.99086
1285000 301.234 -14584.2 -1.16537
1286000 298.439 -14685 2.42016
1287000 300.622 -14655.8 2.99524
1288000 301.129 -14604.4 0.583893
1289000 298.671 -14629.5 9.31953
1290000 298.021 -14719 -0.622222
1291000 300.125 -14644.6 -1.57447
1292000 299.946 -14618.2 4.95503
1293000 301.57 -14650 4.385
1294000 298.862 -14688.7 3.80359
1295000 298.366 -14734.4 6.81226
1296000 299.147 -14677.9 -8.53328
1297000 300.345 -14624.6 12.8426
1298000 298.964 -14665.5 -13.973
1299000 301.793 -14626.7 13.9172
1300000 298.751 -14661 2.05181
1301000 300.788 -14678.7 -4.50691
1302000 301.476 -14582.8 1.87283
1303000 299.708 -14638.8 1.52713
1304000 299.776 -14655 -2.63745
1305000 301.503 -14635.9 -2.18507
1306000 298.234 -14604.7 -1.11616
1307000 298.78 -14648.8 15.1927
1308000 300.656 -14632.7 3.1597
1309000 297.603 -14619.9 13.1804
1310000 300.94 -14607.5 -18.9733
1311000 299.116 -14660.8 20.2226
1312000 302.021 -14618.3 -6.16896
1313000 299.78 -14641.4 2.7486
1314000 298.535 -14700.1 -3.46173
1315000 299.273 -14652.6 11.4119
1316000 301.626 -14633.2 -6.66297
1317000 298.965 -14652.6 -1.54404
1318000 299.952 -14655 16.5852
1319000 299.298 -14651.4 4.2145
1320000 299.909 -14625.2 -8.36208
1321000 300.208 -14632.5 1.14681
1322000 300.056 -14628.7 -6.04844
1323000 298.518 -14668.9 3.86597
1324000 299.44 -14622.4 6.27036
1325000 298.54 -14616.7 12.9407
1326000 299.897 -14618 0.0343285
1327000 301.438 -14641.3 -2.23006
1328000 298.698 -14686.4 4.67553
1329000 300.775 -14657.5 -2.1862
1330000 301.071 -14651.4 2.77765
1331000 300.228 -14653.8 5.95045
1332000 301.433 -14647.5 -2.00469
1333000 300.137 -14626.4 -4.56258
1334000 300.38 -14625.8 10.9558
1335000 299.043 -14636.3 2.44953
1336000 298.97 -14643.7 0.908083
1337000 299.344 -14665.3 -4.09389
1338000 300.463 -14669.5 -1.00013
1339000 300.117 -14664.6 11.7486
1340000 299.017 -14667.5 1.8229
1341000 299.229 -14667.4 9.89161
1342000 298.95 -14660.3 3.27077
1343000 298.542 -14665.4 -3.91709
1344000 298.943 -14644.4 10.7009
1345000 299.65 -14614.9 -5.0067
1346000 298.295 -14661.8 0.335288
1347000 298.691 -14659.7 -1.49614
1348000 300.245 -14691.9 14.3384
1349000 300.949 -14677.1 -2.07376
1350000 298.999 -14670.3 7.81556
1351000 301.529 -14609.2 -9.74839
1352000 300.791 -14645.9 -3.47199
1353000 299.003 -14677.2 14.562
1354000 300.67 -14632 2.76286
1355000 300.225 -14642.1 6.34373
1356000 300.874 -14626.1 -9.28317
1357000 299.902 -14659.4 -3.95871
1358000 299.5 -14625.5 9.1416
1359000 299.19 -14679.6 -3.09978
1360000 300.006 -14658.2 14.5449
1361000 300.431 -14652 10.6619
1362000 299.364 -14644.8 -6.06761
1363000 299.974 -14676.1 -2.20476
1364000 299.007 -14668.1 0.263017
1365000 298.648 -14703.4 0.703488
1366000 300.952 -14634.7 3.64562
1367000 299.237 -14657.4 18.9489
1368000 298.136 -14686.2 -3.5891
1369000 300.336 -14643.2 7.87678
1370000 298.663 -14661.7 -0.737521
1371000 300.26 -14671.1 -1.09651
1372000 300.182 -14645.4 4.65714
1373000 299.532 -14641.4 11.4195
1374000 299.377 -14678.4 -2.38084
1375000 298.92 -14691.3 1.54549
1376000 298.282 -14676.4 -1.44919
1377000 299.189 -14721.7 -4.94505
1378000 298.492 -14673.7 4.87636
1379000 299.324 -14662.4 -4.91864
1380000 298.647 -14610.3 2.49719
1381000 301.586 -14624.5 -5.02087
1382000 299.58 -14657.4 -3.63204
1383000 298.882 -14631.4 9.04799
1384000 298.853 -14649.5 -5.96041
1385000 300.92 -14639.9 -0.518189
1386000 300.92 -14675.6 3.65679
1387000 299.936 -14636.2 4.86703
1388000 300.195 -14637.8 -2.50427
1389000 299.512 -14670 -6.12833
1390000 300.158 -14696.4 6.23462
1391000 299.811 -14644.3 1.84557
1392000 298.49 -14667.7 -3.33487
1393000 300.336 -14661.5 2.8068
1394000 300.333 -14666 1.4181
1395000 300.578 -14585.8 3.79881
1396000 299.035 -14677.7 -3.42124
1397000 298.358 -14708 -0.0157888
1398000 299.8 -14637.4 1.97514
1399000 298.906 -14650.2 -4.25946
1400000 301.104 -14585.1 6.08897
1401000 300.012 -14641 3.161
1402000 302.095 -14639.7 -3.93178
1403000 301.208 -14654.3 4.73479
1404000 300.379 -14649.4 -2.97545
1405000 299.748 -14693.8 -13.3128
1406000 300.015 -14685.8 2.32858
1407000 299.848 -14654 10.4687
1408000 299.12 -14671 4.17689
1409000 300.121 -14653.8 2.01889
1410000 301.617 -14638.3 2.5093
1411000 300.896 -14600.4 -3.21652
1412000 300.379 -14635.5 -5.15958
1413000 299.521 -14637.9 1.21671
1414000 299.99 -14629.7 11.5013
1415000 299.547 -14682.1 -8.5997
1416000 299.55 -14690.3 2.53036
1417000 300.628 -14632.9 10.5684
1418000 299.283 -14664.5 -16.2881
1419000 298.531 -14660.3 13.9348
1420000 300.404 -14680.7 -0.537145
1421000 299.724 -14650.7 -4.07568
1422000 301.203 -14602.1 1.22245
1423000 299.118 -14666.3 12.477
1424000 299.62 -14585 -5.977
1425000 300.385 -14650.7 0.975699
1426000 299.705 -14708.3 13.0054
1427000 299.489 -14646.9 -0.882335
1428000 300.541 -14661.5 3.91257
1429000 301.245 -14616.3 -0.685454
1430000 299.583 -14657 8.23825
1431000 300.203 -14627.3 -17.8674
1432000 299.255 -14643 10.5424
1433000 300.187 -14650.1 -2.36057
1434000 300.163 -14634.9 -1.90939
1435000 300.299 -14702.1 7.13996
1436000 298.551 -14726.6 9.71586
1437000 302.197 -14628.1 0.48602
1438000 300.638 -14635.7 -2.58349
1439000 301.132 -14645.9 5.41855
1440000 300.878 -14674.8 1.51496
1441000 299.993 -14676.5 -13.8791
1442000 298.374 -14646.9 7.52736
1443000 300.019 -14631.3 -13.8095
1444000 299.378 -14671.5 10.7369
1445000 301.545 -14658.8 -4.28232
1446000 301.679 -14609.9 -7.78638
1447000 301.685 -14571.6 2.56974
1448000 300.222 -14625 -1.03148
1449000 301.551 -14626.5 3.09391
1450000 298.714 -14634.8 8.18877
1451000 299.648 -14664.7 -8.11243
1452000 300.636 -14651.3 0.568768
1453000 299.679 -14633.7 5.32409
1454000 301.604 -14649.1 4.66218
1455000 299.785 -14659.3 4.25357
1456000 297.784 -14664 1.17059
1457000 299.315 -14669.8 -4.14187
1458000 299.516 -14686.5 -3.40741
1459000 298.831 -14669.8 7.07986
1460000 298.821 -14660.4 -5.01529
1461000 301.821 -14626 4.12488
1462000 299.762 -14665.5 -0.474787
1463000 299.696 -14651.7 -3.35472
1464000 301.604 -14644.2 -1.61278
1465000 300.616 -14606.7 2.79587
1466000 297.706 -14661.1 11.9879
1467000 301.849 -14611.6 1.62737
1468000 300.287 -14607.7 10.1448
1469000 299.939 -14681.4 -1.47461
1470000 299.154 -14635.5 -9.33074
1471000 301.12 -14668.7 1.11727
1472000 299.904 -14671.3 -0.151846
1473000 299.426 -14673.5 6.409
1474000 300.009 -14634.2 1.00997
1475000 300.601 -14663.1 -3.27713
1476000 300.861 -14653.8 3.16722
1477000 298.424 -14671 0.18318
1478000 298.219 -14684.4 17.5005
1479000 300.576 -14645.2 -1.95554
1480000 299.385 -14625.7 -5.74814
1481000 300.604 -14677.7 -1.19098
1482000 299.195 -14683.8 -1.67431
1483000 300.121 -14627.7 -1.44493
1484000 300.556 -14658.8 5.09148
1485000 300.605 -14652.7 -3.31785
1486000 300.954 -14629.9 3.30804
1487000 300.033 -14631.4 7.13712
1488000 299.873 -14622.1 -0.252601
1489000 300.542 -14632.1 -4.99939
1490000 299.641 -14611.7 16.4847
1491000 300.214 -14647.9 3.46866
1492000 299.916 -14659.1 -1.1077
1493000 299.387 -14664.1 -0.866624
1494000 300.009 -14651.4 11.3549
1495000 300.641 -14618 -8.25798
1496000 299.558 -14631.8 13.139
1497000 301.553 -14575.6 -16.9178
1498000 299.702 -14678.4 6.67793
1499000 301.623 -14641.6 -11.7323
1500000 300.144 -14649.2 5.08501
1501000 298.823 -14693.5 2.54065
1502000 299.113 -14669 3.47098
1503000 301.001 -14659.6 -0.275925
1504000 300.431 -14665.8 -1.43536
1505000 299.185 -14678.6 -7.93245
1506000 300.699 -14637.5 13.6451
1507000 298.369 -14672 5.49223
1508000 299.914 -14648.2 -7.339
1509000 302.811 -14579.2 -1.28468
1510000 299.255 -14652.7 -9.94749
1511000 299.579 -14617.8 12.1097
1512000 299.37 -14678.3 12.371
1513000 298.079 -14645.3 -0.925825
1514000 300.121 -14629.7 -1.41344
1515000 299.33 -14639.8 13.1008
1516000 299.172 -14670.2 -5.07487
1517000 300.066 -14651.4 23.6464
1518000 299.583 -14690.2 -9.69963
1519000 299.812 -14639.1 -13.8939
1520000 300.571 -14589.7 5.96221
1521000 300.326 -14610.8 6.86307
1522000 300.453 -14613.2 7.96986
1523000 299.779 -14610.5 -7.67914
1524000 299.111 -14620.1 -5.21163
1525000 301.354 -14650.6 1.04059
1526000 298.895 -14698.8 9.47616
1527000 299.093 -14664.4 -1.31483
1528000 301.111 -14621.4 -1.98729
1529000 300.306 -14661.3 -10.4768
1530000 299.601 -14680.7 7.78175
1531000 299.934 -14640.6 0.798166
1532000 301.082 -14629.6 -5.1236
1533000 300.22 -14634.1 5.76659
1534000 301.095 -14693.9 -5.14548
1535000 299.006 -14658.2 -5.26086
1536000 299.839 -14666.6 8.2082
1537000 301.88 -14638 1.38068
1538000 298.592 -14633.3 2.35686
1539000 300.34 -14667 6.83878
1540000 301.259 -14611.5 -6.48868
1541000 299.284 -14718.6 6.29707
1542000 301.744 -14624 -4.08148
1543000 299.933 -14659.7 9.3096
1544000 301.881 -14633.9 -7.91356
1545000 301.269 -14632.4 4.0329
1546000 300.588 -14627.2 4.78548
1547000 299.124 -14615.4 9.77891
1548000 300.583 -14640.4 -13.0192
1549000 300.283 -14619.8 12.7916
1550000 301.564 -14622.2 -15.0429
1551000 300.188 -14637.9 13.1581
1552000 301.34 -14674.3 5.13355
1553000 298.562 -14684.4 1.64225
1554000 300.2 -14711 -13.8181
1555000 300.865 -14648.1 2.1752
1556000 299.684 -14658 -2.48545
1557000 299.335 -14619.8 4.00895
1558000 299.917 -14599.8 -4.6227
1559000 301.361 -14606.5 9.49617
1560000 299.867 -14631.9 -3.50404
1561000 297.002 -14680.3 5.75695
1562000 300.297 -14608.8 -8.77741
1563000 300.037 -14618.3 9.71525
1564000 301.8 -14614.5 3.67576
1565000 299.228 -14670.4 0.144662
1566000 300.455 -14653 -8.57617
1567000 300.9 -14621 9.2259
1568000 301.452 -14635 -5.31187
1569000 300.806 -14622.6 2.90724
1570000 300.723 -14619.6 -5.91708
1571000 300.145 -14622.6 1.33361
1572000 300.2 -14611.5 1.65162
1573000 300.981 -14655.6 6.37908
1574000 299.129 -14661.9 -5.49094
1575000 298.938 -14653.8 10.4557
1576000 299.571 -14619.2 -2.42678
1577000 299.729 -14656.6 -4.49115
1578000 299.755 -14673.9 -3.01226
1579000 299.766 -14646.2 0.795044
1580000 301.539 -14609.1 -10.6311
1581000 299.566 -14679.1 7.02404
1582000 300.237 -14617.9 2.77954
1583000 297.542 -14719.8 -2.16233
1584000 299.897 -14675.6 -3.37449
1585000 299.269 -14649.9 -6.23812
1586000 300.651 -14638.2 -2.60802
1587000 300.795 -14656.6 -9.90811
1588000 299.73 -14620.3 10.1131
1589000 300.505 -14648.3 2.68194
1590000 299.253 -14686.1 6.00331
1591000 300.398 -14645.6 0.646528
1592000 298.346 -14668.2 -6.48002
1593000 301.01 -14565.3 -6.11466
1594000 299.181 -14610.2 7.97133
1595000 300.037 -14663.5 -3.22837
1596000 299.645 -14689.8 2.46081
1597000 299.668 -14679 -1.67851
1598000 301.203 -14651.2 2.99302
1599000 302.711 -14634.1 4.55915
1600000 299.611 -14644.3 -3.40479
1601000 299.991 -14652.6 6.78327
1602000 300.682 -14665.5 -6.43808
1603000 301.517 -14635.4 1.7475
1604000 299.125 -14646 2.73408
1605000 300.188 -14636 2.11375
1606000 300.247 -14627.5 -1.13068
1607000 299.131 -14640.6 7.80911
1608000 300.551 -14630.9 -8.64836
1609000 300.406 -14617.4 1.36577
1610000 300.952 -14629 5.80301
1611000 299.635 -14657.5 10.6627
1612000 302.183 -14621.9 -6.16272
1613000 301.014 -14649.9 -7.35183
1614000 300.69 -14626.5 -4.66562
1615000 299.488 -14657.7 15.1726
1616000 302.149 -14623.2 -8.6177
1617000 300.522 -14623.8 -5.57201
1618000 301.297 -14615.7 13.2889
1619000 299.526 -14667.7 -7.95794
1620000 298.816 -14638.1 12.6962
1621000 300.021 -14701.1 4.61182
1622000 300.964 -14657.6 9.01929
1623000 298.498 -14614.8 10.1521
1624000 300.245 -14607.6 -2.37404
1625000 301.47 -14628.4 -4.76669
1626000 300.002 -14600.8 8.52444
1627000 298.372 -14679.2 2.84677
1628000 299.505 -14644.3 0.700872
1629000 299.818 -14628.8 1.85133
1630000 298.944 -14663.3 -5.1654
1631000 300.3 -14640.4 6.002
1632000 300.326 -14639.2 4.08016
1633000 299.11 -14702 -1.39734
1634000 298.616 -14710 1.87548
1635000 301.304 -14652.4 -4.62837
1636000 300.404 -14611.6 -11.3019
1637000 301.494 -14577.7 3.11659
1638000 300.168 -14621.6 -5.04312
1639000 299.991 -14668.7 -7.01657
1640000 301.554 -14603.7 0.519669
1641000 300.283 -14628.9 -1.34302
1642000 301.945 -14616.8 6.59106
1643000 299.929 -14670.8 2.22847
1644000 298.885 -14687.7 -11.7286
1645000 300.582 -14606 4.76365
1646000 299.215 -14651.1 5.54985
1647000 299.283 -14673.6 -4.24954
1648000 298.681 -14626.7 -0.97839
1649000 299.516 -14678.8 7.69132
1650000 300.34 -14689.7 -1.4647
1651000 301.952 -14668 -0.603485
1652000 300.434 -14630.5 8.24097
1653000 298.979 -14672.7 -0.11199
1654000 299.365 -14625 2.29148
1655000 299.557 -14632.7 3.48514
1656000 297.914 -14674.4 -4.17815
1657000 300.467 -14687.7 9.53613
1658000 300.538 -14633.2 6.99111
1659000 299.901 -14643.2 -8.77492
1660000 299.955 -14628.3 -10.4949
1661000 300.047 -14611.5 5.99801
1662000 301.022 -14624.7 -2.49058
1663000 301.285 -14620.3 7.76056
1664000 299.815 -14675.9 1.26837
1665000 301.651 -14610.2 0.749033
1666000 300.64 -14620.9 -3.87085
1667000 298.609 -14676.6 12.4621
1668000 298.886 -14681.3 9.08387
1669000 299.912 -14628.1 11.7725
1670000 300.698 -14660.2 -1.69221
1671000 298.224 -14723.8 5.03639
1672000 299.193 -14642.1 3.50038
1673000 301.067 -14635.5 1.24994
1674000 299.263 -14705.6 -1.23589
1675000 298.081 -14667.5 5.32131
1676000 300.93 -14634.6 8.00306
1677000 298.867 -14648.4 -11.0679
1678000 300.409 -14636.3 12.4128
1679000 300.306 -14638.5 -4.275
1680000 297.429 -14664.5 2.87393
1681000 299.925 -14653.3 -1.1508
1682000 299.623 -14630.5 -3.1453
1683000 300.499 -14638.5 3.87255
1684000 299.776 -14669.1 -3.80391
1685000 297.97 -14670.8 7.64152
1686000 300.344 -14663.2 -3.96007
1687000 298.205 -14662.2 4.09905
1688000 300.121 -14686.6 7.02538
1689000 299.79 -14631.6 -6.79666
1690000 299.895 -14613.8 5.8962
1691000 299.815 -14642.9 -3.4415
1692000 299.604 -14641.7 -2.47086
1693000 302.757 -14615.8 13.139
1694000 300.193 -14663.8 -5.41402
1695000 300.382 -14638.7 -4.87724
1696000 299.668 -14673.1 3.49385
1697000 300.271 -14650 -7.00315
1698000 300.653 -14624.7 -9.37459
1699000 300.404 -14589.6 8.39899
1700000 300.044 -14595.4 6.65146
1701000 300.695 -14634.6 -0.513912
1702000 299.601 -14611.1 -0.882957
1703000 299.949 -14608.4 2.12474
1704000 299.642 -14614.9 -9.69277
1705000 300.459 -14641.1 8.64089
1706000 300.252 -14634.7 5.895
1707000 299.921 -14646.9 -3.75658
1708000 298.48 -14664.8 7.0491
1709000 300.444 -14678.6 -7.41786
1710000 300.672 -14674 0.220782
1711000 299.478 -14707.1 11.7175
1712000 299.677 -14650.5 -11.5178
1713000 299.265 -14637.7 5.52414
1714000 300.046 -14663.5 10.2379
1715000 300.923 -14607.3 3.10857
1716000 299.507 -14606.3 17.4401
1717000 300.544 -14618.9 -0.0190525
1718000 301.291 -14606.1 -2.74098
1719000 301.286 -14617.5 -1.45168
1720000 301.4 -14634.9 7.67162
1721000 298.736 -14674.4 -2.36585
1722000 299.647 -14677.6 3.75897
1723000 299.428 -14639.1 1.22691
1724000 300.27 -14621.4 3.70409
1725000 300.327 -14616.7 -4.21357
1726000 300.133 -14623.2 -6.35912
1727000 302.321 -14589 14.2456
1728000 297.117 -14718.2 -8.14898
1729000 298.887 -14680.3 2.76369
1730000 299.361 -14687.2 6.59013
1731000 299.403 -14654 9.00455
1732000 299.395 -14644.6 -6.89058
1733000 299.201 -14681.4 16.1332
1734000 301.913 -14673.2 -6.53312
1735000 301.545 -14634.7 3.78144
1736000 300.519 -14637.2 -2.85627
1737000 298.079 -14625.5 3.59435
1738000 300.148 -14658 4.74731
1739000 300.717 -14661.8 4.96105
1740000 299.633 -14669 0.575567
1741000 298.727 -14706.1 -13.9198
1742000 300.178 -14640 4.91585
1743000 300.324 -14666.7 9.65154
1744000 302.591 -14605.9 7.08859
1745000 299.289 -14641.8 10.6356
1746000 299.968 -14650.2 -10.9927
1747000 298.89 -14657.6 -2.54175
1748000 301.186 -14602.5 3.3964
1749000 297.618 -14713.2 16.2122
1750000 300.528 -14662.9 -19.3249
1751000 299.911 -14652.2 3.28815
1752000 297.946 -14719 0.259616
1753000 300.242 -14644.2 3.14089
1754000 301.28 -14670.3 -5.46541
1755000 299.452 -14683 -5.16562
1756000 300.118 -14669.6 6.11061
1757000 299.557 -14662.9 12.5016
1758000 299.695 -14645.9 1.63017
1759000 302.734 -14622.8 -0.979123
1760000 300.051 -14671.6 -1.28954
1761000 300.501 -14678.2 -2.63491
1762000 298.74 -14712.1 3.19453
1763000 300.385 -14624 5.43139
1764000 300.3 -14660.9 7.74721
1765000 299.388 -14677.2 -12.6781
1766000 300.538 -14660.8 -5.68576
1767000 300.413 -14642.2 4.1548
1768000 297.905 -14688.4 5.22442
1769000 298.958 -14644.6 1.58644
1770000 300.68 -14625.2 -6.39087
1771000 300.076 -14620.8 -1.89902
1772000 300.881 -14636.5 9.52709
1773000 298.43 -14647 -0.327469
1774000 299.603 -14652.5 2.77074
1775000 298.034 -14692.2 -3.01659
1776000 298.279 -14681.3 -6.14665
1777000 299.462 -14636.5 5.31132
1778000 302.181 -14622.9 -5.60953
1779000 298.334 -14689.2 -8.46307
1780000 302.04 -14621 7.21428
1781000 301.259 -14662.7 -6.81215
1782000 298.294 -14654.2 -7.41049
1783000 301.017 -14626.5 13.9993
1784000 300.195 -14678.1 8.43817
1785000 301.522 -14624.7 -2.94005
1786000 300.429 -14675 2.69751
1787000 301.312 -14630.5 -2.59258
1788000 300.945 -14641.5 1.16754
1789000 298.496 -14681.5 5.94661
1790000 300.568 -14681.3 3.28092
1791000 299.324 -14660.6 1.72514
1792000 301.878 -14635 2.41804
1793000 298.504 -14725.9 16.9327
1794000 299.228 -14690 -2.66761
1795000 299.76 -14642.9 -9.8373
1796000 300.396 -14616.5 0.214593
1797000 300.873 -14596.2 13.5655
1798000 301.115 -14625.7 -8.32917
1799000 300.445 -14616.1 6.78709
1800000 300.489 -14626.4 5.38713
1801000 298.665 -14657.5 1.6713
1802000 300.342 -14608.1 9.9053
1803000 300.231 -14624.2 -16.4237
1804000 301.526 -14608.5 8.6082
1805000 298.618 -14632.4 20.0183
1806000 299.635 -14665.5 -11.0915
1807000 299.734 -14646.9 1.79476
1808000 301.977 -14589.4 -3.31361
1809000 299.687 -14650 -0.455258
1810000 300.018 -14637 -2.58926
1811000 300.011 -14646.4 -1.41863
1812000 300.639 -14630.1 6.1842
1813000 298.088 -14660.9 2.9601
1814000 301.605 -14637.6 -5.64143
1815000 300.654 -14639.3 -1.80577
1816000 298.983 -14687.7 -0.716106
1817000 300.046 -14653.9 -4.79287
1818000 300.244 -14626.2 -4.83208
1819000 299.2 -14651.8 5.18019
1820000 299.531 -14651.6 8.21285
1821000 300.776 -14630.2 0.70593
1822000 299.438 -14665 -7.16732
1823000 299.818 -14678.7 7.10433
1824000 300.077 -14607.9 -0.103422
1825000 298.706 -14652.1 3.29654
1826000 301.483 -14537.5 7.13994
1827000 300.391 -14597.9 -8.69541
1828000 299.894 -14653.9 6.96102
1829000 302.012 -14586.3 8.77762
1830000 300.728 -14641.2 0.0763961
1831000 298.345 -14663.8 3.74401
1832000 299.417 -14634.1 3.47509
1833000 297.604 -14679.7 0.0646656
1834000 300.842 -14607.2 0.863711
1835000 302.02 -14587.9 1.85758
1836000 300.324 -14616.6 -1.0084
1837000 301.394 -14645.5 1.82283
1838000 301.359 -14633.3 0.252687
1839000 301.502 -14634 -0.874681
1840000 299.503 -14623.4 -5.51965
1841000 300.963 -14629.8 -3.30663
1842000 301.985 -14617.2 -2.45075
1843000 301.585 -14642.7 1.21998
1844000 299.133 -14630.6 10.645
1845000 301.23 -14630.2 12.9895
1846000 301.335 -14622.5 -1.08217
1847000 299.386 -14677.6 0.642209
1848000 301.021 -14622.4 -8.1049
1849000 302.135 -14625.6 -6.39786
1850000 297.434 -14730.1 22.1645
1851000 298.443 -14685.6 -3.218
1852000 299.605 -14621.9 4.18828
1853000 299.805 -14617.5 3.96316
1854000 299.404 -14596.1 1.70918
1855000 301.477 -14615.1 -2.38264
1856000 301.33 -14631.3 -3.59296
1857000 300.375 -14686.1 -4.98748
1858000 299.122 -14626 3.84096
1859000 299.915 -14655.1 0.978133
1860000 301.685 -14653 3.92112
1861000 299.669 -14625.7 -3.27361
1862000 299.722 -14668.7 -6.83895
1863000 299.82 -14696.7 6.19138
1864000 301.328 -14608.1 14.0448
1865000 301.983 -14592.7 -0.56003
1866000 301.063 -14595.9 -13.1072
1867000 298.414 -14632.6 5.63115
1868000 300.555 -14613.9 -3.09147
1869000 298.58 -14679 6.84288
1870000 299.996 -14697.1 7.06191
1871000 299.184 -14670.1 4.45895
1872000 301.212 -14628.6 -2.15864
1873000 298.965 -14621.1 5.37743
1874000 300.697 -14654.9 6.45664
1875000 300.701 -14639.1 -5.63249
1876000 299.513 -14633.1 0.113762
1877000 299.22 -14645.5 -4.6553
1878000 298.756 -14635.4 -3.56948
1879000 299.215 -14674.2 13.5418
1880000 299.291 -14677.2 -4.3183
1881000 300.585 -14630.2 -4.9776
1882000 299.804 -14702.6 1.80987
1883000 300.1 -14642.5 7.53315
1884000 302.891 -14615.9 -3.36289
1885000 300.004 -14693.8 -13.1585
1886000 300.745 -14627.8 -1.5387
1887000 298.634 -14644.3 11.9735
1888000 298.453 -14640 -3.12116
1889000 299.131 -14681.2 -6.21822
1890000 301.649 -14611.3 -5.14814
1891000 300.763 -14686.4 -4.06244
1892000 301.317 -14623.1 -7.42856
1893000 300.318 -14613.1 6.02478
1894000 299.907 -14644.9 8.34007
1895000 298.589 -14657.7 -1.32937
1896000 300.718 -14621 -6.32151
1897000 300.273 -14639.1 -3.44359
1898000 299.453 -14658.8 -9.1967
1899000 298.144 -14688.9 11.5092
1900000 300.305 -14664 2.08268
1901000 301.006 -14602.2 -11.8964
1902000 299.817 -14609.8 6.56742
1903000 299.581 -14612.1 8.81247
1904000 299.336 -14645.8 1.33432
1905000 299.572 -14665.8 -10.9529
1906000 301.107 -14633.6 -7.65052
1907000 301.708 -14619.9 -1.21712
1908000 301.343 -14659.2 4.66507
1909000 300.009 -14695.3 -6.89954
1910000 301.796 -14650.3 -2.61008
1911000 300.274 -14654.9 1.35488
1912000 300.814 -14667.1 0.369394
1913000 299.267 -14632.1 0.290722
1914000 302.2 -14671.3 -5.08824
1915000 299.959 -14630.2 1.65018
1916000 302.579 -14605.5 1.76765
1917000 299.465 -14628.5 16.9262
1918000 299.661 -14635.1 -3.98901
1919000 299.447 -14635.2 -4.19509
1920000 300.374 -14640 -2.77988
1921000 299.852 -14618.3 2.90758
1922000 298.898 -14723.5 -0.319161
1923000 299.202 -14665 6.3448
1924000 298.268 -14685.6 -3.82526
1925000 298.717 -14665 5.11842
1926000 300.683 -14660 -11.95
1927000 300.047 -14681.2 12.1446
1928000 300.436 -14669.8 7.98979
1929000 299.815 -14657.7 3.00917
1930000 298.939 -14653.1 1.82247
1931000 299.792 -14615.8 3.44335
1932000 299.466 -14569.5 2.16651
1933000 300.23 -14609.3 -4.51865
1934000 300.577 -14619.7 1.07239
1935000 299.322 -14710.1 -3.93877
1936000 300.754 -14664.6 3.86406
1937000 298.918 -14674.5 4.03761
1938000 298.533 -14655.1 -5.0234
1939000 299.55 -14661.3 -0.0369552
1940000 299.46 -14667.3 12.6779
1941000 301.122 -14668.9 1.06672
1942000 298.894 -14657.6 -7.14558
1943000 299.608 -14671.6 10.8607
1944000 301.033 -14629.1 1.15118
1945000 301.97 -14607.8 -2.87515
1946000 300.579 -14625.1 2.96234
1947000 300.245 -14611 0.0747987
1948000 300.031 -14644.2 2.19686
1949000 300.861 -14669.6 7.17727
1950000 298.648 -14684.1 -0.879435
1951000 300.731 -14609.5 0.00592629
1952000 300.771 -14644.9 -0.30858
1953000 299.752 -14653.2 7.37235
1954000 301.184 -14656.1 -4.10371
1955000 299.671 -14638.3 -0.473387
1956000 298.957 -14655.6 10.9541
1957000 300.958 -14607.3 6.11688
1958000 299.237 -14682.3 9.09567
1959000 297.73 -14651.7 6.56588
1960000 300.893 -14634.6 -0.0189192
1961000 302.101 -14614.6 -5.95936
1962000 300.102 -14655.1 2.3488
1963000 300.508 -14632.8 -0.797406
1964000 297.046 -14723.7 1.34634
1965000 299.544 -14612.4 -5.31124
1966000 299.515 -14672.8 2.23087
1967000 300.878 -14666.3 3.90412
1968000 301.048 -14618 -3.64247
1969000 301.094 -14642.8 8.03895
1970000 299.882 -14652.6 -4.22571
1971000 301.315 -14661.8 12.7827
1972000 299.32 -14647.5 -3.92143
1973000 300.193 -14698.8 19.1342
1974000 300.958 -14669.6 -5.46149
1975000 298.249 -14692.8 -1.58244
1976000 300.402 -14667.9 2.84255
1977000 300.777 -14683.8 -10.2951
1978000 298.244 -14676.3 17.5657
1979000 299.467 -14683.6 12.8072
1980000 299.928 -14629.1 -3.2471
1981000 298.827 -14673.7 -0.290593
1982000 299.794 -14664.5 13.66
1983000 299.827 -14684.5 -17.3988
1984000 299.519 -14664.7 6.5622
1985000 302.038 -14639.7 1.98092
1986000 301.25 -14659.7 -3.94973
1987000 300.432 -14651.9 4.22745
1988000 299.346 -14643.3 4.13082
1989000 298.332 -14716.1 14.8903
1990000 298.761 -14669.1 5.07724
1991000 298.842 -14686.8 9.49696
1992000 298.851 -14654.4 -1.98779
1993000 302.634 -14556 3.29334
1994000 298.827 -14678.2 -5.27826
1995000 298.669 -14703 7.62701
1996000 299.705 -14685.5 -3.46204
1997000 299.685 -14657.6 7.06627
1998000 300.611 -14588.5 -4.03942
1999000 300.123 -14663.8 0.525204
2000000 300.495 -14654 5.01016
2001000 299.684 -14632.5 13.2779
2002000 300.338 -14639.2 -7.17976
2003000 300.06 -14635.6 17.9539
2004000 300.567 -14677.5 -2.57597
2005000 298.436 -14683.5 12.5548
2006000 298.999 -14663.4 4.54139
2007000 300.871 -14658.8 -9.09172
2008000 299.99 -14598 1.07996
2009000 298.91 -14645.7 -5.35649
2010000 299.674 -14637.3 -0.147634
2011000 299.784 -14648.2 -4.09069
2012000 299.638 -14640.7 3.70202
2013000 299.259 -14657.7 6.52828
2014000 299.904 -14668.9 11.3833
2015000 300.785 -14673.1 -3.32885
2016000 301.575 -14595.5 3.23764
2017000 302.246 -14636.7 4.59815
2018000 298.975 -14656.7 8.07373
2019000 298.628 -14661.1 -3.71576
2020000 298.203 -14665.4 -1.48477
2021000 300.382 -14644.5 -5.66493
2022000 300.682 -14625.1 7.15817
2023000 299.75 -14705.4 -3.87576
2024000 299.876 -14707.5 -3.99005
2025000 297.808 -14673.1 6.22566
2026000 299.657 -14643.6 -1.22049
2027000 298.746 -14666.1 14.9693
2028000 300.11 -14641.5 -0.38734
2029000 299.543 -14671.1 1.01913
2030000 298.631 -14639.7 -3.73847
2031000 300.364 -14620.6 17.5325
2032000 300.376 -14642.1 -12.8171
2033000 300.448 -14637.4 7.20907
2034000 299.282 -14614.9 3.6259
2035000 298.841 -14632.7 6.49535
2036000 299.881 -14649.4 -2.70485
2037000 300.804 -14624.1 7.1049
2038000 298.594 -14671.1 -8.3228
2039000 299.435 -14677.7 0.810443
2040000 298.6 -14684.1 -2.986
2041000 301.574 -14634.8 12.3529
2042000 298.755 -14712.8 3.53484
2043000 299.955 -14655.3 2.79275
2044000 299.177 -14657.3 -1.62896
2045000 299.189 -14656.2 1.14341
2046000 300.15 -14602.8 -3.40735
2047000 301.927 -14615.9 0.495527
2048000 299.094 -14665.7 -7.92556
2049000 297.485 -14700.8 4.59673
2050000 300.257 -14665.6 0.603504
2051000 299.815 -14622.2 10.9057
2052000 301.061 -14576.7 -4.27615
2053000 299.981 -14686 4.44989
2054000 300.294 -14659.7 2.07175
2055000 300.011 -14653.3 9.80002
2056000 299.496 -14629.5 -0.837762
2057000 299.576 -14680.8 -4.34652
2058000 297.159 -14668.1 9.01983
2059000 298.999 -14635.1 -4.05355
2060000 299.857 -14625.9 0.933693
2061000 298.828 -14711.2 11.1381
2062000 298.768 -14680 1.02455
2063000 301.036 -14685.5 -7.16684
2064000 299.64 -14661.7 -4.62171
2065000 301.386 -14617.6 5.13287
2066000 299.884 -14610.9 7.67338
2067000 300.305 -14653.4 -6.73029
2068000 298.733 -14671.2 -3.48443
2069000 300.283 -14628.4 17.2438
2070000 300.989 -14641.9 -1.72647
2071000 299.028 -14657.1 15.3733
2072000 299.354 -14623.6 3.04548
2073000 299.837 -14659 -5.31461
2074000 300.526 -14663.7 5.9117
2075000 298.794 -14688 1.66663
2076000 300.673 -14684.4 -4.90331
2077000 300.096 -14645.7 11.2844
2078000 299.072 -14615.3 -1.7998
2079000 301.094 -14640.2 10.724
2080000 300.52 -14608.2 5.56525
2081000 299.926 -14623.8 8.81572
2082000 301.212 -14645.9 -3.75447
2083000 299.319 -14668.4 -4.20353
2084000 300.708 -14616.1 3.02578
2085000 298.367 -14656.7 -0.859318
2086000 300.351 -14599.9 -5.93887
2087000 302.263 -14601.6 -1.41412
2088000 300.65 -14615 6.41905
2089000 301.185 -14635.1 -6.70602
2090000 300.077 -14645.9 -13.0624
2091000 299.879 -14634.2 10.5414
2092000 300.688 -14657.2 -8.02942
2093000 301.117 -14592.9 4.92582
2094000 299.296 -14651.9 -3.21372
2095000 299.339 -14663.2 12.339
2096000 299.052 -14684.4 2.99424
2097000 300.168 -14622.8 6.41003
2098000 300.97 -14620.9 1.81215
2099000 298.782 -14645.1 1.55493
2100000 299.713 -14663.3 -10.7592
2101000 300.615 -14652.6 6.3501
2102000 298.592 -14671.6 14.3657
2103000 298.572 -14718.3 -6.46215
2104000 302.45 -14601.4 3.84261
2105000 301.009 -14656.6 -1.52518
2106000 298.53 -14692.9 16.6311
2107000 299.375 -14649.8 -7.99822
2108000 299.707 -14646.1 7.76206
2109000 300.594 -14664.2 -15.7915
2110000 301.741 -14634.5 19.1111
2111000 299.708 -14638.3 1.98546
2112000 301.195 -14653.1 -4.33117
2113000 300.342 -14656.6 7.41101
2114000 298.58 -14666.3 -4.94935
2115000 300.713 -14629.7 11.4217
2116000 300.501 -14622.9 -3.00497
2117000 301.214 -14650.7 2.01889
2118000 300.977 -14644.1 -1.49161
2119000 300.059 -14656.8 -6.93225
2120000 300.276 -14622.3 2.49146
2121000 298.984 -14686.9 2.3567
2122000 301.701 -14621.8 5.40427
2123000 301.008 -14609.6 1.06438
2124000 299.858 -14672.3 -7.36918
2125000 300.72 -14666.9 -0.427958
2126000 299.642 -14680.8 0.687553
2127000 301.498 -14665.8 2.7568
2128000 299.333 -14610.7 -3.16876
2129000 299.576 -14623.7 8.33841
2130000 298.608 -14660.9 0.601123
2131000 301.422 -14592.6 -0.809708
2132000 299.31 -14648.2 12.0294
2133000 301.756 -14642.9 -1.02175
2134000 298.552 -14701.1 0.89681
2135000 299.28 -14681.8 -2.08971
2136000 300.564 -14650.3 7.82421
2137000 299.661 -14646.3 6.53899
2138000 300.975 -14622 5.87466
2139000 299.534 -14646 -8.5441
2140000 299.361 -14643.7 9.05337
2141000 299.41 -14692.7 -4.63651
2142000 298.707 -14684.1 1.03721
2143000 299.985 -14664.1 5.11125
2144000 301.631 -14588.3 3.19795
2145000 298.147 -14612.1 -7.43199
2146000 302.363 -14636.7 0.426198
2147000 299.056 -14653.1 2.6088
2148000 300.393 -14634.5 10.4653
2149000 300.005 -14667.8 -15.1526
2150000 299.838 -14645.5 0.868852
2151000 298.282 -14684.4 12.0432
2152000 299.403 -14697 5.80722
2153000 300.551 -14652.7 -4.80106
2154000 300.155 -14627 11.2909
2155000 299.135 -14670.8 -5.068
2156000 298.913 -14619.3 5.34465
2157000 302.111 -14625.2 -2.36891
2158000 300.79 -14653.8 5.07785
2159000 300.213 -14660.8 -12.2229
2160000 299.075 -14691.4 8.45841
2161000 298.259 -14695.2 0.774387
2162000 300.298 -14624.7 -0.504296
2163000 299.616 -14627.6 -4.18473
2164000 300.387 -14597.2 6.26907
2165000 301.182 -14629.5 2.14617
2166000 300.218 -14658.3 -0.568165
2167000 299.755 -14646.2 8.89516
2168000 299.442 -14668.3 -6.76898
2169000 298.252 -14661.2 -1.36633
2170000 300.122 -14624.6 12.3166
2171000 300.733 -14681.5 -11.3319
2172000 299.797 -14653 -2.64284
2173000 300.396 -14619.5 3.73553
2174000 299.729 -14651.3 4.114
2175000 300.487 -14695.9 -5.77069
2176000 300.55 -14631.3 20.8626
2177000 299.256 -14683.8 -7.38173
2178000 299.014 -14646.5 -1.92723
2179000 299.325 -14645 1.75843
2180000 300.921 -14614.3 -12.6469
2181000 300.927 -14619.5 5.47933
2182000 300.219 -14670.4 6.04548
2183000 301.53 -14643.1 -1.14001
2184000 299.252 -14617.2 8.56531
2185000 300.302 -14603 -4.22163
2186000 298.253 -14642.4 -1.93289
2187000 300.093 -14621.5 -0.363948
2188000 300.695 -14625.6 -4.8809
2189000 297.663 -14693.1 5.24321
2190000 300.257 -14629.7 -4.60118
2191000 299.295 -14651.1 8.18357
2192000 299.624 -14676.7 -2.73896
2193000 299.242 -14668.5 4.99633
2194000 300.847 -14629.2 1.28422
2195000 299.203 -14641.9 -2.06794
2196000 298.466 -14665 3.78963
2197000 299.178 -14682 4.70738
2198000 300.655 -14622 -2.87597
2199000 300.413 -14676.8 1.13071
2200000 300.848 -14670.8 -4.47705
2201000 299.948 -14661.3 3.1531
2202000 300.728 -14630.1 2.68085
2203000 301.531 -14599.5 -6.50922
2204000 301.328 -14614.5 -1.33284
2205000 300.513 -14626.3 -9.98324
2206000 300.363 -14634.6 16.6018
2207000 299.661 -14691 -2.60007
2208000 300.941 -14585.6 0.466409
2209000 297.608 -14655.6 -6.48415
2210000 300.672 -14602.5 3.73634
2211000 301.951 -14617 -7.95816
2212000 300.013 -14679.7 3.24063
2213000 299.59 -14639.8 7.77675
2214000 299.79 -14650.6 -0.69651
2215000 299.051 -14680.6 10.5314
2216000 299.623 -14602 -6.12046
2217000 301.278 -14642 -2.8418
2218000 301.086 -14646.1 -14.0361
2219000 300.123 -14693.9 14.7535
2220000 299.556 -14655 -3.76611
2221000 300.829 -14634.7 7.5521
2222000 301.068 -14646 -2.54486
2223000 299.215 -14682.9 -3.73054
2224000 299.59 -14659.3 6.6727
2225000 301.409 -14654.4 -0.282222
2226000 300.328 -14638.4 5.2977
2227000 301.243 -14622.4 1.51121
2228000 300.829 -14597.9 -3.3171
2229000 301.08 -14613 6.30845
2230000 300.344 -14585.7 -1.12196
2231000 298.906 -14661.2 5.86088
2232000 298.377 -14697.6 -1.69675
2233000 299.846 -14662.9 12.099
2234000 302.014 -14615.7 3.56515
2235000 300.089 -14627.2 -4.70549
2236000 299.891 -14626.4 -0.348091
2237000 299.641 -14647.6 3.21923
2238000 298.99 -14681.8 -4.95881
2239000 299.936 -14637.8 1.37782
2240000 300.22 -14650 0.102763
2241000 300.641 -14628.9 5.83274
2242000 299.725 -14695.4 -0.827515
2243000 299.619 -14640.7 8.99674
2244000 298.633 -14677.9 6.1536
2245000 300.849 -14656.5 0.670359
2246000 300.608 -14676.9 -4.77261
2247000 300.709 -14617.1 14.2496
2248000 300.769 -14622.8 -6.26031
2249000 300.678 -14579.2 -9.56418
2250000 301.616 -14591.5 -7.20133
2251000 300.384 -14649.8 10.1646
2252000 299.288 -14686.6 6.44512
2253000 301.392 -14670.5 4.41995
2254000 299.135 -14657.2 -4.8911
2255000 299.882 -14676.8 11.3825
2256000 300.104 -14678.4 -10.3173
2257000 302.713 -14622.7 1.69824
2258000 300.192 -14661.1 -7.25705
2259000 298.664 -14621.8 12.1725
2260000 298.428 -14609.3 14.2321
2261000 299.955 -14627.4 -3.47748
2262000 299.177 -14666.7 8.94462
2263000 298.072 -14717.7 -2.45223
2264000 299.256 -14657.2 -1.94733
2265000 300.172 -14643.7 0.0693606
2266000 297.982 -14706.3 4.58679
2267000 299.487 -14676 -6.37191
2268000 299.243 -14673 9.05392
2269000 300.345 -14646.8 -4.2425
2270000 299.18 -14678.9 1.84585
2271000 300.528 -14632.3 8.69261
2272000 301.328 -14622.4 6.24091
2273000 299.959 -14661.7 -5.47491
2274000 297.885 -14692.3 11.3386
2275000 301.089 -14696.3 6.75911
2276000 301.922 -14606 -3.38896
2277000 299.565 -14628.1 -1.36888
2278000 300.854 -14656.1 -4.05682
2279000 300.677 -14636.1 4.16681
2280000 300.579 -14628.1 -4.39362
2281000 301.468 -14618.4 5.47963
2282000 299.469 -14664.6 -6.78504
2283000 300.564 -14607.3 8.96191
2284000 299.588 -14644.8 -3.53867
2285000 301.22 -14642.9 4.43077
2286000 301.259 -14612.2 5.77521
2287000 299.074 -14639 -4.45087
2288000 300.077 -14661.6 4.29626
2289000 298.44 -14684.4 1.34653
2290000 299.293 -14676.8 -2.64277
2291000 299.371 -14650.4 -2.90507
2292000 298.852 -14679.6 -1.98308
2293000 299.921 -14673.7 7.06953
2294000 299.648 -14641.9 2.96768
2295000 298.969 -14675.6 6.72109
2296000 300.181 -14662.3 -11.0475
2297000 298.182 -14608.7 3.44306
2298000 301.834 -14610.2 -5.10332
2299000 299.94 -14640.4 12.7531
2300000 300.204 -14635.4 -2.36849
2301000 300.888 -14644.5 6.24746
2302000 301.005 -14659 -8.8536
2303000 299.437 -14646.2 8.19789
2304000 299.944 -14648.8 -2.33271
2305000 302.055 -14632.4 3.62998
2306000 300.865 -14660.3 -3.43056
2307000 300.343 -14572.5 1.25232
2308000 299.776 -14613.7 -3.15584
2309000 300.727 -14632.7 3.55494
2310000 300.177 -14647.1 -0.0321882
2311000 299.902 -14656.8 -4.65275
2312000 298.155 -14640.3 13.0996
2313000 301.081 -14616.4 -4.80823
2314000 300.866 -14631.2 2.04064
2315000 300.77 -14621.8 12.1913
2316000 300.081 -14649.6 -1.20851
2317000 298.377 -14647.8 -2.85426
2318000 299.763 -14656.9 1.2681
2319000 300.232 -14627.9 -0.0695017
2320000 300.338 -14678.4 3.77791
2321000 299.31 -14641.4 -3.01277
2322000 300.524 -14651.7 3.47434
2323000 302.051 -14657.9 1.90944
2324000 299.619 -14677.9 -1.08067
2325000 301.73 -14664.4 -3.70692
2326000 301.459 -14662.6 3.36465
2327000 300.337 -14632.1 0.0407534
2328000 300.537 -14679.8 3.88985
2329000 300.888 -14613.4 -20.4128
2330000 300.515 -14617.9 9.28768
2331000 300.055 -14667.1 5.85447
2332000 300.072 -14658.3 -14.1098
2333000 300.795 -14665.7 -2.90446
2334000 298.784 -14687.7 -3.56564
2335000 298.866 -14658.6 12.6164
2336000 300.04 -14622.8 -8.18742
2337000 301.906 -14650.7 5.2639
2338000 300.074 -14658 4.32139
2339000 299.995 -14705.2 -3.45015
2340000 299.524 -14687.6 -5.21995
2341000 300.253 -14675.6 11.3703
2342000 301.654 -14638.3 -2.78121
2343000 302.146 -14680.7 -8.43708
2344000 300.611 -14665.6 -5.47347
2345000 299.778 -14659.9 4.83271
2346000 301.353 -14640.8 1.63968
2347000 299.742 -14693.2 2.34188
2348000 299.233 -14647.5 2.67456
2349000 300.539 -14592.9 3.49782
2350000 300.221 -14608.6 -0.940722
2351000 300.181 -14621 -2.02359
2352000 299.523 -14650.3 0.603977
2353000 299.792 -14659.8 -0.168207
2354000 301.891 -14591 9.90403
2355000 300.813 -14641.2 -15.8156
2356000 301.787 -14608.1 -12.2362
2357000 298.918 -14711.4 6.62451
2358000 300.714 -14671.9 11.0009
2359000 301.18 -14613.6 -0.884902
2360000 298.891 -14710.4 -5.92542
2361000 300.576 -14630 -3.43175
2362000 301.755 -14656 0.821487
2363000 298.329 -14676.2 2.85107
2364000 298.908 -14675.5 -0.16774
2365000 298.526 -14657.2 7.82499
2366000 301.054 -14644 5.9034
2367000 302.777 -14622.7 -13.1332
2368000 299.828 -14669.3 -2.07138
2369000 300.036 -14691.1 1.26945
2370000 301.019 -14641.9 5.33101
2371000 300.945 -14607.1 3.56591
2372000 300.618 -14640 -9.33584
2373000 300.313 -14640.1 7.42329
2374000 299.772 -14626.1 7.61733
2375000 299.615 -14658.9 -13.1684
2376000 302.198 -14623.8 7.97656
2377000 300.075 -14669.9 -10.5858
2378000 300.346 -14689.9 0.804866
2379000 298.614 -14653.4 1.19779
2380000 301.973 -14590.3 -6.51672
2381000 298.855 -14682.2 1.12173
2382000 298.672 -14707.3 6.45612
2383000 301.487 -14665.4 -0.898336
2384000 301.43 -14629.8 11.5837
2385000 300.569 -14645.1 -0.197885
2386000 299.946 -14629.8 12.0784
2387000 298.054 -14651.7 -0.375556
2388000 300.488 -14614.9 -12.1392
2389000 301.983 -14585.1 -0.108388
2390000 298.502 -14699.5 5.24013
2391000 299.678 -14655.2 9.57017
2392000 298.977 -14673.6 10.1774
2393000 297.887 -14677.1 3.22726
2394000 300.813 -14601.1 -15.7328
2395000 301.178 -14620.6 -5.71605
2396000 298.457 -14647.8 18.1236
2397000 300.489 -14599.5 -3.35171
2398000 299.75 -14675 0.79608
2399000 300.867 -14669.9 -3.15895
2400000 300.896 -14611.5 9.59574
2401000 300.391 -14626.4 0.87614
2402000 300.043 -14657.7 6.72477
2403000 299.365 -14693.4 -8.76893
2404000 298.371 -14718.9 7.4191
2405000 299.954 -14620.9 -14.5851
2406000 301.919 -14600.9 8.26496
2407000 299.991 -14620 0.188523
2408000 300.982 -14635.1 -3.60266
2409000 299.86 -14649 7.83251
2410000 299.318 -14680.2 -3.89354
2411000 299.215 -14675.9 1.07635
2412000 301.106 -14679.9 -2.2506
2413000 298.602 -14710.2 3.77291
2414000 300.437 -14633.5 1.56678
2415000 299.101 -14644.4 -7.58
2416000 301.217 -14608.9 3.0984
2417000 300.671 -14620 7.0175
2418000 300.366 -14601.9 7.39069
2419000 299.099 -14647.9 5.75393
2420000 300.692 -14601.6 -5.75427
2421000 299.378 -14700.9 4.5518
2422000 299.646 -14687.4 4.53123
2423000 299.534 -14648.2 8.81366
2424000 300.179 -14599 -6.09291
2425000 299.469 -14622 12.3002
2426000 299.692 -14655.1 -2.39365
2427000 299.31 -14637 -0.134697
2428000 299.6 -14653.9 6.31704
2429000 299.332 -14674.6 7.70344
2430000 299.117 -14688.3 -5.1027
2431000 298.999 -14648 -0.47593
2432000 298.239 -14695.8 5.24093
2433000 300.617 -14630.2 -1.92897
2434000 300.053 -14667.3 0.246025
2435000 302.141 -14604.6 4.71332
2436000 300.127 -14597.5 -0.844728
2437000 300.74 -14599.4 -3.81978
2438000 300.861 -14647.8 9.37327
2439000 301.454 -14603.7 0.300373
2440000 303.077 -14618.6 2.45921
2441000 300.329 -14675 6.22811
2442000 299.764 -14706.5 -6.00473
2443000 298.393 -14699.9 -0.159674
2444000 301.883 -14629.9 10.7981
2445000 299.196 -14679.4 8.14643
2446000 299.465 -14677.1 -2.02635
2447000 301.345 -14657.2 -10.9838
2448000 300.966 -14668.3 4.64524
2449000 298.699 -14671.5 10.2227
2450000 299.787 -14600.1 0.6399
2451000 300.176 -14605.4 5.91713
2452000 301.628 -14579.3 -6.36217
2453000 299.51 -14637.5 -11.0451
2454000 300.306 -14627.3 5.16428
2455000 300.655 -14652.8 -1.04426
2456000 299.87 -14627.2 8.42968
2457000 300.143 -14632.3 -2.54966
2458000 300.167 -14687.3 -0.0488512
2459000 301.881 -14609.7 -0.829817
2460000 299.325 -14704.6 -2.08793
2461000 298.633 -14637.4 -2.38392
2462000 300.123 -14617.4 4.8911
2463000 299.987 -14640.5 -1.62133
2464000 300.381 -14610.6 3.88873
2465000 299.994 -14660.3 0.432281
2466000 300.054 -14658.4 -2.64462
2467000 299.266 -14674.9 -3.02828
2468000 303.155 -14595.2 -7.96588
2469000 300.555 -14595.9 5.82421
2470000 300.003 -14652.9 -13.1344
2471000 297.82 -14688.7 8.86198
2472000 299.247 -14692 3.81104
2473000 300.539 -14648.5 1.13927
2474000 299.459 -14652.3 2.90743
2475000 298.993 -14733.1 7.92809
2476000 299.942 -14654.8 0.750528
2477000 300.693 -14661.7 -2.37073
2478000 300.752 -14632.5 0.0432436
2479000 301.073 -14585.9 -9.07647
2480000 297.387 -14647.5 4.98306
2481000 300.793 -14670.7 -0.608907
2482000 297.824 -14658.9 -2.58502
2483000 302.528 -14661.8 8.46589
2484000 299.185 -14671.9 6.32712
2485000 301.735 -14624.5 5.25892
2486000 299.318 -14648.2 -8.36847
2487000 302.272 -14650.4 11.9292
2488000 298.063 -14664.8 -2.62885
2489000 301.049 -14608.7 6.69683
2490000 302.499 -14612.2 -2.8097
2491000 300.696 -14648.5 -6.99356
2492000 299.805 -14726.4 4.9944
2493000 300.409 -14665 -3.16272
2494000 297.595 -14669.3 -4.12662
2495000 299.926 -14669.8 -6.51857
2496000 300.863 -14674 4.92135
2497000 298.839 -14680.6 6.07798
2498000 300.679 -14636.1 -0.224125
2499000 300.849 -14616.6 -4.87369
2500000 300.525 -14675.1 -0.188959
2501000 300.207 -14675.6 4.69097
2502000 300.56 -14606.1 -6.37226
2503000 298.186 -14678.2 6.88856
2504000 299.159 -14681.3 0.0733901
2505000 299.735 -14647.4 7.18187
2506000 299.088 -14697.1 -0.0150413
2507000 301.49 -14677.6 10.0077
2508000 302.523 -14633.6 -11.4245
2509000 301.157 -14605.3 -2.07787
2510000 300.359 -14680.4 3.87072
2511000 298.309 -14678.4 -2.24539
2512000 298.844 -14655.9 2.92688
2513000 298.168 -14650.8 17.0339
2514000 300.87 -14647.7 -1.43586
2515000 300.519 -14626.6 -5.5376
2516000 298.645 -14674.7 4.03968
2517000 297.916 -14688 -3.80985
2518000 300.308 -14646.2 -3.61889
2519000 298.463 -14676.7 21.9156
2520000 299.336 -14709.7 -8.70488
2521000 300.799 -14633.6 1.45506
2522000 299.256 -14685.8 -3.52941
2523000 298.605 -14647.3 0.560924
2524000 300.953 -14641.5 6.69508
2525000 302.058 -14606 -7.3984
2526000 299.245 -14678.1 8.4582
2527000 300.06 -14640.2 -8.29572
2528000 300.413 -14587.8 -0.707112
2529000 299.741 -14652.3 6.65872
2530000 301.224 -14666.4 3.86277
2531000 298.99 -14648.4 8.53062
2532000 298.814 -14667 0.705303
2533000 299.17 -14695.8 1.26194
2534000 301.57 -14632.1 1.95902
2535000 299.681 -14691.6 -2.88662
2536000 299.651 -14667.2 8.67005
2537000 298.927 -14673.9 -6.81798
2538000 299.825 -14659.5 -2.52631
2539000 299.728 -14646 -3.08321
2540000 301.334 -14572.5 -0.0532552
2541000 301.398 -14606.1 5.83782
2542000 300.004 -14690.6 -10.0265
2543000 299.767 -14659.2 17.318
2544000 298.551 -14653.3 -2.89603
2545000 299.112 -14644.6 6.22877
2546000 298.623 -14678.1 13.0224
2547000 301.009 -14604.6 -2.87595
2548000 301.334 -14608.1 10.1233
2549000 300.94 -14648.7 -6.93063
2550000 301.762 -14649.8 4.93347
2551000 300.249 -14666.7 3.12397
2552000 299.65 -14676.1 -4.23286
2553000 300.52 -14603.6 6.67389
2554000 300.672 -14627.6 -9.5959
2555000 300.514 -14636.2 5.77759
2556000 299.155 -14623.4 -5.61072
2557000 301.101 -14636.5 12.002
2558000 297.167 -14704.9 1.16435
2559000 300.802 -14634.2 10.5325
2560000 299.887 -14703.6 -1.81696
2561000 300.777 -14659.3 2.5225
2562000 297.804 -14684.3 3.8552
2563000 301.094 -14679 -0.0751382
2564000 299.57 -14679.3 0.891562
2565000 300.647 -14626.9 -5.63448
2566000 301.017 -14678.7 -2.17675
2567000 299.436 -14632.1 -0.542369
2568000 299.989 -14657.9 -2.29202
2569000 299.974 -14660.5 -8.45215
2570000 300.998 -14608.4 17.5577
2571000 300.142 -14660.6 -12.2431
2572000 299.819 -14693 6.3555
2573000 300.772 -14678.7 -12.8328
2574000 301.286 -14624 0.635388
2575000 299.683 -14617.7 6.68428
2576000 299.851 -14603.1 0.584636
2577000 300.222 -14619.6 4.3318
2578000 300.975 -14632.9 18.5124
2579000 300.248 -14615.6 1.34838
2580000 299.593 -14682.6 4.46447
2581000 301.942 -14634 2.63328
2582000 300.524 -14652.7 -6.10834
2583000 301.2 -14647.5 -16.4964
2584000 301.732 -14614.3 7.26277
2585000 299.493 -14658.8 2.98355
2586000 299.309 -14683.6 2.32151
2587000 300.304 -14644.9 2.75662
2588000 299.596 -14652.6 -1.26753
2589000 299.589 -14649.1 1.18817
2590000 300.068 -14601.1 -7.72179
2591000 298.785 -14655.5 20.8431
2592000 299.909 -14670.8 -7.49181
2593000 301.705 -14656.9 -1.51837
2594000 298.33 -14667.3 15.0187
2595000 299.875 -14625.7 2.09272
2596000 299.91 -14659.8 -6.94723
2597000 300.411 -14643.1 11.2066
2598000 301.303 -14670.2 -12.9228
2599000 299.604 -14715.2 3.7442
2600000 299.725 -14670.2 -0.458939
2601000 300.991 -14600.1 0.139174
2602000 299.449 -14638.1 8.92692
2603000 300.425 -14652.3 -5.27678
2604000 301.144 -14640.1 3.90988
2605000 299.585 -14689.2 2.27392
2606000 301.142 -14623 3.93777
2607000 299.864 -14583.6 1.4853
2608000 300.244 -14630.7 -5.8059
2609000 301.142 -14617.9 1.58945
2610000 298.137 -14695.7 -2.46931
2611000 300.684 -14610.8 18.1339
2612000 299.556 -14665.4 -2.03428
2613000 298.759 -14651.6 -6.42537
2614000 300.539 -14684.5 -1.77157
2615000 298.366 -14744.5 -0.537845
2616000 300.336 -14674 -0.937431
2617000 302.209 -14596.4 3.61219
2618000 301.474 -14625.1 -5.55729
2619000 299.354 -14649.2 5.89
2620000 298.174 -14668.3 1.5877
2621000 301.658 -14682.9 -13.3278
2622000 298.704 -14650 -0.445525
2623000 299.36 -14646.4 12.516
2624000 299.549 -14627.8 -7.56668
2625000 299.159 -14613.3 -4.72557
2626000 300.388 -14625.5 17.5677
2627000 301.111 -14565.9 0.153688
2628000 300.396 -14616.8 2.4984
2629000 299.991 -14671.1 -0.774957
2630000 301.719 -14635.9 15.5359
2631000 301.575 -14606 -9.45184
2632000 301.23 -14613.5 -5.77218
2633000 300.958 -14641.6 -0.744697
2634000 300.813 -14628.7 -0.983263
2635000 299.77 -14628.2 -2.6401
2636000 300.195 -14649.9 -8.06508
2637000 299.776 -14630.8 11.6282
2638000 300.369 -14681.3 -7.42735
2639000 301.402 -14664.2 5.97766
2640000 300.193 -14657.1 -8.0063
2641000 300.912 -14662.4 17.3612
2642000 301.413 -14662.3 -8.08433
2643000 300.391 -14632.4 -2.68085
2644000 297.279 -14684.1 6.31447
2645000 298.549 -14685.2 5.42496
2646000 299.981 -14622.7 -5.55273
2647000 302.904 -14593.5 1.03109
2648000 297.678 -14646.9 9.94671
2649000 301.163 -14665.3 -4.90628
2650000 299.514 -14661.5 7.40998
2651000 298.831 -14618.3 6.92599
2652000 300.316 -14614.7 -3.86732
2653000 299.863 -14690.2 3.68277
2654000 299.633 -14619.7 -1.85402
2655000 299.707 -14599.7 6.7938
2656000 298.522 -14706.9 12.1145
2657000 299.391 -14623.2 -0.373173
2658000 301.503 -14661.4 -6.26353
2659000 300.066 -14606.5 11.1961
2660000 300.496 -14642.4 2.36955
2661000 298.548 -14582.5 -10.5063
2662000 299.077 -14689.8 5.47799
2663000 301.378 -14645.7 13.9848
2664000 299.927 -14626.1 -10.3205
2665000 299.905 -14664.9 7.76036
2666000 299.484 -14599.7 -2.81858
2667000 301.054 -14662.8 2.90586
2668000 299.583 -14644.3 -1.76022
2669000 300.206 -14607.6 -5.59163
2670000 299.671 -14625.5 8.05317
2671000 298.961 -14614.9 3.93852
2672000 301.07 -14603.6 -5.29036
2673000 298.826 -14657.8 -1.94637
2674000 298.24 -14702.1 3.02461
2675000 300.221 -14663.5 1.76178
2676000 299.544 -14642.7 6.30614
2677000 301.71 -14614.1 -2.42014
2678000 299.563 -14639.8 5.35949
2679000 298.741 -14701.9 -5.83349
2680000 299.966 -14668.1 3.16609
2681000 300.127 -14678.9 2.18026
2682000 300.314 -14650 -8.18758
2683000 299.931 -14694.3 -0.32914
2684000 300.249 -14677.7 5.16991
2685000 297.592 -14690.5 2.97249
2686000 300.431 -14650.3 3.82027
2687000 298.509 -14657.4 -0.561589
2688000 301.342 -14652.9 -3.01644
2689000 300.748 -14641.8 -2.33737
2690000 301.226 -14667.1 3.47196
2691000 300.479 -14616.9 8.32626
2692000 299.987 -14623.7 -4.44579
2693000 301.446 -14612.9 5.62434
2694000 299.776 -14651 0.842171
2695000 299.557 -14666.9 13.4758
2696000 299.829 -14647.7 -3.0449
2697000 298.379 -14675 7.23146
2698000 299.952 -14676.3 5.09128
2699000 298.44 -14706.7 -2.85206
2700000 298.539 -14670.9 1.91891
2701000 300.161 -14650.5 6.00104
2702000 299.159 -14653.3 -6.24977
2703000 297.689 -14632 10.4849
2704000 299.42 -14681.8 12.4013
2705000 300.304 -14622 -9.99429
2706000 300.204 -14602.3 14.702
2707000 299.686 -14574.2 17.5431
2708000 300.09 -14636.5 4.01723
2709000 299.242 -14616.6 -2.77667
2710000 298.462 -14709.7 4.63588
2711000 301.069 -14643.6 -1.804
2712000 301.902 -14577.1 -0.411154
2713000 300.399 -14629.2 6.33595
2714000 300.571 -14609.8 14.5364
2715000 299.394 -14661.7 -0.0425275
2716000 298.313 -14642.8 10.2659
2717000 300 -14661.4 -17.985
2718000 298.139 -14695.3 13.9825
2719000 299.482 -14590.3 1.52219
2720000 299.041 -14615.7 -2.46004
2721000 299.491 -14649 8.68369
2722000 300.13 -14707.1 -11.8025
2723000 299.449 -14651.3 7.11119
2724000 301.775 -14645.7 -1.6585
2725000 299.881 -14683.3 -10.4181
2726000 301.068 -14612.4 10.4013
2727000 300.752 -14619 -5.2845
2728000 298.583 -14672.7 9.5803
2729000 301.568 -14589.6 3.85009
2730000 299.804 -14669.9 1.67613
2731000 300.292 -14660.7 -9.34055
2732000 300.602 -14655.1 -3.88083
2733000 299.29 -14679.7 -2.02427
2734000 301.482 -14643.6 -14.2415
2735000 300.886 -14663.2 8.02384
2736000 301.026 -14641.5 8.43824
2737000 299.487 -14670.9 -1.41627
2738000 300.767 -14610.5 10.1452
2739000 299.671 -14655.2 5.23215
2740000 298.833 -14654.3 -5.97222
2741000 300.662 -14643.1 12.4826
2742000 300.262 -14631.5 0.352589
2743000 299.552 -14646.2 12.4342
2744000 299.886 -14642.6 -11.0755
2745000 299.088 -14667 5.59556
2746000 301.477 -14607.3 2.39999
2747000 299.981 -14636.7 3.99348
2748000 299.646 -14630.9 4.67583
2749000 300.3 -14668.6 -3.581
2750000 299.963 -14729.6 -13.5769
2751000 299.451 -14694 7.18602
2752000 296.584 -14708.5 8.97092
2753000 300.35 -14632.4 -1.7916
2754000 298.591 -14676.5 -4.69174
2755000 301.948 -14595.1 11.337
2756000 301.205 -14661.3 -10.7501
2757000 299.274 -14728.4 8.78522
2758000 297.907 -14687.7 -1.2036
2759000 298.934 -14751.2 -2.48986
2760000 298.885 -14667.2 -5.58253
2761000 300.384 -14649.2 9.28851
2762000 301.533 -14648.2 4.14412
2763000 301.154 -14648.9 -13.1804
2764000 299.267 -14663.8 10.7598
2765000 300.922 -14671 -5.14106
2766000 301.027 -14626.6 -9.98041
2767000 299.27 -14660.4 9.76527
2768000 299.923 -14675.3 12.1203
2769000 299.828 -14666.2 -0.417675
2770000 301.057 -14610 -1.17444
2771000 300.079 -14672.7 3.20081
2772000 300.866 -14611.4 9.12063
2773000 301.506 -14631.6 -4.24172
2774000 300.397 -14665.4 7.89116
2775000 300.907 -14679.2 0.949174
2776000 298.967 -14713.1 6.61774
2777000 299.376 -14672.9 0.239046
2778000 299.819 -14630.8 2.21234
2779000 299.253 -14625.9 5.70434
2780000 299.201 -14663.4 -2.30733
2781000 300.286 -14666.6 -3.28381
2782000 302.297 -14615.2 3.07915
2783000 299.413 -14674.3 8.33431
2784000 300.48 -14644.6 -9.08405
2785000 299.387 -14708.1 10.4641
2786000 298.625 -14665.6 -8.10533
2787000 300.318 -14645 11.9233
2788000 296.568 -14702.4 1.44988
2789000 300.098 -14650.6 -10.1881
2790000 300.395 -14656.3 12.6174
2791000 300.952 -14657.8 -5.24291
2792000 299.27 -14654.1 8.97958
2793000 300.603 -14611 -7.48843
2794000 299.439 -14644 2.56501
2795000 300.57 -14664.3 4.2228
2796000 299.362 -14639.7 -2.72482
2797000 299.896 -14643.3 8.04331
2798000 300.168 -14655.9 2.96739
2799000 299.668 -14652.4 -2.60267
2800000 298.737 -14698.9 -3.38098
2801000 298.607 -14662.7 0.564901
2802000 301.972 -14574 5.95983
2803000 301.423 -14625.7 -1.43261
2804000 301.492 -14619.7 -7.80491
2805000 300.959 -14667.9 -3.07464
2806000 301.633 -14644.1 5.47328
2807000 300.351 -14669.6 -10.0292
2808000 299.977 -14690 1.67264
2809000 298.999 -14659.6 16.3164
2810000 300.493 -14663.5 0.663136
2811000 300.211 -14681.3 0.295621
2812000 300.224 -14652.6 1.61639
2813000 299.224 -14673.6 -2.24628
2814000 299.814 -14667.6 -9.76233
2815000 298.923 -14674.7 0.479786
2816000 298.986 -14669.6 1.24208
2817000 299.459 -14658.8 1.15735
2818000 300.207 -14659 7.09998
2819000 299.762 -14663 9.56683
2820000 299.245 -14636.9 -2.76094
2821000 301.673 -14601.6 6.06428
2822000 300.757 -14712 -12.7572
2823000 298.189 -14670.6 3.58173
2824000 300.5 -14659.8 6.48763
2825000 299.567 -14713.1 -3.58891
2826000 299.542 -14728.7 -3.34725
2827000 299.708 -14666.4 -4.99637
2828000 298.973 -14631.8 5.70568
2829000 300.327 -14629 14.6329
2830000 301.588 -14601.1 0.877339
2831000 299.139 -14667.5 0.932629
2832000 300.383 -14640.2 -0.706444
2833000 301.402 -14610.6 -6.46872
2834000 300.279 -14625.6 8.32447
2835000 300.279 -14641.2 2.52774
2836000 299.597 -14618.1 0.51386
2837000 298.324 -14677.6 11.3556
2838000 300.012 -14629.4 0.760385
2839000 299.326 -14664.8 5.1935
2840000 300.843 -14631.6 -0.0356712
2841000 301.618 -14634.3 3.11482
2842000 299.053 -14665.9 1.24907
2843000 298.354 -14656.5 -10.0471
2844000 299.859 -14640.1 6.08162
2845000 300.998 -14589.4 -2.71872
2846000 300.899 -14650.7 -14.7626
2847000 298.668 -14671.6 3.86211
2848000 301.749 -14637.7 -0.96834
2849000 299.854 -14680.1 14.3127
2850000 302.462 -14599.9 -9.99552
2851000 299.474 -14673.8 -7.72071
2852000 298.907 -14682.4 -2.6936
2853000 300.394 -14616.1 6.90041
2854000 302.158 -14614.7 -8.00846
2855000 298.553 -14661.9 12.1565
2856000 299.713 -14618.3 2.1802
2857000 298.875 -14660.9 6.26498
2858000 300.129 -14639.3 -2.75016
2859000 298.274 -14670.6 6.12807
2860000 299.337 -14669.6 4.35137
2861000 300.641 -14650 -2.28271
2862000 299.97 -14661.5 -6.4649
2863000 300.145 -14578.7 18.7272
2864000 300.668 -14667.8 -0.0224722
2865000 299.927 -14629 -3.20608
2866000 299.757 -14616.9 10.7405
2867000 300.145 -14649.3 -3.34745
2868000 302.25 -14649 -7.90603
2869000 300.095 -14625.5 3.71491
2870000 298.246 -14654.1 1.62735
2871000 299.661 -14643.5 -5.14333
2872000 298.804 -14641.4 0.608921
2873000 300.009 -14637.2 -0.153089
2874000 300.583 -14649.8 -5.8195
2875000 299.094 -14680.3 2.89366
2876000 298.303 -14701.4 -7.14172
2877000 299.6 -14668.4 -9.09787
2878000 299.638 -14597.4 12.3511
2879000 299.364 -14670.6 4.01908
2880000 300.037 -14692.8 -5.54588
2881000 299.174 -14699.1 13.2823
2882000 301.62 -14638.4 -12.879
2883000 300.324 -14654.3 7.64593
2884000 299.461 -14634.7 -9.50142
2885000 298.638 -14663.7 10.5628
2886000 299.202 -14655.5 -1.58018
2887000 298.882 -14706.8 4.1013
2888000 301.364 -14650.5 9.65458
2889000 299.63 -14671.9 7.93872
2890000 302.122 -14685.7 2.63125
2891000 299.293 -14752.7 1.45187
2892000 297.594 -14710.5 -14.3866
2893000 300.092 -14691.2 5.08449
2894000 298.994 -14628.5 11.4183
2895000 300.746 -14615.6 -5.48733
2896000 299.981 -14643 4.10094
2897000 300.633 -14604.7 2.57538
2898000 298.12 -14725.7 10.3928
2899000 299.28 -14670.8 -2.25163
2900000 300.796 -14628.8 -9.05669
2901000 299.567 -14666.6 -1.24188
2902000 300.766 -14672.4 2.36614
2903000 300.526 -14639.9 -1.09667
2904000 299.568 -14656.8 4.69991
2905000 300.396 -14687.1 -6.30178
2906000 300.05 -14636.8 1.45604
2907000 300.76 -14647.2 -4.15767
2908000 299.276 -14649.7 5.93831
2909000 301.044 -14639.2 4.1892
2910000 300.129 -14666.8 -6.03485
2911000 299.451 -14693.8 14.0386
2912000 299.104 -14694.7 -3.12336
2913000 299.317 -14668 -3.06527
2914000 298.232 -14664.8 8.70205
2915000 299.511 -14675.2 -3.03745
2916000 300.344 -14645.4 8.70043
2917000 299.082 -14679.5 -8.62764
2918000 300.163 -14659.5 1.8607
2919000 298.848 -14680.6 3.97441
2920000 300.242 -14630.2 -7.00211
2921000 300.84 -14623.9 1.56932
2922000 299.344 -14699.3 10.8794
2923000 297.897 -14699.3 0.59725
2924000 300.837 -14662.3 -1.6099
2925000 299.212 -14607.7 -2.56989
2926000 299.517 -14645.4 8.1929
2927000 300.251 -14675.4 6.5173
2928000 301.719 -14629.4 1.18706
2929000 300.43 -14657 8.70504
2930000 300.529 -14637.3 -4.47119
2931000 300.343 -14678.5 9.01716
2932000 299.291 -14686.5 9.0887
2933000 300.287 -14638.5 3.64007
2934000 297.825 -14650.4 -4.09357
2935000 301.301 -14618.6 3.10026
2936000 300.504 -14649.9 5.6508
2937000 301.111 -14627.3 -9.59306
2938000 300.752 -14651.8 -0.153685
2939000 300.104 -14621.3 6.43311
2940000 299.575 -14674.4 -7.33192
2941000 298.493 -14690.6 -0.79208
2942000 300.126 -14672.5 6.04402
2943000 299.759 -14649.4 -13.5574
2944000 299.235 -14711.1 3.98431
2945000 299.321 -14684.4 4.76209
2946000 299.448 -14667.9 1.19945
2947000 299.841 -14661.9 1.18007
2948000 298.887 -14702 3.4921
2949000 298.502 -14689.3 6.09974
2950000 301.526 -14639.2 -4.74747
2951000 299.399 -14745.3 13.154
2952000 301.1 -14690.6 -10.9798
2953000 298.208 -14687.4 5.88487
2954000 299.277 -14685.5 -4.50806
2955000 298.259 -14684 -1.61074
2956000 298.992 -14675 6.65782
2957000 302.168 -14621.5 -2.49247
2958000 299.632 -14626.4 3.80699
2959000 301.122 -14605 -4.17326
2960000 299.511 -14635.2 -1.19693
2961000 300.247 -14627.7 -3.93279
2962000 300.201 -14667.9 -0.419008
2963000 299.936 -14652 -5.4481
2964000 299.316 -14688.2 13.8015
2965000 301.123 -14631.9 -9.14657
2966000 298.62 -14690 6.33714
2967000 300.38 -14667.3 -4.03161
2968000 298.843 -14681.7 -2.34502
2969000 299.517 -14701.9 -0.460991
2970000 301.079 -14635.7 15.7358
2971000 297.885 -14694.3 4.08114
2972000 301.736 -14685.4 -9.61209
2973000 298.21 -14687.3 14.6755
2974000 298.899 -14684.5 4.11794
2975000 300.853 -14659.8 8.68197
2976000 299.456 -14659 -9.01877
2977000 300.787 -14653.8 1.7912
2978000 300.702 -14642.2 4.26778
2979000 300.047 -14647.9 -0.481047
2980000 299.769 -14644.5 -8.72988
2981000 299.356 -14690.7 3.92229
2982000 299.193 -14639.5 4.8951
2983000 300.517 -14596.9 -2.232
2984000 300.416 -14636.8 -5.26852
2985000 299.947 -14609.3 13.4468
2986000 300.777 -14672.6 -1.40376
2987000 301.428 -14671.2 -11.7711
2988000 300.323 -14682.4 7.10552
2989000 298.197 -14669.3 -6.8118
2990000 299.907 -14646.5 -0.426172
2991000 299.665 -14632.1 10.026
2992000 299.062 -14632.3 -11.9195
2993000 301.085 -14594.4 7.79242
2994000 300.727 -14623.1 5.00301
2995000 301.736 -14638.3 -4.59133
2996000 300.253 -14641 2.89326
2997000 299.899 -14678.9 1.78896
2998000 299.776 -14698.7 -0.379601
2999000 299.567 -14651.2 -2.20156
3000000 300.591 -14652.6 6.39177
