# Time-averaged data for fix 3
# TimeStep v_Temperature v_PotentialEnergy v_Pressure
2000 300.001 -16401.3 -6.73825
3000 300.768 -16547.9 10.7698
4000 299.855 -16580.4 -6.10204
5000 300.157 -16614 -3.1745
6000 299.007 -16642.6 6.1698
7000 300.354 -16658.3 -2.14546
8000 299.295 -16643 1.31144
9000 300.945 -16544.4 7.49381
10000 302.118 -16535.7 -5.04959
11000 301.639 -16588.1 -0.365784
12000 300.835 -16627.6 1.74136
13000 302.329 -16634 -4.76589
14000 298.749 -16668 16.8336
15000 298.166 -16738.7 -13.8329
16000 299.154 -16640.5 14.96
17000 298.761 -16675.3 -8.30521
18000 300.948 -16612.8 11.9526
19000 299.613 -16656.1 -11.9333
20000 298.881 -16635.6 9.71313
21000 301.325 -16596.4 -0.232188
22000 301.514 -16615.1 -7.95372
23000 300.489 -16625.7 7.14498
24000 298.047 -16656.3 0.0789368
25000 300.071 -16652.5 6.47847
26000 302.446 -16628.1 3.83296
27000 297.966 -16701.2 8.29563
28000 300.691 -16651.6 4.59105
29000 300.923 -16662.1 -7.03941
30000 298.717 -16658.8 -2.5018
31000 300.897 -16623.3 -17.1344
32000 299.884 -16656 13.2075
33000 298.349 -16699.9 -1.67697
34000 299.611 -16683.8 -0.542773
35000 297.954 -16689.1 6.86659
36000 300.226 -16675.4 -1.45217
37000 301.102 -16700 -7.27351
38000 300.559 -16657.5 15.7247
39000 299.676 -16666.2 -4.3772
40000 298.177 -16694.8 -7.50927
41000 300.599 -16636.8 1.76724
42000 298.754 -16733.2 4.76812
43000 299.477 -16642.6 -9.56874
44000 300.643 -16665.4 6.23872
45000 300.256 -16651.3 -8.61875
46000 299.141 -16651.5 -3.19698
47000 299.322 -16636.2 -1.41333
48000 297.183 -16700.7 18.9003
49000 299.058 -16731.1 -3.32777
50000 300.2 -16625.5 9.18831
51000 301.047 -16628.1 0.916017
52000 299.109 -16654.8 1.07583
53000 299.088 -16655.3 -5.4079
54000 298.664 -16600.8 1.19428
55000 298.48 -16637.6 7.25509
56000 302.568 -16607.1 -11.5236
57000 300.508 -16631.9 -0.406258
58000 300.503 -16712.6 -1.49953
59000 300.754 -16648.2 -2.92352
60000 300.21 -16624.7 -2.49
61000 301.801 -16669.7 -13.4542
62000 299.396 -16657.4 0.838413
63000 299.586 -16630.3 -0.59062
64000 299.214 -16588 5.45055
65000 300.883 -16617.5 11.9754
66000 301.023 -16656.3 -11.9256
67000 301.211 -16652.8 -0.594082
68000 302.071 -16617.5 15.5122
69000 299.518 -16652.3 -4.40986
70000 299.315 -16663.5 -3.12085
71000 299.065 -16605.4 -3.28988
72000 298.816 -16609.6 14.7673
73000 299.59 -16661 -0.84371
74000 298.78 -16661.4 8.99559
75000 301.398 -16671.6 -2.87427
76000 300.119 -16618.5 2.63059
77000 300.448 -16695.4 10.4121
78000 299.523 -16696.7 -14.9411
79000 301.397 -16594.1 5.74808
80000 300.967 -16626.3 -1.81887
81000 300.94 -16655.2 -10.8704
82000 298.3 -16668.7 5.13988
83000 300.058 -16705 -1.95795
84000 300.974 -16661.6 -13.6018
85000 299.297 -16679.5 0.657524
86000 301.078 -16611.8 7.12935
87000 299.519 -16627 1.49697
88000 298.433 -16677.1 6.92988
89000 299.991 -16635.9 2.20583
90000 299.294 -16689.8 -0.70788
91000 299.952 -16567.9 -1.51414
92000 301.709 -16568.8 2.48108
93000 299.98 -16602 4.36953
94000 299.813 -16626 6.81305
95000 299.681 -16624.9 2.25728
96000 300.747 -16614.8 2.86387
97000 300.524 -16589.9 -8.36563
98000 300.245 -16639.9 -4.20622
99000 298.342 -16626.1 4.23445
100000 298.905 -16607 2.78928
101000 299.04 -16629.5 -8.51218
102000 299.162 -16643 5.08668
103000 298.642 -16637.2 5.58586
104000 300.221 -16670.9 2.02271
105000 299.766 -16667.5 4.29047
106000 299.363 -16747.8 -8.66391
107000 301.508 -16690.7 -1.84778
108000 300.369 -16680.7 -6.30416
109000 299.227 -16656.6 -4.09442
110000 300.796 -16575.9 1.97344
111000 301.679 -16570.8 -0.218454
112000 300.415 -16691.2 6.57773
113000 300.538 -16662.8 6.83596
114000 300.751 -16605.7 2.63707
115000 300.118 -16629.3 -7.33304
116000 297.574 -16670.2 9.83786
117000 300.289 -16636 10.6345
118000 299.727 -16692 -15.4209
119000 300.908 -16677.2 -1.88853
120000 302.034 -16585.9 3.42551
121000 300.268 -16599.2 11.5076
122000 299.758 -16656.6 5.69419
123000 301.226 -16623.5 -13.1868
124000 300.945 -16672.7 -8.29094
125000 299.352 -16689.8 -4.42084
126000 300.793 -16701.1 -9.81859
127000 298.936 -16648.1 16.0798
128000 299.157 -16699.2 -7.52944
129000 299.871 -16648.1 5.60458
130000 300.311 -16620.1 -0.42132
131000 300.942 -16619.1 8.20225
132000 303.459 -16522.4 -5.80433
133000 298.37 -16621.3 2.30769
134000 300.044 -16652.5 1.46535
135000 298.382 -16691 -9.76264
136000 300.971 -16571 10.0379
137000 299.215 -16608.4 -1.83725
138000 298.639 -16650.5 10.3695
139000 300.547 -16678.1 -8.41941
140000 297.566 -16644.5 1.26516
141000 300.646 -16630.4 0.841699
142000 299.713 -16681.2 1.86412
143000 300.425 -16643.4 0.887105
144000 301.487 -16601.4 -4.6543
145000 300.728 -16538.5 -1.03478
146000 301.007 -16589.4 15.4854
147000 301.429 -16618.8 -4.70573
148000 299.724 -16631.4 16.1123
149000 298.006 -16686.5 -14.4627
150000 298.954 -16699.1 5.22458
151000 301.149 -16659.1 -4.85221
152000 302.636 -16598.2 7.46641
153000 299.516 -16643.8 1.83833
154000 299.826 -16564.1 0.669774
155000 299.755 -16559.5 5.0245
156000 297.969 -16665.7 6.0603
157000 300.9 -16605.8 -8.33479
158000 300.766 -16635.8 12.1011
159000 298.478 -16644.9 5.81729
160000 300.201 -16619.4 -4.81079
161000 299.78 -16666.8 0.0189783
162000 298.833 -16625 7.80115
163000 299.814 -16595.3 5.61899
164000 301.475 -16668.5 1.21078
165000 300.785 -16687.9 0.93293
166000 300.315 -16685.6 5.24173
167000 301.354 -16637.9 -20.5026
168000 299.959 -16618 -8.63261
169000 299.177 -16624 -2.47054
170000 297.653 -16676.9 3.86751
171000 299.611 -16706.6 3.18589
172000 301.06 -16668 -12.7935
173000 299.065 -16705.7 -0.838472
174000 298.815 -16602.8 -1.75308
175000 298.019 -16662.5 23.1721
176000 299.09 -16655.4 -3.69455
177000 301.802 -16650.7 0.0839371
178000 299.48 -16680.1 11.1442
179000 301.322 -16638.4 -0.833937
180000 300.627 -16647 3.21111
181000 301.648 -16606.4 9.65212
182000 298.567 -16652 -4.8505
183000 300.996 -16617.8 3.40805
184000 301.81 -16608.3 0.698562
185000 301.712 -16659.8 -11.603
186000 300.377 -16697.5 -7.83901
187000 300.412 -16607.9 4.97542
188000 301.262 -16636 3.99125
189000 301.035 -16661 -1.53351
190000 301.265 -16657.4 -10.1397
191000 300.369 -16664.9 -0.449067
192000 298.99 -16686.3 -5.57642
193000 301.063 -16589 3.29669
194000 298.494 -16680.6 1.01077
195000 299.421 -16666.5 11.9824
196000 299.489 -16719.1 -8.35557
197000 299.892 -16681.7 9.44501
198000 299.295 -16648.7 -8.85586
199000 300.575 -16622.7 16.3228
200000 299.367 -16626.8 3.8547
201000 301.479 -16583.3 -6.58358
202000 298.172 -16659.7 -11.2146
203000 300.42 -16618 -1.52887
204000 300.592 -16647.9 -3.14238
205000 299.523 -16672 -7.75993
206000 300.14 -16671.1 7.42476
207000 300.073 -16639.8 9.27711
208000 299.775 -16657.9 -0.461507
209000 298.628 -16645.2 4.37488
210000 298.812 -16650.4 -4.08678
211000 299.908 -16633.4 -2.30006
212000 299.244 -16660.9 6.21707
213000 298.45 -16673 -2.99648
214000 299.463 -16597.4 -1.03743
215000 302.843 -16556.4 -4.70525
216000 299.853 -16609.4 8.90017
217000 300.729 -16567.9 3.19731
218000 300.074 -16614.9 9.0967
219000 298.806 -16615.1 5.22363
220000 299.286 -16601.3 7.16656
221000 300.248 -16635.4 4.2558
222000 301.317 -16618 -14.4696
223000 299.426 -16666.2 -6.15793
224000 301.406 -16635.2 5.95509
225000 301.747 -16622.6 -14.9299
226000 300.933 -16651.8 6.22626
227000 299.942 -16689.1 -4.11397
228000 300.127 -16620.5 -6.07644
229000 299.763 -16613.9 -2.10571
230000 299.906 -16687 5.19304
231000 301.474 -16684.9 -18.0551
232000 300.729 -16699 4.78041
233000 300.034 -16689.6 -3.69238
234000 299.346 -16746.1 3.37483
235000 298.951 -16732.5 -4.99822
236000 299.433 -16681.4 -1.33683
237000 300.502 -16592 -1.50803
238000 300.121 -16677 12.4274
239000 299.215 -16638.3 5.99196
240000 299.071 -16681 8.69225
241000 299.601 -16692.3 -7.28769
242000 300.521 -16697 5.15976
243000 300.54 -16730.4 -1.04154
244000 299.773 -16681 -4.77841
245000 300.469 -16643.7 17.5574
246000 299.588 -16621.3 -7.09242
247000 302.351 -16657.4 15.0121
248000 300.223 -16666.1 -5.29294
249000 300.816 -16609.1 6.52937
250000 300.549 -16638.1 -14.7946
251000 300.363 -16644.8 -11.5702
252000 299.807 -16590.3 14.6003
253000 299.741 -16618.5 10.6544
254000 301.166 -16616.6 -11.067
255000 298.995 -16666.2 1.38272
256000 301.313 -16694.6 -9.33382
257000 299.627 -16691.4 2.8981
258000 301.946 -16632.1 -5.44549
259000 300.252 -16633.2 14.8802
260000 298.839 -16660.5 -8.72095
261000 298.885 -16651.5 -12.2329
262000 299.55 -16610.5 5.09617
263000 298.736 -16633.8 4.49833
264000 301.109 -16615.2 -4.67699
265000 302.008 -16646.8 -3.77451
266000 300.286 -16669 -12.5955
267000 298.324 -16645.9 15.7355
268000 300.429 -16619.6 -5.3221
269000 303.653 -16559.1 -15.4363
270000 300.587 -16629.2 -0.845952
271000 300.729 -16619.8 14.9314
272000 299.588 -16639.1 1.2081
273000 299.378 -16686.1 6.00204
274000 299.451 -16687.9 3.47694
275000 299.193 -16716.8 12.3217
276000 299.226 -16684.8 -11.0587
277000 300.089 -16656.6 1.09252
278000 298.721 -16664.4 4.2787
279000 298.1 -16719.3 0.451702
280000 300.73 -16656.4 -1.20172
281000 298.21 -16626 16.604
282000 300.138 -16627.8 2.38833
283000 300.044 -16561.9 0.846455
284000 299.58 -16637.3 -1.33422
285000 299.236 -16697.3 4.75854
286000 300.039 -16664.3 -2.19566
287000 300.097 -16679.3 3.51474
288000 302.028 -16625.6 -7.65568
289000 298.725 -16653 14.0894
290000 298.924 -16647.3 15.2953
291000 300.425 -16603.6 -6.80357
292000 299.261 -16669.5 14.7036
293000 301.224 -16641.5 -5.32769
294000 298.661 -16712.9 -0.00506672
295000 299.836 -16662.1 9.92249
296000 299.902 -16660.8 1.5902
297000 301.125 -16613.9 8.76898
298000 301.148 -16634.8 1.67435
299000 299.054 -16656 0.473957
300000 302.338 -16635.6 3.2072
301000 299.733 -16657.8 -5.12608
302000 299.649 -16719.3 2.12938
303000 301.003 -16633.9 3.99763
304000 300.602 -16654.3 -12.0699
305000 302.111 -16535.2 12.5433
306000 299.56 -16568.7 -8.4138
307000 298.798 -16649.8 6.80452
308000 299.937 -16637.7 -0.395832
309000 300.697 -16600.7 3.09528
310000 301.395 -16576.7 -3.41177
311000 298.854 -16693.4 9.99612
312000 299.064 -16665.5 -1.54083
313000 299.51 -16641.1 8.09566
314000 300.116 -16660.8 -2.13188
315000 299.566 -16710 -0.877087
316000 299.353 -16635.2 9.56294
317000 300.542 -16659.3 -14.2572
318000 299.72 -16644.6 24.9019
319000 299.069 -16635.1 6.47924
320000 298.741 -16626.3 2.01299
321000 299.78 -16694.9 3.30076
322000 298.925 -16660.8 -2.91691
323000 299.997 -16630.6 -5.72126
324000 300.836 -16632.6 3.32581
325000 300.633 -16610.8 13.3568
326000 300.746 -16614.4 4.96554
327000 299.281 -16651.6 0.342142
328000 300.134 -16665.9 -7.61982
329000 300.557 -16583.7 -8.71472
330000 299.487 -16646.7 -3.44492
331000 299.11 -16563.2 4.91778
332000 299.544 -16617 5.05612
333000 298.631 -16599.7 1.36705
334000 300.256 -16612.7 1.67537
335000 299.519 -16670.1 -0.424297
336000 298.828 -16660.5 2.35771
337000 299.063 -16641.5 5.06137
338000 298.738 -16692 3.08872
339000 300.879 -16672.6 -0.0289799
340000 299.801 -16678.6 1.05323
341000 299.808 -16683.6 -11.8283
342000 299.125 -16723.8 7.10761
343000 298.455 -16678.5 5.20308
344000 298.742 -16727 -4.47209
345000 301.027 -16632.9 -3.31023
346000 299.041 -16643.6 -1.76656
347000 299.478 -16670.1 2.89296
348000 301.65 -16669.3 10.8057
349000 301.682 -16657.9 -9.94725
350000 300.123 -16655.3 -7.17445
351000 298.504 -16623.2 13.1344
352000 298.6 -16665.5 -7.53304
353000 300.395 -16608.3 -5.68906
354000 299.163 -16641.5 8.73836
355000 300.062 -16634.2 -6.46635
356000 299.6 -16679.7 5.12604
357000 298.274 -16696 -5.65656
358000 301.88 -16649.7 6.91436
359000 300.526 -16677.4 -1.35235
360000 299.546 -16660.9 1.41866
361000 299.923 -16596.3 1.13758
362000 300.326 -16642.1 10.6512
363000 299.256 -16670.8 -5.75428
364000 300.332 -16645.6 7.0032
365000 301.123 -16599 1.12869
366000 300.324 -16609.4 10.4485
367000 301.818 -16598.6 -16.0715
368000 300.453 -16635.4 12.7046
369000 301.294 -16646.7 1.54122
370000 300.34 -16681.5 -3.10657
371000 299.507 -16676.4 10.0637
372000 300.269 -16639.6 -14.4202
373000 299.276 -16708.6 2.58909
374000 300.442 -16700.7 0.726322
375000 300.754 -16655 -0.317539
376000 298.974 -16683.3 0.378282
377000 300.714 -16689.9 4.4966
378000 300.344 -16684.7 -7.27983
379000 298.861 -16683.1 -5.04297
380000 299.904 -16674.2 -0.911546
381000 298.956 -16701.8 3.09755
382000 298.448 -16665.8 -2.4236
383000 300.417 -16671.5 2.56728
384000 299.94 -16630 1.45538
385000 301.349 -16633.8 0.298944
386000 300.695 -16609.5 -1.56637
387000 300.992 -16603.2 2.84211
388000 298.695 -16701.7 7.11259
389000 300.102 -16709.4 0.402167
390000 300.053 -16694 -12.024
391000 300.201 -16697.8 9.0232
392000 300.143 -16700.9 -4.42939
393000 300.325 -16656.6 -11.0827
394000 299.613 -16661.4 5.37829
395000 299.561 -16645.5 12.9821
396000 302.161 -16609.8 -1.89654
397000 299.624 -16688.4 7.17629
398000 300.259 -16665.4 -3.9131
399000 301.152 -16665.9 6.65223
400000 298.884 -16743.4 0.289969
401000 302.035 -16639.5 5.66876
402000 301.108 -16653.4 -9.52231
403000 300.102 -16582.2 -0.501121
404000 298.924 -16591.1 -7.55587
405000 300.558 -16598.9 12.8646
406000 298.652 -16687.6 -8.54293
407000 300.569 -16628.2 5.08931
408000 300.128 -16625 4.18107
409000 298.015 -16700.5 -7.53763
410000 301.632 -16677.3 7.55409
411000 300.921 -16650.4 1.00934
412000 298.939 -16678.3 -7.72303
413000 300.449 -16672.4 4.19766
414000 300.937 -16656.1 4.25991
415000 298.918 -16658.1 1.91299
416000 301.306 -16652.7 -10.8812
417000 300.606 -16686 -1.20557
418000 299.615 -16640.3 6.38045
419000 301.157 -16661.1 -8.3006
420000 300.738 -16653 7.67035
421000 301.625 -16640.4 -11.5238
422000 300.765 -16642.7 20.5585
423000 296.966 -16677.3 10.8177
424000 299.54 -16654.3 -5.87472
425000 300.884 -16656.3 0.878736
426000 299.882 -16717.4 12.3972
427000 299.995 -16709.5 -20.8504
428000 298.762 -16688.6 -2.36558
429000 298.775 -16723 7.51449
430000 300.711 -16691.6 -2.12685
431000 299.182 -16652.3 2.98013
432000 299.938 -16663.5 -0.999992
433000 299.849 -16632.9 6.19861
434000 298.576 -16567.9 5.32398
435000 298.699 -16660.3 12.5767
436000 298.501 -16680.8 -11.0135
437000 301.477 -16595.5 0.230832
438000 300.827 -16663.3 8.06803
439000 298.022 -16692.2 -4.61306
440000 300.168 -16708.5 0.545121
441000 298.943 -16668 10.096
442000 299.981 -16640.3 9.81274
443000 300.992 -16620.8 -2.33453
444000 299.513 -16613 2.23958
445000 300.46 -16648.8 3.12928
446000 299.094 -16684.8 -12.7
447000 301.935 -16622.9 4.03474
448000 300.291 -16644.7 -18.9188
449000 299.865 -16660.5 25.6938
450000 299.097 -16679.3 0.402641
451000 298.498 -16655.5 -1.71227
452000 301.066 -16624.2 1.21908
453000 300.259 -16635.3 2.53351
454000 299.923 -16564.9 2.55163
455000 300.263 -16533.5 8.60264
456000 300.859 -16597.6 1.73226
457000 300.447 -16624.4 -10.0747
458000 299.94 -16573 15.9663
459000 299.928 -16668.1 0.167733
460000 298.604 -16684.3 2.77263
461000 299.753 -16642.3 -1.90685
462000 299.538 -16707.9 -4.83959
463000 299.437 -16649.9 23.0417
464000 300.38 -16706.7 -12.6534
465000 300.574 -16620.3 9.37398
466000 299.273 -16605.1 7.43022
467000 299.73 -16581.3 -5.35661
468000 300.49 -16629.4 -0.789956
469000 300.659 -16624.5 -3.58099
470000 301.186 -16648.1 -3.8919
471000 302.567 -16613.6 6.26453
472000 301.386 -16569.4 -7.77099
473000 299.62 -16660.8 4.06176
474000 299.934 -16676.1 0.628175
475000 300.829 -16682.3 0.682175
476000 300.935 -16630.8 4.68151
477000 300.741 -16581.9 6.30175
478000 300.232 -16599.5 -4.53545
479000 299.124 -16658.9 2.14813
480000 300.364 -16661.4 -4.67503
481000 298.508 -16652.3 3.94732
482000 299.855 -16561 9.6974
483000 299.01 -16689.5 -14.9073
484000 298.859 -16706 0.299469
485000 299.851 -16661 1.08979
486000 300.782 -16642 -0.51538
487000 299.606 -16634.9 11.6414
488000 298.8 -16665.9 -1.2085
489000 299.385 -16673 3.76592
490000 300.725 -16663.5 1.29919
491000 299.383 -16725 12.2616
492000 299.341 -16735.4 -1.16661
493000 300.202 -16635.4 1.32934
494000 300.756 -16645.7 2.73091
495000 299.197 -16630.7 -1.11163
496000 300.355 -16643.8 10.8613
497000 301.782 -16656.3 4.51585
498000 299.61 -16738.6 2.00081
499000 299.249 -16724.2 8.322
500000 300.349 -16629.1 0.427872
501000 300.778 -16600.2 1.77838
502000 299.28 -16698.2 0.845157
503000 300.218 -16666.3 7.25466
504000 298.79 -16654.6 -3.81477
505000 300.425 -16650.7 6.58894
506000 301.411 -16601.9 8.15116
507000 299.373 -16661.3 7.01873
508000 301.908 -16567 -8.04685
509000 299.602 -16645 2.09651
510000 299.391 -16664 -5.22988
511000 301.352 -16541 15.3444
512000 300.95 -16648.3 -7.80429
513000 300.172 -16730.9 -6.74279
514000 299.441 -16683.7 3.0485
515000 298.231 -16641.2 13.7464
516000 300.92 -16661.2 12.0656
517000 300.276 -16641.5 -10.2479
518000 300.491 -16654.5 2.13047
519000 300.418 -16650.9 13.1789
520000 301.156 -16615.4 3.42708
521000 302.149 -16605.9 -11.3462
522000 300.385 -16700.7 -7.17688
523000 301.851 -16707.9 18.1714
524000 300.434 -16697.6 -7.21795
525000 300.415 -16664.2 6.87298
526000 299.113 -16653.8 -1.19593
527000 298.721 -16626.3 12.2234
528000 298.094 -16637.4 9.53654
529000 300.425 -16623 1.63728
530000 299.692 -16575 3.69429
531000 298.134 -16628.3 11.0156
532000 300.294 -16640.5 3.31567
533000 299.51 -16664 3.86496
534000 299.949 -16637.8 5.66537
535000 297.379 -16697.9 6.53487
536000 299.512 -16658.6 -2.20265
537000 300.974 -16669.3 9.50703
538000 298.871 -16678.4 6.21722
539000 303.021 -16610.3 -7.80495
540000 301.325 -16595.8 -7.32127
541000 299.516 -16608.3 9.49065
542000 299.378 -16659.1 9.01185
543000 301.592 -16621.3 -0.434151
544000 299.48 -16651.3 4.06996
545000 298.945 -16736.1 -12.6401
546000 299.721 -16726.1 -3.51214
547000 298.269 -16742.6 6.98313
548000 299.884 -16652.4 10.7571
549000 300.817 -16592.4 -5.7323
550000 298.9 -16634.3 9.0773
551000 300.089 -16615.1 6.42322
552000 302.288 -16592.9 -7.26595
553000 301.049 -16572.2 2.4585
554000 302.276 -16655.1 0.362926
555000 300.328 -16701.4 4.8568
556000 298.015 -16711 0.142953
557000 301.391 -16644.1 13.5944
558000 301.346 -16652.7 -8.91916
559000 300.331 -16663.4 2.42727
560000 300.211 -16737.5 -4.93705
561000 298.412 -16653.1 -6.41739
562000 298.854 -16666.1 9.76521
563000 299.33 -16669.6 3.03899
564000 300.269 -16631.6 2.64907
565000 300.879 -16635.4 -6.3242
566000 299.905 -16649.9 0.631862
567000 300.167 -16634.7 3.76696
568000 300 -16658.9 5.62818
569000 299.288 -16690.3 -2.69961
570000 299.442 -16626.9 6.52437
571000 299.142 -16593.1 -0.635741
572000 298.662 -16659.6 10.6743
573000 300.698 -16639 14.0576
574000 301.122 -16648.3 -14.3942
575000 300.227 -16661 5.44967
576000 299.926 -16653.4 4.42757
577000 301.33 -16654.9 -11.1004
578000 300.357 -16702.2 3.81728
579000 301.223 -16679.8 -1.43984
580000 300.805 -16631.8 6.55263
581000 300.134 -16615 6.24808
582000 299.403 -16668.5 -11.6129
583000 299.05 -16676.5 12.5451
584000 299.271 -16654.8 0.423049
585000 299.595 -16618.4 11.1836
586000 299.451 -16653.5 -10.8577
587000 298.164 -16690.4 3.68504
588000 298.025 -16738.4 -4.98861
589000 299.007 -16671.2 24.1858
590000 298.403 -16649.7 -2.45854
591000 299.733 -16614.3 -12.5002
592000 300.036 -16625 -5.70173
593000 301.03 -16590.6 16.4623
594000 299.774 -16605.9 -6.08184
595000 301.796 -16617.5 18.1718
596000 298.082 -16665.3 -5.64901
597000 298.662 -16620.8 2.70559
598000 302.705 -16563.1 -0.614364
599000 300.463 -16571.9 -4.79595
600000 299.667 -16584.3 8.3022
601000 300.931 -16554.4 16.8617
602000 299.104 -16603.8 -10.4254
603000 298.578 -16624.9 -4.70641
604000 298.677 -16627 -0.622195
605000 299.874 -16627.8 11.4652
606000 300.734 -16645.5 6.16416
607000 301.856 -16556 -4.714
608000 298.542 -16645.1 11.0498
609000 298.601 -16629.3 0.0301928
610000 300.849 -16609.3 -10.147
611000 298.944 -16676.9 3.91034
612000 298.914 -16656.8 -3.08279
613000 300.936 -16631.6 -3.72474
614000 300.084 -16667.7 11.7262
615000 301.586 -16614.5 5.71943
616000 297.735 -16650.4 -4.113
617000 299.869 -16622.6 1.74676
618000 298.979 -16691 -0.341622
619000 299.124 -16703.7 3.40217
620000 297.85 -16732.7 13.438
621000 298.49 -16652 7.54994
622000 299.957 -16579.7 5.50005
623000 299.16 -16612.2 -9.06607
624000 299.411 -16699.3 2.29213
625000 298.473 -16681.9 11.5451
626000 301.055 -16630.2 5.6046
627000 300.67 -16627.9 -0.837296
628000 299.393 -16626.1 12.7285
629000 297.699 -16639.9 -6.40374
630000 300.828 -16588.2 -4.60693
631000 300.013 -16687.7 4.21805
632000 299.335 -16701.5 6.97543
633000 301.268 -16670 18.5048
634000 298.661 -16671.1 1.1489
635000 300.645 -16648.3 -14.2275
636000 301.899 -16615.6 -6.81543
637000 299.585 -16582.7 6.47663
638000 301.174 -16597.2 -15.2516
639000 301.687 -16599.4 10.3123
640000 300.341 -16614.7 5.93817
641000 300.472 -16631.5 -4.27024
642000 299.809 -16714 -2.54747
643000 300.214 -16641.4 9.03374
644000 300.758 -16624.1 -2.60736
645000 298.906 -16678.8 -2.74739
646000 298.98 -16643.9 4.66652
647000 302.031 -16600.9 -10.5224
648000 300.595 -16611.1 5.32041
649000 300.045 -16605.4 -7.99194
650000 298.496 -16627.5 -0.589291
651000 299.935 -16609.9 15.6725
652000 300.972 -16581.9 0.726161
653000 299.019 -16633.9 1.46862
654000 298.815 -16697.9 -4.80452
655000 300.547 -16695.2 2.23028
656000 299.88 -16701.7 -0.948635
657000 300.043 -16620.4 7.51624
658000 301.352 -16626.1 4.59297
659000 298.924 -16672.9 14.5198
660000 300.06 -16655.2 3.47738
661000 298.624 -16704 -3.38436
662000 299.803 -16618.6 -1.24827
663000 299.351 -16601.7 12.9546
664000 300.233 -16601.1 0.773151
665000 300.056 -16623.9 9.12766
666000 300.849 -16597.9 4.72826
667000 299.788 -16611.1 4.20042
668000 301.727 -16524.6 2.21709
669000 299.081 -16636.6 0.468958
670000 300.464 -16703.6 0.188683
671000 302.174 -16658.9 -12.5449
672000 300.875 -16676.9 9.45389
673000 299.57 -16688.7 -13.8109
674000 300.786 -16646.9 5.67592
675000 299.905 -16646.6 2.02084
676000 301.391 -16635.6 6.04887
677000 298.943 -16659 16.3164
678000 300.872 -16666.3 -0.803545
679000 298.79 -16719.1 -8.433
680000 298.52 -16716.5 13.1278
681000 297.734 -16762.8 -2.83524
682000 300.624 -16666.6 0.612453
683000 301.015 -16649.8 -0.441936
684000 301.356 -16613.1 -0.362149
685000 301.368 -16591.4 -11.2596
686000 300.199 -16617.4 -1.30494
687000 299.658 -16608.3 1.17898
688000 299.918 -16660.1 -10.5921
689000 300.958 -16656.3 7.88959
690000 300.547 -16680.9 4.12491
691000 298.996 -16708.2 3.01923
692000 302.093 -16583.4 -10.1228
693000 299.456 -16632.3 10.4946
694000 300.626 -16646.9 4.32297
695000 299.713 -16666.1 -2.24993
696000 299.701 -16624.5 -0.238687
697000 300.949 -16663.2 2.7452
698000 298.545 -16673.7 6.68662
699000 301.779 -16620.4 4.51196
700000 300.235 -16651.2 -6.61007
701000 300.861 -16650 5.37317
702000 299.802 -16684.1 -1.2421
703000 300.943 -16626.1 -5.38999
704000 299.44 -16674.1 -2.96646
705000 299.01 -16680 4.13385
706000 299.374 -16673.7 2.31716
707000 300.784 -16616.2 6.95099
708000 299.643 -16629 3.83293
709000 299.489 -16654 7.31361
710000 299.774 -16648.8 -8.78405
711000 299.718 -16672.4 1.97815
712000 299.27 -16644 -9.85226
713000 298.793 -16701.2 23.0139
714000 300.796 -16607.9 0.389172
715000 298.424 -16638.6 8.81616
716000 300.622 -16580.3 8.28373
717000 300.101 -16609.3 -16.8515
718000 299.288 -16653.1 6.08486
719000 300.099 -16642.5 -9.2386
720000 298.546 -16704.2 -7.8462
721000 300.783 -16618.6 -4.49661
722000 299.944 -16606.3 3.92404
723000 301.943 -16625.3 -3.50929
724000 300.22 -16620.5 -1.93268
725000 301.551 -16574.8 2.2384
726000 299.658 -16572.9 3.60506
727000 300.498 -16557.5 -7.9062
728000 300.777 -16620.2 2.33761
729000 300.286 -16617.5 -4.38021
730000 298.499 -16614.6 9.70581
731000 299.317 -16629.2 4.00704
732000 300.622 -16635.9 9.05438
733000 299.351 -16665.1 1.9447
734000 300.192 -16591.7 3.39074
735000 298.881 -16654.3 -5.04528
736000 299.156 -16640 -2.9944
737000 300.549 -16641.3 -0.723489
738000 299.776 -16625.7 4.32507
739000 298.478 -16678.2 2.1668
740000 299.473 -16677.2 8.64661
741000 300.007 -16664.3 -12.6835
742000 300.007 -16689.6 15.9927
743000 297.693 -16665.5 0.68933
744000 300.781 -16658.5 15.3602
745000 299.862 -16665.4 -8.96705
746000 299.301 -16706.7 -0.670559
747000 299.65 -16690.1 0.994004
748000 299.734 -16644.5 0.869074
749000 301.076 -16669.3 -5.91192
750000 299.466 -16691.1 -4.8273
751000 299.502 -16630.5 7.66739
752000 298.879 -16622.8 3.24835
753000 299.286 -16650.4 -9.77316
754000 299.461 -16647.1 1.7955
755000 300.001 -16613.3 -3.43822
756000 301.267 -16582 2.80811
757000 301.437 -16586.8 -9.86114
758000 301.548 -16588.1 3.9692
759000 300.658 -16636.1 -3.17619
760000 300.368 -16650.8 7.36702
761000 300.842 -16593.4 -0.75997
762000 300.287 -16627.3 8.28992
763000 298.999 -16640.1 13.115
764000 298.778 -16610.8 -0.623815
765000 300.021 -16636.3 19.1199
766000 300.64 -16684 -12.038
767000 299.984 -16660 9.91963
768000 299.591 -16677 -10.856
769000 300.955 -16650.2 15.6617
770000 299.612 -16654.5 4.39722
771000 301.856 -16621.9 3.80447
772000 299.685 -16625.7 -16.0552
773000 298.661 -16671.6 10.4482
774000 299.253 -16689 -8.45085
775000 297.734 -16678.6 8.15611
776000 300.96 -16656.8 -0.505962
777000 299.943 -16714.4 -10.4389
778000 299.246 -16708.7 15.7141
779000 300.549 -16644.7 -4.61058
780000 299.879 -16560.5 14.4145
781000 299.284 -16654.9 -5.83012
782000 300.678 -16629.5 6.93572
783000 300.574 -16693.1 -13.8992
784000 299.686 -16664.6 -2.76904
785000 300.302 -16672.2 5.49708
786000 298.99 -16717.9 -15.4399
787000 299.571 -16663 22.9456
788000 299.22 -16640.1 -1.34017
789000 300.989 -16611.8 0.692556
790000 300.763 -16566.4 -7.22518
791000 299.11 -16625.9 5.28622
792000 300.598 -16632.4 -3.49155
793000 299.956 -16592.1 23.5184
794000 299.245 -16649.7 -9.24719
795000 300.726 -16642.5 -9.87507
796000 299.294 -16680 -7.98384
797000 300.393 -16593.8 5.22004
798000 300.764 -16541.8 -3.84924
799000 300.417 -16563.3 -0.813545
800000 300.554 -16642.3 -14.1294
801000 299.629 -16687.9 7.78085
802000 300.873 -16621.4 -10.1847
803000 299.315 -16619.1 -2.2133
804000 300.024 -16633 -12.4521
805000 300.257 -16685.9 -3.12732
806000 298.888 -16623.2 8.25993
807000 298.561 -16675.9 -1.49366
808000 300.284 -16640.8 1.00426
809000 302.665 -16620.7 -2.87884
810000 299.703 -16613.5 -3.12849
811000 302.589 -16585 -14.5084
812000 298.978 -16589.2 14.938
813000 297.8 -16693.6 -3.75911
814000 299.987 -16644.7 6.48097
815000 298.924 -16646.6 -10.5223
816000 300.945 -16622.3 8.59047
817000 299.323 -16664.3 -7.53353
818000 299.157 -16680.2 9.87078
819000 298.206 -16687.6 -7.80388
820000 300.464 -16652.7 9.04942
821000 299.11 -16668.6 -5.30513
822000 298.133 -16698.3 9.42617
823000 300.422 -16645.6 -2.36275
824000 300.037 -16664.4 7.50636
825000 300.436 -16639.9 0.363993
826000 300.012 -16689.8 -3.74574
827000 300.554 -16651.9 9.66021
828000 300.955 -16615.7 -10.3499
829000 298.502 -16653.2 2.48856
830000 299.384 -16666.9 4.50679
831000 299.429 -16591.1 -1.02197
832000 300.414 -16635.1 -4.665
833000 300.091 -16675.1 -8.25239
834000 299.231 -16619.1 3.10051
835000 300.988 -16615.8 4.524
836000 299.037 -16632.9 -7.1438
837000 299.351 -16574.3 16.0573
838000 298.817 -16608.7 2.71948
839000 300.179 -16644.7 -4.77582
840000 300.652 -16667.1 -3.54475
841000 300.292 -16670 -12.5406
842000 299.006 -16715 7.91765
843000 300.718 -16718.2 9.12606
844000 299.307 -16609.9 3.30728
845000 300.029 -16619.5 -4.04636
846000 302 -16593.2 -8.76105
847000 301.032 -16622.2 8.92993
848000 298.43 -16623 6.20915
849000 300.419 -16662.6 -7.94924
850000 300.413 -16656.2 -4.78212
851000 300.447 -16642.5 11.5024
852000 300.238 -16674.7 -8.59642
853000 301.508 -16630.8 -6.68472
854000 302.197 -16588.2 19.2476
855000 300.492 -16626.2 12.4502
856000 301.701 -16613.8 -0.654225
857000 301.421 -16561.2 3.13517
858000 299.165 -16671.2 9.07254
859000 298.86 -16704.3 -7.10709
860000 301.639 -16654.6 0.65288
861000 299.712 -16692 2.87444
862000 300.29 -16654.3 9.15525
863000 300.739 -16639.2 -12.6622
864000 297.581 -16678.4 4.60448
865000 300.675 -16633.1 -6.22865
866000 302.012 -16650.2 -4.58696
867000 299.567 -16657.1 3.78301
868000 299.59 -16675.2 8.18844
869000 299.246 -16634.3 -13.4187
870000 303.097 -16615.6 10.6626
871000 300.235 -16676.1 1.08266
872000 300.354 -16692.1 -0.532241
873000 299.331 -16707.7 11.2064
874000 302.82 -16626.8 8.5605
875000 299.218 -16666.8 4.23454
876000 300.618 -16648 -11.4883
877000 300.494 -16623.7 -8.83612
878000 301.154 -16627.7 1.06071
879000 300.495 -16649.2 12.4043
880000 299.874 -16647.1 4.06416
881000 300.875 -16621.7 -0.622001
882000 301.693 -16669.7 9.76702
883000 299.513 -16758.9 -8.11836
884000 298.906 -16737.3 9.62921
885000 300.674 -16686.9 -1.35845
886000 299.876 -16644.3 13.3525
887000 301.197 -16696 -7.27311
888000 300.59 -16647.2 -2.12343
889000 299.073 -16663.9 1.644
890000 299.756 -16631 6.65378
891000 299.21 -16664.1 -18.7607
892000 301.326 -16654.7 6.15125
893000 299.479 -16641 1.91245
894000 300.982 -16584.6 1.77218
895000 300.796 -16613.9 -0.299103
896000 298.819 -16657 -0.980418
897000 298.521 -16673.7 5.59158
898000 298.211 -16695.3 4.42592
899000 299.842 -16688.5 -3.69538
900000 300.683 -16614.5 5.71357
901000 300.941 -16640.3 -7.66801
902000 299.502 -16665.7 -1.9128
903000 300.213 -16696.5 -2.88328
904000 299.502 -16630.9 5.63214
905000 296.894 -16707.2 3.72725
906000 300.958 -16653 -3.3876
907000 300.624 -16742.5 -13.0238
908000 300.824 -16728.6 -3.67858
909000 299.262 -16710.1 3.87429
910000 298.39 -16728.8 8.56233
911000 301.919 -16649.7 -5.3838
912000 299.975 -16657 6.63181
913000 299.854 -16693.6 4.2467
914000 300.107 -16675.1 -4.54494
915000 299.846 -16663.9 -9.175
916000 298.558 -16677.1 11.0258
917000 300.333 -16670.7 10.0422
918000 299.602 -16680 9.09768
919000 300.817 -16645.8 -7.73404
920000 300.265 -16600.4 8.56091
921000 301.22 -16644.8 9.40569
922000 302.514 -16605.3 -11.9247
923000 300.325 -16601.5 13.8697
924000 299.618 -16636.9 2.97483
925000 300.777 -16683.8 4.46117
926000 300.237 -16604.6 -3.74849
927000 299.154 -16650.2 8.0694
928000 298.34 -16675.5 4.85896
929000 300.758 -16662.9 -0.316417
930000 299.101 -16715 -0.0219698
931000 299.405 -16637.3 6.17333
932000 300.477 -16650.8 -6.93878
933000 299.655 -16688.6 13.5069
934000 300.057 -16656.7 0.504376
935000 301.316 -16676.1 0.825617
936000 300.306 -16660.9 -7.5188
937000 301.096 -16609.3 -1.10461
938000 300.243 -16656 -0.547384
939000 297.851 -16618.8 4.81388
940000 298.019 -16667.5 5.21422
941000 299.826 -16634.9 -2.88252
942000 300.307 -16648.6 4.54722
943000 300.496 -16602.9 0.178226
944000 300.797 -16596.2 -3.61762
945000 299.091 -16662.8 -1.23791
946000 300.416 -16615.7 -8.47568
947000 298.016 -16695.2 3.04982
948000 298.734 -16658.6 -2.82212
949000 299.906 -16687.6 9.17954
950000 299.956 -16669.8 0.87344
951000 299.6 -16688.1 6.57098
952000 301.074 -16606.2 4.34547
953000 299.538 -16669.6 -3.24065
954000 300.461 -16662.6 10.8813
955000 300.655 -16668.8 7.50239
956000 301.289 -16667.8 -14.3387
957000 301.151 -16652.3 2.94251
958000 298.229 -16681.9 -3.5764
959000 299.857 -16611.8 6.93607
960000 300.381 -16593.6 7.03754
961000 298.259 -16692 4.01073
962000 302.172 -16619.7 1.52525
963000 298.796 -16634.7 -7.31547
964000 299.435 -16643.6 3.4612
965000 298.941 -16691 5.36808
966000 301.935 -16617.7 -2.48314
967000 302.997 -16616.1 -5.28736
968000 300.091 -16608 7.92493
969000 299.759 -16625 -5.34782
970000 300.031 -16598.6 -9.68691
971000 299.099 -16561.6 12.63
972000 300.063 -16568.3 9.12971
973000 301.001 -16615.9 -6.37403
974000 298.939 -16688.6 1.23572
975000 302.223 -16711.2 -13.694
976000 300.036 -16731.4 7.72723
977000 298.502 -16736.9 -14.4389
978000 298.543 -16699.4 2.79703
979000 301.969 -16576.6 8.0673
980000 299.108 -16647.4 -2.67962
981000 300.71 -16608.1 12.3844
982000 298.454 -16684 -0.599548
983000 299.534 -16619.2 13.1833
984000 298.969 -16647.8 4.30447
985000 300.238 -16615.5 4.12047
986000 299.835 -16656.9 -0.602618
987000 298.159 -16699 0.91027
988000 300.747 -16633.2 5.85437
989000 298.453 -16596.8 -3.56583
990000 299.221 -16585.9 4.69147
991000 301.578 -16640.5 -4.13951
992000 301.088 -16607.3 -5.21425
993000 300.384 -16618.3 12.7318
994000 299.177 -16690.8 -7.46041
995000 299.94 -16641.6 1.20074
996000 298.637 -16705.8 -9.96239
997000 300.029 -16615.2 10.5067
998000 301.147 -16667.3 -7.01796
999000 299.227 -16705.8 5.88719
1000000 299.341 -16724 -6.30755
1001000 302.623 -16620.2 2.07851
1002000 300.204 -16670.3 -13.3721
1003000 299.165 -16680.6 4.87232
1004000 300.384 -16655.4 -0.27831
1005000 301.572 -16666.4 2.25193
1006000 299.45 -16671.8 -13.9436
1007000 301.459 -16614.6 1.24526
1008000 301.387 -16635.5 -8.04281
1009000 300.269 -16716.1 6.15994
1010000 299.333 -16720.5 -2.45544
1011000 298.818 -16672.4 4.55485
1012000 301.081 -16614.1 -0.355408
1013000 297.244 -16697.7 0.442656
1014000 300.126 -16638.4 -6.98743
1015000 299.964 -16641.3 0.282727
1016000 298.912 -16598.3 6.5655
1017000 299.754 -16576 0.691947
1018000 301.181 -16626.3 -6.02709
1019000 299.857 -16665 8.99333
1020000 299.169 -16698.2 -9.43351
1021000 299.349 -16691.5 9.35379
1022000 298.561 -16712.7 7.07402
1023000 298.083 -16693.9 7.57137
1024000 299.581 -16725.1 2.50437
1025000 299.745 -16688.6 -1.75135
1026000 299.358 -16656.2 -4.38383
1027000 298.387 -16691.5 -7.34255
1028000 300.342 -16690.9 -0.764908
1029000 301.516 -16648.7 -1.99462
1030000 298.461 -16712.2 9.34489
1031000 301.528 -16633.7 -3.95355
1032000 300.55 -16673.7 -9.50914
1033000 299.464 -16686.5 15.1428
1034000 299.469 -16642.8 3.05691
1035000 300.938 -16618.7 -1.648
1036000 299.138 -16655.1 3.30191
1037000 299.497 -16672.3 9.97496
1038000 298.217 -16660.3 -2.54362
1039000 301.309 -16572.5 1.47161
1040000 299.156 -16632.2 -8.12698
1041000 300.026 -16634.1 15.771
1042000 299.692 -16663.1 4.16016
1043000 299.791 -16633.6 0.343909
1044000 299.329 -16625.7 6.69384
1045000 301.754 -16606.6 -6.59386
1046000 299.796 -16660.7 -6.35398
1047000 301.436 -16647.5 -1.87314
1048000 299.301 -16658.4 10.0592
1049000 299.115 -16708.6 0.0858723
1050000 299.043 -16660.7 0.814217
1051000 298.805 -16657.2 9.92995
1052000 298.907 -16687.6 12.5631
1053000 299.471 -16652 -8.96472
1054000 301.297 -16673.9 -4.52861
1055000 299.556 -16595.5 -2.05232
1056000 300.912 -16618.9 4.50097
1057000 300.524 -16614.5 -15.5684
1058000 299.405 -16614.4 16.7602
1059000 299.938 -16630.9 -11.7814
1060000 298.566 -16659.3 1.51155
1061000 299.852 -16649.5 -11.5048
1062000 299.106 -16646.1 2.20524
1063000 299.711 -16679.2 11.0689
1064000 299.045 -16633.8 -8.56572
1065000 301.637 -16614.1 -0.15805
1066000 300.608 -16533.4 7.0527
1067000 300.787 -16604.5 -0.864166
1068000 301.344 -16630.4 7.25982
1069000 300.559 -16727.4 7.7538
1070000 298.834 -16703.4 -10.9505
1071000 299.18 -16690.4 8.1819
1072000 299.532 -16680.3 -5.53402
1073000 300.015 -16637.9 3.34006
1074000 299.191 -16645.4 -3.79991
1075000 298.15 -16683.2 9.22884
1076000 299.28 -16686.6 4.7404
1077000 299.789 -16677.9 -5.0095
1078000 300.698 -16664.2 4.15995
1079000 301.02 -16648.2 1.48219
1080000 297.854 -16640.4 -3.28883
1081000 299.949 -16633.6 2.94608
1082000 298.417 -16637.7 8.8385
1083000 300.885 -16574.9 -0.0254947
1084000 299.564 -16713.7 -7.12328
1085000 299.53 -16654.4 -2.04265
1086000 298.477 -16663.4 3.59242
1087000 299.915 -16614.8 0.659615
1088000 300.521 -16611.7 2.3511
1089000 300.14 -16601.2 -11.0946
1090000 298.324 -16644.2 3.4558
1091000 299.224 -16618.2 9.05866
1092000 300.535 -16609.4 7.90145
1093000 298.015 -16600.4 -1.18623
1094000 301.856 -16567.3 -1.38046
1095000 298.773 -16660.8 -9.54411
1096000 300.497 -16683.5 11.0974
1097000 300.887 -16644.2 -0.222887
1098000 299.143 -16608.1 5.74647
1099000 299.123 -16642.3 -3.22075
1100000 300.692 -16639.7 6.07278
1101000 299.806 -16658.5 -2.30987
1102000 302.016 -16628.9 -5.33899
1103000 299.024 -16662.5 7.30065
1104000 300.052 -16620.6 -9.66571
1105000 300.357 -16616.2 15.9064
1106000 299.549 -16660.5 -1.97844
1107000 301.681 -16692.7 2.9827
1108000 299.453 -16690.4 9.07034
1109000 300.084 -16643.6 -1.58358
1110000 299.415 -16719.6 -5.12501
1111000 298.791 -16681.7 3.93563
1112000 300.733 -16631.6 -8.17338
1113000 299.385 -16663.4 -1.71358
1114000 299.904 -16619.1 -7.21283
1115000 301.619 -16579.8 1.32109
1116000 299.289 -16620.4 -5.1356
1117000 299.99 -16599 0.133085
1118000 301.622 -16606.2 -1.8197
1119000 301.699 -16579.7 -4.17849
1120000 299.053 -16662.6 0.398884
1121000 300.415 -16591.8 -1.19184
1122000 299.935 -16616.5 -2.19157
1123000 299.805 -16604.5 12.2022
1124000 299.714 -16657 -0.577452
1125000 302.61 -16632.3 -2.95994
1126000 299.358 -16635.8 12.5193
1127000 299.675 -16631.7 -9.32908
1128000 298.678 -16626.2 15.3434
1129000 299.473 -16625.4 -2.03332
1130000 300.045 -16634.7 -11.1263
1131000 300.547 -16631 2.14607
1132000 300.136 -16619.7 7.89078
1133000 300.255 -16674.2 -6.75788
1134000 297.924 -16699.9 6.43085
1135000 298.706 -16717.6 -9.02029
1136000 299.705 -16659.5 -9.0386
1137000 301.201 -16571.7 9.36638
1138000 298.685 -16611.1 2.57146
1139000 298.324 -16707.3 -9.56641
1140000 302.453 -16596.8 1.17506
1141000 301.043 -16646.1 3.66464
1142000 299.823 -16679 14.798
1143000 299.579 -16629.1 -5.92959
1144000 300.683 -16629.6 -2.09443
1145000 301.217 -16620.5 -13.5164
1146000 298.69 -16663.1 21.3353
1147000 301.444 -16671.4 0.743332
1148000 300.935 -16677 -10.7822
1149000 300.437 -16652.5 3.33843
1150000 300.916 -16644.5 6.41463
1151000 299.148 -16658.5 4.56489
1152000 300.759 -16611.9 14.1761
1153000 300.342 -16737.9 -16.4582
1154000 300.197 -16707 5.19843
1155000 300.237 -16680 2.07594
1156000 300.386 -16650.4 -2.30831
1157000 298.794 -16627.6 7.39437
1158000 298.199 -16684.3 -5.56284
1159000 300.193 -16653.6 9.82293
1160000 301.287 -16638.1 -5.28847
1161000 298.688 -16671.4 0.220142
1162000 298.958 -16667.8 0.994411
1163000 298.655 -16667.8 -4.42866
1164000 301.418 -16640.4 0.309689
1165000 300.166 -16652.8 -4.29972
1166000 299.536 -16656.7 5.49765
1167000 302.098 -16593.5 -3.38803
1168000 299.17 -16648 -10.6517
1169000 299.707 -16623.3 9.38682
1170000 299.152 -16650.8 1.13618
1171000 299.26 -16627.2 -4.20127
1172000 297.97 -16644.1 13.2975
1173000 298.134 -16668.2 6.40947
1174000 300.785 -16639.7 4.50133
1175000 299.559 -16646.1 13.5689
1176000 299.917 -16676.5 -2.20141
1177000 300.143 -16705.4 2.90312
1178000 299.469 -16689.9 -9.24395
1179000 300.691 -16674.2 10.5909
1180000 298.749 -16657.6 0.12212
1181000 299.996 -16653 -1.14715
1182000 300.516 -16638.3 -21.7562
1183000 301.281 -16614.1 18.7817
1184000 300.999 -16567.3 -6.97409
1185000 300.428 -16603.1 6.54292
1186000 298.914 -16722.3 4.79202
1187000 301.139 -16670.8 2.95115
1188000 301.042 -16675.9 -8.57747
1189000 299.764 -16625.2 2.8692
1190000 300.106 -16599.6 3.24004
1191000 302.337 -16602.6 2.34934
1192000 300.113 -16601.9 0.726098
1193000 299.883 -16636.6 -13.0669
1194000 299.29 -16629.7 -3.29508
1195000 299.763 -16663.2 4.1478
1196000 300.924 -16558 -9.77632
1197000 300.956 -16655.3 13.2577
1198000 299.439 -16730.8 -4.07964
1199000 299.694 -16641.5 -7.86101
1200000 301.032 -16640.5 -9.66753
1201000 298.007 -16696.6 21.1265
1202000 300.839 -16665.9 11.6834
1203000 299.485 -16708.6 8.53649
1204000 299.72 -16722.2 -10.8073
1205000 300.193 -16652.1 -4.26905
1206000 298.378 -16636.7 -7.92267
1207000 300.325 -16571.4 3.35642
1208000 300.549 -16605.8 -9.04802
1209000 301.404 -16596.3 2.59069
1210000 298.539 -16693.4 -1.81638
1211000 301.381 -16618.1 -8.35067
1212000 300.617 -16679 6.56078
1213000 298.815 -16709.9 -2.98375
1214000 301.433 -16623.5 3.68019
1215000 300.521 -16617.6 2.55325
1216000 300.057 -16622.1 5.60139
1217000 298.468 -16641 7.83327
1218000 301.986 -16590.6 -3.07894
1219000 299.912 -16599.1 3.17653
1220000 300.035 -16560.3 -10.8778
1221000 300.001 -16594.9 7.83295
1222000 298.166 -16694.5 1.8485
1223000 299.818 -16719.4 -9.64901
1224000 300.373 -16675 11.9593
1225000 300.007 -16623.1 -6.66645
1226000 298.47 -16664.3 14.2315
1227000 298.715 -16660.7 5.8222
1228000 301.094 -16589.6 0.237602
1229000 299.945 -16567.9 -7.51381
1230000 301.642 -16551.8 19.5624
1231000 300.345 -16615.6 -0.748239
1232000 301.761 -16572.9 6.89498
1233000 299.443 -16625.5 1.89216
1234000 298.3 -16644.4 4.02512
1235000 299.172 -16693.8 -7.95047
1236000 300.875 -16637.4 -2.94791
1237000 301.185 -16589.6 6.14501
1238000 301.846 -16544.2 -5.87942
1239000 299.602 -16661 11.9552
1240000 301.366 -16602.9 7.8997
1241000 301.824 -16612.9 9.4426
1242000 298.985 -16696.4 14.4041
1243000 299.247 -16654.9 6.37118
1244000 298.276 -16726.4 -6.61697
1245000 300.732 -16672.5 6.35072
1246000 300.725 -16643.5 -9.93643
1247000 300.771 -16632.7 3.25432
1248000 299.4 -16684.7 3.52596
1249000 300.156 -16681 2.80961
1250000 300.75 -16634.9 1.96534
1251000 301.848 -16634.9 -0.233277
1252000 300.604 -16660.6 -0.216817
1253000 300.98 -16686.4 1.22112
1254000 300.203 -16695.3 4.33147
1255000 297.841 -16674.4 -4.57237
1256000 300.209 -16670.1 3.79221
1257000 299.593 -16715 -2.57562
1258000 302.388 -16627.6 7.27832
1259000 301.535 -16647.8 7.2727
1260000 299.257 -16699.6 -3.20708
1261000 299.276 -16716.7 3.56481
1262000 301.624 -16633.6 -4.93675
1263000 300.389 -16623.8 20.8225
1264000 299.905 -16647.9 -6.41274
1265000 301.968 -16621 -8.50454
1266000 299.267 -16674.2 2.20944
1267000 300.57 -16631 3.11772
1268000 299.904 -16654.5 -6.23824
1269000 298.789 -16644.8 14.915
1270000 299.191 -16663.2 9.56089
1271000 298.676 -16656.3 1.67705
1272000 298.826 -16649.6 5.27011
1273000 302.147 -16620.3 -2.22259
1274000 299.818 -16615.7 3
1275000 300.312 -16615.3 -5.35358
1276000 300.059 -16608.6 5.34585
1277000 299.62 -16625.5 1.40642
1278000 298.92 -16641.5 2.34337
1279000 300.507 -16596.1 -8.95532
1280000 300.197 -16648.8 13.1866
1281000 298.985 -16679 -10.3189
1282000 298.225 -16686.7 1.62065
1283000 300.016 -16681.9 -4.19283
1284000 298.647 -16662.6 8.9431
1285000 299.443 -16659.3 -11.4947
1286000 302.162 -16711.5 15.9376
1287000 298.92 -16717.9 8.62684
1288000 299.811 -16692.6 -1.88933
1289000 299.219 -16653.3 -6.09946
1290000 301.268 -16625.2 -4.14775
1291000 300.611 -16616.7 2.20122
1292000 300.374 -16665.5 7.16565
1293000 299.604 -16646.2 -1.78839
1294000 300.148 -16601.1 9.63751
1295000 300.367 -16612 -0.0601788
1296000 298.975 -16678.9 3.77308
1297000 298.558 -16622.3 16.7959
1298000 301.04 -16643.2 -8.1813
1299000 300.02 -16676.2 7.79186
1300000 300.209 -16683 -3.78812
1301000 299.825 -16669.7 -6.54145
1302000 299.837 -16730.4 5.61095
1303000 301.472 -16663.4 3.74421
1304000 300.171 -16655.7 -3.8179
1305000 298.203 -16652.3 9.88463
1306000 298.465 -16717.2 8.85302
1307000 300.324 -16659.5 6.41902
1308000 301.508 -16636.8 -2.70463
1309000 299.788 -16672.9 0.953363
1310000 300.89 -16656.8 -12.8486
1311000 300.035 -16636.4 11.0178
1312000 298.695 -16675 -5.2121
1313000 301.27 -16682.5 -4.80012
1314000 299.797 -16676.3 -0.832904
1315000 301.133 -16593.1 17.5353
1316000 299.37 -16553.8 -9.83609
1317000 299.97 -16636.6 6.39941
1318000 302.457 -16585.6 -3.59923
1319000 302.504 -16680.4 -0.232988
1320000 298.717 -16680.3 -4.40513
1321000 302.062 -16575.6 -8.70427
1322000 299.814 -16657.2 8.05126
1323000 299.152 -16663.7 8.34959
1324000 299.804 -16622 3.33799
1325000 299.6 -16582 -8.12293
1326000 298.908 -16603.6 5.67498
1327000 300.983 -16618.8 -4.66548
1328000 299.465 -16677.9 6.99782
1329000 301.077 -16637.5 4.52491
1330000 298.679 -16704.4 -2.48996
1331000 300.688 -16652 -6.21385
1332000 300.018 -16630.8 1.5377
1333000 297.165 -16679.5 3.11364
1334000 299.424 -16644.9 -9.02441
1335000 297.843 -16654.8 13.0243
1336000 298.011 -16646.1 11.4804
1337000 300.72 -16614 -2.31426
1338000 299.524 -16616.3 5.9954
1339000 300.472 -16627 4.79397
1340000 298.124 -16703.6 3.34
1341000 299.675 -16646.8 -2.92974
1342000 298.808 -16663.5 0.856623
1343000 299.35 -16677.3 2.77999
1344000 298.635 -16670.5 -6.78939
1345000 301.749 -16684.4 -1.32477
1346000 301.057 -16619.3 -6.23633
1347000 299.237 -16646.6 7.14735
1348000 301.549 -16558.9 2.73813
1349000 300.29 -16621.6 -1.81374
1350000 300.393 -16619.7 -4.77368
1351000 300.998 -16599.5 6.77889
1352000 300.371 -16591.2 1.75284
1353000 300.674 -16584.6 -0.612489
1354000 300.373 -16622.1 2.43629
1355000 298.989 -16596.5 8.79986
1356000 299.492 -16628.7 -8.00671
1357000 299.372 -16648.3 13.153
1358000 301.877 -16627.5 0.44635
1359000 300.817 -16564.8 -13.597
1360000 300.285 -16601.3 3.91217
1361000 298.865 -16725.5 -2.59227
1362000 299.39 -16704.1 -0.604131
1363000 299.837 -16630 5.06047
1364000 302.407 -16635.8 -11.8522
1365000 300.65 -16657.8 2.50885
1366000 298.955 -16667.5 -3.43071
1367000 299.91 -16673.3 -2.93206
1368000 302.128 -16630.2 14.6583
1369000 298.129 -16699 4.71972
1370000 300.49 -16713.9 -5.00694
1371000 301.296 -16680.7 1.9315
1372000 299.023 -16732.7 -0.489372
1373000 299.009 -16683.5 8.35334
1374000 298.372 -16721.3 -6.69578
1375000 300.016 -16662.6 -1.52018
1376000 298.374 -16664.1 -2.18545
1377000 301.573 -16631.6 7.96587
1378000 299.436 -16678 2.4341
1379000 300.667 -16670.4 3.83841
1380000 302.339 -16600.9 -1.68248
1381000 298.188 -16687.9 5.24743
1382000 299.099 -16696.9 1.90435
1383000 298.994 -16669.1 0.741451
1384000 299.21 -16628.9 4.69786
1385000 299.735 -16567.4 -6.52588
1386000 299.279 -16571.4 11.4578
1387000 298.639 -16650.3 -8.75256
1388000 298.547 -16677.2 -8.02032
1389000 299.679 -16617 8.38006
1390000 301.349 -16625.7 -3.76217
1391000 300.704 -16614.5 7.89338
1392000 300.057 -16642.6 -4.56537
1393000 300.429 -16658.5 11.1695
1394000 300.263 -16662 2.09819
1395000 299.048 -16668.2 14.1095
1396000 301.405 -16643.9 -4.77402
1397000 300.67 -16634.9 -5.36752
1398000 298.747 -16680.1 2.08864
1399000 300.385 -16603.1 3.30538
1400000 301.505 -16650.5 4.34254
1401000 299.302 -16730.8 0.103841
1402000 297.91 -16730.8 3.34601
1403000 300.301 -16690.6 0.837331
1404000 300.108 -16659.9 10.3073
1405000 298.118 -16653.8 -7.70939
1406000 297.765 -16690.9 13.0268
1407000 300.339 -16624.1 10.0954
1408000 300.716 -16641.8 -0.825416
1409000 299.446 -16651.7 8.69789
1410000 301.495 -16585.6 6.04672
1411000 298.885 -16612.8 5.54646
1412000 299.93 -16637.6 -11.8579
1413000 299.533 -16608.9 -8.15562
1414000 300.825 -16613.1 16.8944
1415000 300.367 -16629.5 0.414736
1416000 297.453 -16689.2 12.1143
1417000 298.895 -16657.3 11.9047
1418000 301.664 -16663.5 -12.2827
1419000 300.841 -16655.2 4.8984
1420000 300.671 -16621.5 6.03258
1421000 300.604 -16609.3 3.65263
1422000 298.163 -16658 2.03891
1423000 299.464 -16624 2.21883
1424000 298.459 -16715.6 -4.38117
1425000 300.704 -16676.3 -5.39493
1426000 299.619 -16671.6 4.00875
1427000 300.554 -16605 -0.964355
1428000 299.361 -16664.1 0.944835
1429000 299.754 -16672.6 10.8958
1430000 301.329 -16660 -4.83283
1431000 299.928 -16711.9 0.0619274
1432000 299.982 -16648.3 -1.159
1433000 299.259 -16667.8 -9.16848
1434000 300.488 -16611.4 5.62647
1435000 298.97 -16662.8 5.72895
1436000 299.214 -16619.7 -0.848642
1437000 300.861 -16656.8 -5.30262
1438000 300.698 -16713.5 0.000850152
1439000 299.244 -16700.8 -2.69201
1440000 301.236 -16704.1 -3.66798
1441000 300.366 -16668.3 -2.91229
1442000 297.93 -16678.6 6.00556
1443000 300.463 -16685.5 -7.51149
1444000 301.776 -16635.4 -6.64554
1445000 298.782 -16682.7 11.9923
1446000 301.822 -16676.5 -10.398
1447000 300.946 -16688.8 2.04584
1448000 302.356 -16663.3 -7.7499
1449000 300.944 -16640.1 7.11557
1450000 300.012 -16646.2 5.30268
1451000 300.124 -16673.2 -4.99572
1452000 299.302 -16606 8.3542
1453000 301.543 -16587.4 -4.22378
1454000 300.298 -16618.6 4.04964
1455000 301.375 -16606.7 -13.0202
1456000 299.35 -16681 12.5186
1457000 298.088 -16650.5 5.29608
1458000 298.904 -16659 -2.68811
1459000 300.237 -16651.8 -2.5874
1460000 300.039 -16613.3 5.4253
1461000 300.641 -16641.1 -5.70806
1462000 299.184 -16597 20.6529
1463000 300.319 -16595.8 -13.4133
1464000 299.46 -16667.7 -6.87731
1465000 301.056 -16648.5 3.21398
1466000 300.254 -16634.5 -3.61239
1467000 298.585 -16699.3 9.20562
1468000 298.944 -16647.3 1.12369
1469000 300.776 -16672.1 3.74195
1470000 298.383 -16782.7 -9.5003
1471000 299.317 -16693.1 1.53456
1472000 300.885 -16673.1 2.41867
1473000 297.915 -16712.3 10.315
1474000 300.047 -16650.8 -2.529
1475000 300.656 -16640.9 6.28933
1476000 301.325 -16567 9.89466
1477000 300.501 -16680.5 -27.8493
1478000 298.842 -16722.2 -4.06159
1479000 300.8 -16630.2 7.54043
1480000 297.752 -16634.1 13.2912
1481000 300.196 -16613.1 0.271896
1482000 298.275 -16689.9 -8.02896
1483000 300.831 -16656.9 -8.08048
1484000 300.79 -16620.8 0.800874
1485000 301.607 -16636.6 -2.48309
1486000 300.774 -16655.9 6.05026
1487000 298.643 -16680.9 9.69309
1488000 300.292 -16614.2 -7.8038
1489000 300.233 -16609.8 17.5842
1490000 300.784 -16617.3 -3.08505
1491000 299.614 -16621.1 1.05846
1492000 299.397 -16697.9 13.2978
1493000 300.301 -16649.3 -7.13238
1494000 301.088 -16641.7 -2.26396
1495000 299.134 -16696 5.3239
1496000 300.613 -16630.9 4.65905
1497000 301.565 -16604.8 2.52727
1498000 299.458 -16694.9 -0.588536
1499000 300.711 -16636.6 5.03399
1500000 300.775 -16673.1 -1.52247
1501000 299.148 -16692.1 9.24335
1502000 299.653 -16684.2 -4.09499
1503000 299.955 -16646.7 15.4456
1504000 299.848 -16665.4 -3.86573
1505000 299.287 -16695.8 -3.03386
1506000 299.066 -16682.2 5.25163
1507000 299.376 -16697.4 -4.69796
1508000 300.334 -16643 -1.57946
1509000 299.185 -16714.5 -11.8134
1510000 298.094 -16628 11.9964
1511000 299.248 -16658.7 7.61617
1512000 300.901 -16569.4 2.69082
1513000 300.599 -16570.5 -0.035748
1514000 300.5 -16645.4 2.98253
1515000 300.953 -16620.9 -0.647617
1516000 298.167 -16695.7 -5.38445
1517000 297.85 -16674.4 9.61408
1518000 300.193 -16628.9 -3.70054
1519000 299.961 -16666 8.80354
1520000 299.507 -16658.3 -7.59217
1521000 299.937 -16692.4 7.51851
1522000 299.5 -16727.7 14.9868
1523000 300.097 -16694.8 -2.47147
1524000 300.933 -16608.5 -0.231106
1525000 301.588 -16581.3 -2.56812
1526000 299.358 -16635.8 -5.29851
1527000 298.866 -16686.1 12.4969
1528000 301.136 -16621.4 -9.32148
1529000 298.692 -16606.7 5.12535
1530000 298.356 -16651.9 6.94916
1531000 298.025 -16674.7 4.20021
1532000 300.258 -16697.3 5.40656
1533000 298.18 -16682.4 -2.77589
1534000 299.93 -16645 1.77187
1535000 300.403 -16690 -1.74113
1536000 298.568 -16674.8 5.17236
1537000 301.507 -16668 -1.89207
1538000 298.971 -16697.1 -8.80711
1539000 300.09 -16644.1 6.06996
1540000 300.109 -16666.9 0.322823
1541000 299.534 -16683.7 -6.35681
1542000 300.384 -16659 5.5306
1543000 301.451 -16611.5 9.08117
1544000 298.571 -16645.7 14.8036
1545000 299.542 -16615.1 -0.430077
1546000 298.027 -16664.8 -0.365179
1547000 299.16 -16637.5 -0.720909
1548000 297.92 -16640.2 1.32471
1549000 299.513 -16619.8 -1.68773
1550000 298.978 -16662.3 4.51808
1551000 301.732 -16540.9 -10.4824
1552000 300.29 -16546.5 2.8895
1553000 300.361 -16600.4 -5.53716
1554000 302.209 -16610.8 6.57746
1555000 300.484 -16626.5 -5.26418
1556000 302.714 -16584.2 -2.54403
1557000 300.952 -16604.8 -6.33933
1558000 299.982 -16679 4.77599
1559000 300.047 -16639.9 7.62504
1560000 300.434 -16677.4 -8.35982
1561000 299.56 -16765 6.96833
1562000 300.602 -16657.8 -13.1827
1563000 300.596 -16710.3 0.0468908
1564000 299.237 -16678.7 10.4977
1565000 300.472 -16643.3 -3.70907
1566000 300.081 -16642 14.1479
1567000 300.626 -16658.3 -4.85116
1568000 297.724 -16749.1 -7.70699
1569000 300.425 -16685.9 0.121572
1570000 299.928 -16650.5 -0.547394
1571000 299.427 -16643.4 -0.0380279
1572000 298.702 -16695.4 0.51775
1573000 299.311 -16669.4 -5.89446
1574000 300.622 -16624.8 5.40157
1575000 301.963 -16615.9 4.84703
1576000 300.354 -16664.7 2.25652
1577000 300.219 -16660.1 0.357318
1578000 303.043 -16654.2 13.9165
1579000 301.406 -16673.6 -8.81851
1580000 301.572 -16626.1 2.98179
1581000 299.056 -16655.2 -0.669619
1582000 300.377 -16618.5 4.2415
1583000 299.815 -16672.9 -0.64966
1584000 301.01 -16619.6 19.8951
1585000 301.01 -16564 -7.33693
1586000 298.484 -16674.1 -8.53109
1587000 300.366 -16646.7 -2.67138
1588000 300.618 -16673 2.61658
1589000 300.759 -16627.2 8.34865
1590000 300.489 -16608.9 -6.62959
1591000 299.81 -16637 -5.14593
1592000 297.901 -16681 -2.03791
1593000 299.606 -16647.6 6.91772
1594000 299.409 -16658.2 4.37516
1595000 300.112 -16676.9 -0.315791
1596000 300.568 -16714 -8.40441
1597000 299.821 -16676.3 17.7947
1598000 300.839 -16689.2 -11.1599
1599000 301.032 -16669.7 -7.0564
1600000 300.039 -16624.6 10.8845
1601000 299.838 -16617.8 1.53252
1602000 300.271 -16648.2 -8.41109
1603000 300.168 -16668.5 -0.745845
1604000 299.808 -16618.3 17.5075
1605000 300.492 -16642.8 1.57821
1606000 299.804 -16663.1 -5.49524
1607000 298.083 -16688.6 -0.153265
1608000 301.088 -16646 -5.83819
1609000 298.858 -16660.6 1.62395
1610000 298.613 -16677 7.04432
1611000 300.877 -16633.3 2.83632
1612000 302.071 -16658.9 -12.8117
1613000 300.051 -16681 11.3688
1614000 299.824 -16687.7 -4.92829
1615000 299.442 -16664 -5.25222
1616000 301.228 -16596.3 -2.27769
1617000 299.641 -16665.5 -5.78135
1618000 301.966 -16668.6 -10.8336
1619000 300.893 -16684.1 5.09895
1620000 299.388 -16669 -5.26847
1621000 300.151 -16680.3 -2.60401
1622000 300.319 -16623.1 -7.13319
1623000 302.559 -16567.1 3.45557
1624000 300.214 -16573.5 -4.36063
1625000 299.472 -16602.5 12.2621
1626000 299.765 -16632.2 4.96777
1627000 299.407 -16663.9 -2.94596
1628000 300.394 -16633.6 -12.0455
1629000 299.246 -16612.5 15.8455
1630000 299.831 -16619.4 3.05398
1631000 301.364 -16655.7 -6.18791
1632000 297.601 -16755.7 7.15876
1633000 299.386 -16704.1 -9.57699
1634000 300.631 -16635.2 1.63485
1635000 300.609 -16584.7 -2.68746
1636000 298.956 -16633.4 12.7638
1637000 299.519 -16648.5 6.26692
1638000 300.56 -16610.3 12.2778
1639000 300.783 -16637.3 -11.7512
1640000 299.971 -16596.2 -1.17638
1641000 299.316 -16642.5 8.10646
1642000 300.484 -16599.8 -6.93959
1643000 299.426 -16556.2 4.60383
1644000 300.87 -16572.9 1.42304
1645000 300.546 -16612.7 6.93721
1646000 298.836 -16691.2 8.61566
1647000 300.688 -16604.2 3.94938
1648000 298.976 -16635.6 3.71539
1649000 301.353 -16635.2 -4.62063
1650000 300.599 -16642 2.07984
1651000 300.056 -16607.3 -1.6682
1652000 300.644 -16640.5 5.67134
1653000 299.769 -16661.9 11.356
1654000 298.494 -16633.7 5.46559
1655000 299.149 -16690.7 -8.762
1656000 298.923 -16691.4 7.85197
1657000 299.608 -16668.1 -0.0201249
1658000 300.591 -16603.3 -0.258408
1659000 298.605 -16654.3 -1.62325
1660000 298.21 -16652.2 2.40555
1661000 299.912 -16679.1 -5.20605
1662000 299.376 -16676.4 -4.51983
1663000 300.325 -16635.5 1.81824
1664000 300.927 -16686.5 5.08216
1665000 300.079 -16681.7 3.73029
1666000 299.427 -16761.8 4.17652
1667000 301.107 -16707.1 -8.52938
1668000 298.234 -16716.3 6.30416
1669000 298.749 -16686.5 10.2314
1670000 300.893 -16580.8 -2.22572
1671000 301.013 -16644.7 3.21303
1672000 301.235 -16605.2 5.95407
1673000 301.151 -16624.9 0.170107
1674000 300.44 -16660.6 6.49467
1675000 299.169 -16676.3 -14.7107
1676000 300.586 -16640.2 -4.22916
1677000 302.095 -16637.1 -7.48626
1678000 300.283 -16641.5 -5.72016
1679000 301.225 -16640.3 -0.168734
1680000 298.823 -16647.2 6.2094
1681000 301.787 -16611.4 -0.445256
1682000 301.23 -16606.4 -5.231
1683000 298.505 -16645 4.27469
1684000 300.189 -16627.2 1.78453
1685000 299.446 -16721.6 -5.13017
1686000 300.468 -16692.5 -10.7302
1687000 300.196 -16660 2.63385
1688000 301.767 -16606.7 10.6079
1689000 297.978 -16655.9 -8.30893
1690000 299.862 -16638.5 -7.2919
1691000 301.017 -16565 1.09236
1692000 300.563 -16609.4 9.81267
1693000 298.051 -16692.9 0.329316
1694000 300.315 -16656.1 -0.152226
1695000 299.434 -16641 2.21575
1696000 299.449 -16652.5 11.3308
1697000 299.014 -16684.7 -5.8473
1698000 300.512 -16646.5 9.1532
1699000 300.284 -16666 -1.62389
1700000 301.674 -16638.4 2.3977
1701000 300.711 -16636.3 0.476014
1702000 299.167 -16671.4 1.66757
1703000 299.859 -16662.4 15.9114
1704000 300.121 -16664.6 -6.28626
1705000 299.426 -16692.6 -2.18063
1706000 299.552 -16684.9 0.89019
1707000 299.589 -16644.1 5.28971
1708000 298.558 -16656.1 3.68237
1709000 298.055 -16654.4 6.01353
1710000 301.182 -16604.6 0.490429
1711000 298.749 -16621.5 5.86512
1712000 299.589 -16629.5 -5.01317
1713000 301.957 -16699.8 5.65235
1714000 299.277 -16657.6 6.4757
1715000 301.528 -16644 0.824118
1716000 300.542 -16700.4 4.47012
1717000 300.116 -16685.7 -3.42881
1718000 300.05 -16651.2 10.4766
1719000 299.215 -16673.4 -2.77561
1720000 300.001 -16680.7 -7.87243
1721000 298.806 -16728.6 -1.91072
1722000 300.52 -16690.3 11.0677
1723000 297.352 -16667.1 2.79009
1724000 300.539 -16629 0.0941202
1725000 299.364 -16595.7 1.94072
1726000 299.416 -16669.9 19.4393
1727000 302.1 -16670.5 -13.1602
1728000 299.614 -16642 4.92533
1729000 301.396 -16603.7 -6.25665
1730000 298.596 -16646.6 18.0703
1731000 298.319 -16708.8 -10.1655
1732000 299.001 -16660.4 -2.56919
1733000 301.095 -16582.1 6.85522
1734000 297.806 -16699.4 6.4935
1735000 300.233 -16682.7 -9.67659
1736000 302.064 -16645.9 -0.388332
1737000 298.847 -16676.7 2.94551
1738000 297.658 -16670.5 -1.80029
1739000 298.901 -16560 -2.3578
1740000 301.263 -16537.8 10.2773
1741000 299.936 -16585 7.06219
1742000 301.875 -16632.4 6.42429
1743000 301.01 -16624.9 2.58651
1744000 300.808 -16707.5 0.290261
1745000 299.536 -16710.9 0.135563
1746000 300.491 -16666.1 -6.13242
1747000 298.672 -16616.8 6.89722
1748000 301.138 -16591.1 20.3065
1749000 300.012 -16670.3 -4.605
1750000 299.849 -16640.2 -1.84706
1751000 297.205 -16691.5 9.38498
1752000 299.862 -16629.4 -9.1665
1753000 299.212 -16606 1.53746
1754000 300.627 -16631.9 2.11241
1755000 300.597 -16669.2 -1.94734
1756000 298.704 -16725.9 -3.86671
1757000 300.322 -16636.5 -15.1017
1758000 300.199 -16657.7 19.7034
1759000 298.143 -16654.2 -14.4978
1760000 300.277 -16626.3 19.7215
1761000 299.456 -16614.7 2.81976
1762000 300.397 -16599.9 -16.4378
1763000 299.261 -16622.6 15.1314
1764000 301.305 -16639.4 -7.72301
1765000 300.134 -16663.7 11.4237
1766000 300.141 -16626.7 -9.26617
1767000 301.807 -16648.9 8.03176
1768000 299.426 -16642.4 7.68132
1769000 302.178 -16623.6 -1.3998
1770000 300.034 -16685.5 -5.66687
1771000 300.791 -16662.7 -8.46337
1772000 300.417 -16695 7.10075
1773000 300.176 -16686.9 -7.22879
1774000 298.449 -16695 -3.20098
1775000 300.069 -16688.1 -6.64075
1776000 298.996 -16700.5 5.87145
1777000 301.048 -16647.8 6.94115
1778000 298.721 -16687.2 -4.43486
1779000 299.011 -16644.2 -5.95484
1780000 300.757 -16647.6 -8.24297
1781000 298.942 -16693.8 -5.06206
1782000 300.926 -16667.9 5.01799
1783000 300.529 -16672 2.49165
1784000 297.597 -16675.4 5.48433
1785000 299.801 -16694 -7.4474
1786000 299.566 -16704.1 -2.79832
1787000 299.599 -16665.6 0.809607
1788000 298.172 -16647.8 2.80355
1789000 301.969 -16607.5 -1.79609
1790000 297.97 -16613.6 19.1964
1791000 301.01 -16611.2 -8.83033
1792000 300.672 -16605 6.71669
1793000 300.49 -16627.8 -1.195
1794000 299.881 -16636.8 9.13849
1795000 300.479 -16601.8 4.31493
1796000 300.493 -16606.9 -3.60135
1797000 298.082 -16667.5 15.3773
1798000 300.755 -16586.3 -6.17689
1799000 299.303 -16598.3 2.58909
1800000 299.665 -16625.9 11.7718
1801000 297.401 -16680.6 -0.191876
1802000 298.064 -16654.2 6.992
1803000 300.565 -16651.9 -10.1569
1804000 300.553 -16648.8 5.93349
1805000 300.643 -16616.9 6.28226
1806000 300.676 -16642.2 0.675326
1807000 299.598 -16661.6 -10.7931
1808000 299.766 -16666.5 5.04477
1809000 299.796 -16657.5 4.59891
1810000 300.256 -16623.4 -11.735
1811000 299.345 -16595.3 13.7293
1812000 299.144 -16669.5 2.03221
1813000 298.443 -16740 5.66054
1814000 299.079 -16727.9 -3.1846
1815000 301.515 -16693.7 -2.84058
1816000 300.791 -16684.3 -4.63968
1817000 300.199 -16646.4 8.13587
1818000 300.834 -16677.2 -1.09022
1819000 301.535 -16649.9 -8.45465
1820000 299.218 -16720.7 10.5789
1821000 297.214 -16723.8 -0.297822
1822000 299.804 -16670.1 -9.23432
1823000 298.799 -16571 19.6126
1824000 299.796 -16649.9 1.00402
1825000 300.777 -16602.9 6.01619
1826000 299.772 -16652.1 1.80586
1827000 298.754 -16666.5 18.2881
1828000 298.393 -16724.9 12.5836
1829000 299.918 -16678.3 -3.61874
1830000 299.275 -16721.4 5.03706
1831000 299.78 -16638 -5.08931
1832000 301.154 -16649.9 -1.97161
1833000 300.508 -16592.9 5.82726
1834000 300.203 -16669.1 -7.71523
1835000 300.254 -16624.2 -4.12101
1836000 299.763 -16625.5 -0.51072
1837000 300.812 -16591.9 8.60804
1838000 299.029 -16676.1 -6.42723
1839000 300.653 -16685.7 5.51162
1840000 300.373 -16617.8 -6.51743
1841000 298.507 -16676.5 2.36184
1842000 299.884 -16654.1 1.06305
1843000 300.09 -16645 8.82397
1844000 299.62 -16598.8 7.29258
1845000 302.333 -16572.5 1.96973
1846000 299.419 -16659.1 -11.2661
1847000 300.418 -16679.8 15.5634
1848000 301.289 -16638.1 -0.929742
1849000 301.152 -16618.2 -8.26432
1850000 300.848 -16667.1 13.9527
1851000 299.327 -16679.2 7.4616
1852000 301.282 -16692.5 -2.00107
1853000 299.87 -16657.6 8.35698
1854000 301.063 -16620.8 -6.11243
1855000 299.735 -16663.7 1.25292
1856000 300.166 -16680.4 -5.55293
1857000 299.771 -16622.4 0.205112
1858000 298.395 -16590.1 14.1259
1859000 298.46 -16623.5 2.91554
1860000 300.415 -16642.2 -7.32167
1861000 300.972 -16592.5 1.1963
1862000 298.162 -16613 9.99812
1863000 298.927 -16620 8.42541
1864000 299.112 -16611.3 -7.88669
1865000 300.403 -16691.7 9.41718
1866000 299.268 -16684.7 -9.60794
1867000 302.222 -16623.8 8.60992
1868000 301.534 -16593 0.530722
1869000 300.398 -16674.5 10.365
1870000 299.243 -16667.8 -2.13188
1871000 299.794 -16704.2 -0.915392
1872000 299.428 -16647.8 -6.76212
1873000 301.359 -16639.8 2.25614
1874000 298.692 -16622.7 -1.97706
1875000 299.013 -16604.5 22.162
1876000 300.336 -16672.2 3.87892
1877000 301.734 -16619.8 -13.1491
1878000 301.921 -16582 -2.4717
1879000 301.091 -16613.5 0.934764
1880000 299.091 -16647.7 11.513
1881000 300.844 -16667.7 -9.62717
1882000 299.467 -16596 6.68151
1883000 300.419 -16646.1 4.85767
1884000 298.644 -16643.2 11.1043
1885000 298.417 -16630 -1.36421
1886000 299.596 -16640.4 5.49176
1887000 301.543 -16608.6 5.95539
1888000 298.734 -16673.6 -0.949033
1889000 301.014 -16668.4 7.15814
1890000 298.767 -16671.8 -4.7443
1891000 302.121 -16590.7 4.33086
1892000 301.401 -16612.7 -1.29058
1893000 298.825 -16643.3 14.3442
1894000 299.818 -16614.1 5.61642
1895000 301.401 -16641 -3.60846
1896000 300.513 -16615 0.430066
1897000 300.229 -16609.5 21.2047
1898000 301.338 -16604 -8.94358
1899000 300.136 -16662.6 5.03566
1900000 300.079 -16672.6 0.253752
1901000 297.409 -16673.5 18.3124
1902000 300.047 -16607.2 -5.50936
1903000 299.714 -16617.5 10.3766
1904000 300.595 -16647.6 -10.7124
1905000 300.592 -16619.3 -0.367646
1906000 298.887 -16684.5 8.48366
1907000 298.794 -16687 -4.66573
1908000 298.769 -16674.4 9.8266
1909000 300.052 -16670.9 8.41825
1910000 300.071 -16615.9 8.84012
1911000 301.258 -16587.3 -2.05634
1912000 301.381 -16582.5 10.4123
1913000 302.186 -16601.5 -10.407
1914000 300.278 -16632.3 -1.04142
1915000 300.157 -16643.7 -11.3859
1916000 298.352 -16640.9 2.20522
1917000 298.171 -16684.7 1.65523
1918000 299.604 -16633.9 12.8223
1919000 300.304 -16646.5 2.7039
1920000 300.586 -16619.2 -5.12236
1921000 300.278 -16668.3 5.82133
1922000 300.694 -16643.4 -9.45061
1923000 299.526 -16624.4 -3.09307
1924000 299.82 -16635.9 -10.7518
1925000 298.968 -16621.6 5.5599
1926000 298.235 -16626.7 -6.38497
1927000 300.237 -16625.1 7.19186
1928000 299.052 -16663.9 6.58131
1929000 298.537 -16639.7 -1.8052
1930000 299.987 -16657.4 -0.588211
1931000 300.09 -16615.7 10.9003
1932000 299.838 -16626.2 -0.370636
1933000 300.516 -16624.6 7.37751
1934000 300.344 -16653.4 -1.865
1935000 299.287 -16691.2 -3.48286
1936000 299.694 -16682.6 -0.966095
1937000 299.552 -16670.4 -4.70263
1938000 298.938 -16597.8 16.401
1939000 301.257 -16626.9 -6.35501
1940000 299.956 -16654.4 1.84597
1941000 300.143 -16598.1 -3.37372
1942000 301.516 -16627.8 2.59466
1943000 299.308 -16674.7 2.92928
1944000 300.402 -16649.7 3.79411
1945000 301.21 -16621.7 1.95997
1946000 301.362 -16635.9 -8.27168
1947000 299.602 -16627.9 3.23616
1948000 300.933 -16666.7 4.40894
1949000 299.163 -16682.3 -3.10067
1950000 301.602 -16640.4 -1.43716
1951000 298.072 -16605.3 7.59288
1952000 299.278 -16605.7 0.46615
1953000 300.847 -16581 1.07577
1954000 301.613 -16603.4 22.6029
1955000 298.903 -16704.9 -2.06007
1956000 299.874 -16628.4 2.42376
1957000 299.269 -16630.8 1.88772
1958000 299.374 -16602.3 4.4164
1959000 299.874 -16663.6 9.49133
1960000 301.765 -16633.3 -10.895
1961000 299.824 -16651.8 7.87813
1962000 299.61 -16645.3 0.109887
1963000 300.522 -16694.3 6.3097
1964000 301.997 -16636.3 -1.62145
1965000 298.254 -16684.1 10.8292
1966000 300.114 -16643.4 5.39837
1967000 299.218 -16694.1 -3.11892
1968000 301.953 -16642 8.74573
1969000 300.628 -16658.3 5.63254
1970000 299.657 -16674.4 3.88261
1971000 300.341 -16655.3 -1.13327
1972000 300.146 -16660 3.50134
1973000 299.851 -16722.8 8.93921
1974000 299.785 -16706.9 -10.6373
1975000 298.842 -16685.5 17.622
1976000 302.162 -16637.7 -1.99254
1977000 302.56 -16657 -4.98795
1978000 300.854 -16620.6 6.41972
1979000 299.049 -16627.5 16.7666
1980000 299.386 -16645.7 -3.26004
1981000 300.822 -16656.4 5.79606
1982000 301 -16650.7 6.2001
1983000 300.282 -16594.9 3.02716
1984000 300.155 -16614 -3.97661
1985000 300.651 -16613.2 6.61417
1986000 299.475 -16699 -1.01797
1987000 299.417 -16645.9 -2.89123
1988000 298.899 -16590.1 4.33035
1989000 300.915 -16606.8 4.48834
1990000 300.998 -16535.4 11.2042
1991000 299.555 -16617.7 6.23942
1992000 300.999 -16597.1 5.322
1993000 299.77 -16645.6 -6.01668
1994000 298.732 -16680.6 9.73566
1995000 300.65 -16630.6 -9.27639
1996000 301.601 -16660.7 7.50769
1997000 300.104 -16659.3 2.88573
1998000 300.453 -16589.2 11.3022
1999000 301.51 -16612.8 1.1135
2000000 300.249 -16671.3 11.3957
2001000 301.379 -16621 2.44944
2002000 301.296 -16620.8 10.4547
2003000 302.542 -16579 -2.98476
2004000 298.638 -16621.2 -1.56967
2005000 301.381 -16572 -0.132536
2006000 300.512 -16610.4 -2.46426
2007000 300.657 -16644.1 5.4049
2008000 300.662 -16662 -15.8508
2009000 299.725 -16629.4 -8.23892
2010000 299.817 -16572.8 7.64507
2011000 300.148 -16584 17.0219
2012000 299.878 -16628.7 0.203487
2013000 300.141 -16604.7 -6.48324
2014000 300.72 -16586.9 -0.473987
2015000 300.016 -16587.2 -8.66179
2016000 300.477 -16621.3 5.60118
2017000 299.393 -16651.8 -3.49102
2018000 299.465 -16641.3 -7.0795
2019000 299.639 -16669.9 7.89978
2020000 301.395 -16660 -6.40936
2021000 298.082 -16710 7.4742
2022000 300.42 -16686.2 2.12818
2023000 301.918 -16619.6 -8.83094
2024000 301.485 -16608 0.896166
2025000 300.304 -16625.9 3.79585
2026000 301.377 -16640.7 8.23977
2027000 299.045 -16700.7 -5.86904
2028000 300.898 -16646.4 2.73266
2029000 299.185 -16671.7 -12.9758
2030000 298.035 -16673 -4.89589
2031000 299.932 -16599.9 7.51298
2032000 300.354 -16613.1 8.86158
2033000 299.934 -16655.1 -2.27524
2034000 299.242 -16723.5 5.90905
2035000 299.621 -16675.9 -14.3671
2036000 301.242 -16633.3 -1.76895
2037000 301.509 -16602.4 -4.06853
2038000 298.801 -16658.3 13.3284
2039000 298.554 -16710 -10.3195
2040000 297.245 -16702.6 3.86923
2041000 300.541 -16640.6 4.80833
2042000 300.238 -16661.4 10.0204
2043000 301.046 -16630.8 -4.59725
2044000 299.697 -16652.3 1.89311
2045000 300.246 -16583.4 -0.32719
2046000 299.925 -16566.5 -2.48122
2047000 301.137 -16599.2 9.33093
2048000 298.485 -16629.9 2.57087
2049000 300.76 -16601.3 5.11245
2050000 299.742 -16707.1 0.557926
2051000 299 -16713.7 4.36477
2052000 299.54 -16764.9 -4.27174
2053000 297.142 -16781.5 8.18417
2054000 298.62 -16684.8 2.7547
2055000 300.956 -16694.9 -7.22438
2056000 300.506 -16695.5 -4.42927
2057000 300.852 -16636.9 5.51397
2058000 299.624 -16647.8 5.14649
2059000 298.885 -16627.8 -10.3481
2060000 299.119 -16624.3 5.11427
2061000 300.579 -16667.7 -5.43784
2062000 300.242 -16705.6 10.9799
2063000 299.99 -16659 -0.71697
2064000 301.876 -16624.8 -8.06064
2065000 299.127 -16669.6 2.58609
2066000 299.537 -16644.1 -6.36037
2067000 298.226 -16680.8 4.49266
2068000 300.393 -16605.3 -1.82233
2069000 300.192 -16613 4.84234
2070000 299.588 -16652.3 7.91123
2071000 299.659 -16674.3 -0.964767
2072000 299.423 -16698.9 -7.84286
2073000 299.6 -16695.4 12.2251
2074000 300.698 -16672.1 -2.77746
2075000 298.998 -16646.4 8.41471
2076000 300.53 -16618.7 1.08055
2077000 299.13 -16655.8 0.981129
2078000 300.297 -16650.5 -3.38484
2079000 299.392 -16640.5 -4.96081
2080000 299.213 -16662.6 3.4863
2081000 301.287 -16618.1 -0.962148
2082000 298.478 -16667.6 9.69823
2083000 298.374 -16712.1 -1.75183
2084000 301.713 -16682.8 0.86915
2085000 299.051 -16707.4 6.77319
2086000 301.126 -16680.4 -7.24955
2087000 302.393 -16633 -2.3913
2088000 300.709 -16643.2 7.42458
2089000 301.222 -16640.1 -6.0489
2090000 299.002 -16637.3 4.14655
2091000 301.057 -16662.1 -0.792646
2092000 299.402 -16680.8 -14.3775
2093000 300.952 -16680.1 -6.56825
2094000 300.052 -16674.6 13.0749
2095000 299.384 -16651.4 2.54213
2096000 300.225 -16642.7 1.80505
2097000 298.286 -16723.2 10.3333
2098000 298.88 -16683.6 0.515724
2099000 298.333 -16657.9 13.8868
2100000 300.028 -16601.8 -10.3509
2101000 300.399 -16593.9 7.37274
2102000 299.696 -16602.9 3.23424
2103000 298.917 -16656.3 -11.8448
2104000 299.933 -16642.7 17.4716
2105000 297.681 -16676.6 -4.60133
2106000 300.019 -16643.8 9.13675
2107000 300.899 -16660.3 -5.21956
2108000 299.81 -16635.6 2.07884
2109000 299.778 -16666 -15.2272
2110000 298.563 -16638.5 17.515
2111000 301.429 -16664.9 10.4412
2112000 299.19 -16677.9 15.4562
2113000 299.201 -16665.6 0.993367
2114000 298.577 -16692.1 10.2022
2115000 300.076 -16635.4 4.28192
2116000 301.375 -16600.2 3.97547
2117000 298.983 -16645.6 -0.487611
2118000 300.416 -16648.9 -17.3322
2119000 301.513 -16621.8 2.93041
2120000 297.707 -16670 5.9461
2121000 302.218 -16592.2 2.40705
2122000 298.803 -16680.3 -0.57128
2123000 298.541 -16628.5 9.7867
2124000 299.749 -16665.6 -11.3715
2125000 298.737 -16682.4 7.997
2126000 299.321 -16685.6 -13.5005
2127000 298.615 -16633.7 13.5786
2128000 300.01 -16627.2 -7.76106
2129000 301.391 -16684.4 -2.30825
2130000 299.791 -16694.1 1.65531
2131000 298.364 -16718.5 0.0726642
2132000 297.823 -16698.2 1.5006
2133000 300.869 -16579.2 9.81455
2134000 299.056 -16665.7 5.84274
2135000 299.28 -16648.8 -5.89371
2136000 297.821 -16698.4 5.21504
2137000 300.88 -16604.5 -1.68375
2138000 298.833 -16653.4 -1.52489
2139000 300.916 -16592.7 7.80461
2140000 298.797 -16600.3 -3.85148
2141000 298.82 -16629.6 7.39848
2142000 301.485 -16608.7 -10.2805
2143000 300.093 -16609.4 -4.79088
2144000 301.277 -16573.6 2.88803
2145000 299.824 -16661.5 0.994267
2146000 297.413 -16731.2 1.83747
2147000 300.413 -16703.6 1.8145
2148000 298.855 -16710.5 1.01095
2149000 299.49 -16641.3 0.0437295
2150000 300.494 -16644 -4.11904
2151000 298.811 -16692.3 -7.57617
2152000 300.656 -16638 -10.6455
2153000 300.913 -16677.5 -6.87886
2154000 300.798 -16621 -8.42774
2155000 300.913 -16614.4 13.2362
2156000 298.969 -16623.5 -0.610776
2157000 299.207 -16563.8 11.3168
2158000 301.808 -16603.1 -7.57949
2159000 300.747 -16671.9 2.37214
2160000 300.091 -16621.6 -8.71344
2161000 299.808 -16650.8 4.46748
2162000 297.818 -16706.1 17.1339
2163000 298.531 -16648.6 -6.25353
2164000 297.987 -16660.5 13.6927
2165000 301.021 -16568.5 -6.21991
2166000 301.196 -16571.2 -4.76575
2167000 300.076 -16582.1 -1.09465
2168000 300.239 -16593.2 -0.0460946
2169000 297.708 -16608 10.7663
2170000 299.329 -16594.8 -7.75625
2171000 299.868 -16615 14.3176
2172000 301.599 -16599.6 -3.33089
2173000 299.798 -16657.8 9.06921
2174000 299.016 -16680.8 -2.13295
2175000 300.41 -16663.6 -0.345436
2176000 300.584 -16648.5 -1.69782
2177000 297.848 -16689.1 0.950775
2178000 300.358 -16597.9 12.3416
2179000 300.952 -16635.8 1.94754
2180000 299.769 -16650.6 -4.49869
2181000 301.171 -16590.8 6.59836
2182000 301.663 -16565.5 6.89915
2183000 299.368 -16600.2 -7.87344
2184000 300.899 -16618.3 -6.6388
2185000 300.921 -16610.6 -0.0985677
2186000 298.756 -16662 6.05776
2187000 300.305 -16635.2 -5.05086
2188000 299.741 -16605.8 12.217
2189000 302.249 -16644.2 4.25887
2190000 298.188 -16768.2 6.43435
2191000 298.683 -16730.9 1.06931
2192000 299.262 -16703.5 0.186699
2193000 300.577 -16644.1 -0.540195
2194000 299.135 -16628.2 13.4522
2195000 301.79 -16594.7 -11.0844
2196000 302.117 -16574.8 -12.3599
2197000 298.224 -16639.7 1.43102
2198000 299.018 -16629.6 15.1192
2199000 298.921 -16698.7 -3.21987
2200000 299.504 -16644.8 11.5572
2201000 300.593 -16630.1 -0.61901
2202000 298.575 -16636.7 -13.0981
2203000 299.56 -16659.5 7.6114
2204000 299.97 -16578 -8.72535
2205000 299.836 -16605.3 14.1936
2206000 300.133 -16584.8 -7.8588
2207000 300.468 -16584.7 13.537
2208000 301.57 -16566.5 9.56149
2209000 298.995 -16606.6 8.04308
2210000 297.731 -16600.3 16.066
2211000 299.763 -16625.8 4.0084
2212000 302.196 -16610.9 -1.39024
2213000 298.905 -16627.5 0.185406
2214000 297.826 -16648.5 4.14958
2215000 299.235 -16687.1 2.36813
2216000 299.411 -16696.7 5.70464
2217000 300.175 -16625.9 0.327253
2218000 301.554 -16617.6 -10.3734
2219000 300.224 -16615.7 0.669444
2220000 300.731 -16598.6 4.13187
2221000 300.505 -16643.8 -1.19737
2222000 298.574 -16634.2 -2.64326
2223000 299.53 -16647.6 2.93692
2224000 299.936 -16647.6 -9.99649
2225000 298.329 -16659.1 5.44247
2226000 300.071 -16574.1 0.469025
2227000 300.301 -16617.2 -6.86935
2228000 298.464 -16676.2 -3.70139
2229000 300.566 -16619.9 2.30375
2230000 300.407 -16620.8 2.37779
2231000 298.555 -16677.4 -7.5182
2232000 300.772 -16649.3 0.748686
2233000 299.71 -16651.2 -1.22874
2234000 298.831 -16627.4 16.1877
2235000 300.802 -16621 -7.72269
2236000 298.02 -16708.6 10.9515
2237000 300.031 -16675.6 4.51671
2238000 299.311 -16680.2 4.64035
2239000 299.158 -16640.6 12.2419
2240000 300.21 -16624.5 4.04886
2241000 299.99 -16635.2 1.55137
2242000 299.792 -16625.2 6.57355
2243000 300.544 -16642.7 -6.31098
2244000 298.869 -16664.8 7.0326
2245000 299.699 -16691 -6.13355
2246000 298.176 -16680.9 -0.497473
2247000 299.137 -16660.8 -8.19832
2248000 301.442 -16643.8 -1.542
2249000 298.225 -16648.3 -0.618711
2250000 300.459 -16601.2 -7.3976
2251000 299.299 -16631.2 -5.43052
2252000 298.325 -16671.8 4.32617
2253000 301.674 -16580.4 13.3293
2254000 299.132 -16655.6 -2.4349
2255000 299.65 -16622.1 12.0019
2256000 301.876 -16620.7 -1.87008
2257000 300.925 -16590.5 -5.7821
2258000 301.788 -16619.2 -5.00806
2259000 299.22 -16652.1 -1.74349
2260000 298.066 -16677.5 -0.770603
2261000 301.744 -16672.3 -7.93908
2262000 298.481 -16669.3 8.91411
2263000 298.784 -16707.7 6.60431
2264000 299.911 -16677 -12.0314
2265000 299.486 -16652.3 3.99015
2266000 301.835 -16603.2 -3.06178
2267000 300.463 -16644 4.46588
2268000 298.228 -16679.2 -5.70185
2269000 300.01 -16604.6 -0.506798
2270000 301.353 -16578.6 14.5747
2271000 300.59 -16608.1 0.532512
2272000 298.881 -16641.5 6.52951
2273000 301.418 -16559.8 -1.50773
2274000 301.612 -16537.8 5.11171
2275000 301.037 -16608.3 7.93182
2276000 297.731 -16675.4 3.22418
2277000 301.968 -16679.5 14.2078
2278000 298.875 -16681.1 2.02868
2279000 299.606 -16657.7 14.0754
2280000 300.189 -16720.3 -14.7015
2281000 300.873 -16682.3 -4.30153
2282000 300.419 -16691.9 14.2982
2283000 299.943 -16671.6 0.140972
2284000 299.275 -16705 -0.43077
2285000 300.552 -16638.9 -5.26721
2286000 300.741 -16704.8 -13.5408
2287000 300.943 -16672.3 -15.125
2288000 301.001 -16618.2 4.34152
2289000 301.326 -16616 -7.0566
2290000 298.779 -16662.8 4.04028
2291000 298.563 -16681.1 -1.56792
2292000 300.226 -16605.2 3.52834
2293000 298.721 -16672 -0.615993
2294000 301.132 -16626.2 -2.32376
2295000 301.746 -16651.7 3.15342
2296000 297.935 -16696.2 9.56994
2297000 299.783 -16685.9 1.00976
2298000 299.511 -16627.1 -2.19759
2299000 300.558 -16610.3 13.4568
2300000 301.16 -16606.8 6.97506
2301000 300.598 -16616.1 -12.8606
2302000 299.498 -16613.2 12.0292
2303000 300.759 -16646 6.98524
2304000 298.388 -16691.5 2.6521
2305000 300.52 -16692.8 11.5659
2306000 299.672 -16696.3 -16.4368
2307000 299.688 -16644.7 10.5465
2308000 298.953 -16732.5 -5.44357
2309000 300.658 -16645.5 -13.3367
2310000 301.426 -16609 3.81587
2311000 300.852 -16631.4 -15.8232
2312000 301.489 -16587.6 8.67919
2313000 299.776 -16626.1 12.6094
2314000 300.509 -16603.3 4.38716
2315000 300.439 -16617.2 0.280654
2316000 300.096 -16607.7 0.655876
2317000 300.731 -16649.9 1.80725
2318000 300.619 -16626.3 -11.6932
2319000 302.056 -16631.1 -3.30333
2320000 299.419 -16684.7 1.45735
2321000 300.429 -16681 -4.52369
2322000 301.169 -16662.3 8.07747
2323000 301.205 -16651.1 -9.85992
2324000 299.045 -16656.2 1.55784
2325000 298.516 -16689.1 1.78596
2326000 301.238 -16655.6 7.27006
2327000 299.648 -16661 1.0621
2328000 298.846 -16707.6 -18.2943
2329000 301.393 -16649.7 15.4809
2330000 299.939 -16639.2 5.29753
2331000 299.689 -16666.2 -2.35802
2332000 297.954 -16639.4 5.10745
2333000 300.345 -16602.9 0.301373
2334000 301.377 -16651.4 -3.12078
2335000 300.912 -16664.4 -16.3652
2336000 299.685 -16640.3 10.7186
2337000 300.219 -16629 -2.43938
2338000 299.501 -16681.6 5.56145
2339000 300.75 -16631.3 1.9819
2340000 300.21 -16625.4 -8.35088
2341000 300.111 -16629.4 -0.856811
2342000 300.108 -16643.1 5.88544
2343000 299.866 -16655.6 4.57747
2344000 297.55 -16685.1 11.1812
2345000 300.525 -16659.1 -2.3711
2346000 301.008 -16623.5 0.420052
2347000 300.571 -16653.4 8.73448
2348000 298.638 -16682.9 0.70376
2349000 298.983 -16679.7 13.4683
2350000 300.109 -16618.4 -3.43174
2351000 300.507 -16670 -8.39482
2352000 298.531 -16658.2 0.616504
2353000 300.612 -16652 -2.59106
2354000 299.186 -16684.2 -0.471273
2355000 299.282 -16637.9 9.52863
2356000 301.608 -16686.7 -5.16731
2357000 300.88 -16627.7 1.9821
2358000 300.366 -16628.8 0.500051
2359000 301.315 -16640.9 -12.4529
2360000 300.087 -16677.3 -2.00409
2361000 300.597 -16661.7 12.9082
2362000 299.064 -16676.8 -9.13218
2363000 299.267 -16657.6 -6.9675
2364000 299.174 -16683.6 7.55472
2365000 302.253 -16670.8 -4.46285
2366000 298.992 -16602.4 7.65461
2367000 299.842 -16603.8 -2.00831
2368000 300.377 -16653 -2.7555
2369000 300.21 -16557.8 10.1537
2370000 299.209 -16622.5 -2.95565
2371000 299.858 -16648.1 8.53101
2372000 300.421 -16634 6.54194
2373000 301.554 -16687.1 -7.54537
2374000 298.996 -16716.8 0.111366
2375000 301.039 -16682.8 1.47572
2376000 299.44 -16697.2 5.86805
2377000 300.957 -16636 10.648
2378000 301.723 -16600.4 13.1998
2379000 300.331 -16685.6 -2.77529
2380000 299.604 -16637.4 -2.58934
2381000 298.939 -16614.6 -2.31345
2382000 301.418 -16642.2 -6.45871
2383000 298.964 -16694.1 0.147147
2384000 299.478 -16541 10.0627
2385000 300.141 -16592.9 -9.628
2386000 299.807 -16601.7 12.1017
2387000 298.313 -16620.1 9.13096
2388000 299.204 -16609.5 2.39204
2389000 301.776 -16610.8 -2.1329
2390000 300.6 -16651.9 -2.83641
2391000 298.9 -16680.5 -0.135576
2392000 298.296 -16684.6 6.16967
2393000 301.237 -16695.2 2.04628
2394000 301.544 -16626.9 6.62299
2395000 300.132 -16697.2 -6.46754
2396000 300.347 -16653.2 11.7669
2397000 298.447 -16661.4 2.51294
2398000 299.089 -16691.6 6.30538
2399000 299.283 -16627.3 0.179139
2400000 300.658 -16632.2 -7.52096
2401000 299.654 -16655.6 -6.48323
2402000 300.062 -16640.9 1.90317
2403000 300.206 -16658.2 6.27305
2404000 299.783 -16668.3 0.152832
2405000 299.99 -16657.2 -3.86066
2406000 301.322 -16624.3 5.1011
2407000 298.261 -16653.5 9.36185
2408000 300.015 -16603.2 5.27854
2409000 300.332 -16603.5 2.50869
2410000 300.507 -16655.8 1.34876
2411000 299.948 -16708.1 -7.9477
2412000 299 -16728 5.48458
2413000 299.475 -16700.5 12.0444
2414000 299.489 -16644 -3.53422
2415000 299.639 -16652.2 -1.65451
2416000 300.652 -16659.2 -4.11612
2417000 299.919 -16668.5 6.06448
2418000 300.854 -16618 17.0696
2419000 300.999 -16625.5 -10.1554
2420000 297.897 -16661 7.93574
2421000 300.484 -16564.8 -1.75802
2422000 301.308 -16570.6 -7.64466
2423000 299.446 -16579.8 -1.28773
2424000 301.083 -16553.5 5.62546
2425000 300.185 -16562.3 -6.60981
2426000 301.394 -16579.5 -7.84863
2427000 299.218 -16631 9.53194
2428000 298.261 -16653 0.698589
2429000 301.041 -16673.1 -7.94961
2430000 298.436 -16683.4 -4.38068
2431000 299.884 -16666.3 8.79138
2432000 300.243 -16638.8 13.9565
2433000 298.444 -16657.2 6.06161
2434000 300.648 -16637.9 9.45519
2435000 299.052 -16693.8 -3.16798
2436000 301.933 -16654.5 -11.4281
2437000 299.806 -16656.6 9.54216
2438000 300.876 -16653 7.03374
2439000 299.536 -16643 -1.33409
2440000 302.083 -16626.6 0.31407
2441000 299.392 -16667.2 10.5378
2442000 302.252 -16634 7.77115
2443000 299.216 -16630.6 -11.4126
2444000 298.788 -16624 15.8526
2445000 299.193 -16627.8 2.95325
2446000 298.997 -16666.7 -1.43538
2447000 300.385 -16615.9 2.47751
2448000 298.518 -16638.4 12.588
2449000 300.764 -16629.1 -2.48355
2450000 299.428 -16699.5 -6.23772
2451000 299.505 -16688.1 -3.69493
2452000 299.46 -16658.5 9.61874
2453000 297.784 -16709 -7.38246
2454000 299.696 -16678.3 -8.57302
2455000 299.367 -16632.3 2.50577
2456000 298.205 -16685.3 2.80764
2457000 298.814 -16665 2.46203
2458000 299.809 -16622.9 14.9099
2459000 299.148 -16696.1 15.1178
2460000 300.525 -16656 -15.2968
2461000 302.444 -16615.5 13.025
2462000 299.333 -16630.2 -6.6634
2463000 301.112 -16610.9 -2.52862
2464000 300.771 -16620.2 1.30118
2465000 300.324 -16606.2 -3.24497
2466000 299.918 -16615.5 -2.36834
2467000 299.184 -16658.7 5.95303
2468000 301.158 -16624.6 7.34768
2469000 300.35 -16589.5 20.0115
2470000 297.434 -16701.1 1.89105
2471000 300.144 -16678.9 -2.05802
2472000 301.747 -16645.9 -3.15786
2473000 299.542 -16625.5 2.94106
2474000 300.048 -16623.1 -0.423444
2475000 301.396 -16631.8 2.48332
2476000 298.375 -16635.3 3.07634
2477000 300.325 -16550.5 -4.16095
2478000 300.171 -16591.8 0.661686
2479000 299.615 -16662.9 2.22762
2480000 299.629 -16648.8 -2.71734
2481000 299.746 -16632.2 9.07538
2482000 301.494 -16604.5 2.35247
2483000 300.982 -16617.1 -7.28459
2484000 300.751 -16653.3 6.46064
2485000 297.902 -16674.4 -3.06623
2486000 300.223 -16613.7 6.94139
2487000 300.348 -16580.7 -7.9489
2488000 299.639 -16571 7.33211
2489000 301.106 -16532.1 11.3237
2490000 299.363 -16610.1 4.4234
2491000 299.312 -16637.3 -1.98086
2492000 300.919 -16629.5 -1.12863
2493000 301.629 -16552.2 -4.7795
2494000 298.145 -16682.4 -10.8801
2495000 299.687 -16664 14.9465
2496000 299.204 -16747.8 -20.4491
2497000 300.652 -16638.8 9.98526
2498000 299.273 -16632.7 5.41146
2499000 301.356 -16678 0.580109
2500000 300.946 -16636.7 -1.36727
2501000 300.561 -16638.2 17.8649
2502000 298.097 -16696.5 -1.49656
2503000 298.628 -16626.1 6.80267
2504000 301.061 -16594.6 0.58311
2505000 299.273 -16655.5 4.3438
2506000 301.246 -16620.7 7.99683
2507000 299.273 -16631.9 -18.1658
2508000 302.564 -16615.4 2.20652
2509000 299.397 -16664.7 7.10431
2510000 299.661 -16688.3 -0.897197
2511000 298.68 -16645.7 -4.39069
2512000 298.275 -16674.4 2.72478
2513000 301.065 -16590.8 2.47384
2514000 300.301 -16601.2 -5.95622
2515000 298.042 -16629 10.7456
2516000 300.665 -16653.8 -12.2214
2517000 298.092 -16647.5 -0.0108416
2518000 298.983 -16664.6 6.51435
2519000 298.556 -16668.3 8.36075
2520000 300.643 -16626.6 1.15824
2521000 301.082 -16626 7.55699
2522000 301.105 -16681 4.29338
2523000 299.288 -16687.3 4.51905
2524000 298.697 -16724.2 -4.57564
2525000 301.118 -16704.8 10.343
2526000 299.553 -16680.2 -12.8008
2527000 301.116 -16629.2 7.59166
2528000 300.946 -16575.7 10.3242
2529000 300.544 -16652 -13.3025
2530000 300.999 -16577.4 -0.734343
2531000 301.281 -16533.5 9.43129
2532000 302.637 -16546 3.36947
2533000 299.201 -16618.1 -7.54401
2534000 301.254 -16589 -4.59869
2535000 301.161 -16606.4 -1.65756
2536000 300.811 -16669.3 7.0748
2537000 301.545 -16617.4 0.907422
2538000 297.808 -16686 13.4694
2539000 300.522 -16680.2 6.78376
2540000 298.892 -16721.9 -5.47336
2541000 298.358 -16747.9 -1.22152
2542000 299.679 -16659.1 8.86168
2543000 300.902 -16655.5 3.63286
2544000 300.414 -16625.4 2.37054
2545000 301.131 -16577.7 -0.216025
2546000 301.62 -16584.5 6.26872
2547000 300.536 -16609 1.33101
2548000 301.397 -16615.9 4.88309
2549000 300.741 -16639.4 -6.36015
2550000 300.026 -16653.6 18.2928
2551000 301.211 -16663.8 0.230504
2552000 299.98 -16674.4 7.29734
2553000 299.341 -16704.2 -15.1023
2554000 299.676 -16738.3 9.31142
2555000 299.142 -16707.6 -5.33612
2556000 299.13 -16696.9 10.0479
2557000 300.385 -16626 0.396457
2558000 299.087 -16611.8 -1.17035
2559000 300.888 -16626.1 4.93049
2560000 299.842 -16637.8 10.3979
2561000 297.527 -16670.3 -5.09331
2562000 299.344 -16628.3 4.13476
2563000 300.221 -16647.1 -4.44502
2564000 300.348 -16708.8 -9.01913
2565000 302.123 -16649.7 2.36445
2566000 300.502 -16628.2 -5.72736
2567000 298.115 -16705.3 6.66799
2568000 299.448 -16676.7 -1.01
2569000 301.553 -16667.9 7.56209
2570000 299.773 -16667 -16.9594
2571000 297.802 -16707.9 15.9622
2572000 299.225 -16635.4 -7.1991
2573000 300.607 -16611.8 5.70028
2574000 298.171 -16705.9 16.1403
2575000 301.95 -16652.8 -4.80527
2576000 298.588 -16677.8 17.1785
2577000 298.706 -16657.5 10.786
2578000 298.941 -16701 -6.47385
2579000 298.491 -16683.5 5.70335
2580000 300.014 -16645.5 -5.62177
2581000 300.907 -16623.4 -0.948832
2582000 298.16 -16648.8 -1.35678
2583000 299.195 -16588.1 22.6583
2584000 301.095 -16567.3 -5.15554
2585000 299.136 -16668.2 11.9944
2586000 298.224 -16696.4 3.29036
2587000 298.263 -16693.4 3.85584
2588000 298.861 -16633.2 -1.47281
2589000 300.481 -16632.5 4.75344
2590000 299.404 -16653.2 6.08263
2591000 297.286 -16649.2 0.119024
2592000 297.996 -16684.9 -0.908005
2593000 299.014 -16650.4 -3.93513
2594000 300.605 -16613.7 1.21756
2595000 300.535 -16601 11.3688
2596000 300.966 -16615.6 -5.60018
2597000 298.505 -16632.6 -12.6158
2598000 300.205 -16616.8 -5.24982
2599000 298.859 -16685.3 11.7344
2600000 299.928 -16633.1 2.64865
2601000 299.033 -16636.7 -4.27951
2602000 299.991 -16600.8 7.57901
2603000 299.75 -16681.9 -1.61456
2604000 300.813 -16690.8 -3.61231
2605000 300.699 -16581.7 4.60005
2606000 300.817 -16647.4 -9.57512
2607000 300.125 -16685.7 17.2518
2608000 300.532 -16653.3 -13.933
2609000 299.062 -16680.7 -4.92801
2610000 298.822 -16649.1 13.877
2611000 301.042 -16616.6 -3.37871
2612000 297.869 -16701.1 10.4234
2613000 298.673 -16645.8 2.89845
2614000 299.771 -16644.1 -4.42747
2615000 299.749 -16660.7 0.576519
2616000 298.722 -16692 16.3067
2617000 302.654 -16609.3 -8.29134
2618000 301.416 -16636.3 1.91443
2619000 298.935 -16671.9 6.19063
2620000 300.192 -16657.4 -8.70198
2621000 299.37 -16621.9 9.80242
2622000 299.113 -16613.9 -7.73013
2623000 300.786 -16618.7 7.31056
2624000 301.453 -16572.6 -11.5694
2625000 301.443 -16601.5 -6.43681
2626000 300.036 -16579.4 -5.29793
2627000 300.567 -16583 16.142
2628000 301.967 -16621 -3.54801
2629000 300.953 -16678.8 6.27962
2630000 299.916 -16740.4 6.02881
2631000 300.002 -16704 6.8605
2632000 299.771 -16700.7 -0.451916
2633000 299.258 -16654.7 4.12471
2634000 300.264 -16695.8 3.0931
2635000 299.437 -16722.2 0.346006
2636000 298.269 -16686.3 0.98649
2637000 301.713 -16664 3.28014
2638000 300.765 -16685.9 6.66717
2639000 299.988 -16616.1 -5.44725
2640000 297.771 -16619.2 5.13119
2641000 300.494 -16664.5 11.0871
2642000 300.931 -16571.7 -1.02384
2643000 298.64 -16640.6 1.0549
2644000 300.452 -16588.7 16.0686
2645000 299.627 -16594 -8.54252
2646000 299.055 -16635.7 -3.02498
2647000 298.776 -16686 11.3344
2648000 299.411 -16695 -7.46836
2649000 300.94 -16704 -5.71371
2650000 300.417 -16637 -1.85275
2651000 299.068 -16653.5 4.05015
2652000 299.205 -16637.7 -11.7682
2653000 301.757 -16585.4 3.82352
2654000 299.141 -16660.4 15.1732
2655000 301.06 -16656.1 -0.689944
2656000 300.452 -16677.2 3.93077
2657000 300.349 -16660.2 -13.9146
2658000 299.343 -16725.8 -6.09975
2659000 300.612 -16701 -0.731706
2660000 299.121 -16615.8 5.0109
2661000 301.07 -16615.3 7.88175
2662000 300.09 -16611.9 0.282418
2663000 298.513 -16654 -2.45981
2664000 301.891 -16583.9 -2.60226
2665000 300.85 -16688.1 0.223107
2666000 301.988 -16620.5 -16.2972
2667000 299.699 -16673.3 9.70448
2668000 299.114 -16641.9 -9.21276
2669000 300.379 -16616.5 4.73511
2670000 300.658 -16580.7 -0.821821
2671000 300.965 -16624.7 2.06958
2672000 301.265 -16673.7 -2.07514
2673000 300.402 -16681.8 -0.0304412
2674000 301.814 -16623.5 -3.47357
2675000 299.79 -16713.3 7.60745
2676000 299.787 -16717.5 -7.29671
2677000 300.18 -16691.6 3.29562
2678000 299.293 -16659.2 0.000122318
2679000 300.273 -16611.6 13.2878
2680000 297.978 -16601.3 -6.35146
2681000 300.507 -16632.7 5.78208
2682000 299.356 -16693.9 -0.10767
2683000 300.128 -16640.3 -2.55069
2684000 301.019 -16641.9 -0.77497
2685000 299.963 -16609.9 11.3976
2686000 299.458 -16653.6 18.0674
2687000 300.885 -16637.6 -2.67288
2688000 301.808 -16561.8 -3.06842
2689000 301.631 -16590.6 -1.20261
2690000 301.172 -16605.5 -0.187954
2691000 301.188 -16594.9 -6.18427
2692000 300.538 -16658 -5.59632
2693000 298.626 -16675.8 4.5033
2694000 300.35 -16649.1 -6.88163
2695000 300.963 -16594.3 6.40766
2696000 301.075 -16599.6 6.49385
2697000 300.905 -16592.4 -2.67527
2698000 299.006 -16674 3.08063
2699000 299.165 -16656.3 10.6486
2700000 301.695 -16612.9 2.51279
2701000 299.823 -16624.5 -6.48809
2702000 302.526 -16645.5 -4.51211
2703000 300.614 -16652.2 3.4481
2704000 299.559 -16673.5 3.7538
2705000 301.542 -16655.6 6.56753
2706000 298.063 -16683.6 3.13066
2707000 300.098 -16646 1.67751
2708000 298.681 -16643.3 15.8147
2709000 299.364 -16637.8 8.76568
2710000 299.338 -16691.6 -10.1347
2711000 299.374 -16619.8 -1.17471
2712000 298.999 -16708.6 3.58792
2713000 298.626 -16673.7 -7.30535
2714000 300.006 -16669.9 7.51457
2715000 299.034 -16711.4 -0.723363
2716000 300.664 -16704.9 2.133
2717000 298.344 -16779.2 2.69325
2718000 300.379 -16705.6 10.2
2719000 299.699 -16621.2 5.37383
2720000 301.857 -16602.4 0.644919
2721000 299.647 -16637.5 18.9295
2722000 300.593 -16601.2 -2.43819
2723000 300.796 -16585 10.8065
2724000 299.593 -16655.3 -8.86874
2725000 301.252 -16617.6 -3.08683
2726000 298.61 -16682.7 -7.16447
2727000 299.181 -16624.5 4.54056
2728000 299.945 -16561.7 11.1285
2729000 300.336 -16650.6 14.0994
2730000 299.554 -16598.5 -5.32579
2731000 299.58 -16574.8 5.03909
2732000 299.089 -16637.3 14.2965
2733000 298.928 -16594.1 -11.2132
2734000 299.336 -16668.3 7.71513
2735000 299.861 -16633.8 9.40906
2736000 298.389 -16644.8 -4.48323
2737000 300.852 -16643.8 1.23166
2738000 299.709 -16666 9.55819
2739000 300.366 -16623 2.44319
2740000 301.15 -16593 -4.6674
2741000 300.388 -16666.3 -2.85956
2742000 300.363 -16675.2 3.11849
2743000 300.625 -16656.7 1.38193
2744000 301.082 -16609.2 -1.43723
2745000 300.427 -16599.3 2.43983
2746000 301.254 -16661 7.08208
2747000 300.337 -16618.5 -4.53662
2748000 300.062 -16597 11.4973
2749000 300.432 -16617.5 -6.35109
2750000 301.336 -16595.1 2.27378
2751000 298.85 -16692.5 1.10139
2752000 301.467 -16658.4 -9.83286
2753000 299.22 -16696.3 16.032
2754000 299.321 -16668.2 2.52279
2755000 300.203 -16640.9 7.14623
2756000 300.629 -16613.9 6.29112
2757000 300.338 -16649.6 -5.06332
2758000 299.504 -16694.8 1.11739
2759000 300.374 -16653.6 1.16123
2760000 301.273 -16649.4 10.4303
2761000 300.541 -16632.5 2.44735
2762000 296.43 -16726.3 8.32319
2763000 300.393 -16612.2 -2.87402
2764000 301.097 -16601.8 -1.17987
2765000 300.008 -16655.8 0.686594
2766000 300.177 -16646.6 0.0117411
2767000 299.062 -16615 13.6273
2768000 300.067 -16664.5 -10.5502
2769000 298.223 -16686.7 11.544
2770000 300.431 -16681.6 -1.11249
2771000 300.455 -16668.8 -14.5663
2772000 299.774 -16714.8 11.019
2773000 300.111 -16709.9 -1.96164
2774000 299.62 -16643.1 -4.38278
2775000 300.449 -16679.2 -0.291936
2776000 300.292 -16613.2 -6.05919
2777000 298.509 -16662.4 10.2248
2778000 301.565 -16639.8 -0.281161
2779000 299.836 -16683.3 9.31645
2780000 300.629 -16602.7 -7.47168
2781000 300.613 -16617.8 -1.39626
2782000 299.698 -16613.8 4.74882
2783000 299.318 -16621.9 -2.65663
2784000 301.135 -16624.1 11.8358
2785000 298.932 -16674.3 -5.62328
2786000 298.412 -16707.9 4.94077
2787000 299.223 -16685.6 -10.5042
2788000 299.996 -16678.5 7.11414
2789000 298.038 -16729.7 -7.40604
2790000 301.575 -16628 1.08673
2791000 299.224 -16660.9 -0.724989
2792000 298.799 -16636.1 9.70707
2793000 299.036 -16627.8 14.5766
2794000 300.21 -16665.6 -9.65285
2795000 298.363 -16710.8 5.12438
2796000 300.446 -16667.8 3.95955
2797000 299.574 -16608.5 -5.20578
2798000 297.765 -16662.5 7.26629
2799000 299.473 -16646.8 7.28341
2800000 300.545 -16683.5 -1.84507
2801000 301.198 -16629.2 6.5731
2802000 299.427 -16625.4 10.3495
2803000 299.538 -16642.6 1.84262
2804000 299.376 -16639.4 -12.4234
2805000 298.225 -16647.9 4.72563
2806000 300.338 -16645.1 -7.92502
2807000 300.274 -16587.2 8.92893
2808000 299.585 -16623.4 5.51404
2809000 302.292 -16635.2 -11.5232
2810000 300.851 -16684.8 1.75926
2811000 298.863 -16684.8 -2.84166
2812000 300.664 -16658.3 8.30769
2813000 298.29 -16655.5 -2.92005
2814000 301.32 -16578 24.2411
2815000 300.771 -16574 -2.82233
2816000 300.754 -16641.6 -1.55818
2817000 300.749 -16615.1 5.7517
2818000 299.425 -16625.3 8.33715
2819000 300.703 -16669.7 -0.0265005
2820000 300.368 -16671.1 -6.13376
2821000 300.464 -16639.3 6.01109
2822000 299.073 -16699.8 -0.74215
2823000 300.532 -16655.4 10.7627
2824000 301.65 -16663.3 -14.6844
2825000 300.531 -16626.8 9.99846
2826000 300.235 -16620.5 -4.11793
2827000 300.535 -16606.6 7.90029
2828000 298.31 -16678.7 4.81463
2829000 300.159 -16649.8 3.57785
2830000 299.339 -16670.5 1.74678
2831000 299.068 -16691.4 -8.37114
2832000 300.645 -16647.1 2.50039
2833000 300.67 -16635.1 10.7415
2834000 300.826 -16597.7 17.0203
2835000 300.923 -16641.2 3.60134
2836000 299.384 -16681.6 -2.52526
2837000 298.682 -16641.8 8.64393
2838000 302.413 -16546.1 -2.44661
2839000 299.578 -16593.5 -4.79598
2840000 301.275 -16591.4 -12.9597
2841000 299.245 -16609.5 11.9588
2842000 300.263 -16603.7 7.27942
2843000 301.58 -16610.4 6.61118
2844000 299.359 -16678.9 3.17137
2845000 299.202 -16649.8 -5.84585
2846000 300.164 -16587.8 21.1255
2847000 301.414 -16535.9 -0.453732
2848000 299.43 -16650.1 3.87429
2849000 300.414 -16625.5 9.71641
2850000 302.252 -16625.1 -9.64046
2851000 301.274 -16658.9 4.03974
2852000 301.454 -16696.3 -2.57011
2853000 300.772 -16670.7 -2.21147
2854000 300.455 -16659.4 -17.2011
2855000 300.643 -16686.3 10.2292
2856000 301.14 -16641.6 -3.07089
2857000 300.204 -16628.3 5.06365
2858000 299.609 -16648.9 -10.5829
2859000 300.898 -16574.9 5.22086
2860000 300.31 -16558.4 13.3572
2861000 300.428 -16590.1 -17.6583
2862000 301.148 -16592 5.91689
2863000 300.419 -16609.8 7.91744
2864000 299.752 -16688.2 -13.7682
2865000 298.25 -16654.3 4.19066
2866000 301.346 -16623.3 3.40454
2867000 299.08 -16617.8 1.15045
2868000 299.27 -16624.3 7.57009
2869000 301.089 -16600.8 -4.78538
2870000 300.36 -16651 2.07205
2871000 300.617 -16681.4 -9.54128
2872000 298.792 -16707.4 4.25628
2873000 298.905 -16674.9 0.624676
2874000 299.405 -16645.6 11.8782
2875000 301.071 -16634.6 -5.20738
2876000 300.821 -16654.5 8.98052
2877000 300.109 -16721.6 5.31898
2878000 301.78 -16684 -16.3385
2879000 299.932 -16707.6 2.26397
2880000 298.982 -16730.9 9.20354
2881000 301.574 -16646.3 5.21258
2882000 300.637 -16622.3 0.540425
2883000 300.153 -16632.3 6.34557
2884000 300.729 -16613.9 3.88211
2885000 299.827 -16602.3 1.60659
2886000 300.474 -16584.7 10.7115
2887000 301.163 -16579.8 -7.99104
2888000 299.695 -16608.4 8.42617
2889000 299.493 -16607 3.3249
2890000 301.151 -16568.4 -0.885079
2891000 299.477 -16575.6 10.5514
2892000 300.328 -16606.2 4.09257
2893000 301.055 -16615.2 -6.72395
2894000 299.891 -16702.7 -6.96366
2895000 299.952 -16630.2 4.20495
2896000 299.66 -16666.3 5.41305
2897000 300.877 -16631.9 8.23772
2898000 301.269 -16640.3 1.00384
2899000 302.936 -16615.5 5.43046
2900000 300.044 -16595.8 5.33601
2901000 300.787 -16630.4 -0.059704
2902000 301.18 -16654.8 -7.91598
2903000 300.852 -16645.4 5.08854
2904000 299.958 -16643.7 -5.51244
2905000 299.445 -16693.5 0.297231
2906000 298.586 -16670.4 -2.22471
2907000 300.155 -16609.8 1.88652
2908000 301.217 -16606.7 -1.89906
2909000 300.73 -16621.1 4.27561
2910000 298.932 -16656.2 0.442625
2911000 299.548 -16640.1 1.14721
2912000 299.72 -16687.7 -14.5746
2913000 300.004 -16670.6 2.18661
2914000 299.717 -16713 3.79942
2915000 299.936 -16671.5 0.266415
2916000 298.929 -16672.4 5.70155
2917000 300.398 -16662.6 4.80766
2918000 300.893 -16664.9 1.35084
2919000 297.738 -16692 -9.50428
2920000 299.351 -16629.2 11.1342
2921000 300.111 -16686.2 11.3402
2922000 299.519 -16621.8 -10.1152
2923000 300.707 -16598.3 -2.05906
2924000 299.954 -16611.1 6.85099
2925000 299.295 -16733.6 6.87506
2926000 300.087 -16651 7.56327
2927000 298.24 -16692.1 -2.38893
2928000 299.15 -16648.4 6.5781
2929000 301.05 -16680.3 -4.72421
2930000 300.923 -16630.7 0.634311
2931000 299.121 -16704 -10.6423
2932000 299.844 -16642.2 2.62193
2933000 299.002 -16646.5 -6.13725
2934000 298.78 -16630.4 3.1458
2935000 300.666 -16664.9 -14.6309
2936000 298.716 -16664.5 4.7686
2937000 300.888 -16666 3.99503
2938000 299.452 -16626.2 -4.25357
2939000 300.202 -16640.2 -4.69898
2940000 301.374 -16608.9 6.11502
2941000 301.505 -16618.4 -0.730491
2942000 299.822 -16709.5 2.11002
2943000 299.277 -16652 -2.68346
2944000 300.66 -16616.5 3.73555
2945000 300.006 -16607 -11.5886
2946000 300.005 -16619.8 6.76476
2947000 300.177 -16562.9 3.56278
2948000 300.127 -16526.4 12.3515
2949000 301.168 -16582.9 0.303015
2950000 301.321 -16597.3 -0.0893937
2951000 298.944 -16655.2 0.595821
2952000 301.26 -16634.5 -5.19548
2953000 298.043 -16721.6 16.2097
2954000 299.618 -16756.9 -10.7534
2955000 299.252 -16680.6 8.38264
2956000 299.915 -16680.5 -1.90752
2957000 299.76 -16637.3 -2.18727
2958000 299.667 -16652.4 3.35592
2959000 298.896 -16681.7 4.03413
2960000 301.552 -16673.8 1.56615
2961000 299.831 -16707.6 -5.05331
2962000 300.435 -16682.6 5.44987
2963000 298.284 -16722.2 9.21552
2964000 301.186 -16758.8 -7.15062
2965000 299.26 -16714.6 0.149134
2966000 299.437 -16678.1 9.48753
2967000 298.358 -16659.5 -2.24073
2968000 301.278 -16628.2 10.5043
2969000 300.425 -16622.9 11.4707
2970000 301.434 -16585.1 0.8198
2971000 299.395 -16623.1 6.54001
2972000 298.11 -16678.2 -2.29423
2973000 298.963 -16626.3 -1.39565
2974000 299.746 -16628.4 -4.38184
2975000 300.311 -16596.1 6.69805
2976000 301.146 -16612.6 -5.01243
2977000 300.527 -16649.2 -1.22628
2978000 300.219 -16638.1 14.574
2979000 300.667 -16605.1 13.1272
2980000 299.898 -16683.6 -14.4591
2981000 300.325 -16671.4 2.65986
2982000 299.069 -16683.9 10.1747
2983000 299.404 -16667.6 -2.99195
2984000 299.433 -16656 8.53681
2985000 300.341 -16601.7 0.919874
2986000 301.068 -16567.1 -6.89105
2987000 299.725 -16621 3.58192
2988000 302.331 -16605.7 -5.41929
2989000 301.525 -16669.7 8.03061
2990000 299.596 -16651.2 -0.215595
2991000 299.436 -16641.5 9.59133
2992000 298.819 -16624.6 4.54934
2993000 300.106 -16695.8 3.29714
2994000 298.098 -16760.4 -9.2789
2995000 300.927 -16647.9 0.173799
2996000 300.054 -16599.8 6.4446
2997000 298.911 -16608.3 -2.64254
2998000 299.107 -16610.7 7.28801
2999000 299.788 -16621 -1.6236
3000000 301.509 -16654.7 4.29248
