# Time-averaged data for fix 3
# TimeStep v_Temperature v_PotentialEnergy v_Pressure
2000 401.474 -15709.3 -32.3923
3000 400.071 -15652 5.42475
4000 399.263 -15700.6 4.4671
5000 399.96 -15647.5 6.13403
6000 400.206 -15642.9 28.1468
7000 399.92 -15652.4 -6.95583
8000 399.275 -15639.9 11.8393
9000 401.205 -15581.9 -7.41988
10000 400.344 -15611 16.8819
11000 402.313 -15599.8 -22.2913
12000 399.839 -15671.1 -5.1693
13000 399.432 -15632.8 6.22467
14000 401.224 -15644.1 22.2017
15000 399.049 -15665.1 8.34407
16000 399.57 -15692.7 9.33254
17000 398.471 -15675.2 -41.2558
18000 400.265 -15617.2 -15.3154
19000 398.201 -15648.3 -13.4107
20000 401.314 -15603.6 35.6798
21000 399.893 -15621 -4.04713
22000 400.788 -15637 -7.36938
23000 402.268 -15600.1 0.528193
24000 399.683 -15614.3 -14.9692
25000 397.376 -15620.1 40.1896
26000 399.782 -15609.1 17.4647
27000 400.91 -15624.4 -15.823
28000 399.352 -15614.5 38.9173
29000 398.511 -15612.8 -24.0852
30000 399.589 -15607.4 7.51157
31000 400.03 -15577.2 -32.0352
32000 399.816 -15552.9 -4.99502
33000 399.778 -15515.9 12.2315
34000 396.201 -15681.6 31.4506
35000 400.587 -15581.8 -20.5607
36000 398.739 -15604.5 -23.0552
37000 400.835 -15525.7 -2.3767
38000 400.262 -15549.7 4.30561
39000 399.992 -15574.4 1.34318
40000 398.756 -15660.6 16.4995
41000 401.449 -15552.9 -21.8926
42000 399.315 -15569.6 -8.84314
43000 401.051 -15573 17.741
44000 399.052 -15587.8 2.87348
45000 397.32 -15648.1 18.6297
46000 399.36 -15591.1 35.8213
47000 399.849 -15592.2 11.6761
48000 399.11 -15600.8 -1.94119
49000 401.457 -15498.5 -43.4042
50000 400.293 -15549.2 23.6497
51000 401.299 -15536.9 -3.50279
52000 402.789 -15499.4 42.1174
53000 400.471 -15545.4 -24.0618
54000 399.758 -15562.7 2.4424
55000 400.708 -15565.5 24.7348
56000 398.683 -15554.3 12.9443
57000 400.546 -15538.1 6.43032
58000 398.848 -15568.7 -12.7819
59000 401.976 -15552.8 14.3902
60000 399.52 -15600.5 -11.4459
61000 401.107 -15537.4 -13.2996
62000 400.184 -15595.9 26.0456
63000 397.454 -15628.2 16.0502
64000 401.498 -15501.6 -2.4792
65000 399.846 -15477.5 7.77587
66000 398.647 -15534.4 -10.2769
67000 398.403 -15571.8 -5.9654
68000 400.458 -15533.3 -17.5944
69000 400.952 -15539.7 22.7196
70000 401.288 -15588.5 9.21991
71000 397.772 -15630.8 8.96651
72000 399.165 -15558.2 -16.4309
73000 399.804 -15594.7 12.7503
74000 401.32 -15526.4 13.2316
75000 398.785 -15569.6 -5.50383
76000 399.579 -15568.5 -16.8938
77000 401.194 -15556.8 8.89794
78000 400.69 -15530.7 4.6836
79000 399.346 -15533.2 8.00354
80000 402.119 -15477.1 -2.04414
81000 399.386 -15567 24.3296
82000 400.96 -15493.6 5.87439
83000 399.307 -15503.4 -5.56756
84000 400.534 -15565.4 -16.7056
85000 402.506 -15494.6 -17.0313
86000 399.401 -15493.3 17.8442
87000 402.097 -15554 10.9432
88000 400.913 -15528.5 4.76073
89000 397.781 -15552.3 1.99574
90000 400.255 -15497.7 -0.251305
91000 398.33 -15541.3 4.45792
92000 399.424 -15535.4 -3.84971
93000 398.693 -15544.8 37.1443
94000 400.361 -15411.5 5.50542
95000 400.654 -15437.3 -13.4215
96000 400.421 -15443.4 28.3271
97000 399.087 -15497.9 -10.6051
98000 400.931 -15470.8 -3.9629
99000 398.511 -15508.5 39.1497
100000 400.78 -15440.8 -15.5562
101000 400.282 -15451.1 -18.6693
102000 400.444 -15483 21.3216
103000 399.381 -15488.1 -14.0502
104000 398.948 -15514.7 1.84168
105000 398.241 -15508.2 11.1153
106000 398.738 -15510.6 -5.32202
107000 399.96 -15527.2 2.0846
108000 401.046 -15525.6 15.4325
109000 399.848 -15496.5 5.86269
110000 398.079 -15576.3 17.2673
111000 400.651 -15450.4 2.83069
112000 400.162 -15446.8 -3.69772
113000 400.01 -15480.8 14.9819
114000 399.24 -15523.6 4.50279
115000 399.252 -15513.1 -6.95909
116000 399.225 -15525.1 4.08238
117000 398.963 -15519.7 -6.71694
118000 400.401 -15463.4 -5.67585
119000 400.111 -15487.8 -0.0137585
120000 398.991 -15475.4 -11.6927
121000 399.691 -15498.7 -47.8733
122000 398.942 -15507.4 26.8603
123000 399.289 -15543.8 36.4549
124000 397.652 -15522.1 3.26488
125000 399.221 -15530.3 14.1523
126000 398.402 -15545.8 8.17898
127000 401.517 -15456.7 -6.20645
128000 400.737 -15443.5 -1.33515
129000 399.966 -15486.5 6.16338
130000 398.187 -15483.7 19.3772
131000 402.55 -15448.4 5.74246
132000 398.291 -15449.2 14.9556
133000 400.441 -15450.8 -19.5872
134000 398.48 -15527.2 -10.6071
135000 400.503 -15500.3 17.8511
136000 399.889 -15457 -9.57583
137000 398.401 -15483 1.50742
138000 398.816 -15502.4 12.3825
139000 400.422 -15446 10.0143
140000 401.783 -15466.3 6.41674
141000 401.233 -15474 17.3649
142000 402.919 -15387.1 -9.03335
143000 400.329 -15436 -5.21055
144000 401.283 -15457.5 14.7525
145000 398.818 -15484.8 -9.56178
146000 402.463 -15387.2 -23.1304
147000 398.917 -15457.3 9.24901
148000 399.666 -15465.9 -3.26772
149000 397.519 -15459.4 16.1077
150000 399.595 -15531.3 17.9711
151000 400.294 -15534.6 -18.6507
152000 398.2 -15441.8 39.0651
153000 400.022 -15484.7 -17.1445
154000 398.516 -15491 8.7598
155000 400.738 -15486 16.3325
156000 400.762 -15478.7 -33.8122
157000 401.217 -15480 8.7956
158000 401.914 -15463.7 -11.3496
159000 400.84 -15475.6 24.6638
160000 400.51 -15462.2 -6.03262
161000 399.332 -15446.4 0.278979
162000 398.434 -15487.5 5.12317
163000 400.311 -15463.8 -33.499
164000 401.84 -15434.6 -7.90419
165000 400.15 -15425.6 22.3062
166000 400.046 -15452.2 8.4999
167000 402.946 -15430.7 23.2621
168000 397.244 -15469.1 -1.63278
169000 399.005 -15447.9 -15.6693
170000 398.564 -15448.7 -6.81225
171000 399.339 -15421.9 12.7735
172000 401.101 -15424 -14.6661
173000 399.494 -15407.4 -24.8454
174000 398.137 -15489 13.3096
175000 399.384 -15463.9 -1.03697
176000 399.545 -15314.6 22.4114
177000 400.342 -15402 6.2
178000 399.546 -15390.5 13.3361
179000 400.503 -15361.3 -9.73621
180000 401.754 -15397.9 -6.09042
181000 398.005 -15470.3 9.7226
182000 399.175 -15447.5 -0.914016
183000 399.713 -15439 7.74191
184000 399.503 -15447.1 3.74733
185000 400.117 -15391.6 -11.1605
186000 400.973 -15391.5 -2.11016
187000 399.857 -15441.6 -5.97771
188000 402.287 -15379.5 -10.5983
189000 399.21 -15392.4 14.4897
190000 400.738 -15371 -1.01116
191000 400.165 -15371.9 21.8967
192000 400.683 -15395 -7.86483
193000 401.068 -15444.7 -0.191903
194000 398.597 -15454.5 5.98576
195000 399.462 -15404 12.8307
196000 400.381 -15386.4 -60.5967
197000 398.065 -15393.4 7.50004
198000 399.969 -15412.7 14.7004
199000 399.105 -15414.6 -2.37042
200000 398.462 -15410.1 16.6856
201000 399.69 -15343.8 20.6862
202000 399.86 -15349.7 6.79375
203000 397.056 -15419.1 -0.825214
204000 401.818 -15368.6 -38.7952
205000 399.21 -15349.9 6.45222
206000 400.25 -15349.6 -9.14629
207000 401.079 -15345 16.0908
208000 400.321 -15350.7 13.0677
209000 398.386 -15350.9 -8.87344
210000 398.321 -15300 16.8875
211000 399.557 -15321.6 -8.29646
212000 399.175 -15393.9 -30.3098
213000 397.615 -15411.5 0.852529
214000 400.663 -15277.7 16.1066
215000 398.042 -15359.9 20.0696
216000 401.204 -15374.6 -27.8364
217000 401.095 -15317.9 17.6228
218000 398.863 -15338.5 5.87079
219000 399.31 -15334.5 -16.2656
220000 399.435 -15349 21.1135
221000 400.189 -15339.9 -15.9192
222000 401.268 -15313.5 7.9128
223000 402.644 -15338.3 11.1794
224000 400.151 -15344.2 4.31292
225000 400.377 -15356.2 -23.9181
226000 398.651 -15386.1 -24.2614
227000 398.928 -15406.6 42.3857
228000 400.287 -15364.1 10.3728
229000 400.67 -15374.9 4.31392
230000 397.634 -15371.5 24.0099
231000 400.523 -15373.1 33.9794
232000 401.031 -15316.4 -12.977
233000 400.324 -15346.7 32.9668
234000 402.034 -15332.7 14.4561
235000 400.446 -15367.8 -24.3381
236000 400.601 -15349.7 25.0971
237000 397.675 -15318.4 8.21793
238000 398.783 -15319.3 -5.23785
239000 398.445 -15342.5 -6.64329
240000 398.495 -15360.9 -6.69456
241000 398.616 -15329.1 2.89878
242000 400.271 -15330 -5.30649
243000 399.398 -15342.5 14.3321
244000 400.006 -15309.3 2.88458
245000 398.903 -15284 6.93063
246000 398.347 -15317.7 0.128763
247000 400.997 -15280 -20.9231
248000 399.95 -15282.1 4.53535
249000 400.264 -15315.2 -1.72529
250000 399.786 -15343.8 30.7113
251000 399.638 -15317.5 -17.8622
252000 399.628 -15321 25.2458
253000 398.733 -15331 9.34247
254000 399.732 -15299 19.1024
255000 400.031 -15279.8 -16.7744
256000 400.419 -15326.4 10.1936
257000 398.775 -15373.3 -13.6559
258000 399.799 -15303.8 8.84794
259000 399.844 -15274.5 -5.68332
260000 399.552 -15342.9 -2.65665
261000 399.384 -15307.6 -24.4502
262000 398.531 -15318.6 1.46846
263000 399.393 -15292.5 23.5867
264000 397.352 -15339.9 5.71085
265000 399.809 -15300.6 19.7122
266000 399.939 -15332.3 2.55073
267000 399.961 -15293.6 19.0349
268000 401.528 -15233.5 -11.3512
269000 399.587 -15316.3 26.6513
270000 399.782 -15230.9 10.7784
271000 400.237 -15222.2 -17.2722
272000 401.324 -15303.5 -11.2906
273000 400.072 -15293 -18.9079
274000 398.605 -15266.3 27.649
275000 398.309 -15388.1 24.9011
276000 399.862 -15354.3 43.7075
277000 397.339 -15351.2 -7.26508
278000 401.151 -15303.4 -17.5998
279000 397.959 -15365.9 -40.2081
280000 400.312 -15312.3 32.0966
281000 401.066 -15339.3 -9.48434
282000 401.016 -15303.2 -1.52116
283000 401.958 -15266.1 2.89956
284000 401.579 -15251.3 1.84261
285000 399.625 -15283.6 -11.7254
286000 399.717 -15351 26.123
287000 401.246 -15305.4 -6.25169
288000 401.246 -15320.6 -17.2327
289000 400.961 -15271 0.990209
290000 399.291 -15357.6 -0.0579113
291000 399.067 -15314.3 11.255
292000 399.736 -15326.1 14.4274
293000 400.142 -15269.1 13.0029
294000 401.916 -15271.1 5.48346
295000 400.181 -15266.2 -0.639714
296000 398.779 -15357.1 -42.5515
297000 401.309 -15322.1 10.3477
298000 397.472 -15375.9 -5.7156
299000 399.002 -15321.1 4.2465
300000 399.654 -15307.9 27.4933
301000 398.761 -15340.9 -7.98932
302000 399.323 -15312.9 -1.73724
303000 400.098 -15351.6 3.60483
304000 399.832 -15287.8 -21.4635
305000 400.87 -15280.4 28.6752
306000 401.54 -15216.1 -0.683401
307000 399.107 -15220.8 10.9892
308000 399.424 -15269.2 4.95786
309000 399.301 -15260.3 -14.941
310000 400.777 -15288.6 -6.12611
311000 399.784 -15326.9 2.46989
312000 401.314 -15294.2 -1.36581
313000 397.974 -15314.3 -2.8691
314000 400.543 -15255.4 37.0309
315000 401.524 -15263.1 34.663
316000 402.305 -15210.6 -7.2975
317000 400.28 -15296.7 -1.04592
318000 400.046 -15278.5 17.8379
319000 401.222 -15233.8 32.0556
320000 401.923 -15262.8 9.41249
321000 399.319 -15263.1 15.6426
322000 401.66 -15193.3 1.73547
323000 400.952 -15199.6 -10.4358
324000 401.79 -15226.8 -7.49006
325000 400.382 -15291.3 13.1827
326000 399.453 -15405.6 -34.5157
327000 399.589 -15380.3 12.5357
328000 399.041 -15362.3 -20.3217
329000 398.166 -15335.4 -14.7607
330000 400.99 -15261.3 27.1756
331000 399.888 -15307.9 29.6518
332000 399.961 -15312 -22.4432
333000 399.609 -15349.4 -11.288
334000 398.636 -15309.2 34.8689
335000 398.286 -15324.2 -27.0555
336000 399.294 -15316.5 10.0902
337000 399.843 -15345.1 28.1025
338000 399.58 -15298 8.82535
339000 399.609 -15271.5 9.0996
340000 400.872 -15266.6 -0.0586641
341000 400.505 -15279.8 5.7761
342000 400.606 -15277.2 -21.0894
343000 401.431 -15262 -20.1586
344000 402.279 -15236.3 28.5863
345000 400.386 -15317.1 33.4152
346000 400.936 -15317.2 -20.2329
347000 399.695 -15318.8 4.56626
348000 398.983 -15397.4 1.4199
349000 400.389 -15296.8 -4.24913
350000 400.763 -15263 -21.223
351000 400.784 -15336.5 -10.0034
352000 398.908 -15330.3 7.74261
353000 398.603 -15329.4 27.2916
354000 400.903 -15320.7 -21.3297
355000 401.357 -15241.5 -8.38948
356000 400.325 -15293.8 4.74815
357000 399.318 -15363.9 -4.62454
358000 399.667 -15308.3 25.2831
359000 398.613 -15235.3 -6.21037
360000 401.452 -15290.7 -15.1436
361000 401.075 -15197.9 -17.24
362000 401.089 -15317.6 7.98984
363000 399.802 -15280.9 -31.6893
364000 400.343 -15256.4 -1.11589
365000 401.718 -15243.3 23.8701
366000 398.673 -15311.8 -7.94626
367000 398.591 -15310.9 21.9988
368000 399.895 -15245.4 -12.8605
369000 399.155 -15305.3 -15.4772
370000 399.393 -15257.1 -3.63196
371000 400.956 -15232.8 3.91104
372000 398.723 -15326.5 2.30699
373000 401.434 -15301.4 -2.54239
374000 398.815 -15297.2 -25.8568
375000 399.387 -15301.4 23.6911
376000 399.286 -15310.6 -2.77484
377000 399.154 -15255.6 18.3184
378000 400.921 -15239.5 5.88258
379000 398.943 -15277.9 -3.7559
380000 400.343 -15280.6 -1.48212
381000 400.772 -15300.7 -23.1149
382000 399.782 -15307.5 19.663
383000 400.848 -15297.8 -2.84614
384000 398.761 -15359.4 35.7689
385000 401.216 -15304.4 3.10227
386000 399.665 -15318.5 19.4378
387000 398.344 -15301 -18.8224
388000 401.758 -15276.4 -2.91395
389000 399.659 -15238.2 6.9573
390000 400.604 -15275.4 -10.4181
391000 398.562 -15300 8.21614
392000 398.347 -15341.5 34.7336
393000 400.574 -15323.7 -7.24657
394000 400.196 -15344 12.1882
395000 398.686 -15271 10.4355
396000 400.662 -15331.8 -5.72688
397000 399.093 -15402.7 30.3078
398000 399.02 -15297 20.3987
399000 398.974 -15279.9 -26.3827
400000 400.18 -15296.3 5.83123
401000 400.396 -15299.1 -29.2277
402000 400.428 -15323 -5.85018
403000 402.404 -15290.2 25.28
404000 398.76 -15362.7 -10.3955
405000 399.209 -15264.3 -3.15881
406000 399.502 -15300.2 19.7632
407000 398.509 -15308.8 2.2064
408000 399.762 -15340.2 -21.6236
409000 399.728 -15266.9 12.6785
410000 400.431 -15245.9 12.0537
411000 399.051 -15286.8 -33.19
412000 399.061 -15379.7 -15.302
413000 399.508 -15355.6 -10.6543
414000 397.555 -15375.6 21.5917
415000 400.499 -15319.8 -12.4176
416000 398.194 -15376.7 -14.7883
417000 398.682 -15401.7 21.0375
418000 399.206 -15392.7 -11.3749
419000 401.703 -15256.8 -32.5972
420000 399.819 -15293.5 29.2323
421000 400.195 -15298.3 0.425935
422000 399.724 -15342.6 4.44155
423000 398.904 -15348 5.80373
424000 400.494 -15263.9 14.1302
425000 399.809 -15232.9 -22.5563
426000 399.387 -15267.4 -8.54485
427000 401.549 -15294 4.63246
428000 401.073 -15319.6 -11.0778
429000 399.277 -15350.7 -26.6396
430000 400.543 -15344.2 5.0838
431000 401.765 -15328.5 -1.9237
432000 400.953 -15344.9 -5.25082
433000 399.498 -15343.6 2.01669
434000 400.267 -15295.9 -14.8049
435000 398.79 -15393.8 16.1662
436000 399.621 -15404.5 -8.66089
437000 398.91 -15408.2 17.7003
438000 397.999 -15436.7 -6.16818
439000 401.841 -15339.2 -9.44365
440000 399.43 -15429.8 0.0745569
441000 400.8 -15310.7 -26.9254
442000 400.017 -15344.8 16.9526
443000 400.858 -15330.5 11.653
444000 398.819 -15392 9.78898
445000 398.694 -15412 -26.674
446000 399.494 -15403.2 -12.9571
447000 401.786 -15364 16.8433
448000 399.212 -15337.7 41.9862
449000 401.422 -15304.7 28.753
450000 398.504 -15358.8 -24.6707
451000 400.344 -15330.9 25.9194
452000 400.539 -15397.4 9.3072
453000 398.699 -15499.3 -33.875
454000 401.436 -15399.7 -58.8024
455000 401.314 -15363.2 5.10953
456000 400.327 -15382.9 16.9325
457000 400.181 -15392 11.0777
458000 399.521 -15341.3 18.1946
459000 400.156 -15413 -2.5354
460000 400.811 -15392.6 6.28057
461000 398.845 -15418.3 12.0151
462000 402.859 -15362.5 -23.0014
463000 401.03 -15387.4 -2.34396
464000 402.056 -15286.5 19.2661
465000 399.965 -15317.8 6.53505
466000 397.37 -15378.8 2.70565
467000 400.586 -15361.5 18.9782
468000 400.282 -15353.4 -9.87288
469000 401.876 -15402.1 14.0406
470000 399.553 -15319.2 24.7643
471000 400.18 -15388.6 6.69254
472000 398.656 -15355.7 -7.5542
473000 402.834 -15291.5 11.4744
474000 399.337 -15379.8 -9.5253
475000 401.114 -15336 -4.51284
476000 399.805 -15394.3 30.4238
477000 399.227 -15420 -36.7627
478000 399.779 -15361.5 -24.2696
479000 401.265 -15336 12.3467
480000 399.476 -15419.2 9.82277
481000 400.828 -15364.7 -26.151
482000 399.875 -15424.4 -11.3334
483000 399.633 -15421.6 17.293
484000 401.3 -15339.3 -12.0271
485000 403.082 -15315.3 14.5671
486000 399.907 -15326.6 11.7996
487000 398.948 -15419.9 14.6659
488000 399.625 -15372.9 1.8177
489000 400.464 -15372 -2.63742
490000 399.186 -15297.2 -0.246295
491000 398.789 -15312.4 -4.37264
492000 400.219 -15378.9 -18.2465
493000 402.411 -15261.2 -10.7073
494000 400.003 -15293.2 24.1945
495000 401.649 -15292.3 -2.306
496000 399.31 -15329.1 -11.9555
497000 400.483 -15332.3 -19.524
498000 401.091 -15402 -1.81945
499000 399.539 -15340.9 3.28739
500000 401.621 -15341.3 33.4405
501000 400.379 -15336.9 -5.15978
502000 399.955 -15340.6 9.08473
503000 399.908 -15360.7 10.8484
504000 398.587 -15439.3 -51.1255
505000 399.993 -15387.9 7.20026
506000 401.208 -15307.4 16.6917
507000 399.713 -15316.1 1.0931
508000 401.654 -15371.2 -9.67071
509000 401.355 -15357.8 16.5009
510000 401.269 -15347.7 -23.1029
511000 398.919 -15367.1 13.388
512000 401.967 -15303.8 -36.8148
513000 402.157 -15336.4 3.90376
514000 400.329 -15356.7 -2.60733
515000 399.819 -15367.2 3.511
516000 400.43 -15340.3 14.2324
517000 400.25 -15405.8 32.5205
518000 399.273 -15390 -6.50232
519000 400.498 -15396.7 -16.4666
520000 398.929 -15392.2 17.6916
521000 400.404 -15317.3 16.1147
522000 401.251 -15356 -4.0017
523000 399.609 -15356 -7.71704
524000 399.405 -15369.4 4.62759
525000 400.751 -15295 21.155
526000 398.869 -15352.4 -32.7218
527000 401.361 -15285.9 -8.21898
528000 400.601 -15375.9 9.38742
529000 401.727 -15314.1 5.40615
530000 399.332 -15282.6 24.9772
531000 399.765 -15401.5 -17.9051
532000 399.509 -15301.6 -12.8544
533000 400.916 -15371.9 1.23126
534000 399.739 -15237.6 -36.8766
535000 401.59 -15282.9 1.59506
536000 398.443 -15327.1 -14.04
537000 398.548 -15377.9 -7.82537
538000 400.072 -15348.6 -14.9616
539000 400.292 -15333.7 -11.3669
540000 399.941 -15342.8 4.3158
541000 400.265 -15292.8 -6.40734
542000 400.412 -15314.7 -6.76878
543000 400.562 -15312.5 0.839436
544000 399.126 -15327 -15.2087
545000 400.075 -15346.3 -1.00709
546000 397.951 -15395.8 -2.56233
547000 401.644 -15327.1 -3.22848
548000 400.297 -15297.2 -3.13809
549000 401.366 -15308.5 -1.17093
550000 400.889 -15308.5 0.572893
551000 400.732 -15307.1 9.55088
552000 399.805 -15354.7 12.4563
553000 401.211 -15296.3 -14.91
554000 400.848 -15356 -21.5221
555000 399.458 -15384.9 0.600511
556000 398.739 -15342.1 5.1395
557000 401.093 -15329.7 26.3462
558000 399.174 -15348.8 -6.66148
559000 400.639 -15345.7 1.39267
560000 397.974 -15370.8 -22.7774
561000 401.552 -15328 20.8645
562000 398.435 -15408.2 14.4269
563000 400.565 -15423.3 1.19675
564000 400.249 -15324 -2.97311
565000 399.557 -15397.1 19.7798
566000 399.7 -15347.6 -13.5635
567000 400.332 -15379 -15.784
568000 400.64 -15345.2 5.02917
569000 398.204 -15340.8 -0.588967
570000 402.879 -15291.6 -27.5345
571000 399.586 -15381.8 -11.0098
572000 399.477 -15405.4 33.0134
573000 398.082 -15402 18.9315
574000 400.557 -15329.6 -0.552233
575000 397.303 -15400.3 -15.9997
576000 398.755 -15316.6 6.37177
577000 400.016 -15357.1 31.308
578000 398.536 -15410.7 11.6717
579000 402.375 -15314.3 -29.3574
580000 399.82 -15259.5 8.45286
581000 402.115 -15336.1 0.70987
582000 399.047 -15354.4 7.8223
583000 399.084 -15334.8 26.7384
584000 401.971 -15308.6 3.19578
585000 401.423 -15274.9 -11.5638
586000 400.618 -15331.8 -20.3257
587000 401.261 -15288.8 12.7502
588000 400.514 -15321.3 -0.290412
589000 401.185 -15317.8 -13.427
590000 402.648 -15309 -32.4598
591000 401.874 -15303.5 30.8127
592000 400.243 -15350.3 -8.66172
593000 400.617 -15370.7 9.95932
594000 397.378 -15360.1 14.203
595000 400.628 -15401.9 38.2127
596000 401.028 -15363.9 10.9869
597000 400.679 -15394.9 11.7702
598000 397.635 -15405.4 -3.46312
599000 400.67 -15343.5 -20.538
600000 401.838 -15310.4 26.664
601000 400.291 -15345 -6.45997
602000 398.674 -15436.9 0.461616
603000 400.064 -15358.4 -1.08282
604000 398.945 -15335.7 -11.96
605000 398.804 -15377.5 13.6789
606000 399.435 -15318.1 -8.7639
607000 401.073 -15323.7 -17.4831
608000 400.217 -15372.1 33.6656
609000 399.92 -15356.1 -14.5473
610000 400.301 -15350.7 -18.8859
611000 400.175 -15335.6 -19.1901
612000 402.695 -15336 -17.8756
613000 399.4 -15378.6 13.1187
614000 403.2 -15275.4 7.63274
615000 398.823 -15372.9 -4.85696
616000 401.109 -15309 23.4231
617000 399.848 -15313.5 5.52991
618000 400.03 -15402.3 -7.78692
619000 398.265 -15477 18.9476
620000 401.043 -15370.6 -12.4068
621000 397.838 -15353 31.4236
622000 401.13 -15303.1 -13.2563
623000 400.225 -15338.8 -6.27038
624000 398.733 -15402.2 29.3983
625000 400.521 -15332.4 10.052
626000 400.336 -15367.7 -40.8649
627000 399.269 -15385.8 1.53294
628000 399.606 -15405.5 8.45614
629000 399.981 -15389.5 -21.4566
630000 400.947 -15331.4 12.8889
631000 400.699 -15322.2 -19.2623
632000 400.222 -15300.1 1.26219
633000 402.075 -15300.6 0.643446
634000 399.774 -15384.9 -3.11699
635000 400.116 -15412.4 -8.76621
636000 401.377 -15383.7 -7.65115
637000 399.984 -15338.5 20.6924
638000 400.313 -15396.4 29.818
639000 400.46 -15330.9 -37.795
640000 399.288 -15353.8 -0.0987661
641000 401.226 -15312.8 -20.959
642000 399.356 -15360.1 9.90534
643000 399.845 -15333.2 4.26558
644000 399.323 -15353.5 -32.8318
645000 399.745 -15303.1 5.37823
646000 399.999 -15396.9 13.3997
647000 401.118 -15280.3 -0.730692
648000 401.941 -15309 25.1932
649000 402.103 -15291.2 -11.8968
650000 401.052 -15300.1 8.63204
651000 400.994 -15329.6 -5.46164
652000 402.714 -15318.8 3.85452
653000 400.424 -15412.2 -2.26434
654000 400.459 -15369.2 14.9769
655000 400.171 -15353.4 -11.9006
656000 399.571 -15361.3 26.4041
657000 400.565 -15381.9 -37.5203
658000 399.022 -15331 -5.49044
659000 400.992 -15287.3 5.85963
660000 400.063 -15401.8 -9.90912
661000 400.076 -15384.9 2.6285
662000 399.161 -15370.3 -14.5992
663000 399.87 -15377.4 -15.0932
664000 398.911 -15313 -5.95306
665000 400.633 -15397.9 -6.8022
666000 401.813 -15294.9 -12.3574
667000 401.305 -15334.9 7.68055
668000 398.243 -15390.8 8.51009
669000 399.718 -15383.7 -7.32023
670000 398.844 -15307.9 14.87
671000 398.829 -15315.8 -20.2347
672000 397.555 -15371.4 -8.0814
673000 400.027 -15372.8 27.6462
674000 400.594 -15403.5 -27.4501
675000 399.885 -15393.4 -9.90446
676000 399.137 -15354.3 -8.71944
677000 399.421 -15415 22.7114
678000 399.163 -15413.7 -8.96024
679000 399.988 -15368.5 -24.3217
680000 398.765 -15316.5 -6.07811
681000 401.903 -15305.8 -19.8589
682000 400.423 -15278.4 22.0543
683000 400.938 -15262.2 -36.1164
684000 400.337 -15347.8 20.6577
685000 401.369 -15320.7 9.16796
686000 400.433 -15343.4 13.0082
687000 400.132 -15307.3 25.2132
688000 401.863 -15187.7 -15.1288
689000 399.257 -15263.8 8.97196
690000 399.136 -15306.9 -16.7337
691000 398.422 -15398.4 7.83861
692000 400.037 -15331.6 22.3677
693000 400.341 -15285.6 -22.135
694000 398.551 -15293.9 -13.3917
695000 399.427 -15303.3 -23.1969
696000 398.423 -15269.2 1.054
697000 400.513 -15287.5 31.7589
698000 398.116 -15314.5 29.6504
699000 400.744 -15266.2 1.92948
700000 401.806 -15343.8 -15.3537
701000 400.918 -15304.4 -4.96227
702000 400.093 -15275.7 -5.24853
703000 400.109 -15309.1 -16.1652
704000 398.922 -15352.5 16.1221
705000 400.7 -15264.4 -19.2077
706000 401.294 -15264.3 -8.55751
707000 401.132 -15285.2 19.5377
708000 401.541 -15205.1 -2.61681
709000 401.421 -15305.3 -9.68804
710000 401.256 -15305.9 -4.48496
711000 400.997 -15305 5.83342
712000 398.938 -15269.5 -22.4868
713000 399.45 -15261.8 -4.0242
714000 399.032 -15297.8 8.34664
715000 400.481 -15332.5 3.33385
716000 401.457 -15234.5 10.1238
717000 400.434 -15299.2 6.79658
718000 400.098 -15270.4 9.755
719000 400.054 -15218.5 -46.9856
720000 399.069 -15227 4.76879
721000 401.01 -15298.3 36.4506
722000 400.95 -15266.2 36.9694
723000 399.656 -15303.3 4.19487
724000 398.411 -15312.5 29.6502
725000 399.472 -15204 -7.58239
726000 400.189 -15236.8 16.3777
727000 401.305 -15289.4 8.11094
728000 400.17 -15299.7 -8.50293
729000 402.548 -15322.1 -7.17136
730000 400.64 -15266.9 0.0322883
731000 396.989 -15272.3 18.6881
732000 399.641 -15256.6 -15.2946
733000 399.013 -15300.9 15.7318
734000 398.953 -15322.1 -24.3014
735000 400.297 -15284.8 20.3649
736000 400.804 -15320.4 27.6649
737000 400.746 -15283.5 -19.747
738000 398.489 -15316 -9.48316
739000 399.012 -15334.9 4.81709
740000 400.621 -15250.5 17.9868
741000 400.522 -15228.2 24.9967
742000 397.94 -15332.7 4.80215
743000 401.759 -15199.7 -18.8275
744000 400.428 -15291.2 -16.8328
745000 399.962 -15258.7 -15.1698
746000 399.652 -15259.2 -2.80888
747000 401.07 -15220.3 7.55965
748000 399.849 -15296.1 11.3725
749000 400.093 -15336.3 6.96527
750000 400.755 -15325.1 16.3618
751000 401.592 -15302.9 -16.6248
752000 399.296 -15318.2 6.6928
753000 399.816 -15259.2 27.2085
754000 401.314 -15138.7 -3.52454
755000 400.997 -15266.2 28.6398
756000 399.85 -15353.5 6.44024
757000 400.076 -15354.7 -15.0064
758000 400.723 -15277.2 -2.8709
759000 400.729 -15307.9 -3.84495
760000 398.862 -15356.9 36.0694
761000 398.62 -15325.2 -24.1341
762000 401.187 -15300.4 10.9878
763000 400.64 -15312.7 -3.14404
764000 400.156 -15324.1 -3.68067
765000 398.525 -15292.7 -6.88114
766000 400.542 -15240.8 9.94799
767000 400.744 -15309.1 -24.6097
768000 401.329 -15265.6 -5.67919
769000 399.597 -15308.4 -18.0977
770000 401.118 -15282.3 48.7745
771000 399.792 -15273.3 21.939
772000 401.06 -15293.5 -0.0672361
773000 399.471 -15262.6 -15.4376
774000 399.382 -15264.9 27.9559
775000 400.507 -15280.8 12.7997
776000 399.422 -15259.8 -12.6214
777000 398.756 -15271.9 11.8362
778000 402.136 -15220.7 -13.7174
779000 400.528 -15268.5 -19.7963
780000 399.72 -15284.3 0.216563
781000 399.433 -15323 18.6162
782000 399.289 -15303.2 24.6606
783000 399.981 -15303 2.92373
784000 399.071 -15323.6 2.31049
785000 398.607 -15246.9 28.4452
786000 399.491 -15316.1 -19.8239
787000 398.36 -15344.6 29.7924
788000 399.219 -15372.1 7.98428
789000 400.166 -15353.8 -25.0777
790000 400.473 -15338.8 1.45746
791000 400.287 -15306.2 -2.224
792000 398.487 -15363.7 10.0312
793000 402.332 -15292.4 -13.4783
794000 399.24 -15344.2 -22.7092
795000 401.061 -15280.3 -6.78192
796000 400.23 -15334.9 -19.9921
797000 399.559 -15320 5.39825
798000 400.375 -15309 6.45749
799000 400.607 -15252.1 -37.0512
800000 398.713 -15304.6 18.1047
801000 402.937 -15226.6 0.0879278
802000 401.069 -15263.1 -27.4592
803000 397.357 -15326.6 29.6295
804000 400.213 -15319.9 -15.9207
805000 399.912 -15283 2.3137
806000 399.244 -15286 -18.1226
807000 401.053 -15273.8 9.77746
808000 399.677 -15348 -29.9791
809000 399.683 -15340.7 23.6394
810000 400.132 -15286.5 5.9326
811000 400.838 -15245.7 36.78
812000 399.174 -15344 -6.53097
813000 397.766 -15369.3 -13.6755
814000 400.432 -15231.6 18.4899
815000 400.806 -15196.3 -3.69468
816000 398.658 -15313.8 3.33769
817000 399.233 -15287 -24.2492
818000 399.659 -15310.4 6.25618
819000 398.176 -15300.6 -48.1065
820000 399.899 -15309.7 5.27614
821000 402.825 -15259.8 26.9487
822000 399.108 -15267.4 -8.25842
823000 401.398 -15263.9 5.50841
824000 400.571 -15294.8 35.6313
825000 401.127 -15263.2 -22.4246
826000 402.879 -15328.3 13.952
827000 400.012 -15307.8 -16.2157
828000 397.916 -15429.1 14.4188
829000 400.769 -15291.5 -14.5269
830000 400.654 -15287.2 11.9899
831000 400.206 -15307.3 -16.8798
832000 402.677 -15178.1 3.82139
833000 400.614 -15248.3 2.54848
834000 401.582 -15303.3 -31.8398
835000 398.732 -15314.1 1.82528
836000 399.77 -15325 35.1586
837000 398.445 -15368.2 -32.9459
838000 399.873 -15308.1 -16.8603
839000 399.751 -15309.6 9.58055
840000 399.065 -15308.6 -2.78458
841000 400.741 -15255.8 1.74634
842000 398.421 -15293.2 1.97768
843000 399.194 -15346.4 13.8394
844000 401.106 -15240.2 38.414
845000 399.763 -15305 -12.6085
846000 401.984 -15246.2 -5.61312
847000 398.203 -15273.5 -14.7268
848000 398.53 -15305.3 5.81865
849000 401.261 -15257.4 -3.0444
850000 400.716 -15212.7 8.99968
851000 399.991 -15233.6 16.974
852000 400.875 -15201.4 -8.70846
853000 397.908 -15304.6 -16.8311
854000 400.943 -15254.5 2.30573
855000 399.828 -15244.1 -18.7741
856000 399.91 -15281.9 6.34387
857000 398.694 -15266.3 30.8367
858000 400.525 -15232.5 -19.4107
859000 398.809 -15321.9 11.5749
860000 400.497 -15290.6 42.6481
861000 401.117 -15280.3 -2.44285
862000 398.384 -15321.7 -0.389712
863000 398.944 -15336.2 19.3982
864000 400.008 -15273.5 -6.92217
865000 400.437 -15265 -5.87971
866000 398.526 -15285.5 0.194636
867000 399.821 -15291.8 10.1221
868000 401.777 -15266.5 21.233
869000 399.98 -15288.6 7.51107
870000 400.428 -15268.3 -13.0503
871000 401.386 -15269.2 15.0791
872000 399.099 -15330.7 -4.62598
873000 397.422 -15281.6 -5.31677
874000 399.209 -15319 49.8215
875000 398.999 -15353.8 -29.9266
876000 398.821 -15300.6 -13.9873
877000 400.223 -15266.4 22.7693
878000 401.479 -15251.1 -4.85971
879000 399.929 -15311.1 26.2263
880000 402.355 -15254.6 15.0964
881000 400.766 -15227 -25.5978
882000 401.638 -15254.4 4.93782
883000 397.176 -15321.6 2.64899
884000 399.969 -15272.7 -11.3419
885000 397.578 -15326.1 14.9308
886000 400.075 -15290.8 -15.8439
887000 399.308 -15344.2 0.204935
888000 398.813 -15338.1 31.6243
889000 400.235 -15281.5 -2.71318
890000 400.042 -15324.5 12.5606
891000 400.049 -15276.8 -4.4205
892000 398.693 -15360.9 1.69338
893000 400.494 -15328.1 -14.9088
894000 398.708 -15376.2 7.04634
895000 401.859 -15239.3 -12.099
896000 398.38 -15338 41.7428
897000 399.114 -15357.1 -20.3273
898000 401.925 -15331.8 -28.0708
899000 401.211 -15328.8 -0.84279
900000 399.905 -15284.4 12.6394
901000 401.613 -15374.1 17.4368
902000 400.355 -15341.8 -0.816506
903000 399.665 -15380.7 6.13825
904000 400.753 -15338.7 -34.7116
905000 397.838 -15332.4 -3.34968
906000 400.966 -15279.1 -18.7788
907000 400.189 -15312.6 31.9087
908000 400.398 -15293.3 -17.6288
909000 398.304 -15384.4 13.8869
910000 401.845 -15288.5 20.6656
911000 400.999 -15357 3.76591
912000 401.767 -15268.9 1.62651
913000 397.603 -15350.1 -10.8765
914000 401.562 -15321.8 9.10832
915000 398.178 -15368.1 14.4775
916000 402.17 -15257.3 3.19616
917000 400.085 -15352.1 -20.209
918000 398.957 -15347.4 -8.9266
919000 397.558 -15446.2 -10.0275
920000 399.826 -15343.3 18.4606
921000 400.188 -15353.6 11.9592
922000 399.845 -15310.6 -15.692
923000 401.001 -15279 11.1736
924000 398.225 -15364.7 -24.9847
925000 398.677 -15416.6 -30.2658
926000 400.354 -15354.6 23.1302
927000 400.707 -15301 8.03092
928000 401.506 -15299.6 32.3839
929000 400.277 -15281.7 10.1058
930000 401.485 -15249 2.68064
931000 399.901 -15284.8 17.3096
932000 399.119 -15384.9 -12.2008
933000 401.457 -15271.2 2.77108
934000 398.695 -15363.6 20.6153
935000 400.911 -15362.1 -6.1147
936000 401.618 -15335 -6.72555
937000 401.502 -15290 31.3739
938000 400.687 -15334.1 -24.7445
939000 400.866 -15303.8 -5.89441
940000 400.285 -15290.4 -15.816
941000 399.839 -15344.6 0.991948
942000 397.934 -15336.6 9.89949
943000 398.323 -15299.1 14.5606
944000 399.302 -15300.6 27.5925
945000 399.814 -15233.3 27.1873
946000 402.708 -15210.7 -16.144
947000 398.682 -15322.6 -2.44289
948000 398.847 -15314.7 29.0759
949000 400.153 -15333.6 -10.9863
950000 400.371 -15314.5 6.07707
951000 401.86 -15336 6.46522
952000 398.106 -15356.5 -7.045
953000 399.443 -15333.6 -19.3357
954000 398.135 -15299.3 -7.64502
955000 399.516 -15311.3 5.10471
956000 399.984 -15289.5 29.2251
957000 398.237 -15315.4 0.58705
958000 398.806 -15295.2 9.60163
959000 398.986 -15356.2 3.26105
960000 401.141 -15333.5 5.28135
961000 399.418 -15273.9 -20.5225
962000 401.953 -15147.6 11.0117
963000 399.588 -15284.9 5.71378
964000 401.096 -15217.6 -7.13145
965000 398.721 -15317 -13.301
966000 400.514 -15296.4 30.9214
967000 402.221 -15334.2 0.493284
968000 401.706 -15283.5 -10.8032
969000 398.997 -15281.4 -23.0193
970000 399.767 -15279.5 16.4388
971000 399.182 -15300.8 -10.2093
972000 401.412 -15238.3 -3.77813
973000 399.818 -15388.9 -31.2737
974000 399.485 -15279.7 1.27638
975000 400.335 -15334.2 -6.72463
976000 400.059 -15306.2 -30.8278
977000 399.253 -15298.2 -6.39418
978000 397.72 -15280.5 43.3173
979000 399.894 -15340.1 -25.6746
980000 397.888 -15362.3 9.96609
981000 398.077 -15332 4.74352
982000 399.205 -15320.2 -37.5888
983000 401.618 -15265.7 -17.6137
984000 397.772 -15320.4 -9.84169
985000 399.835 -15348.3 -8.90921
986000 398.2 -15314 7.32758
987000 401.03 -15233.4 -24.7266
988000 400.415 -15311 23.6751
989000 399.343 -15294 -27.49
990000 402.767 -15298.5 9.09109
991000 401.145 -15304.4 10.1096
992000 397.402 -15352.2 -14.8547
993000 399.964 -15282.6 -8.30956
994000 400.566 -15237.7 -2.07873
995000 400.667 -15336.6 -2.61884
996000 399.559 -15320.6 4.74007
997000 401.045 -15302.7 -22.8783
998000 398.821 -15341.1 17.5354
999000 401.554 -15293.9 1.56828
1000000 401.297 -15341.7 -0.693545
1001000 398.978 -15355.4 -12.046
1002000 401.751 -15294.8 -2.16557
1003000 400.626 -15309.1 -11.7135
1004000 400.656 -15274.3 41.8655
1005000 400.341 -15363.7 2.25134
1006000 400.572 -15329.7 9.96905
1007000 401.229 -15235.8 10.0304
1008000 400.653 -15293.6 14.8379
1009000 402.147 -15268.6 11.7858
1010000 400.435 -15302.6 -1.3068
1011000 400.949 -15274 -10.6231
1012000 401.73 -15272.3 -6.40471
1013000 399.447 -15299.1 -35.2638
1014000 401.508 -15277.5 30.1749
1015000 401.451 -15309.2 21.4676
1016000 400.16 -15303.1 -6.79037
1017000 400.078 -15359.5 -8.30782
1018000 401.222 -15349.2 -11.3523
1019000 398.928 -15277.8 -10.2222
1020000 400.116 -15342.7 9.62734
1021000 398.738 -15413.7 -5.51457
1022000 400.939 -15344.1 19.1894
1023000 400.261 -15348.7 13.9989
1024000 399.644 -15284.2 -25.0863
1025000 398.225 -15265 16.5646
1026000 398.907 -15292 53.9367
1027000 399.501 -15339.1 -24.4537
1028000 399.627 -15318 28.904
1029000 401.189 -15294 -3.68026
1030000 400.768 -15334.6 -6.4376
1031000 400.724 -15338.8 -10.3625
1032000 400.895 -15326.2 15.209
1033000 398.15 -15405.3 -14.9652
1034000 401.473 -15326 -5.56683
1035000 400.217 -15280.5 -7.07047
1036000 400.931 -15252.1 18.1726
1037000 401.467 -15326.2 -5.40201
1038000 400.907 -15289.9 -0.913698
1039000 399.404 -15360.1 8.03015
1040000 401.481 -15335.7 14.5801
1041000 398.645 -15403.7 44.2835
1042000 398.91 -15394.1 -22.5585
1043000 399.551 -15378.1 -21.0287
1044000 400.124 -15306.5 -13.5776
1045000 401.53 -15293.7 2.34887
1046000 401.047 -15336.1 32.2306
1047000 401.845 -15328 2.28567
1048000 399.088 -15320.1 -9.82053
1049000 397.882 -15338.1 22.1524
1050000 399.867 -15353.2 13.7067
1051000 400.28 -15387.3 -6.41924
1052000 397.958 -15357.8 2.92932
1053000 397.235 -15368 0.327461
1054000 401.125 -15363.8 -4.25057
1055000 400.964 -15344.9 -3.72396
1056000 398.383 -15405.7 -8.51104
1057000 400.671 -15321.7 11.1515
1058000 399.924 -15395.9 14.2162
1059000 398.64 -15421.2 -15.5963
1060000 400.782 -15353.3 -4.36427
1061000 400.834 -15366.5 -14.461
1062000 401.222 -15328 13.1348
1063000 397.628 -15396.7 9.88842
1064000 399.713 -15373.2 -6.82501
1065000 398.8 -15384.8 22.8457
1066000 399.16 -15403.1 -25.9665
1067000 400.836 -15297.2 -12.8813
1068000 400.272 -15352.9 -11.6925
1069000 402.403 -15323.1 26.3536
1070000 399.513 -15369.5 -0.739146
1071000 400.096 -15278.7 5.75272
1072000 400.773 -15286 -10.9223
1073000 399.329 -15338.1 -6.63793
1074000 400.938 -15313.9 6.67646
1075000 402.002 -15305.1 -17.7415
1076000 399.842 -15285.3 26.9452
1077000 397.77 -15453.1 2.14545
1078000 401.698 -15325.6 -8.51148
1079000 402.113 -15356.9 15.2752
1080000 400.496 -15344.2 -39.6163
1081000 399.982 -15382.1 -23.8175
1082000 400.438 -15329.8 14.4502
1083000 399.416 -15384.8 -0.199891
1084000 401.257 -15320 -6.67389
1085000 399.248 -15388 33.3856
1086000 401.339 -15311.3 3.87016
1087000 400.334 -15333.3 -5.44589
1088000 398.859 -15306.6 -14.6701
1089000 400.445 -15375.9 1.86811
1090000 399.057 -15374.1 1.52452
1091000 398.193 -15373.6 -14.7327
1092000 397.157 -15414.2 42.3782
1093000 401.617 -15285.9 -9.26664
1094000 400.846 -15350.7 39.8912
1095000 399.94 -15399.9 -26.2622
1096000 401.77 -15352.3 -14.0801
1097000 399.539 -15293.7 12.2446
1098000 398.292 -15391.3 18.7918
1099000 398.981 -15365.3 -24.388
1100000 398.735 -15307.5 -5.31509
1101000 400.745 -15256 13.1277
1102000 401.838 -15307.5 1.97207
1103000 397.839 -15426.4 -5.30629
1104000 400.134 -15310.1 -18.0295
1105000 399.328 -15328.6 11.331
1106000 401.489 -15316.5 23.8824
1107000 401.476 -15269 -20.3979
1108000 401.119 -15293.7 30.1571
1109000 400.782 -15338.3 -22.1231
1110000 400.457 -15342.6 6.89132
1111000 399.133 -15366.3 24.8419
1112000 402.015 -15322.3 -10.4193
1113000 400.531 -15322 -30.1407
1114000 400.288 -15301.3 2.06704
1115000 399.797 -15355.4 49.0169
1116000 403.073 -15278.8 -25.2556
1117000 399.024 -15409.8 -31.0367
1118000 399.312 -15355.1 25.0298
1119000 400.604 -15328.1 -21.9099
1120000 400.516 -15351.3 21.7325
1121000 400.956 -15341.8 -1.58103
1122000 399.998 -15357.8 -3.34078
1123000 403.209 -15332.7 7.47857
1124000 398.441 -15301.2 0.387742
1125000 399.399 -15280.5 5.54756
1126000 398.797 -15325.9 -31.6982
1127000 399.66 -15350.1 48.6506
1128000 399.521 -15333.1 9.37341
1129000 400.563 -15336.6 -9.26352
1130000 398.709 -15320.7 22.6313
1131000 401.568 -15310 5.37238
1132000 399.554 -15379 -13.4932
1133000 399.75 -15330.9 6.75994
1134000 399.424 -15390 -34.382
1135000 399.484 -15349.4 31.5149
1136000 398.19 -15281.6 -18.3695
1137000 400.832 -15317.5 -4.09299
1138000 397.54 -15416.9 -39.7918
1139000 399.882 -15345.9 25.379
1140000 399.694 -15328.6 1.10868
1141000 402.298 -15269.6 15.473
1142000 399.911 -15389.6 -36.505
1143000 400.018 -15391.8 -42.1813
1144000 400.331 -15368.3 40.0813
1145000 401.389 -15327.2 -11.1192
1146000 402.595 -15309.9 -26.8066
1147000 399.368 -15375.7 13.9532
1148000 399.974 -15382.4 -18.697
1149000 401.154 -15347.5 -4.04062
1150000 399.887 -15333.4 7.17862
1151000 400.947 -15380.1 26.7866
1152000 400.022 -15384.7 4.23688
1153000 400.424 -15362.8 -28.2336
1154000 400.053 -15350.2 -17.0926
1155000 400.915 -15337 12.9612
1156000 397.8 -15456.7 3.7591
1157000 400.336 -15385.8 -18.3338
1158000 399.136 -15321 -12.5654
1159000 400.664 -15297.3 -35.0952
1160000 400.691 -15350 33.234
1161000 401.037 -15362.6 8.23619
1162000 400.65 -15400.8 0.271895
1163000 400.222 -15392 -2.76712
1164000 400.007 -15364.7 -0.673187
1165000 398.436 -15419.3 -2.19114
1166000 400.097 -15357.8 -10.4829
1167000 399.808 -15355.7 8.40773
1168000 400.015 -15389.8 -26.1625
1169000 398.63 -15464.3 -11.5856
1170000 398.943 -15403.8 -17.7318
1171000 401.823 -15278.4 -11.1338
1172000 399.778 -15318.9 22.4167
1173000 401.057 -15355.1 0.243725
1174000 401.13 -15349.7 -3.24386
1175000 400.624 -15432.2 -3.24809
1176000 399.372 -15365.2 -23.3051
1177000 400.839 -15338.1 14.4605
1178000 399.785 -15393.2 -4.30726
1179000 401.475 -15329.8 15.8746
1180000 400.158 -15282.5 20.8605
1181000 400.806 -15237 11.5204
1182000 401.387 -15287.3 7.02904
1183000 401.501 -15285.3 31.1921
1184000 398.579 -15382.5 20.8894
1185000 400.382 -15319.5 -45.5669
1186000 399.567 -15288.9 -7.67631
1187000 402.605 -15276.5 -5.28593
1188000 400.49 -15376.1 -24.9855
1189000 398.356 -15428.1 -1.09978
1190000 399.699 -15373.4 36.5484
1191000 400.126 -15318 5.86815
1192000 402.266 -15201.3 15.8728
1193000 400.08 -15360.8 -23.0476
1194000 400.123 -15290.1 21.0657
1195000 399.6 -15323.7 -19.585
1196000 399.112 -15336.4 12.3371
1197000 401.236 -15277.2 -6.48729
1198000 398.984 -15358.7 -25.0832
1199000 398.462 -15326.9 3.30161
1200000 398.964 -15362.4 -6.87363
1201000 399.905 -15291.4 34.9673
1202000 400.514 -15274.6 -21.5849
1203000 400.559 -15292.7 -0.373667
1204000 398.191 -15306.6 21.6181
1205000 398.195 -15266.3 -16.7035
1206000 399.298 -15273.2 25.9395
1207000 399.81 -15241.2 -18.5723
1208000 399.585 -15221.6 2.51472
1209000 401.155 -15244.2 -8.48878
1210000 400.387 -15226.7 6.83068
1211000 400.953 -15240.4 5.50439
1212000 399.339 -15321.9 24.9861
1213000 399.143 -15303 -7.91769
1214000 400.558 -15286.6 5.9778
1215000 399.647 -15253 -3.07618
1216000 401.032 -15236.8 48.4502
1217000 399.764 -15260.6 -13.8934
1218000 397.836 -15378.9 -4.04776
1219000 399.587 -15286.4 -7.57904
1220000 400.854 -15254.8 -22.8556
1221000 400.66 -15267.1 18.0967
1222000 400.527 -15307.4 -3.64687
1223000 400.16 -15323.8 36.3538
1224000 400.395 -15257.8 -14.3879
1225000 401.026 -15269 22.1186
1226000 398.059 -15305.9 -11.6285
1227000 401.437 -15272.9 -13.5034
1228000 399.408 -15347.8 34.2102
1229000 399.207 -15261.2 -9.9318
1230000 399.716 -15283 10.3415
1231000 401.312 -15294.4 -2.24971
1232000 399.845 -15275.5 -24.4339
1233000 399.881 -15236.7 19.2521
1234000 400.701 -15269.8 -9.40442
1235000 400.583 -15276.3 17.3705
1236000 400.902 -15269.8 -4.43867
1237000 399.034 -15352.5 -11.0795
1238000 397.956 -15327.1 -7.96685
1239000 399.455 -15266.4 -1.05106
1240000 399.486 -15303.5 11.2704
1241000 400.406 -15311.1 -16.5455
1242000 397.021 -15301.4 4.9705
1243000 399.616 -15300.4 2.76076
1244000 399.054 -15322.8 20.3772
1245000 398.995 -15375.4 5.93094
1246000 399.848 -15342.3 16.0786
1247000 396.495 -15377.1 14.6539
1248000 399.215 -15316.3 7.56629
1249000 398.882 -15293 6.39225
1250000 398.971 -15311.1 -3.01805
1251000 399.891 -15261.3 -2.11558
1252000 400.839 -15217.9 -0.580653
1253000 401.204 -15269.7 14.2798
1254000 398.95 -15275.5 10.6223
1255000 398.864 -15360.1 -4.52363
1256000 401.008 -15222.1 -16.3406
1257000 400.405 -15246.7 19.8935
1258000 397.947 -15270.7 27.9909
1259000 399.72 -15281.3 27.2886
1260000 400.566 -15224.7 9.06329
1261000 398.44 -15229.7 6.54518
1262000 399.314 -15227.5 1.82693
1263000 399.501 -15207.6 -1.67738
1264000 398.368 -15266.9 15.1709
1265000 398.882 -15231.4 -4.05331
1266000 398.479 -15218.1 8.72527
1267000 402.009 -15216.8 3.27836
1268000 399.41 -15264.8 -1.97743
1269000 399.68 -15291.3 -1.16568
1270000 400.191 -15204.6 -16.6877
1271000 399.859 -15280.1 -10.7393
1272000 398.331 -15335.5 -24.6406
1273000 399.505 -15219 7.88135
1274000 401.739 -15199.9 -14.6876
1275000 398.75 -15302.6 -8.83733
1276000 399.724 -15249.2 0.402493
1277000 397.74 -15290.3 -3.36988
1278000 399.289 -15206.8 -10.4132
1279000 399.568 -15267.3 32.8177
1280000 401.693 -15251.2 -22.6419
1281000 399.472 -15238.1 19.0667
1282000 400.335 -15249.9 -13.4032
1283000 399.921 -15212.5 9.83674
1284000 399.224 -15202.4 -19.4639
1285000 399.176 -15237.3 17.1979
1286000 400.22 -15270.5 -2.66666
1287000 399.344 -15192.2 -10.6317
1288000 400.717 -15241 -6.33724
1289000 399.726 -15249.9 4.49415
1290000 399.023 -15273.5 -26.7715
1291000 399.216 -15301.7 28.4236
1292000 401.027 -15156.5 -1.26683
1293000 399.217 -15220.2 -16.6885
1294000 403.693 -15210.6 7.17411
1295000 400.446 -15219 -19.8106
1296000 399.53 -15268.2 7.35627
1297000 397.951 -15253.8 -6.46189
1298000 400.607 -15226.3 -23.9962
1299000 400.063 -15294.4 -4.297
1300000 399.205 -15264.4 3.02151
1301000 401.162 -15257.4 -32.6754
1302000 400.523 -15267.1 18.8607
1303000 400.564 -15209.2 21.88
1304000 400.76 -15268.1 -9.50935
1305000 401.576 -15217.3 40.2729
1306000 399.748 -15204.2 -26.4687
1307000 399.743 -15269.2 -15.2116
1308000 398.03 -15280.5 33.6884
1309000 399.552 -15262.3 -18.0546
1310000 397.623 -15298.1 40.1389
1311000 401.672 -15190.4 16.4637
1312000 398.881 -15232.3 -3.77219
1313000 400.634 -15210.2 -16.2334
1314000 398.506 -15275.6 28.7686
1315000 399.167 -15235.2 11.4061
1316000 400.046 -15252.1 22.0945
1317000 398.442 -15260.3 10.0405
1318000 397.955 -15270.4 15.6731
1319000 398.935 -15225.5 2.53695
1320000 399.621 -15267.4 23.6863
1321000 399.219 -15238.4 3.19075
1322000 401.111 -15220.6 19.0555
1323000 398.744 -15277.4 -1.91045
1324000 400.516 -15254.5 -12.8147
1325000 399.918 -15232.6 1.80171
1326000 399.94 -15248.7 40.3381
1327000 400.498 -15210.3 -21.1377
1328000 400.401 -15251.5 13.5254
1329000 401.484 -15261.8 9.60297
1330000 399.008 -15308 -23.1074
1331000 401.07 -15221.8 18.2521
1332000 400.468 -15216.3 9.70136
1333000 401.252 -15195.8 4.54547
1334000 399.223 -15223.4 11.524
1335000 400.726 -15273.3 6.8379
1336000 399.017 -15219.7 9.91692
1337000 399.026 -15270.6 -26.6384
1338000 399.063 -15289.3 23.3235
1339000 400.253 -15247.7 15.8311
1340000 399.864 -15229.6 -2.28633
1341000 399.432 -15272 34.883
1342000 401.344 -15263.5 40.2983
1343000 398.615 -15287.6 -30.5635
1344000 397.091 -15310.7 7.70368
1345000 400.597 -15233.5 9.60317
1346000 401.397 -15221.5 13.6339
1347000 403.244 -15248.5 -5.90986
1348000 398.407 -15311.8 -20.9825
1349000 397.947 -15273.5 8.78929
1350000 401.123 -15219.3 13.5165
1351000 400.341 -15233.5 -1.15851
1352000 400.868 -15272.2 9.98458
1353000 400.224 -15249.9 -13.3356
1354000 399.427 -15279.8 12.0252
1355000 399.545 -15303.8 -8.17757
1356000 399.809 -15271.9 1.67439
1357000 401.261 -15260.2 -3.47401
1358000 399.194 -15263.8 23.1756
1359000 402.023 -15246.6 -22.9545
1360000 401.215 -15221.4 -10.9421
1361000 398.827 -15230 -13.0404
1362000 397.996 -15307.9 1.22959
1363000 400.65 -15251.8 -7.29707
1364000 399.599 -15301.6 28.606
1365000 399.669 -15311.2 3.58599
1366000 399.24 -15299.3 -22.7201
1367000 399.454 -15254.4 -15.1041
1368000 399.259 -15271.1 -14.5161
1369000 400.356 -15259.7 0.826818
1370000 401.681 -15224.7 30.8107
1371000 398.245 -15309.8 -18.4746
1372000 401 -15230.4 -12.0764
1373000 398.918 -15282.4 10.9324
1374000 401.018 -15239.8 6.3126
1375000 400.171 -15260.5 4.15174
1376000 401.314 -15258.3 1.02
1377000 400.926 -15239 -10.5683
1378000 399.559 -15267.7 11.9165
1379000 401.374 -15248.9 -10.3345
1380000 398.087 -15319.2 2.87979
1381000 400.621 -15287.9 -8.86015
1382000 399 -15334 -12.7459
1383000 399.428 -15328.4 -11.7249
1384000 397.845 -15316.2 16.4319
1385000 401.094 -15270.1 -1.68637
1386000 399.068 -15304.6 -18.9758
1387000 399.304 -15292.1 -1.64274
1388000 398.249 -15277.5 -12.6274
1389000 399.807 -15336.2 8.63315
1390000 398.671 -15311.5 -25.6347
1391000 398.854 -15336.5 -0.148736
1392000 397.706 -15291.1 20.5802
1393000 399.613 -15220.6 28.2066
1394000 401.017 -15147.9 -3.36375
1395000 400.01 -15258 1.91194
1396000 398.202 -15327.6 -16.972
1397000 400.286 -15279 -0.0777894
1398000 398.941 -15374.5 -16.073
1399000 399.717 -15214.7 26.1324
1400000 399.795 -15227.2 12.4316
1401000 400.831 -15280.5 -16.0583
1402000 398.706 -15283.4 -15.4756
1403000 398.45 -15357.6 -8.04646
1404000 398.2 -15303.5 17.8645
1405000 399.231 -15301.3 3.91478
1406000 400.001 -15335.3 -17.3278
1407000 401.228 -15294.1 23.3993
1408000 400.466 -15283 25.6701
1409000 399.629 -15274.4 -14.8014
1410000 400.459 -15223.6 29.1069
1411000 399.721 -15251.2 10.0764
1412000 399.54 -15302.4 -23.3304
1413000 398.093 -15340.6 17.0824
1414000 398.614 -15337.1 37.0964
1415000 401.689 -15285.8 4.46897
1416000 399.68 -15239.5 -1.74158
1417000 401.353 -15255.9 -11.237
1418000 401.205 -15217.7 26.9897
1419000 399.991 -15296.8 27.3641
1420000 401.282 -15292.1 -11.8976
1421000 399.158 -15315.1 -10.8006
1422000 399.563 -15372.5 3.8152
1423000 399.872 -15288.2 -30.3786
1424000 398.518 -15315.4 -0.95112
1425000 401.351 -15287.7 6.34912
1426000 400.578 -15287.9 6.2166
1427000 402.784 -15229.6 -0.465422
1428000 398.993 -15359.4 -8.00811
1429000 399.846 -15254.3 40.7937
1430000 401.346 -15194.6 -4.0889
1431000 398.614 -15315.4 -6.72588
1432000 400.538 -15313.7 -24.702
1433000 401.478 -15276 4.46435
1434000 399.941 -15239 -14.3079
1435000 400.793 -15321 -8.44332
1436000 399.83 -15245.6 12.4064
1437000 398.391 -15310.5 4.09246
1438000 400.805 -15281.2 -18.5581
1439000 398.849 -15275.2 -1.70154
1440000 399.553 -15268.6 6.67844
1441000 401.698 -15240.6 -0.343743
1442000 401.13 -15198.9 -23.8791
1443000 402.23 -15240.2 -19.9986
1444000 399.143 -15244.9 23.1217
1445000 400.983 -15270.7 -10.9096
1446000 398.604 -15272.1 4.17239
1447000 401.897 -15165 -0.684991
1448000 400.119 -15263.1 47.8719
1449000 399.058 -15257.7 -13.1035
1450000 400.1 -15243.4 -30.8814
1451000 399.403 -15203.1 22.3927
1452000 401.323 -15241.6 2.16626
1453000 398.699 -15322 12.2775
1454000 398.682 -15188.2 12.4656
1455000 398.499 -15199.1 0.0951986
1456000 398.778 -15253.9 -8.24154
1457000 399.23 -15221.8 -19.2763
1458000 402.769 -15203.7 -25.1001
1459000 400.444 -15236.3 -17.8344
1460000 400.462 -15281.2 6.78063
1461000 398.138 -15230.6 -0.413957
1462000 401.635 -15146.6 -1.37193
1463000 399.73 -15228.8 -8.14016
1464000 398.437 -15252.5 9.87277
1465000 400.408 -15192.7 -2.3987
1466000 398.609 -15235.9 38.4541
1467000 398.134 -15247.6 -16.2148
1468000 400.651 -15141.1 32.1992
1469000 399.036 -15186.5 -7.08381
1470000 400.491 -15143.8 -21.0846
1471000 400.387 -15211.7 -17.5817
1472000 399.919 -15155.2 -17.0149
1473000 400.184 -15178.5 3.17666
1474000 400.145 -15221.1 24.5775
1475000 398.637 -15181.5 -29.5149
1476000 399.605 -15171.8 4.28081
1477000 399.462 -15267.9 2.58735
1478000 400.368 -15258.6 8.05426
1479000 399.275 -15243.9 7.36254
1480000 401.89 -15125.4 -1.98908
1481000 397.867 -15237.3 5.03347
1482000 400.763 -15165.2 8.99608
1483000 402.095 -15105 -25.6708
1484000 398.738 -15175.1 25.8802
1485000 400.258 -15142.5 0.279356
1486000 399.512 -15227.2 -34.1674
1487000 399.971 -15202.7 -35.1085
1488000 398.788 -15194 12.6216
1489000 399.942 -15169 29.5919
1490000 401.461 -15158.2 17.1091
1491000 400.022 -15161.3 8.81825
1492000 399.163 -15201.8 -10.3188
1493000 399.392 -15231.3 -23.8551
1494000 399.214 -15197.3 16.2445
1495000 400.755 -15145.1 13.8449
1496000 402.048 -15114.4 -14.3411
1497000 400.513 -15214.9 -8.22392
1498000 399.915 -15151.4 -7.56197
1499000 401.379 -15189.9 31.5776
1500000 399.066 -15266.5 -18.2047
1501000 398.31 -15233.7 0.872745
1502000 399.038 -15132.8 23.7041
1503000 401.669 -15183 8.96974
1504000 398.384 -15309.3 5.73492
1505000 399.654 -15222.3 16.6379
1506000 398.84 -15249.1 -2.87516
1507000 401.203 -15226.3 -19.3381
1508000 400.419 -15138.3 26.3866
1509000 400.171 -15183.6 -14.8738
1510000 397.722 -15248.5 -18.0671
1511000 398.936 -15208.2 -14.7191
1512000 400.828 -15141 -3.73666
1513000 400.332 -15211.9 11.9098
1514000 401.351 -15188.6 18.1852
1515000 399.175 -15187.4 -21.4366
1516000 400.557 -15216.8 27.4437
1517000 398.69 -15256 -3.10427
1518000 399.733 -15189.2 -11.3693
1519000 402.177 -15179.9 21.6794
1520000 401.651 -15188.7 -3.29177
1521000 398.373 -15236.3 -9.34869
1522000 401.008 -15191.4 7.31606
1523000 400.173 -15275.7 -3.39308
1524000 400.687 -15217 1.82516
1525000 399.16 -15272.5 4.8298
1526000 401.063 -15172.2 -2.76603
1527000 400.178 -15233.7 9.97491
1528000 400.86 -15169.7 -13.5881
1529000 399.144 -15255 -0.115447
1530000 401.978 -15247.7 1.46174
1531000 402.535 -15287.9 -3.29147
1532000 400.928 -15147.5 15.9777
1533000 401.872 -15159.6 -18.8699
1534000 400.398 -15216.5 -0.26106
1535000 399.962 -15220.2 3.61942
1536000 402.003 -15166.7 35.3143
1537000 399.987 -15201.1 21.0567
1538000 399.136 -15291.1 12.0525
1539000 399.075 -15269 -15.9456
1540000 398.559 -15292.9 25.633
1541000 397.671 -15252.9 -1.72284
1542000 399.544 -15212.2 -16.9652
1543000 400.588 -15205.9 11.3988
1544000 399.57 -15259.2 1.14528
1545000 399.48 -15290.8 -11.6407
1546000 401.724 -15195.3 2.15372
1547000 400.927 -15229.9 2.3867
1548000 401.985 -15229.5 -4.69458
1549000 400.112 -15196.8 6.24043
1550000 399.803 -15274.5 13.8861
1551000 399.32 -15246 -0.33716
1552000 400.127 -15260.7 21.0593
1553000 398.717 -15311.8 -6.09006
1554000 399.921 -15294.8 17.3791
1555000 397.293 -15363.1 14.0577
1556000 399.504 -15318.2 17.4535
1557000 399.392 -15274.1 7.75317
1558000 400.105 -15317.7 -17.1132
1559000 399.915 -15241.9 -16.7666
1560000 401.667 -15173.8 19.6047
1561000 400.433 -15209.7 -8.40535
1562000 402.09 -15163.9 -17.5743
1563000 399.519 -15219.2 -16.6012
1564000 399.521 -15253 12.0919
1565000 399.69 -15202.1 -4.21738
1566000 400.665 -15249.3 16.293
1567000 398.05 -15300.7 13.5907
1568000 401.225 -15191.4 -18.6942
1569000 399.126 -15230.5 17.8613
1570000 398.802 -15225.6 -41.943
1571000 398.245 -15306.4 -4.88031
1572000 401.267 -15232.4 -2.90751
1573000 401.48 -15230.4 -3.7172
1574000 400.281 -15226.4 26.4914
1575000 402.388 -15253.8 10.7477
1576000 398.669 -15294.3 -1.6146
1577000 399.287 -15270.3 -5.6092
1578000 400.868 -15246.6 -26.7649
1579000 398.798 -15275.3 15.4857
1580000 399.596 -15268.4 10.7307
1581000 399.403 -15273.2 -18.3321
1582000 398.953 -15233 1.5572
1583000 401.896 -15215.9 19.484
1584000 400.335 -15282.1 -0.611307
1585000 398.673 -15276.3 14.3717
1586000 401.664 -15255.4 29.0749
1587000 401.076 -15273.4 -17.2918
1588000 399.869 -15280.8 -6.17309
1589000 399.783 -15255.6 -25.4861
1590000 399.067 -15330.3 6.43551
1591000 400.011 -15260.3 2.97983
1592000 400.982 -15199.3 23.4135
1593000 400.731 -15263.5 7.91616
1594000 401.626 -15243.1 4.43656
1595000 399.02 -15291.5 -22.2301
1596000 400.862 -15244.7 10.5811
1597000 399.078 -15315.1 -7.17874
1598000 399.234 -15312.7 10.6255
1599000 398.691 -15285 -18.9366
1600000 399.838 -15212.1 20.6625
1601000 401.072 -15249.8 -7.2229
1602000 401.177 -15318.4 -22.182
1603000 399.658 -15315.5 -6.13529
1604000 400.79 -15248 24.1309
1605000 399.295 -15281.7 -23.8978
1606000 399.768 -15330 -5.77011
1607000 402.116 -15256.6 -3.62197
1608000 398.232 -15329.6 30.3863
1609000 399.139 -15277.4 -24.2252
1610000 400.43 -15289.3 7.89028
1611000 400.971 -15234.2 -3.26774
1612000 400.281 -15318.3 -13.9437
1613000 399.702 -15279.1 -18.4917
1614000 400.942 -15239.2 8.0423
1615000 400.392 -15259 -13.2229
1616000 399.752 -15329.6 10.3972
1617000 399.432 -15276.9 5.89504
1618000 399.441 -15317.8 5.08456
1619000 398.183 -15330.9 18.8565
1620000 398.484 -15299.6 -6.75366
1621000 400.323 -15266.6 43.3822
1622000 400.572 -15260.7 -41.7553
1623000 398.588 -15281.9 19.164
1624000 399.566 -15302.6 9.28171
1625000 400.27 -15215.4 10.674
1626000 401.746 -15215.6 -11.5843
1627000 399.995 -15233.4 5.73809
1628000 402.947 -15212.6 3.4117
1629000 400.799 -15346.4 11.6754
1630000 401.091 -15273.3 4.32414
1631000 398.149 -15332.2 -8.37559
1632000 400.807 -15276.6 -7.73673
1633000 398.515 -15278.6 0.976062
1634000 400.025 -15258.3 25.2214
1635000 400.522 -15300.9 -21.3915
1636000 400.184 -15293.9 26.6496
1637000 398.564 -15294.7 5.61807
1638000 398.883 -15315.8 -16.4651
1639000 400.821 -15271 -4.10655
1640000 401.636 -15209.4 7.24804
1641000 401.179 -15267.7 -6.9249
1642000 401.299 -15305.9 18.2438
1643000 399.741 -15304.2 -22.2288
1644000 398.075 -15340.7 -12.0054
1645000 399.446 -15238.6 -4.21881
1646000 402.874 -15183.4 10.9872
1647000 401.35 -15208.2 10.1118
1648000 398.546 -15279.2 13.1176
1649000 402.355 -15206 5.46299
1650000 402.137 -15169.6 -25.2962
1651000 400.937 -15199.1 23.4172
1652000 402.31 -15227.9 4.62812
1653000 399.084 -15258.8 -14.7081
1654000 399.639 -15252.2 -0.627129
1655000 400.722 -15239.8 29.9101
1656000 399.58 -15237.5 -40.0363
1657000 402.157 -15251.1 -7.15144
1658000 400.227 -15249.5 20.6309
1659000 400.775 -15198.7 -14.0116
1660000 400.736 -15266.3 4.73546
1661000 401.511 -15208.6 -23.2923
1662000 400.331 -15153.3 -13.849
1663000 399.095 -15256.2 23.3395
1664000 400.276 -15256.4 25.6344
1665000 399.668 -15240.9 15.007
1666000 399.863 -15208.7 0.304513
1667000 400.069 -15191.5 -3.9678
1668000 400.796 -15227.5 41.864
1669000 402.272 -15159.7 6.65016
1670000 400.907 -15272.9 -60.8305
1671000 401.596 -15234.8 -22.2549
1672000 401.421 -15189.4 33.995
1673000 400.793 -15303.1 -32.436
1674000 399.386 -15226.8 32.3846
1675000 398.64 -15216.3 -21.8825
1676000 399.554 -15238.8 -36.1759
1677000 402.028 -15264.5 -32.2207
1678000 399.41 -15230.9 35.9429
1679000 400.728 -15258.9 -0.988673
1680000 399.401 -15278.5 17.809
1681000 400.909 -15332.3 10.2124
1682000 399.276 -15330.5 -41.9068
1683000 401.36 -15328.2 8.68549
1684000 400.505 -15270.9 -11.1482
1685000 400.985 -15283.5 -24.1172
1686000 400.183 -15292.2 -5.85563
1687000 401.125 -15278.1 38.4868
1688000 400.089 -15288.8 10.9247
1689000 400.348 -15314.1 -6.62039
1690000 399.741 -15273.1 -18.2434
1691000 400.777 -15293.4 -32.3514
1692000 399.463 -15306.2 5.25635
1693000 398.691 -15315.5 17.0372
1694000 398.778 -15321.8 16.583
1695000 399.962 -15266.9 -0.471409
1696000 398.756 -15285.3 12.6988
1697000 401.542 -15208.3 7.6903
1698000 398.781 -15241.4 -4.61607
1699000 400.689 -15244.9 -13.2074
1700000 398.276 -15286.5 17.5461
1701000 400.059 -15293.5 20.219
1702000 399.209 -15339.4 4.65436
1703000 399.941 -15253.1 -0.874135
1704000 401.3 -15234.7 -21.676
1705000 401.229 -15294.2 -0.728435
1706000 399.739 -15322.4 9.33128
1707000 401.845 -15224.6 1.66486
1708000 399.045 -15251.2 -13.9854
1709000 398.975 -15244.2 -17.1593
1710000 400.578 -15234.3 9.5481
1711000 401.056 -15160.1 13.5627
1712000 401.287 -15258.5 12.2922
1713000 400.462 -15141.1 -9.04562
1714000 399.73 -15224.6 -15.0102
1715000 401.359 -15156.8 9.53371
1716000 400.28 -15206.5 -12.4443
1717000 400.086 -15201.4 3.74088
1718000 401.523 -15171.4 -21.0931
1719000 401.142 -15219.1 8.0601
1720000 400.79 -15234 10.916
1721000 400.518 -15260.4 -4.96618
1722000 399.252 -15280.9 -19.0296
1723000 399.644 -15274.4 13.0129
1724000 401.139 -15150 -2.05794
1725000 397.956 -15207.7 4.08558
1726000 400.113 -15219.4 -9.51371
1727000 401.554 -15194.1 33.794
1728000 399.482 -15223.5 -6.76446
1729000 400.218 -15185.2 11.6684
1730000 402.691 -15130.8 -9.74378
1731000 401.4 -15153.1 -14.1988
1732000 397.834 -15281.4 -2.94641
1733000 399.798 -15250 -0.716262
1734000 397.492 -15291.1 -10.1636
1735000 400.472 -15184.5 29.0814
1736000 400.506 -15233.3 -2.2014
1737000 401.907 -15245.8 13.9754
1738000 399.648 -15234.6 17.4648
1739000 400.438 -15168.6 -1.71758
1740000 399.619 -15272.5 10.9558
1741000 400.153 -15250.3 -36.2435
1742000 398.594 -15298.7 8.47334
1743000 398.544 -15280.7 -19.6029
1744000 399.749 -15258.1 23.3733
1745000 401.01 -15179.4 6.85596
1746000 399.868 -15190.1 -0.865767
1747000 400.208 -15227.4 15.5269
1748000 398.961 -15294.9 -32.9028
1749000 400.618 -15213.8 15.7525
1750000 399.453 -15194 -25.6486
1751000 403.2 -15112.6 20.095
1752000 399.626 -15247.8 -13.9472
1753000 399.634 -15214.6 -5.07408
1754000 401.327 -15193.4 -17.515
1755000 402.469 -15176.5 7.60992
1756000 399.306 -15237.2 -21.1085
1757000 398.336 -15263.8 15.4845
1758000 399.381 -15189.4 -11.0168
1759000 398.689 -15231.4 8.91226
1760000 398.399 -15227.2 25.5736
1761000 400.511 -15186.5 17.4785
1762000 401.351 -15160.1 -28.5325
1763000 400.228 -15217.2 16.2836
1764000 399.964 -15270 -21.5854
1765000 401.469 -15171.8 -9.05087
1766000 400.923 -15180.5 1.06979
1767000 398.924 -15198.7 32.066
1768000 401.17 -15213.5 -32.7416
1769000 401.276 -15220.1 15.2944
1770000 399.357 -15224.9 -22.3449
1771000 400.566 -15210.4 33.8926
1772000 398.159 -15248.2 -6.76756
1773000 400.267 -15239.1 -9.92233
1774000 398.878 -15266.9 5.21267
1775000 397.478 -15268.8 -2.63804
1776000 401.414 -15174.6 -11.1639
1777000 400.793 -15226.8 20.6449
1778000 398.689 -15297 -13.7515
1779000 399.089 -15282.6 -4.92731
1780000 399.139 -15228.3 5.29016
1781000 399.902 -15173.8 6.54857
1782000 399.893 -15219.4 11.8648
1783000 399.508 -15281.8 -14.5247
1784000 398.686 -15276.5 40.2774
1785000 401.527 -15174.8 -28.798
1786000 400.48 -15173.1 4.15315
1787000 398.919 -15221.5 24.5546
1788000 400.48 -15232.1 -22.5131
1789000 398.37 -15246.4 38.0826
1790000 400.764 -15287.5 15.1028
1791000 399.288 -15246.6 -12.15
1792000 401.905 -15241.1 -20.1371
1793000 400.715 -15348.4 32.3801
1794000 397.589 -15322.6 7.99994
1795000 400.002 -15290.7 7.86896
1796000 399.621 -15322 18.9113
1797000 401.421 -15299.9 15.9134
1798000 400.964 -15216.8 -37.2933
1799000 399.898 -15323.3 -11.1567
1800000 401.689 -15265.6 10.2535
1801000 399.56 -15252.2 -11.0331
1802000 400.414 -15278.2 27.3124
1803000 401.337 -15259.5 37.8931
1804000 401.21 -15224.8 3.56088
1805000 400.442 -15220.7 -10.8748
1806000 399.253 -15298.4 -27.857
1807000 398.961 -15263.2 22.2413
1808000 400.335 -15257.6 -9.6752
1809000 400.098 -15221.8 -23.4863
1810000 397.947 -15289.2 5.15028
1811000 399.04 -15264.9 -27.7478
1812000 400.946 -15280.2 14.7145
1813000 400.816 -15280.4 12.7599
1814000 402.092 -15211.1 -16.958
1815000 400.296 -15181.3 3.67414
1816000 399.955 -15266.8 -2.70413
1817000 401.247 -15229.2 -4.6904
1818000 400.436 -15231.6 -13.0653
1819000 399.318 -15275.1 -46.6684
1820000 399.082 -15333.5 -26.6848
1821000 401.534 -15264.3 9.51947
1822000 402.72 -15269.3 -9.69408
1823000 402.564 -15266.3 -15.7624
1824000 398.721 -15265.5 14.0023
1825000 401.297 -15226.4 14.8423
1826000 401.337 -15215.6 -21.6786
1827000 399.035 -15296.6 40.8249
1828000 399.956 -15241 -16.0477
1829000 400.546 -15270 -1.65777
1830000 400.651 -15227.7 12.5148
1831000 400.8 -15203.5 24.2506
1832000 399.152 -15294.7 -5.89462
1833000 399.328 -15289.2 -30.0776
1834000 398.534 -15298 -3.16375
1835000 400.459 -15242.5 -18.7284
1836000 399.823 -15315.5 12.5286
1837000 401.419 -15209.8 8.93846
1838000 397.652 -15329.8 14.9016
1839000 400.323 -15279.5 19.8418
1840000 402.267 -15262.6 6.24399
1841000 400.491 -15271.4 16.6067
1842000 400.292 -15284.9 25.2151
1843000 402.155 -15236.3 2.11754
1844000 399.656 -15341.2 -10.0764
1845000 400.435 -15273.2 7.24989
1846000 401.321 -15273.9 -2.90684
1847000 400.179 -15273.6 -4.99724
1848000 401.268 -15279.6 -25.508
1849000 398.96 -15356.9 -8.05761
1850000 399.426 -15256 -44.9245
1851000 399.572 -15325 20.7802
1852000 399.737 -15305.2 23.2005
1853000 398.488 -15353.1 -4.70036
1854000 398.695 -15327.5 10.8495
1855000 400.777 -15326.5 6.80911
1856000 401.803 -15210.7 22.48
1857000 400.164 -15206.6 2.53752
1858000 402.435 -15255.9 0.394753
1859000 399.675 -15293.5 -38.5427
1860000 400.332 -15294.9 0.584354
1861000 402.019 -15221.7 21.1137
1862000 400.597 -15231.5 13.0376
1863000 401.666 -15264.6 1.39654
1864000 399.584 -15278.7 -11.7854
1865000 402.477 -15263.7 -41.4186
1866000 400.848 -15253.2 -2.90156
1867000 398.904 -15408.4 -3.81396
1868000 399.799 -15374.4 -4.83405
1869000 397.65 -15419.4 -36.1935
1870000 399.423 -15358.4 -20.8411
1871000 399.566 -15395.9 21.28
1872000 401.936 -15281.6 7.75411
1873000 401.569 -15224.1 35.8382
1874000 400.161 -15303.6 -9.37154
1875000 400.395 -15367.8 6.09628
1876000 400.23 -15324.6 -3.4667
1877000 401.078 -15289.7 -10.3428
1878000 401.981 -15334.9 -4.95577
1879000 398.103 -15396.4 5.76768
1880000 397.128 -15484.4 -12.4613
1881000 398.717 -15382.8 8.80999
1882000 399.867 -15252 -0.171231
1883000 401.374 -15332.2 4.77955
1884000 400.192 -15385.6 11.633
1885000 399.073 -15384.8 -18.3097
1886000 400.148 -15331.3 -0.429433
1887000 400.027 -15338.2 1.46516
1888000 399.047 -15384.7 -19.6189
1889000 400.041 -15355 11.8317
1890000 397.889 -15365.4 7.35701
1891000 400.052 -15394.2 -30.7501
1892000 402.39 -15312.1 16.3666
1893000 398.776 -15370.7 24.1233
1894000 400.018 -15386.4 11.3298
1895000 397.361 -15340.3 -25.4173
1896000 400.191 -15314.4 43.2265
1897000 401.012 -15327.5 -31.9771
1898000 402.256 -15275 -7.24491
1899000 400.285 -15344.5 -31.3189
1900000 401.786 -15315.9 6.66075
1901000 398.485 -15376.2 6.24388
1902000 399.269 -15360.7 -0.666835
1903000 399.865 -15367.4 -16.8123
1904000 401.152 -15301.2 -2.27156
1905000 400.478 -15338.2 -9.43742
1906000 401.75 -15311.3 -26.5205
1907000 400.274 -15341.8 14.3404
1908000 399.828 -15364.6 0.901149
1909000 398.513 -15409.5 17.878
1910000 402.424 -15316.9 21.9416
1911000 398.025 -15364.7 14.9752
1912000 399.971 -15384.1 0.1987
1913000 399.363 -15325.6 -4.15847
1914000 398.547 -15468.8 -3.65127
1915000 400.323 -15364.7 -0.430304
1916000 399.681 -15333.9 -9.00735
1917000 400.706 -15300.9 -33.4474
1918000 400.575 -15352.4 15.2425
1919000 398.455 -15367 -7.55334
1920000 400.879 -15332.8 16.7502
1921000 400.512 -15336 -4.37629
1922000 399.691 -15332.3 11.3064
1923000 398.454 -15310.7 -6.47079
1924000 398.898 -15315.4 -20.1494
1925000 400.645 -15364.2 -4.89132
1926000 399.645 -15357 9.9503
1927000 401.82 -15280.1 9.77841
1928000 400.483 -15374 6.35239
1929000 400.949 -15340.5 -8.4737
1930000 400.847 -15368.9 -7.4796
1931000 398.715 -15390.4 -4.17458
1932000 398.288 -15405.4 -2.28133
1933000 400.97 -15310.9 -20.8986
1934000 398.933 -15367.1 11.8327
1935000 400.595 -15341.2 17.2786
1936000 400.053 -15319.5 -26.7694
1937000 400.594 -15368.3 -13.6931
1938000 400.433 -15345.3 18.1466
1939000 400.949 -15346.9 -17.9039
1940000 397.728 -15372.4 19.3409
1941000 401.588 -15250.3 -27.9605
1942000 399.885 -15292.4 -5.28988
1943000 402.535 -15326.9 -8.62826
1944000 399.366 -15328.6 13.3199
1945000 399.622 -15318.7 21.1781
1946000 399.653 -15399.2 11.6632
1947000 400.036 -15381.9 -50.1258
1948000 398.997 -15398.4 25.151
1949000 397.732 -15433.1 -5.10577
1950000 400.618 -15343.8 4.67755
1951000 398.175 -15403.9 29.323
1952000 400.902 -15360.2 -29.0498
1953000 400.804 -15338.4 1.23277
1954000 399.004 -15313 -0.372968
1955000 400.673 -15348.7 10.9397
1956000 399.281 -15358.6 4.78144
1957000 399.732 -15387.1 4.75513
1958000 399.052 -15391.4 -2.50215
1959000 399.48 -15415.8 -3.41364
1960000 399.801 -15382.7 1.89692
1961000 399.02 -15400.9 -11.7601
1962000 399.033 -15437.6 27.8214
1963000 398.92 -15453.3 -20.0544
1964000 399.584 -15432 30.9409
1965000 398.237 -15434.6 4.11446
1966000 401.702 -15346.5 -23.6291
1967000 398.757 -15367.2 -21.8279
1968000 398.625 -15336 12.7959
1969000 399.522 -15295 -1.51816
1970000 400.627 -15294.5 -22.2533
1971000 399.899 -15330.5 1.9941
1972000 399.946 -15339.9 -0.818233
1973000 399.796 -15341.3 -18.5263
1974000 397.442 -15372.2 -9.59486
1975000 399.285 -15370.1 -8.74025
1976000 398.978 -15362.5 -8.5932
1977000 401.208 -15327.6 -0.921821
1978000 399.134 -15360.7 -10.7562
1979000 400.214 -15279.7 19.0933
1980000 400.126 -15370.9 -8.73321
1981000 401.679 -15327.9 18.21
1982000 400.61 -15315.5 30.1857
1983000 399.812 -15323 -8.56935
1984000 398.733 -15353.7 2.97381
1985000 399.303 -15311.2 -6.07834
1986000 400.054 -15362.6 -13.6974
1987000 398.646 -15345.3 -39.6408
1988000 400.815 -15267.8 23.3591
1989000 400.742 -15356.1 -7.48059
1990000 399.213 -15381.2 -0.728448
1991000 400.541 -15330.2 -0.188733
1992000 399.433 -15389.7 27.6844
1993000 400.569 -15322.7 -5.3985
1994000 401.879 -15357.8 6.05276
1995000 398.083 -15364.7 -6.81853
1996000 400.577 -15284.6 -22.8548
1997000 401.163 -15259.9 -13.955
1998000 400.668 -15323 -1.37319
1999000 400.918 -15381.1 9.42379
2000000 400.129 -15338.3 7.61336
