# Time-averaged data for fix 3
# TimeStep v_Temperature v_PotentialEnergy v_Pressure
2000 301.138 -17366.6 14.7825
3000 299.243 -17555.4 -10.2068
4000 300.819 -17544.9 5.11005
5000 299.984 -17586.2 -10.0258
6000 299.967 -17597.9 -1.11388
7000 300.05 -17623.3 -2.47672
8000 298.968 -17596 -19.0986
9000 300.853 -17585 -30.641
10000 301.098 -17595.9 37.7186
11000 298.357 -17678.6 20.2398
12000 300.767 -17610.6 13.1084
13000 300.695 -17617 -22.2599
14000 300.801 -17666.4 4.52159
15000 299.992 -17645.4 18.8396
16000 299.774 -17638.5 10.3619
17000 300.198 -17590.1 3.3864
18000 301.219 -17622 -0.891212
19000 299.83 -17600.2 5.61389
20000 301.105 -17604.1 -9.48015
21000 299.991 -17680.7 -15.6942
22000 302.053 -17601 -8.44351
23000 299.011 -17665.2 9.16976
24000 300.181 -17597.8 23.2754
25000 299.984 -17564.5 -3.0268
26000 301.74 -17562.4 -9.63564
27000 300.179 -17576.8 8.7969
28000 299.197 -17623.3 4.18026
29000 300.614 -17629.3 10.8903
30000 300.405 -17598.3 10.6452
31000 298.289 -17643.9 9.31662
32000 298.529 -17702 -0.0442279
33000 300.659 -17626.2 -5.44396
34000 298.772 -17640.2 20.7406
35000 299.739 -17651.3 7.03408
36000 299.881 -17576.1 23.1546
37000 301.74 -17524.3 -14.3555
38000 299.349 -17606.9 30.4077
39000 301.018 -17679.9 12.8113
40000 299.094 -17625.4 -7.76579
41000 300.505 -17616.4 -12.7759
42000 301.292 -17612.4 -31.0683
43000 299.199 -17681.8 -4.57929
44000 300.197 -17663.3 11.6243
45000 299.186 -17583.8 22.6396
46000 300.621 -17578.3 -38.827
47000 299.966 -17618.1 22.4347
48000 300.793 -17612 -1.92821
49000 299.446 -17643.8 11.9549
50000 301.986 -17631.2 15.611
51000 299.277 -17611.6 -4.54729
52000 298.876 -17597.4 -27.1944
53000 299.337 -17563.7 18.2653
54000 300.878 -17560.6 -1.09787
55000 300.319 -17632 19.9017
56000 299.708 -17658.3 7.52383
57000 300.249 -17615.5 1.76593
58000 300.711 -17649.4 15.7124
59000 299.874 -17673.9 3.8225
60000 299.653 -17674 -7.59515
61000 299.498 -17656.1 16.169
62000 299.357 -17661.4 11.7375
63000 301.026 -17642.2 10.0799
64000 299.002 -17643.1 -42.6998
65000 300.833 -17621.2 18.3586
66000 299.352 -17731.1 -7.15397
67000 300.666 -17651.5 29.1926
68000 298.893 -17709.2 0.652747
69000 300.066 -17695 -28.2714
70000 299.55 -17697.9 15.3582
71000 300.423 -17641.5 6.6404
72000 302.22 -17601.4 -27.9834
73000 300.531 -17609.1 -5.98141
74000 301.135 -17593.6 -16.7003
75000 300.01 -17660.4 -13.3113
76000 300.312 -17649.3 -16.5698
77000 299.129 -17685.9 24.7387
78000 300.688 -17570.6 -5.66696
79000 300.372 -17607.5 15.244
80000 300.532 -17540.5 32.0065
81000 300.836 -17545.5 -14.0507
82000 299.43 -17596 -14.8192
83000 300.216 -17590 3.04214
84000 298.855 -17655.8 23.8799
85000 299.367 -17639.4 1.66139
86000 297.886 -17689.5 -13.4284
87000 299.486 -17685.3 11.5276
88000 300.106 -17638.2 32.2934
89000 299.046 -17636.8 -22.0818
90000 302.151 -17673.2 -2.68859
91000 300.301 -17701.9 34.9561
92000 300.707 -17650.3 14.8729
93000 301.557 -17598.2 -21.8528
94000 300.743 -17708.3 11.9665
95000 299.845 -17700 12.3403
96000 298.755 -17736.5 -19.9874
97000 299.195 -17716.9 -0.690895
98000 299.599 -17673.8 12.6056
99000 299.328 -17661.5 1.0586
100000 298.984 -17728.1 -0.99891
101000 298.783 -17736.9 -16.6094
102000 300.301 -17703.1 -9.5619
103000 298.028 -17733.6 -10.9291
104000 300.383 -17695.4 35.4575
105000 299.235 -17718.8 9.26357
106000 300.762 -17669.3 19.5675
107000 302.407 -17561.7 -38.2903
108000 300.236 -17634.2 27.7677
109000 299.327 -17675.4 12.0265
110000 300.821 -17721.9 -22.0382
111000 299.167 -17659 -6.44867
112000 300.056 -17668.9 -0.291744
113000 298.62 -17698.3 8.45943
114000 299.102 -17747.6 4.72354
115000 299.011 -17715 -14.411
116000 300.463 -17628.2 7.76582
117000 299.181 -17646.7 -3.43399
118000 300.837 -17668.6 17.8681
119000 300.748 -17647.4 -5.06861
120000 301.026 -17662.9 -24.138
121000 300.906 -17675.7 22.7067
122000 299.038 -17725 10.8393
123000 299.578 -17751.6 -28.3126
124000 299.998 -17715.3 4.66175
125000 300.699 -17694.9 -8.91212
126000 300.65 -17700.2 37.951
127000 300.705 -17653 -4.72028
128000 301.111 -17682.5 -5.28711
129000 300.963 -17645 0.297189
130000 300.354 -17651.7 -2.20149
131000 300.673 -17668.7 20.0194
132000 299.428 -17682.4 15.6351
133000 298.935 -17692.8 14.4199
134000 299.845 -17710.7 -13.6845
135000 299.088 -17733.6 -6.65108
136000 298.336 -17736.7 6.55525
137000 299.183 -17724.8 14.0444
138000 300.137 -17649.8 2.57456
139000 299.886 -17709.6 -9.95215
140000 300.433 -17653.9 -7.24226
141000 298.871 -17681 9.22779
142000 297.219 -17747.6 17.5326
143000 299.024 -17699.3 -3.42347
144000 299.726 -17645 14.7605
145000 300.071 -17648.4 -18.8124
146000 300.557 -17641.2 -16.6036
147000 301.08 -17593.6 4.13947
148000 298.272 -17670.8 14.6635
149000 299.623 -17662.3 -3.22154
150000 298.535 -17711.9 -11.2223
151000 300.837 -17664.9 5.85974
152000 299.472 -17661.5 6.10005
153000 301.101 -17637 6.04185
154000 299.45 -17641 9.66489
155000 299.692 -17657.9 -21.2063
156000 299.439 -17654.8 -13.5396
157000 301.574 -17653 13.0029
158000 299.56 -17699 26.0908
159000 299.467 -17754.1 -16.6167
160000 299.064 -17688.8 -1.40691
161000 300.211 -17645.6 -1.87503
162000 300.839 -17639.4 -53.1339
163000 298.288 -17711.4 9.97434
164000 301.206 -17702.6 8.21445
165000 300.181 -17719.7 -25.2556
166000 299.159 -17695.5 6.81964
167000 300.404 -17691.8 -29.8475
168000 300.942 -17683.2 15.7253
169000 297.551 -17718.3 20.5527
170000 300.211 -17719.8 -19.0065
171000 298.983 -17820.6 -31.4232
172000 299.861 -17802.3 11.4778
173000 299.654 -17785.1 15.6677
174000 298.735 -17792 2.56128
175000 299.887 -17706.7 -24.3955
176000 298.549 -17709.4 6.51588
177000 299.872 -17751.3 17.4459
178000 299.89 -17730.6 -10.6308
179000 299.663 -17700.9 -15.4275
180000 300.078 -17636.9 -6.29747
181000 300.953 -17646.4 44.7
182000 299.731 -17693.2 22.3332
183000 300.716 -17612.8 16.1921
184000 299.954 -17643.1 -34.2295
185000 300.134 -17677.7 -4.15144
186000 300.654 -17697.9 8.111
187000 300.121 -17703.1 18.0216
188000 300.133 -17720.5 25.1405
189000 299.667 -17711.3 -14.9772
190000 300.024 -17701.6 0.182207
191000 298.715 -17780.9 -0.516555
192000 300.432 -17708.9 16.5953
193000 298.582 -17748.2 -25.6276
194000 300.442 -17724.2 -7.6141
195000 299.556 -17720.5 26.3278
196000 300.269 -17755.5 19.0985
197000 300.317 -17693.6 -5.1592
198000 300.861 -17644.6 -3.38806
199000 299.204 -17708.9 -6.84789
200000 299.59 -17701.6 -18.6957
201000 300.151 -17662.8 30.533
202000 300.678 -17641.1 4.45697
203000 301.728 -17675.7 -10.4368
204000 298.804 -17744.8 13.9378
205000 299.554 -17703.3 11.8433
206000 300.966 -17664.3 8.89874
207000 300.913 -17696.2 -26.4276
208000 298.341 -17704.3 30.1105
209000 299.743 -17707.5 5.08655
210000 299.155 -17675.9 1.66666
211000 299.813 -17688.9 -2.80637
212000 299.321 -17741.6 -9.44067
213000 299.134 -17714.1 2.71486
214000 298.32 -17694.1 7.10492
215000 299.305 -17694.5 26.9521
216000 298.62 -17698.9 -7.81751
217000 299.839 -17627.6 3.38024
218000 299.505 -17674.7 -11.6655
219000 300.793 -17665.3 8.44208
220000 301.013 -17620.8 7.26728
221000 299.249 -17719.5 9.44019
222000 299.598 -17694.1 -3.38892
223000 299.98 -17707.1 -64.6184
224000 300.873 -17663.4 28.5288
225000 300.95 -17686.1 14.3451
226000 300.32 -17643.2 -20.5421
227000 299.606 -17680.9 -13.4158
228000 300.474 -17624.7 -13.3599
229000 299.018 -17641.3 19.8367
230000 298.12 -17778.9 20.2487
231000 298.927 -17694.3 -0.631669
232000 298.477 -17682.3 -5.78233
233000 299.815 -17661.9 -19.4142
234000 299.417 -17617.9 29.2337
235000 301.118 -17650.8 -5.12402
236000 300.657 -17665.3 6.87101
237000 299.911 -17706.3 9.03343
238000 299.601 -17714.3 -17.5211
239000 299.267 -17694.7 8.5689
240000 299.809 -17705.5 8.4707
241000 300.789 -17706.7 -4.97785
242000 300.624 -17674.4 -9.94916
243000 300.249 -17681.6 -43.2131
244000 299.772 -17679.7 38.7178
245000 299.303 -17690.1 26.5598
246000 300.998 -17675.3 -21.8812
247000 300.441 -17712.4 21.5903
248000 300.751 -17642.4 21.1525
249000 299.308 -17712.5 -23.3662
250000 300.786 -17669.1 -21.7427
251000 301.091 -17684.2 -9.24976
252000 299.936 -17657.6 28.0241
253000 300.765 -17665.7 13.8009
254000 299.41 -17693.9 13.8041
255000 299.542 -17646.5 -20.8895
256000 301.157 -17707.2 -19.385
257000 301.228 -17676.9 18.6684
258000 300.604 -17665.5 11.7876
259000 300.66 -17679.3 -24.3303
260000 299.755 -17684.3 -2.12707
261000 299.655 -17699.9 12.3635
262000 298.931 -17668.9 23.5763
263000 299.976 -17674 5.38188
264000 300.093 -17697.4 -10.0821
265000 300.68 -17662.7 -7.82507
266000 298.681 -17721.3 30.8299
267000 298.859 -17697.7 7.88887
268000 299.605 -17711.2 -11.541
269000 299.769 -17696.2 -12.5939
270000 298.699 -17714.7 -31.4196
271000 301.326 -17640.7 13.4958
272000 299.524 -17679.1 27.0118
273000 302.062 -17657.1 -30.9211
274000 300.688 -17666 -34.139
275000 301.126 -17678.5 10.9214
276000 301.019 -17703.9 -17.3475
277000 300.448 -17629.1 8.65958
278000 299.06 -17625.3 -5.99272
279000 300.97 -17609.4 -8.55415
280000 298.902 -17699.8 42.8757
281000 299.119 -17699 -48.6761
282000 299.727 -17710 -4.75009
283000 299.064 -17720.7 40.6126
284000 301.675 -17645.2 42.3735
285000 300.761 -17724.1 9.74731
286000 300.306 -17747.9 -4.99989
287000 299.261 -17740.8 -31.4982
288000 301.185 -17745 -31.7231
289000 300.39 -17750.7 38.1665
290000 300.955 -17671.5 32.0806
291000 300.303 -17715.9 -17.7838
292000 301.163 -17667.7 -12.2923
293000 298.868 -17782.2 10.0433
294000 299.842 -17678.8 46.2558
295000 298.454 -17707.1 -12.8733
296000 299.607 -17722.8 27.7521
297000 298.676 -17718.8 -21.1105
298000 299.745 -17674.8 8.10431
299000 300.711 -17687.6 -3.05561
300000 299.535 -17707.4 -18.3616
301000 298.409 -17749.9 14.9994
302000 300.002 -17694.9 21.7941
303000 299.745 -17698.7 -21.7869
304000 298.197 -17784.1 -11.7273
305000 299.595 -17714.2 13.5379
306000 299.801 -17741.9 30.8586
307000 299.643 -17726.6 -14.9562
308000 299.911 -17713.9 -6.64
309000 299.425 -17681.4 -19.9784
310000 300.792 -17678.2 20.0595
311000 300.367 -17670.8 -14.7461
312000 302.302 -17655.4 13.4743
313000 299.202 -17711.7 29.8661
314000 297.807 -17734.2 -8.37851
315000 299.835 -17679.2 0.73503
316000 299.44 -17674.6 22.8044
317000 300.149 -17685.5 5.99185
318000 301.461 -17663.9 -14.899
319000 299.404 -17652.2 7.87802
320000 299.003 -17662.7 -13.6849
321000 301.497 -17703.7 3.38126
322000 300.361 -17697.1 23.9725
323000 300.771 -17718.4 12.2936
324000 298.681 -17727.8 19.164
325000 300.349 -17774.1 15.71
326000 299.001 -17679.8 -2.83322
327000 299.85 -17706.5 4.59047
328000 299.117 -17681.2 -20.845
329000 299.937 -17695.4 45.3593
330000 299.414 -17709.5 -27.566
331000 298.499 -17717 -21.1976
332000 299.781 -17695.9 -4.53478
333000 300.909 -17670.4 -7.58218
334000 300.735 -17604 34.0439
335000 299.998 -17653.1 -3.78452
336000 301.292 -17665.3 4.85213
337000 299.442 -17692.5 10.6033
338000 298.578 -17695.1 16.2374
339000 300.401 -17712.9 -4.79331
340000 302.086 -17672 -9.35304
341000 298.871 -17737.8 -4.04814
342000 298.545 -17700.5 22.3072
343000 301.504 -17625.1 16.216
344000 300.315 -17625.2 0.187543
345000 299.721 -17639.9 -4.92053
346000 299.727 -17671.1 31.6229
347000 301.083 -17670 -11.9971
348000 299.945 -17693.3 10.1136
349000 302.102 -17684.9 3.41944
350000 299.451 -17746 -12.8865
351000 300.545 -17718.4 9.55976
352000 298.676 -17712.7 9.23838
353000 299.927 -17680.4 -6.0685
354000 300.066 -17685.7 -11.0275
355000 299.759 -17701.2 7.96016
356000 299.902 -17683.5 -5.55561
357000 298.286 -17677.7 25.9062
358000 302.327 -17648 1.46477
359000 300.332 -17747.6 -14.1672
360000 300.854 -17752.4 14.7008
361000 301.045 -17732.1 27.8239
362000 299.324 -17705.8 13.2586
363000 299.166 -17666 -33.0285
364000 299.227 -17673 -27.4177
365000 299.316 -17666.5 17.33
366000 299.256 -17727.5 17.4643
367000 299.566 -17741.4 0.183684
368000 299.519 -17706.9 -3.31555
369000 300.415 -17678.1 -30.5264
370000 299.072 -17701.3 44.0519
371000 301.303 -17628.3 17.0396
372000 299.637 -17665.1 -5.4714
373000 300.203 -17639.4 -20.9286
374000 299.268 -17656.8 1.6027
375000 301.147 -17620.7 23.2797
376000 299.415 -17653.3 -18.3781
377000 298.273 -17703.9 3.63726
378000 300.886 -17620.5 -3.24411
379000 300.992 -17597.6 36.7057
380000 300.183 -17647 -23.0682
381000 300.42 -17676.5 -33.0594
382000 300.265 -17684.2 -0.744912
383000 299.98 -17742.7 44.0885
384000 298.752 -17730.5 8.91964
385000 301.247 -17663 -18.4956
386000 299.951 -17715.3 -20.7757
387000 299.88 -17692 12.3476
388000 299.952 -17713.5 10.2455
389000 299.084 -17729.1 -10.1089
390000 300.322 -17656.6 -9.07425
391000 300.473 -17725.9 6.34826
392000 298.981 -17678.5 26.6561
393000 300.707 -17659.4 -2.19572
394000 300.824 -17682.6 -10.4415
395000 300.209 -17655.4 17.21
396000 299.306 -17691.4 -17.4799
397000 298.204 -17653.3 4.49594
398000 300.459 -17693.4 24.6748
399000 298.807 -17695.4 6.49408
400000 301.209 -17644.7 -31.1452
401000 298.861 -17678.9 5.89625
402000 299.988 -17656.3 1.78499
403000 299.126 -17719.3 -9.99827
404000 299.486 -17689.9 15.5294
405000 300.334 -17645.4 -20.5074
406000 300.145 -17621.1 -21.3501
407000 300.196 -17684.3 21.1472
408000 299.487 -17611.2 30.631
409000 300.957 -17639.6 -15.1434
410000 299.47 -17672 -19.4003
411000 300.286 -17653.5 -4.13336
412000 300.984 -17635.1 26.7719
413000 300.571 -17699 7.11132
414000 300.418 -17697 -2.31691
415000 300.293 -17695 -2.01426
416000 300.259 -17675.6 -15.2028
417000 299.154 -17630.6 25.781
418000 300.496 -17637.4 -11.4286
419000 299.693 -17680 3.21661
420000 300.502 -17666.7 7.03011
421000 301.342 -17677.7 0.159156
422000 299.858 -17741.2 -11.3479
423000 299.307 -17708.2 20.3883
424000 301 -17626.2 -19.776
425000 300.697 -17660.4 4.39194
426000 299.258 -17636.5 -21.1697
427000 298.243 -17676.2 -14.8108
428000 300.42 -17689.4 10.9419
429000 298.153 -17674.6 12.5293
430000 300.391 -17648.6 -1.85157
431000 300.678 -17621.7 -14.4246
432000 300.526 -17642.1 -2.8626
433000 300.068 -17681.5 4.20256
434000 301.365 -17698.8 -15.7809
435000 299.834 -17642.7 26.2994
436000 301.822 -17672.8 -22.0588
437000 301.053 -17662.7 -18.2927
438000 300.485 -17599.4 7.54545
439000 299.686 -17642.4 6.54695
440000 299.742 -17707.8 21.2112
441000 301.883 -17601.8 7.52017
442000 299.805 -17690.1 -35.0927
443000 300.065 -17646.3 1.80116
444000 299.732 -17654.6 41.9618
445000 299.823 -17659.5 -11.79
446000 300.527 -17652.5 21.6242
447000 300.525 -17642.7 -4.57276
448000 300.847 -17641.5 2.12886
449000 300.572 -17657.1 -25.7053
450000 299.746 -17692.5 -8.31917
451000 299.925 -17667.4 20.9204
452000 299.868 -17711.3 -3.00924
453000 298.623 -17690.3 14.3798
454000 298.988 -17701.9 7.48227
455000 300.494 -17659.8 0.519378
456000 299.454 -17663.6 -10.1148
457000 300.852 -17610.7 -8.56909
458000 299.729 -17647.1 1.28695
459000 301.877 -17592.9 9.265
460000 300.44 -17623.1 12.9268
461000 299.559 -17679.5 1.88611
462000 300.42 -17681.9 -6.20536
463000 299.223 -17619 11.9144
464000 300.149 -17638 27.5697
465000 298.782 -17640.3 5.09289
466000 301.122 -17603 -28.1137
467000 300.589 -17587.3 7.82373
468000 300.262 -17624.2 7.87808
469000 299.4 -17680.5 3.32916
470000 298.259 -17720.3 -12.5857
471000 299.394 -17651.8 0.659451
472000 299.768 -17707.9 -6.68665
473000 299.887 -17695.5 -6.1367
474000 301.601 -17693.8 6.58272
475000 299.696 -17706.9 29.4224
476000 300.803 -17660.7 -18.3887
477000 300.241 -17646.4 -19.3262
478000 299.731 -17663.2 24.6102
479000 301.567 -17663 -26.6734
480000 300.327 -17663.6 10.5765
481000 299.962 -17718.1 -0.722927
482000 298.678 -17712.4 -1.69341
483000 300.197 -17694.6 -8.42897
484000 301.423 -17706.4 -4.71647
485000 299.438 -17737.3 10.3968
486000 298.828 -17743.1 40.5798
487000 300.488 -17716.5 -12.3267
488000 299.688 -17736.2 4.16696
489000 298.448 -17694 14.5442
490000 298.934 -17637.9 -30.7707
491000 300.736 -17698.7 31.6184
492000 299.189 -17660.2 7.29653
493000 299.799 -17643.8 -17.4002
494000 298.448 -17660 -6.61036
495000 300.786 -17660 -5.73054
496000 300.375 -17692.8 29.974
497000 300.941 -17674.5 35.3379
498000 299.435 -17716 -4.49352
499000 299.772 -17701.8 -17.1229
500000 298.431 -17710.6 28.4737
501000 299.974 -17641.6 24.1928
502000 300.223 -17631 -18.3211
503000 299.653 -17689.2 -12.6416
504000 300.623 -17648.9 5.27843
505000 300.595 -17604 19.1616
506000 300.53 -17657.7 14.4529
507000 300.6 -17716.1 2.35026
508000 300.478 -17683.2 2.98473
509000 299.057 -17733.5 -32.5552
510000 301.241 -17604.9 22.2978
511000 300.306 -17585.4 33.395
512000 302.114 -17639.3 -22.8315
513000 299.567 -17656.7 6.0188
514000 300.901 -17647.4 -26.154
515000 300.326 -17678.2 10.8845
516000 298.557 -17684.8 0.128876
517000 300.366 -17666.7 14.7153
518000 298.625 -17637.1 18.6726
519000 298.169 -17656.3 -23.5446
520000 299.929 -17620.7 11.4678
521000 298.517 -17650.7 35.1589
522000 299.762 -17655.1 -23.967
523000 301.015 -17617.2 17.8231
524000 298.628 -17666.7 28.2691
525000 299.338 -17654.2 -7.42218
526000 299.172 -17688 1.28512
527000 300.653 -17636.2 -14.3481
528000 299.171 -17678.2 -3.86452
529000 300.21 -17663.1 14.7902
530000 300.438 -17640.3 1.99653
531000 300.253 -17666.8 2.03598
532000 299.949 -17652.9 26.2766
533000 300.92 -17610.6 -6.14542
534000 299.835 -17599.8 -3.141
535000 299.172 -17628.2 18.5823
536000 300.431 -17672.1 17.4831
537000 300.213 -17630.9 -4.44704
538000 301.306 -17654.7 1.47622
539000 299.853 -17695.5 -8.49123
540000 297.883 -17734.8 -4.12834
541000 300.034 -17639.4 4.91404
542000 299.528 -17652.2 -23.3133
543000 299.336 -17686.9 18.9897
544000 299.759 -17650.3 17.3669
545000 300.186 -17711.9 2.78086
546000 299.891 -17658.7 4.18743
547000 299.26 -17681 17.4314
548000 299.946 -17672.2 -7.50539
549000 301.97 -17606.6 3.60663
550000 299.362 -17699.3 -14.2799
551000 301.055 -17626.2 1.80296
552000 301.157 -17612.2 16.5902
553000 299.969 -17634 -5.58771
554000 301.107 -17615.5 -5.49888
555000 301.191 -17631.6 14.4448
556000 299.298 -17692.8 7.37113
557000 299.774 -17689.1 3.50292
558000 299.168 -17764.9 1.97714
559000 299.766 -17738.2 19.5492
560000 299.656 -17707.7 -9.98352
561000 300.545 -17664.1 1.87569
562000 300.754 -17718.8 4.93225
563000 300.28 -17665.8 4.09955
564000 298.215 -17665 -9.18302
565000 299.905 -17633.2 37.5229
566000 299.766 -17601.1 -7.4384
567000 300.048 -17597.6 -9.09029
568000 300.785 -17616.2 -8.10562
569000 301.213 -17647.2 -2.84792
570000 299.113 -17701.6 12.3959
571000 298.869 -17689.7 24.7613
572000 299.222 -17733.7 3.63999
573000 299.384 -17685.9 -12.7737
574000 298.99 -17712.9 5.23929
575000 299.021 -17660.7 17.0876
576000 300.055 -17610 10.6895
577000 300.514 -17615.4 1.7627
578000 299.594 -17603.8 23.706
579000 300.268 -17528.1 -12.7236
580000 300.01 -17589.5 -24.9227
581000 301.698 -17617.2 29.3639
582000 301.284 -17601.4 -2.31076
583000 300.754 -17622.3 9.4358
584000 300.61 -17633.2 -54.4648
585000 299.918 -17570.2 12.1542
586000 298.972 -17623.1 19.5778
587000 299.8 -17631.3 16.1239
588000 300.777 -17649.7 -24.4442
589000 299.682 -17681.8 24.2477
590000 299.626 -17660.4 -12.3028
591000 300.61 -17635.6 22.1831
592000 301.039 -17617.4 12.4533
593000 298.236 -17635.8 19.9579
594000 300.509 -17640.7 -29.5435
595000 300.383 -17660.3 -7.03024
596000 298.949 -17664.7 -13.8956
597000 300.726 -17597.7 19.7153
598000 300.024 -17608.5 14.3391
599000 299.927 -17627.1 -19.833
600000 299.946 -17606.9 -16.6312
601000 300.176 -17651.1 -33.6887
602000 300.369 -17678.2 30.1075
603000 299.942 -17706.5 -4.65133
604000 299.775 -17683.6 -2.94758
605000 299.248 -17651.5 -5.51765
606000 301.744 -17620.7 -6.8319
607000 299.945 -17674.7 37.6765
608000 298.442 -17659.3 3.94978
609000 300.033 -17630.7 5.8484
610000 299.438 -17659 -20.4927
611000 300.668 -17666.3 23.4386
612000 299.411 -17672.6 -3.00047
613000 300.652 -17666.6 12.3347
614000 300.001 -17612 0.514599
615000 301.71 -17594.1 -0.397258
616000 299.26 -17660.1 4.28956
617000 299.758 -17652.6 -29.1585
618000 298.24 -17658.3 9.9709
619000 300.82 -17600.6 -0.799432
620000 299.606 -17640.7 2.89009
621000 298.404 -17725.5 10.5944
622000 299.061 -17739.3 17.1855
623000 300.323 -17661.5 -9.2761
624000 300.258 -17679.1 11.1046
625000 300.323 -17675.7 -22.7654
626000 299.985 -17651.2 19.3721
627000 299.936 -17632.1 -15.091
628000 299.141 -17619.1 -19.1307
629000 300.268 -17634.8 -11.8592
630000 297.012 -17683.1 25.6307
631000 298.24 -17660.4 18.52
632000 301.101 -17671.2 -9.71363
633000 299.177 -17699.4 -31.4245
634000 300.738 -17643.9 -7.89606
635000 300.559 -17609 6.084
636000 299.516 -17608.1 46.7837
637000 300.866 -17668.3 15.6673
638000 298.548 -17688.9 -15.5399
639000 299.685 -17705.6 -9.52547
640000 300.813 -17680.5 10.7473
641000 300.959 -17650 21.6342
642000 299.833 -17686.7 -5.45164
643000 298.238 -17710.5 1.44924
644000 298.609 -17716.7 23.7804
645000 299.958 -17724.6 16.2304
646000 299.018 -17685.7 -8.1364
647000 299.836 -17647.1 3.18846
648000 300.348 -17686.1 8.91112
649000 298.513 -17775.1 -1.94194
650000 298.361 -17759.9 4.63147
651000 299.909 -17721.2 -16.9898
652000 299.171 -17677.9 3.7793
653000 300.022 -17704.9 19.118
654000 299.982 -17685.3 3.9782
655000 299.761 -17750.2 -22.5747
656000 299.478 -17742.8 6.42263
657000 300.389 -17676.7 22.552
658000 301.404 -17680.8 -37.2134
659000 298.621 -17749.6 -21.1526
660000 299.078 -17722.2 -27.5344
661000 299.592 -17694.6 41.7968
662000 300.036 -17706.1 3.73641
663000 297.652 -17721 -38.3103
664000 300.913 -17726.4 -8.3255
665000 299.571 -17733.2 24.7661
666000 301.308 -17645.8 20.4525
667000 299.401 -17643.1 -17.0854
668000 299.137 -17723.1 -19.8037
669000 299.342 -17753.6 13.5408
670000 300.109 -17753.1 -1.22746
671000 301.199 -17712.5 34.1997
672000 300.579 -17688 18.4959
673000 299.693 -17716.3 -23.8999
674000 301.69 -17678.8 -1.43365
675000 300.265 -17678.3 -9.75423
676000 301.298 -17645 -10.8936
677000 298.537 -17671.6 14.2799
678000 300.591 -17578.7 -3.43347
679000 300.311 -17622.6 -6.09266
680000 300.746 -17701.1 15.6383
681000 300.961 -17708 15.3577
682000 299.126 -17742.1 -21.3062
683000 300.094 -17764.1 8.44148
684000 299.619 -17752.6 15.2599
685000 300.395 -17700.1 -15.4459
686000 300.379 -17692.5 9.49572
687000 300.574 -17704.3 13.092
688000 299.913 -17748.6 -24.6933
689000 298.158 -17772.6 -14.2133
690000 299.744 -17685 -0.629735
691000 299.489 -17700.8 19.5595
692000 299.402 -17741.1 -19.023
693000 300.253 -17737.6 -13.6128
694000 299.631 -17775.3 -5.78251
695000 300.239 -17744.5 -14.752
696000 299.834 -17755.6 13.7386
697000 299.997 -17710.9 -15.6135
698000 299.33 -17732.9 9.3129
699000 300.404 -17735 -17.4722
700000 300.945 -17673 5.10738
701000 299.429 -17722.3 7.14013
702000 300.644 -17692.3 38.4338
703000 299.723 -17701.2 18.4585
704000 299.468 -17709.7 -7.92902
705000 298.916 -17695.8 -2.27683
706000 300.511 -17693.3 -11.032
707000 300.096 -17709.2 4.40254
708000 299.466 -17672.4 -1.53904
709000 300.087 -17656.2 -27.5266
710000 299.753 -17664.2 8.75628
711000 300.685 -17686.1 23.3287
712000 300.551 -17751.1 -41.697
713000 298.804 -17822.8 -5.67715
714000 300.496 -17729.9 36.4994
715000 300.229 -17757.6 25.5561
716000 299.817 -17684.9 -8.16076
717000 300.777 -17710.7 5.23744
718000 299.535 -17701 -0.610459
719000 298.956 -17727.3 3.72076
720000 300.888 -17685.2 6.28655
721000 300.612 -17765.6 17.0227
722000 300.178 -17744.7 -37.0359
723000 300.513 -17693.5 -20.648
724000 299.31 -17757.7 12.978
725000 299.845 -17703.8 39.7599
726000 300.667 -17696.1 10.8307
727000 301.354 -17744.4 -28.6116
728000 298.352 -17726.5 -2.86823
729000 299.834 -17752.9 14.9888
730000 299.754 -17765.2 -27.9206
731000 298.76 -17729.2 14.5583
732000 300.812 -17700.5 7.79053
733000 299.778 -17709.5 -11.3726
734000 300.525 -17706.8 24.6329
735000 300.769 -17721.5 4.55918
736000 300.596 -17640.1 -10.3672
737000 300.531 -17629.9 -16.1745
738000 298.931 -17690.4 3.89732
739000 299.903 -17722.2 19.2092
740000 300.37 -17662.7 2.61644
741000 301.414 -17606.6 10.5445
742000 300.009 -17724.2 -12.4407
743000 299.693 -17739.2 -10.3845
744000 299.245 -17704.7 18.1955
745000 299.285 -17741.1 -4.29384
746000 300.576 -17731.7 0.852032
747000 299.959 -17760.1 16.1815
748000 298.725 -17705.3 12.9601
749000 299.063 -17771.7 -11.2551
750000 298.316 -17746.8 10.2581
751000 300.238 -17697 -10.4643
752000 300.488 -17743 19.8153
753000 300.709 -17718.9 -17.2575
754000 300.654 -17743 30.3154
755000 298.838 -17731.8 -46.0539
756000 300.183 -17736.6 -6.79385
757000 300.009 -17789.1 -14.753
758000 300.02 -17699.4 20.5364
759000 300.626 -17680.9 0.802908
760000 301.537 -17657.8 -12.8636
761000 300.261 -17618.8 -11.5605
762000 300.66 -17652.7 9.23627
763000 300.324 -17691.7 18.5127
764000 299.906 -17665.3 -16.1208
765000 301.154 -17711.9 -10.9205
766000 301.056 -17723.9 23.6194
767000 300.475 -17736.2 20.4481
768000 299.652 -17765 -7.3199
769000 300.502 -17744.1 3.65113
770000 299.8 -17732 6.44039
771000 299.28 -17717.3 -28.1759
772000 299.354 -17724.7 -3.90391
773000 298.816 -17672.8 24.8285
774000 300.303 -17691.5 7.99844
775000 300.199 -17720.5 -12.8719
776000 301.212 -17673.8 13.6204
777000 300.103 -17706.8 -3.01391
778000 299.523 -17666.9 -10.5805
779000 301.989 -17629.5 -23.6418
780000 300.291 -17653.1 20.184
781000 299.749 -17680 -5.35983
782000 300.732 -17636.7 10.8262
783000 299.472 -17726.9 0.17578
784000 299.558 -17707.6 11.1349
785000 298.861 -17701.6 20.5046
786000 299.731 -17692 -17.0132
787000 300.377 -17709.8 -11.0274
788000 300.29 -17675.4 -35.053
789000 300.567 -17662.2 31.5681
790000 299.725 -17679.4 -11.0951
791000 299.88 -17620.2 -21.1301
792000 299.981 -17674 -33.2969
793000 297.427 -17707.7 25.6788
794000 299.601 -17591.3 -15.7229
795000 299.01 -17614.1 -19.8188
796000 299.44 -17625.4 -32.7804
797000 299.739 -17625.6 35.9405
798000 301.549 -17606.1 41.394
799000 300.818 -17604 -6.68392
800000 299.738 -17650.3 2.79681
801000 299.17 -17697.1 -8.21815
802000 299.214 -17666.7 -16.9263
803000 299.539 -17571 23.3604
804000 300.678 -17607.2 21.2474
805000 299.611 -17647.2 -6.18947
806000 300.032 -17675.4 -54.4443
807000 300.462 -17628.6 38.167
808000 300.642 -17643.7 8.50566
809000 300.093 -17622.1 15.4822
810000 301.791 -17589.1 -24.2658
811000 299.236 -17617.7 -11.1735
812000 300.289 -17600.6 8.66615
813000 299.333 -17663.8 8.12377
814000 301.264 -17623.5 19.0333
815000 300.6 -17650.1 -11.4006
816000 299.185 -17623.6 9.55107
817000 299.574 -17624.4 7.66235
818000 299.665 -17633.9 -22.5816
819000 299.109 -17609.7 2.06485
820000 301.603 -17615.7 -8.98555
821000 299.545 -17647.7 7.22865
822000 300.131 -17668 -14.4319
823000 302.056 -17589.9 -12.2363
824000 301.637 -17581.7 8.18922
825000 300.671 -17620.6 17.7664
826000 299.494 -17645 -11.8331
827000 299.273 -17664.3 6.20607
828000 299.309 -17610.2 -38.4918
829000 299.052 -17570.8 0.586091
830000 301.445 -17559.1 45.8947
831000 300.426 -17609.8 -0.0387564
832000 300.148 -17599.1 -20.626
833000 299.887 -17638.6 -35.7364
834000 301.369 -17621.6 46.2971
835000 298.992 -17604.4 -1.98694
836000 297.992 -17657.4 4.74164
837000 300.559 -17662.7 17.8107
838000 299.074 -17671 -4.26803
839000 299.385 -17628.8 14.807
840000 299.31 -17660.2 22.4847
841000 301.707 -17694.3 -23.6407
842000 299.817 -17732.7 -11.3547
843000 300.664 -17622 19.4923
844000 300.436 -17614.7 -2.0653
845000 299.416 -17658.1 16.6525
846000 301.039 -17615.6 -17.5193
847000 300.431 -17683.8 -17.687
848000 300.926 -17673.6 -16.1983
849000 300.432 -17668 10.6958
850000 299.129 -17651.4 10.6935
851000 301.375 -17601 -14.2114
852000 302 -17641.1 -21.2085
853000 300.459 -17608.9 -20.9055
854000 300.773 -17639.7 10.1414
855000 299.496 -17661.1 27.1849
856000 299.416 -17629.6 11.2936
857000 300.538 -17668.2 -16.0524
858000 299.591 -17653.9 -5.90427
859000 300.405 -17732.3 -7.82589
860000 300.504 -17680.9 9.14207
861000 300.06 -17686.5 3.16666
862000 299.644 -17695.7 -12.1581
863000 299.681 -17695.9 -29.3335
864000 301.893 -17716 -6.10127
865000 299.36 -17697.9 60.7761
866000 298.561 -17682.6 -17.1596
867000 300.116 -17639.6 -1.49395
868000 300.077 -17699 -0.898865
869000 299.876 -17642.6 22.9184
870000 300.119 -17662.8 16.2608
871000 298.935 -17715.3 -26.758
872000 299.816 -17686.4 -18.8201
873000 300.211 -17689.8 19.3145
874000 298.274 -17687.1 3.88549
875000 299.731 -17679.9 1.51453
876000 300.524 -17657.9 -21.1884
877000 299.409 -17677.9 11.061
878000 300.187 -17718.6 -17.9023
879000 299.057 -17765.8 14.6938
880000 300.497 -17738.7 21.1738
881000 300.761 -17685.3 -32.4043
882000 297.65 -17725.5 -3.0058
883000 299.808 -17722 8.71962
884000 300.277 -17688 -1.7467
885000 299.423 -17690.4 14.8686
886000 299.955 -17702.4 -20.1925
887000 300.578 -17632.7 -17.2554
888000 300.702 -17684 29.8018
889000 299.881 -17720.7 10.3754
890000 299.359 -17716.5 8.81849
891000 298.71 -17721.5 -10.9422
892000 298.89 -17713.4 11.1484
893000 299.211 -17688.4 3.1964
894000 299.124 -17689.4 -2.97034
895000 300.386 -17707.3 -18.293
896000 300.353 -17723.9 33.4013
897000 299.523 -17747.9 9.85175
898000 299.572 -17730.6 -16.5537
899000 300.646 -17678.4 11.8074
900000 298.84 -17732.5 -14.4992
901000 299.785 -17704.2 19.2184
902000 299.448 -17689.7 -17.1725
903000 299.626 -17704.1 -6.14417
904000 301.258 -17685.1 5.16514
905000 301.089 -17707 33.1001
906000 300.663 -17633.5 25.4681
907000 301.029 -17607.4 -8.68055
908000 299.953 -17674.6 -61.9348
909000 299.443 -17673.5 32.2921
910000 300.8 -17694 -2.9071
911000 300.967 -17642.4 6.67946
912000 298.248 -17696.8 11.5088
913000 298.638 -17710 -9.53606
914000 299.513 -17698.9 -6.92891
915000 302.66 -17678 32.0385
916000 300.285 -17734.7 -14.1906
917000 299.274 -17721.1 8.22333
918000 300.263 -17720.3 -27.8463
919000 300.071 -17723 -22.2864
920000 299.124 -17688.7 37.5523
921000 301.267 -17702 -9.33475
922000 298.879 -17693.5 -0.609347
923000 300.671 -17641.9 -6.12568
924000 298.677 -17706.4 4.85939
925000 299.072 -17696.9 -5.2174
926000 301.181 -17643.8 -5.75124
927000 301.041 -17693.5 22.9322
928000 299.006 -17699.8 14.7514
929000 299.941 -17742.2 15.9647
930000 301.092 -17712 -24.1346
931000 300.393 -17717.2 -13.2617
932000 300.204 -17690.7 8.83997
933000 301.085 -17682.4 7.26136
934000 297.979 -17744.6 0.125503
935000 299.79 -17723.9 8.63657
936000 299.314 -17654.2 7.74765
937000 299.569 -17707.3 8.39827
938000 299.297 -17720.5 15.6227
939000 298.968 -17785 10.8447
940000 300.508 -17766.2 -4.9869
941000 299.716 -17725.8 -24.734
942000 299.618 -17700.7 -12.1928
943000 298.526 -17779.2 11.2211
944000 301.151 -17701.6 20.9164
945000 300.993 -17725.3 -33.895
946000 301.315 -17672 -7.842
947000 300.141 -17755.8 23.2472
948000 301.706 -17749.4 11.4598
949000 300.358 -17716.1 -14.683
950000 300.46 -17699.2 5.68589
951000 299.962 -17700 14.7888
952000 298.971 -17811.2 -12.1947
953000 299.297 -17784.3 -23.2289
954000 299.516 -17764.8 23.0617
955000 299.491 -17808.5 27.361
956000 300.586 -17780.8 -11.1838
957000 300.605 -17736.6 -1.19879
958000 300.614 -17745.4 15.248
959000 298.356 -17823.8 0.534014
960000 300.387 -17785.3 -6.31048
961000 300.004 -17747.6 5.78183
962000 300.663 -17734.9 -3.63934
963000 300.592 -17746.4 -16.2086
964000 301.494 -17719.5 13.8747
965000 300.958 -17708.9 2.89361
966000 301.08 -17698.4 -25.5708
967000 298.456 -17724.3 13.5042
968000 300.044 -17707.9 13.2082
969000 300.356 -17701.6 -4.42756
970000 300.167 -17678.8 4.42798
971000 299.872 -17699.8 -5.21219
972000 300.062 -17720.5 12.6783
973000 301.167 -17679.9 10.0555
974000 299.661 -17736.7 1.01191
975000 299.357 -17744.6 13.3794
976000 300.693 -17735.5 3.67119
977000 299.636 -17795.9 10.8031
978000 300.078 -17852.8 21.9085
979000 299.305 -17805.1 5.6087
980000 301.394 -17738.8 -5.29111
981000 299.232 -17770.2 9.86831
982000 300.01 -17739.1 26.7803
983000 299.218 -17717.3 5.53782
984000 300.075 -17714.9 -47.6118
985000 299.372 -17730.2 10.2394
986000 300.448 -17745.7 24.413
987000 300.904 -17736.5 48.0255
988000 299.767 -17763.3 -28.6187
989000 299.268 -17751.4 -22.7916
990000 300.365 -17763 20.1883
991000 300.646 -17738.6 -5.18516
992000 298.938 -17802.4 -13.5866
993000 300.833 -17703.5 0.0921125
994000 300.508 -17757.4 6.3699
995000 301.147 -17756.5 -23.687
996000 299.746 -17792.2 12.2803
997000 298.987 -17840.2 47.7204
998000 300.426 -17829 16.0119
999000 299.498 -17843.6 -28.4156
1000000 300.753 -17803.9 -2.98328
1001000 299.418 -17765.8 -0.291148
1002000 298.771 -17758 19.805
1003000 300.717 -17756.1 1.71431
1004000 301.022 -17742.6 -25.0324
1005000 300.611 -17762.3 6.75587
1006000 300.386 -17767.2 16.4229
1007000 299.581 -17796.1 21.3267
1008000 300.849 -17702.6 -23.8235
1009000 300.563 -17714.3 -0.796058
1010000 300.645 -17735.3 -10.0595
1011000 301.837 -17745.5 -7.66168
1012000 300.19 -17776.4 19.791
1013000 299.882 -17761.3 -11.9437
1014000 299.897 -17770.7 26.8746
1015000 298.885 -17785.4 0.466636
1016000 300.267 -17739.7 14.8226
1017000 300.2 -17731.5 5.67079
1018000 300.435 -17703.5 6.90032
1019000 299.763 -17724.8 -13.1867
1020000 299.112 -17843.4 23.9149
1021000 300.136 -17815.2 -8.49884
1022000 299.487 -17822.1 -11.21
1023000 302.556 -17765 -0.0528585
1024000 299.957 -17797.6 24.2119
1025000 301.938 -17736.3 -0.182881
1026000 300.247 -17788.9 7.15895
1027000 299.329 -17762.1 -2.72974
1028000 299.054 -17786.5 -13.7986
1029000 300.043 -17790.9 -14.9755
1030000 300.989 -17713.6 8.26095
1031000 299.297 -17773 7.22795
1032000 300.894 -17769.2 18.0317
1033000 300.4 -17783.1 -27.5914
1034000 300.264 -17736.3 -33.7178
1035000 299.652 -17742.7 47.1302
1036000 301.027 -17697.9 36.9017
1037000 299.735 -17725.1 -28.6457
1038000 300.408 -17745.6 15.8809
1039000 302.017 -17730.7 14.2896
1040000 300.175 -17816.3 -33.1722
1041000 299.901 -17831.4 -16.8762
1042000 298.767 -17771.7 -15.6848
1043000 299.525 -17707.1 -4.69809
1044000 300.427 -17689.6 -32.6276
1045000 301.226 -17702.9 50.6385
1046000 299.126 -17811 14.5759
1047000 300.559 -17780.4 -16.3964
1048000 299.91 -17777.9 -8.15136
1049000 299.809 -17801.9 -20.219
1050000 299.384 -17761.2 24.3961
1051000 300.301 -17706.8 32.1614
1052000 298.056 -17762.1 15.4383
1053000 299.27 -17775.5 -8.72118
1054000 299.088 -17763.3 -0.362537
1055000 299.929 -17703.5 35.6714
1056000 300.302 -17729.6 -22.1285
1057000 298.688 -17762.4 13.4561
1058000 299.697 -17722.2 -9.26313
1059000 300.379 -17682.9 8.2172
1060000 299.594 -17740.3 26.2552
1061000 299.913 -17741.3 -2.3538
1062000 300.213 -17745.9 5.74708
1063000 300.722 -17688.3 -26.7019
1064000 299.717 -17725.5 1.53756
1065000 299.704 -17744.7 28.5456
1066000 300.931 -17715 -11.0257
1067000 298.092 -17761.7 3.72609
1068000 298.965 -17753.2 3.94349
1069000 300.453 -17725.2 -6.93809
1070000 299.677 -17739.6 -0.837692
1071000 300.112 -17776.6 22.9084
1072000 300.74 -17787 -16.5465
1073000 299.604 -17731.2 7.26124
1074000 299.826 -17724.8 7.67851
1075000 298.841 -17701.7 3.95237
1076000 298.642 -17763.1 -25.6168
1077000 299.84 -17807.9 -7.33413
1078000 299.761 -17768.7 -14.297
1079000 300.603 -17759 3.6544
1080000 299.894 -17727.5 15.1235
1081000 300.117 -17728.2 -3.33011
1082000 298.517 -17663.4 -4.32834
1083000 300.728 -17690.8 -0.957989
1084000 300.18 -17705.4 13.6496
1085000 299.095 -17770.4 20.8029
1086000 299.967 -17748.4 12.0246
1087000 298.454 -17793.2 -3.57068
1088000 299.669 -17800.2 0.127186
1089000 300.448 -17799.1 16.6518
1090000 300.269 -17714.1 12.6121
1091000 299.793 -17783.4 -12.9095
1092000 300.664 -17739.7 -15.4103
1093000 301.426 -17714.7 12.1574
1094000 300.816 -17734.3 -18.9042
1095000 299.759 -17734.5 48.2576
1096000 302.041 -17722.4 -34.1181
1097000 301.026 -17728.6 -44.2121
1098000 299.584 -17760.2 15.6032
1099000 300.25 -17768.2 1.74616
1100000 301.272 -17703.3 -20.2613
1101000 302.222 -17723.1 -29.0293
1102000 299.971 -17748.9 -17.0237
1103000 298.787 -17719.6 20.6918
1104000 300.795 -17691.1 -0.233325
1105000 301.085 -17714 -24.1694
1106000 299.096 -17766.3 -7.61893
1107000 299.168 -17720.1 19.1017
1108000 301.037 -17727 -14.0329
1109000 300.892 -17757.6 21.2686
1110000 299.114 -17779.9 -28.3993
1111000 300.595 -17760.2 12.4068
1112000 298.25 -17832.7 -24.7788
1113000 299.637 -17770.1 8.39728
1114000 299.82 -17793.8 -4.19138
1115000 300.903 -17828.2 15.9874
1116000 298.986 -17867.2 5.97317
1117000 299.991 -17782.3 0.884217
1118000 299.981 -17790.4 -53.1061
1119000 301.711 -17786 13.0346
1120000 298.62 -17840.2 32.5437
1121000 301.239 -17739.5 -7.21149
1122000 300.747 -17720.8 -6.75395
1123000 298.077 -17779 2.53997
1124000 300.607 -17706.3 12.6122
1125000 299.96 -17716.8 -4.43107
1126000 299.565 -17761.5 3.84225
1127000 299.746 -17716.5 13.3845
1128000 300 -17735.1 -29.5904
1129000 299.536 -17716.5 -31.6504
1130000 301.704 -17682.2 21.6457
1131000 299.783 -17661.5 22.1427
1132000 301.382 -17712.2 -9.3714
1133000 298.69 -17771.8 24.2028
1134000 299.704 -17742.5 10.2585
1135000 302.029 -17698.7 -18.3645
1136000 299.515 -17721.6 10.1729
1137000 300.942 -17695.1 -35.7546
1138000 300.474 -17729.1 13.3758
1139000 300.014 -17706.3 -7.26702
1140000 299.771 -17702.6 -10.2454
1141000 300.886 -17744.8 -9.3196
1142000 298.5 -17762.2 9.65001
1143000 299.175 -17723.5 -1.97547
1144000 300.969 -17674 25.7505
1145000 301.083 -17707.8 -1.50641
1146000 301.265 -17689.6 6.00487
1147000 300.05 -17746.7 -2.99278
1148000 299.708 -17768.8 0.451222
1149000 299.87 -17732.6 -10.3279
1150000 300.462 -17696.1 -3.40396
1151000 300.187 -17733.1 5.18797
1152000 300.939 -17713.3 11.1589
1153000 299.629 -17721 -10.4379
1154000 298.646 -17733.1 -24.3843
1155000 300.603 -17742.8 10.4749
1156000 301.026 -17776.3 -26.0544
1157000 301.1 -17753.5 -4.06905
1158000 299.55 -17701.2 24.9956
1159000 299.537 -17722.4 16.1037
1160000 298.685 -17750.4 7.20107
1161000 300.45 -17713.6 -18.6966
1162000 300.204 -17694.1 -13.1479
1163000 301.991 -17639.9 21.3733
1164000 301.334 -17611.5 15.3026
1165000 298.996 -17726.1 -9.9642
1166000 299.639 -17697.7 17.6237
1167000 300.27 -17708.9 18.5128
1168000 298.903 -17657.4 41.7298
1169000 300.638 -17662.4 -5.6272
1170000 299.991 -17718.1 -0.0894162
1171000 299.283 -17741.2 13.976
1172000 298.848 -17794.1 -16.1945
1173000 298.773 -17753.8 15.4012
1174000 299.904 -17747.5 -17.0368
1175000 300.249 -17731.9 4.09805
1176000 300.085 -17749.8 -7.61746
1177000 298.189 -17780.8 38.4509
1178000 300.011 -17787.9 -3.68124
1179000 299.579 -17762.5 -42.2485
1180000 299.577 -17794.2 22.8522
1181000 299.488 -17754.7 12.8633
1182000 298.475 -17751 -0.322539
1183000 300.301 -17756.2 -1.86465
1184000 297.719 -17805.5 33.4266
1185000 300.783 -17751.2 -24.9031
1186000 299.548 -17684 10.511
1187000 298.469 -17690.8 35.2979
1188000 301.017 -17663.6 2.74754
1189000 299.168 -17636.7 -9.84348
1190000 300.189 -17684 -13.7722
1191000 300.527 -17682.8 25.8871
1192000 301.852 -17660.2 6.70335
1193000 300.883 -17745.8 13.5859
1194000 298.535 -17780.6 -14.7328
1195000 300.469 -17682.4 6.96272
1196000 299.579 -17688.5 24.7478
1197000 300.407 -17679.3 -1.0846
1198000 300.195 -17682 -26.5171
1199000 300.198 -17735.3 8.8277
1200000 298.962 -17719.9 14.3885
1201000 300.778 -17719.6 -7.85773
1202000 298.964 -17766.1 -20.1691
1203000 300.364 -17674.9 16.5063
1204000 299.901 -17712.5 -12.3509
1205000 300.578 -17682.1 3.65049
1206000 299.741 -17760.2 18.0095
1207000 301.999 -17711.7 -13.6919
1208000 300.183 -17713.9 13.3179
1209000 299.174 -17639.1 5.43716
1210000 299.372 -17646.1 6.33789
1211000 300.594 -17700.6 -25.5456
1212000 300.75 -17710.1 17.9114
1213000 300.786 -17684.4 16.4583
1214000 300.651 -17689.6 -18.5984
1215000 301.576 -17642.5 -12.9632
1216000 300.711 -17713.1 16.8977
1217000 300.059 -17765.1 -26.0732
1218000 299.977 -17702.2 27.1464
1219000 298.785 -17713.7 -12.5852
1220000 299.492 -17712.1 9.99276
1221000 299.756 -17752.7 20.2956
1222000 299.322 -17750.8 -18.0365
1223000 299.396 -17720.5 6.48735
1224000 300.079 -17661.4 14.845
1225000 300.724 -17640.6 -15.1936
1226000 300.466 -17657.7 -21.2616
1227000 301.425 -17689.6 9.71334
1228000 300.373 -17722.7 23.048
1229000 299.753 -17768.2 11.3732
1230000 298.977 -17702.2 -24.4981
1231000 301.436 -17663 -12.6985
1232000 301.382 -17717.5 -6.84414
1233000 300.204 -17696.8 5.28796
1234000 301.079 -17682.9 32.6346
1235000 300.191 -17730.3 -13.6622
1236000 300.084 -17705.5 -23.1093
1237000 301.119 -17683.9 1.64252
1238000 299.986 -17681.7 17.8517
1239000 299.153 -17693 4.9484
1240000 300.757 -17718 -13.6987
1241000 300.101 -17747 -42.1558
1242000 300.594 -17769.9 22.9431
1243000 300.165 -17731.7 43.2269
1244000 298.335 -17751.2 -33.8408
1245000 301.687 -17660.2 -19.7381
1246000 299.359 -17650 10.804
1247000 299.308 -17709.6 8.63359
1248000 300.733 -17703.5 7.16734
1249000 298.758 -17740.9 7.48644
1250000 298.944 -17754.4 -19.7969
1251000 299.517 -17752.2 -18.4024
1252000 298.705 -17754.8 13.9852
1253000 300.545 -17779.9 5.71294
1254000 300.101 -17712.4 -9.36425
1255000 300.013 -17759.6 -22.1307
1256000 301.583 -17706.3 2.93462
1257000 299.573 -17754.1 -10.624
1258000 301.038 -17733.1 -10.619
1259000 298.459 -17797 -0.260667
1260000 300.14 -17775.3 -2.15538
1261000 300.663 -17813.8 12.6185
1262000 300.054 -17710.4 -1.2651
1263000 301.218 -17708.8 -21.2039
1264000 299.346 -17684.5 0.305596
1265000 301.835 -17654.6 18.5286
1266000 299.215 -17723 5.04031
1267000 300.548 -17731.7 -35.9731
1268000 300.276 -17794.5 6.36406
1269000 298.885 -17803.2 7.14445
1270000 299.458 -17774.9 14.0171
1271000 300.424 -17721.2 -13.4378
1272000 300.859 -17670.1 20.9281
1273000 301.567 -17630.5 -3.80231
1274000 301.164 -17631.2 -25.3006
1275000 298.803 -17660.7 18.7038
1276000 301.011 -17719.9 1.74428
1277000 300.113 -17712.7 -5.18557
1278000 299.489 -17725.8 -24.4749
1279000 300.966 -17655.6 15.7637
1280000 298.86 -17663.1 27.6753
1281000 300.716 -17650.9 -17.4227
1282000 300.803 -17646.9 6.15148
1283000 300.838 -17651.2 16.3355
1284000 299.446 -17672.6 -22.6146
1285000 300.518 -17712.1 7.04924
1286000 298.167 -17718.2 -3.73141
1287000 299.604 -17661 1.73194
1288000 299.633 -17688.4 -4.87591
1289000 300.719 -17709.1 15.4983
1290000 299.926 -17690 -3.59916
1291000 299.518 -17598.4 -36.9388
1292000 298.496 -17643.1 8.05967
1293000 300.832 -17623.7 27.9359
1294000 301.564 -17689.9 16.2764
1295000 300.514 -17690.2 -26.5956
1296000 300.313 -17668.9 18.5344
1297000 299.097 -17704.4 -14.0097
1298000 299.807 -17641.1 -7.15948
1299000 299.202 -17637.6 10.9427
1300000 299.058 -17643.4 1.44124
1301000 301.063 -17638.4 8.58861
1302000 300.219 -17668.6 11.51
1303000 299.621 -17691.2 -0.367419
1304000 298.425 -17704.2 -29.9587
1305000 299.219 -17700.3 -24.5758
1306000 299.732 -17720.2 10.8589
1307000 299.639 -17660.3 -1.49795
1308000 297.813 -17667.6 6.44966
1309000 300.352 -17646.9 1.32603
1310000 300.091 -17665.6 -28.312
1311000 300.517 -17682.9 -5.75942
1312000 301.277 -17625.6 -24.5178
1313000 301.065 -17654.1 13.2932
1314000 300.145 -17654.2 -12.6479
1315000 300.046 -17692 25.4335
1316000 298.747 -17731.6 -8.22561
1317000 299.872 -17748.6 -14.8542
1318000 300.252 -17670.7 21.0276
1319000 300.466 -17701.9 -9.99453
1320000 300.172 -17681.6 -13.5398
1321000 298.565 -17744.9 7.22248
1322000 301.672 -17676.5 5.93985
1323000 301.441 -17685.2 -54.4993
1324000 299.883 -17644 -13.7865
1325000 302.024 -17624.4 52.047
1326000 300.502 -17706.5 -18.4673
1327000 300.032 -17728.7 -37.0007
1328000 299.126 -17690 53.4463
1329000 299.942 -17628.3 -12.1559
1330000 300.775 -17659.8 -5.14137
1331000 299.967 -17697.6 0.491157
1332000 299.284 -17666.6 1.00946
1333000 300.977 -17684.3 9.66484
1334000 301.286 -17710.5 -24.5533
1335000 297.884 -17706.6 -10.1873
1336000 299.841 -17721.3 3.28559
1337000 299.519 -17702.3 -13.5829
1338000 299.745 -17765.6 1.83467
1339000 299.828 -17763.1 -4.76751
1340000 301.424 -17674.1 34.8488
1341000 300.885 -17659.6 -18.5036
1342000 300.218 -17628.4 4.50423
1343000 298.673 -17678.4 40.9541
1344000 299.495 -17739.7 3.42935
1345000 298.95 -17776.6 16.7493
1346000 298.289 -17717.5 -14.7677
1347000 300.35 -17670.9 -18.1398
1348000 299.47 -17643.7 4.22321
1349000 299.071 -17681.9 -4.13125
1350000 299.218 -17669.8 22.1803
1351000 298.34 -17719.5 -4.49563
1352000 299.918 -17638.9 -24.7222
1353000 301.08 -17647.1 38.7581
1354000 300.102 -17650.9 21.8845
1355000 301.476 -17648.6 -22.3819
1356000 301.021 -17688.7 3.8151
1357000 301.54 -17681.6 1.79417
1358000 300.424 -17657 -9.76715
1359000 300.119 -17627.7 8.88233
1360000 299.984 -17692 10.3835
1361000 301.488 -17644.1 -10.0786
1362000 300.615 -17636.3 -28.3275
1363000 299.646 -17625.2 18.1087
1364000 299.534 -17645.5 3.70813
1365000 301.68 -17626.5 -7.18526
1366000 299.475 -17709.8 -3.34582
1367000 300.427 -17675.1 3.0688
1368000 300.387 -17672.1 -22.2887
1369000 301.732 -17633.6 32.4693
1370000 298.805 -17731.6 11.1655
1371000 298.691 -17717 -16.2646
1372000 300.496 -17646 19.1619
1373000 299.537 -17645.8 7.2177
1374000 301.081 -17648.3 3.2512
1375000 299.537 -17633.1 -28.459
1376000 300.978 -17634.2 25.3326
1377000 299.105 -17624.9 1.39779
1378000 299.891 -17660.6 7.51872
1379000 300.336 -17673.7 38.2642
1380000 299.175 -17696.7 19.181
1381000 300.852 -17687.4 -8.52516
1382000 299.91 -17686.8 -9.91175
1383000 299.47 -17706.3 -10.2945
1384000 297.899 -17701.7 43.4541
1385000 300.852 -17664.2 -26.6715
1386000 300.203 -17617.6 15.1799
1387000 301.453 -17599.2 -10.9518
1388000 299.096 -17648 8.63858
1389000 298.519 -17695.8 -9.88694
1390000 299.66 -17721.2 11.8775
1391000 300.055 -17694.5 22.3502
1392000 301.279 -17673.1 4.7393
1393000 300.802 -17643.6 -6.1302
1394000 299.901 -17644.5 -9.56601
1395000 301.573 -17582 30.028
1396000 301.091 -17655.7 16.7083
1397000 301.569 -17659.7 -16.9591
1398000 300.14 -17699.3 16.2809
1399000 301.665 -17679.3 -16.9249
1400000 299.125 -17696 0.440672
1401000 300.84 -17626.2 12.8217
1402000 299.752 -17642.3 -6.44765
1403000 299.896 -17646.1 4.75215
1404000 301.003 -17614.4 15.4093
1405000 300.365 -17653.2 4.0773
1406000 299.933 -17661.5 -7.54769
1407000 300.501 -17648.8 4.36621
1408000 300.004 -17628.9 25.6195
1409000 300.419 -17611.2 -24.0574
1410000 299.29 -17626.6 -10.1264
1411000 300.445 -17675.3 5.46383
1412000 299.928 -17694.6 1.7728
1413000 300.454 -17668 -36.0859
1414000 300.753 -17680.7 26.3167
1415000 298.882 -17707.1 -22.2765
1416000 298.722 -17693.8 -5.10869
1417000 300.516 -17710.1 18.5225
1418000 302.118 -17672.7 -11.1791
1419000 299.107 -17747 15.0408
1420000 298.362 -17734.4 -21.4593
1421000 300.144 -17694 10.0429
1422000 299.184 -17717.8 19.9608
1423000 300.279 -17719.9 -5.8633
1424000 299.602 -17723.6 -16.5678
1425000 300.489 -17700.7 9.79431
1426000 300.913 -17694.9 -15.7566
1427000 299.898 -17682.9 -12.7452
1428000 300.787 -17687.8 2.44551
1429000 299.892 -17617.9 33.7541
1430000 299.292 -17679.4 -20.4859
1431000 297.686 -17784 0.992047
1432000 299.745 -17727.4 -32.2158
1433000 299.851 -17656.6 -4.29305
1434000 299.448 -17722.1 28.3786
1435000 299.966 -17739.9 -0.726379
1436000 299.493 -17761.6 -4.49641
1437000 298.05 -17736.3 -10.8945
1438000 299.505 -17685.5 0.763
1439000 298.912 -17756.4 -20.6893
1440000 299.282 -17782.4 23.1436
1441000 300.292 -17699.2 -9.80999
1442000 300.627 -17640.1 0.533464
1443000 300.15 -17661.8 -17.4556
1444000 299.947 -17628.6 -3.28987
1445000 297.934 -17662.5 17.727
1446000 299.827 -17654.8 -1.57161
1447000 301.313 -17659.5 -2.98769
1448000 300.976 -17677.1 -8.88544
1449000 299.839 -17666.6 7.02296
1450000 301.483 -17677 30.2682
1451000 299.988 -17749 8.84031
1452000 299.962 -17813.1 -19.661
1453000 300.426 -17767.1 9.11417
1454000 299.043 -17777 4.28357
1455000 298.846 -17734 10.1176
1456000 299.667 -17722.7 6.98131
1457000 300.308 -17715.9 -4.54283
1458000 300.129 -17720.6 -8.2275
1459000 301.073 -17696.6 7.95167
1460000 298.866 -17737.8 -5.37501
1461000 300.892 -17669.5 -13.8555
1462000 299.487 -17688.5 -10.8633
1463000 301.667 -17657.9 -18.1704
1464000 300.073 -17720.4 10.972
1465000 300.951 -17740.9 -10.3998
1466000 298.841 -17754.8 8.86432
1467000 301.55 -17667.7 -5.01324
1468000 299.334 -17718.4 9.38987
1469000 298.646 -17708.6 4.81789
1470000 300.758 -17705.9 -4.53643
1471000 301.002 -17748.3 -0.966362
1472000 299.563 -17794.1 -6.24496
1473000 300.292 -17727.6 -6.41829
1474000 301.4 -17717.9 -23.1969
1475000 300.149 -17736.8 1.1871
1476000 299.086 -17756 0.514502
1477000 300.492 -17812.5 -3.70946
1478000 299.836 -17733.9 8.24594
1479000 300.099 -17711.8 8.83585
1480000 299.856 -17677.6 9.69508
1481000 300.468 -17688.9 -18.0709
1482000 300.356 -17656.8 8.97469
1483000 299.715 -17738.5 2.35636
1484000 300.096 -17689.7 -25.6923
1485000 300.332 -17666.3 -7.76471
1486000 298.456 -17731.3 31.9852
1487000 300.74 -17673 5.5701
1488000 298.911 -17737.7 1.01084
1489000 301.217 -17637.1 -5.15953
1490000 300.677 -17683 -7.21048
1491000 299.333 -17762.3 18.9162
1492000 300.222 -17747.9 -27.0569
1493000 299.541 -17758.8 -11.0977
1494000 299.199 -17724.9 22.9873
1495000 299.874 -17713.3 -22.516
1496000 299.276 -17706.5 -26.2271
1497000 300.565 -17698.1 6.67457
1498000 300.193 -17691.1 -10.2577
1499000 300.534 -17665.3 27.1956
1500000 300.078 -17696.4 2.4101
1501000 299.923 -17725.3 7.98456
1502000 298.471 -17702.5 -19.3599
1503000 300.266 -17669.1 -10.456
1504000 298.32 -17677.1 9.44448
1505000 300.812 -17711.1 43.4249
1506000 299.11 -17725.6 -6.34347
1507000 302.313 -17618.4 2.26057
1508000 299.67 -17665.7 -12.2115
1509000 300.565 -17712.5 2.73331
1510000 298.856 -17724.4 -7.04956
1511000 300.984 -17700.5 26.4131
1512000 300.696 -17691.6 -22.8676
1513000 301.415 -17682.5 4.68402
1514000 299.692 -17734.4 18.7144
1515000 300.012 -17635.1 19.4903
1516000 298.695 -17733 -6.17701
1517000 299.333 -17710.9 6.26978
1518000 301.153 -17656.1 -13.0163
1519000 298.823 -17734.3 -22.9275
1520000 299.968 -17689.8 -16.6856
1521000 301.575 -17743.1 -17.2797
1522000 298.919 -17729.9 23.037
1523000 300.347 -17733.4 -9.94935
1524000 298.256 -17757.2 -4.51172
1525000 300.642 -17724.2 -0.738693
1526000 300.256 -17673.6 27.603
1527000 299.39 -17752.5 -19.5724
1528000 301.73 -17756.7 3.41929
1529000 299.291 -17832.4 17.6697
1530000 300.14 -17759.6 24.2647
1531000 300.169 -17733.9 -9.21953
1532000 301.586 -17713 -44.8264
1533000 300.026 -17699.9 -5.4041
1534000 300.494 -17708.9 9.76422
1535000 300.06 -17692.9 -27.3675
1536000 301.114 -17779 10.633
1537000 300.55 -17746.1 9.1283
1538000 297.955 -17796.2 5.92147
1539000 300.059 -17691.8 -10.8791
1540000 300.458 -17684.1 5.31067
1541000 300.869 -17743.1 13.4119
1542000 300.454 -17713.7 10.5388
1543000 300.203 -17705.5 7.62122
1544000 301.168 -17686.8 13.014
1545000 299.431 -17723.2 -26.3274
1546000 301.382 -17658.8 -13.6907
1547000 298.67 -17726.4 16.6363
1548000 298.99 -17767.4 -18.3344
1549000 300.325 -17743.4 17.5461
1550000 300.144 -17745.4 -1.84185
1551000 298.633 -17741.4 17.1164
1552000 299.723 -17767 -8.46729
1553000 300.188 -17770.5 12.3708
1554000 301.055 -17706.4 -20.9
1555000 300.518 -17707.8 12.542
1556000 300.148 -17713.2 1.87199
1557000 299.472 -17726.2 8.96172
1558000 300.287 -17730 0.59452
1559000 300.822 -17721.4 8.36622
1560000 298.475 -17698 -14.6364
1561000 299.768 -17666.7 10.9459
1562000 299.036 -17732.1 15.2645
1563000 299.553 -17766.4 17.1266
1564000 299.678 -17755.6 -0.723174
1565000 300.731 -17757.2 -19.6397
1566000 301.217 -17711.9 0.137061
1567000 301.216 -17665.7 -8.44963
1568000 299.722 -17714.2 -2.41702
1569000 300.699 -17661 -4.75832
1570000 300.972 -17604.4 17.8736
1571000 299.832 -17669 -8.8746
1572000 300.655 -17677.7 -6.43235
1573000 299.876 -17736.1 -10.3093
1574000 299.323 -17694.5 18.5711
1575000 300.427 -17731.2 24.4329
1576000 302.327 -17689.4 -33.7474
1577000 300.354 -17702.7 -30.296
1578000 299.009 -17714.7 24.8054
1579000 301.055 -17664.7 -16.2702
1580000 299.648 -17728.7 4.55007
1581000 301.284 -17733.9 -13.9035
1582000 300.148 -17775.5 -0.0346155
1583000 301.376 -17690.6 4.15908
1584000 299.899 -17773.8 -31.1601
1585000 299.03 -17784.8 29.5929
1586000 300.895 -17720.8 -7.64962
1587000 298.886 -17791.9 -15.5679
1588000 300.945 -17759.3 -12.0189
1589000 300.415 -17717.2 -22.8582
1590000 299.331 -17732.9 28.6523
1591000 297.919 -17771.8 7.49958
1592000 300.055 -17707.9 10.5417
1593000 301.052 -17654 -14.1105
1594000 300.295 -17648.7 -8.91778
1595000 298.719 -17715.2 25.2276
1596000 299.104 -17641 15.2897
1597000 300.263 -17692.5 -3.10751
1598000 299.888 -17743.1 -9.97275
1599000 299.738 -17732.6 -34.0936
1600000 300.678 -17694.4 41.1293
1601000 298.816 -17648.5 22.6994
1602000 300.71 -17665.6 -8.8745
1603000 300.002 -17703.7 -18.2057
1604000 300.97 -17694.5 9.9493
1605000 300.793 -17755.6 -0.524117
1606000 299.454 -17795.8 -1.18328
1607000 300.321 -17795.5 13.081
1608000 302.43 -17778.7 -20.209
1609000 300.785 -17769.5 10.8301
1610000 299.807 -17745.1 26.0838
1611000 298.906 -17783.2 20.4716
1612000 298.716 -17782.7 -28.1575
1613000 299.892 -17709.7 1.42746
1614000 300.951 -17683.7 9.02575
1615000 300.843 -17697.7 13.9702
1616000 301.596 -17690.8 -32.8239
1617000 299.123 -17736.4 -2.24151
1618000 301.058 -17693.8 -5.63341
1619000 299.074 -17654 2.1534
1620000 300.383 -17674.6 1.96212
1621000 301.082 -17679.7 7.96771
1622000 299.613 -17631.8 1.80654
1623000 300.273 -17624.2 15.0474
1624000 299.732 -17717.6 -23.0538
1625000 298.737 -17701.1 6.66722
1626000 300.019 -17645.4 4.22167
1627000 300.026 -17690.7 6.24005
1628000 300.333 -17707.8 -9.97089
1629000 299.292 -17687.6 7.68909
1630000 299.516 -17741.4 -12.568
1631000 299.675 -17735.6 -4.86599
1632000 298.317 -17762.8 17.2057
1633000 300.596 -17699.3 -19.5575
1634000 301.16 -17743 -19.9843
1635000 299.952 -17735.8 3.57395
1636000 300.309 -17681.6 6.2631
1637000 298.732 -17695.4 -9.37654
1638000 299.811 -17671.9 29.4307
1639000 299.528 -17686.1 -48.7086
1640000 300.808 -17670.6 -1.70185
1641000 299.622 -17708.6 23.2294
1642000 301.622 -17661.5 5.9499
1643000 299.825 -17731 -6.21409
1644000 300.257 -17648.4 -14.4947
1645000 299.976 -17650.3 3.0784
1646000 298.97 -17672 -0.202638
1647000 300.495 -17597.7 8.48211
1648000 299.408 -17641.8 14.2877
1649000 301.143 -17625 -12.8871
1650000 300.414 -17666.4 1.47013
1651000 301.518 -17644.7 8.24894
1652000 300.486 -17651.7 -12.6648
1653000 300.711 -17664.2 0.177628
1654000 299.383 -17705.6 -4.00483
1655000 301.866 -17667.4 4.82231
1656000 299.863 -17655.3 1.72285
1657000 298.272 -17731.4 -36.1509
1658000 299.688 -17719.3 -7.85
1659000 300.156 -17651.8 -3.00691
1660000 298.076 -17674.4 0.504634
1661000 300.926 -17670.3 -3.95066
1662000 298.634 -17715.6 -2.72298
1663000 299.648 -17624 7.10169
1664000 300.783 -17567.9 -17.8538
1665000 299.98 -17672.5 -21.6042
1666000 298.98 -17685.8 37.8565
1667000 300.059 -17689.4 1.99115
1668000 299.816 -17696.1 -15.116
1669000 300.091 -17685.1 -6.92129
1670000 298.941 -17703.3 5.67691
1671000 298.513 -17706.3 14.4408
1672000 300.138 -17693.1 41.6685
1673000 301.554 -17672 9.75026
1674000 299.766 -17677.5 -20.8834
1675000 300.419 -17638.5 -23.2158
1676000 299.576 -17679.4 -4.50325
1677000 298.401 -17715.5 -3.91894
1678000 300.283 -17621.1 11.7021
1679000 300.79 -17633.2 -21.4017
1680000 299.472 -17625.2 -13.4119
1681000 300.022 -17574.5 1.3648
1682000 299.318 -17686.3 -5.75958
1683000 301.198 -17615.5 18.2157
1684000 299.936 -17629.8 -12.5025
1685000 298.467 -17671.6 43.9289
1686000 300.4 -17674.3 -3.1059
1687000 298.211 -17688.4 -1.92501
1688000 301.137 -17652.1 -14.5534
1689000 300.818 -17687.9 -17.7278
1690000 299.17 -17692 34.5745
1691000 299.868 -17715.1 -9.39541
1692000 300.317 -17658.7 21.9424
1693000 300.554 -17672.1 -22.0521
1694000 300.742 -17655.1 -14.7128
1695000 298.514 -17672.7 -10.8145
1696000 298.683 -17679.9 53.1053
1697000 299.548 -17680.3 -1.74735
1698000 301.061 -17634.7 -25.8212
1699000 301.027 -17612 -11.531
1700000 301.604 -17594.5 37.4926
1701000 300.931 -17653.8 -6.55947
1702000 301.42 -17649.3 -12.1825
1703000 299.828 -17677.3 -9.68424
1704000 301.163 -17657.5 29.1662
1705000 299.854 -17699.7 25.4309
1706000 300.144 -17687.5 -34.4436
1707000 301.601 -17681.8 1.26604
1708000 301.171 -17677.3 -4.72717
1709000 299.601 -17740 22.7856
1710000 299.511 -17799.7 -17.9417
1711000 298.173 -17731.9 -2.63391
1712000 300.998 -17639.8 -3.38207
1713000 299.69 -17646.8 31.3073
1714000 300.545 -17649.7 -11.6252
1715000 299.278 -17685.7 -1.55589
1716000 298.871 -17633 -6.99017
1717000 299.501 -17663.2 -15.7541
1718000 300.451 -17653.7 10.8166
1719000 300.257 -17724.4 14.5619
1720000 299.526 -17699.4 -21.8449
1721000 299.159 -17680.5 0.745582
1722000 299.768 -17686.2 20.2575
1723000 299.281 -17635.9 -18.4604
1724000 301.989 -17650.4 -8.08033
1725000 301.056 -17645 1.76391
1726000 299.477 -17706.4 -11.8669
1727000 299.69 -17712 -16.3368
1728000 300.464 -17699.3 -11.2166
1729000 300.692 -17713.9 14.7204
1730000 298.99 -17709.2 28.3989
1731000 300.452 -17622.2 -12.8017
1732000 299.043 -17686.2 -15.646
1733000 300.348 -17677.6 -4.17673
1734000 300.671 -17658.8 -11.3509
1735000 298.39 -17692.2 2.46984
1736000 300.91 -17645.9 32.0979
1737000 300.647 -17680.5 -9.53481
1738000 301.246 -17684.4 -0.582747
1739000 298.623 -17710.4 2.7329
1740000 300.644 -17627.7 -6.26114
1741000 301.392 -17662 -10.5382
1742000 300.051 -17680.6 -38.0499
1743000 299.437 -17748.6 -9.81842
1744000 300.58 -17731.4 17.3436
1745000 300.992 -17674.7 -6.08196
1746000 301.175 -17626.6 -15.4231
1747000 300.42 -17640.9 -5.6287
1748000 299.946 -17754.4 35.1536
1749000 299.519 -17681.2 0.998167
1750000 299.742 -17724 12.5389
1751000 300.079 -17712 6.07439
1752000 298.539 -17746.2 -7.69141
1753000 300.849 -17708 0.909415
1754000 300.774 -17650.5 26.6278
1755000 300.062 -17681.8 -2.12189
1756000 300.7 -17744.3 20.85
1757000 300.117 -17677.8 -12.1837
1758000 300.327 -17708.8 -18.2185
1759000 301.134 -17668 -15.4261
1760000 299.343 -17685.7 16.7184
1761000 300.464 -17693.8 13.7887
1762000 300.013 -17748.4 8.9809
1763000 300.477 -17740.6 1.3103
1764000 301.181 -17700.5 -4.38324
1765000 300.885 -17704.3 -19.3675
1766000 300.528 -17750.3 -22.2383
1767000 300.931 -17706.6 29.284
1768000 301.342 -17645.8 6.95023
1769000 300.365 -17679.2 -22.1828
1770000 299.18 -17728.1 13.5767
1771000 299.039 -17786.3 19.6485
1772000 299.85 -17743.6 -17.418
1773000 301.311 -17705.7 -13.0759
1774000 297.947 -17640 -7.17328
1775000 299.856 -17639.3 8.90849
1776000 299.401 -17681.5 17.4654
1777000 300.289 -17684.7 14.8134
1778000 301.418 -17698.7 -53.8424
1779000 298.4 -17745.1 4.62347
1780000 299.139 -17691.1 3.18284
1781000 300.465 -17638.3 27.421
1782000 300.813 -17616.2 23.7545
1783000 301.42 -17690.8 -37.0913
1784000 300.355 -17665.2 14.2557
1785000 299.832 -17709.5 18.2612
1786000 300.946 -17640.5 -14.2418
1787000 300.082 -17689.8 16.4284
1788000 299.586 -17726.7 -11.4083
1789000 298.87 -17728.8 19.0346
1790000 299.092 -17767.1 23.936
1791000 301.431 -17721.2 -17.6622
1792000 300.777 -17659.2 -8.44174
1793000 300.035 -17652.3 2.08417
1794000 299.162 -17707.8 18.6492
1795000 300.251 -17679.8 -12.9713
1796000 301.51 -17670.3 8.70626
1797000 300.96 -17724.3 -15.4113
1798000 300.216 -17682.3 23.7016
1799000 301.818 -17646.2 1.7165
1800000 300.286 -17681.8 -5.34576
1801000 299.042 -17738 6.67268
1802000 300.336 -17736.5 -8.46697
1803000 300.218 -17691.6 -40.6388
1804000 299.807 -17749.4 15.7049
1805000 298.384 -17720.7 24.1265
1806000 299.835 -17660.3 -1.74541
1807000 301.85 -17644.3 -16.151
1808000 299.993 -17698.1 -1.83195
1809000 301.494 -17698.4 12.1505
1810000 299.031 -17757.8 -18.8528
1811000 299.385 -17671.4 26.3614
1812000 301.557 -17641.7 17.4667
1813000 299.629 -17699.7 -28.4156
1814000 299.569 -17713.6 3.67257
1815000 300.566 -17640.7 -27.6115
1816000 301.312 -17662.1 19.749
1817000 299.882 -17716.5 11.4833
1818000 299.459 -17714.8 17.0666
1819000 299.926 -17720.3 1.15515
1820000 300.155 -17714.1 22.6252
1821000 300.67 -17695.6 -8.21901
1822000 299.847 -17731.5 11.2042
1823000 299.603 -17708.5 7.48933
1824000 299.658 -17711.3 -8.79296
1825000 298.369 -17716.9 -10.3542
1826000 299.941 -17694 -2.60593
1827000 299.27 -17735 2.18086
1828000 300.566 -17708.5 20.0726
1829000 301.366 -17616.8 -10.8644
1830000 300.038 -17630.2 -6.5024
1831000 299.522 -17636.4 4.4997
1832000 301.368 -17663 -11.4848
1833000 301.133 -17689 -3.56998
1834000 300.958 -17691.1 14.4054
1835000 300.936 -17694.8 15.5534
1836000 297.697 -17724.4 -2.7515
1837000 300.15 -17680.7 -2.39276
1838000 299.314 -17685.5 0.0786936
1839000 299.599 -17751.7 -5.38339
1840000 301.239 -17688.4 -6.22339
1841000 300.962 -17715.7 13.8673
1842000 301.193 -17727.1 -4.78679
1843000 300.573 -17778.6 -16.3473
1844000 301.179 -17724.3 2.26308
1845000 301.297 -17626.9 8.62292
1846000 300.327 -17689.7 -41.366
1847000 300.648 -17673.4 -4.01031
1848000 301.042 -17670.4 9.65769
1849000 300.426 -17668.9 1.89834
1850000 300.756 -17694.6 -0.84528
1851000 299.95 -17711.9 -16.74
1852000 300.112 -17709.4 -5.79602
1853000 301.485 -17696.5 31.6172
1854000 300.737 -17675.6 -19.6487
1855000 299.356 -17713.5 9.09355
1856000 299.293 -17703.4 -23.2962
1857000 299.638 -17744.4 33.2134
1858000 300.201 -17704 4.38442
1859000 299.386 -17727 -5.82514
1860000 300.395 -17698.1 1.70514
1861000 302.361 -17650 11.0898
1862000 300.121 -17626.2 22.2353
1863000 301.013 -17657.3 -18.0257
1864000 298.025 -17716.1 -24.2179
1865000 301.153 -17681 20.8126
1866000 299.636 -17695.7 20.9019
1867000 299.032 -17702.6 -12.6861
1868000 301.911 -17668.3 -24.7016
1869000 300.691 -17672.7 2.16393
1870000 298.163 -17661.8 33.102
1871000 300.825 -17708.3 4.29683
1872000 299.535 -17633 -11.4128
1873000 299.746 -17676.3 -27.1492
1874000 299.231 -17725.8 16.9831
1875000 299.309 -17703.3 10.1469
1876000 300.434 -17690.6 5.01529
1877000 301.081 -17681.6 -10.9565
1878000 300.035 -17688.5 -13.9627
1879000 299.163 -17728.6 -4.24362
1880000 300.053 -17676.6 21.3879
1881000 300.513 -17710.4 7.78522
1882000 298.95 -17718.6 -12.0555
1883000 299.746 -17682.9 21.5801
1884000 300.029 -17741.8 10.0133
1885000 299.711 -17714.9 -16.5554
1886000 299.624 -17683.6 4.73947
1887000 299.402 -17715.1 7.72759
1888000 299.74 -17694.6 -13.5588
1889000 300.118 -17729.3 -1.79012
1890000 299.081 -17770.8 -19.6603
1891000 300.794 -17719.3 -22.2514
1892000 299.813 -17725.8 -4.02103
1893000 300.062 -17720.6 9.88855
1894000 298.074 -17735.9 27.8749
1895000 299.861 -17765.2 1.95902
1896000 299.035 -17685 -23.5776
1897000 299.954 -17724.9 -4.52314
1898000 299.458 -17707.8 5.6901
1899000 300.781 -17685.6 8.44524
1900000 300.009 -17648.2 2.04469
1901000 299.804 -17667.3 -11.6727
1902000 301.725 -17615.7 -39.477
1903000 301.775 -17640.8 46.0953
1904000 300.008 -17681.9 3.53306
1905000 300.76 -17704.5 17.0915
1906000 298.952 -17719.7 -22.0719
1907000 299.725 -17736.6 -11.1199
1908000 301.772 -17627.8 11.7956
1909000 301.617 -17671.1 17.7645
1910000 300.913 -17633.4 0.223183
1911000 300.122 -17662.2 -38.2759
1912000 300.326 -17705.8 12.8896
1913000 299.482 -17715.2 -14.0372
1914000 300.673 -17696.9 -3.69198
1915000 300.757 -17669.3 7.00489
1916000 300.015 -17727.9 -21.4298
1917000 299.865 -17707.8 -15.3066
1918000 299.856 -17755.4 -3.48413
1919000 300.651 -17730.4 18.2091
1920000 298.993 -17731.9 1.01766
1921000 298.707 -17719.3 -19.3459
1922000 298.93 -17673.8 36.1819
1923000 300.793 -17647.4 16.081
1924000 300.178 -17704.8 -18.6787
1925000 299.998 -17698.1 47.7156
1926000 301.454 -17659.5 22.9281
1927000 298.92 -17704.7 -11.6769
1928000 300.061 -17732.3 -18.9748
1929000 301.051 -17677 -11.9629
1930000 300.673 -17716.8 44.2305
1931000 300.914 -17718.7 -3.7315
1932000 300.309 -17732.9 -4.14305
1933000 299.665 -17729.4 10.0137
1934000 299.341 -17689 3.64903
1935000 299.337 -17720.4 -9.88841
1936000 301.516 -17657.9 -18.0659
1937000 299.406 -17696.6 16.1948
1938000 300.468 -17655.1 7.24051
1939000 299.084 -17718.5 -11.7453
1940000 300.434 -17716.8 -22.9891
1941000 300.762 -17680.7 28.6558
1942000 300.187 -17729.7 22.3929
1943000 301.256 -17694.8 2.7879
1944000 299.676 -17756.1 -9.38536
1945000 299.413 -17729 -6.12812
1946000 299.62 -17739.2 14.7125
1947000 301.052 -17761.7 4.09538
1948000 301.729 -17702.6 17.5331
1949000 300.752 -17724.7 -2.65764
1950000 301.658 -17657.1 1.08099
1951000 301.127 -17660.6 13.8971
1952000 300.045 -17677.8 4.06058
1953000 299.659 -17706.8 -2.33411
1954000 298.922 -17683.1 -22.6323
1955000 301.332 -17685.9 11.6346
1956000 299.131 -17686.8 6.40998
1957000 300.872 -17612.2 8.50657
1958000 300.818 -17613.2 1.95105
1959000 300.535 -17632.7 -11.2133
1960000 301.015 -17662.3 -6.87549
1961000 301.915 -17668.7 18.767
1962000 299.313 -17672.2 -8.15207
1963000 299.38 -17692.4 6.51041
1964000 300.142 -17700.9 8.97903
1965000 300.494 -17677.7 15.1124
1966000 299.289 -17637.5 -10.5937
1967000 300.366 -17625.2 -15.5589
1968000 300.596 -17650.6 16.2446
1969000 301.411 -17600.2 33.7537
1970000 298.789 -17658 30.1499
1971000 299.299 -17700.1 -24.8787
1972000 301.242 -17626.5 -4.23919
1973000 299.891 -17656.4 40.4558
1974000 299.351 -17652.7 28.3237
1975000 300.272 -17664.8 -32.8915
1976000 300.306 -17643.2 -21.2665
1977000 301.246 -17629.6 5.22405
1978000 301.796 -17608 22.4765
1979000 300.436 -17657.1 34.4375
1980000 299.169 -17662.1 -27.2804
1981000 301.113 -17633.3 -8.40754
1982000 300.059 -17677 6.25194
1983000 300.152 -17664.9 -5.38714
1984000 299.381 -17686.4 -13.5371
1985000 299.52 -17681.2 10.481
1986000 299.427 -17712.2 -3.56939
1987000 300.078 -17675.2 4.35803
1988000 299.695 -17679.7 3.8913
1989000 299.474 -17670.3 -11.3509
1990000 300.392 -17648.3 -0.264741
1991000 299.816 -17681.5 7.71586
1992000 299.282 -17654.6 -14.0204
1993000 299.864 -17698.4 -20.4959
1994000 299.575 -17663.8 34.5849
1995000 301.358 -17648.6 -38.9159
1996000 299.504 -17670.6 0.141241
1997000 300.065 -17626.9 -8.15764
1998000 300.362 -17604.9 -0.423806
1999000 300.774 -17613.7 40.7446
2000000 300.137 -17677.2 -4.16729
