# Time-averaged data for fix 3
# TimeStep v_Temperature v_PotentialEnergy v_Pressure
2000 401.824 -15858.3 -7.22715
3000 399.123 -15839.9 38.7031
4000 400.606 -15798.9 -7.89376
5000 399.431 -15828.2 -5.62063
6000 399.57 -15830 8.18374
7000 400.593 -15769.5 -11.6068
8000 399.771 -15829.5 20.2733
9000 399.153 -15844.5 6.17217
10000 397.816 -15786 17.0607
11000 399.708 -15821.1 19.2012
12000 400.825 -15802 -15.9911
13000 397.289 -15821.7 15.3468
14000 399.801 -15797.8 -17.9414
15000 398.555 -15759.6 -29.7028
16000 402.128 -15689.3 43.3467
17000 398.113 -15813.4 18.6965
18000 398.616 -15773 24.3151
19000 398.156 -15831.4 -12.3095
20000 399.053 -15765.7 -14.2506
21000 401.445 -15722.4 3.52766
22000 400.929 -15754.8 44.0581
23000 398.88 -15792.1 -49.556
24000 396.292 -15784.5 11.4955
25000 400.092 -15708.4 -41.1279
26000 399.364 -15733.9 43.694
27000 400.889 -15686.9 20.2272
28000 399.85 -15719.8 0.537417
29000 400.549 -15659.3 -17.8452
30000 399.03 -15746 4.03987
31000 399.409 -15712.7 34.494
32000 401.201 -15708.3 -27.255
33000 398.863 -15775.2 22.4773
34000 401.755 -15633.9 -26.145
35000 401.09 -15687.4 8.85363
36000 400.427 -15679.9 -18.6189
37000 400.912 -15704.6 32.3942
38000 399.364 -15706.1 -32.4278
39000 401.178 -15673.1 45.7561
40000 401.126 -15645.9 -16.7426
41000 401.078 -15680.5 33.4681
42000 400.234 -15641.4 -28.5691
43000 401.444 -15656.3 0.13315
44000 399.519 -15616.4 -7.26976
45000 401.896 -15660.7 -9.75472
46000 398.542 -15652.9 9.36817
47000 397.867 -15696.4 -16.9163
48000 399.012 -15678.7 23.3571
49000 399.597 -15667.5 39.3326
50000 398.538 -15653.3 -6.41616
51000 400.304 -15681.3 -5.34797
52000 400.549 -15678.4 11.0814
53000 399.429 -15716 -3.07982
54000 401.899 -15600 -11.4584
55000 399.133 -15755 20.0016
56000 400.559 -15667.9 -34.6022
57000 400.9 -15605.4 -5.02934
58000 402.769 -15602 16.3287
59000 398.877 -15704.3 -19.2786
60000 399.833 -15627.2 11.3355
61000 399.745 -15631.4 26.972
62000 397.296 -15641.4 -6.32703
63000 398.769 -15667.6 7.75963
64000 397.918 -15675 -17.97
65000 399.853 -15642.7 -7.84408
66000 398.23 -15714.3 11.033
67000 398.544 -15716.3 -5.20123
68000 397.486 -15760.9 15.642
69000 399.017 -15698.6 -2.59921
70000 398.229 -15717.8 -21.941
71000 399.176 -15663.3 -9.71338
72000 400.582 -15662.5 23.7123
73000 399.411 -15658.1 6.81531
74000 399.53 -15665.6 8.75687
75000 398.245 -15710.7 -0.856819
76000 400.46 -15656.3 -12.6095
77000 398.906 -15703.8 -4.08072
78000 399.412 -15665.6 4.73432
79000 399.239 -15637.6 10.2982
80000 400.965 -15596 5.34182
81000 399.385 -15575.2 8.36501
82000 398.36 -15584.2 1.14556
83000 399.974 -15585.7 0.343534
84000 400.241 -15598.1 14.097
85000 400.464 -15623.9 14.9392
86000 400.31 -15610.7 -9.33834
87000 398.77 -15606.9 -3.03995
88000 402.565 -15566.6 -1.17428
89000 400.397 -15590 8.43008
90000 400.461 -15555.7 -0.770653
91000 399.324 -15532.4 -18.4615
92000 400.488 -15584.7 -9.3222
93000 401.183 -15620.8 -15.9031
94000 400.352 -15604.2 -22.9333
95000 399.421 -15551.1 51.8762
96000 399.478 -15606.1 9.01559
97000 398.203 -15550.2 -24.4426
98000 402.536 -15486.1 8.88917
99000 400.77 -15565.5 -2.48089
100000 399.578 -15520.3 -30.8727
101000 400.043 -15601 15.2125
102000 398.514 -15598.9 0.0244569
103000 399.9 -15593.7 37.0676
104000 401.14 -15595.7 -19.5194
105000 399.737 -15527.9 -8.95608
106000 401.445 -15467 33.4019
107000 400.183 -15508.2 11.56
108000 398.766 -15599.2 -22.4367
109000 398.578 -15559.3 -24.8706
110000 401.511 -15538.6 15.4975
111000 400.725 -15530.8 36.3369
112000 400.606 -15509.2 -12.8499
113000 398.029 -15566.4 -19.0948
114000 399.218 -15503.5 13.1454
115000 400.026 -15533.5 -16.1983
116000 402.863 -15446.5 -0.311779
117000 400.888 -15505.5 15.813
118000 400.011 -15526.2 -22.6284
119000 399.776 -15528.2 27.479
120000 399.506 -15479.1 -0.33794
121000 399.318 -15518.3 10.064
122000 399.173 -15548.5 9.47544
123000 398.227 -15529.5 -21.5325
124000 399.014 -15538.7 -2.63053
125000 401.091 -15465 -4.33364
126000 400.687 -15482.3 -5.51829
127000 398.706 -15480.3 13.725
128000 399.264 -15483.3 -0.160998
129000 401.503 -15413.5 2.17025
130000 400.583 -15425.6 55.4626
131000 397.212 -15518 -31.0435
132000 401.383 -15491.2 -0.40977
133000 398.726 -15484.7 -17.2933
134000 401.908 -15413 7.21362
135000 401.665 -15367.9 4.69279
136000 399.72 -15471.3 -8.25979
137000 398.721 -15492.9 8.15835
138000 399.737 -15454.6 -8.68519
139000 398.827 -15444.1 -7.05594
140000 400.452 -15462.3 -0.433481
141000 401.856 -15401 14.8546
142000 402.311 -15411.2 -9.14122
143000 400.132 -15479.1 -38.2553
144000 402.464 -15481.4 30.4068
145000 400.491 -15462.6 3.2379
146000 401.748 -15474.2 23.2223
147000 399.686 -15452.8 -15.9173
148000 400.799 -15485.9 0.0378375
149000 400.553 -15466.4 4.60365
150000 398.568 -15477.6 -9.5679
151000 398.298 -15512.8 -32.9599
152000 399.498 -15488.8 1.37022
153000 399.058 -15498.8 12.0988
154000 399.542 -15424.3 18.5297
155000 399.807 -15457.3 32.7022
156000 400.309 -15441.3 2.11522
157000 398.145 -15474.5 -7.16524
158000 398.509 -15464.8 13.5738
159000 399.22 -15445.8 -32.3546
160000 399.543 -15412.4 24.5105
161000 400.208 -15411.5 5.96993
162000 399.39 -15469.6 -20.9246
163000 398.852 -15486.4 66.1001
164000 400.923 -15465 -0.92982
165000 401.042 -15445.9 8.97125
166000 400.45 -15433.8 -1.19165
167000 398.598 -15480.5 -3.35212
168000 399.076 -15447.7 -0.545324
169000 400.635 -15411.1 9.36551
170000 398.713 -15485.8 10.6717
171000 397.251 -15484.3 -2.16425
172000 398.106 -15520.6 -9.29128
173000 399.723 -15478.1 1.01932
174000 399.769 -15468.4 45.3009
175000 400.172 -15503.8 4.93916
176000 401.682 -15403.7 -6.8667
177000 401.845 -15406.8 -4.40867
178000 400.658 -15462.4 -13.161
179000 401.483 -15436.1 -13.157
180000 399.643 -15433.4 4.86896
181000 398.686 -15464.8 17.0136
182000 399.819 -15484.9 1.55089
183000 399.497 -15432.3 -22.8718
184000 398.953 -15392.4 10.3822
185000 399.769 -15367.5 -7.53573
186000 402.389 -15363.2 -9.08914
187000 399.896 -15388.9 35.8505
188000 400.489 -15389 -8.89222
189000 399.947 -15451.9 -20.6297
190000 403.344 -15395.6 6.07292
191000 400.535 -15383.2 -6.7988
192000 401.781 -15356.1 -11.1302
193000 401.274 -15325.3 23.5192
194000 400.867 -15372.1 -10.0977
195000 398.019 -15456.1 -13.7927
196000 399.98 -15369.6 -13.2205
197000 402.392 -15369.7 -3.33237
198000 398.35 -15400.1 17.2832
199000 399.644 -15398.2 17.0262
200000 399.775 -15318.4 -24.9831
201000 399.254 -15393.4 -2.85862
202000 399.282 -15429.6 40.2635
203000 398.708 -15473.9 -17.0163
204000 398.441 -15454.5 5.81642
205000 399.31 -15448.4 -14.5324
206000 400.114 -15347 10.488
207000 400.371 -15343.5 -12.3237
208000 400.266 -15391.3 0.603563
209000 400.036 -15395.5 -30.1445
210000 399.237 -15401 -10.2854
211000 399.93 -15438.9 -10.7987
212000 401.019 -15341.2 13.1915
213000 399.552 -15372.5 -2.9813
214000 399.528 -15428.8 -5.01872
215000 399.129 -15410.7 -6.75998
216000 398.43 -15381.4 5.22965
217000 399.51 -15417.7 -35.842
218000 400.049 -15354.6 19.1882
219000 399.582 -15340.8 9.87859
220000 403.203 -15346.6 1.66855
221000 401.487 -15400.6 -7.92181
222000 399.728 -15394.1 -13.2829
223000 402.465 -15362.5 -10.891
224000 399.109 -15395.1 -35.3047
225000 399.588 -15335 13.8716
226000 400.632 -15305.3 19.1338
227000 399.513 -15330.9 6.39933
228000 399.887 -15346 7.28501
229000 400.561 -15336.5 2.55628
230000 398.433 -15315.6 5.70338
231000 399.264 -15389.2 21.2136
232000 398.679 -15368.5 -18.4656
233000 398.595 -15394 -1.37017
234000 401.527 -15319.3 15.995
235000 399.588 -15412.1 -16.8316
236000 399.324 -15355.4 4.08165
237000 399.277 -15355.9 6.55361
238000 398.276 -15388.4 39.577
239000 399.72 -15337.4 3.34071
240000 399.622 -15382.1 2.87755
241000 400.492 -15415.8 11.9249
242000 399.843 -15422.1 -10.0637
243000 401.633 -15342.8 -10.7419
244000 398.775 -15399.3 23.5845
245000 401.006 -15356.1 -44.2461
246000 400.543 -15374.3 31.7873
247000 399.116 -15430 6.39067
248000 397.775 -15496.8 1.44442
249000 400.603 -15283.8 23.4777
250000 401.604 -15298.8 10.9548
251000 400.005 -15266 8.73728
252000 401.668 -15290.4 -1.78019
253000 398.164 -15485.9 -30.9747
254000 402.64 -15373.6 6.21044
255000 400.905 -15326.7 -17.8016
256000 399.807 -15384.7 -19.9893
257000 400.351 -15402.5 -3.68615
258000 401.506 -15341.3 2.26111
259000 397.708 -15388.9 -6.21691
260000 401.673 -15307 -10.3929
261000 399.081 -15388.8 4.72059
262000 400.27 -15363.5 10.92
263000 398.829 -15370.8 -29.5379
264000 402.049 -15312.9 17.7159
265000 399.68 -15387.8 -9.14752
266000 399.237 -15411.6 -18.5226
267000 400.53 -15315.4 -12.5183
268000 398.931 -15323.8 -0.259105
269000 398.857 -15347.8 36.5628
270000 402.166 -15347.1 -37.9204
271000 400.606 -15321.2 17.9798
272000 397.369 -15392.7 -37.5992
273000 400.043 -15424.7 39.4105
274000 401.041 -15374.4 -16.5952
275000 400.543 -15328.1 -2.9566
276000 399.114 -15420.5 7.28437
277000 396.891 -15458.6 -6.87724
278000 398.668 -15383.9 -19.9967
279000 399.99 -15384.4 29.9397
280000 400.072 -15299.4 -29.8061
281000 402.429 -15333.3 15.7489
282000 397.547 -15422.9 -1.34735
283000 399.783 -15368.2 10.8324
284000 399.274 -15368.5 -18.8277
285000 401.318 -15352.8 -1.58855
286000 401.135 -15399.2 18.2484
287000 400.587 -15360.2 14.0742
288000 398.684 -15363.2 30.3366
289000 399.326 -15377.9 10.8854
290000 398.601 -15380.7 -40.967
291000 399.707 -15417.7 6.99202
292000 401.224 -15338.8 -17.3982
293000 399.509 -15408.9 32.9982
294000 401.901 -15305.9 8.91902
295000 398.975 -15449.2 -12.5597
296000 399.628 -15481.5 22.3384
297000 400.076 -15413.4 13.7625
298000 401.952 -15310.9 -28.8965
299000 399.209 -15358 14.2838
300000 400.141 -15459.3 -6.73246
301000 400.757 -15437.5 12.5819
302000 399.601 -15402.5 9.5914
303000 400.77 -15312.1 -1.35688
304000 401.039 -15359.3 13.8265
305000 401.022 -15338.8 -6.3333
306000 400.587 -15403.3 -21.8009
307000 401.719 -15359.1 13.2876
308000 399.663 -15391.2 10.2649
309000 402.24 -15373.4 25.7789
310000 399.816 -15374.3 14.314
311000 399.649 -15358.8 -3.02502
312000 403.052 -15381.9 -16.3766
313000 400.032 -15360.7 -2.85203
314000 400.224 -15405.3 -18.1352
315000 402.924 -15319.4 -30.8493
316000 399.905 -15392.1 37.643
317000 399.158 -15398.5 -14.1282
318000 399.832 -15412.7 0.445243
319000 401.46 -15412.5 -17.747
320000 399.551 -15418.3 22.1459
321000 401.519 -15394.4 26.8185
322000 399.835 -15422 7.86766
323000 398.056 -15471.9 3.85425
324000 398.741 -15444.5 -36.9542
325000 399.466 -15454.9 10.9941
326000 399.557 -15385.8 -4.87465
327000 401.575 -15362.1 -28.2257
328000 400.128 -15409.8 2.31163
329000 399.705 -15393.3 2.88887
330000 398.823 -15446 -31.624
331000 399.391 -15430.4 14.9091
332000 399.684 -15438.3 29.4454
333000 399.44 -15437.6 -13.9337
334000 399.508 -15431.1 -32.8074
335000 401.245 -15381.8 -39.8842
336000 399.811 -15339.3 11.8503
337000 400.149 -15341.1 12.082
338000 401.827 -15300.8 10.2712
339000 399.509 -15355.8 28.3743
340000 400.515 -15382.3 10.1381
341000 399.959 -15361.7 -4.09618
342000 398.733 -15394.6 -25.1428
343000 401.825 -15401.3 6.23123
344000 400.323 -15365.4 19.1184
345000 400.257 -15302.2 16.3143
346000 400.829 -15330.4 -16.7213
347000 399.995 -15335.9 -11.7036
348000 400.135 -15377.6 22.3291
349000 400.587 -15361.4 25.1718
350000 399.663 -15361.9 18.5484
351000 400.361 -15359.6 -9.00462
352000 400.831 -15394.1 -40.4886
353000 400.693 -15362.9 4.03371
354000 399.816 -15320.6 2.83471
355000 400.857 -15298.8 14.6196
356000 400.293 -15361.3 8.88396
357000 400.759 -15415.5 37.9657
358000 398.273 -15387.9 -6.96651
359000 400.817 -15311.8 24.1496
360000 398.445 -15349.3 -11.818
361000 400.949 -15386.3 -36.0643
362000 398.272 -15377.1 17.5234
363000 398.484 -15399.9 -1.99325
364000 398.726 -15433.1 -6.83984
365000 398.59 -15385.8 2.69689
366000 401.803 -15268.5 13.6501
367000 400.297 -15371.2 -6.55224
368000 399.574 -15358.4 16.8222
369000 400.224 -15315.8 -12.4869
370000 401.512 -15341.8 -1.99249
371000 399.241 -15316.7 -25.0767
372000 399.984 -15381.9 17.8081
373000 398.739 -15330.6 -4.18432
374000 400.816 -15320.3 3.77644
375000 398.727 -15321.3 18.9597
376000 399.091 -15380.1 -18.3415
377000 399.728 -15323 0.59875
378000 398.275 -15357.5 -2.99338
379000 398.908 -15325.5 -23.2694
380000 400.157 -15273.3 -15.0417
381000 402.525 -15229.6 11.2669
382000 400.963 -15278.3 -8.66596
383000 402.072 -15267.5 14.2373
384000 400.484 -15288.3 -1.23442
385000 400.979 -15237.6 1.9826
386000 399.625 -15282.9 17.7956
387000 400.631 -15280 22.8613
388000 401.19 -15259.7 -17.1655
389000 401.073 -15256 4.08761
390000 401.813 -15222.4 -20.3538
391000 400.658 -15245.2 -14.9511
392000 400.856 -15298.8 23.5356
393000 400.039 -15297.7 13.5397
394000 402.421 -15256.6 -8.054
395000 401.653 -15243 -16.891
396000 401.21 -15256.7 13.995
397000 400.287 -15337.8 2.99471
398000 399.519 -15312.2 21.0983
399000 400.066 -15273.3 -0.101376
400000 399.555 -15314.1 8.84343
401000 400.132 -15308.1 -38.7688
402000 399.399 -15309.3 5.06805
403000 401.162 -15266 -17.5436
404000 399.648 -15270.8 8.56596
405000 400.272 -15272.1 15.5931
406000 399.806 -15302.2 -4.58485
407000 399.592 -15343.6 -1.70467
408000 401.208 -15331.5 0.516931
409000 399.297 -15320.4 16.2503
410000 401.544 -15316.3 5.59595
411000 399.401 -15353 8.2051
412000 398.411 -15328.1 -49.0736
413000 396.842 -15364.1 -9.83657
414000 400.188 -15293.2 7.5928
415000 401.898 -15220.5 26.1779
416000 399.219 -15270.6 -9.00053
417000 398.964 -15216.4 4.27997
418000 401.67 -15191.2 -24.4657
419000 399.37 -15267.9 13.1198
420000 401.719 -15233 0.468137
421000 401.218 -15311.9 -17.8578
422000 398.686 -15317.8 -11.277
423000 401.443 -15207.2 -17.328
424000 400.576 -15231.7 30.3277
425000 400.464 -15239.7 -21.1924
426000 401.097 -15323 -10.7421
427000 399.139 -15314 -9.66263
428000 400.02 -15309.6 25.1096
429000 399.971 -15308 -18.3884
430000 399.485 -15307.2 14.3605
431000 399.312 -15351.7 17.5481
432000 400.838 -15240 -8.89426
433000 399.991 -15290.9 -21.2251
434000 400.356 -15303.7 -5.64977
435000 401.111 -15308.2 9.27023
436000 400.139 -15363.7 -14.8572
437000 398.668 -15333.5 24.641
438000 398.51 -15380.9 26.385
439000 398.186 -15327.3 4.76561
440000 399.66 -15286.7 -4.04428
441000 398.76 -15271.7 11.0495
442000 400.872 -15297.3 6.84619
443000 400.868 -15245.5 -18.1429
444000 399.627 -15257.9 8.99574
445000 400.455 -15230.1 -6.75171
446000 397.303 -15360.4 15.9522
447000 399.937 -15270.9 -9.59055
448000 401.655 -15270.1 21.5216
449000 400.932 -15263.4 -4.77245
450000 399.564 -15320.7 5.79451
451000 400.199 -15302.4 -16.9278
452000 397.221 -15334.2 -14.6446
453000 400.07 -15244.1 -5.58299
454000 401.185 -15235.3 11.9572
455000 401.162 -15229 -2.44934
456000 401.251 -15272.3 13.455
457000 399.341 -15263.7 -3.91269
458000 398.523 -15298.5 -2.49678
459000 398.616 -15315.8 9.22719
460000 400.841 -15293.6 2.00621
461000 399.887 -15253.3 -10.3143
462000 402.181 -15254.7 4.27148
463000 398.968 -15309.7 1.15307
464000 399.888 -15280.1 -3.59942
465000 400.993 -15282 -17.606
466000 401.799 -15231.2 -0.87777
467000 400.18 -15283.6 11.2305
468000 399.862 -15367.7 -0.640778
469000 400.257 -15223.8 -0.716187
470000 399.539 -15306.7 -0.484543
471000 398.708 -15290.3 -11.7806
472000 400.467 -15283.1 18.2449
473000 399.636 -15290.3 16.8051
474000 400.945 -15231.4 -16.7653
475000 399.554 -15296.4 -8.15346
476000 401.505 -15234.4 30.2444
477000 402.833 -15209.1 -22.0463
478000 398.834 -15294.3 -23.9768
479000 399.548 -15324 -12.5638
480000 398.505 -15349.2 16.7331
481000 400.857 -15272 35.0572
482000 398.825 -15341.7 10.7117
483000 399.9 -15286.8 10.2065
484000 401.681 -15272.7 -25.1465
485000 399.044 -15239.5 20.6212
486000 401.913 -15200.8 35.6985
487000 399.619 -15249.4 15.0427
488000 400.258 -15269.3 5.04569
489000 401.127 -15387.5 -25.6214
490000 399.528 -15294.6 2.28407
491000 398.06 -15317.6 20.5933
492000 400.059 -15299.7 -2.28341
493000 399.096 -15311.3 -20.6794
494000 400.53 -15338 -10.7168
495000 398.99 -15283.9 -10.1928
496000 400.973 -15261.5 11.6263
497000 398.711 -15340.7 11.4008
498000 397.97 -15350.1 1.41274
499000 399.855 -15329.7 -13.7579
500000 399.542 -15313.8 -2.27062
501000 402.17 -15230.8 24.2183
502000 400.154 -15290.8 -22.2237
503000 400.036 -15333 9.15334
504000 399.754 -15351.2 27.5559
505000 399.278 -15302 13.5141
506000 401.025 -15305 -28.9836
507000 398.594 -15343.8 -4.16133
508000 399.971 -15334 4.94677
509000 401.421 -15319.5 15.1956
510000 399.77 -15269.3 15.6154
511000 401.81 -15230.6 -29.2273
512000 399.117 -15281.1 4.07931
513000 399.189 -15256.1 -19.2919
514000 401.152 -15245.7 7.60611
515000 397.957 -15299.3 13.4699
516000 398.819 -15305.9 24.8042
517000 400.115 -15269.9 21.3866
518000 400.147 -15287.1 18.4602
519000 401.421 -15181.9 15.0909
520000 398.85 -15252.5 6.51018
521000 398.961 -15300.5 8.72823
522000 397.746 -15314.5 -25.7161
523000 400.652 -15248.4 -0.162717
524000 400.596 -15252.2 17.5614
525000 398.714 -15306.7 -30.005
526000 400.924 -15279.1 14.3664
527000 401.155 -15235.5 -5.28548
528000 400.835 -15299.9 5.59375
529000 400.704 -15273 -0.260988
530000 400.964 -15294.7 -13.242
531000 401.037 -15295.9 0.118215
532000 399.362 -15340.8 3.58934
533000 398.797 -15345.4 23.8448
534000 401.138 -15215 -9.06542
535000 398.92 -15276.7 12.6037
536000 400.182 -15264.4 -6.14035
537000 400.762 -15321.2 -12.0665
538000 399.555 -15330.2 7.22586
539000 399.877 -15281.6 -4.25416
540000 400.529 -15259.2 -18.3645
541000 400.948 -15335 -22.1137
542000 401.505 -15262.1 27.1174
543000 400.531 -15294.6 -42.2781
544000 402.017 -15263.8 25.9145
545000 399.953 -15313.6 -4.35433
546000 401.286 -15178.1 39.0375
547000 401.711 -15224.7 6.75516
548000 401.017 -15264.8 -23.7137
549000 398.315 -15318.8 19.2212
550000 401.54 -15292.5 16.6487
551000 399.22 -15297.5 -21.3202
552000 401.379 -15204.8 15.5713
553000 400.239 -15268 -17.6622
554000 401.357 -15254.6 -4.49011
555000 401.154 -15248.3 4.65616
556000 401.073 -15348.2 -4.75107
557000 400.901 -15223.2 -14.8095
558000 400.462 -15245.3 17.6853
559000 400.439 -15254.6 21.1061
560000 399.691 -15314.9 -1.68625
561000 400.924 -15225.9 2.93363
562000 399.429 -15192.1 18.7287
563000 400.22 -15218.8 -6.61503
564000 399.676 -15290.4 17.2791
565000 397.463 -15249.3 -0.08267
566000 399.933 -15224.3 8.88558
567000 401.168 -15260.1 17.1195
568000 401.512 -15278.2 -18.3235
569000 400.929 -15234.4 -7.42704
570000 400 -15228.4 13.4734
571000 400.492 -15245.6 22.8689
572000 399.275 -15262.5 -12.5786
573000 399.554 -15292.6 -36.9958
574000 401.916 -15231.3 -20.2925
575000 400.892 -15209.2 10.9832
576000 401.121 -15227.4 22.0274
577000 399.543 -15257.3 -3.48892
578000 401.989 -15290.1 -0.338405
579000 399.699 -15293.6 21.7989
580000 400.739 -15232.2 -17.162
581000 399.918 -15200.7 0.535258
582000 399.668 -15259.5 6.36469
583000 400.643 -15205.5 -29.3993
584000 400.481 -15161.1 21.3202
585000 398.584 -15235.2 -2.96611
586000 403.738 -15220.7 -11.406
587000 398.89 -15256.3 -4.22638
588000 402.719 -15165.3 -7.65326
589000 400.657 -15238.8 -9.19073
590000 400.478 -15226.6 7.46446
591000 400.643 -15229.4 10.3671
592000 400.137 -15271.6 -15.9037
593000 400.101 -15245 -3.61674
594000 399.322 -15221.9 -16.2228
595000 399.236 -15203.2 -35.6561
596000 401.058 -15191.2 -7.46112
597000 399.994 -15254.3 5.76966
598000 398.11 -15238.7 -14.1082
599000 398.951 -15217.2 4.83292
600000 401.247 -15219.4 -4.5982
601000 400.28 -15161 2.2884
602000 400.917 -15091.7 30.9436
603000 398.392 -15198.6 -18.5125
604000 401.907 -15201.8 -15.3413
605000 400.07 -15241.9 3.88749
606000 398.953 -15265.3 6.11769
607000 400.938 -15259.3 7.35737
608000 399.19 -15288.4 15.2189
609000 400.296 -15236.8 -55.2809
610000 400.307 -15250.8 -3.64667
611000 398.808 -15281.2 36.7284
612000 400.636 -15239.8 -31.5722
613000 397.456 -15411.2 5.11689
614000 399.706 -15353.2 -8.61548
615000 401.615 -15211.5 25.8973
616000 401.085 -15262 -10.0797
617000 398.949 -15276.7 -15.1634
618000 399.901 -15230.3 12.2771
619000 400.53 -15258.7 5.88111
620000 400.924 -15261.7 -14.6607
621000 399.897 -15261 11.0841
622000 400.075 -15291.8 -5.28579
623000 400.287 -15261.1 15.2164
624000 400.307 -15321.7 9.90019
625000 400.592 -15292.8 13.0577
626000 399.248 -15229.9 1.30193
627000 400.405 -15269.1 6.94984
628000 399.078 -15320.4 25.5088
629000 399.805 -15325 4.57937
630000 401.157 -15262.4 -8.26063
631000 400.742 -15222.6 4.56411
632000 396.778 -15340.5 -7.20782
633000 400.168 -15266.7 -24.1382
634000 399.91 -15285.5 46.9023
635000 399.675 -15251.6 0.249425
636000 400.435 -15270.1 16.9991
637000 400.507 -15252.5 22.0359
638000 400.618 -15318 -6.11341
639000 398.227 -15363.9 -8.46107
640000 400.186 -15242.1 28.6089
641000 401.06 -15261.3 -19.918
642000 399.167 -15240.7 25.4507
643000 400.71 -15251.6 7.3759
644000 402.356 -15269.2 -18.165
645000 398.708 -15282.8 -2.83816
646000 399.762 -15266.6 39.6768
647000 400.301 -15221.9 -5.30936
648000 396.768 -15315.3 8.8623
649000 398.831 -15257.9 3.73036
650000 398.674 -15244.5 16.2052
651000 400.727 -15277.5 24.9639
652000 399.534 -15277 -37.7719
653000 401.298 -15224.4 42.2311
654000 400.338 -15308.2 -9.1722
655000 402.678 -15250.7 18.8069
656000 398.989 -15292.3 -17.6071
657000 399.81 -15279.4 28.3833
658000 400.797 -15226.3 10.4038
659000 400.93 -15217 5.12358
660000 399.593 -15264 -17.1295
661000 398.831 -15236.6 9.99743
662000 399.901 -15334.3 13.3074
663000 399.924 -15335.9 14.505
664000 397.874 -15282.1 -12.9577
665000 399.753 -15212 12.2461
666000 397.675 -15247.1 15.2657
667000 400.437 -15247.1 9.08551
668000 399.064 -15236.2 -6.35209
669000 400.214 -15211.9 9.56647
670000 401.422 -15195.8 -2.22906
671000 400.492 -15296.8 -8.68
672000 398.282 -15304.3 30.3579
673000 399.692 -15286.4 11.0008
674000 401.317 -15246.9 13.1707
675000 399.489 -15245.2 12.4343
676000 400.621 -15231.3 -1.07668
677000 397.672 -15283.8 12.5731
678000 399.184 -15300.4 -7.13603
679000 399.363 -15302.1 -6.25954
680000 400.341 -15284.5 -4.06771
681000 400.449 -15275.7 28.1378
682000 399.467 -15253.9 31.4532
683000 401.591 -15182.9 -18.5382
684000 401.079 -15259.6 9.96182
685000 398.718 -15209.2 -35.2252
686000 401.022 -15228.5 30.6909
687000 399.894 -15295.3 -45.2513
688000 401.564 -15197.8 5.65509
689000 402.075 -15175.1 0.576357
690000 400.35 -15284.7 -12.5315
691000 401.897 -15229.7 -9.03911
692000 400.987 -15279.1 22.4525
693000 401.899 -15295.4 5.03526
694000 400.646 -15262.2 12.2025
695000 400.4 -15265.3 -3.3496
696000 401.114 -15192.5 3.4632
697000 400.414 -15292.2 2.94318
698000 402.799 -15217.7 -22.2675
699000 399.98 -15294.9 2.41647
700000 401.973 -15204.8 5.97061
701000 400.187 -15244.2 -9.81254
702000 400.594 -15320.6 -1.9192
703000 401.841 -15279.3 -17.1068
704000 398.586 -15344.3 -1.26597
705000 397.72 -15288 56.0876
706000 399.215 -15249.5 24.568
707000 401.108 -15241 9.48456
708000 401.087 -15321 -13.6958
709000 402.566 -15244.7 -29.597
710000 399.479 -15296.7 -6.25222
711000 400.813 -15347.2 -11.5452
712000 401.611 -15261 35.553
713000 399.858 -15278 35.3695
714000 399.15 -15307.6 8.26644
715000 400.553 -15330.6 -4.98692
716000 401.657 -15253 -14.6819
717000 399.506 -15282.8 36.3927
718000 400.033 -15284.7 -10.9155
719000 398.458 -15289.6 14.2155
720000 399.932 -15253.6 13.0859
721000 398.483 -15334.5 -5.03286
722000 398.657 -15355 -10.8964
723000 401.8 -15278.7 13.7874
724000 399.867 -15318.4 -25.8076
725000 398.998 -15300.2 14.5454
726000 400.384 -15264.1 11.067
727000 397.762 -15361.5 38.0548
728000 399.127 -15361.3 -12.1558
729000 400.521 -15344.1 5.98034
730000 399.519 -15354.4 11.0225
731000 399.979 -15286 -57.1004
732000 402.218 -15276.5 15.948
733000 399.777 -15278.9 -35.6408
734000 401.151 -15254.5 30.3713
735000 398.521 -15346.4 1.59808
736000 398.414 -15335.3 -5.99268
737000 401.171 -15335.9 43.493
738000 397.615 -15342.6 -3.76571
739000 401.095 -15235.5 -20.6048
740000 399.732 -15301.4 -23.006
741000 397.856 -15310.2 35.7932
742000 399.142 -15317.3 -8.56794
743000 400.181 -15267.2 -8.34476
744000 399.585 -15235.5 16.8783
745000 397.944 -15306.7 -15.1793
746000 400.759 -15268.2 26.126
747000 402.825 -15258.2 35.6071
748000 399.967 -15310.2 35.0319
749000 401.891 -15230.5 -25.959
750000 399.983 -15262.4 2.4483
751000 399.395 -15291.9 11.9775
752000 399.807 -15310.8 10.8674
753000 400.737 -15274.2 4.97264
754000 398.816 -15300.3 5.05843
755000 398.725 -15299.4 -3.77951
756000 400.146 -15304.8 30.3347
757000 399.025 -15304 -17.2312
758000 399.569 -15321.6 -3.54778
759000 399.04 -15262.3 11.2074
760000 400.084 -15279.6 14.9402
761000 399.94 -15299.3 6.8467
762000 399.147 -15264.7 -18.0596
763000 400.275 -15276.6 11.2223
764000 399.956 -15225.2 -29.1206
765000 400.964 -15288.9 29.442
766000 402.788 -15224.8 -16.9619
767000 400.713 -15227.5 -3.55388
768000 401.282 -15236.6 21.6488
769000 399.464 -15310.2 -25.9959
770000 400.102 -15234.5 0.21953
771000 398.902 -15339.4 3.13728
772000 401.318 -15244.9 20.4674
773000 399.3 -15276.9 14.8372
774000 399.795 -15264.2 -5.12699
775000 399.28 -15235.1 -39.07
776000 401.618 -15265.1 -4.42091
777000 401.815 -15299.8 14.7934
778000 400.827 -15251 12.2615
779000 399.736 -15351.6 -18.1041
780000 400.251 -15345.5 -10.3434
781000 397.908 -15308.8 2.1161
782000 400.573 -15357.8 19.5043
783000 400.114 -15320.5 21.7096
784000 399.652 -15310.3 1.97884
785000 399.277 -15349 1.9197
786000 397.095 -15312.4 9.05144
787000 398.844 -15337 -20.2182
788000 399.331 -15353.3 -15.4375
789000 398.78 -15316 26.8012
790000 398.38 -15285.3 14.7884
791000 400.262 -15239.4 26.659
792000 400.833 -15268.3 -49.1638
793000 401.786 -15222.5 11.2251
794000 400.777 -15257.2 13.6146
795000 399.858 -15264.3 5.02847
796000 398.568 -15294.3 63.1754
797000 399.502 -15265.7 -26.6689
798000 398.239 -15385.2 21.559
799000 399.568 -15292.9 3.06869
800000 402.432 -15193.3 16.8255
801000 400.535 -15195.7 -26.7978
802000 400.255 -15294 4.59584
803000 399.005 -15281.2 10.1937
804000 399.131 -15296.1 23.2659
805000 399.904 -15276.6 0.495204
806000 400.429 -15168.8 17.2738
807000 400.759 -15273.2 19.421
808000 402.327 -15220.8 -20.4478
809000 400.013 -15252.2 6.5029
810000 398.616 -15311.3 -26.9789
811000 400.81 -15245.2 43.1422
812000 401.349 -15265.8 42.5394
813000 400.403 -15250.1 16.3639
814000 399.986 -15224.6 -26.3439
815000 399.064 -15253 -2.80727
816000 401.068 -15202.6 21.0651
817000 401.456 -15252.5 -45.1035
818000 401.088 -15264.1 15.9218
819000 400.304 -15245.2 -3.44118
820000 400.2 -15277.8 12.9903
821000 398.002 -15296.3 -1.82037
822000 400.29 -15275.4 0.931856
823000 400.162 -15291.2 39.1991
824000 400.171 -15268.3 -9.6901
825000 400.536 -15235.6 -20.2285
826000 401.266 -15176.7 4.29371
827000 398.813 -15320.9 16.4847
828000 400.946 -15199 37.6848
829000 399.396 -15292.1 -14.3382
830000 400.819 -15198.7 6.93797
831000 398.962 -15221.9 -24.3137
832000 398.87 -15252.2 9.18411
833000 403.008 -15228.3 -22.2332
834000 399.432 -15241.4 17.5885
835000 400.228 -15205.8 -16.2118
836000 402.434 -15202.1 12.9421
837000 400.126 -15246.8 18.5021
838000 401.35 -15174.5 -2.28972
839000 401.271 -15218.4 -3.78463
840000 399.117 -15284.1 -7.92299
841000 400.264 -15266 -7.08459
842000 400.913 -15252.6 -1.04612
843000 399.61 -15268.3 11.6335
844000 399.031 -15248 22.8737
845000 403.519 -15165 -6.30098
846000 398.563 -15271.9 -21.6436
847000 397.859 -15269.4 37.7457
848000 400.311 -15214.5 -31.2176
849000 398.749 -15236.7 9.21485
850000 402.67 -15159.5 3.38546
851000 400.547 -15201.1 3.7906
852000 398.557 -15264.7 -3.56122
853000 400.54 -15280.1 39.5299
854000 398.321 -15257.9 4.58984
855000 401.366 -15239.2 10.2275
856000 398.859 -15214.1 13.0978
857000 400.728 -15162 -33.8186
858000 400.577 -15179.2 10.0489
859000 399.111 -15177.9 4.48427
860000 398.599 -15229.9 7.64717
861000 400.038 -15245.2 -30.5427
862000 399.66 -15239.9 33.6067
863000 398.896 -15266.7 5.5348
864000 401.484 -15273.4 -14.311
865000 399.617 -15286.4 -3.26531
866000 399.445 -15286.1 -12.6297
867000 399.967 -15266 12.6214
868000 399.217 -15300.5 34.761
869000 398.032 -15350.7 -14.0836
870000 398.239 -15302.3 3.91873
871000 401.098 -15179.5 -16.6786
872000 401.202 -15274 -3.5656
873000 399.815 -15182.8 4.9641
874000 400.987 -15265.5 8.23525
875000 401.116 -15199.2 -8.25188
876000 400.783 -15229.8 4.04729
877000 399.511 -15238.8 19.979
878000 401.424 -15242.5 -2.73682
879000 399.828 -15246 -3.1899
880000 399.911 -15271 -5.25794
881000 398.924 -15359.1 -21.5925
882000 399.42 -15249.3 -42.9123
883000 401.016 -15291.6 26.5435
884000 398.509 -15306 31.772
885000 402.354 -15236.9 -10.2912
886000 400.854 -15276.1 -25.8129
887000 398.986 -15258 21.8522
888000 399.659 -15241.5 5.31327
889000 399 -15317.6 34.2057
890000 402.292 -15266 10.4076
891000 400.792 -15317 -34.2098
892000 401.855 -15286.3 -20.758
893000 400.929 -15266 -7.53127
894000 401.906 -15249.9 26.5225
895000 399.602 -15283.1 -7.1265
896000 400.884 -15283.7 17.5693
897000 399.304 -15262.8 -14.0416
898000 399.838 -15260.4 -15.5903
899000 400.423 -15302.4 -24.5034
900000 398.684 -15252.8 39.6606
901000 398.618 -15295.3 -2.5113
902000 399.93 -15224 -15.6934
903000 399.158 -15290.5 -0.176915
904000 397.934 -15331.7 -35.9181
905000 400.07 -15266.9 13.849
906000 399.765 -15272.3 0.208791
907000 398.196 -15286.6 32.1224
908000 399.245 -15249.5 -5.40277
909000 401.07 -15261.2 -33.0583
910000 397.116 -15299.7 9.26113
911000 399.763 -15336.3 -43.9994
912000 400.347 -15322.1 22.0232
913000 400.361 -15291.4 -17.9839
914000 398.778 -15338.4 19.7799
915000 400.87 -15332 -12.1234
916000 399.612 -15206.6 21.009
917000 400.336 -15312.1 -35.4231
918000 399.787 -15279.1 33.191
919000 399.93 -15300.1 3.84431
920000 400.641 -15203.5 11.275
921000 400.868 -15288.7 -1.58929
922000 402.588 -15296.3 -16.3317
923000 400.292 -15300.9 11.5826
924000 399.071 -15296.2 8.34961
925000 398.458 -15299.6 26.6135
926000 398.906 -15308.8 -0.812107
927000 398.925 -15226.6 17.0845
928000 401.889 -15208.6 -0.793687
929000 400.099 -15271.5 -6.66779
930000 399.798 -15272.3 -40.385
931000 399.063 -15301.4 11.6316
932000 401.347 -15218.8 1.3997
933000 398.71 -15301.7 -7.60899
934000 400.156 -15234.1 58.3988
935000 400.767 -15176.1 1.31185
936000 401.321 -15261.3 -26.5597
937000 400.061 -15277.3 -31.5711
938000 399.794 -15259.8 27.5179
939000 401.32 -15201.7 5.56732
940000 400.395 -15203.6 -0.00732328
941000 401.065 -15247.5 -20.1545
942000 399.47 -15308.5 15.1172
943000 399.965 -15247.7 36.3344
944000 398.87 -15222.3 2.16894
945000 397.602 -15333.7 -29.0976
946000 397.8 -15309.6 10.1362
947000 400.245 -15285.2 -7.01801
948000 398.163 -15345.9 -11.4778
949000 401.567 -15233.3 -1.29572
950000 403.207 -15162.4 11.7863
951000 399.576 -15262.5 -6.12911
952000 401.05 -15232.1 -13.5742
953000 401.168 -15222.9 -10.9982
954000 401.042 -15307 -15.8069
955000 400.545 -15164.8 8.01719
956000 399.537 -15295.6 41.572
957000 398.862 -15357.1 -30.6615
958000 398.493 -15329.3 30.5165
959000 399.459 -15276.5 16.2755
960000 399.6 -15245.1 -37.9663
961000 398.147 -15320.8 -8.57074
962000 401.295 -15225.8 12.304
963000 400.531 -15241.5 21.2595
964000 400.219 -15268.9 -18.8314
965000 398.65 -15290.2 27.8308
966000 401.353 -15200.2 -6.924
967000 400.021 -15281.3 -16.2514
968000 400.243 -15274.7 -11.8006
969000 400.705 -15275.1 3.15613
970000 399.521 -15294.3 3.44089
971000 399.293 -15314.5 -0.369635
972000 402.482 -15235.9 -9.0525
973000 398.594 -15285.3 11.8757
974000 397.995 -15279.3 0.274581
975000 400.031 -15310.9 39.2448
976000 399.848 -15346.2 -19.7681
977000 400.596 -15311.1 -11.8194
978000 399.512 -15305.8 -14.4334
979000 401.738 -15293.6 11.9683
980000 400.851 -15262.2 -26.6283
981000 398.806 -15347 17.3258
982000 400.979 -15301.7 -16.6585
983000 399.889 -15364 -17.2777
984000 399.116 -15321 -28.2267
985000 399.458 -15287.4 54.0382
986000 400.158 -15295.2 43.9649
987000 400.328 -15310.5 8.54904
988000 398.223 -15317.3 16.3351
989000 401.098 -15254.7 30.341
990000 398.606 -15285.1 -8.38532
991000 399.2 -15284.6 -14.545
992000 402.042 -15277.1 -1.02024
993000 401.179 -15270.9 -13.7654
994000 399.623 -15271.2 11.448
995000 398.321 -15280.6 -13.6598
996000 399.146 -15202.7 11.0952
997000 401.578 -15182.2 1.71847
998000 401.409 -15249.4 -19.2085
999000 399.06 -15308.3 -14.8243
1000000 400.7 -15238.2 11.6177
1001000 399.01 -15245 17.4813
1002000 399.271 -15317.9 -31.8587
1003000 399.734 -15335 -22.0614
1004000 402.564 -15324.4 -17.456
1005000 400.3 -15332.9 19.1093
1006000 399.74 -15291.3 -1.89362
1007000 401.168 -15225.2 -14.7507
1008000 399.53 -15191.3 0.433049
1009000 400.54 -15213.8 29.6598
1010000 398.375 -15270.3 19.6808
1011000 399.655 -15332.9 -20.5705
1012000 397.692 -15377.2 7.08683
1013000 400.665 -15159.2 -11.3172
1014000 400.033 -15192.3 15.1788
1015000 397.988 -15300.8 2.1177
1016000 401.152 -15285 15.2938
1017000 401.153 -15211 -14.3703
1018000 398.779 -15288.1 16.1923
1019000 398.448 -15290.1 15.325
1020000 399.435 -15295.3 -27.3391
1021000 398.451 -15344.9 2.17622
1022000 400.011 -15297.5 24.6789
1023000 399.129 -15312.3 27.1045
1024000 400.981 -15288.9 -43.2242
1025000 399.641 -15304.4 14.5493
1026000 400.882 -15314.4 15.6494
1027000 400.67 -15325.1 -3.09227
1028000 398.947 -15258.5 5.52732
1029000 401.799 -15243.5 -0.870527
1030000 400.244 -15251.1 10.0924
1031000 399.22 -15269 -25.4474
1032000 400.906 -15224.1 -4.33979
1033000 398.8 -15337.4 -24.3343
1034000 398.607 -15350.5 37.6743
1035000 399.122 -15327.6 -1.64058
1036000 399.661 -15277.4 -3.16497
1037000 399.968 -15308.5 8.49745
1038000 400.851 -15290.7 -3.06035
1039000 399.965 -15289.2 6.98298
1040000 402.709 -15241.6 37.5472
1041000 400.717 -15297.2 -13.7651
1042000 400.226 -15349.3 -7.87774
1043000 401.174 -15250.6 12.0706
1044000 400.747 -15335.4 12.6725
1045000 399.657 -15314.4 -3.65837
1046000 400.939 -15330.5 7.08319
1047000 400.225 -15288.9 -10.9051
1048000 401.647 -15211.4 -17.5171
1049000 398.047 -15272.8 18.2089
1050000 399.114 -15315.7 -24.3191
1051000 400.338 -15344.5 14.3276
1052000 399.992 -15303.5 18.9635
1053000 399.918 -15278.3 -9.67827
1054000 399.727 -15236.5 28.2275
1055000 401.151 -15300.8 -10.9164
1056000 400.41 -15323.2 -0.37166
1057000 401.713 -15274.6 29.5569
1058000 400.294 -15346.1 11.8192
1059000 401.901 -15351.6 -36.1814
1060000 399.278 -15423.3 8.24017
1061000 399.8 -15373.1 -15.7111
1062000 400.164 -15309.8 -3.40908
1063000 399.417 -15366.5 14.9264
1064000 400.178 -15377.2 11.687
1065000 399.338 -15363.9 -0.68015
1066000 399.348 -15362.3 -11.7508
1067000 400.038 -15291.9 27.2118
1068000 399.41 -15388.2 -19.4981
1069000 399.692 -15351.5 -30.3151
1070000 400.045 -15278.6 14.5664
1071000 400.483 -15271.9 29.3097
1072000 401.598 -15294.3 -17.7794
1073000 400.055 -15350.9 35.9891
1074000 399.428 -15308 8.80771
1075000 401.115 -15232.3 9.28265
1076000 399.156 -15342.9 9.57766
1077000 398.725 -15396.5 -6.82878
1078000 399.174 -15369.2 26.8166
1079000 399.631 -15304.7 8.91901
1080000 399.869 -15290.4 6.07196
1081000 401.396 -15304.7 -40.6681
1082000 400.823 -15281 -4.10673
1083000 398.145 -15406.5 6.30142
1084000 400.186 -15296.6 -6.50451
1085000 399.635 -15297.9 17.977
1086000 399.884 -15303.7 9.50316
1087000 398.296 -15369.6 -3.87928
1088000 398.811 -15344.1 6.00858
1089000 399.696 -15371 10.8156
1090000 401.057 -15316.3 -37.5152
1091000 398.179 -15348.6 -12.0022
1092000 400.698 -15278 27.5862
1093000 402.725 -15259.3 17.7957
1094000 400.749 -15186.2 -2.99027
1095000 399.595 -15282.8 -9.6475
1096000 399.606 -15299.1 -20.2462
1097000 399.217 -15250.6 25.8373
1098000 400.041 -15239.5 10.9861
1099000 397.995 -15344.1 -5.84486
1100000 399.56 -15266.8 9.46516
1101000 400.77 -15266.4 -36.9545
1102000 399.396 -15317.8 3.08389
1103000 397.407 -15292.9 2.98294
1104000 399.648 -15219.8 19.489
1105000 398.703 -15309.7 2.90006
1106000 399.228 -15297.3 -1.69751
1107000 399.339 -15293.9 -29.6914
1108000 399.059 -15275.3 38.9909
1109000 400.724 -15191.5 0.827566
1110000 399.437 -15213.1 -18.852
1111000 401.021 -15228.1 15.4347
1112000 398.384 -15288.1 -9.02066
1113000 401.357 -15203.7 -10.6813
1114000 399.92 -15228.7 14.8775
1115000 399.645 -15243.3 8.73181
1116000 399.172 -15286.1 -5.97143
1117000 397.742 -15301.8 6.018
1118000 401.992 -15192 -36.5393
1119000 400.332 -15177.9 28.4565
1120000 399.176 -15279.8 -34.1704
1121000 398.763 -15229.2 -3.70981
1122000 400.009 -15195.1 4.75412
1123000 397.688 -15295.9 -10.0113
1124000 400.089 -15250 -45.2982
1125000 400.674 -15219.6 8.73362
1126000 399.318 -15301.3 -1.38769
1127000 400.784 -15217.1 29.3912
1128000 401.594 -15153.6 8.27331
1129000 399.384 -15258.7 -9.99899
1130000 400.971 -15217.5 -1.17975
1131000 401.257 -15179.3 11.6227
1132000 401.409 -15215.9 16.3317
1133000 400.205 -15313.4 -9.7749
1134000 398.296 -15246.7 4.41883
1135000 401.231 -15198.5 4.16737
1136000 399.504 -15196.8 -1.07942
1137000 400.927 -15250 -8.9478
1138000 401.252 -15225.6 -19.1593
1139000 400.546 -15208.6 -5.36479
1140000 400.234 -15244.1 13.1971
1141000 400.282 -15253 12.2584
1142000 398.859 -15270.2 22.1611
1143000 399.985 -15222.7 22.3263
1144000 400.435 -15248 -13.48
1145000 402.103 -15195.7 4.2664
1146000 399.207 -15243.7 -23.9628
1147000 400.284 -15248.5 4.53999
1148000 399.643 -15252.6 4.47143
1149000 401.334 -15223.4 1.30941
1150000 399.292 -15279 20.7499
1151000 401.919 -15166.2 41.0197
1152000 400.965 -15252.1 -20.1836
1153000 400.838 -15223.2 0.527037
1154000 398.766 -15324.4 -16.9259
1155000 400.424 -15246.2 1.87669
1156000 400.931 -15257.5 39.2661
1157000 400.007 -15189.8 1.58128
1158000 402.733 -15231.3 -1.32879
1159000 401.631 -15330.6 -15.7857
1160000 401.129 -15266.1 0.71975
1161000 399.857 -15249.2 8.74379
1162000 401.767 -15300.2 -13.2573
1163000 400.884 -15210.7 17.0089
1164000 398.588 -15253.6 -13.9202
1165000 398.45 -15347.2 22.5994
1166000 401.305 -15260.3 9.91109
1167000 398.503 -15245 -11.716
1168000 399.709 -15221.4 -2.69987
1169000 400.464 -15240 4.29948
1170000 397.86 -15344.8 -0.574067
1171000 400.542 -15234.6 24.706
1172000 400.342 -15255.5 18.3059
1173000 399.808 -15256.8 -34.9416
1174000 401.833 -15191.9 -4.13989
1175000 400.41 -15268.9 -1.94488
1176000 398.394 -15255.7 -3.0874
1177000 400.594 -15244.3 10.0402
1178000 400.59 -15257.9 15.2622
1179000 400.045 -15226.7 10.3409
1180000 400.989 -15220.8 1.73207
1181000 400.838 -15266.4 7.31508
1182000 399.788 -15245.7 23.3266
1183000 401.088 -15240 -10.8512
1184000 400.213 -15224.9 -15.5978
1185000 399.996 -15143.9 4.05907
1186000 399.322 -15232.5 -20.9282
1187000 400.75 -15225.3 22.4006
1188000 401.287 -15156.9 19.6376
1189000 400.638 -15199.5 -36.6421
1190000 400.748 -15193.4 4.01569
1191000 398.534 -15291.6 -11.4119
1192000 398.731 -15260.2 28.7239
1193000 400.894 -15216.9 8.00006
1194000 401.042 -15231.1 -13.9745
1195000 399.33 -15262.8 -42.3302
1196000 398.527 -15232 34.6226
1197000 399.489 -15211.7 4.91046
1198000 399.556 -15164.1 17.2002
1199000 400.366 -15185.9 -1.6136
1200000 399.832 -15197.7 -25.2196
1201000 398.987 -15218.7 24.3592
1202000 401.009 -15220.8 -4.17292
1203000 399.534 -15195.5 -28.6973
1204000 398.685 -15225 23.6725
1205000 400.46 -15232.6 48.9498
1206000 400.067 -15171.4 -17.5354
1207000 400.182 -15247 -35.5339
1208000 399.019 -15297 -5.8909
1209000 397.88 -15245.1 4.40259
1210000 399.504 -15216.2 5.28403
1211000 400.569 -15245.6 -14.6344
1212000 400.509 -15229.8 6.45976
1213000 400.202 -15248.1 -22.5138
1214000 399.388 -15241.3 -20.3669
1215000 401.378 -15225.5 53.306
1216000 399.672 -15299.2 -39.7865
1217000 401.079 -15246.1 12.2176
1218000 400.44 -15255.5 14.0485
1219000 399.632 -15298.2 -7.95156
1220000 399.941 -15179 21.1536
1221000 401.967 -15223.4 11.585
1222000 401.496 -15124.6 0.622728
1223000 399.887 -15245.8 -27.1865
1224000 400.367 -15207.9 -24.2182
1225000 398.905 -15255.5 14.7181
1226000 400.214 -15266 -2.54134
1227000 400.465 -15254.2 0.0747258
1228000 402.136 -15141.5 -0.542549
1229000 399.17 -15182.8 -21.0218
1230000 397.726 -15219.1 -5.466
1231000 402.434 -15147.5 44.2892
1232000 401.92 -15144.3 -1.69003
1233000 400.959 -15177.3 -22.4323
1234000 400.47 -15135.8 25.231
1235000 400.199 -15217.7 29.1679
1236000 399.842 -15193.4 23.1731
1237000 398.714 -15217.9 7.77882
1238000 399.055 -15220.8 21.8605
1239000 399.432 -15207.5 -15.9554
1240000 398.436 -15248.1 12.8359
1241000 399.833 -15257.4 31.5293
1242000 398.645 -15209 -7.19245
1243000 399.162 -15215.3 0.544693
1244000 400.52 -15225.6 -2.10299
1245000 401.589 -15198.6 3.67458
1246000 400.383 -15223.8 1.11851
1247000 399.746 -15265.2 -24.1731
1248000 398.831 -15230.6 2.50521
1249000 401.029 -15175.9 8.2181
1250000 402.254 -15164.6 18.5767
1251000 400.49 -15132.6 -11.5445
1252000 399.927 -15157.2 -9.09907
1253000 400.658 -15172.3 23.6109
1254000 398.898 -15224 2.69112
1255000 398.83 -15196.9 2.70014
1256000 400.074 -15221.2 15.844
1257000 399.033 -15228.7 3.06209
1258000 398.992 -15202.3 17.046
1259000 399.535 -15183.7 -56.0824
1260000 400.151 -15187.2 29.5085
1261000 400.143 -15242.6 8.6123
1262000 399.289 -15211.1 17.4161
1263000 400.427 -15249.7 13.042
1264000 399.714 -15277.1 10.7463
1265000 401.551 -15156 -9.53269
1266000 401.366 -15265.2 -13.4309
1267000 400.824 -15194.2 23.9278
1268000 400.654 -15202.1 0.251616
1269000 400.594 -15226.4 16.2237
1270000 399.376 -15216.1 -11.1069
1271000 399.563 -15241.1 20.5778
1272000 400.471 -15197.9 -0.525226
1273000 400.69 -15205.5 -34.8029
1274000 401.464 -15224.9 4.31153
1275000 400.198 -15188.7 16.3963
1276000 398.489 -15235.2 -17.2812
1277000 399.014 -15237.1 -7.76253
1278000 399.981 -15201.3 1.96222
1279000 399.04 -15290.4 -21.4142
1280000 398.601 -15228.4 9.87699
1281000 400.204 -15180.3 -22.3579
1282000 400.66 -15136.3 38.8035
1283000 401.064 -15158.7 -16.3066
1284000 398.994 -15215.7 25.9428
1285000 400.1 -15210.6 -13.3572
1286000 398.974 -15273.5 10.5391
1287000 400.785 -15201.4 -10.5668
1288000 400.465 -15230.2 -14.6631
1289000 401.64 -15171.7 -21.2094
1290000 400.06 -15189.6 -1.50331
1291000 398.612 -15226.9 -7.20028
1292000 401.595 -15152.6 6.50667
1293000 400.447 -15175.6 4.54861
1294000 398.667 -15173.7 15.3839
1295000 398.998 -15195.9 9.55122
1296000 397.584 -15237.1 -24.4225
1297000 399.814 -15199.2 6.43428
1298000 400.779 -15199.4 -26.0449
1299000 400.171 -15156.1 31.1215
1300000 399.547 -15192.4 -23.294
1301000 399.658 -15278.1 20.2667
1302000 400.867 -15179.2 -20.0275
1303000 399.512 -15185.7 -2.19997
1304000 400.823 -15129.2 8.85492
1305000 399.077 -15217.4 -11.3585
1306000 399.234 -15207.3 2.73057
1307000 401.988 -15168.6 -8.5083
1308000 399.936 -15178.3 21.5927
1309000 400.328 -15221.7 -29.6917
1310000 401.324 -15152.6 13.3754
1311000 398.763 -15190.4 27.9831
1312000 400.002 -15224.3 4.39226
1313000 398.988 -15172.9 23.0761
1314000 400.049 -15161.4 -25.0911
1315000 400.089 -15180 12.2859
1316000 399.388 -15221.2 -24.3453
1317000 400.247 -15258.2 -3.49704
1318000 398.276 -15289.9 -31.4531
1319000 401.55 -15166.6 14.376
1320000 401.032 -15256.7 -32.2356
1321000 400.475 -15228.6 -15.4664
1322000 399.981 -15235.6 -8.62363
1323000 398.792 -15251.3 27.2489
1324000 399.128 -15279.2 5.37315
1325000 401.153 -15232.7 -10.4163
1326000 401.212 -15214.3 -0.195422
1327000 400.233 -15317.8 5.12101
1328000 397.975 -15280.5 6.63675
1329000 401.011 -15211 11.8792
1330000 401.124 -15285.5 -14.0112
1331000 400.098 -15234.3 -23.2203
1332000 398.861 -15256.6 7.42815
1333000 400.26 -15201.7 9.1501
1334000 399.74 -15252 7.55795
1335000 398.653 -15232.3 -25.3457
1336000 401.707 -15174.4 20.1188
1337000 399.109 -15213.2 0.47962
1338000 399.82 -15217.9 -6.0485
1339000 399.818 -15277 5.37451
1340000 400.251 -15232.5 30.3606
1341000 399.444 -15176.2 28.7611
1342000 398.626 -15267.4 10.0198
1343000 400.327 -15241.2 -7.87421
1344000 400.778 -15220.1 -20.2282
1345000 399.137 -15268.2 10.8355
1346000 397.552 -15281.4 26.4607
1347000 400.067 -15254.1 -26.1713
1348000 399.557 -15232.1 26.8175
1349000 402.369 -15167.4 31.791
1350000 400.06 -15224.3 -37.7271
1351000 399.272 -15280.8 29.8902
1352000 401.786 -15184.5 -21.8767
1353000 399.587 -15260.8 21.4647
1354000 399.521 -15282.5 -16.5057
1355000 398.303 -15346.2 7.46875
1356000 400.951 -15274.6 3.45232
1357000 398.856 -15276.2 16.3302
1358000 401.147 -15189 -3.95573
1359000 399.46 -15223 -11.7368
1360000 401.477 -15299.5 -29.522
1361000 401.101 -15261.6 -21.3412
1362000 398.435 -15283.5 36.2412
1363000 400.977 -15197.9 12.6876
1364000 400.154 -15255.2 15.4354
1365000 401.517 -15181.7 -5.08776
1366000 401.271 -15235.2 1.57375
1367000 402.191 -15254 -5.81944
1368000 400.759 -15258.3 2.18238
1369000 399.837 -15276.8 1.65686
1370000 400.349 -15225.4 -15.5787
1371000 400.989 -15221.9 15.6782
1372000 401.332 -15239.4 -5.02554
1373000 399.952 -15230.9 -2.56746
1374000 401.135 -15246.7 -32.132
1375000 401.06 -15248.8 -7.67149
1376000 400.714 -15253.9 12.7628
1377000 400.651 -15217.1 26.7395
1378000 400.34 -15248 -10.485
1379000 399.997 -15252.7 3.40566
1380000 401.133 -15243.8 -9.89818
1381000 399.71 -15237.6 6.63897
1382000 399.262 -15250.4 -1.15925
1383000 400.774 -15246.7 7.86825
1384000 400.233 -15257.8 -14.5109
1385000 400.171 -15293.2 15.9165
1386000 402.105 -15275 -42.0582
1387000 400.884 -15251.6 -3.76419
1388000 399.552 -15242.7 35.6779
1389000 398.842 -15263 6.58884
1390000 401.595 -15231.1 -7.51967
1391000 398.412 -15310.8 19.1399
1392000 399.029 -15293.8 6.86877
1393000 400.692 -15304.7 -2.97483
1394000 400.118 -15248.8 -20.2111
1395000 399.76 -15286.2 -7.57391
1396000 399.927 -15288.5 -8.6833
1397000 398.264 -15348.6 4.62352
1398000 398.997 -15298.1 -7.90675
1399000 400.949 -15291.6 -8.81605
1400000 399.108 -15328 -11.8149
1401000 398.474 -15270 28.136
1402000 400.464 -15249.4 -9.98582
1403000 400.321 -15228.1 39.0974
1404000 401.37 -15134.1 20.9392
1405000 399.224 -15228.6 -23.6645
1406000 399.097 -15222.4 9.53051
1407000 402.366 -15232.1 23.9033
1408000 399.507 -15286.4 -32.5638
1409000 401.728 -15210.8 22.5252
1410000 399.284 -15287.1 -23.3539
1411000 399.797 -15303.6 25.3035
1412000 401.624 -15263.7 10.0783
1413000 402.092 -15191.2 -10.1431
1414000 400.956 -15224.2 30.4183
1415000 396.913 -15363 -36.7648
1416000 400.185 -15249.5 -6.28471
1417000 400.15 -15281.7 5.02201
1418000 399.906 -15325.7 -8.81319
1419000 399.521 -15321.1 -14.5622
1420000 399.287 -15256.9 26.8383
1421000 401.327 -15219 6.55878
1422000 400.919 -15263.5 27.8186
1423000 399.613 -15264.8 -15.964
1424000 400.064 -15299.6 -21.925
1425000 401.695 -15237.5 10.6064
1426000 399.905 -15295.5 0.458418
1427000 400.484 -15227.3 -32.2985
1428000 401.816 -15221.6 -5.53327
1429000 401.496 -15200.2 -8.80887
1430000 400.553 -15188.7 39.958
1431000 399.062 -15252.9 8.19368
1432000 401.718 -15202.6 -6.86289
1433000 400.468 -15254.2 -9.17831
1434000 398.695 -15304.2 1.24531
1435000 399.027 -15341.9 19.043
1436000 396.539 -15360.2 -17.3865
1437000 401.263 -15282.9 -0.421727
1438000 399.471 -15272.9 -13.9448
1439000 398.634 -15258.8 -12.9413
1440000 399.591 -15189.2 7.0032
1441000 402.072 -15230.2 9.004
1442000 399.059 -15253.7 -28.4882
1443000 400.206 -15281.3 0.769587
1444000 399.485 -15266.5 11.819
1445000 400.455 -15306.6 -3.82281
1446000 398.543 -15319.5 -0.76012
1447000 398.681 -15249 -3.19246
1448000 397.247 -15268.7 24.2561
1449000 398.423 -15284.4 3.05865
1450000 400.861 -15222.9 -2.79249
1451000 399.327 -15240 -1.11316
1452000 402.201 -15224.8 11.2322
1453000 399.707 -15307.6 16.0364
1454000 399.76 -15315.2 -8.80656
1455000 399.105 -15278.4 3.66519
1456000 399.367 -15258 -34.973
1457000 400.385 -15260 12.9872
1458000 401.943 -15249.5 -3.44145
1459000 402.044 -15256.6 -39.7931
1460000 399.141 -15251.4 25.4445
1461000 399.191 -15227 6.96297
1462000 401.053 -15216.2 0.737799
1463000 401.039 -15230.8 -3.06466
1464000 400.538 -15356.1 -20.6876
1465000 400.353 -15292.9 18.7672
1466000 400.407 -15325.1 -5.01116
1467000 401.424 -15236.8 -21.3971
1468000 400.731 -15283 2.21921
1469000 400.172 -15284.7 33.5962
1470000 399.918 -15271.8 -23.3694
1471000 401.596 -15257.7 11.3328
1472000 399.696 -15278.4 -4.08174
1473000 399.373 -15244.2 -15.5346
1474000 400.206 -15226.8 3.58911
1475000 400.009 -15255.7 11.8608
1476000 401.51 -15236 -8.50629
1477000 400.119 -15231.5 -9.24815
1478000 398.84 -15280.8 15.1238
1479000 398.041 -15271.1 14.7181
1480000 400.463 -15250 -9.96096
1481000 399.729 -15242.8 -2.96401
1482000 401.631 -15254.3 11.2564
1483000 399.618 -15271.4 -8.16969
1484000 398.836 -15267.2 -40.9112
1485000 400.79 -15310.1 8.52727
1486000 399.835 -15266.6 41.4464
1487000 398.917 -15287.7 -29.3997
1488000 400.324 -15266 2.92813
1489000 401.423 -15224.6 -6.26946
1490000 398.345 -15301.3 16.4973
1491000 399.336 -15329.3 3.04042
1492000 399.942 -15354 6.20588
1493000 400.887 -15250.2 16.3211
1494000 401.625 -15336.9 -12.556
1495000 400.465 -15338.7 -6.35352
1496000 398.724 -15270.1 22.4897
1497000 400.316 -15240 14.4327
1498000 399.724 -15228.9 -19.5087
1499000 398.504 -15278.8 34.0664
1500000 400.272 -15254.3 -8.39439
1501000 399.735 -15210.5 -10.5118
1502000 400.428 -15325.8 11.6362
1503000 400.483 -15284.1 -6.97667
1504000 400.451 -15312.8 6.97019
1505000 399.508 -15298.8 1.68214
1506000 400.283 -15266.1 -20.3104
1507000 400.683 -15329.5 -9.57819
1508000 399.75 -15246.1 22.5912
1509000 398.791 -15301.2 -4.00713
1510000 399.873 -15281.6 6.02796
1511000 401.572 -15217.2 -44.2738
1512000 399.817 -15281.6 8.70092
1513000 401.812 -15279.5 25.3113
1514000 402.024 -15240.8 -17.7095
1515000 399.444 -15272.4 1.88075
1516000 398.927 -15284.4 18.6048
1517000 399.37 -15328.3 -31.5913
1518000 400.192 -15280.9 0.935827
1519000 399.939 -15314.3 -1.28469
1520000 399.828 -15213.7 13.5632
1521000 399.598 -15266.7 7.72205
1522000 398.323 -15342.1 -10.1995
1523000 397.996 -15327.4 14.4531
1524000 399.78 -15246.1 -16.5108
1525000 400.832 -15281.6 -29.275
1526000 400.72 -15252.8 -10.3222
1527000 400.12 -15337.2 -4.64054
1528000 400.299 -15289.2 -13.2768
1529000 399.557 -15307.3 4.61446
1530000 400.862 -15276 5.10824
1531000 399.283 -15324 -47.8735
1532000 398.848 -15331.5 -21.6358
1533000 400.619 -15264.6 -21.0828
1534000 399.97 -15315.3 9.27708
1535000 399.632 -15292.4 -6.85904
1536000 402.05 -15271.5 4.86605
1537000 401.212 -15216.7 -7.30909
1538000 401.351 -15258.5 -5.07075
1539000 399.898 -15328.2 9.02546
1540000 401.467 -15261.6 13.4215
1541000 398.913 -15294.2 -21.3426
1542000 400.346 -15340.8 19.3855
1543000 399.028 -15283.7 1.73925
1544000 400.078 -15274.1 12.0417
1545000 400.582 -15230.3 -8.16238
1546000 401.535 -15247.8 12.9
1547000 398.816 -15285.1 -37.1469
1548000 397.668 -15212.5 30.2569
1549000 401.656 -15272.8 -20.488
1550000 398.109 -15264.8 -2.93985
1551000 401.015 -15248.1 2.27709
1552000 401.085 -15260.3 9.70875
1553000 398.953 -15186.2 2.17667
1554000 398.214 -15264.1 10.1916
1555000 398.126 -15249.8 -18.4521
1556000 400.835 -15195.6 15.7025
1557000 398.365 -15265.2 21.5585
1558000 400.472 -15241.6 31.2401
1559000 401.794 -15190.1 -4.00213
1560000 397.659 -15244.6 -1.38856
1561000 398.748 -15226 -12.801
1562000 398.128 -15258 5.34485
1563000 399.816 -15327.1 0.916996
1564000 400.396 -15245.5 -15.3305
1565000 399.703 -15287.6 27.3172
1566000 399.705 -15269.4 -2.10176
1567000 400.294 -15276.3 -0.933487
1568000 399.878 -15243.8 -10.4589
1569000 399.523 -15264 1.33819
1570000 401.908 -15201.2 20.0421
1571000 401.599 -15252.3 -14.1598
1572000 398.821 -15239.5 1.71973
1573000 398.498 -15286.3 9.40289
1574000 400.538 -15219.9 -10.3178
1575000 399.249 -15320.7 18.1799
1576000 400.302 -15218.9 -6.45203
1577000 401.716 -15218 -6.0334
1578000 398.564 -15294.3 13.9627
1579000 400.999 -15232.7 4.49993
1580000 399.693 -15324 -8.72371
1581000 400.652 -15289.1 8.96087
1582000 399.317 -15309.7 -4.69461
1583000 401.663 -15139.7 23.0972
1584000 400.002 -15273.4 19.3582
1585000 397.392 -15257.5 -16.5129
1586000 401.198 -15214.9 1.78738
1587000 400.879 -15272.7 11.0117
1588000 402.01 -15166.2 6.65813
1589000 399.353 -15256 26.0162
1590000 399.293 -15371.5 -30.5796
1591000 400.997 -15306.8 2.27008
1592000 399.316 -15282.8 12.915
1593000 400.904 -15255.7 23.7093
1594000 400.708 -15269.8 -7.62437
1595000 400.256 -15321.1 -0.744176
1596000 402.175 -15311 6.353
1597000 398.723 -15339.6 -36.5158
1598000 398.796 -15269 31.7651
1599000 402.581 -15151 0.753967
1600000 398.972 -15318.9 -11.277
1601000 401.221 -15308.2 -8.94193
1602000 400.129 -15314.7 10.9605
1603000 399.723 -15321.5 18.6846
1604000 397.419 -15350.9 -9.74114
1605000 401.674 -15230.2 39.2054
1606000 400.272 -15284.5 -0.335098
1607000 400.483 -15280.2 1.43079
1608000 400.23 -15314 17.1256
1609000 400.965 -15277.4 -6.08723
1610000 400.898 -15295.6 -12.856
1611000 399.43 -15345 16.5913
1612000 401.172 -15275.5 3.32802
1613000 399.841 -15336.7 -14.8396
1614000 399.745 -15343.8 10.3118
1615000 399.908 -15336.2 -2.72557
1616000 400.084 -15279.3 12.8918
1617000 397.695 -15261.3 34.0972
1618000 399.315 -15332.2 12.2288
1619000 399.437 -15328.6 -6.04131
1620000 398.994 -15369.7 -27.622
1621000 399.154 -15341.3 9.33892
1622000 402.433 -15290.1 22.9206
1623000 397.829 -15283.3 -24.7634
1624000 402.065 -15241.7 14.2163
1625000 399.66 -15287.8 -12.667
1626000 399.514 -15320.3 9.43687
1627000 398.983 -15291.1 -7.53827
1628000 398.228 -15312 43.0759
1629000 399.147 -15311.9 -23.8562
1630000 400.8 -15306.7 -14.8824
1631000 398.672 -15305.3 -5.18212
1632000 400.509 -15311.1 18.5298
1633000 399.698 -15321.4 -17.849
1634000 399.156 -15338.1 -3.44832
1635000 400.905 -15267.4 -17.4426
1636000 400.516 -15389.8 15.3451
1637000 400.93 -15296.8 -21.7684
1638000 398.459 -15289.4 3.30549
1639000 399.914 -15268.6 0.163617
1640000 401.671 -15199.9 20.0739
1641000 399.498 -15296.9 31.6054
1642000 399.247 -15327.8 8.13925
1643000 399.874 -15324.8 3.85687
1644000 400.012 -15278.6 -25.1324
1645000 398.985 -15307 8.28271
1646000 400.293 -15294.9 -11.0146
1647000 400.152 -15339.5 -15.9762
1648000 400.907 -15237.5 28.8877
1649000 399.567 -15276.2 -33.725
1650000 402.112 -15251.3 -21.5423
1651000 399.654 -15258.2 -28.5018
1652000 400.855 -15248.3 -17.7119
1653000 402.528 -15249.1 11.149
1654000 399.945 -15306.3 -18.8958
1655000 399.087 -15329.4 -3.57153
1656000 400.28 -15243.3 -3.03986
1657000 399.767 -15324.5 4.97287
1658000 399.137 -15323.9 2.95987
1659000 400.857 -15249.3 -5.93349
1660000 399.451 -15352.4 13.202
1661000 398.528 -15323.6 -5.54788
1662000 400.149 -15291 13.4827
1663000 398.995 -15314.8 9.89983
1664000 399.533 -15229.3 -5.27573
1665000 397.425 -15332.9 20.6288
1666000 399.595 -15327.5 13.8357
1667000 401.527 -15339 -37.2117
1668000 400.491 -15224.1 -0.317633
1669000 399.611 -15280.9 26.7695
1670000 402.526 -15154.6 5.06708
1671000 398.835 -15277.3 2.70252
1672000 397.474 -15304.8 -2.58785
1673000 398.452 -15233.4 -11.8024
1674000 400.213 -15284.2 -23.1921
1675000 401.075 -15214.8 31.7767
1676000 399.381 -15220.1 21.2684
1677000 399.752 -15301.7 -13.7549
1678000 400.141 -15300.8 -24.6076
1679000 403.204 -15288.7 13.5019
1680000 400.82 -15300.9 14.5479
1681000 397.433 -15295.6 26.6844
1682000 401.471 -15206.8 7.88453
1683000 401.088 -15218.8 -11.2698
1684000 401.105 -15249.3 -43.3976
1685000 401.549 -15235.8 17.5601
1686000 398.609 -15302.9 -7.9103
1687000 400.112 -15246.3 -10.2607
1688000 400.375 -15257.5 -6.51561
1689000 397.865 -15277.2 -7.88097
1690000 400.647 -15244.5 25.1863
1691000 400.692 -15239.9 14.7729
1692000 401.22 -15227.1 -12.2233
1693000 399.69 -15281 -36.9096
1694000 402.325 -15250.2 32.8514
1695000 399.981 -15249.6 20.025
1696000 400.158 -15302.5 -15.5351
1697000 401.68 -15307.7 16.8762
1698000 399.301 -15302.7 -53.741
1699000 399.118 -15324.5 11.2254
1700000 401.854 -15327.6 8.63909
1701000 397.279 -15434.6 24.4064
1702000 399.771 -15326.9 -37.2336
1703000 399.208 -15325.6 -19.0439
1704000 397.989 -15399.2 -4.41739
1705000 400.027 -15304.9 6.35069
1706000 399.15 -15295.3 9.60197
1707000 399.144 -15309.5 1.86479
1708000 399.527 -15297.8 -10.7794
1709000 399.754 -15304.3 24.5301
1710000 398.563 -15301.8 21.98
1711000 400.262 -15254.6 -23.3861
1712000 401.702 -15261 -6.22464
1713000 399.199 -15307.1 27.6704
1714000 399.111 -15262.7 13.4162
1715000 400.501 -15230.3 4.25409
1716000 401.73 -15284.3 12.0339
1717000 398.68 -15332.2 7.63991
1718000 400.76 -15248.2 -27.3384
1719000 399.341 -15273.8 -17.5887
1720000 400.713 -15343.4 14.9778
1721000 398.71 -15320.8 -6.81307
1722000 399.183 -15333.6 -25.1034
1723000 400.751 -15350.4 6.18154
1724000 398.929 -15352.2 -2.02964
1725000 398.425 -15353 11.7884
1726000 400.666 -15312.4 -1.90363
1727000 399.1 -15225.4 -25.6884
1728000 401.105 -15224.9 25.695
1729000 400.365 -15253 19.2811
1730000 400.319 -15308.9 -36.2688
1731000 398.242 -15343.5 -18.7848
1732000 399.706 -15312.1 76.4917
1733000 401.011 -15219.6 -10.4155
1734000 400.078 -15295.9 15.0886
1735000 401.162 -15274.3 8.08419
1736000 400.255 -15228.7 -8.64932
1737000 399.322 -15286.7 31.9162
1738000 400.478 -15282.9 5.20983
1739000 400.822 -15220 5.44618
1740000 401.007 -15335.8 4.8254
1741000 400.349 -15305.1 13.5377
1742000 400.585 -15228.9 -19.7372
1743000 399.785 -15326.9 -7.8981
1744000 399.297 -15256.9 35.3725
1745000 400.791 -15259.1 4.43375
1746000 402.525 -15213.6 22.3277
1747000 401.12 -15275.5 -1.85178
1748000 401.931 -15310.9 -3.44257
1749000 400.481 -15310.4 12.3926
1750000 403.832 -15153.9 -22.0529
1751000 399.888 -15253.2 18.1203
1752000 399.803 -15279.2 -1.88809
1753000 399.57 -15312.4 -23.5024
1754000 401.191 -15200.4 -21.0265
1755000 401.561 -15240 -11.324
1756000 399.946 -15297.6 7.30513
1757000 401.078 -15279.7 25.5252
1758000 399.849 -15316.8 40.6393
1759000 400.331 -15210.1 -24.082
1760000 400.098 -15275.1 -13.1883
1761000 402.448 -15240 0.921102
1762000 398.811 -15300.6 0.855522
1763000 400.981 -15226.9 -9.5556
1764000 399.727 -15244.1 27.1082
1765000 398.403 -15275.3 -2.64187
1766000 399.873 -15261 -3.91895
1767000 399.802 -15236.3 29.2419
1768000 399.066 -15288 27.4187
1769000 400.234 -15284.7 17.0829
1770000 400.431 -15288.7 23.859
1771000 398.864 -15284.1 -3.25417
1772000 397.1 -15286.9 -5.01824
1773000 399.629 -15223.2 11.0531
1774000 401.298 -15254.1 30.5722
1775000 398.407 -15332 -27.9787
1776000 399.572 -15271.4 11.1285
1777000 400.278 -15223.4 -8.38132
1778000 399.731 -15257.3 9.50904
1779000 402.51 -15246.7 7.63352
1780000 400.629 -15326.3 -2.38641
1781000 398.673 -15302.9 17.0024
1782000 400.888 -15339.6 -24.353
1783000 399.57 -15249.5 -7.36671
1784000 399.512 -15272.4 -13.0657
1785000 400.461 -15233 11.5519
1786000 399.933 -15280.9 27.0218
1787000 399.255 -15252.3 -16.6455
1788000 402.987 -15213.9 -5.15851
1789000 399.946 -15222.5 13.3083
1790000 400.648 -15281.1 -11.9604
1791000 400.028 -15270.8 -7.67909
1792000 399.137 -15212.8 5.15001
1793000 401.786 -15222.7 -1.38523
1794000 398.573 -15250.3 4.25019
1795000 400.637 -15295.2 31.261
1796000 397.927 -15340.6 -16.5365
1797000 400.449 -15281.1 -15.9903
1798000 400.764 -15252.7 16.7857
1799000 401.642 -15199.5 3.82409
1800000 399.429 -15247.1 13.2883
1801000 397.739 -15267.9 8.9268
1802000 400.254 -15287 12.881
1803000 399.919 -15306.6 -11.335
1804000 399.437 -15292.6 -12.8932
1805000 397.743 -15290.9 9.75568
1806000 400.371 -15314.6 -6.23902
1807000 401.053 -15294.1 17.0395
1808000 400.852 -15244.9 -16.4285
1809000 397.8 -15344.6 3.71563
1810000 399.948 -15276.3 -21.2113
1811000 400.839 -15310.5 -13.8876
1812000 399.766 -15325.1 -27.6653
1813000 401.848 -15331.2 27.0459
1814000 401.666 -15295.9 -26.6046
1815000 400.504 -15323.4 2.08635
1816000 400.562 -15348.9 -8.77353
1817000 398.604 -15350.1 -1.19644
1818000 397.31 -15333.1 22.2782
1819000 401.546 -15212.3 0.569553
1820000 400.479 -15223.4 -19.394
1821000 401.511 -15300.3 20.4872
1822000 398.892 -15314.1 -10.1981
1823000 400.332 -15233.4 -9.99112
1824000 398.579 -15279.6 -9.3158
1825000 401.226 -15302.6 -3.60631
1826000 398.006 -15356.8 27.8206
1827000 398.182 -15260.7 8.67404
1828000 398.669 -15267.2 23.251
1829000 401.966 -15264.5 -3.30812
1830000 400.148 -15317.1 16.9064
1831000 398.604 -15250.5 -9.33855
1832000 398.516 -15362.6 18.989
1833000 399.839 -15320.1 14.9333
1834000 399.412 -15353.9 20.6406
1835000 398.782 -15320 7.59677
1836000 401.076 -15204.5 -3.17753
1837000 399.037 -15300.3 -5.88644
1838000 399.582 -15326.6 2.21808
1839000 399.195 -15283.3 32.5231
1840000 400.629 -15274.9 -34.0334
1841000 400.324 -15333 -11.1804
1842000 398.252 -15343.4 17.4602
1843000 399.121 -15341.6 19.4856
1844000 398.419 -15322.9 0.250505
1845000 399.24 -15353.5 2.645
1846000 400.4 -15332.7 10.5701
1847000 401.538 -15268.3 5.97067
1848000 399.177 -15262.8 10.1524
1849000 399.169 -15279 4.49737
1850000 399.78 -15304.7 20.6014
1851000 398.601 -15337.1 -25.3916
1852000 401.18 -15376.2 13.5202
1853000 399.752 -15310.3 15.2959
1854000 398.637 -15245.2 -7.32759
1855000 401.933 -15240.6 -20.2513
1856000 399.684 -15232.8 -25.5832
1857000 401.497 -15277.3 -11.0532
1858000 399.325 -15296.9 25.3887
1859000 399.364 -15313.8 38.672
1860000 400.211 -15337.1 -1.0716
1861000 399.981 -15285.8 -10.1448
1862000 399.15 -15329.3 0.190589
1863000 398.52 -15259.3 10.1333
1864000 400.472 -15270.3 -15.3411
1865000 400.008 -15375.5 -13.8244
1866000 402.536 -15244.8 23.788
1867000 398.219 -15282.8 -23.3452
1868000 399.474 -15396.2 -21.553
1869000 401.488 -15272.2 -4.43702
1870000 399.682 -15272.7 -11.5233
1871000 400.324 -15341 18.326
1872000 400.225 -15295.4 23.574
1873000 399.954 -15354.3 4.42198
1874000 399.466 -15309.3 -10.0529
1875000 400.391 -15261 -14.5729
1876000 399.154 -15344 11.1621
1877000 399.651 -15347 -13.1441
1878000 399.353 -15311.5 35.9038
1879000 398.742 -15337.6 0.524939
1880000 399.052 -15338.6 18.3195
1881000 398.833 -15309.1 -8.49597
1882000 400.699 -15264.5 -11.4177
1883000 399.909 -15292 0.419282
1884000 399.3 -15303.8 19.4486
1885000 401.626 -15247.3 -2.87655
1886000 397.654 -15327.5 -2.82554
1887000 397.514 -15325.6 -17.2065
1888000 400.822 -15289.4 -14.1023
1889000 401.415 -15254.7 -6.33289
1890000 399.353 -15226.1 16.0887
1891000 398.425 -15306.8 3.36058
1892000 398.91 -15248.1 -8.80258
1893000 398.627 -15305.8 12.7441
1894000 400.263 -15325.7 10.5139
1895000 398.405 -15328.6 8.18605
1896000 399.484 -15257.2 -12.3102
1897000 401.478 -15256 7.00431
1898000 398.946 -15295.5 15.9488
1899000 399.876 -15290.1 -11.8179
1900000 398.559 -15307 -18.3618
1901000 399.156 -15375.2 16.0269
1902000 399.41 -15281.1 9.07613
1903000 399.299 -15262.1 3.71082
1904000 400.221 -15251.5 -14.3792
1905000 401.234 -15311 2.83257
1906000 399.216 -15333.4 -3.21
1907000 399.632 -15283 -0.913308
1908000 399.509 -15331.2 16.6925
1909000 398.602 -15330.2 -9.64487
1910000 398.839 -15369.9 -3.90949
1911000 399.382 -15295 -44.1568
1912000 401.754 -15212.4 16.6401
1913000 399.99 -15335.2 9.8715
1914000 400.686 -15325.7 30.3599
1915000 398.446 -15361 -2.50548
1916000 400.06 -15377.3 -5.40219
1917000 399.489 -15302.1 15.921
1918000 398.797 -15338.6 -17.0113
1919000 400.885 -15343.3 -29.7309
1920000 400.712 -15343.5 -24.8563
1921000 401.328 -15294.3 -24.26
1922000 399.061 -15367 21.5994
1923000 397.959 -15316.6 -24.3047
1924000 399.695 -15378.7 -4.21168
1925000 400.981 -15376.5 -13.259
1926000 400.466 -15351.7 29.9778
1927000 401.224 -15337.8 16.511
1928000 400.657 -15362 -31.3823
1929000 401.346 -15284.3 -14.5738
1930000 401.507 -15298.1 45.5523
1931000 400.6 -15356.4 -29.0602
1932000 400.196 -15290.6 19.1339
1933000 401.594 -15297.4 -23.0619
1934000 399.121 -15294.5 -5.0628
1935000 398.902 -15335.2 8.68903
1936000 397.968 -15399.2 -5.61023
1937000 399.819 -15313.7 -7.43087
1938000 399.38 -15382.3 16.925
1939000 399.642 -15321.1 -8.51992
1940000 399.684 -15318.1 4.94694
1941000 400.206 -15321.8 -2.2076
1942000 398.108 -15347.1 -9.87607
1943000 400.18 -15301.8 -33.3596
1944000 402.262 -15292.9 5.38247
1945000 398.442 -15356.1 3.27973
1946000 402.573 -15263.3 11.211
1947000 399.036 -15396.8 -38.9434
1948000 398.658 -15328.6 8.86499
1949000 400.496 -15317.4 -7.94824
1950000 399.335 -15262.8 22.6933
1951000 398.277 -15359.3 3.39353
1952000 399.539 -15343.2 5.47549
1953000 400.053 -15326.6 11.1882
1954000 401.129 -15347.1 0.0835085
1955000 400.708 -15349.5 12.3211
1956000 398.098 -15290.2 -7.49506
1957000 401.32 -15357.6 1.56625
1958000 400.749 -15335.2 21.0524
1959000 399.063 -15451.3 10.3421
1960000 401.061 -15321.5 -3.38636
1961000 400.002 -15295.2 31.963
1962000 399.933 -15324 -18.8566
1963000 399.742 -15325.6 18.6514
1964000 398.552 -15385.8 -5.62721
1965000 402.042 -15351.8 16.9626
1966000 400.126 -15356 -23.5537
1967000 399.752 -15299.8 -0.00122283
1968000 400.611 -15353.4 4.94208
1969000 400.739 -15305.1 12.7028
1970000 401.172 -15295.6 18.548
1971000 401.171 -15290.8 -30.5988
1972000 399.29 -15314.1 -25.6664
1973000 397.776 -15352.3 21.6985
1974000 400.845 -15288.6 -27.498
1975000 401.404 -15311.5 18.6773
1976000 397.229 -15347.6 10.3421
1977000 400.135 -15345.6 5.23579
1978000 400.893 -15258.2 9.84533
1979000 401.407 -15292.1 -22.5826
1980000 400.14 -15274.8 29.1704
1981000 401.058 -15214.2 0.106449
1982000 399.917 -15255.8 10.3837
1983000 398.033 -15367.8 -13.7809
1984000 399.952 -15279.7 33.558
1985000 398.064 -15397.2 -26.4612
1986000 400.561 -15344.3 14.2421
1987000 399.283 -15393.8 -11.1163
1988000 398.334 -15340.9 -3.52707
1989000 399.477 -15364.6 -6.88334
1990000 397.474 -15353.3 19.6553
1991000 402.861 -15259.5 10.9849
1992000 401.085 -15263.2 6.23608
1993000 399.81 -15262.9 3.71948
1994000 401.54 -15264 12.9734
1995000 398.178 -15320.9 -8.78713
1996000 401.472 -15336.6 -21.8302
1997000 400.729 -15242.3 16.7433
1998000 400.236 -15291.5 -24.9928
1999000 398.558 -15370.2 5.96093
2000000 398.138 -15340.1 4.49308
