# Time-averaged data for fix 3
# TimeStep v_Temperature v_PotentialEnergy v_Pressure
2000 301.286 -17588.1 40.8058
3000 299.451 -17697.9 17.5886
4000 300.342 -17810.3 -19.2896
5000 300.195 -17811.6 -24.7745
6000 299.978 -17808.3 -19.0209
7000 300.228 -17798.2 23.3263
8000 299.259 -17810 23.3171
9000 299.463 -17816.7 7.21741
10000 301.903 -17756.3 -37.8991
11000 300.323 -17759.9 35.924
12000 300.705 -17724.5 19.1805
13000 299.996 -17782.1 -24.3043
14000 298.577 -17774.8 -27.0243
15000 299.464 -17797.3 21.9681
16000 298.635 -17807.9 38.3546
17000 299.708 -17803.4 -2.94506
18000 299.525 -17812.3 -13.8298
19000 299.682 -17839.2 -14.7652
20000 299.207 -17828.1 -7.67574
21000 299.657 -17792.3 4.94083
22000 300.204 -17803.6 14.645
23000 297.937 -17888.1 11.4167
24000 299.851 -17780.9 5.3701
25000 299.612 -17811.6 -9.1354
26000 299.144 -17770.9 -23.7609
27000 299.107 -17701.6 39.5614
28000 300.097 -17749.6 6.07912
29000 300.611 -17748.7 -26.3567
30000 300.743 -17709.1 19.4965
31000 298.976 -17737.5 13.9308
32000 299.845 -17725 3.34352
33000 299.225 -17728.7 -13.9169
34000 302.13 -17681.3 -19.6025
35000 300.194 -17720.6 -3.66909
36000 299.724 -17777 0.309136
37000 300.35 -17797.1 8.5274
38000 300.884 -17732.7 -16.5395
39000 301.212 -17680.3 14.9158
40000 300.632 -17721.2 13.6506
41000 301.461 -17719.4 -17.9019
42000 300.928 -17727.8 8.40547
43000 299.042 -17730.7 8.73555
44000 298.163 -17814.1 -9.36884
45000 299.349 -17771.2 19.9247
46000 302.246 -17723.6 -9.29047
47000 299.374 -17777.6 -30.7116
48000 299.501 -17778.8 9.31985
49000 298.752 -17814.9 7.21795
50000 298.883 -17810.3 15.3159
51000 301.321 -17773.7 -40.653
52000 299.773 -17757.7 -8.45126
53000 300.097 -17729.9 8.64368
54000 299.852 -17754.9 29.2669
55000 298.812 -17718.6 -6.24298
56000 299.017 -17767.3 11.2233
57000 299.742 -17759.8 2.74542
58000 301.101 -17698 18.6681
59000 302.061 -17706.2 17.598
60000 299.532 -17775.7 -28.9914
61000 299.886 -17741.6 5.71816
62000 298.74 -17743.6 7.14709
63000 300.919 -17724.8 3.8138
64000 301.197 -17767.5 16.8594
65000 299.217 -17803 -20.0732
66000 298.909 -17779.9 6.31186
67000 298.6 -17750.8 5.09649
68000 299.577 -17749.3 28.9353
69000 299.957 -17708.7 2.18295
70000 299.152 -17728.7 2.36386
71000 299.8 -17713.5 -0.881719
72000 300.1 -17696.3 -14.267
73000 299.289 -17730.3 -11.9249
74000 300.007 -17775.5 20.4947
75000 299.246 -17746.4 19.608
76000 299.635 -17753.4 31.64
77000 298.175 -17768.6 -1.82411
78000 300.184 -17710.6 -24.6858
79000 299.786 -17692.7 -4.05493
80000 299.723 -17739.1 -8.93358
81000 300.679 -17695.4 -1.20709
82000 301.427 -17709.6 -4.68567
83000 299.777 -17664 -7.5469
84000 298.756 -17729.2 11.496
85000 299.685 -17763.1 3.95452
86000 300.447 -17737.5 -5.82694
87000 300.857 -17673.8 0.599789
88000 300.726 -17665 -15.4363
89000 302.071 -17673.6 -16.94
90000 300.994 -17681.2 34.9577
91000 300.442 -17714.5 -7.99455
92000 299.398 -17670 -10.4444
93000 300.468 -17720.4 7.87425
94000 299.843 -17731.1 15.4021
95000 301.587 -17677.9 -12.749
96000 298.675 -17702.4 19.7452
97000 300.573 -17672.1 -10.8553
98000 299.705 -17697.7 12.5075
99000 297.824 -17731.9 29.5229
100000 301.394 -17680.3 31.9052
101000 300.422 -17701.4 -22.504
102000 300.125 -17689.9 -25.9384
103000 300.688 -17680.1 13.9398
104000 299.305 -17691 15.835
105000 301.403 -17658.4 18.8403
106000 299.369 -17758.3 -20.3459
107000 299.318 -17748 12.8183
108000 299.561 -17699.5 -5.06945
109000 297.899 -17718.4 -18.6447
110000 300.691 -17728.3 5.97985
111000 299.314 -17653.8 25.5126
112000 301.504 -17644.9 7.80465
113000 299.653 -17712.3 -11.2546
114000 299.008 -17742.8 -1.05234
115000 300.667 -17691.6 -0.114306
116000 299.678 -17718.8 9.45353
117000 300.574 -17687.1 -9.43389
118000 301.185 -17679.2 -19.0172
119000 299.793 -17722.9 6.79396
120000 298.752 -17708.5 15.7853
121000 300.536 -17726.2 -17.4741
122000 301.215 -17686.1 4.15672
123000 300.405 -17690.9 -2.6871
124000 298.703 -17785.4 -10.7943
125000 299.506 -17757.1 33.0962
126000 300.952 -17780 -4.64448
127000 300.702 -17710.9 0.103831
128000 300.839 -17741.9 -8.89952
129000 300.756 -17774 2.48225
130000 299.335 -17735.2 -7.14616
131000 298.65 -17794 8.482
132000 299.98 -17742.6 -11.2717
133000 298.934 -17788.4 15.1873
134000 299.787 -17807.4 -6.77831
135000 298.715 -17790.8 1.24527
136000 298.929 -17726.8 -8.71431
137000 299.651 -17689.7 15.9709
138000 300.128 -17689.9 -7.3362
139000 300.451 -17759.2 -9.7953
140000 299.539 -17728.3 29.8366
141000 298.175 -17759.3 34.0975
142000 299.706 -17752.3 -1.97282
143000 297.93 -17796.8 -38.0164
144000 299.744 -17734.9 0.913085
145000 300.121 -17750.1 -3.12455
146000 300.83 -17759.9 40.2519
147000 299.21 -17708.3 -8.43193
148000 300.24 -17723.6 25.5285
149000 299.458 -17708.9 -13.684
150000 299.797 -17719.9 19.5075
151000 300.954 -17710.9 -21.3406
152000 298.697 -17743.7 -6.76221
153000 299.317 -17798.5 -12.8493
154000 299.895 -17776.8 11.3735
155000 299.991 -17753.9 15.7251
156000 299.706 -17714 -21.3383
157000 300.031 -17678 10.3704
158000 301.353 -17655.6 -30.4326
159000 300.468 -17682.4 8.96234
160000 299.692 -17718 -4.00101
161000 301.115 -17688.1 35.7265
162000 298.775 -17731.8 -20.9895
163000 300.124 -17710.5 3.28676
164000 300.141 -17685.8 26.7429
165000 298.684 -17709.4 19.4042
166000 300.191 -17658.9 13.0268
167000 301.945 -17602.4 -19.7835
168000 300.638 -17618.7 -10.7538
169000 299.587 -17631 16.0211
170000 300.696 -17643.1 26.0184
171000 300.072 -17678.3 -19.8953
172000 298.909 -17718.6 17.6173
173000 300.722 -17660.3 12.7822
174000 300.469 -17648.4 -3.0259
175000 300.392 -17681.4 -11.4942
176000 300.465 -17664.1 24.5086
177000 300.589 -17662.5 19.8388
178000 299.846 -17700.9 -13.6789
179000 299.742 -17659 -16.9104
180000 298.61 -17670.3 3.37322
181000 301.328 -17637.7 24.7311
182000 300.251 -17602.3 -18.328
183000 298.488 -17655.6 -7.48806
184000 300.925 -17619.4 8.87858
185000 300.605 -17618.1 34.1939
186000 300.842 -17668.7 13.0337
187000 298.194 -17704.5 -28.6834
188000 300.113 -17662.1 9.59577
189000 299.804 -17671.4 -22.556
190000 301.353 -17665.4 -2.67286
191000 299.785 -17725.1 37.3408
192000 299.927 -17644.2 3.27358
193000 300.112 -17670.6 0.457715
194000 299.735 -17678.1 -9.47344
195000 299.397 -17684.1 -11.3238
196000 302.042 -17631.1 -29.8081
197000 300.172 -17683.4 38.162
198000 298.769 -17711.1 16.9267
199000 298.989 -17739.5 12.6751
200000 301.693 -17664.3 -0.324849
201000 298.785 -17692.1 25.9373
202000 298.904 -17719.2 6.1153
203000 300.382 -17707.7 -45.4668
204000 299.422 -17710.1 -0.0581333
205000 299.376 -17734.9 21.8729
206000 298.137 -17710.6 -0.700757
207000 300.708 -17712.4 3.87419
208000 298.843 -17692.4 -16.2052
209000 299.407 -17705.4 2.46271
210000 300.423 -17677.4 -1.24452
211000 300.733 -17665.8 -9.11927
212000 299.188 -17685.4 12.6025
213000 299.211 -17727.4 -3.36723
214000 299.36 -17720.6 -7.0149
215000 298.84 -17707.5 14.8878
216000 300.199 -17687.9 43.0743
217000 300.623 -17678.8 -4.08515
218000 301.058 -17699.1 -27.7339
219000 300.9 -17704 -50.9162
220000 300.1 -17665.4 18.071
221000 301.356 -17632.8 30.3294
222000 299.818 -17602.2 -19.332
223000 300.154 -17616.6 -3.12102
224000 301.299 -17609.2 -16.6443
225000 299.819 -17671.8 39.4666
226000 299.75 -17649.1 3.5307
227000 300.655 -17641.9 0.78915
228000 299.318 -17656 12.0675
229000 300.527 -17638.8 10.1747
230000 301.148 -17676.7 -21.0233
231000 300.102 -17654.8 0.874899
232000 300.145 -17660.1 -9.0319
233000 300.588 -17683.4 -1.8602
234000 298.85 -17671.6 48.7655
235000 298.991 -17747.8 -1.09279
236000 299.887 -17701.7 -29.8579
237000 299.561 -17713.1 2.65739
238000 301.199 -17710.5 -13.7521
239000 301.072 -17653 -17.6339
240000 300.978 -17649.9 7.28092
241000 299.215 -17615.1 -13.5105
242000 300.738 -17553.2 10.9347
243000 299.147 -17652.3 -10.0569
244000 299.142 -17681.9 -27.3531
245000 300.404 -17648.6 -0.522732
246000 300.452 -17629.9 33.9741
247000 298.758 -17717.6 -15.064
248000 300.139 -17703.5 2.56471
249000 301.275 -17681.9 10.5365
250000 299.835 -17701.8 7.73505
251000 300.813 -17662 -4.75262
252000 300.774 -17609.6 5.04138
253000 299.389 -17662 48.8345
254000 301.575 -17672.8 -24.8583
255000 298.509 -17696.7 -11.5557
256000 300.083 -17639.7 19.1096
257000 298.677 -17633.8 24.6839
258000 300.305 -17633.2 -9.35984
259000 299.353 -17658 -16.0279
260000 301.935 -17601 21.4047
261000 298.61 -17653 3.30969
262000 299.917 -17621.5 -14.7805
263000 300.822 -17719.2 -30.9216
264000 299.081 -17691.5 8.34078
265000 301.462 -17676.8 1.44541
266000 300.572 -17764.4 -10.7189
267000 298.96 -17771.1 -11.7516
268000 300.495 -17711.2 -6.07365
269000 298.652 -17671.7 29.7127
270000 299.522 -17716.5 22.4297
271000 299.038 -17710.7 -11.2256
272000 301.364 -17677.7 19.1593
273000 299.316 -17745.3 4.32506
274000 300.319 -17726.9 7.32454
275000 298.342 -17711.7 -7.38158
276000 299.731 -17701.6 -3.48649
277000 299.632 -17706.4 2.38365
278000 301.41 -17640.1 26.5336
279000 299.94 -17685.7 -5.4185
280000 298.788 -17702 -18.698
281000 298.685 -17705.4 -33.5664
282000 300.58 -17674.9 9.81025
283000 300.1 -17655.4 34.6261
284000 300.148 -17689 -1.55542
285000 298.336 -17715.6 -29.2192
286000 300.247 -17679.8 -10.6607
287000 299.584 -17724.7 17.3634
288000 299.132 -17759.5 -0.17377
289000 299.58 -17649.6 -15.5748
290000 299.728 -17693.9 -21.3961
291000 298.49 -17760 39.5298
292000 299.573 -17791.3 -22.3295
293000 300.902 -17739.3 3.70829
294000 298.001 -17771.8 1.15072
295000 298.96 -17727 -5.18745
296000 299.326 -17712.7 3.72072
297000 301.804 -17672.6 15.9154
298000 300.216 -17720.2 9.48303
299000 299.405 -17679.9 23.7194
300000 300.716 -17647.3 -18.7296
301000 300.955 -17655.4 -8.44674
302000 299.928 -17696.4 0.213514
303000 301.171 -17677.5 -3.87011
304000 300.651 -17657.5 -7.91011
305000 299.255 -17661.5 10.8831
306000 301.115 -17714.5 2.89943
307000 300.542 -17701.2 -6.5808
308000 299.771 -17724.7 25.1294
309000 300.474 -17691.1 17.6086
310000 300.573 -17682.3 -1.81803
311000 299.766 -17708.8 20.3141
312000 299.96 -17667.8 -34.8205
313000 300.737 -17680.6 10.4264
314000 300.319 -17715.1 6.02141
315000 298.149 -17744.5 -19.3655
316000 300.27 -17650.2 10.7746
317000 299.225 -17657.3 -6.29242
318000 300.102 -17663.4 -6.30077
319000 298.449 -17622.9 25.0913
320000 301.46 -17700.5 -23.1796
321000 300.939 -17635.6 -0.858834
322000 301.208 -17632.4 -4.69333
323000 299.026 -17696 -5.81672
324000 300.15 -17717.5 4.79601
325000 300.426 -17744.6 16.7697
326000 300.108 -17726.8 -30.7069
327000 300.59 -17707 -16.7376
328000 300.617 -17685.2 38.8253
329000 299.917 -17624 1.98412
330000 299.641 -17697.2 -4.78133
331000 299.98 -17686 22.603
332000 301.213 -17666.8 -5.31836
333000 299.725 -17698.3 2.83993
334000 298.397 -17735 13.983
335000 298.67 -17728.8 -2.33542
336000 299.454 -17735.6 29.1572
337000 299.844 -17752.1 13.1183
338000 299.581 -17704 -7.98733
339000 299.508 -17718.2 3.04387
340000 300.353 -17694.2 13.0349
341000 300.17 -17699.7 17.4328
342000 299.473 -17666.6 -21.5213
343000 299.885 -17709.3 -1.94372
344000 300.213 -17658.1 7.57458
345000 299.092 -17701.2 18.0896
346000 297.926 -17711.8 25.8095
347000 300.34 -17679.9 4.13578
348000 299.189 -17707 -3.17633
349000 299.065 -17674.2 14.9301
350000 299.856 -17641.9 9.38299
351000 298.483 -17670.3 -0.205888
352000 301.286 -17676 -16.5129
353000 299.79 -17678 23.5799
354000 299.729 -17704.3 13.2121
355000 300.735 -17703.7 -24.389
356000 299.954 -17734.1 15.3087
357000 299.516 -17716.4 14.1021
358000 300.207 -17703 -15.5885
359000 298.826 -17739.6 -2.20706
360000 299.557 -17708.9 12.8186
361000 299.057 -17715.7 -14.2841
362000 302.24 -17691.9 -21.5318
363000 299.713 -17683.1 15.9851
364000 300.837 -17668.4 13.8175
365000 299.083 -17767.4 13.3294
366000 297.976 -17719.7 15.2437
367000 299.478 -17704.9 -3.42001
368000 300.004 -17657.2 -12.9788
369000 299.131 -17643.8 19.6733
370000 299.272 -17684.5 36.3178
371000 298.698 -17707.6 9.46885
372000 300.388 -17705.2 -18.9223
373000 299.99 -17714.6 -24.658
374000 297.872 -17766.9 20.0394
375000 301.654 -17686.2 -18.686
376000 300.426 -17661.9 -25.5428
377000 300.463 -17644.6 26.7909
378000 300.108 -17686.2 21.0536
379000 301.773 -17637.6 -3.10372
380000 300.754 -17679.9 -15.7769
381000 301.786 -17704.2 16.6763
382000 300.372 -17665.3 7.59937
383000 299.8 -17675.5 -10.2013
384000 301.275 -17669.9 -14.9375
385000 298.64 -17739.8 -27.5314
386000 300.688 -17643 8.71576
387000 301.903 -17664.1 -39.0446
388000 299.801 -17696.7 10.0524
389000 300.065 -17690.4 -11.8874
390000 301.876 -17605.7 13.7709
391000 300.147 -17585.8 15.5266
392000 300.373 -17649.1 -6.56712
393000 300.057 -17664.8 -9.13915
394000 299.897 -17692 33.1045
395000 298.829 -17674.8 -9.93518
396000 301.049 -17618 13.5813
397000 299.768 -17649.1 -29.7879
398000 300.067 -17643.8 -5.03257
399000 300.355 -17676.3 -23.2538
400000 301.397 -17618.1 7.91246
401000 300.903 -17639.3 7.05587
402000 299.944 -17672.8 -13.5137
403000 299.12 -17712.3 15.1922
404000 297.974 -17716.1 -11.5525
405000 299.879 -17687.9 -11.1796
406000 298.955 -17680.1 21.4484
407000 300.03 -17626.4 11.2039
408000 299.98 -17680.9 -3.81551
409000 298.997 -17705.4 -2.51024
410000 299.166 -17703.1 -19.8459
411000 299.876 -17670.6 -22.1797
412000 299.034 -17676.8 15.246
413000 299.842 -17632.4 -19.3187
414000 299.304 -17642 4.32932
415000 299.531 -17644.5 0.23357
416000 301.145 -17626.8 4.98014
417000 299.169 -17668.6 -5.63764
418000 299.691 -17632.8 12.5496
419000 299.344 -17693.2 -3.55569
420000 301.957 -17607.3 -3.0116
421000 300.522 -17639 3.70027
422000 299.516 -17630.5 -5.06078
423000 300.468 -17666.6 48.1777
424000 298.907 -17684.4 15.311
425000 301.059 -17666.2 -19.4908
426000 301.584 -17595.9 -31.0106
427000 300.354 -17602 24.9472
428000 299.109 -17601.5 3.18799
429000 300.528 -17612.8 29.6531
430000 300.218 -17670.5 -6.91863
431000 299.811 -17648.5 -13.8211
432000 300.481 -17658.3 11.9892
433000 300.554 -17664.3 12.7528
434000 300.977 -17653.6 11.1271
435000 301.402 -17623.5 -9.58786
436000 302.369 -17643.7 -22.2117
437000 301.132 -17642.1 4.91875
438000 300.515 -17676.8 28.3878
439000 299.058 -17687 -15.0701
440000 299.19 -17642.9 -7.9345
441000 299.624 -17622.3 32.1874
442000 299.821 -17654.2 -13.9068
443000 298.504 -17728.1 -19.5411
444000 300.627 -17617.3 -3.39769
445000 299.685 -17653.6 36.2257
446000 298.522 -17700.1 2.51787
447000 300.133 -17678 18.5758
448000 300.319 -17652.9 -14.7221
449000 300.57 -17658.3 -34.4438
450000 299.763 -17659 0.531972
451000 299.582 -17679.4 -7.72334
452000 300.393 -17653.5 29.551
453000 300.419 -17640.6 20.5078
454000 300.336 -17636.5 -11.408
455000 301.022 -17611.9 -7.55375
456000 298.742 -17620 0.419872
457000 300.019 -17616.3 27.8795
458000 299.182 -17623.8 -9.27019
459000 301.837 -17592.6 -17.6009
460000 299.671 -17666.1 1.37042
461000 300.289 -17665.6 12.701
462000 301.536 -17623.6 -1.32042
463000 299.907 -17634 1.51933
464000 298.869 -17673.3 13.1194
465000 300.327 -17668.7 -22.512
466000 299.189 -17645.2 8.64569
467000 300.167 -17634.3 5.0025
468000 298.71 -17652 18.5932
469000 299.998 -17644.9 23.1329
470000 301.247 -17684.1 -2.48997
471000 301.342 -17590.7 -12.001
472000 300.513 -17672.6 -3.95308
473000 299.638 -17646.1 -2.10409
474000 302.145 -17608.9 19.8774
475000 299.534 -17672.3 -13.0684
476000 300.589 -17667 -32.8713
477000 300.529 -17634.2 40.0321
478000 299.847 -17661.8 3.37177
479000 298.903 -17679.3 -14.7057
480000 301.046 -17668.2 20.5497
481000 300.756 -17644.1 -31.3573
482000 301.627 -17643.5 6.14047
483000 299.733 -17709.5 20.192
484000 297.529 -17784.4 12.0532
485000 298.295 -17724.5 3.5507
486000 300.147 -17734.6 -3.28352
487000 300.283 -17683.3 5.53169
488000 298.918 -17721.9 -9.31589
489000 300.58 -17680.5 6.6897
490000 300.743 -17662.8 21.131
491000 299.501 -17687.4 0.740112
492000 299.451 -17709.8 -17.7848
493000 300.773 -17724.6 -28.3706
494000 299.497 -17721.4 11.0753
495000 298.902 -17732.2 0.55465
496000 299.688 -17671.2 13.878
497000 299.411 -17709.7 -9.81395
498000 299.751 -17765.7 -2.24996
499000 298.164 -17739.4 6.47983
500000 300.323 -17722.7 -2.06684
501000 298.526 -17755.2 16.6746
502000 299.513 -17724.9 -37.2105
503000 299.724 -17687.7 44.8309
504000 300.469 -17711.5 -11.9248
505000 300.968 -17676.4 2.37464
506000 298.675 -17706.9 0.949518
507000 300.009 -17703.6 -9.77392
508000 299.27 -17715.2 25.345
509000 300.623 -17685.5 20.1925
510000 300.461 -17690.5 6.09027
511000 299.462 -17718.2 14.7071
512000 301.074 -17670.5 -19.7955
513000 299.923 -17697.8 0.174899
514000 299.717 -17708.9 -0.868576
515000 298.476 -17724.8 2.93872
516000 297.676 -17719.7 5.93303
517000 300.176 -17625.5 6.09034
518000 299.378 -17673.9 -6.95236
519000 300.174 -17666.1 -33.6011
520000 300.904 -17663.6 25.7719
521000 299.011 -17740 5.48973
522000 299.797 -17749.6 -1.10757
523000 298.774 -17768.6 5.7335
524000 300.786 -17762 -9.49875
525000 300.276 -17732.7 37.5537
526000 299.159 -17726.4 -17.2807
527000 299.127 -17665.3 19.5476
528000 300.869 -17659.5 -2.69499
529000 300.53 -17708.9 25.735
530000 300.654 -17683.5 -14.8338
531000 298.399 -17740.8 25.9337
532000 300.629 -17708 -2.88434
533000 299.348 -17715.7 -11.9442
534000 300.941 -17653.2 9.69753
535000 299.842 -17728.9 3.46508
536000 299.155 -17733.8 43.7846
537000 300.385 -17711.9 -30.644
538000 300.368 -17749.1 -26.2244
539000 299.764 -17718 2.94077
540000 300.56 -17640.6 48.1778
541000 300.102 -17691 0.319456
542000 299.945 -17706.3 -8.99507
543000 299.817 -17716.7 1.70512
544000 298.535 -17704 19.1627
545000 299.87 -17697.4 15.7615
546000 298.979 -17712.2 -4.19733
547000 299.693 -17725.6 -24.7077
548000 301.283 -17693.6 19.6509
549000 299.708 -17723.5 10.1264
550000 299.714 -17723.1 5.19693
551000 301.274 -17670 -9.12447
552000 300.344 -17685.6 -12.8754
553000 301.518 -17660.4 14.1757
554000 299.201 -17730.3 -13.5566
555000 300.266 -17703 -1.56209
556000 300.599 -17680 -2.07342
557000 301.234 -17682.1 -16.6682
558000 300.668 -17687.2 -5.85463
559000 299.711 -17665.4 1.63051
560000 300.967 -17664 -18.4725
561000 300.16 -17652.6 -12.6504
562000 299.941 -17676.4 25.4644
563000 300.844 -17635.1 10.3787
564000 301.214 -17674.3 -18.4858
565000 300.159 -17693.1 -39.7336
566000 299.82 -17661.8 16.9258
567000 299.343 -17637.8 11.5381
568000 299.818 -17682 -25.795
569000 299.884 -17697.1 6.70057
570000 300.121 -17676.8 -12.4879
571000 300.197 -17741.9 -16.5092
572000 299.097 -17668.4 6.19358
573000 300.365 -17668 -32.2604
574000 300.652 -17658.9 13.9392
575000 300.894 -17683.4 25.0215
576000 300.232 -17725.2 1.33579
577000 300.47 -17722.8 -9.42609
578000 299.685 -17746.4 -27.1442
579000 301.029 -17681.4 -6.35535
580000 300.352 -17703.2 27.2588
581000 299.046 -17694.3 20.812
582000 299.833 -17674.3 12.7275
583000 300.947 -17703.4 0.349393
584000 299.044 -17722.7 8.37093
585000 299.945 -17738.1 3.63274
586000 299.84 -17746.9 -2.17536
587000 301.064 -17749.9 24.8363
588000 299.466 -17728.7 12.7499
589000 300.834 -17694.3 -2.98133
590000 300.853 -17681.9 -17.1505
591000 299.759 -17670.9 14.7619
592000 300.631 -17653.4 19.2545
593000 299.482 -17725.8 -14.0355
594000 300.496 -17710.3 -3.93071
595000 299.017 -17738 -4.29268
596000 299.716 -17731.8 2.54424
597000 300.875 -17695 20.47
598000 301.654 -17672.9 16.973
599000 299.238 -17736.3 -18.8556
600000 299.446 -17725.2 3.01419
601000 300.521 -17721.6 26.681
602000 298.852 -17720.6 -17.8086
603000 298.363 -17720.7 16.8836
604000 299.952 -17669.3 -22.1125
605000 298.702 -17702.9 11.3211
606000 299.995 -17705.1 -3.50135
607000 299.745 -17663.7 10.4771
608000 300.747 -17662.7 21.3368
609000 300.09 -17650.6 -2.15988
610000 300.128 -17654.5 15.9803
611000 298.718 -17770.6 10.5131
612000 299.36 -17744.4 -18.5263
613000 299.632 -17704.3 16.081
614000 300.614 -17715.4 -27.7581
615000 299.35 -17742.3 -5.42936
616000 299.806 -17761.2 16.9937
617000 298.435 -17769.8 -24.6033
618000 300.27 -17705.1 -9.19502
619000 300.35 -17699.4 -15.1806
620000 299.673 -17714.4 10.2075
621000 300.692 -17660.5 10.879
622000 300.298 -17622.9 8.65866
623000 300.552 -17673.6 -20.5136
624000 300.893 -17642.5 -2.42727
625000 299.745 -17654.1 25.3552
626000 301.913 -17650.5 4.4545
627000 299.569 -17711.3 -3.89287
628000 298.373 -17700.9 -4.50666
629000 302.122 -17675.2 6.25886
630000 299.533 -17639 31.0301
631000 298.338 -17709.9 -6.96962
632000 300.778 -17636.4 8.42706
633000 301.703 -17622.9 -30.4832
634000 299.778 -17691.2 25.4121
635000 299.309 -17680.8 38.2218
636000 300.557 -17645.6 -8.7504
637000 299.776 -17657 -3.54482
638000 300.902 -17627.1 -10.9734
639000 300.983 -17652.2 3.52827
640000 300.381 -17649.1 3.32002
641000 299.634 -17673.2 -19.648
642000 298.42 -17668.2 -6.39632
643000 299.884 -17646.8 14.8501
644000 299.982 -17635.4 11.2054
645000 300.246 -17670.6 22.1009
646000 301.139 -17684.8 -18.2015
647000 301.689 -17657.4 -19.5508
648000 300.248 -17725.3 7.77219
649000 300.821 -17720 16.5275
650000 300.131 -17692.6 -4.02332
651000 300.808 -17657.1 -16.1
652000 298.179 -17723.1 9.89616
653000 297.932 -17701.3 -10.2764
654000 299.074 -17651.5 17.0817
655000 300.906 -17652.7 -14.1689
656000 299.439 -17669.5 0.703771
657000 300.74 -17691.6 -1.03049
658000 301.044 -17653.3 11.8351
659000 299.156 -17689.9 -20.8384
660000 299.007 -17668.4 7.25728
661000 302.143 -17606 25.1948
662000 299.147 -17651.4 0.23168
663000 299.713 -17650.9 -31.6527
664000 301.228 -17643.5 -35.479
665000 301.262 -17566.5 49.6598
666000 298.667 -17648.9 32.1239
667000 299.116 -17646.6 -26.2801
668000 298.548 -17657 1.73456
669000 299.956 -17647.2 -8.60048
670000 298.861 -17665.3 1.70336
671000 300.06 -17689.4 3.34916
672000 301.923 -17649.9 1.97987
673000 300.409 -17650.1 12.8107
674000 300.579 -17661.8 -14.2782
675000 300.593 -17711.4 -13.005
676000 299.406 -17656.5 16.9412
677000 300.189 -17641.7 9.32848
678000 300.382 -17606.8 -6.11374
679000 300.165 -17606 15.2591
680000 300.987 -17569.3 3.29466
681000 299.823 -17600.4 30.5636
682000 300.097 -17588.5 -48.3951
683000 301.659 -17620.4 -14.6289
684000 300.822 -17668 29.4447
685000 299.939 -17663.5 45.3656
686000 298.733 -17744.9 -6.81336
687000 301.209 -17615.2 -26.8912
688000 301.031 -17656.7 35.333
689000 299.292 -17635.1 10.2716
690000 301.139 -17634 -14.4077
691000 298.83 -17685.8 3.03626
692000 300.223 -17682.3 13.4122
693000 300.549 -17671.4 26.1102
694000 299.654 -17670 -23.8052
695000 300.216 -17616.3 -2.73311
696000 300.767 -17659.3 0.784115
697000 300.325 -17632.2 -13.5481
698000 298.407 -17608.7 12.4455
699000 299.363 -17610.6 -19.4281
700000 299.508 -17638.8 17.5985
701000 297.959 -17658.4 6.62498
702000 300.275 -17642.5 -5.20272
703000 300.422 -17655.7 3.83998
704000 300.597 -17673.1 30.8956
705000 298.495 -17664.8 -0.858151
706000 301.105 -17605.8 -16.1177
707000 299.428 -17684.4 -16.852
708000 300.537 -17682.4 8.55763
709000 300.181 -17621.6 -21.4849
710000 300.693 -17624.8 -26.6954
711000 299.849 -17586 7.28882
712000 301.641 -17601.5 16.5818
713000 299.032 -17624.1 19.5197
714000 300.245 -17588.1 -8.93723
715000 300.347 -17625.4 -20.1216
716000 300.65 -17595.1 3.76488
717000 299.981 -17689.3 23.2597
718000 299.156 -17672.5 -30.5952
719000 300.044 -17583.5 10.6342
720000 299.398 -17564.3 32.7649
721000 302.274 -17579.6 -21.599
722000 301.096 -17601.1 -7.21143
723000 300.161 -17563.4 -17.5583
724000 299.309 -17578.7 26.7502
725000 300.187 -17632.6 4.79231
726000 301.163 -17623.2 -14.1438
727000 299.87 -17672.2 9.30695
728000 301.665 -17581.2 -18.4971
729000 301.043 -17570 8.36458
730000 300.161 -17605.9 24.9701
731000 300.722 -17601 2.4498
732000 300.522 -17626.2 -14.9007
733000 301.709 -17616.9 3.91682
734000 301.083 -17593.4 -0.70092
735000 299.595 -17593.1 10.3191
736000 299.274 -17586.4 9.59914
737000 301.593 -17546.9 22.6673
738000 300.224 -17586.2 -21.9231
739000 301.418 -17549.6 -8.9147
740000 298.884 -17589.3 17.4444
741000 300.524 -17601.3 22.7313
742000 299.971 -17626.9 -6.36874
743000 298.95 -17634.4 -14.2592
744000 299.52 -17581.7 -15.4976
745000 299.245 -17573.7 33.716
746000 299.356 -17594.7 15.4539
747000 299.726 -17570.3 -19.6966
748000 299.145 -17625.8 -31.5232
749000 300.332 -17566 24.6501
750000 300.945 -17609.7 -2.89495
751000 300.725 -17635.1 -8.94994
752000 298.433 -17628.9 -8.96199
753000 299.625 -17613.2 -15.4593
754000 298.755 -17657.2 8.7883
755000 298.174 -17659.2 14.2009
756000 300.305 -17560.8 12.5713
757000 300.03 -17593.7 4.85411
758000 301.151 -17594.2 2.51944
759000 300.971 -17569 2.62749
760000 300.374 -17568.9 2.87874
761000 300.485 -17599.8 -10.9295
762000 301.006 -17596.9 -8.21729
763000 299.85 -17591.4 -16.2785
764000 298.843 -17599.3 22.5559
765000 300.375 -17555.7 -0.568754
766000 301.334 -17574.1 -6.34115
767000 300.128 -17601.1 4.69856
768000 302.146 -17519 44.7225
769000 299.994 -17523.5 -17.0005
770000 300.807 -17516.3 -44.4578
771000 298.957 -17580.6 5.66711
772000 300.575 -17530.3 -14.289
773000 300.853 -17498.2 15.2288
774000 298.395 -17564.8 6.68791
775000 299.273 -17562.3 0.761778
776000 298.618 -17625.5 13.24
777000 299.537 -17572.9 7.97425
778000 299.906 -17574.5 8.44596
779000 300.331 -17535.9 -38.8205
780000 299.315 -17571.1 18.6605
781000 299.332 -17575.7 41.63
782000 300.13 -17539.6 -3.34433
783000 298.726 -17616.7 -18.1103
784000 300.136 -17602 7.44874
785000 299.875 -17575.7 13.9128
786000 301.669 -17492.4 22.8627
787000 300.748 -17520.8 19.3956
788000 301.476 -17549.1 -29.5781
789000 299.893 -17593.8 24.1262
790000 300.324 -17612.4 -10.3611
791000 299.414 -17621.7 -26.2466
792000 299.938 -17546.7 -2.44487
793000 299.642 -17550.8 9.24572
794000 300.497 -17554.9 11.1638
795000 301.727 -17566.7 7.30218
796000 299.559 -17558.6 -20.4847
797000 300.041 -17570.8 22.8068
798000 300.674 -17581.7 0.907915
799000 300.603 -17575.3 -16.7162
800000 299.943 -17615.7 -20.0469
801000 300.761 -17607.6 5.11764
802000 300.382 -17570.7 -4.47254
803000 299.269 -17583.4 27.0955
804000 300.234 -17639.4 -19.2628
805000 298.39 -17618.8 -14.5611
806000 300.705 -17559.5 16.1744
807000 300.234 -17619.9 -32.7424
808000 299.516 -17591 20.764
809000 301.083 -17574.7 1.5757
810000 300.175 -17618.5 22.9139
811000 298.587 -17637.9 -13.8382
812000 300.639 -17598.7 -7.03984
813000 298.642 -17608.3 29.3165
814000 300.451 -17587.2 -6.9647
815000 300.779 -17595.4 13.2839
816000 298.901 -17620.1 6.07768
817000 299.19 -17620 -11.6078
818000 301.937 -17594.6 8.34979
819000 301.379 -17583.3 -13.0908
820000 299.168 -17641 -19.8797
821000 300.172 -17589.1 -7.84293
822000 299.957 -17573.4 29.064
823000 300.296 -17640.6 -3.64589
824000 300.058 -17638.9 -2.91382
825000 299.962 -17656.9 2.15935
826000 298.49 -17650.9 -1.07099
827000 300.892 -17606.1 6.51661
828000 300.515 -17575.2 0.431077
829000 300.675 -17633.8 7.74595
830000 299.362 -17619.7 -11.5348
831000 299.607 -17582.8 0.302054
832000 300.987 -17522.5 -7.39254
833000 300.763 -17598.8 4.87414
834000 298.204 -17697.3 16.6181
835000 300.361 -17602.7 -17.133
836000 299.729 -17599 -13.8237
837000 299.358 -17623.2 2.22739
838000 299.654 -17609.6 32.9583
839000 300.971 -17555.6 -20.5853
840000 300.496 -17557.9 19.2807
841000 301.077 -17578 -18.2866
842000 300.848 -17617.3 3.61809
843000 298.999 -17642.5 14.0073
844000 300.835 -17577.5 22.4164
845000 300.758 -17571.7 -12.2602
846000 299.232 -17610.7 -7.71796
847000 300.26 -17655.4 3.93028
848000 298.71 -17651.9 18.3098
849000 300.57 -17593.6 -24.7377
850000 300.797 -17612.9 32.7559
851000 301.182 -17619.8 -1.02568
852000 299.399 -17655.4 5.64395
853000 300.66 -17680.1 -35.2777
854000 299.739 -17636.1 0.26545
855000 299.534 -17630.3 32.9961
856000 302.066 -17575 -6.32081
857000 298.84 -17684.8 13.334
858000 298.827 -17687.7 2.67497
859000 301.642 -17639.7 -27.8144
860000 300.3 -17620.7 -15.5966
861000 299.951 -17646.4 8.82748
862000 300.718 -17674.8 -12.6731
863000 299.708 -17681.2 0.811435
864000 298.999 -17640.2 11.7294
865000 299.069 -17629.7 34.98
866000 301.373 -17612.6 5.17529
867000 300.738 -17647 -31.2502
868000 299.795 -17623.1 1.03455
869000 300.869 -17619.3 6.56715
870000 300.303 -17644.5 8.02354
871000 299.249 -17713.5 -10.1384
872000 302.373 -17648.1 -3.26702
873000 299.706 -17715.6 1.11025
874000 301.278 -17656.3 19.0925
875000 299.17 -17659.6 -14.5404
876000 299.949 -17625.1 -26.8061
877000 298.605 -17630.6 15.6063
878000 300.348 -17586 6.1373
879000 299.784 -17657.9 -1.14564
880000 300.045 -17658.4 -3.20785
881000 300.745 -17664.8 -12.7696
882000 301.528 -17657.1 -6.57807
883000 299.043 -17710.5 0.782569
884000 298.572 -17697.8 18.1443
885000 298.519 -17645.4 -18.8777
886000 300.135 -17620.6 6.4566
887000 300.402 -17637.1 -15.3188
888000 300.74 -17636.7 15.9708
889000 300.546 -17589.2 32.1516
890000 298.689 -17634.2 -14.9759
891000 299.817 -17604.6 -15.2148
892000 299.082 -17662 22.5143
893000 299.41 -17655.5 14.7284
894000 300.77 -17698.4 27.4317
895000 299.729 -17699.7 -8.67725
896000 298.178 -17693.5 -2.89096
897000 299.395 -17683.5 10.32
898000 299.712 -17680.6 12.7193
899000 297.92 -17669.3 -7.75814
900000 299.256 -17650 -28.1717
901000 298.675 -17706.6 24.6589
902000 300.613 -17689.1 19.6819
903000 299.714 -17664 18.1316
904000 299.517 -17700.6 -11.7968
905000 301.491 -17661.5 -11.1886
906000 300.253 -17669 34.1331
907000 300.951 -17703.4 46.6163
908000 299.209 -17702.5 -40.7434
909000 300.138 -17646.3 -29.035
910000 298.73 -17639.3 7.79419
911000 298.786 -17645.9 49.6267
912000 300.147 -17636.2 4.24647
913000 298.736 -17656.5 -7.1236
914000 299.56 -17656.8 0.802257
915000 299.42 -17685 9.34591
916000 302.889 -17638.7 -14.2574
917000 298.329 -17724.7 2.4902
918000 300.447 -17680.6 -13.0903
919000 300.1 -17705.6 -10.0333
920000 299.061 -17691.6 37.02
921000 299.656 -17699.6 -0.113217
922000 300.036 -17667.1 -14.238
923000 300.46 -17641.3 6.00442
924000 298.848 -17633.8 -7.91374
925000 300.776 -17682.9 15.9772
926000 298.874 -17728.3 11.0851
927000 301.499 -17645.9 21.2818
928000 300.692 -17670.3 -5.01699
929000 300.06 -17742.9 -15.1183
930000 299.1 -17730.9 -18.5772
931000 300.824 -17711.9 3.98601
932000 298.705 -17749.4 4.63077
933000 301.467 -17665.9 -15.3029
934000 300.47 -17654.2 -10.6085
935000 302.277 -17653.6 33.6649
936000 301.206 -17732.7 22.5134
937000 299.258 -17716.6 -2.32404
938000 300.808 -17713.7 -7.34361
939000 299.645 -17709.8 14.055
940000 300.398 -17650.6 55.5084
941000 299.223 -17683.9 18.5677
942000 300.077 -17704.1 -44.6968
943000 301.102 -17705.8 -0.569044
944000 299.994 -17732.6 19.7748
945000 300.627 -17679.6 22.3545
946000 299.477 -17686.6 -45.8935
947000 299.197 -17722.6 -8.16444
948000 301.151 -17648.8 3.39253
949000 301.06 -17635.6 20.112
950000 299.431 -17743.1 -11.5533
951000 299.853 -17659.5 9.7661
952000 300.593 -17640.9 -23.4772
953000 300.323 -17678.1 -9.57412
954000 300.96 -17664.4 43.4092
955000 300.785 -17663.5 10.7458
956000 299.419 -17662.4 10.7825
957000 298.762 -17707.8 -5.53372
958000 299.133 -17729.2 -6.86343
959000 301.932 -17644.3 -9.52371
960000 298.413 -17746.6 43.4414
961000 299.317 -17726.9 -28.042
962000 300.087 -17685.2 9.2491
963000 300.193 -17676.3 12.3981
964000 299.939 -17750.8 -10.7559
965000 300.981 -17759.1 -27.971
966000 299.792 -17741.2 -17.2944
967000 301.745 -17641.9 30.1761
968000 300.231 -17670.8 -3.83061
969000 299.19 -17696.3 18.4648
970000 299.707 -17683.9 6.80694
971000 301.336 -17650.4 -31.5372
972000 299.592 -17752 -11.7586
973000 298.816 -17771.3 12.6579
974000 300.993 -17715.7 32.2311
975000 300.661 -17712.3 -5.899
976000 300.364 -17724.1 1.15283
977000 300.651 -17646.3 20.1139
978000 301.05 -17666.1 7.54968
979000 300.308 -17669.3 3.48364
980000 299.276 -17673.2 -33.3144
981000 298.523 -17717.2 -4.39783
982000 299.799 -17731.8 28.7887
983000 300.608 -17712.3 -4.31304
984000 301.128 -17676.3 -3.67452
985000 300.798 -17697.3 -1.96447
986000 300.527 -17670.5 7.13225
987000 300.445 -17735.2 36.7595
988000 300.914 -17746.3 8.46269
989000 299.815 -17725.1 -14.663
990000 300.133 -17690 -5.03873
991000 300.606 -17679.3 -11.0533
992000 300.6 -17661.2 13.4477
993000 299.655 -17666.4 25.923
994000 299.83 -17610 -4.85579
995000 300.337 -17608.3 5.47746
996000 300.355 -17659 19.5671
997000 299.446 -17667.2 11.7855
998000 299.487 -17704.5 5.78481
999000 300.119 -17757.5 2.17094
1000000 299.7 -17720.9 8.78067
1001000 299.466 -17766.5 2.41511
1002000 300.941 -17694.3 -12.9134
1003000 300.483 -17712.2 34.9541
1004000 300.168 -17674.8 -6.29423
1005000 298.179 -17695.4 -18.0497
1006000 301.12 -17629.9 4.82139
1007000 301.673 -17608.4 36.7282
1008000 299.863 -17637.3 -8.26793
1009000 300.446 -17608.7 21.8019
1010000 299.437 -17651.7 -0.504343
1011000 299.616 -17645.6 -12.6974
1012000 299.906 -17653.3 2.50146
1013000 298.686 -17661.9 20.0601
1014000 300.983 -17614.4 13.4389
1015000 299.327 -17618.7 19.6106
1016000 301.166 -17557.9 -21.5731
1017000 300.733 -17634.5 -9.37319
1018000 298.336 -17703.5 20.5454
1019000 299.55 -17713.3 31.0147
1020000 299.887 -17682.9 -25.6569
1021000 298.541 -17739.7 -16.8507
1022000 299.192 -17730.8 6.84913
1023000 300.472 -17732.2 37.2642
1024000 299.691 -17731.7 11.0566
1025000 299.947 -17763.7 0.234916
1026000 299.756 -17692.1 -19.0941
1027000 299.788 -17686.7 -12.9437
1028000 299.035 -17690.9 53.2214
1029000 299.243 -17691.8 -9.99198
1030000 300.531 -17643.7 -9.32749
1031000 299.354 -17648.5 -12.6413
1032000 299.94 -17647.5 2.28278
1033000 298.987 -17659.6 -2.44879
1034000 299.311 -17726.9 9.0451
1035000 299.211 -17723.3 6.42731
1036000 300.553 -17694.5 -12.8031
1037000 300.394 -17698.5 -24.4794
1038000 300.526 -17678.5 -11.1373
1039000 299.971 -17633 4.09582
1040000 300.713 -17631.4 3.64172
1041000 298.897 -17688.5 -16.8423
1042000 299.732 -17638 -16.1111
1043000 297.955 -17660.5 -23.962
1044000 299.389 -17657.8 2.31783
1045000 301.881 -17655.1 12.7636
1046000 301.033 -17646.3 9.81214
1047000 300.372 -17640.2 18.8829
1048000 300.171 -17653.4 16.109
1049000 299.491 -17655 -13.5555
1050000 299.156 -17653.4 9.64897
1051000 299.934 -17665.6 31.6309
1052000 299.247 -17727.5 -15.6445
1053000 299.468 -17738.2 -22.8568
1054000 299.835 -17702 -13.188
1055000 299.373 -17660 27.422
1056000 299.616 -17692.6 -16.59
1057000 299.689 -17683.8 -9.95687
1058000 300.065 -17635 -7.07958
1059000 299.426 -17614.5 29.397
1060000 301.216 -17597.8 -2.21675
1061000 300.818 -17639.7 -9.96327
1062000 300.776 -17621.6 9.6527
1063000 301.327 -17567.9 -4.17574
1064000 299.412 -17641 4.66652
1065000 298.867 -17653.6 -15.2673
1066000 298.896 -17686.7 34.2423
1067000 299.082 -17607.7 -0.48118
1068000 298.532 -17669.7 -26.4176
1069000 300.303 -17620.4 -45.2985
1070000 301.508 -17611.8 22.3793
1071000 301.346 -17611.7 18.9805
1072000 300.603 -17635.8 -24.5558
1073000 300.655 -17650.6 -0.444641
1074000 299.522 -17666.2 22.4047
1075000 300.808 -17684.7 -37.4259
1076000 300.487 -17628.9 21.7506
1077000 299.297 -17671.8 14.4272
1078000 299.412 -17633.8 4.9078
1079000 300.432 -17582.5 -4.88508
1080000 300.559 -17542.5 8.2415
1081000 300.824 -17558.5 3.75593
1082000 299.395 -17647.4 -16.0923
1083000 299.239 -17591.2 -22.189
1084000 301.11 -17595.7 3.58797
1085000 300.386 -17596.6 23.8635
1086000 301.269 -17584.2 23.7099
1087000 300.335 -17638.8 -11.4075
1088000 300.085 -17599.5 -18.9272
1089000 301.968 -17624.6 5.97557
1090000 300.033 -17601.8 26.6946
1091000 301.272 -17643 -14.5793
1092000 300.275 -17666.4 -15.635
1093000 299.205 -17671.4 11.0915
1094000 299.233 -17756.8 -16.8327
1095000 299.284 -17727.6 -13.3827
1096000 299.354 -17660.6 22.465
1097000 301.124 -17595.4 2.63498
1098000 299.497 -17627.2 13.432
1099000 301.425 -17554.7 28.9739
1100000 298.942 -17619.2 1.23145
1101000 299.703 -17562.9 -16.6497
1102000 300.226 -17602.1 -6.93923
1103000 298.589 -17636.2 20.8522
1104000 301.444 -17589.2 22.0523
1105000 298.899 -17689.6 -16.2921
1106000 300.652 -17726.2 2.56984
1107000 299.049 -17721.8 -9.85726
1108000 300.165 -17683.4 36.8349
1109000 299.223 -17709.2 -6.44135
1110000 298.714 -17739.1 -31.074
1111000 298.855 -17659.7 2.18237
1112000 300.473 -17698 23.012
1113000 301.004 -17638 -16.0798
1114000 302.037 -17610 -4.41033
1115000 299.609 -17621.7 11.1845
1116000 300.025 -17637 4.33164
1117000 298.64 -17647.9 -3.17603
1118000 300.567 -17595.5 10.567
1119000 300.174 -17657.5 -19.2924
1120000 300.171 -17662.8 39.5557
1121000 300.514 -17656.1 15.9825
1122000 299.8 -17648.1 1.63524
1123000 300.013 -17682.1 -20.6901
1124000 301.026 -17549.9 4.93805
1125000 299.717 -17657.1 27.7289
1126000 299.624 -17622.7 -0.664858
1127000 300.009 -17665.7 17.6449
1128000 300.461 -17615.3 -12.9934
1129000 299.345 -17673.2 -12.8685
1130000 301.712 -17586.1 -28.2476
1131000 299.732 -17666.7 25.1901
1132000 301.091 -17673.7 -10.9875
1133000 299.456 -17716.1 -6.0146
1134000 299.442 -17711.2 -3.10738
1135000 301.553 -17632.1 14.6018
1136000 300.007 -17631.5 -9.18777
1137000 299.397 -17622.6 -10.5788
1138000 300.502 -17614.9 23.5742
1139000 299.626 -17702.4 -17.72
1140000 299.659 -17758.6 -6.57369
1141000 299.895 -17763.5 18.1726
1142000 300.338 -17712.2 20.2974
1143000 299.731 -17726 -0.370611
1144000 299.754 -17647.1 -16.2529
1145000 299.216 -17658.1 12.9304
1146000 300.001 -17671.9 7.82358
1147000 300.357 -17670.6 -17.7969
1148000 300.338 -17637.4 12.2641
1149000 300.073 -17661.3 20.0372
1150000 298.061 -17658.6 -20.0379
1151000 300.06 -17666.7 -7.41198
1152000 299.998 -17642.8 1.54382
1153000 299.266 -17671.7 -21.9183
1154000 300.031 -17661.1 -8.01456
1155000 300.819 -17674.5 51.9753
1156000 300.109 -17621.6 -37.9146
1157000 300.641 -17677.8 5.09977
1158000 301.076 -17629.9 -5.70173
1159000 299.564 -17674 3.24361
1160000 300.389 -17690.5 17.724
1161000 300.899 -17645.4 9.61676
1162000 299.459 -17688.9 -12.4513
1163000 299.53 -17689.5 9.41441
1164000 299.029 -17651.7 13.1634
1165000 300.098 -17638.4 36.3549
1166000 299.006 -17636.1 5.55688
1167000 298.633 -17658.8 -19.902
1168000 299.391 -17679.7 14.0233
1169000 299.996 -17673 -27.8186
1170000 300.821 -17693.9 21.8761
1171000 299.459 -17670.2 -9.00382
1172000 298.495 -17704.6 28.8236
1173000 301.202 -17626.7 7.27658
1174000 300.616 -17675 3.64017
1175000 300.227 -17707.9 -7.03831
1176000 300.536 -17723.4 -17.1656
1177000 298.525 -17736.5 -1.70409
1178000 299.193 -17688.3 3.60714
1179000 301.003 -17662.5 -14.9416
1180000 300.108 -17678.8 19.2663
1181000 299.469 -17701.9 -8.73303
1182000 298.422 -17692.8 -6.47595
1183000 300.001 -17643.4 -28.955
1184000 301.445 -17636.4 -8.30464
1185000 299.851 -17625.5 15.1556
1186000 298.825 -17651.2 -20.7562
1187000 301.323 -17629.9 8.85661
1188000 301.28 -17628.7 11.8285
1189000 300.099 -17677.8 -16.209
1190000 298.873 -17756.2 -6.20513
1191000 299.525 -17775 0.00816575
1192000 299.543 -17737.8 9.64682
1193000 298.507 -17742.5 -21.4453
1194000 300.168 -17697.2 12.7804
1195000 300.531 -17668.7 11.5604
1196000 301.179 -17647 3.97555
1197000 299.902 -17680.7 -10.3703
1198000 299.493 -17755.6 3.77791
1199000 299.657 -17716.3 -3.37698
1200000 299.881 -17724 21.9102
1201000 300.332 -17692 9.69213
1202000 299.513 -17727.5 6.55641
1203000 300.01 -17670.7 -5.16784
1204000 300.769 -17662.1 -12.6606
1205000 300.701 -17698.7 44.6572
1206000 302.688 -17658 -22.8748
1207000 301.768 -17623.5 -35.0408
1208000 299.577 -17693.4 13.0802
1209000 299.335 -17674.3 2.83507
1210000 298.479 -17669.1 -19.433
1211000 300.081 -17698.2 -13.1099
1212000 298.532 -17678.3 29.0194
1213000 300.652 -17705.7 -2.75621
1214000 301.121 -17661.6 -19.9632
1215000 299.889 -17647.8 -15.4552
1216000 301.154 -17673.5 23.3688
1217000 298.715 -17739.8 5.09446
1218000 301.348 -17669.6 -7.41765
1219000 298.854 -17694.2 5.84988
1220000 300.06 -17711.7 8.62793
1221000 299.416 -17706 -13.1966
1222000 301.39 -17647.9 -5.74023
1223000 300.381 -17628.4 29.6113
1224000 299.943 -17676.7 3.70641
1225000 299.702 -17686.4 2.78691
1226000 298.414 -17725.3 0.874046
1227000 299.503 -17674.3 11.8822
1228000 299.314 -17716.5 3.93758
1229000 301.147 -17656.9 -5.20812
1230000 301.475 -17682.7 17.5055
1231000 299.811 -17703.5 -16.9858
1232000 300.004 -17675.4 21.7625
1233000 299.676 -17685.9 -6.15203
1234000 299.378 -17694.6 5.27508
1235000 299.263 -17668.2 11.6595
1236000 300.286 -17626.1 -16.9014
1237000 300.033 -17624.9 -8.46518
1238000 300.936 -17654.7 10.6825
1239000 300.545 -17669.9 -3.1906
1240000 300.302 -17633.8 -6.81584
1241000 300.215 -17693.3 0.190637
1242000 298.989 -17702 -0.768172
1243000 300.364 -17683.2 -0.57348
1244000 299.162 -17722.9 33.7195
1245000 300.093 -17710.2 -10.7437
1246000 301.816 -17671.8 -13.9944
1247000 297.126 -17696.6 19.5755
1248000 300.015 -17671 16.7196
1249000 299.746 -17701.4 -8.27126
1250000 299.583 -17649.8 21.437
1251000 299.479 -17689.5 -7.77571
1252000 300.434 -17636.1 -6.63724
1253000 300.652 -17621.1 -2.43457
1254000 300.174 -17668 -2.14669
1255000 301.769 -17586 31.6161
1256000 301.079 -17650.4 -1.32795
1257000 298.402 -17660.6 -29.9567
1258000 301.614 -17639.8 -29.0253
1259000 298.193 -17667.9 30.4225
1260000 298.094 -17651.3 15.3068
1261000 299.133 -17591 4.22013
1262000 298.484 -17706.7 5.50684
1263000 299.043 -17743.1 -13.021
1264000 300.153 -17705.9 -0.478769
1265000 299.411 -17733.4 -10.6348
1266000 298.946 -17733.7 -17.3556
1267000 299.133 -17719.9 8.32287
1268000 299.608 -17709.3 4.27634
1269000 300.723 -17651.1 3.71445
1270000 302.001 -17672.8 -6.9197
1271000 300.856 -17682.9 12.2226
1272000 300.94 -17682.2 16.3851
1273000 297.685 -17798.2 -9.66519
1274000 300.981 -17699.2 8.38009
1275000 301.013 -17672.1 -16.3869
1276000 299.486 -17722.5 19.3725
1277000 298.469 -17742.2 18.7078
1278000 299.741 -17755.9 -26.6537
1279000 301.061 -17730.9 10.4166
1280000 299.486 -17766.5 -0.862682
1281000 299.717 -17744.4 11.6708
1282000 302.15 -17745.7 3.33554
1283000 299.005 -17749.5 7.22181
1284000 299.019 -17712.5 -12.5095
1285000 297.986 -17704.3 8.98051
1286000 300.147 -17678 21.3782
1287000 299.443 -17664.1 11.443
1288000 299.871 -17688 7.88926
1289000 298.569 -17709.1 -4.58232
1290000 300.395 -17770.6 -34.3468
1291000 299.803 -17777.2 9.55909
1292000 299.169 -17788.9 24.2075
1293000 300.364 -17693.8 -21.3764
1294000 300.634 -17670.6 -4.03719
1295000 299.355 -17696 13.8137
1296000 300.552 -17671.2 -2.78186
1297000 300.28 -17657.7 13.5339
1298000 299.134 -17722.7 13.0778
1299000 301.07 -17675.7 -29.8466
1300000 300.049 -17705 -5.36909
1301000 300.93 -17707.4 1.36522
1302000 299.705 -17727.7 2.23374
1303000 300.969 -17691 17.291
1304000 299.416 -17714.8 5.60188
1305000 298.749 -17748 -19.2673
1306000 299.054 -17728.2 11.7235
1307000 299.399 -17702.8 -14.387
1308000 299.713 -17724.6 29.2136
1309000 300.209 -17724.5 -8.06325
1310000 298.101 -17739.1 15.7757
1311000 299.689 -17667.4 4.81879
1312000 301.193 -17677.4 -19.07
1313000 299.95 -17679.6 4.39172
1314000 299.974 -17662.2 4.67823
1315000 301.207 -17668.8 -19.6199
1316000 300.302 -17729.1 -6.97183
1317000 299.237 -17696.3 7.07784
1318000 300.051 -17685.3 6.65087
1319000 301.207 -17706.5 -10.0927
1320000 299.49 -17701.6 10.9065
1321000 300.237 -17717 0.130945
1322000 299.052 -17692.5 33.8909
1323000 299.736 -17708.7 -12.3818
1324000 300.375 -17726.7 11.0298
1325000 298.595 -17757.4 -13.6151
1326000 299.944 -17734.6 17.3811
1327000 300.061 -17719.8 2.74691
1328000 300.267 -17672 -22.7376
1329000 299.445 -17667.3 1.7518
1330000 299.257 -17653.4 14.5026
1331000 299.835 -17647.4 4.01898
1332000 298.504 -17740.4 9.36261
1333000 299.435 -17774.3 8.16334
1334000 300.05 -17788.4 -12.5244
1335000 301.822 -17720.1 -22.6987
1336000 299.803 -17735.1 0.0601806
1337000 299.398 -17703.8 26.4272
1338000 300.18 -17736.7 13.9648
1339000 298.537 -17716.1 -24.7667
1340000 300.524 -17693.7 -1.48997
1341000 301.108 -17655.9 4.39712
1342000 300.054 -17740.5 -11.5202
1343000 298.88 -17781.2 36.8072
1344000 301.637 -17712.7 27.4135
1345000 299.851 -17741.9 24.6429
1346000 301.358 -17704.9 -48.6363
1347000 298.322 -17719.8 17.8617
1348000 300.355 -17714.6 -0.024713
1349000 301.507 -17690.3 15.3597
1350000 299.541 -17706.9 21.5304
1351000 300.501 -17665.5 -27.969
1352000 300.47 -17687 -13.3241
1353000 302.234 -17662.1 -2.82324
1354000 300.427 -17715.8 1.15179
1355000 300.033 -17703.9 4.17834
1356000 300.645 -17648.1 -9.80831
1357000 301.787 -17640.4 -15.6496
1358000 300.171 -17682.4 -17.9802
1359000 299.456 -17685.8 -20.3489
1360000 300.378 -17698.6 21.7508
1361000 299.347 -17699.7 38.336
1362000 301.072 -17649.6 -33.1858
1363000 301.47 -17669.6 -10.7712
1364000 301.08 -17710.7 -5.65944
1365000 300.84 -17707 7.69702
1366000 300.373 -17686.6 4.09873
1367000 301.283 -17690.4 5.41888
1368000 300.258 -17626.5 10.4127
1369000 298.205 -17687.9 2.64414
1370000 299.842 -17707.2 -32.6906
1371000 299.247 -17693.4 -4.64813
1372000 299.859 -17686.6 -7.33366
1373000 299.905 -17685.8 27.0834
1374000 299.135 -17718 -19.5227
1375000 300.441 -17667.6 -5.63523
1376000 300.509 -17719.6 8.19842
1377000 299.705 -17658.9 18.6577
1378000 298.712 -17677 16.1993
1379000 299.798 -17681.6 19.9303
1380000 300.271 -17662.2 -27.657
1381000 299.667 -17714.4 19.5889
1382000 300.177 -17694.1 16.0706
1383000 299.228 -17698.5 31.1978
1384000 299.233 -17745.1 -12.594
1385000 299.685 -17700.9 -18.475
1386000 300.294 -17682.6 -9.27359
1387000 299.137 -17672.4 8.9296
1388000 299.862 -17697.9 -5.99845
1389000 299.895 -17669.2 -6.81579
1390000 300.23 -17671.8 20.7442
1391000 298.706 -17691.5 44.3516
1392000 299.507 -17668.5 3.88445
1393000 299.977 -17665.1 -38.0038
1394000 299.982 -17690.8 -5.5648
1395000 298.379 -17777.3 3.85425
1396000 300.788 -17697.1 14.2444
1397000 299.685 -17683.9 -16.5711
1398000 300.442 -17645.6 18.2034
1399000 299.002 -17705.8 17.9623
1400000 299.85 -17682.7 -14.7655
1401000 298.449 -17753.7 -5.99976
1402000 300.545 -17692.2 32.9145
1403000 301.276 -17734.3 -26.2347
1404000 298.682 -17751.3 -20.3727
1405000 300.657 -17684.5 16.2431
1406000 299.323 -17700.5 28.8967
1407000 298.704 -17711.4 4.65146
1408000 299.815 -17656.5 1.9923
1409000 300.15 -17672.6 -16.6393
1410000 300.027 -17696.4 24.4765
1411000 300.639 -17704 -35.3375
1412000 299.441 -17707.9 0.83235
1413000 298.395 -17793.8 -2.12114
1414000 300.827 -17705.7 10.3554
1415000 299.514 -17688.1 -3.777
1416000 300.574 -17647.2 12.8412
1417000 298.936 -17691.7 -15.4098
1418000 301.409 -17676 -28.2282
1419000 301.656 -17637 1.24657
1420000 299.865 -17679.7 -9.51457
1421000 299.912 -17677.1 0.80991
1422000 300.203 -17656.5 12.5018
1423000 299.736 -17653.6 4.51553
1424000 300.411 -17667 0.806445
1425000 301.218 -17672.2 21.9048
1426000 299.041 -17705.4 15.9441
1427000 300.174 -17719.7 -3.7743
1428000 298.849 -17713.2 -9.81464
1429000 299.556 -17715.3 -7.96241
1430000 298.545 -17743.9 39.7088
1431000 299.846 -17695.5 -6.52004
1432000 299.926 -17654.9 -14.2556
1433000 300.262 -17674.4 6.51748
1434000 300.715 -17679.5 6.44236
1435000 299.51 -17666 0.214689
1436000 300.262 -17653.2 -12.1952
1437000 300.047 -17582.1 29.6652
1438000 300.463 -17656.1 4.49067
1439000 298.863 -17629.1 -5.352
1440000 300.267 -17685.3 -15.9155
1441000 298.907 -17631.9 4.39037
1442000 300.569 -17633.8 -12.6551
1443000 299.632 -17680.7 -13.6795
1444000 299.769 -17656.2 22.3197
1445000 301.525 -17655.1 19.8695
1446000 298.634 -17648.9 19.8667
1447000 299.446 -17685.7 -4.84465
1448000 298.951 -17660.7 -14.039
1449000 301.516 -17621.1 -9.25752
1450000 300.805 -17633.5 -11.6749
1451000 299.86 -17681 3.76681
1452000 300.106 -17670.7 6.25421
1453000 300.023 -17641.1 -34.0761
1454000 300.937 -17724.1 1.0774
1455000 299.767 -17673.2 31.3852
1456000 298.801 -17678.1 -11.7863
1457000 299.909 -17701.8 -24.5616
1458000 299.172 -17676 6.94393
1459000 301.018 -17635.5 39.4117
1460000 299.244 -17645.1 -14.8372
1461000 300.103 -17652.9 -8.14384
1462000 300.872 -17669.6 16.5456
1463000 300.618 -17689 6.48459
1464000 297.926 -17667.4 -14.6659
1465000 299.33 -17684 10.242
1466000 300.057 -17702.1 -8.52151
1467000 300.974 -17712.2 2.84623
1468000 300.883 -17658.3 1.91199
1469000 299.178 -17645.5 15.0566
1470000 300.104 -17649.2 37.0102
1471000 299.594 -17642.5 -1.17024
1472000 300.476 -17594.7 -26.0021
1473000 298.771 -17628.8 7.78928
1474000 298.381 -17678.3 14.8561
1475000 300.662 -17641.7 -6.96348
1476000 300.645 -17590 -0.812114
1477000 299.678 -17650.4 21.6844
1478000 300.045 -17670.1 -2.0798
1479000 301.117 -17689.5 6.29004
1480000 300.508 -17675.2 -20.5344
1481000 299.814 -17666.3 -4.96784
1482000 299.951 -17613 7.7388
1483000 299.812 -17618.5 41.0309
1484000 301.214 -17647.6 11.6853
1485000 300.706 -17613.6 -5.03661
1486000 299.645 -17655.5 -10.9276
1487000 298.955 -17641.1 -11.0263
1488000 300.805 -17636.6 37.9383
1489000 301.396 -17681.6 -31.9791
1490000 299.589 -17712.5 5.84779
1491000 300.931 -17675.3 41.2394
1492000 298.796 -17693.9 9.80575
1493000 300.26 -17666.4 -4.13905
1494000 300.431 -17666 10.0281
1495000 300.892 -17683.8 -1.42853
1496000 298.64 -17721.3 -45.342
1497000 300.798 -17643.7 -12.8462
1498000 300.6 -17678.9 52.4148
1499000 300.002 -17631.6 15.6683
1500000 300.15 -17655.1 -21.8843
1501000 299.888 -17693 2.98982
1502000 300.113 -17661.9 21.4587
1503000 299.933 -17663.1 8.2709
1504000 298.834 -17697.7 -19.7284
1505000 301.13 -17670.7 -18.6575
1506000 299.941 -17674.4 -10.0058
1507000 300.299 -17659.6 11.439
1508000 300.481 -17685.5 9.80905
1509000 300.419 -17700.4 -7.00189
1510000 300.82 -17656.4 16.3859
1511000 298.564 -17760.7 -24.7722
1512000 300.195 -17761 7.91858
1513000 298.773 -17695.5 18.9762
1514000 300.533 -17705.5 -0.0890935
1515000 300.956 -17667 -0.797138
1516000 302.004 -17644.2 -7.77226
1517000 301.363 -17668.6 -13.071
1518000 298.406 -17714.1 22.6838
1519000 299.59 -17674.8 10.1232
1520000 299.947 -17694.1 21.6571
1521000 301.45 -17622.1 2.07093
1522000 301.44 -17636.1 -10.0877
1523000 299.316 -17628.1 14.5443
1524000 298.368 -17712.9 8.8693
1525000 299.213 -17642.4 -6.12892
1526000 302.028 -17658.3 -29.5251
1527000 299.013 -17676.6 -6.60481
1528000 299.046 -17695.2 23.1727
1529000 299.744 -17659.9 2.28263
1530000 299.344 -17673.4 -10.5064
1531000 299.13 -17680.1 4.47743
1532000 299.743 -17669.9 -18.7045
1533000 299.975 -17696.2 29.931
1534000 299.544 -17665.8 29.6707
1535000 299.636 -17699.8 -27.2572
1536000 301.682 -17654.3 -16.6418
1537000 298.724 -17623.1 -6.93448
1538000 301.182 -17599.6 46.0159
1539000 300.511 -17604.7 -1.49345
1540000 300.412 -17660.3 -13.9431
1541000 299.474 -17666.9 -14.3955
1542000 299.597 -17665.6 26.0672
1543000 299.958 -17696.4 -21.713
1544000 299.82 -17724.1 0.3125
1545000 300.459 -17675.9 -4.023
1546000 300.277 -17614 -6.72123
1547000 299.915 -17649.8 0.955766
1548000 299.35 -17707.9 12.5221
1549000 300.816 -17683.8 9.47946
1550000 298.696 -17701.7 13.072
1551000 299.972 -17661.8 -26.3786
1552000 300.223 -17714 30.1288
1553000 300.773 -17647 46.4318
1554000 301.006 -17713.4 16.3628
1555000 299.388 -17708 -8.40775
1556000 300.318 -17651.4 16.0554
1557000 299.571 -17720.5 1.17304
1558000 298.456 -17775.1 7.32949
1559000 300.363 -17759.7 -24.1288
1560000 299.896 -17685.1 28.9651
1561000 300.17 -17745.4 -14.6948
1562000 299.85 -17675.5 25.9164
1563000 298.889 -17729.8 15.3536
1564000 299.311 -17733.3 -4.17652
1565000 299.873 -17766.2 -6.64033
1566000 301.109 -17729.3 8.8346
1567000 299.468 -17723.3 10.8577
1568000 299.661 -17730.6 2.48163
1569000 298.229 -17725.5 15.5442
1570000 300.951 -17643.9 1.86614
1571000 299.056 -17705.7 -12.4617
1572000 299.317 -17699.6 31.4796
1573000 298.571 -17713.6 6.7822
1574000 301.463 -17652 -21.6263
1575000 301.554 -17693.9 -5.61213
1576000 299.439 -17713.6 5.11204
1577000 299.116 -17751.6 13.5689
1578000 299.546 -17743.7 12.1095
1579000 300.49 -17656 -26.1794
1580000 300.366 -17669.7 31.5827
1581000 299.723 -17710.3 -15.2438
1582000 299.395 -17679.9 -5.32672
1583000 300.62 -17682.5 13.961
1584000 300.245 -17697.1 -2.38913
1585000 298.581 -17708.9 -2.44889
1586000 300.046 -17639.9 14.6333
1587000 300.567 -17643 -5.9971
1588000 298.413 -17697.4 -3.35055
1589000 299.442 -17673.8 35.6449
1590000 300.584 -17646.6 0.34941
1591000 300.378 -17712.7 -12.9143
1592000 298.851 -17733.5 -30.1588
1593000 298.772 -17738.8 -20.8856
1594000 299.001 -17697.2 52.735
1595000 298.692 -17704.6 -14.6602
1596000 300.353 -17685.4 3.05246
1597000 301.517 -17678.2 -7.65793
1598000 299.929 -17699.2 3.92608
1599000 299.267 -17727.2 -12.5749
1600000 299.686 -17644.5 -1.77266
1601000 300.412 -17648.9 11.8763
1602000 300.153 -17662.2 6.08832
1603000 299.885 -17647 -15.1173
1604000 301.055 -17654.2 17.7019
1605000 299.784 -17733.7 5.55008
1606000 299.28 -17715 43.6643
1607000 298.971 -17747.2 -0.0486135
1608000 299.519 -17703.2 -23.4576
1609000 300.604 -17706.9 -21.9474
1610000 300.768 -17674.6 36.7279
1611000 299.794 -17685.7 -6.98237
1612000 297.925 -17698.6 -1.88143
1613000 300.509 -17671 -3.07882
1614000 298.347 -17669.6 23.6231
1615000 301.133 -17674.5 16.061
1616000 300.317 -17634.2 -6.38822
1617000 301.21 -17710.5 -42.2745
1618000 301.243 -17661.5 13.0352
1619000 300.138 -17665.6 -15.6655
1620000 298.512 -17742.3 32.3485
1621000 300.449 -17726 5.47097
1622000 299.028 -17727.1 6.91295
1623000 299.215 -17710.1 -6.37782
1624000 299.403 -17736.5 -3.79729
1625000 299.598 -17690.7 18.0764
1626000 300.918 -17615.4 0.265165
1627000 299.944 -17669.7 -25.6007
1628000 298.295 -17734.9 -0.194547
1629000 300.274 -17739.9 -26.8382
1630000 301.7 -17676.3 19.0472
1631000 300.7 -17646.1 -6.31479
1632000 299.047 -17717.6 -5.1398
1633000 301.754 -17651.6 -0.508711
1634000 300.631 -17714.9 10.3911
1635000 299.687 -17712.4 -18.4383
1636000 299.201 -17678.5 -14.6549
1637000 299.816 -17693 26.8834
1638000 299.489 -17674.5 -6.94389
1639000 301.641 -17659.6 23.1428
1640000 298.609 -17707.9 24.6821
1641000 300.045 -17690.5 -41.9529
1642000 300.676 -17675.5 -3.55573
1643000 300.137 -17641.5 41.5828
1644000 298.097 -17673.5 -7.89357
1645000 299.881 -17652.6 -8.76344
1646000 299.378 -17677 32.7722
1647000 299.986 -17702.7 -11.2283
1648000 300.253 -17649.5 17.2271
1649000 300.386 -17625.3 -15.9514
1650000 299.642 -17603.8 -4.20115
1651000 299.517 -17709.4 30.5793
1652000 298.493 -17672.5 -14.597
1653000 298.619 -17713.8 -7.21301
1654000 300.165 -17658.8 -12.0366
1655000 299.579 -17631.4 18.929
1656000 299.687 -17621.9 8.33271
1657000 300.821 -17636.5 -5.2678
1658000 300.826 -17625 4.21025
1659000 299.753 -17650.1 -36.3267
1660000 299.882 -17672.7 19.578
1661000 299.195 -17699.4 31.655
1662000 298.587 -17693.6 -7.44545
1663000 300.788 -17663.5 -14.9892
1664000 300.326 -17666.6 2.92237
1665000 299.695 -17656.5 -4.50114
1666000 300.088 -17671.2 -32.8102
1667000 299.422 -17639.5 -8.99486
1668000 299.818 -17672.7 31.1515
1669000 300.203 -17712.9 -6.51013
1670000 300.568 -17655.4 13.8428
1671000 301.004 -17687.5 -20.5666
1672000 300.69 -17653.5 -12.2798
1673000 301.142 -17606.8 20.8674
1674000 301.564 -17612.9 -4.31231
1675000 300.079 -17642.9 4.33797
1676000 300.243 -17689.7 25.8268
1677000 300.762 -17637.4 -41.3123
1678000 300.964 -17628.8 2.30254
1679000 300.451 -17634.1 24.6159
1680000 299.894 -17684.6 -20.2963
1681000 301.073 -17631.7 9.71327
1682000 299.26 -17643.7 16.6811
1683000 299.429 -17689 -15.3296
1684000 300.784 -17685.7 -7.29261
1685000 298.898 -17676.3 14.1213
1686000 299.902 -17652.7 -10.9157
1687000 300.146 -17655.9 8.67327
1688000 300.226 -17671.4 15.2886
1689000 300.422 -17667.8 -27.4315
1690000 301.248 -17624.4 5.43489
1691000 300.321 -17696.4 5.6953
1692000 300.671 -17638.3 22.163
1693000 299.688 -17607.4 9.16488
1694000 299.382 -17587.5 -21.0844
1695000 299.619 -17616.8 -10.5729
1696000 301.807 -17625.5 -17.5938
1697000 298.862 -17674.1 -3.17791
1698000 300.447 -17640.2 15.6965
1699000 298.893 -17678.8 13.5825
1700000 301.368 -17671 -27.2366
1701000 298.612 -17621.2 7.65429
1702000 300.515 -17587.8 -0.0242405
1703000 300.345 -17618.8 14.2982
1704000 300.62 -17634.2 8.5142
1705000 299.002 -17689.7 -5.13479
1706000 300.497 -17575.7 -4.99576
1707000 300.59 -17595.8 -2.35406
1708000 300.407 -17628.1 19.6808
1709000 299.385 -17611.1 6.17569
1710000 297.354 -17666.5 -34.6609
1711000 300.539 -17619.7 32.7483
1712000 301.258 -17544.9 34.2909
1713000 300.292 -17615.7 -3.42581
1714000 299.48 -17636.6 -27.7685
1715000 301.052 -17556.9 1.96468
1716000 301.686 -17577.3 -13.8502
1717000 300.37 -17578.8 2.83938
1718000 299.246 -17582.7 38.988
1719000 298.508 -17642.6 5.56185
1720000 299.651 -17612.6 16.8617
1721000 300.645 -17641.7 -6.85425
1722000 300.438 -17687 7.51596
1723000 298.432 -17699.1 25.8176
1724000 300.284 -17654.6 -40.7011
1725000 300.133 -17651.2 -15.5279
1726000 300.545 -17633.3 36.8082
1727000 298.853 -17687.2 3.1169
1728000 299.786 -17684.5 -13.8692
1729000 299.449 -17700.7 -36.1314
1730000 300.54 -17698.1 16.7889
1731000 300.741 -17685.3 -3.93758
1732000 297.267 -17686.9 31.0981
1733000 300.551 -17689.1 8.25485
1734000 300.67 -17688.7 11.2091
1735000 300.307 -17698.9 10.5021
1736000 301.811 -17699 -5.29448
1737000 300.126 -17732.1 4.95968
1738000 299.345 -17728.3 9.54778
1739000 300.564 -17682.5 18.2929
1740000 299.941 -17690.2 -20.906
1741000 299.131 -17690.8 14.1582
1742000 299.927 -17670.4 15.2091
1743000 298.752 -17739.6 -10.7708
1744000 298.011 -17737.6 1.46257
1745000 300.399 -17670.3 -15.0808
1746000 298.818 -17714.6 11.6859
1747000 299.308 -17678.7 3.8193
1748000 301.527 -17591.1 -20.0186
1749000 299.187 -17660.4 0.812425
1750000 300.106 -17638.9 17.5808
1751000 299.502 -17676.1 -11.4091
1752000 299.07 -17686.7 -6.94048
1753000 299.122 -17724.2 -12.248
1754000 300.931 -17661.9 23.0996
1755000 300.843 -17659.8 -11.1028
1756000 300.802 -17650.4 -11.0883
1757000 300.282 -17623 29.3865
1758000 300.03 -17673.3 -1.99785
1759000 298.653 -17737.5 -2.98395
1760000 298.901 -17652.9 -8.03947
1761000 301.043 -17637.3 30.617
1762000 299.478 -17635.1 -17.3785
1763000 299.509 -17636.2 4.5275
1764000 300.145 -17686.3 -4.59139
1765000 301.369 -17670.2 -18.7249
1766000 300.852 -17644.1 18.4143
1767000 298.995 -17612.4 -3.86256
1768000 299.413 -17675.7 -5.70288
1769000 299.585 -17704.9 2.65827
1770000 301.19 -17648.4 17.6685
1771000 300.392 -17683.8 -23.4013
1772000 301.68 -17621 28.4279
1773000 299.801 -17736.1 -8.17539
1774000 298.431 -17724.5 -37.3932
1775000 299.568 -17713 0.504637
1776000 299.956 -17691 28.2671
1777000 299.831 -17710.5 24.2932
1778000 302.26 -17667.4 -39.5657
1779000 300.742 -17636.1 12.7155
1780000 301.991 -17651.1 17.1373
1781000 301.871 -17647.6 -11.734
1782000 300.383 -17688.5 -1.8041
1783000 300.368 -17694.9 -16.9699
1784000 298.871 -17719.3 -10.7773
1785000 299.626 -17685 18.9915
1786000 299.077 -17651.3 -17.2184
1787000 297.244 -17754 -15.6384
1788000 300.01 -17665.6 20.7667
1789000 300.309 -17606.9 9.53908
1790000 299.655 -17693.1 -8.81926
1791000 300.601 -17747.8 -23.7456
1792000 300.076 -17710 -4.65274
1793000 300.249 -17736.6 9.99058
1794000 300.942 -17701.8 -0.389138
1795000 300.236 -17728.2 15.7997
1796000 300.427 -17725.3 -0.411754
1797000 299.137 -17777.1 9.56477
1798000 300.274 -17709.4 -4.19658
1799000 299.276 -17668.1 15.2006
1800000 301.762 -17713.9 10.7807
1801000 299.371 -17703.5 3.36467
1802000 301.647 -17673.5 -20.3174
1803000 299.964 -17717.4 3.74746
1804000 300.148 -17720.8 -4.49834
1805000 299.594 -17761.4 -13.9838
1806000 299.791 -17737.5 -1.01596
1807000 298.544 -17725.1 35.0495
1808000 300.776 -17723 -2.97955
1809000 299.75 -17697 0.192559
1810000 300.811 -17689.8 30.4482
1811000 300.108 -17685.1 13.1599
1812000 301.122 -17659.5 10.833
1813000 300.507 -17741.9 -34.7403
1814000 298.683 -17773.7 25.983
1815000 299.451 -17763.6 14.1752
1816000 300.331 -17722.3 27.276
1817000 299.41 -17762.7 -29.551
1818000 299.784 -17744.9 -2.86397
1819000 301.44 -17692.7 9.29709
1820000 299.775 -17721.1 -9.41907
1821000 300.724 -17712 0.438164
1822000 301.665 -17703.2 -30.4953
1823000 300.062 -17711.5 -3.15084
1824000 301.291 -17702.7 18.9091
1825000 300.349 -17734 -10.5063
1826000 299.025 -17743.1 17.1886
1827000 300.599 -17771.9 -47.7762
1828000 299.09 -17783.9 -9.57431
1829000 300.076 -17761.7 4.31737
1830000 297.642 -17727 0.0133624
1831000 301.768 -17709.2 17.4276
1832000 300.361 -17668.7 -3.71595
1833000 299.468 -17753.3 -12.0916
1834000 299.24 -17711 10.7045
1835000 299.978 -17722.3 -2.40872
1836000 300.744 -17719.8 27.6006
1837000 300.651 -17724.1 6.55422
1838000 300.819 -17670.2 15.53
1839000 300.907 -17685.1 -27.4399
1840000 301.788 -17683.1 22.1029
1841000 298.764 -17729 12.2069
1842000 299.497 -17685 6.97412
1843000 301.454 -17719.6 -4.77481
1844000 299.671 -17729.4 11.7492
1845000 299.577 -17688.7 -19.8635
1846000 299.619 -17691.2 -1.08151
1847000 299.775 -17746.4 -9.25172
1848000 301.194 -17697.6 1.78421
1849000 299.955 -17745.6 22.9953
1850000 300.337 -17694.8 -0.853626
1851000 300.344 -17694.8 -14.1835
1852000 299.903 -17760.1 3.35421
1853000 298.536 -17782.4 -1.2546
1854000 299.23 -17774.1 8.34556
1855000 299.468 -17770.7 -1.17634
1856000 300.101 -17746.1 15.5246
1857000 299.031 -17737.7 -23.7323
1858000 300.457 -17744.5 -15.5224
1859000 300.35 -17720 15.3487
1860000 301.465 -17732.7 -33.1015
1861000 300.187 -17711.5 -14.1904
1862000 300.408 -17648.7 -3.15959
1863000 299.668 -17716.3 10.2153
1864000 300.625 -17695.3 28.7481
1865000 302.536 -17728 -30.7725
1866000 298.932 -17751.8 -1.0779
1867000 301.154 -17718 14.579
1868000 300.193 -17648.9 5.84194
1869000 300.798 -17677.3 -22.7106
1870000 300.535 -17632.9 20.2282
1871000 300.941 -17685.3 10.3757
1872000 299.645 -17729.8 8.1065
1873000 299.502 -17757.7 -7.87924
1874000 300.327 -17718.3 -13.7745
1875000 300.535 -17682.3 47.266
1876000 299.206 -17707.4 -30.4739
1877000 299.922 -17677.9 -28.9149
1878000 300.607 -17678.6 1.5129
1879000 299.156 -17720.1 18.5098
1880000 300.43 -17676.1 24.1772
1881000 299.705 -17724.1 -24.8624
1882000 300.908 -17711 -4.41493
1883000 298.635 -17670.1 16.1007
1884000 301.143 -17678.8 9.70721
1885000 299.21 -17706.6 -0.429946
1886000 299.383 -17740.7 1.83541
1887000 299.891 -17737.9 23.6814
1888000 299.693 -17682.8 -7.4813
1889000 298.898 -17702.2 -4.43113
1890000 300.238 -17644.3 -18.5301
1891000 300.755 -17584.4 3.9742
1892000 300.833 -17667 9.25023
1893000 301.241 -17622.6 14.5677
1894000 299.655 -17690.8 4.54284
1895000 300.961 -17671.3 -2.66314
1896000 299.608 -17684.5 -21.5679
1897000 299.57 -17704.5 24.6692
1898000 300.338 -17711.8 27.6382
1899000 299.343 -17746.7 -15.5899
1900000 298.868 -17733.2 -15.1752
1901000 299.005 -17733.4 7.83284
1902000 300.283 -17708 12.4839
1903000 300.087 -17756 -12.3321
1904000 299.266 -17715.3 -7.33246
1905000 300.182 -17667.6 29.7029
1906000 300.103 -17721.6 1.173
1907000 300.298 -17724.6 14.1912
1908000 301.114 -17663.9 -8.4156
1909000 300.44 -17681.6 8.29808
1910000 300.503 -17659.4 9.53491
1911000 300.356 -17702.3 18.4503
1912000 300.297 -17724.7 14.9227
1913000 300.6 -17736 -20.9835
1914000 299.182 -17716.3 11.5268
1915000 299.542 -17703 5.23971
1916000 299.058 -17688.4 12.9083
1917000 301.39 -17669.5 8.58757
1918000 300.7 -17716.1 3.2486
1919000 301.36 -17681.5 -17.152
1920000 298.161 -17740 0.278137
1921000 301.1 -17703.2 6.22765
1922000 301.273 -17722.7 -21.35
1923000 301.346 -17742.8 16.8698
1924000 299.21 -17749.7 29.987
1925000 299.896 -17701.5 13.7608
1926000 300.649 -17680.4 -16.1301
1927000 301.109 -17651.7 -30.1553
1928000 300.618 -17644.2 34.5569
1929000 299.474 -17713.7 22.4634
1930000 300.41 -17727.4 1.07481
1931000 299.543 -17731 -27.9324
1932000 300.691 -17716 21.1564
1933000 299.708 -17669.6 12.245
1934000 299.841 -17638.5 -7.23011
1935000 301.754 -17684.8 -23.0431
1936000 300.788 -17646.9 -1.58057
1937000 301.775 -17660 3.00897
1938000 300.152 -17740.3 15.3265
1939000 300.315 -17769.3 0.840204
1940000 300.777 -17708.8 18.6001
1941000 299.506 -17730.1 -17.9357
1942000 298.163 -17758 2.51925
1943000 299.568 -17766.1 4.58875
1944000 299.284 -17791.8 3.2026
1945000 299.41 -17731.5 -5.72818
1946000 301.724 -17668.5 -27.6133
1947000 301.489 -17656.2 2.30786
1948000 299.965 -17643.3 -11.7167
1949000 300.21 -17648.1 -3.57516
1950000 300.8 -17631.5 -13.8719
1951000 301.342 -17651.4 -4.93018
1952000 299.595 -17684.7 12.2176
1953000 298.285 -17731.5 -0.94253
1954000 301.283 -17694.4 -27.977
1955000 299.695 -17720 22.5482
1956000 298.653 -17736.6 17.9123
1957000 300.884 -17724 -10.0621
1958000 299.464 -17761.8 -6.3079
1959000 299.605 -17740 15.5981
1960000 299.218 -17765.7 -4.13301
1961000 299.517 -17728.9 -7.80676
1962000 300.837 -17751.8 0.599678
1963000 299.993 -17782.1 -3.04847
1964000 299.822 -17775.7 -11.2843
1965000 300.134 -17773.9 -6.65903
1966000 298.899 -17773.2 34.0749
1967000 298.214 -17766 -6.01475
1968000 299.969 -17730.9 -2.16817
1969000 299.399 -17800.2 -18.8426
1970000 299.009 -17785 11.3959
1971000 299.591 -17765.3 39.5301
1972000 300.822 -17711.1 -2.41157
1973000 300.338 -17684.1 12.8656
1974000 300.003 -17732 -14.1131
1975000 300.13 -17723.2 -2.75117
1976000 300.082 -17757.8 -20.9828
1977000 299.953 -17732 -6.70877
1978000 299.242 -17686 8.10374
1979000 300.051 -17733 1.04205
1980000 299.584 -17713 -12.6185
1981000 299.08 -17759.6 19.7536
1982000 300.258 -17718.6 -9.2585
1983000 299.833 -17709.4 2.00679
1984000 300.156 -17742.4 -5.05712
1985000 299.116 -17714.8 -12.9535
1986000 298.586 -17684.3 -11.0784
1987000 300.325 -17695.5 27.2849
1988000 299.411 -17704.3 7.46582
1989000 301.435 -17689.9 1.50266
1990000 301.593 -17627.3 -23.7885
1991000 299.658 -17704.2 -9.27183
1992000 298.868 -17710.7 -8.14961
1993000 299.336 -17682.9 33.0237
1994000 300.575 -17650.1 9.55219
1995000 299.581 -17649.6 -25.6551
1996000 300.545 -17640.3 -2.77479
1997000 300.604 -17654.9 9.81591
1998000 302.48 -17628.8 -15.201
1999000 300.542 -17648.8 -9.72299
2000000 301.177 -17677.2 9.95943
2001000 299.6 -17656.8 32.5819
2002000 299.213 -17712.2 -26.3318
2003000 298.733 -17714.3 -13.6702
2004000 301.259 -17664.6 5.78368
2005000 300.371 -17680.6 29.8984
2006000 299.152 -17746.6 -5.45235
2007000 299.827 -17703.3 4.61814
2008000 299.835 -17646 -13.6717
2009000 300.384 -17612.4 1.8719
2010000 298.381 -17765.5 -8.96829
2011000 300.212 -17707.4 -20.0426
2012000 300.662 -17705.6 -5.45479
2013000 298.956 -17692.1 -8.2659
2014000 299.978 -17705.1 10.6367
2015000 299.453 -17717.8 23.0858
2016000 298.952 -17712.5 -2.59991
2017000 300.267 -17660.2 2.0699
2018000 299.563 -17683.5 -15.3676
2019000 299.774 -17658.9 -5.88463
2020000 301.234 -17665 3.01474
2021000 298.378 -17705.8 19.5826
2022000 300.551 -17693.3 7.72086
2023000 300.06 -17718.9 6.79046
2024000 301.29 -17689.5 7.87808
2025000 299.606 -17741.6 -1.58051
2026000 301.172 -17700.6 -46.4253
2027000 299.21 -17730.5 21.6163
2028000 300.639 -17655.2 8.64005
2029000 299.831 -17748.8 -3.805
2030000 297.196 -17724.2 -32.128
2031000 300.717 -17641.6 6.2354
2032000 299.274 -17686.5 28.1543
2033000 299.649 -17681 20.5236
2034000 299.091 -17740.1 -39.2853
2035000 299.519 -17723 -3.89407
2036000 298.18 -17710.8 18.5039
2037000 300.204 -17690 24.3956
2038000 298.72 -17779.9 -10.5459
2039000 300.475 -17682.3 -19.4794
2040000 301.188 -17642.3 9.29675
2041000 299.649 -17681.1 31.0468
2042000 299.629 -17631.8 -20.644
2043000 299.518 -17624.4 -11.2905
2044000 300.974 -17666.3 22.228
2045000 300.283 -17657.3 -7.56024
2046000 300.352 -17634.8 -11.3453
2047000 300.139 -17667.9 8.89534
2048000 301.252 -17616.1 33.8205
2049000 299.513 -17654.2 -3.68865
2050000 300.707 -17672.5 -18.6352
2051000 299.314 -17650.3 -1.64473
2052000 298.184 -17681.8 30.4864
2053000 299.698 -17640.7 -3.11917
2054000 300.284 -17650.3 -20.5151
2055000 299.625 -17639.4 -7.97606
2056000 299.589 -17675.2 29.0727
2057000 299.398 -17660 12.4757
2058000 299.436 -17684.2 -27.0792
2059000 301.162 -17588.9 23.3065
2060000 299.865 -17618.2 6.56085
2061000 301.118 -17654.1 21.8812
2062000 300.175 -17675.4 -1.05406
2063000 301.216 -17723.7 2.50319
2064000 298.424 -17694.9 0.742074
2065000 299.388 -17715.6 8.31611
2066000 301.494 -17687.8 1.44211
2067000 299.412 -17638.4 13.0502
2068000 300.278 -17671.3 -2.96795
2069000 299.623 -17659.4 41.4949
2070000 299.967 -17616.7 12.9664
2071000 298.805 -17679.1 -26.2175
2072000 300.402 -17656.7 19.56
2073000 301.193 -17675.7 19.2574
2074000 301.591 -17656.2 -8.36854
2075000 300.515 -17680.6 8.38767
2076000 300.009 -17652.2 -4.38778
2077000 298.771 -17699.4 -2.76128
2078000 301.048 -17675.7 -20.0131
2079000 300.591 -17691.3 7.29211
2080000 299.856 -17624.9 29.5898
2081000 300.543 -17681.3 -35.3597
2082000 299.699 -17669.6 -18.0442
2083000 299.716 -17672.3 13.6856
2084000 297.793 -17730.5 15.6916
2085000 298.83 -17674 -2.53353
2086000 301.971 -17608.5 -2.26216
2087000 300.726 -17669.7 14.5995
2088000 300.439 -17680.6 4.23749
2089000 300.787 -17714.8 -36.34
2090000 300.163 -17706.1 -9.17676
2091000 298.106 -17722.5 33.8377
2092000 300.905 -17691.1 12.0132
2093000 299.981 -17682.4 11.2095
2094000 298.961 -17655.4 -15.4718
2095000 299.573 -17620.1 41.8339
2096000 298.372 -17666.5 -8.98223
2097000 299.441 -17658.5 -6.1276
2098000 298.86 -17700.7 2.74925
2099000 298.662 -17677.6 -2.89484
2100000 299.79 -17628.8 -7.62073
2101000 299.652 -17620.1 11.2116
2102000 298.923 -17654 9.6168
2103000 300.043 -17628.3 20.3493
2104000 299.618 -17647.3 5.56877
2105000 300.204 -17638.1 7.66768
2106000 299.769 -17611.3 11.0643
2107000 300.466 -17642.5 -6.71848
2108000 299.433 -17627.9 8.66607
2109000 300.276 -17643.1 -11.0677
2110000 301.001 -17662.2 -14.0881
2111000 299.674 -17694.9 20.4017
2112000 299.835 -17627.3 2.6785
2113000 299.865 -17622 15.6404
2114000 300.424 -17614.3 25.4427
2115000 298.888 -17638.9 -26.5445
2116000 300.511 -17622.1 -13.0751
2117000 300.499 -17606.5 25.0057
2118000 302.056 -17596.9 -16.766
2119000 300.341 -17615.4 -14.0165
2120000 301.658 -17621.8 -15.4485
2121000 300.67 -17648.7 11.2146
2122000 301.772 -17597.5 19.4957
2123000 300.009 -17636.7 -4.02168
2124000 299.623 -17652.1 15.7764
2125000 299.171 -17674.1 38.7068
2126000 300.45 -17666.4 0.866075
2127000 300.277 -17623.9 -1.16017
2128000 300.453 -17689.5 -9.65428
2129000 299.768 -17690.8 -3.73491
2130000 299.769 -17694.4 20.2958
2131000 300.756 -17671.3 -12.2999
2132000 298.962 -17707 -1.24553
2133000 297.881 -17726.4 -15.5375
2134000 298.858 -17638.9 30.9925
2135000 300.246 -17623.4 2.43189
2136000 298.114 -17687.8 -24.5439
2137000 301.724 -17643.7 5.28483
2138000 299.995 -17695.1 6.21887
2139000 300.343 -17653.2 25.8781
2140000 298.143 -17708.1 -8.0171
2141000 300.236 -17688.6 4.97766
2142000 301.156 -17713.3 -8.3811
2143000 299.677 -17684.4 -12.7702
2144000 300.62 -17642.7 -14.6605
2145000 298.29 -17677.9 -35.1099
2146000 298.956 -17706.1 7.65541
2147000 302.313 -17704.8 14.2056
2148000 300.391 -17669.6 5.16298
2149000 301.45 -17629.8 12.1072
2150000 298.738 -17654.8 -16.4907
2151000 300.086 -17615.2 16.3825
2152000 299.377 -17638.5 12.5306
2153000 300.591 -17628.9 1.50987
2154000 299.389 -17678.5 -4.75201
2155000 298.558 -17749.6 6.54511
2156000 299.687 -17713.9 15.5035
2157000 300.736 -17659 -18.8833
2158000 300.627 -17676.7 20.593
2159000 299.373 -17655.7 -23.0309
2160000 300.718 -17662.5 18.5805
2161000 299.343 -17687.2 -20.4214
2162000 299.365 -17741.2 10.5582
2163000 299.171 -17788.6 38.3946
2164000 299.747 -17815.7 1.4865
2165000 300.636 -17723.4 -17.9034
2166000 300.348 -17708 5.63126
2167000 301.737 -17681.6 -0.333601
2168000 300.332 -17677.3 -4.58449
2169000 299.02 -17697.9 -14.6919
2170000 298.918 -17656.3 -14.7423
2171000 300.732 -17632 -12.9464
2172000 299.87 -17692.7 29.5018
2173000 299.552 -17674.6 -4.43698
2174000 298.239 -17704.7 0.129959
2175000 299.301 -17710.4 14.0578
2176000 298.584 -17747.5 11.6688
2177000 301.11 -17704.4 13.8748
2178000 300.19 -17673.3 -5.87211
2179000 298.827 -17721.7 -13.2828
2180000 299.644 -17708.9 16.0873
2181000 300.629 -17673.4 -10.2086
2182000 298.838 -17707.8 22.0261
2183000 299.105 -17729.9 9.8551
2184000 300.903 -17721.9 2.46528
2185000 300.932 -17707.9 -3.65635
2186000 299.122 -17758.1 9.82431
2187000 301.012 -17718.1 -23.0792
2188000 299.936 -17705.1 7.49585
2189000 301.093 -17706.8 6.31909
2190000 299.423 -17699.2 11.4899
2191000 300.995 -17694.6 -11.7834
2192000 300.833 -17781.2 -20.8011
2193000 299.484 -17787 -5.66505
2194000 298.869 -17807.3 19.345
2195000 298.312 -17778.8 9.60741
2196000 300.396 -17715.3 -18.9921
2197000 300.347 -17718.4 -16.9416
2198000 301.44 -17637.8 10.634
2199000 299 -17690.6 22.5218
2200000 299.073 -17744.9 9.84697
2201000 300.457 -17745 -45.5884
2202000 300.648 -17759.4 -13.2599
2203000 299.655 -17661.1 -8.54378
2204000 301.442 -17683 16.3257
2205000 299.416 -17719.1 -10.1958
2206000 297.891 -17722.9 -7.19517
2207000 298.81 -17718.2 13.9332
2208000 300.435 -17641.8 -26.9137
2209000 300.426 -17668.7 12.7556
2210000 298.782 -17676.4 3.57623
2211000 299.9 -17716.3 16.9148
2212000 300.73 -17675.5 -0.594385
2213000 298.887 -17738.1 6.19787
2214000 299.102 -17691.7 -12.0603
2215000 299.739 -17667 -8.46564
2216000 301.679 -17657.2 6.22005
2217000 300.39 -17703.6 30.5541
2218000 299.589 -17706.8 -2.26493
2219000 299.032 -17685.6 0.66426
2220000 299.996 -17655.6 15.6816
2221000 300.365 -17635.6 24.1181
2222000 299.869 -17648.1 -4.90915
2223000 300.167 -17651.3 -1.10391
2224000 300.079 -17664.2 25.3944
2225000 298.878 -17670.3 -29.9997
2226000 300.904 -17702.6 7.04727
2227000 299.836 -17669.7 25.4704
2228000 300.174 -17744.7 -0.055362
2229000 300.907 -17718.9 5.60554
2230000 299.185 -17730.7 17.5012
2231000 299.323 -17698.7 16.647
2232000 297.343 -17739.4 -5.39269
2233000 299.808 -17726.8 -4.72871
2234000 299.864 -17764.6 -7.71822
2235000 299.96 -17700.9 30.7794
2236000 299.788 -17628.9 0.0638307
2237000 300.715 -17664.5 -22.4071
2238000 299.302 -17628 28.1548
2239000 300.134 -17708.5 6.96671
2240000 300.081 -17681.1 -10.7078
2241000 299.869 -17671.7 -12.4885
2242000 301.144 -17625.1 -12.8879
2243000 301.374 -17631.8 -11.7737
2244000 300.318 -17627.7 4.79199
2245000 301.72 -17628 -7.04779
2246000 300.104 -17671.5 13.3387
2247000 300.214 -17652.2 -3.11403
2248000 300.168 -17646.8 -23.0446
2249000 299.896 -17635.1 31.8003
2250000 300.752 -17655.8 6.76369
2251000 299.732 -17678.8 2.34057
2252000 299.489 -17703.7 -13.5913
2253000 301.091 -17703.1 16.2911
2254000 300.035 -17670 -3.14014
2255000 299.204 -17639.8 1.32964
2256000 298.55 -17672.4 9.19699
2257000 299.891 -17662.4 32.3241
2258000 298.839 -17687.5 -9.27984
2259000 300.565 -17661.7 -10.5463
2260000 300.283 -17671.9 3.58201
2261000 300.744 -17650.9 27.3623
2262000 299.671 -17727.9 -19.9099
2263000 298.375 -17734.8 -11.9492
2264000 299.577 -17747.6 -30.774
2265000 299.535 -17790.7 0.493777
2266000 298.778 -17787.9 21.0495
2267000 300.08 -17785.8 10.5457
2268000 299.26 -17724.5 1.86012
2269000 299.399 -17726.6 16.385
2270000 300.221 -17763.7 -16.71
2271000 299.887 -17726.7 -17.9453
2272000 301.656 -17662.6 5.16171
2273000 298.679 -17698.1 -2.33262
2274000 298.475 -17689.3 10.658
2275000 299.694 -17742.6 -20.105
2276000 298.875 -17739.8 10.108
2277000 300.504 -17724.9 -7.08642
2278000 300.969 -17678.5 -6.92612
2279000 299.451 -17673.8 24.5538
2280000 301.985 -17679.9 17.9393
2281000 300.694 -17700.1 3.03524
2282000 301.397 -17633.7 -9.98944
2283000 299.206 -17695.6 7.54391
2284000 300.767 -17680.1 -15.7078
2285000 299.655 -17728.3 2.79008
2286000 299.336 -17671.6 24.4586
2287000 300.334 -17645.9 -23.2119
2288000 299.272 -17657.4 22.0759
2289000 300.876 -17660 -10.5135
2290000 299.378 -17650.2 -14.9732
2291000 301.037 -17681.1 15.72
2292000 299.669 -17726.3 9.48881
2293000 300.211 -17712.8 14.7657
2294000 300.043 -17730.2 -18.1542
2295000 301.574 -17702 -22.2718
2296000 299.047 -17744.6 10.4988
2297000 300.761 -17609.3 16.4473
2298000 300.289 -17662.1 -14.1473
2299000 301.011 -17659.6 -7.94945
2300000 299.683 -17710.1 -16.4196
2301000 299.259 -17814.8 -6.10879
2302000 301.858 -17661.8 36.402
2303000 298.617 -17755.2 -2.39538
2304000 299.931 -17677.9 -8.32885
2305000 299.519 -17707.8 -30.8343
2306000 300.254 -17679.9 -1.39747
2307000 300.198 -17664.5 13.1652
2308000 299.493 -17718.4 -25.7012
2309000 299.65 -17665.5 12.6935
2310000 301.882 -17644.1 -0.753698
2311000 300.969 -17693.4 0.580306
2312000 298.735 -17637.4 23.6291
2313000 299.82 -17661.2 12.1114
2314000 299.903 -17693.5 -27.3095
2315000 299.546 -17716.3 -20.1894
2316000 301.669 -17654.3 5.74934
2317000 299.735 -17652.2 8.39876
2318000 299.955 -17673 7.59235
2319000 300.943 -17656.8 -9.95974
2320000 299.599 -17693.3 12.2743
2321000 301.213 -17680.2 3.01866
2322000 300.318 -17639.9 9.89859
2323000 301.096 -17685.3 -4.0804
2324000 299.827 -17684.7 5.83971
2325000 299.7 -17717.3 -9.43128
2326000 298.349 -17733.2 -4.72113
2327000 300.12 -17715.7 -2.28038
2328000 300.343 -17716.3 15.2259
2329000 298.844 -17724.3 13.0854
2330000 299.959 -17725.7 -29.6701
2331000 300.129 -17703.4 18.4973
2332000 300.901 -17661 -6.19951
2333000 300.34 -17653.6 -12.8687
2334000 301.003 -17606.8 -16.307
2335000 300.305 -17665.5 17.1978
2336000 300.535 -17728.9 -18.3743
2337000 300.628 -17689.3 0.0308426
2338000 299.4 -17720.1 29.3958
2339000 298.274 -17740.9 -19.1986
2340000 299.56 -17702.2 -26.222
2341000 301.506 -17619.1 36.292
2342000 301.039 -17633.9 19.1426
2343000 300.654 -17699.8 -37.3529
2344000 299.996 -17715.4 11.8871
2345000 298.895 -17689.7 -4.89846
2346000 301.22 -17688.9 0.657719
2347000 300.315 -17673.8 9.50524
2348000 300.744 -17689.4 7.02912
2349000 300.513 -17717.2 -16.0182
2350000 301.811 -17676.7 -12.1283
2351000 298.286 -17692.8 17.5774
2352000 299.964 -17681.9 2.7523
2353000 299.737 -17676.6 -6.5309
2354000 298.968 -17705.1 23.6663
2355000 300.969 -17614.6 -13.0189
2356000 299.042 -17741.4 18.754
2357000 299.796 -17739.4 10.023
2358000 298.438 -17720.5 30.2992
2359000 299.584 -17735.6 -29.4579
2360000 299.885 -17700.9 -25.0504
2361000 299.679 -17741.7 22.7074
2362000 298.643 -17772.7 2.37344
2363000 299.946 -17715 -10.7939
2364000 300.742 -17753.3 -6.80831
2365000 301.076 -17747.9 9.20567
2366000 301.79 -17673.5 9.78926
2367000 299.89 -17695.6 -15.8253
2368000 300.054 -17732.3 -26.9923
2369000 300.727 -17720.9 -14.2594
2370000 298.485 -17724.5 38.4596
2371000 301.287 -17699.5 9.74664
2372000 299.913 -17715.5 1.58825
2373000 300.09 -17712.7 -8.45333
2374000 298.323 -17743.1 11.3129
2375000 298.102 -17759 29.063
2376000 299.433 -17737.3 -17.5688
2377000 299.961 -17693.3 -14.4339
2378000 300.563 -17713.5 8.17429
2379000 298.996 -17732.8 4.53088
2380000 301.781 -17642.1 -20.051
2381000 300.985 -17675.3 1.47189
2382000 299.907 -17652.3 6.69254
2383000 300.336 -17673.3 14.7269
2384000 299.254 -17672.5 -10.0984
2385000 299.669 -17701.3 -14.2352
2386000 300.137 -17719 -15.0107
2387000 300.038 -17672.8 19.9751
2388000 298.517 -17739 1.21788
2389000 300.343 -17754.4 4.69747
2390000 300.033 -17741.4 -0.3968
2391000 300.052 -17684 -18.4595
2392000 300.621 -17633.6 -0.643319
2393000 298.161 -17671.7 1.94717
2394000 300.614 -17644 -19.5068
2395000 298.469 -17696.8 -0.0428509
2396000 299.424 -17753.9 29.4795
2397000 298.928 -17684.9 4.9969
2398000 299.859 -17710.8 -8.62405
2399000 299.576 -17690.4 -31.3072
2400000 299.008 -17690.1 23.5181
2401000 300.557 -17665.2 -13.1164
2402000 298.884 -17656 27.9659
2403000 301.103 -17667.6 -33.1479
2404000 300.07 -17682.8 -5.63223
2405000 298.514 -17673.5 -1.27507
2406000 300.908 -17607.1 14.6216
2407000 300.9 -17646.1 13.1864
2408000 299.669 -17662.7 -16.0225
2409000 298.586 -17708.3 -8.28772
2410000 301.083 -17690.8 21.3218
2411000 301.048 -17642.6 24.082
2412000 299.967 -17632.3 5.41456
2413000 300.04 -17707.9 -11.2782
2414000 299.353 -17652 -6.70453
2415000 301.003 -17619.8 21.0323
2416000 300.694 -17607.1 -7.80001
2417000 300.178 -17594.4 2.84402
2418000 300.242 -17584.5 27.2402
2419000 299.404 -17661.3 7.46709
2420000 299.623 -17642.7 18.0106
2421000 299.41 -17661.1 -33.0618
2422000 299.887 -17668.8 15.1938
2423000 300.834 -17616.6 5.622
2424000 300.836 -17585.8 11.9723
2425000 299.641 -17637.8 -33.2951
2426000 300.295 -17662.6 1.02525
2427000 301.866 -17650.3 -1.20011
2428000 299.518 -17646.8 -17.394
2429000 300.373 -17676.7 6.96537
2430000 299.634 -17687.2 1.96626
2431000 299.948 -17679.2 -1.32079
2432000 301.376 -17690.7 5.68483
2433000 299.476 -17722 -10.4905
2434000 299.854 -17691 -19.0015
2435000 300.377 -17676.1 -11.023
2436000 299.681 -17724.6 22.8828
2437000 300.766 -17712.4 -12.8975
2438000 301.205 -17662.1 6.17489
2439000 300.027 -17642.1 -13.099
2440000 299.273 -17698.8 -13.7349
2441000 299.61 -17744.9 15.5207
2442000 299.338 -17727.5 -8.48315
2443000 300.974 -17673.4 -22.1999
2444000 299.299 -17709.3 22.419
2445000 300.959 -17707.4 -1.0074
2446000 300.965 -17713.5 14.1278
2447000 300.69 -17700.6 -1.97731
2448000 300.195 -17670.1 -14.0419
2449000 300.842 -17648.2 2.78906
2450000 299.419 -17630 37.3587
2451000 298.686 -17666.4 -6.5956
2452000 300.334 -17630.2 -20.4084
2453000 298.986 -17649.5 26.3796
2454000 298.715 -17735.6 14.8227
2455000 300.344 -17739 -22.5585
2456000 299.934 -17704.2 -21.4627
2457000 299.686 -17649.7 -2.35433
2458000 298.939 -17669.4 17.9439
2459000 299.2 -17665 4.81167
2460000 301.027 -17650 -0.747568
2461000 299.178 -17670.3 5.25195
2462000 299.72 -17659.3 8.37677
2463000 300.411 -17601.9 10.913
2464000 300.49 -17629.3 -8.0937
2465000 298.811 -17685.3 -36.0937
2466000 299.69 -17603.6 42.1063
2467000 298.936 -17675.5 39.0507
2468000 300.203 -17729 -14.1761
2469000 299.071 -17692.7 -5.69886
2470000 299.901 -17631 15.4695
2471000 300.13 -17684.8 4.57315
2472000 301.09 -17572.9 -13.3339
2473000 300.094 -17612.6 -12.5933
2474000 298.967 -17679.9 15.782
2475000 300.351 -17666.5 6.93123
2476000 301.255 -17662.5 -11.8487
2477000 301.757 -17603.9 2.2078
2478000 300.869 -17647.8 4.89471
2479000 299.929 -17681.2 -16.2912
2480000 300.761 -17635.6 16.8757
2481000 300.319 -17626.9 0.0652496
2482000 299.9 -17677.1 -4.46678
2483000 299.76 -17658.2 -8.35144
2484000 299.06 -17682.1 -35.165
2485000 300.29 -17670 -15.8989
2486000 300.616 -17663.1 23.9727
2487000 300.406 -17602.1 -4.94808
2488000 301.24 -17600.4 -1.05757
2489000 299.046 -17711.3 19.5518
2490000 299.758 -17694.9 -4.78504
2491000 299.323 -17688.5 -13.0303
2492000 299.799 -17710.1 19.2858
2493000 300.329 -17706.6 13.134
2494000 300.959 -17662.3 -37.1438
2495000 300.382 -17653.4 0.480681
2496000 300.399 -17641.1 -21.6732
2497000 299.502 -17626.5 7.73945
2498000 300.672 -17653.2 28.8071
2499000 300.212 -17631.2 6.90815
2500000 299.959 -17601.3 -18.7362
2501000 300.591 -17724.9 2.89808
2502000 300.488 -17691.9 -5.25045
2503000 300.233 -17701 -17.9143
2504000 300.664 -17634 27.6498
2505000 300.825 -17642.7 -10.3374
2506000 299.823 -17683.9 7.26211
2507000 299.473 -17709.4 -10.1538
2508000 299.734 -17648.2 4.90986
2509000 300.024 -17675.1 -14.4334
2510000 300.35 -17671.8 -11.9232
2511000 300.631 -17630.3 -17.7703
2512000 301.095 -17662.4 4.20608
2513000 299.688 -17726.8 12.2528
2514000 297.961 -17728.2 5.28224
2515000 298.957 -17696.5 8.45139
2516000 299.554 -17702.4 4.9909
2517000 299.628 -17739 -16.284
2518000 302.091 -17705.6 -4.57093
2519000 299.265 -17775 -0.968836
2520000 300.005 -17768.6 -21.2634
2521000 300.697 -17710 6.16389
2522000 299.11 -17696.2 -17.1127
2523000 299.732 -17711.1 -4.93195
2524000 298.452 -17719.1 -7.36462
2525000 299.734 -17701.4 9.56133
2526000 298.306 -17657.4 36.8718
2527000 300.964 -17645 -24.132
2528000 298.822 -17721.9 -1.66281
2529000 299.515 -17732.4 7.14188
2530000 300.363 -17727.6 -36.4038
2531000 300.91 -17684.5 12.3739
2532000 299.353 -17660.8 -6.47575
2533000 300.368 -17667.3 -3.56106
2534000 300.321 -17648.1 -18.0957
2535000 298.221 -17713.7 10.5575
2536000 300.807 -17643.8 24.3849
2537000 299.395 -17643.5 0.528039
2538000 299.245 -17665.5 2.68971
2539000 299.502 -17713.3 -3.10636
2540000 301.294 -17661 8.30024
2541000 298.584 -17706.5 15.375
2542000 301.505 -17660.1 -8.46399
2543000 299.385 -17706.8 -51.5508
2544000 299.764 -17676.1 39.4605
2545000 299.473 -17670.4 24.2695
2546000 299.501 -17690.6 -4.86753
2547000 301.47 -17638.3 -22.4582
2548000 300.093 -17625.3 27.7153
2549000 298.569 -17639.7 -1.79284
2550000 299.502 -17661.1 11.6159
2551000 299.485 -17671.7 -11.4257
2552000 299.991 -17716.4 -23.6245
2553000 299.146 -17744.6 26.452
2554000 300.714 -17680.2 14.1175
2555000 299.468 -17693.7 -15.3669
2556000 299.983 -17656 -11.952
2557000 299.425 -17720.1 -22.4692
2558000 298.669 -17706.6 25.3343
2559000 301.041 -17629.5 12.0114
2560000 300.744 -17688.9 8.7132
2561000 299.318 -17677.2 19.9327
2562000 300.138 -17696 -21.9163
2563000 299.452 -17754.1 14.2687
2564000 299.573 -17748.2 -5.78813
2565000 298.456 -17740.9 -1.85772
2566000 301.171 -17724.1 18.4848
2567000 297.396 -17772.4 -16.8337
2568000 299.608 -17753.5 -27.1678
2569000 299.11 -17765.2 -1.81656
2570000 298.315 -17756.1 29.8943
2571000 301.672 -17692.8 -25.6442
2572000 301.046 -17732.1 -9.79526
2573000 299.698 -17782 12.2925
2574000 300.31 -17747.3 18.0395
2575000 300.797 -17735.2 13.8627
2576000 299.453 -17716.9 -40.6126
2577000 299.11 -17713.8 35.2659
2578000 299.632 -17695.1 24.4934
2579000 299.607 -17721.2 10.5498
2580000 299.231 -17744.8 -20.3392
2581000 299.356 -17770.7 -19.6156
2582000 300.648 -17701 -30.5429
2583000 298.936 -17698.6 34.2363
2584000 300.217 -17703.9 -12.7012
2585000 300.028 -17719.3 25.9466
2586000 299.724 -17694.1 -12.2204
2587000 299.49 -17715.3 -36.5404
2588000 300.325 -17724.7 9.64188
2589000 300.259 -17705.3 21.6619
2590000 301.565 -17619.8 -8.02423
2591000 299.589 -17665.4 -23.1669
2592000 299.369 -17679.4 8.37921
2593000 302.197 -17662.4 19.1565
2594000 300.542 -17659.5 -12.8765
2595000 300.021 -17657.8 -22.2606
2596000 298.532 -17703.3 1.55443
2597000 300.714 -17670.1 15.6385
2598000 299.489 -17688.1 23.9054
2599000 299.949 -17700.7 -6.29599
2600000 298.022 -17724.2 11.3357
2601000 301.781 -17654.4 -12.7776
2602000 301.668 -17672.4 -17.7035
2603000 299.52 -17702.4 21.7621
2604000 299.494 -17714.2 20.7268
2605000 301.124 -17661.4 -13.5304
2606000 301.587 -17635 -17.373
2607000 299.098 -17711.2 4.09928
2608000 302.13 -17655.7 3.34221
2609000 300.278 -17710.1 2.86967
2610000 298.88 -17665.8 12.3551
2611000 299.842 -17673.5 -3.52665
2612000 298.369 -17686.6 9.8003
2613000 300.57 -17657.4 31.3112
2614000 299.956 -17682 -1.39023
2615000 300.918 -17640.7 6.77385
2616000 298.689 -17669.8 -5.20864
2617000 298.348 -17697.2 35.7122
2618000 300.617 -17691.8 -15.6213
2619000 300.252 -17649.5 -13.6999
2620000 300.054 -17670.9 12.2418
2621000 297.923 -17705.5 23.3129
2622000 300.259 -17719.5 1.01772
2623000 299.802 -17668.7 6.00353
2624000 300.085 -17615.5 -9.58765
2625000 301.111 -17652.2 -2.67693
2626000 299.177 -17711 -10.8973
2627000 299.658 -17624.1 25.7222
2628000 301.436 -17654.9 0.89916
2629000 300.093 -17664.5 12.5579
2630000 300.227 -17632.4 -3.81816
2631000 298.116 -17689.6 -4.34105
2632000 299.618 -17652.8 3.28029
2633000 299.505 -17668.9 7.66492
2634000 300.123 -17664 -13.5265
2635000 299.2 -17620.4 -29.5189
2636000 302.234 -17643.7 0.42414
2637000 299.689 -17680 -18.4424
2638000 299.59 -17646.5 -2.1326
2639000 300.496 -17657.7 -3.50987
2640000 298.681 -17776.2 -36.9063
2641000 299.242 -17689.3 2.05546
2642000 300.397 -17620.8 -6.0863
2643000 299.656 -17665.4 14.9469
2644000 300.039 -17667.3 -5.75138
2645000 300.063 -17659.9 -7.03358
2646000 299.631 -17594.5 16.2922
2647000 299.956 -17674.3 -6.92495
2648000 300.42 -17592.4 -3.82019
2649000 299.77 -17678 24.0841
2650000 298.005 -17664.6 37.2715
2651000 299.029 -17628.8 -29.8807
2652000 300.204 -17637.3 -4.0141
2653000 299.814 -17624.3 -34.193
2654000 302.118 -17544.5 22.2925
2655000 299.87 -17631.6 -15.7598
2656000 301.229 -17604 -22.8331
2657000 299.645 -17662.8 15.3974
2658000 301.129 -17610.6 -3.05019
2659000 298.36 -17671 -1.92941
2660000 300.589 -17638.4 2.10514
2661000 301.144 -17633.6 -17.4288
2662000 300.238 -17606.3 24.9623
2663000 300 -17593.4 13.2916
2664000 300.022 -17583.5 -34.3094
2665000 300.031 -17599.4 9.12593
2666000 301.227 -17565 26.1224
2667000 300.316 -17589.2 -12.7083
2668000 300.004 -17648.1 7.13806
2669000 300.24 -17595.7 23.5109
2670000 299.365 -17701.3 -8.36798
2671000 300.498 -17700 -3.4265
2672000 298.701 -17685.8 25.5193
2673000 299.024 -17702.3 11.2281
2674000 299.534 -17698.1 -0.718386
2675000 300.72 -17641.3 -13.3311
2676000 298.428 -17676.9 24.9388
2677000 299.068 -17664.8 -4.42243
2678000 300.141 -17666.7 2.79782
2679000 299.382 -17656 17.5302
2680000 300.939 -17642.7 -15.4689
2681000 299.425 -17704.9 -36.3897
2682000 299.56 -17637.7 25.796
2683000 299.979 -17665.7 21.6615
2684000 298.024 -17696 0.0945657
2685000 299.794 -17656.8 -9.73611
2686000 300.017 -17622.1 -1.27259
2687000 299.791 -17646.5 2.25474
2688000 298.648 -17608.8 7.17764
2689000 299.98 -17557 -5.61871
2690000 299.24 -17661 -13.466
2691000 299.955 -17599.4 41.1315
2692000 300.532 -17637.8 -15.5334
2693000 300.384 -17643.9 -7.77612
2694000 300.302 -17649.4 -0.255014
2695000 299.724 -17694 11.9959
2696000 300.8 -17673.6 -23.3523
2697000 300.243 -17667 -10.0726
2698000 298.793 -17674.8 48.4207
2699000 300.799 -17611.1 24.4755
2700000 300.098 -17573.7 -31.1233
2701000 299.338 -17653.5 21.1647
2702000 300.995 -17653.3 1.47434
2703000 299.848 -17640.7 8.90501
2704000 299.124 -17676.6 -5.392
2705000 300.642 -17631 15.8042
2706000 299.855 -17652 0.770152
2707000 298.502 -17685.9 9.35723
2708000 299.618 -17665 2.98634
2709000 299.757 -17649.1 -2.76887
2710000 299.83 -17652.3 -18.5084
2711000 300.938 -17617.9 -0.405893
2712000 299.705 -17656.8 1.20603
2713000 299.228 -17670.1 -0.542775
2714000 298.183 -17716 -4.34167
2715000 300.243 -17715.7 24.6138
2716000 300.79 -17632.1 2.44769
2717000 299.065 -17640.1 0.51693
2718000 299.841 -17641.3 -14.7771
2719000 300.626 -17619.6 24.0656
2720000 300.328 -17619.4 -5.65882
2721000 299.569 -17647.5 -16.5725
2722000 300.563 -17643 29.32
2723000 299.191 -17670.3 -3.91991
2724000 299.311 -17664.4 -10.483
2725000 299.85 -17658.2 11.1905
2726000 299.168 -17718.6 5.95806
2727000 298.499 -17701.6 23.6645
2728000 299.557 -17669.7 -18.405
2729000 300.561 -17606.7 44.5777
2730000 301.468 -17596.7 7.52638
2731000 300.266 -17661.1 -22.2018
2732000 300.644 -17635.6 2.40027
2733000 300.748 -17628 18.1062
2734000 300.771 -17611.9 18.7234
2735000 299.702 -17632.6 1.6364
2736000 299.212 -17647.2 -18.0612
2737000 298.77 -17684 -13.1925
2738000 300.853 -17648.6 15.016
2739000 300.332 -17648.6 11.9864
2740000 298.803 -17673.1 -5.03239
2741000 299.781 -17677 13.9655
2742000 299.188 -17698 56.5014
2743000 300.437 -17660.2 -6.9396
2744000 300.147 -17682 -17.6379
2745000 300.085 -17614.4 4.87637
2746000 298.196 -17669.1 22.6141
2747000 299.285 -17648.4 -13.3103
2748000 299.462 -17666.8 20.5713
2749000 300.238 -17658.7 -9.2007
2750000 300.172 -17619.7 8.77592
2751000 299.903 -17686 -6.86017
2752000 299.419 -17667.1 17.0128
2753000 298.466 -17635 19.7686
2754000 299.67 -17706.8 -17.6289
2755000 298.982 -17727.7 -0.27778
2756000 300.625 -17689 -5.01965
2757000 299.844 -17691.3 17.2164
2758000 300.375 -17684.5 -5.42694
2759000 300.759 -17676.5 -4.49345
2760000 299.719 -17637.6 0.65042
2761000 300.742 -17673.5 -11.4232
2762000 299.755 -17680.3 -10.2191
2763000 300.171 -17682.3 -12.5872
2764000 300.087 -17628.7 -5.29433
2765000 298.839 -17669.6 -19.9818
2766000 299.355 -17705.6 -1.61908
2767000 301.696 -17640.9 3.65551
2768000 300.12 -17649.8 -43.858
2769000 301.35 -17621.7 7.82384
2770000 299.153 -17634.3 16.5074
2771000 298.599 -17696 -1.67923
2772000 300.356 -17628.8 -4.1944
2773000 302.558 -17585.8 -7.80784
2774000 299.535 -17627.9 20.2731
2775000 298.783 -17650.4 -7.68956
2776000 300.891 -17614.7 -20.9797
2777000 299.093 -17722.6 1.6854
2778000 298.947 -17656.9 -10.6512
2779000 301.036 -17634.9 24.2584
2780000 300.514 -17655.2 -5.63205
2781000 299.583 -17690 -3.86926
2782000 299.039 -17720.1 9.52467
2783000 299.218 -17724.3 11.191
2784000 299.382 -17716.9 -26.5129
2785000 298.774 -17718.9 7.15994
2786000 299.325 -17714.2 -2.39308
2787000 299.596 -17653.9 30.1104
2788000 301.642 -17620 -1.57544
2789000 300.176 -17653.2 -11.3897
2790000 299.858 -17635.1 10.8257
2791000 300.925 -17669.8 12.0522
2792000 299.996 -17648.2 7.10958
2793000 299.531 -17654.3 -44.4205
2794000 301.671 -17619.8 2.9542
2795000 300.28 -17634.5 39.8492
2796000 297.969 -17701.4 -15.3672
2797000 301.185 -17685.4 -0.224206
2798000 300.077 -17668.8 -27.0303
2799000 300.09 -17567.1 10.4429
2800000 300.68 -17680 26.0482
2801000 299.791 -17707.3 -6.6534
2802000 300.115 -17665.6 31.8042
2803000 298.941 -17639.6 6.51283
2804000 299.797 -17675.4 -1.20805
2805000 300.402 -17638.5 -5.26597
2806000 301.207 -17616.9 10.692
2807000 300.226 -17615.6 -1.89538
2808000 300.665 -17594.7 0.701424
2809000 298.438 -17679.8 -40.225
2810000 299.787 -17664.3 -13.0669
2811000 302.141 -17594.1 33.0882
2812000 299.938 -17669.4 9.60588
2813000 300.919 -17613.1 -29.7525
2814000 298.1 -17634.5 8.79966
2815000 299.002 -17599.3 15.1669
2816000 299.99 -17620.3 -26.8444
2817000 301.708 -17581.3 23.8095
2818000 300.474 -17594.8 -9.25659
2819000 299.375 -17594.4 30.1151
2820000 301.307 -17628.4 -4.2796
2821000 300.514 -17639.6 -5.47536
2822000 300.889 -17684.8 11.4096
2823000 299.072 -17667.2 -7.70819
2824000 300.71 -17649.6 17.1871
2825000 299.35 -17664.5 -5.78097
2826000 299.757 -17626.1 21.5415
2827000 301.523 -17614.8 -10.2542
2828000 300.165 -17668.6 -13.1177
2829000 299.07 -17714.4 19.731
2830000 298.512 -17698.8 -6.02567
2831000 301.186 -17662.7 18.4611
2832000 300.053 -17642.6 -10.1174
2833000 299.987 -17626.8 -3.61944
2834000 300.372 -17628.4 -16.3583
2835000 302.181 -17589.2 3.45199
2836000 300.326 -17640.6 18.3001
2837000 300.471 -17638.3 -24.0783
2838000 300.591 -17739.7 7.63857
2839000 300.381 -17624.5 13.6128
2840000 300.712 -17617.9 -6.7377
2841000 300.228 -17612.6 -13.4334
2842000 300.181 -17672.1 -4.69329
2843000 299.787 -17653.1 -16.1962
2844000 299.863 -17652.8 -14.6042
2845000 297.692 -17690.8 -2.89654
2846000 299.903 -17646.3 5.27966
2847000 299.879 -17558.7 -33.2899
2848000 297.914 -17653.2 0.29807
2849000 299.907 -17640.8 -7.1201
2850000 299.479 -17585.9 16.1661
2851000 300.25 -17646.5 -20.5346
2852000 300.856 -17631.9 23.3012
2853000 298.41 -17626.5 24.4378
2854000 299.679 -17672.8 4.00842
2855000 299.682 -17718.8 -24.8124
2856000 300.091 -17686.5 8.88575
2857000 300.225 -17578.4 29.9201
2858000 299.752 -17618.5 -16.7465
2859000 297.932 -17693 14.7354
2860000 300.297 -17632 34.0539
2861000 301.235 -17652.9 -18.9481
2862000 300.535 -17638.6 12.1537
2863000 299.97 -17685.2 34.7019
2864000 299.54 -17744.2 -5.0472
2865000 299.37 -17748 -2.32446
2866000 300.037 -17687.3 2.53053
2867000 300.804 -17626.3 -28.6177
2868000 301.1 -17603.8 17.8821
2869000 299.672 -17662.8 7.31634
2870000 301.057 -17615.8 -9.64382
2871000 301.59 -17615.4 -12.2807
