# Time-averaged data for fix 3
# TimeStep v_Temperature v_PotentialEnergy v_Pressure
2000 301.316 -17461.8 -13.8263
3000 299.451 -17645.1 -26.4349
4000 300.243 -17677.5 14.5964
5000 300.34 -17694 24.9372
6000 299.547 -17697.4 4.31898
7000 300.094 -17709.1 -10.93
8000 300.123 -17731.9 -21.1632
9000 299.977 -17716.5 24.9338
10000 300.979 -17668.2 3.71781
11000 299.688 -17669.3 5.52738
12000 300.618 -17667 -17.3175
13000 300.57 -17650.7 -21.743
14000 300.55 -17715.4 -10.2035
15000 299.807 -17677.2 14.4734
16000 298.771 -17721.5 -7.83749
17000 300.175 -17673.8 -1.30564
18000 300.882 -17611 -2.89073
19000 299.472 -17738.5 7.21469
20000 300.378 -17671.2 3.99026
21000 300.102 -17649.9 -2.66668
22000 299.168 -17684.4 2.45817
23000 299.489 -17657.1 10.8665
24000 299.791 -17642.9 16.5748
25000 299.867 -17653.2 -9.15535
26000 299.917 -17677.5 2.54249
27000 299.726 -17669.6 32.1528
28000 299.634 -17726.4 -2.72559
29000 299.169 -17730.8 -14.1387
30000 298.487 -17702.7 -10.2234
31000 299.496 -17711.1 1.83652
32000 301.57 -17643.3 15.8446
33000 300.023 -17648.2 10.4009
34000 298.83 -17668.1 -5.57987
35000 299.887 -17690.8 -12.3498
36000 300.108 -17726.8 -10.3531
37000 300.982 -17707.4 2.46364
38000 298.779 -17687.2 30.0549
39000 300.139 -17665.3 -6.46812
40000 300.321 -17685.5 -9.12951
41000 298.991 -17723.7 1.71573
42000 300.021 -17693.8 17.5988
43000 300.293 -17669 -6.94115
44000 300.571 -17637.2 -1.89574
45000 298.944 -17705 10.501
46000 300.732 -17735 -12.0244
47000 300.822 -17669.6 7.23826
48000 299.426 -17677.1 12.4593
49000 300.284 -17713.6 11.6635
50000 299.814 -17746.9 15.528
51000 300.194 -17709.2 0.285667
52000 299.069 -17702 9.97568
53000 299.644 -17715.6 -3.01815
54000 300.887 -17646.5 -5.82498
55000 299.542 -17641.4 17.9025
56000 299.199 -17632.8 -24.4784
57000 299.36 -17685.9 6.48667
58000 300.346 -17692.4 -1.77558
59000 300.517 -17602 33.7425
60000 300.648 -17657.8 0.732213
61000 299.783 -17663 14.4745
62000 299.868 -17686.3 -10.8267
63000 300.101 -17657.6 -11.2642
64000 297.936 -17682.1 28.8369
65000 300.471 -17728.8 -11.5742
66000 300.808 -17706.7 25.7008
67000 299.675 -17706.7 -7.3805
68000 300.172 -17716 -25.6657
69000 299.427 -17680.2 15.8217
70000 300.994 -17645.4 5.66241
71000 299.589 -17680.3 2.16034
72000 300.698 -17666.2 -19.0162
73000 299.504 -17669 -2.2874
74000 300.896 -17632 17.2964
75000 298.89 -17621.3 7.38814
76000 300.975 -17680.3 -7.82204
77000 298.674 -17691.7 6.50083
78000 301.277 -17659.1 1.0227
79000 299.155 -17717.6 11.723
80000 298.176 -17725.2 4.93359
81000 298.491 -17727.8 18.8108
82000 299.741 -17699.8 -4.66183
83000 300.66 -17644.8 -11.8836
84000 300.147 -17633.8 24.3542
85000 299.184 -17697.5 -12.8621
86000 299.559 -17730.8 -32.4958
87000 298.574 -17641.2 11.6502
88000 298.783 -17710.5 7.8919
89000 300.986 -17715.5 -19.4511
90000 301.06 -17651.5 -1.62967
91000 300.591 -17678.6 9.96412
92000 301.077 -17677.3 -12.9361
93000 299.287 -17712.7 5.30618
94000 299.922 -17705.2 2.66892
95000 299.57 -17707.9 -26.9642
96000 299.58 -17753.1 10.2694
97000 299.297 -17723.5 16.8037
98000 299.77 -17701.1 18.8879
99000 300.182 -17707 6.17682
100000 301.516 -17647.8 -11.3447
101000 300.303 -17638.7 13.5147
102000 300.18 -17662.8 16.6811
103000 299.127 -17658.8 -0.773229
104000 299.049 -17739.7 -5.91016
105000 301.094 -17668.5 16.646
106000 300.437 -17698.6 6.42495
107000 300.342 -17693 -2.28183
108000 301.541 -17713 -34.4019
109000 299.414 -17758.7 -11.8168
110000 300.771 -17718.9 20.7737
111000 299.938 -17730.1 -22.5786
112000 299.783 -17731.6 14.621
113000 298.535 -17728.1 -5.78428
114000 300.958 -17730.5 -3.08619
115000 300.042 -17752.8 -17.6143
116000 301.116 -17740.2 -28.1441
117000 299.63 -17738.9 -29.1953
118000 301.262 -17705.9 20.6216
119000 299.135 -17710.1 13.7987
120000 299.916 -17690.3 -11.8369
121000 300.926 -17639.2 -20.5531
122000 300.724 -17639.5 -0.689028
123000 299.329 -17695.3 5.52295
124000 298.903 -17842.1 -6.52426
125000 300.788 -17765.8 7.69242
126000 302.162 -17689.5 -3.30151
127000 300.193 -17706.6 15.1444
128000 302.07 -17688 10.0516
129000 300.524 -17715.5 4.53297
130000 301.095 -17663.6 -21.8311
131000 299.555 -17668.8 23.2427
132000 299.691 -17672.6 3.13673
133000 299.213 -17709.6 -17.0659
134000 299.155 -17765.4 23.859
135000 299.251 -17725 -0.63369
136000 299.605 -17728 2.42438
137000 300.604 -17738.9 -28.2611
138000 299.769 -17687 -8.16242
139000 301.141 -17739.3 -14.1541
140000 300.436 -17723.9 38.0153
141000 301.923 -17676 -20.999
142000 299.442 -17699.9 36.2042
143000 301.509 -17705.3 -36.454
144000 300.092 -17676.5 -5.56372
145000 299.661 -17657.7 -12.8648
146000 299.89 -17692.1 10.6791
147000 301.772 -17705 18.2619
148000 299.008 -17707.7 -9.64275
149000 300.184 -17707.2 -19.1141
150000 301.516 -17705.6 -6.3475
151000 300.067 -17687.2 13.294
152000 298.981 -17689.3 26.1759
153000 298.499 -17659.3 -6.49885
154000 300.744 -17562.1 -15.8439
155000 298.967 -17644.6 1.79819
156000 299.099 -17663.5 -4.54623
157000 298.914 -17645.9 28.944
158000 299.307 -17701.1 -3.49242
159000 300.022 -17712.7 -6.35114
160000 298.406 -17721 -14.294
161000 300.526 -17672.3 -0.525115
162000 299.244 -17681.8 -1.78257
163000 300.099 -17721 -10.2792
164000 299.676 -17660.2 33.1172
165000 299.747 -17660.6 -10.5845
166000 299.259 -17651.1 -1.83349
167000 299.482 -17672.8 16.6592
168000 301.531 -17645 5.74932
169000 299.88 -17680.1 -28.1988
170000 300.763 -17664.5 35.3932
171000 299.467 -17683 -3.71697
172000 299.471 -17714.3 10.9902
173000 299.13 -17744.6 -13.977
174000 300.4 -17690.7 0.0421846
175000 299.339 -17678.2 14.1771
176000 299.009 -17686.1 -24.042
177000 299.484 -17674.5 6.57227
178000 300.439 -17717.4 -10.3454
179000 299.937 -17735.3 13.4084
180000 300.062 -17733.4 -17.5213
181000 298.58 -17690.4 18.2464
182000 300.343 -17637.9 4.72977
183000 300.292 -17641.4 19.8549
184000 299.346 -17638.7 -6.39577
185000 300.696 -17620.4 8.2244
186000 301.078 -17594.4 -3.62293
187000 299.782 -17603.7 19.9126
188000 301.317 -17650.3 -1.51642
189000 299.853 -17631.4 12.8765
190000 299.736 -17644.9 -10.4328
191000 301.637 -17645.5 -35.6635
192000 299.019 -17673.4 18.637
193000 298.568 -17706.1 5.62899
194000 300.012 -17667.1 5.06789
195000 300.822 -17672.9 -23.3624
196000 300.459 -17659.4 -16.4722
197000 301.214 -17673.2 20.605
198000 300.481 -17668.9 3.53699
199000 299.599 -17730.4 -4.81422
200000 300.531 -17715.5 4.60891
201000 297.707 -17759.7 3.56826
202000 298.598 -17692.9 16.8328
203000 301.674 -17678.7 -18.3614
204000 299.804 -17627.2 5.56093
205000 299.923 -17592.4 8.17263
206000 300.025 -17630.7 5.00318
207000 300.04 -17654.2 1.70565
208000 300.806 -17673 -2.73831
209000 300.538 -17632.3 29.2175
210000 301.278 -17556.4 -12.715
211000 299.263 -17657.9 5.04021
212000 299.312 -17677.1 28.7347
213000 299.228 -17645.2 1.62357
214000 300.74 -17635.3 -32.3122
215000 301.418 -17689.9 -26.0879
216000 300.804 -17660 30.9971
217000 299.35 -17631.4 -8.35616
218000 299.997 -17617.7 -6.88647
219000 300.683 -17595 9.13646
220000 298.826 -17707.6 -13.4009
221000 299.892 -17680.8 5.26209
222000 298.693 -17694.7 5.66927
223000 298.321 -17670.1 -3.04069
224000 299.536 -17619 6.94262
225000 298.875 -17695.7 -5.42212
226000 298.876 -17662.9 4.91121
227000 300.283 -17576.6 -18.3993
228000 299.522 -17602.1 17.7987
229000 299.642 -17585.2 0.270074
230000 300.032 -17659.2 -20.9824
231000 301.147 -17620 21.2197
232000 300.993 -17588.5 21.099
233000 299.605 -17658.4 -22.899
234000 300.728 -17651.1 -17.1216
235000 298.965 -17737.5 1.35569
236000 299.378 -17651.8 34.3061
237000 301.377 -17686.9 15.6896
238000 300.401 -17696.1 -6.45195
239000 298.671 -17682.7 0.121322
240000 299.693 -17683.5 13.7847
241000 298.629 -17752.6 13.1294
242000 301.789 -17583.5 -14.0589
243000 299.971 -17646 -1.25513
244000 299.895 -17658.5 25.619
245000 300.928 -17665.8 -8.45121
246000 301.193 -17623.9 5.50405
247000 300.599 -17662.3 11.8759
248000 300.391 -17633.3 13.8764
249000 300.292 -17651.2 20.5776
250000 298.586 -17704.1 13.7107
251000 299.199 -17687 -23.5348
252000 299.613 -17687.3 -10.6004
253000 300.948 -17604.1 14.7322
254000 300.005 -17659 2.47079
255000 300.538 -17703.4 2.6346
256000 299.628 -17646.4 -2.17683
257000 300.329 -17652.9 -24.4826
258000 300.817 -17653.7 4.15284
259000 300.187 -17641.9 -8.13275
260000 299.016 -17698.2 5.40637
261000 299.398 -17711.8 7.86529
262000 299.991 -17672.2 24.6742
263000 298.583 -17726.9 6.09139
264000 301.399 -17691.1 -22.9367
265000 300.713 -17659.2 12.3104
266000 301.222 -17689.5 2.04117
267000 298.285 -17698.4 -0.889791
268000 300.514 -17665 18.3919
269000 301.439 -17621.2 3.58602
270000 300.309 -17637.4 -7.29875
271000 300.239 -17647.5 1.58354
272000 300.356 -17682.9 -5.60324
273000 297.421 -17739.1 -21.0728
274000 299.404 -17656.7 12.3543
275000 299.518 -17689.7 -7.91749
276000 299.877 -17638.2 -0.208378
277000 300.375 -17659.6 15.882
278000 301.259 -17660.9 5.51534
279000 301.101 -17661.6 -28.4251
280000 299.679 -17662.6 11.967
281000 299.483 -17692.6 -8.59146
282000 299.902 -17660.7 19.859
283000 301.53 -17645.4 8.58952
284000 300.511 -17682.3 1.60888
285000 299.239 -17725.2 -9.46741
286000 299.06 -17688.3 21.6316
287000 300.213 -17657.1 2.34785
288000 298.96 -17683.2 -17.6217
289000 300.67 -17633.5 -9.33748
290000 300.051 -17636.9 20.0344
291000 301.019 -17626.1 20.7649
292000 299.953 -17694.7 -45.8391
293000 300.575 -17705.4 11.8724
294000 301.5 -17669.8 -12.3393
295000 299.583 -17682.7 15.2307
296000 299.138 -17703.6 -12.0047
297000 300.676 -17693.2 4.73635
298000 299.236 -17687 -11.5095
299000 299.414 -17679.7 -10.8719
300000 300.375 -17641 -11.4862
301000 298.641 -17671 -9.67
302000 298.876 -17700.2 29.4809
303000 298.952 -17720.7 7.89976
304000 300.047 -17667.6 -12.1264
305000 298.63 -17695.8 -16.8473
306000 298.366 -17695.6 -8.94634
307000 300.125 -17661.9 5.07293
308000 300.721 -17714 4.53554
309000 298.619 -17747 -3.28451
310000 298.593 -17709.8 1.01137
311000 301.172 -17652.6 -14.455
312000 300.294 -17645.5 6.74149
313000 299.944 -17700.3 -2.77182
314000 301.384 -17641.4 -19.3955
315000 299.666 -17685.2 13.4496
316000 299.628 -17695 19.3792
317000 298.425 -17699 -9.30883
318000 300.268 -17672.4 9.62546
319000 299.531 -17718.1 27.0327
320000 300.45 -17688.2 0.208318
321000 300.596 -17645.9 -17.4953
322000 300.219 -17648.2 -7.41425
323000 301.325 -17661.6 -10.3823
324000 301.173 -17648.8 -0.299239
325000 300.328 -17607.6 7.07747
326000 299.612 -17657.7 13.1883
327000 300.599 -17604.6 -21.1295
328000 301.888 -17588.1 -19.3924
329000 299.346 -17632.7 -4.41001
330000 300.195 -17637.1 -0.861824
331000 300.512 -17627.5 -1.50009
332000 301.328 -17642.5 7.34527
333000 297.657 -17771.4 6.92155
334000 299.771 -17699.3 -16.0561
335000 299.607 -17689.8 6.47315
336000 300.285 -17617.1 10.1856
337000 300.541 -17678.6 20.4373
338000 300.134 -17628.4 -15.8138
339000 298.764 -17658.2 -25.6469
340000 299.376 -17637.8 10.7888
341000 299.91 -17627.1 22.1974
342000 301.088 -17564.3 -21.0645
343000 299.653 -17591.9 -19.3363
344000 299.457 -17598.2 10.4224
345000 299.899 -17640 6.86271
346000 298.75 -17667.9 -11.1609
347000 298.398 -17697.9 5.59486
348000 300.757 -17624.6 -15.131
349000 299.733 -17592.2 -2.48758
350000 300.277 -17606.3 -10.1822
351000 300.245 -17611.6 3.79425
352000 300.656 -17636 5.57108
353000 299.146 -17622.5 8.53692
354000 300.595 -17668.2 -12.7785
355000 300.293 -17698.2 -12.6212
356000 301.806 -17669.7 -5.78063
357000 300.396 -17651 28.5226
358000 300.227 -17567.3 17.4093
359000 299.708 -17600.4 -6.69408
360000 298.981 -17635.2 -7.10489
361000 301.23 -17598.9 1.66039
362000 299.56 -17626.6 4.15885
363000 299.861 -17686.9 -13.5771
364000 299.389 -17704.6 -2.15172
365000 299.951 -17664.6 -22.7943
366000 301.155 -17618.6 -4.74038
367000 298.508 -17689.7 7.99927
368000 301.4 -17650.1 -12.1927
369000 297.982 -17752.6 -1.40144
370000 300.463 -17678.3 19.3512
371000 300.619 -17698.4 0.148539
372000 301.122 -17629.7 -13.3996
373000 300.426 -17620.1 -12.2014
374000 301.46 -17637.9 15.4233
375000 298.926 -17651.7 10.5775
376000 301.506 -17531.6 -4.90709
377000 300.103 -17664.1 1.06128
378000 302.816 -17623.1 -9.33083
379000 301.486 -17603 3.51221
380000 300.707 -17594.9 14.6157
381000 298.579 -17653.3 -4.71077
382000 299.242 -17635.5 -5.48839
383000 300.614 -17620.1 24.4145
384000 300.251 -17661.9 9.97808
385000 297.539 -17676.3 -14.4267
386000 299.66 -17692.5 5.22296
387000 300.451 -17656 -2.67515
388000 300.421 -17668.3 21.654
389000 298.984 -17677.3 0.865882
390000 298.769 -17654.5 -55.1335
391000 300.3 -17611.6 31.6249
392000 300.64 -17596.3 -7.25767
393000 300.483 -17565.8 1.36734
394000 300.181 -17527.7 -18.0004
395000 299.539 -17596.8 -4.52495
396000 298.158 -17608.1 3.41603
397000 300.708 -17596.6 14.1946
398000 300.809 -17633.5 0.709851
399000 301.76 -17609.4 17.4049
400000 298.728 -17637.5 -5.15622
401000 300.482 -17581.3 5.5241
402000 299.966 -17613.9 -14.4135
403000 299.977 -17612.5 -15.9532
404000 301.256 -17611 34.4572
405000 300.937 -17627.5 32.9664
406000 299.769 -17598.1 -14.1019
407000 300.837 -17586.9 -9.21045
408000 298.855 -17591.7 22.2832
409000 300.079 -17686.1 5.89051
410000 300.285 -17619.8 -3.00903
411000 300.828 -17575.3 8.54285
412000 301.414 -17583.5 -7.66428
413000 300.622 -17552.3 -7.25015
414000 300.216 -17586.6 -14.4804
415000 299.64 -17619.4 27.2445
416000 298.522 -17666.9 0.0298258
417000 298.882 -17656.7 1.35631
418000 299.325 -17656.3 -21.3913
419000 300.657 -17577.4 5.61833
420000 300.105 -17610.2 -8.0485
421000 300.292 -17552.3 -22.3268
422000 299.265 -17582.7 23.3092
423000 301.812 -17593.2 24.3721
424000 301.172 -17622 -15.2216
425000 301.604 -17573.7 25.6682
426000 300.633 -17622.7 17.7295
427000 301.734 -17563.8 -32.1481
428000 299.544 -17598.1 1.66323
429000 299.821 -17567.6 15.8311
430000 297.978 -17674.5 -1.15476
431000 300.028 -17615.1 -36.326
432000 300.438 -17624.4 14.6805
433000 300.18 -17657.4 -4.75363
434000 301.288 -17568.1 -20.5919
435000 297.64 -17630.4 30.8059
436000 300.608 -17553.8 9.4545
437000 301.047 -17576.6 19.5313
438000 300.437 -17610.9 -3.29417
439000 298.817 -17706.4 -4.30365
440000 300.401 -17650.8 23.3664
441000 298.353 -17691.5 -8.67608
442000 301.254 -17616.4 -17.9507
443000 299.436 -17639 6.00029
444000 299.241 -17593.6 -12.8558
445000 300.185 -17695.1 2.68841
446000 299.536 -17709.2 -36.1171
447000 298.887 -17681 18.8147
448000 301.27 -17644.4 -15.8252
449000 298.758 -17641.4 -8.29863
450000 300.838 -17592.1 11.9376
451000 301.354 -17615.5 6.68944
452000 300.656 -17601.3 -7.05062
453000 298.752 -17615.7 -7.94371
454000 299.335 -17609.8 -9.93223
455000 301.145 -17577.8 41.8378
456000 299.175 -17667.3 25.6797
457000 299.244 -17612.7 -22.6436
458000 299.417 -17632.3 4.55504
459000 301.501 -17602.3 -2.92988
460000 300.314 -17597.4 9.47989
461000 301.548 -17562.9 17.6457
462000 300.491 -17579.8 23.8931
463000 299.681 -17578.1 1.61067
464000 300.44 -17574.3 17.6923
465000 300.02 -17571.1 28.0162
466000 299.723 -17609.5 6.55365
467000 300.186 -17544.7 -21.2894
468000 299.628 -17559.1 29.8114
469000 300.315 -17611.2 23.2438
470000 299.62 -17650.1 -1.02212
471000 299.85 -17623 11.7091
472000 297.793 -17558.1 3.67267
473000 300.828 -17577.4 16.0677
474000 300.078 -17580.9 0.433984
475000 298.708 -17593.5 5.59148
476000 299.843 -17587 0.321229
477000 300.242 -17572.3 -6.25837
478000 299.34 -17635.7 26.0643
479000 299.337 -17696.7 -0.0732295
480000 300.244 -17653.4 -22.3411
481000 300.293 -17713.3 0.532553
482000 301.729 -17659 34.8954
483000 300.648 -17612 -39.4983
484000 299.625 -17643.8 -8.48847
485000 298.599 -17620.6 0.634057
486000 299.315 -17614.5 40.1271
487000 300.615 -17613.7 15.7227
488000 300.556 -17634.4 0.119336
489000 300.343 -17626.7 17.5501
490000 300.809 -17687.1 -9.73028
491000 300.547 -17666.5 5.07427
492000 300.556 -17676.4 -7.99156
493000 299.223 -17687.5 -16.742
494000 300.367 -17709.3 -44.6587
495000 299.656 -17649.5 31.4038
496000 301.469 -17591.6 10.8943
497000 299.416 -17648.6 -7.0602
498000 298.421 -17652.1 -10.5861
499000 300.231 -17644.5 7.61251
500000 299.551 -17667 11.292
501000 301.257 -17615.1 7.96818
502000 301.144 -17589 9.53567
503000 300.192 -17635.2 -7.67538
504000 300.601 -17578.6 0.776516
505000 299.864 -17586.7 5.80694
506000 299.851 -17635.2 11.6048
507000 297.509 -17685.5 -17.7451
508000 299.727 -17610.4 -5.96091
509000 299.627 -17649.3 6.72601
510000 300.296 -17651.1 27.5739
511000 299.035 -17633 -12.9568
512000 300.018 -17561.7 11.167
513000 300.444 -17643.5 -24.4818
514000 300.317 -17650.3 -4.25524
515000 300.509 -17644.7 23.6352
516000 299.851 -17668.9 10.6427
517000 299.517 -17637.4 27.0608
518000 300.572 -17607.1 1.64332
519000 298.729 -17605.7 0.261703
520000 298.827 -17672.2 -3.51302
521000 299.749 -17656.4 29.0122
522000 299.293 -17678.5 -3.32426
523000 300.252 -17636.2 29.0612
524000 299.655 -17699.5 6.26561
525000 300.247 -17696.3 -29.0051
526000 299.748 -17694.2 -11.1148
527000 300.083 -17677 5.37405
528000 299.616 -17657 -13.7069
529000 299.989 -17674.5 8.89718
530000 300.553 -17711.7 2.40148
531000 301.337 -17717.3 -18.4098
532000 299.356 -17702.8 -1.13456
533000 300.372 -17659.6 -8.21357
534000 298.247 -17652.7 20.0884
535000 299.998 -17640.1 24.9414
536000 300.444 -17659.1 19.2429
537000 300.386 -17737 -12.0259
538000 300.288 -17747 -20.5659
539000 299.902 -17693.8 19.2125
540000 298.377 -17699.7 35.1778
541000 300.794 -17729 -30.0847
542000 301.075 -17726.8 1.4704
543000 300.534 -17752.5 -9.37782
544000 301.843 -17736.3 -0.351849
545000 299.183 -17717.8 9.94157
546000 299.461 -17717.1 -0.34835
547000 299.955 -17697.2 -28.3564
548000 300.746 -17682 -9.69457
549000 300.297 -17687.5 23.6356
550000 301.859 -17636 -9.40797
551000 300.799 -17677.5 1.19036
552000 301.498 -17686.3 12.8731
553000 298.518 -17670.6 10.2974
554000 301.409 -17648.3 -46.7652
555000 299.285 -17596.8 -9.21497
556000 298.981 -17631.6 -4.60211
557000 299.636 -17650.5 14.7911
558000 299.422 -17676.6 9.63932
559000 299.018 -17699.1 -11.9583
560000 299.552 -17668.7 -14.0898
561000 298.216 -17694.2 4.48966
562000 300.697 -17655.2 23.0214
563000 297.811 -17703.4 37.5807
564000 299.515 -17659.5 -2.54511
565000 301.828 -17646.5 -27.0206
566000 300.391 -17659.2 18.3483
567000 298.857 -17674 -9.94239
568000 300.53 -17610.6 0.366513
569000 300.917 -17626.1 -23.2661
570000 299.743 -17612.8 19.3344
571000 300.895 -17648.3 5.02832
572000 300.453 -17693.6 -7.54331
573000 300.399 -17712.2 -1.20167
574000 300.129 -17716.5 -0.309336
575000 300.385 -17690.7 0.688122
576000 299.147 -17687.9 -19.6292
577000 300.319 -17687.5 22.5151
578000 301.235 -17656.8 12.8363
579000 298.439 -17731.4 -13.4944
580000 299.489 -17738.3 -9.19267
581000 299.007 -17682.9 42.5335
582000 299.159 -17650.4 -5.7832
583000 298.427 -17669.3 12.0512
584000 301.841 -17643 -16.5475
585000 299.435 -17681.9 -14.5677
586000 299.65 -17674.7 17.175
587000 299.904 -17661.6 18.968
588000 300.378 -17624.1 0.669933
589000 298.706 -17640.1 10.1468
590000 300.137 -17636.7 -22.4241
591000 300.733 -17616.2 -2.97419
592000 300.066 -17603 10.9805
593000 300.472 -17656.4 5.77453
594000 299.838 -17673.7 -6.98009
595000 300.348 -17660.6 -12.7568
596000 301.976 -17640.9 -10.3567
597000 299.062 -17724.4 -1.10921
598000 298.183 -17725.4 6.30333
599000 299.313 -17689.5 29.0793
600000 302.349 -17639 -12.2566
601000 300.098 -17727.4 27.9033
602000 301.403 -17699.5 10.62
603000 300.798 -17689.3 5.24151
604000 300.583 -17682.4 -15.772
605000 299.063 -17670 -29.665
606000 300.315 -17678.4 -6.73504
607000 300.839 -17633.4 18.7607
608000 298.961 -17639.2 12.9767
609000 300.367 -17581.8 14.732
610000 300.943 -17643.7 2.08749
611000 301.251 -17579.8 -14.3074
612000 300.34 -17644.3 -5.83159
613000 300.412 -17675.1 18.266
614000 298.917 -17726.5 0.681705
615000 300.25 -17706.9 -11.2907
616000 301.974 -17695.1 -41.9258
617000 299.223 -17702.6 25.7225
618000 300.033 -17713 7.37515
619000 299.313 -17755.2 -2.83254
620000 298.192 -17745.4 25.0456
621000 299.305 -17691.3 -24.744
622000 300.951 -17650.4 -15.6837
623000 300.423 -17643.6 -23.8046
624000 300.838 -17647.9 11.588
625000 299.691 -17679.1 14.3701
626000 299.948 -17632.6 22.0355
627000 299.988 -17679.5 -16.5087
628000 299.412 -17700.8 -1.18871
629000 299.547 -17700.2 -2.49235
630000 299.718 -17690 -6.26536
631000 299.378 -17685.2 -27.3497
632000 299.952 -17610.2 25.3553
633000 301.048 -17582.3 17.9413
634000 300.36 -17627.3 -2.77713
635000 300.347 -17579.1 -12.1206
636000 301.196 -17553.1 22.4313
637000 299.593 -17618.5 5.73364
638000 300.363 -17600.7 -8.63734
639000 299.771 -17628 -8.77748
640000 300.247 -17706.5 12.5756
641000 299.657 -17726 28.2242
642000 299.685 -17675.7 -49.8575
643000 299.955 -17652.8 9.97645
644000 301.429 -17654 0.680728
645000 299.647 -17696.1 17.5302
646000 299.965 -17690.5 12.1061
647000 299.199 -17709.7 -27.4906
648000 300.337 -17672 24.5058
649000 299.532 -17678.3 2.59991
650000 299.789 -17654.2 8.47931
651000 299.352 -17678.3 -2.01663
652000 299.797 -17725.3 14.1283
653000 298.46 -17715.2 7.29865
654000 300.678 -17634.6 -2.32845
655000 301.504 -17651.2 -17.2476
656000 300.703 -17658 -16.2095
657000 301.969 -17724.9 14.2495
658000 298.41 -17742.4 5.35832
659000 299.217 -17656.5 11.8069
660000 298.431 -17613.1 -4.9562
661000 300.602 -17632.1 7.14567
662000 300.35 -17619.8 -1.00515
663000 300.368 -17678.9 -5.70107
664000 299.793 -17697.1 9.04364
665000 299.903 -17696.4 6.33506
666000 299.565 -17654.6 15.9459
667000 297.817 -17718.9 15.5351
668000 298.822 -17733.8 7.58419
669000 298.645 -17737.7 -12.2195
670000 299.43 -17733.8 -19.9692
671000 301.35 -17649 40.6102
672000 300.312 -17679.2 16.0649
673000 300.903 -17698.6 -13.6466
674000 299.198 -17687.6 -7.86554
675000 298.643 -17713.7 -4.19786
676000 299.909 -17700.9 28.7862
677000 298.097 -17756.5 -10.1124
678000 299.25 -17745.8 -2.84067
679000 299.825 -17717.4 -22.83
680000 301.023 -17682.1 42.3956
681000 300.405 -17681.6 -7.62318
682000 298.814 -17633 8.33378
683000 299.354 -17680.9 2.44426
684000 300.632 -17662.5 11.3533
685000 298.807 -17781 -1.77174
686000 300.014 -17686.7 -18.3547
687000 299.31 -17732.2 -23.2795
688000 298.549 -17717.7 9.70802
689000 301.751 -17672.9 -20.1926
690000 300.112 -17671.2 -1.7716
691000 300.446 -17677.8 -12.0703
692000 299.425 -17690 30.4991
693000 301.683 -17663.6 14.0136
694000 299.884 -17731.6 -24.1761
695000 299.908 -17724.7 -6.29698
696000 301.009 -17708.3 16.974
697000 301.411 -17705.7 7.81925
698000 299.36 -17772.3 1.74655
699000 300.871 -17737.1 -8.51111
700000 299.837 -17722.9 -6.04706
701000 298.765 -17749.5 -1.23761
702000 301.298 -17747.9 -27.6509
703000 300.738 -17711 25.2118
704000 301.55 -17668.4 10.8035
705000 299.354 -17667.2 2.81401
706000 299.496 -17662.3 42.979
707000 301.273 -17690 -2.72199
708000 299.784 -17704 -5.46504
709000 299.676 -17704 -32.4164
710000 300.338 -17691.7 35.9992
711000 299.14 -17663.9 16.3413
712000 301.095 -17689.4 -0.179715
713000 300.349 -17675.5 -8.51202
714000 300.662 -17651.4 -9.89859
715000 299.826 -17698.9 5.04204
716000 300.848 -17678.6 4.50958
717000 299.712 -17730.4 12.3995
718000 300.114 -17674.2 -17.0697
719000 299.497 -17740.3 14.928
720000 300.418 -17680.9 11.8008
721000 300.179 -17719.6 18.1347
722000 301.185 -17664.1 -4.38587
723000 300.239 -17669.4 -6.02722
724000 299.727 -17692.6 10.908
725000 297.462 -17709.7 6.18737
726000 300.092 -17653.9 24.5863
727000 300.099 -17655.7 4.96133
728000 301.791 -17650.5 -7.32063
729000 300.317 -17628.7 -24.9358
730000 300.833 -17662.1 11.8609
731000 299.681 -17692.9 9.93647
732000 300.201 -17716.3 35.9645
733000 300.826 -17713.9 -29.9255
734000 297.626 -17799.2 -27.2204
735000 299.57 -17706.1 30.1262
736000 299.432 -17761.3 30.0719
737000 298.766 -17733.6 -26.6134
738000 298.305 -17699.9 2.57824
739000 300.426 -17668.6 38.0965
740000 301.63 -17675.2 -12.9848
741000 301.033 -17760.2 -15.22
742000 299.947 -17733.3 -1.06923
743000 298.963 -17661.5 -16.9651
744000 301.035 -17676.6 21.2866
745000 299.809 -17683.8 13.5596
746000 299.184 -17645.2 7.01952
747000 299.4 -17623.5 -4.06467
748000 300.027 -17666.2 -22.3086
749000 301.47 -17649.1 18.0521
750000 300.276 -17644.2 -0.382073
751000 300.439 -17685.1 -14.9433
752000 298.769 -17737.6 -24.0282
753000 299.114 -17784.7 27.6939
754000 297.898 -17765.3 18.0638
755000 299.256 -17780.8 -27.6294
756000 301.769 -17684.1 7.16579
757000 300.582 -17588.6 26.1767
758000 300.776 -17637.1 -13.1647
759000 298.605 -17681.3 -3.96584
760000 299.353 -17680.1 15.1791
761000 299.212 -17742.2 9.20787
762000 300.669 -17673.4 -12.7522
763000 298.943 -17711.2 -18.0834
764000 298.893 -17693.5 15.1847
765000 300.163 -17643.3 -4.91895
766000 302.051 -17598.7 14.6344
767000 300.744 -17617.2 -2.1735
768000 301.183 -17652 17.1413
769000 301.791 -17632 -24.3053
770000 300.395 -17676.4 -1.16221
771000 300.769 -17625.1 2.35687
772000 300.336 -17602.6 -7.68653
773000 301.006 -17618 -4.29148
774000 299.164 -17697.8 -5.74217
775000 299.563 -17704.4 6.10355
776000 300.87 -17660.3 0.674616
777000 300.073 -17635.2 7.4965
778000 299.615 -17631.5 -6.06727
779000 301.301 -17624 14.2023
780000 299.482 -17647.2 3.87682
781000 300.815 -17593.5 -25.8466
782000 298.716 -17632.7 21.1455
783000 298.419 -17649.1 -0.975125
784000 299.669 -17664.9 8.76019
785000 299.479 -17666.6 29.5217
786000 300.438 -17655.4 -1.21132
787000 300.628 -17626 -3.97921
788000 301.068 -17636.1 7.54881
789000 299.54 -17709 24.6924
790000 300.038 -17677.2 14.9735
791000 299.469 -17720.5 -7.85961
792000 299.387 -17686.7 15.9132
793000 298.858 -17694.9 -2.95663
794000 299.935 -17671 -2.34983
795000 299.113 -17716.4 -8.48329
796000 300.635 -17692.9 -10.4754
797000 300.021 -17713.6 6.15486
798000 300.871 -17625.3 15.8691
799000 300.935 -17640.8 -45.1521
800000 298.76 -17682.5 7.987
801000 300.349 -17652.4 12.6048
802000 299.695 -17655.2 15.3612
803000 300.389 -17649.6 18.1115
804000 299.794 -17656.1 -9.69528
805000 297.732 -17702.4 9.80302
806000 299.989 -17706.9 26.4525
807000 299.249 -17675.5 -16.113
808000 298.159 -17688.6 -13.6205
809000 300.143 -17711.3 -14.677
810000 300.666 -17651.1 8.92707
811000 300.298 -17642 4.82931
812000 299.01 -17707.7 21.9734
813000 302.676 -17618.6 5.85124
814000 300.718 -17576.1 15.1755
815000 300.299 -17577.3 -16.2432
816000 298.931 -17632 -20.1924
817000 300.409 -17648.9 -8.3634
818000 298.715 -17696.8 9.66308
819000 300.605 -17660.6 22.1268
820000 299.498 -17646.7 -22.299
821000 301.981 -17641.1 -5.223
822000 299.942 -17702.9 23.9632
823000 301.004 -17626.3 14.9796
824000 299.367 -17665.8 -2.59891
825000 299.51 -17654.7 -34.6051
826000 298.947 -17714.3 18.8331
827000 299.705 -17656.3 35.9288
828000 300.419 -17633.1 -6.1295
829000 300.831 -17645.9 -28.8561
830000 299.585 -17705.5 25.3414
831000 300.098 -17666.4 -12.7819
832000 299.234 -17626.9 -24.2842
833000 301.055 -17642.4 27.4838
834000 297.865 -17641.6 1.92653
835000 300.229 -17694.1 -9.14319
836000 301.039 -17647.2 -1.10347
837000 298.401 -17680.8 -0.66236
838000 299.599 -17671.3 -12.4546
839000 298.504 -17672.8 23.9205
840000 300.888 -17674.1 -10.8256
841000 298.901 -17724.6 6.4825
842000 301.026 -17681.6 -6.54059
843000 299.973 -17676.5 -10.279
844000 299.424 -17724.8 -26.2286
845000 300.194 -17647 7.43409
846000 301.179 -17617.1 26.5122
847000 299.292 -17693.8 -10.7858
848000 299.483 -17674.6 -15.4853
849000 300.269 -17707.2 22.8597
850000 298.848 -17750.4 -5.92566
851000 299.848 -17737 -9.83514
852000 301.078 -17698.5 -3.0959
853000 299.664 -17691.9 21.0752
854000 300.176 -17639.9 15.3958
855000 299.341 -17662.6 5.42141
856000 300.725 -17654 -32.433
857000 299.881 -17646.3 13.2456
858000 299.46 -17655.1 2.60299
859000 299.866 -17661.8 20.6666
860000 301.063 -17695.5 -42.7229
861000 300.18 -17623.5 -13.6886
862000 300.233 -17655.6 6.53556
863000 298.934 -17636.6 -2.58031
864000 300.15 -17688.2 13.5119
865000 299.277 -17670.4 -13.1206
866000 299.353 -17644.3 0.254465
867000 300.683 -17642.4 0.597924
868000 300.069 -17652.4 -1.17616
869000 298.873 -17665.4 -18.1486
870000 299.916 -17665.3 3.36647
871000 300.497 -17667.7 -45.8725
872000 299.609 -17646.2 17.665
873000 300.503 -17658.8 8.17651
874000 299.026 -17703.9 12.7598
875000 300.551 -17685.9 -24.4116
876000 299.801 -17672.5 19.0582
877000 300.605 -17642.3 28.7843
878000 301.108 -17657.8 13.3597
879000 299.178 -17714.7 -29.9433
880000 299.301 -17664.8 -1.35691
881000 299.317 -17662.3 18.3927
882000 301.049 -17636.6 -3.73244
883000 297.696 -17656.8 -9.97595
884000 300.785 -17637.8 1.4438
885000 301.409 -17655 -31.617
886000 300.453 -17628 26.4936
887000 300.002 -17665 -8.78016
888000 301.499 -17648.5 11.4228
889000 299.593 -17738.3 -21.2073
890000 299.925 -17688.3 17.7844
891000 299.01 -17702.2 1.96491
892000 301.17 -17684.8 -13.3489
893000 300.402 -17682 -24.1111
894000 300.069 -17645.8 13.208
895000 301.23 -17679.5 12.2815
896000 299.415 -17682.1 0.901915
897000 299.827 -17769.7 -5.44214
898000 297.992 -17763.1 36.5897
899000 299.325 -17766.1 18.9662
900000 300.384 -17757 -26.1079
901000 300.255 -17734.7 9.9456
902000 301.339 -17677.1 -0.204801
903000 300.04 -17692.8 8.14924
904000 299.229 -17760.2 -2.14525
905000 299.755 -17780.9 -11.2396
906000 299.327 -17723.1 5.24686
907000 300.458 -17730.3 10.131
908000 298.622 -17808.9 29.88
909000 301.387 -17769.9 -29.4241
910000 301.341 -17761.7 -22.9356
911000 299.691 -17710.7 26.683
912000 299.913 -17708.3 4.19425
913000 298.493 -17741.3 11.4589
914000 299.584 -17791.4 -29.4542
915000 300.116 -17741.5 16.6291
916000 300.192 -17747.2 38.2626
917000 300.897 -17653.1 -8.66099
918000 300.433 -17676.8 -19.9627
919000 299.02 -17728.8 7.22138
920000 299.447 -17746.4 15.3279
921000 300.098 -17779.7 -5.23323
922000 299.519 -17780.9 6.06481
923000 299.717 -17710.1 -7.13349
924000 298.321 -17719.9 10.6123
925000 300.438 -17735.6 4.82502
926000 300.673 -17704.3 -9.4387
927000 300.739 -17664.5 14.2596
928000 300.198 -17670.2 10.9757
929000 300.163 -17731.6 12.1269
930000 300.348 -17687.6 -18.8873
931000 299.372 -17707 11.3507
932000 300.442 -17762.5 -13.6951
933000 299.865 -17773.1 -2.80868
934000 299.797 -17794.7 18.5662
935000 300.232 -17728.7 -18.9396
936000 300.326 -17757.9 0.574044
937000 300.665 -17767.3 12.919
938000 301.568 -17762.5 -5.51167
939000 299.143 -17739.5 22.571
940000 300.481 -17760.6 -26.1911
941000 300.258 -17725.9 27.2263
942000 300.934 -17707.7 20.9696
943000 301.753 -17646.4 -8.68133
944000 299.509 -17692.5 -23.0373
945000 299.748 -17707.4 10.8077
946000 299.208 -17731.3 9.26849
947000 299.902 -17729.5 6.40538
948000 299.539 -17723.9 -7.42183
949000 299.56 -17772.6 26.5719
950000 298.638 -17751.1 -13.0312
951000 299.593 -17720 -19.0099
952000 299.669 -17722.4 14.9692
953000 301.004 -17740 -0.0783813
954000 299.594 -17759.4 -31.0136
955000 300.403 -17720.3 12.7444
956000 300.82 -17701.2 2.13673
957000 300.472 -17717.9 9.06131
958000 301.285 -17773.1 10.1197
959000 299.24 -17757.9 -35.5777
960000 298.425 -17810.4 -8.48043
961000 298.821 -17788.1 18.1537
962000 300.387 -17766.9 -3.20294
963000 298.359 -17763.7 -9.41589
964000 301.571 -17752.3 -10.9742
965000 299.465 -17764.2 25.7617
966000 298.501 -17732.5 7.66896
967000 300.208 -17783.3 -2.43603
968000 299.415 -17743.9 8.60509
969000 299.928 -17718.6 37.3172
970000 301.228 -17673 -15.3963
971000 300.767 -17731.4 -22.2222
972000 298.513 -17770.2 -6.36016
973000 299.999 -17715.3 35.9938
974000 300.309 -17794.6 -3.22447
975000 300.901 -17761.7 -11.0118
976000 301.335 -17752.6 -47.6022
977000 299.595 -17768.2 16.4446
978000 299.427 -17808.8 16.2417
979000 299.159 -17823.2 -30.6775
980000 300.731 -17715.1 -1.72905
981000 300.945 -17731.3 42.6811
982000 300.522 -17783.7 -7.19523
983000 299.413 -17750.8 -10.1222
984000 300.783 -17731.7 3.8341
985000 301.997 -17690.8 12.7866
986000 298.345 -17721.3 15.2882
987000 299.628 -17740.7 -17.7279
988000 299.825 -17777.8 -26.0285
989000 300.062 -17746.3 -12.1505
990000 299.636 -17791.2 15.6986
991000 301.524 -17684.3 22.6385
992000 300.124 -17732.9 0.494307
993000 298.792 -17770.6 -31.4238
994000 299.766 -17725.7 19.0011
995000 298.597 -17744.3 -11.2254
996000 300.665 -17732.3 19.8289
997000 299.229 -17775.9 26.2087
998000 300.535 -17781.6 -20.0294
999000 298.361 -17748.8 9.17683
1000000 302.429 -17708.1 -10.5339
1001000 299.342 -17702.5 16.8485
1002000 301.591 -17665.4 -15.0183
1003000 300.755 -17717.9 2.02699
1004000 299.672 -17692.5 29.2852
1005000 300.892 -17767.5 -25.6113
1006000 299.509 -17751 -20.2334
1007000 300.389 -17730.7 -19.1746
1008000 299.947 -17761.5 9.49066
1009000 298.621 -17845.6 9.87845
1010000 299.096 -17811 6.96772
1011000 299.787 -17768.7 -22.7405
1012000 300.158 -17786.1 1.32598
1013000 299.407 -17756.7 -7.98885
1014000 298.887 -17753.3 10.3564
1015000 300.716 -17747.7 10.5655
1016000 299.73 -17738.2 4.40174
1017000 300.612 -17685.4 -0.328311
1018000 299.45 -17799.4 12.9042
1019000 300.726 -17757.5 -6.50058
1020000 300.478 -17709.5 -15.9335
1021000 301.012 -17703.3 -6.38793
1022000 299.602 -17721.5 -10.5568
1023000 300.322 -17693.5 12.4553
1024000 300.579 -17696.5 -16.2389
1025000 300.054 -17726.8 10.5846
1026000 299.399 -17713 -22.2754
1027000 301.258 -17658.7 21.4522
1028000 298.995 -17733.7 6.51095
1029000 298.53 -17726.2 12.4616
1030000 300.433 -17754.8 0.798511
1031000 299.668 -17788.1 -8.25711
1032000 299.17 -17809.6 -18.814
1033000 298.564 -17770.3 20.5918
1034000 299.452 -17798.9 34.6572
1035000 298.81 -17788.6 -41.4527
1036000 300.315 -17742.1 -10.0817
1037000 299.168 -17775.8 22.1638
1038000 299.847 -17715.5 -3.30229
1039000 299.4 -17772.8 -3.99296
1040000 298.627 -17764 2.36056
1041000 301.305 -17699 -15.0182
1042000 299.658 -17720.9 12.6695
1043000 299.708 -17738.8 -2.14883
1044000 299.933 -17708.2 -14.9145
1045000 298.04 -17757.9 -10.5944
1046000 300.471 -17700 32.7934
1047000 300.076 -17723.3 5.15257
1048000 301.715 -17729.9 -14.18
1049000 300.018 -17745.7 -17.1321
1050000 300.395 -17713.7 -2.99328
1051000 300.526 -17732.5 9.35082
1052000 301.518 -17678.6 33.1702
1053000 298.789 -17710.5 -13.6756
1054000 298.639 -17737.5 2.43138
1055000 300.597 -17717.3 0.534215
1056000 298.735 -17732.4 -8.58893
1057000 300.253 -17742 3.7767
1058000 300.707 -17723.8 -29.8861
1059000 298.652 -17778.7 9.36509
1060000 299.761 -17681.4 3.77279
1061000 300.663 -17692.8 -24.8593
1062000 301.647 -17687.3 -5.11887
1063000 299.754 -17691.3 -3.69883
1064000 300.01 -17681.6 16.8887
1065000 299.851 -17670.6 -4.90336
1066000 299.815 -17672.5 33.1626
1067000 298.357 -17737 -25.7756
1068000 299.461 -17751.7 15.0503
1069000 301.54 -17705.4 17.9279
1070000 299.523 -17705.3 8.42764
1071000 302.162 -17711.8 -5.49167
1072000 298.702 -17766.8 13.3365
1073000 301.237 -17698.1 0.816403
1074000 299.431 -17700.8 3.94423
1075000 298.352 -17772.9 17.8259
1076000 299.208 -17782.9 -10.1915
1077000 300.276 -17738.9 6.85139
1078000 300.545 -17744.1 51.2041
1079000 297.571 -17775.8 1.85504
1080000 300.095 -17718 4.99282
1081000 299.488 -17731.7 -0.486871
1082000 299.397 -17696.5 -6.34374
1083000 301.013 -17667 -9.34284
1084000 299.621 -17714.9 10.962
1085000 299.901 -17791.9 4.64347
1086000 299.66 -17815.7 11.7216
1087000 299.532 -17766.2 0.795418
1088000 299.421 -17715.5 10.2727
1089000 300.283 -17741.7 -5.58053
1090000 300.757 -17685.2 10.8874
1091000 301.338 -17646 11.8862
1092000 298.357 -17725.1 7.89835
1093000 299.804 -17709.9 12.9039
1094000 298.545 -17733.1 0.0848721
1095000 300.771 -17777.2 -20.7283
1096000 299.588 -17726.6 -17.4781
1097000 297.657 -17748.9 44.1238
1098000 299.885 -17717.7 22.8673
1099000 299.473 -17747.9 -29.8894
1100000 301.276 -17749.5 -22.5928
1101000 298.934 -17774.6 -9.92752
1102000 299.695 -17737.9 21.6169
1103000 298.736 -17686.5 -16.1105
1104000 301.198 -17667.3 -29.8291
1105000 299.575 -17706.5 7.60814
1106000 300.429 -17726.9 4.60398
1107000 300.356 -17758.6 17.1963
1108000 301.916 -17715.9 -7.98425
1109000 301.492 -17744.4 -17.8878
1110000 300.806 -17731.3 0.995783
1111000 301.068 -17707.9 10.7461
1112000 299.022 -17747.1 7.35873
1113000 298.034 -17787 9.26893
1114000 299.572 -17741.5 6.23315
1115000 301.132 -17746.1 15.2268
1116000 300.293 -17768 3.9326
1117000 300.643 -17730.7 29.3564
1118000 299.224 -17845.6 9.67994
1119000 301.686 -17757.8 -11.1758
1120000 298.594 -17785.2 -19.508
1121000 299.881 -17782.2 21.5912
1122000 300.401 -17773.7 6.72001
1123000 301.678 -17726.9 -14.3344
1124000 301.947 -17764.6 22.1547
1125000 298.318 -17791.4 -10.4734
1126000 300.471 -17741.9 -27.1167
1127000 299.872 -17665.3 29.9943
1128000 301.063 -17666.1 11.6726
1129000 298.842 -17768.1 -10.5931
1130000 300.749 -17745.5 1.92783
1131000 301.612 -17718.4 16.296
1132000 300.681 -17706.4 2.57313
1133000 300.638 -17729.5 -22.884
1134000 298.762 -17795.4 -19.8648
1135000 299.755 -17722.4 0.25438
1136000 299.18 -17719 24.9518
1137000 300.764 -17709.2 -11.7122
1138000 299.291 -17692.2 17.4875
1139000 300.562 -17678.3 -17.2478
1140000 301.189 -17662.7 2.23169
1141000 301.194 -17727.2 25.3019
1142000 300.08 -17721.5 -24.5944
1143000 299.087 -17785.1 -2.88507
1144000 300.943 -17710.4 0.0511414
1145000 300.576 -17724.1 -7.9286
1146000 300.42 -17722.2 -10.9274
1147000 299.975 -17736 10.3416
1148000 300.599 -17723.7 23.3557
1149000 301.714 -17677.9 -8.20757
1150000 300.172 -17712.9 -50.8895
1151000 301.153 -17703.5 0.922689
1152000 299.718 -17767.6 -2.97485
1153000 299.549 -17764.7 44.8687
1154000 300.394 -17760 -30.8955
1155000 300.791 -17732.5 -22.2842
1156000 301.262 -17692.5 26.4771
1157000 300.457 -17732.9 -16.0779
1158000 301.588 -17679.2 26.3285
1159000 300.412 -17720.9 0.752975
1160000 300.482 -17732.9 -19.8362
1161000 300.41 -17746.5 18.8534
1162000 300.571 -17717.8 -19.2002
1163000 300.683 -17663 2.88188
1164000 300.111 -17710.5 15.2674
1165000 299.318 -17753.3 -18.1354
1166000 300.523 -17683.5 0.475582
1167000 300.049 -17735.6 31.2843
1168000 301.691 -17678.1 -8.31595
1169000 300.366 -17659.7 -6.45659
1170000 300.087 -17669 24.0757
1171000 300.303 -17717.8 15.3342
1172000 299.38 -17778.4 27.9077
1173000 299.666 -17727.2 12.5689
1174000 299.785 -17749.4 -28.4729
1175000 300.453 -17734 21.3333
1176000 299.807 -17762.6 4.51193
1177000 299.409 -17729.8 -3.87622
1178000 300.39 -17753.9 -24.1542
1179000 297.58 -17766.7 18.0256
1180000 299.489 -17756.9 2.58055
1181000 298.802 -17742.1 -11.5215
1182000 298.428 -17769.5 -11.9635
1183000 299.077 -17771.1 -6.63499
1184000 300.485 -17688.8 17.8986
1185000 299.181 -17714.1 0.965184
1186000 300.078 -17718.6 3.82644
1187000 299.724 -17715.9 23.0818
1188000 298.568 -17808.7 -14.2521
1189000 301.808 -17718.4 6.63697
1190000 300.195 -17715.7 -2.583
1191000 300.197 -17724.8 15.4793
1192000 299.993 -17750.9 -46.1827
1193000 298.682 -17796.7 -3.80799
1194000 300.487 -17748.2 21.1463
1195000 299.263 -17781 -4.21727
1196000 300.525 -17708.4 -13.9682
1197000 300.629 -17764 -21.5078
1198000 299.343 -17774.3 1.78994
1199000 299.53 -17760.6 -24.6161
1200000 299.826 -17744 14.5036
1201000 299.599 -17740.5 6.72076
1202000 300.295 -17701.1 -16.4388
1203000 299.949 -17768.3 -6.83981
1204000 301.142 -17710.6 -13.116
1205000 300.767 -17755.2 37.464
1206000 298.774 -17753.1 5.91099
1207000 300.362 -17756.3 17.1256
1208000 299.459 -17780.8 -44.717
1209000 299.184 -17746.2 -12.5814
1210000 299.17 -17719.5 56.0443
1211000 298.832 -17752.5 -6.78152
1212000 300.703 -17701 -23.2184
1213000 298.069 -17773.5 15.0098
1214000 301.353 -17701.6 -23.8371
1215000 301.833 -17684.2 -7.77758
1216000 300.576 -17717.8 34.4461
1217000 298.573 -17763.4 -7.31911
1218000 300.541 -17746.5 -17.2513
1219000 300.349 -17699.3 3.87922
1220000 300.903 -17724.6 15.108
1221000 299.465 -17700 38.243
1222000 300.256 -17715.1 -31.5079
1223000 299.394 -17700 -1.90052
1224000 300.231 -17746.9 -10.1217
1225000 300.402 -17710.2 0.438889
1226000 299.296 -17755.4 27.2743
1227000 299.126 -17724.2 -14.0605
1228000 301.19 -17685.7 -27.4255
1229000 300.573 -17706.5 -5.85872
1230000 299.043 -17767.7 18.6708
1231000 299.629 -17760.9 33.7638
1232000 301.249 -17746.9 11.7702
1233000 297.748 -17776.8 -32.4878
1234000 300.066 -17753.3 10.8736
1235000 300.777 -17749.4 -5.05512
1236000 299.94 -17734.2 9.31352
1237000 300.595 -17744.8 3.08076
1238000 300.376 -17716.8 -21.2163
1239000 299.25 -17734.1 13.9394
1240000 299.467 -17714.3 -7.7223
1241000 299.111 -17759.2 -7.93786
1242000 300.547 -17718.3 18.5502
1243000 300.046 -17716.7 10.1381
1244000 298.724 -17684.9 5.31883
1245000 300.582 -17632.9 -9.71005
1246000 300.781 -17625.4 -3.61657
1247000 299.824 -17663.8 9.20991
1248000 300.01 -17645.8 22.0285
1249000 300.831 -17680 -15.0555
1250000 300.204 -17689.5 -19.6929
1251000 298.78 -17704.5 10.8574
1252000 300.578 -17677.7 14.6331
1253000 298.867 -17721.7 6.52496
1254000 299.695 -17699.6 -10.7647
1255000 299.535 -17737.5 -9.00106
1256000 301.067 -17661.8 12.0458
1257000 302.013 -17681.6 20.5678
1258000 299.779 -17711.7 1.43055
1259000 299.79 -17706 6.4578
1260000 300.432 -17679 -33.9493
1261000 299.704 -17693.6 -4.77343
1262000 301.309 -17633.8 38.5579
1263000 299.933 -17666.1 8.84688
1264000 301.146 -17681.3 -1.30557
1265000 299.357 -17695.9 12.2487
1266000 299.401 -17721.8 -38.287
1267000 299.686 -17762.2 -12.5891
1268000 299.268 -17695.2 21.6921
1269000 300.37 -17646.8 16.6819
1270000 298.221 -17673.7 -1.97893
1271000 300.416 -17706.7 -6.48875
1272000 301.128 -17693.9 -39.8215
1273000 300.813 -17688.5 14.5617
1274000 298.047 -17728.3 -11.1135
1275000 299.464 -17705.3 -12.91
1276000 300.667 -17687.1 11.9803
1277000 301.683 -17668.8 6.95463
1278000 298.661 -17685.5 -8.86267
1279000 299.333 -17708.6 -4.45792
1280000 300.005 -17765.5 5.69544
1281000 298.965 -17771.7 1.59036
1282000 299.713 -17702.2 2.29345
1283000 300.805 -17699.2 -13.7394
1284000 298.913 -17676.1 -10.1582
1285000 299.728 -17658.8 -46.0065
1286000 299.608 -17635 59.0584
1287000 300.201 -17713.3 -7.00416
1288000 299.11 -17705.1 -21.9429
1289000 298.098 -17766.5 6.63422
1290000 300.656 -17726.1 16.5925
1291000 299.037 -17732.3 -0.776228
1292000 299.779 -17690.2 14.5796
1293000 300.8 -17700.2 -13.0987
1294000 301.899 -17667.8 -20.9561
1295000 300.499 -17697.1 -6.26693
1296000 299.467 -17721.3 10.1518
1297000 299.996 -17670.1 23.3964
1298000 299.088 -17726.6 -6.09065
1299000 300.75 -17647.6 2.25521
1300000 300.146 -17658.3 -2.19222
1301000 300.616 -17675.6 -21.0546
1302000 299.967 -17684.1 17.8885
1303000 300.716 -17642 3.43988
1304000 299.271 -17672.2 -31.7888
1305000 299.172 -17668.5 16.2257
1306000 298.734 -17663.8 17.0801
1307000 299.882 -17648.6 -19.3361
1308000 299.756 -17656.5 -13.4004
1309000 300.171 -17631.8 2.52707
1310000 301.363 -17594.4 0.931185
1311000 301.091 -17647.6 -34.6624
1312000 299.37 -17667.4 -4.11687
1313000 299.214 -17645.9 24.0511
1314000 298.966 -17696.3 8.3419
1315000 299.442 -17686.5 -26.9188
1316000 300.942 -17685.7 -7.81757
1317000 299.453 -17739.1 -5.92831
1318000 301.406 -17674 -20.012
1319000 300.998 -17675 5.28982
1320000 300.296 -17646.5 21.7558
1321000 300.609 -17688.2 16.4584
1322000 300.37 -17659.6 5.5138
1323000 299.762 -17661.4 -4.80137
1324000 299.466 -17642.9 8.63724
1325000 300.443 -17657.2 4.93773
1326000 300.768 -17637.3 8.44041
1327000 300.06 -17666.9 1.6932
1328000 301.435 -17697 -9.92269
1329000 299.366 -17686.9 9.60389
1330000 300.308 -17635 -16.9404
1331000 298.86 -17709 15.2409
1332000 299.071 -17747.8 0.138967
1333000 300.984 -17665.6 45.7483
1334000 300.44 -17709.2 -12.8311
1335000 300.013 -17703.9 5.6542
1336000 300.441 -17708.1 -2.49854
1337000 299.809 -17704.7 1.24504
1338000 298.698 -17672.9 -2.69807
1339000 299.683 -17681.1 14.4173
1340000 300.608 -17648.5 0.413605
1341000 299.716 -17703.9 -11.4187
1342000 302.155 -17603.8 8.13019
1343000 299.848 -17602.7 -13.2248
1344000 300.187 -17665.7 -0.194719
1345000 300.063 -17635.3 15.2913
1346000 300.909 -17602.9 -19.5903
1347000 299.046 -17638 -11.391
1348000 299.646 -17575.4 33.9781
1349000 300.48 -17647.2 7.02146
1350000 299.671 -17707.3 -15.9154
1351000 298.48 -17714.4 -21.5415
1352000 299.796 -17652.2 23.842
1353000 299.806 -17628.6 19.1423
1354000 298.511 -17649 -14.16
1355000 299.185 -17670.4 -7.73567
1356000 300.699 -17663.5 17.0775
1357000 298.79 -17675.5 -14.6904
1358000 301.111 -17630.3 6.41419
1359000 300.61 -17665 11.3203
1360000 300.385 -17720.2 3.36302
1361000 298.888 -17720.4 -9.15109
1362000 298.471 -17687.1 -4.15296
1363000 298.805 -17638.4 20.958
1364000 299.884 -17649.8 15.417
1365000 300.61 -17617.7 -21.1342
1366000 299.917 -17669.8 -26.4745
1367000 299.995 -17692.1 6.18724
1368000 299.139 -17693.7 13.2283
1369000 301.383 -17704.5 32.1694
1370000 300.292 -17677.7 -34.612
1371000 301.132 -17641.2 -13.8531
1372000 299.831 -17621 24.3326
1373000 298.856 -17686.2 18.4555
1374000 299.361 -17721.5 1.24596
1375000 301.02 -17706.7 1.64015
1376000 300.7 -17691.1 -3.59146
1377000 299.605 -17693.6 32.34
1378000 298.496 -17682.3 6.0741
1379000 300.269 -17640.5 0.820647
1380000 300.711 -17647.3 0.308625
1381000 299.448 -17621.7 2.37441
1382000 300.209 -17604.7 12.1829
1383000 300.538 -17615.9 3.01809
1384000 301.042 -17632.3 8.56318
1385000 299.403 -17644.8 -1.17769
1386000 300.205 -17610.7 -27.3534
1387000 300.526 -17644.2 -1.19982
1388000 299.638 -17632.3 -1.09447
1389000 299.289 -17665.8 18.3274
1390000 299.461 -17649.3 -3.81009
1391000 298.106 -17656.1 9.27255
1392000 300.517 -17660 -32.7256
1393000 298.983 -17720.6 5.45016
1394000 299.558 -17688.8 15.0731
1395000 299.87 -17648.7 -6.17309
1396000 300.707 -17626.3 0.113139
1397000 299.016 -17688.8 17.6598
1398000 298.091 -17660.5 3.31338
1399000 299.474 -17682.2 -19.3205
1400000 300.055 -17667 5.93615
1401000 301.081 -17648.2 -9.29583
1402000 300.365 -17675 16.5537
1403000 300.764 -17600.2 -13.2963
1404000 299.515 -17661.5 18.1968
1405000 299.782 -17685.2 -10.426
1406000 300.547 -17672.7 -11.0212
1407000 300.817 -17703.4 8.37724
1408000 299.965 -17695.9 3.53308
1409000 299.881 -17733.9 0.197757
1410000 300.157 -17747.7 17.5323
1411000 298.658 -17713.2 2.7296
1412000 300.989 -17657.2 4.64915
1413000 300.961 -17638 -30.0593
1414000 298.755 -17693.9 16.5112
1415000 298.968 -17676.3 25.5277
1416000 299.176 -17691.9 -27.3866
1417000 299.573 -17714.5 -25.9474
1418000 299.524 -17722.8 -0.160471
1419000 300.86 -17666.7 0.654897
1420000 299.995 -17656.7 -3.28571
1421000 300.495 -17627.5 8.98218
1422000 300.268 -17630.9 -4.76455
1423000 300.453 -17660 9.66197
1424000 300.257 -17664.9 2.11558
1425000 300.726 -17650.3 11.5931
1426000 298.94 -17684.7 14.1805
1427000 301.345 -17606.8 -15.5607
1428000 300.284 -17679.6 -22.0508
1429000 298.374 -17685.7 25.0444
1430000 300.33 -17671.2 33.3773
1431000 300.442 -17686.4 -28.1487
1432000 299.628 -17669 -1.58768
1433000 298.759 -17704.5 3.92147
1434000 300.135 -17678.9 2.10016
1435000 301.123 -17680.7 -14.8756
1436000 299.884 -17639.4 5.72544
1437000 300.31 -17651.4 -13.4107
1438000 301.531 -17601.6 2.37544
1439000 300.376 -17605.5 14.8456
1440000 299.921 -17630 -2.16965
1441000 299.774 -17690.6 -28.0129
1442000 301.778 -17622 4.68755
1443000 298.864 -17625.3 18.8608
1444000 302.143 -17591 -9.24513
1445000 300.731 -17623 -24.5949
1446000 299.814 -17582.2 40.8408
1447000 298.537 -17632 -15.7514
1448000 300.215 -17629.5 6.46812
1449000 299.669 -17665.7 13.1337
1450000 300.578 -17638 -5.23129
1451000 300.963 -17670.7 -10.5988
1452000 300.849 -17641.7 15.8284
1453000 301.897 -17614.9 -11.9
1454000 298.343 -17735.6 32.782
1455000 298.616 -17702.3 1.51169
1456000 298.473 -17694.8 -25.4173
1457000 300.774 -17679.8 -15.3682
1458000 299.671 -17708.7 -6.35103
1459000 300.628 -17694.6 -6.23627
1460000 299.577 -17727.8 18.7672
1461000 299.862 -17673.6 -8.75581
1462000 299.129 -17699.7 21.5764
1463000 299.192 -17665.9 -30.3365
1464000 299.13 -17689.9 0.509481
1465000 301.014 -17617.4 9.2563
1466000 298.381 -17644.8 8.35743
1467000 300.107 -17664.6 -21.9678
1468000 299.628 -17662.8 14.8236
1469000 299.645 -17630.4 -15.2825
1470000 298.286 -17690.6 10.6854
1471000 300.662 -17670.4 -6.7926
1472000 300.304 -17651.6 10.3541
1473000 299.671 -17657.2 21.6154
1474000 300.248 -17656.7 -4.5256
1475000 299.527 -17744.5 -5.42568
1476000 299.235 -17725.4 -1.23857
1477000 299.35 -17689.7 -8.6346
1478000 300.398 -17650.7 1.53589
1479000 298.776 -17664.8 -12.841
1480000 298.821 -17651.7 -2.92887
1481000 301.467 -17597.8 -8.53041
1482000 300.119 -17685.3 23.1203
1483000 300.599 -17707.4 -6.04609
1484000 300.605 -17753.3 -17.8321
1485000 301.928 -17681.7 6.45785
1486000 300.501 -17680.4 4.00274
1487000 301.277 -17662.4 10.5758
1488000 299.143 -17723.5 -2.4136
1489000 299.996 -17687.2 0.185458
1490000 299.305 -17699 -7.06214
1491000 300.316 -17637.7 8.29185
1492000 299.3 -17698.6 -44.9826
1493000 299.641 -17684.7 38.7233
1494000 299.207 -17673.8 17.882
1495000 298.653 -17695.2 -13.9016
1496000 301.448 -17625.9 -31.9889
1497000 301.023 -17638.9 12.8984
1498000 300.526 -17663.5 8.61684
1499000 299.398 -17682.7 -4.79501
1500000 301.09 -17630.4 1.18861
1501000 299.009 -17637.6 12.6986
1502000 300.576 -17661.6 6.61896
1503000 298.677 -17661.6 -6.72982
1504000 300.22 -17594.4 1.46898
1505000 300.672 -17632.1 4.68982
1506000 301.602 -17622.9 16.3229
1507000 302.207 -17578.9 -7.76894
1508000 300.161 -17630.5 1.94322
1509000 300.578 -17599.3 6.71207
1510000 300.748 -17617.1 -16.5237
1511000 299.031 -17679.8 21.6657
1512000 299.688 -17659.7 5.5747
1513000 300.128 -17628.5 -11.6905
1514000 301.101 -17583.4 -9.46794
1515000 301.492 -17573.7 10.359
1516000 298.934 -17594.8 -0.696031
1517000 300.275 -17586.7 -1.69207
1518000 299.906 -17672.2 1.2865
1519000 301.827 -17651.4 -2.22904
1520000 298.868 -17676.6 15.0842
1521000 299.732 -17608.8 11.1514
1522000 298.555 -17601.6 -18.3077
1523000 300.349 -17599 3.09997
1524000 300.338 -17635.9 11.9329
1525000 301.187 -17631.2 21.6663
1526000 300.635 -17636.1 1.88203
1527000 300.324 -17654.4 -9.03356
1528000 300.274 -17676.4 -16.8114
1529000 301.808 -17651.9 6.48923
1530000 301.774 -17595.8 -14.7441
1531000 300.028 -17647.7 2.03106
1532000 300.754 -17633.7 -20.6568
1533000 298.077 -17656.5 23.6542
1534000 300.009 -17616.1 7.03333
1535000 299.548 -17646.2 -3.85525
1536000 300.07 -17639.8 0.57107
1537000 299.613 -17636.8 20.2781
1538000 298.581 -17656.4 -11.2945
1539000 299.517 -17661 -18.011
1540000 300.934 -17618.3 -11.3385
1541000 298.213 -17712.3 -27.0713
1542000 299.878 -17627.9 16.6519
1543000 299.289 -17620.9 -16.2761
1544000 299.411 -17637.2 15.1958
1545000 299.823 -17615.1 -8.57637
1546000 299.829 -17613.4 -6.90924
1547000 300.567 -17642.8 8.87307
1548000 300.373 -17628.8 3.69835
1549000 299.664 -17628.8 10.808
1550000 299.999 -17632.6 5.14927
1551000 299.341 -17655.4 8.87277
1552000 300.179 -17656.8 -9.64273
1553000 300.113 -17621.7 9.60979
1554000 300.34 -17618.8 31.2574
1555000 301.174 -17610.7 -8.05345
1556000 298.961 -17628 7.37925
1557000 298.91 -17620.8 2.54028
1558000 300.373 -17601.3 -0.189137
1559000 300.302 -17592 10.9974
1560000 299.531 -17570.3 20.147
1561000 300.228 -17522.2 -2.37348
1562000 301.377 -17548.1 14.0812
1563000 299.487 -17591.3 -8.84293
1564000 298.825 -17666.1 3.93545
1565000 299.51 -17637.1 21.9842
1566000 299.91 -17586.9 -18.9572
1567000 300.282 -17565.2 4.80968
1568000 302.202 -17582.8 43.2225
1569000 298.956 -17616.9 -5.3039
1570000 298.634 -17686.2 -46.3741
1571000 298.666 -17652.3 2.48134
1572000 299.524 -17638 12.2442
1573000 299.835 -17641.1 13.7303
1574000 301.749 -17608.6 -0.992551
1575000 301.273 -17652.8 37.6304
1576000 299.063 -17682.6 -9.81977
1577000 301.996 -17541.6 -16.8302
1578000 298.879 -17588.7 7.85013
1579000 300.593 -17584.4 19.3398
1580000 300.373 -17617.6 -20.8697
1581000 301.358 -17615.1 -24.7561
1582000 299.025 -17600.9 16.073
1583000 299.785 -17594.8 -4.2933
1584000 298.644 -17642 8.95981
1585000 299.654 -17624.3 -21.7442
1586000 300.575 -17630.1 -2.71006
1587000 298.646 -17656.5 3.16727
1588000 301.343 -17586.9 24.6656
1589000 298.258 -17635.5 -16.5507
1590000 298.703 -17634.7 15.6484
1591000 299.083 -17625.5 1.34759
1592000 299.811 -17644.6 7.38139
1593000 299.227 -17617.7 -19.6479
1594000 300.454 -17568.7 22.1197
1595000 301.98 -17560.6 -0.600378
1596000 300.554 -17546 -22.8081
1597000 300.6 -17548 -2.31436
1598000 299.603 -17578.2 5.93919
1599000 300.892 -17638 0.59896
1600000 301.106 -17561.2 -12.4723
1601000 300.948 -17566.2 -1.5311
1602000 298.628 -17614 20.4833
1603000 299.084 -17587.7 7.72264
1604000 298.353 -17637.1 12.0418
1605000 299.386 -17625.6 -16.0143
1606000 300.759 -17645.5 -20.2725
1607000 298.863 -17627.8 21.8312
1608000 300.187 -17608.2 31.6213
1609000 299.336 -17593.5 -12.0781
1610000 300.42 -17604.4 11.0966
1611000 300.142 -17517.2 -12.8312
1612000 299.059 -17546.8 11.7992
1613000 299.188 -17616.4 15.14
1614000 298.804 -17594 15.8537
1615000 300.227 -17595.2 -2.80694
1616000 300.864 -17631.2 -14.2341
1617000 299.949 -17604.7 -6.5692
1618000 301.131 -17597.8 3.84787
1619000 300.355 -17588.7 21.2898
1620000 300.476 -17575.6 7.59918
1621000 300.435 -17608.6 -17.6936
1622000 299.414 -17645.7 -36.0866
1623000 299.504 -17621.6 13.4662
1624000 299.428 -17644.7 61.2841
1625000 299.117 -17596.6 15.043
1626000 301.285 -17593.1 -2.78271
1627000 300.672 -17612.2 -21.9654
1628000 299.992 -17628 -24.9593
1629000 299.345 -17634.1 20.8951
1630000 298.989 -17660.2 27.1481
1631000 299.359 -17638.1 11.3373
1632000 298.872 -17620.4 -18.7071
1633000 299.118 -17615 4.76711
1634000 299.484 -17644.9 -21.5256
1635000 300.787 -17655.5 38.313
1636000 300.222 -17610.7 4.82143
1637000 298.935 -17607.1 -8.27729
1638000 299.642 -17633.4 -6.66785
1639000 299.325 -17605.7 20.1178
1640000 301.217 -17575.6 -0.0945807
1641000 300.695 -17612.4 -10.5622
1642000 299.757 -17593.3 -22.7633
1643000 298.364 -17610.8 6.7493
1644000 300.449 -17592.6 -23.3917
1645000 301.88 -17510 16.0679
1646000 298.894 -17637.9 14.8741
1647000 300.415 -17612.5 -14.4525
1648000 299.003 -17651.5 -7.24481
1649000 299.602 -17652.3 2.81386
1650000 299.745 -17657.4 2.43379
1651000 300.09 -17645.8 -17.8846
1652000 299.819 -17689.9 5.08717
1653000 299.509 -17626.5 4.66908
1654000 298.61 -17659.3 -7.98086
1655000 300.557 -17648.4 -4.54041
1656000 301.7 -17599.5 18.9892
1657000 300.087 -17564.9 13.5666
1658000 300.761 -17584.9 -2.73061
1659000 300.348 -17573.1 15.3163
1660000 298.497 -17691.8 2.52197
1661000 299.567 -17675.4 -16.85
1662000 300.422 -17638.3 19.274
1663000 301.28 -17597.8 0.591863
1664000 300.358 -17603.2 15.1567
1665000 301.6 -17593.6 -18.4232
1666000 300.519 -17598.3 -21.849
1667000 300.504 -17612.4 -10.6207
1668000 301.957 -17596.3 24.9548
1669000 300.867 -17647.4 -7.0889
1670000 299.422 -17578 -1.44219
1671000 300.106 -17595 0.185218
1672000 300.364 -17600.8 7.21512
1673000 298.282 -17631.5 -1.08522
1674000 299.823 -17664.5 11.8537
1675000 298.292 -17650.4 -13.2448
1676000 299.447 -17677.1 -4.80836
1677000 298.91 -17672.1 3.70814
1678000 299.846 -17582.6 -12.1833
1679000 300.491 -17578.5 -17.3986
1680000 298.889 -17600.2 34.0754
1681000 300.751 -17642 -18.7715
1682000 299.475 -17606.7 33.3935
1683000 300.162 -17577.6 1.04781
1684000 300.488 -17591.6 3.81903
1685000 299.273 -17597.9 3.42085
1686000 300.245 -17649.5 24.0277
1687000 300.01 -17646.1 4.01546
1688000 298.74 -17642.9 -23.7463
1689000 299.606 -17597.1 3.89986
1690000 299.697 -17554.4 4.48822
1691000 298.337 -17584.3 3.00524
1692000 299.741 -17626.6 -14.8715
1693000 300.611 -17612.7 -7.99882
1694000 298.381 -17567.1 9.64014
1695000 298.066 -17546.3 26.3624
1696000 300.674 -17530.5 -14.2522
1697000 301.488 -17532.8 -24.2083
1698000 300.074 -17636.7 22.738
1699000 299.942 -17638.5 -14.3323
1700000 300.245 -17627.9 3.99546
1701000 300.17 -17633.9 33.1273
1702000 300.7 -17586.5 10.8923
1703000 300.949 -17583 -31.9939
1704000 300.678 -17641.2 18.0309
1705000 300.419 -17587.6 6.28159
1706000 299.333 -17634.6 -7.5339
1707000 299.903 -17627 -6.19677
1708000 301.897 -17630.8 32.9487
1709000 299.792 -17610.8 12.5258
1710000 300.517 -17606.7 -6.94682
1711000 300.014 -17686 3.80471
1712000 298.595 -17613.5 3.91185
1713000 299.764 -17579.9 13.2826
1714000 299.476 -17575.4 -14.5368
1715000 299.25 -17560.9 -3.29546
1716000 302.416 -17563.1 -1.25368
1717000 299.71 -17571.7 -2.77753
1718000 298.685 -17655.5 -14.2598
1719000 299.298 -17583.9 -3.89298
1720000 298.708 -17619.5 5.68328
1721000 299.214 -17674.7 -9.05799
1722000 300.242 -17652.3 -30.0927
1723000 299.461 -17619.2 21.6721
1724000 300.984 -17613.7 11.6633
1725000 300.115 -17581.3 5.95561
1726000 299.764 -17541.9 -10.351
1727000 298.493 -17609.8 8.98385
1728000 301.231 -17616.9 -15.983
1729000 298.818 -17639.8 5.7436
1730000 298.471 -17657.7 19.9985
1731000 301.011 -17607.8 19.1106
1732000 297.85 -17631.3 14.5521
1733000 299.744 -17545.4 -8.39132
1734000 299.463 -17607.8 -22.4021
1735000 301.358 -17576.5 8.87352
1736000 301.605 -17559.5 7.94759
1737000 299.74 -17599.6 -3.03003
1738000 299.555 -17574.6 9.61327
1739000 301.035 -17600.7 -3.61873
1740000 300.921 -17630 -10.9075
1741000 300.182 -17575.6 22.2301
1742000 300.167 -17620.7 -11.7484
1743000 299.407 -17619.1 -31.3137
1744000 299.726 -17596.8 -1.48879
1745000 298.736 -17647.8 21.1409
1746000 299.495 -17632.5 -13.4683
1747000 298.572 -17639.3 18.5933
1748000 298.902 -17586.1 -1.07528
1749000 300.014 -17558.5 -1.92617
1750000 298.648 -17608.6 -13.3466
1751000 298.42 -17540.6 -10.259
1752000 299.046 -17563.8 26.0847
1753000 300.47 -17585 12.0637
1754000 300.296 -17581.4 -22.1574
1755000 300.206 -17565.5 -10.3933
1756000 297.776 -17646.9 17.5308
1757000 301.217 -17561.4 1.16874
1758000 300.848 -17547.8 11.949
1759000 299.855 -17575.6 -10.0532
1760000 300.834 -17591.2 -2.67814
1761000 300.306 -17649.3 -17.9818
1762000 297.927 -17663.4 13.8305
1763000 300.034 -17599.4 12.02
1764000 298.163 -17666.7 38.4053
1765000 299.617 -17687.8 -15.8161
1766000 300.65 -17651 -31.3653
1767000 300.43 -17633.9 7.25434
1768000 302.127 -17632.6 -27.3464
1769000 300.722 -17610.3 24.4755
1770000 299.345 -17673.5 -1.13704
1771000 300.322 -17667.7 -25.3198
1772000 300.807 -17642.6 -9.31212
1773000 301.687 -17587.2 -3.66112
1774000 300.719 -17598.4 41.0302
1775000 300.166 -17583 -21.7619
1776000 297.776 -17662.6 -32.7347
1777000 299.496 -17618.5 -7.46773
1778000 298.905 -17641.4 10.9618
1779000 300.517 -17576.9 19.8314
1780000 300.592 -17641.4 -20.2374
1781000 301.345 -17612.8 -11.6892
1782000 299.892 -17611.2 -24.7038
1783000 300.801 -17633.1 8.39082
1784000 299.766 -17626 -1.89002
1785000 300.572 -17668.2 -8.39855
1786000 300.938 -17643.9 24.4809
1787000 299.28 -17737.6 0.285293
1788000 301.023 -17670.8 -3.99239
1789000 298.847 -17680.7 -10.5969
1790000 300.339 -17616.8 27.6853
1791000 301.476 -17623.6 4.86628
1792000 300.227 -17656.8 -0.528969
1793000 299.691 -17708.3 -14.1956
1794000 298.414 -17684.3 5.07445
1795000 299.023 -17667.9 3.35559
1796000 300.544 -17618.1 7.01165
1797000 301.392 -17607.2 17.2207
1798000 300.318 -17622.6 -3.76334
1799000 301.476 -17583.9 -7.86336
1800000 300.428 -17647.6 -7.57933
1801000 299.762 -17644.6 -15.0799
1802000 299.767 -17653.8 14.9735
1803000 299.61 -17666 -3.53238
1804000 298.18 -17652.1 -15.179
1805000 301.29 -17594.2 -4.3846
1806000 300.054 -17620.2 7.06686
1807000 299.44 -17648.2 -6.14794
1808000 298.173 -17667.2 13.3907
1809000 298.844 -17663.6 -17.2929
1810000 300.295 -17635 24.8777
1811000 302.129 -17579.5 -27.9553
1812000 299.808 -17654.7 21.1711
1813000 298.768 -17647.1 -4.78183
1814000 300.506 -17627.7 8.86071
1815000 299.09 -17658.8 -10.0617
1816000 299.674 -17695.3 13.5349
1817000 300.176 -17666.3 3.9433
1818000 299.612 -17661.8 -16.0519
1819000 301.523 -17589.4 -1.81441
1820000 299.448 -17645.4 4.88106
1821000 298.155 -17666.3 17.1363
1822000 300.164 -17657.5 -9.31909
1823000 299.629 -17679.6 -24.2253
1824000 301.258 -17666.6 29.1223
1825000 300.686 -17642.4 -1.78066
1826000 299.466 -17671.2 15.9006
1827000 299.433 -17694 -14.481
1828000 299.771 -17614.8 -20.0124
1829000 300.498 -17630.8 -4.54826
1830000 298.894 -17697.7 12.1588
1831000 301.043 -17657.1 -19.2255
1832000 298.282 -17701.2 2.5608
1833000 300.158 -17636 17.7119
1834000 300.609 -17666.5 9.91708
1835000 297.488 -17792.7 10.8248
1836000 299.238 -17697.2 -1.94686
1837000 299.765 -17629.3 19.0167
1838000 298.373 -17697 -20.649
1839000 300.332 -17684.9 -5.52898
1840000 300.033 -17687.1 -3.02058
1841000 299.767 -17723 -4.84411
1842000 299.275 -17684.2 9.69068
1843000 299.139 -17620.3 31.976
1844000 300.072 -17647 -5.25512
1845000 297.474 -17657.1 -7.84524
1846000 301.103 -17681.5 -40.7664
1847000 299.351 -17665.1 10.2665
1848000 298.681 -17702.2 7.36547
1849000 299.276 -17662 -15.6527
1850000 299.181 -17681.7 -14.2036
1851000 299.827 -17694.9 -2.65257
1852000 299.578 -17718.4 4.1104
1853000 299.556 -17668.3 12.2652
1854000 300.76 -17690.6 2.27745
1855000 299.444 -17705 7.60228
1856000 301.18 -17694.2 -19.6259
1857000 301.11 -17660.8 -15.7026
1858000 299.566 -17687.2 -10.8187
1859000 299.825 -17720.4 7.1708
1860000 300.051 -17707.3 15.1256
1861000 300.957 -17725.8 13.4886
1862000 299.889 -17657.7 -7.86659
1863000 300.614 -17660.9 1.41217
1864000 300.177 -17729.3 -27.2465
1865000 299.221 -17742.4 35.7168
1866000 301.504 -17648.2 -1.41581
1867000 301.3 -17634.2 6.46953
1868000 299.319 -17650.8 -25.7339
1869000 299.375 -17712.9 30.5919
1870000 299.515 -17724.2 18.9485
1871000 298.291 -17710.3 -17.2286
1872000 299.969 -17664.3 -31.5528
1873000 299.752 -17697 4.2181
1874000 300.196 -17672.5 4.43995
1875000 300.154 -17628.2 19.567
1876000 299.763 -17652.2 -6.09752
1877000 302.003 -17606.7 -13.8027
1878000 300.215 -17640.2 6.47794
1879000 300.713 -17617 11.5582
1880000 298.997 -17641.2 3.08961
1881000 299.864 -17645.7 -13.2046
1882000 301.515 -17636.7 -7.24857
1883000 298.412 -17607.6 25.2299
1884000 299.74 -17638.9 -7.85741
1885000 298.415 -17598.9 17.862
1886000 301.367 -17565.5 6.86771
1887000 300.559 -17631.1 5.46573
1888000 298.885 -17698.6 -19.6584
1889000 299.894 -17651.1 15.4174
1890000 300.564 -17597.5 -4.69781
1891000 299.33 -17693 -4.40163
1892000 299.994 -17688.9 10.8606
1893000 301.782 -17670.5 5.2211
1894000 299.603 -17666.9 -13.4243
1895000 299.142 -17636.4 6.30001
1896000 297.127 -17668 24.3377
1897000 301.098 -17566.5 14.2123
1898000 300.673 -17576.1 -4.21774
1899000 300.654 -17592.5 -42.1856
1900000 298.946 -17599 19.4252
1901000 300.954 -17624.6 16.0325
1902000 300.342 -17619.9 -8.44633
1903000 300.104 -17652.4 -1.05421
1904000 300.14 -17624.9 -1.99531
1905000 300.56 -17666 37.3576
1906000 300.33 -17680.3 24.6519
1907000 299.281 -17701.2 4.00836
1908000 300.377 -17706.6 15.6248
1909000 299.679 -17676.4 -12.7474
1910000 300.261 -17628.4 6.24671
1911000 299.549 -17684.6 2.14432
1912000 299.28 -17718.5 28.1495
1913000 299.187 -17785.7 -38.1641
1914000 300.755 -17718.9 11.0672
1915000 298.951 -17749.6 0.476563
1916000 299.214 -17760 -0.943595
1917000 301.016 -17668.1 18.6508
1918000 300.095 -17710.8 27.2018
1919000 298.735 -17725.4 33.0042
1920000 300.115 -17704.8 -1.05467
1921000 299.807 -17726.7 -36.0786
1922000 299.133 -17705.8 -19.4537
1923000 300.867 -17674.2 32.8542
1924000 300.615 -17676.2 1.68216
1925000 300.885 -17648.6 -32.9493
1926000 300.833 -17671.4 -0.827837
1927000 301.42 -17673.3 29.4749
1928000 300.857 -17683.9 17.536
1929000 299.155 -17730.1 -20.6397
1930000 299.919 -17729.3 3.87785
1931000 299.237 -17716.7 17.1174
1932000 299.054 -17679.8 -11.1438
1933000 301.63 -17581.2 22.7149
1934000 299.628 -17671.4 -28.0355
1935000 299.321 -17746.7 -25.7357
1936000 298.844 -17754.1 -18.1148
1937000 299.267 -17691.6 28.9098
1938000 299.58 -17719.4 0.460307
1939000 300.645 -17677 9.10371
1940000 298.511 -17737.1 -19.125
1941000 300.856 -17652.4 -14.2185
1942000 301.68 -17669.9 5.28353
1943000 299.741 -17673.8 -12.8168
1944000 298.994 -17655.4 0.781826
1945000 300.957 -17646 19.5476
1946000 300.039 -17691.6 18.9545
1947000 299.471 -17698.5 -26.4396
1948000 299.826 -17684.7 8.01758
1949000 300.611 -17679 3.89888
1950000 301.257 -17606.8 11.1977
1951000 298.772 -17624.7 6.85162
1952000 299.064 -17653.2 9.66774
1953000 301.274 -17625.5 -0.609515
1954000 300.69 -17619.3 10.327
1955000 299.975 -17664.6 13.0478
1956000 300.372 -17646.6 -19.8115
1957000 300.155 -17597.3 -12.1231
1958000 299.329 -17652.3 -1.30575
1959000 301.756 -17623.6 38.0699
1960000 299.569 -17662.7 5.47162
1961000 300.191 -17688.9 20.6724
1962000 299.538 -17650.7 11.1524
1963000 298.612 -17715.4 -15.5975
1964000 298.731 -17715 19.9104
1965000 300.586 -17758.1 10.5765
1966000 300.475 -17655 -10.0053
1967000 300.645 -17614.4 20.4803
1968000 300.961 -17612 4.13301
1969000 300.562 -17676.8 7.82137
1970000 300.091 -17698.6 14.5523
1971000 300.061 -17642.9 -8.64135
1972000 301.196 -17640.2 -39.2142
1973000 300.027 -17662.8 18.4226
1974000 300.182 -17663.2 18.1824
1975000 301.864 -17620.3 -3.07665
1976000 300.033 -17612.8 -12.5836
1977000 300.075 -17649.6 11.1272
1978000 301.974 -17601.5 -4.64082
1979000 299.207 -17635.4 4.40124
1980000 299.832 -17637.1 -0.828699
1981000 298.635 -17630.6 -8.07722
1982000 300.331 -17641.6 -7.70754
1983000 299.672 -17660.4 -1.10484
1984000 299.829 -17647.3 51.0346
1985000 299.939 -17653.7 22.9634
1986000 299.075 -17694 -3.67556
1987000 299.473 -17668.4 -18.1865
1988000 299.566 -17688.6 -2.57488
1989000 299.14 -17686.4 3.32609
1990000 298.397 -17662.8 21.55
1991000 300.823 -17561.5 19.6005
1992000 300.834 -17593.1 -0.452551
1993000 301.662 -17616.9 -13.2028
1994000 299.355 -17643.4 -15.0257
1995000 300.469 -17681.4 23.6513
1996000 300.225 -17711.5 7.2063
1997000 300.691 -17666.7 -15.4203
1998000 299.623 -17653.5 -39.2475
1999000 299.001 -17723 19.1769
2000000 299.672 -17783.7 10.5535
