# Time-averaged data for fix 3
# TimeStep v_Temperature v_PotentialEnergy v_Pressure
2000 500.364 -14113.9 49.4719
3000 500.736 -13947.5 -11.4564
4000 499.116 -13937.5 15.6514
5000 500.923 -13883 22.6787
6000 499.938 -13941.9 -39.562
7000 499.701 -13985.9 45.6635
8000 500.222 -13961.8 -73.9997
9000 500.298 -13925.3 81.6353
10000 500.236 -13882.3 -50.7026
11000 500.221 -13932.9 -0.850558
12000 503.097 -13761.2 47.0327
13000 500.978 -13808.3 -3.62872
14000 499.979 -13857.4 25.4505
15000 500.295 -13810.8 -1.36994
16000 500.24 -13842.2 -23.235
17000 500.222 -13870 10.9913
18000 499.334 -13849 8.09951
19000 499.854 -13753.7 -13.0063
20000 500.357 -13804.6 26.4196
21000 499.181 -13784.6 1.02488
22000 496.861 -13796.7 -19.645
23000 499.367 -13770.5 12.6487
24000 500.199 -13799.5 -5.11174
25000 499.728 -13781.1 4.23111
26000 499.886 -13761.3 -16.7032
27000 498.111 -13840.2 33.3034
28000 500.339 -13697.2 -19.201
29000 501.451 -13637.7 -7.11807
30000 501.503 -13656.2 8.59543
31000 500.491 -13675.7 -10.2696
32000 498.752 -13602.1 26.0756
33000 498.932 -13740.6 -7.39195
34000 499.824 -13738.4 32.2547
35000 498.302 -13618.6 -22.8729
36000 499.764 -13557.7 32.2083
37000 502.861 -13544.6 50.5603
38000 500.885 -13554.1 -26.4218
39000 498.642 -13599.2 -5.22002
40000 501.328 -13672.4 -23.0368
41000 498.68 -13685.1 5.09467
42000 498.697 -13579.5 -21.6147
43000 499.633 -13575.2 22.0706
44000 501.005 -13571.7 -36.812
45000 499.754 -13600.1 3.63905
46000 498.643 -13564.4 -7.42293
47000 502.48 -13527.5 14.6234
48000 498.173 -13545.4 -11.198
49000 499.696 -13490.1 0.178473
50000 501.148 -13522.4 -14.84
51000 501.548 -13508.7 -15.7729
52000 500.219 -13532.1 2.97725
53000 499.757 -13456.9 -21.4032
54000 500.355 -13485 46.1813
55000 504.093 -13315.5 38.0717
56000 500.765 -13399.4 0.409132
57000 499.381 -13381.6 -36.7431
58000 501.211 -13479.7 -35.4624
59000 501.041 -13511.1 8.80753
60000 497.751 -13492.6 -33.858
61000 501.572 -13375.4 -2.91852
62000 500.174 -13398.8 27.8767
63000 498.704 -13429.5 16.1093
64000 501.675 -13376.1 -31.8059
65000 499.788 -13454.5 73.1313
66000 499.217 -13375.5 -50.7894
67000 500.131 -13347.2 36.392
68000 501.679 -13349.2 -25.933
69000 498.562 -13434.2 17.2823
70000 500.858 -13398.1 -25.381
71000 501.359 -13384.4 23.9774
72000 500.869 -13427.6 -4.00734
73000 497.567 -13413.6 -21.7565
74000 503.024 -13397.2 10.9277
75000 498.517 -13414.8 0.0137282
76000 500.575 -13438.3 -10.7926
77000 496.798 -13468.7 7.03964
78000 498.666 -13392.4 11.0682
79000 499.909 -13390 2.48047
80000 499.398 -13440.3 -7.17052
81000 502.424 -13314.5 3.57004
82000 501.033 -13385.9 0.374277
83000 500.707 -13301.2 -9.63796
84000 499.635 -13384.3 42.2852
85000 501.959 -13402.1 -45.4633
86000 498.521 -13285.7 -6.61847
87000 500.27 -13350.6 -6.16873
88000 501.68 -13330.3 0.710867
89000 498.357 -13375.4 -2.15089
90000 499.29 -13378.9 46.7942
91000 499.013 -13398.4 -41.3633
92000 499.908 -13398.9 15.6803
93000 502.143 -13382.4 20.3101
94000 501.259 -13411.7 -5.48672
95000 501.093 -13268.6 6.58329
96000 501.208 -13274.4 -12.9722
97000 500.646 -13288.3 20.541
98000 499.504 -13297.9 -2.01991
99000 499.022 -13354.9 3.70516
100000 502.154 -13275.6 13.7441
101000 501.66 -13304.6 -36.5492
102000 503.088 -13233.8 -15.3882
103000 499.886 -13258.4 50.728
104000 500.902 -13299.6 4.48347
105000 496.988 -13338.4 -8.42792
106000 498.633 -13315 7.33046
107000 499.801 -13335.2 -21.6309
108000 500.771 -13273.6 13.2644
109000 500.52 -13240.3 25.498
110000 500.288 -13270.3 -0.0723475
111000 501.648 -13166.2 10.4502
112000 501.3 -13195.8 17.0621
113000 500.222 -13246 -1.15363
114000 499.351 -13241.1 -15.3938
115000 499.083 -13237.4 20.9193
116000 501.641 -13261.7 35.2637
117000 501.679 -13175 -42.8192
118000 499.938 -13242.8 8.01168
119000 500.27 -13158.9 -38.3912
120000 497.281 -13338.9 10.3949
121000 499.909 -13301.3 11.2246
122000 500.322 -13347.1 -43.215
123000 498.121 -13282.3 15.5655
124000 499.24 -13219.8 2.48623
125000 499.439 -13232.4 -24.2871
126000 498.045 -13213.8 16.6471
127000 500.597 -13166.3 0.132426
128000 496.939 -13359.1 -19.859
129000 501.185 -13181.3 14.2857
130000 502.158 -13153.6 -0.416494
131000 501.135 -13133.1 2.74987
132000 499.032 -13209.1 -9.00234
133000 502.267 -13153.2 18.4259
134000 499.345 -13294.5 -39.2669
135000 499.559 -13340.6 70.809
136000 502.643 -13244 -72.6925
137000 499.235 -13244.5 20.2569
138000 498.973 -13204.3 -7.77658
139000 498.903 -13230.6 27.6266
140000 500.269 -13153.2 -14.4584
141000 498.136 -13252.5 9.79014
142000 498.548 -13285.4 3.86432
143000 503.132 -13081.2 -15.5843
144000 501.719 -13168.8 18.0028
145000 498.637 -13319.4 14.891
146000 499.595 -13161.4 -24.5557
147000 502.033 -13094 6.26648
148000 499.94 -13149.9 -6.14257
149000 498.852 -13183.8 12.7842
150000 500.54 -13119 0.0594062
151000 501.279 -13135.4 -37.3329
152000 501.413 -13109.3 14.8046
153000 498.649 -13204 15.1552
154000 500.567 -13142.1 22.406
155000 500.003 -13244.7 -15.4077
156000 499.257 -13257.6 -15.2719
157000 500.736 -13099.3 12.7469
158000 499.955 -13124.5 12.9277
159000 496.384 -13161.1 11.7107
160000 498.093 -13105.8 -24.4397
161000 501.356 -13098 14.0931
162000 501.779 -13135.9 -39.2247
163000 498.721 -13218.1 32.1583
164000 498.862 -13213.9 8.00444
165000 498.921 -13211.5 -24.5347
166000 500.328 -13192.5 3.42747
167000 497.891 -13157.4 -20.9174
168000 499.917 -13158.6 35.5123
169000 498.429 -13191.1 20.2734
170000 501.951 -13083.6 1.99222
171000 500.83 -13140.3 -34.5784
172000 497.872 -13254.3 12.4816
173000 501.178 -13210.3 -8.60212
174000 504.06 -13044.6 13.2139
175000 500.667 -13077 -35.2896
176000 497.069 -13121.9 21.6816
177000 499.881 -13101.8 -11.8006
178000 499.687 -13096.2 31.939
179000 500.349 -13202.1 -9.18788
180000 499.542 -13120.4 -17.7039
181000 499.423 -13091.8 12.8254
182000 499.7 -13110.2 -2.76424
183000 499.638 -13110.4 51.7723
184000 498.967 -13108.2 -47.6424
185000 498.464 -13057.1 -4.57344
186000 499.616 -13136.6 14.6635
187000 500.633 -13017.1 18.5285
188000 498.872 -13156.8 -47.5528
189000 498.663 -13154.4 5.86975
190000 499.17 -13143.5 5.40869
191000 500.508 -13062 -3.02759
192000 499.563 -13188.1 1.51221
193000 496.772 -13164.5 -24.9337
194000 500.396 -13056.2 27.5471
195000 499.255 -12990 -37.3943
196000 503.291 -12986.1 9.83078
197000 499.39 -13047.1 10.8725
198000 501.14 -12986.1 -17.0008
199000 501.929 -13054.2 -7.39421
200000 500.694 -12933.5 -28.8055
201000 498.663 -13112.8 39.9619
202000 498.116 -13141.1 -3.57458
203000 500.733 -12963.3 14.0877
204000 499.913 -12996.5 18.4171
205000 497.632 -13074.2 -14.5993
206000 499.902 -13085.6 25.9845
207000 499.078 -13029.6 -24.9598
208000 498.792 -13118 13.0609
209000 501.39 -13017.3 -18.3595
210000 500.858 -12977.9 44.3224
211000 497.188 -13055.8 19.7833
212000 501.25 -12973 -34.3952
213000 500.683 -13006.5 -12.6299
214000 501.065 -12962.2 -8.78889
215000 501.64 -13124.6 29.7053
216000 498.897 -13056.3 -20.5766
217000 499.408 -12982.3 -11.7138
218000 499.341 -12940 3.20236
219000 500.178 -13038.2 -9.79883
220000 500.851 -12990.2 2.35619
221000 501.658 -12979.2 34.8281
222000 499.902 -13017.6 -6.50599
223000 499.435 -13070.6 26.8507
224000 500.024 -13064.3 -16.0484
225000 501.742 -12932.2 43.7234
226000 501.384 -12961.1 -27.776
227000 499.043 -12988.7 -29.4399
228000 499.265 -12891.4 24.6562
229000 499.451 -13000.7 -18.4328
230000 501.373 -12957.3 -4.16881
231000 497.012 -13027.4 24.1258
232000 500.062 -13048.9 -20.3456
233000 502.197 -12990.7 -2.39409
234000 500.565 -13065.8 -6.09603
235000 500.958 -12930 -14.6575
236000 502.103 -12879.7 -20.1815
237000 498.33 -12907.9 42.7547
238000 496.373 -13088.8 -29.5034
239000 502.551 -12978.9 26.8207
240000 498.372 -12979 -8.49979
241000 499.459 -13010.7 0.209479
242000 501.348 -13080 27.5067
243000 499.64 -13080.7 -13.3917
244000 502.268 -12963.2 43.2877
245000 501.649 -13000.4 -17.1106
246000 500.109 -12990.5 29.5917
247000 499.09 -13000.5 -21.2792
248000 500.085 -13002.1 -6.95787
249000 500.898 -12880.1 -35.4012
250000 497.939 -13068.6 2.44536
251000 498.726 -13040.7 11.9121
252000 497.404 -13155.7 -37.2497
253000 502.42 -13022 3.97062
254000 499.241 -13024.5 41.0421
255000 499.307 -12923.8 -2.27681
256000 500.838 -12954.8 22.6856
257000 500.321 -12964.5 -30.8102
258000 499.837 -12961.3 -55.7235
259000 497.479 -13012.5 28.1223
260000 500.098 -12991.9 0.284511
261000 500.327 -12943.8 -37.0641
262000 500.398 -12977.3 19.0216
263000 501.244 -12876.5 -23.3654
264000 497.18 -13032.2 -30.0898
265000 499.853 -13030.7 -5.7762
266000 499.25 -12953.5 23.0208
267000 499.747 -12939.1 -2.77454
268000 498.438 -12959.7 21.5182
269000 501.748 -12885.8 7.26388
270000 500.285 -12825.2 -10.1208
271000 498.719 -12922.6 -4.03095
272000 499.184 -12956.5 23.2542
273000 501.918 -12892.1 -31.5459
274000 502.077 -12854.8 8.7493
275000 500.904 -12818 -21.3809
276000 500.555 -12949.7 46.6537
277000 502.318 -12857.4 -36.1182
278000 499.844 -12925.1 5.78653
279000 500.773 -12972.6 -35.4077
280000 498.703 -12999.9 40.4276
281000 500.018 -12838.3 -24.3244
282000 498.614 -12909.5 37.6832
283000 500.03 -12864 17.5549
284000 499.937 -12924.6 -12.9289
285000 500.444 -12903.9 43.8475
286000 501.671 -12925.1 -43.6874
287000 500.685 -12926.6 19.2704
288000 499.793 -13011.3 -6.71211
289000 500.736 -12938.7 -3.86399
290000 499.791 -12959.9 6.35269
291000 502.06 -12942.7 -14.3679
292000 501.303 -12875.2 6.65525
293000 499.789 -12961.3 -26.1296
294000 498.558 -12947.5 25.8167
295000 500.881 -12893.2 23.5161
296000 500.838 -12834.2 11.9577
297000 499.442 -12981.5 -13.777
298000 496.701 -13051.5 -6.04265
299000 498.406 -12996.2 -17.6483
300000 501.273 -12960.9 40.5405
301000 500.198 -12973.4 1.50457
302000 497.877 -13062 -8.55417
303000 498.574 -13010 -4.02936
304000 498.717 -12952.3 -7.69658
305000 497.12 -13138.9 2.11739
306000 501.623 -13009.2 28.9908
307000 498.715 -13001.4 -12.9759
308000 502.908 -12871.4 13.3012
309000 499.933 -12939.9 3.04296
310000 501.387 -12920.7 45.2766
311000 500.361 -12898 -14.7883
312000 500.691 -12907.5 -2.04418
313000 501.116 -12898.9 -22.386
314000 499.147 -12858.7 35.1281
315000 500.6 -12907.1 -23.4117
316000 499.001 -12910.7 35.0189
317000 497.265 -12980.5 -24.6108
318000 500.503 -12833 5.00963
319000 500.559 -12904.4 18.0888
320000 498.293 -12991.6 -7.68717
321000 498.605 -12872.2 28.1408
322000 500.957 -12831.9 -0.281339
323000 496.367 -12938.4 -1.86506
324000 501.764 -12847.5 -18.252
325000 498.952 -12988.9 -11.0286
326000 499.878 -12928.8 19.6082
327000 498.458 -12964.8 -38.1169
328000 500.431 -12959.1 31.1002
329000 501.212 -12975.1 -5.77972
330000 499.435 -12920.8 -14.2747
331000 500.054 -12903.8 -34.7931
332000 501.224 -12944 32.0553
333000 500.502 -12930.1 7.18267
334000 500.41 -13004.9 -14.0667
335000 499.798 -12984.8 -13.6138
336000 499.931 -12945.3 -49.6396
337000 502.226 -12896.3 -15.9408
338000 501.031 -13029 -4.58835
339000 500.686 -12964.1 -7.34308
340000 500.527 -12963.7 11.5259
341000 498.694 -13083.8 27.5198
342000 500.615 -13072 -24.3257
343000 500.167 -13025.8 29.202
344000 500.716 -13047 -15.5626
345000 501.296 -12992.6 -9.54095
346000 501.406 -12954.4 26.2884
347000 500.506 -12900.8 -22.6507
348000 499.299 -13005 11.8159
349000 498.879 -13082.1 -20.9876
350000 500.752 -12994.3 -11.8419
351000 499.063 -12996 31.1544
352000 498.935 -13008.8 -22.6327
353000 498.986 -13006.7 -7.91053
354000 499.401 -13010 26.9723
355000 499.954 -13004.4 -5.2906
356000 502.23 -12951.2 51.6443
357000 497.459 -12959.6 -55.2695
358000 501.555 -12947.9 29.3681
359000 499.341 -13062.2 20.2312
360000 500.843 -12943 24.4143
361000 497.909 -13052.2 -35.0934
362000 497.944 -13072.6 7.06266
363000 500.521 -12984.1 22.0624
364000 502.086 -12894.2 -14.4072
365000 499.89 -12935.7 -27.661
366000 502.515 -12894.6 1.73382
367000 500.435 -12876 -3.34363
368000 500.646 -12890.7 5.74846
369000 498.998 -12953.7 9.12261
370000 499.559 -13011.4 0.961117
371000 500.025 -12939.7 3.69784
372000 498.54 -12884.9 -11.5611
373000 498.633 -12846 43.3149
374000 500.621 -12916.4 -4.81387
375000 502.456 -12811.1 8.71798
376000 500.186 -12989.5 -54.4114
377000 499.322 -12876.3 23.5669
378000 498.749 -12901.7 18.4325
379000 499.386 -12855.2 2.63162
380000 502.712 -12777.9 15.2363
381000 502.062 -12872.8 -28.3887
382000 497.787 -12927.6 15.9572
383000 502.15 -12923.8 1.05907
384000 497.465 -12922.9 -23.7626
385000 499.45 -12870 -9.35288
386000 499.729 -12844.5 -20.188
387000 497.756 -12939.1 48.1845
388000 498.742 -12937.4 -12.9989
389000 498.746 -12876.6 -27.053
390000 501.116 -12902 34.9585
391000 499.314 -12994 -36.8285
392000 500.145 -12859.1 1.06795
393000 500.686 -12875 1.06154
394000 498.975 -12970.7 11.3361
395000 500.872 -12903.7 -19.6074
396000 501.335 -12851.5 9.83475
397000 500.334 -12904.3 -16.9157
398000 501.966 -12737.6 13.8408
399000 500.813 -12825.3 -2.30463
400000 500.751 -12851.8 19.4519
401000 497.97 -12981.3 8.80931
402000 500.513 -12928.3 -45.3123
403000 498.994 -12914.4 52.2357
404000 497.665 -12946.1 -5.10034
405000 500.092 -12941 5.99444
406000 498.126 -12983.9 21.2107
407000 499.93 -12818.2 -3.02368
408000 500.341 -12881.9 -43.3873
409000 497.363 -12889.5 40.3394
410000 499.908 -12945.7 -41.5795
411000 499.909 -12976.2 -2.61057
412000 500.663 -12886.1 2.03653
413000 500.706 -13012.2 2.43996
414000 500.014 -12948.2 8.66621
415000 501.621 -12822.9 10.906
416000 500.122 -12828.4 -20.8313
417000 501.869 -12848.5 19.9323
418000 499.024 -12897.1 -30.3397
419000 499.83 -12843.4 18.5421
420000 501.693 -12850.2 -5.65136
421000 500.075 -12830.2 -8.88003
422000 502.002 -12879.7 -13.8584
423000 498.872 -12897.6 1.09685
424000 501.824 -12847.1 11.2497
425000 503.402 -12862.4 -28.6066
426000 497.652 -12947.7 -7.17106
427000 501.709 -12912.4 -6.55762
428000 498.991 -12955.5 3.75414
429000 500.139 -12972.6 14.9594
430000 498.717 -12991 -17.4449
431000 499.254 -12965.5 39.3133
432000 500.481 -12994.2 -2.13085
433000 498.257 -12986.9 17.1865
434000 499.131 -12922.7 -27.5365
435000 501.048 -12884.5 -22.0539
436000 500.517 -12873.6 4.03503
437000 499.338 -12926 40.7669
438000 501.01 -12912.3 -15.1752
439000 500.235 -12926.2 4.25655
440000 497.808 -12890.3 -44.4129
441000 501.16 -12935.2 58.6547
442000 498.589 -12945.4 -45.9266
443000 501.939 -12851.1 21.1529
444000 501.807 -12884.8 26.9518
445000 500.928 -12896.4 1.80014
446000 499.694 -12906.4 -10.0255
447000 500.452 -12838.2 -60.5173
448000 501.421 -12871 64.9711
449000 500.516 -12952.2 9.15934
450000 498.911 -12943.3 -9.49373
451000 498.38 -12935 -26.4715
452000 498.614 -12989.6 60.0778
453000 499.35 -12947.5 -39.2017
454000 497.881 -12947.9 -18.5823
455000 497.692 -12921.2 44.2428
456000 500.236 -12784.8 -13.9661
457000 501.865 -12820.9 -11.6711
458000 498.492 -12879.3 66.4154
459000 496.573 -13033 5.07318
460000 498.942 -12907.7 -10.1766
461000 500.604 -12851.3 -8.37377
462000 500.244 -12934.6 8.66699
463000 500.16 -12853.7 -31.8358
464000 502.77 -12854.2 7.10566
465000 500.723 -12852.3 13.6328
466000 498.298 -12917.4 -17.1586
467000 499.906 -12959.1 32.0513
468000 497.017 -13033.4 0.0627639
469000 499.912 -12963.1 16.0917
470000 498.875 -12946.2 6.21026
471000 500.592 -12961.3 -11.3742
472000 502.649 -12835.6 -34.5059
473000 499.625 -12926.9 27.3837
474000 499.211 -13009 -15.1425
475000 500.31 -12930.9 6.28105
476000 499.778 -12966.9 18.6711
477000 498.181 -12966.6 1.98755
478000 500.525 -12995.3 29.1459
479000 498.53 -12930.9 2.34613
480000 498.081 -12840.9 -44.4565
481000 501.52 -12933.8 44.1862
482000 498.7 -13003.9 -18.7752
483000 498.827 -12970.7 12.2327
484000 501.458 -12885.8 39.8351
485000 499.915 -12901.7 -23.5373
486000 500.853 -12860.5 14.6715
487000 497.479 -12911.2 22.7505
488000 498.669 -12849.6 -33.5409
489000 499.729 -12861.7 -36.6262
490000 499.329 -12882.4 39.8756
491000 498.954 -12871.1 4.76585
492000 499.487 -12865.6 -22.746
493000 498.46 -12957.1 19.8495
494000 499.353 -12811.4 -24.0539
495000 501.387 -12904.8 4.25249
496000 499.025 -13053.9 -4.64256
497000 502.298 -12954.3 9.49109
498000 500.278 -12895.4 15.7938
499000 500.336 -12904.5 -15.138
500000 501.521 -12846.3 12.169
501000 499.914 -12877.8 -10.386
502000 499.124 -12959.6 -13.6414
503000 499.757 -12937.3 -46.928
504000 498.191 -12940.1 12.1904
505000 499.775 -12938.3 65.5385
506000 499.425 -12900.1 -83.9207
507000 502.256 -12909.3 50.4262
508000 499.196 -12884.5 -37.6275
509000 502.086 -12991.8 39.4025
510000 499.949 -13045 -37.5028
511000 499.932 -12949.2 58.001
512000 502.074 -12826 -36.6655
513000 500.484 -12956.4 -21.3349
514000 498.229 -12969.3 22.8908
515000 502.656 -12950.5 6.66004
516000 496.101 -12943.1 -46.9014
517000 499.062 -12958.8 41.432
518000 500.034 -13050.9 -19.4378
519000 499.928 -12981.9 -3.38593
520000 500.128 -12943.6 -33.6545
521000 498.567 -13039.5 48.7265
522000 502.298 -12854.5 -16.031
523000 496.3 -13049.9 14.6482
524000 500.676 -12976.2 -11.3723
525000 501.242 -12867.9 -34.0932
526000 501.231 -12917.7 -0.707312
527000 497.006 -12990.2 9.09287
528000 502.046 -12895.1 -5.52234
529000 499.362 -12947.8 -25.8717
530000 498.522 -12842.9 41.154
531000 496.956 -12891.9 -13.8074
532000 500.761 -12859.6 5.89142
533000 501.577 -12912.5 -35.9563
534000 499.691 -12925.6 -5.09595
535000 499.863 -12959.3 24.1308
536000 500.116 -12988.2 12.1198
537000 502.895 -12859.1 12.9948
538000 499.485 -12950 -15.4753
539000 499.835 -13032.8 -9.32544
540000 497.828 -13068.7 -5.85485
541000 503.258 -12958.8 -22.7045
542000 500.212 -12833.7 15.6562
543000 497.993 -13029.3 3.35672
544000 501.03 -13007.7 18.6527
545000 499.078 -12881.3 -17.5451
546000 502.072 -12833 20.0516
547000 499.604 -12836.4 -23.6643
548000 498.684 -12880.2 -19.111
549000 498.561 -12976.6 0.414445
550000 498.865 -12980 2.23059
551000 500.014 -12971.3 -22.7495
552000 499.005 -12935.1 34.7046
553000 499.549 -12901.3 -37.3271
554000 500.091 -12885.8 12.6693
555000 500.789 -12870.1 8.06471
556000 498.69 -12881.8 -24.7858
557000 501.374 -12901.2 -1.23075
558000 498.131 -12920.4 26.9159
559000 497.708 -12979.1 -16.7057
560000 499.596 -12958.1 24.9233
561000 502.32 -12966.3 -31.5967
562000 499.647 -13006.6 55.1982
563000 498.717 -12897.3 -21.182
564000 498.31 -12905.1 -5.07976
565000 504.508 -12862.1 -15.5995
566000 502.07 -13037.2 -18.0651
567000 500.583 -12967.1 13.3891
568000 499.49 -12977.1 42.038
569000 498.871 -12976.1 -27.5675
570000 501.588 -12962.1 -0.465545
571000 503.383 -12954.4 14.7392
572000 500.214 -12901.8 13.9088
573000 500.745 -12913.3 -21.9974
574000 500.559 -12946.3 -0.57629
575000 497.627 -12939.9 7.98433
576000 500.628 -12896.1 13.4811
577000 500.156 -12902.7 -15.0344
578000 501.785 -12921.1 6.5799
579000 498.912 -12960.5 18.3695
580000 498.383 -12932.5 -26.1545
581000 500.6 -12934.8 11.3947
582000 498.677 -12965.7 -6.889
583000 499.409 -12907.5 -23.2111
584000 498.735 -12949.6 -32.1862
585000 499.596 -12878.2 44.7489
586000 498.715 -12834.9 -4.14374
587000 499.332 -12912.2 19.9939
588000 499.286 -12886.6 39.2852
589000 502.433 -12827.3 -68.3042
590000 502.487 -12850.4 15.7499
591000 500.816 -12921.1 -18.9635
592000 501.913 -12955.3 62.967
593000 499.521 -12948.5 -35.4404
594000 500.756 -12828.1 11.2304
595000 499.38 -12847.5 9.91808
596000 500.598 -12912 27.7984
597000 499.43 -12853.6 8.03677
598000 500.013 -12822 7.26529
599000 499.501 -12885.5 41.0599
600000 498.977 -12885.3 -10.9001
601000 499.104 -12830.3 -10.0663
602000 501.293 -12832.5 3.63942
603000 500.034 -12798 -32.4744
604000 499.523 -12854.9 15.1734
605000 500.036 -12842.3 20.7911
606000 499.329 -12799.6 -5.9784
607000 498.905 -12796.5 -3.32999
608000 499.069 -12884.7 -8.64743
609000 499.8 -12880.3 15.5048
610000 499.754 -12908.2 -5.11055
611000 497.478 -12946.1 16.0214
612000 498.494 -12871.6 0.859677
613000 500.366 -12877.2 17.866
614000 501.756 -12770.6 -12.1848
615000 500.341 -12811 4.11353
616000 499.771 -12890.7 28.8466
617000 499.206 -12947.4 -46.3556
618000 499.561 -12888.4 -10.8719
619000 498.752 -12823.7 -26.1964
620000 497.054 -12908.7 18.5726
621000 501.582 -12822.7 -18.4531
622000 499.147 -12855.8 -27.5067
623000 498.553 -12808.7 7.7189
624000 499.674 -12811.6 14.029
625000 501.874 -12861.2 14.622
626000 499.836 -12858.4 29.6664
627000 499.664 -12773.3 -40.6986
628000 503.05 -12785 61.1687
629000 499.712 -12892 -40.0113
630000 500.461 -12836.9 -8.48992
631000 501.979 -12893.8 2.85379
632000 500.707 -12833.3 -6.95854
633000 498.498 -12763.7 28.778
634000 502.605 -12876.4 -9.23041
635000 501.255 -12773.9 50.0823
636000 499.466 -12791.2 -36.3017
637000 498.469 -12854.8 28.9602
638000 499.601 -12928.1 -31.1808
639000 500.756 -12818.5 -6.73624
640000 498.735 -12833 18.6842
641000 502.198 -12825.4 -2.23061
642000 499.184 -12879.7 -38.7722
643000 501.569 -12832.7 24.0909
644000 501.81 -12867.2 5.82968
645000 499.097 -12843.1 4.85042
646000 499.138 -12825.4 12.9286
647000 501.572 -12777.4 -3.90473
648000 498.326 -12889.5 6.69176
649000 499.108 -12816.5 -11.2588
650000 496.455 -12881.8 15.5586
651000 500.489 -12847.8 13.0398
652000 502.447 -12857.3 -34.7315
653000 501.05 -12891.6 27.226
654000 501.482 -12800 -54.2416
655000 500.804 -12820.5 26.5031
656000 498.478 -12853.2 28.509
657000 499.523 -12852.9 -9.64774
658000 499.309 -12793.8 48.2268
659000 500.458 -12810.2 -10.4653
660000 499.911 -12780.8 4.69164
661000 499.74 -12872.4 -5.64637
662000 499.026 -12854.3 -21.5376
663000 499.076 -12862.1 13.1115
664000 499.315 -12935.8 -7.71306
665000 501.832 -12894 37.0416
666000 501.695 -12846.2 -4.76009
667000 502.064 -12859.7 55.4011
668000 498.777 -12833.9 -37.6415
669000 499.004 -12851.4 -17.5069
670000 502.322 -12854.4 27.7793
671000 500.61 -12765.6 -4.20265
672000 498.164 -12884.7 5.73224
673000 501.679 -12739.2 33.3573
674000 500.483 -12737.4 -29.6028
675000 502.379 -12797.3 18.2959
676000 503.167 -12666.9 -13.9332
677000 497.903 -12774 14.2429
678000 498.531 -12850 -7.34944
679000 498.54 -12740.7 14.5961
680000 500.331 -12883.3 14.487
681000 499.865 -12915.3 -17.1034
682000 499.102 -12905.1 12.7424
683000 500.645 -12828.3 -9.54516
684000 497.613 -12925.3 11.7819
685000 499.541 -12957.7 -8.01756
686000 499.67 -12867.7 12.2577
687000 499.108 -12734.5 -17.5919
688000 500.751 -12735.5 2.17388
689000 499.531 -12841.5 31.34
690000 501.598 -12826.5 -0.000523056
691000 498.35 -12784.8 -19.8604
692000 498.373 -12814.7 3.58882
693000 500.985 -12863.6 4.26066
694000 501.024 -12930.2 19.1036
695000 500.235 -12775 -18.1693
696000 499.248 -12709.3 20.7578
697000 499.084 -12840.1 16.7714
698000 500.705 -12827.5 -11.1463
699000 499.771 -12848.6 -7.80934
700000 501.86 -12790.3 5.57266
701000 500.873 -12803.6 -11.9516
702000 499.49 -12877.3 23.1027
703000 499.748 -12863.5 -27.0066
704000 500.992 -12756.2 17.145
705000 501.019 -12797.1 -6.75652
706000 500.426 -12792.6 -21.7301
707000 504.221 -12723.8 45.6054
708000 501.685 -12786.3 -39.5197
709000 497.576 -12852.8 15.9392
710000 499.239 -12929.7 12.3592
711000 501.128 -12842.2 11.9149
712000 501.095 -12877.8 -11.3199
713000 500.633 -12928 -16.5163
714000 499.327 -12947.3 0.24626
715000 499.13 -12825 -14.0779
716000 498.176 -12861.2 -7.25956
717000 500.86 -12832.4 16.5332
718000 497.796 -12929.7 -19.343
719000 502.078 -12846.4 34.5556
720000 498.52 -12825.4 -81.6108
721000 499.173 -12876.4 56.1329
722000 499.032 -12924.9 -17.3183
723000 501.693 -12867.9 -3.20992
724000 499.933 -12885.3 -11.4181
725000 501.262 -12851.1 30.331
726000 499.782 -12829.1 0.418722
727000 500.013 -12853.4 3.71918
728000 500.774 -12824.3 -0.0888807
729000 502.118 -12841.1 0.391609
730000 499.103 -12855.1 -1.2005
731000 502.773 -12898.8 2.339
732000 499.434 -12867.5 40.4846
733000 498.429 -12866.8 3.20637
734000 500.617 -12887.9 2.18287
735000 499.106 -12869.4 -51.0929
736000 500.093 -12861.3 78.8096
737000 498.716 -12863.1 -59.484
738000 498.923 -12875.3 19.7347
739000 502.849 -12896.8 -39.4501
740000 501.162 -12911.5 14.9273
741000 498.153 -12792.3 -26.4503
742000 501.765 -12773.7 19.5352
743000 498.9 -12818 12.9522
744000 501.538 -12816 4.47871
745000 500.257 -12878.3 1.63483
746000 502.714 -12848.1 -19.8689
747000 499.294 -12916.2 21.0438
748000 499.928 -12915.1 11.7468
749000 502.789 -12907.4 -11.3268
750000 501.647 -12909.6 0.896114
751000 498.148 -12876 -34.5923
752000 500.297 -12847.7 30.8762
753000 497.312 -12905.1 -6.53752
754000 500.289 -12892.1 18.4714
755000 501.894 -12809.6 8.25691
756000 499.664 -12804.8 -22.4658
757000 499.399 -12961.1 0.833079
758000 500.122 -12881.7 9.08865
759000 499.51 -12906.8 7.36929
760000 502.229 -12782.8 -16.7992
761000 499.817 -12883.2 15.4712
762000 499.837 -12974.8 -0.0545959
763000 500.4 -12863 -18.3299
764000 499.987 -12907.5 -17.2594
765000 500.55 -12878.2 26.0012
766000 499.689 -12786 -24.3611
767000 500.229 -12856.6 50.5403
768000 498.389 -12820.3 -47.0943
769000 500.168 -12850.3 24.5868
770000 501.065 -12822.3 -11.1129
771000 500.401 -12801.9 11.3919
772000 502.017 -12737.4 -12.7111
773000 500.763 -12879.5 12.1611
774000 501.34 -12856.3 -29.3916
775000 500.575 -12861.8 25.0347
776000 502.324 -12963.3 -8.36925
777000 501.748 -12844.7 5.32227
778000 500.7 -12943.7 18.8752
779000 498.723 -13003.1 6.80191
780000 500.091 -12941.9 -26.2231
781000 500.22 -12898.1 10.428
782000 498.801 -12862.8 10.501
783000 501.752 -12793 1.67468
784000 499.728 -12946.8 2.26667
785000 498.245 -12931 10.55
786000 500.467 -12906.2 -8.2913
787000 498.958 -12889.8 0.544341
788000 501.68 -12833.9 9.25412
789000 500.012 -12954.8 -16.2378
790000 500.649 -12869.5 24.4366
791000 497.925 -13011.9 -7.22139
792000 498.398 -12987.5 28.9628
793000 499.57 -12799.2 -8.67908
794000 498.527 -12954.3 26.9107
795000 497.516 -12961.5 -18.0432
796000 498.367 -13007.2 20.7461
797000 499.62 -12995.1 15.6585
798000 502.56 -12864 6.6499
799000 501.101 -12938.8 -16.1858
800000 499.06 -12907.3 -6.37111
801000 498.986 -12845.1 27.1384
802000 500.51 -12919.9 5.42505
803000 499.399 -12933.4 -19.7815
804000 499.923 -12997.1 36.1317
805000 501.158 -12970.4 5.8403
806000 502.086 -12929.7 -22.0633
807000 501.165 -12964.8 20.644
808000 503.146 -12942.7 -4.16624
809000 500.186 -12811 63.9918
810000 504.453 -12863.7 -55.4631
811000 501.489 -12916 27.2824
812000 500.329 -12920.9 33.8135
813000 502.139 -12927 -27.7721
814000 501.673 -12883.3 9.41449
815000 500.226 -12989.4 4.93028
816000 499.265 -12960.7 10.3517
817000 501.206 -12877.1 -28.9279
818000 501.114 -12945.4 -0.893677
819000 500.428 -13040.6 -11.0832
820000 500.514 -12959.6 -9.07387
821000 501.383 -13020.9 -6.3561
822000 498.48 -13041.8 1.72905
823000 502.644 -12982 -7.80749
824000 501.221 -13023.6 -7.75678
825000 501.737 -12920.3 4.59891
826000 502.83 -12928.3 -37.3197
827000 497.953 -13126.7 1.84231
828000 500.17 -12936.7 -27.1132
829000 501.504 -12934.4 -2.5904
830000 499.181 -13012.6 3.16046
831000 501.313 -12997.8 -15.8819
832000 500.754 -12956.5 -18.1746
833000 501.238 -12954.1 35.0665
834000 502.8 -12907.1 11.0277
835000 500.651 -12961.5 -8.73533
836000 499.496 -13000.1 -9.64307
837000 497.825 -13048.9 12.2924
838000 498.73 -13029.6 14.1398
839000 500.374 -12980.9 -23.0075
840000 499.658 -12939.1 11.5626
841000 501.469 -12897.9 31.0943
842000 502.812 -12883.7 9.56837
843000 499.514 -13011.6 -23.3473
844000 499.386 -12985.6 4.98236
845000 501.792 -12944 38.2203
846000 500.155 -12913.3 -16.2027
847000 499.331 -12981.8 28.5588
848000 498.491 -12993.2 7.25321
849000 499.222 -13010.7 -6.14636
850000 500.939 -13039.4 27.3805
851000 500.322 -13063.3 -23.2197
852000 496.153 -13150.7 24.5328
853000 500.59 -13043.9 -11.8584
854000 497.131 -13088.8 -9.68241
855000 497.786 -13051.7 25.1324
856000 499.094 -13023.2 -13.6133
857000 500.168 -13027.2 45.2841
858000 502.964 -12990.1 -2.35148
859000 498.933 -13018.2 -15.639
860000 498.326 -13016.6 -20.6067
861000 501.281 -13075.6 35.7255
862000 499.684 -12990.9 -4.57764
863000 496.916 -12956.3 -15.5743
864000 500.011 -12928 13.3835
865000 498.687 -12947.7 -34.165
866000 497.608 -13065.7 36.9056
867000 497.69 -13066.7 -43.3067
868000 498.834 -13067.7 55.0824
869000 498.362 -12940.9 -12.2843
870000 500.425 -13018.4 47.0235
871000 500.721 -13057 -48.4148
872000 497.977 -12949.6 18.3432
873000 499.855 -12933.3 -30.4076
874000 500.54 -13004 35.6868
875000 499.89 -12936.7 7.92672
876000 500.826 -12874.1 -9.58736
877000 501.823 -12852.9 -2.15389
878000 499.908 -12948.2 25.249
879000 500.914 -12971.7 6.70332
880000 500.089 -12953.8 -36.8611
881000 500.634 -12956 -23.358
882000 500.964 -12909.2 -19.3206
883000 501.336 -12818.2 -19.383
884000 501.44 -12948 55.6769
885000 501.192 -12889.6 -7.23095
886000 501.052 -12883.7 -21.2814
887000 501.023 -12849.7 20.0397
888000 498.228 -12848.2 20.8295
889000 500.428 -12916.9 -5.89565
890000 499.594 -12968 -0.86926
891000 504.166 -12861.6 19.9735
892000 500.462 -13000.1 -0.765019
893000 497.185 -13034.8 -20.616
894000 498.827 -12985.2 -28.9633
895000 499.583 -12964.3 1.76329
896000 500.15 -12951.8 0.470329
897000 500.257 -12897.3 12.0482
898000 500.302 -12908.7 -25.14
899000 499.306 -12833.8 11.3826
900000 500.718 -12920.1 27.5536
901000 500.028 -12938.2 -14.8856
902000 498.092 -13032.8 22.706
903000 500.362 -12990.9 -12.6805
904000 499.536 -12999.8 10.294
905000 499.797 -13014.4 -6.01408
906000 499.994 -12905.1 25.0042
907000 500.371 -12862.5 -37.8113
908000 500.883 -12922.6 49.826
909000 500.677 -12871.6 -39.6474
910000 501.853 -12917.1 -3.6486
911000 498.621 -13041.2 14.9354
912000 498.376 -12979.9 -0.225175
913000 499.846 -12937.3 46.6083
914000 499.798 -12951.3 -6.34505
915000 502.986 -12932.8 17.0014
916000 501.045 -12863 -6.36511
917000 500.35 -12946.3 -6.24546
918000 500.987 -13084.2 4.86735
919000 500.415 -13050.1 -21.7365
920000 497.794 -13032.5 5.04217
921000 499.333 -13011.3 0.623591
922000 498.133 -12977 16.0258
923000 497.932 -12967.3 22.2995
924000 501.308 -12946.1 -8.21081
925000 499.925 -12917.1 -15.7062
926000 497.952 -12982.5 2.39928
927000 501.257 -12954 37.0745
928000 501.52 -12925.8 -25.5208
929000 500.536 -12893.1 54.7272
930000 501.131 -12863.8 6.84255
931000 501.497 -12880.5 -49.1836
932000 501.736 -12934.2 8.27358
933000 498.994 -12937.7 37.7845
934000 498.103 -12976.7 -66.6947
935000 500.163 -12979.6 23.8613
936000 503.384 -12885.9 -16.7691
937000 500.905 -12894.1 -16.0199
938000 499.001 -12870.5 17.6381
939000 499.353 -12946.7 -15.1585
940000 498.774 -12984.6 7.99008
941000 496.339 -13027 19.8633
942000 501.934 -12883.3 6.42233
943000 500.336 -12961.9 17.6804
944000 501.479 -12937.1 -12.296
945000 501.79 -12968.4 36.7327
946000 498.578 -13026 -43.0614
947000 499.032 -12988.5 21.7009
948000 498.826 -12956.5 -9.40243
949000 503.83 -12813.9 -3.76068
950000 498.054 -12987.3 7.87593
951000 502.256 -12852.6 -16.0933
952000 501.562 -12853.5 4.63257
953000 499.171 -12980.1 -24.0251
954000 498.427 -12938.5 45.7007
955000 499.995 -13027.6 -22.2998
956000 502.442 -12833.9 -17.9271
957000 499.26 -12943.2 26.4228
958000 498.114 -12925.3 6.43314
959000 499.724 -12933.7 19.7506
960000 498.446 -12918.8 -15.459
961000 497.243 -13040.5 -17.2383
962000 497.566 -12918.1 20.8876
963000 498.636 -12962.9 3.52747
964000 499.981 -12823.8 -7.2251
965000 498.167 -12827.1 2.6191
966000 498.414 -13025 43.0935
967000 502.082 -12915 -41.6662
968000 501.995 -12936.8 5.34049
969000 497.368 -13026.5 -39.4068
970000 500.357 -12928 34.432
971000 502.451 -12872.7 -22.952
972000 499.923 -12895 -29.6354
973000 501.175 -12950.4 16.7559
974000 498.803 -13005.4 -14.3243
975000 501.311 -12966.8 -2.64768
976000 500.355 -12884.8 9.89582
977000 500.834 -12832.2 -7.85744
978000 498.465 -12807.4 -9.89625
979000 500.948 -12846.1 6.58042
980000 499.617 -12952.5 -1.67765
981000 500.383 -12935.5 -3.24637
982000 499.893 -12819.3 1.79137
983000 497.579 -13039.9 13.37
984000 501.62 -12869.3 -11.9973
985000 497.6 -12894.4 16.0443
986000 499.86 -12935.7 36.0698
987000 501.391 -12766.7 -20.4113
988000 497.698 -12929.2 43.2461
989000 500.094 -12807.1 -42.0902
990000 501.722 -12780.3 17.4329
991000 500.365 -12855.4 -1.40644
992000 500.201 -12880 -2.18228
993000 499.836 -12786.4 15.49
994000 500.518 -12782.7 4.19741
995000 498.782 -12887.8 26.0243
996000 499.326 -12763.1 -25.8804
997000 499.831 -12821.4 25.5225
998000 499.6 -12853.3 -37.2653
999000 499.962 -12768.1 10.5841
1000000 500.509 -12847 -5.1921
1001000 498.692 -12839.4 25.2838
1002000 500.038 -12882.4 -8.78288
1003000 498.369 -12930.9 -1.87521
1004000 499.96 -12886.2 5.21761
1005000 499.652 -12904.4 -5.67112
1006000 497.952 -12919.1 -32.1531
1007000 500.717 -12890.7 39.4903
1008000 500.192 -12875.3 -25.2437
1009000 498.402 -12995.2 25.0005
1010000 497.276 -12944.2 -2.06224
1011000 500.65 -12826.9 -16.3372
1012000 500.313 -12932.7 -17.7124
1013000 500.181 -12848.4 35.3961
1014000 501.954 -12895.1 -32.5047
1015000 500.375 -12897 29.7514
1016000 500.219 -12857.2 0.118871
1017000 499.285 -12811 -27.8009
1018000 499.586 -12823.4 20.2573
1019000 499.355 -12811.6 -15.6808
1020000 501.447 -12861.1 -4.28887
1021000 500.43 -12867.6 7.82739
1022000 500.654 -12819.2 -11.3406
1023000 500.335 -12859.2 2.54872
1024000 500.073 -12889.6 -28.493
1025000 501.105 -12869.4 0.552472
1026000 501.169 -12869.3 -12.9829
1027000 501.981 -12877.7 20.2953
1028000 501.022 -12839.9 -21.6359
1029000 502.094 -12904.2 -19.4404
1030000 500.414 -12947.8 21.3603
1031000 501.258 -12902.1 -13.4401
1032000 499.963 -12907.5 19.8052
1033000 497.379 -12800 -15.0737
1034000 500.956 -12816.3 11.5685
1035000 497.806 -12871.5 1.50296
1036000 501.42 -12908.8 27.6129
1037000 500.717 -12863.1 -36.0802
1038000 500.502 -12890.5 27.8549
1039000 501.358 -12864 -10.6222
1040000 500.107 -12900.7 7.86605
1041000 499.336 -12984.5 -5.70668
1042000 498.978 -12995.7 -14.362
1043000 502.12 -12928.7 28.9755
1044000 501.29 -12827.1 1.78683
1045000 501.931 -12876.9 -25.8725
1046000 498.496 -12901.3 1.0786
1047000 501.531 -12805.7 48.5341
1048000 496.822 -13017.2 -38.5433
1049000 501.227 -12854.4 10.7794
1050000 500.462 -12992.6 -8.40016
1051000 499.689 -12828 35.3803
1052000 498.741 -12872.4 4.29712
1053000 500.975 -12876.2 15.5196
1054000 504.015 -12889.9 -28.9305
1055000 499.166 -12765.6 13.3494
1056000 496.872 -12884.7 0.606483
1057000 503.624 -12817.6 -2.00161
1058000 498.057 -12878.2 -6.37467
1059000 498.394 -12857 11.4676
1060000 502.904 -12882.7 23.6291
1061000 500.858 -12800.1 0.94442
1062000 500.201 -12878.5 -24.0595
1063000 499.277 -12921 2.75274
1064000 499.658 -12851.9 -28.3017
1065000 500.914 -12787.2 25.4224
1066000 498.408 -12881.7 -34.6194
1067000 498.791 -12850.7 -4.37224
1068000 501.098 -12853 24.4872
1069000 497.801 -12841.8 -13.8998
1070000 500.263 -12800.1 28.5166
1071000 499.871 -12819 13.5616
1072000 499.392 -12855.1 25.1612
1073000 501.638 -12852.3 -19.4286
1074000 498.807 -12835.3 -18.746
1075000 501.956 -12788.9 26.5654
1076000 499.95 -12887.6 41.5655
1077000 498.761 -12881.9 -25.1524
1078000 499.126 -12827.4 20.879
1079000 499.391 -12858 -27.7628
1080000 501.275 -12795.2 38.7699
1081000 500.473 -12782.7 4.8699
1082000 501.139 -12852.4 -4.72699
1083000 500.915 -12887.8 29.6829
1084000 501.091 -12818.7 -4.26802
1085000 501.272 -12845.5 1.7864
1086000 499.332 -12926.7 -22.0994
1087000 499.068 -12900.7 26.4642
1088000 498.075 -13024.4 -15.4709
1089000 500.008 -12881.9 7.63938
1090000 498.886 -12933.5 -23.4544
1091000 500.132 -12847.9 5.84045
1092000 499.806 -12853.1 22.1537
1093000 501.985 -12819.4 -7.58436
1094000 499.478 -12893.4 53.3344
1095000 499.497 -12881.3 -2.93318
1096000 497.825 -12931.1 23.9552
1097000 498.481 -12912.7 -40.2955
1098000 496.711 -13008.6 30.4392
1099000 502.015 -12804.9 0.509738
1100000 501.486 -12818.1 -28.435
1101000 498.698 -12879.4 -7.77085
1102000 502.186 -12866.9 20.3478
1103000 498.546 -12866.4 17.2091
1104000 501.428 -12859.4 10.568
1105000 497.484 -12887.5 13.2229
1106000 500.88 -12878.6 0.850981
1107000 501.437 -12829.2 -6.28505
1108000 499.764 -12906.9 -11.673
1109000 498.746 -12968.5 27.4503
1110000 498.655 -12926.8 -26.7814
1111000 499.769 -12932.5 7.23369
1112000 498.365 -12920.1 7.19421
1113000 498.542 -12886.3 13.0134
1114000 501.792 -12826.8 -27.7776
1115000 502.407 -12811.9 37.9187
1116000 499.943 -12850 -62.9068
1117000 501.345 -12886 19.3321
1118000 500.964 -12851 -18.9554
1119000 497.052 -12853.8 7.01723
1120000 498.433 -12976.8 9.90023
1121000 499.893 -12921.9 -19.3836
1122000 500.204 -12825.1 1.62777
1123000 504.153 -12793.8 6.90028
1124000 501.006 -12859.8 -14.6839
1125000 498.911 -12938.4 43.966
1126000 500.328 -12790 -42.8166
1127000 501.105 -12886.3 29.5093
1128000 500.363 -12810.5 -20.8113
1129000 502.14 -12820 5.50502
1130000 499.991 -12953.4 -14.1883
1131000 498.502 -12899 2.01004
1132000 500.09 -12808.6 12.1958
1133000 504.367 -12638.6 -14.6309
1134000 499.199 -12866.1 -0.692815
1135000 499.267 -12864.1 -9.35236
1136000 499.135 -12808.6 5.03557
1137000 499.802 -12782.6 -10.1669
1138000 500.916 -12841.5 18.1324
1139000 502.467 -12809.5 8.92013
1140000 500.529 -12994.2 -0.269625
1141000 499.07 -12942.3 5.59805
1142000 496.609 -13045.1 11.6895
1143000 501.015 -12914.2 13.7293
1144000 501.244 -12891.1 -19.938
1145000 498.837 -12896.4 27.1308
1146000 498.826 -12865.2 -52.4355
1147000 500.276 -12878.1 6.07892
1148000 498.515 -12907.1 8.539
1149000 501.272 -12932.9 17.0151
1150000 500.158 -12930.4 -35.5784
1151000 498.494 -12991.7 2.29927
1152000 498.157 -12918.2 32.0561
1153000 501.883 -12947.9 -51.997
1154000 501.311 -12842.5 42.6319
1155000 499.929 -12911.3 -25.2218
1156000 501.579 -12932.6 24.5987
1157000 499.761 -12848 8.53014
1158000 501.502 -12849.2 -9.07973
1159000 500.573 -12811.7 -23.1162
1160000 498.883 -12937.7 -6.17462
1161000 500.562 -12986.5 3.95461
1162000 500.049 -12941.8 11.0883
1163000 497.31 -12985.9 -0.689708
1164000 500.373 -12821.7 -43.9204
1165000 502.213 -12893 34.6428
1166000 499.692 -12919 -24.9095
1167000 500.086 -12832 51.8031
1168000 501.478 -12970.1 -25.9594
1169000 500.646 -12933.5 20.6791
1170000 498.856 -12951.1 -6.87781
1171000 497.98 -13033.2 -25.6191
1172000 502.126 -12931.3 41.2708
1173000 498.209 -13040.6 -31.1209
1174000 502.503 -12924.4 2.95606
1175000 499.391 -12969 -7.81633
1176000 498.704 -12959.2 33.8357
1177000 502.101 -12880 -24.6425
1178000 500.523 -12943.3 11.2342
1179000 500.926 -12891.4 -44.67
1180000 498.758 -12929.4 -16.4071
1181000 498.668 -12980.9 -8.20433
1182000 499.747 -13030.2 -2.33836
1183000 501.915 -12959.6 -34.9847
1184000 498.061 -13061.5 48.0038
1185000 497.739 -13053.8 -26.777
1186000 498.196 -13077.2 -2.26821
1187000 499.311 -13097.9 2.19954
1188000 499.462 -13007.8 -14.3373
1189000 502.135 -12848.1 24.8538
1190000 502.677 -12958.1 -14.2667
1191000 502.503 -12923.1 15.6101
1192000 498.13 -13023.2 -1.56086
1193000 498.28 -13055.3 28.0704
1194000 500.44 -12957.2 -65.6119
1195000 499.055 -13080.2 39.2729
1196000 501.438 -12929.9 -21.4738
1197000 499.953 -12902.2 10.7451
1198000 499.34 -12938.6 -13.5995
1199000 497.806 -13008.4 -4.99879
1200000 499.433 -13000.5 -40.4887
1201000 501.101 -12826 20.4194
1202000 500.112 -12961 -46.6503
1203000 500.426 -12997.4 41.5012
1204000 499.864 -12945.1 -33.0984
1205000 501.336 -12987.8 7.30963
1206000 501.992 -12962.2 38.1461
1207000 499.944 -12931.2 -23.9352
1208000 498.325 -12966.8 -22.6363
1209000 500.884 -12935.8 4.84577
1210000 499.239 -12961.7 32.9012
1211000 498.546 -13015.1 -22.3248
1212000 500.189 -12969.1 24.9943
1213000 498.491 -12983 5.04187
1214000 497.443 -12945.2 -15.4306
1215000 498.799 -12959 13.1191
1216000 500.182 -12931.8 9.8394
1217000 500.004 -13050.2 7.55669
1218000 500.928 -12970.9 27.4925
1219000 500.253 -12972.6 2.09794
1220000 499.88 -13002.6 17.4074
1221000 499.703 -12993.1 -32.6984
1222000 502.059 -12995.9 -24.5335
1223000 498.697 -12897.8 46.9149
1224000 498.819 -12940.9 -37.9864
1225000 499.621 -12892 70.5828
1226000 499.239 -13009 -31.3606
1227000 498.187 -13001.7 33.7993
1228000 498.814 -12889.5 -32.1751
1229000 498.311 -12910.6 42.8202
1230000 497.464 -12951.7 -33.5488
1231000 499.627 -12964.3 68.7401
1232000 499.458 -12980.6 -56.2746
1233000 501.032 -12885.3 3.85145
1234000 496.883 -13043.1 -23.5729
1235000 499.148 -12956.5 37.1957
1236000 498.968 -12955.9 -12.8089
1237000 498.993 -12916.2 21.8385
1238000 500.842 -12914.7 -20.8685
1239000 498.211 -12904.8 29.9156
1240000 498.916 -12858.7 -12.027
1241000 502.274 -12799.2 -9.11364
1242000 500.152 -12940.7 29.6973
1243000 500.664 -12979.4 -6.7607
1244000 501.888 -12934.9 -2.15697
1245000 499.062 -12923.5 3.63041
1246000 500.065 -12952.9 13.2585
1247000 500.463 -12910.6 5.15359
1248000 499.949 -12868.2 -13.8542
1249000 501.111 -12913.1 -24.9318
1250000 500.284 -13061.1 16.7982
1251000 497.775 -13048.6 -22.9175
1252000 499.166 -12985 36.8647
1253000 500.53 -12979.7 -57.2075
1254000 499.786 -13025.9 2.2229
1255000 499.143 -12996.3 -21.8757
1256000 501.658 -12953 -14.4982
1257000 500.234 -13052.1 27.6384
1258000 499.144 -12996.8 -25.4058
1259000 500.588 -12945.5 20.7326
1260000 499.777 -13024.2 21.738
1261000 499.292 -13059.5 -21.9223
1262000 500.429 -12994.9 -1.32122
1263000 502.142 -12931.9 1.36152
1264000 499.638 -13007.2 -7.96797
1265000 499.226 -13036.2 -38.9197
1266000 502.152 -12947.9 10.058
1267000 500.613 -12932.7 9.60952
1268000 499.287 -12943.1 -20.8854
1269000 499.028 -12952.5 12.6507
1270000 501.794 -13089.3 -20.9948
1271000 498.686 -13039.2 -0.556058
1272000 499.034 -13000 -25.7055
1273000 499.957 -12930.3 45.5912
1274000 500.321 -12962.2 -36.2357
1275000 502.087 -13003.9 -6.63291
1276000 500.354 -13035.2 43.166
1277000 500.795 -13047.1 -26.1869
1278000 498.914 -12984.9 28.1459
1279000 500.905 -12942.4 -1.21146
1280000 501.05 -12871.2 2.90615
1281000 500.612 -12908.1 -10.6131
1282000 499.034 -12980.3 3.30193
1283000 502.742 -12940.1 6.69557
1284000 499.644 -12995 -11.9347
1285000 500.458 -12914.1 -4.5636
1286000 500.068 -12960.7 6.76313
1287000 499.573 -12909.5 2.13385
1288000 500.63 -12876.9 6.67687
1289000 498.781 -12992.3 30.466
1290000 500.612 -12925.9 13.2192
1291000 501.214 -12877 -11.7998
1292000 499.315 -12949.6 -7.7692
1293000 496.659 -13015.7 0.718667
1294000 500.637 -13033.5 -6.09439
1295000 499.351 -13014 6.2357
1296000 500.775 -12981.2 9.8219
1297000 498.972 -12988.9 36.1312
1298000 501.727 -12937.2 28.7252
1299000 501.306 -12937.7 7.35575
1300000 500.344 -12949.4 -31.5103
1301000 500.49 -13008.5 38.6676
1302000 497.813 -12952.6 -0.183462
1303000 500.359 -12829.7 -4.29464
1304000 501.393 -12830.4 -0.724933
1305000 499.684 -12908.9 5.15995
1306000 499.038 -12946.1 -14.8207
1307000 497.487 -12902.3 2.40763
1308000 503.155 -12858.2 -21.5569
1309000 502.059 -12823.3 1.24248
1310000 501.187 -12861.7 -14.7933
1311000 499.943 -12836.7 25.3639
1312000 500.688 -12822.9 -52.898
1313000 498.232 -12868 17.8777
1314000 500.336 -12906.5 -17.9239
1315000 496.955 -12934.3 16.7631
1316000 500.551 -12946.6 -16.772
1317000 500.367 -12835.5 -0.938552
1318000 500.28 -12854.7 42.5959
1319000 497.997 -12895.6 -2.97028
1320000 502.173 -12844 21.8815
1321000 497.58 -13056.9 -16.3476
1322000 500.827 -12954.7 18.2974
1323000 498.713 -12958.6 -21.7049
1324000 501.574 -12943.8 23.0268
1325000 498.042 -12991.9 -15.9768
1326000 499.393 -12895.2 37.7463
1327000 499.158 -12809.9 -49.7852
1328000 496.634 -12954.2 -3.66916
1329000 499.404 -12881.7 48.5837
1330000 499.937 -12953.3 -28.2939
1331000 499.723 -12873.5 -0.0402042
1332000 501.047 -12875.4 6.39032
1333000 500.22 -12873.9 2.56001
1334000 498.473 -12830.6 2.44091
1335000 500.457 -12890.2 5.80534
1336000 500.472 -12887.6 -4.97853
1337000 497.419 -12959 3.78658
1338000 499.172 -12988 -10.1117
1339000 501.568 -12806.7 -16.013
1340000 501.775 -12966.9 31.2495
1341000 499.647 -12965.6 -10.8265
1342000 499.056 -12793.3 -15.5686
1343000 499.097 -12907 13.0538
1344000 500.505 -12872.5 -34.6
1345000 500.144 -12908.9 -8.17939
1346000 499.051 -12886.4 17.06
1347000 499.181 -12894.7 -29.2947
1348000 498.229 -12993.7 60.7477
1349000 502.269 -12943.4 -58.286
1350000 496.999 -12936.7 34.4326
1351000 499.671 -12898 -25.8666
1352000 503.71 -12748.7 13.8156
1353000 497.538 -12979.6 -10.4782
1354000 500.241 -12849.8 -7.39486
1355000 501.211 -12863.6 -33.2492
1356000 499.569 -12835.2 88.9957
1357000 500.317 -12834.1 -38.1208
1358000 497.05 -12891.3 11.8748
1359000 500.268 -12911.3 9.55666
1360000 500.627 -12884.9 -11.5986
1361000 498.98 -12955.4 13.526
1362000 501.58 -12958.9 3.96034
1363000 500.861 -12901.8 -29.5153
1364000 499.314 -12921.1 45.5048
1365000 501.019 -12821.1 -32.8397
1366000 501.11 -12940.4 45.7791
1367000 500.426 -12889.6 4.00253
1368000 500.791 -12756.3 -15.6546
1369000 498.949 -12906.8 -31.5136
1370000 499.005 -12863.5 7.7469
1371000 499.536 -12914.5 -8.80607
1372000 501.586 -12928.7 20.8476
1373000 500.695 -12947.9 6.14576
1374000 498.723 -12917.3 -15.6051
1375000 498.624 -13007.6 38.2288
1376000 500.17 -12828.2 -30.6853
1377000 497.598 -12936.3 23.8807
1378000 501.507 -12917 7.43126
1379000 498.322 -12855.5 -15.8483
1380000 498.505 -12848.8 30.4763
1381000 499.348 -12933.8 -11.1176
1382000 501.118 -12871.6 7.06648
1383000 499.37 -12819.2 12.6455
1384000 498.522 -12825.7 -20.8092
1385000 502.132 -12880.4 -0.992357
1386000 500.156 -12839.9 32.0606
1387000 499.105 -12874.8 -37.69
1388000 499.429 -12864.5 18.6563
1389000 500.044 -12935.6 -4.74939
1390000 497.54 -12900.1 7.13825
1391000 500.886 -12878.1 -1.23263
1392000 497.506 -13011.4 25.9348
1393000 500.04 -12889.2 17.4525
1394000 501.51 -12935.3 26.1206
1395000 501.903 -12946.9 -39.7114
1396000 500.86 -12892.4 29.8834
1397000 499.368 -12851.3 27.5833
1398000 501.63 -12892.8 13.4035
1399000 501.096 -12864.7 -56.0155
1400000 501.395 -12890.3 2.45261
1401000 498.692 -13013.2 -6.05531
1402000 499.667 -12999.3 -5.54628
1403000 500.236 -12896.3 11.7356
1404000 501.103 -12914 0.523053
1405000 499.046 -12922.5 37.2685
1406000 498.225 -12799.1 -22.1444
1407000 500.901 -12859.1 9.83893
1408000 500.511 -12899.2 -10.0379
1409000 498.637 -12928.4 -7.3696
1410000 497.78 -12931 -12.1114
1411000 497.931 -12920.9 5.16406
1412000 499.293 -12882.6 3.66458
1413000 500.32 -12889.1 -0.959102
1414000 500.622 -12874.7 36.5373
1415000 499.802 -12903.2 -9.66877
1416000 499.645 -12932.3 -27.8347
1417000 501.764 -12906.2 -8.4647
1418000 499.218 -12985.1 29.0968
1419000 501.102 -12905.3 -18.486
1420000 502.534 -12799 33.0161
1421000 501.174 -12828.7 -26.1076
1422000 502.272 -12758.7 -5.77116
1423000 500.995 -12778.2 22.7579
1424000 501.604 -12800.6 -18.2607
1425000 501.161 -12842.9 -13.9064
1426000 498.619 -12788.2 4.70211
1427000 501.499 -12881.6 -16.226
1428000 498.944 -12826.4 13.691
1429000 501.577 -12851.4 -2.38192
1430000 502.843 -12743.3 -11.5994
1431000 499.276 -12897.1 45.2989
1432000 499.816 -12854.7 -26.9825
1433000 500.374 -12838.2 0.673005
1434000 501.102 -12851.8 29.2872
1435000 502.157 -12798.6 -17.1447
1436000 500.011 -12866.3 5.88539
1437000 501.694 -12911 20.2405
1438000 500.055 -12928.1 2.21774
1439000 498.373 -12831.2 -29.7171
1440000 499.345 -12849.8 51.5225
1441000 502.467 -12866.6 -67.1981
1442000 499.421 -12833 31.0651
1443000 501.192 -12779.4 12.1431
1444000 500.661 -12878.9 10.5363
1445000 499.87 -12802.3 4.10965
1446000 498.439 -12928.1 1.73452
1447000 503.852 -12781.8 -21.4142
1448000 499.807 -12930.4 16.0051
1449000 499.013 -12912.5 13.1958
1450000 500.398 -12872.1 16.5712
1451000 500.411 -12915.6 -27.5373
1452000 500.307 -12966.5 17.8568
1453000 499.458 -13043.9 -26.0321
1454000 500.976 -12891.2 58.091
1455000 499.182 -12933.7 -11.0182
1456000 499.769 -12866.6 11.7647
1457000 500.184 -12850.2 0.486178
1458000 500.307 -12892.7 18.9894
1459000 498.172 -12939.9 -16.1963
1460000 498.039 -12948.2 15.7137
1461000 500.43 -12861.8 -27.6732
1462000 502.53 -12819.8 21.4741
1463000 499.407 -12899.6 -26.1809
1464000 498.236 -12981.7 10.2621
1465000 500.375 -12881.3 -16.0297
1466000 497.123 -12918.3 48.3596
1467000 501.053 -12844.8 -24.1494
1468000 498.803 -12941.2 32.9449
1469000 503.024 -12826 -18.4996
1470000 499.777 -12913.8 7.40846
1471000 500.685 -12882 14.9584
1472000 501.394 -12851.3 -47.4363
1473000 502.865 -12797.1 41.1604
1474000 499.039 -12918.8 -23.8297
1475000 504.234 -12803.7 64.8491
1476000 498.815 -12989.6 -39.7384
1477000 499.351 -12950.6 -18.1388
1478000 499.047 -12919.7 53.152
1479000 498.716 -12929.4 -48.5645
1480000 500.094 -12836.8 50.6242
1481000 498.191 -12891.4 -12.3991
1482000 500.66 -12898.8 -2.06307
1483000 497.682 -12958.3 -16.653
1484000 500.183 -12946.2 12.3716
1485000 501.194 -12864.7 32.5884
1486000 502.154 -12821.9 5.4815
1487000 500.972 -12903.5 -7.25077
1488000 497.602 -13002 5.86852
1489000 499.549 -12941.6 10.4859
1490000 499.808 -12923.3 -13.6709
1491000 500.036 -12963.4 4.13479
1492000 499.563 -12892.6 -6.58634
1493000 499.025 -12956.9 -26.98
1494000 498.368 -13004.3 22.0845
1495000 500.507 -12866.6 12.3884
1496000 500.853 -12850 24.891
1497000 499.773 -12890.2 -37.5047
1498000 497.582 -12924.9 41.8915
1499000 501.539 -12856.2 -1.57298
1500000 498.502 -12905.1 2.43479
1501000 499.941 -12963.9 28.0311
1502000 499.102 -12952.9 3.63664
1503000 499.756 -12981.8 -13.9842
1504000 499.939 -13024.2 -4.58847
1505000 497.833 -12943.7 76.0691
1506000 499.658 -13046.4 -50.8848
1507000 499.895 -12890.2 35.3969
1508000 501.545 -12977.8 -33.6668
1509000 499.065 -12963.4 13.0894
1510000 500.604 -13079.3 3.94195
1511000 500.954 -12995.7 -23.8571
1512000 497.588 -13039.2 12.9412
1513000 498.462 -12945.6 5.92784
1514000 502.981 -12836.5 -13.5025
1515000 501.319 -12877.5 8.82861
1516000 498.646 -13006.8 14.3355
1517000 501.117 -13008.8 10.587
1518000 498.281 -12995.9 14.7124
1519000 498.197 -12980.9 -21.0011
1520000 496.951 -12980.1 87.5288
1521000 499.644 -12993.3 -33.9709
1522000 499.953 -12982.3 -4.12649
1523000 500.032 -12945.8 -5.79324
1524000 499.204 -13056.7 25.9507
1525000 498.126 -13005.5 -30.5805
1526000 502.207 -12871.7 7.86011
1527000 499.711 -12956 -42.1161
1528000 497.413 -12984.3 7.41322
1529000 503.107 -12940.5 21.6342
1530000 499.037 -12990.6 -6.30998
1531000 499.434 -13059 33.2017
1532000 500.11 -12912.5 14.6679
1533000 499.122 -12984.5 12.4388
1534000 500.066 -13029.1 15.9065
1535000 499.813 -13034.9 9.92381
1536000 501.824 -12873.2 0.989327
1537000 500.518 -12892.3 -15.7954
1538000 500.684 -12911.2 -9.68662
1539000 499.561 -12902.7 -13.2415
1540000 500.909 -12916.8 -7.96297
1541000 499.141 -12967.9 16.5281
1542000 501.231 -12923.6 9.63898
1543000 500.646 -12898.4 1.73521
1544000 500.91 -12940.4 21.3845
1545000 498.877 -12974.5 -27.4056
1546000 499.799 -12914.9 33.5731
1547000 498.743 -12968.4 -31.2832
1548000 502.053 -12896.6 23.7185
1549000 501.596 -12882.8 -52.4832
1550000 498.994 -12935.2 23.555
1551000 500.573 -12966.5 -23.1418
1552000 500.146 -12941.3 8.49737
1553000 504.281 -12914.3 3.12665
1554000 499.596 -13047.7 -30.8874
1555000 500.696 -13068.7 7.24228
1556000 498.458 -13012.6 -1.5754
1557000 501.114 -12921.5 -22.2437
1558000 498.62 -13012.1 27.778
1559000 499.464 -12960.7 -8.98286
1560000 499.461 -12970.1 -9.63082
1561000 500.281 -12925.1 9.39916
1562000 498.908 -12986.6 -19.6419
1563000 501.176 -12858 18.9223
1564000 500.736 -12969.6 -18.4822
1565000 503.254 -12889.3 -33.3608
1566000 499.916 -12976.3 62.2243
1567000 500.515 -12998 -27.2478
1568000 495.858 -12969 -12.6646
1569000 499.765 -12902.4 10.1519
1570000 499.94 -12931.3 4.9465
1571000 498.433 -12949.9 13.8243
1572000 499.456 -12945.3 -9.40082
1573000 500.967 -12855.6 4.95614
1574000 499.159 -12906.4 16.9481
1575000 500.013 -12857.9 -1.27505
1576000 498.676 -12997.7 9.03348
1577000 498.831 -12857.3 4.10344
1578000 499.026 -12915.7 -28.8545
1579000 498.143 -12885.6 37.1084
1580000 499.848 -12856.8 20.2609
1581000 498.922 -12955.2 -6.65362
1582000 500.593 -12929.2 11.6624
1583000 498.97 -12977.4 -9.34502
1584000 498.43 -12937.7 20.3626
1585000 498.623 -12866.3 -0.657922
1586000 498.228 -12942.7 -20.3536
1587000 499.437 -12933.3 -5.86334
1588000 499.807 -12921.7 14.3188
1589000 500.662 -12949.7 -3.2168
1590000 502.454 -12880.5 7.7107
1591000 501.221 -12910.5 -2.89507
1592000 499.731 -12855.4 -10.1373
1593000 501.25 -12865.7 -2.77861
1594000 499.099 -12802.6 1.73922
1595000 499.22 -12914.8 -25.7995
1596000 501.324 -12922.4 22.1084
1597000 500.326 -12931.9 -4.24751
1598000 499.435 -12930.8 50.6966
1599000 500.46 -12880.6 -7.10496
1600000 500.098 -12849 12.2529
1601000 501.582 -12877.9 -58.9493
1602000 502.553 -12808.7 75.8913
1603000 498.461 -12861.3 -56.2777
1604000 497.927 -12830 10.4041
1605000 500.159 -12894.5 47.1908
1606000 498.535 -12936.3 -42.0497
1607000 499.893 -13023.5 21.3783
1608000 500.139 -12886.8 -40.0885
1609000 497.092 -12831 6.27486
1610000 501.569 -12919.4 2.79556
1611000 500.001 -12853.7 -6.81407
1612000 502.461 -12781.9 -8.00581
1613000 501.42 -12829.7 -30.2098
1614000 498.83 -12857.4 15.7512
1615000 499.748 -12789.8 23.7657
1616000 498.587 -12817.7 -7.442
1617000 501.211 -12851.6 -0.902159
1618000 500.199 -12805.2 -0.404018
1619000 499.431 -12696.7 3.81238
1620000 499.546 -12795.2 9.35345
1621000 499.098 -12837 -29.9645
1622000 500.55 -12877.5 2.67325
1623000 499.872 -12888.2 13.4235
1624000 502.921 -12876.7 -54.7971
1625000 500.519 -12841 10.8029
1626000 500.664 -12902.5 13.9622
1627000 499.976 -13008.4 9.17419
1628000 498.028 -12934.6 -28.7467
1629000 499.32 -12897.7 6.75884
1630000 501.063 -12868.6 -7.02996
1631000 500.095 -12881.7 1.10383
1632000 499.558 -12886.1 1.90583
1633000 498.112 -12913.3 24.2887
1634000 500.143 -12830.7 28.8991
1635000 498.876 -12870.1 -48.2724
1636000 500.526 -12866.6 -8.33433
1637000 500.686 -12805.4 17.7264
1638000 499.995 -12756.9 17.1093
1639000 500.138 -12718.7 5.22017
1640000 499.229 -12799.2 -18.7957
1641000 500.394 -12828.7 14.1617
1642000 500.632 -12888.9 -17.0379
1643000 497.263 -12889.2 1.34286
1644000 499.258 -12901.1 19.3888
1645000 500.994 -12862 11.5273
1646000 501.434 -12832.2 -36.143
1647000 500.568 -12735.1 -7.93917
1648000 498.844 -12828.8 31.6521
1649000 499.313 -12761.8 -21.4217
1650000 496.844 -12868 21.6918
1651000 500.849 -12798.2 -17.314
1652000 500.079 -12846.1 5.78948
1653000 500.251 -12842.3 -38.2098
1654000 501.522 -12849.3 -11.6461
1655000 500.08 -12805.9 38.4172
1656000 499.3 -12856.1 -21.5336
1657000 497.91 -12843.2 -8.96159
1658000 501.741 -12824.5 3.84151
1659000 501.271 -12799 11.8488
1660000 501.432 -12795.3 -8.78058
1661000 498.765 -12940.2 8.01356
1662000 500.397 -12936.5 -35.3179
1663000 500.118 -12846.1 7.94486
1664000 502.104 -12793.3 21.7394
1665000 499.987 -12978.1 -0.327715
1666000 496.944 -12996.6 -39.6706
1667000 499.444 -12914.7 30.3954
1668000 501.382 -12888.8 -9.19477
1669000 501.061 -12861.3 -0.501924
1670000 500.194 -12905.5 -9.04589
1671000 502.617 -12852.4 2.84142
1672000 497.95 -12866.2 20.5049
1673000 501.926 -12842.3 27.838
1674000 501.086 -12846.4 -4.98484
1675000 502.538 -12850.8 -16.5442
1676000 500.793 -12927.7 13.2627
1677000 498.602 -12909.6 -3.66033
1678000 498.772 -12980.6 30.6836
1679000 499.322 -12868 -7.94713
1680000 496.844 -12963.3 21.0954
1681000 500.523 -12879.6 1.56796
1682000 498.8 -12974.9 18.8736
1683000 498.557 -12958 -4.12861
1684000 500.139 -12887.6 8.30676
1685000 499.715 -12926.3 3.21253
1686000 501.569 -12976.6 32.5283
1687000 499.218 -12936.1 -25.6274
1688000 500.377 -12883.8 38.0991
1689000 500.619 -12979 -29.6389
1690000 501.816 -12880.3 -17.5173
1691000 501.026 -12857.1 -22.3068
1692000 497.272 -13024.1 14.3479
1693000 498.736 -12995.7 20.8619
1694000 501.834 -12917.2 -35.1488
1695000 500.668 -12944.8 50.4727
1696000 499.144 -13012.1 -52.0971
1697000 500.793 -12935.9 27.5868
1698000 499.513 -12952.1 -2.39362
1699000 500.645 -12886.3 -7.21112
1700000 501.432 -12841.5 15.5979
1701000 502.983 -12849.6 -15.8329
1702000 502.005 -12887.2 15.9418
1703000 501.335 -12916.4 -26.4645
1704000 500.417 -12886.7 -13.8893
1705000 501.912 -12901.3 17.8971
1706000 498.209 -12965.3 -9.06332
1707000 498.648 -12935.1 24.1563
1708000 499.417 -12927.3 -8.39127
1709000 497.311 -13030.2 9.06381
1710000 498.089 -12972.9 -2.12881
1711000 502.921 -12925.4 18.3614
1712000 500.75 -12938.3 -7.92287
1713000 499.814 -12979.7 23.468
1714000 500.668 -12860.3 3.57262
1715000 501.323 -12853.5 12.946
1716000 498.916 -12969.3 -3.4896
1717000 502.958 -12885.5 -6.14329
1718000 497.455 -12961.5 -12.2874
1719000 500.132 -12925.2 12.7752
1720000 498.033 -13028.9 -31.4681
1721000 499.216 -12918.9 28.5002
1722000 503.688 -12911.4 10.2179
1723000 498.917 -12947.2 3.47854
1724000 502.051 -12825.2 6.14785
1725000 499.768 -12938.5 -30.6177
1726000 497.731 -12927.8 60.3916
1727000 498.926 -12860.9 30.0371
1728000 501.626 -12928.7 -27.7064
1729000 500.199 -12932.9 -23.1413
1730000 498.781 -12911.6 31.4002
1731000 496.655 -12905.8 -5.65958
1732000 501.141 -12837.8 36.5904
1733000 501.095 -12817 -0.0704135
1734000 498.521 -13019.5 50.1185
1735000 498.852 -13018 5.36221
1736000 500.652 -12931.8 13.6412
1737000 499.63 -12929 -67.4835
1738000 500.435 -12882.8 23.9227
1739000 500.019 -12906.5 -13.1273
1740000 500.035 -12868.4 -2.24431
1741000 501.965 -12855 -1.70898
1742000 498.505 -12853.9 -33.8375
1743000 500.765 -12944.9 25.9636
1744000 500.961 -12847.1 -18.3228
1745000 500.167 -12976.7 -26.0408
1746000 497.344 -12934.4 44.6692
1747000 501.175 -12817.2 -19.0048
1748000 499.64 -12973.9 -10.0217
1749000 500.697 -12969.8 9.28214
1750000 498.101 -13043.1 -0.638184
1751000 501.715 -12857.8 4.25693
1752000 498.475 -12916.7 -28.9412
1753000 501.261 -12870.9 6.24434
1754000 498.842 -12909.8 25.4629
1755000 501.148 -12790.2 -16.1015
1756000 500.643 -12831.2 -23.0218
1757000 502.607 -12828.3 20.944
1758000 499.857 -12928.8 -13.7611
1759000 499.485 -12874.6 -9.69567
1760000 500.167 -12905.9 -7.21254
1761000 497.307 -12966.7 -4.19284
1762000 501.117 -12826.8 14.296
1763000 502.121 -12902.6 -2.71733
1764000 497.988 -12928.8 31.0103
1765000 500.79 -12889.3 8.81038
1766000 498.292 -13014.2 -3.80281
1767000 497.807 -12969.9 47.7457
1768000 500.102 -12886.1 -33.4525
1769000 501.571 -12892.6 -11.7391
1770000 499.142 -13058.8 1.65529
1771000 500.631 -12958.2 18.6709
1772000 498.788 -13018 -25.9135
1773000 500.237 -12995 -4.96933
1774000 499.152 -13054.8 21.6437
1775000 500.456 -12961.8 -7.71944
1776000 500.251 -12977.8 -26.7305
1777000 498.21 -13102.4 29.5678
1778000 498.881 -13032.2 -15.7593
1779000 500.602 -13020.4 -24.2429
1780000 500.411 -13004.6 37.9935
1781000 502.707 -12856.7 -35.0832
1782000 501.778 -12975.8 11.5534
1783000 499.698 -13053.5 -35.8974
1784000 499.943 -13006.7 50.7588
1785000 500.738 -12955.1 -38.468
1786000 502.762 -12885.6 38.8648
1787000 500.342 -13048.4 -51.8837
1788000 499.065 -13054.2 14.9407
1789000 499.038 -13032.9 1.41817
1790000 500.927 -13053.1 10.2347
1791000 502.931 -13061.9 0.808116
1792000 499.446 -13058.6 -10.9137
1793000 497.806 -13004.3 6.58938
1794000 499.329 -13086.1 29.129
1795000 501.085 -13040.7 4.53916
1796000 499.809 -13037.6 -18.653
1797000 501.215 -12957.9 7.32329
1798000 501.388 -13050.1 10.3521
1799000 498.229 -13010.5 9.14298
1800000 500.86 -12992.2 -9.33574
1801000 498.409 -13046.5 16.1368
1802000 497.587 -13024.7 -11.1129
1803000 499.106 -12965.6 57.7037
1804000 499.132 -13029.9 -24.9333
1805000 499.132 -12982.4 41.052
1806000 498.151 -13004.6 -0.892261
1807000 503.463 -12870.6 -7.01265
1808000 502 -12844.7 -10.6514
1809000 496.534 -13047.3 38.6364
1810000 500.272 -12970.8 -48.6581
1811000 497.984 -13057.8 28.5519
1812000 499.473 -13005.6 -10.4005
1813000 500.45 -12966.7 -7.76051
1814000 499.344 -12923.2 15.5073
1815000 500.489 -12993.3 16.9935
1816000 502.977 -12904.5 32.0757
1817000 498.865 -12987.4 -22.5491
1818000 498.946 -12901.6 23.3562
1819000 496.541 -12935.6 -36.0677
1820000 501.525 -12942.9 58.7559
1821000 501.619 -12896.1 24.8849
1822000 498.556 -12922.9 -35.099
1823000 498.121 -12990.6 40.066
1824000 501.453 -12941.4 -20.4454
1825000 500.023 -12953.6 5.20988
1826000 502.214 -12921.8 -13.2046
1827000 498.458 -12951.3 35.8806
1828000 501.437 -12927 -14.8
1829000 499.719 -12938.7 -2.9989
1830000 501.552 -12901.8 16.4352
1831000 502.77 -12899.9 5.32948
1832000 501.335 -12913.8 -9.21307
1833000 499.046 -12906 15.9727
1834000 499.277 -12909 -16.1315
1835000 500.49 -12869.6 -8.0085
1836000 502.466 -12913.8 16.9964
1837000 498.433 -12994.4 17.8306
1838000 499.29 -13006.9 -7.7139
1839000 499.409 -12963.7 0.319211
1840000 498.576 -12981.3 7.21101
1841000 500.707 -12919.5 8.51745
1842000 496.887 -13016.1 2.52962
1843000 501.409 -12957.4 -29.718
1844000 500.374 -12923.6 32.9528
1845000 498.08 -13017.8 -21.7045
1846000 501.503 -13030 18.2405
1847000 500.264 -13017.6 -54.9704
1848000 498.083 -13005.7 22.959
1849000 499.224 -13025.7 12.2804
1850000 500.76 -12959.8 11.5711
1851000 500.156 -12905.2 -21.5762
1852000 501.834 -12974.3 21.3222
1853000 500.513 -12907.1 -10.9174
1854000 499.339 -12979.1 -8.6139
1855000 501.553 -12976.9 -1.93421
1856000 503.027 -12960.4 -11.6086
1857000 500.03 -13044.2 -0.503047
1858000 502.459 -12912.1 18.7578
1859000 502.061 -12966.6 5.67282
1860000 500.201 -13005.6 -38.2306
1861000 501.593 -12967.1 25.5399
1862000 501.714 -12985 16.7947
1863000 496.66 -13068.7 -47.3774
1864000 499.242 -13039.5 6.46502
1865000 497.942 -13050.8 22.3646
1866000 502.003 -12930.5 -7.44652
1867000 499.86 -12962.8 10.8317
1868000 501.622 -12974.3 -33.4473
1869000 501.562 -12908.7 10.4461
1870000 500.398 -13006.4 -23.555
1871000 502.052 -13013.3 18.5048
1872000 501.092 -12961.4 22.8749
1873000 499.762 -12881.4 -37.3845
1874000 498.841 -13057.5 22.0859
1875000 496.896 -13070.3 -27.3364
1876000 499.835 -13057.2 64.3415
1877000 500.198 -12946.9 -49.1906
1878000 503.007 -12849.4 -17.6825
1879000 498.975 -12992.7 35.3634
1880000 500.471 -13029.1 -39.2613
1881000 498.761 -12934.5 -16.3583
1882000 499.592 -13071 -17.6547
1883000 497.564 -13079.4 47.6166
1884000 501.643 -12955.4 4.27674
1885000 500.149 -12924.8 -33.8053
1886000 501.343 -12991.3 11.0294
1887000 498.961 -12942.3 -24.773
1888000 500.738 -13041.2 62.297
1889000 500.765 -12955.2 -21.0985
1890000 499.512 -13020.4 1.99884
1891000 499.846 -12980.2 -12.7665
1892000 500.053 -12967 -9.69177
1893000 501.747 -12896.8 9.41021
1894000 501.329 -12953.2 -5.90571
1895000 500.937 -12920.5 6.51119
1896000 497.488 -13111.5 11.1882
1897000 499.281 -12963.6 31.2414
1898000 497.12 -13008.5 20.9916
1899000 500.624 -13006.4 1.62113
1900000 498.206 -13081.9 -21.6514
1901000 498.728 -13021.9 14.4088
1902000 500.218 -12908.2 11.3039
1903000 499.609 -12961 14.9246
1904000 500.679 -13030.8 -2.30966
1905000 497.095 -13113.6 17.3148
1906000 499.436 -12953 1.53208
1907000 498.617 -12986 3.7627
1908000 500.295 -13007.4 -4.63262
1909000 499.353 -12940.7 -8.32736
1910000 499.574 -12964.2 -21.4981
1911000 500.93 -12912 8.69968
1912000 502.343 -12905.9 6.92244
1913000 500.075 -12865.7 -16.3174
1914000 500.603 -12970.8 1.62348
1915000 502.494 -12911.1 -31.0225
1916000 500.427 -12855.2 43.2431
1917000 500.857 -12903.2 -35.669
1918000 500.429 -12984.5 27.8384
1919000 501.158 -12936.6 5.66715
1920000 499.05 -12934.5 -0.231682
1921000 500.88 -12851.8 -3.67915
1922000 500.044 -12880.4 12.6955
1923000 500.058 -12911.4 -24.0512
1924000 501.631 -12902.2 59.6653
1925000 500.899 -12988.5 -16.9456
1926000 497.586 -12974.8 -2.40932
1927000 501.73 -12944.4 32.9202
1928000 499.444 -12873.3 -26.3728
1929000 502.237 -12866.5 13.7719
1930000 500.389 -12901.4 31.5532
1931000 500.451 -12943.2 10.4633
1932000 498.866 -12886.7 -26.8674
1933000 501.494 -12976.7 52.3069
1934000 498.584 -12988.4 -11.8847
1935000 500.923 -12968.2 24.1654
1936000 502.613 -12875.1 -14.1442
1937000 499.967 -12874.1 -13.7633
1938000 502.329 -12861.9 11.8591
1939000 501.104 -12890.6 -35.1786
1940000 499.402 -12938.7 3.01128
1941000 498.469 -12901.4 -17.2135
1942000 500.759 -12928.6 -14.65
1943000 501.373 -12861.6 28.5211
1944000 500.446 -12938.2 -3.52675
1945000 497.336 -12882.8 27.3558
1946000 500.571 -12919 -12.9706
1947000 499.195 -12986.6 2.32432
1948000 499.73 -12952.4 -17.0708
1949000 499.987 -12890.6 17.1989
1950000 500.277 -12924.6 -69.0184
1951000 501.397 -12890.6 -26.1974
1952000 502.137 -12881 55.2894
1953000 500 -12888.1 2.04335
1954000 501.432 -12918.4 -12.3308
1955000 498.888 -12995.9 35.9404
1956000 499.571 -12966 -12.844
1957000 499.612 -12925 26.639
1958000 500.331 -12836.3 -10.9403
1959000 499.523 -12914.8 0.562602
1960000 501.618 -12871 36.5281
1961000 500.215 -12893.2 -34.4915
1962000 498.966 -12887.8 -24.8368
1963000 497.717 -12945.2 62.3021
1964000 500.805 -12981.3 -57.7766
1965000 500.456 -12896.1 31.1071
1966000 498.295 -12870.4 -16.8435
1967000 497.675 -12977.6 -47.1089
1968000 501.346 -12900.6 31.7259
1969000 500.858 -12920.6 -22.8981
1970000 502.574 -12912 5.99672
1971000 498.763 -13045.3 10.6852
1972000 500.596 -12892.5 19.5923
1973000 501.287 -12979.5 1.27314
1974000 503.203 -12834.8 -13.0387
1975000 499.852 -12998.5 2.06985
1976000 499.032 -13102.9 -47.3094
1977000 500.168 -13039.9 4.98004
1978000 502.712 -12888.9 -8.53293
1979000 500.812 -12846.5 -35.7898
1980000 502.535 -12859.1 10.5542
1981000 499.31 -12928.9 13.6586
1982000 500.735 -12968.5 31.2448
1983000 499.831 -12977.3 -4.49317
1984000 500.521 -12916.3 33.7418
1985000 501.398 -12954.7 6.24255
1986000 498.867 -12987.6 -21.9919
1987000 499.034 -12997.3 18.7514
1988000 497.879 -12927.9 -5.44007
1989000 500.2 -12996.5 -1.85329
1990000 501.548 -12904.3 -23.2378
1991000 500.596 -12917.9 16.0274
1992000 497.743 -13040.5 -15.6917
1993000 503.212 -12935.3 -4.14695
1994000 498.668 -13042.9 -22.102
1995000 499.054 -12981.1 61.2739
1996000 501.622 -12919.9 -15.3147
1997000 500.612 -12986.6 25.3759
1998000 499.157 -13038.4 -9.05341
1999000 499.9 -12884.3 29.8825
2000000 498.604 -12971.1 -24.0872
