# Time-averaged data for fix 3
# TimeStep v_Temperature v_PotentialEnergy v_Pressure
2000 500.189 -14055.5 -11.2211
3000 499.958 -13866.3 9.44334
4000 500.256 -13813.9 -16.8049
5000 499.524 -13777 19.4162
6000 499.45 -13894.6 16.649
7000 500.191 -13862.6 -44.5573
8000 499.883 -13910.2 37.8311
9000 499.836 -13891.2 -31.69
10000 498.79 -13788.9 38.7931
11000 499.697 -13851.8 11.9332
12000 497.669 -13796.1 17.3484
13000 498.732 -13807.6 7.57116
14000 500.151 -13867 1.29686
15000 497.88 -13804.8 -10.2141
16000 500.032 -13770.1 9.24125
17000 501.164 -13757.5 -16.2012
18000 497.793 -13762.9 2.33221
19000 500.193 -13779.7 7.2165
20000 497.077 -13762.6 -18.3807
21000 498.829 -13754.1 -35.5408
22000 499.487 -13731.3 8.63097
23000 500.523 -13578.5 -10.9197
24000 499.696 -13668.7 32.2615
25000 500.326 -13711.2 -36.4963
26000 499.202 -13709.9 -7.2629
27000 499.716 -13692 13.5003
28000 500.002 -13671.9 10.5534
29000 501.088 -13674.4 -15.8338
30000 498.203 -13700.6 41.1284
31000 501.432 -13673.5 1.67273
32000 499.322 -13734.5 -2.14677
33000 499.487 -13671.2 -32.2924
34000 499.643 -13624.5 27.5464
35000 499.922 -13636.7 19.1678
36000 499.788 -13548 15.032
37000 501.819 -13514 -33.0388
38000 500.757 -13587.7 6.10769
39000 499.163 -13527.6 -2.97312
40000 500.033 -13605.7 26.5949
41000 498.962 -13612.3 16.2681
42000 498.143 -13568.3 -16.6902
43000 499.605 -13596.4 20.9008
44000 499.331 -13589.7 -7.62595
45000 501.181 -13514.5 8.06583
46000 501.11 -13523 -9.27958
47000 499.575 -13564 -7.61774
48000 501.688 -13532.3 -9.61671
49000 501.924 -13468.6 5.55103
50000 500.816 -13458.6 -6.6853
51000 500.005 -13491.3 -3.35177
52000 499.993 -13426.7 23.1045
53000 497.473 -13564.1 -1.74705
54000 499.744 -13378.4 -13.1816
55000 498.362 -13542.1 11.1467
56000 499.656 -13475.3 31.9284
57000 499.968 -13528.9 -18.4084
58000 497.487 -13499.7 28.2138
59000 500.174 -13448.4 -34.4004
60000 498.543 -13458.3 3.57885
61000 498.051 -13532.2 -9.27357
62000 500.103 -13536.1 -20.0562
63000 499.43 -13457.1 27.4776
64000 498.054 -13489.6 -4.74908
65000 502.672 -13411.7 17.2106
66000 501.692 -13441.2 1.49819
67000 498.453 -13507.1 21.8942
68000 501.013 -13487.5 -7.0759
69000 498.023 -13446.5 -13.4975
70000 499.451 -13453.6 -17.4259
71000 498.28 -13492.6 57.7753
72000 499.423 -13429.6 -29.8167
73000 496.904 -13427.6 0.175613
74000 502.113 -13323.7 -15.7631
75000 502.091 -13273.6 26.3751
76000 498.052 -13357.2 24.7714
77000 500.161 -13343.2 2.51669
78000 498.016 -13396.8 -9.91822
79000 499.586 -13372.2 16.6002
80000 500.464 -13358 -2.02955
81000 499.251 -13376.2 -2.49934
82000 502.207 -13237.7 33.7061
83000 499.149 -13285.8 -53.2327
84000 499.034 -13364.4 25.1794
85000 501.588 -13251 30.0796
86000 501.635 -13274.9 -11.1135
87000 501.147 -13241.2 -8.4171
88000 501.909 -13305 6.27528
89000 499.831 -13310 -27.2179
90000 501.246 -13238.6 24.757
91000 499.799 -13256.4 -11.2944
92000 499.656 -13314.5 30.5277
93000 498.199 -13339.6 -42.5284
94000 501.341 -13359.4 -7.26143
95000 500.561 -13262.7 -16.2127
96000 500.108 -13304 -22.7584
97000 500.43 -13287.7 40.7888
98000 499.678 -13214.6 18.896
99000 497.387 -13281.5 4.41925
100000 499.962 -13282.7 9.45647
101000 496.878 -13301.4 -21.8696
102000 498.466 -13346.4 -19.0176
103000 497.838 -13317.5 13.8408
104000 497.388 -13429.3 -8.0229
105000 499.381 -13294.7 -32.1642
106000 499.653 -13228.4 78.8025
107000 499.603 -13318.8 -10.5602
108000 501.352 -13261.4 -14.0135
109000 501.74 -13187.2 -25.4234
110000 500.324 -13254.7 -3.98877
111000 500.564 -13342.3 8.53034
112000 500.895 -13335.8 -0.920637
113000 500.193 -13197.1 -0.964478
114000 500.614 -13231.7 -9.60399
115000 497.919 -13296.8 37.7162
116000 500.245 -13218 -60.9586
117000 501.392 -13248.3 56.7768
118000 498.191 -13235.6 -30.6908
119000 502.073 -13204.2 62.5479
120000 498.643 -13219.3 -40.9056
121000 499.665 -13232.5 -24.4984
122000 501.845 -13183.9 -19.1458
123000 500.988 -13196.4 8.6208
124000 499.918 -13113.2 9.57316
125000 501.533 -13105.6 -12.2873
126000 501.968 -13113.4 -12.86
127000 500.317 -13128.8 20.4679
128000 502.216 -13078.3 -6.954
129000 500.873 -13271.7 1.34014
130000 500.549 -13095 -3.23909
131000 500.046 -13213.5 5.36184
132000 501.129 -13157.4 -10.3932
133000 498.014 -13173.8 50.4149
134000 503.664 -13140.9 -38.8439
135000 497.906 -13268.1 22.7614
136000 498.175 -13215.8 10.167
137000 498.984 -13262.4 -24.3254
138000 499.599 -13197.9 63.7557
139000 499.193 -13135.3 -24.522
140000 500.933 -13057.6 39.8387
141000 499.531 -13139.3 -17.0342
142000 500.82 -13056.2 -20.2181
143000 500.03 -13061.2 15.8057
144000 501.466 -13039.5 22.3099
145000 498.17 -13149.8 1.4211
146000 498.292 -13214.2 24.3312
147000 498.756 -13155.6 -34.3842
148000 498.335 -13059.5 29.4642
149000 500.348 -13063.6 5.84901
150000 497.649 -13157.5 -14.0842
151000 501.36 -13057.7 51.2056
152000 502.404 -13081.8 -22.611
153000 500.576 -13083.3 12.2163
154000 499.974 -13046.8 -23.7888
155000 496.279 -13181.6 15.7458
156000 500.076 -13131.7 -8.55875
157000 499.125 -13087.9 -5.67459
158000 501.627 -13006.9 -19.616
159000 500.375 -13056.9 -2.32479
160000 500.368 -13032 1.40157
161000 499.502 -13153.4 12.0422
162000 499.144 -13150.5 2.97986
163000 500.896 -13093.2 -41.0973
164000 501.615 -13087 32.2626
165000 500.372 -13115.6 -17.074
166000 503.539 -13052.8 -13.7115
167000 499.506 -13087.3 -23.3569
168000 499.998 -13076.1 13.8295
169000 498.718 -13106.4 21.096
170000 500.711 -13021.1 -1.26681
171000 500.235 -13055 0.924985
172000 499.113 -13083 -40.8611
173000 499.553 -13153.8 -3.16348
174000 496.474 -13089.6 13.2261
175000 501.785 -13074.4 16.9895
176000 498.287 -13110.5 -16.6677
177000 498.406 -13089.3 32.2347
178000 500.135 -13058.4 -34.302
179000 499.302 -13131 4.04962
180000 498.924 -13125.8 4.46179
181000 501.653 -13134.8 7.64833
182000 500.715 -13104.5 0.770088
183000 497.222 -13070.1 -10.3579
184000 500.238 -13101.6 31.22
185000 498.563 -13280.5 -12.3385
186000 501.511 -13107.5 33.4525
187000 500.719 -12966.3 -34.1174
188000 498.247 -13130 7.82483
189000 499.697 -13100.1 -12.5451
190000 499.326 -13032.2 9.82049
191000 503.625 -13088.2 6.16071
192000 499.346 -13151.4 3.4004
193000 499.853 -13129.4 36.8813
194000 502.024 -13015.7 -17.5071
195000 500.199 -13084.2 -18.5538
196000 498.86 -13144.5 -18.4843
197000 497.961 -13064.4 12.7738
198000 499.456 -13066.1 18.3042
199000 500.028 -13022.7 -28.6126
200000 499.334 -13062.6 1.19944
201000 497.694 -13060.1 8.48788
202000 499.212 -13009.4 -28.0948
203000 499.821 -13120 37.4173
204000 501.35 -12980.4 -46.837
205000 500.44 -13071.5 14.7235
206000 501.15 -13058.9 5.31072
207000 497.847 -13108.1 23.5692
208000 501.235 -13058.9 -10.5123
209000 500.052 -13167.7 20.722
210000 499.08 -13040.5 6.95952
211000 499.427 -13098.2 -2.79902
212000 500.871 -13064.8 12.7266
213000 500.348 -13025.6 -40.2222
214000 499.592 -12972.4 28.068
215000 498.295 -13013.7 0.915058
216000 500.453 -13063.6 -35.9373
217000 497.65 -13172.4 27.1067
218000 502.505 -13026.9 -15.8564
219000 500.789 -13036.2 -11.791
220000 500.161 -13048.7 -6.00578
221000 499.318 -13057.4 9.44951
222000 500.232 -13052.6 -8.27403
223000 499.444 -13038.9 12.2568
224000 500.757 -12982.2 -15.4392
225000 500.531 -13068.7 27.5317
226000 499.871 -12949.7 26.2527
227000 497.647 -13093.1 -9.5368
228000 499.38 -12973.1 -1.48016
229000 499.101 -13098.3 37.7201
230000 501.721 -12979 -37.5399
231000 500.391 -13005.4 50.9284
232000 500.689 -13040.5 -39.3769
233000 499.814 -13129.9 30.8419
234000 499.92 -13159.4 -0.638683
235000 501.52 -13059.6 -11.5531
236000 500.005 -13060.1 -6.87539
237000 498.908 -13090.7 6.45266
238000 497.45 -13146.1 54.652
239000 499.95 -13156.1 -1.55862
240000 497.889 -13214 37.4495
241000 498.292 -13139 -1.33302
242000 499.598 -13169.4 -30.4228
243000 500.769 -13106.8 5.36811
244000 501.025 -13054.6 30.8963
245000 499.883 -13022.8 -10.926
246000 501.867 -13076.8 3.88306
247000 500.967 -13129 -25.0479
248000 499.335 -13004.6 -17.311
249000 501.149 -13052.2 5.82671
250000 500.676 -13086.8 -3.00848
251000 501.664 -13119 2.42896
252000 502.024 -13060.4 -8.86364
253000 502.102 -13079 14.177
254000 499.783 -13029.3 19.2179
255000 500.081 -13063 24.0536
256000 499.125 -13063.9 21.9261
257000 501.599 -13064.9 -13.2922
258000 499.055 -13092.4 -37.2252
259000 497.687 -13022.3 19.7493
260000 501.475 -12992.7 -8.19896
261000 496.406 -13157.7 45.5075
262000 501.141 -13078.5 -14.3391
263000 502.504 -13004.5 -8.43922
264000 501.448 -13021.9 -13.2209
265000 501.934 -13036.3 -10.1762
266000 498.108 -13154.1 33.218
267000 500.995 -13045.7 -9.02038
268000 500.93 -13145 26.2588
269000 498.044 -13111.1 -7.38924
270000 497.252 -13154.3 -6.24308
271000 499.725 -13030.6 8.14523
272000 499.187 -13106.3 -43.6614
273000 498.647 -13112 14.1986
274000 499.266 -13037.8 -41.2176
275000 499.494 -13029.3 55.7158
276000 498.076 -13019.6 -10.781
277000 496.712 -13122.1 27.5202
278000 498.459 -13140.6 -29.1098
279000 499.644 -13101.3 14.9095
280000 503.697 -13034.9 -6.49429
281000 498.128 -13027 3.24563
282000 499.315 -13094.2 13.8606
283000 500.278 -13100.9 -12.3968
284000 497.855 -13070.5 2.31681
285000 500.167 -13073.7 -28.2954
286000 500.684 -13090.4 5.89121
287000 498.905 -13063.9 -12.2933
288000 501.643 -12990.2 -4.50879
289000 499.23 -13043.6 21.1662
290000 499.249 -13152.7 10.2886
291000 496.325 -13135.4 29.2327
292000 500.605 -13031.8 -28.6474
293000 501.846 -12936.4 20.7528
294000 499.596 -13028.2 -18.0443
295000 500.979 -12940.1 20.6438
296000 500.668 -12982.6 -18.9424
297000 498.589 -13043.8 46.523
298000 501.206 -13030.7 6.90107
299000 501.482 -12853.4 12.2739
300000 503.552 -12929.6 -12.8784
301000 500.122 -12986.4 -10.7901
302000 497.949 -13071.7 -1.07015
303000 499.613 -13065.9 20.6073
304000 500.585 -12995.8 8.10266
305000 500.008 -12988.6 4.60956
306000 501.884 -12925 -23.615
307000 500.743 -12968.8 11.9555
308000 500.235 -12981.5 -32.6804
309000 500.179 -13031.1 32.6143
310000 501.825 -12984.4 3.57057
311000 499.399 -13088.1 -9.93242
312000 502.044 -12954.1 -9.11677
313000 502.199 -12903.8 18.591
314000 499.003 -13023.5 -39.7163
315000 500.047 -13043.6 35.1322
316000 503.279 -12893.3 -20.2549
317000 500.571 -13020.1 3.82904
318000 500.336 -13095 34.4182
319000 504.087 -12970.7 -15.2245
320000 500.081 -13046.5 7.31451
321000 501.911 -12936.8 5.89105
322000 499.231 -12997.6 -7.40024
323000 497.732 -13004.3 -15.8884
324000 502.05 -12883.3 24.3968
325000 499.695 -12982.9 -28.1474
326000 499.666 -12995.5 27.9995
327000 498.399 -13026.1 -25.7376
328000 501.699 -12985.1 4.65427
329000 500.954 -12951 -0.0162518
330000 501.453 -12925.7 21.0816
331000 499.721 -12858.9 -2.07947
332000 501.546 -12793.3 32.8598
333000 500.723 -13044.9 1.69835
334000 502.585 -12985.1 -14.1644
335000 501.174 -12932.7 3.20037
336000 501.503 -12866.2 2.17443
337000 498.731 -13004.2 -9.31392
338000 500.402 -13040.4 -24.341
339000 498.583 -12995.8 -6.9926
340000 500.721 -12914.9 -20.8764
341000 500.167 -12947.2 24.2948
342000 500.648 -12973.6 -18.2011
343000 498.928 -12980.3 5.56387
344000 501.336 -12867.5 -13.5826
345000 500.745 -12935.8 30.9855
346000 499.945 -12913.4 -42.2706
347000 500.782 -12948.8 39.2978
348000 498.685 -13037.5 -36.6898
349000 500.867 -13036.4 30.9966
350000 500.783 -12948.6 -62.1933
351000 502.121 -12864.1 42.2088
352000 500.382 -12935.6 41.4265
353000 499.828 -12992.9 -50.4447
354000 500.325 -12995.5 21.2698
355000 501.379 -12859.3 3.00588
356000 497.384 -12980.4 -6.35715
357000 502.122 -12992 14.595
358000 499.503 -12841.2 4.29353
359000 499.173 -12890.9 -8.1395
360000 500.232 -12914.4 14.3875
361000 500.709 -12968.5 4.88533
362000 500.433 -12988.5 11.626
363000 501.92 -12911.8 -8.11652
364000 500.292 -12972.6 12.7544
365000 500.243 -12982.9 18.5548
366000 499.875 -12959.4 -10.8622
367000 498.538 -12936.6 3.19296
368000 497.579 -12954.6 13.6295
369000 498.333 -12987.6 -2.86055
370000 501.074 -12960.7 -3.65383
371000 501.862 -12936.9 -3.06936
372000 498.289 -13048 -3.12473
373000 500.412 -12949.7 31.8436
374000 502.193 -12871.7 -55.0183
375000 504.297 -12839.2 63.5487
376000 499.691 -13006 -30.6789
377000 498.905 -13042.6 9.16368
378000 499.392 -13052.1 -12.5419
379000 502.072 -12938.7 -18.2559
380000 500.729 -12934.2 25.2742
381000 500.991 -12872.4 18.6593
382000 499.951 -12942.3 -36.1559
383000 496.572 -12934.8 41.1365
384000 500.366 -12952.2 -16.0387
385000 500.278 -12904.4 3.34087
386000 502.283 -12958.2 -35.0746
387000 499.601 -12972.9 33.3928
388000 497.581 -13028.4 -58.5235
389000 501.791 -12903.5 29.6032
390000 501.77 -12939.2 -21.3968
391000 502.07 -12935 -1.29845
392000 500.801 -12903.4 14.1305
393000 498.429 -13001 11.4605
394000 500.577 -12928.8 -23.6418
395000 499.394 -12935 -19.8839
396000 500.146 -12962.6 8.69132
397000 499.816 -12952.2 -16.4793
398000 499.924 -12833.2 5.27809
399000 502.174 -12878.7 41.786
400000 500.167 -12940.4 -35.6467
401000 500.743 -12840.7 14.1933
402000 502.043 -12862.1 33.0242
403000 500.21 -12911.5 -13.4854
404000 499.781 -12902.4 1.12735
405000 498.853 -12852.3 -26.7343
406000 502.488 -12859.6 22.2887
407000 498.631 -12929.8 2.12146
408000 498.37 -12908.6 35.2574
409000 499.737 -12856.9 -72.0252
410000 499.904 -12944.6 21.2985
411000 501.677 -12841.8 -12.3756
412000 500.192 -12832 67.8018
413000 499.697 -12865.2 -7.98363
414000 500.517 -12891.7 -8.21153
415000 501.004 -12846.7 24.9691
416000 503.077 -12801.4 -45.2876
417000 496.793 -12909.4 11.157
418000 503.029 -12767.5 8.51474
419000 498.608 -12892.2 -17.5534
420000 500.309 -12864.3 48.3322
421000 500.024 -12966 2.96409
422000 499.207 -12969.6 -3.60871
423000 500.709 -12967.9 -22.7335
424000 500.14 -12914 29.1641
425000 500.62 -12928 -4.74692
426000 499.916 -12948.6 -9.43863
427000 500.531 -12956.2 -5.96139
428000 504.058 -12861.3 -26.635
429000 500.937 -12851.5 10.8023
430000 498.471 -12920.5 -23.136
431000 500.24 -13051 -1.12161
432000 496.21 -13038.6 6.94866
433000 499.876 -12940.5 -12.4825
434000 498.175 -13038.2 12.6428
435000 500.069 -12881.6 -18.229
436000 502.038 -12869.5 7.07831
437000 501.095 -12887.8 -14.611
438000 501.153 -12808.9 7.98194
439000 498.023 -12981.9 31.0458
440000 499.327 -12910.9 -25.0738
441000 499.556 -12864.1 -6.2663
442000 500.158 -12899.7 14.2895
443000 497.583 -13065 18.5144
444000 497.346 -12901 17.9178
445000 500.719 -12887.9 -23.7033
446000 501.199 -12899 -6.1201
447000 501.876 -12885.7 19.4362
448000 500.317 -12941.1 28.0668
449000 499.87 -12933.3 -23.6794
450000 498.651 -13004 20.3517
451000 501.91 -12939.2 -16.8299
452000 501.059 -12856 -15.325
453000 500.745 -12873 23.0727
454000 497.064 -12938.9 0.196472
455000 499.751 -12850.1 -18.6072
456000 500.642 -12814.9 9.01205
457000 499.374 -12865.7 0.736629
458000 498.624 -12879.3 26.2151
459000 497.97 -12898.2 -23.2121
460000 501.631 -12775.6 32.803
461000 499.746 -12933.1 -35.0101
462000 500.208 -13001 29.2907
463000 499.62 -12891.5 -3.17908
464000 499.21 -12900.8 -30.4944
465000 503.768 -12798.3 40.5653
466000 500.503 -12885.4 -53.0336
467000 499.357 -12907.2 45.5838
468000 499.222 -12993.6 -54.2015
469000 498.062 -13057.3 22.5437
470000 501.013 -12949.7 -13.4767
471000 500.516 -12819.9 -5.40055
472000 501.255 -12867.4 -26.0224
473000 499.069 -12995.6 4.32295
474000 498.99 -12992.9 9.19831
475000 498.054 -13058.8 -2.09791
476000 501.199 -12928.3 -9.11853
477000 500.249 -12992.6 20.6589
478000 500.604 -12993.6 -29.7352
479000 502.023 -12916 -7.12128
480000 501.336 -12988.2 12.6257
481000 500.482 -13023.3 6.42834
482000 499.362 -13018.1 -1.82929
483000 503.508 -12933.5 -32.342
484000 499.26 -12989.2 19.174
485000 498.404 -13033 -4.52937
486000 496.775 -13011.7 -28.7271
487000 499.856 -12947.9 -1.47856
488000 497.854 -12952.4 22.0985
489000 499.778 -12855.9 -10.2274
490000 502.315 -12868.3 -16.7525
491000 500.217 -12967.6 21.6322
492000 500.379 -12979.9 27.471
493000 502.258 -12988.3 -1.92131
494000 499.314 -12992.5 25.5036
495000 502.45 -12966.3 -9.24148
496000 499.615 -12948.8 1.59481
497000 499.498 -12989.3 -20.2293
498000 500.346 -13047.9 -41.7953
499000 502.504 -12955.8 12.979
500000 497.888 -13053.5 -23.3606
501000 499.022 -12925.3 21.5042
502000 499.192 -12969.3 -18.9132
503000 497.945 -12998.5 43.9211
504000 498.632 -12995.5 26.6986
505000 498.158 -13105.8 -26.169
506000 500.743 -13006.1 -5.3604
507000 502.036 -12930.1 29.5853
508000 498.994 -12998.1 -19.7228
509000 500.306 -12858.9 16.5014
510000 499.52 -12930.5 -13.1467
511000 499.474 -12886.1 -10.45
512000 501.512 -12936.5 24.4449
513000 500.734 -12900.1 -36.6407
514000 497.627 -13028.7 27.4354
515000 500.029 -13028.5 -12.8841
516000 499.102 -12906.9 0.826797
517000 504.031 -12874.3 -29.5765
518000 499.789 -12946 15.9093
519000 500.8 -12907.9 13.941
520000 501.432 -12972.2 -8.96782
521000 497.744 -12986.6 17.9046
522000 499.926 -12920.8 18.4569
523000 496.523 -13005 -25.767
524000 499.492 -12981.5 -9.41952
525000 499.4 -12936 15.174
526000 501.091 -12897.9 0.826589
527000 499.548 -12891.3 5.80788
528000 500.407 -13022.6 -14.6609
529000 500.933 -12925 23.1716
530000 500.411 -12893.4 3.153
531000 499.694 -12961.2 -21.3488
532000 501.384 -12918.1 60.4027
533000 498.754 -12965.6 -54.573
534000 500.999 -12927.8 -3.08077
535000 500.404 -12916.6 -0.202113
536000 499.43 -12914.6 35.6172
537000 501.708 -12964.2 -22.0227
538000 499.801 -13029.3 24.6449
539000 500.251 -13014.3 2.66493
540000 496.442 -13100.3 7.11431
541000 499.191 -13007 8.30578
542000 498.148 -13067.3 23.8386
543000 498.918 -13076.7 -25.3562
544000 497.847 -13065.7 11.6855
545000 500.421 -13061.5 -11.7606
546000 499.481 -13006.6 8.80762
547000 499.819 -12981.3 -36.0341
548000 501.309 -12925.6 8.789
549000 500.106 -12980 -31.0974
550000 500.461 -12909.1 18.9289
551000 498.696 -12995.1 25.0876
552000 499.563 -12944.1 48.0443
553000 498.357 -12947.4 -58.084
554000 499.152 -13000.2 46.3929
555000 500.583 -13036.5 -32.7653
556000 498.408 -13065.7 39.9859
557000 500.62 -12892.2 -29.231
558000 500.299 -12952.6 41.2096
559000 498.892 -13006 -25.1043
560000 498.668 -13068.9 -34.2969
561000 500.038 -12928.3 13.7678
562000 499.277 -12863.9 0.96105
563000 501.856 -12945.1 0.905012
564000 498.516 -13015.4 -31.1759
565000 501.913 -12941.4 9.73292
566000 499.979 -12965.9 25.04
567000 498.796 -12945.9 -21.4783
568000 500.356 -12953.7 12.6132
569000 499.818 -13098.3 9.06822
570000 498.001 -13036.4 -16.3165
571000 499.328 -13046.1 -28.7653
572000 498.161 -12951.9 20.3303
573000 499.599 -13002.6 -1.23272
574000 499.947 -13001 27.2521
575000 500.082 -13097.6 5.80892
576000 499.989 -13033.8 -20.599
577000 502.315 -12991.2 -6.17912
578000 498.768 -12958.1 14.2337
579000 498.829 -13065.1 -0.723007
580000 500.422 -12995.6 -14.7192
581000 499.12 -13020.4 -16.4384
582000 501.879 -12916.3 -38.379
583000 500.441 -12967.3 71.9831
584000 498.898 -13067.3 -13.6417
585000 498.447 -13021.3 -36.9639
586000 501.66 -12969.1 20.7507
587000 498.718 -12966.6 -32.0162
588000 498.184 -12910.4 15.042
589000 500.495 -12966.7 -9.31277
590000 499.63 -13021.6 27.6589
591000 501.209 -12941.8 27.5631
592000 498.522 -13006 -7.09895
593000 498.673 -13004.3 -12.6583
594000 499.403 -13003.3 -5.25751
595000 498.379 -13029.3 10.8549
596000 499.769 -13026.2 20.5155
597000 500.539 -13004.9 -4.85861
598000 501.447 -13062.3 -2.07901
599000 501.582 -13003.8 -17.2378
600000 499.632 -13027.2 -16.6961
601000 498.655 -13206.7 1.30107
602000 500.376 -13045.6 0.990501
603000 498.602 -13055.4 21.6299
604000 499.556 -13092.5 -47.149
605000 501.373 -13011.5 20.7355
606000 502.026 -12920.3 -15.9444
607000 499.47 -12950.2 18.7821
608000 502.486 -12972.5 44.5263
609000 502.523 -12996.4 9.01483
610000 501.346 -12940.7 5.82439
611000 501.054 -12922.6 -27.1385
612000 500.213 -13029.1 4.25752
613000 498.824 -13158.8 8.41133
614000 499.221 -12952.1 -6.33884
615000 500.247 -13023.2 -10.3799
616000 501.815 -13005.4 19.9027
617000 498.329 -13027.1 4.10111
618000 499.536 -13030 -33.3834
619000 498.093 -13032.2 26.3386
620000 499.756 -13047.8 35.9272
621000 500.822 -13024.7 -77.562
622000 503.818 -12981.1 35.7342
623000 497.873 -13088.3 -13.4336
624000 499.041 -12951 -14.6016
625000 499.313 -13003.5 -29.7193
626000 499.815 -12981.4 35.4748
627000 501.001 -13090.1 -5.38501
628000 500.562 -12960 30.6508
629000 499.017 -13044.8 -2.34033
630000 498.774 -12933.2 22.9804
631000 499.977 -12936.5 -8.79005
632000 502.951 -12852.6 -14.308
633000 500.235 -12934.2 -9.59978
634000 502.313 -12896.6 39.5022
635000 502.398 -13033 9.62806
636000 500.098 -13022 -28.2131
637000 498.995 -13027.7 8.93285
638000 500.19 -12897.6 -2.42852
639000 499.704 -12880.4 7.01362
640000 500.023 -12846.2 4.73348
641000 501.813 -12968.3 -5.91898
642000 499.04 -13042.2 1.12201
643000 498.643 -13027 -27.9548
644000 500.211 -12899.3 42.2043
645000 500.294 -12943.6 -45.7214
646000 499.956 -13068.5 24.0756
647000 501.99 -13019.4 -10.5721
648000 499.856 -12974.3 2.78244
649000 500.633 -12988.9 -17.8236
650000 498.611 -13055.3 -1.59628
651000 500.136 -13087.5 2.57726
652000 502.349 -12937.3 29.5951
653000 501.194 -12882.1 -10.0179
654000 501.969 -12853.5 3.71651
655000 498.87 -12908.3 19.18
656000 500.403 -13003.9 -26.5142
657000 500.842 -12926.6 16.8908
658000 498.369 -12969.6 6.77049
659000 500.55 -12932.8 -9.09923
660000 500.083 -13003.6 9.92676
661000 498.108 -12959.6 11.1279
662000 500.486 -12981.3 6.53332
663000 501.297 -12939.9 4.38353
664000 498.537 -13024 20.4384
665000 501.677 -12957.1 -35.5341
666000 497.411 -12900.1 -0.087633
667000 502.378 -12945.2 -25.784
668000 499.369 -12972.9 31.0553
669000 498.007 -12959.9 -7.28889
670000 497.543 -13015.5 -29.4539
671000 499.104 -13012.1 22.0024
672000 498.36 -12989.7 12.0026
673000 501.955 -12848.1 8.76637
674000 500.29 -12930 -28.8783
675000 499.468 -12837 26.6696
676000 498.515 -12907.6 -11.9374
677000 499.527 -12932.2 16.7397
678000 501.242 -12868.2 26.0811
679000 499.722 -12898.3 -15.1541
680000 498.259 -12948.7 36.8999
681000 502.525 -12863.6 23.386
682000 498.067 -12959.1 -18.9215
683000 498.257 -12950.9 22.7919
684000 498.47 -12923.4 32.0113
685000 501.071 -12903.4 -17.5082
686000 501.673 -12876.2 47.4323
687000 499.249 -13024.1 -8.04262
688000 500.075 -12992 -8.13855
689000 497.191 -12923.9 -21.1191
690000 497.73 -12893.9 10.019
691000 498.168 -12922.9 -2.32903
692000 501.92 -12839 -1.21291
693000 502.228 -12802.7 -24.8243
694000 500.944 -12921.8 41.7924
695000 496.878 -13008 -13.6676
696000 499.401 -12955.9 50.6817
697000 499.839 -13056.2 -30.9776
698000 499.73 -12936.2 52.0403
699000 499.816 -12890.6 -35.2733
700000 503.421 -12848.5 34.1513
701000 500.912 -12871.3 -12.5197
702000 500.697 -12918.7 -2.73851
703000 500.242 -12858.6 -26.3029
704000 498.889 -12979.7 46.9952
705000 498.131 -12985.6 -39.7962
706000 502.893 -12880.3 28.7373
707000 500.449 -12915.1 -33.9226
708000 501.602 -12886 18.3213
709000 497.301 -12989.7 -12.1879
710000 498.476 -12867.7 -0.0663472
711000 501.025 -12894.8 -8.6242
712000 501.327 -12882.8 -4.20992
713000 499.282 -12951 -7.24162
714000 499.83 -12870.6 -14.3419
715000 499.337 -12941 -22.9846
716000 499.503 -12886 19.229
717000 499.186 -12914.6 -15.9759
718000 497.901 -12990 -11.3902
719000 500.857 -12960.1 14.6807
720000 497.361 -13018.4 0.938076
721000 498.065 -13008.4 -10.2821
722000 498.386 -12983.9 -0.549388
723000 499.019 -12974.5 14.5472
724000 498.306 -12953.7 26.7325
725000 499.366 -12856.1 -22.9205
726000 503.42 -12792.4 -9.26091
727000 499.727 -12873.4 15.8692
728000 498.612 -12893.8 22.0765
729000 501.194 -12919 -18.991
730000 497.407 -12951.3 14.701
731000 498.185 -12994 -18.0345
732000 498.88 -12994.4 -4.15255
733000 503.072 -12871.1 -13.1485
734000 499.002 -12937.1 -4.7981
735000 501.512 -12905.7 -31.2626
736000 499.513 -12940 5.50509
737000 502.149 -12936.5 -18.1437
738000 501.418 -12898.6 14.4323
739000 501.724 -12851.9 38.5053
740000 501.349 -12892.6 -36.3292
741000 501.287 -12846.8 24.2133
742000 500.921 -12891.2 16.2385
743000 499.282 -12928.2 -2.59423
744000 500.728 -12905.7 21.5323
745000 500.107 -12907.6 15.415
746000 498.533 -13030.5 -13.0014
747000 500.79 -12851.6 13.7872
748000 501.453 -12900.3 2.63485
749000 498.188 -12917 6.99821
750000 499.685 -12941.5 -34.4528
751000 497.362 -12855.8 19.328
752000 499.931 -12891 5.30158
753000 499.646 -12969 6.9329
754000 498.777 -12955.5 23.1538
755000 499.401 -12914.4 -9.10996
756000 502.805 -12862.5 18.7077
757000 499.171 -12968.4 15.9457
758000 499.92 -12862.1 -16.9801
759000 499.819 -12926.4 -8.77775
760000 501.506 -13017 45.6553
761000 498.712 -12925.8 23.9619
762000 502.298 -12881.6 -26.4441
763000 500.144 -12786.6 -11.8109
764000 498.692 -12906.1 25.1543
765000 497.868 -12996.8 -23.2172
766000 501.764 -12871.1 23.2233
767000 497.423 -12894.9 -26.5634
768000 498.516 -12900.9 53.3232
769000 498.162 -12946.2 -25.7137
770000 499.311 -12871.9 2.48066
771000 499.549 -12894.2 7.59428
772000 497.283 -12988.7 6.52289
773000 499.355 -12900.3 -10.9172
774000 501.063 -12800.7 -14.1726
775000 498.939 -12938 -9.43462
776000 499.576 -12840.5 26.4185
777000 500.903 -12859.6 -40.9245
778000 500.251 -12912.4 9.70369
779000 501.191 -13054.8 -13.5883
780000 498.63 -13025.5 9.29677
781000 500.125 -12886.1 7.95399
782000 499.305 -12917.9 -2.18237
783000 498.759 -12950.6 7.28267
784000 499.331 -12997.7 0.147423
785000 501.193 -12886.4 -9.20322
786000 499.932 -12877.3 4.93157
787000 499.879 -12933.9 -18.4861
788000 499.517 -12903.3 -12.6229
789000 497.278 -12985.7 38.6667
790000 499.598 -12925.7 -6.26596
791000 500.36 -12997.5 24.6477
792000 500.674 -12943.7 -26.3496
793000 499.498 -12898.6 -8.99937
794000 498.944 -12897.4 10.4898
795000 500.449 -12866.9 -4.96767
796000 498.442 -13019.3 -10.9405
797000 497.425 -12968.8 41.7901
798000 501.067 -12942.2 23.2086
799000 499.21 -13000 -26.5553
800000 500.103 -12850.1 -5.25644
801000 501.108 -12858.6 5.73886
802000 500.614 -12810.1 5.52096
803000 498.082 -12906.7 -24.3717
804000 501.115 -12818.9 -4.80628
805000 499.18 -12855.4 22.4193
806000 498.031 -13030.9 14.3771
807000 497.76 -12897.2 16.0926
808000 500.546 -12862 19.5349
809000 500.43 -12871.8 -27.1206
810000 499.685 -12947.8 18.6094
811000 499.377 -12901.3 29.3222
812000 502.016 -12786.8 -15.452
813000 499.228 -12802.8 -9.90567
814000 498.981 -12836.4 19.5371
815000 499.616 -12920.3 -5.79038
816000 501.809 -12847.9 31.5193
817000 499.128 -12814 -25.9342
818000 501.721 -12798.8 38.5607
819000 499.221 -12915.8 -13.8368
820000 499.024 -12937 -11.9973
821000 500.876 -12802.2 19.4913
822000 502.196 -12824.6 -12.9788
823000 500.285 -12892.3 16.0782
824000 500.181 -12967.5 17.3638
825000 498.852 -12905.6 -20.6292
826000 499.002 -12831 23.8382
827000 499.122 -12902.7 6.93461
828000 498.5 -12832.6 -30.7036
829000 501.031 -12799.9 52.2703
830000 499.199 -12858.4 -2.98117
831000 500.765 -12822.9 -11.0991
832000 499.097 -12853.4 -6.18597
833000 500.499 -12774.7 35.1185
834000 498.462 -12842.2 -9.33898
835000 498.921 -12939.4 2.57328
836000 501.143 -12827.5 -15.1719
837000 499.805 -12751 13.2008
838000 501.751 -12728.6 -10.5689
839000 499.798 -12743.7 -23.3391
840000 497.389 -12835.2 -22.5957
841000 499.341 -12825.4 21.6516
842000 501.08 -12747.2 -16.0614
843000 500.304 -12800.3 19.9184
844000 499.441 -12776.2 20.7443
845000 499.241 -12786.4 -11.2655
846000 500.257 -12764.2 -1.94881
847000 497.273 -12954.2 -29.0968
848000 498.863 -12950.9 -10.1809
849000 499.222 -12780.6 -5.37573
850000 501.259 -12801.4 -15.6424
851000 500.052 -12779.5 48.2835
852000 498.062 -12795.7 -39.5598
853000 501.253 -12724.9 16.9706
854000 497.155 -12874.5 -18.9124
855000 500.101 -12824.1 29.8627
856000 498.37 -12810.2 -42.6455
857000 499.551 -12869.8 25.6473
858000 499.649 -12760.7 -1.58846
859000 498.971 -12826 -25.6041
860000 496.898 -12887.8 -5.89655
861000 501.774 -12760.6 -7.16175
862000 499.748 -12788.5 6.45341
863000 500.662 -12794.2 29.1453
864000 499.777 -12754.9 37.6561
865000 501.277 -12754.6 -3.64969
866000 499.602 -12772.1 3.44383
867000 497.51 -12827.8 -36.6006
868000 498.461 -12891.3 47.128
869000 499.707 -12805.2 4.653
870000 500.498 -12739.1 -2.61603
871000 499.562 -12828.6 1.13987
872000 500.998 -12673.7 -14.4
873000 501.53 -12837 6.99041
874000 500.951 -12769 -9.89892
875000 499.483 -12855 2.48745
876000 502.839 -12816.9 50.4822
877000 497.454 -12859.3 -16.3179
878000 500.986 -12845.6 22.629
879000 501.122 -12777.7 19.3236
880000 498.391 -12788.5 30.3956
881000 500.851 -12743.3 -46.0889
882000 499.129 -12821.2 11.88
883000 501.869 -12791.7 7.40612
884000 499.961 -12826.3 -16.295
885000 497.979 -12719.8 17.4402
886000 499.016 -12745.4 -16.5571
887000 499.197 -12659.1 -14.1126
888000 497.772 -12796.5 -25.8939
889000 498.82 -12787 12.0089
890000 502.048 -12687.3 1.6264
891000 501.375 -12623.8 19.0463
892000 500.562 -12728.9 -42.9405
893000 500.477 -12787.3 10.0687
894000 500.624 -12874.3 1.31293
895000 502.717 -12788.4 -4.87715
896000 499.748 -12777.9 6.42082
897000 500.824 -12713.1 -5.94132
898000 498.961 -12762.7 -8.59272
899000 502.13 -12609.3 16.1166
900000 500.42 -12751.5 13.2147
901000 502.938 -12708.1 -18.6445
902000 499.404 -12827.9 9.84062
903000 502.689 -12735.7 -26.3149
904000 500.83 -12713.7 0.486911
905000 499.572 -12718.2 12.686
906000 499.115 -12763.7 -7.54481
907000 499.994 -12813.3 -46.6982
908000 497.672 -12814.8 32.2165
909000 502.542 -12735.4 0.209191
910000 499.65 -12774.4 1.75319
911000 501.077 -12670.9 -5.16723
912000 498.773 -12856.1 -30.981
913000 498.217 -12829.8 13.8021
914000 502.307 -12736.4 20.9229
915000 501.082 -12792.6 -64.8026
916000 499.408 -12764.8 23.3313
917000 501.813 -12733.9 -36.4654
918000 498.56 -12842.8 16.9418
919000 500.985 -12721.7 -34.3605
920000 498.086 -12760.6 22.4026
921000 499.53 -12804.6 19.2767
922000 500.287 -12767.1 -7.96381
923000 500.309 -12797.7 23.7902
924000 500.266 -12824.6 1.62253
925000 498.746 -12838.4 8.54711
926000 501.764 -12819.6 18.921
927000 500.695 -12807.8 -44.8216
928000 495.773 -12976.8 51.4814
929000 499.653 -12830.2 -18.5657
930000 500.454 -12809.5 10.7084
931000 500.012 -12844.6 9.55995
932000 501.086 -12821 -11.0445
933000 500.059 -12742.5 31.2071
934000 499.537 -12713.8 -13.8358
935000 498.272 -12765.3 17.3614
936000 500.884 -12713.3 -7.67854
937000 500.287 -12769.8 28.5577
938000 497.379 -12819.9 -21.7449
939000 500.254 -12779.9 -1.98525
940000 498.728 -12918.4 -37.7685
941000 500.751 -12806.7 43.2667
942000 499.654 -12822.9 -33.0321
943000 499.427 -12833.5 6.05383
944000 499.568 -12827.9 -24.3993
945000 499.107 -12769.3 34.606
946000 501.158 -12850.2 1.45294
947000 499.484 -12899.5 27.5655
948000 499.663 -12883 -33.152
949000 500.561 -12895.9 23.6102
950000 498.613 -12902.1 -12.4
951000 499.808 -12828.2 21.2186
952000 499.899 -12933.4 -16.2452
953000 500.919 -12758.4 0.529782
954000 498.358 -12806.4 10.5679
955000 499.117 -12867.7 18.4319
956000 500.482 -12785.5 -11.1117
957000 499.489 -12723.5 -6.49472
958000 500.493 -12879.4 3.43478
959000 502.087 -12815.3 -11.2826
960000 503.656 -12745.2 -8.18669
961000 501.304 -12794 4.69315
962000 503.307 -12758.4 25.2114
963000 500.177 -12797.8 -52.4388
964000 501.926 -12657.6 61.513
965000 500.62 -12674.5 -49.5644
966000 498.669 -12803.5 14.6374
967000 499.952 -12801.7 -24.2351
968000 501.881 -12805.5 4.41575
969000 501.284 -12868.9 -1.1275
970000 500.746 -12685.6 -21.4275
971000 504.357 -12686.5 10.5892
972000 501.242 -12786.7 19.3784
973000 499.589 -12846.1 -16.1124
974000 501.305 -12794.8 22.6698
975000 500.912 -12777.8 11.2912
976000 502.178 -12782.6 -29.3229
977000 498.297 -12759.1 50.5218
978000 501.424 -12741.3 -47.6372
979000 497.894 -12810 38.9746
980000 503.041 -12897.1 -39.2148
981000 497.834 -12988.6 30.5153
982000 500.131 -12897.3 14.3658
983000 499.289 -12915.1 -4.92547
984000 502.176 -12754.6 19.2781
985000 498.834 -12866.7 -30.5566
986000 500.44 -12797.9 11.1267
987000 500.757 -12902.1 13.6813
988000 497.926 -12986 -15.3037
989000 498.872 -12908.2 10.7116
990000 498.353 -12839.5 -28.1377
991000 499.382 -12788.1 41.4986
992000 502.839 -12737 9.64847
993000 501.309 -12735.1 25.668
994000 499.527 -12872.8 14.7369
995000 501.091 -12949.2 -27.9
996000 499.201 -12886.4 -8.35466
997000 499.9 -12810.5 19.6192
998000 499.741 -12904.2 -7.57978
999000 500.404 -12788.2 9.58011
1000000 499.765 -12815.2 -3.75838
1001000 500.142 -12914.4 12.5273
1002000 500.045 -12771.1 -1.77708
1003000 500.341 -12793.1 8.98476
1004000 501.103 -12904.4 11.7761
1005000 500.372 -12859.4 -14.2879
1006000 500.08 -12791.4 -11.5009
1007000 499.476 -12942.8 -31.8104
1008000 500.477 -12931.6 -6.23794
1009000 500.151 -12936.7 24.1665
1010000 500.11 -12990.2 -12.5539
1011000 501.977 -12840.9 -9.17062
1012000 501.836 -12900.1 11.4522
1013000 499.083 -12963.7 -27.8203
1014000 500.577 -12884.3 51.4817
1015000 498.024 -12875.1 -19.5239
1016000 500.805 -12896.9 21.8812
1017000 497.758 -12867.6 -11.513
1018000 498.741 -12936.2 33.5137
1019000 499.016 -12885.3 35.6924
1020000 500.681 -12923.9 -54.6878
1021000 501.521 -13022.3 11.3402
1022000 500.687 -12935.5 12.2413
1023000 500.958 -12904.7 -18.0953
1024000 503.355 -12873.1 30.8171
1025000 500.199 -12942.2 -3.33125
1026000 497.9 -12973.1 -17.232
1027000 501.378 -12875.6 37.7689
1028000 500.257 -12883.1 -45.1546
1029000 499.478 -12854.3 26.3233
1030000 501.683 -12847.7 -34.4907
1031000 499.402 -12877.7 29.9757
1032000 501.417 -12845.6 7.35145
1033000 501.04 -12903.4 8.76083
1034000 500.383 -12921.7 6.84219
1035000 502.682 -12845.4 -13.0249
1036000 499.003 -12885.9 -11.9132
1037000 501.576 -12913 -20.4336
1038000 498.12 -13017.3 29.5875
1039000 499.166 -12933.7 13.1033
1040000 498.798 -12966.3 32.4766
1041000 498.312 -12980.9 12.8861
1042000 505.94 -12715.5 0.925006
1043000 499.589 -12917.9 11.4846
1044000 498.594 -12943.6 -2.78128
1045000 498.809 -12916.6 6.25604
1046000 501.249 -12900.3 -7.58278
1047000 500.306 -12948.4 46.014
1048000 498.303 -12949.5 -53.2168
1049000 500.092 -12911.2 52.9727
1050000 501.745 -12912.1 -7.84316
1051000 502.416 -12855.1 -4.52117
1052000 501.079 -12879 48.893
1053000 499.731 -12924.7 -10.5098
1054000 498.583 -12915.7 -26.7228
1055000 499.828 -12895.7 6.93893
1056000 500.369 -12853.4 36.8077
1057000 501.548 -12916.9 5.10312
1058000 498.479 -12982.6 29.7632
1059000 500.947 -12851.5 -12.6115
1060000 499.263 -12901.9 -4.46479
1061000 497.868 -12891.7 -0.577961
1062000 502.674 -12821 5.5019
1063000 498.271 -12947.5 5.64727
1064000 499.251 -12967.8 3.67752
1065000 502.642 -12905.8 18.6315
1066000 497.168 -12995.1 -9.98865
1067000 500.143 -12888.1 -8.63481
1068000 498.683 -12960.2 -7.61979
1069000 498.272 -12959.7 -27.6231
1070000 499.934 -12860 2.55991
1071000 500.355 -12935.9 11.4336
1072000 499.116 -12923.5 -18.8381
1073000 500.238 -12928.6 44.8281
1074000 499.973 -12885.6 -20.2592
1075000 497.944 -12929.8 -35.1724
1076000 500.274 -12859.9 25.6435
1077000 497.598 -13023.3 -10.9581
1078000 500.901 -12863.1 17.1535
1079000 497.479 -12992.3 9.97628
1080000 498.668 -12974.3 -19.3349
1081000 500.323 -12931.5 23.2231
1082000 500.512 -12879.6 -2.95716
1083000 498.622 -12979.1 -10.7685
1084000 501.773 -12852.1 -18.8772
1085000 500.104 -12868.8 -4.88286
1086000 498.346 -12812.7 36.4396
1087000 499.255 -12799.1 -13.3618
1088000 501.124 -12859.4 18.526
1089000 498.633 -12912.7 29.6659
1090000 500.854 -12908.1 -17.2105
1091000 499.285 -12924.2 17.7951
1092000 499.139 -12892 -0.370816
1093000 501.265 -12855.3 -10.1062
1094000 498.698 -12950.7 -1.08039
1095000 499.617 -12869.1 -16.3271
1096000 498.288 -12951.2 1.5113
1097000 499.229 -12926 -29.6509
1098000 500.698 -12962.3 31.9573
1099000 502.045 -12856 17.9368
1100000 500.392 -12885.9 -36.6995
1101000 501.301 -12792.6 15.174
1102000 500.696 -12863.5 18.3231
1103000 499.913 -12896.4 -33.0909
1104000 502.502 -12738.5 28.9091
1105000 499.247 -12912.2 -34.975
1106000 500.827 -12916.2 18.7379
1107000 498.727 -12950.2 -14.6647
1108000 499.965 -12893.4 -13.4105
1109000 498.947 -12951.2 4.5496
1110000 499.137 -12870.9 -1.71342
1111000 501.254 -12903.8 -5.14424
1112000 500.217 -12836.5 -2.39166
1113000 499.304 -12942.3 19.7831
1114000 499.001 -12959.2 -17.6324
1115000 499.913 -13012 -31.7294
1116000 498.766 -12961.3 -14.9033
1117000 501.08 -12946.2 44.9752
1118000 500.216 -12912.7 -20.8801
1119000 500.29 -12965.6 29.0243
1120000 499.105 -12986 4.92501
1121000 501.06 -12881.5 -33.9356
1122000 498.149 -12996 36.9039
1123000 500.415 -12921.1 16.8297
1124000 499.854 -12901.3 -17.2729
1125000 500.368 -12865.1 4.50932
1126000 500.539 -12914.1 -20.8696
1127000 501.236 -12929 25.326
1128000 500.803 -12959.6 21.0347
1129000 500.9 -12964.8 -20.0369
1130000 500.192 -12904.8 10.416
1131000 498.855 -12893 -8.98893
1132000 500.246 -12845.8 11.8632
1133000 501.167 -12788.8 -19.1537
1134000 500.133 -12834.8 11.3533
1135000 497.474 -12920.6 -35.3742
1136000 500.215 -12937.3 15.9404
1137000 499.695 -12941.2 -39.234
1138000 498.215 -12856.5 24.768
1139000 503.015 -12749.8 -23.2175
1140000 498.737 -12865 10.9303
1141000 499.214 -12878.1 19.1242
1142000 499.531 -12832.3 -35.7907
1143000 500.03 -12814 60.5548
1144000 501.022 -12807.5 -32.4788
1145000 500.67 -12816.9 26.3029
1146000 498.764 -12792.6 -29.4476
1147000 499.212 -12879.6 36.6108
1148000 501.868 -12833.8 7.60613
1149000 501.269 -12829.2 25.3058
1150000 499.666 -12794.7 -18.6123
1151000 499.745 -12737.4 34.2776
1152000 503.072 -12780.7 -59.2107
1153000 497.041 -12875 22.2453
1154000 500.115 -12876.2 -34.5549
1155000 499.471 -12791 25.2838
1156000 499.167 -12883.1 14.7095
1157000 500.211 -12860.6 -34.2002
1158000 502.657 -12842.5 21.5489
1159000 499.68 -12841 -14.1597
1160000 499.217 -12864.4 45.0274
1161000 499.08 -13000.3 -12.6606
1162000 501.341 -12867.1 19.1218
1163000 498.129 -12818 -7.43318
1164000 498.181 -12934.7 23.9111
1165000 500.826 -12844.6 -40.7328
1166000 502.235 -12840.4 13.3309
1167000 499.486 -12836.3 -27.5336
1168000 501.002 -12819.8 43.9329
1169000 500.634 -12809.7 -12.6134
1170000 499.842 -12764.1 31.5744
1171000 501.265 -12859.4 -0.940924
1172000 499.343 -12877.9 27.075
1173000 499.917 -12877.4 -49.8092
1174000 500.899 -12740.7 66.1638
1175000 499.056 -12769.2 -48.8998
1176000 498.593 -12836.3 21.6107
1177000 500.843 -12833.3 -0.893888
1178000 497.566 -12950.7 2.09047
1179000 499.785 -12885.9 -12.0886
1180000 501.111 -12817.7 -2.79714
1181000 499.636 -12901.1 -14.7583
1182000 498.496 -12905 22.1438
1183000 497.219 -12898.7 -18.7038
1184000 501.568 -12767.9 -16.8801
1185000 499.31 -12920 -14.8405
1186000 499.983 -12872.7 24.7465
1187000 502.715 -12784.8 -35.4985
1188000 500.942 -12781.1 26.8059
1189000 500.041 -12930.4 21.2041
1190000 500.21 -12928.3 -24.5308
1191000 499.597 -12910.3 9.77728
1192000 499.157 -12819.9 1.66096
1193000 497.336 -12946.4 23.518
1194000 500.131 -12852.8 17.7816
1195000 499.672 -12828.2 -12.2572
1196000 501.337 -12880.2 5.47984
1197000 500.773 -12800.7 24.831
1198000 501.128 -12861.8 -23.6344
1199000 501.124 -12939.9 -15.3364
1200000 498.216 -12960 50.3102
1201000 497.123 -13007.6 -30.9754
1202000 499.884 -12769.7 7.92795
1203000 500.282 -12789.2 5.13061
1204000 499.382 -12938.1 49.1466
1205000 498.789 -12912.3 -13.8031
1206000 501.319 -12787.7 35.4654
1207000 501.179 -12862 -17.2366
1208000 498.403 -13001.2 16.2672
1209000 500.153 -12954.5 12.8939
1210000 502.351 -12911.6 -13.3709
1211000 498.842 -13045.3 -17.8935
1212000 500.573 -12969.4 33.3756
1213000 500.749 -12880.1 -5.61203
1214000 501.599 -12796.1 -6.90511
1215000 501.781 -12881.6 4.21179
1216000 501.289 -12853.8 -9.71632
1217000 498.971 -12961.7 -11.6125
1218000 498.699 -12921.4 -7.94533
1219000 500.802 -12875 2.54119
1220000 499.426 -12902 -29.0734
1221000 499.874 -12989.2 7.35162
1222000 502.543 -12934.7 19.7535
1223000 498.815 -12806.2 -37.8256
1224000 501.99 -12903.8 3.70247
1225000 500.839 -12898.8 -33.3879
1226000 500.762 -12911.4 5.524
1227000 498.696 -12956.4 14.1442
1228000 501.334 -12985.9 18.202
1229000 501.076 -13021.6 1.30344
1230000 500.286 -13005 34.731
1231000 498.021 -13100.5 -6.43574
1232000 502.642 -12946.8 26.7427
1233000 498.701 -12955 -34.3614
1234000 497.888 -12979.1 37.9022
1235000 501.508 -13025 -28.1743
1236000 498.6 -12909.9 -0.0017251
1237000 498.322 -12929 0.305544
1238000 502.362 -12844.1 31.5557
1239000 502.067 -12853.1 -55.3645
1240000 499.315 -12896.1 -2.34516
1241000 499.558 -12966.3 -15.3737
1242000 499.924 -12921.1 21.6661
1243000 497.177 -12996.8 -13.3997
1244000 499.732 -12907.3 16.6454
1245000 500.927 -12927.7 -19.2935
1246000 501.32 -12864 -21.2273
1247000 500.606 -12945.9 -12.1037
1248000 497.906 -12977.4 3.85462
1249000 498.027 -12919.2 -29.9089
1250000 499.203 -12924 3.22366
1251000 497.038 -12972 24.5084
1252000 499.639 -12943.9 -13.1414
1253000 500.756 -12936.5 11.442
1254000 502.156 -12828.1 -10.7542
1255000 501.156 -12780.5 -20.0369
1256000 501.372 -12874.7 36.4785
1257000 499.877 -12882.2 -67.5899
1258000 499.215 -12906.1 40.692
1259000 498.291 -12774.3 6.34386
1260000 500.825 -12841.3 3.36721
1261000 500.809 -12937.2 -19.5617
1262000 499.642 -12859.6 29.2874
1263000 499.444 -13027.7 -0.638835
1264000 497.072 -12990.8 0.379176
1265000 500.418 -12830.1 -30.6438
1266000 499.444 -12869.9 -6.60999
1267000 497.941 -12870.4 32.8375
1268000 499.69 -12884.5 -39.8915
1269000 499.876 -12858.2 27.9619
1270000 501.191 -12783.4 -11.0304
1271000 500.441 -12894.1 12.3787
1272000 499.066 -12868.2 -29.993
1273000 501.41 -12872.2 12.2665
1274000 499.082 -12835.5 9.49731
1275000 499.436 -12815.9 21.0314
1276000 502.233 -12818.6 -11.516
1277000 502.309 -12792.8 -24.071
1278000 500.471 -12850.4 17.719
1279000 500.493 -12835.3 6.09581
1280000 500.642 -12881.6 -1.73972
1281000 498.973 -12919.7 12.4756
1282000 499.731 -12865.2 27.461
1283000 499.898 -12934.8 -9.61308
1284000 502.002 -12873.7 24.7833
1285000 500.596 -12855.6 -16.0188
1286000 499.26 -12873.7 24.9509
1287000 499.795 -12822.1 -26.5327
1288000 501.529 -12804.9 0.383891
1289000 501.5 -12797 36.7854
1290000 499.567 -12814.1 21.5212
1291000 501.235 -12847.6 -23.0014
1292000 500.165 -12797.5 2.26306
1293000 499.727 -12740.8 11.4481
1294000 501.002 -12775.5 -14.2371
1295000 498.395 -12828.4 31.2937
1296000 500.571 -12837 -72.7493
1297000 498.794 -12857.3 59.2608
1298000 497.738 -12884.8 -15.2059
1299000 500.128 -12843.6 21.0808
1300000 498.658 -12890 17.8871
1301000 500.331 -12835.5 -14.7982
1302000 499.897 -12810.8 36.9876
1303000 499.54 -12792.9 -13.6896
1304000 500.882 -12833 -10.6653
1305000 500.999 -12786.8 20.3324
1306000 500.163 -12785.6 1.90348
1307000 501.738 -12684.4 -5.64059
1308000 501.367 -12780.7 -39.8129
1309000 501.669 -12740.2 18.4312
1310000 501.39 -12785.6 -12.9997
1311000 502.538 -12710.4 6.33867
1312000 500.913 -12802.6 -7.35002
1313000 501.561 -12837.3 -1.75727
1314000 501.736 -12792.2 -4.12588
1315000 499.149 -12866.5 -4.5588
1316000 499.394 -12803.8 3.69028
1317000 502.621 -12722.2 -2.46561
1318000 499.886 -12786.9 0.292509
1319000 502.122 -12694.3 1.1263
1320000 496.59 -12824.6 34.7037
1321000 499.632 -12826.4 -26.2777
1322000 501.929 -12785.5 -55.7389
1323000 499.439 -12835.5 30.4658
1324000 499.088 -12770.7 3.66756
1325000 500.475 -12817 -15.1184
1326000 501.832 -12746.2 -2.96836
1327000 497.615 -12789 13.0769
1328000 496.915 -12807 28.4927
1329000 500.906 -12667.6 -3.26539
1330000 500.892 -12738.5 -23.47
1331000 497.992 -12919.9 44.4064
1332000 500.156 -12831.9 -28.9404
1333000 502.577 -12742.2 -1.67264
1334000 500.121 -12803 -24.6966
1335000 500.294 -12778.7 26.6209
1336000 499.537 -12778 -42.7915
1337000 496.976 -12962.5 21.3299
1338000 501.24 -12853.1 -26.642
1339000 501.597 -12863.1 1.95442
1340000 501.102 -12859.3 2.02499
1341000 502.847 -12703.1 -15.327
1342000 500.429 -12771.2 29.4856
1343000 498.429 -12708.7 -26.1731
1344000 499.818 -12720.5 23.1878
1345000 501.362 -12693.6 -39.3576
1346000 502.31 -12590.7 -6.17399
1347000 499.858 -12666 -4.02425
1348000 499.443 -12673 2.81504
1349000 499.112 -12674 -6.6681
1350000 501.292 -12742.5 0.117209
1351000 498.748 -12827.9 -8.1723
1352000 500.013 -12752.2 2.05914
1353000 498.877 -12866.5 5.22269
1354000 501.463 -12741.3 0.256645
1355000 501.923 -12723.6 -33.3428
1356000 499.455 -12832.7 -4.52178
1357000 499.612 -12805.6 51.7677
1358000 498.395 -12836.9 -24.287
1359000 499.659 -12810.4 22.2936
1360000 501.36 -12761.6 0.723025
1361000 501.496 -12702.9 3.54644
1362000 499.387 -12757.7 23.5964
1363000 500.635 -12868 0.33937
1364000 496.954 -12934.8 -17.8429
1365000 499.769 -12837.5 12.9643
1366000 499.916 -12804.3 -34.985
1367000 501.746 -12700.6 59.4585
1368000 500.528 -12726.3 -40.7839
1369000 497.262 -12763.2 43.9665
1370000 502.84 -12793.1 -25.7663
1371000 501.126 -12771.2 30.1368
1372000 499.605 -12753.5 7.33926
1373000 501.238 -12638.6 0.0818573
1374000 498.22 -12734.6 -11.8672
1375000 499.721 -12654.6 44.2972
1376000 500.393 -12684.7 -48.6017
1377000 500.213 -12787 49.8978
1378000 497.944 -12776.3 -23.4516
1379000 499.244 -12800 -2.55499
1380000 501.426 -12723.3 33.2858
1381000 500.413 -12814.2 4.67527
1382000 501.814 -12718.5 -62.0764
1383000 499.148 -12831 32.0319
1384000 499.855 -12751.4 1.18923
1385000 504.098 -12691.4 -8.53228
1386000 499.697 -12856.3 7.72892
1387000 501.022 -12898.5 -15.8128
1388000 502.407 -12770.9 -1.72612
1389000 498.124 -12812.6 32.2489
1390000 501.787 -12750.5 -14.4885
1391000 499.977 -12801.6 -13.0998
1392000 500.501 -12740.9 -7.27406
1393000 497.849 -12899.6 12.6152
1394000 501.35 -12852.9 -16.6356
1395000 498.387 -12860.4 -28.8538
1396000 501.547 -12786.9 20.7206
1397000 498.591 -12907.2 -12.2171
1398000 499.694 -12841 -48.2431
1399000 498.765 -12725.3 36.9242
1400000 500.29 -12733.2 -6.32342
1401000 500.022 -12841.8 -23.0906
1402000 500.743 -12794 24.1242
1403000 498.759 -12855.4 33.4805
1404000 498.845 -12794.6 -25.7967
1405000 500.968 -12729.4 -9.74165
1406000 498.409 -12729.2 22.0211
1407000 498.153 -12842.2 29.8889
1408000 499.622 -12841.3 -29.9604
1409000 498.962 -12764.2 -8.70667
1410000 499.526 -12824.8 -5.77951
1411000 500.223 -12799.1 7.12958
1412000 499.633 -12850.5 1.31762
1413000 501.247 -12753.3 7.8933
1414000 500.021 -12843.7 0.0201849
1415000 499.055 -12907.4 -16.0982
1416000 499.037 -12866.4 1.26694
1417000 496.298 -12877.4 0.759421
1418000 500.842 -12884.6 -17.0967
1419000 498.485 -12836.5 36.7127
1420000 500.911 -12842.6 17.3411
1421000 498.399 -12849.2 -12.0469
1422000 500.691 -12871.7 -37.2926
1423000 500.794 -12896.8 3.80925
1424000 498.816 -12935.8 -6.89848
1425000 501.88 -12832.3 10.6344
1426000 501.048 -12905.2 -1.08838
1427000 501.407 -12844.6 -24.9033
1428000 500.219 -12986.4 -26.1905
1429000 502.771 -12923.4 17.0879
1430000 497.271 -12909.8 17.4509
1431000 499.695 -12968.8 -15.6648
1432000 504.083 -12786.3 5.35265
1433000 499.519 -12919.4 -24.3847
1434000 502.423 -12796.1 -13.6947
1435000 499.584 -12936.3 34.4241
1436000 500.602 -12942.5 -21.5814
1437000 499.68 -12952.6 -8.57699
1438000 499.321 -12930.8 -0.135425
1439000 500.715 -12860.1 -9.99209
1440000 498.616 -12876.4 5.0391
1441000 498.065 -12963 1.03547
1442000 498.831 -12949.9 2.15656
1443000 499.39 -12893.9 20.3695
1444000 498.458 -12877.2 -41.4628
1445000 500.17 -12869.7 -5.65992
1446000 500.249 -12922.6 3.06868
1447000 497.931 -12852.4 -17.2088
1448000 499.723 -12902.5 -15.4385
1449000 499.025 -12807.9 41.8312
1450000 499.076 -12863.9 -53.5973
1451000 500.564 -12894.6 40.2356
1452000 499.001 -12873.9 -8.1565
1453000 499.797 -12937.6 20.0366
1454000 497.209 -12919.9 -3.18801
1455000 496.112 -13020.8 -28.1315
1456000 498.771 -12911.1 -7.47847
1457000 500.595 -12783.1 24.8265
1458000 500.102 -12828.5 -9.87047
1459000 500.027 -12828.4 4.03364
1460000 503.111 -12788.8 -17.3352
1461000 499.748 -12818.2 -11.823
1462000 500.934 -12795 10.2307
1463000 499.158 -12851 90.1648
1464000 499.657 -12934.3 -38.3897
1465000 501.1 -12869.6 -29.1672
1466000 500.279 -12805 15.4727
1467000 502.009 -12840.9 4.06899
1468000 499.119 -12855.9 28.0872
1469000 502.202 -12768.9 -3.40406
1470000 499.68 -12814.6 -14.9327
1471000 501.31 -12809.1 -3.88568
1472000 498.233 -12867 48.1937
1473000 500.706 -12886.1 -50.8945
1474000 498.022 -12909.4 10.1974
1475000 502.059 -12881.9 9.88489
1476000 499.252 -12865.4 -7.52962
1477000 500.217 -12798.1 -13.0566
1478000 502.791 -12833.2 30.4033
1479000 497.461 -12983.5 -6.416
1480000 498.557 -12966.7 -10.9309
1481000 501.264 -12895.9 11.5199
1482000 500.244 -12871.2 3.12157
1483000 498.761 -12802.1 16.2847
1484000 499.39 -12912 -25.8566
1485000 498.292 -12850.8 63.0591
1486000 499.817 -12791.6 -27.9369
1487000 500.31 -12733.2 0.530261
1488000 499.355 -12844.8 11.0804
1489000 500.5 -12821.5 33.0988
1490000 501.76 -12788.5 13.779
1491000 499.948 -12807.8 -18.8968
1492000 500.768 -12832.9 -4.40884
1493000 500.406 -12807.5 38.6195
1494000 499.026 -12876.8 -10.4057
1495000 500.006 -12768.2 13.2113
1496000 500.49 -12729.3 -19.8038
1497000 502.686 -12776.2 -28.7296
1498000 497.137 -12996.3 31.4038
1499000 501.223 -12887.3 20.9522
1500000 500.098 -12862.4 -20.5243
1501000 496.648 -12871.2 32.3959
1502000 500.542 -12746.4 -7.54121
1503000 500.676 -12881.4 25.9935
1504000 500.771 -12805.8 -8.57691
1505000 498.04 -12883.2 -15.501
1506000 499.884 -12874.5 7.50335
1507000 498.574 -12858.9 -12.2518
1508000 502.089 -12790.8 -25.8024
1509000 500.182 -12900.7 26.8751
1510000 499.237 -12863.9 -0.110179
1511000 499.909 -12811.4 24.9097
1512000 501.72 -12807.5 -11.0034
1513000 501.044 -12806.3 6.61045
1514000 499.901 -12822.8 -4.38822
1515000 499.565 -12886.7 -5.96271
1516000 498.31 -12854.8 17.1018
1517000 499.566 -12839.4 -25.3921
1518000 498.78 -12755.6 12.6356
1519000 499.81 -12875.3 12.1969
1520000 500.058 -12773.8 39.4062
1521000 502.989 -12784 -32.4895
1522000 499.483 -12786 12.8682
1523000 500.711 -12754.8 12.4632
1524000 497.755 -12858.2 -14.4603
1525000 499.826 -12809 46.9115
1526000 500.942 -12794 -17.7053
1527000 498.526 -12905.7 -0.313443
1528000 500.46 -12825.9 23.0977
1529000 499.93 -12753.9 -25.404
1530000 499.264 -12895.9 5.79565
1531000 500.475 -12866.9 -27.8955
1532000 499.943 -12876 14.6421
1533000 501.893 -12801.6 -10.3868
1534000 502.074 -12683.2 32.4298
1535000 499.162 -12713.9 17.056
1536000 501.295 -12713.6 -2.86433
1537000 497.924 -12989.5 8.55561
1538000 499.813 -12891.8 18.4685
1539000 498.796 -12855.3 -21.4657
1540000 498.44 -12915.5 1.22877
1541000 500.578 -12829.6 -0.925221
1542000 501.373 -12931.9 38.9509
1543000 500.536 -12844.9 -1.91217
1544000 499.057 -12861.1 -19.2778
1545000 498.868 -12957.6 20.9635
1546000 499.454 -12818.4 -18.9938
1547000 502.817 -12831.5 9.31243
1548000 500.04 -12817.8 -0.337268
1549000 502.91 -12741.6 9.36879
1550000 498.875 -12845.4 6.70421
1551000 501.067 -12843.8 6.51444
1552000 501.178 -12930 -24.7093
1553000 500.135 -12953.9 23.9947
1554000 500.475 -12893.9 -48.7543
1555000 500.543 -12850.7 32.8078
1556000 499.062 -12860.1 0.632877
1557000 503.257 -12778.3 -42.8674
1558000 499.473 -12928.7 20.6404
1559000 500.601 -12884.3 -47.1784
1560000 497.159 -12913.9 13.395
1561000 500.771 -12941.5 17.7326
1562000 500.782 -12801.9 7.65178
1563000 500.725 -12840.1 -12.7013
1564000 501.267 -12801.2 13.143
1565000 502.61 -12916.1 3.98036
1566000 500.909 -12873.7 21.4518
1567000 500.761 -12945.5 -37.2962
1568000 498.476 -12953.8 12.2382
1569000 499.354 -12898.2 -11.6627
1570000 500.579 -12835.7 28.6176
1571000 502.446 -12793.4 -49.3294
1572000 501.648 -12882.7 30.2034
1573000 498.683 -12847.7 -24.6243
1574000 499.532 -12834.8 8.34327
1575000 498.885 -12926.4 36.9652
1576000 499.017 -12866.8 19.76
1577000 501.24 -12825.5 -28.5691
1578000 500.832 -12801.6 9.04001
1579000 500.603 -12818.1 14.1858
1580000 497.792 -12924.2 0.778275
1581000 499.811 -12906.8 8.66313
1582000 499.741 -12993.2 33.8935
1583000 498.938 -12874.7 -15.4209
1584000 499.232 -12931.3 -6.76564
1585000 498.163 -12890.2 25.8307
1586000 501.263 -12784.6 11.1244
1587000 499.36 -12830.8 -13.8722
1588000 501.454 -12789.6 13.7603
1589000 497.05 -12951.1 -15.2293
1590000 500.209 -12814.5 32.5116
1591000 499.837 -12927.7 -54.8124
1592000 499.975 -12887 33.0979
1593000 499.344 -12907 -5.07435
1594000 499.574 -12834.1 -6.11828
1595000 500.427 -12862.2 1.54743
1596000 499.461 -12899.7 17.4397
1597000 500.371 -12879.3 16.4769
1598000 498.847 -12798.7 -24.7825
1599000 501.804 -12881.1 17.2746
1600000 500.379 -12852.7 6.50412
1601000 501.853 -12829.2 23.7752
1602000 502.73 -12878.8 -17.6779
1603000 500.604 -12832.1 -10.9565
1604000 501.183 -12785.5 -5.70113
1605000 499.208 -12822 8.44689
1606000 499.035 -12835.5 -19.7709
1607000 500.624 -12766.3 -1.5794
1608000 499.277 -12823.5 13.6789
1609000 498.84 -12873.3 38.7543
1610000 500.968 -12803.4 -15.3589
1611000 497.853 -12974.4 9.8961
1612000 500.885 -12884.5 -2.14112
1613000 502.545 -12896.6 -19.7906
1614000 500.63 -12865.7 31.4221
1615000 499.104 -12919.4 -14.4175
1616000 501.095 -12899.1 12.9312
1617000 497.453 -12969.2 -26.9762
1618000 497.496 -12951.1 16.5713
1619000 500.123 -12937.5 5.37312
1620000 500.421 -12981.5 -13.1271
1621000 497.61 -13025 4.01925
1622000 500.611 -12883.9 -27.4241
1623000 500.092 -12902.2 71.5048
1624000 497.671 -12987.5 -26.0655
1625000 500.581 -12964 1.49646
1626000 501.709 -12887.2 -42.9449
1627000 500.459 -12897.9 11.4967
1628000 500.876 -12798.2 -11.7492
1629000 501.249 -12764.6 20.0963
1630000 501.216 -12850 -0.530276
1631000 499.869 -12943.6 -4.48896
1632000 501.71 -12891.3 -1.82247
1633000 500.067 -12918.3 10.556
1634000 498.23 -12940.4 -25.1407
1635000 499.036 -12867.8 41.6013
1636000 498.167 -12981.4 -7.97579
1637000 500.478 -12949.1 4.71557
1638000 499.722 -12937.7 -32.3983
1639000 500.895 -12963.2 -37.5421
1640000 499.326 -12850.1 50.2832
1641000 503.491 -12887.8 -8.21278
1642000 500.425 -12943.6 -26.866
1643000 499.077 -13011.1 22.1954
1644000 497.14 -12996.2 -27.7705
1645000 495.978 -13118.8 27.4036
1646000 499.583 -12964 14.2251
1647000 500.318 -12957.7 -1.06257
1648000 500.705 -12951 10.7794
1649000 499.816 -12872.4 -17.129
1650000 501.78 -12921.5 11.8639
1651000 497.469 -12953.6 -23.0074
1652000 499.567 -12857 15.5798
1653000 496.515 -12971.5 -4.80178
1654000 497.896 -12985 -5.7789
1655000 500.662 -12910 1.23808
1656000 496.753 -13010.5 -58.1315
1657000 501.945 -12883.6 22.4528
1658000 501.304 -12939.4 2.20623
1659000 501.286 -12965.6 -5.30791
1660000 500.306 -12907.9 22.59
1661000 499.894 -12829.4 2.10154
1662000 499.402 -12955.4 49.6185
1663000 500.742 -12946.3 -18.8779
1664000 498.413 -12891.7 12.7011
1665000 501.975 -12921.3 3.71276
1666000 500.968 -12954.1 9.63719
1667000 499.428 -12948 49.2694
1668000 499.001 -12940.4 -51.5855
1669000 500.141 -13001.2 7.74504
1670000 501.758 -12919.4 34.0504
1671000 501.681 -12958.5 -41.478
1672000 499.923 -12996.8 43.3298
1673000 502.25 -12859.5 0.875059
1674000 501.295 -12917.4 -21.0431
1675000 501.463 -12997.7 22.1599
1676000 500.136 -12980.2 15.3116
1677000 498.669 -12933 -24.7471
1678000 498.461 -12962.4 12.1319
1679000 500.67 -12906.2 -19.9218
1680000 499.55 -12910.5 -0.799026
1681000 499.547 -12986.1 -11.4544
1682000 499.054 -12892.2 0.0954662
1683000 499.75 -12956.6 -16.9252
1684000 497.852 -13044 -2.68525
1685000 501.649 -12966.4 14.7101
1686000 500.988 -12853.2 8.74626
1687000 497.952 -13008.1 26.4034
1688000 499.072 -12813.1 32.8168
1689000 501.937 -12863.4 -41.3655
1690000 501.41 -12895.8 55.1221
1691000 499.971 -12971.6 -27.2652
1692000 499.562 -12989.7 11.2456
1693000 500.102 -13011.2 7.9094
1694000 497.284 -12943.5 7.07608
1695000 498.682 -12923.1 9.8473
1696000 500.441 -12832.1 -10.7863
1697000 504.341 -12758.4 -1.24024
1698000 500.382 -12848.9 -20.3352
1699000 500.721 -12846.4 33.6254
1700000 500.036 -12939.1 -1.52606
1701000 499.708 -12958.3 7.93939
1702000 498.077 -12964 -25.7826
1703000 500.957 -12908.9 36.6757
1704000 502.762 -12926 -0.244078
1705000 499.99 -12964.9 18.4163
1706000 500.811 -12971.2 -21.6136
1707000 503.175 -12955 1.07739
1708000 499.762 -12919.9 -7.95417
1709000 500.961 -13015.7 4.34157
1710000 501.785 -12937.5 -4.21739
1711000 500.532 -12967.2 -18.9429
1712000 500.326 -12947.3 8.17814
1713000 499.264 -12983.7 42.6607
1714000 499.38 -12903.1 -34.3521
1715000 501.831 -12932.5 14.918
1716000 498.34 -13021.2 7.61037
1717000 499.476 -12965 -19.2227
1718000 499.43 -12884.5 -17.5571
1719000 500.349 -12994.6 -5.74714
1720000 501.877 -12838.3 29.5166
1721000 496.131 -12987.4 -16.4286
1722000 499.829 -12979.7 9.97976
1723000 498.546 -12894.8 2.85456
1724000 501.018 -12915.2 4.32304
1725000 499.776 -12847.8 39.0018
1726000 500.425 -12868.3 -12.1432
1727000 500.927 -12910.8 4.82115
1728000 501.441 -12958.6 -29.9074
1729000 498.428 -12972.2 -3.63635
1730000 497.713 -13009.9 -4.60893
1731000 497.817 -12881.9 41.6453
1732000 502.748 -12895.1 -30.8247
1733000 499.433 -12974.9 42.4841
1734000 499.844 -12996.4 -61.4584
1735000 500.581 -12949.5 -1.59554
1736000 498.96 -13042.3 9.52975
1737000 498.331 -12974.6 11.5023
1738000 503.243 -12864.3 4.60611
1739000 499.573 -12960.3 -11.9209
1740000 500.736 -12949.3 28.3687
1741000 500.575 -12939.2 -29.0064
1742000 502.751 -12936.1 -0.547225
1743000 499.581 -13004.5 10.3306
1744000 499.571 -12981.8 -27.1528
1745000 502.192 -12933.6 18.7239
1746000 500.746 -12969.2 -4.85803
1747000 501.139 -12951.9 31.1362
1748000 497.654 -12954.8 -11.6889
1749000 498.831 -13004.7 -24.5533
1750000 501.705 -12912.5 11.4625
1751000 500.293 -12960.7 -8.97373
1752000 498.252 -13013.1 22.2033
1753000 500.682 -12897.5 -18.5515
1754000 500.642 -12842.4 -38.717
1755000 498.515 -12865.4 3.07209
1756000 497.805 -12915.8 -17.3436
1757000 498.832 -12942 -0.355171
1758000 500.189 -12928.2 41.6519
1759000 498.374 -13027.8 -23.7012
1760000 497.973 -12955.6 28.4337
1761000 500.42 -12882.8 -23.7754
1762000 501.167 -12919.7 35.9469
1763000 500.692 -12954.8 -9.17622
1764000 500.392 -12931.2 9.78721
1765000 501.976 -12936 -2.6836
1766000 499.095 -12948.6 21.8604
1767000 499.718 -12847.5 -11.4531
1768000 498.073 -12958.8 -15.1187
1769000 498.998 -12909.9 6.21804
1770000 501.914 -12838.1 -31.4328
1771000 500.504 -12762.6 43.6592
1772000 499.659 -12823.2 -28.7132
1773000 502.081 -12809.5 10.1105
1774000 500.518 -12919.9 -1.60807
1775000 497.918 -12926.6 31.566
1776000 500.793 -12873.6 -18.322
1777000 500.068 -12865.8 -5.8734
1778000 498.799 -12895.1 13.9632
1779000 499.378 -12879.1 -5.97935
1780000 500.617 -12854.5 15.1808
1781000 501.667 -12829.4 -8.3393
1782000 498.619 -12891.4 -15.8405
1783000 498.777 -12961.2 -4.9865
1784000 499.805 -12958.5 11.2708
1785000 501.673 -12920.3 6.87704
1786000 499.335 -12841.3 -7.84755
1787000 500.105 -12792.5 12.9611
1788000 499.663 -12864 -2.2071
1789000 498.351 -12914.2 8.52577
1790000 499.745 -12866.6 -30.1012
1791000 500.523 -12871.3 32.6196
1792000 501.808 -12925.6 -3.6925
1793000 498.355 -12963.2 35.2669
1794000 499.479 -12925.4 1.11004
1795000 501.116 -12892 5.60122
1796000 500.455 -12846.2 -30.2779
1797000 498.637 -13009.6 8.80495
1798000 499.724 -12983.6 3.75996
1799000 499.905 -13003.5 5.33166
1800000 500.12 -12929.8 -24.2778
1801000 500.581 -12885.8 65.1031
1802000 499.481 -12874.9 -26.419
1803000 498.984 -12953.6 9.53716
1804000 497.834 -12920.7 19.9245
1805000 501.661 -12925.2 -22.5212
1806000 498.239 -13040 -0.0578037
1807000 500.42 -12925.7 5.23762
1808000 497.717 -12901.4 -42.9926
1809000 499.508 -13057.8 42.0611
1810000 500.36 -12950.7 -4.47978
1811000 498.947 -12924.1 0.443584
1812000 499.704 -12934.3 -43.87
1813000 501.43 -12897.7 15.308
1814000 500.284 -12983.7 5.23646
1815000 502.845 -12915.2 -3.11731
1816000 501.526 -12843.6 -41.0649
1817000 500.839 -12910.5 26.9772
1818000 500.853 -12951.9 -47.1571
1819000 498.342 -12975.8 33.2411
1820000 499.523 -12972.8 -8.64583
1821000 499.133 -12969.7 8.10643
1822000 499.011 -12971.6 39.079
1823000 499.857 -12930.1 -2.42392
1824000 499.854 -12921.2 -15.3626
1825000 501.477 -12963.1 33.2024
1826000 501.422 -12924.3 -1.43609
1827000 499.387 -12901.6 -8.73221
1828000 499.632 -12937.6 -3.80418
1829000 499.232 -12868.9 -1.3567
1830000 501.04 -12922.3 -6.99664
1831000 501.962 -12956.4 31.3995
1832000 502.612 -12859 -24.4716
1833000 499.227 -12919 10.2719
1834000 499.917 -12928.1 22.4565
1835000 503.006 -12882.8 -32.3437
1836000 496.865 -12981.7 46.5357
1837000 500.217 -12912.5 -37.9605
1838000 501.22 -12890.6 39.2159
1839000 499.886 -12938.7 -13.6243
1840000 500.466 -12937.3 26.8091
1841000 500.053 -12885.2 -41.4022
1842000 500.36 -13010.7 4.60332
1843000 502.247 -12884 -16.6788
1844000 499.714 -12973.2 45.0921
1845000 498.137 -12968.1 -26.5812
1846000 500.041 -12883.9 24.73
1847000 499.988 -12967 -9.59456
1848000 499.975 -12987.6 -4.34231
1849000 501.586 -12916.2 49.3447
1850000 500.051 -12804.2 -28.3045
1851000 502.292 -12843.7 24.3088
1852000 501.368 -13022.3 6.31605
1853000 499.456 -12908.5 28.965
1854000 499.95 -12884.2 -16.1051
1855000 498.986 -12983.5 26.2924
1856000 500.239 -13050.3 -34.4874
1857000 498.055 -13035.3 11.5068
1858000 501.335 -12879 -19.7187
1859000 500.709 -12973.2 24.207
1860000 501.15 -12969.7 -25.6787
1861000 501.301 -12906.8 15.3029
1862000 497.603 -12942.1 30.3406
1863000 500.826 -12900.7 -41.6795
1864000 497.484 -13011.3 3.93204
1865000 499.328 -12980.4 19.2926
1866000 498.975 -13022.2 -17.2769
1867000 500.788 -12968.5 -8.97348
1868000 497.275 -12915.3 8.2835
1869000 498.556 -12996 -25.1308
1870000 499.112 -12934 4.77977
1871000 502.914 -12801.5 -9.82379
1872000 501.063 -12952.6 -11.0461
1873000 500.825 -12893.8 33.9268
1874000 499.221 -12993.7 11.8721
1875000 502.38 -12986.5 -15.0137
1876000 499.986 -12890.1 22.5966
1877000 497.257 -12936.9 -12.1231
1878000 499.408 -12852.5 -28.1171
1879000 498.433 -12989.4 34.4432
1880000 499.594 -12921 20.5429
1881000 500.968 -12819 -25.9046
1882000 498.823 -12923.5 9.71028
1883000 497.635 -12944.6 -2.27196
1884000 501.128 -12883.2 -5.42811
1885000 500.178 -12941.9 29.3176
1886000 499.188 -12948.2 -9.49688
1887000 499.753 -12915.1 -22.0069
1888000 501.612 -12913.6 2.63483
1889000 500.424 -12879.8 15.2288
1890000 499.848 -12973.1 -32.1773
1891000 499.651 -12994.1 14.247
1892000 499.728 -13025 -17.0771
1893000 501.002 -12955.8 20.2995
1894000 502.243 -12874 12.0196
1895000 500.363 -12964.2 -13.8979
1896000 498.128 -13015 -10.4323
1897000 502.268 -12969.7 15.9763
1898000 501.099 -12975.1 -39.093
1899000 500.055 -12991.2 29.2942
1900000 501.386 -12942.6 -22.112
1901000 499.112 -12871.8 32.8047
1902000 501.052 -12828.4 -18.4959
1903000 499.322 -12952.5 -2.81349
1904000 501.7 -12838.3 -30.7644
1905000 500.341 -12970.4 42.7237
1906000 498.335 -12995.9 -35.9842
1907000 503.189 -12864 29.0051
1908000 498.862 -12986.3 8.92832
1909000 499.854 -13009.4 -6.32199
1910000 502.485 -12947.9 10.6786
1911000 500.944 -12930.2 -1.57253
1912000 502.083 -12893.8 -8.69317
1913000 498.183 -12925.1 -8.90819
1914000 499.803 -12868.4 -30.5474
1915000 499.58 -12873.9 22.3072
1916000 500.126 -12881 5.54124
1917000 502.37 -12797.1 -1.03042
1918000 499.581 -12905.5 -42.8189
1919000 500.462 -12852.6 18.5379
1920000 498.369 -12891.1 -22.5699
1921000 500.506 -12895.4 27.5064
1922000 500.228 -12876.4 9.94662
1923000 497.24 -12954.7 4.09704
1924000 498.536 -12950.4 7.75914
1925000 499.387 -12927.6 -12.0637
1926000 499.185 -12999.7 30.9094
1927000 498.318 -12921.8 -6.69538
1928000 499.375 -12926.3 -20.8157
1929000 497.757 -12977.9 -3.7957
1930000 498.498 -12912.1 9.92756
1931000 499.466 -12884.9 3.62495
1932000 500.606 -12934.1 16.6104
1933000 501.154 -12966.8 -14.0853
1934000 501.958 -12861.3 4.94213
1935000 502.731 -12840.2 -5.49693
1936000 497.959 -12934.5 1.40313
1937000 500.288 -12913.1 -3.57674
1938000 501.88 -12850.6 18.3158
1939000 500.305 -12915.2 -44.6283
1940000 499.176 -12910.5 12.7995
1941000 498.605 -12965 -18.2512
1942000 500.632 -12960.7 27.2126
1943000 500.945 -12897.8 -10.9131
1944000 500.404 -12881.1 60.0742
1945000 501.054 -12956.5 -44.6541
1946000 500.555 -12943.5 53.1743
1947000 500.736 -12974.3 -17.7524
1948000 498.584 -13038.3 -11.5613
1949000 499.948 -12982.9 1.17065
1950000 500.006 -12924.7 -27.4985
1951000 500.541 -12979.7 14.8181
1952000 498.244 -12968.8 25.197
1953000 497.909 -13018.2 -33.5764
1954000 498.007 -12976.6 9.7475
1955000 498.923 -13008 -19.5758
1956000 499.957 -12950.3 31.6118
1957000 502.412 -12945 -5.68137
1958000 498.729 -12905.8 -21.4702
1959000 499.139 -12953.3 -8.58807
1960000 501.103 -12915.1 -0.965171
1961000 501.12 -12885.6 -4.57374
1962000 501.68 -12961.3 -18.7276
1963000 499.01 -13023 32.7998
1964000 500.176 -12905.5 7.46586
1965000 496.596 -13026 15.2698
1966000 498.04 -13012.8 23.516
1967000 499.61 -12926.7 -2.37611
1968000 499.738 -13000.3 -5.18333
1969000 500.504 -12999.9 9.84027
1970000 500.766 -12920.1 0.439469
1971000 501.095 -12920.2 -22.3255
1972000 500.525 -12966.4 6.0369
1973000 502.119 -12929.3 10.033
1974000 499.014 -12996.2 -23.3665
1975000 499.912 -12980.3 27.4626
1976000 498.13 -12996.9 19.2295
1977000 497.575 -13008.1 -14.3253
1978000 499.792 -12980.5 22.6419
1979000 498.734 -13039.3 -35.5669
1980000 499.524 -13007.6 14.0083
1981000 498.539 -13020.3 -9.45323
1982000 498.982 -13072.6 1.64134
1983000 498.731 -12952.4 32.666
1984000 501.702 -12942.8 1.5793
1985000 499.399 -12976.7 -2.30081
1986000 500.279 -13003.7 -23.1652
1987000 502.071 -12868 15.0873
1988000 502.31 -12864.3 6.53489
1989000 499.998 -12984.8 -5.58384
1990000 500.203 -12956.1 -5.72966
1991000 499.012 -13030.4 22.5561
1992000 498.913 -12996.8 -4.63585
1993000 500.295 -13022.5 18.2758
1994000 496.382 -12972.6 -29.219
1995000 502.012 -12911.7 26.3913
1996000 501.005 -12946.3 -0.681812
1997000 498.626 -13050.6 1.63954
1998000 498.86 -13031.2 4.57411
1999000 498.617 -13051.5 -3.39463
2000000 500.602 -12974 -6.64153
