# Time-averaged data for fix 3
# TimeStep v_Temperature v_PotentialEnergy v_Pressure
2000 498.573 -11065.1 48.6036
3000 501.369 -10704.8 4.82122
4000 498.542 -10661.4 1.28746
5000 500.824 -10661.3 7.49148
6000 500.166 -10697.1 -14.3799
7000 499.961 -10658.4 10.8102
8000 496.777 -10674 -18.7985
9000 502.233 -10635.3 20.9823
10000 501.215 -10660.7 -3.73028
11000 501.287 -10605.5 2.95976
12000 498.84 -10551.8 -6.6321
13000 500.062 -10592.9 -9.04361
14000 497.901 -10625.8 0.7515
15000 500.665 -10519.5 18.9871
16000 500.791 -10504.8 -12.818
17000 499.541 -10617.3 10.8105
18000 500.367 -10699.6 0.399552
19000 499.858 -10753.8 5.33098
20000 499.837 -10592.7 -2.19728
21000 503.683 -10476.5 12.5893
22000 500.534 -10521.3 -5.73013
23000 505.212 -10472.4 2.95938
24000 501.019 -10502.2 -5.19734
25000 501.067 -10535.1 6.83227
26000 497.574 -10732 -12.0555
27000 498.904 -10697 3.41339
28000 498.185 -10767.2 9.48497
29000 500.366 -10847.9 2.22764
30000 499.516 -10731 -0.208642
31000 501.314 -10722.8 5.71802
32000 500.035 -10646.4 -6.45742
33000 500.908 -10719.4 -4.00545
34000 500.775 -10736.5 17.8225
35000 499.95 -10666 10.673
36000 499.727 -10715.9 6.80776
37000 503.006 -10613 4.51703
38000 499.256 -10620.3 -6.55756
39000 498.828 -10741 9.19442
40000 496.664 -10755.4 -20.7059
41000 499.675 -10555.2 5.89972
42000 499.357 -10679.1 3.48025
43000 498.638 -10561.2 -4.16917
44000 499.736 -10509.4 -2.78305
45000 498.362 -10676.3 -5.72804
46000 500.509 -10643.7 5.27107
47000 499.046 -10615.7 2.83703
48000 501.544 -10593 -9.14922
49000 503.248 -10665.4 3.27014
50000 497.625 -10643.2 -8.54533
51000 500.966 -10534.2 0.917921
52000 499.98 -10706.6 -3.33812
53000 499.442 -10702.3 10.739
54000 497.691 -10669.2 -4.89438
55000 500.314 -10723 3.9074
56000 498.294 -10546.6 8.86452
57000 497.93 -10714.3 10.4281
58000 497.568 -10800.6 -2.17952
59000 499.968 -10685.2 5.50639
60000 500.131 -10662.1 -0.31466
61000 500.545 -10672.5 -5.2944
62000 498.879 -10736.4 -3.32975
63000 500.719 -10736.7 5.41987
64000 499.988 -10675.5 -0.0915389
65000 500.671 -10647.9 1.72006
66000 500.061 -10682.9 -7.92357
67000 498.562 -10654.3 10.6478
68000 499.513 -10687.5 -21.9072
69000 501.716 -10647.8 -2.74621
70000 502.201 -10607.7 1.86776
71000 500.835 -10599.5 -1.81405
72000 497.845 -10734.6 11.9887
73000 498.733 -10744.6 3.60698
74000 501.291 -10595.1 -12.69
75000 500.103 -10644.1 1.14815
76000 498.482 -10706 9.87287
77000 500.815 -10769.4 5.9458
78000 499.695 -10694.2 2.56321
79000 502.583 -10569.6 -8.2144
80000 501.285 -10732.5 8.15647
81000 501.519 -10628.5 -4.08
82000 501.627 -10616.4 -0.744248
83000 498.363 -10741.7 0.179131
84000 498.361 -10730.4 11.3267
85000 499.031 -10740.1 -3.9057
86000 501.459 -10634.6 -3.56477
87000 501.771 -10633.5 2.16852
88000 501.674 -10622.8 -0.375827
89000 500.288 -10557.7 3.44781
90000 496.862 -10799.1 4.50702
91000 504.54 -10553 13.9877
92000 500.905 -10758.6 3.81809
93000 500.82 -10624.5 -12.8363
94000 499.834 -10735.9 25.9054
95000 500.312 -10605.7 0.197522
96000 502.424 -10631.1 -9.70075
97000 500.94 -10604.8 -4.26265
98000 502.193 -10610.3 -1.0426
99000 500.831 -10568.5 1.86491
100000 500.132 -10571.5 -5.06359
101000 500.043 -10587.7 20.7952
102000 499.711 -10714.6 6.75268
103000 499.401 -10685.5 4.17309
104000 501.555 -10565.6 3.70671
105000 501.842 -10564.9 7.62406
106000 499.599 -10716.2 3.84189
107000 500.767 -10693.2 2.60903
108000 498.298 -10627.9 -12.1859
109000 499.574 -10633 5.79587
110000 500.284 -10536.8 12.5275
111000 499.905 -10590.9 8.36702
112000 499.798 -10570 -13.4515
113000 500.869 -10603.4 -0.756922
114000 499.779 -10655.1 -0.0648786
115000 499.649 -10614.8 0.0219991
116000 498.344 -10655.7 15.6643
117000 499.786 -10626.9 4.48342
118000 499.321 -10646.6 -1.36641
119000 499.353 -10609.8 2.12178
120000 498.037 -10664.9 4.91752
121000 500.822 -10533.8 1.29472
122000 501.901 -10512.8 -7.82415
123000 500.977 -10514.5 7.5263
124000 498.709 -10635.6 -5.49857
125000 500.044 -10709.7 16.783
126000 496.454 -10764.1 -3.44901
127000 503.134 -10670.9 4.5174
128000 499.473 -10633.3 -1.77633
129000 500.354 -10685.7 -4.81664
130000 498.21 -10676.9 -1.63676
131000 501.689 -10621.5 11.4466
132000 500.33 -10529.1 0.814232
133000 500.614 -10600.6 0.959347
134000 499.903 -10541.4 6.39738
135000 496.192 -10668.2 -3.69733
136000 499.106 -10638.4 -9.09803
137000 499.219 -10638.3 -11.994
138000 499.291 -10593.7 14.6554
139000 498.872 -10615 -13.6207
140000 498.028 -10743.4 27.2736
141000 497.65 -10758.6 -8.37952
142000 500.758 -10673.3 5.15688
143000 500.817 -10586.7 -3.63444
144000 497.13 -10693 12.7715
145000 499.221 -10683.9 -0.479454
146000 502.441 -10484 -6.74544
147000 500.439 -10530.7 8.30105
148000 498.517 -10611.3 1.05158
149000 502.417 -10572.7 -5.35057
150000 499.774 -10522.7 -9.78795
151000 496.318 -10790 1.36586
152000 496.62 -10796.9 8.24411
153000 500.307 -10605.9 -4.30314
154000 500.481 -10669.5 0.107732
155000 499.99 -10557.2 -3.91868
156000 500.712 -10569.1 3.44377
157000 500.916 -10594.1 4.27523
158000 500.88 -10617.7 -5.45028
159000 502.468 -10599.1 -7.85251
160000 501.282 -10655.1 -5.60244
161000 499.724 -10704.7 0.819785
162000 501.327 -10642.7 0.851044
163000 500.963 -10644.4 11.878
164000 503.701 -10618.6 -16.182
165000 499.974 -10647.7 12.2909
166000 496.399 -10632.5 4.75864
167000 498.963 -10729 -15.5665
168000 498.776 -10738.7 11.7221
169000 501.025 -10646.6 -6.15481
170000 500.901 -10745 14.8057
171000 503.283 -10470.3 -3.45805
172000 503.538 -10504 3.74759
173000 499.873 -10636 -6.69606
174000 501.942 -10560.4 -10.0676
175000 499.898 -10686 16.3275
176000 499.862 -10753 -8.44611
177000 499.648 -10718.8 -2.1522
178000 499.487 -10691.3 8.07918
179000 501.013 -10679.9 -5.61785
180000 499.165 -10650.6 8.19351
181000 499.708 -10728.2 -0.701471
182000 501.922 -10672.2 8.71779
183000 498.61 -10724.2 4.43632
184000 501.142 -10568.7 -9.55618
185000 497.825 -10746.7 10.6063
186000 500.635 -10702.8 -9.62491
187000 501.376 -10760.4 13.0736
188000 498.979 -10698.2 2.76069
189000 499.284 -10653.9 -4.04869
190000 502.191 -10609.9 3.80538
191000 500.003 -10573.2 2.45707
192000 498.617 -10461.7 8.18598
193000 500.347 -10713.1 16.8563
194000 502.526 -10545.7 -6.38571
195000 498.255 -10710.5 13.0147
196000 499.757 -10680 -4.80298
197000 500.639 -10833.1 4.72228
198000 498.421 -10765.5 -1.93603
199000 502.026 -10583.5 2.52159
200000 497.66 -10659 9.68915
201000 502.564 -10575.2 -17.8382
202000 501.123 -10624.2 9.27821
203000 499.066 -10749.2 0.68383
204000 498.915 -10705.3 -6.58964
205000 501.028 -10486.5 7.51609
206000 501.56 -10651.2 -1.22647
207000 501.239 -10631.7 -7.42816
208000 500.621 -10583.5 12.107
209000 499.825 -10634.4 -2.87231
210000 501.964 -10601.8 3.59178
211000 498.007 -10642.1 10.2834
212000 501.031 -10554.7 1.39685
213000 503.42 -10649.6 2.4479
214000 497.855 -10745.4 14.7249
215000 503.79 -10688.9 -8.20531
216000 498.867 -10768.7 8.42703
217000 499.132 -10759.5 -0.00137597
218000 500.432 -10606 16.0279
219000 499.441 -10764.6 -0.436518
220000 498.747 -10688 -6.08612
221000 503.248 -10746.5 -2.00466
222000 501.468 -10727.4 10.3424
223000 497.923 -10682.3 4.6477
224000 498.219 -10556.3 3.29284
225000 499.568 -10550.9 -21.7892
226000 505.582 -10478.3 11.3488
227000 498.838 -10735.4 0.137713
228000 500.971 -10617.3 -8.22173
229000 500.66 -10714.4 1.4904
230000 504.553 -10574.8 2.27236
231000 502.148 -10562.9 7.29977
232000 502.933 -10542.3 -1.06558
233000 498.453 -10653.7 -1.39389
234000 498.102 -10728.2 5.43484
235000 499.817 -10659.5 -18.2056
236000 498.705 -10680 11.3173
237000 501.394 -10699 -5.04568
238000 502.352 -10601.6 4.53296
239000 500.133 -10680.1 14.3575
240000 498.955 -10647.3 -13.4791
241000 500.361 -10671.2 15.2328
242000 498.736 -10644.6 3.23045
243000 500.471 -10660.5 -2.34651
244000 504.475 -10537.9 13.6921
245000 499.993 -10650.2 1.17326
246000 501.677 -10544.7 -16.0738
247000 499.368 -10591.3 -1.78681
248000 499.518 -10544.2 -6.89093
249000 497.822 -10688 16.6276
250000 499.196 -10634.8 1.67588
251000 502.52 -10563 -7.71985
252000 503.428 -10568.5 -5.37085
253000 501.769 -10524.1 0.794383
254000 500.171 -10541.4 -0.573724
255000 498.601 -10689.2 -6.10314
256000 499.972 -10651.7 -0.95917
257000 499.697 -10724.7 4.97367
258000 500.642 -10641 7.97429
259000 497.191 -10675.4 -16.3901
260000 498.853 -10715.5 -3.81559
261000 499.485 -10713 13.8428
262000 500.531 -10723.2 2.59511
263000 501.099 -10643.3 -2.61881
264000 501.906 -10616.6 -17.6435
265000 501.564 -10621.4 -1.71914
266000 499.568 -10648.3 10.2869
267000 499.768 -10682.1 -10.7231
268000 499.098 -10697.2 5.89597
269000 499.555 -10566.7 -4.62809
270000 499.788 -10681.2 3.80721
271000 501.283 -10631.1 -10.3512
272000 501.182 -10701.2 24.9187
273000 496.51 -10783.7 -0.23766
274000 500.264 -10711.1 10.3872
275000 500.983 -10655.3 -7.30514
276000 502.798 -10500.5 -7.73899
277000 498.448 -10630.5 4.79537
278000 499.976 -10711.3 14.0842
279000 496.138 -10733.2 -3.34472
280000 500.51 -10635.8 2.75978
281000 496.829 -10670.2 21.7095
282000 500.71 -10649 5.05686
283000 496.511 -10679.3 -2.25007
284000 500.615 -10664.8 -5.65093
285000 502.064 -10703.3 -4.49841
286000 501.052 -10646.2 2.91199
287000 499.563 -10629.8 -3.25931
288000 502.007 -10652.9 4.10674
289000 498.758 -10650.8 2.44242
290000 502.471 -10538 5.41123
291000 496.921 -10651.4 -11.6675
292000 499.98 -10553.3 -2.56818
293000 501.066 -10612.3 12.3915
294000 502.985 -10535.8 -11.4434
295000 499.306 -10728.7 -2.66607
296000 499.996 -10600.3 -1.68887
297000 499.188 -10636.5 12.5421
298000 499.791 -10701.2 7.39493
299000 500.682 -10665.8 -7.00465
300000 500.317 -10616.1 -5.0689
301000 499.772 -10657.4 -12.5761
302000 498.786 -10824.2 4.10471
303000 499.979 -10767 1.03291
304000 502.274 -10577.6 7.28081
305000 497.943 -10628 -9.06283
306000 500.53 -10483.5 6.32698
307000 499.338 -10680.2 0.877443
308000 499.141 -10748.8 -2.84293
309000 500.87 -10684 0.0690116
310000 499.613 -10562.9 15.6862
311000 500.297 -10592.3 -10.9448
312000 501.717 -10571.7 7.58233
313000 499.951 -10603 8.73885
314000 499.681 -10644.6 -13.6887
315000 500.016 -10670.6 10.5428
316000 499.38 -10642.3 3.45239
317000 499.274 -10663.3 5.66342
318000 499.42 -10760.9 11.1921
319000 501.374 -10732 10.1732
320000 499.654 -10619.1 -7.08175
321000 498.027 -10709.6 -3.58477
322000 499.924 -10722.8 1.74417
323000 499.865 -10724 -2.69127
324000 499.584 -10799.4 -8.31515
325000 497.043 -10693.5 3.7011
326000 498.949 -10725.9 14.5829
327000 502.334 -10644.9 -9.84382
328000 498.922 -10715.8 1.90957
329000 501.185 -10559.7 -4.50799
330000 500.737 -10688 1.08571
331000 502.842 -10703 -5.86036
332000 498.372 -10767.6 13.9241
333000 502.025 -10730.2 -3.70589
334000 499.613 -10664.4 3.45886
335000 500.488 -10742.4 1.24283
336000 501.55 -10662.2 -1.76768
337000 498.049 -10644.6 0.616408
338000 500.447 -10559.4 4.07366
339000 501.119 -10492.7 -2.20444
340000 500.012 -10602.7 -7.66806
341000 501.399 -10670.6 4.93005
342000 501.357 -10598.6 -5.82365
343000 502.52 -10615.7 7.15881
344000 500.586 -10554 -1.51186
345000 499.655 -10514.8 -13.1255
346000 501.234 -10665.8 -1.2274
347000 501.235 -10697.7 8.50975
348000 502.978 -10645.7 5.63676
349000 499.581 -10605.2 -5.43918
350000 501.101 -10471.9 -10.5926
351000 500.509 -10711.8 0.685404
352000 497.777 -10697.9 5.51068
353000 500.613 -10704.8 4.59074
354000 499 -10680 -5.6223
355000 500.122 -10693.5 5.22262
356000 499.584 -10705.6 5.83891
357000 500.717 -10566.6 -7.97101
358000 500.03 -10728.7 7.72188
359000 497.961 -10702 12.4265
360000 497.826 -10793.5 6.49941
361000 502.085 -10757 -6.78347
362000 500.495 -10645.7 0.327586
363000 500.932 -10620.3 -0.303437
364000 500.652 -10722.8 7.75692
365000 501.429 -10601 -4.65333
366000 499.258 -10598.1 0.843117
367000 498.541 -10645.5 14.7004
368000 502.769 -10755.3 13.3735
369000 499.638 -10747.4 0.779316
370000 499.477 -10618.2 -0.114794
371000 500.062 -10611.5 10.3437
372000 500.192 -10688.3 -7.49301
373000 499.18 -10700.4 -13.4732
374000 501.066 -10703.5 13.729
375000 499.661 -10701.6 -1.05252
376000 499.429 -10634.5 0.584983
377000 501.872 -10707.2 -9.4596
378000 500.916 -10695 7.77117
379000 500.396 -10583.7 -15.1247
380000 500.358 -10629.1 -2.6726
381000 499.389 -10651.5 11.0777
382000 501.628 -10621.6 -10.3586
383000 501.149 -10570.2 4.02198
384000 499.554 -10614.6 3.97694
385000 499.109 -10650.5 -1.61284
386000 501.463 -10600.2 7.12551
387000 501.046 -10703.7 6.56564
388000 500.415 -10623.7 -0.396323
389000 498.058 -10681.6 -6.36773
390000 501.526 -10671.4 -8.44611
391000 500.287 -10625 14.4251
392000 502.805 -10518.6 0.811728
393000 500.334 -10633.7 -1.39512
394000 502.697 -10671.6 -6.99802
395000 502.399 -10670.4 8.9064
396000 499.028 -10769.7 -1.57883
397000 500.235 -10692.7 6.82429
398000 501.639 -10627 1.73075
399000 499.722 -10700 -0.818014
400000 502.935 -10595.6 -4.48976
401000 499.747 -10480.3 -1.84721
402000 499.523 -10562.3 5.69942
403000 499.012 -10658 1.25024
404000 498.35 -10702.1 3.27335
405000 500.784 -10825.1 -14.4581
406000 498.858 -10763.8 5.66511
407000 499.723 -10621.1 -9.12074
408000 499.014 -10659.3 3.86297
409000 497.438 -10754.3 7.71316
410000 498.805 -10596.3 4.01436
411000 502.581 -10561.9 -14.2827
412000 499.364 -10711.7 3.83755
413000 498.81 -10622.8 -13.554
414000 499.883 -10618.6 4.98177
415000 499.117 -10685.2 1.29922
416000 500.38 -10677 10.4233
417000 500.839 -10689.9 -2.72545
418000 497.885 -10559.3 0.173002
419000 502.056 -10658.9 1.64931
420000 499.801 -10768 -8.30969
421000 501.269 -10523.5 0.301468
422000 499.961 -10541 4.89478
423000 497.403 -10689.2 0.0799701
424000 501.769 -10669.3 9.01398
425000 500.907 -10571.8 -2.21309
426000 502.455 -10587.2 5.45126
427000 502.191 -10585.3 -5.8414
428000 498.922 -10818.2 9.1081
429000 501.107 -10602.1 -2.1796
430000 500.697 -10687 -10.8338
431000 501.915 -10686.5 6.089
432000 497.212 -10667.8 4.23527
433000 502.365 -10648.8 -4.43728
434000 497.697 -10614.9 -4.62189
435000 502.786 -10579.6 12.0604
436000 500.515 -10692.3 -3.73376
437000 498.485 -10750.2 2.1492
438000 499.221 -10639.9 -0.973555
439000 501.51 -10559.6 7.7328
440000 501.533 -10633.2 2.38764
441000 501.212 -10682 -0.782188
442000 500.977 -10571.7 -10.4676
443000 497.358 -10727.2 9.71203
444000 501.829 -10605.9 2.9275
445000 498.351 -10656 -5.8667
446000 498.757 -10734.2 -0.845127
447000 498.324 -10702.1 -1.89108
448000 501.123 -10647.5 7.25849
449000 500.053 -10638.6 -8.66456
450000 499.878 -10543 -3.45806
451000 501.879 -10508.9 -7.92851
452000 501.138 -10650.4 0.223442
453000 500.033 -10595.7 10.4624
454000 499.469 -10580.3 -7.43328
455000 498.173 -10671.4 -1.68535
456000 502.433 -10695.1 -3.4135
457000 499.529 -10753.1 -3.63214
458000 498.117 -10676.8 -2.93653
459000 500.45 -10671.5 -4.17829
460000 495.113 -10737.9 3.27283
461000 498.931 -10614.3 14.0372
462000 500.869 -10577.1 -9.18198
463000 501.214 -10556.6 -6.66816
464000 502.561 -10533.4 7.76932
465000 502.228 -10539.8 2.34453
466000 500.618 -10582.4 -4.79588
467000 499.325 -10778.3 18.6869
468000 498.636 -10718.4 -4.15241
469000 501.459 -10683.3 0.900944
470000 499.684 -10604.4 -4.95561
471000 499.221 -10595.8 5.46326
472000 497.345 -10698.8 -3.34706
473000 501.245 -10691.5 -4.1994
474000 498.908 -10826.8 10.4524
475000 499.947 -10715.3 3.61438
476000 501.881 -10636.3 -8.65443
477000 497.737 -10637.4 0.91396
478000 500.385 -10624.2 14.8147
479000 501.328 -10575.3 -5.77006
480000 501.534 -10607.8 -12.2361
481000 502.194 -10662.7 7.01012
482000 501.379 -10667.6 18.7271
483000 501.746 -10703.6 -4.75229
484000 500.304 -10582.6 10.3722
485000 498.862 -10575.9 -6.0365
486000 502.161 -10551.2 13.9784
487000 501.421 -10623.3 0.712582
488000 497.518 -10565 11.4191
489000 499.57 -10665.1 3.19485
490000 503.008 -10571.4 1.71583
491000 501.063 -10442.3 1.04132
492000 499.733 -10542.1 5.15828
493000 497.881 -10704.9 2.79784
494000 500.975 -10583.1 1.33924
495000 501.202 -10521.4 -0.525872
496000 499.318 -10718.2 6.3177
497000 499.001 -10792.8 0.534799
498000 499.774 -10700.7 -10.2527
499000 502.501 -10502.7 1.20743
500000 501.431 -10725.7 -6.5022
501000 498.205 -10732.7 14.857
502000 501.845 -10611 8.97477
503000 501.778 -10576.8 1.70569
504000 495.713 -10596.5 -4.4925
505000 500.852 -10531.4 -2.53075
506000 499.975 -10547.1 10.9707
507000 499.897 -10560.7 0.369595
508000 498.995 -10678.8 2.01766
509000 504.175 -10630 3.45884
510000 501.269 -10674.3 -5.2774
511000 499.228 -10657.4 -0.673171
512000 499.624 -10616.5 -0.311695
513000 500.694 -10685.6 -8.09901
514000 498.389 -10753.2 14.0336
515000 500.277 -10622.1 -8.17693
516000 500.007 -10500.2 2.18473
517000 497.447 -10700.5 6.33518
518000 501.333 -10625.9 -11.1029
519000 497.411 -10677.6 -3.22457
520000 502.69 -10590.4 2.22579
521000 498.648 -10698.2 1.53794
522000 501.755 -10717.6 6.22907
523000 502.1 -10616.6 1.91682
524000 498.597 -10704.3 -1.85514
525000 497.799 -10673.8 2.20146
526000 498.896 -10666.9 -4.39499
527000 501.588 -10692 -5.20884
528000 500.428 -10715.3 12.6327
529000 500.889 -10785.1 8.45457
530000 499.057 -10647.7 -5.5781
531000 498.015 -10645.6 1.88036
532000 502.098 -10690 -2.49393
533000 500.584 -10670.5 -6.81385
534000 501.253 -10640.7 15.238
535000 498.624 -10810.6 8.55862
536000 501.549 -10721.2 -4.11131
537000 501.125 -10602.7 -14.7272
538000 498.279 -10689.9 27.431
539000 498.85 -10721.1 -1.80395
540000 500.379 -10615.3 -7.5175
541000 497.702 -10692.2 5.61198
542000 501.749 -10642.5 -7.78182
543000 496.81 -10821.5 -3.68601
544000 500.695 -10852.4 2.1741
545000 497.913 -10833 6.88787
546000 501.307 -10682.7 4.59384
547000 498.015 -10615 -2.82994
548000 500.528 -10701.3 14.6442
549000 495.639 -10698.6 -28.8798
550000 500.488 -10690.4 4.8264
551000 497.459 -10793.7 8.56597
552000 502.29 -10733.3 -4.7593
553000 498.073 -10757.2 2.18614
554000 503.569 -10605.9 12.6313
555000 500.077 -10678.7 0.0277442
556000 498.81 -10680.7 -6.91496
557000 501.144 -10715.5 5.22598
558000 499.759 -10744.9 6.59857
559000 501.055 -10702.8 0.608575
560000 502.521 -10659.1 2.39801
561000 500.322 -10567.2 -1.96099
562000 500.329 -10719.6 13.1702
563000 501.024 -10562.7 -7.85728
564000 501.285 -10655.3 11.6104
565000 502.139 -10547.6 17.6307
566000 500.395 -10647.5 -3.777
567000 502.515 -10760.9 -0.622931
568000 502.264 -10652.4 12.992
569000 500.56 -10576.4 -2.14689
570000 498.117 -10682.3 6.27176
571000 501.95 -10608 17.0367
572000 500.21 -10632.9 -9.02227
573000 501.082 -10601.8 6.97148
574000 499.082 -10712.4 16.1
575000 502.277 -10667.4 -11.3415
576000 497.589 -10725.7 5.29906
577000 500.552 -10598.5 -5.80903
578000 497.346 -10737.5 4.07346
579000 499.313 -10665.8 -7.69858
580000 501 -10737.9 -4.68587
581000 496.292 -10642.9 -3.06295
582000 504.129 -10641.9 -4.06743
583000 501.846 -10547.4 -0.39499
584000 497.572 -10745.6 -4.92283
585000 499.57 -10725.6 5.43959
586000 497.252 -10704.2 4.3528
587000 499.375 -10702.2 -17.3829
588000 498.44 -10663.7 5.88376
589000 500.873 -10534.7 -5.54452
590000 500.122 -10783.7 17.0922
591000 498.205 -10729.7 7.72898
592000 499.319 -10639.7 4.77259
593000 496.826 -10833 -6.5762
594000 500.638 -10706.3 -1.619
595000 499.396 -10609.6 3.36044
596000 500.813 -10595.5 0.668468
597000 498.776 -10665.6 -4.48502
598000 498.757 -10613 16.7438
599000 500.995 -10678.1 11.9054
600000 497.266 -10679.6 -4.67925
601000 501.574 -10584.5 -8.95613
602000 498.28 -10732.6 -2.98008
603000 500.456 -10585.4 9.2231
604000 500.189 -10699.9 3.74957
605000 501.736 -10626.4 14.4085
606000 502.105 -10596.8 -4.0326
607000 498.614 -10591 0.749374
608000 496.121 -10758.9 6.81
609000 497.671 -10749.6 0.667955
610000 500.74 -10633 -3.09398
611000 501.157 -10672.7 12.0682
612000 497.94 -10747.3 -16.6851
613000 499.502 -10682.4 7.86752
614000 498.069 -10629.7 2.19694
615000 498.061 -10684.5 7.5325
616000 499.752 -10570.5 12.2826
617000 500.001 -10615 -12.5933
618000 498.056 -10651.6 10.9519
619000 499.991 -10592.5 0.11048
620000 501.058 -10628.8 9.68842
621000 500.246 -10596.7 0.913234
622000 498.723 -10701.8 -4.84214
623000 499.857 -10596.8 13.9797
624000 501.254 -10548.5 -6.13091
625000 498.453 -10734.2 -0.634168
626000 500.709 -10616.7 -8.86455
627000 502.174 -10715.1 -8.79172
628000 500.731 -10619.4 9.52804
629000 498.815 -10703.4 -19.3416
630000 501.393 -10750.9 6.7087
631000 501.205 -10752.9 10.8279
632000 498.978 -10733.4 -3.31685
633000 500.241 -10715.4 3.73795
634000 499.353 -10682.1 8.39297
635000 498.721 -10732.3 1.80449
636000 498.861 -10709.7 4.64633
637000 503.503 -10704.9 4.22116
638000 498.904 -10697 -1.55819
639000 500.472 -10587.2 -1.97644
640000 500.532 -10578.8 -0.133909
641000 503.227 -10629.1 -2.29266
642000 498.965 -10673.8 -8.31447
643000 500.827 -10595.2 7.03465
644000 502.242 -10652.2 -0.0278402
645000 499.092 -10575.1 11.1299
646000 500.309 -10793.5 -1.14337
647000 500.903 -10745.8 -7.11642
648000 500.95 -10514.5 7.22413
649000 499.967 -10568 -0.704845
650000 498.597 -10595.9 3.46192
651000 499.542 -10695.1 7.74088
652000 502.353 -10704.1 -1.52292
653000 499.732 -10710.8 -4.94987
654000 499.381 -10650.3 11.7202
655000 501.126 -10635.3 23.5955
656000 500.697 -10713.3 -15.6101
657000 499.99 -10711.9 -6.54659
658000 500.374 -10556.3 7.12941
659000 503.446 -10464.4 -1.64054
660000 501.848 -10678.8 3.38909
661000 501.553 -10634.6 7.78863
662000 499.477 -10606.8 6.02437
663000 499.623 -10674.9 -13.9803
664000 498.685 -10719.1 0.355696
665000 496.709 -10764.2 26.9044
666000 498.786 -10675.3 6.58466
667000 502.567 -10638.2 -9.11365
668000 496.918 -10679 -2.7684
669000 502.579 -10691 11.5754
670000 501.773 -10518.4 16.4813
671000 501.581 -10723.1 4.94932
672000 501.034 -10616.5 4.27898
673000 500.47 -10595.1 -0.315317
674000 502.164 -10695.9 -5.57545
675000 498.987 -10657.5 11.8054
676000 496.908 -10632.6 6.30699
677000 498.887 -10751.3 0.340879
678000 500.569 -10631 3.14444
679000 497.415 -10614.8 1.20045
680000 497.433 -10634.5 4.37848
681000 501.55 -10560.9 17.3325
682000 502.415 -10656.9 -3.23849
683000 497.527 -10662.9 9.69616
684000 499.408 -10718 4.58046
685000 499.107 -10693.5 13.1378
686000 500.795 -10708.6 15.2894
687000 501.32 -10643.4 -11.3975
688000 501.339 -10543.5 15.5768
689000 497.859 -10537.2 -15.1336
690000 498.713 -10535.2 1.01948
691000 500.746 -10692.3 26.6963
692000 499.673 -10760.3 -0.0817369
693000 498.837 -10718 -1.28653
694000 500.953 -10728.8 -8.4774
695000 501.911 -10618.7 13.1514
696000 502.661 -10601.4 -11.4115
697000 500.889 -10678.2 16.1656
698000 501.717 -10693.8 7.06892
699000 499.761 -10712.7 4.26573
700000 502.789 -10504.9 0.952698
701000 500.673 -10629.4 11.6582
702000 497.136 -10707.9 4.30973
703000 498.649 -10783.9 3.36023
704000 502.801 -10605.7 -5.23213
705000 499.197 -10668.9 5.94249
706000 500.233 -10617.8 -0.63688
707000 503.137 -10596.7 6.80303
708000 498.155 -10676.7 27.0198
709000 503.016 -10698.7 -6.07346
710000 501.525 -10626.5 8.59489
711000 498.056 -10734.2 2.03247
712000 498.705 -10676.1 12.1794
713000 502.568 -10650.9 3.72136
714000 499.97 -10697.9 -4.40308
715000 498.257 -10730 -7.05827
716000 499.832 -10661.7 6.06936
717000 499.197 -10750.9 -9.43714
718000 499.456 -10638.5 -3.50093
719000 496.96 -10675.6 8.0299
720000 497.058 -10725 0.647726
721000 497.337 -10790 -16.2793
722000 502.137 -10658.2 7.06348
723000 499.448 -10591.4 -1.31433
724000 498.678 -10703.1 8.48953
725000 499.586 -10638 7.0687
726000 499.658 -10688.3 9.27295
727000 501.001 -10594.1 -8.19669
728000 495.275 -10812.8 7.6743
729000 501.896 -10667 -3.97042
730000 499.906 -10705.3 9.93977
731000 501.956 -10636.2 -19.3133
732000 501.42 -10654.6 10.2663
733000 501.425 -10565.3 -0.374967
734000 498.33 -10654.3 4.30746
735000 499.505 -10754.5 -4.6291
736000 497.272 -10742.4 3.73668
737000 500.147 -10683.1 5.83235
738000 500.042 -10594.8 3.38741
739000 502.404 -10731.3 13.5266
740000 498.757 -10661.4 -20.2801
741000 499.57 -10757 17.1639
742000 496.585 -10746.8 3.73046
743000 500.978 -10558.5 -6.43688
744000 498.964 -10729.5 10.3198
745000 499.444 -10627.4 -1.57815
746000 499.087 -10629.9 0.854817
747000 498.413 -10836.4 5.04652
748000 496.569 -10782.8 -4.40634
749000 497.345 -10748.5 -6.67261
750000 498.966 -10622.6 9.10096
751000 498.712 -10600.8 2.10364
752000 499.477 -10681.4 10.4091
753000 500.122 -10714.8 4.60154
754000 495.119 -10768.3 -5.16989
755000 499.395 -10730.8 6.40575
756000 498.224 -10697.8 3.58612
757000 500.097 -10718.3 -0.311031
758000 497.776 -10766.6 8.13796
759000 501.153 -10603.1 -6.81013
760000 499.011 -10770.1 15.6367
761000 498.804 -10695.7 -9.29733
762000 501.363 -10725.6 1.67628
763000 503.022 -10471.3 -4.63396
764000 498.921 -10687.6 5.0108
765000 498.578 -10692.1 7.36296
766000 502.288 -10650.9 6.2781
767000 498.053 -10716.5 6.72802
768000 501.361 -10766.4 -11.5359
769000 500.116 -10705.1 7.5865
770000 497.636 -10799.5 -5.18767
771000 498.547 -10670.1 -6.29426
772000 504.158 -10550.3 -1.78275
773000 498.466 -10804.9 0.451902
774000 501.235 -10702.3 8.77644
775000 498.193 -10635.7 1.27931
776000 499.411 -10576.2 -17.2529
777000 506.254 -10658.8 13.7029
778000 499.35 -10708.9 -4.48421
779000 500.21 -10611.2 -0.203416
780000 499.448 -10646.8 0.223493
781000 501.043 -10754.9 -12.8729
782000 498.736 -10773.3 3.31603
783000 500.05 -10671.6 4.54139
784000 501.771 -10705.6 1.28131
785000 501.162 -10618.2 -5.91963
786000 501.424 -10679.3 8.73415
787000 500.356 -10687.2 11.7571
788000 500.553 -10715.1 9.57252
789000 501.092 -10688.7 -11.6573
790000 499.577 -10747.5 2.82173
791000 500.837 -10719.1 9.2322
792000 500.402 -10710.4 8.42884
793000 499.991 -10738.4 1.75711
794000 499.735 -10692.6 -0.193975
795000 502.009 -10694.3 0.490537
796000 499.748 -10679.5 -0.335357
797000 498.872 -10736.4 4.67401
798000 498.377 -10715.1 1.11975
799000 502.116 -10672.4 7.60666
800000 499.4 -10646.4 16.4684
801000 501.448 -10668.3 4.40356
802000 498.429 -10776.7 10.4579
803000 500.369 -10811.6 10.2577
804000 498.645 -10745.4 11.161
805000 501.75 -10681.4 -12.3012
806000 498.623 -10630.9 -7.19687
807000 500.451 -10510.6 2.16725
808000 499.659 -10567.7 -8.22773
809000 501.502 -10563.1 2.85288
810000 498.954 -10547.8 6.31484
811000 502.07 -10581.9 -3.58786
812000 500.836 -10492.9 -1.19624
813000 501.535 -10548.6 -4.58041
814000 496.771 -10710.1 -7.35057
815000 499.469 -10758.3 3.02045
816000 500.037 -10682.6 15.9686
817000 499.994 -10599.2 -4.88895
818000 501.238 -10663.7 4.92665
819000 501.394 -10553.2 5.02237
820000 501.985 -10556.3 2.36524
821000 501.392 -10553.5 -0.123165
822000 501.23 -10545.5 -2.16564
823000 500.848 -10671.6 11.9965
824000 499.997 -10679.3 4.04385
825000 498.381 -10788.2 20.4967
826000 500.115 -10662.8 -14.2381
827000 499.635 -10736.6 -5.95589
828000 498.36 -10777.3 15.9596
829000 498.144 -10682.9 5.03772
830000 502.032 -10598.3 -14.442
831000 498.119 -10738.3 4.30076
832000 502.881 -10622 -1.31482
833000 500.877 -10662.8 16.5444
834000 500.343 -10670.6 -3.96136
835000 499.071 -10595.5 -8.14965
836000 499.78 -10733.2 -16.6599
837000 500.933 -10755.4 5.89946
838000 497.992 -10700.4 3.83064
839000 501.436 -10616 1.00662
840000 502.339 -10652.1 -3.55251
841000 499.116 -10676 -0.0222806
842000 500.544 -10646.6 15.6633
843000 502.677 -10492.3 -6.69336
844000 500.634 -10586.2 2.08701
845000 497.342 -10612.2 -7.43652
846000 497.432 -10663 4.32144
847000 500.887 -10643 0.701834
848000 502.937 -10631 2.79549
849000 500.133 -10591.5 6.03299
850000 499.056 -10623.9 -1.37522
851000 499.92 -10713.4 -8.51868
852000 502.211 -10697.3 4.49551
853000 500.855 -10629.3 -6.42134
854000 500.754 -10654.4 -0.0595013
855000 499.402 -10751.8 13.4701
856000 497.594 -10679.7 8.70992
857000 500.833 -10686.8 -9.78365
858000 501.087 -10458 -8.19335
859000 501.239 -10373.8 6.02633
860000 501.46 -10489.3 -2.0213
861000 501.208 -10558.5 10.8117
862000 500.653 -10646.6 -12.7513
863000 499.634 -10728.8 8.64337
864000 499.651 -10637.5 -1.63853
865000 499.732 -10636 -4.75741
866000 500.075 -10656.9 -6.25704
867000 498.709 -10710.4 1.6377
868000 502.161 -10704 3.17892
869000 498.322 -10592.2 11.3177
870000 501.519 -10511.3 15.1419
871000 502.935 -10647.3 -6.08142
872000 500.414 -10678.1 -1.59141
873000 501.933 -10837.2 -2.74588
874000 497.436 -10787.9 10.8258
875000 500.074 -10581.1 -1.10777
876000 498.837 -10778 -8.17153
877000 500.01 -10606.5 -5.71387
878000 500.697 -10757.4 8.34269
879000 499.984 -10750.1 -17.4362
880000 498.756 -10812.5 14.3323
881000 498.465 -10685.9 -3.96865
882000 501.046 -10663 1.991
883000 499.754 -10593.6 -1.18548
884000 497.088 -10758.9 7.60504
885000 503.911 -10617.9 9.99768
886000 500.294 -10596.6 -7.72296
887000 501.774 -10702.5 -5.2594
888000 503.034 -10629.6 11.3243
889000 502.048 -10606.1 -19.8501
890000 499.331 -10663.7 -8.76464
891000 500.493 -10659.8 6.04608
892000 500.431 -10601.4 -6.2902
893000 501.325 -10613.6 0.370846
894000 497.304 -10720.4 -4.39936
895000 501.96 -10690.1 6.70363
896000 500.567 -10592.8 0.333197
897000 500.647 -10644.6 -12.6809
898000 499.506 -10749.4 13.6593
899000 496.698 -10746.1 -8.32848
900000 497.843 -10717.3 6.73825
901000 500.882 -10588.9 13.4507
902000 498.997 -10565.1 -1.68464
903000 501.276 -10680.1 4.9702
904000 500.472 -10632.3 -8.34056
905000 503.905 -10601.7 15.6637
906000 501.005 -10680.8 -10.8602
907000 498.002 -10696.7 -5.98358
908000 500.311 -10561.7 14.3556
909000 500.941 -10588.9 9.45293
910000 503.349 -10669.3 9.36858
911000 499.467 -10468.4 -1.7274
912000 500.741 -10540.4 5.5737
913000 499.587 -10720.9 -2.54966
914000 499.527 -10698.1 18.3274
915000 500.293 -10686.6 -2.00795
916000 497.528 -10714.9 -7.37416
917000 498.243 -10733.3 15.9062
918000 500.299 -10500.3 1.52693
919000 501.136 -10533.6 1.18992
920000 503.12 -10430 8.09441
921000 498.415 -10681.3 1.29524
922000 499.198 -10766.2 6.01446
923000 497.599 -10729.5 -0.594042
924000 501.281 -10663.8 0.380486
925000 499.68 -10732.9 -1.63727
926000 499.387 -10695.4 13.128
927000 498.332 -10647.1 -2.88679
928000 500.867 -10712.8 -2.84846
929000 501.558 -10726.8 -2.46312
930000 501.373 -10785.1 1.39464
931000 499.355 -10710.8 -12.9675
932000 498.456 -10693.5 1.0093
933000 497.749 -10580.7 -5.48852
934000 499.523 -10669.4 4.71085
935000 500.55 -10681.3 8.368
936000 502.594 -10613.1 -5.6112
937000 501.049 -10615.9 -13.2369
938000 499.339 -10792.9 -2.17527
939000 500.167 -10693.2 6.42147
940000 500.092 -10615 -3.0081
941000 499.704 -10631.1 20.3926
942000 499.509 -10722 -7.02771
943000 501.044 -10650.6 -0.661934
944000 498.869 -10672.7 0.0817063
945000 500.776 -10647.3 23.5274
946000 498.077 -10831.3 -6.97707
947000 500.426 -10659.8 2.61129
948000 497.262 -10727.7 6.36324
949000 500.676 -10753.4 -5.02225
950000 499.263 -10819.1 5.57806
951000 502.367 -10709.9 10.6415
952000 500.961 -10665 -11.0947
953000 498.245 -10737.9 9.99692
954000 500.081 -10668 -6.69138
955000 497.89 -10803.1 1.25792
956000 498.986 -10738.2 10.4362
957000 498.72 -10771 -8.05381
958000 498.056 -10812.1 -6.93273
959000 498.633 -10805.7 1.92315
960000 499.177 -10689.8 3.10454
961000 497.982 -10752 6.46807
962000 500.845 -10703.6 -6.13759
963000 499.135 -10717.3 7.24826
964000 497.674 -10766.4 -4.04019
965000 500.644 -10645.3 4.76542
966000 500.524 -10678.6 1.4316
967000 497.499 -10855.7 -2.40444
968000 499.904 -10734.8 3.28158
969000 500.914 -10635.7 4.83024
970000 502.916 -10567 -3.67239
971000 501.538 -10580.8 4.70595
972000 500.848 -10640.9 -4.16686
973000 501.946 -10572.5 4.34295
974000 500.429 -10801.6 7.15601
975000 498.386 -10615.8 -13.051
976000 498.701 -10687.8 5.06223
977000 500.216 -10665.3 5.44642
978000 498.624 -10685.7 3.2951
979000 500.351 -10704.1 -6.23937
980000 502.556 -10606.9 6.43984
981000 501.211 -10726.3 -2.74433
982000 499.379 -10730.1 7.93086
983000 497.135 -10684 -20.1303
984000 498.821 -10714.3 17.7709
985000 500.148 -10560.7 -10.2065
986000 499.033 -10622 2.79226
987000 502.178 -10626.3 -0.818957
988000 498.007 -10757.9 -4.43062
989000 499.5 -10653 1.802
990000 500.126 -10713.7 -5.63992
991000 500.834 -10756.2 9.19333
992000 499.462 -10750.6 -11.7566
993000 498.539 -10765 7.87252
994000 499.495 -10520.8 1.83809
995000 499.577 -10643.9 -4.55126
996000 500.618 -10707.1 -3.1165
997000 505.642 -10687.6 -0.464915
998000 498.856 -10661.7 9.5647
999000 498.14 -10701.3 -1.18781
1000000 501.105 -10705.3 -14.388
1001000 497.807 -10719.8 3.3307
1002000 502.061 -10634.1 6.21383
1003000 500.93 -10650.2 1.20932
1004000 498.514 -10651.5 -11.5298
1005000 497.658 -10625.7 0.913792
1006000 499.033 -10622.1 2.14164
1007000 502.778 -10526.9 -3.58235
1008000 501.686 -10583.1 6.57635
1009000 501.264 -10631.9 1.93942
1010000 498.765 -10679.3 -6.13875
1011000 497.443 -10646.1 -1.01457
1012000 499.907 -10746.9 -1.13481
1013000 498.126 -10736.5 6.36368
1014000 498.568 -10676.6 1.58364
1015000 500.36 -10634.6 13.2899
1016000 498.826 -10660.9 0.183253
1017000 501.821 -10543.1 0.434338
1018000 502.216 -10573.9 -8.77229
1019000 497.587 -10650.1 9.14621
1020000 502.915 -10490.3 -9.24222
1021000 499.652 -10653.1 11.1634
1022000 501.176 -10674.9 7.82448
1023000 499.368 -10551.8 -0.957587
1024000 496.592 -10670.1 -1.19935
1025000 499.813 -10636.5 16.1331
1026000 498.058 -10668.5 -12.5787
1027000 502.201 -10546.4 -3.34968
1028000 499.292 -10628.7 11.1651
1029000 496.461 -10811 4.51416
1030000 501.161 -10698.5 -13.2518
1031000 499.89 -10697.7 9.09941
1032000 501.456 -10671.5 -15.8807
1033000 500.491 -10670.2 19.1075
1034000 494.72 -10784.9 3.60829
1035000 500.123 -10602.4 -5.64999
1036000 497.021 -10675.1 6.71465
1037000 498.654 -10668.5 -4.87906
1038000 500.521 -10629.2 2.3354
1039000 498.847 -10751.8 3.89423
1040000 500.993 -10740.7 11.7631
1041000 498.899 -10672.2 -4.64528
1042000 502.895 -10759.2 5.74912
1043000 501.003 -10789.5 5.14776
1044000 499.499 -10607.1 -5.4976
1045000 498.49 -10702.3 2.6237
1046000 500.199 -10644.6 2.92004
1047000 500.645 -10718.6 -10.7718
1048000 496.091 -10779 4.64401
1049000 499.322 -10825 -4.85407
1050000 501.256 -10687.6 8.32695
1051000 501.03 -10791.3 1.96047
1052000 497.834 -10755.1 -2.64899
1053000 496.52 -10791.5 1.89009
1054000 501.31 -10697.5 4.85382
1055000 501.122 -10725.1 -2.63921
1056000 498.022 -10759.2 2.79174
1057000 500.708 -10739.7 15.6572
1058000 499.298 -10732.7 -5.69561
1059000 499.349 -10645.4 -1.12575
1060000 495.59 -10797.5 13.4988
1061000 500.525 -10763.9 -14.5352
1062000 502.05 -10636.1 6.97092
1063000 498.37 -10565.5 -2.21999
1064000 503.757 -10663.1 2.42525
1065000 498.55 -10735.6 2.98537
1066000 499.725 -10773.2 7.92313
1067000 501.239 -10500 5.61206
1068000 500.864 -10594.8 -8.15204
1069000 499.736 -10621.6 1.89404
1070000 497.601 -10695.3 -0.544576
1071000 501.969 -10696.1 5.17688
1072000 502.322 -10760.8 -6.73971
1073000 500.161 -10624.9 -3.84316
1074000 502.496 -10521.4 1.36044
1075000 500.763 -10591.9 2.57587
1076000 501.116 -10656.3 11.0994
1077000 496.782 -10706.6 -0.0505667
1078000 499.813 -10698.2 6.74384
1079000 495.94 -10674.3 -3.66108
1080000 500.83 -10703.1 13.8014
1081000 497.313 -10783.7 -2.73368
1082000 499.338 -10779.2 -0.823386
1083000 500.969 -10605.3 -6.51124
1084000 499.342 -10777.6 6.62477
1085000 496.421 -10767.9 5.18325
1086000 501.855 -10649.6 -8.97057
1087000 500.239 -10641.6 10.8065
1088000 499.245 -10616.5 0.696404
1089000 498.552 -10611.5 6.76787
1090000 502.018 -10741.4 -12.1544
1091000 502.653 -10630.2 6.87259
1092000 501.919 -10600.1 2.14144
1093000 501.887 -10682.7 -6.38475
1094000 499.459 -10711.4 -2.89804
1095000 500.274 -10510.8 -1.97242
1096000 501.61 -10650.6 3.71537
1097000 501.993 -10592.1 8.38147
1098000 500.551 -10692.1 -3.21132
1099000 500.252 -10675.1 -4.38517
1100000 502.494 -10562.6 4.13619
1101000 501.628 -10536.8 1.0901
1102000 500.633 -10481.5 -9.78343
1103000 501.845 -10559.1 1.82491
1104000 498.949 -10708 6.80229
1105000 500.594 -10646.1 -7.55655
1106000 499.061 -10544.1 4.7831
1107000 500.058 -10521.1 -2.88196
1108000 500.376 -10533 10.1533
1109000 499.926 -10697 -12.6658
1110000 499.801 -10731.2 20.2429
1111000 500.435 -10723.8 2.46968
1112000 501.29 -10687.3 22.8237
1113000 499.61 -10462.3 -5.75195
1114000 499.66 -10644.8 -12.6477
1115000 499.146 -10727.7 -0.274121
1116000 497.133 -10665.9 -7.81401
1117000 499.657 -10649.5 10.6191
1118000 499.223 -10596.4 12.0878
1119000 504.092 -10565.8 -9.9566
1120000 501.634 -10679.2 14.4515
1121000 498.758 -10636.5 -7.70105
1122000 499.664 -10670.7 10.8924
1123000 499.563 -10687.9 -10.686
1124000 500.77 -10589.4 -1.69943
1125000 501.162 -10523.5 2.79883
1126000 501.227 -10564.3 3.91578
1127000 503.916 -10550.4 -10.0808
1128000 502.764 -10685.3 17.7554
1129000 499.166 -10763.9 -4.90239
1130000 498.714 -10717 -4.15676
1131000 499.379 -10560.4 1.09438
1132000 496.834 -10689.8 2.66583
1133000 499.709 -10686.4 3.87123
1134000 499.377 -10796.1 19.1909
1135000 498.92 -10685.6 -2.21883
1136000 500.218 -10706.1 13.2949
1137000 496.419 -10658.6 9.18977
1138000 500.555 -10577.8 -4.27705
1139000 500.673 -10588.8 21.6025
1140000 498.358 -10650.6 -5.68963
1141000 498.034 -10633.8 14.3013
1142000 500.652 -10671 6.30394
1143000 500.315 -10674 -8.81584
1144000 499.868 -10765.3 -3.55541
1145000 499.713 -10782.3 5.67539
1146000 500.932 -10690.9 -15.8516
1147000 499.212 -10644.4 4.39252
1148000 500.064 -10642.2 10.9705
1149000 503.056 -10556.3 -2.60906
1150000 499.646 -10691.7 4.93949
1151000 501.225 -10569.1 -9.10269
1152000 501.24 -10628.5 -7.49601
1153000 500.087 -10762.2 -8.94615
1154000 499.553 -10749.1 5.40795
1155000 500.536 -10633.6 -3.40511
1156000 499.462 -10691.9 12.8345
1157000 502.178 -10661.7 -1.47349
1158000 498.691 -10648.6 2.4544
1159000 499.156 -10616.1 -12.9294
1160000 499.291 -10615.9 5.5003
1161000 500.495 -10617.2 9.97748
1162000 498 -10664.6 -9.09581
1163000 498.092 -10699.1 0.92099
1164000 500.809 -10780.7 14.1541
1165000 500.659 -10637.4 -7.94246
1166000 500.403 -10624.4 10.2786
1167000 500.073 -10567.1 -2.8659
1168000 498.555 -10687.1 -4.2485
1169000 500.543 -10672.1 7.86211
1170000 496.926 -10763.2 -1.00565
1171000 502.48 -10741.6 15.1991
1172000 498.717 -10797.4 8.0636
1173000 500.962 -10594.9 -5.36443
1174000 501.254 -10630.9 9.53712
1175000 502.241 -10625 -2.87114
1176000 499.33 -10596.7 -0.451944
1177000 501.806 -10556.3 15.9852
1178000 497.279 -10636.4 -13.9903
1179000 502.036 -10477.3 8.22632
1180000 500.965 -10553.3 -4.82645
1181000 502.429 -10582 5.17284
1182000 498.15 -10651.7 -7.03784
1183000 501.426 -10613.4 8.21402
1184000 499.3 -10648.2 -0.580844
1185000 498.516 -10741.8 6.63668
1186000 500.995 -10668.8 2.99242
1187000 500.637 -10649.8 7.50577
1188000 495.875 -10806.8 -1.93587
1189000 500.893 -10702.8 -7.62289
1190000 500.801 -10709.5 8.66195
1191000 500.038 -10666 7.16705
1192000 500.213 -10687.7 -0.612713
1193000 500.664 -10568.3 -15.357
1194000 500.277 -10564 10.1825
1195000 500.197 -10406 -14.307
1196000 500.397 -10533.2 3.65966
1197000 497.804 -10653 -11.0205
1198000 499.562 -10665 6.14683
1199000 500.899 -10724.2 -2.26413
1200000 502.271 -10655.8 -3.11313
1201000 501.093 -10654.2 14.3615
1202000 501.252 -10730 0.388368
1203000 503.802 -10554.1 -1.0901
1204000 502.313 -10550.1 9.55762
1205000 498.21 -10607 -13.8313
1206000 500.278 -10706.1 5.94405
1207000 500.356 -10711 -7.58847
1208000 499.899 -10550.7 -3.94926
1209000 500.352 -10465.2 8.36331
1210000 498.664 -10496.7 0.579388
1211000 500.986 -10546.1 12.5468
1212000 499.534 -10680.8 -13.9455
1213000 500.918 -10561.1 2.12456
1214000 499.044 -10656 -11.6509
1215000 500.273 -10661.5 16.4233
1216000 499.741 -10581.1 -10.8155
1217000 500.84 -10683.6 14.2238
1218000 496.303 -10739.9 -19.721
1219000 502.177 -10696.2 13.4586
1220000 499.683 -10735.9 -4.56339
1221000 501.397 -10596 1.73534
1222000 499.558 -10625.7 -1.65284
1223000 497.583 -10663.4 -11.4738
1224000 502.819 -10633.7 -1.33136
1225000 501.073 -10630.4 -9.71311
1226000 499.608 -10661 32.6119
1227000 499.498 -10522.3 -1.11044
1228000 502.259 -10665.3 1.01468
1229000 500.513 -10727.3 -5.32573
1230000 499.593 -10651.4 9.52895
1231000 498.243 -10655 -6.90163
1232000 501.634 -10654.6 -6.37044
1233000 501.742 -10650 -1.58526
1234000 501.296 -10471 1.60175
1235000 501.38 -10655.1 17.5791
1236000 500.248 -10667.3 -5.37749
1237000 502.124 -10523.2 3.37279
1238000 501.945 -10581.5 2.5007
1239000 500.138 -10661.7 -0.0646088
1240000 502.044 -10565.8 8.85015
1241000 499.998 -10708.1 3.32334
1242000 496.695 -10684.3 4.56995
1243000 502.562 -10644.4 15.5853
1244000 497.158 -10750.9 0.551987
1245000 498.269 -10667.6 4.57663
1246000 496.708 -10745.4 -0.458253
1247000 495.89 -10832 -2.9495
1248000 500.23 -10656.9 -16.7118
1249000 499.883 -10693.7 10.5224
1250000 498.533 -10754.8 -4.90541
1251000 503.274 -10529.5 4.54831
1252000 501.175 -10491 5.42386
1253000 498.611 -10577.1 2.60152
1254000 497.199 -10665.8 12.2125
1255000 501.011 -10619.1 2.8786
1256000 499.624 -10756.1 2.07867
1257000 501.432 -10682.2 -2.00093
1258000 499.714 -10662.8 -12.1787
1259000 499.224 -10585.1 21.7867
1260000 503.202 -10566.8 -2.80905
1261000 499.976 -10628.2 12.0547
1262000 502.093 -10587.5 14.3952
1263000 499.754 -10685.9 7.0619
1264000 498.747 -10720.7 -7.99549
1265000 498.851 -10665.6 6.86108
1266000 499.913 -10674.3 3.31995
1267000 501.207 -10670.4 1.8416
1268000 501.239 -10819.6 5.78954
1269000 499.757 -10610.6 12.5839
1270000 500.848 -10563 -13.1013
1271000 499.145 -10674.9 8.95278
1272000 499.988 -10669.6 9.34902
1273000 503.241 -10545.9 0.0363045
1274000 499.539 -10618.8 -7.65478
1275000 499.548 -10652.4 1.50779
1276000 499.385 -10692 10.6606
1277000 500.525 -10602.1 -4.48068
1278000 499.428 -10688.2 14.2975
1279000 500.475 -10677.9 -6.90743
1280000 499.476 -10736 -1.97969
1281000 501.42 -10701.4 -2.29496
1282000 501.796 -10612.1 -2.43297
1283000 497.864 -10769.5 -0.547327
1284000 496.972 -10629.3 -3.41725
1285000 502.272 -10557.7 2.12734
1286000 501.318 -10632.2 -3.7708
1287000 497.87 -10721.8 7.99863
1288000 500.87 -10584.9 7.74185
1289000 500.049 -10625.4 -15.6514
1290000 502.125 -10622.6 29.4553
1291000 500.499 -10631.1 -7.37324
1292000 499.11 -10715.7 -1.29374
1293000 496.471 -10722.7 8.45121
1294000 500.037 -10706.4 -7.11769
1295000 499.323 -10643.6 3.05532
1296000 501.491 -10563.7 7.98512
1297000 498.314 -10671 5.53568
1298000 498.574 -10715.4 9.1267
1299000 498.763 -10747.8 -1.46826
1300000 500.274 -10467.2 -2.4541
1301000 499.513 -10500 -10.604
1302000 497.885 -10667.8 2.78064
1303000 500.878 -10674.8 -2.61948
1304000 500.35 -10544.1 -2.77057
1305000 502.431 -10720.1 -6.6471
1306000 501.949 -10560.8 -7.66854
1307000 501.056 -10701.2 13.4057
1308000 498.186 -10667.6 -5.57279
1309000 502.105 -10473.8 0.80863
1310000 498.236 -10563.3 11.2491
1311000 500.754 -10565 11.963
1312000 499.512 -10643 -6.87548
1313000 499.214 -10626.7 7.85666
1314000 501.947 -10593.3 3.45937
1315000 498.204 -10626.4 10.098
1316000 501.448 -10603.2 5.83386
1317000 502.352 -10721.4 -2.26122
1318000 497.963 -10743.1 12.6742
1319000 499.639 -10608 6.27992
1320000 501.488 -10562.8 -11.5038
1321000 499.067 -10618.9 -1.58903
1322000 498.478 -10621.5 10.9137
1323000 503.734 -10597.2 -12.0505
1324000 499.552 -10562.1 5.96514
1325000 501.138 -10696.8 2.35895
1326000 500.821 -10689.1 3.64062
1327000 499.055 -10634.8 -2.88553
1328000 502.093 -10637.2 7.42753
1329000 499.295 -10716.5 10.4234
1330000 498.679 -10618.2 12.6716
1331000 498.062 -10602.4 -22.1652
1332000 497.512 -10600.7 12.7831
1333000 499.663 -10581.5 2.07884
1334000 501.881 -10594.2 12.0699
1335000 498.127 -10637 13.395
1336000 501.844 -10654.7 2.1855
1337000 500.335 -10624.4 -6.99146
1338000 500.874 -10647.2 -4.38799
1339000 499.508 -10677.9 4.21542
1340000 499.128 -10647.1 5.72052
1341000 500.388 -10647.6 8.51758
1342000 498.399 -10739.8 -3.04791
1343000 498.64 -10650.6 0.212019
1344000 498.106 -10679.8 -8.8432
1345000 502.93 -10739.2 2.26968
1346000 500.756 -10639.8 8.05583
1347000 497.473 -10805.5 -4.36193
1348000 498.864 -10809.8 8.05155
1349000 501.018 -10820.1 4.1653
1350000 502.29 -10568 -2.33466
1351000 501.092 -10595.6 -0.0773209
1352000 501.295 -10637.4 6.00951
1353000 497.608 -10675.8 4.31837
1354000 498.349 -10643.9 -4.90841
1355000 500.355 -10642.7 3.23163
1356000 500.291 -10719.2 3.04808
1357000 499.892 -10668.7 5.71136
1358000 501.074 -10671.5 -4.48996
1359000 501.8 -10621.6 14.2382
1360000 501.446 -10575.6 -8.34116
1361000 497.432 -10616 -2.56633
1362000 502.319 -10642.1 21.2749
1363000 498.642 -10636.1 -10.7025
1364000 499.165 -10729.1 7.959
1365000 498.59 -10696.6 -2.4988
1366000 499.083 -10642.8 9.68026
1367000 500.786 -10591.1 -5.59358
1368000 501.494 -10553.5 12.0168
1369000 499.533 -10557.8 8.90636
1370000 498.549 -10666.8 -8.91723
1371000 499.242 -10730.4 8.42869
1372000 500.178 -10744.3 2.2437
1373000 495.918 -10886 4.06048
1374000 496.963 -10740.6 0.516075
1375000 500.01 -10624.8 9.61446
1376000 499.839 -10651.3 0.814096
1377000 501.769 -10658 5.42466
1378000 501.846 -10625.9 -3.55996
1379000 500.893 -10704.5 -3.82078
1380000 499.072 -10798.8 -2.42863
1381000 499.869 -10688.5 1.96132
1382000 502.276 -10729.7 -3.81831
1383000 499.141 -10627.2 8.90351
1384000 497.938 -10571.4 -8.14572
1385000 500.612 -10536.7 -0.939458
1386000 503.185 -10535 1.79228
1387000 497.261 -10782.8 10.9611
1388000 500.295 -10598.6 0.780218
1389000 499.363 -10654.6 20.4186
1390000 501.069 -10651.6 -5.73713
1391000 499.204 -10695.3 12.6086
1392000 500.103 -10715 -0.492419
1393000 502.944 -10704.4 2.92266
1394000 500.807 -10690.3 8.58084
1395000 499.824 -10644.8 -11.9269
1396000 503.351 -10632.1 2.37253
1397000 499.891 -10507.9 -9.2209
1398000 498.384 -10606.3 -2.33429
1399000 499.888 -10600.9 6.95322
1400000 500.201 -10505.2 1.04124
1401000 501.786 -10555.6 -16.0816
1402000 498.521 -10595.4 17.5888
1403000 501.228 -10598.5 3.77933
1404000 498.627 -10568.6 7.85903
1405000 500.606 -10633 12.8989
1406000 499.647 -10704.5 2.44018
1407000 500.882 -10703.8 3.41173
1408000 502.634 -10653.1 2.82872
1409000 499.382 -10728.8 -1.3295
1410000 499.629 -10609.7 -9.41666
1411000 496.814 -10585.5 3.32641
1412000 498.24 -10659.6 10.5847
1413000 498.935 -10708.5 -13.9944
1414000 500.234 -10628.1 0.207879
1415000 500.74 -10630.3 -0.540642
1416000 498.437 -10709.6 -1.42005
1417000 500.18 -10670 4.71089
1418000 500.305 -10653.1 3.88341
1419000 499.302 -10625.6 6.46566
1420000 499.091 -10605.6 -7.26814
1421000 498.459 -10641 -2.27275
1422000 500.976 -10498.5 -11.1662
1423000 504.331 -10512.5 12.638
1424000 498.457 -10614.3 -1.22068
1425000 496.255 -10798.8 10.6951
1426000 500.785 -10652 -15.6028
1427000 497.24 -10595.4 20.8051
1428000 500.168 -10681.4 -6.39327
1429000 503.197 -10578.3 8.05517
1430000 503.284 -10551.1 -0.61624
1431000 499.591 -10680.4 16.0409
1432000 499.792 -10708.3 -8.99076
1433000 499.762 -10733.1 -2.99591
1434000 499.406 -10709.2 0.795102
1435000 504.039 -10575.6 3.31009
1436000 499.85 -10681.7 3.24708
1437000 500.553 -10713.1 10.7071
1438000 500.242 -10648 8.94953
1439000 501.716 -10552.1 -2.45575
1440000 501.36 -10582.6 0.134244
1441000 499.614 -10695.7 0.550865
1442000 499.594 -10629.6 -7.48271
1443000 500.203 -10690.6 6.53234
1444000 498.583 -10651.2 -0.619626
1445000 499.612 -10662.6 -8.88923
1446000 499.899 -10727.7 -10.3763
1447000 500.773 -10694 7.12349
1448000 501.731 -10533.2 1.76954
1449000 500.483 -10668 10.833
1450000 499.682 -10624.3 1.06813
1451000 502.281 -10555.6 3.6727
1452000 498.95 -10614.4 -2.53471
1453000 500.559 -10585.9 -5.97766
1454000 498.805 -10522.7 -12.8722
1455000 501.041 -10595 15.8951
1456000 498.768 -10720 -12.2806
1457000 500.712 -10618.4 19.5503
1458000 500.611 -10560.5 7.25537
1459000 499.705 -10615.8 -1.38794
1460000 497.199 -10742 -19.7008
1461000 499.902 -10577.8 7.22727
1462000 497.884 -10763.9 5.27552
1463000 498.892 -10624.8 13.286
1464000 499.477 -10625.8 15.5632
1465000 501.316 -10675.8 -5.52998
1466000 499.653 -10703.6 7.80618
1467000 502.332 -10717 -6.32769
1468000 501.858 -10575.4 -4.77669
1469000 501.028 -10711.5 6.60662
1470000 500.974 -10764.7 -14.7713
1471000 500.613 -10699.9 11.0659
1472000 499.481 -10734.2 -4.48829
1473000 500.754 -10534.1 -14.3392
1474000 499.006 -10611.9 -4.13913
1475000 500.451 -10661.2 1.37096
1476000 499.677 -10707.4 3.69699
1477000 501.196 -10688.6 10.5596
1478000 498.526 -10570.1 1.98836
1479000 498.062 -10636.7 -6.98026
1480000 500.867 -10673.2 0.4697
1481000 500.484 -10677.4 -0.921558
1482000 503.05 -10704.8 9.68022
1483000 500.631 -10708.9 -0.129638
1484000 498.298 -10615.2 -5.37753
1485000 501.96 -10574.4 -4.25133
1486000 499.51 -10666.6 3.54841
1487000 497.993 -10695.8 2.45466
1488000 500.327 -10744.3 8.54404
1489000 499.27 -10790.4 -15.1354
1490000 498.298 -10765 11.8684
1491000 497.245 -10700.7 -2.51821
1492000 502.621 -10633.1 3.79573
1493000 498.371 -10603.2 -9.20969
1494000 502.238 -10543.8 5.39091
1495000 501.301 -10554.2 -8.4732
1496000 500.429 -10592.5 -6.16897
1497000 501.651 -10610.9 7.55534
1498000 499.694 -10670.7 -1.30011
1499000 503.354 -10629.3 3.28529
1500000 497.654 -10575.7 -5.61059
1501000 500.48 -10492.2 15.9388
1502000 500.949 -10704.3 22.22
1503000 500.074 -10671.8 -4.87045
1504000 498.88 -10766.4 -0.0457114
1505000 500.651 -10690 18.4188
1506000 496.934 -10738.9 6.1608
1507000 497.197 -10876 -8.51619
1508000 498.066 -10829.6 -0.0605938
1509000 501.385 -10759.1 0.844077
1510000 501.71 -10754.3 5.16419
1511000 495.549 -10776.2 -1.93048
1512000 501.025 -10743.5 8.46894
1513000 502.058 -10574.7 -3.61788
1514000 496.652 -10852 9.20018
1515000 497.356 -10645.5 13.7473
1516000 501.075 -10564.7 1.2926
1517000 501.673 -10703.8 3.53686
1518000 498.625 -10791.5 6.04147
1519000 499.998 -10619.8 -8.25996
1520000 501.878 -10534.4 8.8747
1521000 502.152 -10602.4 -2.47703
1522000 502.841 -10650.1 1.73926
1523000 500.588 -10723.8 4.24244
1524000 501.188 -10576.5 -13.6377
1525000 501.79 -10708.1 1.79412
1526000 500.006 -10651.6 0.355865
1527000 501.537 -10606.5 8.07122
1528000 499.336 -10644.9 6.83262
1529000 496.462 -10603 -8.23289
1530000 500.116 -10599.7 21.8915
1531000 497.335 -10717.9 3.04069
1532000 497.874 -10712.6 6.75498
1533000 500.339 -10546 3.06688
1534000 498.444 -10543 3.52954
1535000 501.221 -10613.4 -15.3103
1536000 502.351 -10676.6 14.5794
1537000 498.034 -10694.9 -12.1672
1538000 501.172 -10593.2 2.85086
1539000 501.049 -10623.3 -0.64231
1540000 501.624 -10695.3 3.98223
1541000 500.417 -10757.3 6.35056
1542000 499.073 -10692.6 5.57008
1543000 498.4 -10725.1 -11.1
1544000 498.472 -10672 16.961
1545000 502.844 -10700.5 2.01644
1546000 498.892 -10681.6 -6.82323
1547000 502.033 -10671 13.2166
1548000 500.096 -10530.3 -6.59744
1549000 499.611 -10636.7 6.78493
1550000 500.832 -10629.9 17.6272
1551000 499.139 -10657.7 -4.2471
1552000 498.47 -10773.1 0.0536945
1553000 500.82 -10676.2 -1.73861
1554000 501.222 -10740.6 -8.03685
1555000 499.25 -10681.5 7.30235
1556000 500.886 -10628.5 -13.4085
1557000 499.74 -10631.9 -11.4744
1558000 501.358 -10643.5 5.09261
1559000 498.109 -10693.8 -5.15088
1560000 500.114 -10666.8 1.7647
1561000 499.653 -10630.7 -2.35909
1562000 496.517 -10619.6 2.75977
1563000 503.709 -10588.7 2.03224
1564000 499.204 -10619.3 6.76955
1565000 500.422 -10597 -0.900057
1566000 502.946 -10665.3 -3.78521
1567000 501.917 -10654.1 18.9002
1568000 500.679 -10674.5 -6.05003
1569000 499.689 -10615.9 10.455
1570000 501.798 -10621.8 -14.35
1571000 499.542 -10760.6 10.2346
1572000 498.672 -10695.8 0.306111
1573000 499.482 -10696.9 -12.0954
1574000 502.524 -10632 10.8643
1575000 498.167 -10775.5 -7.30573
1576000 498.459 -10695.9 4.61052
1577000 500.599 -10719.7 3.37632
1578000 497.638 -10691.8 -5.28868
1579000 497.964 -10682.1 1.49249
1580000 497.794 -10727.3 8.23856
1581000 502.9 -10530.4 7.35931
1582000 499.437 -10608.7 -1.14291
1583000 500.591 -10628.5 3.67242
1584000 499.935 -10671.4 -5.26215
1585000 501.096 -10582.8 3.67505
1586000 497.46 -10638.3 -1.41418
1587000 504.178 -10591.5 9.00772
1588000 498.441 -10757.6 -6.78609
1589000 501.904 -10644.6 -5.86055
1590000 500.019 -10636.5 -5.00212
1591000 498.044 -10731.7 3.43265
1592000 500.931 -10672.7 -11.6203
1593000 502.295 -10691 5.61722
1594000 499.99 -10758.5 -10.6578
1595000 498.619 -10778.2 24.9516
1596000 500.589 -10574.7 -4.76053
1597000 502.574 -10519.2 -6.5669
1598000 499.382 -10613.6 17.3508
1599000 500.84 -10586.6 -5.31993
1600000 503.047 -10663.1 -10.9561
1601000 499.241 -10656 -10.2744
1602000 499.201 -10673.2 18.8062
1603000 499.1 -10611.9 -13.3926
1604000 500.517 -10655.2 4.74817
1605000 496.238 -10689.4 -2.10795
1606000 499.974 -10717 18.0392
1607000 497.855 -10659.6 -15.6772
1608000 497.835 -10734.8 1.03833
1609000 496.276 -10812 -5.62279
1610000 502.645 -10613.7 17.7988
1611000 499.442 -10614.9 10.6826
1612000 502.041 -10626.7 0.391203
1613000 499.802 -10476.3 -0.698435
1614000 499.029 -10580 4.66044
1615000 502.134 -10478.4 9.02602
1616000 499.843 -10803.5 20.303
1617000 500.407 -10866.3 -2.43347
1618000 501.454 -10674.8 9.6303
1619000 500.86 -10733.9 6.89982
1620000 502.117 -10577.2 -4.15259
1621000 499.355 -10694.8 18.1118
1622000 496.914 -10724.3 -5.8027
1623000 498.18 -10762.6 9.5124
1624000 500.656 -10717.1 -7.46385
1625000 498.802 -10646.8 7.09404
1626000 501.632 -10555.1 -12.058
1627000 499.647 -10596.2 -10.622
1628000 500.042 -10682.8 15.4573
1629000 498.921 -10655.9 -18.1406
1630000 498.146 -10708.1 12.9024
1631000 503.342 -10616.6 14.5522
1632000 499.379 -10739.7 -2.07163
1633000 500.958 -10717.9 -12.441
1634000 502.343 -10473.7 -1.81794
1635000 499.477 -10588.5 16.7901
1636000 498.086 -10594.2 -1.16298
1637000 501.652 -10561.3 -6.01422
1638000 501.562 -10581.2 6.20408
1639000 498.589 -10616.7 -6.76461
1640000 500.519 -10706.6 -3.13212
1641000 502.637 -10563.6 6.5585
1642000 499.126 -10553.5 3.55148
1643000 499.498 -10695.8 4.88086
1644000 500.036 -10638.9 -6.19033
1645000 497.045 -10810.1 9.53873
1646000 498.708 -10770.6 10.5468
1647000 497.791 -10726 -3.09067
1648000 500.653 -10597.1 4.521
1649000 501.98 -10524.1 3.60131
1650000 500.98 -10622.7 7.15027
1651000 500.404 -10676.3 3.11885
1652000 501.298 -10686.4 10.3429
1653000 496.133 -10813.7 -2.10683
1654000 499.337 -10767.3 7.95382
1655000 500.297 -10752 1.65526
1656000 501.244 -10559.7 -1.66638
1657000 499.556 -10668.9 1.9811
1658000 499.886 -10620.7 -4.92762
1659000 499.753 -10537.3 12.9767
1660000 500.594 -10659.3 0.888976
1661000 496.295 -10779.9 16.9205
1662000 499.066 -10754 2.06471
1663000 501.071 -10653.4 -9.44624
1664000 499.666 -10646.6 13.7448
1665000 499.914 -10717 8.98652
1666000 500.35 -10709.2 -0.0475682
1667000 499.288 -10615.8 0.543504
1668000 499.263 -10626.1 -7.56553
1669000 499.535 -10629.5 10.648
1670000 499.66 -10651.6 -12.6082
1671000 497.911 -10737.5 4.28016
1672000 500.427 -10567.1 9.80171
1673000 501.696 -10569.1 -2.98464
1674000 499.64 -10623.3 9.00433
1675000 497.789 -10644.1 -9.37186
1676000 501.625 -10626.3 13.2417
1677000 500.235 -10711.9 2.34981
1678000 503.242 -10610 -5.67727
1679000 496.229 -10718.6 14.201
1680000 495.673 -10800.9 -1.42958
1681000 500.686 -10604 14.0879
1682000 498.747 -10629.2 -13.3579
1683000 500.296 -10633.8 15.5749
1684000 499.494 -10730.7 1.60228
1685000 498.959 -10614.7 -2.44323
1686000 499.525 -10679.4 -4.87244
1687000 497.262 -10786.1 13.6132
1688000 502.232 -10611.4 6.31835
1689000 500.235 -10680.4 2.14127
1690000 502.712 -10639.4 5.42338
1691000 499.068 -10760.5 3.96803
1692000 499.582 -10755.6 6.85187
1693000 494.665 -10822.6 1.30217
1694000 499.32 -10583 -9.0104
1695000 498.005 -10659 -6.69089
1696000 499.565 -10703.4 -1.75244
1697000 503.101 -10646 -0.529455
1698000 500.732 -10654.4 -5.20807
1699000 503.628 -10717.3 9.32624
1700000 500.986 -10776.8 -3.88585
1701000 497.816 -10814.1 5.46702
1702000 500.85 -10696.2 -9.76762
1703000 497.239 -10655.6 -8.48098
1704000 500.993 -10767.2 13.265
1705000 500.253 -10594.6 -7.812
1706000 497.605 -10655.8 3.47323
1707000 498.849 -10667.8 7.13175
1708000 500.096 -10686 -4.74014
1709000 502.554 -10598.3 -3.87107
1710000 502.777 -10649.7 -6.3312
1711000 501.15 -10698.7 12.1303
1712000 500.286 -10673.3 -11.4418
1713000 502.031 -10693.7 13.7884
1714000 502.513 -10564.3 -4.28726
1715000 501.634 -10709.1 18.4808
1716000 500.148 -10654.6 1.76144
1717000 500.065 -10659.7 6.39697
1718000 501.55 -10612.6 7.85729
1719000 501.683 -10663.2 -5.04328
1720000 498.647 -10719 -15.1855
1721000 498.891 -10657.1 12.4553
1722000 499.694 -10724.4 -0.816167
1723000 500.96 -10701.5 11.2343
1724000 499.641 -10666.4 -3.33783
1725000 500.501 -10642.6 1.0337
1726000 497.97 -10674.2 -11.1885
1727000 502.115 -10553.3 -0.646114
1728000 498.765 -10656.9 2.303
1729000 498.596 -10630.3 3.21447
1730000 498.376 -10627.8 4.48991
1731000 503.231 -10500.8 3.6319
1732000 499.437 -10568.4 -15.0952
1733000 499.398 -10754.3 -2.1394
1734000 501.063 -10583.8 6.16491
1735000 500.27 -10582.3 20.5459
1736000 499.755 -10606.9 -12.2809
1737000 500.394 -10569.3 7.72322
1738000 501.572 -10535.9 3.86423
1739000 501.753 -10642.1 -5.05823
1740000 502.658 -10619.1 2.65001
1741000 498.275 -10562 19.5608
1742000 498.899 -10612.9 -0.274151
1743000 499.164 -10708.8 4.37941
1744000 498.874 -10758.7 22.0855
1745000 500.126 -10666.5 6.64521
1746000 501.031 -10513.1 2.58496
1747000 498.82 -10613.6 -2.49679
1748000 500.982 -10522.6 5.85854
1749000 499.331 -10660.9 6.68415
1750000 496.277 -10710 -9.11575
1751000 498.72 -10627.6 14.6164
1752000 500.633 -10600.7 15.0713
1753000 500.28 -10653.8 -15.8055
1754000 498.879 -10595.9 6.13461
1755000 504.074 -10642 -5.57866
1756000 501.506 -10639.3 12.6617
1757000 501.597 -10611.3 -2.12714
1758000 500.114 -10790.3 7.77452
1759000 499.738 -10718.1 -16.1177
1760000 500.184 -10663.2 11.5622
1761000 502.743 -10606.9 -1.80808
1762000 499.169 -10646.5 6.75329
1763000 498.762 -10676.7 -3.9224
1764000 503.947 -10572.8 -7.68662
1765000 498.457 -10511.7 0.403196
1766000 498.139 -10626.2 14.5547
1767000 498.827 -10621.2 -9.06392
1768000 498.579 -10661.4 4.95002
1769000 497.898 -10689.3 5.50816
1770000 500.499 -10625.6 -10.5641
1771000 497.787 -10648.5 2.89005
1772000 501.456 -10754 20.0475
1773000 500.103 -10814.8 4.31285
1774000 499.934 -10708.8 7.90227
1775000 500.771 -10572.7 -0.0420364
1776000 500.832 -10637.4 -3.88548
1777000 497.786 -10712.9 16.0734
1778000 501.111 -10647.1 -14.2232
1779000 499.953 -10740.9 4.32106
1780000 496.75 -10781.6 -9.51404
1781000 502.205 -10654.6 9.75942
1782000 502.295 -10626.2 -10.2106
1783000 498.552 -10704.8 20.9541
1784000 502.102 -10645.2 1.43865
1785000 497.634 -10767.6 -10.928
1786000 500.949 -10734.5 5.44405
1787000 500.939 -10659.7 2.72275
1788000 497.806 -10711.5 10.4844
1789000 501.262 -10681.1 3.58765
1790000 499.912 -10653.9 6.85489
1791000 499.603 -10654.3 0.121636
1792000 497.334 -10694.5 -6.23965
1793000 502.028 -10642.5 16.1873
1794000 499.899 -10591.4 -6.10173
1795000 501.634 -10624.3 -8.13451
1796000 498.982 -10686.4 4.02236
1797000 496.951 -10722.9 -6.52883
1798000 501.804 -10609.3 3.87473
1799000 501.248 -10680.5 7.41597
1800000 500.789 -10724.2 5.89499
1801000 497.935 -10722.3 2.44827
1802000 499.194 -10733.7 3.20654
1803000 500.948 -10611.6 1.27319
1804000 499.807 -10379.8 -8.47231
1805000 497.431 -10630.4 -5.0239
1806000 499.64 -10691.1 10.4493
1807000 499.466 -10692.9 2.29778
1808000 497.591 -10684.1 3.82181
1809000 498.953 -10621.8 -13.4884
1810000 500.929 -10495.4 -11.5091
1811000 501.867 -10662 1.86977
1812000 501.304 -10670.9 -12.8106
1813000 501.239 -10623.3 11.0022
1814000 498.408 -10667.3 -12.3998
1815000 501.124 -10674.7 6.54962
1816000 497.082 -10775.9 9.79542
1817000 500.042 -10537.6 0.508061
1818000 502.099 -10474.2 0.600552
1819000 498.24 -10640.4 -6.07561
1820000 498.321 -10774.6 22.4839
1821000 500.384 -10679.4 -14.4658
1822000 496.766 -10769.4 5.66259
1823000 501.113 -10769.5 23.0361
1824000 501.735 -10679.5 -0.851584
1825000 501.415 -10667 4.07349
1826000 499.356 -10685.9 2.58018
1827000 499.2 -10798 -0.725138
1828000 498.59 -10752.2 5.94477
1829000 498.356 -10769.7 -1.84615
1830000 500.826 -10728.7 -5.83415
1831000 500.213 -10731.6 -1.47091
1832000 498.499 -10739.3 5.28752
1833000 500.452 -10751.9 15.5322
1834000 502.395 -10661.9 -9.91839
1835000 501.337 -10728.3 6.01324
1836000 498.818 -10736.5 -1.72083
1837000 499.45 -10726.7 16.6852
1838000 498.755 -10692 -6.85869
1839000 499.201 -10676.2 -5.26561
1840000 500.234 -10740.6 2.55988
1841000 498.367 -10806.4 -4.54165
1842000 500.857 -10669.7 9.33291
1843000 501.075 -10590.7 -8.00799
1844000 499.176 -10697 13.8106
1845000 500.92 -10702.1 1.39061
1846000 501.59 -10709 -7.14598
1847000 502.917 -10667.2 8.14564
1848000 500.492 -10669.2 4.65002
1849000 496.762 -10680.8 1.98077
1850000 501.605 -10592.1 -2.49309
1851000 501.663 -10506.7 -0.278483
1852000 497.812 -10655.8 5.46576
1853000 497.852 -10659.5 0.436487
1854000 499.607 -10605.3 -5.27264
1855000 497.692 -10750.1 22.2446
1856000 499.001 -10668.9 -6.3245
1857000 501.024 -10557.1 5.27149
1858000 500.17 -10548.5 -2.80705
1859000 501.059 -10558.4 3.07465
1860000 498.883 -10646.1 6.85147
1861000 497.984 -10660.5 3.17626
1862000 499.349 -10617.4 -2.68245
1863000 499.786 -10662.5 -0.378079
1864000 499.192 -10717.4 14.8851
1865000 501.345 -10732.8 9.00417
1866000 500.688 -10734.8 -0.744239
1867000 498.548 -10619.3 3.37292
1868000 500.324 -10645.6 -15.7857
1869000 499.176 -10666.3 20.0851
1870000 501.501 -10656.5 1.20461
1871000 495.842 -10753.6 2.19331
1872000 502.357 -10586.5 0.93797
1873000 500.728 -10627.5 16.1587
1874000 500.501 -10753.7 -4.25683
1875000 497.987 -10748.4 11.3872
1876000 497.878 -10641.1 -6.97478
1877000 499.12 -10510.4 -1.04196
1878000 499.303 -10583 -5.31086
1879000 501.229 -10589.6 15.2722
1880000 499.033 -10707.6 -12.868
1881000 498.434 -10733.2 15.3108
1882000 503.062 -10682.1 12.4491
1883000 496.981 -10674.9 -16.0771
1884000 500.801 -10763.6 0.708326
1885000 497.007 -10818.2 -8.68943
1886000 501.002 -10664.5 6.00468
1887000 500.648 -10616.8 -1.10036
1888000 499.585 -10691.6 5.90249
1889000 500.051 -10731.6 -1.72513
1890000 498.298 -10724.5 -16.0088
1891000 499.687 -10531.9 -10.1292
1892000 501.068 -10622.5 -5.2525
1893000 500.415 -10589.3 5.14705
1894000 500.324 -10708.7 7.77771
1895000 498.408 -10681.7 -5.07102
1896000 501.825 -10597.4 -0.0748924
1897000 502.377 -10562.4 8.28394
1898000 501.921 -10705.3 10.4557
1899000 500.37 -10714.9 -3.30421
1900000 501.065 -10704.5 11.8174
1901000 502.206 -10542.4 -21.8049
1902000 502.096 -10560.1 5.46575
1903000 499.994 -10657.3 7.13496
1904000 501.841 -10640.1 6.96322
1905000 500.218 -10609.9 -3.48153
1906000 501.823 -10713 -17.0979
1907000 501.271 -10746.1 11.1251
1908000 496.612 -10804.6 9.59675
1909000 499.659 -10793.5 -5.81572
1910000 500.427 -10704.5 -1.36951
1911000 503.123 -10689.6 -0.00574717
1912000 501.743 -10669.8 -7.86726
1913000 501.468 -10606.7 19.3657
1914000 501.55 -10609 0.675932
1915000 497.38 -10750.1 -10.6584
1916000 499.396 -10758.6 8.93355
1917000 499.532 -10663.8 6.70157
1918000 501.512 -10759.2 -2.33421
1919000 501.094 -10647.5 8.45604
1920000 500.709 -10722.3 2.16777
1921000 501.512 -10523.8 7.96387
1922000 501.075 -10551.6 -16.2734
1923000 497.848 -10659.9 -5.78872
1924000 497.762 -10727.9 13.3127
1925000 501.479 -10574.3 -3.91205
1926000 502.067 -10649.4 -8.28613
1927000 498.184 -10729 3.7439
1928000 503.554 -10663.2 -3.00913
1929000 499.891 -10767.9 1.27342
1930000 499.136 -10694 5.0399
1931000 501.185 -10612.9 -4.73401
1932000 500.241 -10598.8 -6.79271
1933000 500.598 -10666.2 8.03882
1934000 498.638 -10782.7 -2.51103
1935000 498.946 -10780.4 4.92589
1936000 500.341 -10686.6 15.263
1937000 497.694 -10738.6 9.30847
1938000 499.981 -10696.2 -1.15653
1939000 498.288 -10670.4 -1.41245
1940000 500.476 -10678.8 -11.6089
1941000 499.17 -10625.7 -0.829659
1942000 501.761 -10528.8 5.52695
1943000 502.59 -10460.5 -13.5568
1944000 501.12 -10522.9 2.82632
1945000 504.005 -10524.3 -7.22331
1946000 498.518 -10682.5 4.83919
1947000 501.066 -10722.9 -0.21411
1948000 501.831 -10613.9 -5.76256
1949000 499.379 -10571.4 4.22499
1950000 500.593 -10735.9 11.678
1951000 497.693 -10650.2 -3.47742
1952000 500.165 -10699.3 2.86178
1953000 500.478 -10605.5 -2.37107
1954000 501.869 -10571.3 -5.23027
1955000 499.088 -10595.1 -8.67069
1956000 501.026 -10618 1.76507
1957000 501.668 -10463.4 -1.9133
1958000 500.661 -10489 4.91271
1959000 500.201 -10636.1 -0.559395
1960000 500.565 -10677.1 0.852661
1961000 500.19 -10682.2 15.5291
1962000 503.978 -10626.7 10.2583
1963000 501.555 -10543 -13.3375
1964000 498.449 -10605.5 7.92368
1965000 498.482 -10611.5 -18.5893
1966000 501.277 -10581.2 2.28221
1967000 502.017 -10681.1 13.3074
1968000 501.378 -10653.2 -8.09836
1969000 502.044 -10733.3 3.22837
1970000 498.138 -10680 -15.9398
1971000 497.841 -10687.1 -2.55626
1972000 500.373 -10598.4 12.212
1973000 500.419 -10692.3 6.35803
1974000 499.127 -10699.5 -20.7444
1975000 499.396 -10581.9 7.73606
1976000 500.739 -10549.8 5.10155
1977000 499.909 -10569.8 -1.72154
1978000 498.667 -10780.4 4.7896
1979000 501.198 -10543.4 14.0539
1980000 501.082 -10545.3 -2.39862
1981000 499.252 -10763.7 3.45774
1982000 498.878 -10628.1 -6.34268
1983000 500.747 -10576.5 15.2731
1984000 499.638 -10505.8 -15.8774
1985000 499.586 -10579.5 11.5967
1986000 500.661 -10645.7 18.6437
1987000 503.394 -10518.7 17.1184
1988000 498.39 -10547.1 1.38651
1989000 499.847 -10689.1 -3.26835
1990000 500.67 -10704 -3.55959
1991000 499.729 -10710.5 -6.87439
1992000 500.437 -10697.6 -7.89498
1993000 499.688 -10655.8 13.63
1994000 501.515 -10599.9 -6.50486
1995000 500.08 -10728.9 1.12936
1996000 499.638 -10633.7 -3.67627
1997000 500.878 -10600.1 1.29471
1998000 498.525 -10643.8 -7.74957
1999000 498.68 -10744.8 -3.41492
2000000 500.715 -10663.3 12.0085
