# Time-averaged data for fix 3
# TimeStep v_Temperature v_PotentialEnergy v_Pressure
2000 301.909 -14626.5 -1.61889
3000 299.472 -14644.1 10.1684
4000 300.05 -14644.3 -7.5487
5000 299.984 -14617.4 9.59075
6000 300.064 -14652.5 0.190976
7000 300.203 -14696.8 16.4308
8000 298.819 -14672.5 0.231501
9000 301.075 -14650.4 -6.35803
10000 301.905 -14612.9 -3.31524
11000 301.982 -14654.8 -4.48755
12000 299.213 -14611.9 5.318
13000 301.228 -14633.4 -2.4586
14000 298.598 -14665.3 3.73376
15000 300.383 -14672.3 1.90526
16000 300.317 -14611.6 6.63066
17000 298.223 -14641.9 -0.408572
18000 300.751 -14623.8 -11.4068
19000 300.113 -14603.1 2.15173
20000 301.077 -14616.5 -0.224585
21000 300.798 -14634.4 10.3261
22000 300.392 -14706.2 3.86517
23000 301.966 -14632.3 -1.12944
24000 300.986 -14597.6 -4.31398
25000 301.134 -14658.1 -0.716949
26000 299.964 -14659.7 1.89913
27000 300.458 -14673.9 -10.0915
28000 298.404 -14668.3 3.51944
29000 297.621 -14669.6 7.42279
30000 300.254 -14647.4 11.9733
31000 299.356 -14609.4 3.41848
32000 300.304 -14592.5 10.3053
33000 300.826 -14576.5 -7.86816
34000 300.337 -14636 9.75745
35000 300.535 -14677.7 2.95979
36000 299.462 -14656 10.8166
37000 299.709 -14600.8 -4.54775
38000 300.765 -14607.3 -1.52467
39000 299.75 -14692.5 -3.38784
40000 301.315 -14607.5 8.37962
41000 299.898 -14635.6 -11.0961
42000 299.531 -14672.1 12.5963
43000 300.454 -14651 -7.43212
44000 299.014 -14643.9 -3.52224
45000 301.336 -14625.8 6.90248
46000 301.366 -14661.5 -6.03129
47000 300.153 -14672.5 8.35205
48000 300.354 -14639.2 -8.08113
49000 301.695 -14606.5 -1.46284
50000 299.921 -14677.4 -6.39689
51000 300.925 -14632.7 2.70358
52000 299.489 -14648 2.8796
53000 298.899 -14657.5 -4.32242
54000 299.701 -14636 7.06241
55000 300.858 -14638.2 0.0665505
56000 300.282 -14656.5 -12.9113
57000 300.802 -14649.4 -7.40984
58000 299.758 -14647.7 5.41456
59000 300.291 -14631.1 0.304359
60000 298.821 -14649.1 4.45111
61000 300.662 -14653.2 8.32206
62000 300.715 -14645.7 -0.654456
63000 299.618 -14676.5 -5.09417
64000 301.062 -14652.7 0.457252
65000 300.875 -14660.3 5.1441
66000 299.349 -14708.1 1.4319
67000 300.341 -14719.6 -5.03969
68000 301.005 -14614.3 11.4603
69000 298.372 -14656.5 1.89499
70000 301.828 -14616.4 -4.09142
71000 300.351 -14675.5 8.59472
72000 298.331 -14680.4 3.48683
73000 300.236 -14617.2 -2.47287
74000 298.821 -14642.7 3.04415
75000 301.286 -14611.3 -3.1154
76000 301.356 -14615.5 1.95394
77000 298.902 -14650.6 2.43806
78000 300.865 -14681.9 5.14805
79000 298.883 -14666.5 11.0203
80000 300.843 -14614 -6.58148
81000 299.46 -14618.4 3.4926
82000 300.41 -14671.7 -10.7639
83000 299.617 -14689.8 -6.33678
84000 299.934 -14706.9 -3.38808
85000 300.421 -14640.1 8.11455
86000 301.459 -14671.6 3.33393
87000 299.129 -14701 -3.38249
88000 300.872 -14667 -10.0523
89000 301.139 -14651.9 1.48168
90000 300.106 -14648.9 1.38106
91000 298.924 -14655.6 21.7646
92000 300.648 -14627.9 -5.60509
93000 299.942 -14668.8 -12.292
94000 298.834 -14667.1 4.22288
95000 299.035 -14651.9 -11.4543
96000 299.33 -14647.9 14.6326
97000 301.683 -14619 -13.6637
98000 300.666 -14646.9 -4.91905
99000 297.334 -14646.3 13.6883
100000 299.523 -14695 -5.50347
101000 298.991 -14687.3 -1.74099
102000 301.305 -14690.5 -5.09117
103000 300.329 -14708.9 -5.3975
104000 298.969 -14693.8 3.49787
105000 298.856 -14715.9 2.43096
106000 302.769 -14641.6 10.8881
107000 299.331 -14613.7 3.62417
108000 300.747 -14619.4 -0.391218
109000 298.984 -14643.4 5.79524
110000 301.22 -14619.1 18.081
111000 300.176 -14662.2 -5.42265
112000 301.134 -14644.6 -1.82017
113000 299.28 -14657.3 -0.450294
114000 300.167 -14603.6 15.0305
115000 299.407 -14668.2 -3.87164
116000 301.634 -14606.7 -7.29953
117000 300.798 -14636.7 2.92781
118000 302.433 -14645.8 3.68178
119000 298.856 -14694.1 -5.11703
120000 299.842 -14681.1 0.79207
121000 301.255 -14665.1 -1.63327
122000 298.922 -14694.2 10.5012
123000 300.75 -14642.3 4.43882
124000 299.074 -14628.7 -2.57393
125000 299.433 -14619.6 11.0771
126000 300.806 -14610.3 1.19151
127000 297.468 -14679.2 -0.911007
128000 301.541 -14643.1 3.93425
129000 301.462 -14670.6 7.62977
130000 299.483 -14654.4 0.741694
131000 298.862 -14691.8 -16.1949
132000 301.069 -14678.9 11.7623
133000 300.385 -14626.9 -9.1678
134000 299.012 -14702.1 8.91279
135000 299.477 -14675.9 1.041
136000 300.236 -14627.4 -4.079
137000 298.761 -14672.2 7.29518
138000 299.117 -14670.6 8.90455
139000 302.121 -14623.6 -1.38204
140000 300.239 -14707.7 2.96077
141000 297.989 -14698.1 -4.22483
142000 300.256 -14658.8 9.14822
143000 302.043 -14654.3 -6.27508
144000 302.203 -14660.5 -5.69318
145000 299.559 -14676.1 5.92898
146000 301.456 -14673.2 12.1807
147000 299.904 -14708.8 -3.20503
148000 299.531 -14647.5 -5.84452
149000 299.43 -14632.7 1.50675
150000 299.215 -14625.6 12.5356
151000 298.836 -14688.1 -1.23357
152000 300.552 -14643.2 6.91556
153000 298.971 -14626.6 -0.769041
154000 301.016 -14628.5 -4.9447
155000 299.76 -14644.9 7.99913
156000 300.468 -14604.2 1.67955
157000 299.639 -14656.1 -5.6072
158000 301.208 -14596 2.58102
159000 298.908 -14687.9 -14.059
160000 298.99 -14669.7 14.0904
161000 301.239 -14610.9 0.960397
162000 298.391 -14647.7 4.48334
163000 300.366 -14603 0.296508
164000 299.935 -14634.1 5.37544
165000 300.772 -14618.5 1.60465
166000 300.188 -14629.1 -0.918571
167000 298.914 -14677.3 3.41555
168000 300.832 -14664.2 -3.62236
169000 300.808 -14577.3 0.61128
170000 297.483 -14686 6.02587
171000 300.171 -14676.9 5.55648
172000 300.431 -14629 -2.79365
173000 301.024 -14644 6.15014
174000 300.762 -14623.7 -1.898
175000 301.178 -14671.1 -3.26052
176000 298.663 -14693.7 -0.741483
177000 299.474 -14654.4 13.6774
178000 299.766 -14698.1 -3.05999
179000 299.108 -14658.7 -5.06976
180000 299.87 -14636.5 14.493
181000 298.889 -14685.8 -9.37155
182000 300.875 -14625.9 -3.61717
183000 299.42 -14652.9 -1.98174
184000 299.741 -14659.9 11.6557
185000 298.685 -14671.8 4.56807
186000 299.345 -14650.4 1.88593
187000 298.715 -14697.9 -2.95249
188000 300.955 -14646.9 6.29991
189000 298.069 -14733.9 11.9583
190000 300.911 -14663.9 -10.4003
191000 299.069 -14681.1 7.02417
192000 300.115 -14662.1 5.06832
193000 299.187 -14661.5 1.64437
194000 299.956 -14592.5 3.04551
195000 297.612 -14714 9.26668
196000 298.969 -14703.1 -6.57519
197000 298.95 -14657.2 -7.47442
198000 300.521 -14662.4 6.78062
199000 300.979 -14668.4 -1.44161
200000 301.56 -14633.6 -9.77292
201000 300.23 -14672.2 0.689341
202000 300.052 -14661.4 -2.28272
203000 301.477 -14628.5 -7.43837
204000 300.144 -14659.2 7.28655
205000 298.79 -14677 2.03091
206000 298.981 -14699.6 0.346597
207000 300.379 -14669.2 7.79942
208000 300.098 -14644.3 -10.0069
209000 298.691 -14652.9 1.15276
210000 299.453 -14624.7 -1.72793
211000 298.324 -14663.7 1.83941
212000 299.913 -14691.8 -1.26854
213000 299.707 -14646 7.71961
214000 301.17 -14600.8 -9.09936
215000 297.899 -14639.6 -5.30179
216000 299.646 -14688.2 2.28041
217000 299.993 -14661.5 -1.95603
218000 299.258 -14685.6 -3.84866
219000 299.805 -14665.7 8.36683
220000 300.221 -14648.2 11.8014
221000 301.041 -14648.7 -0.930968
222000 302.027 -14673.5 -1.16926
223000 300.668 -14698.5 0.233436
224000 300.098 -14675.7 0.456905
225000 298.525 -14647.3 2.60457
226000 299.786 -14647.6 9.98627
227000 300.344 -14599 5.03261
228000 300.008 -14618.5 0.407565
229000 299.954 -14645.3 1.37925
230000 302.451 -14618.1 -0.181632
231000 299.621 -14627.9 -1.83755
232000 300.835 -14634.1 9.90541
233000 302.141 -14626.6 2.32552
234000 300.977 -14653.1 2.49712
235000 301.734 -14628.6 6.76535
236000 298.735 -14668 9.90353
237000 300.438 -14612.9 3.92899
238000 300.693 -14636.1 2.61337
239000 301.258 -14646.1 1.09947
240000 301.809 -14622.6 -1.82272
241000 298.05 -14682.5 4.60777
242000 299.959 -14630.6 -6.04916
243000 300.468 -14623.1 5.46489
244000 300.005 -14623.9 -4.431
245000 299.701 -14655.8 6.78417
246000 299.915 -14652.9 6.66195
247000 300.156 -14628 -11.3088
248000 300.565 -14656.4 -1.66673
249000 301.468 -14635.9 15.3973
250000 299.593 -14656 1.69861
251000 301.249 -14645.4 -1.70049
252000 302.147 -14632.6 2.39854
253000 300.584 -14637.6 -8.94125
254000 300.518 -14611 1.1318
255000 300.584 -14618.3 8.29642
256000 298.776 -14672.9 1.87708
257000 299.717 -14649.3 4.80936
258000 301.644 -14623.5 1.72377
259000 300.673 -14634.1 -4.22875
260000 299.57 -14627.9 3.44188
261000 299.503 -14598.4 0.138501
262000 301.564 -14564.5 7.74736
263000 300.461 -14609 1.69659
264000 300.703 -14636.8 2.48704
265000 300.825 -14654.9 -1.74104
266000 301.143 -14628.3 -11.4767
267000 299.442 -14669.4 12.3687
268000 298.67 -14682.5 4.14054
269000 300.604 -14629.4 -2.71069
270000 298.695 -14701.2 3.4611
271000 299.458 -14657.5 -0.467989
272000 299.596 -14706 -2.00494
273000 298.661 -14633.4 6.55718
274000 301.203 -14650 0.330527
275000 300.868 -14694.3 -6.73007
276000 297.814 -14700.8 24.1606
277000 299.867 -14610 -1.36691
278000 300.016 -14666.5 -1.23984
279000 300.818 -14664.8 -4.37525
280000 299.311 -14674.9 6.6247
281000 301.478 -14638.9 -8.10886
282000 299.783 -14666.4 12.0712
283000 299.106 -14641.8 2.61404
284000 299.331 -14631.4 -3.89465
285000 300.574 -14653.1 -5.01126
286000 300.747 -14632.2 7.16406
287000 299.689 -14654.3 -2.01274
288000 299.956 -14646.5 -0.142417
289000 299.834 -14602.4 -3.04417
290000 300.629 -14616.8 5.0277
291000 298.239 -14661.5 -4.97421
292000 300.002 -14647 0.248741
293000 297.381 -14663.8 2.69083
294000 299.177 -14613 3.58702
295000 301.314 -14602.5 1.09085
296000 300.579 -14566.7 -0.46035
297000 302.457 -14573.3 4.63337
298000 299.043 -14667.1 8.99603
299000 297.766 -14702.8 1.36458
300000 300.213 -14631.9 0.217036
301000 300.353 -14636.3 0.196853
302000 300.449 -14612.7 -3.85886
303000 299.085 -14624.8 2.32873
304000 301.588 -14621.7 3.73758
305000 300.995 -14683.5 -10.8831
306000 298.85 -14670.7 -0.882144
307000 300.586 -14712.4 7.16555
308000 299.969 -14677.3 -9.44813
309000 300.963 -14632.6 -0.872232
310000 299.139 -14691.6 0.565248
311000 299.664 -14612.1 1.57252
312000 298.463 -14683 9.84869
313000 298.693 -14620.2 6.06238
314000 298.297 -14707.5 -6.817
315000 300.102 -14651.1 4.29754
316000 301.853 -14649.7 -8.86472
317000 298.046 -14655.6 20.8713
318000 300.283 -14640.2 -7.92942
319000 298.896 -14667.6 14.1711
320000 299.535 -14674.2 6.33672
321000 299.222 -14685.5 -4.11416
322000 299.575 -14675.2 4.50374
323000 298.849 -14661.9 -6.06946
324000 301.116 -14665.3 1.70061
325000 300.84 -14651.3 -7.31417
326000 299.798 -14629.6 3.45188
327000 300.034 -14653.3 2.07299
328000 299.929 -14599.2 -4.54938
329000 300.941 -14642.4 2.20749
330000 297.818 -14683.9 -0.493959
331000 300.232 -14668.3 0.548206
332000 298.952 -14659.7 -2.79902
333000 299.517 -14685.5 -0.311352
334000 302.1 -14629.6 2.69395
335000 300.554 -14645.3 -3.28018
336000 300.612 -14639.5 -6.88306
337000 299.588 -14658.8 6.72648
338000 299.799 -14633.7 7.68832
339000 299.842 -14642.7 -1.26636
340000 297.435 -14668.2 1.60951
341000 300.13 -14622.5 6.73477
342000 300.372 -14609.5 2.51177
343000 300.841 -14587.8 0.516005
344000 300.941 -14593.6 -6.63001
345000 300.009 -14666 2.82636
346000 298.893 -14700 -10.0623
347000 300.326 -14633.5 8.50402
348000 300.716 -14631.8 0.640079
349000 300.407 -14643.7 0.348395
350000 301.294 -14594 -0.876611
351000 300.496 -14665.2 -15.2196
352000 299.884 -14677.8 12.4358
353000 300.731 -14625.9 -11.725
354000 298.965 -14658.8 5.63328
355000 301.671 -14612.7 0.159855
356000 298.122 -14711 0.796392
357000 300.044 -14665.8 4.78854
358000 299.27 -14650.6 -0.324909
359000 301.451 -14578.9 -4.82719
360000 299.462 -14652.3 1.96854
361000 300.249 -14643.6 8.98984
362000 301.094 -14638.4 9.61664
363000 300.031 -14637.7 -6.19593
364000 300.366 -14670.2 -6.92328
365000 299.773 -14656.3 2.38715
366000 300.408 -14674.8 -0.123148
367000 301.16 -14669.9 6.54687
368000 299.682 -14696.4 4.35736
369000 299.588 -14656 -8.88874
370000 299.408 -14661 14.1233
371000 301.933 -14637.4 -6.4576
372000 300.567 -14636.6 -4.9647
373000 301.546 -14591.4 6.08408
374000 298.45 -14688.6 -9.44477
375000 299.29 -14650.3 13.0143
376000 300.159 -14654.9 -11.9693
377000 299.39 -14683.5 7.42582
378000 298.118 -14637.7 16.0767
379000 299.813 -14638.9 1.44103
380000 299.412 -14664.8 19.7392
381000 300.165 -14653.2 2.79276
382000 300.539 -14645.8 -1.95984
383000 299.228 -14647.3 12.0376
384000 299.816 -14658.6 4.88927
385000 297.137 -14684.6 -0.846438
386000 299.858 -14700.8 -9.14595
387000 300.45 -14626.5 10.6605
388000 298.39 -14637.3 4.78847
389000 301.563 -14640.7 -10.8237
390000 297.975 -14656.7 12.0817
391000 300.449 -14601 -8.41645
392000 299.389 -14673.8 -0.269618
393000 299.602 -14636.2 2.74358
394000 299.704 -14680.9 -4.48825
395000 298.762 -14678.8 6.8419
396000 301.159 -14620.1 -4.15963
397000 298.076 -14635.2 7.16513
398000 300.145 -14635 -4.46513
399000 299.905 -14689.2 3.24783
400000 298.93 -14686.6 -4.76148
401000 299.53 -14620 -1.37538
402000 300.7 -14647 -5.49104
403000 297.648 -14713.6 8.41258
404000 301.157 -14628.4 -8.45918
405000 299.616 -14634.6 3.94561
406000 299.723 -14635.2 -0.360385
407000 298.985 -14685.7 5.25051
408000 299.214 -14675.7 -3.31412
409000 299.923 -14660.3 -8.58209
410000 300.196 -14644.9 0.9641
411000 299.28 -14661.6 2.87792
412000 300.388 -14641.9 1.7483
413000 297.919 -14664.7 2.29127
414000 298.516 -14697.3 8.01643
415000 301.711 -14617.6 -2.08082
416000 300.609 -14640.9 10.3928
417000 297.52 -14699.6 -3.06095
418000 299.004 -14628.1 -8.78153
419000 300.668 -14656.8 5.74779
420000 299.834 -14671.4 7.3216
421000 300.667 -14694.7 -4.67451
422000 301.268 -14646.2 0.0902421
423000 300.341 -14658.9 -1.51842
424000 300.225 -14643.2 7.34082
425000 299.577 -14672 2.01999
426000 299.444 -14622.8 8.75765
427000 299.675 -14673.9 5.37176
428000 300.733 -14608.7 -7.75844
429000 300.428 -14682.8 -1.1052
430000 301.373 -14601.4 11.2025
431000 298.55 -14676.4 -4.26919
432000 299.193 -14687.6 5.08616
433000 300.488 -14612.3 -0.271844
434000 299.859 -14666.9 14.7296
435000 299.103 -14717.6 -13.692
436000 299.141 -14652.2 10.9228
437000 300.173 -14588.6 7.95388
438000 300.028 -14643.6 -4.88283
439000 299.895 -14609.8 4.7854
440000 299.446 -14641.9 2.67656
441000 300.275 -14599.8 4.81462
442000 300.647 -14610.6 4.9349
443000 299.389 -14621 -0.379604
444000 301.569 -14618.1 2.77563
445000 299.341 -14643.4 8.14456
446000 298.526 -14634.8 -13.4518
447000 299.988 -14665.7 9.27634
448000 301.156 -14622 -1.58023
449000 300.644 -14613.9 9.33443
450000 300.069 -14635.4 -2.13351
451000 300.188 -14678.2 9.17022
452000 300.048 -14689.9 0.410711
453000 301.422 -14627.4 0.632333
454000 298.3 -14631.5 14.566
455000 299.075 -14609.6 -4.6318
456000 299.579 -14664.2 11.4926
457000 299.299 -14662.6 -2.02186
458000 300.31 -14705.1 12.4883
459000 301.467 -14655.7 1.35818
460000 300.122 -14670.1 -4.71613
461000 299.687 -14636.7 -1.6666
462000 299.317 -14673.4 -6.65969
463000 299.879 -14654.5 -0.352563
464000 299.169 -14676.1 0.314865
465000 302.275 -14586 -8.74276
466000 300.666 -14644.3 15.787
467000 299.537 -14612.7 6.99014
468000 302.794 -14605.2 -3.17812
469000 299.054 -14632.1 5.07353
470000 299.938 -14649.3 -0.158866
471000 298.681 -14662.8 2.33033
472000 299.703 -14659.1 1.59313
473000 300.809 -14627.1 3.68576
474000 300.139 -14625.2 1.1908
475000 299.597 -14660 7.96219
476000 298.916 -14636.4 -1.63479
477000 300.233 -14678.4 -0.722505
478000 299.368 -14676.3 -2.78222
479000 299.433 -14637.9 11.2898
480000 301.005 -14610.4 0.466211
481000 301.074 -14643.6 -3.18518
482000 298.097 -14726.3 -4.98694
483000 298.901 -14667.9 -2.38175
484000 301.779 -14645.3 3.23521
485000 298.559 -14639.1 10.2339
486000 299.032 -14669.8 -7.87515
487000 299.833 -14681.6 3.0935
488000 301.954 -14664 -1.82009
489000 300.033 -14656.8 3.97673
490000 300.807 -14644.9 -10.1645
491000 299.761 -14675.1 0.44118
492000 300.597 -14681.7 4.32169
493000 301.682 -14626.1 2.44753
494000 299.693 -14646.2 -6.97079
495000 298.473 -14653.6 -0.996442
496000 299.428 -14655.5 4.43495
497000 299.963 -14639.1 -3.20058
498000 299.972 -14647.6 4.65405
499000 300.074 -14695.3 -4.51619
500000 300.031 -14677.5 -5.2719
501000 301.773 -14664.2 -8.51755
502000 298.998 -14636.8 -0.933217
503000 301.348 -14629 2.66465
504000 299.17 -14689.5 3.34601
505000 300.398 -14601.1 -3.12146
506000 299.062 -14669.4 19.7732
507000 299.802 -14670 4.73329
508000 300.275 -14649.2 -5.20926
509000 301.104 -14630.1 5.79567
510000 302.394 -14633.8 3.01834
511000 300.038 -14664.7 4.2286
512000 302.019 -14636.6 6.31108
513000 300.37 -14708.8 -7.12811
514000 297.691 -14726.2 8.33034
515000 299.229 -14682.2 -7.4773
516000 297.707 -14659.6 -3.5668
517000 301.034 -14595.3 1.98383
518000 299.765 -14612.8 -0.48495
519000 298.178 -14663.4 -5.58197
520000 299.774 -14642.8 12.5977
521000 299.118 -14617.5 3.59284
522000 299.661 -14671.5 -9.01414
523000 299.158 -14612.8 0.365561
524000 299.299 -14625.1 5.38212
525000 298.942 -14603.6 2.71239
526000 299.511 -14626.2 5.51966
527000 299.944 -14643.9 -15.7288
528000 298.348 -14672.4 14.2342
529000 298.955 -14665.9 -2.62112
530000 298.981 -14689.5 13.6527
531000 299.586 -14636.2 -7.71541
532000 301.212 -14627.9 8.72168
533000 299.673 -14618.9 7.98228
534000 298.663 -14679.5 -4.17058
535000 299.427 -14605.9 2.38511
536000 300.379 -14626.8 1.89699
537000 299.216 -14685 4.68813
538000 299.395 -14655 11.7328
539000 299.83 -14651.2 8.66577
540000 301.76 -14626.3 -9.611
541000 297.897 -14675.6 -3.56685
542000 299.959 -14635.2 15.045
543000 298.9 -14620.2 -0.702984
544000 299.434 -14667.5 9.75168
545000 300.702 -14647 -0.668604
546000 299.172 -14618.8 -1.85423
547000 298.994 -14651.4 -2.39424
548000 297.731 -14729.7 18.6547
549000 299.127 -14657.1 -6.29076
550000 300.689 -14622.6 5.51813
551000 299.95 -14627.6 -14.5145
552000 298.007 -14673.3 14.1219
553000 301.399 -14616.9 -6.65022
554000 301.494 -14665.7 6.41275
555000 298.822 -14711.4 -18.2301
556000 302.135 -14633.4 7.99147
557000 299.743 -14651.3 -3.09169
558000 299.801 -14668.1 -2.3518
559000 299.557 -14636.4 5.09868
560000 301.287 -14661.3 -9.45731
561000 299.688 -14670.8 9.13081
562000 297.564 -14713.8 3.45372
563000 300.856 -14641.3 3.94085
564000 300.247 -14676.1 -3.89493
565000 300.45 -14646.4 1.51667
566000 297.675 -14653.2 -1.57349
567000 299.85 -14634 11.0979
568000 301.741 -14625.1 2.52805
569000 302.646 -14601.5 -7.67936
570000 299.31 -14677 11.9728
571000 299.684 -14640.6 -8.60519
572000 300.407 -14659 0.220376
573000 299.584 -14683.4 12.2959
574000 298.643 -14654.3 -0.122773
575000 300.183 -14698.2 -7.16251
576000 300.138 -14665.2 -5.22745
577000 298.56 -14662.4 8.08091
578000 298.876 -14644.3 9.03046
579000 297.805 -14713.9 -5.39166
580000 299.655 -14622.3 -0.537068
581000 297.997 -14716.6 4.49143
582000 299.708 -14653.9 8.28904
583000 299.526 -14654.1 3.27949
584000 300.26 -14637.4 4.55753
585000 299.866 -14633.9 -6.67382
586000 298.565 -14688.6 6.02379
587000 297.663 -14655.3 -11.4574
588000 300.201 -14630.8 3.27694
589000 300.371 -14666.8 13.2709
590000 301.453 -14606.3 -7.23813
591000 301.282 -14641.8 5.9825
592000 300.548 -14654.4 -4.4127
593000 298.295 -14680.2 18.863
594000 300.015 -14647.9 -11.7075
595000 299.356 -14629.3 7.24418
596000 300.136 -14653.9 -0.883868
597000 300.633 -14668.4 -0.19001
598000 299.728 -14655.6 5.7696
599000 299.545 -14649.8 9.90613
600000 300.239 -14645.8 2.30503
601000 300.989 -14636.4 5.29935
602000 300.719 -14645.5 2.92197
603000 300.943 -14620.9 10.1714
604000 298.25 -14662.2 -2.30414
605000 300.743 -14618.4 10.7042
606000 300.964 -14645 -4.48541
607000 301.941 -14655.7 3.3878
608000 299.936 -14643.7 10.7563
609000 299.778 -14627.1 -7.07297
610000 299.347 -14656 8.71439
611000 299.631 -14650.3 11.6772
612000 300.704 -14599.2 -3.68312
613000 299.026 -14681.1 -1.99532
614000 300.116 -14659 7.66259
615000 299.405 -14630.4 -3.27529
616000 300.447 -14599.2 4.7223
617000 299.728 -14615 -8.32958
618000 300.053 -14668.7 8.05763
619000 300.815 -14627 7.24628
620000 300.143 -14635.3 1.0678
621000 299.29 -14631.7 -5.31142
622000 299.391 -14654.4 15.927
623000 301.349 -14648.5 11.4872
624000 298.694 -14680.8 -16.1153
625000 301.691 -14606.7 2.80664
626000 302.369 -14597.5 1.06428
627000 299.77 -14666.5 -3.11111
628000 299.541 -14705.6 -4.66077
629000 299.598 -14611.2 0.890623
630000 300.653 -14644.4 -0.672703
631000 298.279 -14670.4 4.27972
632000 298.348 -14665 -8.08421
633000 301.16 -14652.9 -9.34439
634000 300.636 -14641.3 4.39778
635000 299.952 -14627.2 -2.25057
636000 299.132 -14663.4 9.40899
637000 299.401 -14666.2 7.85684
638000 301.99 -14626.5 -2.74294
639000 299.66 -14646.3 -7.9581
640000 299.92 -14662.7 13.0554
641000 298.21 -14680 8.26242
642000 299.627 -14670.5 1.11882
643000 299.186 -14681.1 -4.4504
644000 300.569 -14686 7.24764
645000 298.958 -14665 -3.54163
646000 300.241 -14670.1 2.65782
647000 301.574 -14631.2 -0.722491
648000 299.433 -14647.8 4.25718
649000 299.801 -14653.9 5.81594
650000 299.119 -14676.1 14.3885
651000 301.503 -14604.4 -6.50208
652000 300.793 -14610.2 -4.8754
653000 300.331 -14569.2 11.0968
654000 301.996 -14599.1 11.1801
655000 299.581 -14647 -10.2146
656000 299.398 -14668.1 13.2403
657000 298.944 -14644.2 -0.3004
658000 301.468 -14657.6 -6.5743
659000 299.959 -14654.1 4.36746
660000 300.735 -14673.9 -8.25324
661000 300.765 -14685.5 0.717804
662000 298.951 -14701.2 3.96862
663000 300.498 -14657.4 5.33683
664000 298.962 -14638.2 -2.74669
665000 300.813 -14606.1 -6.19394
666000 299.519 -14652.9 -4.28317
667000 298.161 -14664.3 11.6377
668000 300.812 -14631.9 -11.1964
669000 300.269 -14637.9 -0.50351
670000 298.997 -14672.5 16.2616
671000 299.391 -14637.9 0.170457
672000 301.159 -14678.6 3.63222
673000 299.659 -14645.8 7.43376
674000 299.608 -14636.3 6.334
675000 299.96 -14667.8 -6.40219
676000 298.48 -14657.5 7.82958
677000 298.367 -14699.1 -9.55773
678000 300.306 -14643.9 12.0391
679000 301.431 -14649.3 10.8637
680000 298.74 -14671.4 -15.5243
681000 301.953 -14642.5 7.41953
682000 301.202 -14629.1 -2.4927
683000 299.706 -14646 11.0115
684000 298.316 -14659.6 -10.7064
685000 300.888 -14645 -0.0473805
686000 298.185 -14672.1 2.68972
687000 299.929 -14629.5 -0.551534
688000 299.224 -14683.3 -0.0342274
689000 299.791 -14727 2.38056
690000 299.782 -14661.3 0.684562
691000 300.84 -14665.5 2.57558
692000 299.458 -14665.6 -0.78629
693000 298.779 -14681.2 -6.09595
694000 299.435 -14687.8 5.98506
695000 299.594 -14641.1 8.13248
696000 301.883 -14566.7 6.46269
697000 299.85 -14610.2 3.13734
698000 301.21 -14627.4 10.7514
699000 300.112 -14644 -10.925
700000 299.547 -14657.6 1.07456
701000 300.765 -14652.8 -1.95525
702000 300.349 -14678.9 6.54076
703000 302.489 -14656.3 -6.61023
704000 299.308 -14654.1 -13.7108
705000 300.637 -14641.9 6.50581
706000 299.967 -14655.4 -4.13672
707000 300.348 -14650 -3.78342
708000 299.943 -14656 -2.49613
709000 302.931 -14601.5 5.76588
710000 299.848 -14600 -0.38031
711000 299.207 -14627.6 5.05963
712000 301.379 -14614.2 9.20149
713000 298.808 -14663.7 -12.3736
714000 301.49 -14640.1 -4.47612
715000 299.273 -14640.2 -1.01963
716000 302.566 -14571 -5.44889
717000 299.101 -14675.5 4.98141
718000 301.096 -14674 -14.7973
719000 300.648 -14696.3 2.93798
720000 300.52 -14653.9 9.19299
721000 300.847 -14674.1 -4.36773
722000 299.037 -14669.2 0.569012
723000 300.572 -14610.2 5.44703
724000 300.883 -14681.4 7.50985
725000 299.219 -14677.7 0.414277
726000 299.691 -14636.3 6.86758
727000 301.659 -14613.4 2.54468
728000 298.131 -14656.1 8.94484
729000 299.965 -14661.8 -1.84873
730000 300.61 -14642.4 6.57131
731000 299.134 -14654.9 2.09297
732000 300.292 -14688.9 6.10341
733000 300.691 -14637.5 4.3184
734000 301.588 -14589.6 3.8667
735000 301.565 -14658.3 3.15394
736000 300.02 -14678.5 6.63518
737000 301.289 -14666.2 -2.1082
738000 301.828 -14626.7 -3.46999
739000 300.52 -14666.7 3.78473
740000 300.368 -14614.6 -9.4692
741000 300.319 -14610.8 14.6058
742000 301.484 -14605.3 7.03918
743000 301.407 -14600.8 -5.37206
744000 299.844 -14637.1 -5.54286
745000 299.878 -14639.7 6.18071
746000 300.396 -14627.3 4.12118
747000 300.196 -14617.3 11.1077
748000 299.66 -14670.2 2.53819
749000 298.542 -14665.8 10.8784
750000 298.707 -14642 -1.81517
751000 299.137 -14647.8 0.689452
752000 301.151 -14615.3 0.833768
753000 300.168 -14632.3 -7.5986
754000 299.337 -14679.7 12.3438
755000 298.923 -14695.5 -15.8168
756000 299.614 -14657.7 14.5984
757000 300.906 -14618.9 11.5991
758000 300.177 -14681.6 -12.6245
759000 300.92 -14644.2 12.3387
760000 300.589 -14644.6 -13.0499
761000 300.108 -14659.8 6.12806
762000 300.665 -14692.5 6.30504
763000 299.986 -14702.7 -2.0894
764000 300.142 -14678.1 -8.4119
765000 298.937 -14734.5 11.5427
766000 301.064 -14637.9 -5.76939
767000 298.259 -14706.4 7.85377
768000 300.099 -14681.9 -7.39605
769000 300.883 -14669.5 -1.88456
770000 299.599 -14647.2 0.105898
771000 297.685 -14748 -2.72184
772000 299.925 -14607.6 4.45549
773000 298.607 -14664.6 6.00121
774000 297.972 -14698.8 -2.90092
775000 300.18 -14603.7 -2.45264
776000 301.029 -14583.1 -8.92647
777000 299.769 -14675.7 13.8903
778000 300.456 -14606 -11.1164
779000 299.064 -14597.7 4.04592
780000 297.848 -14703.6 9.81852
781000 300.127 -14627.3 -13.2235
782000 298.63 -14684.1 0.634138
783000 299.967 -14670.6 0.649129
784000 299.19 -14655.3 8.95338
785000 300.226 -14627.4 8.59845
786000 300.569 -14671 -4.47081
787000 299.564 -14653.4 -10.984
788000 299.978 -14607.3 4.04078
789000 300.688 -14634.4 5.98609
790000 298.355 -14646 -0.343826
791000 300.05 -14642.5 2.75941
792000 298.211 -14709.6 9.35829
793000 300.306 -14657.5 -2.78404
794000 301.137 -14626.4 -5.89905
795000 301.016 -14627.2 9.05588
796000 300.989 -14617 -0.222723
797000 300.178 -14565.9 -7.4311
798000 298.924 -14715.2 -2.15734
799000 300.51 -14636.9 3.62479
800000 300.199 -14642.2 2.59782
801000 299.897 -14657.5 -1.23767
802000 300.284 -14635.1 -4.16203
803000 301.202 -14610.4 -5.0768
804000 299.551 -14659.3 14.5501
805000 301.353 -14555.6 -1.93992
806000 300.534 -14637.4 -11.5526
807000 298.748 -14678.1 11.1324
808000 299.392 -14666.7 2.8438
809000 299.801 -14631.1 7.59649
810000 300.961 -14634.8 4.92796
811000 300.879 -14660 -11.4659
812000 300.369 -14681.4 -1.41563
813000 300.28 -14676.5 -7.3561
814000 297.613 -14700.8 -0.227148
815000 300.423 -14653.7 -8.9002
816000 299.863 -14639.5 7.93614
817000 300.164 -14671.3 -0.31826
818000 301.71 -14678.6 -17.262
819000 299.611 -14676 13.4193
820000 301.556 -14641.5 -9.56241
821000 299.654 -14667.4 6.82962
822000 300.653 -14617.2 0.576244
823000 298.448 -14640 0.0824487
824000 299.178 -14667.2 2.74937
825000 299.829 -14623 8.77051
826000 297.516 -14703.8 6.77303
827000 300.263 -14586.8 -6.09989
828000 299.807 -14645.4 11.7272
829000 299.654 -14654 10.2125
830000 299.41 -14663.1 -1.60584
831000 300.386 -14653.7 -1.49007
832000 300.531 -14660.3 -1.71368
833000 300.565 -14632.9 -1.47631
834000 299.737 -14587.8 7.53926
835000 300.2 -14623.1 -13.6726
836000 300.386 -14651.5 0.686841
837000 300.618 -14612.2 -5.86418
838000 302.261 -14598.4 4.70281
839000 300.356 -14640.4 11.4718
840000 300.629 -14693.9 -1.56331
841000 298.471 -14739.4 -18.0146
842000 299.892 -14706.5 4.49157
843000 298.369 -14704.4 4.54752
844000 299.383 -14650.8 6.8799
845000 300.018 -14671.1 -5.57981
846000 299.95 -14681.3 -4.02116
847000 299.896 -14688.1 -0.29174
848000 300.679 -14645.8 6.53391
849000 299.905 -14649.5 14.4404
850000 301.202 -14618.8 2.04585
851000 300.802 -14617.6 5.54962
852000 300.181 -14677.3 -7.03904
853000 299.304 -14653.3 -4.59517
854000 299.323 -14697.2 -3.27633
855000 299.666 -14667.3 -0.204229
856000 301.838 -14643.2 -0.800177
857000 299.264 -14655.4 2.7025
858000 300.67 -14642.5 1.85644
859000 299.49 -14672.9 -2.1963
860000 302.167 -14624.7 -2.77328
861000 300.089 -14687.7 0.77036
862000 299.296 -14676.2 4.72234
863000 300.09 -14661.4 8.25482
864000 299.622 -14651.5 1.38059
865000 299.042 -14656 -2.0252
866000 300.403 -14626.3 -0.80955
867000 298.503 -14712.2 -10.5115
868000 301.048 -14647.1 9.62046
869000 301.417 -14609.9 -0.602139
870000 300.306 -14654.1 5.47495
871000 300.507 -14617.2 3.00509
872000 300.008 -14663.3 -0.954849
873000 301.221 -14596.3 4.59737
874000 299.221 -14662.9 1.35912
875000 300.175 -14651 -5.41872
876000 301.85 -14629.8 9.52206
877000 300.878 -14637.2 14.0547
878000 300.931 -14623.1 5.93902
879000 300.428 -14624.6 -9.39013
880000 301.29 -14592.7 8.94233
881000 300.589 -14623.1 3.70148
882000 301.181 -14600.3 4.93338
883000 300.377 -14618.2 -4.06229
884000 302.545 -14589.5 2.59701
885000 298.712 -14692.9 -1.39134
886000 300.839 -14657.2 4.69954
887000 300.925 -14619.9 7.04792
888000 300.966 -14692 -6.3482
889000 300.842 -14666.8 1.60937
890000 299.409 -14686.5 7.67597
891000 300.188 -14642.8 -16.2209
892000 300.255 -14613.3 7.14776
893000 299.263 -14645.8 -0.962815
894000 300.247 -14615.9 5.50658
895000 300.567 -14648.1 -4.0678
896000 297.362 -14693.1 1.25612
897000 298.834 -14651.6 1.51678
898000 299.917 -14652.3 5.72909
899000 300.749 -14662.8 -6.12485
900000 300.132 -14653.6 -8.16361
901000 299.337 -14670.3 7.79621
902000 300.828 -14616 1.01146
903000 298.886 -14679.9 -4.24432
904000 300.534 -14640.8 3.4378
905000 300.425 -14676.4 7.35643
906000 299.267 -14657.5 -12.0005
907000 299.86 -14660.4 -3.17187
908000 299.455 -14673 11.9644
909000 300.497 -14632.2 -9.89925
910000 299.341 -14652.2 0.471976
911000 299.671 -14669.5 18.2191
912000 300.395 -14644 -1.09185
913000 299.567 -14693.1 4.14506
914000 300.351 -14608 0.968782
915000 298.383 -14668.6 7.83375
916000 300.165 -14603.2 -6.61377
917000 299.005 -14682.7 3.86839
918000 297.198 -14654.7 -7.16898
919000 300.587 -14613.9 8.58284
920000 298.253 -14656.1 7.45011
921000 298.991 -14649.9 6.47248
922000 299.082 -14635 -2.97127
923000 300.855 -14628.3 -0.759704
924000 301.647 -14606.6 9.2717
925000 299.179 -14657.2 -8.08038
926000 299.952 -14672.8 5.48462
927000 297.825 -14713.3 -0.652694
928000 299.171 -14719.4 10.8858
929000 300.798 -14651.5 -9.79599
930000 302.648 -14621.9 12.5269
931000 298.754 -14677.3 -1.77305
932000 299.488 -14664.6 -2.96604
933000 300.646 -14638.2 -3.22062
934000 299.653 -14668.5 0.0256831
935000 301.535 -14598 -0.915017
936000 298.544 -14630.8 8.5592
937000 300.263 -14615.3 -2.68163
938000 300.751 -14580.7 -3.12507
939000 300.571 -14616.2 1.70473
940000 297.935 -14659.8 3.96575
941000 301.729 -14636.4 -9.34328
942000 300.111 -14583 -5.68723
943000 300.199 -14630.6 4.42791
944000 299.942 -14678.6 -10.9048
945000 298.533 -14675.4 5.08161
946000 299.44 -14681.5 1.20434
947000 299.177 -14639.7 -5.38382
948000 300.958 -14671.4 -2.68173
949000 301.949 -14683.3 7.45479
950000 298.607 -14665.3 -3.02531
951000 300.735 -14664.8 1.94773
952000 300.99 -14639.6 5.59229
953000 299.026 -14694.2 -1.36034
954000 301.014 -14664.2 1.91957
955000 300.164 -14675 -14.7762
956000 299.167 -14685.6 6.57784
957000 298.737 -14669.1 -5.03181
958000 298.715 -14708.7 0.212005
959000 299.092 -14674.4 6.4397
960000 299.435 -14668.2 -2.25049
961000 299.214 -14667.4 14.1219
962000 299.462 -14685.9 -11.2719
963000 299.966 -14681.7 -4.48285
964000 301.428 -14612 8.83112
965000 300.947 -14615.1 2.78982
966000 300.441 -14657.4 1.92178
967000 299.277 -14646.3 -1.73125
968000 300.978 -14639.6 15.7405
969000 300.738 -14599.4 4.48929
970000 298.65 -14662.2 -6.26777
971000 299.346 -14676.1 1.99497
972000 299.741 -14682.8 3.13049
973000 299.914 -14643 4.91248
974000 299.635 -14666 -0.800446
975000 301.658 -14667.1 5.9816
976000 299.325 -14685.8 -7.08469
977000 300.138 -14677.1 15.3916
978000 301.566 -14607.5 -9.89245
979000 300.151 -14658.5 -1.84132
980000 301.956 -14597.2 10.6341
981000 299.347 -14665.8 20.2353
982000 300.555 -14635.3 -0.29228
983000 297.874 -14677.5 -0.678929
984000 300.4 -14652.4 -8.50355
985000 300.825 -14668.4 -3.16122
986000 298.156 -14684.6 14.5644
987000 301.326 -14628.7 -6.22378
988000 299.424 -14648.5 5.16256
989000 299.658 -14645.3 -12.6723
990000 301.5 -14577.3 -3.76296
991000 298.523 -14655.5 -7.86847
992000 299.403 -14672.2 14.8961
993000 301.008 -14647.7 1.42767
994000 298.889 -14667 -0.558932
995000 300.644 -14640 6.60239
996000 300.712 -14631.8 -2.4851
997000 302.098 -14647.9 4.37882
998000 300.133 -14711 16.1931
999000 300.924 -14676.7 -7.13328
1000000 299.048 -14660.6 -3.9515
1001000 301.085 -14655.4 -3.00699
1002000 300.556 -14663.7 -11.6812
1003000 300.677 -14650.2 10.3243
1004000 298.503 -14699.2 -2.90212
1005000 300.696 -14652.2 -12.8367
1006000 300.1 -14569 16.0793
1007000 301.765 -14633 -10.5309
1008000 298.219 -14667.2 0.499709
1009000 301.524 -14675.9 3.39252
1010000 298.797 -14659.5 -0.0914619
1011000 299.918 -14634 14.8216
1012000 300.878 -14649 -8.18767
1013000 300.157 -14664.9 4.81188
1014000 299.654 -14640.1 1.88428
1015000 297.854 -14675.1 12.4306
1016000 299.697 -14678.4 -11.1777
1017000 300.139 -14624.1 6.26304
1018000 301.891 -14618.6 -10.8656
1019000 300.344 -14647.6 11.3976
1020000 300.529 -14647 0.624683
1021000 300.003 -14649.3 4.43625
1022000 300.158 -14640.4 -5.82173
1023000 300.963 -14687.6 7.74964
1024000 300.242 -14673.5 5.29345
1025000 302.106 -14604.7 -0.211025
1026000 300.168 -14668.3 7.28627
1027000 299.684 -14679.5 0.6855
1028000 300.041 -14643.4 -12.9882
1029000 298.729 -14670.4 -7.42945
1030000 298.772 -14696.7 5.84804
1031000 298.249 -14693.5 7.02535
1032000 300.388 -14629.3 -11.1378
1033000 299.841 -14635.4 0.718429
1034000 299.397 -14677.2 -2.56738
1035000 300.374 -14618 7.64281
1036000 300.634 -14644.2 11.0988
1037000 299.834 -14677.9 -2.70888
1038000 300.965 -14659.5 10.9497
1039000 300.21 -14670.1 -13.9456
1040000 299.805 -14682.4 11.92
1041000 299.435 -14668.9 -1.41722
1042000 299.599 -14605.7 9.02171
1043000 299.477 -14607.5 0.777563
1044000 301.883 -14557.2 7.29052
1045000 301.084 -14634.6 8.16592
1046000 299.616 -14651.1 -0.427597
1047000 301.406 -14591.6 1.36098
1048000 297.923 -14618.7 7.74831
1049000 299.924 -14619.4 7.93608
1050000 299.615 -14673.6 -0.152443
1051000 299.603 -14620.7 -3.20333
1052000 299.06 -14625.3 7.32044
1053000 300.579 -14649.6 5.69212
1054000 299.602 -14645 -0.249368
1055000 299.22 -14648.3 0.26022
1056000 300.49 -14654 -8.68539
1057000 299.741 -14614.8 8.42591
1058000 298.102 -14671 -5.03506
1059000 299.26 -14693.7 4.93617
1060000 299.077 -14742.5 -9.2825
1061000 299.445 -14680 5.25812
1062000 299.924 -14617.9 -10.4922
1063000 300.934 -14618.4 3.13556
1064000 300.482 -14641.2 9.06817
1065000 298.955 -14673.7 -11.1806
1066000 300.729 -14628.2 5.95989
1067000 298.605 -14648.9 1.81448
1068000 298.897 -14678.9 -10.9491
1069000 299.756 -14667.8 9.32213
1070000 299.957 -14649.8 2.11707
1071000 300.499 -14627.4 2.6729
1072000 301.08 -14630.6 -6.03696
1073000 301.01 -14627.6 3.62484
1074000 298.853 -14625.4 -0.1803
1075000 300.075 -14691.6 14.2369
1076000 299.71 -14651.4 2.53454
1077000 300.71 -14669.8 2.4077
1078000 299.859 -14690.5 -5.78048
1079000 298.953 -14725.5 -1.74555
1080000 299.129 -14645.5 -4.0936
1081000 299.443 -14651.1 10.5458
1082000 301.587 -14623.8 -8.66181
1083000 299.266 -14666 0.949016
1084000 300.356 -14644.7 4.00578
1085000 299.827 -14653.7 -11.987
1086000 301.802 -14604.9 14.6771
1087000 301.446 -14575.2 -12.3613
1088000 299.303 -14650.1 7.15084
1089000 299.908 -14627 -4.21585
1090000 300.104 -14637.4 -0.0437928
1091000 301.513 -14678.4 1.22419
1092000 301.542 -14613.2 -4.61047
1093000 299.658 -14655.1 1.82883
1094000 299.427 -14652.1 1.80834
1095000 297.88 -14697.3 1.9601
1096000 301.595 -14602.6 -3.47385
1097000 300.313 -14675.4 0.792907
1098000 299.59 -14669.5 -0.631501
1099000 301.238 -14608.4 1.78038
1100000 301.65 -14638.4 3.09659
1101000 300.226 -14626.4 -5.53473
1102000 299.337 -14671.9 -5.13175
1103000 299.811 -14653.1 -7.98368
1104000 298.144 -14686.3 10.7796
1105000 301.127 -14655.5 -3.41818
1106000 301.454 -14645.8 1.05934
1107000 300.421 -14672.2 -5.69654
1108000 300.75 -14687.6 12.4912
1109000 300.176 -14688.4 -11.7864
1110000 299.907 -14637.3 6.73735
1111000 300.498 -14631.4 -6.62922
1112000 300.925 -14605.4 -1.38122
1113000 301.484 -14622.4 4.01867
1114000 301.064 -14607.9 -1.71179
1115000 300.312 -14629.9 2.75797
1116000 299.207 -14648.6 6.78216
1117000 302.895 -14593.2 0.655936
1118000 298.154 -14672.5 6.69467
1119000 299.718 -14661.2 -5.2304
1120000 300.576 -14651.2 -9.42403
1121000 299.791 -14666.5 16.0461
1122000 298.231 -14699.9 0.572555
1123000 300.706 -14648.2 -10.4149
1124000 301.12 -14675.9 4.47768
1125000 300.482 -14598.8 -2.9617
1126000 302.121 -14630.2 -9.31034
1127000 299.53 -14662.4 9.47335
1128000 298.065 -14650.6 22.8259
1129000 301.77 -14561.5 -7.05346
1130000 299.828 -14622.5 -1.91407
1131000 300.299 -14620 6.78415
1132000 299.27 -14669 8.84666
1133000 298.17 -14659.3 -7.26647
1134000 300.31 -14669.4 6.83975
1135000 299.926 -14655.9 7.13552
1136000 300.667 -14638 9.54009
1137000 297.697 -14718.1 -11.7514
1138000 300.054 -14677.3 5.44102
1139000 299.876 -14644.3 3.96656
1140000 300.278 -14665.3 4.53091
1141000 300.356 -14621.1 -4.10927
1142000 297.739 -14646.9 -2.64467
1143000 300.139 -14627.5 10.2831
1144000 300.351 -14640.8 1.32005
1145000 298.669 -14647.4 0.306826
1146000 300.548 -14639.6 12.6858
1147000 301.497 -14638.6 -5.7436
1148000 299.162 -14639.4 7.26284
1149000 298.387 -14640.5 -2.1561
1150000 300.853 -14647.4 2.68751
1151000 297.695 -14656.8 5.90307
1152000 300.868 -14610.6 2.12863
1153000 298.359 -14641.4 6.58397
1154000 298.259 -14658.9 5.28561
1155000 301.665 -14603.7 -0.939113
1156000 300.338 -14697.4 0.203119
1157000 299.394 -14697.6 -4.87079
1158000 300.951 -14637 5.26631
1159000 299.892 -14629.5 11.4422
1160000 300.028 -14611.6 1.71376
1161000 297.757 -14661.2 8.91661
1162000 299.536 -14605.1 0.398029
1163000 299.71 -14631.8 -0.684785
1164000 299.71 -14615.2 -4.33713
1165000 298.298 -14659.1 10.8306
1166000 298.638 -14661.6 -0.529735
1167000 299.022 -14656.3 -0.907104
1168000 299.582 -14674 0.0120479
1169000 300.259 -14696.6 11.8023
1170000 301.766 -14641.5 -7.30448
1171000 299.113 -14661.3 7.35184
1172000 299.193 -14699.2 -2.60435
1173000 298.389 -14687.2 3.68812
1174000 299.795 -14712.6 -14.6765
1175000 298.668 -14675.5 0.232
1176000 301.832 -14614.1 -2.58254
1177000 300.786 -14613.6 7.45836
1178000 301.246 -14633.1 13.3742
1179000 299.96 -14689.2 -9.52082
1180000 299.392 -14638 -3.95339
1181000 300.156 -14591.7 1.0153
1182000 299.803 -14660.7 7.38381
1183000 299.405 -14650.7 -3.8237
1184000 300.579 -14670.5 -3.21006
1185000 302.093 -14632 9.19677
1186000 300.248 -14668.2 -4.5895
1187000 299.8 -14610.6 10.7408
1188000 299.939 -14655.3 -5.45826
1189000 301.228 -14591.8 5.03677
1190000 300.137 -14615.8 0.496887
1191000 300.582 -14645.1 -1.87912
1192000 300.302 -14646.4 -4.50484
1193000 302.072 -14620.7 1.67852
1194000 300.866 -14696.6 -9.54177
1195000 299.549 -14695.7 7.24173
1196000 299.942 -14689 2.64748
1197000 299.773 -14676.9 -3.72653
1198000 299.87 -14643.7 -4.36216
1199000 301.394 -14583.9 -0.5007
1200000 299.773 -14579.9 -4.94766
1201000 300.092 -14572 7.0623
1202000 299.871 -14662.9 0.1855
1203000 302.362 -14651.5 10.3791
1204000 299.881 -14627.7 -14.4207
1205000 301.558 -14620.6 1.6667
1206000 297.786 -14679.2 5.39272
1207000 299.039 -14681.6 -8.79526
1208000 300.004 -14660.1 0.22815
1209000 299.601 -14661.9 4.86032
1210000 299.212 -14669.8 -1.40736
1211000 300.518 -14612 -3.03721
1212000 301.271 -14641.2 -0.0172535
1213000 300.108 -14652.9 -5.25577
1214000 300.351 -14624.6 -3.70277
1215000 299.853 -14603.4 7.98688
1216000 300.272 -14593.2 -0.695692
1217000 301.807 -14629.7 -5.80533
1218000 299.112 -14633 1.78523
1219000 299.376 -14663.7 6.15746
1220000 299.202 -14681 10.6051
1221000 301.453 -14583.1 -10.0948
1222000 299.287 -14631.8 2.70648
1223000 302.597 -14628.1 -0.553388
1224000 301.239 -14703.2 -9.22155
1225000 301.443 -14667.7 -13.7299
1226000 299.052 -14645.6 14.6933
1227000 298.74 -14652.7 -6.0676
1228000 301.438 -14602.7 14.8231
1229000 299.932 -14630.3 -17.4552
1230000 299.278 -14637.9 -6.77478
1231000 301.01 -14607.9 -6.60408
1232000 299.618 -14666.8 16.2505
1233000 298.956 -14699.9 -4.41908
1234000 300.183 -14662.1 15.746
1235000 298.642 -14692.9 -2.7233
1236000 298.887 -14672.4 14.0315
1237000 299.208 -14671.3 2.28286
1238000 301.379 -14608.9 -7.83891
1239000 299.205 -14662.1 1.43289
1240000 299.059 -14644.2 6.30622
1241000 300.891 -14598.9 -0.559286
1242000 300.615 -14611.9 3.48129
1243000 302.13 -14624.2 15.8155
1244000 299.118 -14678.1 -8.74568
1245000 300.277 -14641.9 -5.06696
1246000 302.278 -14614.1 9.66319
1247000 300.625 -14595 1.4047
1248000 301.022 -14614.4 2.24198
1249000 299.589 -14678.7 9.2228
1250000 301.609 -14637.7 -1.76619
1251000 301.969 -14627.4 1.98994
1252000 300.573 -14617 3.29831
1253000 301.94 -14632.7 -11.7103
1254000 300.561 -14644.2 11.4678
1255000 299.978 -14629.8 -2.89552
1256000 299.427 -14642.9 10.5214
1257000 300.291 -14645.4 7.79057
1258000 299.712 -14639.4 2.20604
1259000 298.803 -14649.3 -4.6466
1260000 299.038 -14658.6 -2.9491
1261000 299.945 -14661.2 0.921336
1262000 299.167 -14700.9 -5.10415
1263000 300.757 -14638.2 -8.16002
1264000 300.366 -14672.1 10.3607
1265000 299.316 -14667 -5.63343
1266000 301.85 -14621.9 -0.454507
1267000 300.411 -14643.7 -3.50935
1268000 299.81 -14626.1 -0.859418
1269000 300.329 -14640.1 2.352
1270000 300.477 -14601.1 4.29951
1271000 300.996 -14601.7 3.85236
1272000 299.109 -14661.2 1.56868
1273000 298.799 -14677.6 2.97388
1274000 299.451 -14695.5 1.05323
1275000 299.561 -14643 4.93071
1276000 298.371 -14636 2.481
1277000 298.621 -14615 9.49139
1278000 299.214 -14657.1 2.46586
1279000 299.637 -14695.7 -6.70717
1280000 298.138 -14733.4 0.809016
1281000 301.553 -14593.8 -0.48121
1282000 299.729 -14637.7 -2.31099
1283000 302.068 -14622.4 3.88245
1284000 300.538 -14656.4 -2.74168
1285000 300.757 -14590.7 2.76858
1286000 300.249 -14668.5 13.5058
1287000 298.775 -14702 -8.44014
1288000 300.65 -14671.9 17.1093
1289000 298.097 -14714.9 -12.173
1290000 302.971 -14557.8 7.90836
1291000 300.323 -14677.8 -0.405268
1292000 299 -14660.7 -0.202942
1293000 301.197 -14631.8 12.3036
1294000 300.928 -14625.5 -4.51789
1295000 300.059 -14685 6.03005
1296000 300.405 -14650.2 1.54238
1297000 297.676 -14700.5 -8.0257
1298000 300.724 -14654.2 7.4903
1299000 298.165 -14671.4 2.36399
1300000 299.276 -14647.7 0.528833
1301000 299.608 -14663.7 3.6988
1302000 299.837 -14646.7 -1.19413
1303000 301.489 -14630.6 -1.44963
1304000 300.545 -14654.7 -2.90235
1305000 300.819 -14638.3 4.08294
1306000 300.862 -14664 -1.31224
1307000 299.103 -14618.3 -3.17924
1308000 301.486 -14603.3 -5.83149
1309000 300.392 -14600 11.0109
1310000 299.542 -14649.2 -3.20193
1311000 300.242 -14614.4 -8.14874
1312000 298.181 -14664.5 11.8909
1313000 299.834 -14633.9 8.50107
1314000 300.99 -14647.9 -1.31988
1315000 300.104 -14602.5 9.15446
1316000 299.998 -14572.2 5.30048
1317000 299.846 -14630.4 4.90504
1318000 300.786 -14666.2 -8.94754
1319000 301.094 -14618.4 5.47146
1320000 299.638 -14669.2 2.73707
1321000 299.51 -14645.5 -2.81132
1322000 298.983 -14680.7 10.5785
1323000 301.754 -14689.1 4.64398
1324000 299.566 -14678.8 6.47708
1325000 300.502 -14638.4 -7.78742
1326000 300.17 -14602.4 6.01024
1327000 298.843 -14670.1 6.02709
1328000 300.218 -14660 7.19878
1329000 299.354 -14656.6 -7.06218
1330000 300.215 -14619.1 10.3214
1331000 300.22 -14648.1 -9.56739
1332000 298.675 -14682.9 15.3359
1333000 300.776 -14621.9 -8.46922
1334000 300.728 -14610.5 -1.57075
1335000 301.728 -14604 4.49119
1336000 299.895 -14674.7 -1.21865
1337000 301.26 -14643.9 0.0750767
1338000 298.891 -14686.1 -1.6883
1339000 299.488 -14676.3 13.3833
1340000 300.533 -14649.2 -4.48004
1341000 299.015 -14635.2 -3.28994
1342000 301.839 -14612.8 9.97302
1343000 300.251 -14636.8 -0.534565
1344000 300.137 -14599.4 8.48561
1345000 299.721 -14660.5 -4.71395
1346000 300.733 -14671.1 -7.50062
1347000 299.423 -14650 -7.88643
1348000 300.489 -14608.6 10.5881
1349000 300.82 -14680.9 0.00820831
1350000 299.931 -14646.9 6.94509
1351000 300.321 -14637.8 5.02926
1352000 300.302 -14699.1 -2.86341
1353000 300.191 -14704.6 -11.3926
1354000 300.016 -14674.9 0.208645
1355000 300.705 -14660.7 -2.72856
1356000 299.692 -14706.8 4.86049
1357000 298.96 -14683.6 -5.35546
1358000 301.486 -14682.9 -6.76551
1359000 300.039 -14722.2 -1.27835
1360000 300.476 -14680.6 4.40753
1361000 299.75 -14635.5 -11.0063
1362000 301.069 -14661.4 10.4655
1363000 299.488 -14673.2 3.93251
1364000 297.689 -14676.5 12.2219
1365000 300.462 -14646.4 -0.945893
1366000 299.419 -14646.8 8.29835
1367000 299.382 -14675.7 6.20884
1368000 300.169 -14616.2 -5.44074
1369000 299.803 -14630.3 -0.436224
1370000 298.602 -14671.8 12.5397
1371000 299.693 -14697.5 -1.05591
1372000 298.325 -14653.7 -5.55617
1373000 301.064 -14634.8 2.54452
1374000 299.917 -14643.7 16.8354
1375000 299.759 -14683.4 -9.10729
1376000 298.552 -14640.2 3.05523
1377000 300.501 -14667 -0.974701
1378000 300.618 -14630.6 4.2358
1379000 299.089 -14642.2 -0.473258
1380000 298.658 -14704.9 2.1031
1381000 300.152 -14652.6 -2.5371
1382000 302.739 -14612.9 12.1925
1383000 300.289 -14629.1 -7.51456
1384000 300.939 -14668.7 2.32037
1385000 298.774 -14649.4 -6.44632
1386000 301.376 -14601.2 -7.8739
1387000 300.415 -14592 9.4622
1388000 299.826 -14636.1 4.0655
1389000 299.897 -14647 0.312369
1390000 300.156 -14618.9 8.55582
1391000 301.676 -14694.9 -3.98315
1392000 300.966 -14613.9 4.42902
1393000 299.029 -14654.5 1.20171
1394000 299.44 -14660.6 2.11424
1395000 297.6 -14690.7 -2.99294
1396000 300.276 -14686.3 4.51688
1397000 300.785 -14677 13.9652
1398000 300.6 -14638.9 4.9448
1399000 301.581 -14651.5 -10.807
1400000 299.975 -14665 1.08026
1401000 300.927 -14676.9 3.99601
1402000 297.965 -14634.5 6.51615
1403000 299.922 -14672 -5.34504
1404000 300.503 -14653.2 -3.33374
1405000 301.094 -14616.6 -4.30303
1406000 300.512 -14698.6 12.9358
1407000 299.678 -14679.9 -12.7541
1408000 299.892 -14667.9 5.95689
1409000 298.295 -14723.3 -8.28735
1410000 300.103 -14659.8 14.273
1411000 299.834 -14642.7 -6.02312
1412000 299.418 -14651 3.25682
1413000 299.523 -14650.8 -4.1385
1414000 299.32 -14667.1 12.7223
1415000 300.295 -14595.4 -2.11657
1416000 298.026 -14698.1 -4.21664
1417000 298.783 -14664.2 9.74356
1418000 301.004 -14637.4 -10.2809
1419000 301.653 -14616 -0.1051
1420000 297.666 -14679.8 7.61017
1421000 299.971 -14648.2 -0.501822
1422000 300.389 -14652.4 5.72833
1423000 300.225 -14643.7 -7.46297
1424000 301.106 -14637.7 -0.156849
1425000 299.655 -14659.4 14.1677
1426000 298.948 -14636.7 -2.75381
1427000 299.299 -14668.2 -3.30192
1428000 300.627 -14611.2 13.2849
1429000 298.614 -14657.6 2.99686
1430000 299.416 -14628.5 2.62066
1431000 300.605 -14630.8 -10.5012
1432000 301.873 -14618.4 -3.27628
1433000 303.359 -14588.1 -6.87236
1434000 299.655 -14617.7 7.20682
1435000 300.523 -14663.6 -7.61465
1436000 299.086 -14681 2.09789
1437000 300.152 -14677.4 8.88513
1438000 300.353 -14672.3 -6.05913
1439000 301.511 -14579.4 7.99018
1440000 299.137 -14645.1 10.059
1441000 301.313 -14640.7 -9.63393
1442000 299.845 -14618.9 -2.95046
1443000 301.046 -14649.2 7.30556
1444000 298.461 -14722.3 4.08142
1445000 300.67 -14640.6 5.426
1446000 300.314 -14642 -10.3235
1447000 300.923 -14642.4 -2.43682
1448000 299.834 -14683.8 -4.37662
1449000 300.524 -14661.8 13.9415
1450000 301.442 -14637.2 -5.09807
1451000 300.394 -14667.9 7.50301
1452000 299.155 -14612.4 8.54376
1453000 301.419 -14606 3.88915
1454000 300.943 -14623.6 -4.67545
1455000 301.42 -14630.7 -1.30072
1456000 300.549 -14653.8 5.01107
1457000 297.489 -14725.8 1.1559
1458000 299.254 -14669.9 8.88699
1459000 299.164 -14665 3.54354
1460000 299.782 -14654.2 0.931501
1461000 299.613 -14686.3 -3.82524
1462000 301.506 -14599.6 0.0444659
1463000 299.774 -14640.6 4.45651
1464000 301.161 -14626.8 -0.357334
1465000 298.785 -14686.8 4.39575
1466000 300.859 -14666.9 5.12915
1467000 299.85 -14654.9 -6.80781
1468000 299.863 -14638.1 6.89789
1469000 300.551 -14637.3 8.20938
1470000 300.325 -14679.5 4.68872
1471000 300.495 -14643.9 -6.43348
1472000 298.073 -14687.5 -2.54016
1473000 299.776 -14624 8.44397
1474000 300.623 -14625.2 4.00473
1475000 297.768 -14693.6 -3.30091
1476000 301.392 -14653.6 4.18024
1477000 299.934 -14642.5 1.76562
1478000 299.204 -14617.2 -4.15312
1479000 298.879 -14640 -7.05376
1480000 302.294 -14637.4 2.17301
1481000 300.95 -14683.4 3.94313
1482000 298.971 -14643.9 -2.0553
1483000 300.32 -14606.1 5.29814
1484000 300.056 -14642.9 -3.53646
1485000 300.7 -14589.5 1.08128
1486000 299.525 -14657.9 -2.64066
1487000 302.481 -14636 9.08231
1488000 301.041 -14648.8 2.69495
1489000 300.736 -14625.6 3.85496
1490000 301.028 -14608.5 13.8867
1491000 301.374 -14616 3.86238
1492000 299.686 -14700.5 8.36254
1493000 298.974 -14713.7 -15.9823
1494000 299.411 -14675.7 6.25793
1495000 301.073 -14628.5 -4.92989
1496000 299.46 -14695.3 -6.92379
1497000 299.282 -14602.6 -0.132079
1498000 300.197 -14694.1 10.0159
1499000 298.992 -14664.6 -4.98012
1500000 300.048 -14660.3 -0.0199617
1501000 301.124 -14641.4 -4.15034
1502000 300.355 -14634 12.2462
1503000 300.41 -14637.6 -9.15851
1504000 300.896 -14588 22.7678
1505000 300.933 -14617.2 -4.5118
1506000 300.615 -14624.1 12.4456
1507000 299.14 -14660.1 9.51348
1508000 300.307 -14675.2 -3.12388
1509000 301.562 -14630.9 -6.83397
1510000 299.245 -14632.5 11.9969
1511000 297.883 -14612.4 0.0650314
1512000 300.854 -14581.6 -7.63301
1513000 299.87 -14599.8 14.6151
1514000 301.073 -14628.6 9.10569
1515000 299.074 -14613.1 -5.09861
1516000 300.011 -14648.6 -4.78959
1517000 300.018 -14664.3 -2.29477
1518000 299.684 -14677.4 2.84167
1519000 299.439 -14697.8 12.7882
1520000 301.167 -14640.1 -3.04134
1521000 299.259 -14656.3 -1.30882
1522000 300.523 -14631 6.15726
1523000 300.934 -14673 7.83834
1524000 297.652 -14707.4 -1.97203
1525000 299.362 -14662 1.74906
1526000 301.03 -14684.9 -1.63938
1527000 297.781 -14691.1 8.88593
1528000 298.64 -14682 0.580561
1529000 298.341 -14690.1 -4.98569
1530000 298.731 -14630.8 -2.14387
1531000 299.097 -14628.2 4.0956
1532000 300.176 -14667.6 -5.05507
1533000 300.339 -14674 0.144177
1534000 302.461 -14612.3 -0.23924
1535000 300.197 -14637.5 -11.3771
1536000 299.797 -14609.3 9.66911
1537000 297.417 -14676.8 7.34538
1538000 301.769 -14583 -0.75007
1539000 299.72 -14636.5 7.60971
1540000 301.065 -14602.5 4.92886
1541000 298.839 -14676 -2.42288
1542000 299.802 -14653.4 -1.42246
1543000 299.825 -14650.9 5.59503
1544000 297.009 -14700.1 -1.10741
1545000 300.482 -14626 -4.71834
1546000 299.264 -14672.1 0.392769
1547000 300.963 -14664.2 -0.799763
1548000 298.785 -14681.2 4.3839
1549000 302.329 -14636.6 -6.0125
1550000 299.976 -14673.2 5.51028
1551000 297.339 -14651.2 1.52499
1552000 300.517 -14623 -12.32
1553000 298.847 -14647 8.33616
1554000 299.264 -14670.7 11.442
1555000 300.671 -14686.4 -4.95292
1556000 299.496 -14664.9 4.21112
1557000 300.931 -14655.7 -8.64453
1558000 298.612 -14647 5.02818
1559000 300.805 -14593.9 -0.142368
1560000 300.953 -14638.1 -1.08937
1561000 300.264 -14609.3 8.57204
1562000 300.272 -14644.7 13.6402
1563000 300.096 -14667.6 -9.32786
1564000 299.814 -14659.1 1.23767
1565000 299.321 -14707.6 -3.13391
1566000 300.386 -14689 7.08391
1567000 301.211 -14616.4 4.96751
1568000 299.839 -14625.7 -8.53117
1569000 299.465 -14643.9 5.5105
1570000 302.287 -14610.8 -3.46834
1571000 301.578 -14617.6 -3.73498
1572000 299.875 -14643.8 16.442
1573000 300.067 -14661 -4.9406
1574000 298.022 -14693.8 -0.629626
1575000 299.686 -14658.7 -1.92548
1576000 299.206 -14681.5 -2.00132
1577000 300.312 -14643.1 -0.350277
1578000 301.726 -14592.8 9.61162
1579000 300.209 -14659.8 -3.06942
1580000 299.389 -14620.9 5.96596
1581000 299.972 -14645.6 7.29906
1582000 299.801 -14649.1 -7.14265
1583000 298.797 -14702.8 -1.46233
1584000 300.132 -14614.2 -4.75831
1585000 301.444 -14615.1 5.06873
1586000 299.756 -14659.9 9.62541
1587000 299.738 -14648.5 -4.96126
1588000 300.272 -14612.7 -4.10996
1589000 301.673 -14636.9 11.1482
1590000 299.682 -14663 -1.54334
1591000 297.989 -14716.4 4.31421
1592000 298.738 -14636 8.80464
1593000 301.508 -14596.8 -0.489098
1594000 298.456 -14677.2 1.1344
1595000 299.559 -14694.1 1.20803
1596000 299.33 -14715.9 10.0737
1597000 299.384 -14691.1 -1.05865
1598000 299.78 -14670.2 8.7653
1599000 298.849 -14662.7 -4.80494
1600000 300.242 -14640.7 -1.25488
1601000 298.367 -14657.9 3.81232
1602000 301.632 -14674.4 6.8702
1603000 301.532 -14671.1 -4.08545
1604000 298.921 -14693.8 -4.07114
1605000 299.664 -14671.9 4.71574
1606000 300.879 -14657.3 -5.16565
1607000 302.263 -14624.1 10.5513
1608000 298.485 -14707.4 4.85479
1609000 299.459 -14698.1 -0.115619
1610000 300.134 -14633.6 -9.98238
1611000 301.021 -14630.9 11.6921
1612000 299.583 -14647 0.207953
1613000 299.956 -14671 11.9528
1614000 299.149 -14675.7 -1.24478
1615000 300.85 -14623.2 -11.4718
1616000 300.639 -14627.5 5.24364
1617000 301.03 -14619.4 -1.26392
1618000 300.481 -14642.8 -7.11551
1619000 299.66 -14662.6 -1.01355
1620000 301.453 -14594.2 -5.17778
1621000 298.383 -14654.9 9.59599
1622000 301.096 -14664.1 -1.96749
1623000 299.083 -14644.1 17.0772
1624000 300.867 -14619 -14.1855
1625000 302.046 -14624.9 -1.99774
1626000 301.709 -14599.4 10.7037
1627000 297.876 -14657.7 -2.70622
1628000 302.486 -14592.3 7.39186
1629000 301.622 -14599.5 -6.61328
1630000 300.075 -14637.8 3.71108
1631000 300.557 -14672.2 6.47447
1632000 299.621 -14645.5 0.0876356
1633000 299.023 -14652.5 -4.68136
1634000 299.381 -14673.1 13.1576
1635000 302.612 -14640.9 -2.43815
1636000 300.723 -14634.8 1.66795
1637000 299.543 -14613.9 -5.7841
1638000 299.895 -14644.4 -0.61958
1639000 299.06 -14670.7 6.72499
1640000 299.693 -14680.4 -5.04362
1641000 300.901 -14603.3 3.37076
1642000 299.465 -14670.5 -2.68219
1643000 299.474 -14658.3 5.59039
1644000 297.707 -14695.8 16.9472
1645000 299.529 -14742.3 -5.24374
1646000 298.766 -14672.6 6.82841
1647000 299.376 -14669.5 7.15621
1648000 300.77 -14652.8 -3.05849
1649000 300.532 -14654.9 -1.8211
1650000 300.293 -14651.6 0.491736
1651000 300.018 -14623.5 6.68376
1652000 299.057 -14673.2 0.121841
1653000 298.882 -14709.9 -0.802211
1654000 299.058 -14680.4 3.93338
1655000 299.961 -14684.2 2.89292
1656000 298.753 -14677.2 -0.604259
1657000 301.395 -14639.6 -7.5339
1658000 300.766 -14615.8 10.5859
1659000 299.156 -14635.9 -6.14274
1660000 298.538 -14693.1 0.689475
1661000 300.515 -14654.1 -3.76898
1662000 300.195 -14680.8 2.57303
1663000 299.246 -14634 -0.628002
1664000 298.425 -14686.4 9.83205
1665000 299.744 -14664.3 0.455937
1666000 297.487 -14669.3 -7.20279
1667000 302.009 -14622.3 7.8797
1668000 301.194 -14648.5 6.76622
1669000 300.403 -14667.7 0.569265
1670000 300.389 -14699 -1.37117
1671000 299.247 -14674.9 -6.18359
1672000 300.151 -14635.1 -1.64003
1673000 299.178 -14663.3 13.8809
1674000 299.251 -14649.4 -3.71974
1675000 299.077 -14670.4 -1.06612
1676000 298.952 -14658.7 5.96925
1677000 301.107 -14628.5 -5.57746
1678000 299.897 -14626.2 1.26931
1679000 297.916 -14671.1 5.0406
1680000 299.421 -14619 3.0562
1681000 299.715 -14676.7 1.2506
1682000 300.068 -14642.4 6.11231
1683000 298.599 -14670.5 13.0601
1684000 298.543 -14722.6 -4.57545
1685000 299.291 -14685.2 0.536031
1686000 300.454 -14675 1.88767
1687000 300.858 -14625.9 7.5018
1688000 302.675 -14644.9 -19.1011
1689000 299.503 -14663.4 -0.0327803
1690000 299.918 -14661.7 -2.66138
1691000 301.269 -14658.8 8.12124
1692000 300.529 -14655.9 0.678653
1693000 300.559 -14644.6 -9.36344
1694000 300.896 -14616.6 -1.77262
1695000 300.331 -14637.6 -2.3987
1696000 300.749 -14613.8 4.62566
1697000 300.477 -14615.3 1.06905
1698000 298.506 -14710 1.21669
1699000 300.03 -14609 -2.93406
1700000 297.867 -14709 0.607348
1701000 302.692 -14588.4 2.3983
1702000 297.796 -14674.9 4.3524
1703000 299.586 -14678.6 2.90629
1704000 300.856 -14638 8.04009
1705000 300.034 -14637.7 0.263498
1706000 300.159 -14637.8 12.3663
1707000 300.277 -14660.2 -1.38253
1708000 297.828 -14686.7 -6.27435
1709000 300.571 -14677.3 -10.7691
1710000 300.388 -14644.4 -0.981551
1711000 301.236 -14638.8 -4.10708
1712000 299.51 -14655.6 4.16991
1713000 299.591 -14704.3 -0.937252
1714000 300.625 -14638.6 17.5326
1715000 299.809 -14628 -14.4795
1716000 300.533 -14695.3 10.9341
1717000 298.8 -14679.9 -7.83295
1718000 300.55 -14675 10.3779
1719000 298.695 -14691.9 11.8601
1720000 299.814 -14671.2 -12.0091
1721000 297.55 -14685.2 12.5252
1722000 301.904 -14641.3 5.26367
1723000 298.413 -14647.2 0.434978
1724000 300.232 -14634.1 2.33298
1725000 298.191 -14675.3 -2.14388
1726000 300.193 -14635.1 9.38224
1727000 299.976 -14662.3 -1.50117
1728000 300.569 -14680.9 4.02666
1729000 299.449 -14699.2 5.45927
1730000 297.723 -14693.2 1.12014
1731000 298.662 -14687.9 -5.37088
1732000 299.201 -14668.2 5.05904
1733000 301.455 -14639.5 0.695782
1734000 298.108 -14682.4 8.9752
1735000 301.014 -14640.1 7.94633
1736000 300.083 -14648.9 6.51336
1737000 298.903 -14674.8 2.74267
1738000 299.27 -14662.1 -6.54305
1739000 299.227 -14673.9 8.93554
1740000 300.594 -14644.7 -4.58379
1741000 300.858 -14623.7 -5.48312
1742000 298.693 -14700.7 -7.83536
1743000 298.449 -14673.5 5.39805
1744000 300.64 -14657.7 4.26165
1745000 301.442 -14649.3 3.04398
1746000 301.651 -14604.9 0.341204
1747000 301.101 -14644.7 -0.142429
1748000 300.167 -14660.6 -0.774106
1749000 300.203 -14655.2 -6.61845
1750000 298.965 -14674.3 11.0252
1751000 298.26 -14687.4 0.863684
1752000 298.127 -14707.2 6.34041
1753000 301.454 -14641.9 -6.20442
1754000 301.216 -14612.3 1.06526
1755000 300.142 -14660.9 2.41235
1756000 301.987 -14644.1 4.32773
1757000 299.587 -14658.5 -1.33757
1758000 300.781 -14617.5 1.90004
1759000 298.546 -14669.8 0.483737
1760000 300.303 -14627.5 13.5267
1761000 300.103 -14652.7 -0.935754
1762000 300.064 -14638.9 0.0300948
1763000 298.975 -14697 0.872473
1764000 300.983 -14699.9 -2.15418
1765000 298.188 -14687.4 1.2829
1766000 299.713 -14663.2 13.7031
1767000 300.419 -14663 5.20878
1768000 298.213 -14700.7 -5.31633
1769000 300.147 -14633.8 7.86001
1770000 299.758 -14691.5 -5.63596
1771000 300.492 -14663.2 8.16938
1772000 300.537 -14660.2 7.28864
1773000 299.808 -14675.6 7.2046
1774000 302.14 -14636.6 -5.22385
1775000 299.597 -14664.4 3.79148
1776000 300.723 -14644.7 -6.94348
1777000 301.181 -14593.3 3.1468
1778000 299.953 -14687 -1.99521
1779000 300.458 -14666 2.72178
1780000 298.606 -14669.7 -2.74416
1781000 299.434 -14646.2 11.4508
1782000 298.828 -14593.9 -11.0679
1783000 298.563 -14661.9 12.6272
1784000 300.873 -14660.2 -6.0973
1785000 299.371 -14701 4.23566
1786000 297.954 -14704.9 -3.20359
1787000 299.392 -14675.6 8.69767
1788000 300.904 -14616.5 8.46892
1789000 300.62 -14619.9 -4.70832
1790000 301.312 -14609.3 8.79258
1791000 300.471 -14661 12.4169
1792000 300.926 -14650.9 -9.70716
1793000 299.262 -14660.6 -2.02497
1794000 301.012 -14669.5 -4.9445
1795000 301.038 -14616.2 -5.64218
1796000 300.932 -14655.8 10.0489
1797000 299.148 -14692.3 -3.50256
1798000 300.803 -14627.6 -4.82777
1799000 299.393 -14612 10.543
1800000 298.869 -14658.7 6.07983
1801000 298.274 -14695.9 -7.47061
1802000 301.788 -14630 4.79308
1803000 298.852 -14676 2.22657
1804000 299.652 -14645.9 7.66377
1805000 300.281 -14642.7 -3.24536
1806000 300.735 -14640.7 9.39328
1807000 300.872 -14655.3 1.12973
1808000 300.656 -14678.4 1.23361
1809000 299.7 -14667.1 1.89001
1810000 299.826 -14646.7 -4.50859
1811000 298.854 -14639.5 5.54259
1812000 299.71 -14657.5 8.11167
1813000 299.155 -14676.1 -3.11283
1814000 299.948 -14605.2 6.09736
1815000 299.834 -14609.1 -7.76556
1816000 300.885 -14634.9 -3.1326
1817000 298.676 -14657.3 9.63366
1818000 297.609 -14755.9 6.11179
1819000 300.854 -14652.5 -5.13224
1820000 298.253 -14669.5 4.57617
1821000 300.587 -14660.5 4.56868
1822000 299.193 -14633.4 -2.03951
1823000 299.084 -14691.8 0.0793272
1824000 299.13 -14655 -0.613796
1825000 299.829 -14621.3 3.74232
1826000 298.996 -14694.7 8.59543
1827000 298.108 -14665.7 -0.892146
1828000 300.116 -14684.8 0.0141942
1829000 300.575 -14715.8 -7.08278
1830000 299.643 -14691.3 1.50441
1831000 300.096 -14624.7 7.42602
1832000 299.076 -14662.4 14.4019
1833000 300.951 -14613.4 -8.13676
1834000 299.831 -14604.6 1.55624
1835000 299.514 -14662.7 -1.69554
1836000 299.809 -14637.6 0.225053
1837000 302.822 -14582.3 8.12685
1838000 300.068 -14628.3 2.80287
1839000 299.176 -14674.2 3.02792
1840000 299.407 -14670.1 1.54167
1841000 301.622 -14653 -0.598187
1842000 299.615 -14675.9 -8.63368
1843000 300.259 -14641.1 4.92245
1844000 298.215 -14640.6 2.92523
1845000 300.252 -14617.6 1.09396
1846000 300.94 -14632.5 2.03215
1847000 300.835 -14613.7 -2.248
1848000 299.206 -14673.2 -1.82801
1849000 300.687 -14642.3 5.98646
1850000 297.917 -14676.8 5.61747
1851000 301.198 -14616.2 1.07844
1852000 300.981 -14642 10.5733
1853000 301.787 -14568.6 8.67618
1854000 299.621 -14648 -3.72911
1855000 298.675 -14666.2 7.83217
1856000 301.412 -14617.5 -5.4951
1857000 301.552 -14599.2 3.17777
1858000 298.566 -14727.2 7.09408
1859000 300.677 -14617.5 1.88552
1860000 301.267 -14658.5 0.767552
1861000 299.296 -14644 2.59158
1862000 300.292 -14645.9 2.93163
1863000 301.015 -14642 9.40624
1864000 299.454 -14661.8 12.0236
1865000 300.036 -14648.7 -12.4995
1866000 301.124 -14641.3 4.47388
1867000 301.458 -14596.3 -2.77605
1868000 299.809 -14627.1 -3.07488
1869000 299.624 -14653.8 18.5209
1870000 301.239 -14632 -9.39166
1871000 299.99 -14616.1 -5.89455
1872000 299.645 -14660.8 0.686128
1873000 299.469 -14689.5 5.95871
1874000 298.713 -14643.2 -5.61094
1875000 301.455 -14630.2 12.2635
1876000 301.072 -14627.3 7.65795
1877000 300.458 -14629.9 -1.97974
1878000 300.081 -14665.2 6.09628
1879000 297.844 -14689.8 -2.62842
1880000 300.569 -14635.6 -4.25488
1881000 301.946 -14580.6 9.65132
1882000 300.8 -14611.5 -0.455194
1883000 301.645 -14582.4 12.709
1884000 300.717 -14616.3 2.23642
1885000 301.133 -14675.1 -4.36866
1886000 299.288 -14657 -3.34783
1887000 300.807 -14640.5 -1.86342
1888000 301.102 -14651.8 7.21219
1889000 299.758 -14691.8 0.0970501
1890000 300.185 -14686.1 -1.11483
1891000 298.846 -14661 0.519095
1892000 299.643 -14691.1 -5.00871
1893000 299.186 -14619.6 3.68959
1894000 300.002 -14637.5 -7.08662
1895000 299.675 -14671 4.67504
1896000 299.577 -14638.7 5.75793
1897000 299.167 -14695.5 2.50633
1898000 298.536 -14683.7 -2.95503
1899000 299.405 -14674.3 -1.10555
1900000 301.241 -14651.9 3.27058
1901000 300.013 -14637.6 4.71239
1902000 299.478 -14653 -2.09759
1903000 298.195 -14686.7 7.799
1904000 299.495 -14664 -4.55419
1905000 298.821 -14713.7 5.13897
1906000 299.911 -14690 -3.50575
1907000 299.603 -14645.2 6.68649
1908000 300.224 -14689 -8.81205
1909000 297.728 -14644.1 5.61185
1910000 300.584 -14675.5 8.0472
1911000 297.529 -14678.1 -4.08961
1912000 298.103 -14667.5 8.26566
1913000 299.199 -14679.6 -5.64349
1914000 300.068 -14675.1 -2.50231
1915000 299.23 -14617.5 4.35241
1916000 298.316 -14712.2 8.3608
1917000 299.946 -14663.5 -7.8252
1918000 300.974 -14629.3 7.5404
1919000 300.381 -14633.6 4.6527
1920000 298.709 -14666.1 4.34527
1921000 300.425 -14627 -13.7406
1922000 299.03 -14664 2.8305
1923000 298.863 -14688.5 9.43274
1924000 298.709 -14659.8 -11.181
1925000 301.072 -14639.4 16.8755
1926000 300.795 -14615.7 -3.58428
1927000 301.097 -14624.8 1.43898
1928000 300.7 -14660.6 -1.69198
1929000 298.69 -14710.8 5.54598
1930000 300.781 -14642.8 3.20566
1931000 301.16 -14619.5 1.55186
1932000 299.011 -14630.2 -5.92007
1933000 301.25 -14645.1 -0.894083
1934000 298.348 -14654.2 0.525468
1935000 299.103 -14619.4 -0.440496
1936000 299.662 -14667.9 3.90622
1937000 302.221 -14613.7 3.42076
1938000 299.641 -14658.3 -12.6708
1939000 299.093 -14646 -0.138712
1940000 300.644 -14650.2 1.27274
1941000 300.444 -14666.8 -6.12726
1942000 298.894 -14703.3 4.18291
1943000 299.088 -14678.3 -1.72243
1944000 299.909 -14709 13.5375
1945000 298.731 -14695.4 -17.4752
1946000 300.252 -14666.3 10.0915
1947000 299.408 -14621.7 2.31309
1948000 300.331 -14641.8 12.1147
1949000 296.354 -14687.7 -0.371943
1950000 301.015 -14580.1 -5.40946
1951000 298.867 -14667.8 6.80189
1952000 298.559 -14618.4 7.47395
1953000 299.847 -14634.3 -1.27319
1954000 299.991 -14674.2 -8.66407
1955000 299.974 -14636.3 -0.735529
1956000 299.296 -14669.3 10.1019
1957000 301.154 -14612.2 3.66569
1958000 298.705 -14662.9 5.75344
1959000 299.117 -14691.9 3.13596
1960000 300.706 -14635.6 -7.18977
1961000 300.33 -14655.5 8.38489
1962000 298.607 -14682.6 14.4886
1963000 298.734 -14639.7 -4.88718
1964000 299.439 -14639.8 12.2691
1965000 299.775 -14631.6 -10.3541
1966000 299.354 -14696.1 3.80954
1967000 298.29 -14695.2 9.36631
1968000 299.428 -14657.8 4.35743
1969000 300.21 -14634.2 1.08185
1970000 300.205 -14626.5 4.42881
1971000 301.337 -14605.5 -2.97266
1972000 301.301 -14595 -2.51902
1973000 300.844 -14627.1 -4.6191
1974000 301.076 -14645.9 -9.95444
1975000 298.297 -14711.9 6.33722
1976000 301.168 -14647.4 -13.66
1977000 298.742 -14701.8 8.63518
1978000 301.327 -14643.4 -1.31309
1979000 299.446 -14681.3 7.54484
1980000 299.964 -14657.6 -2.95124
1981000 300.639 -14626.3 4.94679
1982000 299.363 -14685.1 5.35724
1983000 301.211 -14637.1 1.6666
1984000 298.988 -14665.5 -7.17442
1985000 300.381 -14607 3.35627
1986000 298.724 -14641.9 13.8473
1987000 299.022 -14677.6 -0.955153
1988000 300.321 -14673.3 4.02219
1989000 299.823 -14660 9.74995
1990000 299.868 -14661.6 -4.32022
1991000 301.322 -14614.1 1.35542
1992000 299.733 -14676.8 -9.33044
1993000 299.144 -14690 2.92789
1994000 300.036 -14688.9 3.92219
1995000 301.271 -14690.8 -7.61332
1996000 300.064 -14668.9 8.65359
1997000 300.753 -14670.6 -3.12402
1998000 301.677 -14665.4 -1.39532
1999000 299.455 -14655.1 -0.772558
2000000 302.47 -14655.1 -2.65334
