# Time-averaged data for fix 3
# TimeStep v_Temperature v_PotentialEnergy v_Pressure
2000 497.899 -11135 46.6633
3000 500.45 -10727.4 -1.2085
4000 499.027 -10704.2 4.63514
5000 500.644 -10606.4 -13.6057
6000 501.155 -10568.1 21.9749
7000 498.284 -10678.8 -3.27895
8000 500.129 -10737.3 9.46048
9000 501.789 -10677.8 10.3563
10000 500.529 -10691.9 -5.46515
11000 500.674 -10634.8 -6.79507
12000 497.609 -10634.7 -2.62695
13000 498.233 -10715 0.389161
14000 499.571 -10746.5 -4.88225
15000 500.204 -10613.9 1.4916
16000 499.258 -10508.5 1.7852
17000 501.37 -10611.2 3.32164
18000 499.547 -10697.1 14.0265
19000 500.229 -10664.5 4.34072
20000 501.574 -10651.8 17.1847
21000 498.888 -10664.2 -1.54498
22000 502.487 -10663.2 -1.46111
23000 496.708 -10784.7 10.1535
24000 501.178 -10593.8 -10.4977
25000 499.13 -10720.6 14.0203
26000 497.427 -10792 -6.21251
27000 498.743 -10767.3 6.45804
28000 502.612 -10634.5 3.30491
29000 498.426 -10762.9 4.34543
30000 499.534 -10646.4 -10.6544
31000 502.025 -10479 7.44267
32000 498.471 -10595.8 -18.6513
33000 497.538 -10770.5 10.0646
34000 500.852 -10742.6 -1.0284
35000 502.059 -10702.5 7.10399
36000 496.283 -10742.2 -0.564436
37000 498.614 -10628 -0.412745
38000 502.436 -10648.8 0.173245
39000 498.337 -10815.2 0.527969
40000 498.913 -10703.8 -6.68965
41000 497.27 -10742.3 11.9411
42000 502.459 -10496.5 7.15604
43000 503.676 -10482.9 9.11039
44000 501.324 -10511 -4.79281
45000 502.675 -10610 3.03658
46000 498.956 -10628.7 -5.71703
47000 497.285 -10758.5 13.1881
48000 498.424 -10811.7 10.3699
49000 499.95 -10599.3 -5.00475
50000 500.45 -10665.1 13.5581
51000 502.523 -10524.4 -1.23434
52000 499.642 -10594.4 1.81042
53000 500.48 -10655.2 1.52883
54000 501.745 -10486.5 -0.955145
55000 502.443 -10528.9 2.93327
56000 500.65 -10621.6 15.4749
57000 502.426 -10617.4 -1.56335
58000 501.316 -10603.4 -1.06475
59000 499.186 -10610.3 -2.09228
60000 498.358 -10619.7 -1.26862
61000 500.557 -10744.7 1.20715
62000 501.06 -10648.1 -5.55816
63000 499.758 -10692.9 -13.2449
64000 498.715 -10642.9 6.50666
65000 500.987 -10594.5 -2.27811
66000 500.42 -10562.4 9.18597
67000 497.953 -10592 -7.42115
68000 497.924 -10609 -0.207939
69000 500.967 -10599.9 4.94005
70000 499.924 -10598.5 6.70507
71000 500.174 -10515.2 -16.7054
72000 500.379 -10653.7 6.48729
73000 498.84 -10785.3 -12.4457
74000 500.661 -10693.2 2.50558
75000 502.622 -10678.8 2.11379
76000 495.604 -10802.6 -3.27101
77000 501.247 -10732.8 16.7614
78000 501.169 -10608.1 11.7662
79000 500.708 -10673.8 -7.4707
80000 499.624 -10615.1 -1.49691
81000 501.107 -10599.6 -7.68254
82000 500.474 -10742.9 15.2366
83000 499.983 -10638.3 -0.871591
84000 500.608 -10691.1 0.261796
85000 500.475 -10664.6 -7.1764
86000 500.478 -10644.6 -10.033
87000 500.059 -10745.9 17.7597
88000 499.369 -10747.1 1.27341
89000 500.068 -10776.9 -2.784
90000 504.32 -10680.7 -8.37957
91000 500.303 -10699.5 -5.19937
92000 501.99 -10717.6 1.3105
93000 502.103 -10697.1 4.6888
94000 500.859 -10718.4 -5.51148
95000 500.356 -10636.8 2.25157
96000 501.602 -10689.4 -7.89151
97000 502.99 -10699.8 -9.88836
98000 498.683 -10724.6 2.97087
99000 498.623 -10581 -3.83763
100000 501.456 -10610.8 16.7138
101000 499.313 -10787.5 8.99543
102000 498.933 -10653.1 -6.71702
103000 501.183 -10704.2 10.7231
104000 501.703 -10656.9 3.66961
105000 500.745 -10656.4 -0.300675
106000 496.377 -10869.8 7.00208
107000 502.04 -10738.9 4.54762
108000 496.992 -10663.3 -8.85568
109000 499.81 -10619.9 7.23583
110000 499.127 -10594.9 3.96358
111000 501.458 -10768.1 5.0514
112000 497.158 -10789 2.72911
113000 501.438 -10609.4 11.889
114000 501.858 -10653.2 -6.31285
115000 497.696 -10703.7 -5.92389
116000 502.216 -10674.9 -10.2349
117000 497.636 -10693.1 -1.19178
118000 500.254 -10638 0.53854
119000 496.594 -10710.2 -7.50843
120000 500.533 -10683 7.52262
121000 502.293 -10627.7 -3.67108
122000 500.173 -10591.9 13.2066
123000 501.197 -10580.2 2.19618
124000 500.362 -10627.7 9.48708
125000 498.582 -10639.6 -6.3254
126000 502.211 -10615.9 16.7825
127000 501.665 -10596.5 -23.0461
128000 498.921 -10671.5 -1.60178
129000 501.12 -10716.5 -11.3228
130000 501.646 -10757.2 10.4127
131000 500.511 -10699.4 -3.26171
132000 500.317 -10666.1 -5.75866
133000 498.451 -10698 6.75169
134000 500.264 -10716 2.11625
135000 499.316 -10753.1 14.7446
136000 502.58 -10566.1 -17.771
137000 500.03 -10794.7 7.5477
138000 496.367 -10762.3 3.48854
139000 500.887 -10715.9 9.25563
140000 498.21 -10754.4 -1.06791
141000 503.081 -10595.5 -3.48077
142000 500.394 -10661.1 19.1312
143000 499.298 -10814.7 1.71208
144000 502.803 -10611.5 -8.99334
145000 499.807 -10597.8 -2.97903
146000 501.427 -10663 -8.95135
147000 500.843 -10708 -0.41298
148000 498.412 -10658 8.22637
149000 499.645 -10529.1 -8.80089
150000 498.68 -10647.8 -0.777172
151000 497.763 -10779 7.43075
152000 500.483 -10576.9 -11.8068
153000 502.757 -10610.3 14.077
154000 497.994 -10739.5 -4.57392
155000 502.075 -10659.9 3.20122
156000 501.741 -10423.9 6.71338
157000 497.009 -10591.8 2.99809
158000 500.879 -10599.8 3.98709
159000 499.109 -10644.9 9.98694
160000 500.001 -10646.9 -1.01721
161000 499.681 -10619.8 -0.259246
162000 501.358 -10621.7 7.02164
163000 501.254 -10644.1 -10.9355
164000 498.433 -10628.8 2.79615
165000 499.616 -10747 4.61265
166000 496.269 -10798.3 -11.0321
167000 497.965 -10779.5 6.42932
168000 498.331 -10564.9 13.402
169000 499.931 -10560.7 -14.8765
170000 500.883 -10569.6 0.242397
171000 499.23 -10629.6 7.89235
172000 499.995 -10729.5 -8.0274
173000 501.156 -10772.2 12.4495
174000 499.834 -10710 13.6749
175000 499.251 -10541.1 -13.914
176000 502.443 -10693.8 25.986
177000 499.366 -10657.1 12.1367
178000 499.882 -10595.9 -23.1957
179000 501.057 -10606.5 16.43
180000 497.899 -10769 9.18324
181000 498.375 -10828.9 -1.62761
182000 502.608 -10644.2 -10.7569
183000 499.599 -10655.1 2.57704
184000 499.301 -10739.7 -2.82429
185000 502.715 -10653.3 8.13822
186000 498.3 -10723.9 -4.39779
187000 499.692 -10788.4 5.61228
188000 500.804 -10754.5 5.80091
189000 496.743 -10834.9 -12.8414
190000 499.855 -10699.6 -1.08872
191000 499.189 -10733.7 11.1308
192000 496.908 -10703.4 3.36159
193000 501.543 -10723.7 -4.23788
194000 498.719 -10690.9 5.83194
195000 501.553 -10685.5 -5.42543
196000 499.66 -10842 -1.3038
197000 498.735 -10696.4 -3.06505
198000 501.002 -10696.8 10.791
199000 500.101 -10605.6 24.2533
200000 497.088 -10689 -11.4724
201000 502.245 -10536.4 0.278674
202000 499.677 -10681.5 2.46254
203000 501.631 -10694.8 -3.57951
204000 501.576 -10723.9 -2.63831
205000 499.949 -10708.5 0.658027
206000 499.794 -10606.4 5.88827
207000 501.581 -10605.6 -14.1683
208000 500.341 -10707.4 6.7922
209000 499.149 -10679.4 4.59474
210000 502.986 -10529.4 -5.01648
211000 500.056 -10636.7 0.753588
212000 503.388 -10699.1 -6.57155
213000 499.71 -10634.1 -4.35706
214000 501.855 -10563.1 -14.5894
215000 500.014 -10638.8 3.75942
216000 500.403 -10743 4.12499
217000 499.915 -10728 -4.80615
218000 500.478 -10628 0.144986
219000 497.604 -10772.4 -2.15826
220000 499.882 -10709.7 -5.43051
221000 497.798 -10669.4 -4.8371
222000 498.729 -10689.4 6.11171
223000 500.436 -10858.3 -4.21347
224000 498.293 -10725.9 -6.71986
225000 496.489 -10724.4 12.185
226000 503.813 -10528.6 -18.418
227000 498.45 -10704.8 10.3812
228000 499.618 -10654.8 2.72437
229000 499.913 -10713.5 -4.24355
230000 498.02 -10665.6 22.5327
231000 499.667 -10658.2 -3.26058
232000 498.971 -10641.6 -9.62724
233000 503.001 -10519.5 -0.816078
234000 498.607 -10717.3 -16.8159
235000 498.525 -10746.9 -1.26087
236000 497.521 -10788.6 14.6923
237000 499.873 -10683.6 8.33682
238000 501.621 -10632.8 0.757848
239000 498.016 -10659.3 2.80201
240000 500.108 -10603.7 2.47755
241000 499.787 -10631.3 7.75165
242000 498.765 -10716.1 -14.546
243000 501.63 -10663.3 7.35628
244000 499.97 -10587.3 -5.83928
245000 499.205 -10590.1 8.26205
246000 498.838 -10555.8 5.00261
247000 500.564 -10639 2.99282
248000 501.948 -10814.4 22.3006
249000 499.688 -10617.3 9.23981
250000 500.403 -10571 -7.91101
251000 502.139 -10693.8 11.0751
252000 497.305 -10767.8 -13.7807
253000 501.049 -10695.7 12.4663
254000 498.43 -10760.1 -7.79066
255000 499.89 -10628.7 -1.13142
256000 500.894 -10588.9 11.777
257000 500.493 -10600.6 1.1576
258000 497.724 -10594.8 9.64
259000 500.136 -10615.6 -1.42994
260000 502.966 -10589.6 -8.17045
261000 499.926 -10684.9 3.60541
262000 497.621 -10674.5 6.05797
263000 501.057 -10677.5 -4.01251
264000 498.358 -10611.3 9.59118
265000 500.985 -10625.9 6.18263
266000 498.992 -10684 -6.73995
267000 499.109 -10517.9 -2.73108
268000 498.094 -10747 0.680134
269000 498.358 -10757.5 -2.63038
270000 502.708 -10635.3 19.5184
271000 500.416 -10634.6 -3.30967
272000 500.324 -10743.6 8.80281
273000 499.095 -10804 -6.12689
274000 498.25 -10580.4 11.0199
275000 498.538 -10632.5 -0.736204
276000 500.379 -10716.8 -2.92974
277000 499.619 -10681.7 -5.01029
278000 503.872 -10657.1 0.490083
279000 498.107 -10686.1 10.0581
280000 501.072 -10488.2 -21.9221
281000 500.389 -10577.7 1.83562
282000 501.495 -10640.1 2.31192
283000 500.178 -10594.3 1.47427
284000 498.155 -10725 17.1769
285000 500.774 -10608.1 -4.52831
286000 498.739 -10614.1 4.25726
287000 502.174 -10602 -10.9252
288000 502.004 -10709.3 -4.43133
289000 498.195 -10779.6 3.0913
290000 498.49 -10776.2 -2.84833
291000 499.908 -10585.4 7.24729
292000 501.203 -10559.2 -13.5335
293000 498.507 -10616.3 9.57799
294000 502.461 -10592.6 6.13781
295000 498.348 -10657.1 0.192348
296000 501.329 -10651.5 -4.5132
297000 498.351 -10674.1 5.78879
298000 502.264 -10579.8 9.23819
299000 499.066 -10672 8.00728
300000 498.961 -10621.7 0.669953
301000 501.329 -10660.7 2.17116
302000 498.588 -10666.8 -6.20112
303000 500.015 -10747.3 8.19453
304000 502.24 -10599.2 -3.05353
305000 498.543 -10702.2 -3.82572
306000 497.932 -10770.7 -17.5853
307000 500.625 -10700.2 9.57605
308000 500.497 -10706.7 2.6192
309000 499.895 -10684.5 -9.98176
310000 498.801 -10755.9 3.21234
311000 500.301 -10767.9 9.08458
312000 500.325 -10583.6 -5.10378
313000 500.681 -10579.1 -1.96748
314000 501.172 -10649 -3.46832
315000 504.122 -10575 0.291721
316000 498.534 -10677.8 5.72943
317000 503.675 -10668.3 -2.82992
318000 501.9 -10632.6 13.07
319000 499.677 -10626.3 -5.17157
320000 499.207 -10662.7 8.36982
321000 496.225 -10779 -11.2941
322000 498.125 -10694.4 0.460246
323000 500.96 -10603.3 -7.44223
324000 501.775 -10633.2 -7.31181
325000 497.42 -10668.6 16.2445
326000 497.162 -10598.3 0.0598901
327000 500.177 -10656.8 6.34586
328000 501.036 -10719.4 16.5238
329000 499.417 -10709.5 -9.79202
330000 497.913 -10775.4 1.06981
331000 500.178 -10748.8 12.2333
332000 497.824 -10615.7 5.65397
333000 498.944 -10595 0.723808
334000 498.634 -10602.6 2.9493
335000 500.168 -10565.2 -1.56907
336000 500.776 -10761 2.69347
337000 501.77 -10624.7 12.1851
338000 500.22 -10653.2 -8.56681
339000 499.143 -10674.3 8.41941
340000 499.167 -10663.2 10.1502
341000 501.025 -10646 3.5739
342000 500.019 -10739.2 4.26704
343000 496.944 -10771.2 -18.9126
344000 502.684 -10637.3 8.08519
345000 502.389 -10678.5 -0.533638
346000 498.888 -10632 6.57002
347000 499.532 -10689.4 -3.15212
348000 502.246 -10722.4 4.06911
349000 500.243 -10685.4 6.08153
350000 501.682 -10615.2 8.1988
351000 497.282 -10835.5 -10.6706
352000 499.498 -10773.8 2.06192
353000 499.864 -10722.5 4.17342
354000 500.769 -10607.2 -11.0618
355000 500.503 -10615.6 21.7742
356000 496.998 -10635.9 -4.7626
357000 502.967 -10685 -11.4864
358000 498.568 -10662.8 5.23443
359000 500.512 -10634.2 3.09967
360000 498.971 -10649.9 -8.23811
361000 497.794 -10729.4 13.1185
362000 503.605 -10583.4 -7.55511
363000 497.519 -10602.1 10.9485
364000 502.552 -10600.2 -0.872394
365000 498.681 -10791.6 3.09611
366000 498.753 -10784.2 6.61153
367000 503.022 -10699.2 -9.93208
368000 500.248 -10692 1.8791
369000 498.387 -10716.8 5.54223
370000 499.493 -10762 4.33171
371000 499.898 -10768.1 7.996
372000 500.067 -10712.8 -0.189638
373000 500.18 -10621 -8.3021
374000 499.003 -10736.5 22.5232
375000 498.432 -10699.8 -16.4074
376000 500.174 -10690.2 -15.7653
377000 500.367 -10654.7 35.0785
378000 502.59 -10492.6 -7.82686
379000 500.343 -10593.7 0.94523
380000 500.911 -10516.7 2.37901
381000 497.692 -10700.9 -8.15923
382000 503.117 -10679.9 11.9663
383000 500.876 -10587.4 -0.0570076
384000 497.565 -10727 -0.794511
385000 500.487 -10654 -2.14654
386000 499.26 -10587 11.5219
387000 498.472 -10677 1.43076
388000 500.755 -10671.3 7.13666
389000 498.223 -10707.1 0.519441
390000 502.368 -10580.8 -0.852683
391000 498.885 -10612.3 8.09681
392000 501.463 -10646.4 -10.451
393000 501.814 -10545.8 11.1267
394000 499.705 -10620.1 -9.51681
395000 497.254 -10701.1 6.60816
396000 500.384 -10781.2 1.78136
397000 499.763 -10796.5 3.48129
398000 501.338 -10800.6 -2.91674
399000 501.059 -10549.3 -8.84173
400000 502.812 -10560.5 -1.12905
401000 500.863 -10641.3 -5.69602
402000 500.33 -10563.9 4.51104
403000 500.15 -10615.4 9.67457
404000 496.833 -10782.6 10.6732
405000 501.925 -10606.8 4.63449
406000 501.655 -10565.2 24.7829
407000 499.371 -10716.8 2.6524
408000 500.365 -10706.7 10.445
409000 501.502 -10638.4 -4.90001
410000 502.213 -10610.9 2.23296
411000 498.79 -10835.5 5.84955
412000 502.862 -10729.2 6.40558
413000 500.681 -10693.7 -8.68491
414000 499.448 -10644.1 -14.1578
415000 499.729 -10719.1 22.1966
416000 497.923 -10625.3 -5.37709
417000 498.579 -10665.2 1.37569
418000 500.514 -10710 -0.264152
419000 499.302 -10609 1.63902
420000 500.916 -10518.9 -9.34455
421000 497.483 -10555.9 15.3245
422000 499.843 -10589.8 -14.9546
423000 497.786 -10696.1 -8.53959
424000 498.733 -10744.1 2.89747
425000 499.118 -10679.7 -1.08111
426000 499.136 -10714.9 -1.04622
427000 495.938 -10741.8 -12.9385
428000 501.095 -10633.1 12.0667
429000 497.904 -10637.1 -7.54197
430000 503.007 -10608.4 -9.69947
431000 500.731 -10616 8.89043
432000 501.045 -10668.7 -5.32632
433000 499.934 -10725.7 11.5717
434000 498.082 -10717.7 -9.46219
435000 496.499 -10838.9 10.3443
436000 504.054 -10669.3 8.01496
437000 498.15 -10814.9 4.239
438000 499.113 -10680.8 5.64154
439000 501.347 -10606.4 1.08458
440000 503.032 -10574.1 9.02442
441000 498.497 -10668.5 -7.57636
442000 501.807 -10664.1 3.73645
443000 500.128 -10615.5 16.581
444000 500.002 -10637.9 14.9241
445000 500.863 -10679.4 9.09076
446000 495.636 -10646.5 -5.653
447000 499.921 -10693.6 -16.1264
448000 498.617 -10624.8 -2.12317
449000 498.937 -10690.5 -1.70703
450000 501.224 -10646.6 0.0724412
451000 501.789 -10724.7 12.2751
452000 500.559 -10653.9 0.285193
453000 499.852 -10626.1 9.68258
454000 495.466 -10717.2 10.867
455000 498.984 -10782.8 -0.540658
456000 497.449 -10804.2 -4.65237
457000 497.74 -10633.5 -3.06735
458000 500.83 -10581.8 0.469128
459000 501.289 -10571.4 5.31344
460000 500.141 -10473.3 1.13164
461000 502.646 -10536.7 -3.92866
462000 502.363 -10574.9 8.65192
463000 498.815 -10647.5 1.01817
464000 498.958 -10693.3 -1.40543
465000 499.47 -10634 11.6648
466000 501.059 -10586.2 -21.2157
467000 500.578 -10623.1 3.43036
468000 499.206 -10760.3 26.4503
469000 502.727 -10557.5 -8.78173
470000 499.624 -10596.8 14.5009
471000 499.568 -10666.3 3.53338
472000 500.436 -10484.3 2.28815
473000 500.801 -10647.5 15.0149
474000 499.738 -10603 -9.57373
475000 498.226 -10637.9 6.96984
476000 499.374 -10717.1 -14.5646
477000 500.244 -10624.9 13.7162
478000 498.803 -10581.8 3.93626
479000 497.961 -10728.3 -10.2046
480000 498.358 -10699.7 4.83722
481000 501.595 -10681.5 -2.38316
482000 501.844 -10710.2 -0.5486
483000 500.599 -10721.9 -2.39174
484000 499.338 -10651.5 1.63773
485000 501.865 -10558.4 1.3868
486000 498.826 -10623 5.41144
487000 500.128 -10574.4 15.923
488000 501.456 -10622.4 -2.26805
489000 498.572 -10592.3 -9.04642
490000 500.859 -10631.4 5.97572
491000 499.637 -10689.4 0.352024
492000 497.399 -10710.2 13.1851
493000 501.27 -10583.6 -8.21763
494000 498.806 -10665.8 -2.53184
495000 498.642 -10799.7 16.6183
496000 498.676 -10733.6 -1.08204
497000 500.291 -10778.3 -6.43657
498000 499.46 -10786.7 6.18322
499000 498.127 -10659.6 0.550433
500000 499.802 -10733.7 1.02244
501000 503 -10632 -0.847377
502000 501.752 -10612.9 -11.1736
503000 503.128 -10575.7 8.49241
504000 501.858 -10438.5 0.378476
505000 498.185 -10678.8 -7.5082
506000 500.048 -10583.5 7.48183
507000 502.935 -10513.9 2.63593
508000 502.92 -10477.7 3.32713
509000 500.864 -10478.6 -14.2151
510000 499.191 -10741 8.18349
511000 501.769 -10680.8 -7.12961
512000 497.295 -10698.5 9.2081
513000 499.805 -10720.5 1.50197
514000 500.562 -10570.5 -0.369954
515000 502.419 -10714.2 7.51608
516000 498.69 -10630.6 -2.70862
517000 501.184 -10693.1 -1.14015
518000 501.832 -10724.4 -7.30547
519000 500.901 -10686.9 9.89083
520000 499.139 -10724.7 -0.171476
521000 498.338 -10581.1 -6.29907
522000 498.425 -10647.1 -6.72946
523000 497.251 -10792.8 0.0990037
524000 498.972 -10768.6 -2.98933
525000 500.078 -10701.6 2.52654
526000 497.897 -10769.4 8.26518
527000 498.325 -10669.7 6.6394
528000 499.971 -10546.1 1.50893
529000 500.195 -10588.1 2.85454
530000 499.422 -10570.8 5.74233
531000 502.997 -10665.1 9.12537
532000 498.83 -10612 -2.57252
533000 500.1 -10631.9 -2.94225
534000 498.684 -10662.5 13.0806
535000 498.642 -10550 -9.15359
536000 500.241 -10613.5 16.1057
537000 502.181 -10681.8 -1.19158
538000 501.128 -10735 0.315258
539000 496.097 -10729.2 -6.06128
540000 502.164 -10693.4 -2.32438
541000 500.688 -10636.4 -1.76622
542000 504.065 -10555.2 -3.16586
543000 500.417 -10714.3 11.1679
544000 501.338 -10557.2 -5.14292
545000 500.085 -10484.2 6.98652
546000 499.617 -10431.9 3.67945
547000 500.155 -10537.3 -6.60774
548000 500.119 -10590.5 8.93033
549000 501.346 -10643.8 0.590307
550000 500.914 -10634.9 -4.56655
551000 497.791 -10710.4 -4.59961
552000 498.822 -10735.7 -6.1042
553000 499.943 -10786.3 -5.44641
554000 502.012 -10623.9 -3.92537
555000 499.39 -10648.6 10.3304
556000 500.819 -10700.5 -1.04563
557000 500.041 -10710.5 -0.469997
558000 501.316 -10739.6 -4.47194
559000 500.774 -10749.7 17.062
560000 501.947 -10682 -8.83073
561000 499.973 -10660.6 -4.78142
562000 500.56 -10603.5 8.56547
563000 500.367 -10666.3 -1.88294
564000 499.497 -10639.4 6.00132
565000 497.55 -10761.5 -1.35094
566000 501.449 -10599.5 4.3398
567000 500.61 -10623.5 -14.5067
568000 500.786 -10672.6 2.66747
569000 499.032 -10674.6 9.4917
570000 499.361 -10681.4 -6.0578
571000 497.977 -10723.6 12.9524
572000 501.723 -10634.3 -16.9354
573000 498.185 -10696.6 17.6191
574000 499.639 -10623.1 0.590191
575000 502.053 -10647.8 -3.972
576000 496.562 -10634.2 -2.9953
577000 498.173 -10651.1 13.5474
578000 500.789 -10621.9 8.33455
579000 501.267 -10636.6 4.96743
580000 500.725 -10600.9 6.22946
581000 500.285 -10601.4 1.82633
582000 497.372 -10727.4 -4.87429
583000 500.16 -10525.6 -2.32629
584000 501.367 -10571.7 -6.04747
585000 499.55 -10597.2 19.6154
586000 499.866 -10605.9 16.2316
587000 499.546 -10658.7 -6.83541
588000 497.027 -10680 11.1395
589000 499.63 -10620.4 9.19896
590000 500.517 -10758.7 -3.05128
591000 497.733 -10763 -4.27853
592000 498.849 -10644.9 9.18482
593000 499.567 -10670.8 7.08813
594000 498.307 -10654.9 5.66537
595000 502.825 -10556 -12.6085
596000 498.545 -10539.9 -6.36169
597000 499.02 -10649.8 0.576332
598000 503.079 -10682.6 -0.579162
599000 500.316 -10706.9 1.34065
600000 500.162 -10818.7 -8.15408
601000 497.809 -10764.1 -0.997225
602000 499.175 -10601.4 0.159907
603000 501.435 -10673 7.7683
604000 499.473 -10688.1 -19.8244
605000 499.752 -10692.9 1.48466
606000 498.313 -10702.5 1.44993
607000 498.502 -10767.3 5.61125
608000 499.483 -10628.7 -1.19838
609000 498.817 -10692.9 -4.53057
610000 499.243 -10695 2.74093
611000 500.821 -10687.4 2.92734
612000 502.615 -10618.3 3.72288
613000 501.781 -10677.4 -2.76814
614000 499.296 -10770.5 -0.0912945
615000 498.966 -10771.2 -6.14829
616000 500.942 -10502 -1.37718
617000 501.903 -10480.1 -5.48564
618000 503.052 -10539 15.6354
619000 499.395 -10525.5 8.03048
620000 501.667 -10602.3 4.8924
621000 498.541 -10738.5 4.52612
622000 499.948 -10749.8 -7.82005
623000 497.786 -10677.6 2.46174
624000 499.129 -10564.8 -7.0899
625000 500.177 -10497.8 7.67903
626000 498.339 -10681 10.5888
627000 501.097 -10632 -6.68882
628000 500.838 -10714.6 0.23509
629000 500.846 -10657.7 4.17149
630000 499.33 -10606.1 6.40604
631000 498.994 -10672.4 3.55143
632000 497.056 -10687.7 -10.1702
633000 500.379 -10625.6 0.693402
634000 500.719 -10651.3 -0.0235516
635000 500.466 -10730.2 -0.680094
636000 500.298 -10695.4 -7.46334
637000 500.343 -10596.9 7.65642
638000 500.444 -10608.3 -2.49016
639000 500.869 -10496.5 10.855
640000 501.339 -10560.9 -3.21203
641000 499.294 -10701.1 -7.27855
642000 499.545 -10558.4 10.8849
643000 498.703 -10541.1 0.825598
644000 499.097 -10519.5 -15.0219
645000 501.626 -10582.9 9.07015
646000 496.985 -10674.1 0.484628
647000 499.212 -10686.8 1.42633
648000 496.81 -10707.3 3.3668
649000 501.511 -10653 -1.12131
650000 500.939 -10599.2 2.03477
651000 500.492 -10691.6 8.89008
652000 501.245 -10640.9 -14.1953
653000 499.836 -10645 5.97025
654000 501.231 -10573.5 14.4219
655000 502.263 -10633.7 -5.89826
656000 502.281 -10706.3 5.92859
657000 497.706 -10715.1 -0.300925
658000 496.84 -10769.8 2.92053
659000 498.147 -10676.3 4.36804
660000 498.233 -10744.9 -1.10016
661000 502.181 -10697.2 12.292
662000 498.77 -10681.5 11.2882
663000 499.988 -10747.5 0.329212
664000 499.233 -10738.3 5.50121
665000 498.741 -10692.6 7.95327
666000 501.574 -10739.6 0.509602
667000 498.827 -10835.5 -0.29409
668000 500.822 -10659.1 -3.84228
669000 498.431 -10711.5 7.10443
670000 500.58 -10724.8 -7.52546
671000 501.754 -10595 -0.645506
672000 497.7 -10668.7 1.40699
673000 501.197 -10572.2 -0.618444
674000 499.283 -10595.5 4.01098
675000 498.134 -10654.3 -1.11248
676000 501.643 -10648.5 -5.01652
677000 500.203 -10581.2 -1.59441
678000 501.181 -10622.9 -6.17639
679000 502.141 -10643.8 2.58264
680000 500.807 -10636.7 -1.61357
681000 500.319 -10656.7 3.26015
682000 497.918 -10665.3 7.17074
683000 499.347 -10667.9 -11.9946
684000 499.312 -10735.3 4.39564
685000 499.313 -10724.4 6.11609
686000 500.669 -10676.5 9.97513
687000 501.168 -10520 -8.6329
688000 499.991 -10559.8 10.1481
689000 502.071 -10554.8 1.26202
690000 497.656 -10727.5 8.96968
691000 501.408 -10604.6 -10.8138
692000 497.029 -10758.9 -4.69975
693000 501.436 -10717.2 -20.1533
694000 501.322 -10634.9 1.64324
695000 496.681 -10681.8 -1.37751
696000 499.923 -10540.9 9.16918
697000 496.946 -10637.6 5.43858
698000 500.205 -10652.9 0.60148
699000 500.232 -10573.5 -2.2866
700000 500.452 -10595.2 14.727
701000 501.596 -10570.9 12.9014
702000 498.283 -10623.1 -9.34622
703000 501.403 -10567.7 8.54777
704000 502.04 -10551.3 -15.5512
705000 501.302 -10526 2.46513
706000 496.496 -10663.8 -4.47698
707000 501.616 -10631.2 -3.51442
708000 500.853 -10763.9 -16.7105
709000 500.617 -10770.7 14.8875
710000 497.425 -10814.3 -4.97675
711000 498.618 -10797.9 8.89559
712000 500.514 -10672.8 -3.93395
713000 499.845 -10744 6.35424
714000 496.256 -10844.7 0.867212
715000 502.42 -10669.8 -6.56979
716000 499.163 -10682.4 16.0104
717000 500.435 -10669.3 -15.4168
718000 501.207 -10710.4 -3.21301
719000 499.406 -10731.5 9.06752
720000 501.718 -10745.1 -0.759838
721000 500.233 -10770.2 4.93727
722000 500.465 -10578.8 2.94821
723000 500.391 -10564.8 4.05722
724000 503.163 -10620.2 -2.58698
725000 501.286 -10565.4 6.02743
726000 501.424 -10618 3.43377
727000 499.765 -10729.1 -1.7788
728000 499.615 -10670.1 14.6846
729000 500.251 -10564.8 -4.30012
730000 500.778 -10504.3 -12.8144
731000 504.307 -10628.7 19.6527
732000 498.951 -10810.7 4.92867
733000 501.299 -10667.1 -3.65952
734000 496.941 -10771.4 0.423746
735000 497.845 -10734.8 13.1235
736000 498.869 -10813.8 1.95693
737000 498.338 -10730.4 17.9421
738000 504.537 -10557.8 -6.63455
739000 499.242 -10654 9.90395
740000 498.185 -10651.2 4.27996
741000 500.009 -10598.9 -11.7471
742000 500.126 -10570.6 10.1538
743000 501.153 -10633 -1.83104
744000 497.993 -10639.3 7.9006
745000 501.455 -10660.1 -1.25537
746000 499.387 -10655.1 -18.5231
747000 499.949 -10733.5 11.8673
748000 498.32 -10748 10.3808
749000 501.275 -10668.9 -10.4107
750000 503.259 -10640 2.19662
751000 500.9 -10532.2 -14.5908
752000 502.594 -10574.7 -1.57013
753000 503.065 -10572.1 7.81549
754000 500.535 -10609.8 11.3165
755000 499.956 -10764.6 1.05341
756000 499.311 -10758.7 17.5404
757000 500.412 -10638.7 -7.63139
758000 502.159 -10599 6.33377
759000 500.744 -10728.2 11.7033
760000 501.788 -10577.8 -3.21483
761000 499.483 -10731.3 8.49577
762000 501.399 -10752.1 3.60715
763000 500.495 -10801.7 -9.60091
764000 500.322 -10718.1 6.89685
765000 498.555 -10712.6 -18.6019
766000 502.559 -10614.2 6.55471
767000 501.241 -10665.6 -9.48584
768000 501.767 -10590.2 5.47415
769000 500.589 -10662.2 -8.29519
770000 500.236 -10704.1 6.7851
771000 498.305 -10707.9 -6.87545
772000 500.186 -10738.7 -6.53686
773000 502.55 -10609.1 0.518159
774000 499.974 -10588.1 9.29581
775000 499.736 -10778.1 -12.096
776000 501.226 -10606.1 7.47349
777000 503.656 -10588.7 7.37044
778000 500.118 -10640.2 5.27651
779000 496.147 -10740.9 8.46581
780000 499.005 -10709.8 -2.95473
781000 498.023 -10780.5 3.78296
782000 499.926 -10798 0.0898209
783000 500.835 -10701.1 5.95446
784000 500.329 -10693.9 -8.60298
785000 501.524 -10679 17.4419
786000 500.741 -10675.1 13.5947
787000 501.19 -10667.8 -2.81932
788000 500.447 -10727.9 -17.4205
789000 499.88 -10652 -7.37893
790000 499.1 -10713.7 1.98445
791000 499.29 -10607.6 8.38372
792000 501.861 -10557.8 -1.52911
793000 501.63 -10714.2 15.1514
794000 502.211 -10616.5 10.6591
795000 499.927 -10784.8 -6.34197
796000 499.047 -10759 -2.20028
797000 501.132 -10679.4 3.25643
798000 499.99 -10626.3 8.55071
799000 499.035 -10650 16.9242
800000 501.633 -10600.8 -6.78817
801000 498.748 -10605 -5.21084
802000 501.34 -10566.1 8.2614
803000 499.091 -10640.1 -8.69279
804000 498.914 -10607.1 4.85909
805000 501.319 -10616.2 -0.437169
806000 499.618 -10629.8 -4.95029
807000 497.208 -10685.6 -8.94023
808000 499.792 -10643.7 -0.154802
809000 500.638 -10656.2 3.06963
810000 498.195 -10707 8.23032
811000 501.159 -10657.8 1.61858
812000 499 -10690 2.20467
813000 501.59 -10582.1 -6.87973
814000 496.892 -10713.6 -3.53381
815000 502.484 -10655 9.3164
816000 499.604 -10584 -18.3051
817000 501.101 -10571.1 5.47243
818000 501.946 -10617 6.64639
819000 499.623 -10585.9 -10.774
820000 500.651 -10713.4 -4.31068
821000 499.17 -10682.9 23.1773
822000 499.03 -10682.5 -19.3644
823000 501.025 -10598 -7.17414
824000 501.063 -10532.3 -1.69067
825000 497.39 -10697.7 -2.90665
826000 497.971 -10743.5 14.2126
827000 500.105 -10689.6 -4.9734
828000 500.836 -10693.8 1.77029
829000 502.704 -10618.9 -1.25955
830000 499.355 -10657.3 6.82327
831000 500.16 -10640.4 -0.45937
832000 497.614 -10667.4 -2.90915
833000 500.839 -10480 -5.44626
834000 497.08 -10540.5 -0.640419
835000 503.42 -10619.4 2.25414
836000 500.439 -10641.2 3.29656
837000 499.762 -10645.4 4.7926
838000 500.557 -10649 4.9552
839000 500.096 -10567.3 -1.44421
840000 501.625 -10645.4 -1.93916
841000 501.992 -10624.7 2.42278
842000 499.295 -10646.5 4.77754
843000 499.204 -10612.9 3.71395
844000 503.601 -10563.5 16.9815
845000 500.297 -10662.7 7.94457
846000 498.492 -10537.5 -3.31867
847000 498.106 -10699 13.1907
848000 501.575 -10685.9 -12.2168
849000 503.611 -10613.6 13.7206
850000 500.037 -10621 0.591623
851000 499.399 -10589.1 -3.18657
852000 500.143 -10638.2 -0.303583
853000 496.922 -10676.4 15.4354
854000 501.917 -10574.2 13.6158
855000 501.014 -10651.4 -11.4219
856000 501.914 -10697.9 14.1529
857000 496.771 -10760.5 -1.89645
858000 497.63 -10796 8.65248
859000 498.9 -10778.5 11.7113
860000 502.672 -10584.1 2.0646
861000 497.598 -10614.1 6.30555
862000 500.824 -10582.2 2.06141
863000 500.805 -10675.7 -2.13502
864000 500.932 -10672.6 -15.5222
865000 498.456 -10653.8 -19.4441
866000 498.058 -10713.7 8.92558
867000 501.836 -10547.8 2.25121
868000 501.116 -10614.9 1.14854
869000 500.844 -10488.9 -6.62012
870000 501.243 -10614.3 -5.10786
871000 499.975 -10646.8 12.4737
872000 501.236 -10671.9 -2.47066
873000 499.688 -10556.6 -6.50377
874000 500.022 -10591.1 -4.36024
875000 498.572 -10638.7 11.0437
876000 498.247 -10697.4 -9.26858
877000 500.107 -10615 -1.29939
878000 501.423 -10590.9 -1.02608
879000 500.435 -10578.7 18.464
880000 498.013 -10686.1 -6.5965
881000 497.245 -10734.8 -11.0764
882000 501.642 -10686.4 2.8088
883000 497.978 -10689.9 -7.75383
884000 500.938 -10689.3 -2.32783
885000 499.61 -10710.4 2.16336
886000 500.793 -10741 -2.23354
887000 499.554 -10798.7 6.85647
888000 500.148 -10708.5 -14.0131
889000 499.752 -10734.2 -3.37168
890000 500.405 -10674 15.5818
891000 496.485 -10715.5 -3.10233
892000 502.022 -10667.7 -1.20168
893000 502.377 -10635.9 7.69611
894000 499.339 -10646 5.05542
895000 497.66 -10696.3 13.6014
896000 497.644 -10742.7 5.9988
897000 501.093 -10746.7 -8.42892
898000 497.25 -10647.7 -3.4525
899000 502.379 -10544.9 15.4766
900000 501.019 -10608.6 -0.0582274
901000 501.331 -10663.5 0.623931
902000 498.837 -10617.9 -7.11427
903000 500.645 -10644 0.838076
904000 496.569 -10683.3 -3.81838
905000 499.528 -10475.1 13.8214
906000 501.413 -10438.8 12.9108
907000 498.664 -10744.8 -12.3595
908000 498.8 -10764.4 15.5288
909000 500.076 -10795.2 -0.311637
910000 501.473 -10574.8 0.522246
911000 499.325 -10725.4 -4.71863
912000 498.806 -10699 6.27582
913000 501.525 -10649.2 -2.58435
914000 499.974 -10615.6 9.21127
915000 498.695 -10743.8 -2.81181
916000 498.338 -10728 9.1001
917000 502.374 -10609.8 7.18278
918000 499.084 -10611.6 4.71403
919000 498.404 -10731.9 9.67419
920000 498.177 -10655.9 5.95493
921000 499.797 -10644.7 -11.3939
922000 499.697 -10539.9 9.71732
923000 500.404 -10594.1 12.8229
924000 501.372 -10685.2 -10.8976
925000 501.072 -10643.8 0.233152
926000 499.974 -10678.8 5.27748
927000 502.499 -10697.8 13.3102
928000 500.232 -10657.8 -7.20561
929000 500.772 -10662.1 3.26576
930000 500.889 -10552.9 0.396112
931000 498.501 -10520.5 -9.96824
932000 499.267 -10608.7 6.38849
933000 499.449 -10713.8 4.73166
934000 497.208 -10621.9 5.34333
935000 503.766 -10588.1 -2.05683
936000 500.426 -10531.1 -4.41989
937000 497.025 -10785.5 28.5975
938000 498.853 -10756.5 1.84888
939000 498.253 -10726.6 -0.206418
940000 499.339 -10734.4 0.505711
941000 502.02 -10620 12.7079
942000 499.252 -10694.4 -4.32533
943000 498.459 -10666.6 8.83012
944000 499.337 -10650.9 1.24627
945000 503.026 -10605.6 -6.62927
946000 500.897 -10608.2 13.0893
947000 501.226 -10591.3 1.038
948000 498.394 -10641.7 6.35526
949000 501.779 -10671.4 8.03006
950000 502.031 -10656.6 2.9515
951000 500.76 -10706.4 3.07077
952000 501.584 -10613.5 -8.88857
953000 498.053 -10688.9 7.93673
954000 499.447 -10624.1 10.7061
955000 498.018 -10621.9 11.6417
956000 496.98 -10697 -1.9457
957000 500.787 -10650.7 -2.44126
958000 500.27 -10738.5 14.9148
959000 497.209 -10637.4 -10.5762
960000 499.234 -10601.4 5.36786
961000 499.893 -10739.3 11.2922
962000 501.447 -10506.5 13.7757
963000 503.539 -10590 -7.30859
964000 500.358 -10613.2 -3.56299
965000 498.995 -10701.7 12.6075
966000 504.165 -10689.1 5.93119
967000 498.113 -10774 6.77957
968000 501.507 -10662.2 -1.08542
969000 502.002 -10690.3 12.0487
970000 500.141 -10688 -2.81539
971000 498.472 -10700.2 8.80259
972000 500.283 -10751 -4.74923
973000 499.631 -10722.3 3.89698
974000 497.814 -10791.3 11.153
975000 499.317 -10798 4.36313
976000 501.819 -10618.9 5.05448
977000 499.928 -10643.1 8.91726
978000 496.317 -10706.5 7.09569
979000 502.212 -10621 -7.18816
980000 498.658 -10623.8 5.1461
981000 501.405 -10649.7 0.420532
982000 501.345 -10750.4 7.09972
983000 499.921 -10687.9 10.7373
984000 499.627 -10654.8 3.35737
985000 501.44 -10580.7 -15.2884
986000 502.433 -10553.2 10.7005
987000 500.351 -10621.2 11.1553
988000 501.433 -10703 15.6527
989000 501.578 -10694.7 2.16153
990000 497.01 -10778.2 -7.05656
991000 500.443 -10726.1 14.5244
992000 498.666 -10702.7 7.76406
993000 500.851 -10693.2 -2.54271
994000 496.171 -10742.1 0.734404
995000 500.456 -10635.3 -3.00239
996000 498.929 -10722.4 -8.1981
997000 500.055 -10624.7 21.5737
998000 498.104 -10761.1 -10.6626
999000 500.318 -10671.3 9.95357
1000000 501.234 -10627.3 4.9978
1001000 500.118 -10635.9 -5.83929
1002000 501.682 -10634.1 6.80037
1003000 499.314 -10611.2 -14.3349
1004000 501.751 -10535.1 -10.6825
1005000 499.035 -10626.3 8.96578
1006000 501.598 -10658.1 -7.07653
1007000 497.675 -10725.3 -7.89411
1008000 497.9 -10620.6 -0.542144
1009000 501.863 -10635.8 15.8615
1010000 498.504 -10621 -16.4876
1011000 502.234 -10525.2 8.9515
1012000 500.688 -10596.8 0.312902
1013000 499.548 -10673.5 -5.13407
1014000 501.613 -10563.3 26.5843
1015000 501.438 -10613.9 -17.778
1016000 496.838 -10559.5 0.931312
1017000 502.373 -10576.6 0.610051
1018000 500.693 -10664.1 -16.0813
1019000 503.208 -10547.3 -2.20656
1020000 499.169 -10636.7 5.84039
1021000 501.448 -10579.6 2.0054
1022000 498.031 -10713.2 2.82329
1023000 498.052 -10746.2 -2.23553
1024000 501.599 -10554.6 16.07
1025000 497.621 -10640.7 4.1611
1026000 499.708 -10629.3 -6.32586
1027000 501.347 -10542.6 0.556212
1028000 503.28 -10597.8 -14.7445
1029000 499.909 -10724.7 8.98179
1030000 499.765 -10699 4.77697
1031000 499.127 -10696.9 -8.99048
1032000 501.251 -10672.2 -7.92126
1033000 499.144 -10677.7 1.95187
1034000 499.804 -10664 -2.02381
1035000 500.13 -10633.2 -1.08749
1036000 499.673 -10569.9 9.69929
1037000 500.59 -10683 10.1245
1038000 502.286 -10698.2 1.76381
1039000 498.203 -10743.6 9.60565
1040000 500.135 -10725.3 9.6218
1041000 497.521 -10753.9 14.1874
1042000 504.999 -10721.5 -11.6859
1043000 500.257 -10709 2.99886
1044000 499.514 -10696.5 10.5552
1045000 500.792 -10626.7 12.6384
1046000 497.741 -10669 2.01402
1047000 497.763 -10739.9 6.62883
1048000 499.356 -10691.2 5.20333
1049000 499.412 -10626.5 -2.46004
1050000 497.055 -10672.3 -12.7836
1051000 500.499 -10640.4 -4.99315
1052000 499.628 -10666.4 -4.36208
1053000 502.421 -10760 0.105589
1054000 504.467 -10603.7 -10.497
1055000 500.401 -10775.3 5.41584
1056000 498.349 -10787.3 3.93472
1057000 500.27 -10658.5 -5.07962
1058000 498.528 -10615.8 -4.19527
1059000 500.362 -10730 6.18607
1060000 498.12 -10692.6 -10.6158
1061000 497.86 -10822.2 10.839
1062000 498.859 -10657.1 0.634543
1063000 500.145 -10650.7 4.66993
1064000 497.775 -10610.2 6.26737
1065000 501.691 -10516.9 -10.778
1066000 497.668 -10688.6 -0.150135
1067000 501.221 -10576.5 1.28841
1068000 503.075 -10520.7 -7.25801
1069000 500.987 -10640.9 -7.87473
1070000 498.659 -10678.6 2.30982
1071000 499.466 -10641.2 -0.0456165
1072000 499.45 -10643.8 2.33712
1073000 501.55 -10548.5 -3.2986
1074000 499.652 -10652.3 5.31271
1075000 499.339 -10693.8 -3.853
1076000 501.243 -10679.4 1.98136
1077000 502.733 -10726.9 9.88745
1078000 499.423 -10729.3 7.28038
1079000 499.536 -10766.2 1.6144
1080000 500.621 -10751.8 2.06752
1081000 499.696 -10731.2 -14.4663
1082000 501.102 -10768.3 2.18073
1083000 499.035 -10774.8 -19.6552
1084000 500.03 -10742.5 11.3228
1085000 495.587 -10769.7 3.65157
1086000 499.595 -10578.1 -6.01941
1087000 499.612 -10641.9 -13.1837
1088000 500.07 -10609.9 25.8682
1089000 499.287 -10632.3 3.82667
1090000 499.258 -10587.8 -5.78127
1091000 501.19 -10529.2 6.08505
1092000 499.034 -10505.2 2.49723
1093000 498.81 -10587.4 -5.62332
1094000 500.942 -10635.9 -4.27786
1095000 501.408 -10616 -9.37911
1096000 499.324 -10517 1.73261
1097000 500.099 -10672.6 -6.34914
1098000 497.246 -10661.4 -0.27927
1099000 500.025 -10681.9 -3.83122
1100000 498.862 -10725.6 -11.8482
1101000 499.641 -10677.6 1.50081
1102000 503.193 -10477.6 -5.1843
1103000 498.124 -10531.7 -0.0183149
1104000 502.224 -10477.1 9.39372
1105000 497.421 -10658.9 11.6315
1106000 499.132 -10699.6 8.52373
1107000 500.204 -10755.1 7.71955
1108000 499.848 -10575.9 -4.91177
1109000 500.394 -10676.9 -5.35472
1110000 501.413 -10577 2.31153
1111000 499.621 -10664.4 2.58775
1112000 500.977 -10605.2 18.2765
1113000 499.884 -10704.7 -3.66812
1114000 498.418 -10593.6 12.0633
1115000 500.786 -10691.4 -5.70681
1116000 498.75 -10814.7 5.94213
1117000 500.492 -10756 13.5636
1118000 502.875 -10654.6 -3.28466
1119000 500.905 -10668.9 0.135083
1120000 502.915 -10628.9 3.40593
1121000 498.299 -10702.1 10.4959
1122000 498.651 -10680.7 -6.77078
1123000 500.854 -10614.1 -11.6348
1124000 499.737 -10610.3 9.80762
1125000 501.86 -10535.5 -0.543152
1126000 499.994 -10662.3 -9.27549
1127000 501.608 -10598 8.58187
1128000 501.141 -10744.4 1.17912
1129000 500.095 -10797.6 7.8613
1130000 500.193 -10672.7 -10.4045
1131000 499.119 -10729.6 9.36904
1132000 501.751 -10561 2.61506
1133000 499.6 -10530.4 -19.5819
1134000 500.686 -10626.7 18.3373
1135000 497.715 -10595 14.7039
1136000 500.596 -10541.5 1.10469
1137000 498.751 -10653.6 7.89916
1138000 499.744 -10582.9 8.59461
1139000 500.132 -10644.6 -4.6308
1140000 500.905 -10637.3 20.2662
1141000 499.067 -10750.8 7.02284
1142000 501.238 -10653.2 2.91519
1143000 498.989 -10611.3 4.34919
1144000 501.741 -10631.3 8.9955
1145000 498.639 -10884.1 9.47763
1146000 500.908 -10649.2 -1.03534
1147000 500.539 -10564.7 1.5411
1148000 499.162 -10716.4 -3.26908
1149000 498.802 -10671.1 15.326
1150000 499.041 -10650.9 2.77294
1151000 497.03 -10688.4 11.2855
1152000 498.211 -10626 -13.2346
1153000 500.321 -10629.2 12.7496
1154000 499.902 -10677.3 -6.62576
1155000 502.47 -10473.8 -6.39337
1156000 501.483 -10548.6 9.34989
1157000 501.505 -10616 -3.36238
1158000 499.739 -10532.7 3.9555
1159000 503.519 -10508 -0.984611
1160000 497.943 -10694.9 7.95559
1161000 501.581 -10578.9 1.02514
1162000 502.202 -10558 17.095
1163000 504.599 -10522.2 -2.51295
1164000 500.916 -10681.2 -9.17511
1165000 502.692 -10615.9 5.71564
1166000 499.456 -10657.7 10.6632
1167000 497.628 -10605.2 9.83358
1168000 497.494 -10667.3 1.30414
1169000 501.564 -10629.7 -16.1563
1170000 499.235 -10778.7 10.2509
1171000 499.582 -10660 2.98912
1172000 502.627 -10683.4 6.30855
1173000 498.813 -10681.1 2.77866
1174000 496.498 -10737 0.809751
1175000 503.22 -10691 -4.42046
1176000 498.359 -10727.3 -10.7859
1177000 499.147 -10719.1 0.569604
1178000 502.123 -10639.4 9.62448
1179000 499.229 -10598.8 -2.20849
1180000 500.722 -10600.8 5.12679
1181000 500.519 -10642.1 -7.28106
1182000 499.367 -10650 5.75847
1183000 500.852 -10595.9 19.6041
1184000 501.285 -10561.9 5.88837
1185000 498.902 -10683.2 -5.40108
1186000 498.956 -10645 9.50491
1187000 499.962 -10597.4 -18.2379
1188000 500.014 -10644.4 -7.83206
1189000 501.36 -10618.8 -10.35
1190000 501.626 -10593.4 10.0115
1191000 497.533 -10642.6 -4.98856
1192000 501 -10526.4 7.45122
1193000 499.962 -10667 -16.3967
1194000 503.477 -10742.5 23.1411
1195000 498.574 -10745.7 3.58396
1196000 498.197 -10672.4 -4.81757
1197000 500.125 -10635.2 -19.0532
1198000 499.323 -10646.7 7.88915
1199000 497.776 -10684.9 -10.6977
1200000 498.964 -10775.4 -3.35125
1201000 498.366 -10775.5 4.77896
1202000 500.563 -10710.2 15.5974
1203000 500.567 -10614 -6.39257
1204000 499.479 -10742.8 -9.82519
1205000 500.165 -10621.7 15.6318
1206000 503.667 -10633.8 -13.8921
1207000 502.906 -10525.9 5.38084
1208000 500.477 -10613.5 -5.8719
1209000 501.108 -10711.6 9.64044
1210000 500.416 -10707 0.902697
1211000 500.067 -10537.3 12.8977
1212000 503.078 -10515.2 -12.3202
1213000 500.956 -10669.3 1.49311
1214000 501.948 -10631.2 4.23834
1215000 499.254 -10609.5 -1.92213
1216000 499.971 -10638.7 18.531
1217000 499.742 -10505.5 8.73267
1218000 502.136 -10563 5.31424
1219000 500.412 -10645.1 8.72798
1220000 500.431 -10758 -9.99474
1221000 496.002 -10838.4 7.75285
1222000 502.59 -10640.9 -0.00897625
1223000 499.616 -10649.1 2.14469
1224000 502.977 -10622.6 16.7376
1225000 499.706 -10539.2 8.86637
1226000 499.628 -10632.5 -2.4196
1227000 500.075 -10588.2 -4.46887
1228000 497.171 -10580.1 6.45151
1229000 499.493 -10703 0.670688
1230000 498.305 -10738.3 8.55
1231000 498.226 -10680.7 -1.70709
1232000 500.479 -10571 -12.9364
1233000 498.988 -10617.6 21.358
1234000 499.904 -10600 -7.44188
1235000 501.36 -10715.9 -6.1452
1236000 498.127 -10711.9 -3.4365
1237000 499.499 -10541.7 12.7628
1238000 501.121 -10526.7 -2.95909
1239000 497.843 -10675.7 -5.58409
1240000 500.207 -10503.5 -0.130909
1241000 500.004 -10573.8 3.15482
1242000 501.743 -10559.1 2.29267
1243000 498.11 -10694.1 -1.49337
1244000 496.097 -10710.8 8.11034
1245000 499.733 -10728.4 3.36413
1246000 497.161 -10760 1.77313
1247000 496.614 -10745.3 1.80943
1248000 499.203 -10675.8 1.78285
1249000 503.041 -10635.6 -4.34488
1250000 501.385 -10677.7 16.3163
1251000 498.637 -10688.4 -7.30704
1252000 499.034 -10567.9 2.83532
1253000 499.117 -10656.5 5.39752
1254000 498.04 -10791.3 12.3682
1255000 502.702 -10712 -9.55426
1256000 499.688 -10622.2 6.29384
1257000 499.599 -10656.7 -3.04242
1258000 501.844 -10487.3 0.196934
1259000 501.569 -10481.1 -1.43864
1260000 499.205 -10471.2 -3.53849
1261000 500.399 -10637.4 -12.5172
1262000 499.466 -10612.6 -3.11091
1263000 500.341 -10658.6 8.93114
1264000 499.441 -10675.6 9.28725
1265000 500.026 -10663.3 6.50482
1266000 502.865 -10612.6 -12.922
1267000 501.577 -10681.8 19.6922
1268000 502.353 -10638.5 -12.4115
1269000 502.551 -10699.8 5.00141
1270000 497.701 -10743.9 1.06261
1271000 499.588 -10717 9.72979
1272000 498.914 -10775.8 11.2433
1273000 503.047 -10644.6 1.08544
1274000 501.508 -10606 20.4319
1275000 501.175 -10563.1 -13.3546
1276000 500.037 -10710.5 2.04318
1277000 497.586 -10779.7 -4.46844
1278000 503.245 -10558 3.19424
1279000 497.685 -10729.2 11.9124
1280000 498.673 -10723.2 4.33558
1281000 502.142 -10621.3 2.85194
1282000 501.521 -10627.1 -1.94255
1283000 499.549 -10688.2 -8.49201
1284000 501.582 -10551.6 12.9685
1285000 500.398 -10595.7 -4.42201
1286000 498.626 -10513.9 -6.8104
1287000 500.2 -10766.8 10.1249
1288000 499.228 -10708 0.249084
1289000 498.893 -10736.4 17.4471
1290000 501.581 -10688 -2.96124
1291000 498.064 -10606.5 -1.98136
1292000 497.321 -10675.9 10.7388
1293000 499.445 -10599.9 2.1101
1294000 498.274 -10587.1 -12.7568
1295000 497.965 -10790.8 24.2139
1296000 497.976 -10849.8 -6.6371
1297000 498.687 -10661.9 7.14416
1298000 500.542 -10739.6 14.4526
1299000 500.219 -10712 -6.40321
1300000 499.684 -10698.3 -6.7787
1301000 497.168 -10708.1 1.03143
1302000 498.154 -10706.3 15.8138
1303000 500.517 -10667.8 -2.93976
1304000 500.696 -10668 5.14093
1305000 501.904 -10621.6 2.50547
1306000 498.982 -10783 1.45211
1307000 503.143 -10727.4 11.8558
1308000 500.827 -10742.8 -17.3315
1309000 497.14 -10762.8 6.91609
1310000 499.03 -10634.9 3.74526
1311000 499.782 -10562 7.30392
1312000 502.624 -10628.8 4.72493
1313000 502.172 -10725.3 11.0057
1314000 498.937 -10707.7 0.53544
1315000 499.273 -10697.3 6.56237
1316000 502.41 -10640 -2.93339
1317000 495.981 -10759.5 0.883961
1318000 500.123 -10691.1 0.311494
1319000 500.127 -10656.2 9.00558
1320000 498.987 -10671 -8.42118
1321000 500.079 -10670.5 19.4371
1322000 497.252 -10611.5 9.97584
1323000 500.82 -10527.8 1.92082
1324000 500.341 -10712.8 -5.52753
1325000 500.67 -10681 15.453
1326000 497.45 -10754 -4.06958
1327000 500.059 -10614.5 9.44363
1328000 501.214 -10632.9 -8.2237
1329000 495.714 -10662.2 -5.44882
1330000 500.464 -10637.9 3.90632
1331000 498.994 -10743.2 -0.161176
1332000 502.871 -10761.1 -1.26991
1333000 501.547 -10719.8 12.7522
1334000 501.597 -10543.7 0.730396
1335000 500.974 -10501.3 -3.00205
1336000 502.139 -10619.3 -1.11994
1337000 498.005 -10755.7 1.31212
1338000 500.831 -10610.4 -5.48556
1339000 499.008 -10758 4.16884
1340000 502.289 -10721.1 4.76377
1341000 498.955 -10739.1 -0.00128952
1342000 498.131 -10691.1 -0.585463
1343000 502.499 -10577.9 -8.51746
1344000 501.778 -10625.6 -5.92631
1345000 499 -10711.8 5.15207
1346000 497.312 -10788.6 -19.5183
1347000 500.921 -10681.4 21.4586
1348000 500.215 -10586.3 -14.0334
1349000 500.425 -10550.7 0.696009
1350000 501.136 -10559.6 2.93922
1351000 502.742 -10567.3 -2.95093
1352000 497.336 -10665 2.24636
1353000 498.09 -10636.9 -2.07431
1354000 499.262 -10677.7 7.88027
1355000 501.675 -10655.1 3.57513
1356000 501.547 -10685.5 6.73873
1357000 499.848 -10741.8 0.656229
1358000 500.193 -10695.6 3.2164
1359000 503.1 -10558.5 7.8973
1360000 497.436 -10648.5 -1.66768
1361000 498.909 -10625.6 9.62839
1362000 501.678 -10430.3 -6.95155
1363000 502.91 -10390.5 1.15968
1364000 500.378 -10575.5 4.75774
1365000 498.857 -10678.4 3.44054
1366000 499.356 -10585.7 18.8188
1367000 500.837 -10627.6 1.9488
1368000 497.677 -10771.1 6.48199
1369000 499.198 -10779.8 -7.61529
1370000 501.327 -10657.9 -8.67814
1371000 502.593 -10630.6 -4.6298
1372000 498.358 -10750.8 5.43514
1373000 503.855 -10598.1 -3.63235
1374000 501.395 -10677.2 -1.4423
1375000 499.322 -10648.9 6.76581
1376000 505.248 -10523.2 -0.46867
1377000 499.424 -10701.3 11.0951
1378000 501.799 -10627.5 10.2385
1379000 497.449 -10741.2 -1.14462
1380000 501.569 -10610.8 -6.04016
1381000 498.403 -10577.1 2.03066
1382000 500.187 -10513.3 2.54336
1383000 499.857 -10677.4 -15.5669
1384000 499.553 -10549.6 17.3212
1385000 498.076 -10685.5 5.06949
1386000 498.559 -10703.7 -8.62809
1387000 500.113 -10742 -8.85065
1388000 502.02 -10701.6 7.96003
1389000 501.055 -10625.9 -15.4477
1390000 497.706 -10633.7 8.84006
1391000 498.452 -10670.9 8.30134
1392000 500.451 -10689.2 5.17137
1393000 499.392 -10640.6 4.358
1394000 501.459 -10639.4 -1.4941
1395000 498.901 -10572.4 10.3175
1396000 500.347 -10699.1 9.35799
1397000 501.001 -10698 -15.4767
1398000 498.418 -10717.5 -0.541262
1399000 501.711 -10706 -1.2815
1400000 501.251 -10699.9 14.0177
1401000 497.656 -10780 8.1891
1402000 496.933 -10687.8 -2.07298
1403000 502.638 -10565 -2.66552
1404000 500.915 -10503.4 3.56103
1405000 498.796 -10516.9 14.8073
1406000 499.19 -10556.4 -5.68494
1407000 502.171 -10580.5 -8.13084
1408000 499.826 -10712.3 5.49169
1409000 500.403 -10630 -9.10613
1410000 500.56 -10653 5.34439
1411000 497.686 -10594.9 -8.14007
1412000 502.804 -10566.7 11.3159
1413000 500.291 -10614.8 -2.99755
1414000 497.738 -10853.4 -1.41634
1415000 500.193 -10711.2 -3.31387
1416000 501.648 -10665.3 1.88208
1417000 498.246 -10736.1 -0.326851
1418000 500.167 -10654.2 11.0016
1419000 500.778 -10546.7 -11.4244
1420000 498.046 -10671.3 8.15892
1421000 498.989 -10697.8 7.46725
1422000 500.964 -10666.4 0.802904
1423000 498.903 -10653.7 7.44766
1424000 499.892 -10669.6 6.39842
1425000 498.795 -10591.5 -0.58765
1426000 499.138 -10610.7 -3.52576
1427000 500.216 -10594.2 4.24194
1428000 500.41 -10726.6 2.95646
1429000 498.18 -10735.3 -5.07265
1430000 499.881 -10735.4 13.4156
1431000 498.461 -10714.4 5.56789
1432000 500.886 -10663 -3.30631
1433000 501.239 -10550.9 0.950614
1434000 499.983 -10536.5 8.48321
1435000 498.629 -10733.8 9.87663
1436000 498.599 -10668.9 -11.4535
1437000 501.581 -10681.9 9.09942
1438000 499.994 -10579.5 1.41286
1439000 500.573 -10649.6 -0.812036
1440000 500.186 -10671.7 2.03411
1441000 501.567 -10554 -9.06672
1442000 498.979 -10582 2.6164
1443000 497.507 -10597.6 -4.16462
1444000 502.371 -10540.7 9.17261
1445000 498.598 -10798 -0.537525
1446000 501.287 -10740 2.01641
1447000 500.137 -10727.3 17.6668
1448000 497.703 -10664.4 -8.42441
1449000 500.383 -10747.1 17.4127
1450000 500.851 -10599.5 -8.77466
1451000 499.065 -10615.7 13.7718
1452000 499.105 -10589.3 -1.31597
1453000 501.637 -10592.5 -2.08899
1454000 500.626 -10488.1 4.5913
1455000 500.749 -10639.4 -0.0352583
1456000 500 -10698.3 7.3164
1457000 499.425 -10758.9 11.7
1458000 497.226 -10864.8 -5.41044
1459000 501.249 -10779.7 11.8667
1460000 497.169 -10785.9 -10.8937
1461000 498.886 -10735.7 -1.48087
1462000 500.012 -10587 7.22448
1463000 499.961 -10699.3 8.89967
1464000 499.431 -10552.7 -7.32035
1465000 500.862 -10582.9 0.269881
1466000 499.068 -10656.9 -5.02602
1467000 501.632 -10592.8 -8.2194
1468000 498.379 -10634.2 19.5221
1469000 500.077 -10621.5 -10.1098
1470000 500.207 -10599.9 8.9397
1471000 500.005 -10540.3 -11.2474
1472000 498.422 -10543.1 -2.57795
1473000 498.554 -10674.5 -4.13154
1474000 501.689 -10477.6 -1.84888
1475000 499.568 -10654.9 3.79919
1476000 496.944 -10676.9 -0.59279
1477000 498.676 -10736.7 3.45856
1478000 499.629 -10655.8 8.01424
1479000 499.283 -10724.5 2.22224
1480000 500.073 -10679.9 -12.6149
1481000 499.808 -10547.6 -3.70374
1482000 500.872 -10598.4 4.86243
1483000 500.565 -10671.2 -0.276355
1484000 501.663 -10651.4 5.16926
1485000 499.85 -10647.2 9.86438
1486000 499.423 -10605.5 -9.73862
1487000 500.692 -10621.5 14.9421
1488000 500.669 -10635.3 -7.13167
1489000 503.481 -10540.9 25.6036
1490000 500.564 -10572.5 -6.33846
1491000 498.255 -10632.6 -1.22555
1492000 502.945 -10574.2 5.95819
1493000 500.941 -10713.5 -20.6896
1494000 501.319 -10628.4 7.30787
1495000 498.396 -10631.4 2.39932
1496000 502.663 -10625.8 13.3384
1497000 501.376 -10780.3 6.97816
1498000 501.573 -10761.8 -10.3735
1499000 498.725 -10753.2 -1.30775
1500000 498.374 -10756.9 5.28225
1501000 499.514 -10692.2 5.01822
1502000 502.604 -10538.9 -8.73318
1503000 499.33 -10638.1 -2.23685
1504000 497.489 -10698.9 0.661694
1505000 501.207 -10714.9 -8.50672
1506000 500.03 -10652.2 11.4764
1507000 502.98 -10598 4.66589
1508000 500.599 -10684.1 -7.31377
1509000 500.713 -10589.8 11.5628
1510000 501.972 -10594.9 -1.11085
1511000 502.638 -10628.9 4.98532
1512000 497.649 -10693.2 8.05381
1513000 500.803 -10664.1 2.10292
1514000 498.277 -10705 -8.62906
1515000 500.101 -10637.6 8.22701
1516000 501.696 -10545.3 -0.346154
1517000 497.919 -10520.4 -10.3744
1518000 500.662 -10588.8 1.23288
1519000 498.437 -10590.3 6.11946
1520000 499.951 -10686.1 8.02257
1521000 501.527 -10664.7 8.14985
1522000 501.129 -10715.7 -4.5728
1523000 496.41 -10725.9 3.59948
1524000 498.052 -10665.9 0.568602
1525000 500.636 -10572.8 -0.397161
1526000 500.579 -10707 -3.60049
1527000 498.985 -10755.3 -0.572172
1528000 499.74 -10596 -6.35502
1529000 501.659 -10664 7.96414
1530000 501.026 -10648.5 11.4608
1531000 499.282 -10637.3 -9.18849
1532000 501.568 -10671 0.701841
1533000 501.64 -10665.6 -8.59031
1534000 502.544 -10504.1 11.9116
1535000 500.322 -10636 0.463869
1536000 497.965 -10670.7 -12.6204
1537000 499.735 -10723.5 -3.48397
1538000 500.592 -10674.7 -3.09485
1539000 499.976 -10694.3 -5.79558
1540000 499.881 -10734.4 12.736
1541000 502.396 -10600.9 -5.48313
1542000 500.871 -10619.6 21.6936
1543000 498.608 -10658 -1.07538
1544000 500.797 -10618.2 15.35
1545000 498.958 -10616.5 -4.93117
1546000 498.773 -10663.3 1.56237
1547000 502.3 -10726.8 6.93731
1548000 498.631 -10603.3 -6.28065
1549000 501.86 -10716.9 -3.66365
1550000 503.003 -10817 14.8403
1551000 501.983 -10677.8 -7.47658
1552000 502.781 -10463.9 -6.27616
1553000 498.051 -10623.2 7.60878
1554000 500.414 -10670 11.2196
1555000 500.356 -10729.3 -11.5031
1556000 500.337 -10639.5 7.4975
1557000 497.54 -10723.8 -5.03649
1558000 499.273 -10767.7 -6.79786
1559000 498.15 -10720.5 2.43309
1560000 500.311 -10620 9.29672
1561000 500.227 -10690.6 2.36957
1562000 505.079 -10529.7 -11.2164
1563000 501.422 -10665.6 6.60822
1564000 502.327 -10802.7 0.473606
1565000 498.543 -10742.4 8.7756
1566000 501.466 -10655.8 2.60836
1567000 501.957 -10614.1 -11.5557
1568000 498.831 -10695.4 3.35694
1569000 502.271 -10554.8 3.73119
1570000 500.329 -10616.9 -5.27364
1571000 501.681 -10637.1 -5.41992
1572000 499.214 -10665.2 -2.86572
1573000 499.673 -10729.8 -1.16055
1574000 501.882 -10646.1 -6.52811
1575000 500.935 -10701.1 3.09223
1576000 498.082 -10708.2 10.3581
1577000 500.185 -10530.8 -7.30406
1578000 498.958 -10767.3 12.0136
1579000 501.457 -10696.8 -16.0176
1580000 501.412 -10562.9 9.8251
1581000 497.5 -10690.4 -4.49308
1582000 500.412 -10557.5 -1.41112
1583000 498.765 -10640.7 7.80844
1584000 501.317 -10624.5 2.62043
1585000 500.734 -10698.9 -17.4398
1586000 498.583 -10758.1 3.43381
1587000 499.441 -10683.4 4.78967
1588000 501.888 -10617.4 0.260042
1589000 499.188 -10664.5 -0.72478
1590000 502.38 -10531.9 6.4287
1591000 502.688 -10608 6.61604
1592000 500.013 -10726.9 5.8068
1593000 502.342 -10608.8 2.52072
1594000 499.642 -10602.1 -21.6447
1595000 500.778 -10386.8 -15.719
1596000 501.81 -10589.4 10.3597
1597000 500.191 -10657 -4.14173
1598000 501.924 -10578.3 -2.3918
1599000 498.323 -10680.5 6.13454
1600000 498.561 -10714.5 -1.44065
1601000 498.309 -10702.1 -0.374054
1602000 497.845 -10734.2 0.600224
1603000 496.977 -10745.7 -1.05378
1604000 500.03 -10756.9 -0.978152
1605000 498.245 -10697.4 -0.200404
1606000 500.561 -10668.9 -1.65729
1607000 501.349 -10582.3 9.23974
1608000 499.257 -10577.9 -11.4577
1609000 498.259 -10615.9 4.31488
1610000 503.527 -10619.1 0.698051
1611000 501.107 -10670.8 5.66811
1612000 496.95 -10771.8 -0.736313
1613000 499.297 -10748.8 8.964
1614000 499.522 -10565.7 -8.51005
1615000 499.847 -10590.1 -0.259997
1616000 501.074 -10697.8 6.37931
1617000 499.74 -10597.4 7.56259
1618000 501.219 -10659.5 -5.29497
1619000 498.618 -10695.4 -13.3459
1620000 498.949 -10721.7 -11.0039
1621000 501.337 -10660.6 -2.00223
1622000 496.836 -10852.9 10.6943
1623000 501.414 -10649.3 9.85292
1624000 500.633 -10595.8 -14.6848
1625000 499.446 -10623.5 4.6506
1626000 502.873 -10615.7 -7.61133
1627000 497.949 -10647.7 5.5151
1628000 498.302 -10674.4 10.5784
1629000 500.503 -10644.9 -6.1094
1630000 498.229 -10576.9 -2.74216
1631000 495.902 -10791 14.6085
1632000 496.912 -10682.1 -4.1642
1633000 499.942 -10722.1 -3.58979
1634000 501.775 -10559.3 3.0781
1635000 497.535 -10662.4 -8.27734
1636000 500.276 -10629 11.5206
1637000 502.377 -10537.1 2.79345
1638000 499.316 -10686.2 -1.85652
1639000 501.56 -10834.4 2.85518
1640000 500.868 -10680.4 11.5828
1641000 496.933 -10772 7.36358
1642000 497.877 -10669.8 6.3258
1643000 499.024 -10773.5 0.574363
1644000 501.233 -10686 4.0171
1645000 498.119 -10800 -1.98876
1646000 501.706 -10644.7 -4.73939
1647000 499.862 -10616.1 -1.21258
1648000 500.515 -10695.6 10.4753
1649000 498.55 -10581.7 -6.4306
1650000 500.942 -10592.1 2.53911
1651000 499.706 -10725.9 2.99766
1652000 496.793 -10713.1 -4.26224
1653000 498.846 -10611.9 2.33763
1654000 500.872 -10674.5 5.05723
1655000 499.541 -10825.1 -11.328
1656000 497.51 -10864.9 1.81688
1657000 503.215 -10781.8 8.87205
1658000 501.999 -10657.1 4.2564
1659000 499.836 -10624.2 -15.8105
1660000 499.931 -10762.4 -4.70791
1661000 496.666 -10744.8 -2.99486
1662000 499.062 -10618.7 1.29224
1663000 501.296 -10584.8 -8.74648
1664000 501.633 -10606.4 -2.79454
1665000 504.073 -10573.6 6.31963
1666000 497.014 -10809.2 -3.48237
1667000 501.603 -10592.5 -4.8989
1668000 500.056 -10581.7 5.86127
1669000 499.457 -10408.8 4.99425
1670000 501.138 -10458.6 -2.26394
1671000 502.153 -10529.6 6.01587
1672000 496.467 -10636.1 -6.21646
1673000 500.404 -10567.1 13.4835
1674000 498.538 -10599.5 5.10262
1675000 500.054 -10650.8 -8.82226
1676000 501.252 -10516.6 11.7283
1677000 498.027 -10621.8 -6.86466
1678000 500.576 -10574.9 -6.55613
1679000 499.354 -10665.7 13.5743
1680000 500.814 -10626.8 -5.73393
1681000 498.185 -10633.3 10.13
1682000 501.792 -10640.6 -7.18877
1683000 500.989 -10684 5.45515
1684000 500.276 -10709.3 -3.37681
1685000 501.154 -10764.8 9.11489
1686000 500.069 -10596.6 -0.98774
1687000 499.497 -10777.4 10.747
1688000 499.433 -10622.2 5.6378
1689000 499.312 -10675.3 2.18713
1690000 498.394 -10738.4 17.0787
1691000 499.843 -10793.5 8.57479
1692000 498.467 -10689.6 -1.88096
1693000 499.075 -10570.7 -1.38848
1694000 500.496 -10732.6 0.632233
1695000 501.03 -10655 13.1017
1696000 498.625 -10589.7 2.21935
1697000 501.713 -10642.9 0.357739
1698000 502.69 -10675.9 -1.48932
1699000 500.829 -10656.8 7.17312
1700000 503.281 -10581.4 -2.72248
1701000 501.138 -10508.8 5.80422
1702000 499.346 -10687.3 -6.17576
1703000 500.082 -10737.1 2.93438
1704000 504.167 -10569.6 4.15967
1705000 500.591 -10643.2 -7.98972
1706000 499.251 -10622.3 -8.48673
1707000 501.733 -10631.9 -2.41851
1708000 499.296 -10662.4 2.92317
1709000 498.209 -10619.8 3.14084
1710000 501.81 -10464.3 -2.70237
1711000 504.039 -10476.3 1.38838
1712000 500.512 -10625.6 -7.53784
1713000 500.481 -10619.1 5.28165
1714000 498.363 -10647.6 7.25599
1715000 499.002 -10603.6 7.18625
1716000 499.705 -10567.2 3.46848
1717000 497.37 -10620 8.41688
1718000 500.922 -10588.1 0.802156
1719000 500.404 -10709.9 6.46567
1720000 500.478 -10730.3 -11.5131
1721000 500.422 -10727.4 5.52337
1722000 499.196 -10705.1 -4.87714
1723000 502.701 -10640.3 1.97544
1724000 501.083 -10755.7 16.0974
1725000 499.66 -10590.8 4.75689
1726000 501.415 -10537.2 -9.33366
1727000 498.594 -10698.5 17.5721
1728000 496.546 -10762.3 2.52586
1729000 500.247 -10694.5 -14.0821
1730000 500.389 -10615.4 9.17765
1731000 499.072 -10650.5 -2.63683
1732000 501.474 -10627.8 1.40786
1733000 500.887 -10673.6 6.10166
1734000 499.403 -10714.9 14.7711
1735000 499.348 -10783.8 -12.7789
1736000 502.467 -10693.4 -7.04314
1737000 502.561 -10697.7 7.31144
1738000 495.473 -10876.1 -0.0911657
1739000 495.993 -10813.1 -7.62245
1740000 500.604 -10723.2 0.391791
1741000 500.75 -10568.5 -6.64043
1742000 501.377 -10541 -2.11725
1743000 497.308 -10632 3.33351
1744000 498.318 -10634 -7.5165
1745000 497.591 -10691.2 23.5728
1746000 499.222 -10629.3 -12.1873
1747000 502.35 -10581 -15.4339
1748000 500.691 -10628.5 -3.97511
1749000 501.027 -10617.6 15.4534
1750000 498.315 -10658.8 -1.64795
1751000 503.092 -10471 3.24583
1752000 495.52 -10764 5.34049
1753000 498.131 -10790.5 12.1196
1754000 501.794 -10699.4 3.59318
1755000 502.583 -10699.2 -2.70841
1756000 501.787 -10553.7 13.5116
1757000 502.033 -10579.4 -10.3806
1758000 496.242 -10729.8 5.68144
1759000 502.138 -10633.3 1.84714
1760000 499.354 -10755.8 10.6822
1761000 499.435 -10782.4 -15.7253
1762000 499.94 -10737.9 14.2388
1763000 500.71 -10764.2 1.76127
1764000 499.524 -10699.1 -3.34843
1765000 500.565 -10676.3 8.25585
1766000 503.213 -10621.2 3.56139
1767000 500.963 -10616.5 -4.3198
1768000 500.181 -10627 -1.73678
1769000 502.649 -10729.7 -3.26288
1770000 499.426 -10632.4 7.02876
1771000 501.899 -10557.9 4.22051
1772000 499.165 -10639.2 3.92043
1773000 501.821 -10611.5 -4.37838
1774000 500.295 -10605.5 0.174441
1775000 497.374 -10642 3.25197
1776000 498.793 -10592.9 8.94493
1777000 501.092 -10604.4 -0.410842
1778000 502.13 -10622.3 -12.1697
1779000 501.044 -10636.9 -6.85946
1780000 500.838 -10710.1 10.3636
1781000 500.005 -10572.5 -5.435
1782000 498.357 -10618.8 13.5002
1783000 501.608 -10508.2 -9.04859
1784000 499.989 -10642.9 8.07402
1785000 497.718 -10699.1 3.58895
1786000 501.612 -10628.1 -10.215
1787000 498.703 -10601.5 -7.14777
1788000 496.84 -10839.4 16.1541
1789000 498.905 -10773.1 2.97132
1790000 501.1 -10645.5 -15.8013
1791000 500.726 -10737 6.316
1792000 500.732 -10699.1 5.41754
1793000 500.32 -10608.9 -3.85789
1794000 502.482 -10576.2 -11.7044
1795000 500.847 -10742.4 8.76745
1796000 498.853 -10727.1 17.3674
1797000 501.852 -10661.7 -12.3296
1798000 502.469 -10619.9 3.21061
1799000 499.118 -10798.6 7.72266
1800000 501.032 -10740.9 -10.8656
1801000 500.62 -10641.8 3.45599
1802000 500.671 -10543.6 -9.21774
1803000 499.718 -10673.1 1.71267
1804000 499.697 -10653.6 7.73372
1805000 500.96 -10720.3 -4.40841
1806000 501.185 -10677 -12.8963
1807000 500.084 -10634 -5.45268
1808000 496.742 -10755.5 -0.207504
1809000 499.033 -10823.7 5.37458
1810000 498.896 -10700.4 7.21999
1811000 499.775 -10664.4 -10.736
1812000 498.797 -10622.4 -8.35964
1813000 499.72 -10758.4 12.3137
1814000 498.271 -10876.9 5.0367
1815000 497.514 -10785.4 -11.434
1816000 502.001 -10526.8 14.283
1817000 500.307 -10598 10.9709
1818000 498.673 -10714.4 0.363617
1819000 500.06 -10649.3 -9.38596
1820000 501.19 -10632.2 19.9223
1821000 503.24 -10539.9 -18.7548
1822000 498.436 -10629.8 10.3584
1823000 499.583 -10700.6 2.53768
1824000 500.417 -10672.4 2.31043
1825000 499.031 -10767.4 -1.26779
1826000 501.888 -10664.6 3.11583
1827000 499.881 -10638 -8.77143
1828000 501.669 -10501.3 5.17824
1829000 500.235 -10491.5 -3.44465
1830000 499.854 -10646.7 -2.08323
1831000 500.625 -10712.1 2.77399
1832000 503.46 -10606.9 0.450604
1833000 501.534 -10644.6 0.352552
1834000 503.996 -10700.4 -14.4999
1835000 501.514 -10635.6 0.558914
1836000 499.063 -10597.9 8.22692
1837000 499.856 -10749.1 -0.519115
1838000 498.263 -10729.6 -2.50669
1839000 496.815 -10836.8 15.3589
1840000 499.679 -10723.3 -14.0796
1841000 500.017 -10533.7 0.918149
1842000 498.989 -10491.8 7.05183
1843000 500.375 -10561.1 -8.86192
1844000 502.216 -10660.3 3.21671
1845000 499.962 -10766.3 5.64603
1846000 499.14 -10697.1 -10.6062
1847000 503.835 -10545.4 -7.56288
1848000 501.622 -10619.2 12.5076
1849000 501.2 -10666.9 12.0199
1850000 500.944 -10678.8 -9.91185
1851000 500.795 -10609.6 4.80153
1852000 497.579 -10706 -0.0527473
1853000 501.06 -10640.2 -7.13897
1854000 501.406 -10712 8.91695
1855000 500.435 -10714.7 -1.38914
1856000 499.965 -10722.6 -7.87922
1857000 498.739 -10789.3 -1.26161
1858000 500.568 -10647.3 14.3923
1859000 499.483 -10641.5 -11.738
1860000 498.947 -10754.9 7.00124
1861000 499.774 -10739.1 6.48928
1862000 500.617 -10624.6 -9.25006
1863000 498.053 -10712 -6.30436
1864000 498.686 -10592.6 -11.4889
1865000 500.373 -10579.2 4.25331
1866000 502.986 -10558.1 3.29912
1867000 497.513 -10718 -19.5809
1868000 499.215 -10676.2 6.14098
1869000 498.793 -10763 -5.87166
1870000 498.545 -10802.8 -10.4033
1871000 498.966 -10659.8 9.43046
1872000 501.106 -10597.4 -7.815
1873000 502.627 -10541.4 -3.90043
1874000 497.468 -10678.7 -1.5742
1875000 497.91 -10647.2 -1.9764
1876000 498.882 -10659.7 9.54806
1877000 501.555 -10607.9 -4.98041
1878000 499.377 -10715.3 0.129505
1879000 500.108 -10662 -2.99446
1880000 499.16 -10688.5 -10.8796
1881000 499.192 -10641.3 4.06638
1882000 501.153 -10615.4 10.1523
1883000 498.703 -10667.8 8.44899
1884000 501.663 -10570.2 -3.1038
1885000 502.229 -10526.6 10.3738
1886000 499.803 -10724.6 1.13309
1887000 500.859 -10643.6 2.05246
1888000 498.299 -10728.7 -2.32296
1889000 500.952 -10639.1 -5.00208
1890000 502.049 -10684.5 10.5337
1891000 502.36 -10583.5 7.01828
1892000 500.346 -10564.9 3.50174
1893000 499.199 -10744.4 -0.684652
1894000 500.201 -10639.6 -0.0334067
1895000 496.922 -10761.8 5.97959
1896000 499.395 -10818.7 14.7139
1897000 499.952 -10655.3 14.0408
1898000 498.577 -10689.3 7.5935
1899000 499.544 -10743.9 7.12978
1900000 498.288 -10796.3 5.68902
1901000 500.66 -10663.5 -0.790746
1902000 503.257 -10689.9 -5.52815
1903000 498.479 -10684.2 4.66257
1904000 501.056 -10609.9 2.52724
1905000 501.225 -10610.6 -1.83544
1906000 501.47 -10618.8 11.9457
1907000 502.449 -10672.3 -3.23018
1908000 499.445 -10624.4 -13.2291
1909000 503.193 -10571.2 22.0324
1910000 499.043 -10721.5 5.06039
1911000 497.815 -10665 4.92146
1912000 501.307 -10657.1 6.49618
1913000 501.311 -10637.9 -5.26749
1914000 498.819 -10734.6 2.14328
1915000 498.886 -10623.9 -9.1823
1916000 502.433 -10713.3 5.84512
1917000 499.543 -10584.9 -4.1399
1918000 498.543 -10584.8 -0.950151
1919000 500.816 -10692.5 0.847794
1920000 500.075 -10645.2 -8.80561
1921000 500.596 -10632.2 7.21245
1922000 498.411 -10554.9 8.94011
1923000 499.145 -10643.5 23.412
1924000 500.385 -10719.9 -4.79493
1925000 498.844 -10763.8 -11.6735
1926000 499.591 -10721.4 -11.8663
1927000 500.098 -10628.5 7.93867
1928000 502.122 -10571.7 0.20357
1929000 502.476 -10687.4 -1.89473
1930000 499.718 -10649.8 6.99512
1931000 502.359 -10688.1 -8.0944
1932000 499.581 -10687.9 0.891214
1933000 499.778 -10594.6 -4.81064
1934000 497.898 -10606.5 -1.93171
1935000 496.719 -10718.5 5.51626
1936000 500.33 -10657.8 2.24352
1937000 500.833 -10573.5 -6.88915
1938000 499.683 -10695.4 27.2563
1939000 498.398 -10657 2.10089
1940000 501.218 -10534.8 -5.56689
1941000 498.295 -10562 -0.930287
1942000 499.128 -10749.9 -11.817
1943000 501.371 -10543.2 3.94915
1944000 499.459 -10525 4.66986
1945000 497.57 -10704.6 1.8982
1946000 500.436 -10569.8 11.5999
1947000 499.883 -10557.8 -3.16132
1948000 497.903 -10610 8.95739
1949000 500.447 -10677 -7.03268
1950000 501.225 -10713.2 13.1598
1951000 501.184 -10614.6 -7.55439
1952000 498.536 -10725.7 -1.38729
1953000 498.422 -10829.6 7.33644
1954000 498.437 -10584.2 -2.85699
1955000 501.343 -10662.7 3.2159
1956000 499.752 -10715.4 -8.26139
1957000 498.183 -10681.3 -0.685907
1958000 501.375 -10729.9 -2.08031
1959000 504.085 -10617.8 -3.60995
1960000 498.764 -10747.6 11.5651
1961000 502.994 -10724.4 -9.36355
1962000 499.599 -10699.1 -8.70853
1963000 499.205 -10666.9 12.2244
1964000 502.413 -10645.1 1.33962
1965000 501.236 -10635 4.04276
1966000 497.306 -10810.2 14.2132
1967000 497.451 -10827 6.66154
1968000 499.428 -10867.3 2.11912
1969000 501.42 -10662.3 -6.55866
1970000 497.822 -10687.4 -7.96268
1971000 497.985 -10810.1 10.2178
1972000 497.618 -10769.2 -12.8743
1973000 500.348 -10544.9 19.1526
1974000 500.856 -10500.7 -9.00159
1975000 500.535 -10650.1 15.6418
1976000 499.116 -10564.8 -3.47811
1977000 499.379 -10658.4 12.7264
1978000 497.991 -10675.5 8.86633
1979000 502.538 -10587.2 0.904622
1980000 500.607 -10650.9 -6.18963
1981000 497.593 -10699.7 -8.78306
1982000 502.147 -10585.8 8.60001
1983000 497.525 -10558.8 -0.580827
1984000 499.445 -10577.2 -6.38113
1985000 502.501 -10510 1.63843
1986000 499.362 -10656.1 6.3326
1987000 501.444 -10495.7 4.1916
1988000 497.273 -10581.1 -5.66183
1989000 498.979 -10460.2 -7.64802
1990000 502.385 -10647.9 6.58787
1991000 498.645 -10738.7 4.20148
1992000 499.228 -10616.7 -0.0476933
1993000 501.1 -10608.3 -14.1422
1994000 500.246 -10704.6 -5.01023
1995000 498.804 -10605.2 -1.2587
1996000 500.543 -10652.7 0.307196
1997000 501.817 -10615.1 -1.51476
1998000 500.341 -10734.9 1.61983
1999000 503.061 -10543.2 -1.71583
2000000 498.832 -10665.8 10.2838
