# Time-averaged data for fix 3
# TimeStep v_Temperature v_PotentialEnergy v_Pressure
2000 428.444 -19105.8 -54.7929
3000 497.014 -17222.2 89.1511
4000 503.386 -16805.9 101.937
5000 499.543 -16770.3 -0.747765
6000 500.309 -16556 -104.249
7000 500.066 -16609.4 96.22
8000 501.457 -16594.5 30.2732
9000 499.83 -16445 -87.8658
10000 499.634 -16485.7 28.8605
11000 502.141 -16537.3 43.9718
12000 499.562 -16433.5 -114.782
13000 499.979 -16440.4 34.6949
14000 500.377 -16544.9 207.233
15000 499.598 -16487.1 -186.238
16000 499.695 -16582.9 161.184
17000 500.101 -16637.4 -79.1172
18000 501.714 -16461.5 88.2481
19000 501.487 -16435.5 -59.4512
20000 500.203 -16586.1 19.7412
21000 498.751 -16592.4 115.793
22000 500.013 -16364.1 -184.68
23000 497.997 -16499.3 -163.841
24000 501.349 -16623.4 -0.848981
25000 500.301 -16609.2 55.9194
26000 497.903 -16500.7 -9.41759
27000 499.458 -16524.8 -150.49
28000 499.629 -16743.1 215.595
29000 499.937 -16628.6 -110.361
30000 501.127 -16546.9 12.3835
31000 499.862 -16641.5 86.2512
32000 501.995 -16462.4 -82.2169
33000 500.655 -16522.5 -85.6651
34000 500.308 -16548.7 112.576
35000 499.375 -16588.1 -76.3391
36000 500.825 -16622.5 -4.00678
37000 500.523 -16608.9 13.8546
38000 498.713 -16611.6 -91.4299
39000 498.523 -16719.2 173.842
40000 499.22 -16586.5 15.0175
41000 500.896 -16459.8 -136.01
42000 501.813 -16680.4 135.106
43000 499.35 -16636.7 -107.918
44000 502.813 -16545.8 41.6468
45000 501.81 -16576.5 44.4487
46000 501.038 -16545 -1.888
47000 498.858 -16692.9 60.7575
48000 497.888 -16564.1 -143.317
49000 498.07 -16572 110.13
50000 497.644 -16539.1 -23.3009
51000 498.455 -16540.1 -22.0184
52000 500.174 -16608.3 35.1306
53000 501.165 -16448.1 -4.20581
54000 500.467 -16461.9 66.6585
55000 499.316 -16482.7 -37.7726
56000 498.427 -16521.4 9.97747
57000 500.776 -16412.6 -47.2776
58000 500.421 -16476.9 -72.4117
59000 500.158 -16598.3 214.68
60000 499.499 -16570.5 -114.731
61000 500.263 -16558.4 110.941
62000 499.418 -16543.5 -165.172
63000 499.941 -16625 112.175
64000 498.365 -16532.5 27.3157
65000 497.735 -16601.1 -63.6395
66000 499.38 -16604.6 79.2786
67000 499.983 -16552.5 -39.5756
68000 496.334 -16580.5 0.0439141
69000 499.821 -16652 133.278
70000 498.648 -16508.5 -132.848
71000 498.087 -16680.8 13.4879
72000 500.039 -16530.2 9.40081
73000 499.042 -16555.2 42.8196
74000 497.582 -16593.2 33.5843
75000 500.54 -16595.2 -37.8372
76000 499.365 -16724.7 73.0913
77000 500.257 -16679.3 124.413
78000 501.268 -16537.4 -24.0537
79000 501.527 -16548.8 -26.4686
80000 499.312 -16688.9 83.9089
81000 500.63 -16702.4 -59.1073
82000 499.292 -16554 65.3481
83000 502.239 -16370.2 -48.0527
84000 499.296 -16489.2 129.925
85000 498.182 -16547.4 21.3614
86000 498.931 -16357.7 -328.622
87000 501.462 -16688.1 201.501
88000 501.223 -16691.4 -27.0092
89000 502.262 -16543.1 48.7832
90000 500.605 -16392.4 -37.0564
91000 501.611 -16492.9 109.788
92000 502.466 -16510.2 62.4878
93000 502.871 -16445 -121.41
94000 500.737 -16454.3 1.66247
95000 500.175 -16563.3 -51.6469
96000 499.753 -16585.6 92.0783
97000 501.819 -16547.2 10.1101
98000 498.891 -16609.2 -5.84112
99000 501.806 -16539.7 9.5084
100000 498.317 -16534.6 -20.2821
101000 500.159 -16553.3 30.9337
102000 499.148 -16593.1 33.8157
103000 498.647 -16510.3 26.9053
104000 502.09 -16496.9 -20.2885
105000 500.483 -16397 -99.7988
106000 497.693 -16582.5 94.7017
107000 498.329 -16613.5 -49.927
108000 499.275 -16518.4 118.956
109000 500.674 -16499.1 -86.1099
110000 499.187 -16593.3 -93.5147
111000 501.352 -16591.3 141.044
112000 499.584 -16412.3 -87.8176
113000 500.742 -16508.8 7.3171
114000 498.594 -16665.8 5.65524
115000 497.884 -16654.4 7.98735
116000 500.876 -16601.2 -13.9012
117000 502.655 -16508.1 -37.4228
118000 498.61 -16535.3 -99.1435
119000 501.588 -16699.3 164.454
120000 501.867 -16590.4 -176.644
121000 501.28 -16654.7 82.0893
122000 500.816 -16598.8 -51.3043
123000 501.676 -16577.8 -25.8783
124000 501.941 -16532.7 42.3123
125000 501.473 -16613.5 66.8961
126000 501.019 -16607.2 -113.382
127000 500.188 -16716.7 237.648
128000 502.657 -16534.5 94.5389
129000 500.907 -16457.5 -171.23
130000 500.066 -16488.2 126.002
131000 502.053 -16430.8 24.7632
132000 500.304 -16429.9 -70.6672
133000 501.14 -16541.9 125.392
134000 501.76 -16605.2 -26.6705
135000 500.718 -16599.1 34.8208
136000 499.859 -16586.2 0.206036
137000 499.319 -16630.9 26.8265
138000 499.472 -16491.5 -45.3388
139000 495.781 -16621.3 6.32379
140000 501.836 -16658 56.209
141000 499.744 -16569.3 37.321
142000 498.073 -16566.9 -11.4523
143000 495.789 -16722.3 19.2236
144000 498.619 -16484.7 -90.5341
145000 501.301 -16568.1 82.5435
146000 500.558 -16518.4 -34.5204
147000 497.889 -16587.1 31.002
148000 497.825 -16624.6 -17.8715
149000 500.837 -16562.7 14.3195
150000 496.443 -16532.7 -52.6753
151000 499.627 -16580.5 -13.0249
152000 499.165 -16737.6 50.4151
153000 499.143 -16693.1 -19.2797
154000 497.293 -16862.6 4.07472
155000 501.468 -16712.5 17.0065
156000 500.982 -16525.1 8.24824
157000 499.807 -16571.3 38.3542
158000 498.471 -16663.4 -89.827
159000 502.179 -16688.8 97.35
160000 498.357 -16783.6 -30.9901
161000 496.664 -16647.9 -85.7367
162000 498.646 -16552.6 -75.5576
163000 502.379 -16695.2 216.993
164000 500.678 -16505.9 -56.3833
165000 501.622 -16517.3 0.447298
166000 500.247 -16554.4 -34.25
167000 501.096 -16691.7 -6.22604
168000 497.452 -16657.8 56.5364
169000 499.676 -16637.2 52.0969
170000 501.015 -16447 -53.3149
171000 502.356 -16418.5 -30.6074
172000 502.015 -16571 75.403
173000 501.112 -16709 22.3363
174000 497.949 -16573.5 -38.0149
175000 499.371 -16639.5 -107.27
176000 502.804 -16564.1 107.84
177000 500.927 -16579.8 -70.2159
178000 500.786 -16565.4 156.476
179000 500.56 -16489.9 -227.648
180000 504.283 -16631.2 199.147
181000 500.784 -16603.1 -116.59
182000 499.792 -16706.8 44.6739
183000 499.194 -16741.9 38.9242
184000 497.529 -16656.9 40.4461
185000 500.76 -16699 89.8783
186000 496.143 -16610.8 -108.79
187000 499.594 -16602.9 152.262
188000 499.334 -16546.1 -123.757
189000 498.34 -16731.1 41.7806
190000 500.631 -16820.2 -4.04677
191000 499.356 -16631.5 -16.4776
192000 503.342 -16622.4 -17.3035
193000 499.344 -16697.6 156.614
194000 497.617 -16593.9 -119.057
195000 501.582 -16501.1 73.7789
196000 500.269 -16554.6 29.8348
197000 500.407 -16520.8 -96.3739
198000 500.252 -16557 92.1073
199000 501.662 -16556.2 -15.7512
200000 500.537 -16586.7 -14.8494
201000 498.76 -16555.6 -28.2766
202000 499.39 -16442.2 -47.6199
203000 502.613 -16350.9 34.5043
204000 499.97 -16396.7 -40.5272
205000 500.296 -16560 140.884
206000 499.989 -16579.4 -123.81
207000 501.486 -16514.5 -57.1641
208000 500.388 -16558.3 -29.1081
209000 500.809 -16645.3 119.706
210000 499.239 -16598.6 14.2336
211000 499.738 -16471.5 -85.6186
212000 501.166 -16686.3 153.708
213000 501.09 -16629.9 -33.4943
214000 501.681 -16597.5 -11.9654
215000 498.072 -16558.1 36.7265
216000 498.067 -16605.7 -81.6892
217000 501.093 -16534.3 56.0117
218000 499.942 -16464.2 -96.3539
219000 501.137 -16572.6 52.8522
220000 499.494 -16609.5 98.6852
221000 499.042 -16562.5 -139.781
222000 500.785 -16655.3 156.655
223000 502.383 -16668 -22.799
224000 501.157 -16554.8 15.1222
225000 500.86 -16565.4 21.7459
226000 500.396 -16486.1 -46.434
227000 501.279 -16588.1 138.139
228000 502.374 -16453.8 -36.2095
229000 498.904 -16541.7 31.87
230000 499.484 -16605.1 -114.292
231000 501.242 -16692.8 140.298
232000 500.314 -16620.3 3.04372
233000 500.093 -16687.9 -27.6036
234000 500.443 -16574.5 19.3837
235000 498.69 -16430.8 -116.706
236000 499.74 -16571.5 103.059
237000 500.382 -16596.2 -50.4401
238000 498.735 -16596.4 -21.3608
239000 503.055 -16548.8 29.6079
240000 501.551 -16566.5 -21.6994
241000 498.821 -16664.6 -38.1357
242000 499.376 -16697.9 -12.4454
243000 499.581 -16665.7 127.099
244000 500.942 -16530.8 -99.8779
245000 498.576 -16581.7 31.2039
246000 499.052 -16657.2 -24.5816
247000 496.044 -16774.3 29.8973
248000 498.594 -16664.8 -136.705
249000 500.508 -16607.7 64.0675
250000 501.023 -16587.1 -0.174621
251000 500.836 -16507.7 -88.8174
252000 497.599 -16717.2 57.0922
253000 498.714 -16682.9 -55.109
254000 500.16 -16658.3 -3.72686
255000 500.099 -16689.7 106.484
256000 499.983 -16643.5 -75.924
257000 502.612 -16599.2 42.6757
258000 499.776 -16700.4 38.742
259000 499.389 -16630.1 -117.158
260000 498.861 -16577.9 95.7607
261000 497.604 -16591.3 -131.842
262000 501.378 -16621.5 188.788
263000 500.638 -16643.1 -148.586
264000 497.45 -16702.6 28.7435
265000 499.863 -16636.2 -88.2102
266000 502.208 -16704.8 192.646
267000 500.064 -16583.3 -72.5722
268000 503.947 -16576.9 67.6802
269000 500.645 -16648.7 -13.8586
270000 499.841 -16451.3 -164.492
271000 499.797 -16691.9 137.079
272000 498.462 -16621.3 -29.6201
273000 499.838 -16634.9 14.9782
274000 501.226 -16625.5 127.311
275000 502.987 -16542.7 -99.5877
276000 500.448 -16617 108.274
277000 497.178 -16576.3 -102.709
278000 500.333 -16583.5 86.7522
279000 499.759 -16502.8 -146.555
280000 502.926 -16623.4 84.305
281000 500.421 -16616.7 -59.0724
282000 499.641 -16674.1 62.7847
283000 500.507 -16542.8 -184.879
284000 498.963 -16591.7 227.444
285000 501.754 -16405.2 -156.179
286000 501.53 -16534.4 121.564
287000 498.411 -16513.8 -118.299
288000 500.914 -16611 56.115
289000 498.79 -16724.5 -22.2473
290000 497.246 -16601.5 -10.9853
291000 502.91 -16550.4 86.6673
292000 499.051 -16534.6 -95.9042
293000 501.384 -16585.3 72.8476
294000 496.499 -16645.7 46.9005
295000 498.71 -16569.1 -120.386
296000 502.013 -16537.9 160.963
297000 501.269 -16582.1 -88.8728
298000 499.708 -16535.9 44.3131
299000 500.193 -16346.6 22.4253
300000 501.798 -16506.3 -125.831
301000 500.746 -16575.8 64.5315
302000 500.567 -16640.7 -4.14939
303000 499.767 -16586.3 -5.70471
304000 501.341 -16545.3 -23.6943
305000 497.977 -16675.6 79.8798
306000 496.544 -16537.4 -137.394
307000 502.305 -16664.5 47.4447
308000 499.22 -16571.1 -95.329
309000 499.522 -16709.5 -25.1059
310000 500.53 -16614.8 121.212
311000 500.051 -16538.7 11.95
312000 497.758 -16531.7 -51.3889
313000 499.897 -16447.1 63.8143
314000 498.541 -16522.1 -133.914
315000 500.018 -16374.4 52.9294
316000 499.774 -16393.7 -79.8364
317000 498.152 -16486.1 33.1462
318000 499.382 -16560.5 117.502
319000 501.172 -16501.2 -32.1365
320000 499.902 -16554 -48.1983
321000 502.38 -16494.3 20.4291
322000 499.354 -16554.4 25.5321
323000 500.883 -16624.8 12.6624
324000 500.047 -16658.4 -71.4306
325000 498.623 -16737.2 -22.0977
326000 500.635 -16693.8 83.9631
327000 501.062 -16543.2 -25.324
328000 501.207 -16519 -78.0426
329000 501.171 -16652.8 137.657
330000 499.536 -16564 -120.977
331000 499.689 -16530.3 54.8743
332000 501.443 -16523.2 -64.9324
333000 500.013 -16562.4 25.0081
334000 498.859 -16585.7 51.2698
335000 499.51 -16539.7 29.9737
336000 501.161 -16578.1 -44.0839
337000 499.253 -16614.1 -82.4665
338000 497.682 -16664.4 87.2441
339000 502.188 -16547.1 -23.2366
340000 500.011 -16572.1 48.6441
341000 501.519 -16535.3 41.4473
342000 497.672 -16546.9 -150.439
343000 501.2 -16729.8 343.462
344000 498.793 -16635.4 -71.7359
345000 498.745 -16613.7 52.3909
346000 498.369 -16577.5 -77.6934
347000 500.738 -16558.2 177.151
348000 498.194 -16419.6 -223.939
349000 499.737 -16586.1 178.854
350000 498.213 -16579.8 46.5999
351000 500.458 -16573.2 -39.8728
352000 498.085 -16631 35.8068
353000 500.891 -16536 -9.44783
354000 500.849 -16481.3 -69.8869
355000 500.2 -16505.8 147.854
356000 499.989 -16508.3 -94.9118
357000 499.331 -16609.6 79.8741
358000 499.216 -16621.9 46.9536
359000 501.239 -16649 -68.5037
360000 499.878 -16663.7 46.0487
361000 499.537 -16713.6 -6.42168
362000 501.884 -16622.7 32.624
363000 502.525 -16491.3 -90.6676
364000 499.036 -16589.8 134.456
365000 499.425 -16497.2 -63.554
366000 496.156 -16622.7 220.565
367000 500.371 -16469.9 33.927
368000 500.844 -16527.3 -80.1075
369000 498.761 -16644.1 131.307
370000 498.62 -16698 -70.5386
371000 498.939 -16715.5 107.766
372000 499.617 -16612.6 -135.126
373000 497.202 -16718.4 25.9232
374000 500.268 -16659.2 85.963
375000 498.411 -16698.5 -168.38
376000 499.538 -16652.8 24.9884
377000 499.601 -16556.9 19.7378
378000 499.855 -16394.8 -151.93
379000 500.933 -16469.4 47.7262
380000 500.245 -16576.6 6.74585
381000 503.938 -16473.5 165.986
382000 500.566 -16525.4 -143.144
383000 501.287 -16703.6 73.0373
384000 498.811 -16848.7 151.086
385000 498.062 -16588.4 -226.632
386000 498.47 -16726.1 117.74
387000 500.304 -16580.7 -76.6675
388000 500.001 -16723.4 115.009
389000 497.638 -16756 -106.401
390000 500.704 -16697.5 58.1031
391000 499.108 -16651.5 -30.8884
392000 500.95 -16511.8 61.9264
393000 499.403 -16485.4 -47.8097
394000 502.231 -16514.1 115.115
395000 501.755 -16455.6 -166.288
396000 502.202 -16620.5 179.918
397000 500.367 -16472.6 -70.2877
398000 500.852 -16639.7 -5.39655
399000 501.697 -16651.2 -16.5298
400000 502.332 -16656.4 68.1346
401000 500.292 -16552.5 -118.869
402000 499.937 -16708.9 43.7445
403000 498.997 -16682.5 39.2395
404000 498.652 -16558.4 -150.751
405000 498.506 -16669.4 12.4524
406000 500.793 -16702.3 4.97476
407000 498.561 -16660.8 -50.7581
408000 501.166 -16581.2 89.7362
409000 500.924 -16584.3 -110.347
410000 499.114 -16681.2 84.9854
411000 499.458 -16761.3 127.778
412000 503.121 -16638.5 -86.2052
413000 501.901 -16474.2 77.7908
414000 500.229 -16458.1 -171.079
415000 498.573 -16617.5 102.981
416000 498.092 -16681 17.0916
417000 499.732 -16615.8 -83.7574
418000 495.307 -16656.9 -62.3966
419000 499.465 -16785.1 276.694
420000 499.08 -16748.2 103.843
421000 497.605 -16629 -106.737
422000 498.831 -16684 29.2355
423000 498.093 -16712.8 31.9786
424000 498.934 -16516.2 0.638985
425000 501.046 -16584.9 -113.631
426000 498.643 -16593.4 -100.637
427000 499.005 -16585 167.536
428000 499.912 -16667.8 -159.857
429000 495.19 -16628.7 38.6145
430000 500.28 -16404.9 9.80836
431000 499.694 -16391.1 12.2524
432000 501.271 -16418.6 4.70613
433000 497.115 -16592.9 43.5376
434000 499.949 -16609 43.6037
435000 498.963 -16581.6 170.044
436000 502.529 -16582.8 -100.063
437000 500.962 -16693.5 -61.4237
438000 499.506 -16689.4 224.336
439000 497.952 -16517.8 -121.333
440000 501.326 -16557.8 48.7443
441000 499.022 -16630.2 73.6023
442000 500.18 -16509.3 -137.354
443000 502.824 -16486.6 46.8494
444000 499.942 -16431.7 15.6035
445000 501.831 -16304.4 -102.604
446000 499.088 -16554 101.84
447000 501.6 -16533.6 -47.4168
448000 497.688 -16579.9 -108.683
449000 499.867 -16644.8 -35.4873
450000 500.817 -16712.5 74.4374
451000 501.344 -16525.3 -143.206
452000 498.647 -16594.2 8.8227
453000 501.364 -16735.6 165.003
454000 499.983 -16658.4 1.5395
455000 502.081 -16582.4 0.9051
456000 501.206 -16658.9 66.7788
457000 500.023 -16495.2 -242.753
458000 499.172 -16613.3 -54.3087
459000 498.7 -16733.6 109.717
460000 500.213 -16585.6 -68.596
461000 499.659 -16579.9 147.798
462000 497.002 -16616.6 -49.0194
463000 498.369 -16652.9 -20.7779
464000 498.803 -16643 6.06772
465000 499.583 -16469 -74.7878
466000 501.613 -16586.5 71.1247
467000 500.309 -16390.8 -182.486
468000 500.557 -16591.4 41.6009
469000 499.94 -16656.3 -27.5742
470000 501.465 -16656.1 -25.561
471000 499.967 -16739.1 -4.2644
472000 501.701 -16709.8 -14.4301
473000 500.515 -16785.3 75.5098
474000 499.136 -16707.3 -125.227
475000 498.517 -16704.3 136.861
476000 500.67 -16570.9 -42.8374
477000 499.324 -16679.7 -2.79117
478000 500.121 -16642.7 -17.8304
479000 499.703 -16636.9 61.9509
480000 501.279 -16626.4 -193.003
481000 502.252 -16581.9 51.0101
482000 502.229 -16514.9 82.1102
483000 499.665 -16617.6 -33.6986
484000 500.776 -16566.4 -98.4336
485000 497.729 -16731.1 176.733
486000 500.326 -16542.6 -12.8206
487000 502.429 -16553.5 77.4025
488000 500.312 -16589.3 -24.4697
489000 499.313 -16629.6 49.8552
490000 500.399 -16640.4 11.8789
491000 500.592 -16544 16.8942
492000 498.537 -16562.6 9.92911
493000 499.965 -16589.5 0.21583
494000 499.656 -16567.6 -48.8299
495000 498.193 -16670 5.07488
496000 500.053 -16757.6 93.4568
497000 501.925 -16613.3 -56.6877
498000 500.878 -16530.8 -18.3388
499000 497.714 -16645.8 -52.1833
500000 502.361 -16662.3 108.348
501000 500.422 -16629.2 -125.642
502000 498.698 -16553.8 34.8836
503000 500.454 -16396.2 -151.558
504000 498.643 -16485.8 48.1335
505000 501.752 -16542.4 29.6364
506000 501.573 -16585.7 36.9318
507000 502.849 -16553.6 -98.3548
508000 500.961 -16550.4 71.4439
509000 502.103 -16615.4 105.632
510000 497.107 -16623.5 -45.8416
511000 500.085 -16625.3 -0.89534
512000 497.763 -16546.9 4.61793
513000 503.124 -16431.8 -130.866
514000 499.749 -16509.4 76.6448
515000 501.064 -16542.8 -84.6774
516000 501.083 -16581 100.617
517000 501.701 -16575.6 43.1994
518000 501.846 -16579.8 109.37
519000 503.133 -16335.6 -166.787
520000 499.491 -16361.5 7.89628
521000 497.748 -16565.7 -29.7474
522000 500.39 -16476.5 37.7576
523000 497.486 -16497.5 -4.04394
524000 501.714 -16630.7 131.504
525000 499.394 -16562.6 -239.655
526000 500.871 -16652.9 238.722
527000 499.127 -16665.8 -121.99
528000 498.503 -16634.6 50.1089
529000 500.316 -16646.3 -70.7858
530000 500.385 -16698 67.1018
531000 500.287 -16598.2 138.09
532000 500.64 -16509.8 15.3272
533000 496.235 -16604 -45.992
534000 500.241 -16609.8 -200.107
535000 501.115 -16726.5 96.2693
536000 501.766 -16748.2 21.2523
537000 498.49 -16775.8 190.867
538000 499.88 -16625.3 -70.5253
539000 499.988 -16653.7 -22.1376
540000 501.968 -16591.3 -90.0291
541000 502.623 -16637.6 116.092
542000 500.153 -16562.4 -92.87
543000 500.569 -16576.3 0.259868
544000 498.824 -16464.7 -11.8665
545000 501.041 -16559.2 86.9334
546000 499.379 -16638.1 105.801
547000 499.257 -16559.1 -97.8895
548000 501.819 -16611.5 109.5
549000 502.768 -16664.5 -78.1477
550000 499.245 -16713 66.2853
551000 499.894 -16610.4 -71.879
552000 497.37 -16625.3 79.7593
553000 499.647 -16546.4 -48.6354
554000 499.263 -16646 123.493
555000 499.268 -16610.2 -143.476
556000 499.638 -16693.6 -6.82807
557000 500.064 -16643 -53.5733
558000 499.629 -16659.6 134.109
559000 497.787 -16590.3 -72.2483
560000 498.813 -16670.9 108.555
561000 499.7 -16582.9 -118.79
562000 497.974 -16626.5 -35.7472
563000 499.967 -16644.7 11.5477
564000 499.132 -16515.2 20.1799
565000 501.678 -16597.6 -19.3784
566000 499.454 -16710.9 -55.473
567000 499.66 -16686.6 106.04
568000 497.621 -16632.6 -108.781
569000 501.698 -16618 33.6632
570000 497.865 -16624.3 -10.9561
571000 502.206 -16548.9 10.5158
572000 503.104 -16437.3 15.3997
573000 497.684 -16566 -3.80953
574000 500.166 -16644.1 120.309
575000 499.87 -16739.3 99.2234
576000 499.993 -16617.5 -159.836
577000 499.268 -16618.4 90.7486
578000 498.43 -16565.8 5.07109
579000 502.329 -16422.4 -132.126
580000 500.729 -16472.2 68.4467
581000 499.396 -16476.4 23.8525
582000 498.329 -16629.8 72.224
583000 499.453 -16507.9 -97.2591
584000 498.975 -16604.1 64.9425
585000 503.159 -16559 -38.1721
586000 499.33 -16704.8 67.5978
587000 502.34 -16677.8 6.75949
588000 500.054 -16670.4 -56.0565
589000 498.869 -16611.4 -86.8536
590000 500.637 -16509.3 103.686
591000 499.966 -16388.1 -90.6368
592000 501.152 -16500.8 122.484
593000 501.489 -16577 87.676
594000 500.848 -16464.6 -1.87214
595000 499.393 -16627.7 81.2156
596000 499.426 -16621.9 -95.0932
597000 499.869 -16757.7 142.878
598000 501.92 -16562.2 -98.991
599000 500.578 -16596.9 20.7374
600000 500.474 -16567.7 44.7635
601000 501.409 -16538.2 -77.9075
602000 500.623 -16615.1 -7.89607
603000 500.147 -16627.7 57.1928
604000 500.462 -16639.3 -102.053
605000 499.305 -16690 92.5918
606000 502.78 -16587.6 47.8405
607000 498.741 -16564.8 -12.4328
608000 497.932 -16519.7 -133.29
609000 500.079 -16526.7 69.2064
610000 500.148 -16587.2 96.3998
611000 501.895 -16521.1 -112.288
612000 498.928 -16582.1 -25.4579
613000 500.575 -16556.2 80.7151
614000 502.088 -16485.7 -59.1241
615000 498.447 -16653 3.70564
616000 501.988 -16634.4 88.7097
617000 499.595 -16654.1 80.5753
618000 500.351 -16663.6 -42.9504
619000 498.804 -16716.3 52.9077
620000 501.018 -16577.9 6.47533
621000 499.067 -16580.7 -12.8268
622000 499.651 -16612.4 -39.6814
623000 498.364 -16747.7 149.633
624000 499.042 -16642.1 36.6849
625000 500.227 -16537.3 -150.841
626000 501.045 -16535.4 53.5381
627000 499.344 -16569.4 -157.062
628000 500.444 -16580 176.329
629000 499.463 -16484.9 -43.7502
630000 498.887 -16502.3 3.99637
631000 498.819 -16706.3 67.1939
632000 496.937 -16673.7 -35.5026
633000 501.528 -16600.7 43.541
634000 500.801 -16700.5 -161.382
635000 498.326 -16617.7 28.7845
636000 499.514 -16565.9 38.9713
637000 498.229 -16520.6 71.8405
638000 502.909 -16547 130.621
639000 498.368 -16451.7 -259.607
640000 498.67 -16639.9 180.741
641000 500.353 -16558.8 -96.6859
642000 500.748 -16540 -44.6862
643000 500.317 -16490.7 168.436
644000 502.34 -16497.8 -134.061
645000 500.313 -16589.7 -52.4056
646000 501.09 -16593.9 -22.0584
647000 499.469 -16617.5 -16.4261
648000 500.601 -16546.2 -116.066
649000 499.901 -16640 199.443
650000 496.561 -16434.2 -231.822
651000 497.238 -16617.3 220.847
652000 499.032 -16619.6 9.17535
653000 496.759 -16492.2 -55.791
654000 502.048 -16368.6 20.0634
655000 498.024 -16509.2 127.615
656000 503.268 -16373.5 -114.681
657000 501.89 -16490.9 20.8425
658000 498.387 -16615.9 24.522
659000 501.364 -16521.1 43.1756
660000 497.248 -16546 -94.769
661000 501.294 -16541 78.5785
662000 498.329 -16513.7 -120.263
663000 501.54 -16421.1 13.1689
664000 496.782 -16657.3 48.5093
665000 497.828 -16582.3 -83.803
666000 500.379 -16566.2 53.7878
667000 504.128 -16512.8 -48.7931
668000 497.19 -16662 45.1008
669000 500.645 -16525.2 28.0958
670000 500.323 -16439.2 -120.853
671000 501.97 -16528.5 132.867
672000 500.949 -16432.2 -196.511
673000 500.22 -16653.2 125.441
674000 500.151 -16654.7 -117.249
675000 497.969 -16671.2 31.3187
676000 501.892 -16611.4 -25.4931
677000 500.823 -16547 18.0937
678000 499.107 -16488.5 -103.089
679000 497.064 -16635.7 160.476
680000 498.636 -16631.9 -5.45047
681000 503.218 -16481.2 -5.14953
682000 499.882 -16466.4 -107.71
683000 499.923 -16683.7 181.662
684000 502.382 -16353.4 -48.0442
685000 499.433 -16518 17.3904
686000 499.35 -16566.4 109.76
687000 500.847 -16496.6 -88.5566
688000 497.766 -16572.6 59.9615
689000 502.357 -16376.4 -97.6699
690000 498.449 -16580.7 93.9701
691000 499.381 -16578.9 -90.4099
692000 500.501 -16656.9 192.037
693000 502.952 -16410.7 -184.023
694000 498.391 -16503.5 1.3069
695000 501.356 -16476.7 -76.5904
696000 498.95 -16573.9 37.9143
697000 498.957 -16455.2 23.5474
698000 501.141 -16448.9 -64.8469
699000 501.526 -16585.2 15.2673
700000 499.818 -16642.9 113.971
701000 499.801 -16547.6 -190.765
702000 500.055 -16697.9 38.9115
703000 498.859 -16568.6 -50.7945
704000 501.293 -16652.9 110.13
705000 500.157 -16623.2 -197.506
706000 500.312 -16764.4 37.1081
707000 502.396 -16669.8 44.591
708000 499.187 -16804.3 24.3123
709000 499.478 -16723 50.155
710000 500.249 -16622.9 73.0652
711000 499.633 -16562 -14.9558
712000 495.911 -16620.1 -23.7677
713000 500.039 -16539.1 -59.5576
714000 500.857 -16564 88.1357
715000 498.33 -16391.8 -16.2661
716000 500.942 -16495.6 -14.4116
717000 501.764 -16492.8 -28.7055
718000 501.554 -16461.1 54.3064
719000 499.982 -16432.5 -91.8801
720000 501.511 -16618.6 255.721
721000 499.679 -16306.6 -269.776
722000 500.091 -16554.7 -17.8928
723000 500.111 -16583.8 38.785
724000 499.962 -16685.3 3.56682
725000 499.755 -16702.3 -5.70081
726000 501.731 -16606.5 -54.2222
727000 497.874 -16654.1 11.3171
728000 498.929 -16624.4 -41.6295
729000 498.807 -16566.3 -1.88709
730000 499.381 -16575.9 -8.22395
731000 495.926 -16561.4 -25.6792
732000 499.849 -16513 -71.6863
733000 497.4 -16578.3 33.5717
734000 500.954 -16478.6 -48.4037
735000 502.362 -16567.8 -44.7722
736000 498.538 -16615.3 -59.4252
737000 498.39 -16591.2 135.889
738000 500.543 -16446.8 -136.732
739000 497.247 -16578.3 77.3839
740000 499.319 -16573.1 -7.49892
741000 501.333 -16504.6 -47.5238
742000 499.252 -16545.5 -33.9537
743000 502.856 -16591.1 134.235
744000 502.033 -16690.4 66.0319
745000 498.986 -16653 -77.1049
746000 501.316 -16501.8 -41.7642
747000 501.654 -16493 80.7084
748000 500.58 -16519.2 82.2992
749000 499.389 -16434.8 -194.401
750000 502.125 -16474.6 123.302
751000 499.683 -16596.1 -114.183
752000 500.931 -16601.5 90.32
753000 497.288 -16568.4 12.6799
754000 501.164 -16507.7 15.9895
755000 497.275 -16603.9 -67.6795
756000 498.228 -16561.4 -136.543
757000 500.831 -16648.8 120.389
758000 498.442 -16621.7 63.5879
759000 497.878 -16545.8 -57.4535
760000 501.588 -16666.6 69.1278
761000 502.362 -16407 -100.489
762000 500.429 -16495.6 33.7863
763000 503.202 -16552 23.6766
764000 498.836 -16524 -36.6804
765000 498.505 -16539.6 57.9836
766000 502.311 -16578.5 -2.38922
767000 501.079 -16579.5 63.727
768000 498.808 -16608.1 20.3091
769000 500.096 -16475.3 7.90916
770000 499.373 -16569.5 -61.1395
771000 501.617 -16611.4 134.321
772000 499.314 -16414.8 -177.712
773000 498.967 -16491.2 45.8758
774000 500.651 -16557.5 20.8018
775000 500.387 -16440.2 69.5083
776000 500.411 -16506.8 18.4636
777000 499.198 -16523 109.271
778000 499.581 -16525.4 -154.061
779000 500.024 -16606.6 60.5106
780000 495.484 -16654.6 13.062
781000 500.951 -16547.9 -73.8411
782000 500.685 -16526.3 -81.4114
783000 502.408 -16566 39.52
784000 497.232 -16715.8 -0.20233
785000 502.152 -16661.8 -65.9394
786000 500.131 -16745.9 62.7481
787000 500.713 -16653.3 -44.9699
788000 503.306 -16552.1 14.1897
789000 498.928 -16536 -145.679
790000 499.024 -16701.7 112.592
791000 497.836 -16617.6 -53.5154
792000 500.848 -16541.3 26.5756
793000 496.675 -16579.5 130.75
794000 502.071 -16382.7 -65.9866
795000 498.497 -16422.6 -42.8682
796000 499.124 -16471.3 7.08679
797000 499.482 -16569.9 35.8317
798000 496.849 -16687.1 6.25522
799000 499.926 -16690.2 137.392
800000 501.496 -16613.6 -120.297
801000 501.555 -16596.9 11.6822
802000 501.924 -16654.4 38.4951
803000 501.904 -16656.9 -24.0848
804000 499.347 -16724.6 1.66871
805000 500.102 -16835.9 157.549
806000 500.413 -16575.9 -162.817
807000 502.755 -16558.2 115.896
808000 500.108 -16612.1 59.6468
809000 500.466 -16470.3 -91.3383
810000 499.744 -16659.8 64.985
811000 497.236 -16613.3 -85.7068
812000 502.214 -16559.1 109.747
813000 500.312 -16593.7 -26.0191
814000 502.287 -16586 85.9352
815000 501.11 -16596.8 -103.5
816000 498.521 -16635.7 -51.3359
817000 499.998 -16738.2 157.153
818000 501.709 -16623 11.7081
819000 500.295 -16600 -29.5654
820000 499.143 -16585.2 -7.75832
821000 499.465 -16318.5 -138.243
822000 502.626 -16418.9 -95.0782
823000 499.848 -16585.2 132.375
824000 499.915 -16531.1 74.6997
825000 496.591 -16542.5 -70.0338
826000 502.113 -16556.1 79.251
827000 498.547 -16550.9 -47.2269
828000 499.861 -16644.1 -88.8968
829000 500.222 -16649.9 -32.6044
830000 499.259 -16690.2 65.3849
831000 500.556 -16604.4 -67.9968
832000 500.895 -16661.4 80.6652
833000 502.083 -16618.4 -37.9243
834000 501.07 -16655.3 -1.24236
835000 498.014 -16566.8 -140.249
836000 498.639 -16672.2 138.12
837000 497.837 -16500.7 -156.742
838000 499.961 -16578.2 -16.8022
839000 502.009 -16670.7 71.1979
840000 501.623 -16692.5 -52.8456
841000 500.655 -16783.3 94.8553
842000 501.696 -16530.2 -97.7227
843000 502.326 -16504.6 -28.3215
844000 498.609 -16523.9 194.625
845000 501.749 -16556.2 -74.7388
846000 497.654 -16588.7 -29.6898
847000 499.129 -16549.2 -62.6973
848000 502.334 -16673 122.743
849000 500.587 -16509.4 -100.838
850000 497.199 -16537.1 -28.7124
851000 499.376 -16566.6 175.46
852000 500.568 -16606.8 -231.215
853000 500.061 -16760.2 74.0293
854000 499.505 -16782.1 102.936
855000 500.359 -16763.3 -158.166
856000 501.505 -16664.2 3.26996
857000 499.439 -16674.4 -51.2694
858000 501.153 -16682.6 27.7838
859000 500.802 -16663.8 -28.5248
860000 502.84 -16548.2 -43.6763
861000 497.941 -16564.6 58.7354
862000 500.121 -16468.1 12.6121
863000 500.225 -16465.2 39.2883
864000 502.343 -16358.8 -136.738
865000 501.605 -16595.1 80.9947
866000 498.7 -16679.4 -34.7634
867000 498.079 -16738.7 71.0802
868000 500.819 -16424.2 -111.607
869000 499.498 -16596 19.2109
870000 500.689 -16573.9 -1.5497
871000 501.556 -16739.3 111.46
872000 500.637 -16557.8 -112.862
873000 502.589 -16610.5 29.7131
874000 498.579 -16685 -75.8772
875000 499.302 -16620.4 84.0149
876000 500.607 -16521.1 86.5292
877000 501.977 -16494.4 -109.134
878000 501.607 -16485 23.3532
879000 499.552 -16600.3 74.6625
880000 498.966 -16498.4 -111.293
881000 499.906 -16477.5 162.429
882000 497.214 -16522.8 -9.9097
883000 499.329 -16490 -187.725
884000 500.34 -16492.2 115.526
885000 501.355 -16467.4 -11.6276
886000 500.427 -16441.2 -183.079
887000 502.395 -16546.4 124.524
888000 499.175 -16674.1 -25.5641
889000 498.72 -16744.5 -95.1819
890000 503.54 -16647 19.6965
891000 498.151 -16643.6 -37.545
892000 499.694 -16589.5 -45.0563
893000 501.592 -16657 62.0543
894000 499.055 -16654.2 6.46728
895000 500.027 -16639.3 23.4772
896000 501.765 -16620.6 -47.8914
897000 499.757 -16626 44.7856
898000 497.879 -16688.9 122.235
899000 501.477 -16539.8 -81.286
900000 502.585 -16510.3 62.8157
901000 498.587 -16665.4 -11.3913
902000 501.537 -16535.4 21.1476
903000 500.275 -16432.8 -94.319
904000 502.254 -16492.8 30.4331
905000 498.197 -16658.9 36.0896
906000 501.452 -16556.6 -19.1027
907000 499.134 -16658.6 -49.0682
908000 500.076 -16706 1.234
909000 499.699 -16641.1 108.659
910000 502.213 -16524 -156.618
911000 497.048 -16633.6 105.323
912000 501.013 -16472.7 -27.2011
913000 503.695 -16592.1 116.893
914000 500.825 -16550.4 -117.733
915000 497.101 -16610.1 -11.67
916000 501.437 -16633.7 127.269
917000 499.647 -16498.2 -80.7022
918000 500.485 -16655.3 67.8059
919000 502.777 -16516.6 0.0810708
920000 497.256 -16542.9 -38.4764
921000 497.949 -16585.6 132.838
922000 500.617 -16547.1 -18.8563
923000 498.99 -16612.5 -110.321
924000 500.055 -16535 188.095
925000 501.232 -16614.6 -88.1631
926000 498.125 -16666.8 -68.7868
927000 498.606 -16718 13.4726
928000 501.65 -16542 54.3566
929000 502.336 -16418 -58.286
930000 498.7 -16589.8 139.24
931000 499.606 -16455.2 -31.2442
932000 500.581 -16522.5 -95.9676
933000 502.891 -16542.4 248.503
934000 502.635 -16505.1 -33.8925
935000 500.59 -16560.8 46.6786
936000 501.105 -16493 -143.093
937000 501.174 -16637.9 168.475
938000 499.481 -16465.9 -1.61365
939000 501.79 -16651 36.2323
940000 500.629 -16585.6 15.0264
941000 498.983 -16601.3 123.56
942000 503.654 -16439 -20.6669
943000 501.513 -16460.8 -106.812
944000 499.521 -16684.3 87.8224
945000 499.203 -16542.4 120.591
946000 501.282 -16473.5 -150.397
947000 499.136 -16546.8 50.4085
948000 500.799 -16468.2 81.9925
949000 500.638 -16574.3 -16.064
950000 500.8 -16470.8 -128.673
951000 500.436 -16620.6 159.729
952000 500.977 -16345.7 -239.555
953000 502.71 -16467.2 117.1
954000 498.069 -16468.8 4.40597
955000 501.421 -16492.2 25.4169
956000 501.823 -16630.4 -69.2552
957000 500.064 -16510.1 -68.1204
958000 498.835 -16676.5 24.6449
959000 502.495 -16767.2 140.068
960000 501.481 -16670.3 -95.7062
961000 498.549 -16578.4 132.977
962000 499.683 -16463.2 -58.3358
963000 501.975 -16558.1 111.074
964000 499.857 -16630.8 -89.3336
965000 498.894 -16689.9 9.59775
966000 496.315 -16837.8 20.4143
967000 499.051 -16718.2 23.4815
968000 500.958 -16613.9 96.922
969000 498.371 -16448.5 -177.985
970000 498.888 -16643.1 96.186
971000 499.739 -16490.7 43.334
972000 501.076 -16519.2 15.2949
973000 501.013 -16528.7 24.4935
974000 499.186 -16523.8 -77.8083
975000 499.381 -16747.3 214.742
976000 500.762 -16644.5 -202.341
977000 503.607 -16607.6 156.494
978000 500.469 -16726.1 -78.5409
979000 500.188 -16704.7 -0.0773025
980000 498.654 -16685.5 -86.0943
981000 498.728 -16737.6 98.5961
982000 501.049 -16622 -15.874
983000 500.562 -16495.1 -150.629
984000 499.406 -16576 39.4596
985000 501.038 -16633.9 23.9946
986000 500.195 -16467.3 -81.0926
987000 497.848 -16583.8 172.651
988000 501.092 -16576.5 -183.946
989000 500.372 -16684.3 181.319
990000 499.53 -16582.6 -116.891
991000 499.842 -16547.8 -28.0546
992000 500.052 -16539.7 57.421
993000 499.047 -16604.5 126.28
994000 499.224 -16471.7 -182.372
995000 501.85 -16571.7 132.573
996000 499.963 -16618.5 -93.6472
997000 500.157 -16593.5 -60.4777
998000 501.246 -16559.7 -14.0195
999000 501.877 -16616.7 136.226
1000000 497.752 -16593.8 -105.828
1001000 500.3 -16601.8 51.687
1002000 500.747 -16585.7 -141.709
1003000 499.614 -16553.8 107.254
1004000 498.853 -16509 43.4551
1005000 501.434 -16366.4 -153.854
1006000 501.891 -16468.4 123.971
1007000 497.192 -16643 2.95708
1008000 498.192 -16576.2 -165.949
1009000 501.5 -16569.6 144.396
1010000 498.817 -16542.8 -81.1747
1011000 498.74 -16628.6 8.69141
1012000 503.032 -16563.6 -8.16774
1013000 501.356 -16642.3 -29.5235
1014000 500.298 -16710.2 62.1507
1015000 501.025 -16590 -67.2085
1016000 499.651 -16577 71.5242
1017000 501.201 -16560.6 -62.0094
1018000 502.255 -16615.5 127.331
1019000 502.12 -16532.4 -11.2995
1020000 497.587 -16606.2 -91.6858
1021000 499.531 -16563.4 61.7803
1022000 496.334 -16610.9 -24.9075
1023000 501.765 -16603.1 117.067
1024000 501.221 -16514.8 -142.298
1025000 500.363 -16611 76.1011
1026000 500.296 -16522.5 -53.46
1027000 498.311 -16558.2 12.3948
1028000 500.47 -16611.9 49.1912
1029000 499.307 -16625.5 10.5814
1030000 500.953 -16435.9 2.35883
1031000 499.035 -16452 -76.9882
1032000 499.179 -16460.9 6.5779
1033000 502.074 -16483.5 104.834
1034000 500.791 -16360.8 -53.2616
1035000 500.281 -16560 -0.0844037
1036000 500.253 -16582.5 128.604
1037000 498.803 -16456.2 -104.739
1038000 500.677 -16372 32.9842
1039000 499.983 -16472.7 -9.50191
1040000 496.672 -16539.3 15.4169
1041000 499.181 -16547.2 -2.13891
1042000 495.902 -16682.4 133.629
1043000 499.336 -16634.1 -15.6321
1044000 498.856 -16454.9 -164.003
1045000 501.561 -16531.4 104.976
1046000 501.236 -16559.7 -7.37223
1047000 501.154 -16595.8 40.6153
1048000 500.591 -16535.4 7.87291
1049000 499.339 -16489.4 0.826621
1050000 501.936 -16408.9 -39.6829
1051000 502.178 -16470 -43.9917
1052000 498.701 -16668.8 130.022
1053000 498.311 -16497.5 -46.1213
1054000 498.774 -16462.6 48.6406
1055000 500.466 -16443.5 -94.4317
1056000 498.541 -16637.9 -7.82089
1057000 499.075 -16622.7 134.142
1058000 499.119 -16565 -109.554
1059000 502.784 -16579 0.532245
1060000 500.036 -16655 120.788
1061000 500.326 -16592.9 -105.836
1062000 501.913 -16584.1 77.2825
1063000 497.578 -16628.6 54.3849
1064000 500.781 -16549 -39.353
1065000 499.22 -16594.7 -17.5588
1066000 497.131 -16657.2 51.618
1067000 498.228 -16746.3 -11.4202
1068000 499.002 -16678 -43.0572
1069000 499.635 -16468.7 -0.725931
1070000 501.916 -16576.3 62.2837
1071000 498.972 -16528.2 -58.5306
1072000 500.965 -16475.8 -121.131
1073000 500.738 -16393.7 25.1575
1074000 501.088 -16609.9 84.5594
1075000 497.102 -16549.8 -137.702
1076000 499.129 -16634.1 40.6676
1077000 498.767 -16630.5 -13.6616
1078000 498.285 -16773.1 54.3689
1079000 502.187 -16621.4 -62.8006
1080000 500.649 -16596.4 149.507
1081000 497.618 -16545.3 -186.143
1082000 503.135 -16670.9 90.3092
1083000 501.195 -16638.8 7.91661
1084000 498.531 -16614.3 -149.117
1085000 500.264 -16762.5 47.9837
1086000 499.896 -16564.8 36.6221
1087000 500.294 -16471.1 48.7499
1088000 501.632 -16573.4 -67.5791
1089000 501.604 -16540.6 107.922
1090000 499.796 -16402.6 -59.1967
1091000 501.433 -16502 46.8153
1092000 498.804 -16531.4 57.9726
1093000 501.473 -16645.7 128.744
1094000 500.508 -16557.9 -123.902
1095000 499.335 -16543.7 111.776
1096000 500.267 -16519.9 -112.675
1097000 499.913 -16562.6 -17.2365
1098000 496.871 -16618.6 4.8973
1099000 499.179 -16605.3 -3.58296
1100000 503.87 -16685.9 143.08
1101000 504.197 -16601.4 -20.9022
1102000 499.244 -16536.3 -41.3548
1103000 501.73 -16511.4 147.995
1104000 501.527 -16421.8 -174.177
1105000 497.698 -16619.8 127.384
1106000 499.39 -16536.6 -24.7119
1107000 499.334 -16700.7 67.9445
1108000 500.692 -16594.6 -38.8081
1109000 500.146 -16548.4 -1.1511
1110000 498.04 -16771.4 25.8839
1111000 499.507 -16655.3 48.1059
1112000 499.034 -16676.1 -28.7548
1113000 499.167 -16656.3 -88.3743
1114000 503.724 -16480.1 6.71085
1115000 499.01 -16555.1 -47.3851
1116000 497.978 -16636.6 43.0893
1117000 500.643 -16711.9 32.958
1118000 494.955 -16760.3 -19.0417
1119000 501.033 -16663 40.64
1120000 499.631 -16767.1 5.22102
1121000 499.625 -16689 -96.4649
1122000 498.651 -16673.9 68.6999
1123000 498.757 -16414.5 10.6306
1124000 500.307 -16426.8 -9.96358
1125000 498.389 -16588.6 173
1126000 502.156 -16570.7 -86.0316
1127000 498.524 -16600.6 21.5636
1128000 501.073 -16412.3 -136.115
1129000 499.833 -16594.2 46.3398
1130000 501.181 -16630.5 81.2179
1131000 498.041 -16698.7 -61.2025
1132000 499.35 -16689.5 138.928
1133000 497.416 -16598.3 -167.364
1134000 501.211 -16542.1 15.5081
1135000 497.509 -16651.4 12.0437
1136000 499.965 -16661.3 -58.0429
1137000 499.511 -16706.8 -109.102
1138000 502.934 -16732.9 54.8332
1139000 497.272 -16756.7 130.129
1140000 498.73 -16693.2 -44.9625
1141000 498.735 -16761.8 52.8452
1142000 498.152 -16638.5 -206.195
1143000 499.794 -16596.6 155.399
1144000 497.05 -16531.1 63.0666
1145000 500.203 -16478.3 -66.7576
1146000 501.124 -16498.2 -81.5388
1147000 497.896 -16699.2 -2.75962
1148000 500.249 -16588 111.515
1149000 499.755 -16643.7 -146.581
1150000 498.537 -16740.4 74.2882
1151000 501.497 -16596.9 -39.2636
1152000 499.069 -16578 10.9346
1153000 497.732 -16536.1 -49.3787
1154000 498.885 -16638.3 -2.53352
1155000 500.263 -16642.1 -53.0742
1156000 500.574 -16628.8 -39.5637
1157000 499.082 -16685.8 148.286
1158000 499.903 -16691.5 -39.3558
1159000 499.731 -16651.9 -2.72393
1160000 499.548 -16568.9 -73.8645
1161000 500.133 -16519.7 -7.8829
1162000 496.564 -16656.6 -5.74477
1163000 499.183 -16629.3 122.056
1164000 497.858 -16563.5 63.8491
1165000 500.319 -16548.9 -96.8304
1166000 499.757 -16610 161.807
1167000 499.203 -16596.3 -118.55
1168000 497.046 -16644.5 -4.60282
1169000 500.719 -16510.3 -18.7191
1170000 501.423 -16648.7 52.1087
1171000 497.797 -16612.8 -118.905
1172000 502.39 -16670 96.3251
1173000 501.299 -16585.6 -37.4928
1174000 501.552 -16534.3 22.8323
1175000 498.007 -16519.8 -55.5896
1176000 498.465 -16629.8 30.1943
1177000 500.502 -16647.1 12.5795
1178000 503.193 -16496.5 -18.003
1179000 498.358 -16611.5 50.3566
1180000 501.702 -16564.5 -129.649
1181000 500.263 -16629.9 118.217
1182000 500.01 -16531.7 -52.6574
1183000 502.659 -16563.8 93.6699
1184000 501.069 -16717.3 46.3038
1185000 498.601 -16740.5 -26.3697
1186000 498.01 -16712.7 88.4184
1187000 503.1 -16578.7 -85.0079
1188000 501.972 -16618.5 96.0794
1189000 499.25 -16611.4 23.3804
1190000 503.198 -16554.9 -25.4102
1191000 500.338 -16564.5 97.3627
1192000 502.893 -16368.7 -52.3263
1193000 500.979 -16438.9 -145.958
1194000 499.417 -16715.8 37.7271
1195000 501.434 -16721.3 20.9744
1196000 498.627 -16695.5 34.4134
1197000 501.623 -16634 -15.9935
1198000 503.57 -16593.2 97.9255
1199000 500.606 -16541.7 -41.9129
1200000 499.624 -16559.8 85.4712
1201000 498.745 -16552.5 7.47712
1202000 497.766 -16649.3 -99.4874
1203000 500.015 -16523.8 -13.6234
1204000 497.686 -16566.2 68.2634
1205000 500.524 -16655.9 12.3725
1206000 497.507 -16682.6 -83.7049
1207000 502.013 -16500.1 -84.5596
1208000 498.539 -16671.6 122.675
1209000 502.032 -16559.1 10.7039
1210000 498.869 -16480.1 -44.1831
1211000 502.504 -16574.1 145.19
1212000 501.813 -16572.8 -75.2346
1213000 501.839 -16556.4 -14.3219
1214000 501.018 -16556.9 18.7702
1215000 499.317 -16569.9 -14.9364
1216000 499.344 -16524.5 40.356
1217000 501.486 -16493.2 11.5168
1218000 500.379 -16565.7 -21.0536
1219000 500.32 -16544.9 -37.5698
1220000 497.408 -16528 -78.8288
1221000 498.466 -16574.1 73.8952
1222000 497.899 -16513.7 -123.659
1223000 499.035 -16663.6 121.997
1224000 500.557 -16521 -123.051
1225000 499.733 -16658.3 -24.6767
1226000 499.984 -16525.9 -36.9937
1227000 496.163 -16590.5 46.3038
1228000 499.267 -16656.6 114.371
1229000 498.483 -16578.6 -204.671
1230000 502.106 -16525.7 160.473
1231000 499.732 -16486.8 -99.055
1232000 498.502 -16605.8 27.5307
1233000 500.298 -16523 -38.8894
1234000 498.152 -16605.4 -23.0589
1235000 498.436 -16730 -16.2133
1236000 499.315 -16722.6 55.9987
1237000 502.686 -16601.4 17.4741
1238000 500.896 -16552.2 54.0365
1239000 501.112 -16556.5 -10.0062
1240000 499.148 -16646 3.7499
1241000 499.215 -16703.5 59.6666
1242000 501.709 -16554.4 -22.4362
1243000 498.673 -16704.3 -57.6048
1244000 500.974 -16639.6 19.9638
1245000 501.311 -16649.7 -22.8219
1246000 499.451 -16681.1 77.8601
1247000 499.18 -16624.9 -41.1607
1248000 500.197 -16729 -14.2388
1249000 500.201 -16556.5 -99.7539
1250000 496.825 -16346 -69.6546
1251000 498.337 -16530.5 5.34234
1252000 499.24 -16574.6 87.7607
1253000 498.868 -16553.8 -21.1297
1254000 499.939 -16533.9 1.23305
1255000 500.021 -16581 -38.4734
1256000 499.557 -16666.4 109.662
1257000 496.021 -16653.3 -71.6464
1258000 500.332 -16593.9 -12.6086
1259000 502.583 -16527.5 92.6613
1260000 499.682 -16401.5 0.152398
1261000 501.077 -16664.3 149.066
1262000 498.816 -16573.6 -63.4281
1263000 498.706 -16466.5 -89.751
1264000 502.362 -16560.3 114.203
1265000 501.377 -16440.3 -71.3439
1266000 501.101 -16405.7 -28.5405
1267000 499.373 -16492.7 -7.82874
1268000 502.595 -16597 28.4641
1269000 496.865 -16582.1 -93.9411
1270000 498.495 -16622.8 136.208
1271000 498.232 -16661.1 -99.9175
1272000 499.764 -16614.6 155.761
1273000 498.374 -16610.5 -80.4676
1274000 502.708 -16559 50.0863
1275000 499.542 -16665.6 24.131
1276000 500.474 -16637.5 -2.6495
1277000 500.426 -16498 -37.1732
1278000 499.177 -16574 31.2239
1279000 499.013 -16493.7 68.5731
1280000 500.727 -16494.7 -72.5867
1281000 499.655 -16513.6 65.328
1282000 502.209 -16468.5 -55.7317
1283000 501.137 -16687.3 242.782
1284000 499.193 -16653.2 18.5387
1285000 499.223 -16529.3 -96.8928
1286000 496.928 -16664.3 122.229
1287000 497.981 -16715.3 -50.1463
1288000 500.07 -16659.7 -82.6484
1289000 502.543 -16628.6 19.538
1290000 498.92 -16510.3 -181.973
1291000 502.389 -16602.1 233.577
1292000 500.359 -16486.5 -23.7282
1293000 499.627 -16461.9 -36.8713
1294000 500.044 -16490.9 -61.1001
1295000 499.051 -16596.8 103.049
1296000 499.624 -16665.2 76.6337
1297000 498.305 -16706.5 -111.843
1298000 498.678 -16647.3 152.636
1299000 501.441 -16638.4 6.31912
1300000 496.943 -16627.7 -124.752
1301000 501.864 -16605.5 22.5499
1302000 501.622 -16543.1 72.966
1303000 500.97 -16579.4 62.3803
1304000 500.308 -16507.5 -43.0211
1305000 499.271 -16440 -140.915
1306000 500.101 -16547.3 134.441
1307000 500.679 -16446.2 -120.501
1308000 498.959 -16672.9 79.9404
1309000 498.13 -16646.5 269.247
1310000 498.844 -16521.6 -210.024
1311000 499.695 -16634.1 67.7161
1312000 499.213 -16628.2 44.4653
1313000 499.32 -16571.5 -151.876
1314000 498.578 -16662.6 87.2359
1315000 500.45 -16529.2 -151.282
1316000 499.751 -16683.3 39.7662
1317000 502.297 -16644.4 82.7832
1318000 497.637 -16572.9 -17.0615
1319000 498.222 -16566 -6.96301
1320000 501.883 -16538.9 59.0607
1321000 500.211 -16550.8 -1.01469
1322000 499.818 -16526.8 -20.2455
1323000 498.857 -16476 32.8565
1324000 500.807 -16322.1 -170.919
1325000 499.975 -16567.9 97.5713
1326000 496.488 -16633.6 -58.7147
1327000 499.275 -16692.7 -95.0764
1328000 501.848 -16667.7 192.541
1329000 499.848 -16458.4 -184.523
1330000 499.778 -16503.7 -89.1662
1331000 499.238 -16684.9 256.456
1332000 500.865 -16585.5 -87.0586
1333000 500.453 -16521.4 71.1957
1334000 500.212 -16522.9 -87.0536
1335000 501.058 -16659.5 77.2146
1336000 497.725 -16583.3 -42.0997
1337000 498.155 -16638.5 4.41867
1338000 502.371 -16746.6 67.2228
1339000 497.347 -16658.4 48.5302
1340000 500.589 -16586.3 -27.187
1341000 500.142 -16566.9 -33.0378
1342000 499.463 -16568.7 -175.629
1343000 501.552 -16634.6 90.5966
1344000 499.145 -16590.1 -54.7617
1345000 502.963 -16679.5 158.626
1346000 500.032 -16590.6 -97.8474
1347000 501.205 -16531.9 21.9366
1348000 501.421 -16513.7 -134.963
1349000 500.199 -16745.2 136.811
1350000 499.772 -16647.5 -74.0216
1351000 498.892 -16687.7 -31.367
1352000 501.599 -16627.6 184.718
1353000 499.119 -16488.8 -229.76
1354000 499.086 -16688.6 37.5784
1355000 500.799 -16611.4 -125.55
1356000 499.615 -16568.8 -73.0294
1357000 498.842 -16667.8 177.082
1358000 497.443 -16593.1 1.00052
1359000 502.296 -16508.5 -185.03
1360000 499.579 -16728 223.857
1361000 500.037 -16593.9 -68.4302
1362000 501.289 -16655 31.8606
1363000 497.177 -16721.3 -40.0287
1364000 504.062 -16460.4 -78.5799
1365000 503.241 -16422.3 -165.305
1366000 499.627 -16516.2 65.4616
1367000 501.094 -16520.8 12.4196
1368000 502.048 -16519.7 -111.495
1369000 497.868 -16634.6 70.9639
1370000 501.301 -16492.3 61.0189
1371000 498.946 -16649 -115.162
1372000 502.328 -16454.1 68.631
1373000 500.726 -16504.8 -55.5721
1374000 501.086 -16548.6 -31.4049
1375000 500.413 -16491.7 103.049
1376000 499.381 -16533.8 47.0039
1377000 499.395 -16560.7 -80.0084
1378000 498.592 -16467.4 29.5029
1379000 497.674 -16487.4 -30.3303
1380000 500.448 -16540.3 47.9061
1381000 502.422 -16407 -37.9929
1382000 498.511 -16464.4 -20.7009
1383000 499.493 -16589 15.7647
1384000 499.806 -16467.1 100.163
1385000 499.343 -16553 -34.7242
1386000 501.065 -16631.5 148.922
1387000 499.652 -16546.7 -57.2856
1388000 498.93 -16575.4 0.117102
1389000 498.417 -16608.6 33.3268
1390000 500.801 -16617.5 -90.547
1391000 499.649 -16506.4 87.4078
1392000 500.855 -16482.8 18.6838
1393000 498.635 -16573.7 57.1492
1394000 497.341 -16717.1 -26.7231
1395000 500.154 -16666.4 -36.4332
1396000 500.297 -16596.1 64.0199
1397000 497.887 -16490.8 -87.5434
1398000 499.569 -16524.5 57.2906
1399000 499.183 -16639.6 4.66759
1400000 497.171 -16846.1 138.205
1401000 497.58 -16665.7 -226.174
1402000 500.119 -16656.8 180.385
1403000 496.937 -16647.2 -257.636
1404000 499.449 -16664.9 127.932
1405000 497.563 -16586 44.8551
1406000 499.704 -16500.9 -25.3316
1407000 497.835 -16473.6 -101.505
1408000 500.453 -16571.7 7.68654
1409000 501.961 -16612.6 29.1896
1410000 497.856 -16634.2 16.201
1411000 500.521 -16654.1 60.01
1412000 498.158 -16656.8 -67.8581
1413000 499.353 -16542.1 90.8278
1414000 499.739 -16516.5 -65.9739
1415000 501.716 -16562 -65.6821
1416000 501.284 -16580.8 121.437
1417000 497.677 -16565 -230.115
1418000 503.043 -16487.5 154.216
1419000 499.684 -16516.1 -85.4971
1420000 499.602 -16467.4 -69.4718
1421000 500.919 -16571 83.9871
1422000 500.228 -16539.8 -38.8882
1423000 500.804 -16623.7 -9.24122
1424000 501.173 -16822 228.052
1425000 499.413 -16542 -227.727
1426000 501.628 -16559.9 97.9266
1427000 500.1 -16518.2 -68.3721
1428000 500.475 -16514.3 96.8661
1429000 497.662 -16398.5 -132.546
1430000 498.849 -16310.2 58.9695
1431000 499.324 -16353.8 32.4427
1432000 496.283 -16536.6 -151.055
1433000 500.71 -16635.4 205.463
1434000 498.248 -16445.1 -66.9235
1435000 502.327 -16577.7 25.5649
1436000 500.234 -16641.3 7.94772
1437000 499.63 -16706.6 -47.7278
1438000 498.348 -16677 -90.2382
1439000 498.703 -16735.6 80.1184
1440000 498.657 -16667.9 -67.6046
1441000 502.422 -16519.1 97.7103
1442000 497.917 -16408 -276.092
1443000 502.951 -16502.9 107.164
1444000 502.206 -16568 9.12745
1445000 500.47 -16494.6 -70.6245
1446000 501.815 -16497.5 26.3291
1447000 500.068 -16614.6 -64.324
1448000 497.845 -16627.4 129.712
1449000 499.873 -16566.9 -4.4514
1450000 496.204 -16579.4 0.119984
1451000 498.742 -16568.2 2.9984
1452000 501.222 -16622 76.4606
1453000 498.911 -16558.1 -47.9833
1454000 496.702 -16496.5 -20.0495
1455000 499.321 -16454.6 -27.7646
1456000 502.231 -16350.7 -114.153
1457000 500.286 -16561 182.696
1458000 500.714 -16479.6 -90.7173
1459000 500.83 -16562.5 23.6231
1460000 500.289 -16619.4 -2.83056
1461000 499.469 -16572.1 -6.06928
1462000 498.868 -16804.8 6.1173
1463000 500.417 -16643.7 -17.7805
1464000 499.021 -16571.6 -2.27393
1465000 500.409 -16639.9 -115.885
1466000 503.136 -16643.7 3.31779
1467000 499.291 -16790.6 14.3168
1468000 498.168 -16794.8 -41.4545
1469000 501.178 -16630.8 -62.7595
1470000 496.482 -16680.8 -149.511
1471000 500.865 -16662 115.273
1472000 500.034 -16605.1 -72.64
1473000 500.119 -16658.8 185.413
1474000 501.192 -16638.5 13.5129
1475000 498.037 -16568.4 -50.0354
1476000 502.316 -16636.1 -0.610577
1477000 500.555 -16607.7 48.6271
1478000 499.261 -16572.6 85.2216
1479000 499.948 -16455.2 -26.836
1480000 497.669 -16605.3 -64.3673
1481000 499.852 -16568.7 85.4978
1482000 498.944 -16605.3 7.57833
1483000 500.24 -16669.7 -86.8047
1484000 497.704 -16634.1 60.2671
1485000 499.558 -16615.2 -63.8531
1486000 497.032 -16688.8 16.3635
1487000 500.701 -16657.2 48.9739
1488000 501.432 -16544.2 -103.231
1489000 500.183 -16801.6 24.8694
1490000 498.043 -16642.6 14.7609
1491000 502.944 -16498.4 -14.0719
1492000 502.219 -16556.3 72.5453
1493000 499.578 -16380.8 -107.296
1494000 500.656 -16481.7 28.904
1495000 498.607 -16557.8 -79.4923
1496000 498.977 -16583.5 92.5826
1497000 502.882 -16522.4 -67.8183
1498000 498.745 -16681.9 5.06933
1499000 499.129 -16613.8 -16.0953
1500000 498.667 -16592.1 3.955
1501000 500.171 -16609.8 -138.575
1502000 498.891 -16611.3 125.871
1503000 499.597 -16632.9 -56.0429
1504000 496.73 -16603.2 -25.8295
1505000 500.597 -16585.3 -59.0775
1506000 498.237 -16525.5 135.272
1507000 500.33 -16448.1 -13.2084
1508000 500.643 -16415.3 -51.3775
1509000 500.782 -16620.9 32.5954
1510000 499.879 -16546.8 -40.0545
1511000 497.941 -16592.9 49.3631
1512000 503.234 -16396.3 -14.9889
1513000 497.64 -16584.1 -19.8427
1514000 500.99 -16607.2 99.0523
1515000 500.222 -16489.3 -186.634
1516000 501.245 -16674.8 64.4555
1517000 498.557 -16760.7 157.514
1518000 502.424 -16471.6 -164.785
1519000 499.168 -16535.6 -11.801
1520000 499.694 -16478.3 -7.7735
1521000 499.948 -16538.7 52.8658
1522000 499.922 -16669.7 118.013
1523000 501.517 -16546.4 -81.8228
1524000 501.269 -16577.9 154.47
1525000 501.037 -16508.4 -124.382
1526000 499.742 -16528.4 27.7861
1527000 501.695 -16520 -35.3034
1528000 499.204 -16548.6 59.9482
1529000 503.323 -16436.8 24.1592
1530000 497.169 -16542.1 -36.2426
1531000 500.971 -16712.9 123.72
1532000 500.909 -16492.6 -201.001
1533000 498.531 -16612.6 173.184
1534000 498.876 -16554.9 48.1486
1535000 499.038 -16606 -122.123
1536000 499.145 -16835.9 88.5447
1537000 499.809 -16652 -89.6541
1538000 499.333 -16783 -42.9715
1539000 499.71 -16736.2 120.779
1540000 498.42 -16526.5 -51.7057
1541000 499.921 -16573.7 -30.3219
1542000 500.214 -16633.9 76.0533
1543000 503.607 -16580.3 -74.6902
1544000 500.342 -16686.3 144.522
1545000 499.284 -16618.3 -39.04
1546000 497.396 -16530.1 -9.15229
1547000 498.855 -16452 -99.5363
1548000 500.529 -16577.5 25.9071
1549000 499.149 -16671.4 69.6701
1550000 499.333 -16704.1 -63.3396
1551000 497.934 -16640.6 124.171
1552000 499.776 -16589.2 -12.3164
1553000 498.47 -16501.2 -73.2368
1554000 499.328 -16461.3 34.2121
1555000 499.603 -16614.1 -8.76454
1556000 500.209 -16539.2 -98.6265
1557000 498.892 -16601.7 118.253
1558000 502.018 -16369.7 -141.368
1559000 500.821 -16570.2 71.2283
1560000 501.36 -16490.6 -13.3584
1561000 501.639 -16578.9 -53.3555
1562000 504.207 -16572.1 179.057
1563000 496.761 -16582.9 -176.974
1564000 503.057 -16520.5 -24.5426
1565000 499.133 -16683.3 16.7167
1566000 500.489 -16692.6 152.793
1567000 497.849 -16549.9 -175.297
1568000 499.207 -16639.3 2.64848
1569000 499.354 -16617.6 -32.7709
1570000 497.906 -16630.1 37.4869
1571000 500.817 -16689.6 139.715
1572000 496.41 -16647.6 -33.388
1573000 500.366 -16538 -62.2257
1574000 499.582 -16593.7 6.77355
1575000 498.904 -16640.7 161.566
1576000 503.598 -16362.2 -107.42
1577000 501.057 -16547.4 -19.7307
1578000 502.642 -16602.5 152.045
1579000 498 -16503.1 -178.376
1580000 499.998 -16631.4 163.503
1581000 500.755 -16462.4 -142.09
1582000 501.046 -16476.8 -21.0629
1583000 501.959 -16491.9 -26.9981
1584000 501.258 -16568.3 17.3032
1585000 503.358 -16534.7 -9.68276
1586000 499.635 -16615.5 69.9256
1587000 499.373 -16586 -134.986
1588000 501.556 -16634.3 100.741
1589000 498.536 -16567.9 41.5562
1590000 503.308 -16401 90.2705
1591000 500.257 -16517.7 -121.502
1592000 500.292 -16479.4 115.745
1593000 500.74 -16572.3 -9.16068
1594000 498.307 -16658.5 21.5802
1595000 501.03 -16524.6 -46.3907
1596000 499.718 -16602.8 -12.7627
1597000 499.06 -16685.1 94.6848
1598000 498.777 -16631.3 -79.7259
1599000 500.463 -16601.7 -154.72
1600000 502.227 -16628.9 57.57
1601000 500.236 -16685.6 -28.1687
1602000 501.546 -16744.1 21.5803
1603000 496.654 -16736.3 70.6946
1604000 498.01 -16660.4 -42.989
1605000 501.392 -16566.2 63.9738
1606000 499.813 -16491.4 -150.012
1607000 497.349 -16526.3 -40.9981
1608000 498.897 -16656.7 91.8052
1609000 500.115 -16591.7 -54.61
1610000 500.703 -16607.9 -87.0584
1611000 497.336 -16847.3 20.9597
1612000 500.591 -16686.2 14.674
1613000 500.911 -16635.9 -73.6986
1614000 500.411 -16596.1 21.884
1615000 500.891 -16518.5 121.893
1616000 497.588 -16554.7 -114.188
1617000 501.488 -16483.9 -3.88859
1618000 502.512 -16634.1 -27.1882
1619000 500.109 -16600.1 -66.3574
1620000 501.641 -16658.5 95.1441
1621000 499.728 -16525.4 -190.424
1622000 496.328 -16708.2 115.513
1623000 498.029 -16676.5 -70.9877
1624000 500.383 -16607.2 165.57
1625000 502.426 -16557.5 -187.048
1626000 500.006 -16602.1 90.8399
1627000 500.314 -16485 -81.1681
1628000 500.367 -16597.2 -20.0426
1629000 500.937 -16557.5 -4.98288
1630000 500.41 -16607.7 -23.5721
1631000 498.68 -16684.4 82.6285
1632000 499.915 -16524.1 -162.59
1633000 502.305 -16556.2 10.5923
1634000 502.256 -16556.9 -5.91174
1635000 502.214 -16598.4 56.7976
1636000 496.888 -16624.1 -2.76638
1637000 499.21 -16497 -107.786
1638000 500.048 -16572 78.6807
1639000 500.112 -16618 -39.2441
1640000 498.228 -16553.5 -61.5682
1641000 499.618 -16588.4 75.4508
1642000 498.571 -16621.3 -30.3393
1643000 500.004 -16572.2 -164.373
1644000 500.515 -16636.4 299.611
1645000 499.602 -16541 -95.0094
1646000 501.532 -16529.9 -73.4266
1647000 497.6 -16555.2 52.1107
1648000 498.986 -16666.2 -53.5972
1649000 496.364 -16718.2 76.3307
1650000 499.997 -16646.5 87.1527
1651000 498.079 -16487.3 -122.484
1652000 500.412 -16490.2 -101.068
1653000 497.166 -16701.5 125.008
1654000 504.847 -16507.6 -13.0049
1655000 501.468 -16588.3 3.49801
1656000 501.242 -16565.5 -69.0945
1657000 502.441 -16603.2 56.595
1658000 500.683 -16612.1 -134.008
1659000 501.551 -16686.2 206.596
1660000 498.261 -16554.9 -128.675
1661000 502.142 -16636.9 82.9165
1662000 497.502 -16658.9 -170.569
1663000 498.32 -16591.5 18.1495
1664000 501.78 -16554.3 19.7698
1665000 498.725 -16483.4 29.5087
1666000 500.245 -16384.3 -93.2442
1667000 502.05 -16599.9 249.213
1668000 497.506 -16439.1 -133.554
1669000 501.05 -16455.2 41.8695
1670000 504.059 -16405.5 40.0238
1671000 501.041 -16356.3 -100.037
1672000 501.249 -16480.6 260.434
1673000 497.976 -16473.4 -265.457
1674000 497.836 -16622.5 91.5296
1675000 500.428 -16670 -64.8533
1676000 500.655 -16784.2 53.2253
1677000 498.277 -16668.5 -119.231
1678000 499.909 -16815.7 47.7572
1679000 499.419 -16710 -58.0684
1680000 498.53 -16675.9 -14.4657
1681000 500.425 -16757.3 172.089
1682000 501.635 -16687.8 -35.7119
1683000 504.409 -16680.2 -64.4713
1684000 498.358 -16733.9 -4.43408
1685000 501.754 -16634.6 26.923
1686000 499.097 -16648.9 65.8582
1687000 497.89 -16503.5 -144.098
1688000 500.902 -16557.2 -17.7097
1689000 500.999 -16689.7 221.805
1690000 500.475 -16651.5 -94.6068
1691000 499.634 -16663.4 22.5515
1692000 498.898 -16639.5 -29.2079
1693000 497.931 -16616.1 73.2781
1694000 498.755 -16652.7 86.5817
1695000 498.341 -16571.1 -90.7836
1696000 501.806 -16476.4 109.99
1697000 499.565 -16466.1 -123.433
1698000 498.897 -16660 52.2965
1699000 498.914 -16609.1 160.992
1700000 499.797 -16527.5 -15.9277
1701000 498.147 -16589.7 -88.6933
1702000 503.743 -16513 -24.8266
1703000 499.05 -16584.1 77.8518
1704000 499.271 -16649.1 -16.7093
1705000 500.299 -16518.8 -88.5431
1706000 497.923 -16600 15.5589
1707000 498.117 -16853 29.0692
1708000 500.115 -16710.9 78.2373
1709000 498.059 -16703.8 -59.6492
1710000 499.089 -16605.3 -65.8664
1711000 500.151 -16626.6 -46.6195
1712000 500.359 -16674.7 46.8268
1713000 500.997 -16610.1 96.9558
1714000 502.521 -16543.2 -182.628
1715000 499.539 -16703.6 94.9554
1716000 498.72 -16699 43.672
1717000 497.524 -16595.3 -169.734
1718000 497.311 -16728.4 185.988
1719000 498.582 -16634 -43.3837
1720000 500.739 -16516 -88.5912
1721000 501.559 -16574.8 193.228
1722000 500.847 -16598.9 -97.5644
1723000 500.237 -16598.7 145.359
1724000 500.324 -16443 -177.526
1725000 500.481 -16584.4 92.5185
1726000 501.791 -16549 -61.2411
1727000 500.437 -16570.7 128.169
1728000 500.086 -16527.3 -5.88749
1729000 503.785 -16571.7 25.0979
1730000 496.591 -16587.7 9.43998
1731000 498.116 -16688.7 4.50506
1732000 499.356 -16638.2 26.4384
1733000 502.652 -16558.4 34.5922
1734000 497.989 -16745.7 -118.279
1735000 499.342 -16645.1 43.1945
1736000 500.25 -16548.9 -26.351
1737000 499.947 -16552.8 7.32089
1738000 500.164 -16534.1 -136.967
1739000 500.697 -16703.7 294.727
1740000 500.417 -16553.5 0.692066
1741000 500.477 -16515.2 -56.796
1742000 497.318 -16596.6 110.151
1743000 502.711 -16520.3 -169.957
1744000 503.169 -16586.8 -9.98444
1745000 501.325 -16612 51.2109
1746000 499.164 -16588.6 -131.892
1747000 498.722 -16729.1 150.166
1748000 498.58 -16636.6 -16.4768
1749000 499.193 -16744.6 122.92
1750000 501.248 -16615.5 87.4478
1751000 499.56 -16547.5 -162.955
1752000 500.499 -16639.2 51.4185
1753000 498.626 -16677.2 -49.9134
1754000 499.577 -16597.6 173.054
1755000 503.147 -16522.5 -193.26
1756000 499.86 -16531.8 -19.0904
1757000 500.929 -16729.5 178.561
1758000 500.412 -16640.5 10.1661
1759000 498.126 -16578.3 25.3707
1760000 500.936 -16525 -40.4718
1761000 500.032 -16599.4 -30.111
1762000 501.819 -16601.3 193.017
1763000 499.752 -16618.6 -95.7184
1764000 502.781 -16648.4 66.9381
1765000 497.74 -16525.1 -50.8312
1766000 499.43 -16489.1 36.014
1767000 501.625 -16436.8 -103.038
1768000 499.543 -16570.9 157.356
1769000 499.025 -16570.1 -78.3245
1770000 502.058 -16515.7 -136.328
1771000 502.904 -16662.6 119.796
1772000 501.109 -16570.7 -87.3072
1773000 498.624 -16722.8 142.56
1774000 499.832 -16489.5 34.9113
1775000 503.213 -16476.7 -44.1199
1776000 503.158 -16588.8 66.3681
1777000 497.671 -16583.6 -122.231
1778000 499.586 -16612.7 -9.78158
1779000 499.241 -16662.4 114.193
1780000 498.399 -16682.7 -120.358
1781000 500.213 -16577.6 42.2074
1782000 499.056 -16447 -62.151
1783000 501.462 -16578.2 59.7436
1784000 499.68 -16662.1 -7.24668
1785000 501.589 -16638.2 -179.91
1786000 497.056 -16731.7 135.677
1787000 502.045 -16613.2 -75.1101
1788000 499.541 -16681.4 63.0652
1789000 497.169 -16699.9 -64.6031
1790000 500.591 -16712 38.0466
1791000 499.639 -16627.4 -35.1595
1792000 500.591 -16557.1 88.8022
1793000 501.362 -16533.1 -124.488
1794000 499.494 -16453.6 -141.12
1795000 499.336 -16481.9 31.4402
1796000 497.393 -16541.5 33.2856
1797000 501.015 -16574.5 89.1424
1798000 500.328 -16570.5 5.38469
1799000 500.088 -16552.1 -48.9888
1800000 498.793 -16547.7 -50.3329
1801000 498.613 -16636.7 77.9577
1802000 500.486 -16473.4 -138.006
1803000 501.38 -16452.7 -49.9199
1804000 500.672 -16659.1 173.66
1805000 501.243 -16625.3 -34.1953
1806000 498.913 -16667.2 -37.584
1807000 500.184 -16695 93.6612
1808000 500.251 -16553.4 -209.991
1809000 499.196 -16637 101.255
1810000 499.816 -16648.6 -6.27836
1811000 500.826 -16614.5 -126.147
1812000 498.356 -16652.7 128.886
1813000 498.114 -16700.6 -122.291
1814000 502.458 -16781.3 172.12
1815000 501.723 -16574.2 -58.6842
1816000 501.461 -16615.2 -44.2168
1817000 502.348 -16657.2 122.409
1818000 497.683 -16601.5 -215.971
1819000 500.328 -16623.8 95.8535
1820000 497.462 -16683.9 15.4722
1821000 499.905 -16700.2 -12.3679
1822000 501.062 -16729.8 109.126
1823000 499.341 -16692 -53.1247
1824000 498.947 -16735.6 6.3506
1825000 497.252 -16649 -67.0061
1826000 499.603 -16730.6 52.1966
1827000 500.762 -16603.9 64.5196
1828000 500.548 -16690.2 -60.1154
1829000 501.677 -16700.8 84.1543
1830000 502.079 -16591.4 3.75724
1831000 503.819 -16434.2 -219.343
1832000 501.064 -16513.6 190.887
1833000 498.648 -16531 -99.3457
1834000 500.859 -16556.4 197.667
1835000 503.874 -16545 -54.7512
1836000 501.52 -16725.8 89.3827
1837000 498.913 -16663.2 -111.437
1838000 500.437 -16622.2 26.9265
1839000 499.855 -16597.3 32.3306
1840000 498.72 -16494.6 -81.8472
1841000 499.518 -16651.6 137.535
1842000 497.619 -16592 -97.2818
1843000 497.297 -16653.6 -58.4453
1844000 500.267 -16624.8 143.492
1845000 499.468 -16546.3 -157.681
1846000 499.606 -16525.7 -52.2476
1847000 504.678 -16436.4 28.1223
1848000 500.033 -16528.3 -41.4061
1849000 501.112 -16570.3 38.076
1850000 501.582 -16479.5 -39.8668
1851000 500.702 -16536.1 25.9018
1852000 502.214 -16661 0.488196
1853000 498.343 -16550 -150.521
1854000 498.172 -16585.5 71.8626
1855000 498.025 -16560.9 -141.659
1856000 498.078 -16692.7 53.8739
1857000 501.069 -16626.8 4.62977
1858000 500.327 -16580.2 85.7767
1859000 499.904 -16543.7 5.17065
1860000 499.888 -16617.6 -3.06547
1861000 501.728 -16552.9 38.4087
1862000 503.019 -16644.9 -131.278
1863000 500.987 -16678 283.759
1864000 502.922 -16583.4 -95.5155
1865000 501.741 -16585.7 -63.2427
1866000 501.066 -16385.4 -88.2312
1867000 498.875 -16595.1 91.5526
1868000 496.076 -16519 -69.4084
1869000 500.073 -16449.8 43.6742
1870000 502.253 -16336.4 -136.564
1871000 499.092 -16458.8 164.125
1872000 499.218 -16523.5 -17.4324
1873000 499.989 -16416.1 -64.4859
1874000 499.369 -16494.9 16.403
1875000 498.725 -16512.3 67.9735
1876000 500.566 -16505.3 -0.537593
1877000 501.925 -16618.4 0.0678566
1878000 503.113 -16509.2 24.7694
1879000 499.746 -16611.4 34.5704
1880000 501.66 -16566.3 -33.1615
1881000 503.521 -16567.5 119.182
1882000 497.97 -16509.7 -43.2159
1883000 499.2 -16622.1 -52.2867
1884000 497.897 -16617.9 -9.60672
1885000 501.37 -16556.5 -67.9371
1886000 501.075 -16580 34.1692
1887000 502.174 -16672.7 -10.761
1888000 498.018 -16722 74.8729
1889000 498.665 -16491.9 10.2657
1890000 498.53 -16500.1 -65.3391
1891000 499.308 -16597.2 78.5946
1892000 499.474 -16460.8 -136.217
1893000 500.289 -16537.6 75.6679
1894000 502.762 -16455.3 83.4303
1895000 500.138 -16427 -147.553
1896000 500.584 -16540.6 17.9676
1897000 501.159 -16438.1 81.382
1898000 499.608 -16474.6 -78.4935
1899000 499.353 -16559.5 10.7761
1900000 499.357 -16605.2 61.2645
1901000 499.837 -16613.4 8.30001
1902000 502.584 -16546.3 -36.9823
1903000 496.991 -16622.7 6.91419
1904000 498.849 -16576.1 166.885
1905000 499.905 -16523.6 -10.0575
1906000 499.854 -16566.6 61.652
1907000 498.613 -16558.2 -106.332
1908000 499.669 -16678.9 -20.9639
1909000 498.894 -16631.6 -44.907
1910000 499.184 -16729.7 70.7241
1911000 501.339 -16647.6 40.4158
1912000 502.026 -16535.4 -8.0839
1913000 498.609 -16504.9 5.56458
1914000 499.038 -16508.6 -119.612
1915000 498.894 -16627.4 57.4751
1916000 500.74 -16460.2 39.1133
1917000 500.446 -16499.8 -71.8889
1918000 501.186 -16565.1 151.764
1919000 502.82 -16486.9 -41.9465
1920000 501.943 -16559.2 -15.167
1921000 498.198 -16723.5 37.5437
1922000 500.311 -16670.5 -210.136
1923000 503.796 -16715.2 248.042
1924000 500.909 -16559.9 -52.9354
1925000 501.191 -16432.8 -115.602
1926000 501.735 -16590.3 177.495
1927000 501.12 -16507 62.893
1928000 500.408 -16507.7 -129.655
1929000 498.347 -16667.4 12.3194
1930000 499.583 -16628.8 40.1531
1931000 499.676 -16672.9 23.6813
1932000 501.032 -16617.3 -35.7026
1933000 499.218 -16591.5 -29.0937
1934000 500.337 -16642 7.23496
1935000 499.92 -16719.5 189.029
1936000 498.912 -16472.9 -114.876
1937000 499.538 -16457.9 54.9567
1938000 501.054 -16472.6 -245.347
1939000 500.518 -16558.2 28.4942
1940000 499.183 -16508.4 -27.4003
1941000 500.109 -16485.5 -48.3342
1942000 500.815 -16673.5 277.792
1943000 497.021 -16664.7 -186.565
1944000 496.832 -16651.6 5.85967
1945000 498.628 -16627.9 66.3912
1946000 501.498 -16584.5 28.0393
1947000 502.535 -16551.4 21.1718
1948000 499.214 -16547.8 -174.952
1949000 500.033 -16646.1 193.173
1950000 497.353 -16615.9 -87.0025
1951000 499.031 -16652.7 43.214
1952000 497.314 -16575.3 -83.6378
1953000 500.408 -16622.6 11.7248
1954000 498.826 -16641.5 19.0711
1955000 498.031 -16677.8 136.596
1956000 500.38 -16624.9 -32.2356
1957000 502.814 -16717.7 118.074
1958000 497.349 -16766.9 -194.714
1959000 497.303 -16781.9 44.6127
1960000 497.684 -16758.1 -92.3777
1961000 500.84 -16778.6 26.9131
1962000 499.135 -16753.3 57.7086
1963000 498.925 -16622.2 -120.839
1964000 498.495 -16712.6 158.936
1965000 501.074 -16551.5 -85.5397
1966000 502.763 -16621 -57.7278
1967000 499.638 -16656.4 17.7924
1968000 499.649 -16620.3 13.3321
1969000 499.896 -16586.6 -25.2547
1970000 497.381 -16646.5 26.3849
1971000 498.898 -16603.9 37.6987
1972000 499.019 -16738.3 102.468
1973000 500.28 -16575.1 -117.351
1974000 501.289 -16570.7 125.654
1975000 502.63 -16592.7 33.2112
1976000 498.673 -16621.6 -0.814084
1977000 502.933 -16365.6 -9.85127
1978000 500.496 -16507.6 18.5027
1979000 499.239 -16576.5 -41.6695
1980000 498.819 -16632.4 124.651
1981000 501.373 -16517.9 -2.66909
1982000 501.631 -16509.3 9.23389
1983000 499.633 -16540.4 -29.3169
1984000 498.861 -16608.5 29.0222
1985000 500.081 -16511.7 -60.8001
1986000 497.271 -16640.6 -44.7526
1987000 500.322 -16481.1 27.354
1988000 499.331 -16621.5 114.296
1989000 504.138 -16580 -25.3582
1990000 498.906 -16591.5 -13.246
1991000 499.229 -16582.1 42.1648
1992000 500.83 -16621.3 -67.6924
1993000 499.742 -16599.2 108.659
1994000 500.418 -16562.1 -32.6597
1995000 502.032 -16580.7 -6.68294
1996000 498.419 -16671.6 31.6717
1997000 500.336 -16661.4 -49.2974
1998000 501.342 -16511.6 -118.907
1999000 500.711 -16527.2 112.089
2000000 495.84 -16429.3 -7.39681
