# Time-averaged data for fix 3
# TimeStep v_Temperature v_PotentialEnergy v_Pressure
2000 266.209 -21974.1 -320.187
3000 298.742 -21692.8 -55.4896
4000 301.152 -21941.8 -33.0824
5000 299.66 -22157.8 -24.6912
6000 300.201 -22319.6 38.9533
7000 298.997 -22494.4 -70.6688
8000 300.37 -22512.2 94.4013
9000 298.881 -22565.3 -9.84618
10000 299.163 -22608.4 12.5975
11000 299.2 -22633.8 3.63558
12000 300.037 -22628 93.3745
13000 299.267 -22671.3 -194.521
14000 300.932 -22662 13.0089
15000 299.64 -22739.8 42.5466
16000 301.407 -22675.8 24.657
17000 297.72 -22772.2 20.6834
18000 300.324 -22727.1 -42.3878
19000 300.95 -22685.9 3.9034
20000 301.223 -22740.4 -11.2427
21000 300.568 -22797.8 -33.4209
22000 299.894 -22736.5 32.9087
23000 300.617 -22812.2 -2.98596
24000 299.894 -22839.5 -40.5215
25000 300.015 -22899.4 12.6938
26000 298.821 -22971.3 20.1236
27000 300.249 -22904.7 -81.6411
28000 299.079 -22881.3 41.8067
29000 301.125 -22831.8 44.9525
30000 300.374 -22866 21.9949
31000 298.56 -22890.9 37.7428
32000 298.898 -22963.4 1.32566
33000 298.899 -22923.4 -36.199
34000 301.196 -22875.1 0.514766
35000 298.956 -22966.9 58.6223
36000 301.429 -22959 -33.1428
37000 298.977 -23019.9 7.83543
38000 298.936 -22983.5 -14.3751
39000 299.893 -22978.2 -7.87564
40000 300.755 -23027.1 20.2559
41000 300.038 -23017.9 -11.2365
42000 298.553 -22961.6 -52.5532
43000 300.543 -22946.2 -27.6747
44000 300.54 -22905.2 -32.5084
45000 299.134 -22870.2 14.9465
46000 299.722 -22937.3 -87.9994
47000 301.645 -22892.6 -1.2497
48000 300.474 -22858.8 41.7733
49000 299.132 -22924.1 82.9169
50000 299.082 -22939.4 -71.8763
51000 299.581 -22991.7 30.6359
52000 300.925 -22991.6 -45.2029
53000 299.327 -23002.5 85.0196
54000 298.899 -23039.6 11.6355
55000 300.253 -22974 -95.7614
56000 299.406 -23007.7 2.38167
57000 299.097 -23011.8 36.488
58000 299.478 -22966.4 -8.60664
59000 299.884 -22966.5 14.7331
60000 300.139 -22940.6 51.0245
61000 300.083 -22940.5 16.3354
62000 300.065 -22929.1 75.9404
63000 300.453 -22919.8 27.0388
64000 298.568 -22976 -62.4944
65000 298.52 -23011.7 23.4403
66000 299.386 -22957.6 18.7607
67000 298.805 -22946.7 0.267918
68000 300.602 -22909 -40.5682
69000 299.778 -22855.3 -32.1093
70000 301.43 -22834.7 37.4222
71000 301.201 -22833.2 -73.4887
72000 300.567 -22898 120.273
73000 300.753 -22870.4 -12.2877
74000 297.818 -22921.2 -106.013
75000 300.893 -22909.9 3.09578
76000 299.466 -22936.7 18.2985
77000 300.277 -22943 -3.7674
78000 300.029 -22985.1 54.1167
79000 297.661 -22946.8 -119.037
80000 299.005 -22912.5 98.5539
81000 301.05 -22905.4 -6.75078
82000 300.274 -22962.5 -44.218
83000 298.584 -22974.2 4.13606
84000 299.352 -22925.3 10.8355
85000 300.535 -22904.4 42.1917
86000 300.429 -22899.8 11.437
87000 301.521 -22855.7 0.584145
88000 300.759 -22883.3 -20.809
89000 298.049 -22874.4 -56.4641
90000 301.502 -22904.4 149.938
91000 301.394 -22855.2 -53.8742
92000 300.309 -22901.9 -83.0533
93000 302.088 -22943.8 50.066
94000 299.931 -22923.3 -34.6995
95000 301.107 -22884.3 -11.8724
96000 299.583 -22919 -6.67623
97000 299.108 -22955.3 -67.0896
98000 298.988 -22987.8 44.7695
99000 300.195 -22930.8 32.1767
100000 300.201 -22984.3 -71.5903
101000 301.122 -22969 -66.0893
102000 299.614 -22972.7 -31.6294
103000 299.43 -22982.3 151.816
104000 299.444 -22962.8 -95.8963
105000 299.899 -22985.8 -2.84762
106000 298.693 -23000.8 -15.3498
107000 300.244 -23034.2 22.3852
108000 299.73 -23118 28.9178
109000 298.233 -23079 50.5697
110000 299.019 -22962.3 -83.8529
111000 301.409 -22920.2 -25.0557
112000 301.936 -22934.7 -18.1665
113000 300.592 -22981.9 51.9381
114000 300.468 -22898.7 9.58324
115000 297.814 -22945.9 26.1415
116000 298.478 -22959.6 -54.0519
117000 300.214 -22958.8 10.1911
118000 299.797 -22853.9 -50.633
119000 301.646 -22845.6 75.0792
120000 299.85 -22831.8 38.5058
121000 300.109 -22806.9 -2.3767
122000 298.55 -22862.1 17.2257
123000 302.197 -22858.9 58.8085
124000 299.66 -22860.8 -40.5864
125000 300.852 -22864.2 -47.1637
126000 299.828 -22881.3 -35.8811
127000 299.158 -22947.2 -55.7395
128000 301.142 -22920.4 112.789
129000 300.262 -22921.9 22.0188
130000 298.613 -22933.5 -23.2062
131000 299.538 -22968.4 -51.009
132000 297.865 -23001 19.6763
133000 300.08 -22986.8 8.41794
134000 301.575 -22965.6 -37.2463
135000 298.505 -23071.3 -2.62391
136000 299.339 -23049.8 -64.6291
137000 300.002 -23055.3 -30.2665
138000 301.61 -23051.9 -3.10695
139000 300.002 -23068.4 25.3592
140000 300.964 -23052.5 58.7962
141000 298.64 -23043.2 -14.6856
142000 298.917 -22950.4 -6.28926
143000 302.146 -22918.8 55.7955
144000 301.321 -22983.4 -109.309
145000 300.866 -22971.9 89.4078
146000 301.757 -22998.7 -26.9013
147000 301.602 -23036.3 30.745
148000 300.847 -23051.1 -58.5784
149000 299.467 -23028.8 -1.88239
150000 300.153 -22980.3 -5.07988
151000 301.307 -22983 23.1567
152000 299.187 -23023 -121.027
153000 299.986 -23038.8 -37.8109
154000 300.134 -23057.8 20.7273
155000 299.899 -23056.2 97.7491
156000 299.373 -23048.4 -22.6738
157000 298.641 -23095.7 132.776
158000 300.181 -23071.2 -19.4366
159000 301.283 -23000 -36.2215
160000 299.788 -23056.2 10.3903
161000 300.371 -23119 8.39984
162000 299.413 -23111.3 19.9542
163000 301.27 -23109 47.611
164000 301.236 -23066.1 17.9047
165000 299.204 -23166.3 -4.34848
166000 301.539 -23131.5 -49.6242
167000 300.828 -23116.2 -11.3696
168000 299.567 -23118.3 15.7952
169000 300.157 -23148.4 -9.88462
170000 301.115 -23133.6 43.3238
171000 300.22 -23085.4 6.22941
172000 301.228 -23134.3 91.1396
173000 300.063 -23072.8 49.624
174000 300.532 -23042.1 -59.415
175000 300.94 -23042.3 2.21837
176000 300.188 -23055.7 1.04427
177000 297.953 -23130 -2.878
178000 299.53 -23043 -20.2817
179000 298.766 -23066.8 123.178
180000 301.017 -23075.1 -65.3171
181000 299.462 -23090.1 -7.21304
182000 300.736 -23016.5 13.5571
183000 301.305 -23026.2 -82.2313
184000 299.737 -22989.8 21.1589
185000 299.702 -22976.6 47.5884
186000 300.493 -23041.2 5.14132
187000 300.117 -23062.4 -40.0754
188000 298.837 -23081.4 41.7398
189000 300.738 -23084.8 -56.011
190000 300.105 -23085.3 18.1902
191000 297.555 -23129.6 17.8501
192000 299.098 -23123 73.689
193000 301.227 -23006.7 -46.0209
194000 300.127 -23035.7 53.4878
195000 300.378 -22987.5 -131.749
196000 300.621 -23022.8 -11.4165
197000 298.987 -23062.7 34.2191
198000 299.653 -22994.7 5.5763
199000 299.462 -22974.9 19.5981
200000 301.266 -22935.5 22.566
201000 301.145 -22941.2 1.21842
202000 300.047 -22983.6 6.84205
203000 298.481 -22966.4 143.344
204000 301.36 -22884.6 -96.3605
205000 301.679 -22843.9 -51.017
206000 299.91 -22877.2 -72.2943
207000 299.88 -22872.2 -45.4468
208000 299.301 -22904.1 74.6323
209000 300.03 -22957.1 -72.7377
210000 300.029 -22918.8 -27.2585
211000 299.965 -22934.5 -34.6735
212000 297.798 -22959.9 -50.1479
213000 301.25 -22913 -41.7011
214000 300.199 -22972.4 138.07
215000 298.431 -22971.1 -31.5812
216000 299.241 -23008.6 105.977
217000 298.401 -22992.2 -60.6494
218000 300.561 -22974.4 89.9765
219000 300.901 -22981 16.8903
220000 300.335 -22918 105.494
221000 300.623 -22997.1 82.7534
222000 298.909 -22988.5 -51.2695
223000 299.231 -23030.3 11.3318
224000 298.945 -23033.2 28.5202
225000 299.461 -23071.6 38.9527
226000 299.788 -23074.4 36.0802
227000 301.096 -23005.2 -66.3973
228000 300.429 -22979.6 -22.6838
229000 299.087 -23026.4 3.41287
230000 298.768 -22967.3 -11.1178
231000 301.426 -22964.6 -28.2135
232000 299.094 -22909.2 55.9621
233000 300.725 -22850.9 -36.2647
234000 300.899 -22861.5 -75.7867
235000 301.143 -22921 53.687
236000 299.346 -22931.4 7.09342
237000 300.688 -22939.8 -24.2327
238000 299.072 -22961.4 0.16849
239000 299.519 -22929.3 -40.9108
240000 301.044 -22964.8 19.334
241000 299.947 -22994.5 -12.3723
242000 299.3 -23051.1 -49.5323
243000 300.322 -22931.2 -22.6247
244000 301.036 -22967.9 57.748
245000 300.457 -22963.3 107.247
246000 300.054 -22966.8 -84.5427
247000 297.102 -23023.1 34.3784
248000 301.809 -22963.8 -65.2975
249000 300.371 -23035.1 -6.34485
250000 298.7 -23039.4 -81.3918
251000 299.446 -23013.3 68.7844
252000 301.598 -23038.5 -33.4765
253000 299.244 -23070.5 -20.2642
254000 301.348 -23090 -38.4743
255000 301.084 -23056.7 -46.8814
256000 298.712 -23137.4 82.0499
257000 299.678 -23058.3 -91.7944
258000 301.592 -23023.9 72.2367
259000 300.106 -23017.4 13.8789
260000 299.867 -23049.9 74.7575
261000 298.413 -23084 -61.1923
262000 301.01 -23018.9 35.3545
263000 300.015 -22959.8 -78.092
264000 300.492 -22917 16.632
265000 300.786 -22917.2 -37.1345
266000 299.562 -22989.3 29.3723
267000 300.796 -22962.9 18.832
268000 300.202 -22939.1 -54.4288
269000 299.55 -22981.3 -27.6433
270000 299.62 -22985.4 81.4602
271000 299.19 -23004.3 67.9431
272000 299.349 -22971.5 -68.646
273000 299.122 -22934.2 102.303
274000 299.985 -22943.9 -66.9015
275000 299.074 -23028.9 56.4518
276000 299.171 -23097.4 -14.3788
277000 299.268 -23048.6 -29.1889
278000 300.284 -23044.1 -34.0331
279000 299.148 -23021.7 94.4955
280000 299.874 -23038.8 -39.087
281000 299.513 -23014.2 -23.9783
282000 299.409 -23029.3 110.86
283000 299.773 -23101.8 -93.3964
284000 298.476 -23026.9 65.4267
285000 299.363 -23048.8 -10.6185
286000 298.455 -23056.7 3.56589
287000 298.793 -23120.6 -19.1241
288000 300.012 -23079.9 22.4454
289000 297.978 -23126.2 -118.081
290000 299.912 -23114.6 50.3036
291000 298.753 -23108.6 3.15269
292000 300.473 -23057.1 74.6264
293000 298.212 -23063.3 -63.2155
294000 301.213 -23021.2 25.4501
295000 300.066 -23119.8 -56.1511
296000 299.032 -23150.1 0.376171
297000 301.079 -23069.5 -1.53384
298000 299.98 -23056.8 49.6325
299000 299.68 -23111.6 -2.88067
300000 301.965 -23047.5 -21.6853
301000 299.181 -23117.2 -20.2691
302000 301.363 -23089.4 34.907
303000 299.804 -23097.8 -16.1464
304000 300.402 -23039.4 18.9854
305000 299.824 -23043.1 8.13481
306000 299.318 -23097 46.8012
307000 299.788 -23085.3 42.0209
308000 299.224 -23128.7 -83.1589
309000 298.217 -23160 -76.2753
310000 300.792 -23141.3 24.1564
311000 297.681 -23100.2 45.3023
312000 299.928 -23080.9 -9.43867
313000 300.765 -23101.8 3.00028
314000 300.264 -23057.5 -17.8322
315000 298.442 -23146.5 8.69915
316000 300.899 -23097.1 34.5601
317000 298.298 -23066.5 -21.2057
318000 299.887 -22964.7 1.20561
319000 300.2 -23040.1 81.1245
320000 301.844 -23020.4 -70.0726
321000 301.267 -23059.5 -47.8952
322000 299.878 -23023 119.544
323000 300.241 -22940.7 -64.6657
324000 299.605 -23004.4 68.8311
325000 300.432 -23063.2 -70.1846
326000 300.735 -23046.6 -45.6302
327000 298.238 -23042.9 16.6282
328000 299.508 -22987.2 7.09862
329000 299.093 -23078.8 53.5957
330000 301.265 -23039.4 61.7117
331000 300.733 -23018.1 -55.1568
332000 299.95 -23053.6 -12.1009
333000 299.755 -23099.8 95.8006
334000 300.289 -23049 -8.1663
335000 300.35 -23047 75.271
336000 300.226 -23012.9 -72.2847
337000 299.666 -23083 50.7674
338000 298.717 -23086.7 -37.0374
339000 299.521 -23031.7 -2.39967
340000 300.692 -23023.7 1.51013
341000 300.275 -22966.8 -55.4078
342000 299.096 -22995.2 47.2349
343000 300.119 -23033.5 -80.9081
344000 300.34 -23036.3 84.4957
345000 299.161 -23033.5 -68.5615
346000 300.992 -22980.5 58.6119
347000 299.456 -22990.6 35.3773
348000 300.376 -22934.4 -44.918
349000 299.579 -22935.8 -13.6793
350000 300.139 -22906.8 11.8636
351000 301.225 -22888 -129.868
352000 300.752 -22926.1 102.686
353000 298.718 -22941.6 96.4082
354000 298.471 -22987.6 -67.0749
355000 299.803 -22934.1 58.4777
356000 300.794 -22926 -62.2379
357000 299.167 -22964.1 -34.221
358000 300.276 -22963.5 -81.2848
359000 299.273 -22981.9 13.3494
360000 300.545 -22943.6 62.1516
361000 300.745 -22906.2 -0.931992
362000 300.017 -22948.5 56.6333
363000 300.789 -22970.4 -49.6287
364000 301.016 -22961.1 17.1078
365000 300.153 -22984.2 68.8427
366000 300.933 -22919.5 37.3919
367000 300.278 -22941.2 65.7549
368000 301.001 -22923.7 -50.5722
369000 301.069 -22956.4 -69.4847
370000 300.023 -23018.4 89.2297
371000 300.116 -22994.1 -62.6901
372000 300.814 -22970 22.5187
373000 299.479 -22938.3 -10.7967
374000 300.867 -22954.9 58.8551
375000 299.036 -22991.1 -64.2955
376000 300.916 -23003.8 -60.5273
377000 299.937 -23021.1 17.032
378000 299.603 -22947.5 31.7689
379000 299.931 -22945.7 15.082
380000 300.619 -22942.5 -43.5659
381000 299.05 -22929.6 -1.50727
382000 301.027 -23005.9 93.2347
383000 300.377 -23010.9 -4.09512
384000 301.831 -22900.3 2.04101
385000 300.218 -22965.4 26.0835
386000 299.906 -22994.4 56.8753
387000 298.698 -22999.6 -15.8626
388000 299.768 -22993.9 -110.58
389000 299.647 -23037.9 58.0278
390000 300.726 -22926.5 -15.9742
391000 298.719 -22968.2 -5.09654
392000 298.948 -22985.5 -39.3338
393000 298.399 -22981.9 18.895
394000 301.326 -22958.6 -32.2755
395000 298.927 -22997.1 52.8294
396000 298.834 -23044.5 -52.8791
397000 299.871 -23019.1 -106.281
398000 297.86 -23096.3 98.0537
399000 299.403 -23069.8 -61.5482
400000 300.419 -23077.7 35.4051
401000 298.868 -23067.4 -88.8347
402000 300.736 -23050.1 102.196
403000 300.626 -23072.9 -37.8526
404000 300.741 -23031.8 -12.7294
405000 299.881 -23065.3 13.1165
406000 299.707 -23037.4 37.7346
407000 299.822 -23098.1 -39.374
408000 299.994 -23148.5 62.8435
409000 299.325 -23139.1 -5.03489
410000 300.642 -23075.4 -60.7394
411000 298.134 -23094.1 64.5136
412000 301.231 -23055.6 -30.9054
413000 301.114 -23016.5 -17.1816
414000 298.99 -23018 4.57442
415000 300.754 -23022.7 44.5679
416000 298.583 -23097.1 49.275
417000 299.736 -23136.3 -41.831
418000 301.538 -23121 19.1162
419000 300.057 -23117.3 40.5414
420000 299.612 -23087 -27.4679
421000 299.906 -23092 55.9667
422000 301.455 -23097.7 -115.661
423000 300.867 -23072.4 7.58656
424000 300.059 -23021.4 -7.04872
425000 301.66 -22922.7 -19.625
426000 300.518 -22991.2 10.2886
427000 300.98 -23030.2 -10.9569
428000 300.084 -23019.9 33.8001
429000 301.527 -22926.6 -47.054
430000 300.572 -22915.6 20.6075
431000 299.614 -22916.9 -27.1277
432000 298.257 -22895.3 -28.5149
433000 300.617 -22923.1 -16.2228
434000 301.254 -22870.5 55.1859
435000 300.141 -22865.6 -25.5243
436000 300.993 -22865.7 8.79265
437000 301.442 -22864.4 -108.958
438000 299.727 -22839.8 165.276
439000 298.853 -22908.6 57.501
440000 300.521 -22880.4 1.08684
441000 301.442 -22848.8 -46.1674
442000 300.167 -22839.8 7.45468
443000 300.15 -22917.1 71.1837
444000 298.678 -22929.5 -64.8904
445000 301.921 -22894.7 59.2329
446000 300.641 -22905.6 30.3482
447000 297.917 -22958.9 -22.8833
448000 301.287 -22886.8 42.6987
449000 300.148 -22914.6 -67.6594
450000 301.135 -22929.7 -17.9695
451000 299.536 -22996.5 -17.5295
452000 300.195 -22994.8 -77.6914
453000 299.546 -23013.3 20.3449
454000 298.597 -23002 18.3903
455000 299.465 -22980.4 -5.90786
456000 298.527 -22988.2 -22.5414
457000 301.302 -22879.2 -96.9
458000 299.912 -22959.3 38.2952
459000 299.371 -22955.6 -44.0961
460000 299.467 -23019.5 66.4337
461000 299.923 -22959.4 -18.0339
462000 300.929 -22967.1 26.0388
463000 298.089 -22965.1 -1.28311
464000 300.081 -22933.5 -11.1803
465000 301.169 -22943.3 -23.6387
466000 299.924 -22947.2 75.032
467000 299.591 -22899.7 -97.3797
468000 301.051 -22935.8 10.4535
469000 301.037 -22909.5 -85.0015
470000 300.517 -22934.5 58.8932
471000 297.809 -22960.5 119.153
472000 302.21 -22929.2 8.35649
473000 300.466 -22949.7 -89.6622
474000 300.697 -22860.8 16.8305
475000 299.629 -22933.4 46.7884
476000 301.539 -22886.4 56.2936
477000 298.432 -22920.4 -41.1752
478000 300.466 -22904.1 56.8723
479000 301.143 -22890.1 7.72715
480000 300.963 -22856.9 -55.4383
481000 297.438 -22911.1 71.7562
482000 299.987 -22883.1 -19.2165
483000 298.228 -22954.8 26.464
484000 298.501 -22895.8 -85.7601
485000 299.688 -22909.4 107.651
486000 298.51 -22906.2 -42.2655
487000 299.861 -22879.1 26.3008
488000 298.132 -22939.9 12.3601
489000 298.242 -22947.6 20.6119
490000 300.444 -22926.6 -60.9343
491000 301.223 -22887.8 20.3512
492000 300.076 -22905.6 10.8589
493000 298.668 -22911.5 -15.1977
494000 301.056 -22838.4 38.0631
495000 299.704 -22924.8 -12.5032
496000 299.444 -22928.8 50.5938
497000 298.616 -22882.5 2.37409
498000 299.022 -22813.8 14.1188
499000 299.385 -22855.7 -44.0538
500000 299.206 -22905.9 -12.9642
501000 300.717 -22905.6 88.6965
502000 300.011 -22956.9 -83.7419
503000 299.168 -23032.3 91.7969
504000 299.23 -23000.5 52.1562
505000 299.928 -22930 -17.5225
506000 298.753 -22884.8 -87.4386
507000 298.926 -22909.5 32.7484
508000 298.893 -22849.3 60.6114
509000 299.488 -22820.1 -17.4259
510000 301.175 -22793.2 -19.1243
511000 298.926 -22946.6 60.67
512000 299.115 -23006.2 58.6472
513000 298.902 -22990.1 45.4338
514000 300.194 -23043.9 -104.651
515000 300.394 -23022.5 11.9468
516000 300.59 -23024.7 -78.55
517000 300.208 -23061.7 16.4945
518000 300.216 -23010.8 -17.5494
519000 301.463 -22941.1 -67.1768
520000 299.869 -22955.8 5.52532
521000 299.352 -22945.4 2.03708
522000 299.279 -22921.6 20.1148
523000 300.023 -22875.5 -2.09662
524000 300.368 -22882.2 -46.293
525000 300.129 -22956.5 70.6122
526000 300.271 -22951.1 -7.37205
527000 300.885 -22973.7 -5.50052
528000 300.859 -22939.4 -3.30257
529000 301.157 -22889.4 27.0459
530000 298.807 -22938.3 -2.75172
531000 300.03 -22921 -49.9438
532000 299.615 -22936.3 64.2623
533000 298.088 -22956.8 -19.2541
534000 300.849 -22939.7 26.084
535000 301.862 -22949.7 48.5325
536000 298.746 -22957.8 -56.1588
537000 300.18 -23006.6 42.8199
538000 299.312 -23032.4 45.4944
539000 298.56 -23014.5 -62.9023
540000 300.608 -22994.2 -15.5802
541000 299.296 -23012.6 -44.8813
542000 299.316 -22935.2 -33.1843
543000 298.898 -22902.1 -12.8909
544000 301.181 -22906 18.7301
545000 301.21 -22919.5 -43.1667
546000 299.868 -22882 37.9154
547000 299.118 -22963.6 -22.3689
548000 299.324 -23008.2 -0.858513
549000 299.044 -22964 16.5344
550000 299.572 -22922.3 17.7962
551000 300.113 -22909.4 57.2542
552000 300.568 -22838.9 -24.0435
553000 299.26 -22834.3 17.9168
554000 298.552 -22847.5 37.8674
555000 300.102 -22831.3 22.788
556000 300.884 -22847.8 -90.3431
557000 300.959 -22899.6 -50.1519
558000 300.412 -22873.9 56.6117
559000 300.814 -22835 -36.4352
560000 299.497 -22849.6 20.9464
561000 301.036 -22851.2 -33.1949
562000 298.452 -22895.2 -70.3572
563000 298.608 -22939.1 71.1426
564000 299.218 -22934.6 27.2037
565000 299.593 -22931.1 -22.6955
566000 300.953 -22860.7 16.0297
567000 300.406 -22916 30.0552
568000 301.958 -22894.7 34.7036
569000 299.627 -22929.8 2.70131
570000 301.332 -22903 51.1727
571000 301.584 -22893.2 0.117208
572000 301.659 -22921.5 -123.934
573000 299.106 -22976.7 76.2558
574000 300.389 -22982 97.3554
575000 298.989 -23041.2 -127.236
576000 300.644 -22950.8 27.4213
577000 299.075 -23038.3 14.3729
578000 300.807 -23065.5 -55.5182
579000 299.366 -23026.1 -6.22879
580000 300.36 -22988.7 40.8945
581000 299.841 -22982.5 24.9307
582000 300.586 -22994.1 -24.1053
583000 299.306 -22997.1 57.872
584000 300.125 -23008.1 -22.848
585000 300.632 -23047 -23.1123
586000 298.491 -23092.1 29.1937
587000 299.126 -23030.6 0.245308
588000 299.452 -23080.1 64.6656
589000 299.282 -23052.4 -65.408
590000 300.953 -22950.2 -16.2683
591000 301.082 -22978.9 54.1456
592000 300.959 -23003.9 -52.7915
593000 299.422 -23058.7 48.8523
594000 300.863 -23079 30.1773
595000 299.619 -23046.6 53.7582
596000 300.485 -23135.1 -27.808
597000 300 -23043.9 22.6709
598000 298.311 -23058.2 -117.726
599000 300.309 -23008.1 47.2597
600000 299.759 -23048.5 48.3072
601000 299.458 -23032.6 4.74016
602000 297.418 -23091.9 9.21908
603000 297.661 -23066.9 25.4888
604000 299.336 -23024.6 7.71166
605000 301.47 -23023.1 -15.6817
606000 299.179 -22989.5 -42.241
607000 299.836 -23021.2 38.4648
608000 300.541 -23056.5 -73.7396
609000 300.078 -23064.3 -19.8055
610000 299.665 -23029.3 41.8354
611000 300.625 -23044.3 -106.852
612000 301.518 -22992 29.8054
613000 300.454 -23007.4 52.2041
614000 299.037 -23040.3 -46.0641
615000 300.639 -23033.9 -57.7436
616000 299.186 -23066.3 38.4799
617000 298.914 -23107.8 -47.8166
618000 299.665 -23112.5 13.0724
619000 299.798 -23137.6 2.7901
620000 300.746 -23106.7 -3.63054
621000 301.339 -23106 27.6331
622000 299.538 -23087.9 7.24086
623000 299.676 -23102.9 -41.1865
624000 300.432 -23068.1 -19.0021
625000 300.155 -23100.2 -36.9022
626000 299.205 -23111.3 34.9279
627000 299.577 -23112.7 7.11541
628000 299.504 -23066.6 45.7339
629000 299.613 -23012.9 4.58128
630000 298.67 -23054.2 6.74369
631000 299.821 -23064.4 -29.3781
632000 298.47 -23176.5 47.4081
633000 299.148 -23210.2 -61.2441
634000 298.98 -23180.7 114.147
635000 300.882 -23139.5 -52.2709
636000 300.181 -23138.2 -30.3283
637000 301.234 -23121.1 31.7901
638000 299.885 -23152.5 -71.3576
639000 301.095 -23112 22.5393
640000 300.351 -23125.9 12.0184
641000 300.078 -23150.2 75.5799
642000 299.796 -23189.2 -23.0811
643000 299.501 -23189.4 -53.3401
644000 299.872 -23210.5 -17.695
645000 299.495 -23193.8 20.1856
646000 299.87 -23156.9 74.8951
647000 298.909 -23208.6 -49.7933
648000 300.152 -23163.8 -62.0986
649000 299.495 -23134.7 74.1457
650000 299.596 -23152.1 8.93663
651000 301.578 -23095.8 -62.0418
652000 300.726 -23103 58.2891
653000 299.765 -23204 -29.4082
654000 297.817 -23197 -9.53993
655000 299.551 -23138.9 91.8291
656000 300.967 -23099 -6.91466
657000 299.968 -23089.8 -19.2592
658000 298.587 -23038.7 46.2838
659000 297.959 -23171 -78.1704
660000 299.611 -23166.9 -5.5746
661000 299.881 -23171.1 44.6614
662000 300.772 -23254.4 -21.672
663000 300.031 -23228.5 29.1126
664000 300.82 -23169.3 -35.4418
665000 299.172 -23161.8 12.6309
666000 300.166 -23156.5 90.25
667000 299.387 -23169.2 -20.9552
668000 300.454 -23122.2 32.0591
669000 299.23 -23134.9 -63.2265
670000 300.205 -23156.2 27.0738
671000 300.56 -23075.3 96.9141
672000 300.05 -23121.4 55.6002
673000 299.784 -23119.9 -146.108
674000 298.327 -23122.3 13.085
675000 298.305 -23091.2 4.47445
676000 299.023 -23066.7 74.1753
677000 301.65 -23027.5 15.6928
678000 300.004 -23137.2 21.7392
679000 300.365 -23071.8 16.4831
680000 299.425 -23102.8 -10.2945
681000 301.027 -23100.2 38.8282
682000 300.724 -23062.7 84.8761
683000 300.109 -23069.3 -76.6222
684000 301.176 -23109.6 8.83352
685000 299.312 -23048.5 -44.3541
686000 300.284 -23065.8 -74.2843
687000 300.104 -23123.9 47.7474
688000 300.769 -23087.4 -38.1214
689000 300.316 -23090.2 32.5909
690000 298.52 -23123.8 9.49746
691000 300.053 -23111.6 -20.9626
692000 300.806 -23162.7 38.1717
693000 299.77 -23176.8 61.2416
694000 300.616 -23081.3 -126.247
695000 300.786 -23128.2 93.143
696000 300.474 -23129.6 -56.9645
697000 299.35 -23164.6 90.02
698000 300.118 -23170.9 34.0355
699000 299.254 -23173.2 54.179
700000 300.27 -23112.6 -56.4851
701000 300.23 -23130 -75.3596
702000 298.834 -23122.4 27.6731
703000 300.98 -23085.9 -65.3654
704000 299.781 -23089.9 -8.85348
705000 299.581 -23127.8 76.5936
706000 301.11 -23095.2 -83.7093
707000 299.714 -23071.7 70.0924
708000 297.971 -23117 6.73146
709000 300.459 -23106.8 30.6788
710000 299.768 -23073.9 -17.4134
711000 299.999 -23024.4 -40.4217
712000 299.839 -22988.4 12.8695
713000 299.441 -22967.7 4.45457
714000 297.819 -23016.3 -41.0064
715000 299.538 -23049.9 56.913
716000 299.164 -23031.8 1.27231
717000 299.145 -23024.7 -9.30502
718000 300.012 -22969.2 -36.346
719000 301.867 -23023.2 -4.56259
720000 299.815 -22990.8 -32.8873
721000 301.366 -22933.3 81.4067
722000 300.62 -22994.9 -11.7516
723000 300.54 -22962.9 -51.4939
724000 301.463 -22936.7 -53.6815
725000 300.729 -22991 38.2469
726000 299.778 -23007.2 15.5129
727000 299.897 -22909.8 -53.3803
728000 300.416 -22901.9 4.33928
729000 301.137 -22967.8 -14.3233
730000 299.939 -22950.3 -16.044
731000 301.494 -22926.5 46.963
732000 300.575 -22956 11.9328
733000 299.788 -23020.9 -24.1665
734000 300.309 -23014 27.7333
735000 299.192 -22945.1 35.1656
736000 301.818 -22880.7 7.18824
737000 300.385 -22906.2 92.7401
738000 300.514 -22979 -15.7951
739000 298.187 -23017.5 -23.4636
740000 300.225 -22997.7 43.0215
741000 300.608 -22965 -30.9543
742000 299.027 -22995.1 26.693
743000 301.212 -22924.2 36.5174
744000 298.842 -23017.6 40.1745
745000 300.381 -23011.4 17.5457
746000 298.225 -23062 -67.9854
747000 301.623 -23037.5 56.5092
748000 299.789 -23072.2 36.2901
749000 300.7 -23039.4 -64.0122
750000 299.737 -22983.8 -33.6256
751000 299.821 -23036.9 100.562
752000 299.371 -23032.8 -48.8795
753000 299.347 -23105.9 44.4371
754000 300.4 -23078.1 -36.0104
755000 301.648 -23076.1 20.5379
756000 300.435 -23060.4 -52.8593
757000 302.025 -23123.7 27.496
758000 299.788 -23112.6 -21.0048
759000 298.664 -23110.4 38.484
760000 299.536 -23088.2 -12.0269
761000 298.576 -23159.1 -18.0865
762000 300.093 -23137.6 -31.8365
763000 300.873 -23103.3 26.5896
764000 301.653 -23060.4 32.6641
765000 299.168 -23062 -79.8275
766000 300.235 -23085 -28.3386
767000 301.083 -23030.7 60.4144
768000 298.757 -23054.3 48.2066
769000 299.847 -23081.5 11.0146
770000 299.66 -23088.1 -21.6108
771000 300.245 -23062.7 -17.2369
772000 300.908 -23003 22.3579
773000 299.275 -23007.2 48.2753
774000 301.291 -23017.1 -85.0874
775000 301.643 -23020.1 141.793
776000 298.073 -23043.6 -69.4552
777000 300.094 -23006.2 56.9853
778000 300.948 -22969.7 -17.0101
779000 300.266 -22992.9 -57.2004
780000 299.269 -22946.4 -15.849
781000 297.973 -22915.1 -43.326
782000 300.674 -22912.5 9.14983
783000 299.347 -22936.3 22.7891
784000 299.722 -22971.9 44.0087
785000 301.266 -22922.2 4.27426
786000 300.261 -22922.4 -80.9415
787000 299.072 -22945.2 -7.4372
788000 299.391 -22965.2 18.1344
789000 300.048 -22885.8 75.7717
790000 298.309 -22937.7 31.6453
791000 300.246 -23001.6 37.4059
792000 298.028 -23028.6 -127.351
793000 300.5 -22999.7 -0.362591
794000 299.682 -23029 89.7086
795000 298.481 -23040.8 42.5314
796000 300.642 -23009.6 45.1918
797000 301.61 -22969.6 -119.524
798000 298.693 -23045.6 75.7117
799000 300.55 -22994.9 19.5949
800000 300.118 -22943.9 14.605
801000 300.485 -22985.4 17.4905
802000 300.405 -23001.5 -6.76872
803000 301.699 -22977.2 -88.2786
804000 300.756 -23013.5 51.125
805000 302.191 -22965.6 -66.0358
806000 301.868 -22917.2 -13.1019
807000 298.56 -22934.3 59.1332
808000 299.054 -22959.2 -49.8091
809000 299.846 -22953.2 45.7008
810000 298.851 -23029.6 123.202
811000 298.515 -22949.4 -58.9894
812000 298.834 -22952.5 -42.2082
813000 299.343 -22967.2 -78.6401
814000 301.946 -22981.1 36.81
815000 300.373 -23022.6 -38.6925
816000 299.636 -22989.3 1.16092
817000 300.054 -23003.2 27.0573
818000 299.236 -23031.8 10.1231
819000 299.186 -22982.6 87.6885
820000 299.081 -22991.1 -68.5327
821000 300.405 -22996.2 11.9486
822000 301.7 -22988.9 -62.484
823000 300.25 -22992 60.3745
824000 301.375 -22993.8 -18.9645
825000 301.084 -23012.3 -4.50492
826000 300.106 -23033.7 -38.0228
827000 300.014 -22984 24.8325
828000 300.946 -22953 20.4682
829000 299.83 -22989.9 -30.6386
830000 299.984 -23006.5 -45.589
831000 298.813 -23027 -58.6414
832000 300.283 -22998.4 67.6634
833000 298.52 -23014.9 41.7017
834000 302.519 -22945.8 -1.1715
835000 300.076 -23004.8 -21.5103
836000 301.825 -22978.3 -39.8908
837000 299.905 -23032 79.0601
838000 300.253 -22975.6 -74.302
839000 301.15 -23001.9 10.648
840000 298.794 -23054 45.5255
841000 300.448 -23025.8 -34.0709
842000 302.183 -23029.8 -17.4461
843000 299.094 -22969.1 43.5516
844000 299.554 -22930.5 -42.9954
845000 297.958 -23009.5 77.8983
846000 298.458 -23005.9 98.2469
847000 299.621 -22949.7 -4.17998
848000 300.509 -22873.6 4.79159
849000 301.088 -22860 -21.9582
850000 299.375 -22867.3 -43.4334
851000 300.682 -22827.7 -33.2054
852000 300.082 -22843.9 35.6472
853000 301.203 -22843.8 35.3285
854000 300.811 -22846.3 4.06184
855000 299.409 -22847 0.294352
856000 300.764 -22839.3 6.69773
857000 298.831 -22913.1 -40.8629
858000 301.123 -22913.8 27.1943
859000 300.355 -22918.1 43.1355
860000 300.266 -22938.4 -52.5744
861000 301.171 -22838 82.2815
862000 300.177 -22847.1 -17.2346
863000 300.772 -22899.7 -12.3777
864000 300.673 -22993.7 31.8978
865000 298.297 -23029.3 -13.1953
866000 300.751 -23007.7 -3.91465
867000 300.74 -23047.4 21.6028
868000 299.959 -23009 8.45068
869000 299.473 -23058.8 -109.877
870000 299.875 -22968.9 -30.0509
871000 300.901 -22943.9 17.0981
872000 299.28 -22977 -16.6069
873000 299.412 -23028.9 -71.8252
874000 298.108 -22975.4 -18.4406
875000 299.643 -22857.1 13.7935
876000 298.313 -22888.6 -54.6186
877000 301.515 -22926.3 103.162
878000 298.403 -22980.4 -61.9524
879000 298.308 -22917.7 7.78296
880000 299.646 -22920.4 108.066
881000 298.539 -22905.8 -119.22
882000 300.708 -22849.1 45.8827
883000 298.992 -22825.7 -33.5225
884000 300.631 -22853 30.3052
885000 299.566 -22913.4 15.2464
886000 300.491 -22956.9 -37.3535
887000 298.891 -23020.4 -120.752
888000 299.613 -23065.2 72.1774
889000 302.17 -23051.3 37.1345
890000 299.283 -23045.6 -41.6605
891000 298.677 -23154.5 50.6166
892000 299.728 -23103.7 -49.0819
893000 297.615 -23170 -15.215
894000 299.65 -23090.9 5.49719
895000 297.335 -23137.7 14.7032
896000 300.101 -23150.5 -50.3833
897000 301.656 -23081.2 77.1489
898000 299.076 -23108.2 -30.6559
899000 300.154 -23037 -41.6826
900000 300.293 -23031.6 122.898
901000 300.393 -23049.7 -69.3545
902000 300.9 -23075.4 -53.8419
903000 301.098 -23103.4 60.6674
904000 300.233 -23132.6 9.22638
905000 301.274 -23113.4 45.0594
906000 301.116 -23110.7 -88.3806
907000 302.232 -23085.1 -21.7588
908000 299.744 -23103.5 -1.75028
909000 299.539 -23111.5 -52.7905
910000 300.882 -23114.5 20.34
911000 299.36 -23149.9 111.878
912000 300.566 -23074.9 -41.4996
913000 298.731 -23069.6 37.5262
914000 300.414 -23004.6 52.7859
915000 301.498 -23062.9 -131.391
916000 300.314 -23174.7 14.8824
917000 300.138 -23152.4 -20.7806
918000 301.002 -23110.2 25.9155
919000 299.714 -23144.1 -8.61982
920000 299.479 -23139.2 76.5472
921000 297.588 -23176.9 -65.2751
922000 299.408 -23120.5 44.0563
923000 301.387 -23058.1 -60.289
924000 302.801 -23061.7 49.473
925000 300.244 -23105.9 6.98762
926000 298.364 -23168.5 64.3473
927000 298.915 -23175.5 -111.924
928000 299.815 -23117.2 72.0528
929000 299.05 -23159.4 11.6028
930000 299.588 -23085.2 13.1589
931000 300.832 -23089.4 -77.6666
932000 300.803 -23009.2 -65.0217
933000 300.582 -23061.8 21.9325
934000 297.547 -23148.1 15.1664
935000 299.65 -23076.4 20.3511
936000 300.102 -23116.2 -84.9789
937000 298.827 -23067.5 -18.704
938000 299.569 -23052.2 -91.1901
939000 299.712 -23094.1 71.1012
940000 298.778 -23042.1 -17.7032
941000 301.125 -23031.5 76.9891
942000 301.853 -22989.5 -36.9504
943000 301.127 -23115.2 -29.1876
944000 299.929 -23126.1 -3.41676
945000 300.064 -23116.2 -31.9931
946000 301.169 -23024.2 78.4719
947000 299.072 -23095.3 24.9757
948000 298.613 -23161 -41.5474
949000 299.582 -23137.2 -16.9913
950000 300.067 -23045.8 8.57728
951000 299.854 -22998.3 7.75463
952000 299.841 -22946.7 -34.1876
953000 301.419 -22929.5 -35.6727
954000 300.286 -22973.4 -21.4071
955000 300.678 -23038.2 38.173
956000 299.734 -22993.3 10.7153
957000 299.711 -23001.5 -135.784
958000 299.126 -22998.5 69.5367
959000 299.765 -22972.7 -72.9321
960000 299.958 -22940.2 57.8715
961000 298.971 -22963.5 -6.21756
962000 300.988 -22966.5 24.5728
963000 300.97 -22952.9 -89.3237
964000 299.723 -23087.9 75.1941
965000 301.09 -23063.7 61.0349
966000 297.266 -23089.1 55.2955
967000 298.713 -23059.5 -171.895
968000 299.036 -23032.1 -29.0397
969000 298.877 -23004.5 26.0942
970000 299.542 -22960.8 24.2874
971000 300.222 -22988.5 -14.4806
972000 300.081 -22911.6 -7.2162
973000 299.469 -22907.6 -112.099
974000 300.685 -22861.8 96.4796
975000 298.443 -22941.7 47.7917
976000 299.515 -22891.8 27.2336
977000 298.286 -22958.1 -23.2603
978000 300.025 -22911.1 16.7526
979000 300.504 -22843.5 38.2687
980000 300.16 -22858.3 -3.52832
981000 300.574 -22839.1 -13.629
982000 301.845 -22832.8 17.3266
983000 300.763 -22858.6 -37.8776
984000 300.814 -22885.4 41.6958
985000 298.911 -22953 37.9136
986000 300.765 -22848.3 -61.5531
987000 299.107 -22935 46.8928
988000 299.207 -22993.3 49.6977
989000 300.384 -22941 8.0099
990000 300.664 -22929.1 -26.4509
991000 298.516 -23038.3 22.724
992000 300.542 -23045.3 1.84534
993000 300.975 -22967.5 -30.9646
994000 299.138 -23050.5 6.73589
995000 299.741 -22990.1 -57.9083
996000 301.866 -23100.8 80.163
997000 299.854 -23074.6 -16.7181
998000 298.782 -23116.5 -66.3613
999000 300.677 -23067.9 163.778
1000000 300.984 -23052.1 26.8953
1001000 298.711 -23047.3 -56.6298
1002000 299.243 -23033 18.4463
1003000 300.16 -23002.3 -35.0397
1004000 298.348 -23050.4 22.4206
1005000 300.036 -23023.4 -27.621
1006000 300.035 -23029.5 34.503
1007000 298.679 -23115.5 64.3128
1008000 300.416 -22970.8 -113.691
1009000 301.068 -22979.4 90.8263
1010000 298.598 -23000.9 18.8492
1011000 300.133 -22971.3 -48.6991
1012000 299.849 -22985.1 9.27279
1013000 300.276 -22990.1 -47.6085
1014000 298.934 -23008.1 43.3175
1015000 299.915 -23016.3 -96.8943
1016000 298.283 -23042 47.8964
1017000 299.95 -23033.3 60.2133
1018000 299.012 -22993 16.2562
1019000 300.282 -22957.7 10.2192
1020000 301.022 -22910.7 13.2122
1021000 299.298 -22987.7 15.1836
1022000 299.609 -23015.9 10.9069
1023000 300.015 -23030.7 -59.3621
1024000 301.371 -22947.1 87.8956
1025000 299.36 -23003.1 51.6586
1026000 298.572 -23020.3 -89.0186
1027000 297.927 -23009.2 67.859
1028000 301.072 -22933.1 25.8203
1029000 300.857 -22969.1 33.3628
1030000 301.109 -22982.8 -99.3713
1031000 300.897 -22946.8 75.1564
1032000 301.374 -22976 -77.3862
1033000 299.751 -23006 34.6362
1034000 298.758 -23013 30.7724
1035000 300.104 -23007.9 41.2699
1036000 301.44 -23045.6 -10.805
1037000 300.449 -23077.9 32.7572
1038000 299.905 -23083.9 -65.5901
1039000 299.641 -23042.8 19.2604
1040000 299.207 -23019.5 -12.994
1041000 300.231 -22960.3 -82.6688
1042000 301.063 -22942.7 41.0567
1043000 300.869 -23038.5 -35.8226
1044000 299.367 -22979.9 62.1751
1045000 300.913 -22964.9 6.54724
1046000 299.705 -22938.9 -23.521
1047000 299.693 -22900.7 7.58605
1048000 300.135 -22919.3 -38.8304
1049000 300.04 -22892.9 67.5086
1050000 300.239 -22923.1 52.0175
1051000 299.622 -22934.1 -4.04536
1052000 300.209 -22856.6 -110.309
1053000 299.541 -22914.2 18.602
1054000 299.549 -22980.6 20.0494
1055000 299.961 -22971 43.5721
1056000 301.928 -22921.9 -67.0866
1057000 300.51 -22978.9 45.2063
1058000 299.82 -23000.9 -18.2327
1059000 302.727 -22975.2 30.7792
1060000 300.208 -23017 6.66986
1061000 299.91 -22934.8 -28.8352
1062000 299.572 -22996.3 -26.1086
1063000 299.454 -22967.5 -68.3166
1064000 298.763 -22976.5 107.266
1065000 299.811 -22992.9 -20.7104
1066000 298.417 -22983.7 -35.1333
1067000 299.32 -22890.3 75.3337
1068000 298.503 -22886.2 -61.5911
1069000 298.09 -22950 -0.674631
1070000 300.399 -22877.1 -26.8208
1071000 299.857 -22919.1 -60.5399
1072000 299.683 -22984 -45.1258
1073000 301.594 -22960.1 114.821
1074000 300.71 -22978.5 -76.6484
1075000 300.484 -22997.3 31.7733
1076000 300.457 -23035.7 -12.0518
1077000 299.259 -23034.1 -25.1381
1078000 297.698 -22973.2 -56.5284
1079000 298.265 -23010.5 128.944
1080000 300.955 -22981.2 -22.4873
1081000 300.735 -22950.3 -56.5417
1082000 301.773 -22951.4 37.456
1083000 300.115 -22986.2 -16.2398
1084000 300.007 -23048 39.3857
1085000 301.111 -22959.6 51.0227
1086000 299.273 -22988.4 -44.5537
1087000 299.95 -22980.3 40.5462
1088000 300.601 -22990.4 21.4286
1089000 299.742 -22948.9 4.11715
1090000 300.842 -22984.2 -86.2551
1091000 299.09 -23024.1 45.0105
1092000 300.342 -23033.5 57.2847
1093000 300.562 -22982.6 2.26632
1094000 300.483 -23012.2 -43.561
1095000 301.357 -22998.5 -102.037
1096000 299.41 -23057.9 82.2564
1097000 299.987 -23011 9.41853
1098000 299.422 -23026.2 16.9168
1099000 299.914 -23010.8 60.3984
1100000 299.784 -23000.3 -54.7855
1101000 301.525 -23061.6 5.32558
1102000 299.89 -23125.3 28.1964
1103000 301.632 -23071.5 -20.2782
1104000 300.791 -23058.1 51.8401
1105000 299.354 -23000 -85.0356
1106000 300.336 -22976.1 53.7485
1107000 300.181 -22901.2 -3.46314
1108000 299.075 -22935.8 75.1914
1109000 300.79 -22922.1 -57.4418
1110000 299.977 -22915.9 -1.58456
1111000 299.304 -22917.1 47.3356
1112000 301.091 -22928.8 0.279634
1113000 298.372 -22936.6 -13.1499
1114000 301.446 -22870.8 -25.4366
1115000 299.587 -22888.4 12.1472
1116000 297.718 -22831.5 48.0974
1117000 300.599 -22863.4 10.2094
1118000 299.788 -22932.2 56.7956
1119000 300.678 -22930.5 -31.7269
1120000 301.82 -22911.3 4.41266
1121000 300.072 -22956.5 -10.7021
1122000 300.821 -22938.1 -16.1611
1123000 300.468 -22886.1 -10.9957
1124000 301.07 -22852 -18.652
1125000 299.167 -22894.1 109.274
1126000 300.913 -22924.1 1.55352
1127000 299.735 -22946.6 -31.2788
1128000 300.187 -22841.1 0.571667
1129000 298.619 -22922.8 -56.9339
1130000 301.87 -22990.3 64.5259
1131000 300.17 -22967.6 42.2749
1132000 300.329 -23014.2 51.7843
1133000 300 -22990.1 -75.4775
1134000 298.523 -23013.2 22.1384
1135000 300.934 -22958.5 -53.6015
1136000 298.58 -23025.7 17.6847
1137000 299.739 -22965.5 30.3667
1138000 299.671 -23027.5 -40.0626
1139000 301.125 -23005 27.0941
1140000 299.883 -23072.6 3.94807
1141000 300.113 -23056.9 -33.7412
1142000 301.321 -23026.2 54.911
1143000 301.472 -22973.7 -42.2585
1144000 301.147 -22966.7 35.9016
1145000 299.555 -22987.2 -61.8267
1146000 299.268 -22935.8 29.426
1147000 297.967 -23021.4 31.1088
1148000 298.511 -22977 -17.5008
1149000 299.139 -22988.7 -62.5982
1150000 299.716 -22998.2 49.1397
1151000 298.713 -22961.7 7.1603
1152000 300.441 -22921.2 32.3468
1153000 299.746 -22955.6 -26.0856
1154000 299.62 -22958.6 -94.2802
1155000 301.056 -22932.5 104.147
1156000 300.854 -22944.7 -50.0215
1157000 301.439 -22951.2 43.033
1158000 299.053 -23026.2 -17.898
1159000 300.491 -22987.4 -21.6614
1160000 301.765 -22976 47.9242
1161000 298.808 -22932.7 -20.6379
1162000 298.809 -22990.1 45.9891
1163000 299.629 -22935.9 55.5552
1164000 300.241 -22940.3 -42.2372
1165000 300.65 -22975.8 31.1822
1166000 299.132 -22927.2 20.629
1167000 300.146 -22967.4 -78.8409
1168000 301.054 -22911 19.8705
1169000 299.303 -22911.2 35.0166
1170000 299.776 -22961.9 67.6426
1171000 300.57 -22947.8 -77.7321
1172000 301.844 -22934.8 29.6436
1173000 299.355 -22979.4 8.10724
1174000 301.65 -22957.3 -39.7798
1175000 300.622 -22985 -31.4051
1176000 299.043 -23041.8 69.5636
1177000 299.441 -22992.8 -26.0328
1178000 299.858 -22970.4 37.8547
1179000 299.155 -23007.2 -78.7414
1180000 300.93 -22994.1 33.3158
1181000 301.039 -22985.2 80.5279
1182000 301.04 -23011.7 -24.9774
1183000 300.295 -22976.5 -34.6427
1184000 300.282 -23001.6 88.7046
1185000 301.108 -23017.1 -111.652
1186000 299.816 -23002.7 185.265
1187000 299.765 -22969.1 -56.866
1188000 300.84 -22979.7 -23.9374
1189000 297.969 -23013.7 -25.4653
1190000 299.211 -22956.5 17.7786
1191000 301.732 -22913.5 53.5109
1192000 301.204 -22920.6 -135.315
1193000 299.638 -23046.2 64.2221
1194000 298.65 -23033.6 -19.3067
1195000 300.308 -22969.1 -45.0725
1196000 298.927 -23030.9 -45.58
1197000 300.188 -22993.3 -81.5752
1198000 299.842 -22974.9 46.845
1199000 301.173 -22958.8 37.0707
1200000 300.949 -23004.6 -74.544
1201000 299.388 -22998.2 16.5242
1202000 299.304 -23000.9 52.3778
1203000 298.231 -23052.5 -1.22581
1204000 301.988 -22940 -88.5308
1205000 301.008 -22938.6 52.0131
1206000 300.578 -22892.8 -29.5062
1207000 301.176 -23005.7 56.9161
1208000 302.396 -22997.8 16.9982
1209000 300.641 -22998.7 40.5648
1210000 300.126 -22987 -42.5653
1211000 300.497 -22918.5 65.4887
1212000 300.556 -22925.4 115.485
1213000 300.698 -22946.2 5.02233
1214000 300.054 -23016.3 -14.5191
1215000 298.046 -23014.8 -55.0921
1216000 299.888 -23017.8 36.1539
1217000 299.007 -22937.1 11.2408
1218000 298.561 -22941.8 -40.9736
1219000 300.398 -22983.5 -30.6926
1220000 298.393 -22960.1 28.5634
1221000 299.314 -23001.3 -71.0765
1222000 299.465 -22995.1 100.362
1223000 299.08 -22942.3 -101.707
1224000 299.017 -22974.1 92.3067
1225000 300.23 -22848.1 -95.0003
1226000 298.588 -22897.5 2.64902
1227000 299.5 -22890.7 10.749
1228000 301.077 -22893.4 17.4381
1229000 300.884 -22940.9 -81.7008
1230000 300.204 -22969.8 60.8232
1231000 299.443 -22958.3 -27.069
1232000 299.311 -22958.1 0.837673
1233000 299.724 -22997.9 -36.1776
1234000 297.753 -23079.1 42.4336
1235000 299.546 -23013.1 64.7407
1236000 298.883 -22927.4 -61.5205
1237000 299.944 -22984.6 60.6493
1238000 299.491 -22986.9 -18.554
1239000 298.985 -23036.1 60.8777
1240000 300.322 -23060.5 0.57762
1241000 301.461 -23080.6 -50.3401
1242000 300.579 -23010.4 -0.230862
1243000 300.948 -23001.4 49.8331
1244000 300.37 -23017.7 14.9145
1245000 302.648 -22953.1 0.230532
1246000 299.733 -22994.4 43.3083
1247000 298.674 -22930.9 13.9242
1248000 299.067 -22959.5 -12.2568
1249000 300.185 -22984.3 45.549
1250000 300.933 -22959.7 15.5819
1251000 300.578 -22897.2 -41.326
1252000 300.43 -22881.4 20.4315
1253000 299.907 -22940.4 -113.571
1254000 300.006 -23008.3 -8.91147
1255000 300.97 -22969.7 27.5706
1256000 299.097 -22981 -80.9368
1257000 300.701 -23006.5 90.1562
1258000 299.66 -23019.8 -1.8407
1259000 300.872 -22954.8 -77.4292
1260000 298.963 -23006.5 54.7892
1261000 299.026 -23002.2 94.3901
1262000 299.117 -22992.5 -20.1973
1263000 300.776 -22919.4 -17.5688
1264000 300.824 -22975.6 -30.3829
1265000 299.415 -22990.3 -8.96417
1266000 299.359 -22983.2 -23.6633
1267000 300.775 -22924.7 39.9107
1268000 299.979 -22951.5 7.40345
1269000 300.283 -22949.6 29.2011
1270000 300.245 -22937.3 -92.5138
1271000 301.232 -22945.2 80.5091
1272000 300.472 -23015.3 -73.0339
1273000 300.805 -23057.7 40.4962
1274000 299.121 -23007.4 24.2876
1275000 299.236 -23035.7 8.89197
1276000 298.912 -22995.8 4.7369
1277000 299.245 -22981 -81.8825
1278000 298.277 -23076.2 50.5658
1279000 299.301 -23051.2 -15.3125
1280000 300.826 -23086.7 51.1912
1281000 300.914 -23077.9 -34.0048
1282000 299.436 -23033.9 25.9205
1283000 301.642 -23062.9 101.601
1284000 298.357 -23129.4 47.8759
1285000 300.618 -23143.6 7.44087
1286000 299.99 -23132.5 -38.0923
1287000 298.221 -23097.9 -48.9432
1288000 300.7 -23014.3 -7.8253
1289000 299.677 -23053.9 28.1007
1290000 298.918 -23113.4 54.1268
1291000 300.333 -23069.8 -37.9474
1292000 301.148 -23062.3 11.9054
1293000 299.716 -23116.7 -15.8652
1294000 298.704 -23134.7 13.7323
1295000 298.878 -23133.8 -27.2641
1296000 300.409 -23059.7 84.0331
1297000 299.94 -23008.9 -116.21
1298000 300.377 -23045.9 107.136
1299000 299.312 -23042.5 -18.9957
1300000 301.517 -23041.8 -38.4565
1301000 301.241 -23047.6 47.6163
1302000 301.207 -23036.4 -29.1475
1303000 301.234 -23065.9 -7.11884
1304000 300.813 -22997 -38.975
1305000 299.305 -22998.3 88.8294
1306000 301.775 -22949.9 -94.4869
1307000 299.178 -22965 27.4964
1308000 299.978 -22951.5 61.0388
1309000 300.42 -23016.8 37.0994
1310000 300.186 -23025.1 -55.8209
1311000 301.007 -22957.1 13.8118
1312000 299.085 -23062 13.6488
1313000 298.667 -23056.4 11.8549
1314000 299.23 -22996.5 81.5171
1315000 298.356 -22913.6 41.0648
1316000 301.928 -22852.1 -61.5633
1317000 298.587 -22853.2 85.8343
1318000 300.698 -22796.8 20.4315
1319000 301.172 -22803.9 -43.9888
1320000 300.272 -22874.8 13.6219
1321000 298.789 -22987.1 52.9869
1322000 299.618 -22946.3 1.40182
1323000 299.877 -22997.8 -51.7905
1324000 300.096 -22980.2 108.712
1325000 298.443 -22990.5 13.4699
1326000 300.16 -23017.7 -38.5309
1327000 301.896 -22954.9 -1.99824
1328000 299.503 -22995.7 -39.9032
1329000 301.351 -22970.8 144.943
1330000 297.271 -23029.4 -113.85
1331000 300.634 -23040.5 89.8548
1332000 300.168 -23044.9 51.7418
1333000 297.834 -23090.1 -48.4775
1334000 299.684 -23067.3 23.0476
1335000 301.114 -23009.9 -11.5851
1336000 299.79 -23047.9 70.7138
1337000 299.133 -23049.2 46.5734
1338000 299.528 -23041 -112.271
1339000 299.249 -23092.8 34.7651
1340000 298.296 -23030.7 20.9044
1341000 299.464 -23037.1 16.5947
1342000 301.851 -22994.1 0.0918024
1343000 300.748 -23021.2 -76.1961
1344000 300.013 -23020.7 34.0391
1345000 299.999 -23008.4 5.57126
1346000 300.798 -23079.3 -19.2805
1347000 301.102 -23076.7 88.1252
1348000 301.067 -23098.2 -30.7778
1349000 298.503 -23135.9 32.0151
1350000 299.697 -23110.8 -17.9032
1351000 300.939 -23100.6 57.2634
1352000 299.621 -23112.3 -83.1709
1353000 299.98 -23074.1 136.224
1354000 300.375 -23053.9 -14.6556
1355000 300.916 -23027.5 -55.9117
1356000 298.706 -23070.4 -18.0701
1357000 302.178 -23110.7 116.311
1358000 299.305 -23158.2 -39.7883
1359000 300.42 -23157.9 -108.671
1360000 300.366 -23174.7 73.1211
1361000 301.067 -23106.3 -76.8177
1362000 300.077 -23099.8 9.85979
1363000 299.077 -23142.4 5.36354
1364000 299.053 -23101.8 18.7929
1365000 299.996 -23147.4 18.2057
1366000 299.288 -23147.2 -38.158
1367000 300.782 -23084.3 -29.1704
1368000 299.419 -23142.3 4.48623
1369000 299.476 -23115.4 29.4025
1370000 301.27 -23063.4 44.5808
1371000 299.115 -23101.2 77.8569
1372000 300.508 -23050.1 -25.5393
1373000 298.857 -23074.6 3.82033
1374000 298.378 -23065.3 -66.0313
1375000 301.638 -23040.6 82.2203
1376000 300.206 -23026.6 82.6944
1377000 299.89 -23037.5 -31.3882
1378000 299.782 -23057.3 -69.1537
1379000 299.9 -23044.4 -45.3931
1380000 298.815 -23066.9 12.0601
1381000 300.551 -23015.3 -21.6316
1382000 301.051 -23001 111.466
1383000 299.698 -23071.8 -90.5607
1384000 299.518 -23109 -1.47427
1385000 299.58 -23082.2 -37.9873
1386000 298.813 -23040.3 -70.0023
1387000 299.935 -22920.6 90.2247
1388000 299.373 -22986 -21.6956
1389000 302.137 -22984.5 37.5621
1390000 300.584 -22963.3 -0.26111
1391000 300.115 -23010 -75.9908
1392000 300.789 -22968 90.611
1393000 299.031 -22912.1 -70.0055
1394000 299.3 -22962.3 -25.7636
1395000 301.189 -22956.7 93.2673
1396000 301.196 -22966 -89.8534
1397000 300.385 -22996.4 117.82
1398000 300.359 -23018.1 -16.2276
1399000 300.919 -23021.1 -52.8218
1400000 300.099 -22959.9 100.921
1401000 299.988 -22935.5 -39.6553
1402000 300.957 -22953.2 -38.3713
1403000 299.188 -22934.8 -5.66695
1404000 299.921 -22983.9 -26.4206
1405000 298.8 -22969.2 92.3083
1406000 301.127 -22897.6 -136.066
1407000 300.736 -22950.1 10.9297
1408000 300.987 -23014.1 -66.1567
1409000 302.109 -22951 31.2067
1410000 299.55 -23036.1 76.4782
1411000 300.165 -23009.3 -160.136
1412000 299.464 -23004.1 49.9173
1413000 301.029 -22932 -23.4383
1414000 299.275 -22974.5 60.2366
1415000 301.744 -22903.3 -36.7087
1416000 299.599 -22899.3 59.3563
1417000 301.638 -22854.8 38.3344
1418000 297.926 -22782.2 -38.2191
1419000 301.703 -22803.6 81.9644
1420000 299.798 -22817 -37.5999
1421000 298.418 -22817.5 41.2484
1422000 299.133 -22834.4 37.019
1423000 301.129 -22865 -0.455697
1424000 299.918 -22877.5 14.3059
1425000 298.545 -22880.7 -50.2406
1426000 300.122 -22932.4 115.279
1427000 299.557 -22975.9 30.9491
1428000 299.38 -22965.1 5.83814
1429000 299.378 -22962.7 -44.8019
1430000 297.332 -22995.5 -6.54673
1431000 299.609 -22973.4 63.0089
1432000 301.581 -22999.1 55.9775
1433000 300.946 -22980.6 -95.7186
1434000 298.763 -22988.7 30.5822
1435000 299.412 -22963.5 55.1803
1436000 300.252 -22931.8 46.7502
1437000 298.736 -22969.3 -25.2211
1438000 299.181 -22939.6 -14.7892
1439000 299.527 -22892.8 16.4157
1440000 301.605 -22963.7 56.2322
1441000 300.811 -22931.8 9.75599
1442000 299.088 -22919.7 -13.3075
1443000 301.707 -22865.9 -19.9005
1444000 301.074 -22947.8 16.5564
1445000 301.46 -22923.3 45.8626
1446000 300.704 -22994.3 -12.788
1447000 299.412 -22988.1 -3.91169
1448000 300.932 -22953.1 -44.7863
1449000 299.619 -23033.7 -2.5629
1450000 301.843 -22933.6 -47.3927
1451000 300.891 -23001.1 19.8435
1452000 299.784 -23027.7 2.4293
1453000 300.492 -22964 74.3141
1454000 301.323 -23011.8 -26.8454
1455000 302.044 -22999.5 32.0767
1456000 298.413 -22994.3 11.5812
1457000 299.114 -23038.2 -39.4902
1458000 300.855 -23012.4 -44.0887
1459000 300.098 -22950.7 -0.791815
1460000 300.672 -22965.8 17.8515
1461000 301.245 -22917.9 -69.7629
1462000 299.797 -22968.4 5.24302
1463000 300.932 -22959.7 -25.825
1464000 298.26 -23043.2 76.5592
1465000 301.299 -22959.4 -46.1144
1466000 299.43 -23016.2 54.4131
1467000 299.863 -22994.2 -93.5447
1468000 300.721 -22986.4 5.43798
1469000 298.961 -22963.1 -19.3048
1470000 298.819 -22980.6 -56.0887
1471000 300.444 -22998.2 38.8721
1472000 299.572 -23027.6 53.6493
1473000 297.522 -23034 36.3345
1474000 299.711 -23042.8 -54.0144
1475000 299.09 -22978.1 2.82825
1476000 300.348 -22924.2 11.0964
1477000 296.626 -22959.5 5.10762
1478000 300.294 -22978.8 47.7981
1479000 301.269 -22951.5 3.85362
1480000 299.84 -22995.8 23.005
1481000 300.553 -22900.1 -30.4172
1482000 300.396 -22902.1 -15.9347
1483000 298.495 -22980.3 23.1855
1484000 298.669 -22996 -59.8844
1485000 299.817 -22896.9 38.0242
1486000 300.121 -22888.8 -34.236
1487000 299.695 -22875.4 1.14871
1488000 302.027 -22841.6 -18.8481
1489000 300.372 -22924.5 -11.1078
1490000 299.749 -22935 -14.3919
1491000 300.556 -22954.1 -50.515
1492000 299.883 -22971.5 64.9216
1493000 299.801 -22922.5 -35.2242
1494000 300.765 -22895.5 3.53685
1495000 300.23 -22863.4 -3.4428
1496000 300.865 -22891.4 17.8481
1497000 301.351 -22852.3 -63.9066
1498000 299.853 -22943.1 -34.9856
1499000 299.636 -23001.8 21.0334
1500000 299.864 -23068.1 31.6138
1501000 299.384 -23035.1 7.30746
1502000 299.249 -23049.7 33.7077
1503000 300.055 -23049.7 10.5381
1504000 301.759 -23053.5 -1.2584
1505000 298.456 -22966.8 6.65838
1506000 301.054 -22938 -15.9586
1507000 299.787 -22993.7 4.9812
1508000 299.357 -22995.2 60.1784
1509000 299.719 -22941.9 -78.5038
1510000 300.114 -22976.4 28.0089
1511000 299.237 -23025.3 8.55971
1512000 299.141 -23062.4 -53.0261
1513000 298.285 -23052.1 96.7991
1514000 299.37 -23046 -54.5635
1515000 299.726 -23084.7 26.187
1516000 298.702 -23091.6 52.6475
1517000 298.164 -23004.3 -23.5254
1518000 299.788 -23011.9 107.623
1519000 299.239 -23045.1 -27.466
1520000 298.703 -23040.8 82.9319
1521000 298.796 -22954.7 -0.5455
1522000 299.847 -22937.6 -32.2132
1523000 300.049 -22940.1 -22.4142
1524000 300.471 -22953.6 97.6044
1525000 300.07 -22982.8 18.5627
1526000 301.33 -22975.9 -26.4685
1527000 300.174 -23027.7 -29.1627
1528000 299.761 -23003.2 29.548
1529000 301.768 -23016.2 43.2298
1530000 300.161 -23021.5 -34.6375
1531000 299.565 -23068.9 -10.0021
1532000 300.763 -23017 -25.9654
1533000 300.574 -23029.2 86.8408
1534000 301.447 -22958.8 -14.2949
1535000 298.355 -23023.6 10.5884
1536000 301.18 -22949.5 2.27144
1537000 299.007 -23010.5 25.804
1538000 300.344 -23027.1 -27.3087
1539000 300.444 -23078.6 -36.5068
1540000 301.798 -23074 8.96373
1541000 300.286 -23106.1 -8.6163
1542000 300.758 -23068.4 -26.1822
1543000 299.802 -23062.2 95.3573
1544000 298.752 -23106.3 -19.2858
1545000 300.785 -23127.6 -34.0115
1546000 300.316 -23122.3 -22.7175
1547000 300.677 -23092.2 -16.5563
1548000 299.438 -23118.9 91.5454
1549000 301.222 -23094.8 -34.8132
1550000 299.88 -23102.9 -20.1079
1551000 300.767 -23065.1 47.8991
1552000 299.856 -23157.6 67.356
1553000 300.292 -23108.9 -7.26459
1554000 300.124 -23071.3 -19.1806
1555000 300.168 -23058.9 32.0943
1556000 301.089 -23043.3 -57.978
1557000 301.001 -23037.5 -59.7856
1558000 299.639 -23042.4 17.6486
1559000 300.403 -22971 -10.2567
1560000 300.576 -23008.1 -38.1887
1561000 300.459 -23027.3 43.5469
1562000 301.07 -22951.2 58.0435
1563000 298.864 -22974.5 -18.3409
1564000 299.256 -23035.6 86.4627
1565000 300.283 -23041.9 -42.2435
1566000 299.231 -23143.4 59.0043
1567000 299.477 -23151.6 36.5053
1568000 300.587 -23121.9 -31.3891
1569000 300.937 -23105.7 -93.2347
1570000 300.508 -23044.8 -2.90873
1571000 300.774 -23085.9 24.6092
1572000 298.524 -23129.7 31.808
1573000 298.794 -23093.8 -2.48174
1574000 300.894 -23051.8 7.62135
1575000 297.723 -23122.8 13.4711
1576000 298.689 -23063 76.1711
1577000 298.592 -23036.4 -94.3451
1578000 299.397 -23101.7 56.7777
1579000 300.799 -23056.8 50.0822
1580000 299.503 -23057.9 44.3401
1581000 300.118 -23057.6 57.1658
1582000 300.707 -23062.8 -47.2933
1583000 300.374 -23041.9 -35.4155
1584000 300.71 -23012.8 13.1418
1585000 300.573 -22991.4 -14.0408
1586000 300.507 -22966.6 -18.6734
1587000 301.141 -22961.9 -30.2142
1588000 299.682 -23005.7 175.194
1589000 301.448 -22983.4 -55.7488
1590000 300.396 -23040.3 -57.7598
1591000 301.285 -23022.7 -27.168
1592000 301.358 -23047.4 49.2433
1593000 301.318 -22985 -0.528203
1594000 301.474 -23030.3 64.3377
1595000 299.916 -23067.1 -76.268
1596000 302.393 -23069.9 92.2834
1597000 300.071 -23052.8 1.96038
1598000 299.765 -23033.5 10.9528
1599000 299.538 -22989 -57.2861
1600000 299.731 -23045.7 59.1434
1601000 300.528 -23055.6 -56.7347
1602000 299.286 -23093.7 15.271
1603000 301.234 -23028.9 36.2318
1604000 300.995 -23008.3 0.467628
1605000 300.029 -23082.9 13.392
1606000 300.631 -23093.7 -40.0376
1607000 300.213 -23037.9 20.6911
1608000 297.996 -23131.2 -5.5062
1609000 299.925 -23120.5 31.1119
1610000 298.75 -23078.6 -112.199
1611000 300.161 -23048.5 30.5328
1612000 299.963 -23053.4 7.99707
1613000 302.391 -23002.1 -36.4863
1614000 300.114 -23103.8 48.8086
1615000 300.418 -23123.8 33.6147
1616000 298.694 -23123.5 -69.258
1617000 298.703 -23168.1 23.084
1618000 301.148 -23125.2 -105.756
1619000 301.384 -23150 63.9457
1620000 299.415 -23096 -11.0906
1621000 299.099 -23069.1 -30.2546
1622000 300.854 -23130.2 1.35046
1623000 301.566 -23087.6 14.5738
1624000 300.891 -23071.2 20.2454
1625000 300.356 -23058.5 -63.4688
1626000 297.573 -23118.8 28.2454
1627000 300.206 -23094.6 -46.308
1628000 299.451 -23082.3 50.0928
1629000 300.743 -23139.3 10.5967
1630000 301.518 -23110.6 30.1685
1631000 298.74 -23058.7 24.4641
1632000 301.011 -23001.1 -11.0442
1633000 299.641 -23049.9 70.0796
1634000 298.661 -23068 -27.7482
1635000 299.836 -23026.6 34.9362
1636000 299.084 -23034.9 -160.222
1637000 301.053 -23038.6 54.5294
1638000 301.06 -23042.3 53.3856
1639000 298.77 -23063.7 14.9163
1640000 298.208 -23055.3 8.4255
1641000 298.42 -23039.3 31.0149
1642000 299.61 -23039.9 -17.1168
1643000 298.027 -22996.9 -36.4454
1644000 302.263 -22951.7 62.3777
1645000 299.581 -22977.2 -12.6656
1646000 300.449 -23009 93.1561
1647000 298.907 -22992.5 -22.3704
1648000 301.607 -22951 -12.4971
1649000 300.476 -22998.7 -30.5196
1650000 299.787 -23028.3 -69.8475
1651000 299.121 -23047.3 30.8541
1652000 301.534 -23093.3 -47.2619
1653000 300.403 -23137.7 6.78642
1654000 300.302 -23073 19.9498
1655000 303.013 -23068.3 -58.0633
1656000 300.245 -23067.5 -3.1655
1657000 301.341 -23042.7 -76.1787
1658000 299.826 -23072 33.6788
1659000 300.104 -23054.1 45.1983
1660000 301.105 -23078.3 -22.3466
1661000 302.412 -23068.3 -17.6444
1662000 298.788 -23081.8 -1.72675
1663000 299.829 -23045.9 18.7076
1664000 300.723 -23066.1 -12.8283
1665000 299.183 -23136.8 36.206
1666000 300.329 -23036.6 24.7935
1667000 301.905 -22946 -14.1524
1668000 299.941 -22986.2 57.3758
1669000 297.785 -23080.3 -51.9365
1670000 299.225 -23104.7 40.3427
1671000 300.343 -22977.6 -44.3353
1672000 299.011 -23003.7 6.47546
1673000 300.213 -22985.5 -55.5634
1674000 299.169 -22986.6 -11.2634
1675000 299.824 -22995.2 -77.4157
1676000 299.113 -23030.4 22.9775
1677000 300.907 -23053.1 -7.67183
1678000 298.713 -23072.8 40.8202
1679000 299.838 -23062.6 68.7886
1680000 299.746 -23014.9 -47.184
1681000 301.136 -23001.3 25.1077
1682000 300.527 -22932.5 56.6768
1683000 300.397 -22914.8 -68.8444
1684000 299.879 -22931.8 -9.24774
1685000 301.381 -22943.4 137.814
1686000 299.375 -22956.5 -28.1227
1687000 299.168 -23043.9 -39.0463
1688000 298.238 -23058.5 -50.8256
1689000 298.761 -22996.2 42.0312
1690000 302.011 -22962.4 -35.8034
1691000 298.872 -23026 -57.8112
1692000 299.087 -23020.5 112.934
1693000 301.628 -23020.2 -54.9267
1694000 301.464 -22999 45.614
1695000 301.367 -22950.7 -19.5407
1696000 298.647 -23055.3 -35.6288
1697000 301.398 -23043.6 -51.0457
1698000 299.722 -23029.4 11.5671
1699000 301.093 -23035.4 -30.3985
1700000 300.374 -23035.8 -44.9556
1701000 301.757 -23044.9 51.4631
1702000 300.732 -23043.2 -74.9912
1703000 300.804 -23040.5 33.2615
1704000 300.204 -23015.1 36.9283
1705000 301.484 -22985.5 3.59265
1706000 299.013 -23067 0.854653
1707000 300.197 -23113.1 -99.9054
1708000 299.22 -23085.6 42.7094
1709000 300.022 -23056.4 -3.03517
1710000 301.846 -22951.1 32.8407
1711000 298.976 -22951.7 -48.9031
1712000 300.55 -22919.1 82.7176
1713000 300.454 -22923.9 3.79815
1714000 297.824 -23013.6 -38.8228
1715000 299.118 -22975.1 -2.30131
1716000 301.728 -22932.3 46.3811
1717000 299.527 -22929.6 -55.8646
1718000 299.038 -22959.1 42.1456
1719000 299.691 -23017.8 -30.7911
1720000 299.68 -23060.4 2.5619
1721000 298.751 -23055.2 -23.2527
1722000 300.306 -23052.5 92.8808
1723000 300.247 -22981 56.1202
1724000 299.78 -23014.2 -58.1625
1725000 300.313 -22960.5 -22.7524
1726000 300.531 -23012.4 68.8735
1727000 300.066 -22983.9 -69.4373
1728000 299.495 -22937.1 33.3704
1729000 297.792 -23006.7 -3.98305
1730000 298.874 -22991.2 26.7689
1731000 301.36 -22950.1 -109.285
1732000 299.898 -22971.3 -7.72171
1733000 301.681 -22896.8 47.9047
1734000 300.229 -22884.2 -95.2604
1735000 301.995 -22890.5 68.5237
1736000 299.968 -22931.1 24.0746
1737000 298.004 -22933.3 -59.8559
1738000 300.358 -22970.5 45.6973
1739000 298.79 -23026.4 -48.9518
1740000 299.181 -22980.8 -40.6007
1741000 300.149 -22934 -20.0034
1742000 299.173 -22975.3 80.1731
1743000 299.534 -22981 -23.6385
1744000 298.646 -22966.8 -14.3139
1745000 298.403 -22946.1 88.8109
1746000 299.429 -22968.9 -91.6988
1747000 300.43 -22935.1 87.1979
1748000 300.288 -22886.7 0.138148
1749000 300.456 -22908.4 -53.2462
1750000 300.116 -22943.1 -29.9178
1751000 300.732 -22958 108.862
1752000 301.203 -22877.6 -89.9803
1753000 301.392 -22860.6 51.6018
1754000 300.491 -22862.8 -45.9325
1755000 301.12 -22907 -32.2482
1756000 298.841 -22911 6.72006
1757000 300.456 -22868.3 3.9951
1758000 302.228 -22877.2 -31.4896
1759000 299.481 -22951.3 -49.8325
1760000 300.742 -22851.6 -21.898
1761000 298.243 -22887.9 30.569
1762000 298.791 -22853 -4.92494
1763000 299.9 -22817.9 -66.79
1764000 299.494 -22885.6 138.113
1765000 300.316 -22915.6 -90.9059
1766000 298.651 -22972.8 -10.1223
1767000 299.381 -22973.5 39.6331
1768000 299.567 -22996.2 -66.2415
1769000 300.055 -23004.3 70.7238
1770000 302.297 -22894 -44.269
1771000 300.945 -22871.7 41.9909
1772000 300.548 -22945.3 36.7414
1773000 300.399 -23003.7 6.30284
1774000 299.649 -22955.7 -44.2597
1775000 300.298 -23001.5 46.9393
1776000 299.307 -22993.6 -65.6858
1777000 299.844 -23017 61.1691
1778000 297.701 -23024.2 16.7865
1779000 299.267 -23019.9 -66.1643
1780000 300.01 -23009.5 20.1298
1781000 301.173 -23001.3 30.945
1782000 298.978 -23018.6 -34.1471
1783000 299.812 -23005.1 -1.96309
1784000 299.244 -23073.3 -20.2382
1785000 299.426 -23113.2 -1.56366
1786000 299.046 -23075.1 35.0592
1787000 299.383 -23036.5 -35.5573
1788000 300.125 -23070.8 68.3789
1789000 298.736 -23042.8 -7.61683
1790000 298.788 -23068 0.174547
1791000 300.488 -23086.6 -34.8884
1792000 300.423 -23087.3 43.2256
1793000 299.024 -23170.9 25.4238
1794000 300.048 -23123.4 81.3048
1795000 298.998 -23166.8 -77.8341
1796000 299.77 -23136.3 -84.2219
1797000 300.226 -23106.5 -4.52077
1798000 300.168 -23124.1 -4.33923
1799000 299.551 -23143.7 -36.9238
1800000 300.658 -23105.9 100.812
1801000 300.791 -23068.1 -45.993
1802000 300.951 -23029.3 -96.1936
1803000 300.847 -23006.6 81.0317
1804000 301.198 -22972.9 7.64623
1805000 299.357 -22962.4 117.313
1806000 298.967 -23026.8 -114.012
1807000 299.377 -23051.2 70.5206
1808000 299.221 -23083.8 -59.1548
1809000 299.628 -23086.7 16.0584
1810000 301.505 -23021.7 55.4034
1811000 300.619 -23026.2 89.1276
1812000 299.874 -22999 -111.198
1813000 301.539 -22983.3 -67.7098
1814000 299.641 -23027.1 98.8383
1815000 300.641 -23010.7 39.0956
1816000 299.146 -23052.1 37.1108
1817000 298.277 -23002 39.9677
1818000 300.924 -22979.2 -9.43561
1819000 299.192 -23044.4 -102.614
1820000 299.717 -23067.5 -31.7411
1821000 300.536 -23055.1 76.5553
1822000 300.292 -23084.9 4.12733
1823000 298.193 -23081.2 -11.5884
1824000 301.476 -23041 78.2936
1825000 299.688 -23042.7 -17.0677
1826000 299.685 -23020.9 50.4253
1827000 299.649 -23064.2 -10.0797
1828000 299.195 -23049.6 -74.7147
1829000 301.776 -23022.6 39.6584
1830000 300.979 -23019.5 -23.7224
1831000 301.648 -22989.9 -8.65786
1832000 300.241 -23009.2 -49.5701
1833000 299.424 -23005.2 73.5239
1834000 300.621 -23021.7 -6.62895
1835000 300.63 -22976.2 -17.1651
1836000 299.928 -22896.7 -69.9557
1837000 299.608 -22949.2 11.0333
1838000 300.774 -22988.8 5.28634
1839000 299.867 -23002.9 60.3878
1840000 301.161 -22990.6 -80.2326
1841000 298.153 -23006.6 70.9936
1842000 301.555 -22975.5 -38.2884
1843000 300.908 -22970.6 -80.8613
1844000 298.704 -23099.5 46.2531
1845000 302.49 -23080.2 -40.3883
1846000 299.548 -23067 -4.6126
1847000 299.898 -23016.8 31.6847
1848000 299.306 -23092.6 -36.3694
1849000 300.298 -23059.9 6.20217
1850000 299.559 -23083.3 2.31219
1851000 300.664 -23112.3 -32.8847
1852000 298.408 -23121 -21.7783
1853000 300.905 -23100.2 98.2172
1854000 301.268 -23140.2 -9.1515
1855000 300.328 -23151.4 29.9303
1856000 298.916 -23187.1 -9.35198
1857000 299.979 -23150.7 -88.3123
1858000 299.167 -23088.3 15.5984
1859000 299.349 -23079.5 -10.8669
1860000 300.008 -23028.2 -77.6401
1861000 299.773 -23036.7 102.079
1862000 301.161 -22959.9 -6.48987
1863000 299.652 -23020.1 -60.835
1864000 299.267 -23033 14.7393
1865000 300.642 -23020.2 130.728
1866000 300.715 -23046.6 -106.205
1867000 300.559 -23069 35.6247
1868000 299.066 -23091.7 -15.4987
1869000 301.611 -22996.2 18.8854
1870000 299.247 -22952.8 -59.1982
1871000 300.377 -23001.8 39.5933
1872000 300.015 -22997.2 60.8781
1873000 299.924 -23023.8 -48.8575
1874000 300.62 -22998.3 32.4029
1875000 299.407 -22971.2 47.018
1876000 298.295 -22970.3 -84.4355
1877000 300.384 -22969 68.9873
1878000 300.33 -22969.7 -65.8936
1879000 300.961 -22958.1 -16.908
1880000 299.655 -22978.6 76.9958
1881000 298.852 -22973.5 57.5178
1882000 300.224 -22961.4 3.83516
1883000 301.54 -22930.5 29.7426
1884000 300.638 -22998.4 -45.2446
1885000 300.008 -22989.1 20.0761
1886000 300.08 -22965.8 85.2414
1887000 300.053 -23039.8 61.2391
1888000 302.075 -23032.4 -39.5085
1889000 300.927 -23074.3 -75.7719
1890000 301.29 -23019.1 110.602
1891000 301.223 -23007.8 -17.0639
1892000 300.587 -23060.2 -26.7706
1893000 301.014 -23088.6 12.3527
1894000 299.602 -23119.9 -34.89
1895000 300.017 -23135.2 73.4058
1896000 299.504 -23138.7 -60.0186
1897000 299.756 -23075.7 -50.1677
1898000 301.216 -23063.4 141.899
1899000 299.715 -23078.3 -75.2686
1900000 297.132 -23041.7 33.5561
1901000 299.016 -22977.5 -109.734
1902000 300.202 -22965.7 125.041
1903000 299.666 -22980.2 23.0321
1904000 299.762 -22986.8 23.5775
1905000 299.546 -22953.9 -64.8838
1906000 300.495 -22948.8 116.97
1907000 299.98 -22958.4 -35.5522
1908000 300.638 -22927.7 29.5351
1909000 300.399 -22906 14.9727
1910000 300.439 -22831.9 -46.3301
1911000 299.828 -22885.5 -6.7404
1912000 299.561 -22904.5 34.9954
1913000 298.638 -22958.5 -7.83682
1914000 299.134 -22967.9 -80.4928
1915000 299.353 -22936.3 62.4876
1916000 298.951 -22929.3 -13.3606
1917000 300.164 -22964 -15.9101
1918000 300.62 -22923.4 13.6197
1919000 299.614 -22927.6 -47.4384
1920000 300.392 -22927.9 113.394
1921000 299.675 -22949.3 -56.0965
1922000 297.918 -22925.8 -34.3718
1923000 298.836 -22921.1 -45.2008
1924000 299.851 -22893.9 64.5508
1925000 300.206 -22862.7 -2.6896
1926000 299.671 -22867.2 33.3311
1927000 299.796 -22921.8 -3.137
1928000 299.451 -22869.5 46.8577
1929000 298.958 -22985.4 -35.3402
1930000 299.631 -22944.2 43.7806
1931000 299.761 -22932 51.7708
1932000 299.903 -22990.2 15.9227
1933000 300.289 -23027 -26.1322
1934000 298.988 -23063.7 95.1385
1935000 299.524 -23072.7 -35.6265
1936000 299.411 -23128.1 -26.1198
1937000 300.786 -23086.2 -46.0329
1938000 300.209 -23089.8 66.7648
1939000 298.295 -23035 -1.29751
1940000 300.896 -22944.9 -51.4196
1941000 299.868 -23005.2 -63.662
1942000 300.981 -22957.5 34.6931
1943000 301.019 -22994.1 -0.713073
1944000 299.996 -23054.9 7.03931
1945000 300.279 -23039.9 89.2524
1946000 299.226 -23150.1 -59.4528
1947000 298.977 -23114.7 -59.6953
1948000 300.806 -23069.3 -27.2882
1949000 300.853 -23007.4 143.867
1950000 300.803 -23010.5 3.77918
1951000 300.957 -23014.9 -40.2491
1952000 300.067 -23038.8 13.8182
1953000 300.134 -23016.3 -40.6333
1954000 300.402 -23025.5 60.281
1955000 300.026 -23110.5 -50.5412
1956000 301.05 -23028.6 -2.13903
1957000 299.848 -23063.4 -12.7351
1958000 299.904 -23093.8 -50.3715
1959000 299.113 -23098.2 -24.9028
1960000 298.087 -23125.6 -27.5245
1961000 297.823 -23076.1 66.7587
1962000 300.329 -23046.7 -0.379311
1963000 299.374 -23068 13.0286
1964000 299.032 -23033.9 -30.6115
1965000 299.364 -23042.1 -33.5893
1966000 300.926 -22997.9 10.1735
1967000 302.013 -23047.5 0.262105
1968000 301.344 -23075.5 59.5028
1969000 300.34 -23088.8 -28.6753
1970000 299.933 -23071.3 53.8827
1971000 300.827 -23114.8 6.89678
1972000 300.258 -23137 -27.1363
1973000 299.539 -23171 -56.7746
1974000 298.467 -23162.8 10.7187
1975000 302.053 -23060.3 -20.3123
1976000 299.844 -23033.8 57.3623
1977000 299.197 -23089.8 -53.7837
1978000 299.693 -23126.9 82.5337
1979000 299.309 -23163 -76.8253
1980000 298.403 -23146 16.8896
1981000 299.491 -23075.3 53.6398
1982000 299.552 -23083.7 -45.7498
1983000 300.315 -23101.8 39.0177
1984000 299.635 -23075 -90.9131
1985000 300.582 -23070 63.8818
1986000 300.793 -23124.7 -99.0934
1987000 300.928 -23073.6 35.5066
1988000 301.784 -23058 -3.80085
1989000 300.449 -23158 -10.9287
1990000 301.139 -23139.1 20.2683
1991000 301.218 -23133.8 -37.7014
1992000 300.05 -23131.8 32.0366
1993000 300.135 -23141.2 -31.4339
1994000 300.619 -23192.1 110.17
1995000 298.361 -23226.3 -10.5804
1996000 301.403 -23183.6 -22.9583
1997000 299.807 -23207.7 -60.9478
1998000 300.083 -23205.7 108.281
1999000 298.935 -23182.1 -102.285
2000000 300.354 -23153 17.2853
