# Time-averaged data for fix 3
# TimeStep v_Temperature v_PotentialEnergy v_Pressure
2000 348.598 -20577.6 -141.085
3000 397.602 -19577 -60.4435
4000 401.26 -19408.1 -47.0702
5000 399.846 -19461.2 -28.9596
6000 400.188 -19371.7 95.2446
7000 399.335 -19378.1 13.9618
8000 399.653 -19499.1 3.58604
9000 400.484 -19565.2 46.7634
10000 400.975 -19435.3 -143.196
11000 400.688 -19481.5 128.723
12000 399.205 -19423.9 93.6049
13000 400.677 -19301.7 -122.798
14000 400.204 -19457.1 -1.24095
15000 401.377 -19410.2 -9.14958
16000 400.405 -19467.7 17.815
17000 398.439 -19542.8 124.648
18000 399.62 -19454.2 -30.9096
19000 402.606 -19248.1 28.5892
20000 398.932 -19472.1 -127.317
21000 399.472 -19441 112.281
22000 399.1 -19503 -123.503
23000 401.148 -19417.7 31.4523
24000 398.222 -19427.7 -79.1054
25000 401.148 -19535.8 -31.3877
26000 400.988 -19636.1 91.1168
27000 397.683 -19496.9 -38.4167
28000 400.164 -19401.2 -115.341
29000 398.925 -19456 3.14018
30000 399.973 -19555.1 50.2787
31000 399.276 -19555.7 -90.559
32000 399.796 -19516.2 -61.4639
33000 399.735 -19444.5 93.0433
34000 396.715 -19390.1 -123.905
35000 401.41 -19415.8 50.7393
36000 400.757 -19442 10.0616
37000 399.835 -19457.3 4.92128
38000 397.808 -19516.6 -143.951
39000 401.018 -19484.8 170.873
40000 399.511 -19470.5 -79.8461
41000 401.385 -19368.8 -2.36471
42000 399.496 -19402 33.6309
43000 401.826 -19327 -52.8209
44000 398.244 -19404.7 40.9344
45000 401.078 -19490.1 -20.2147
46000 400.618 -19405.8 -13.822
47000 399.651 -19420.4 2.91811
48000 399.598 -19431 -26.1443
49000 398.864 -19396.8 69.6384
50000 401.092 -19413.2 49.2267
51000 400.622 -19488.8 29.5262
52000 399.625 -19532.9 -29.7005
53000 400.106 -19455.3 -46.1958
54000 400.654 -19402.3 86.2179
55000 398.703 -19372.6 -65.8498
56000 399.663 -19322 -63.0243
57000 401.823 -19244.8 17.4601
58000 399.977 -19439.7 108.391
59000 397.458 -19399.3 -143.401
60000 400.028 -19419.6 -49.0382
61000 400.863 -19350.1 178.277
62000 400.191 -19477.9 46.1559
63000 398.632 -19534.7 -88.2014
64000 398.589 -19474.5 50.176
65000 400.23 -19501.4 -114.96
66000 397.303 -19490.8 -68.88
67000 399.149 -19517 261.476
68000 400.876 -19404.8 -185.203
69000 399.273 -19444.1 -19.4436
70000 399.648 -19421.4 129.824
71000 400.131 -19305.3 -20.8705
72000 399.845 -19398.5 -41.7223
73000 400.763 -19393.4 28.9773
74000 399.786 -19461.8 -52.356
75000 400.397 -19453.9 106.555
76000 400.019 -19372 -55.6414
77000 400.122 -19441.7 13.5369
78000 397.932 -19497.9 131.542
79000 398.303 -19510.1 -14.2275
80000 402.352 -19510.9 21.7594
81000 397.459 -19470.8 39.4164
82000 399.269 -19388.8 -59.2686
83000 400.507 -19277.4 5.13264
84000 399.43 -19389.9 43.9804
85000 400.052 -19483.8 -134.022
86000 399.999 -19533 94.429
87000 399.985 -19475.4 18.5713
88000 399.591 -19347.9 176.843
89000 400.89 -19382.1 -20.284
90000 401.686 -19431.6 -79.708
91000 401.347 -19442.3 61.9901
92000 398.802 -19525.6 52.7161
93000 398.194 -19428.9 -225.981
94000 399.979 -19446.1 209.449
95000 401.467 -19416.4 -62.0494
96000 401.171 -19439 -36.9475
97000 400.92 -19455.1 32.217
98000 401.816 -19408.5 -14.0822
99000 397.235 -19530.4 8.36738
100000 400.221 -19406.7 57.8605
101000 399.51 -19339.1 -114.094
102000 401.34 -19441.1 -32.8569
103000 398.679 -19542.5 69.4041
104000 398.061 -19428 -46.3383
105000 399.917 -19444.4 -29.6515
106000 399.313 -19501.1 149.887
107000 398.015 -19358 -63.7227
108000 398.683 -19445.9 -130.069
109000 400.335 -19434.7 48.6017
110000 399.405 -19534.1 53.3625
111000 400.54 -19490 -6.69041
112000 398.119 -19531.6 -78.4132
113000 397.709 -19634 30.4405
114000 398.921 -19555.8 -32.717
115000 399.702 -19470.2 -44.3075
116000 401.934 -19422.8 73.3381
117000 399.243 -19456.1 67.6306
118000 398.506 -19469 65.5721
119000 398.344 -19504.4 -38.3329
120000 397.889 -19588.9 64.293
121000 398.997 -19425.2 -68.5036
122000 398.661 -19410.4 14.7013
123000 398.661 -19505.5 -16.8603
124000 401.034 -19551.9 112.098
125000 399.792 -19569.1 -47.0279
126000 400.177 -19404.9 -5.09677
127000 400.068 -19444.9 -38.3226
128000 402.314 -19401.2 -80.4219
129000 398.341 -19572 70.2467
130000 402.972 -19419.4 -23.9988
131000 401.495 -19481.1 4.18248
132000 401.338 -19377.6 -20.8867
133000 400.427 -19336.5 27.1777
134000 397.387 -19483.6 112.364
135000 401.028 -19276.2 -209.765
136000 401.837 -19381.7 126.947
137000 396.719 -19442.2 -25.14
138000 399.839 -19379.4 -30.6273
139000 402.076 -19315 -16.792
140000 397.95 -19438.3 -34.8365
141000 398.215 -19508.9 78.922
142000 398.754 -19477 -99.4435
143000 399.412 -19412.1 36.7479
144000 400.821 -19311.7 -83.7062
145000 401.437 -19298.1 94.2496
146000 400.749 -19309.2 12.7298
147000 399.879 -19328.5 171.13
148000 399.232 -19414.7 -120.551
149000 400.626 -19338 -30.4707
150000 400.293 -19436.3 52.1352
151000 401.448 -19562 70.2543
152000 399.411 -19490.3 48.1658
153000 398.725 -19512.6 -34.5064
154000 400.529 -19502.8 -96.6612
155000 398.412 -19421.7 126.284
156000 399.161 -19406 -70.8161
157000 398.795 -19412.6 14.7862
158000 399.983 -19476.9 -9.9465
159000 399.648 -19501.2 -5.77461
160000 399.71 -19449 16.8663
161000 399.444 -19475 -97.9964
162000 399.619 -19499.7 63.6685
163000 398.305 -19504.2 102.774
164000 400.421 -19387.7 -191.187
165000 398.157 -19580.1 59.7797
166000 398.356 -19489.5 53.8422
167000 399.181 -19414.4 -34.741
168000 400.271 -19333.9 -86.2768
169000 400.394 -19278.7 46.269
170000 396.736 -19406.1 25.6597
171000 400.878 -19272.2 -25.2227
172000 401.035 -19319 -102.197
173000 399.747 -19464.9 18.6535
174000 399.797 -19512.2 -86.5852
175000 399.864 -19523.1 71.0528
176000 400.219 -19485.1 15.1551
177000 402.623 -19482.6 48.6129
178000 399.494 -19579.5 -117.521
179000 399.007 -19507.1 21.5181
180000 399.995 -19533.9 6.90765
181000 398.78 -19469.6 -85.1967
182000 398.696 -19517.6 99.6092
183000 402.49 -19389.6 49.2573
184000 400.317 -19409.2 -77.7414
185000 400.816 -19331.2 159.8
186000 401.448 -19394.7 -96.9752
187000 400.52 -19426.1 47.3327
188000 398.532 -19515.5 -146.035
189000 399.407 -19578 67.1234
190000 400.823 -19460 53.2305
191000 400.093 -19423.8 -131.467
192000 398.066 -19518.5 69.6763
193000 399.751 -19532.6 -64.9348
194000 400.339 -19489.7 -78.9742
195000 397.936 -19598.6 164.362
196000 399.384 -19521.2 19.8451
197000 397.599 -19520 -85.3619
198000 399.892 -19454.8 -100.226
199000 402.308 -19451.7 37.6226
200000 399.815 -19556 31.4836
201000 397.343 -19548.5 -39.3096
202000 398.51 -19498.8 -33.8467
203000 402.719 -19398.8 -20.2835
204000 399.239 -19333 -15.0978
205000 401.097 -19362.3 68.2116
206000 402.379 -19274.5 10.0263
207000 398.78 -19424.4 -64.8882
208000 400.058 -19478.6 90.0188
209000 400.008 -19508.2 -70.3606
210000 399.197 -19578.9 35.7949
211000 397.927 -19581.1 -19.2832
212000 400.594 -19423.6 22.0004
213000 398.34 -19527.8 26.689
214000 401.657 -19407.4 -113.716
215000 402.006 -19444.7 168.326
216000 401.574 -19489.8 -46.5088
217000 400.709 -19439.4 -51.499
218000 401.363 -19452.7 4.19691
219000 398.973 -19498.9 21.2733
220000 400.104 -19379.6 -65.527
221000 399.113 -19428.3 54.8912
222000 400.025 -19368.9 -48.7908
223000 398.006 -19499.5 -57.8442
224000 398.997 -19513.3 -8.71975
225000 399.317 -19471.6 -62.9927
226000 399.425 -19375.3 -62.0782
227000 400.376 -19347.5 62.2328
228000 401.445 -19331.6 -49.7754
229000 398.991 -19377.1 69.9714
230000 400.534 -19397.9 -128.644
231000 398.947 -19446 60.1381
232000 399.864 -19333.4 36.4425
233000 402.582 -19429.4 -139.67
234000 401.327 -19543.5 4.43861
235000 399.224 -19525.1 79.0795
236000 400.37 -19402.8 36.5484
237000 398.828 -19423.1 -117.271
238000 399.863 -19463.4 171.221
239000 399.422 -19380.6 -53.5918
240000 398.877 -19397.1 -46.1193
241000 398.48 -19483.8 -22.2041
242000 398.733 -19498.5 32.2135
243000 398.578 -19528.4 30.0535
244000 399.872 -19395.8 -101.536
245000 399.957 -19401.4 -27.9765
246000 403.138 -19344.9 -8.96298
247000 399.95 -19383.5 -30.8816
248000 401.418 -19428.7 18.2099
249000 399.471 -19409.3 -44.0255
250000 399.416 -19406.6 34.014
251000 401.187 -19454.7 -49.798
252000 400.992 -19543.7 129.836
253000 399.149 -19431.4 -78.4673
254000 400.34 -19444.2 44.8667
255000 401.565 -19512.6 -7.8469
256000 400.21 -19509.4 1.81712
257000 400.993 -19508.3 -72.3989
258000 400.229 -19505.1 31.1726
259000 400.539 -19395.2 -58.8974
260000 398.585 -19387 -33.1753
261000 399.9 -19388.5 108.448
262000 399.814 -19386 -66.0901
263000 399.242 -19424.6 -31.2325
264000 400.662 -19402 -8.94267
265000 399.077 -19377.7 42.5076
266000 399.216 -19419.2 -72.2977
267000 398.699 -19500.8 138.107
268000 398.44 -19442.6 -104.484
269000 398.625 -19449.8 94.1196
270000 401.057 -19435.4 -8.94175
271000 400.358 -19406 -9.84305
272000 399.611 -19311.7 -3.10091
273000 398.095 -19357.2 -13.1985
274000 398.705 -19380.3 7.03537
275000 398.833 -19447.3 -35.6438
276000 399.162 -19547.8 -16.315
277000 401.399 -19428.9 -46.685
278000 400.399 -19363.3 11.5818
279000 398.784 -19482.1 117.226
280000 401.833 -19454.6 -105.944
281000 399.854 -19391.4 -20.3125
282000 399.822 -19387.9 15.3471
283000 400.615 -19325.9 4.09837
284000 400.224 -19324.7 -87.6859
285000 400.844 -19327.6 99.3137
286000 398.449 -19371 41.8218
287000 401.553 -19202.4 7.62216
288000 402.605 -19293.5 20.7056
289000 400.245 -19389.4 -89.3059
290000 401.859 -19308.3 29.3156
291000 398.262 -19503.7 -7.74928
292000 399.436 -19490.8 -13.6608
293000 397.419 -19496.3 -77.535
294000 400.606 -19456.2 130.11
295000 398.795 -19422.4 -96.9994
296000 400.023 -19417.7 131.028
297000 400.117 -19418 -43.6507
298000 401.356 -19369.6 -2.00403
299000 397.361 -19415.4 104.181
300000 400.804 -19382.7 -32.1515
301000 400.402 -19414.9 -81.4998
302000 398.69 -19537.7 69.663
303000 400.077 -19444 -60.0079
304000 400.215 -19584.2 -114.601
305000 400.084 -19592.1 -9.40815
306000 401.319 -19401.7 92.6074
307000 399.537 -19402.3 -56.94
308000 398.49 -19343.1 70.7679
309000 400.011 -19376.9 -88.5123
310000 401.043 -19345.5 87.5011
311000 398.771 -19371.8 79.1669
312000 400.074 -19336.2 22.7076
313000 399.184 -19337.5 36.1671
314000 398.789 -19347.7 -115.13
315000 398.802 -19528.1 42.5996
316000 400.191 -19404.4 0.912249
317000 400.944 -19313 -28.9033
318000 401.505 -19457.1 39.9697
319000 398.596 -19535.3 66.058
320000 399.368 -19504.9 -56.3977
321000 397.97 -19612.8 114.675
322000 399.76 -19544.1 -174.71
323000 399.772 -19394.5 -19.3212
324000 399.392 -19473 175.061
325000 400.554 -19408.8 -58.9516
326000 398.365 -19469.5 70.6463
327000 399.648 -19548.4 -62.9683
328000 399.638 -19496.9 -148.958
329000 401.108 -19419.5 144.151
330000 400.61 -19468.2 -73.426
331000 399.019 -19578.3 30.3767
332000 400.135 -19526.1 -42.0936
333000 399.387 -19540.8 44.0492
334000 402.208 -19491.1 -25.2864
335000 400.107 -19345.1 56.8434
336000 398.389 -19389.9 -14.4798
337000 400.387 -19376.4 -8.39813
338000 398.704 -19533.2 29.0972
339000 400.187 -19564.7 -8.79399
340000 401.151 -19440.4 -17.9537
341000 400.397 -19464.3 91.1292
342000 400.622 -19400 29.444
343000 401.387 -19298.6 -79.9775
344000 400.606 -19506.6 65.9099
345000 400.302 -19615 -30.7156
346000 398.755 -19535 31.0562
347000 399.87 -19427.1 -38.8881
348000 400.668 -19409.5 11.9879
349000 399.795 -19383.2 -36.9296
350000 399.015 -19505.1 -1.26525
351000 401.093 -19525.1 37.0368
352000 398.74 -19556.4 61.3646
353000 400.756 -19586 -154.016
354000 399.975 -19523.7 126.599
355000 399.568 -19472.7 -57.2519
356000 399.243 -19463.8 -46.4775
357000 400.286 -19565.5 270.417
358000 401.553 -19333.2 -27.1715
359000 398.596 -19288.9 -31.2564
360000 399.942 -19381 16.1527
361000 399.678 -19473.5 -68.0798
362000 399.002 -19522 141.419
363000 401.38 -19356.2 -29.7032
364000 401.223 -19466.1 0.316087
365000 401.819 -19491.4 -34.4404
366000 400.566 -19466 61.1766
367000 398.917 -19581.2 -130.07
368000 398.763 -19541.7 49.1113
369000 401.62 -19534.1 99.8913
370000 398.928 -19542.1 -41.6222
371000 400.312 -19498.6 29.2589
372000 398.962 -19637.2 -20.4388
373000 399.809 -19627.1 -43.7333
374000 398.566 -19516.6 69.9994
375000 399.715 -19454.1 -34.8881
376000 401.416 -19395.3 29.2559
377000 399.563 -19416.8 -87.625
378000 398.92 -19524.2 180.013
379000 401.948 -19427.6 -211.306
380000 398.902 -19572.8 54.9464
381000 400.842 -19434.1 -27.9346
382000 401.436 -19515.9 42.3379
383000 399.549 -19519.9 -0.697065
384000 399.289 -19482.5 -23.9799
385000 401.441 -19416.6 -137.482
386000 400.047 -19439.7 177.243
387000 399.463 -19453.7 77.0511
388000 401.068 -19553.9 -25.5729
389000 399.714 -19514.6 -3.36611
390000 399.301 -19566.6 125.821
391000 398.01 -19539.8 7.18853
392000 401.397 -19458.9 -91.5635
393000 400.56 -19472.5 -34.4682
394000 400.764 -19442.7 45.6388
395000 399.763 -19444.8 125.007
396000 401.578 -19357.8 -266.994
397000 398.553 -19429.8 18.7306
398000 400.524 -19415.8 11.3307
399000 399.845 -19451.2 -26.9746
400000 398.045 -19607 33.9055
401000 400.463 -19621.1 206.055
402000 398.325 -19505.3 -164.845
403000 400.857 -19531.2 139
404000 399.428 -19517.9 53.1628
405000 401.056 -19401.1 -40.7298
406000 401.117 -19337.6 85.6608
407000 399.159 -19406.1 55.0017
408000 399.201 -19434.3 -24.1983
409000 401.798 -19355.2 -24.8755
410000 399.655 -19378.1 73.5295
411000 401.954 -19327.5 -19.3317
412000 399.083 -19410.7 -42.5607
413000 399 -19496.7 -83.1982
414000 400.03 -19436.8 57.2091
415000 399.501 -19394.1 -102.462
416000 400.251 -19309.7 26.6862
417000 399.178 -19267.7 -26.679
418000 400.775 -19363.1 -53.5345
419000 398.22 -19434.8 -40.4159
420000 399.694 -19480.3 24.9272
421000 401.166 -19437.5 -25.7595
422000 401.422 -19386.6 6.10206
423000 399.382 -19524.6 -38.8187
424000 401.869 -19553 52.2161
425000 401.057 -19451.7 -27.563
426000 402.962 -19387.4 -60.2458
427000 400.339 -19378.3 46.878
428000 399.339 -19324.4 -167.582
429000 397.04 -19419.3 50.3556
430000 401.004 -19388.1 64.1227
431000 398.805 -19484.8 -0.746355
432000 400.236 -19430.5 32.6208
433000 398.977 -19502.2 -152.534
434000 399.823 -19629.8 132.673
435000 399.63 -19500.9 -3.83017
436000 399.985 -19448.7 19.1975
437000 398.655 -19459 -65.2825
438000 400.135 -19469.4 -61.318
439000 399.071 -19469.5 165.932
440000 400.794 -19432.7 14.7921
441000 399.169 -19349.4 -49.7948
442000 400.994 -19490.8 -66.0997
443000 400.482 -19484.7 176.095
444000 402.16 -19328.2 -122.419
445000 399.882 -19602.7 51.7706
446000 401.175 -19535.4 -11.0551
447000 400.228 -19441.9 -89.1653
448000 400.42 -19422.8 91.6387
449000 398.945 -19485.8 -100.164
450000 400.294 -19424.6 72.9501
451000 400.092 -19497.8 41.7635
452000 397.35 -19463 -35.6833
453000 401.775 -19412.1 -26.9407
454000 398.495 -19381.7 -43.5086
455000 400.08 -19424.4 67.9287
456000 401.433 -19369.1 -79.6745
457000 400.633 -19327.9 -16.5255
458000 400.944 -19369.7 -101.495
459000 399.18 -19448.7 184.618
460000 399.234 -19481 -82.726
461000 400.391 -19560.4 -16.8333
462000 398.816 -19601.5 129.284
463000 401.201 -19507.8 -65.5912
464000 398.785 -19488.3 83.1821
465000 398.638 -19466.4 -80.2977
466000 401.919 -19339.9 6.12228
467000 399.799 -19518.8 -27.5111
468000 400.7 -19466.4 -41.4878
469000 400.111 -19398.3 77.4578
470000 400.176 -19411.1 72.712
471000 400.978 -19447 -175.161
472000 396.857 -19478.6 -56.1917
473000 400.012 -19364.7 96.265
474000 399.056 -19329.8 23.7769
475000 400.298 -19415.3 -42.0191
476000 399.25 -19432.8 -22.6201
477000 398.814 -19415.2 138.25
478000 399.271 -19252.6 -11.5929
479000 400.48 -19373.9 -24.5732
480000 401.591 -19497.4 -8.89664
481000 399.678 -19458.2 67.6339
482000 401.13 -19319.6 -53.536
483000 400.98 -19410.2 151.061
484000 399.023 -19405.4 -53.8154
485000 398.087 -19477.3 -86.0925
486000 399.619 -19613 29.782
487000 399.27 -19544.6 36.7181
488000 399.482 -19475.3 -25.2295
489000 400.054 -19381 111.37
490000 400.579 -19376.7 -142.569
491000 400.332 -19422.7 154.487
492000 401.862 -19332 -113.578
493000 399.362 -19385.3 53.7674
494000 399.866 -19363.1 66.4367
495000 400.064 -19407.7 -73.5027
496000 400.892 -19472 52.3138
497000 400.515 -19477 -66.0903
498000 399.224 -19517.4 77.0962
499000 401.649 -19396.5 -86.2739
500000 402.9 -19467.2 -101.634
501000 400.945 -19490.5 114.236
502000 400.795 -19483.9 48.3222
503000 400.667 -19523 -34.4699
504000 399.482 -19528 -67.518
505000 397.834 -19518 -23.149
506000 399.217 -19572.9 -14.2616
507000 398.898 -19553.8 111.24
508000 397.639 -19505.9 -104.964
509000 398.414 -19415.5 74.643
510000 399.633 -19465.3 3.63612
511000 399.738 -19488 70.0259
512000 401.36 -19389.2 31.1977
513000 397.13 -19501.6 -148.489
514000 401.784 -19483.7 -29.9907
515000 399.685 -19543.5 136.94
516000 401.605 -19437.6 -187.914
517000 398.725 -19505.1 -45.4677
518000 401.049 -19473.1 242.767
519000 399.734 -19497.7 -83.5833
520000 400.378 -19415.1 -70.0325
521000 402.083 -19416.4 -15.8651
522000 400.21 -19512.2 19.3515
523000 400.488 -19497.5 5.19405
524000 399.547 -19529.1 34.7688
525000 402.057 -19371.9 7.88142
526000 399.167 -19434.8 -21.7763
527000 400.523 -19405.5 91.8022
528000 399.593 -19526.2 -91.851
529000 400.198 -19460 -28.9039
530000 399.968 -19405.8 163.133
531000 400.204 -19420.1 -219.728
532000 401.245 -19436.8 93.7917
533000 398.599 -19495 -46.9591
534000 398.288 -19576.2 13.222
535000 398.127 -19442.5 -86.655
536000 397.447 -19469.5 59.6695
537000 399.686 -19447.8 57.3529
538000 399.932 -19488.8 -74.4681
539000 400.534 -19460.5 21.1558
540000 400.187 -19362.3 -8.43268
541000 401.824 -19317.7 42.2572
542000 400.504 -19409.6 17.4996
543000 400.776 -19471.8 -22.3229
544000 397.75 -19494.1 101.024
545000 402.411 -19393.2 -66.1036
546000 398.4 -19497.9 -50.9372
547000 400.792 -19428.1 29.7964
548000 399.864 -19405.9 33.3524
549000 399.563 -19501.7 -79.0823
550000 400.411 -19474.1 33.3976
551000 400.975 -19462 -99.0245
552000 400.162 -19440.3 48.2403
553000 401.586 -19501.8 44.9582
554000 400.753 -19497.6 47.7184
555000 398.751 -19383.8 57.0937
556000 399.407 -19405.6 -118.354
557000 401.158 -19496.1 5.06761
558000 399.95 -19472.4 -12.3623
559000 400.775 -19429.8 72.7703
560000 401.544 -19466.1 -3.34591
561000 397.99 -19470.7 -94.3909
562000 400.324 -19507.9 12.9036
563000 400.927 -19548.8 61.7634
564000 399.217 -19409.8 -143.432
565000 402.099 -19530.6 96.0107
566000 398.736 -19563.3 -75.8567
567000 399.118 -19482.8 25.9097
568000 399.852 -19454.6 21.5439
569000 400.044 -19366.7 -17.1707
570000 401.42 -19313.1 69.7108
571000 401.075 -19354.8 26.7677
572000 398.942 -19490.6 83.024
573000 400.613 -19272.6 -178.836
574000 399.203 -19418.3 88.3324
575000 401.079 -19338.9 85.6204
576000 401.337 -19382.6 29.85
577000 399.46 -19385.2 -59.2245
578000 399.502 -19356.7 30.7866
579000 399.769 -19400.9 30.533
580000 401.785 -19273.7 16.3838
581000 398.831 -19319.4 -90.2617
582000 400.166 -19401.8 -1.75282
583000 400.046 -19490.2 77.0258
584000 398.752 -19494.9 17.4983
585000 402.292 -19550.4 7.42331
586000 399.841 -19408.5 16.2351
587000 401.751 -19463.9 -31.2911
588000 402.479 -19300.8 -1.19094
589000 401.335 -19295.9 99.5812
590000 399.698 -19361.7 -39.6158
591000 398.602 -19424.5 -138.932
592000 399.186 -19451.5 177.099
593000 399.663 -19505 13.5274
594000 399.202 -19504.4 -6.74501
595000 400.226 -19499 15.9968
596000 398.408 -19473.5 18.7241
597000 400.68 -19392.7 -108.158
598000 398.218 -19375.1 50.9927
599000 401.604 -19327.5 46.9415
600000 401.169 -19220.8 70.744
601000 399.435 -19378.8 -52.7414
602000 399.287 -19434.2 88.6089
603000 400.443 -19426 -88.7125
604000 400.745 -19401.1 56.7524
605000 398.611 -19430.4 7.68035
606000 401.101 -19374.5 -86.7305
607000 401.278 -19478 136.942
608000 398.686 -19391.2 -208.855
609000 400.766 -19442.9 160.771
610000 398.658 -19474.8 -68.5113
611000 398.962 -19492.6 126.241
612000 399.018 -19463.3 -63.5716
613000 401.391 -19350.4 124.565
614000 401.35 -19251.2 -63.8796
615000 399.167 -19295.7 -91.9278
616000 400.246 -19352.2 28.5137
617000 401.109 -19364.3 55.8816
618000 401.092 -19425.8 25.3062
619000 400.034 -19330.2 -90.7387
620000 397.727 -19450.9 31.7951
621000 399.737 -19516.4 85.5197
622000 400.206 -19487.7 2.33876
623000 400.603 -19407.2 49.9572
624000 398.461 -19459.6 -60.3091
625000 399.104 -19517.7 -28.2248
626000 399.028 -19469.4 71.3357
627000 399.919 -19416.9 -92.6361
628000 399.733 -19385.1 -4.53291
629000 399.774 -19437.4 14.9552
630000 400.565 -19470.1 -85.34
631000 398.686 -19521.7 -5.48142
632000 397.527 -19566.5 11.5587
633000 400.237 -19501.2 17.7957
634000 398.751 -19388.8 -90.3288
635000 398.448 -19454.8 26.7321
636000 399.502 -19514.1 51.4771
637000 397.5 -19453.5 -40.5408
638000 400.143 -19443.9 -95.6629
639000 398.082 -19452.5 88.8911
640000 400.634 -19469.2 -15.9073
641000 398.639 -19457 15.5688
642000 397.918 -19461.9 104.029
643000 399.342 -19312.3 -131.935
644000 401.517 -19230.2 -13.6045
645000 399.549 -19407 -43.5228
646000 397.18 -19547.5 39.3615
647000 400.928 -19531.9 -53.3325
648000 399.161 -19671.1 101.479
649000 399.516 -19446.3 -88.2819
650000 402.013 -19447.7 88.028
651000 400.696 -19358.5 23.0785
652000 398.614 -19313.7 -70.7506
653000 399.622 -19285.8 12.5534
654000 399.918 -19366.4 1.47143
655000 398.689 -19513.1 114.552
656000 401.915 -19433.2 30.8212
657000 398.874 -19560.8 -30.0961
658000 399.758 -19518.1 72.0442
659000 399.963 -19434.2 -89.2158
660000 401.18 -19419.9 -76.1507
661000 401.388 -19463.9 36.8426
662000 398.805 -19550.9 10.2429
663000 398.955 -19513 27.8972
664000 401.264 -19419.6 -5.4412
665000 399.43 -19445.6 126.251
666000 402.225 -19306.2 -76.1605
667000 400.912 -19336.2 -50.7389
668000 400.235 -19431.4 48.3903
669000 403.575 -19332.9 -73.6459
670000 399.363 -19515.9 102.139
671000 399.733 -19561.1 -65.5911
672000 398.354 -19575.3 1.43148
673000 399.603 -19692.5 63.4384
674000 401.957 -19519.4 -92.7353
675000 398.68 -19490.1 1.60094
676000 400.978 -19512.2 -97.1765
677000 400.272 -19379.6 104.198
678000 397.381 -19417.6 -45.5429
679000 397.414 -19432.4 -15.2326
680000 398.67 -19464.4 41.1293
681000 399.165 -19468.6 -107.154
682000 396.995 -19437.6 -64.9634
683000 400.067 -19447.5 3.25631
684000 401.884 -19432.1 32.1303
685000 398.97 -19570.7 42.9002
686000 400.401 -19545.5 21.5039
687000 397.105 -19446.3 -28.4458
688000 402.994 -19435.1 -27.2401
689000 398.525 -19467.7 6.88173
690000 398.991 -19410.3 -146.35
691000 398.971 -19446.8 127.713
692000 400.319 -19381.2 -35.4028
693000 400.453 -19323.2 64.5168
694000 400.052 -19418.9 51.7328
695000 400.809 -19357.8 -81.1966
696000 400.567 -19244.3 -29.1231
697000 397.793 -19355 64.9766
698000 399.216 -19334.9 -134.759
699000 397.329 -19487.2 -66.2093
700000 402.57 -19473.6 97.8718
701000 399.926 -19474.1 -95.3309
702000 399.601 -19403.5 79.7144
703000 401.165 -19469.3 25.7183
704000 399.56 -19452.1 70.9245
705000 399.025 -19380.4 -96.678
706000 397.518 -19458.3 199.942
707000 397.75 -19450.5 -106.735
708000 399.55 -19464.8 4.13087
709000 399.749 -19463.4 68.5278
710000 402.317 -19404.9 -64.0933
711000 403.026 -19393.7 4.46881
712000 400.125 -19378 169.989
713000 399.989 -19282.3 -87.6339
714000 399.825 -19382.7 44.6956
715000 401.21 -19312.9 -10.8096
716000 399.53 -19282.3 6.80445
717000 400.037 -19356 -47.1506
718000 398.948 -19480.5 103.511
719000 398.924 -19342.6 -78.7867
720000 400.66 -19360.9 -64.7869
721000 399.734 -19367.7 198.634
722000 398.597 -19265.9 -135.704
723000 400.776 -19392.4 41.5511
724000 400.2 -19430.3 149.628
725000 400.616 -19331.8 13.5125
726000 399.448 -19279.8 -25.6622
727000 400.96 -19390.3 4.79684
728000 400.621 -19515.5 -119.598
729000 399.489 -19535.4 53.9466
730000 398.488 -19561.8 90.5445
731000 400.258 -19437 14.4347
732000 399.145 -19466.2 29.3468
733000 400.813 -19357.3 -187.255
734000 400.81 -19446.2 145.136
735000 401.083 -19306.7 -77.4975
736000 399.09 -19319.2 -107.068
737000 400.778 -19349.6 53.3175
738000 400.043 -19468 -103.967
739000 398.135 -19531.1 -4.43326
740000 399.025 -19467 16.9771
741000 400.234 -19429.5 -19.7617
742000 399.876 -19396.4 5.86645
743000 401.241 -19270.3 -9.47526
744000 402.704 -19338.5 80.2054
745000 399.611 -19422.5 -100.81
746000 399.183 -19474.8 80.0296
747000 398.478 -19481.8 -73.2017
748000 399.231 -19601.7 202.631
749000 397.029 -19578.7 -121.898
750000 400.278 -19559.8 -15.5742
751000 400.278 -19578.7 115.237
752000 400.486 -19521.5 -1.1448
753000 401.219 -19322.6 63.4451
754000 399.931 -19507.7 -130.231
755000 398.978 -19473.8 77.0522
756000 399.278 -19444.7 -0.781547
757000 399.052 -19472.8 95.5182
758000 399.104 -19406.4 -25.3734
759000 399.14 -19422.7 34.531
760000 402.888 -19371.3 13.1133
761000 399.868 -19291.9 -34.7787
762000 398.683 -19347 62.4052
763000 399.293 -19440.9 -37.6935
764000 400.499 -19433 116.197
765000 400.7 -19421.3 -55.2139
766000 399.698 -19386.2 -29.5819
767000 400.721 -19400.7 30.5512
768000 396.507 -19452.8 22.5585
769000 400.388 -19330.4 -48.1223
770000 400.964 -19395.9 46.6297
771000 400.576 -19388.8 -46.0976
772000 399.82 -19461.1 -50.9604
773000 399.446 -19513.8 29.3437
774000 398.57 -19542.7 35.1958
775000 399.917 -19483.8 9.89661
776000 399.175 -19493.7 -17.5349
777000 398.78 -19518.4 -31.5885
778000 400.183 -19442.5 -10.155
779000 401.147 -19455.4 30.4032
780000 399.853 -19394.8 16.6769
781000 398.577 -19412.6 -10.5913
782000 399.024 -19438.7 -156.898
783000 401.602 -19468.5 29.3619
784000 400.328 -19368 -58.608
785000 397.541 -19424.2 30.8953
786000 401.813 -19479.2 33.2111
787000 400.739 -19391.1 -60.7782
788000 399.352 -19415.4 194.942
789000 396.372 -19484.3 -65.7743
790000 399.183 -19449.5 57.4723
791000 398.26 -19433.6 -26.7941
792000 400.17 -19425.4 -67.136
793000 401.074 -19498.8 33.3197
794000 399.692 -19527.9 -16.5709
795000 399.714 -19368.6 -94.4785
796000 399.907 -19453 68.0895
797000 398.855 -19499.7 3.17122
798000 399.223 -19447.5 23.8952
799000 400.664 -19483.7 -62.258
800000 397.853 -19475.7 71.0706
801000 399.426 -19363.5 36.4453
802000 399.625 -19405.6 -120.251
803000 399.859 -19363.3 152.233
804000 399.589 -19409.7 -82.8343
805000 401.355 -19512.4 71.6251
806000 400.778 -19416.2 -65.9541
807000 400.894 -19417.8 -31.7849
808000 401.445 -19413.1 50.375
809000 402.266 -19441.1 54.8675
810000 398.079 -19538.9 -43.5725
811000 398.159 -19551.3 34.2203
812000 398.924 -19507 3.07105
813000 402.019 -19370.4 -8.06967
814000 400.309 -19304 63.2852
815000 401.23 -19441.8 -58.0858
816000 399.38 -19488.9 -3.97481
817000 398.671 -19470.7 29.3888
818000 399.707 -19373.3 11.1528
819000 399.926 -19367.6 -52.5405
820000 401.224 -19340 42.3071
821000 401.844 -19361.2 70.7188
822000 398.585 -19419 -108.541
823000 401.369 -19538.2 135.769
824000 401.384 -19518.9 -71.1976
825000 400.89 -19521.7 -6.38985
826000 401.217 -19454.7 -3.9183
827000 402.327 -19392.1 -30.1004
828000 400.142 -19485.1 100.029
829000 400.284 -19467.8 -86.904
830000 399.532 -19471.4 -37.3984
831000 399.839 -19506.2 168.198
832000 400.892 -19340 23.4947
833000 402.034 -19302.3 48.5584
834000 398.237 -19407.8 -86.1543
835000 402.829 -19408.4 -63.0264
836000 400.781 -19465.9 181.29
837000 399.155 -19478.8 -110.405
838000 398.897 -19529.2 87.2563
839000 400.149 -19492.8 13.7389
840000 401.318 -19444.3 -80.6002
841000 399.429 -19339.7 -19.4017
842000 399.899 -19437.5 3.12857
843000 398.297 -19455.8 63.399
844000 399.291 -19447.8 -21.8953
845000 400.993 -19537.3 146.302
846000 399.587 -19389.8 -83.1145
847000 400.156 -19473.8 71.2825
848000 400.544 -19510.3 34.0115
849000 399.534 -19458.1 -69.1859
850000 399.55 -19373.3 28.3834
851000 400.342 -19427 -89.5599
852000 397.96 -19482.4 119.473
853000 397.821 -19449.4 -47.5269
854000 396.658 -19327.4 19.2701
855000 403.178 -19381.3 -20.2691
856000 401.786 -19372.1 38.0884
857000 397.158 -19460 -61.8661
858000 399.405 -19439.7 -129.751
859000 402.439 -19553.7 115.035
860000 398.81 -19497.3 -8.83991
861000 397.108 -19558.3 60.5353
862000 399.096 -19496.3 3.16436
863000 398.63 -19444.3 -90.9555
864000 399.184 -19412.3 -22.9881
865000 399.937 -19371.2 30.9738
866000 399.147 -19397.7 37.6587
867000 398.769 -19457.6 -58.2203
868000 401.037 -19448.9 38.3893
869000 401.375 -19433.2 -42.1509
870000 400.123 -19489.4 85.7289
871000 400.434 -19503.5 4.32029
872000 402.014 -19294.8 -87.0245
873000 397.469 -19441.7 94.9673
874000 400.043 -19419 -34.2153
875000 400.471 -19365.3 42.9832
876000 401.755 -19392.4 -91.0093
877000 400.256 -19369.5 48.7724
878000 401.952 -19375.8 68.8012
879000 398.067 -19472.8 -52.9142
880000 398.932 -19423 -51.0646
881000 400.766 -19358.5 73.7921
882000 399.575 -19470.3 -84.3896
883000 399.114 -19551.2 65.9182
884000 395.55 -19463.4 58.0276
885000 402.649 -19514.1 -59.1294
886000 400.135 -19438.3 -116.763
887000 401.822 -19489.9 170.836
888000 401.312 -19372.7 -25.0616
889000 400.505 -19356.8 82.8487
890000 399.147 -19485.2 -36.7592
891000 397.446 -19572.8 -10.3018
892000 398.6 -19555.4 -31.0259
893000 399.023 -19543.1 26.9322
894000 399.851 -19528 101.503
895000 399.521 -19405.3 -17.3788
896000 398.575 -19421 93.7949
897000 401.716 -19318.4 26.1302
898000 398.622 -19364.6 -174.492
899000 398.866 -19426.9 58.8561
900000 400.395 -19502.6 -42.3124
901000 398.106 -19506.8 -42.2231
902000 400.103 -19461.3 15.2846
903000 401.619 -19432.4 64.4479
904000 398.167 -19452.5 -34.6992
905000 399.505 -19472.1 64.5651
906000 400.547 -19458.6 69.2921
907000 399.97 -19438.5 -2.40012
908000 400.284 -19541.1 -13.2005
909000 401.18 -19532.8 -40.4708
910000 399.763 -19549.9 84.624
911000 400.104 -19424.7 -149.665
912000 399.146 -19367.7 48.1288
913000 398.138 -19321.1 45.9204
914000 401.358 -19326.5 -27.5409
915000 397.639 -19436.3 30.4751
916000 401.706 -19418.6 -111.407
917000 398.853 -19501.4 243.19
918000 400.035 -19374.3 -15.77
919000 401.671 -19240.2 -61.0764
920000 401.425 -19276.1 267.817
921000 398.711 -19313.7 -82.6911
922000 400.558 -19321.7 -29.3334
923000 401.823 -19303.5 -12.9298
924000 399.453 -19324.9 4.59221
925000 399.826 -19234 -47.5469
926000 399.014 -19308.7 72.9564
927000 400.696 -19291.8 -94.5938
928000 401.847 -19401.4 43.7106
929000 399.569 -19441.8 90.7993
930000 399.56 -19381 -134.411
931000 398.003 -19427.7 -18.6396
932000 400.683 -19494.5 27.5686
933000 399.937 -19423.2 -1.83584
934000 400.406 -19403.8 -35.3517
935000 400.95 -19508.4 61.1516
936000 397.066 -19486.8 5.30548
937000 398.481 -19307.7 -19.5512
938000 397.258 -19391.9 -11.8054
939000 400.443 -19350.8 -165.532
940000 398.972 -19362.2 -12.4444
941000 399.044 -19489.5 206.723
942000 398.701 -19460.7 -112.804
943000 400.695 -19492.7 78.0294
944000 400.559 -19487.4 -116.506
945000 400.037 -19512.9 119.851
946000 399.484 -19490.5 58.6691
947000 398.893 -19486.5 43.7648
948000 401.239 -19489.4 -95.5401
949000 400.932 -19497 -35.6809
950000 400.262 -19464.4 -24.861
951000 401.267 -19523.2 -69.7339
952000 398.85 -19460.2 108.435
953000 399.341 -19301.3 -47.708
954000 398.217 -19393 41.3654
955000 400.133 -19419.6 50.9166
956000 402.111 -19317.9 -7.0641
957000 401.889 -19387.6 -33.5211
958000 400.641 -19454.9 81.3702
959000 401.161 -19310.7 21.7721
960000 397.406 -19472.4 -60.8319
961000 399.581 -19471.5 48.6727
962000 399.854 -19460.2 125.826
963000 400.298 -19294.7 -49.8304
964000 399.958 -19283.9 24.1177
965000 399.607 -19385.2 -5.20444
966000 399.848 -19458.1 -0.828449
967000 397.187 -19405.4 -16.2117
968000 401.07 -19321.5 -89.8679
969000 399.492 -19448.9 -16.8486
970000 397.779 -19462.3 -16.0087
971000 402.355 -19345.1 57.6324
972000 400.732 -19345.8 -157.395
973000 397.247 -19308.4 69.2707
974000 400.689 -19319.2 21.3891
975000 398.22 -19397.8 -43.9833
976000 399.331 -19456.5 89.9077
977000 398.63 -19453 -110.529
978000 401.862 -19478.4 83.7873
979000 400.27 -19346 -85.8286
980000 400.683 -19434.5 52.9649
981000 400.435 -19550.2 -55.3083
982000 400.771 -19484.7 8.84582
983000 401.55 -19346.3 31.3395
984000 400.57 -19358.1 97.0005
985000 398.988 -19423.7 -61.7694
986000 396.918 -19466.7 -23.0301
987000 399.888 -19305.5 -65.9665
988000 399.267 -19464.3 54.7658
989000 399.538 -19459.1 115.143
990000 398.588 -19427 -148.261
991000 400.397 -19428.2 31.0384
992000 402.43 -19499.4 -10.6481
993000 400.061 -19529 11.0957
994000 399.454 -19437.8 -97.1362
995000 400.995 -19428.7 121.569
996000 399.377 -19396.9 -103.226
997000 399.425 -19415.9 78.9717
998000 399.834 -19382.1 19.3955
999000 399.843 -19481.7 29.8043
1000000 400.227 -19485.1 -23.3626
1001000 402.742 -19272.5 38.2198
1002000 401.252 -19254.2 -25.9687
1003000 402.239 -19301.5 38.2054
1004000 398.23 -19414.8 -83.6113
1005000 400.009 -19392.8 -55.6953
1006000 400.697 -19451.4 -39.6485
1007000 401.955 -19387 1.707
1008000 400.325 -19446.9 130.285
1009000 399.767 -19491.5 -43.1621
1010000 398.22 -19523.8 78.2198
1011000 399.752 -19400.1 -111.617
1012000 399.655 -19355 14.0505
1013000 398.56 -19359.7 97.4671
1014000 399.12 -19439.6 24.3799
1015000 400.735 -19341.9 -121.876
1016000 399.975 -19620.4 196.504
1017000 400.407 -19530.3 -139.65
1018000 398.759 -19520.2 -27.5477
1019000 398.783 -19443.2 -24.1015
1020000 401.606 -19307.3 183.129
1021000 400.701 -19330.2 -106.716
1022000 400.206 -19434.5 21.8204
1023000 398.853 -19489 -0.136824
1024000 398.319 -19546.9 16.1202
1025000 398.919 -19498 -7.72506
1026000 401.184 -19571.5 -20.6678
1027000 399.407 -19561.3 -49.4228
1028000 399.154 -19514.5 40.9014
1029000 398.379 -19498.4 41.8514
1030000 399.307 -19423.5 -41.2225
1031000 399.669 -19453.5 41.5634
1032000 400.254 -19427.3 37.3661
1033000 398.134 -19360 -42.6454
1034000 399.488 -19364.6 -51.804
1035000 399.276 -19460.8 48.3123
1036000 401.971 -19412.3 77.1608
1037000 401.528 -19390.8 -51.5439
1038000 399.875 -19455.7 -17.8405
1039000 400.003 -19469.5 -32.9098
1040000 400.32 -19466.2 110.388
1041000 399.607 -19418.4 -3.88743
1042000 401.393 -19462.7 24.1898
1043000 400.557 -19505.4 -62.4418
1044000 400.259 -19413.5 -38.1305
1045000 400.414 -19484.4 -27.1972
1046000 399.866 -19460.4 11.2289
1047000 400.162 -19371.4 87.6489
1048000 401.219 -19430.1 -1.60577
1049000 399.808 -19377.8 -87.4211
1050000 402.227 -19337.3 137.129
1051000 400.765 -19388.1 -106.64
1052000 399.891 -19316.6 22.9862
1053000 401.491 -19319.5 -36.6917
1054000 398.185 -19380.6 80.0428
1055000 399.897 -19454.7 16.6787
1056000 396.834 -19446.4 -16.8902
1057000 400.315 -19528.6 28.8662
1058000 401.841 -19392.6 -68.3274
1059000 400.098 -19479 18.5896
1060000 401.555 -19399.7 -127.296
1061000 400.268 -19561.1 133.307
1062000 401.534 -19519.9 -32.3201
1063000 399.74 -19437.6 63.4889
1064000 399.35 -19317 -11.7054
1065000 400.208 -19368.4 0.857542
1066000 401.658 -19222.6 41.2833
1067000 401.113 -19153.8 -50.1925
1068000 399.273 -19278.6 56.6089
1069000 400.373 -19340.9 -36.3503
1070000 399.077 -19426.5 -16.6624
1071000 401.261 -19407 85.3817
1072000 402.949 -19412.1 -63.253
1073000 400.442 -19478.4 -97.4881
1074000 399.74 -19459.5 56.7014
1075000 399.687 -19338.6 34.7741
1076000 400.236 -19303.2 -31.6302
1077000 399.872 -19384.1 -6.99386
1078000 402.079 -19459.2 157.128
1079000 399.4 -19436.5 38.7317
1080000 397.515 -19478 -13.3674
1081000 397.842 -19412.9 14.4562
1082000 397.342 -19435.2 -62.2595
1083000 399.31 -19465.4 64.0852
1084000 397.753 -19515.3 16.9919
1085000 400.771 -19450.6 -57.3504
1086000 399.177 -19584.4 43.452
1087000 400.331 -19446.3 -8.65404
1088000 399.567 -19457.1 -41.6488
1089000 402.032 -19475.9 50.2129
1090000 399.611 -19471.3 38.7158
1091000 398.877 -19504 33.5722
1092000 400.737 -19482.1 66.6209
1093000 399.531 -19441.8 -38.8698
1094000 400.581 -19504.7 14.5114
1095000 398.128 -19418.3 8.98632
1096000 399.483 -19492.1 37.9009
1097000 399.028 -19540.3 27.7297
1098000 397.791 -19530.6 -117.226
1099000 399.335 -19654.7 -4.87965
1100000 398.755 -19614.8 73.4016
1101000 402.445 -19409.7 -50.4115
1102000 399.806 -19401.9 -85.1112
1103000 400.916 -19422.1 68.8873
1104000 399.735 -19315 -31.2437
1105000 401 -19376.1 -49.9809
1106000 399.909 -19495.9 13.5876
1107000 399.441 -19476.8 37.8911
1108000 399.881 -19520.1 19.3971
1109000 399.88 -19515.4 89.1699
1110000 398.204 -19566.8 -113.94
1111000 402.51 -19417.1 -210.335
1112000 399.308 -19450 229.499
1113000 398.815 -19423.2 -5.51925
1114000 399.632 -19374.9 9.12444
1115000 401.313 -19356.2 -32.1017
1116000 401.346 -19375.9 41.8489
1117000 398.869 -19414.4 -4.77489
1118000 397.828 -19446 -47.9256
1119000 397.728 -19503.5 -96.1489
1120000 399.209 -19428.8 -14.8479
1121000 400.752 -19436.7 163.91
1122000 399.018 -19407.2 -108.88
1123000 399.511 -19465.7 57.7677
1124000 401.097 -19426.1 -2.73835
1125000 399.922 -19410.7 79.3894
1126000 399.284 -19506.2 -2.31966
1127000 400.838 -19434.5 5.33758
1128000 401.572 -19421.4 -135.661
1129000 400.265 -19459.6 129.088
1130000 398.989 -19418.6 -130.134
1131000 399.768 -19421.8 99.4904
1132000 400.325 -19427.7 18.0482
1133000 400.612 -19407.2 -5.58273
1134000 400.947 -19384.7 -4.4437
1135000 400.176 -19471.1 -49.2772
1136000 401.048 -19334.8 -33.8083
1137000 397.881 -19441.4 61.9303
1138000 399.917 -19402.4 -12.8409
1139000 399.191 -19443.5 -52.2008
1140000 400.131 -19481.6 66.7781
1141000 400.751 -19419.7 -34.287
1142000 399.421 -19338.7 -55.2392
1143000 397.596 -19378 -35.5763
1144000 399.577 -19396 101.025
1145000 399.007 -19435.6 -93.0209
1146000 400.466 -19477.5 -24.8884
1147000 400.127 -19547.3 90.53
1148000 397.943 -19473.6 -84.9654
1149000 399.399 -19484.2 47.6956
1150000 402.046 -19444.9 33.8067
1151000 399.686 -19502.8 -60.2318
1152000 401.81 -19463.1 -28.1207
1153000 399.558 -19521 108.779
1154000 400.98 -19474.5 -42.636
1155000 402.022 -19445.9 -17.0547
1156000 399.537 -19412.2 -60.894
1157000 402.644 -19441.9 63.7913
1158000 399.307 -19486.7 -123.709
1159000 401.058 -19578.2 66.6607
1160000 400.32 -19502.9 -95.3274
1161000 399.718 -19641.1 184.112
1162000 399.384 -19496.2 19.7089
1163000 402.723 -19420.7 -99.2694
1164000 401.355 -19466.9 35.6962
1165000 398.908 -19402.4 -91.7942
1166000 399.94 -19412.6 62.4295
1167000 397.297 -19401.3 -22.3243
1168000 402.282 -19338.8 121.785
1169000 398.314 -19378.3 -91.2789
1170000 401.237 -19355.1 -50.1075
1171000 400.262 -19448.8 136.673
1172000 401.05 -19483.6 -71.9907
1173000 401.14 -19495.7 -30.0914
1174000 400.261 -19551.2 53.457
1175000 399.666 -19461.4 -60.6131
1176000 401.588 -19404.2 69.3682
1177000 399.656 -19444 -20.7471
1178000 398.928 -19327.2 -78.9346
1179000 400.726 -19371.5 16.6333
1180000 400.312 -19422.5 76.8774
1181000 402.065 -19358.3 -106.274
1182000 399.972 -19422.8 0.667262
1183000 401.055 -19383.6 -8.73485
1184000 398.834 -19481.3 95.6319
1185000 398.981 -19446.9 -142.034
1186000 399.862 -19545.4 243.572
1187000 399.529 -19488.9 -28.296
1188000 401.18 -19419.4 -13.0246
1189000 402.414 -19329.2 64.2576
1190000 401.023 -19476.3 51.0824
1191000 401.245 -19432.7 3.49582
1192000 399.503 -19514.6 54.6778
1193000 402.185 -19432 -39.6927
1194000 400.183 -19453.9 44.9432
1195000 402.192 -19325.1 -55.7199
1196000 399.815 -19388.9 92.4269
1197000 400.667 -19386.8 12.15
1198000 399.708 -19365.7 4.0643
1199000 403.245 -19424.7 -19.2192
1200000 399.708 -19447.5 59.124
1201000 400.587 -19395.6 -7.44962
1202000 398.65 -19386.3 -73.4629
1203000 400.878 -19406.7 93.6849
1204000 400.636 -19343.7 -3.05304
1205000 403.582 -19322.3 -45.6574
1206000 400.805 -19434.8 49.8979
1207000 399.729 -19492.9 72.5651
1208000 399.08 -19383.5 -166.469
1209000 399.331 -19476 194.112
1210000 397.707 -19643.8 -59.0662
1211000 400.493 -19529.9 56.5907
1212000 399.749 -19496.3 -123.782
1213000 398.486 -19447.7 70.3291
1214000 398.553 -19484.6 74.4406
1215000 397.706 -19354 -80.2471
1216000 399.895 -19364 -123.513
1217000 399.808 -19382.7 34.3619
1218000 399.852 -19362.7 151.506
1219000 401.239 -19405.5 -140.418
1220000 399.245 -19563.7 -81.904
1221000 400.174 -19472.7 -1.81984
1222000 398.224 -19417.9 21.7888
1223000 400.845 -19410.9 -1.71586
1224000 398.714 -19491.9 -7.6265
1225000 401.933 -19442 156.212
1226000 399.707 -19492.4 -127.844
1227000 399.299 -19436.5 71.3524
1228000 400.43 -19394 -59.3229
1229000 401.405 -19452.8 11.3099
1230000 401.572 -19359.1 4.26386
1231000 402.821 -19283 77.986
1232000 401.223 -19378.3 50.9456
1233000 399.142 -19484.1 -65.0205
1234000 398.772 -19520.7 15.4336
1235000 402.424 -19332.6 -75.5732
1236000 400.155 -19429.8 11.6264
1237000 400.259 -19399.8 -69.9267
1238000 399.019 -19463.5 68.7313
1239000 398.099 -19550.6 -25.2318
1240000 398.846 -19431.8 32.2406
1241000 397.035 -19386.6 3.36308
1242000 399.925 -19353.8 44.4158
1243000 398.484 -19317.8 -93.7267
1244000 398.818 -19522.2 178.009
1245000 401.721 -19481.4 -83.7183
1246000 400.875 -19488.6 -67.162
1247000 400.485 -19478.4 29.5769
1248000 401.987 -19527.8 -41.0006
1249000 397.431 -19575.6 0.844882
1250000 400.578 -19479.6 -12.7613
1251000 397.786 -19471.4 59.5914
1252000 400.577 -19520.2 -31.9655
1253000 397.18 -19508.1 -14.9108
1254000 400.305 -19359.6 -46.6372
1255000 401.57 -19349.7 156.787
1256000 397.294 -19344.4 -140.119
1257000 397.86 -19523.4 -30.2323
1258000 399.743 -19533.8 6.88053
1259000 398.422 -19462.1 6.49229
1260000 400.336 -19411.5 57.6437
1261000 401.819 -19495.9 -57.8442
1262000 400.977 -19499.4 27.6427
1263000 400.791 -19467.8 53.7098
1264000 400.547 -19332.1 -90.5491
1265000 399.307 -19355.6 19.7949
1266000 401.71 -19494.2 160.069
1267000 401.407 -19460.8 -32.2295
1268000 401.966 -19478.4 10.8322
1269000 400.156 -19455.4 -5.56854
1270000 401.214 -19496.4 85.9072
1271000 400.475 -19417.9 -9.0436
1272000 401.705 -19512.5 -137.106
1273000 399.101 -19503.9 15.8963
1274000 402.445 -19456 -28.2545
1275000 401.601 -19440.9 41.6481
1276000 399.932 -19475.7 -70.0196
1277000 399.564 -19480.3 116.641
1278000 400.222 -19356.9 -110.445
1279000 399.915 -19403.4 39.2223
1280000 400.564 -19463.2 34.7484
1281000 399.257 -19445.9 -72.334
1282000 397.634 -19482.1 68.5745
1283000 399.113 -19452.3 -119.007
1284000 399.734 -19542.1 35.1331
1285000 399.771 -19538 4.75747
1286000 398.399 -19474.8 -85.3755
1287000 399.242 -19466.7 -7.22082
1288000 400.886 -19426.1 24.0647
1289000 399.443 -19460.5 -129.757
1290000 400.535 -19458 23.1402
1291000 399.365 -19480.7 42.7251
1292000 397.955 -19570.1 32.2463
1293000 399.231 -19490.3 79.8667
1294000 401.47 -19413.6 -214.34
1295000 401.133 -19532.4 5.03016
1296000 399.243 -19517.6 89.1905
1297000 401.558 -19410.8 -95.251
1298000 400.237 -19516.9 32.5192
1299000 400.721 -19352.7 -167.537
1300000 399.2 -19435.2 118.429
1301000 399.457 -19479.1 11.2415
1302000 400.975 -19379.2 53.7749
1303000 398.076 -19443.3 -76.0646
1304000 401.567 -19468.2 8.69863
1305000 402.163 -19471.4 44.7983
1306000 399.192 -19427 -36.2501
1307000 401.631 -19377.6 -57.9513
1308000 398.998 -19407 134.278
1309000 401.587 -19404.4 -112.371
1310000 399.126 -19479.2 4.6473
1311000 400.702 -19388.4 23.6354
1312000 402.157 -19364.3 -32.6901
1313000 402.296 -19445.2 10.8053
1314000 400.655 -19298.6 -111.635
1315000 400.22 -19317.8 103.72
1316000 399.028 -19267.6 30.6458
1317000 399.3 -19257.1 -56.0815
1318000 399.167 -19362.1 -58.9111
1319000 399.936 -19330.1 25.5369
1320000 400.247 -19360 -24.4517
1321000 402.823 -19514.8 74.2506
1322000 397.96 -19526.5 -56.7559
1323000 397.668 -19437.1 44.5079
1324000 397.563 -19504.8 81.7181
1325000 399.558 -19516.4 112.761
1326000 397.7 -19588.5 44.958
1327000 400.12 -19468.5 12.5669
1328000 397.191 -19499.4 -97.4659
1329000 400.654 -19523.3 -7.87025
1330000 399.72 -19461.2 -103.319
1331000 398.346 -19465.7 104.153
1332000 399.861 -19460.5 -85.5676
1333000 398.644 -19518 12.8257
1334000 399.592 -19421.5 113.348
1335000 401.182 -19349.7 -91.4754
1336000 400.415 -19400.7 17.418
1337000 399.454 -19407.4 83.8391
1338000 402.185 -19285.4 -95.5986
1339000 399.194 -19538.3 15.7461
1340000 400.531 -19558.9 38.0695
1341000 399.255 -19561.3 25.4961
1342000 399.427 -19579.1 -19.5917
1343000 401.158 -19445.3 -99.2501
1344000 401.402 -19411 117.828
1345000 400.397 -19375.7 -108.708
1346000 399.5 -19400 -117.333
1347000 400.575 -19551.9 66.27
1348000 399.232 -19389.6 33.2038
1349000 399.364 -19434.8 59.4063
1350000 400.598 -19448.1 12.6297
1351000 403.275 -19380.2 -65.3413
1352000 400.857 -19325.2 -7.98564
1353000 400.161 -19333.1 97.5163
1354000 399.771 -19356.3 -60.3867
1355000 399.984 -19445.4 55.9661
1356000 399.594 -19367 -28.6848
1357000 400.449 -19277.7 121.471
1358000 400.737 -19359.2 -137.199
1359000 399.921 -19423.5 89.0942
1360000 401.225 -19335.6 52.727
1361000 402.535 -19275.4 -59.194
1362000 401.329 -19360.1 55.9487
1363000 399.59 -19510.8 27.6364
1364000 401.336 -19409.9 -18.8749
1365000 401.588 -19535.7 27.1616
1366000 398.803 -19561.5 -30.4939
1367000 398.675 -19522.4 -45.145
1368000 402.56 -19422 184.032
1369000 399.436 -19340.8 -256.706
1370000 398.512 -19504.6 143.315
1371000 400.223 -19334.2 50.437
1372000 399.736 -19423.7 7.23393
1373000 398.295 -19526.3 63.9255
1374000 399.102 -19533.2 -138.191
1375000 400.902 -19469.7 103.483
1376000 398.991 -19368.4 -141.673
1377000 401.069 -19387.3 158.068
1378000 400.968 -19255.6 -182.225
1379000 400.387 -19337.5 112.842
1380000 399.149 -19324.8 84.0553
1381000 398.441 -19429.7 -67.7134
1382000 400.965 -19280.5 -87.336
1383000 401.117 -19327.8 180.753
1384000 398.697 -19314.1 12.404
1385000 400.059 -19245 126.722
1386000 399.123 -19299.8 -67.431
1387000 400.877 -19330.4 -35.9365
1388000 400.788 -19478.9 117.573
1389000 401.791 -19362 12.6754
1390000 398.293 -19435.5 56.5599
1391000 397.924 -19319.2 13.5366
1392000 400.691 -19329.3 -65.9175
1393000 401.776 -19472.1 245.19
1394000 401.827 -19481.8 -257.417
1395000 400.777 -19476.6 25.098
1396000 401.558 -19404.3 52.5207
1397000 399.067 -19508.2 -26.4285
1398000 400.059 -19436.5 89.9795
1399000 399.13 -19385.2 -106.881
1400000 399.656 -19432.5 133.711
1401000 397.777 -19416.5 -152.037
1402000 401.167 -19420.3 40.1179
1403000 400.182 -19514.8 19.4217
1404000 399.093 -19545.9 -121.498
1405000 400.979 -19414.2 161.392
1406000 398.566 -19424.1 22.1762
1407000 398.412 -19269.2 -17.7261
1408000 397.776 -19437.2 123.32
1409000 400.156 -19300.4 -40.184
1410000 398.862 -19177.6 -44.2871
1411000 400.781 -19295.4 53.0433
1412000 397.713 -19307.2 -19.4223
1413000 400.368 -19405 -76.2165
1414000 399.277 -19348.7 91.449
1415000 397.283 -19332.1 59.3482
1416000 399.612 -19357.8 -179.077
1417000 399.05 -19390.8 47.638
1418000 401.406 -19296.7 22.3981
1419000 399.248 -19314.2 -3.28961
1420000 400.387 -19372.3 -64.7131
1421000 399.583 -19459.6 35.3858
1422000 398.05 -19510 156.85
1423000 400.147 -19417.1 -41.7448
1424000 399.322 -19517.8 -34.9965
1425000 399.228 -19504.3 119.168
1426000 398.563 -19460.4 -40.1027
1427000 398.253 -19409.8 34.0496
1428000 401.734 -19407.1 59.1409
1429000 400.19 -19389 -146.973
1430000 399.878 -19316.9 10.2419
1431000 398.948 -19386 93.2049
1432000 398.218 -19394 -33.139
1433000 400.655 -19344.6 -87.2696
1434000 398.225 -19450.7 204.65
1435000 402.116 -19374.9 -99.6322
1436000 399.173 -19450.5 17.8242
1437000 397.465 -19477.7 94.6124
1438000 400.336 -19365.4 -47.8442
1439000 399.831 -19364.7 17.5029
1440000 399.683 -19394.7 -9.20388
1441000 400.661 -19422.9 -41.765
1442000 398.657 -19482.5 -7.87035
1443000 402.033 -19394.1 84.6505
1444000 399.325 -19350.6 -73.7232
1445000 400.144 -19390.8 10.4097
1446000 399.689 -19434.2 188.937
1447000 401.261 -19257.1 -124.131
1448000 399.957 -19360.6 -90.4905
1449000 399.974 -19324.4 42.9269
1450000 398.259 -19431.5 -97.0674
1451000 399.592 -19481.6 39.0685
1452000 400.53 -19512.7 -57.1927
1453000 401.166 -19414.5 116.493
1454000 400.083 -19481.3 -3.0644
1455000 401.19 -19362.6 -82.8651
1456000 399.933 -19367.7 93.0565
1457000 400.979 -19307.5 -65.0665
1458000 401.414 -19211 -62.4527
1459000 399.074 -19393.8 47.2292
1460000 402.524 -19398.7 -145.191
1461000 400.731 -19493.5 215.264
1462000 399.142 -19364 -23.8679
1463000 398.526 -19450.9 72.373
1464000 398.64 -19499.3 -139.742
1465000 401.114 -19429.8 143.864
1466000 399.247 -19486.9 -95.5239
1467000 398.423 -19583.1 -27.3764
1468000 399.791 -19549.7 -41.7778
1469000 399.843 -19497.8 103.549
1470000 398.797 -19454.7 -131.116
1471000 401.272 -19507.4 39.5374
1472000 399.951 -19534.1 -31.852
1473000 399.283 -19510.4 117.225
1474000 402.63 -19353.3 -91.8302
1475000 398.657 -19320.1 129.903
1476000 399.544 -19356 -105.282
1477000 397.899 -19420.4 80.1513
1478000 399.389 -19407.4 -20.6948
1479000 399.291 -19419.6 23.5875
1480000 401.434 -19449.4 -19.4975
1481000 399.806 -19483.1 54.0624
1482000 399.914 -19488.1 -40.1334
1483000 399.518 -19542.9 39.5688
1484000 401.242 -19516.6 43.2264
1485000 400.963 -19351.2 -43.1148
1486000 397.87 -19318 -60.3453
1487000 399.376 -19381.7 29.9674
1488000 399.057 -19430 -61.0276
1489000 400.09 -19409.8 48.7772
1490000 398.666 -19358.5 -99.65
1491000 399.27 -19399 51.3649
1492000 398.815 -19294.9 -98.9202
1493000 399.119 -19415.9 56.2338
1494000 400.467 -19472.7 -9.01274
1495000 400.638 -19540.3 70.1207
1496000 399.516 -19526.6 6.85804
1497000 400.696 -19566.3 42.1187
1498000 401.948 -19436.8 0.00266072
1499000 400.076 -19436.8 76.2048
1500000 400.722 -19429.4 -32.2802
1501000 399.225 -19375.4 -95.3591
1502000 400.634 -19439.5 -35.5642
1503000 398.375 -19347.4 3.46783
1504000 401.099 -19337.7 28.3953
1505000 401.095 -19369.6 -34.4099
1506000 399.086 -19368.3 8.68211
1507000 400.974 -19307 -21.1913
1508000 399.868 -19372.9 108.572
1509000 401.996 -19267.4 -62.3048
1510000 399.076 -19388.5 -17.3553
1511000 400.903 -19471 92.1491
1512000 402.687 -19315.2 -77.5639
1513000 397.134 -19547.2 50.1963
1514000 398.989 -19514.7 47.7726
1515000 399.141 -19458.4 -70.5907
1516000 398.722 -19451.9 65.3321
1517000 397.799 -19558 38.5338
1518000 398.621 -19327.8 -135.535
1519000 401.09 -19440.7 -31.1833
1520000 398.389 -19426.7 79.2966
1521000 400.229 -19454.7 -3.93273
1522000 399.696 -19550.2 66.0703
1523000 397.291 -19532.5 40.1458
1524000 401.003 -19431.9 28.8836
1525000 401.438 -19416.1 -4.93949
1526000 400.542 -19518.1 79.0173
1527000 401.758 -19416.5 -167.794
1528000 398.87 -19461 66.4518
1529000 400.127 -19394.7 34.6375
1530000 398.619 -19341.4 -179.149
1531000 400.179 -19425 82.5877
1532000 401.199 -19431.9 106.267
1533000 400.444 -19407.7 6.28326
1534000 399.977 -19441.4 22.7776
1535000 399.875 -19452.7 -77.4535
1536000 401.079 -19430 147.046
1537000 401.378 -19420.2 1.12591
1538000 398.373 -19511.3 -132.471
1539000 400.754 -19447.9 196.613
1540000 400.672 -19468.3 -93.1663
1541000 400.164 -19403.1 101.342
1542000 402.147 -19332.3 51.4158
1543000 398.343 -19333.9 -88.8237
1544000 398.133 -19474.2 38.2964
1545000 397.937 -19505.2 -113.112
1546000 400.462 -19516 98.8995
1547000 399.685 -19348.8 -161.097
1548000 401.189 -19359.9 137.82
1549000 399.714 -19412.3 -32.3875
1550000 398.843 -19399.8 15.9595
1551000 398.47 -19502.4 72.2855
1552000 401.064 -19323.8 -127.078
1553000 397.872 -19505.9 166.772
1554000 401.001 -19370.8 -120.918
1555000 399.772 -19454.6 -19.0276
1556000 401.687 -19391.1 20.3523
1557000 399.403 -19470.6 82.1768
1558000 401.693 -19339 56.4769
1559000 401.961 -19246.3 -68.1605
1560000 398.126 -19355.3 -20.4669
1561000 399.759 -19410.4 -55.2215
1562000 399.907 -19383 -3.98078
1563000 399.272 -19302.2 -30.6333
1564000 399.557 -19435.1 153.071
1565000 401.442 -19382.5 -156.861
1566000 401.15 -19498.1 105.833
1567000 398.534 -19440.7 -78.9236
1568000 401.25 -19523.7 0.527272
1569000 401.04 -19431.1 -43.6496
1570000 399.773 -19404.6 46.7863
1571000 399.94 -19327.7 -113.787
1572000 401.551 -19348.9 127.431
1573000 400.032 -19545.3 3.95607
1574000 400.36 -19437.1 91.1214
1575000 398.463 -19368.4 41.7887
1576000 400.487 -19331.5 -60.8502
1577000 398.621 -19569.6 -57.3927
1578000 398.551 -19529 94.8715
1579000 398.988 -19387.6 -96.9445
1580000 401.744 -19394.5 70.0654
1581000 399.476 -19464.1 -53.6897
1582000 399.836 -19438 -10.7316
1583000 401.754 -19391 56.407
1584000 398.997 -19450 0.125373
1585000 398.878 -19511.4 -64.9274
1586000 400.898 -19407.2 -8.79626
1587000 399.829 -19414.2 103.772
1588000 399.975 -19457.6 49.4597
1589000 399.022 -19370.9 -148.416
1590000 400.606 -19425.1 96.56
1591000 400.606 -19447.8 -8.34375
1592000 400.228 -19503.4 68.5612
1593000 400.466 -19494.2 -136.275
1594000 400.979 -19426 -93.8036
1595000 399.985 -19378.9 117.747
1596000 399.694 -19289 -7.23676
1597000 400.03 -19347 -77.021
1598000 397.093 -19398.7 -14.9186
1599000 399.786 -19499.4 69.8829
1600000 403.291 -19412.4 77.8945
1601000 398.269 -19347.3 -120.607
1602000 401.667 -19321.2 12.7712
1603000 400.221 -19346.4 -64.0294
1604000 400.426 -19440.2 5.07934
1605000 399.828 -19476.7 63.4221
1606000 400.514 -19448.8 -26.9422
1607000 400.536 -19372.1 -42.0139
1608000 398.959 -19550.1 155.721
1609000 400.144 -19472.8 -158.645
1610000 399.58 -19484.1 178.237
1611000 401.518 -19365.5 28.6093
1612000 398.069 -19468 -75.3129
1613000 403.34 -19473.8 117.014
1614000 399.517 -19444.8 -37.4571
1615000 401.369 -19482.2 110.061
1616000 400.064 -19441 -124.864
1617000 401.526 -19421.9 46.501
1618000 400.22 -19409.8 26.7198
1619000 401.129 -19338.3 -111.818
1620000 399.697 -19367.9 35.9169
1621000 402.225 -19487.6 79.7926
1622000 399.506 -19557.7 -55.1218
1623000 401.411 -19527.3 -37.8177
1624000 399.964 -19527.3 193.073
1625000 400.036 -19455.7 -157.736
1626000 400.174 -19470 -10.8207
1627000 399.022 -19441.6 1.64554
1628000 399.773 -19427.2 39.9755
1629000 400.656 -19345.2 26.2729
1630000 401.985 -19371.3 -23.5574
1631000 399.842 -19461.1 129.737
1632000 399.93 -19442.2 -79.699
1633000 399.391 -19392 -64.4172
1634000 399.681 -19424.2 56.5189
1635000 400.433 -19443.1 -16.7908
1636000 399.256 -19540.4 128.299
1637000 399.168 -19508.7 -69.1741
1638000 402.141 -19514.9 -40.0125
1639000 401.043 -19404.8 63.2822
1640000 400.171 -19343.9 58.6762
1641000 398.608 -19399.2 -23.8675
1642000 400.151 -19422.8 -66.9674
1643000 397.7 -19480.3 -35.3936
1644000 403.401 -19302.4 79.6517
1645000 398.423 -19285.8 39.1077
1646000 400.97 -19294.9 -33.1273
1647000 399.54 -19331.7 -29.3257
1648000 401.594 -19370.6 40.797
1649000 399.198 -19425.5 -50.0938
1650000 398.612 -19465.8 -11.2709
1651000 399.901 -19517.4 59.339
1652000 398.51 -19483.2 12.3126
1653000 399.749 -19412 -75.3187
1654000 400.244 -19486.9 41.6654
1655000 399.349 -19423.9 -141.766
1656000 401.843 -19395.7 110.861
1657000 401.158 -19335.4 -40.9398
1658000 398.976 -19463.9 -19.2399
1659000 399.269 -19554.4 37.6838
1660000 398.413 -19539 -18.356
1661000 398.675 -19481.9 -21.3656
1662000 400.77 -19452.2 -10.581
1663000 403.115 -19399.6 35.2421
1664000 398.798 -19416.7 -44.9978
1665000 398.667 -19440.4 53.5229
1666000 400.177 -19486.6 21.9788
1667000 398.811 -19531.2 171.013
1668000 401.794 -19566.5 -8.77961
1669000 401.178 -19520 -29.1255
1670000 399.973 -19575.7 -56.3523
1671000 401.903 -19444.8 98.7128
1672000 400.338 -19538.3 -90.6396
1673000 401.013 -19519.2 33.1979
1674000 399.872 -19424.4 9.14228
1675000 398.929 -19466 26.6121
1676000 399.3 -19463.7 116.75
1677000 399.684 -19377.4 -109.712
1678000 402.395 -19402.6 14.6436
1679000 400.246 -19403.1 -90.6165
1680000 401.427 -19477.9 25.6688
1681000 401.274 -19546.5 59.1963
1682000 399.363 -19507.7 -22.529
1683000 400.67 -19549.9 -110.706
1684000 397.116 -19594.8 82.6931
1685000 400.716 -19461.6 117.393
1686000 397.302 -19453.8 -74.71
1687000 400.312 -19395.5 -40.0351
1688000 398.634 -19487.8 -1.69518
1689000 397.592 -19484.1 -63.9643
1690000 400.772 -19437.3 65.4308
1691000 400.874 -19525.5 56.6721
1692000 397.021 -19466.1 -100.074
1693000 397.591 -19380.4 -140.471
1694000 402.238 -19494.6 115.95
1695000 400.896 -19435.7 53.4944
1696000 401.104 -19401.4 -72.8006
1697000 400.281 -19375 -94.0159
1698000 400.454 -19512.1 79.7277
1699000 400.5 -19415.8 5.95982
1700000 400.531 -19349 40.3775
1701000 397.83 -19314.1 -58.4116
1702000 399.831 -19408.9 46.9012
1703000 400.146 -19514.6 64.9242
1704000 400.226 -19404.8 -6.16204
1705000 400.033 -19446.7 -22.2417
1706000 402.744 -19462.3 41.2652
1707000 399.084 -19460.1 -155.218
1708000 400.706 -19511.8 169.378
1709000 399.885 -19417.3 -62.0662
1710000 401.533 -19307.3 19.5822
1711000 399.731 -19392 48.0382
1712000 401.02 -19378.1 -54.0509
1713000 399.855 -19491.8 43.2559
1714000 399.214 -19421.7 118.836
1715000 400.474 -19231.6 -74.0911
1716000 399.106 -19198.1 -74.3982
1717000 402.282 -19313.9 91.943
1718000 400.842 -19289.1 -103.835
1719000 401.196 -19403.3 2.30599
1720000 399.883 -19395.1 57.9415
1721000 400.433 -19462.1 -14.7501
1722000 399.204 -19519.9 131.604
1723000 400.748 -19407.9 -81.1451
1724000 400.894 -19510.4 8.08286
1725000 400.171 -19421.4 -81.1873
1726000 402.655 -19395.2 42.4956
1727000 399.162 -19338.6 -16.1783
1728000 400.541 -19313.4 -94.9343
1729000 400.124 -19330.3 24.4481
1730000 399.068 -19355.6 -14.9499
1731000 401.237 -19315 112.824
1732000 398.728 -19344.7 -131.85
1733000 398.841 -19461.7 187.763
1734000 400.582 -19485.4 -64.4611
1735000 401.235 -19510.2 -43.0781
1736000 399.575 -19578.1 53.417
1737000 401.36 -19495.6 29.0679
1738000 400.398 -19312 -49.4583
1739000 399.481 -19285.3 -8.47461
1740000 401.661 -19238.8 -17.9368
1741000 400.38 -19329.6 121.107
1742000 402.179 -19240 -111.311
1743000 401.137 -19324.8 6.70927
1744000 401.85 -19572.6 79.835
1745000 398.813 -19600.2 -50.935
1746000 400.535 -19571.5 -58.7295
1747000 398.152 -19529 111.779
1748000 399.344 -19405.6 -36.2959
1749000 399.951 -19438.2 38.3219
1750000 401.444 -19499.3 -53.0787
1751000 398.373 -19471.1 103.534
1752000 397.395 -19393.5 -67.2127
1753000 400.582 -19399.3 36.2718
1754000 400.329 -19444.5 109.011
1755000 402.468 -19289.4 -129.427
1756000 399.964 -19332.4 60.0736
1757000 401.68 -19347.1 -25.9915
1758000 400.612 -19404 -8.42967
1759000 401.797 -19427.2 160.285
1760000 400.326 -19368.1 -96.7908
1761000 400.315 -19307.8 119.861
1762000 399.642 -19265.7 -29.9238
1763000 398.38 -19353.9 -87.7227
1764000 401.885 -19345.1 53.5433
1765000 401.251 -19393.1 59.379
1766000 400.246 -19456.3 -111.738
1767000 400.154 -19556.2 128.634
1768000 400.476 -19430.9 -129.362
1769000 399.882 -19498.7 67.2229
1770000 399.711 -19509.5 61.8431
1771000 399.139 -19437.2 -41.8612
1772000 400.6 -19376.3 -29.5851
1773000 401.424 -19398.4 -0.306291
1774000 398.05 -19395.9 50.6254
1775000 401.167 -19435 -14.8691
1776000 401.522 -19311 26.6362
1777000 397.431 -19494 28.5459
1778000 400.212 -19517.3 -176.012
1779000 402.031 -19509.3 76.309
1780000 399.144 -19469.8 -46.7364
1781000 399.469 -19477.1 -21.0663
1782000 399.638 -19411.5 102.702
1783000 399.808 -19455.8 52.9536
1784000 401.867 -19388.9 -31.7467
1785000 401.697 -19347.5 -46.2136
1786000 398.238 -19467 -11.0706
1787000 398.841 -19554.2 12.9561
1788000 399.3 -19526.2 16.419
1789000 400.085 -19628.6 -15.8757
1790000 399.279 -19706 -21.5944
1791000 401.884 -19581.6 20.5075
1792000 399.832 -19410.8 18.2984
1793000 399.982 -19383.5 -46.9708
1794000 397.144 -19472.6 -9.71452
1795000 398.294 -19459.5 86.6987
1796000 399.192 -19415.9 -0.916252
1797000 398.998 -19490.8 9.31864
1798000 399.735 -19395.3 -86.6506
1799000 399.626 -19351.1 72.8188
1800000 398.511 -19365.3 18.4048
1801000 399.278 -19401.8 -119.967
1802000 398.044 -19463 61.6948
1803000 399.512 -19404.9 69.2837
1804000 401.178 -19265 -61.6488
1805000 398.772 -19374.7 99.5877
1806000 400.534 -19373 -110.043
1807000 400.488 -19413.8 14.0872
1808000 399.979 -19321.6 49.0804
1809000 397.529 -19426.6 -88.4766
1810000 397.071 -19432.9 29.4809
1811000 399.296 -19323.4 -19.5372
1812000 398.804 -19256.5 16.2105
1813000 398.326 -19312.6 30.6092
1814000 402.248 -19382.1 84.9408
1815000 401.502 -19390.1 -14.5275
1816000 400.303 -19431.5 -76.2551
1817000 399.645 -19379.5 58.4271
1818000 398.237 -19408.2 -69.1583
1819000 399.991 -19351.9 -25.7361
1820000 398.07 -19433.7 -35.0332
1821000 401.163 -19449 63.6752
1822000 402.362 -19491.3 -33.5086
1823000 400.465 -19555.6 69.7811
1824000 403.227 -19433.8 18.2824
1825000 397.995 -19597 17.6875
1826000 398.115 -19503.3 63.2061
1827000 401.237 -19397.6 2.93521
1828000 398.646 -19480.4 -58.9538
1829000 398.493 -19516.4 28.0044
1830000 400.108 -19418.5 1.00283
1831000 399.049 -19390.6 -69.733
1832000 402.82 -19475.1 81.3951
1833000 398.226 -19487 -7.20524
1834000 401.946 -19483.6 111.09
1835000 399.967 -19436.4 -80.3463
1836000 398.305 -19467.3 7.69844
1837000 400.596 -19376.6 66.7556
1838000 399.708 -19371.4 -115.705
1839000 399.275 -19354.6 41.7204
1840000 401.045 -19507 -109.822
1841000 401.537 -19574.6 40.213
1842000 398.159 -19633.6 -12.4055
1843000 399.938 -19510.9 46.7067
1844000 399.921 -19494.1 -3.8889
1845000 401.904 -19391.8 -13.6892
1846000 400.302 -19431.6 50.7789
1847000 399.804 -19387.3 -29.2794
1848000 399.072 -19358.3 7.06081
1849000 400.82 -19368.4 42.0885
1850000 401.128 -19411.4 2.16657
1851000 399.111 -19433.7 -32.3256
1852000 399.956 -19310.4 0.52013
1853000 399.06 -19350.8 108.865
1854000 399.382 -19467.7 -137.587
1855000 400.198 -19528.1 -34.0287
1856000 398.038 -19521.6 64.2038
1857000 397.973 -19503.2 23.3633
1858000 399.773 -19588.5 48.1209
1859000 399.983 -19530.6 -42.2416
1860000 401.376 -19478.1 -65.5732
1861000 400.823 -19631.6 112.633
1862000 401.159 -19491.9 -126.403
1863000 400.769 -19429.4 17.4492
1864000 398.191 -19463.4 66.096
1865000 397.867 -19460 -61.6744
1866000 400.216 -19442 128.035
1867000 400.36 -19402 -30.994
1868000 400.15 -19357.5 -45.4035
1869000 400.469 -19449.2 -3.73776
1870000 398.882 -19560.9 -5.21943
1871000 398.885 -19447.5 -46.7918
1872000 400.267 -19529.5 61.8019
1873000 400.402 -19402.9 -51.2944
1874000 401.451 -19381.7 3.61383
1875000 401.455 -19521.4 22.5695
1876000 400.15 -19379.5 31.7951
1877000 397.92 -19298.5 -71.5361
1878000 399.901 -19418.9 31.1243
1879000 399.466 -19354.2 -52.5295
1880000 401.222 -19432.5 -5.35915
1881000 402.481 -19408.7 75.1953
1882000 400.79 -19522.1 -6.86701
1883000 399.207 -19508.4 25.0093
1884000 400.086 -19489.4 -130.908
1885000 401.27 -19454.8 165.665
1886000 398.404 -19488.7 -56.4006
1887000 398.614 -19411.3 -69.769
1888000 402.456 -19390.8 109.879
1889000 400.273 -19313.2 -6.66195
1890000 399.49 -19536.2 -36.6334
1891000 398.818 -19518.7 60.3917
1892000 400.031 -19343.7 -151.113
1893000 397.017 -19476.5 86.1471
1894000 400.005 -19342.1 50.8016
1895000 400.199 -19475.1 47.8893
1896000 402.745 -19377.7 -130.868
1897000 399.256 -19381.8 82.6886
1898000 401.097 -19328.2 -170.18
1899000 398.641 -19436.9 122.523
1900000 400.127 -19373.7 -14.4384
1901000 399.052 -19429.8 -49.6373
1902000 400.027 -19432.9 30.6547
1903000 398.933 -19508.9 7.3062
1904000 398.295 -19402.8 -113.181
1905000 399.044 -19385.3 30.5802
1906000 398.873 -19461.5 -35.0993
1907000 399.306 -19575 -13.2934
1908000 398.542 -19448.9 -17.0813
1909000 397.794 -19535.4 23.2194
1910000 401.102 -19531.7 106.923
1911000 399.805 -19579.1 -128.503
1912000 402.558 -19477.2 -28.4239
1913000 401.934 -19476.1 80.4178
1914000 399.598 -19459.7 -51.6559
1915000 399.188 -19442.6 1.12235
1916000 400.221 -19407.9 124.277
1917000 399.514 -19379.9 -214.54
1918000 399.162 -19367.2 87.699
1919000 401.505 -19287 -11.3233
1920000 401.346 -19316.3 -9.40037
1921000 397.662 -19446.5 67.8051
1922000 397.405 -19558 -23.184
1923000 398.449 -19624.9 -28.0873
1924000 398.457 -19545.7 -44.1031
1925000 399.325 -19463.5 53.6255
1926000 401.691 -19475.5 -82.3461
1927000 397.219 -19571.4 103.127
1928000 399.724 -19377.6 83.9918
1929000 401.524 -19355 -15.759
1930000 399.352 -19375.4 -98.8846
1931000 401.135 -19399.8 2.51681
1932000 400.407 -19533.3 80.534
1933000 400.78 -19483 -90.2118
1934000 399.913 -19595.5 97.9812
1935000 401.152 -19497.5 -67.6825
1936000 398.884 -19558.8 -15.8168
1937000 401.037 -19472.7 53.0725
1938000 400.841 -19463.9 -13.0682
1939000 402.677 -19378.8 -27.2737
1940000 401.863 -19375.5 115.818
1941000 399.993 -19415.6 -90.5173
1942000 398.619 -19446.2 188.656
1943000 400.758 -19432.1 -82.9824
1944000 397.834 -19615.2 -51.161
1945000 401.36 -19456.9 136.719
1946000 400.576 -19322.2 -257.334
1947000 399.203 -19401.1 126.6
1948000 401.985 -19413.7 3.21192
1949000 400.384 -19313.2 -118.014
1950000 400.887 -19424.7 144.264
1951000 399.655 -19324 -41.9572
1952000 400.776 -19405.1 -59.9203
1953000 400.5 -19324.5 -27.7864
1954000 400.685 -19396.7 -40.9079
1955000 399.728 -19532 80.0721
1956000 398.386 -19510.1 -47.3023
1957000 402.536 -19509.1 -1.85863
1958000 398.087 -19505.2 -35.4041
1959000 402.341 -19459.8 -6.30762
1960000 398.029 -19404 -51.0657
1961000 398.785 -19405.2 -30.8514
1962000 398.736 -19472 152.171
1963000 399.633 -19375 -42.0221
1964000 398.475 -19358.7 -87.8438
1965000 399.349 -19452.6 111.476
1966000 399.767 -19465.6 0.465773
1967000 399.603 -19480 -28.0082
1968000 400.388 -19387 64.9378
1969000 400.044 -19361.1 -95.4488
1970000 399.101 -19309.1 47.0544
1971000 398.616 -19421.9 127.273
1972000 400.293 -19368.5 -137.976
1973000 397.965 -19341.6 56.9787
1974000 401.775 -19344.8 -68.9254
1975000 401.727 -19475.7 80.2928
1976000 397.19 -19405.2 -43.3074
1977000 401.926 -19385.8 110.184
1978000 398.993 -19427.3 53.1929
1979000 398.72 -19398.7 -45.6141
1980000 400.68 -19299.3 -81.5963
1981000 400.381 -19411.9 46.3912
1982000 399.683 -19456.1 -11.5751
1983000 398.598 -19532.4 -1.17029
1984000 400.345 -19569.3 48.5785
1985000 398.744 -19469.2 14.1174
1986000 399.437 -19536.1 204.152
1987000 400.868 -19410.2 -37.2447
1988000 401.602 -19416.9 -56.4127
1989000 396.66 -19590.3 -25.6187
1990000 401.883 -19562.2 -23.753
1991000 401.11 -19451.2 -12.7124
1992000 400.573 -19436.7 2.58294
1993000 400.605 -19392.6 78.7879
1994000 401.85 -19311.3 119.947
1995000 397.725 -19379 -64.9772
1996000 399.544 -19461.7 22.2814
1997000 399.462 -19467.6 36.2972
1998000 398.653 -19570.2 -120.948
1999000 401.744 -19522.7 107.344
2000000 400.688 -19519 45.575
