


#run 		10000
dump            dmpall	all dcd	100 outputFiles/water.dcd
run 		10000
PPPM initialization ...
  using 12-bit tables for long-range coulomb (../kspace.cpp:342)
  G vector (1/distance) = 0.26206268
  grid = 18 18 18
  stencil order = 5
  estimated absolute RMS force accuracy = 0.031661931
  estimated relative force accuracy = 9.5348965e-05
  using double precision KISS FFT
  3d grid and FFT values/proc = 6400 1620
Generated 0 of 1 mixed pair_coeff terms from geometric mixing rule
Per MPI rank memory allocation (min/avg/max) = 10.09 | 10.1 | 10.11 Mbytes
   Step          Temp          Press          Volume        Density         E_pair    
        92   450.05405     -3877.1636      44871.332      0.9253597     -15697.876    
      1000   303.49447     -5.4431288      44871.332      0.9253597     -13536.661    
      2000   303.22161     -777.7102       44871.332      0.9253597     -13552.736    
      3000   311.2134      -631.9609       44871.332      0.9253597     -13656.005    
      4000   301.21706     -576.22393      44871.332      0.9253597     -13638.123    
      5000   290.90544     -190.78749      44871.332      0.9253597     -13611.629    
      6000   296.5176      -445.85902      44871.332      0.9253597     -13488.834    
      7000   300.09203     -695.90077      44871.332      0.9253597     -13444.804    
      8000   297.03169     -970.93617      44871.332      0.9253597     -13608.694    
      9000   309.8003      -938.77496      44871.332      0.9253597     -13533.198    
     10000   299.49228     -759.92277      44871.332      0.9253597     -13548.926    
     10092   299.29859     -799.07606      44871.332      0.9253597     -13541.187    
Loop time of 87.6862 on 4 procs for 10000 steps with 4164 atoms

Performance: 9.853 ns/day, 2.436 hours/ns, 114.043 timesteps/s
97.9% CPU use with 4 MPI tasks x no OpenMP threads

MPI task timing breakdown:
Section |  min time  |  avg time  |  max time  |%varavg| %total
---------------------------------------------------------------
Pair    | 53.995     | 58.017     | 60.398     |  31.7 | 66.16
Bond    | 0.0072491  | 0.0078256  | 0.0083293  |   0.5 |  0.01
Kspace  | 16.225     | 18.657     | 22.658     |  55.9 | 21.28
Neigh   | 5.7921     | 5.7943     | 5.7962     |   0.1 |  6.61
Comm    | 2.2649     | 2.321      | 2.3747     |   2.6 |  2.65
Output  | 0.014073   | 0.017378   | 0.024744   |   3.3 |  0.02
Modify  | 2.628      | 2.6332     | 2.6395     |   0.3 |  3.00
Other   |            | 0.2389     |            |       |  0.27

Nlocal:           1041 ave        1065 max        1023 min
Histogram: 1 1 0 0 0 1 0 0 0 1
Nghost:        8599.25 ave        8638 max        8567 min
Histogram: 1 0 1 0 0 1 0 0 0 1
Neighs:         349140 ave      377617 max      321452 min
Histogram: 1 0 0 0 1 1 0 0 0 1

Total # of neighbors = 1396558
Ave neighs/atom = 335.38857
Ave special neighs/atom = 2
Neighbor list builds = 488
Dangerous builds = 0







Total wall time: 0:01:29
