# Time-averaged data for fix 3
# TimeStep v_Temperature v_PotentialEnergy v_Pressure
2000 400.651 -15544.5 11.5818
3000 401.213 -15518.9 2.38867
4000 399.761 -15561.1 -7.65372
5000 399.055 -15587 18.0201
6000 400.616 -15519 -0.955264
7000 399.758 -15573.4 0.389805
8000 400.919 -15544.7 23.9541
9000 402.979 -15552.5 -8.59385
10000 401.063 -15564.1 -5.19955
11000 400.83 -15501.2 11.6808
12000 398.085 -15546.3 12.8615
13000 400.015 -15538.5 -2.20445
14000 399.313 -15627.6 -6.08123
15000 398.199 -15628.3 6.14598
16000 397.425 -15627.7 18.6011
17000 399.311 -15560.2 2.50268
18000 400.522 -15585.3 -15.9321
19000 400.018 -15565.5 9.58665
20000 398.286 -15640.5 -7.11051
21000 398.234 -15608.5 14.9567
22000 400.307 -15601.6 -7.25382
23000 401.021 -15629.8 5.69083
24000 402.467 -15509 10.2987
25000 399.208 -15504.8 -8.92569
26000 400.637 -15551.3 6.58631
27000 397.635 -15630.2 0.50773
28000 399.892 -15586.1 5.8482
29000 402.323 -15529.6 -2.68518
30000 400.247 -15592.3 -0.378194
31000 396.993 -15583.9 14.2954
32000 399.733 -15611.1 -16.3952
33000 401.706 -15536.6 27.8623
34000 399.824 -15520 1.80672
35000 399.093 -15534.2 -2.73098
36000 401.632 -15520.4 -1.23811
37000 402.939 -15530.1 -1.07915
38000 401.075 -15581.7 8.39479
39000 401.103 -15611.4 -8.06524
40000 399.419 -15653.8 11.376
41000 398.838 -15621.5 7.60449
42000 399.05 -15576 9.79868
43000 399.811 -15607.7 -3.59141
44000 402.267 -15530 -20.8432
45000 398.035 -15598.3 6.30207
46000 396.295 -15601.4 14.5893
47000 402.124 -15546.8 -13.766
48000 402.104 -15564 3.43567
49000 400.43 -15479.5 1.87682
50000 399.966 -15528 9.41274
51000 402.111 -15512.2 7.13225
52000 397.688 -15590 9.9296
53000 397.563 -15586.6 25.5033
54000 398.503 -15590.8 -16.4988
55000 400.987 -15599.1 0.512256
56000 399.43 -15566.1 13.9374
57000 402.269 -15470.3 -0.150451
58000 396.654 -15594.4 -0.900618
59000 399.606 -15565.5 5.79239
60000 400.761 -15626.4 7.50195
61000 401.635 -15566.5 -1.11547
62000 400.921 -15594.4 -10.2272
63000 398.474 -15603.8 -15.9835
64000 401.237 -15542.7 -7.50272
65000 402.796 -15503.1 6.15136
66000 397.8 -15627.4 5.89296
67000 400.495 -15542.9 0.420885
68000 400.61 -15462.8 -2.61327
69000 401.869 -15510.4 8.34403
70000 400.698 -15609.1 -10.0448
71000 403.381 -15559.2 9.89343
72000 400.238 -15589.7 -5.00059
73000 396.645 -15565.6 -9.09728
74000 398.559 -15588.5 9.22484
75000 399.595 -15619.1 4.06348
76000 399.816 -15612.4 -8.38241
77000 400.793 -15608.4 2.8163
78000 399.601 -15616.9 -1.93764
79000 402.257 -15573.4 4.74513
80000 398.983 -15665.8 -3.69147
81000 399.798 -15581.1 10.9985
82000 400.812 -15611 -9.3517
83000 400.978 -15621.2 -8.39204
84000 398.51 -15590.2 14.7115
85000 400.824 -15558 3.51771
86000 400.2 -15559.5 -6.20455
87000 399.889 -15558 25.374
88000 401.225 -15569.2 7.73649
89000 400.564 -15529.3 -3.13195
90000 398.697 -15537.1 13.6792
91000 402.544 -15533.3 -13.8179
92000 400.824 -15545 -5.69543
93000 398.689 -15502.3 1.15507
94000 400.244 -15529.1 5.11738
95000 400.151 -15557.8 3.56662
96000 402.827 -15504.3 11.3988
97000 400.444 -15610 -10.1866
98000 398.6 -15614.2 13.517
99000 401.587 -15603.4 5.08846
100000 398.297 -15595.1 2.93284
101000 399.055 -15567.3 -0.303755
102000 399.977 -15571.1 -5.04121
103000 397.816 -15578.5 0.430485
104000 399.999 -15582.6 3.009
105000 398.189 -15604.9 1.96388
106000 402.821 -15497.3 -1.09253
107000 398.546 -15614.1 5.01507
108000 401.23 -15467.2 -8.29454
109000 399.093 -15615.3 4.95851
110000 398.152 -15643.8 -5.7077
111000 400.116 -15548.7 -1.08857
112000 399.553 -15569.2 10.2419
113000 399.119 -15583.7 -11.204
114000 400.159 -15594.2 9.8412
115000 403.37 -15535.1 0.396582
116000 402.402 -15505.7 9.58931
117000 397.446 -15578.4 6.2938
118000 401.643 -15571.7 -7.09312
119000 399.391 -15550.3 9.4911
120000 399.114 -15589.4 4.80496
121000 398.074 -15593.6 -0.175861
122000 400.883 -15494.9 -2.52488
123000 398.729 -15611.1 -8.16123
124000 398.786 -15600.3 5.35037
125000 400.132 -15571.4 -9.47762
126000 401.908 -15475.5 13.3139
127000 400.462 -15548.3 -11.2834
128000 400.171 -15576.9 4.81075
129000 400.799 -15455 11.1301
130000 398.427 -15627.1 4.39813
131000 399.082 -15568.1 3.26106
132000 401.145 -15575.3 -3.68906
133000 400.076 -15527.1 0.835476
134000 400.349 -15624.1 8.83291
135000 400.042 -15586 13.8832
136000 398.663 -15619.7 -7.35815
137000 399.159 -15616.7 -5.24952
138000 398.956 -15586.7 -7.89835
139000 401.768 -15576.1 19.6972
140000 400.216 -15543.3 -0.873344
141000 400.537 -15575.8 1.1989
142000 400.229 -15624 -3.99004
143000 400.368 -15555.9 -3.8866
144000 400.093 -15560.1 9.37976
145000 400.694 -15548.8 -8.80564
146000 401.643 -15510.6 -5.22841
147000 400.46 -15632 0.28633
148000 399.444 -15550.3 -3.54336
149000 398.928 -15566.3 3.24252
150000 398.92 -15567 -5.84008
151000 400.712 -15527.1 0.843716
152000 400.791 -15475 17.5998
153000 402.578 -15518 -15.9752
154000 400.396 -15569.4 0.663559
155000 400.044 -15580.9 2.81847
156000 398.397 -15640.8 -6.68286
157000 401.939 -15546.6 -16.3927
158000 402.275 -15509.7 19.07
159000 401.598 -15532.2 -1.78008
160000 402.289 -15568.2 18.6948
161000 401.038 -15588.9 3.20075
162000 398.824 -15583.8 -0.374401
163000 399.267 -15554.2 5.83802
164000 400.392 -15575.9 10.3948
165000 397.838 -15646.6 -11.7432
166000 400.672 -15576.6 11.9654
167000 398.781 -15604.5 18.785
168000 399.382 -15561.7 -10.3989
169000 399.821 -15548.1 9.28242
170000 400.246 -15585.9 -10.6227
171000 400.073 -15557.5 25.4621
172000 402.166 -15521.8 -3.16885
173000 400.457 -15524.4 7.47932
174000 399.717 -15604.6 7.63806
175000 400.492 -15607 -6.11168
176000 400.704 -15535.3 3.77389
177000 401.928 -15561.6 -10.2644
178000 399.824 -15521.3 9.55188
179000 400.786 -15532.9 13.9269
180000 398.554 -15530.5 9.68264
181000 400.208 -15537.8 -5.22957
182000 400.986 -15492.8 -6.66
183000 400.057 -15614 7.57912
184000 398.552 -15622.1 11.6111
185000 398.171 -15607.2 -4.90869
186000 402.963 -15500.8 7.13293
187000 400.388 -15513.2 10.4326
188000 398.601 -15597.8 -3.53835
189000 401.339 -15495.6 3.35494
190000 399.989 -15566.4 2.44045
191000 400.335 -15573.6 3.81389
192000 399.267 -15594.5 11.7631
193000 401.491 -15500 0.579172
194000 398.552 -15537.7 -4.04936
195000 401.887 -15578.5 -9.88173
196000 401.345 -15612.3 12.0126
197000 399.785 -15588.1 -9.79914
198000 400.01 -15509.2 10.0822
199000 398.664 -15562.5 -13.22
200000 399.255 -15530 5.19719
201000 401.87 -15526.8 13.4926
202000 398.589 -15642.7 11.258
203000 400.093 -15559.9 0.536004
204000 398.141 -15565.9 -5.02444
205000 403.354 -15603.9 -9.78876
206000 400.803 -15500.7 0.401701
207000 399.976 -15516.7 8.94797
208000 400.793 -15577.3 -11.7096
209000 399.796 -15513 4.69009
210000 397.573 -15540.4 8.89264
211000 400.635 -15565.9 -8.02088
212000 401.454 -15556.9 -0.957998
213000 396.947 -15602.2 10.2257
214000 399.797 -15577 -4.16554
215000 396.234 -15658.5 -0.797949
216000 400.947 -15599.8 -3.403
217000 400.66 -15541.7 -0.104465
218000 397.35 -15616.8 8.82083
219000 400.403 -15601.7 7.67327
220000 400.855 -15530.2 -9.70344
221000 400.367 -15566.9 -6.73905
222000 400.629 -15555.5 -2.70629
223000 401.415 -15531.8 10.7662
224000 397.982 -15646.8 -2.94032
225000 399.331 -15546.9 7.91413
226000 397.742 -15611.1 0.755773
227000 398.497 -15564.6 -4.14451
228000 399.48 -15559.2 9.6804
229000 400.98 -15550.9 0.0815712
230000 402.969 -15556.8 -10.5524
231000 398.878 -15607.2 16.0726
232000 397.799 -15630 -3.24811
233000 400.103 -15494.8 9.64141
234000 399.736 -15513.7 7.05384
235000 401.269 -15616.1 -8.14257
236000 399.422 -15630.9 14.8813
237000 401.495 -15504.4 1.17194
238000 402.496 -15519.1 -10.0223
239000 400.106 -15514 -2.22413
240000 400.239 -15626.5 0.543589
241000 399.946 -15569.4 3.9492
242000 401.372 -15577.4 9.86124
243000 400.344 -15586 12.275
244000 398.894 -15584.1 -1.38952
245000 399.159 -15595.9 -17.3902
246000 400.483 -15556.2 -5.48835
247000 400.93 -15554 2.25213
248000 399.246 -15644.9 9.82819
249000 399.642 -15571.4 2.82991
250000 397.89 -15629.8 -11.0708
251000 400.241 -15572.8 -4.14837
252000 401.028 -15544.4 8.98855
253000 400.547 -15530 2.98803
254000 400.417 -15597.8 8.49426
255000 400.745 -15531.9 -2.52025
256000 400.06 -15541.1 7.80128
257000 399.408 -15639 -6.7362
258000 401.402 -15526.6 -6.52532
259000 401.52 -15541.9 -0.762446
260000 399.57 -15585.3 5.66721
261000 399.974 -15504.6 -6.50818
262000 399.92 -15609.8 3.05572
263000 403.062 -15532.2 7.30874
264000 399.233 -15624.7 -13.7959
265000 400.552 -15553.2 -3.81187
266000 400.855 -15499.7 1.05265
267000 400.832 -15547.4 2.58886
268000 399.107 -15556.4 1.67956
269000 402.581 -15554.4 -4.25698
270000 400.631 -15529.5 -4.73122
271000 400.525 -15544.1 6.14433
272000 399.971 -15630.6 4.56049
273000 398.072 -15607.8 15.131
274000 398.723 -15572.8 -2.85516
275000 400.905 -15573.1 8.84035
276000 399.775 -15574.9 11.6874
277000 400.675 -15531.2 16.0898
278000 398.152 -15605.9 11.4949
279000 401.817 -15593.3 1.58577
280000 400.833 -15581.2 -16.6064
281000 397.578 -15561.6 3.6217
282000 399.051 -15586.1 5.23934
283000 400.031 -15542.3 7.85153
284000 400.436 -15525.8 3.77973
285000 398.36 -15533.1 8.49714
286000 398.085 -15633.3 -0.986264
287000 399.244 -15627.2 0.171445
288000 398.333 -15537.2 -1.63343
289000 399.02 -15594.6 -2.92632
290000 398.331 -15677.8 -1.83817
291000 400.577 -15566.7 -4.73837
292000 399.709 -15570.6 24.8971
293000 400.47 -15558.1 -13.6355
294000 397.637 -15615 25.9237
295000 401.913 -15522.4 -18.3661
296000 398.93 -15533.2 -6.08461
297000 400.744 -15522.2 -2.7233
298000 400.747 -15555.6 -18.4872
299000 399.33 -15608.3 -0.681012
300000 400.196 -15555.4 -2.23517
301000 399.751 -15610.1 12.1762
302000 401.167 -15579 -6.00728
303000 399.062 -15583.3 2.1881
304000 397.791 -15629.7 0.523749
305000 402.652 -15555.5 3.30728
306000 398.234 -15598.7 4.65514
307000 398.495 -15580.3 3.5492
308000 401.474 -15516.7 15.248
309000 399.446 -15597.2 -15.2907
310000 402.744 -15550.9 -6.08047
311000 401.811 -15522.7 7.75838
312000 399.29 -15596.3 -10.8729
313000 402.345 -15530.6 -6.37394
314000 398.604 -15553.4 -0.275794
315000 398.052 -15653.4 -14.2232
316000 398.666 -15616.3 16.9554
317000 398.833 -15540.6 13.3574
318000 399.82 -15534.4 -5.34238
319000 402.035 -15490.4 2.33258
320000 400.375 -15556.1 -10.1651
321000 397.203 -15637.9 1.9573
322000 399.726 -15597.6 5.04936
323000 400.487 -15611.5 2.53354
324000 400.469 -15533.4 -10.8859
325000 401.649 -15500.3 14.958
326000 399.548 -15531.9 -0.0780737
327000 400.218 -15553.3 -7.09076
328000 400.174 -15552.5 11.4563
329000 397.786 -15581.1 6.99671
330000 398.484 -15651.4 -3.84953
331000 400.319 -15562.9 7.33992
332000 399.631 -15560.4 11.796
333000 403.019 -15525.5 -21.871
334000 401.531 -15531.8 11.3805
335000 399.268 -15572.3 0.567326
336000 398.256 -15497.7 6.51216
337000 400.501 -15547.4 -17.4828
338000 401.239 -15530.5 20.2721
339000 399.931 -15587.7 1.60128
340000 397.406 -15648.7 -11.4154
341000 401.724 -15550.5 4.92705
342000 400.527 -15562.2 5.54501
343000 399.605 -15558 -0.536031
344000 400.116 -15635.2 2.61164
345000 399.11 -15584.3 0.22832
346000 401.491 -15573.8 0.481376
347000 401.295 -15528.7 8.70898
348000 398.367 -15571.3 -20.3724
349000 398.455 -15635.7 5.07565
350000 403.097 -15561.9 -0.649853
351000 397.453 -15592.8 -2.75161
352000 399.014 -15592.5 4.21542
353000 400.07 -15487.7 0.635891
354000 400.086 -15556.9 5.07731
355000 399.907 -15567.2 6.99048
356000 400.529 -15507.1 -18.557
357000 399.432 -15551 9.93798
358000 399.265 -15547.7 -0.226745
359000 399.634 -15556.9 2.63435
360000 396.365 -15635.9 -5.79639
361000 402.553 -15476.1 -3.32733
362000 401.582 -15612.1 2.61404
363000 400.094 -15576.7 -15.1184
364000 399.441 -15580.4 -8.83185
365000 400.957 -15552 0.443163
366000 400.096 -15584 4.35291
367000 397.86 -15601.3 -0.920213
368000 398.272 -15605.8 11.7555
369000 400.399 -15610.9 -10.289
370000 398.697 -15604 14.6426
371000 400.253 -15551.7 6.03293
372000 399.242 -15554.8 0.321615
373000 399.913 -15556.2 4.80195
374000 400.937 -15583.6 -3.86649
375000 399.861 -15560.3 -2.82563
376000 402.669 -15489.8 0.168786
377000 399.089 -15577 3.34968
378000 400.703 -15490.2 -0.0510387
379000 400.206 -15534 4.6925
380000 401.752 -15571.4 8.84929
381000 401.486 -15566.8 -5.5319
382000 400.81 -15582.7 6.17319
383000 398.735 -15615 -1.45794
384000 401.399 -15494.3 18.4206
385000 400.743 -15541.5 -8.71446
386000 398.724 -15517.6 3.85785
387000 398.647 -15602.4 2.95076
388000 402.297 -15502.2 -4.40647
389000 397.678 -15636 6.20236
390000 399.241 -15543.1 -4.27631
391000 399.566 -15539 -7.0406
392000 397.134 -15595.9 17.9854
393000 399.169 -15604.6 4.6419
394000 400.175 -15626.2 -2.92674
395000 400.053 -15576.7 -4.82564
396000 402.292 -15526 4.02523
397000 401.215 -15543.6 0.750603
398000 396.958 -15600.2 19.6847
399000 400.279 -15571.5 -2.34253
400000 399.382 -15585.9 2.76768
401000 399.793 -15615.9 3.62337
402000 401.509 -15603.7 -8.15307
403000 398.573 -15606.6 1.64763
404000 399.217 -15545.1 5.79552
405000 400.362 -15589.8 -11.6722
406000 401.291 -15536.4 7.02957
407000 399.689 -15552.6 4.08068
408000 399.373 -15489.8 3.6289
409000 397.676 -15555.5 11.0177
410000 402.688 -15522.3 -9.01108
411000 399.683 -15584 15.1457
412000 400.381 -15547.9 0.69355
413000 402.209 -15510.3 0.985333
414000 401.233 -15549.8 -17.0359
415000 402.077 -15465.9 0.308572
416000 400.71 -15552.5 -7.41866
417000 399.169 -15609.7 4.11872
418000 398.699 -15670.1 3.16345
419000 399.641 -15594 -2.8268
420000 400.184 -15560.7 21.163
421000 400.286 -15539.6 -7.40694
422000 402.732 -15573.8 -4.14952
423000 397.626 -15587.6 -22.2814
424000 403.091 -15556.1 16.8843
425000 400.403 -15532.5 -3.45839
426000 400.516 -15537.7 -1.73247
427000 399.505 -15546.9 11.1925
428000 401.338 -15535.6 7.08373
429000 401.922 -15537 -0.881073
430000 399.304 -15603.3 10.1763
431000 402.183 -15555.5 -13.0314
432000 399.766 -15631.1 2.81329
433000 399.186 -15607.3 13.3078
434000 401.027 -15518.7 -1.91458
435000 398.864 -15574.7 22.0146
436000 398.965 -15556.7 -1.63972
437000 401.164 -15553.2 2.65168
438000 399.988 -15603.3 -2.89079
439000 399.468 -15550.9 -4.07937
440000 400.564 -15520.8 6.00373
441000 400.369 -15500.6 -2.44181
442000 400.729 -15550.2 17.9387
443000 400.472 -15541.8 -3.13904
444000 400.855 -15588.3 2.10723
445000 399.933 -15573 8.95197
446000 399.21 -15547.9 -20.6313
447000 398.023 -15612.4 5.60542
448000 397.474 -15596.1 -1.0037
449000 402.519 -15541 -8.52433
450000 401.57 -15522.3 19.4337
451000 400.288 -15629.8 -6.0776
452000 400.669 -15585.2 0.361759
453000 403.319 -15551.7 -15.559
454000 397.887 -15586.5 0.339713
455000 399.073 -15578.5 2.41976
456000 400.196 -15533.5 7.79744
457000 402.002 -15538.7 -3.04374
458000 400.351 -15569.6 10.7912
459000 401.759 -15603.1 -1.68441
460000 400.343 -15555.9 -9.79252
461000 398.725 -15615.9 -1.7101
462000 397.401 -15614.8 -4.3156
463000 400.519 -15591.5 9.24664
464000 401.359 -15591.9 -2.7378
465000 400.372 -15648.1 0.228397
466000 398.214 -15597.3 18.0462
467000 400.306 -15556.8 -11.4739
468000 400.919 -15564.4 7.02617
469000 401.198 -15562.4 13.1995
470000 399.796 -15578.1 -7.85575
471000 401.164 -15564.5 0.13364
472000 398.286 -15575.7 6.30266
473000 398.81 -15580 3.96301
474000 399.024 -15592.8 -4.84499
475000 400.371 -15634 -0.981604
476000 399.593 -15616.2 -3.28999
477000 401.539 -15570.7 -2.19811
478000 402.547 -15567.2 -4.02602
479000 400.923 -15586.8 -8.70977
480000 402.358 -15575.4 7.58543
481000 398.162 -15588.2 -4.85097
482000 397.369 -15606.3 7.10321
483000 398.753 -15622.7 7.32914
484000 398.025 -15614.3 4.9547
485000 401.639 -15542.7 8.21815
486000 402.99 -15591.6 4.42425
487000 400.731 -15540.7 -0.443604
488000 397.883 -15635.5 3.05746
489000 400.676 -15629.7 -17.1495
490000 400.227 -15654.3 -3.96353
491000 401.176 -15561.5 -5.35562
492000 401.215 -15508.2 -0.728974
493000 398.825 -15556.6 9.56672
494000 398.249 -15608.1 9.01001
495000 401.43 -15546.8 -13.6077
496000 399.259 -15631 -8.13179
497000 401.079 -15580.4 18.5486
498000 403.271 -15554.3 15.387
499000 398.688 -15559.4 -14.5467
500000 400.586 -15613.4 -10.3648
501000 398.419 -15596.5 8.18024
502000 400.309 -15536.3 -5.82481
503000 399.296 -15531.4 18.019
504000 402.458 -15501.8 6.56398
505000 398.283 -15591.7 -9.74538
506000 399.129 -15606.2 0.916212
507000 399.159 -15645 -9.13032
508000 399.791 -15606.5 5.32142
509000 399.368 -15519.1 12.2662
510000 400.851 -15531.2 -9.31258
511000 401.034 -15501 6.72214
512000 399.427 -15580.9 -3.21598
513000 399.122 -15555 1.23802
514000 402.106 -15556.2 9.57363
515000 401.084 -15598.1 -6.35698
516000 403.38 -15516 0.258228
517000 399.907 -15540.9 7.35772
518000 402.318 -15500.9 10.5283
519000 398.338 -15625.4 -4.16222
520000 400.573 -15544.8 8.05653
521000 400.943 -15493.8 0.656403
522000 401.132 -15502.6 -5.29928
523000 399.187 -15581.2 -10.5371
524000 399.181 -15586.2 -3.74927
525000 398.72 -15572.9 7.79502
526000 399.984 -15566 -12.7716
527000 399.844 -15601.7 10.6828
528000 401.021 -15548.9 -12.8791
529000 400.122 -15553 -0.603575
530000 400.741 -15575.5 7.84552
531000 400.104 -15615.5 -11.7257
532000 401.283 -15544 6.47866
533000 397.098 -15589.6 2.93671
534000 401.01 -15545.7 -10.3805
535000 399.339 -15603.9 1.71595
536000 401.657 -15476.8 -13.515
537000 398.865 -15538.1 17.0108
538000 399.527 -15493.3 -0.877976
539000 402.165 -15511.4 1.88119
540000 400.522 -15492.2 -3.11803
541000 398.918 -15542.2 11.0958
542000 398.813 -15602.4 9.10836
543000 400.155 -15569.5 -8.95091
544000 400.356 -15589.3 -0.786658
545000 399.613 -15588.3 9.01413
546000 400.685 -15648.7 5.62686
547000 399.491 -15577.5 -19.1277
548000 399.75 -15598.7 -1.91335
549000 401.657 -15568.7 4.92752
550000 402.272 -15483.1 1.41873
551000 400.351 -15547.2 1.97775
552000 400.072 -15526.6 0.378687
553000 401.642 -15517.6 6.51378
554000 395.909 -15573.5 10.023
555000 399.588 -15580.9 -5.75313
556000 398.922 -15634.2 7.26934
557000 398.67 -15611.4 -9.4238
558000 400.967 -15569.4 12.6623
559000 400.486 -15537.2 -8.54189
560000 400.518 -15481.7 11.354
561000 401.85 -15549 -15.6632
562000 401.632 -15560.4 -0.375115
563000 396.344 -15650.1 12.6716
564000 398.985 -15580.1 -0.543816
565000 400.297 -15586.7 -5.39918
566000 400.249 -15554.5 16.9555
567000 401.115 -15541.4 -14.1921
568000 403.401 -15530.3 23.4917
569000 398.496 -15613.2 -8.67007
570000 398.261 -15596.5 -4.48493
571000 399.924 -15568.4 7.79845
572000 399.831 -15502.9 1.5363
573000 401.584 -15569.7 8.45177
574000 398.121 -15632.9 6.98261
575000 400.006 -15610.1 -1.73679
576000 399.425 -15645.9 16.5124
577000 399.046 -15671.4 0.69198
578000 397.254 -15592.7 13.3937
579000 400.849 -15494.9 7.5258
580000 399.69 -15608 -3.49889
581000 399.641 -15559.5 2.76514
582000 403.031 -15518.9 -7.95887
583000 400.013 -15545.6 9.5873
584000 399.376 -15552.6 15.182
585000 401.705 -15545 -3.20382
586000 401.011 -15565.3 10.0408
587000 401.577 -15579.8 -20.3148
588000 399.039 -15614.7 2.92702
589000 401.481 -15544.2 -3.56879
590000 397.77 -15562.5 14.3059
591000 399.994 -15538.3 1.87295
592000 401.165 -15512.2 4.35688
593000 402.915 -15460.7 -3.8202
594000 399.542 -15600.3 7.34326
595000 400.229 -15522.3 -0.834275
596000 402.218 -15534 -5.55017
597000 401.016 -15571.7 -10.266
598000 399.324 -15606.4 -9.78979
599000 402.506 -15537 6.05534
600000 397.755 -15612.6 7.86221
601000 398.233 -15540 10.7412
602000 403.053 -15543.3 4.91518
603000 399.302 -15632.8 6.95502
604000 400.119 -15556.7 -8.8072
605000 396.076 -15602.2 -3.44461
606000 400.217 -15551.4 4.87629
607000 398.269 -15625.6 -7.88886
608000 402.922 -15568.3 -10.5986
609000 401.05 -15581.7 10.3333
610000 399.651 -15560 18.4199
611000 398.301 -15602.8 -17.1055
612000 398.79 -15531.5 4.93873
613000 399.478 -15607.1 16.9963
614000 400.881 -15519.6 -15.8664
615000 396.55 -15621.8 17.9042
616000 402.739 -15554.6 9.63668
617000 399.307 -15571.3 -5.39388
618000 401.582 -15545.8 -12.2301
619000 398.939 -15563.9 10.9764
620000 403.098 -15507.8 -10.7828
621000 399.065 -15546.7 9.64634
622000 397.562 -15640.3 1.44443
623000 401.734 -15535.5 -3.38215
624000 399.923 -15567.7 3.55744
625000 399.871 -15563.4 7.975
626000 404.564 -15508 -7.05055
627000 400.271 -15603.3 9.58146
628000 400.999 -15558.9 3.2201
629000 399.511 -15541.9 17.7015
630000 398.698 -15623.8 4.29341
631000 398.198 -15596.4 5.44
632000 401.544 -15509.4 -11.2414
633000 399.289 -15524 18.3974
634000 399.672 -15537.7 11.8761
635000 399.022 -15563.5 -7.64527
636000 400.682 -15514.1 4.16107
637000 401.598 -15498.8 15.5014
638000 397.669 -15582.6 -4.74935
639000 401.609 -15569.1 0.863161
640000 400.789 -15559.2 11.1251
641000 399.621 -15644.1 0.155755
642000 399.633 -15626.7 -10.3672
643000 399.188 -15574.9 4.77301
644000 398.993 -15536 3.66913
645000 399.578 -15552.6 13.5449
646000 401.313 -15546.4 -3.41477
647000 399.098 -15551.7 7.82698
648000 398.73 -15584.2 -7.2824
649000 399.938 -15555.6 -7.08749
650000 401.37 -15505.1 11.1101
651000 397.537 -15597.5 16.0077
652000 399.111 -15652.2 -11.7576
653000 400.628 -15551.3 7.70149
654000 399.078 -15551.8 -11.6572
655000 398.791 -15587.1 20.2033
656000 402.818 -15536.2 5.29702
657000 400.458 -15569.4 -2.35835
658000 401.321 -15540.4 3.53458
659000 397.719 -15589.5 7.60175
660000 400.288 -15571.6 6.67418
661000 398.519 -15618.9 -6.9349
662000 399.802 -15564.9 16.1786
663000 398.136 -15569.2 -14.0454
664000 399.96 -15563.9 2.21265
665000 397.894 -15651.4 1.35298
666000 402.72 -15510.6 -3.63451
667000 401.123 -15544.6 11.2216
668000 401.016 -15474.1 4.36322
669000 401.063 -15545.7 5.39295
670000 398.307 -15614.1 -12.1273
671000 399.901 -15597.4 19.3216
672000 403.079 -15492.8 0.225883
673000 400.234 -15547.2 0.371002
674000 402.345 -15491.9 -12.6075
675000 396.917 -15565.2 24.1078
676000 402.551 -15543.1 -11.8264
677000 398.224 -15552.6 20.4895
678000 399.376 -15543 4.73294
679000 399.079 -15580.8 -5.92188
680000 400.596 -15582.3 12.9063
681000 400.487 -15515.8 -16.371
682000 399.523 -15576.1 12.4952
683000 399.331 -15587.4 -1.97425
684000 400.043 -15581.7 -7.10466
685000 402.227 -15573.6 10.0731
686000 398.957 -15566.3 4.83196
687000 401.186 -15524 -3.69802
688000 402.447 -15511.8 17.3145
689000 399.059 -15578.6 9.91736
690000 401.491 -15592.5 -0.735487
691000 400.17 -15592.2 -2.00483
692000 399.677 -15549.7 -2.49828
693000 400.45 -15558.3 8.98187
694000 398.187 -15565.7 10.8996
695000 399.003 -15612.4 6.25768
696000 401.621 -15610 3.3253
697000 398.369 -15607.8 -7.41329
698000 402.22 -15489.3 2.99556
699000 396.706 -15578.9 -14.5512
700000 398.477 -15588.5 3.14155
701000 399.193 -15535.2 1.65934
702000 399.906 -15620.3 7.89639
703000 399.83 -15608.2 -11.8133
704000 400.082 -15492.1 -3.44076
705000 400.371 -15575.8 17.4497
706000 402.061 -15517.8 -2.9714
707000 398.934 -15651.1 3.96512
708000 401.34 -15541.2 -6.10279
709000 397.565 -15638.1 4.2899
710000 399.129 -15557.6 3.85983
711000 399.951 -15571 13.3481
712000 398.539 -15624.2 1.3367
713000 399.536 -15593.5 15.8837
714000 400.205 -15561.9 -17.3726
715000 400.703 -15456.4 4.51741
716000 399.693 -15567.3 -2.876
717000 400.262 -15511.8 -2.88021
718000 397.917 -15559.4 2.27116
719000 398.476 -15624.9 17.0893
720000 403.096 -15585.8 2.90559
721000 399.999 -15555.3 3.58866
722000 399.253 -15589.2 -15.8696
723000 398.656 -15596.2 12.642
724000 397.865 -15648.7 4.14105
725000 400.682 -15566.2 -5.59803
726000 403.137 -15535.1 4.12276
727000 400.111 -15587.3 8.8727
728000 397.66 -15556.8 19.2894
729000 398.76 -15582.3 0.826579
730000 401.626 -15531.6 -1.71294
731000 398.325 -15660.1 10.276
732000 399.664 -15555.4 -8.30364
733000 400.658 -15619.1 4.52122
734000 401.672 -15566.1 -5.15554
735000 399.733 -15576.2 5.97851
736000 398.941 -15609 14.1928
737000 402.468 -15556.2 -7.52452
738000 398.433 -15546.2 -1.131
739000 400.642 -15566.6 17.0397
740000 400.997 -15567 -7.77479
741000 401.344 -15621.7 -1.01703
742000 399.868 -15585.6 -2.26528
743000 400.115 -15546.6 -5.83615
744000 399.859 -15601.3 1.14751
745000 400.52 -15537.4 5.18146
746000 399.897 -15576.2 0.308699
747000 400.098 -15604.9 -2.87323
748000 400.838 -15594.3 0.312991
749000 403.07 -15520 -9.30759
750000 398.724 -15562.7 8.65969
751000 399.409 -15540.2 1.14809
752000 397.287 -15585.5 9.86124
753000 398.588 -15622.2 -11.6634
754000 403.679 -15549.3 0.747976
755000 396.873 -15631.2 7.99351
756000 399.935 -15525.5 -7.9889
757000 402.134 -15558.8 -0.32755
758000 401.434 -15525 -7.13585
759000 401.006 -15564.1 6.71432
760000 400.337 -15545 -1.65549
761000 399.133 -15571.9 5.4059
762000 400.804 -15505.6 12.3136
763000 399.885 -15588.9 0.622712
764000 394.619 -15660.3 12.6469
765000 397.497 -15614.9 8.65197
766000 399.707 -15662.3 -15.6076
767000 400.159 -15532.3 12.742
768000 399.971 -15606.5 5.20788
769000 398.323 -15630.7 7.37674
770000 400.863 -15542.7 -6.28786
771000 398.377 -15596.1 1.44484
772000 398.673 -15593.2 11.8978
773000 399.729 -15572.6 -15.5177
774000 398.344 -15582.1 10.6997
775000 400.425 -15609.6 -8.62714
776000 402.836 -15507 -3.8736
777000 400.844 -15500.2 13.362
778000 400.714 -15562.6 -5.62701
779000 400.432 -15540.3 4.83803
780000 400.141 -15572.5 11.1309
781000 398.696 -15596.5 -7.61927
782000 398.521 -15613.1 10.0179
783000 400.973 -15535.5 7.42025
784000 398.885 -15590.4 -12.6763
785000 401.592 -15481.6 15.5624
786000 402.672 -15534 -18.5583
787000 399.351 -15537 4.37376
788000 399.186 -15567.2 -0.873877
789000 400.204 -15540.7 1.38552
790000 399.611 -15566.5 -1.86021
791000 398.186 -15562.8 9.58164
792000 400.171 -15585.1 -5.71392
793000 401.666 -15549.2 -9.73324
794000 399.981 -15580.3 -6.32862
795000 401.039 -15549.7 9.39958
796000 398.159 -15650.2 -6.91294
797000 402.38 -15510.9 -3.79928
798000 398.283 -15595.5 3.55759
799000 401.311 -15611.3 -5.42279
800000 401.516 -15567.6 -5.3473
801000 401.765 -15560.3 -4.99496
802000 398.172 -15575.6 -1.77536
803000 402.045 -15518.5 3.20955
804000 401.746 -15570.9 -0.0240237
805000 399.477 -15556.3 -5.82722
806000 398.347 -15548.3 4.58063
807000 402.754 -15507.2 17.3631
808000 402.004 -15499.8 -12.0306
809000 400.206 -15554.8 -2.87511
810000 398.51 -15566.8 -1.00835
811000 400.293 -15543.4 1.78395
812000 402.642 -15457.7 -14.8282
813000 399.687 -15554.8 15.2086
814000 399.665 -15588.2 -17.9249
815000 400.086 -15529.3 17.5732
816000 400.905 -15566.7 -1.74001
817000 399.684 -15591 10.5776
818000 401.724 -15509.3 -7.25211
819000 399.922 -15560.3 12.5546
820000 399.128 -15572.4 -4.99598
821000 399.661 -15620.1 19.931
822000 397.965 -15490.5 3.76189
823000 401.553 -15531.6 -6.9225
824000 400.412 -15618.4 3.41844
825000 400.568 -15573.8 -10.3794
826000 399.725 -15587.7 14.9856
827000 400.344 -15541 -9.00648
828000 397.736 -15614.5 2.81621
829000 399.884 -15571.6 -1.40971
830000 399.109 -15543.1 9.18905
831000 400.764 -15570.3 -12.3177
832000 402.197 -15535.9 6.93711
833000 399.587 -15522.2 6.19548
834000 400.435 -15579.6 14.5656
835000 398.989 -15573.3 26.9147
836000 402.806 -15577.7 -29.3421
837000 403.169 -15536.2 0.679397
838000 399.686 -15595.2 -2.43392
839000 398.782 -15616 -0.293251
840000 398.402 -15649.5 15.1831
841000 399.055 -15624.9 -4.34509
842000 399.959 -15529.3 16.5599
843000 401.474 -15617.5 -5.48066
844000 397.665 -15590.2 5.31585
845000 400.746 -15484.9 2.08702
846000 401.697 -15518.6 1.7234
847000 402.714 -15541.1 -0.679097
848000 401.754 -15577.5 -7.27183
849000 399.652 -15549.8 -2.8331
850000 400.941 -15595.4 -0.165215
851000 400.257 -15582.3 8.29775
852000 401.872 -15600.7 15.5034
853000 398.198 -15600.3 -11.475
854000 400.259 -15572.6 7.86687
855000 399.696 -15574.1 -5.82833
856000 400.556 -15536.2 2.19837
857000 400.267 -15554.5 8.60054
858000 400.174 -15533.1 10.4293
859000 402.139 -15556.2 2.86621
860000 401.303 -15523.3 5.30789
861000 397.973 -15590.4 2.27
862000 402.238 -15502.6 3.47653
863000 401.866 -15530.1 -1.63319
864000 399.982 -15547.8 11.602
865000 399.519 -15504.2 9.91725
866000 400.429 -15544.3 7.81995
867000 401.573 -15525.4 -4.50251
868000 400.414 -15571.9 8.94534
869000 400.075 -15571.3 2.67717
870000 399.301 -15551.5 8.56055
871000 401.217 -15562.8 -1.19374
872000 398.225 -15577.6 -5.19068
873000 399.906 -15565.7 -8.81745
874000 402.88 -15560.5 -13.2432
875000 398.926 -15582.2 -1.73075
876000 400.624 -15594.1 3.33872
877000 401.043 -15485.1 4.83986
878000 400.861 -15538.2 -6.66062
879000 397.58 -15583.3 0.538522
880000 400.286 -15546.2 -8.85264
881000 399.45 -15541.5 1.24582
882000 400.187 -15547.7 -1.49209
883000 400.389 -15541.7 17.1619
884000 400.575 -15491.6 2.01006
885000 399.334 -15585.9 6.70605
886000 401.831 -15561.4 11.1006
887000 399.394 -15573.9 0.932607
888000 402.523 -15538.9 -3.25537
889000 398.522 -15637.7 5.64128
890000 398.881 -15601.5 -0.234769
891000 400.342 -15582 4.29778
892000 401.831 -15522.5 -10.5619
893000 400.716 -15541.7 -6.85423
894000 400.088 -15528.5 26.4698
895000 400.274 -15559 -0.0876698
896000 400.401 -15541.1 -17.2247
897000 398.366 -15588.8 4.69466
898000 399.839 -15560.4 -1.51191
899000 401.315 -15562.5 -5.80754
900000 401.717 -15547.8 5.0962
901000 400.16 -15497.7 15.9337
902000 400.368 -15552.4 -1.99909
903000 400.099 -15554.3 6.01026
904000 399.92 -15522.9 -1.33432
905000 399.761 -15588 -10.4231
906000 397.494 -15615 12.4085
907000 397.338 -15601.6 -5.73467
908000 401.697 -15550.4 -8.77631
909000 398.399 -15553.8 0.397359
910000 400.044 -15574.2 0.963971
911000 400.202 -15578.3 1.49309
912000 402.293 -15487.4 10.4802
913000 399.028 -15517.5 -7.91112
914000 402.252 -15521 7.16139
915000 398.531 -15643.9 -3.17624
916000 399.558 -15601.4 14.6369
917000 398.564 -15589.3 2.40412
918000 399.906 -15540.9 9.98156
919000 400.333 -15546.9 -15.1291
920000 398.657 -15578 7.12602
921000 400.949 -15531.8 15.0222
922000 401.163 -15538.7 -18.6759
923000 399.366 -15568.7 10.0362
924000 401.472 -15546.9 -4.81116
925000 400.884 -15571.3 11.1789
926000 400.349 -15524.8 -3.19917
927000 400.211 -15630.9 3.58508
928000 400.186 -15559.1 -3.65171
929000 397.871 -15605.1 -6.6183
930000 398.194 -15634.2 0.421682
931000 401.277 -15512.1 0.340412
932000 400.411 -15544 -9.7745
933000 399.339 -15569.2 0.355999
934000 401.901 -15537.4 7.21693
935000 398.673 -15633.2 -8.89941
936000 399.39 -15572.3 7.0866
937000 398.376 -15638.7 14.0519
938000 400.486 -15585.4 -9.51947
939000 397.941 -15650.4 6.54341
940000 400.357 -15559.2 0.775397
941000 400.248 -15560.6 -2.5016
942000 397.897 -15631.5 8.05292
943000 397.617 -15620.3 11.322
944000 398.682 -15656.1 0.998304
945000 398.189 -15598.7 5.38067
946000 401.034 -15542.4 2.5042
947000 397.837 -15584.3 16.4254
948000 398.703 -15565.5 -5.901
949000 400.734 -15508.4 -2.40932
950000 401.654 -15494 3.55634
951000 397.682 -15616.6 1.70183
952000 397.428 -15583.3 5.06519
953000 400.937 -15457.1 7.75528
954000 400.159 -15624.8 -11.6452
955000 400.137 -15570.1 5.83958
956000 401.615 -15551 -3.52231
957000 399.735 -15594.6 4.77535
958000 400.106 -15586.1 5.85322
959000 397.707 -15621.2 7.80997
960000 399.571 -15566 10.4633
961000 399.816 -15573.5 -8.55394
962000 400.573 -15550.8 8.5762
963000 398.938 -15637.2 13.4981
964000 401.457 -15596.7 -30.4153
965000 397.622 -15609.3 12.096
966000 400.042 -15527.3 -10.7482
967000 399.463 -15610.2 3.55897
968000 398.375 -15615.3 8.06643
969000 400.036 -15570.8 -20.5948
970000 401.276 -15576.1 10.1194
971000 399.335 -15577.5 -0.76988
972000 402.605 -15518.5 6.20215
973000 397.647 -15553.3 6.38722
974000 397.803 -15548.5 5.85422
975000 401.018 -15455 -4.41588
976000 401.793 -15586.2 8.7691
977000 401.565 -15521 -4.17671
978000 399.569 -15528.1 -4.88457
979000 398.438 -15548.6 9.24335
980000 400.503 -15540.3 -8.30737
981000 398.339 -15597.4 8.63729
982000 399.494 -15596.9 -19.7802
983000 398.71 -15575.6 23.3696
984000 400.112 -15530.4 -11.8222
985000 398.666 -15588.5 13.9903
986000 400.435 -15546.1 9.71492
987000 401.274 -15506.5 -5.6308
988000 401.304 -15545 -0.506534
989000 399.451 -15497.8 9.6141
990000 401.394 -15585.5 1.96958
991000 397.447 -15585 -1.68096
992000 400.717 -15543.9 -3.98932
993000 399.25 -15578 12.5432
994000 400.298 -15598.2 -12.9778
995000 398.615 -15622.9 3.44395
996000 399.979 -15578.5 -2.57156
997000 398.771 -15628.6 0.944629
998000 398.19 -15670.8 12.4387
999000 399.865 -15535.3 -10.816
1000000 398.8 -15590.3 4.79355
