# Time-averaged data for fix 3
# TimeStep v_Temperature v_PotentialEnergy v_Pressure
2000 400.077 -14525.5 -2.54051
3000 400.807 -14542.5 -4.96461
4000 399.801 -14549.4 8.45443
5000 400.012 -14577 5.93213
6000 398.366 -14541.7 7.99874
7000 400.538 -14537.7 -12.1515
8000 400.722 -14501.6 2.08926
9000 403.182 -14514 1.37894
10000 399.808 -14477.6 1.32875
11000 396.947 -14629.5 1.2772
12000 401.209 -14484.7 -0.372545
13000 401.949 -14449.8 -2.86577
14000 400.369 -14508.3 7.55033
15000 399.713 -14507.5 -0.790599
16000 400.188 -14498.6 0.42271
17000 399.864 -14557.4 15.2462
18000 401.961 -14478.9 -8.74532
19000 399.803 -14495.5 8.6094
20000 400.118 -14479.9 11.6533
21000 401.17 -14492 -9.49223
22000 400.536 -14506.6 12.8527
23000 400.031 -14451.4 -9.86449
24000 403.41 -14470.1 7.2264
25000 400.696 -14525.2 -8.34977
26000 401.145 -14512.1 15.3217
27000 400.744 -14452 -2.57324
28000 400.522 -14572.2 -1.2433
29000 399.513 -14550.4 -1.19684
30000 399.49 -14527.6 7.22645
31000 401.261 -14498.4 0.617339
32000 399.658 -14602.8 -8.05603
33000 399.952 -14508 -0.566838
34000 401.293 -14442.1 7.56548
35000 399.811 -14530.4 -7.95027
36000 399.769 -14481.4 5.45579
37000 400.345 -14536.7 7.26568
38000 398.722 -14510.7 -15.0474
39000 399.611 -14559.4 5.65572
40000 400.476 -14527.4 1.8737
41000 399.724 -14549 4.99795
42000 401.517 -14514.5 3.93166
43000 397.972 -14514.3 7.73495
44000 400.724 -14515.7 -3.90317
45000 400.764 -14510.5 0.383839
46000 399.464 -14468.4 -1.9473
47000 400.779 -14513.3 3.31785
48000 398.225 -14519.6 6.50998
49000 399.964 -14523.2 1.94174
50000 399.867 -14503.5 3.89784
51000 400.123 -14494.1 4.24724
52000 398.039 -14589.4 17.1259
53000 398.628 -14618.1 -6.68798
54000 399.169 -14536.7 15.3515
55000 400.508 -14467.5 -12.2905
56000 399.128 -14510.7 13.7767
57000 397.177 -14554.3 6.3633
58000 401.888 -14454.9 7.11426
59000 400.7 -14546.9 0.446511
60000 398.031 -14589.6 -4.87035
61000 399.958 -14563.7 8.37938
62000 399.27 -14495.2 14.7814
63000 401.391 -14474.9 -16.5078
64000 400.49 -14501.6 17.3416
65000 400.43 -14554.1 -11.3823
66000 399.906 -14510.3 -1.24897
67000 400.653 -14538.5 -0.758314
68000 400.039 -14527.4 0.850322
69000 398.966 -14548 8.73405
70000 400.084 -14530.4 -1.42809
71000 400.966 -14452.5 -20.964
72000 397.693 -14528 20.9505
73000 400.014 -14540.7 -1.79783
74000 397.404 -14552.3 2.10331
75000 401.345 -14536.6 20.1591
76000 401.358 -14514.9 -16.9297
77000 401.211 -14456.1 9.04709
78000 398.562 -14535.6 6.91637
79000 401.934 -14487.1 11.4357
80000 399.93 -14541.3 4.45298
81000 399.271 -14534.9 -0.662497
82000 397.871 -14548.2 0.673765
83000 399.793 -14498.8 0.900376
84000 400.447 -14522.7 -6.42542
85000 399.81 -14507.4 5.73474
86000 401.969 -14472.5 -11.6038
87000 399.158 -14537.4 -3.44467
88000 403.354 -14437.1 4.11856
89000 400.121 -14504.1 6.09368
90000 397.723 -14524.1 -6.81323
91000 399.501 -14510.6 -0.411016
92000 398.223 -14579.9 -2.39833
93000 400.114 -14529.4 3.05537
94000 401.171 -14458.5 -0.494525
95000 398.766 -14465.5 15.9157
96000 400.31 -14502.1 -7.51572
97000 399.449 -14453.1 18.5819
98000 399.521 -14497 -4.11153
99000 401.095 -14527.1 -6.54846
100000 400.326 -14444.4 13.9793
101000 399.493 -14528 -2.36912
102000 401.949 -14510 -0.312867
103000 399.569 -14490.3 1.51108
104000 402.212 -14468.1 -5.78801
105000 401.436 -14435.4 -0.876425
106000 399.599 -14519.6 -4.35513
107000 399.169 -14524.8 -0.571386
108000 399.895 -14492.8 -1.55437
109000 399.824 -14534.9 -3.84023
110000 398.952 -14520.9 -2.13525
111000 398.922 -14526.5 -12.9589
112000 399.023 -14560.9 7.30288
113000 399.036 -14594.7 -6.5023
114000 401.73 -14512 0.0391248
115000 399.12 -14509.6 9.42209
116000 401.501 -14509.1 -9.7305
117000 398.237 -14576 9.28903
118000 401.941 -14536.5 -21.0621
119000 399.155 -14501.6 -1.45675
120000 399.311 -14519.5 -9.83974
121000 398.393 -14632 7.60282
122000 401.665 -14535.5 4.95628
123000 396.485 -14494.4 11.2896
124000 402.257 -14452.8 -7.75567
125000 400.526 -14518.3 8.15374
126000 398.735 -14512.3 -11.2405
127000 401.033 -14428.1 14.8784
128000 400.877 -14464.8 -7.14415
129000 399.088 -14493.8 -10.4144
130000 399.698 -14461.9 14.4608
131000 401.135 -14508.2 -12.0166
132000 399.356 -14534.2 10.8758
133000 399 -14571.4 6.70112
134000 401.043 -14539.2 -14.4773
135000 399.878 -14543.2 3.05398
136000 400.065 -14530.2 8.08626
137000 398.81 -14629.4 -8.51661
138000 398.924 -14575.9 -7.37207
139000 400.975 -14456.3 7.44946
140000 398.42 -14514.3 1.90545
141000 402.152 -14502.4 -11.9318
142000 399.378 -14462.5 11.2425
143000 401.633 -14404.3 2.63468
144000 400.207 -14454.7 4.5789
145000 399.97 -14490.2 1.85392
146000 399.57 -14477.9 5.8631
147000 399.476 -14504.4 -16.5312
148000 399.588 -14520.2 20.9572
149000 402.445 -14499.6 -3.36246
150000 398.423 -14556 8.61115
151000 400.088 -14529.8 -14.6171
152000 401.238 -14464.8 -6.66375
153000 400.758 -14451.9 8.40888
154000 399.945 -14529.9 12.4377
155000 402.059 -14437.7 5.03511
156000 400.322 -14450 5.11799
157000 400.02 -14513.8 -10.5372
158000 400.394 -14542.9 -8.18094
159000 399.807 -14479.3 24.4356
160000 402.554 -14470.8 4.45474
161000 401.085 -14452 -0.221147
162000 399.982 -14468.7 5.82471
163000 398.947 -14527.1 4.9481
164000 398.984 -14597.4 4.91407
165000 398.805 -14547.2 -4.06141
166000 399.326 -14513.7 7.47918
167000 402.259 -14450.6 -6.36393
168000 399.859 -14494.7 0.0309916
169000 398.946 -14522.4 6.59076
170000 400.388 -14495.4 -0.477548
171000 400.938 -14485.2 -0.443933
172000 399.246 -14528 -7.96628
173000 400.741 -14494.1 14.6387
174000 398.542 -14589.4 -9.67089
175000 402.306 -14501.2 2.16486
176000 397.661 -14531.4 1.82407
177000 399.434 -14491.8 -4.12503
178000 398.607 -14550.9 -0.69711
179000 399.377 -14549 8.75817
180000 398.452 -14632.4 18.1244
181000 399.13 -14544.9 3.72033
182000 400.608 -14489.1 10.9817
183000 398.817 -14497.7 2.16372
184000 400.96 -14426.3 1.59665
185000 398.613 -14583.2 13.2096
186000 400.907 -14548.7 -22.8686
187000 399.376 -14582.3 14.9666
188000 401.168 -14525.4 -4.33755
189000 401.1 -14493.7 6.23912
190000 399.134 -14508.7 -0.536594
191000 397.596 -14514 17.2569
192000 399.322 -14574.5 6.01968
193000 399.837 -14520.3 6.28315
194000 400.023 -14531.5 -4.39082
195000 399.034 -14545.2 -0.787444
196000 400.398 -14465.6 7.89151
197000 399.87 -14543.1 1.25153
198000 399.403 -14512.3 8.10527
199000 399.16 -14526.7 -12.714
200000 399.319 -14514.8 -4.5263
201000 400.078 -14541.6 2.89384
202000 400.655 -14445.3 -10.017
203000 399.44 -14536.4 9.87884
204000 400.759 -14524 -0.275894
205000 402.423 -14419.3 -5.35933
206000 398.866 -14568.9 4.60998
207000 398.495 -14511.8 -1.76975
208000 400.056 -14537.8 1.85205
209000 398.437 -14575.3 18.5596
210000 401.42 -14565.3 -9.50449
211000 400 -14581.1 -11.9494
212000 398.763 -14590.3 11.0081
213000 397.474 -14610.6 -6.15006
214000 398.793 -14579.8 15.3706
215000 398.796 -14543.5 0.848464
216000 396.581 -14677.8 -0.274615
217000 400.161 -14491.4 4.12389
218000 401.296 -14452.8 13.5052
219000 397.316 -14509 3.25456
220000 400.545 -14547.7 8.55595
221000 400.467 -14538 -13.6936
222000 399.658 -14517.3 7.17189
223000 401.448 -14518.5 -13.474
224000 398.793 -14541 -5.28625
225000 399.718 -14534.5 1.55301
226000 398.718 -14555.4 -0.763921
227000 398.068 -14596.3 -18.9045
228000 400.249 -14528.3 14.2369
229000 398.724 -14608 8.71055
230000 396.414 -14580.4 5.357
231000 398.891 -14444.2 14.5769
232000 401.151 -14443.1 -17.4232
233000 400.353 -14493.2 17.6837
234000 401.136 -14542.3 -6.25404
235000 398.886 -14550.9 6.68441
236000 401.024 -14529.5 3.29449
237000 399.855 -14497 -3.19074
238000 400.356 -14499.5 17.8478
239000 399.659 -14476 12.1501
240000 397.519 -14542.3 4.02501
241000 401.227 -14527.1 -8.05367
242000 400.063 -14475.6 14.3668
243000 398.843 -14501.2 -9.31188
244000 401.941 -14527 0.410431
245000 399.07 -14482.4 -0.937431
246000 398.675 -14577.4 4.00012
247000 400.255 -14527.7 -3.8355
248000 399.311 -14545.4 -2.10149
249000 401.483 -14481.3 10.6145
250000 399.614 -14504.9 10.715
251000 398.515 -14532.6 -5.77642
252000 401.029 -14465.6 0.556128
253000 401.86 -14538.1 -4.88763
254000 400.02 -14525.4 12.4845
255000 398.222 -14572.9 6.18815
256000 398.944 -14502 -6.14075
257000 397.572 -14564.4 10.38
258000 399.111 -14507.8 4.30266
259000 398.576 -14521.5 -0.0253671
260000 400.7 -14531.1 0.0408316
261000 398.546 -14542.7 2.17237
262000 398.782 -14533 0.103379
263000 400.366 -14527 1.24972
264000 398.747 -14533.4 6.93598
265000 398.256 -14527.8 -6.03553
266000 398.958 -14556.9 4.53627
267000 400.585 -14422.1 -9.1581
268000 401.589 -14476.8 -12.1648
269000 400.301 -14556.7 -18.0457
270000 399.325 -14569.3 -16.3921
271000 398.36 -14522.1 16.3194
272000 399.568 -14490.5 4.09422
273000 401.927 -14502.8 6.01924
274000 401.419 -14469.3 -3.26267
275000 398.706 -14502.5 8.56079
276000 398.057 -14577.6 -6.83729
277000 400.305 -14497.4 6.44135
278000 401.414 -14540.1 3.52971
279000 400.167 -14536.9 -7.47065
280000 398.823 -14492.9 -2.82956
281000 402.003 -14479.2 -2.43573
282000 399.998 -14497.7 9.5419
283000 398.648 -14574.3 6.49739
284000 400.376 -14553.6 6.2565
285000 398.683 -14559.8 1.74177
286000 399.56 -14520.8 -6.43626
287000 398.334 -14567.7 -3.31166
288000 402.615 -14411.4 -7.85051
289000 401.266 -14437.6 2.19978
290000 400.614 -14501.8 20.7375
291000 398.634 -14524.6 11.4842
292000 396.185 -14588.8 -5.05142
293000 398.713 -14545.2 0.63502
294000 398.811 -14515.7 2.22072
295000 400.955 -14410.4 -1.10542
296000 399.858 -14519.2 -4.53237
297000 399.815 -14544.4 3.79721
298000 401.163 -14527.6 6.39066
299000 403.049 -14517.5 14.3224
300000 400.951 -14504.3 -8.19976
301000 398.728 -14493.7 20.4218
302000 398.967 -14530.5 15.5133
303000 400.564 -14456.5 5.21586
304000 400.098 -14533.4 -8.07556
305000 398.421 -14518 18.6533
306000 401.666 -14487.4 2.27773
307000 400.681 -14540.6 -4.10581
308000 398.377 -14585.1 0.113953
309000 398.844 -14584.9 -2.64918
310000 401.043 -14546.1 -5.53574
311000 401.524 -14467.3 -15.1517
312000 400.584 -14480.8 9.37956
313000 399.572 -14498.6 8.32797
314000 400.335 -14550.5 7.06468
315000 399.378 -14544.4 -1.92883
316000 397.327 -14621.4 -2.86339
317000 400.655 -14522 6.45439
318000 399.767 -14536.3 2.25338
319000 401.549 -14456.7 10.3063
320000 401.348 -14421.6 -14.0404
321000 399.244 -14538.7 0.713665
322000 397.414 -14538.9 8.49954
323000 398.69 -14557.2 5.39212
324000 399.006 -14477.1 -13.1611
325000 403.467 -14458.2 -11.2414
326000 400.687 -14456.4 -5.14463
327000 395.828 -14601.2 18.206
328000 403.165 -14463 3.64809
329000 400.69 -14473.3 -12.2552
330000 400.387 -14502.2 13.2444
331000 400.822 -14503.6 8.71532
332000 398.744 -14551.2 -1.7927
333000 399.125 -14638 10.3976
334000 400.148 -14550.6 -13.7316
335000 401.022 -14485.4 -2.77178
336000 398.132 -14599.2 12.9708
337000 398.545 -14554.6 -3.31036
338000 398.525 -14513.7 17.7759
339000 399.523 -14490.5 -1.71376
340000 397.804 -14547.3 -1.06837
341000 399.953 -14626.9 5.37985
342000 399.704 -14559.5 -9.99567
343000 399.081 -14501.5 13.5662
344000 398.894 -14531.3 -10.1489
345000 399.651 -14591.8 9.2634
346000 401.106 -14446 -4.3614
347000 401.223 -14507.9 -4.01444
348000 397.68 -14606.6 3.57117
349000 402.004 -14505.3 -2.47512
350000 399.723 -14546.6 2.57493
351000 400.684 -14536.9 -0.0533732
352000 401.651 -14513 -8.52938
353000 399.924 -14493.3 7.97117
354000 401.911 -14517.5 -5.2358
355000 402.041 -14471.6 9.40405
356000 398.928 -14573.4 8.93024
357000 399.017 -14551.9 11.9145
358000 398.159 -14474.7 5.85682
359000 397.545 -14517.3 2.15057
360000 400.88 -14500.7 15.5346
361000 399.338 -14511.5 8.26962
362000 400.653 -14503.4 -3.40821
363000 398.637 -14430.1 1.69704
364000 401.472 -14524.5 8.97915
365000 399.349 -14496 4.33538
366000 400.352 -14506.1 2.43307
367000 401.442 -14504.9 1.43813
368000 401.415 -14451 2.27259
369000 400.071 -14500 -2.28368
370000 397.429 -14552.7 2.56174
371000 400.254 -14492.5 19.3866
372000 402.53 -14447.5 -6.93186
373000 400.709 -14460.8 -5.02021
374000 399.976 -14510.2 7.42642
375000 398.322 -14561.5 8.97745
376000 399.936 -14525 -2.66361
377000 399.736 -14548 -9.30228
378000 402.875 -14439.2 20.8365
379000 398.569 -14501 -6.92713
380000 399.513 -14490.6 -3.28896
381000 400.776 -14541.5 2.3441
382000 397.763 -14545.5 9.38336
383000 401.213 -14426.7 8.82023
384000 400.146 -14494.3 -0.712928
385000 400.554 -14508.7 -9.47073
386000 400.543 -14524.6 7.53291
387000 399.878 -14557.7 4.41175
388000 399.25 -14545 1.23883
389000 400.872 -14506.9 5.07557
390000 401.604 -14471.8 -5.04574
391000 400.632 -14501.5 10.2808
392000 397.862 -14555.4 18.0327
393000 401.426 -14476.5 -18.2161
394000 397.884 -14531.9 6.91036
395000 399.896 -14492.6 -2.43608
396000 397.736 -14570.6 7.17257
397000 399.432 -14496.1 28.9631
398000 399.047 -14557.3 -12.7201
399000 398.977 -14515.8 20.8725
400000 398.372 -14610 -3.84034
401000 402.331 -14466.5 4.5648
402000 400.024 -14515.4 4.99737
403000 399.962 -14523.8 -15.6649
404000 401.475 -14497.7 11.2076
405000 398.571 -14527.1 -4.91782
406000 398.77 -14614.8 10.2178
407000 399.694 -14478.1 -5.16083
408000 402.707 -14482.4 -3.10476
409000 398.713 -14542.3 7.59287
410000 398.79 -14567.2 1.0089
411000 400.668 -14449.3 0.311834
412000 400.553 -14489.2 10.3393
413000 402.324 -14493.1 -18.8493
414000 401.074 -14510.3 -14.7711
415000 398.528 -14545.3 8.98195
416000 400.821 -14495.1 10.3276
417000 400.055 -14517.5 -3.30092
418000 402.497 -14444.5 4.85886
419000 399.553 -14501.9 5.36278
420000 398.029 -14492.1 10.8672
421000 399.093 -14483.5 -7.92603
422000 400.345 -14520.1 7.78739
423000 397.294 -14577.8 10.148
424000 398.913 -14546.7 -15.9128
425000 400.682 -14510.8 8.29654
426000 401.281 -14476 3.94965
427000 399.401 -14517.3 7.34563
428000 400.104 -14509.1 -4.22674
429000 401.449 -14490.5 -16.634
430000 403.044 -14461.3 -3.80953
431000 399.228 -14557.1 -9.69801
432000 397.579 -14556.4 6.83803
433000 400.142 -14512.4 -8.99225
434000 403.006 -14426.8 -1.99504
435000 400.929 -14515.6 -2.22054
436000 398.447 -14501.7 2.32857
437000 400.28 -14602.6 8.18817
438000 397.748 -14518.1 3.78604
439000 400.62 -14499 13.1753
440000 397.916 -14532.3 -1.52511
441000 400.833 -14471 9.06158
442000 400.589 -14455.1 -1.26872
443000 400.265 -14509.8 -5.37976
444000 399.95 -14470.7 18.5994
445000 401.728 -14476.5 -2.59004
446000 399.63 -14493.4 11.7709
447000 399.607 -14513.3 -12.1226
448000 401.277 -14479.6 13.8781
449000 399.549 -14537 0.0954055
450000 398.789 -14506.7 -1.70469
451000 402.539 -14529.7 2.02239
452000 400.559 -14601.9 -14.2376
453000 401.301 -14511.1 -13.2844
454000 401.317 -14436.6 3.83376
455000 401.429 -14476.2 1.67426
456000 400.871 -14487 -8.89279
457000 398.249 -14497.5 9.32311
458000 398.898 -14515.4 -10.0518
459000 402.086 -14454.5 -15.0139
460000 401.062 -14509.1 -4.638
461000 399.919 -14561.6 12.9674
462000 399.379 -14478.9 -3.77451
463000 401.633 -14487.7 11.0352
464000 398.342 -14549.2 -4.27473
465000 398.831 -14560.5 7.65822
466000 399.073 -14533.8 -2.05579
467000 399.657 -14459.5 -4.94019
468000 399.713 -14546.4 15.3829
469000 400.804 -14570.4 -6.14722
470000 397.085 -14569.4 9.18337
471000 397.948 -14507.2 2.05015
472000 399.609 -14463.3 -12.1381
473000 401.376 -14507.9 -3.36585
474000 402.918 -14468.4 -1.7633
475000 400.655 -14469.7 -5.23641
476000 397.337 -14610.2 -5.17805
477000 398.044 -14605.9 2.15207
478000 400.874 -14500.6 -9.29441
479000 401.491 -14480.3 9.98818
480000 401.905 -14514.6 -2.62132
481000 400.218 -14517.8 -7.99384
482000 398.344 -14613 0.0211672
483000 400.822 -14526.3 -8.62238
484000 399.582 -14549.2 1.4435
485000 399.615 -14550.8 -13.584
486000 401.717 -14494.8 5.08023
487000 397.547 -14617.5 5.08496
488000 398.756 -14548.6 -0.569628
489000 401.926 -14484.7 -11.9318
490000 401.619 -14483.7 2.32859
491000 403.055 -14469.8 -14.256
492000 402.927 -14417.5 -6.46463
493000 400.333 -14474.6 -7.06627
494000 398.468 -14584.4 4.32997
495000 401.385 -14507.6 -7.6712
496000 399.941 -14540.4 -1.69769
497000 400.463 -14552.5 -3.83045
498000 399.053 -14519.6 1.16438
499000 399.876 -14474.5 -3.19185
500000 398.475 -14512.3 8.76658
501000 400.493 -14434.4 -3.64904
502000 401.867 -14469.9 8.72976
503000 399.369 -14466 5.2592
504000 400.866 -14554.6 -6.75114
505000 400.976 -14507.3 -5.73273
506000 401.098 -14481.5 -11.4226
507000 400.101 -14516.1 10.6063
508000 400.93 -14511.8 -8.20666
509000 401.264 -14539.6 -3.46785
510000 400.728 -14487.8 0.0928371
511000 400.959 -14469.2 10.2481
512000 400.002 -14527.5 7.87949
513000 401.187 -14498.2 -1.51253
514000 401.542 -14476.2 7.84739
515000 399.268 -14532.4 -7.36937
516000 400.244 -14521.8 4.57419
517000 400.532 -14472.9 10.8606
518000 400.924 -14429.9 12.4139
519000 401.754 -14516.5 -8
520000 399.593 -14554.2 13.7251
521000 398.58 -14482 -8.14185
522000 401.504 -14423.8 3.20765
523000 400.369 -14535.1 9.31889
524000 399.121 -14567.9 2.93926
525000 397.939 -14564.7 -0.636146
526000 397.573 -14620.2 2.88126
527000 401.026 -14481.1 -0.505857
528000 400.631 -14537.8 6.85768
529000 399.546 -14499.1 1.40664
530000 400.371 -14482.3 2.01637
531000 397.948 -14549 -3.05545
532000 399.567 -14513.4 6.3934
533000 401.916 -14434.4 -5.63972
534000 400.477 -14460 16.5683
535000 401.276 -14569.2 1.37985
536000 399.408 -14533.3 -6.88356
537000 398.217 -14548.4 -4.54403
538000 401.91 -14425.5 2.00722
539000 401.408 -14497.8 4.73753
540000 398.618 -14594.7 -19.711
541000 398.959 -14479.3 16.7323
542000 402.608 -14449.7 -3.1165
543000 399.963 -14505.8 4.11451
544000 399.594 -14541.9 -9.5298
545000 399.075 -14573.2 -5.76867
546000 399.676 -14497.2 18.6533
547000 400.018 -14521.8 -3.34746
548000 399.691 -14514.6 5.95424
549000 399.89 -14537.4 14.0181
550000 401.514 -14504.2 0.249958
551000 399.426 -14575.3 -5.59518
552000 399.094 -14562.4 7.77088
553000 402.335 -14497.8 -7.63206
554000 399.35 -14478 -2.6712
555000 400.444 -14516.8 -10.5905
556000 400.747 -14531.9 15.0554
557000 397.99 -14629.7 4.17848
558000 400.627 -14540.8 11.3809
559000 401.264 -14503.4 -11.9272
560000 398.219 -14546.6 -0.744604
561000 401.386 -14541.2 13.4379
562000 399.763 -14512.7 6.15677
563000 398.352 -14534.8 0.207519
564000 401.364 -14514.6 -4.87183
565000 398.474 -14552.7 -5.58126
566000 402.292 -14495.5 16.2143
567000 400.593 -14548.8 -8.24119
568000 399.264 -14517.8 8.05496
569000 400.876 -14444 -3.34362
570000 399.561 -14489.6 8.88622
571000 400.097 -14512.3 -1.75482
572000 400.228 -14531 -3.42734
573000 399.209 -14463.2 17.9707
574000 401.101 -14521 -3.97438
575000 400.717 -14521.5 5.24895
576000 403.105 -14397 8.49041
577000 398.371 -14505.9 -6.43307
578000 398.353 -14534 14.9576
579000 400.682 -14558.5 -11.0453
580000 398.861 -14536.7 2.07958
581000 397.314 -14542.5 -12.269
582000 400.173 -14526.7 -16.9641
583000 398.009 -14576.9 -0.886716
584000 401.277 -14554.4 3.17209
585000 399.152 -14548.6 -4.15827
586000 402.129 -14464.1 -3.42446
587000 400.413 -14455.6 9.7616
588000 399.094 -14579.1 -1.52604
589000 401.809 -14473.1 -14.1138
590000 400.689 -14448.1 8.03505
591000 401.325 -14465.3 -9.01505
592000 399.886 -14529.9 -0.55984
593000 399.773 -14486.8 -3.57074
594000 399.997 -14526.7 0.708214
595000 401.277 -14528.5 15.4771
596000 400.018 -14437.8 5.0383
597000 398.739 -14537 -2.50832
598000 401.527 -14495.2 -4.45435
599000 398.753 -14529.5 -0.586924
600000 400.961 -14468.3 5.8664
601000 400.36 -14519.4 10.9069
602000 400.537 -14489 6.72448
603000 399.726 -14557.3 -1.77264
604000 401.398 -14477.1 7.46324
605000 400.165 -14568.7 -1.73055
606000 402.823 -14475.3 1.66414
607000 402.301 -14453 -19.0103
608000 397.457 -14489.7 13.2116
609000 399.039 -14540.9 7.78476
610000 398.274 -14613.1 0.991111
611000 399.532 -14547.2 10.3131
612000 401.097 -14448.8 -1.37825
613000 401.481 -14501.3 -6.76173
614000 399.593 -14513.6 -9.3129
615000 400.991 -14513.8 -1.04514
616000 398.981 -14561.5 -7.14858
617000 400.541 -14528.4 2.22429
618000 399.604 -14476.4 8.4065
619000 401.053 -14462.3 2.5426
620000 399.313 -14531.5 -5.55032
621000 399.294 -14532.4 -4.11237
622000 400.822 -14484.4 12.0246
623000 398.259 -14549.4 2.82799
624000 399.855 -14519.2 10.163
625000 398.926 -14527.6 -0.145263
626000 399.561 -14486.3 -5.45352
627000 399.476 -14577.5 12.0018
628000 399.528 -14559.4 -14.5748
629000 400.374 -14531.3 13.3234
630000 399.826 -14511 1.81548
631000 400.455 -14508.3 10.8852
632000 401.063 -14503.5 -9.88285
633000 398.996 -14531.7 10.0891
634000 399.9 -14565.6 -1.24849
635000 397.769 -14563.1 5.53352
636000 400.133 -14526.3 -18.7771
637000 401.82 -14543.6 8.78043
638000 399.573 -14555 1.19515
639000 400.087 -14587.3 -1.18919
640000 398.811 -14576.5 -2.3194
641000 401.772 -14499.9 -1.48401
642000 398.666 -14607.5 5.05561
643000 402.079 -14370.6 -3.25714
644000 398.881 -14520.9 4.75742
645000 401.136 -14457.5 -2.41515
646000 397.403 -14544 1.99951
647000 402.885 -14491.4 -8.95358
648000 400.795 -14477.5 -5.54394
649000 400.122 -14506.9 -1.04713
650000 399.045 -14549.3 -2.75852
651000 400.279 -14553.3 -6.29123
652000 402.099 -14495.8 16.5746
653000 398.47 -14542.4 -5.92541
654000 396.778 -14585.8 5.63852
655000 398.076 -14572.1 3.07667
656000 399.227 -14522.3 4.36816
657000 397.645 -14513.8 7.91174
658000 399.371 -14577.6 5.2344
659000 401.452 -14505.4 -4.1476
660000 399.808 -14501.3 -12.5073
661000 399.358 -14558.9 24.2596
662000 398.386 -14594.2 -6.66609
663000 400.71 -14500.4 10.7566
664000 398.923 -14565.9 0.595933
665000 403.302 -14514.6 -9.10945
666000 401.098 -14496.4 20.028
667000 400.996 -14523.7 -1.21652
668000 400.74 -14435.4 -0.530939
669000 401.336 -14465.8 3.45742
670000 401.413 -14488.2 3.02956
671000 397.582 -14512.1 15.2769
672000 399.872 -14489.1 9.13522
673000 400.642 -14501.1 -0.289093
674000 401.283 -14490.6 3.82807
675000 399.532 -14491.2 6.37643
676000 398.56 -14609.7 5.75871
677000 400.164 -14546 -8.78684
678000 401.265 -14515.1 1.72237
679000 400.036 -14556.8 -0.888803
680000 400.196 -14544.2 -3.81487
681000 401.012 -14543.5 -3.80806
682000 400.392 -14543 5.79702
683000 399.776 -14490.1 -3.10927
684000 402.068 -14572.4 -4.93575
685000 400.583 -14557.2 -5.08558
686000 399.991 -14529.6 1.29495
687000 399.843 -14522.2 5.43634
688000 399.745 -14481 3.28826
689000 401.626 -14507.6 -6.20964
690000 400.699 -14425.4 2.06563
691000 401.028 -14402.1 -11.1846
692000 399.948 -14522.3 -7.33451
693000 400.417 -14481.9 6.37033
694000 398.609 -14547.5 17.0151
695000 399.761 -14501.3 12.3688
696000 399.18 -14537.8 -2.92796
697000 400.978 -14529.6 2.88267
698000 397.174 -14574.6 5.96946
699000 399.001 -14618 4.87883
700000 398.848 -14571.3 0.825722
701000 399.836 -14545.3 4.19664
702000 398.699 -14533.5 -1.01926
703000 399.689 -14582.5 4.34241
704000 399.498 -14557.3 -7.34378
705000 396.697 -14589.7 6.49332
706000 399.297 -14507.5 -2.79327
707000 402.515 -14538.6 -3.49429
708000 399.923 -14496 9.95423
709000 400.945 -14546.2 -16.6547
710000 399.14 -14527.6 13.5891
711000 400.495 -14520.6 0.987978
712000 400.398 -14507.7 1.23516
713000 399.088 -14536.8 3.26125
714000 399.854 -14558 8.48033
715000 398.84 -14488.9 -2.77124
716000 400.65 -14458.1 9.8615
717000 400.823 -14483.1 1.36919
718000 401.111 -14502 -4.99929
719000 402.122 -14548.6 -4.21386
720000 400.493 -14453.2 -2.45263
721000 399.613 -14525.6 8.19915
722000 400.023 -14489.8 17.587
723000 401.497 -14490.1 -6.2815
724000 399.518 -14534.6 9.11243
725000 399.576 -14514.8 -17.2304
726000 400.442 -14498.5 9.70783
727000 401.083 -14466.1 -7.7901
728000 399.821 -14469.3 2.89764
729000 398.584 -14545.8 -3.02421
730000 400.473 -14547.3 8.20089
731000 400.172 -14466.5 -1.93454
732000 400.545 -14531.2 -12.1154
733000 400.411 -14544.6 -11.8161
734000 399.002 -14576.2 11.3323
735000 400.6 -14486.6 10.0593
736000 400.691 -14506.3 1.71553
737000 398.416 -14551.4 3.22781
738000 399.695 -14548 2.47489
739000 399.921 -14515.8 -1.79927
740000 399.563 -14534.1 1.30309
741000 399.746 -14485.9 18.0012
742000 401.729 -14447.7 -7.01637
743000 400.754 -14474.1 8.49848
744000 401.128 -14498.8 -4.62534
745000 401.193 -14499.8 3.76996
746000 401.802 -14523.3 -6.29357
747000 399.392 -14548.5 5.49386
748000 397.862 -14589.3 3.95253
749000 399.68 -14533.2 -1.19509
750000 399.474 -14492.1 4.15095
751000 401.582 -14501.2 6.0259
752000 401.032 -14494.5 5.86272
753000 399.083 -14529.4 -4.27281
754000 400.486 -14520.4 -4.7488
755000 399.783 -14529.4 7.32776
756000 398.752 -14571.1 5.48493
757000 401.758 -14536.5 -5.5237
758000 400.709 -14584.6 -4.30606
759000 399.676 -14538.1 8.8667
760000 400.682 -14449.4 5.74987
761000 400.973 -14491.8 6.70564
762000 400.024 -14526.8 -9.12683
763000 400.659 -14490.9 16.5852
764000 400.987 -14557.5 -13.0871
765000 400.263 -14541.8 6.01461
766000 400.957 -14547.6 6.36659
767000 399.68 -14479.1 13.9595
768000 400.043 -14481.8 1.42945
769000 401.741 -14461.9 0.197287
770000 398.099 -14547.1 11.3198
771000 398.606 -14555.2 4.23159
772000 401.567 -14471.5 0.231962
773000 400.351 -14518.9 -18.2699
774000 397.654 -14535.3 -1.46044
775000 399.582 -14543.4 16.8003
776000 400.656 -14502.2 11.912
777000 403.538 -14446.6 -3.41453
778000 400.121 -14516.4 1.2509
779000 399.081 -14498.8 -1.62782
780000 401.004 -14469.5 9.01786
781000 399.599 -14555.4 8.08909
782000 398.234 -14555.2 -6.01858
783000 396.786 -14560.1 -0.36456
784000 400.448 -14501.7 8.20859
785000 398.564 -14500.6 -4.17124
786000 399.745 -14582.1 -13.5154
787000 399.687 -14500 6.63068
788000 400.564 -14533.2 -7.0201
789000 398.343 -14542 4.73114
790000 396.844 -14581 4.02288
791000 400.807 -14522.4 -3.9235
792000 400.851 -14451.3 2.36117
793000 400.197 -14455 -6.73876
794000 401.665 -14523.4 15.8722
795000 398.923 -14562.1 2.79846
796000 400.122 -14481 -6.39551
797000 400.942 -14471.1 8.61505
798000 399.957 -14510.1 15.6971
799000 398.121 -14571.1 -10.3217
800000 398.37 -14488.4 19.3877
801000 399.554 -14501.9 -7.66139
802000 399.077 -14496.7 11.589
803000 400.242 -14483.7 -13.1879
804000 397.489 -14622.9 13.6672
805000 400.228 -14469.1 0.834537
806000 399.828 -14574.5 15.2549
807000 400.51 -14517.2 4.56661
808000 399.058 -14567.4 3.08377
809000 398.521 -14596.4 8.79798
810000 400.135 -14577.9 7.70745
811000 400.137 -14512.5 -6.25191
812000 397.402 -14550 11.3075
813000 401.441 -14490 -11.7279
814000 399.005 -14530.5 14.7623
815000 401.588 -14488.8 -5.70542
816000 398.486 -14553.4 -14.5329
817000 398.97 -14536.2 2.74648
818000 400.099 -14557.8 14.1243
819000 399.535 -14512.5 -8.7559
820000 399.288 -14539.8 1.19331
821000 400.012 -14504.6 1.68048
822000 398.231 -14570.4 5.81484
823000 398.915 -14488.6 0.528007
824000 400.565 -14437.5 -16.399
825000 400.4 -14535.8 21.3227
826000 397.88 -14471.1 -16.3006
827000 401.739 -14484 -0.727742
828000 400.462 -14535.5 2.60446
829000 397.075 -14536 -5.04738
830000 400.598 -14477.1 14.3851
831000 401.465 -14524.7 -0.654035
832000 399.786 -14576.1 -1.59788
833000 400.832 -14448.8 -5.21613
834000 400.003 -14495.7 5.3435
835000 397.815 -14512.6 8.57054
836000 397.89 -14555.7 -0.273478
837000 401.874 -14507.1 9.33987
838000 401.383 -14473.7 -3.53112
839000 402.301 -14498.8 1.38289
840000 400.791 -14504.5 -12.6985
841000 400.621 -14495.2 -9.40936
842000 399.474 -14556.3 -1.15458
843000 399.667 -14544.1 11.8324
844000 397.724 -14570.1 6.46045
845000 401.351 -14526.1 -1.55154
846000 400.163 -14558.4 -0.929515
847000 398.496 -14590.2 13.4584
848000 398.299 -14534.3 -4.84745
849000 397.773 -14543.1 3.15258
850000 401.079 -14419.6 12.174
851000 400.272 -14460.9 1.50266
852000 399.83 -14528.6 5.37927
853000 401.384 -14477.3 -6.02422
854000 399.642 -14596.3 -3.37393
855000 400.149 -14546.1 1.02687
856000 396.702 -14569.4 -0.234397
857000 397.309 -14585.8 9.42679
858000 396.277 -14571.9 12.3223
859000 399.979 -14491.2 10.499
860000 399.558 -14456 2.1923
861000 399.538 -14515.6 3.1349
862000 399.128 -14479.2 5.34158
863000 400.946 -14504.5 0.961433
864000 400.975 -14486.9 -7.20321
865000 400.845 -14453.7 3.79504
866000 400.061 -14516.8 -1.04891
867000 400.526 -14521 -8.8873
868000 401.012 -14525.4 14.9108
869000 399.217 -14478 -10.6805
870000 401.223 -14476.7 9.51956
871000 400.074 -14542.4 -11.7673
872000 400.537 -14529.2 7.20492
873000 399.133 -14575.4 -6.79208
874000 399.97 -14572.5 2.41126
875000 401.082 -14516.5 -7.11713
876000 399.697 -14579.2 6.86177
877000 399.3 -14556.5 0.724304
878000 400.943 -14457.8 -17.2895
879000 399.502 -14482.4 15.19
880000 399.53 -14521.3 -8.60686
881000 399.985 -14475.5 -16.8311
882000 399.673 -14519 13.8127
883000 400.992 -14443.1 23.459
884000 397.085 -14526.5 5.10892
885000 396.919 -14577.8 16.0672
886000 402.457 -14492.5 2.17578
887000 401.873 -14560.5 -12.1574
888000 399.5 -14486.7 18.826
889000 398.361 -14516.5 19.1542
890000 402.357 -14524.6 -28.0819
891000 399.776 -14525.3 21.1292
892000 398.022 -14555.8 -9.08084
893000 402.471 -14466.9 -4.96144
894000 398.85 -14497.6 9.54351
895000 400.498 -14536.7 0.647273
896000 401.431 -14518.4 -26.9981
897000 398.654 -14571.2 15.8783
898000 403.04 -14537.7 -8.68307
899000 400.934 -14479.7 14.4661
900000 398.959 -14539.1 -0.0661848
901000 399.048 -14449 -4.99489
902000 401.154 -14489.2 -0.0832974
903000 398.347 -14482.4 15.1329
904000 399.884 -14531.5 -6.4329
905000 398.749 -14592.8 11.3608
906000 397.4 -14553.5 8.12842
907000 399.852 -14511.9 3.90412
908000 399.646 -14577.3 10.6903
909000 401.67 -14522.4 2.0097
910000 399.554 -14442.3 16.1397
911000 399.133 -14564.9 -4.20146
912000 402.162 -14472.4 -11.3289
913000 398.745 -14536.3 6.81727
914000 401.499 -14491.5 3.94756
915000 399.522 -14525.2 1.21819
916000 398.945 -14452.6 -6.79439
917000 399.528 -14454.3 -10.7819
918000 398.951 -14565.7 -19.606
919000 399.675 -14462.3 20.9362
920000 397.907 -14547.3 -7.12438
921000 401.126 -14536.5 2.58548
922000 400.906 -14525.2 5.18576
923000 398.172 -14570.7 0.68842
924000 401.434 -14541.9 -6.82883
925000 396.996 -14563.1 10.8531
926000 399.798 -14519.8 -5.4368
927000 399.718 -14527 -1.39322
928000 399.918 -14588.9 10.8591
929000 400.338 -14511.8 4.61715
930000 400.196 -14577.2 -8.62139
931000 400.411 -14585.3 -1.01998
932000 398.317 -14550.6 -8.0302
933000 399.761 -14472.4 -1.27849
934000 401.303 -14448.3 10.3904
935000 398.305 -14552.5 13.5467
936000 399.529 -14514.4 -15.308
937000 399.747 -14493.6 19.7753
938000 399.576 -14484.1 3.71961
939000 399.604 -14546.4 2.20433
940000 400.096 -14547.9 -12.2091
941000 400.015 -14584.4 24.1879
942000 398.006 -14509 9.2567
943000 401.478 -14488.8 -12.1921
944000 396.172 -14561.2 28.733
945000 399.107 -14553 -15.4424
946000 399.159 -14541.2 9.42337
947000 398.431 -14539.1 -5.32474
948000 397.698 -14577.3 15.3097
949000 399.274 -14581.4 -4.51963
950000 399.719 -14534.1 -13.6134
951000 398.727 -14541 -2.99558
952000 401.737 -14514.5 9.11368
953000 401.192 -14458.8 -12.3695
954000 399.411 -14531.5 0.541129
955000 399.403 -14563.9 2.76143
956000 399.314 -14542.3 2.00583
957000 400.022 -14514.4 2.36356
958000 401.371 -14498 13.0213
959000 399.822 -14536.9 -2.30758
960000 400.693 -14511.5 -8.91015
961000 401.459 -14467.1 2.1875
962000 400.393 -14557.9 7.43734
963000 401.25 -14485.6 -9.54486
964000 400.377 -14425.1 -1.29009
965000 401.507 -14551.4 -3.17079
966000 398.726 -14533.8 9.30585
967000 401.55 -14502.3 0.269128
968000 399.87 -14516.7 1.5324
969000 399.439 -14427.1 -2.05132
970000 400.96 -14501.6 -12.9511
971000 398.959 -14538.3 13.3158
972000 400.077 -14513.8 -7.232
973000 400.629 -14474.9 4.93695
974000 399.9 -14464.2 4.2823
975000 401.529 -14504.4 14.4729
976000 400.143 -14512.3 -14.0293
977000 399.857 -14464.8 -0.452303
978000 399.892 -14519.2 -0.175057
979000 400.767 -14435.8 -7.05717
980000 401.451 -14425.3 -9.22963
981000 399.016 -14521.3 1.69501
982000 400.402 -14606.5 8.24258
983000 400.705 -14602.4 -2.28014
984000 400.867 -14468.2 -1.11296
985000 398.339 -14531.2 8.02442
986000 401.039 -14440.6 10.607
987000 399.217 -14481.1 2.54613
988000 398.365 -14598.6 3.50489
989000 400.266 -14497.7 4.33617
990000 402.598 -14516.2 -24.283
991000 400.062 -14520.3 17.1699
992000 399.461 -14444.6 -6.70378
993000 398.827 -14553.3 5.77471
994000 397.209 -14531.2 -10.9103
995000 400.118 -14530.5 6.23897
996000 400.654 -14503.4 3.82664
997000 399.225 -14536.5 12.7837
998000 398.933 -14521.9 -1.28754
999000 398.615 -14535.1 3.08313
1000000 398.888 -14514.2 5.53177
1001000 399.395 -14508.7 0.136497
1002000 400.049 -14474.3 5.28631
1003000 401.226 -14417.7 2.90251
1004000 400.55 -14534.4 10.2929
1005000 400.272 -14488.8 -7.06295
1006000 400.803 -14525.7 -9.87221
1007000 399.915 -14479.5 5.02977
1008000 401.614 -14482.7 -15.8717
1009000 398.623 -14603.9 2.64075
1010000 399.988 -14594.9 -5.67551
1011000 402.352 -14450.2 3.29307
1012000 399.304 -14439.1 -3.02315
1013000 401.223 -14472 8.78496
1014000 398.102 -14525.8 -2.64974
1015000 401.199 -14515.3 -1.2234
1016000 401.219 -14499.5 -2.98771
1017000 401.858 -14496.9 -8.88613
1018000 399.751 -14485.5 -12.96
1019000 400.028 -14505.1 0.809075
1020000 400.086 -14506.1 6.95449
1021000 399.428 -14553.1 -5.2242
1022000 401.527 -14537.1 -5.14673
1023000 399.382 -14593 -4.69591
1024000 398.748 -14497.3 9.88462
1025000 398.653 -14524.9 0.933492
1026000 401.722 -14516.9 8.23545
1027000 399.952 -14527.8 -15.1137
1028000 397.937 -14522.6 6.70287
1029000 399.888 -14591.6 -0.823233
1030000 396.919 -14625 -9.17765
1031000 401.617 -14486 -7.61066
1032000 398.823 -14525.3 -0.730328
1033000 398.361 -14558.6 3.94248
1034000 402.533 -14487.2 -4.4991
1035000 398.899 -14523.9 19.3085
1036000 401.398 -14522.9 -4.48976
1037000 400.46 -14531.6 -8.73491
1038000 401.077 -14508.1 -8.9245
1039000 398.567 -14556.7 0.84789
1040000 400.051 -14581.7 4.65093
1041000 401.53 -14478 -7.72334
1042000 402.796 -14453.1 10.9513
1043000 401.432 -14476.7 8.16743
1044000 397.172 -14456.4 15.2341
1045000 400.309 -14441.9 10.0489
1046000 401.061 -14476.9 4.1004
1047000 399.088 -14561.2 6.9563
1048000 398.914 -14471.3 7.51792
1049000 400.883 -14513.1 -2.6572
1050000 398.401 -14546.5 14.111
1051000 400.577 -14489.5 -13.256
1052000 400.337 -14473.8 15.7797
1053000 400.109 -14461.7 4.13336
1054000 400.451 -14477 4.38844
1055000 403.607 -14433.5 -16.6584
1056000 400.101 -14577.2 9.16493
1057000 399.233 -14523 -9.9676
1058000 400.923 -14486.8 7.46725
1059000 399.188 -14530.1 -9.4291
1060000 399.459 -14439.4 5.76918
1061000 398.619 -14559.4 1.74
1062000 399.252 -14598.3 -4.29232
1063000 398.926 -14560.6 -1.38865
1064000 400.864 -14520.1 2.79342
1065000 398.615 -14574.4 6.43167
1066000 399.265 -14535.3 10.2461
1067000 399.242 -14517.3 -6.65622
1068000 402.655 -14485.9 -3.72044
1069000 397.191 -14476.8 18.3696
1070000 401.082 -14507.5 -4.99639
1071000 401.641 -14507.7 -17.2088
1072000 399.507 -14509.5 -2.25875
1073000 399.188 -14497.5 15.7295
1074000 399.073 -14566.4 -7.54158
1075000 401.86 -14404.1 5.06914
1076000 398.945 -14539 13.394
1077000 401.073 -14533.5 -1.19752
1078000 399.81 -14454.9 6.24002
1079000 401.858 -14455.3 -11.6933
1080000 396.35 -14576.9 1.65993
1081000 399.911 -14480.7 4.82333
1082000 399.819 -14586.5 1.32377
1083000 400.439 -14493.6 2.43762
1084000 402.297 -14426.7 -4.10619
1085000 398.998 -14509.1 -3.2472
1086000 399.724 -14489.7 -1.12678
1087000 401.174 -14473.7 17.0161
1088000 398.973 -14476.8 10.5732
1089000 398.076 -14555.3 -10.8641
1090000 398.86 -14483.2 19.2848
1091000 399.022 -14511 4.41283
1092000 399.988 -14504.5 4.52262
1093000 397.347 -14509 1.42659
1094000 401.45 -14544.8 17.918
1095000 400.326 -14534.4 -10.9265
1096000 400.368 -14542 5.85076
1097000 399.895 -14510 -5.64175
1098000 402.852 -14440.9 -10.5518
1099000 399.847 -14531.1 0.454863
1100000 399.185 -14523.8 15.3263
1101000 399.285 -14483.5 -14.7766
1102000 399.417 -14484.1 21.4899
1103000 401.341 -14465.8 -4.56103
1104000 397.683 -14535.5 10.9951
1105000 400.087 -14540.5 -1.72859
1106000 399.056 -14503.4 -2.75985
1107000 399.576 -14500.3 12.2409
1108000 401.362 -14466.9 6.61626
1109000 399.266 -14523.1 -0.536648
1110000 401.124 -14517.4 7.76233
1111000 400.168 -14512.6 3.83278
1112000 397.994 -14531.7 1.60139
1113000 400.466 -14504 10.5348
1114000 401.954 -14432 -5.25823
1115000 401.202 -14489.2 8.30451
1116000 398.429 -14600 -6.55087
1117000 398.848 -14534.4 -1.56745
1118000 399.732 -14522.8 -0.930634
1119000 397.353 -14490.1 1.69268
1120000 399.982 -14557.1 4.14099
1121000 399.72 -14493.1 11.2818
1122000 399.049 -14531.6 15.0602
1123000 399.692 -14542.9 4.5078
1124000 398.511 -14551.8 1.34262
1125000 396.252 -14613.6 5.51576
1126000 401.947 -14460.3 15.7428
1127000 400.213 -14541.9 -2.18343
1128000 400.637 -14528.2 9.72127
1129000 400.427 -14502.9 -0.391377
1130000 400.303 -14487 16.7138
1131000 399.572 -14536.6 -7.62155
1132000 399.825 -14503 9.24052
1133000 400.579 -14501.4 6.51
1134000 400.493 -14488.3 -11.0682
1135000 399.671 -14520.5 2.08145
1136000 398.372 -14539.7 18.2793
1137000 401.666 -14493.5 9.61743
1138000 400.172 -14489.7 -5.61544
1139000 398.401 -14491.6 -0.480727
1140000 399.63 -14515.4 8.04485
1141000 400.156 -14467.8 -10.9881
1142000 399.105 -14508.6 13.06
1143000 398.968 -14438.4 -5.27255
1144000 403.015 -14400.8 6.31299
1145000 401.39 -14452.3 0.853852
1146000 401.434 -14438.2 -12.1681
1147000 399.304 -14610.5 -0.800332
1148000 397.429 -14572.4 4.37603
1149000 399.311 -14542.1 -5.64035
1150000 401.871 -14450.3 3.35905
1151000 397.67 -14573.3 7.76582
1152000 401.211 -14498.7 -7.20287
1153000 401.018 -14490 0.805854
1154000 397.739 -14602.4 0.650549
1155000 401.132 -14565.8 4.74025
1156000 400.543 -14493.4 -3.83656
1157000 400.258 -14507.1 1.11545
1158000 399.437 -14558.4 -2.69246
1159000 399.738 -14510.4 13.4879
1160000 398.56 -14562.4 -1.51636
1161000 401.425 -14504.7 4.14547
1162000 400.091 -14508.8 2.86836
1163000 400.24 -14510.4 -13.7128
1164000 399.901 -14496.1 10.741
1165000 399.696 -14495 -9.33858
1166000 400.173 -14489.1 19.8128
1167000 398.932 -14574.2 8.37992
1168000 400.023 -14501.3 -1.08077
1169000 401.244 -14477.7 15.9591
1170000 398.733 -14576.4 -6.90862
1171000 399.568 -14507.4 -9.12924
1172000 397.94 -14550.4 -0.0934981
1173000 399.555 -14492.1 -9.37642
1174000 399.353 -14484.6 0.0188097
1175000 399.43 -14483.3 6.92456
1176000 401.503 -14521.1 -9.09623
1177000 400.181 -14490 -6.96608
1178000 400.984 -14528.6 1.57621
1179000 399.428 -14570.1 2.91424
1180000 398.668 -14517.8 -8.55245
1181000 399.74 -14487.3 5.49981
1182000 400.361 -14492.9 -13.6752
1183000 401.169 -14470.9 1.47668
1184000 398.297 -14564.9 7.1105
1185000 400.171 -14532.5 0.280031
1186000 401.893 -14446.6 -5.63555
1187000 400.622 -14482.4 7.48742
1188000 402.89 -14454.4 7.6713
1189000 398.408 -14520.6 -5.2111
1190000 402.213 -14504.8 -11.7401
1191000 399.99 -14484.3 28.9717
1192000 402.478 -14451.4 -10.175
1193000 400.946 -14561.1 -7.90404
1194000 400.748 -14549.6 -8.80239
1195000 396.582 -14596.3 5.65288
1196000 402.513 -14463.8 6.48404
1197000 399.803 -14502.2 0.436121
1198000 397.995 -14578.6 4.55752
1199000 397.665 -14585.2 -2.53451
1200000 399.744 -14516.1 18.6295
1201000 400.093 -14490.3 3.27988
1202000 398.782 -14520.3 4.45262
1203000 398.292 -14528.6 5.76697
1204000 399.781 -14485.1 3.93806
1205000 399.48 -14463.1 13.6528
1206000 399.721 -14537.7 3.02827
1207000 397.379 -14522.7 -10.7469
1208000 399.606 -14527.1 -10.7358
1209000 399.892 -14573.2 -0.249186
1210000 399.864 -14478.8 10.5892
1211000 400.555 -14494.6 -16.7044
1212000 400.171 -14547.9 5.41089
1213000 401.282 -14406.2 -6.52455
1214000 400.452 -14534 -0.0737949
1215000 399.783 -14523 -6.43685
1216000 398.509 -14503 11.387
1217000 401.274 -14558.6 -26.8852
1218000 398.449 -14576.7 11.295
1219000 400.705 -14481.6 0.739377
1220000 401.203 -14528.8 -0.4995
1221000 401.102 -14486.2 2.82074
1222000 401.022 -14519.8 -4.1245
1223000 398.153 -14594.1 7.0581
1224000 401.841 -14509.1 -11.6204
1225000 398.533 -14512 5.01674
1226000 397.644 -14484.6 -2.01302
1227000 400.296 -14530.2 6.69888
1228000 400.77 -14482.5 -9.98433
1229000 401.199 -14494.9 -11.0774
1230000 400.034 -14463.8 10.1473
1231000 397.396 -14583.3 -0.338646
1232000 400.89 -14534.6 5.25307
1233000 400.67 -14442.4 -12.865
1234000 400.209 -14503.5 -6.13359
1235000 398.677 -14528.6 2.66347
1236000 400.509 -14451.1 -2.64783
1237000 399.235 -14539.4 -0.285504
1238000 399.905 -14589.1 -19.498
1239000 402.431 -14452.7 16.5615
1240000 398.354 -14501.3 -8.79673
1241000 399.846 -14445.8 2.90287
1242000 400.264 -14517.2 3.7023
1243000 397.796 -14620.7 -1.55009
1244000 397.174 -14575.1 17.7914
1245000 400.078 -14513.1 -5.48913
1246000 399.112 -14570.5 7.67559
1247000 399.644 -14581.2 -7.50371
1248000 400.837 -14501.5 -19.1231
1249000 399.813 -14544 1.47878
1250000 400.943 -14510.9 9.46078
1251000 397.767 -14559.3 7.38192
1252000 399.5 -14614.3 -12.6614
1253000 400.12 -14502.9 -5.25332
1254000 399.292 -14497.7 -1.49625
1255000 400.105 -14589.9 -16.6542
1256000 401.164 -14563.1 9.02492
1257000 400.292 -14529.2 -1.71283
1258000 400.188 -14566.7 5.93618
1259000 403.159 -14496.7 2.12759
1260000 398.945 -14541.1 -9.66342
1261000 401.334 -14474.9 4.78038
1262000 399.321 -14565 -5.63937
1263000 401.974 -14511.7 17.3702
1264000 401.214 -14476.2 -6.27505
1265000 399.935 -14500.6 -1.03268
1266000 399.708 -14547.7 -4.22197
1267000 401.582 -14509.4 5.64148
1268000 399.778 -14556.3 5.20282
1269000 401.349 -14504.2 -11.6034
1270000 399.846 -14523.1 10.8461
1271000 400.218 -14515.4 -17.8134
1272000 399.164 -14541.9 2.74103
1273000 400.384 -14520.9 -3.24396
1274000 398.099 -14535.1 7.92118
1275000 399.062 -14561.3 -0.811053
1276000 396.382 -14594.3 1.89201
1277000 402.492 -14480.1 -5.79915
1278000 399.831 -14505 -12.2204
1279000 400.709 -14494.4 9.25545
1280000 399.662 -14530 -1.67189
1281000 396.007 -14522.4 6.87253
1282000 399.264 -14525 13.6647
1283000 399.233 -14559.3 -11.9529
1284000 400.444 -14397.9 -0.0528471
1285000 400.643 -14460.9 20.1071
1286000 399.361 -14588.5 5.09825
1287000 399.735 -14531.6 -4.06056
1288000 398.208 -14597 -2.3986
1289000 400.411 -14551.6 -21.6196
1290000 398.416 -14526.9 -2.68907
1291000 399.687 -14602.3 -2.67722
1292000 398.82 -14615.8 -5.86647
1293000 399.407 -14596.6 3.64002
1294000 399.698 -14578.1 2.8194
1295000 399.553 -14499.2 -6.78357
1296000 400.287 -14522.7 -7.2827
1297000 399.055 -14463.4 8.139
1298000 398.392 -14558.2 1.25107
1299000 399.124 -14506.5 15.5957
1300000 402.259 -14466 -1.71447
1301000 402.798 -14481.5 7.3635
1302000 399.718 -14623.1 3.92565
1303000 401.095 -14552.6 -9.5901
1304000 397.597 -14523 6.95692
1305000 401.406 -14484.3 -2.2529
1306000 400.552 -14505.9 -1.31657
1307000 401.784 -14476.6 13.6558
1308000 401.024 -14571.3 -3.05496
1309000 398.214 -14554.7 -13.3205
1310000 399.319 -14557.4 -1.58076
1311000 399.046 -14534.1 12.2132
1312000 400.558 -14438.4 -2.08888
1313000 399.238 -14524.2 1.42416
1314000 399.827 -14534.3 10.981
1315000 399.332 -14550.2 10.4272
1316000 400.582 -14514.1 2.51309
1317000 400.986 -14459.1 5.23681
1318000 400.553 -14521.3 -11.2376
1319000 398.167 -14514.5 17.4601
1320000 398.966 -14581.5 3.44232
1321000 398.906 -14546.1 -1.50315
1322000 397.116 -14615.8 17.33
1323000 398.683 -14561.7 -5.54313
1324000 401.424 -14508.8 8.00249
1325000 398.12 -14657.8 -8.09961
1326000 398.352 -14526.5 -8.99592
1327000 400.055 -14525.4 -4.84412
1328000 401.907 -14446.5 6.457
1329000 398.945 -14524 3.93094
1330000 399.089 -14486.3 0.849397
1331000 400.275 -14532 -5.85438
1332000 398.804 -14558.1 -7.68787
1333000 401.279 -14483.7 20.8079
1334000 401.456 -14508.9 -6.22699
1335000 399.572 -14522.6 -1.6698
1336000 398.448 -14598.3 5.26932
1337000 400.484 -14560.3 -7.81964
1338000 400.945 -14571.6 -8.16035
1339000 398.181 -14547.8 0.288733
1340000 399.342 -14485.5 8.02847
1341000 397.495 -14593.5 -6.89016
1342000 400.535 -14505.5 7.34499
1343000 399.243 -14535.2 -0.1338
1344000 399.781 -14602.8 -4.49484
1345000 400.613 -14523.6 -8.78358
1346000 398.396 -14549.9 1.67922
1347000 398.035 -14565.9 14.4858
1348000 398.629 -14547.8 0.776892
1349000 401.018 -14523.8 -4.4633
1350000 398.81 -14558 10.4197
1351000 398.722 -14524.2 -5.29773
1352000 401.347 -14453.8 10.8618
1353000 398.969 -14574 -5.08694
1354000 401.463 -14518.5 -0.841204
1355000 399.373 -14559.2 2.74786
1356000 402.194 -14466.8 1.28053
1357000 402.601 -14504 -8.76039
1358000 401.693 -14432.6 -0.622848
1359000 399.187 -14528.7 2.29994
1360000 401.85 -14502.6 -3.07229
1361000 400.905 -14503.4 5.46597
1362000 401.302 -14495 -10.8324
1363000 401.292 -14514.5 -5.19661
1364000 400.526 -14536.4 10.2987
1365000 400.196 -14472.1 1.52407
1366000 400.622 -14444.8 -2.5046
1367000 399.77 -14476.2 4.17959
1368000 401.243 -14514.6 -11.0706
1369000 401.306 -14456.7 3.57554
1370000 400.454 -14488.6 4.03556
1371000 399.58 -14505.5 -4.63686
1372000 401.812 -14444.1 8.92519
1373000 400.659 -14503.2 -3.41826
1374000 398.878 -14522.9 16.3063
1375000 398.918 -14476.9 -5.03502
1376000 401.342 -14489.7 -7.21362
1377000 400.416 -14556.4 0.557505
1378000 399.558 -14549.8 14.0841
1379000 401.478 -14560.7 10.4226
1380000 399.582 -14556.2 -7.42577
1381000 398.872 -14540 4.94524
1382000 396.442 -14592.5 4.94601
1383000 402.516 -14488.2 12.1746
1384000 397.18 -14526.1 -1.25165
1385000 401.724 -14488.7 8.73995
1386000 398.349 -14539 -3.51934
1387000 400.855 -14465.9 1.62157
1388000 399.642 -14532.6 20.8771
1389000 400.579 -14546.3 3.34515
1390000 398.581 -14558.1 -6.42434
1391000 398.963 -14531.5 14.2131
1392000 398.264 -14505.4 -7.38585
1393000 401.352 -14526.6 17.7771
1394000 399.026 -14541.7 -3.97165
1395000 402.032 -14447 -10.2743
1396000 400.771 -14478.7 -6.64642
1397000 398.875 -14509.7 3.67196
1398000 402.526 -14474 -11.9026
1399000 401.029 -14446.4 11.3801
1400000 401.453 -14465.3 3.57008
1401000 401.52 -14461.3 22.0257
1402000 399.437 -14500.9 -11.8072
1403000 401.222 -14479.6 -8.37326
1404000 400.9 -14431.4 11.4457
1405000 402.268 -14489.4 -2.50738
1406000 401.103 -14484.2 -0.811757
1407000 398.172 -14466.3 5.02433
1408000 401.529 -14457.6 0.951284
1409000 398.48 -14534.6 -15.046
1410000 399.76 -14482 -1.01725
1411000 400.783 -14520 3.86062
1412000 400.338 -14469.6 3.05833
1413000 400.964 -14481.3 -7.2537
1414000 399.206 -14565.1 13.8564
1415000 399.124 -14538.7 -4.63379
1416000 397.741 -14555.9 -10.1685
1417000 400.036 -14583.5 -8.01663
1418000 403.125 -14474.3 -3.79024
1419000 401.999 -14563.3 -9.47972
1420000 397.512 -14594.7 -18.8033
1421000 401.63 -14477.1 13.0474
1422000 400.405 -14584.7 -8.14559
1423000 400.953 -14553.7 -3.50673
1424000 402.236 -14536.2 -13.5304
1425000 401.698 -14458.8 -0.235983
1426000 398.798 -14476.3 32.9325
1427000 401.274 -14533.4 -27.3096
1428000 398.844 -14519.7 7.04993
1429000 397.618 -14573.8 -8.12982
1430000 398.687 -14529 8.61875
1431000 397.973 -14513.1 -2.21992
1432000 400.041 -14505.6 -0.582469
1433000 402.968 -14478.4 9.0967
1434000 399.463 -14535.9 -9.77352
1435000 399.692 -14502.4 1.39295
1436000 401.553 -14434.6 -5.64324
1437000 401.34 -14488.3 -3.4066
1438000 401.73 -14456.5 5.51695
1439000 399.862 -14494.8 5.24534
1440000 400.324 -14567.8 14.1198
1441000 398.74 -14504.6 1.90755
1442000 402.485 -14474.4 6.20665
1443000 397.988 -14493.1 -4.7139
1444000 401.918 -14403.4 8.48296
1445000 399.116 -14496.9 12.9494
1446000 401.551 -14429.5 6.11714
1447000 400.385 -14450.1 -12.5107
1448000 401.002 -14537.5 3.63095
1449000 398.774 -14467.3 3.45729
1450000 399.856 -14457.1 4.69928
1451000 398.931 -14531.8 12.1956
1452000 398.183 -14539.9 1.05201
1453000 397.392 -14573.2 2.87095
1454000 400.765 -14432.7 -18.1782
1455000 399.17 -14580 -9.43171
1456000 400.422 -14476 7.85655
1457000 402.262 -14484.6 -5.09746
1458000 402.902 -14526.9 -14.2752
1459000 399.687 -14531.6 -2.76318
1460000 399.867 -14561.3 11.1012
1461000 398.618 -14609.5 0.549095
1462000 401.456 -14514.1 -2.0701
1463000 401.301 -14508.1 17.8734
1464000 400.861 -14489.6 7.68555
1465000 398.131 -14578.8 -8.30691
1466000 398.927 -14495 8.68838
1467000 400.392 -14470.5 -4.54444
1468000 399.333 -14501.8 15.9329
1469000 400.958 -14483.1 1.18473
1470000 399.466 -14533.4 1.31806
1471000 400.061 -14573.1 13.2193
1472000 398.891 -14497.7 -5.45871
1473000 402.45 -14442.9 -17.9587
1474000 400.831 -14550.2 -9.14162
1475000 400.435 -14477.7 4.85104
1476000 399.612 -14533.3 7.44587
1477000 400.063 -14496 4.3615
1478000 400.423 -14482.3 -9.87938
1479000 401.482 -14463.3 30.1894
1480000 398.899 -14520.8 -5.98158
1481000 400.315 -14532.5 10.8516
1482000 401.164 -14471.4 -11.5062
1483000 399.585 -14487.5 18.6353
1484000 402.081 -14496.3 -5.07786
1485000 398.571 -14600.3 -14.4703
1486000 399.73 -14535.2 4.01868
1487000 402.384 -14440.5 -1.35569
1488000 399.773 -14524.8 0.174225
1489000 399.566 -14522.2 -2.03514
1490000 400.195 -14479.6 8.61349
1491000 400.115 -14549.2 -4.76971
1492000 399.508 -14608.7 16.4262
1493000 399.453 -14637.2 -13.6307
1494000 402.024 -14480.7 -7.872
1495000 401.866 -14477.1 1.9477
1496000 400.603 -14438.5 -1.34183
1497000 399.878 -14511.4 2.97363
1498000 400.728 -14469 -0.598439
1499000 400.322 -14519.9 -10.874
1500000 401.467 -14486.2 12.1191
1501000 401.417 -14441.7 -9.39078
1502000 401.112 -14585.6 2.76299
1503000 401.132 -14513 -3.93399
1504000 400.261 -14561 -10.038
1505000 400.157 -14572.6 -9.0159
1506000 401.565 -14508.7 0.362019
1507000 399.855 -14533.8 6.77095
1508000 399.77 -14536.2 -8.12265
1509000 401.045 -14590 -2.82179
1510000 401.431 -14464.5 -7.09288
1511000 400.166 -14505.5 -4.90354
1512000 396.513 -14530.9 10.6249
1513000 400.185 -14517.5 -5.5467
1514000 399.722 -14563.5 -2.64484
1515000 401.59 -14441.1 -4.03219
1516000 400.088 -14569.7 -8.40334
1517000 400.342 -14519.6 -4.73864
1518000 398.631 -14565.6 -0.658766
1519000 399.405 -14564.7 -4.01569
1520000 398.785 -14593.8 8.07845
1521000 400.664 -14510.2 -7.21695
1522000 402.291 -14528.3 0.754104
1523000 399.723 -14548.7 20.5029
1524000 400.72 -14498.5 -6.98428
1525000 401.106 -14478.5 8.42387
1526000 402.353 -14507.7 -9.38771
1527000 401.298 -14532.7 -13.3595
1528000 402.277 -14467.3 0.0552801
1529000 399.331 -14549 -2.77281
1530000 399.342 -14461.9 13.474
1531000 399.94 -14527.1 10.4245
1532000 400.204 -14535.4 -2.41395
1533000 399.639 -14481.1 8.35468
1534000 401.473 -14516.1 -7.64122
1535000 400.476 -14542.5 13.6937
1536000 400.372 -14564.7 -20.6517
1537000 399.37 -14580 4.34618
1538000 399.743 -14488.1 -9.10339
1539000 399.632 -14440.8 2.98433
1540000 399.184 -14594.1 -0.912201
1541000 400.929 -14602.2 -6.26582
1542000 400.121 -14532.6 -2.29192
1543000 398.498 -14577.8 5.6968
1544000 398.174 -14494 15.7043
1545000 401.784 -14495.8 -12.9344
1546000 401.763 -14436.9 1.79398
1547000 399.715 -14505.8 -12.8235
1548000 399.892 -14504.6 8.90713
1549000 399.836 -14539 3.7237
1550000 399.802 -14485 12.5305
1551000 400.096 -14477.6 7.44275
1552000 400.498 -14525.5 -0.590993
1553000 399.756 -14562.6 -6.07999
1554000 399.071 -14536.9 9.04469
1555000 401.667 -14461.7 -2.45523
1556000 398.446 -14528.7 -0.68094
1557000 401.274 -14457.7 -0.505659
1558000 400.809 -14509.6 9.47372
1559000 400.535 -14512.9 -6.65529
1560000 403.23 -14373.7 -2.53639
1561000 399.095 -14564.6 20.0376
1562000 397.324 -14524.7 -5.08215
1563000 400.877 -14468.9 13.0943
1564000 402 -14470.1 -0.386272
1565000 399.787 -14556.4 -7.1601
1566000 400.16 -14549.2 -2.89539
1567000 400.917 -14466.3 -2.64028
1568000 400.689 -14529.4 1.43757
1569000 400.579 -14435.4 -5.023
1570000 401.026 -14366.5 8.16316
1571000 399.536 -14497.1 2.96177
1572000 398.269 -14557.7 -0.999446
1573000 401.345 -14473.6 5.1736
1574000 400.856 -14499.9 23.0437
1575000 400.008 -14566.8 -3.35741
1576000 396.411 -14601.2 -5.29305
1577000 399.956 -14449 3.07254
1578000 401.342 -14429.6 9.43944
1579000 398.649 -14512.7 -1.09806
1580000 399.692 -14492.5 1.18608
1581000 399.655 -14547.5 -1.46351
1582000 399.477 -14532.3 11.2537
1583000 403.181 -14475.8 -6.95436
1584000 401.303 -14484.9 -9.2013
1585000 399.344 -14518.3 17.1824
1586000 402.181 -14482.2 -3.3279
1587000 399.984 -14422.5 -6.11618
1588000 401.226 -14495.2 1.36037
1589000 403.488 -14422.9 3.36908
1590000 402.233 -14431.7 3.50455
1591000 400.584 -14448.6 -10.1658
1592000 398.641 -14542 -7.06135
1593000 397.574 -14547.4 -4.06138
1594000 401.051 -14535.9 3.08416
1595000 399.493 -14568 -30.4735
1596000 402.144 -14489.9 11.1202
1597000 398.489 -14567.6 -1.28762
1598000 397.979 -14494.3 7.20206
1599000 399.152 -14486.5 -8.65395
1600000 400.53 -14493.4 -6.89372
1601000 400.088 -14461.4 -5.26743
1602000 400.565 -14545.5 5.75651
1603000 398.818 -14540.4 -10.3513
1604000 399.081 -14549.1 -10.0884
1605000 402.105 -14475.3 -4.71514
1606000 400.792 -14544.1 11.5936
1607000 398.826 -14570.9 -3.05317
1608000 398.204 -14612.1 -4.71845
1609000 399.111 -14516 2.61272
1610000 400.886 -14438.9 5.65979
1611000 399.31 -14529.3 10.3835
1612000 398.926 -14531.4 0.47983
1613000 399.401 -14508.6 -1.17049
1614000 400.495 -14473.4 -0.847844
1615000 399.824 -14485.3 -1.33112
1616000 399.266 -14513.4 13.1069
1617000 399.282 -14511.6 -17.3137
1618000 398.54 -14534.7 11.1797
1619000 401.022 -14492.2 -1.52874
1620000 401.491 -14511.1 20.2025
1621000 399.686 -14553 13.4285
1622000 402.419 -14459.5 -16.1869
1623000 401.588 -14456.3 2.29582
1624000 399.222 -14534.8 -3.76584
1625000 399.203 -14508.2 8.50054
1626000 398.731 -14582 -3.56204
1627000 400.626 -14569.7 7.20716
1628000 399.872 -14570.4 -1.49512
1629000 398.804 -14550.3 6.9031
1630000 400.392 -14526.6 -5.35777
1631000 398.098 -14525.6 19.6082
1632000 398.354 -14547.4 7.25587
1633000 398.711 -14530.6 -2.72399
1634000 400.325 -14527.9 -0.925479
1635000 399.523 -14533.7 1.51981
1636000 398.046 -14533.3 -21.491
1637000 400.799 -14515.7 16.2312
1638000 400.406 -14537.7 -1.43419
1639000 401.661 -14534.9 3.55476
1640000 396.654 -14582.5 4.35332
1641000 400.392 -14497.6 -10.2434
1642000 397.188 -14563.9 -5.74522
1643000 400.158 -14430.5 11.0352
1644000 401.014 -14465.4 -8.24876
1645000 404.327 -14381.8 -6.61643
1646000 399.281 -14509.1 -4.98938
1647000 403.249 -14445.5 -12.4654
1648000 398.674 -14489.8 14.8786
1649000 401.244 -14487.3 -16.9306
1650000 399.065 -14551.3 5.05517
1651000 399.77 -14648.5 17.1395
1652000 398.326 -14556.8 -14.4559
1653000 398.606 -14538.2 0.109945
1654000 399.258 -14530.8 12.2843
1655000 398.749 -14554 8.687
1656000 401.619 -14445 0.209272
1657000 399.179 -14559.1 20.072
1658000 401.556 -14521.6 1.81415
1659000 399.286 -14522.6 2.92853
1660000 401.616 -14542 -17.6377
1661000 398.923 -14467 -0.0181929
1662000 399.298 -14544.3 6.07091
1663000 399.708 -14537.2 -3.43817
1664000 399.918 -14561.3 5.42153
1665000 399.314 -14504.3 3.99063
1666000 401.809 -14560.9 0.668023
1667000 399.615 -14572.4 -0.736415
1668000 398.876 -14577.9 -7.30197
1669000 400.583 -14502.5 9.51171
1670000 401.649 -14527.2 -5.33926
1671000 400.743 -14547.5 -4.14792
1672000 398.408 -14572 2.98826
1673000 400.731 -14554.1 -1.19345
1674000 398.928 -14513.9 7.95331
1675000 399.122 -14536.4 7.20098
1676000 400.47 -14483 -12.5234
1677000 399.35 -14557.4 15.8178
1678000 400.952 -14511 -5.31334
1679000 399.96 -14401.6 -3.50703
1680000 398.672 -14573.6 -11.387
1681000 398.651 -14534.1 -10.9439
1682000 401.239 -14509.1 6.72563
1683000 401.301 -14539.2 3.51808
1684000 397.639 -14617.5 7.38448
1685000 401.202 -14473.2 -4.88267
1686000 402.988 -14425.2 -5.54985
1687000 400.126 -14505.6 9.63723
1688000 400.302 -14515.1 -8.58036
1689000 400.498 -14533.4 22.4601
1690000 400.87 -14505.5 -23.872
1691000 399.835 -14469.9 1.9486
1692000 401.777 -14473 -4.03837
1693000 401.798 -14475.7 2.95383
1694000 400.971 -14516.7 15.5762
1695000 402.677 -14457.9 -12.8198
1696000 400.197 -14523.4 5.04044
1697000 398.577 -14506.5 -9.19174
1698000 398.403 -14577.3 6.5898
1699000 402.079 -14491.9 -5.01268
1700000 402.474 -14473.2 3.49682
1701000 400.746 -14477.1 5.8669
1702000 399.6 -14511.5 5.19106
1703000 397.313 -14573.4 5.44844
1704000 399.853 -14593.9 7.04429
1705000 398.706 -14548.2 0.787114
1706000 401.469 -14541.4 -0.942701
1707000 399.541 -14535.9 -2.95459
1708000 398.913 -14511.5 -19.3399
1709000 399.115 -14518.4 1.2567
1710000 400.635 -14608.1 -7.37391
1711000 401.044 -14544.3 3.52539
1712000 400.564 -14460.9 10.4536
1713000 401.085 -14484.5 -1.97764
1714000 401.562 -14393.8 6.82297
1715000 399.207 -14515.1 3.96446
1716000 401.105 -14405.1 -1.69326
1717000 399.423 -14486.9 10.5461
1718000 400.17 -14486.9 -13.9805
1719000 398.25 -14549.7 -3.5035
1720000 399.484 -14462.5 -0.294908
1721000 401.071 -14485.4 6.15953
1722000 402.666 -14428.8 4.14399
1723000 402.101 -14425.9 -7.9886
1724000 398.959 -14546.9 -2.70902
1725000 400.685 -14557.8 13.5667
1726000 401.172 -14509.3 5.64874
1727000 399.697 -14591.7 -5.76378
1728000 397.671 -14536.2 3.17506
1729000 401.601 -14434.4 -8.90768
1730000 398.649 -14564.9 -0.256955
1731000 397.917 -14577.2 -0.761395
1732000 398.854 -14539 11.3091
1733000 400.128 -14476.4 -7.33808
1734000 400.681 -14519.9 0.908287
1735000 398.951 -14511.5 -4.3979
1736000 400.197 -14551.7 12.9149
1737000 398.858 -14512.2 -0.562986
1738000 399.072 -14567.2 -2.78396
1739000 399.376 -14497.4 -1.62246
1740000 399.906 -14520 8.07585
1741000 397.07 -14542.6 -7.01194
1742000 401.628 -14498.7 3.1574
1743000 401.785 -14459.8 -0.186444
1744000 402.971 -14451.4 -3.25899
1745000 400.776 -14477.8 -2.10869
1746000 400.77 -14567.9 0.895367
1747000 399.613 -14480.7 -9.286
1748000 401.042 -14443.5 2.32212
1749000 398.883 -14566.1 12.0342
1750000 399.641 -14548.3 3.16326
1751000 398.29 -14522.7 7.29137
1752000 397.623 -14553.4 4.52315
1753000 402.056 -14516.1 -3.55926
1754000 399.074 -14548.2 -1.00243
1755000 399.822 -14570.6 -1.81575
1756000 400.114 -14492.7 0.258788
1757000 401.18 -14502.8 7.56858
1758000 399.906 -14533.4 -6.12087
1759000 401.501 -14507.3 1.64546
1760000 400.326 -14458.1 17.4274
1761000 400.994 -14482.2 1.5072
1762000 398.308 -14569.5 -8.01129
1763000 399.19 -14526.9 8.17673
1764000 401.02 -14517.2 12.0581
1765000 399.369 -14497 -16.439
1766000 400.158 -14487.7 3.71333
1767000 399.584 -14496.7 2.61792
1768000 401.037 -14486.3 -14.6785
1769000 400.198 -14481.1 7.83453
1770000 401.663 -14451.4 -2.06303
1771000 398.463 -14509.3 16.1176
1772000 400.152 -14530.3 -6.08628
1773000 399.926 -14498 11.1128
1774000 401.852 -14503 5.59928
1775000 400.502 -14449.5 -2.61716
1776000 400.956 -14490.6 13.5502
1777000 398.134 -14538.1 -5.78543
1778000 400.012 -14501.8 -8.70999
1779000 402.529 -14549.5 -1.06598
1780000 398.31 -14485.6 7.06767
1781000 401.577 -14539.5 -22.0804
1782000 397.368 -14436.5 13.1715
1783000 396.275 -14594.8 4.57084
1784000 402.604 -14417.8 18.883
1785000 398.56 -14516.9 -1.13545
1786000 401.071 -14464.1 1.60039
1787000 400.155 -14514.3 -1.96969
1788000 396.74 -14536.3 11.293
1789000 400.359 -14516.4 7.71772
1790000 399.052 -14513.6 3.04121
1791000 398.641 -14488.4 10.4694
1792000 400.445 -14469.5 -2.11233
1793000 402.304 -14491.3 13.2932
1794000 398.895 -14576.9 -0.846527
1795000 402.167 -14485.7 -11.2843
1796000 400.751 -14474.2 8.94968
1797000 400.212 -14502.7 6.05416
1798000 398.192 -14604 1.29163
1799000 399.546 -14547.9 6.69776
1800000 401.801 -14487.4 8.58828
1801000 400.637 -14519 -7.64749
1802000 401.16 -14514.6 11.9829
1803000 402.502 -14511.4 -6.52716
1804000 399.464 -14591.3 1.19539
1805000 400.433 -14504.9 -14.1156
1806000 399.204 -14535.3 -18.8534
1807000 399.926 -14517.8 5.77463
1808000 397.886 -14543 6.73933
1809000 401.326 -14528.1 -7.76411
1810000 404.034 -14377.9 2.71355
1811000 399.666 -14536.2 -11.9568
1812000 399.053 -14463.1 8.5488
1813000 401.662 -14532.7 -12.4003
1814000 402.145 -14518.4 -2.43102
1815000 400.534 -14480.9 2.33283
1816000 396.279 -14592.1 9.67721
1817000 400.499 -14544.8 -1.39135
1818000 401.529 -14561.1 -1.32948
1819000 399.598 -14639 2.64823
1820000 400.876 -14483.7 1.34381
1821000 400.529 -14457.9 9.09791
1822000 400.977 -14526 -5.45094
1823000 399.913 -14505.8 13.386
1824000 401.5 -14505.9 -1.91959
1825000 400.336 -14404.1 9.20969
1826000 400.618 -14617.1 7.00001
1827000 398.958 -14600.6 6.81447
1828000 399.186 -14558.1 -0.404082
1829000 400.717 -14469.4 1.71077
1830000 401.347 -14498.7 9.35155
1831000 398.624 -14500.3 0.250533
1832000 400.59 -14522.8 9.75323
1833000 399.639 -14532 -4.25082
1834000 399.25 -14504.5 14.2662
1835000 402.265 -14525.6 -0.868022
1836000 401.514 -14418.1 0.316913
1837000 400.518 -14450.8 0.550478
1838000 400.581 -14486.5 -0.819277
1839000 398.61 -14542 13.937
1840000 399.15 -14521.2 -0.733882
1841000 399.982 -14553.2 -11.0145
1842000 399.528 -14578.1 2.26093
1843000 398.083 -14546.6 3.43556
1844000 398.905 -14556 -9.30347
1845000 400.879 -14497.6 -1.99655
1846000 402.532 -14493 -10.6429
1847000 401.854 -14510.7 -20.3225
1848000 401.09 -14511.4 15.0574
1849000 402.443 -14503 -7.69889
1850000 401.595 -14549.8 -10.2823
1851000 397.558 -14584.7 13.5303
1852000 398.649 -14532 7.60579
1853000 400.909 -14488.3 17.1702
1854000 402.229 -14458 -3.67073
1855000 399.359 -14531.7 3.48699
1856000 399.374 -14550.8 6.96465
1857000 399.364 -14567.2 1.98557
1858000 400.541 -14524.6 13.1069
1859000 398.35 -14522.1 -13.4371
1860000 401.059 -14503.9 -25.8987
1861000 399.698 -14597.5 -8.47748
1862000 399.73 -14585.2 -1.40471
1863000 399.021 -14459.7 24.4863
1864000 400.677 -14516.9 0.420059
1865000 398.511 -14570.6 -9.03988
1866000 398.957 -14533.7 -1.41584
1867000 399.193 -14500.2 6.16383
1868000 399.387 -14517.1 -12.0105
1869000 397.866 -14555.9 5.25618
1870000 399.76 -14509.3 6.65786
1871000 401.62 -14463 -2.58623
1872000 398.545 -14535 13.6002
1873000 400.027 -14562.9 -6.53979
1874000 401.142 -14550.2 -1.96686
1875000 400.541 -14511.1 15.9655
1876000 402.002 -14537.1 -9.16985
1877000 398.869 -14583 -2.82123
1878000 399.791 -14552.4 -6.43885
1879000 398.787 -14516.1 -5.40398
1880000 400.145 -14524.8 1.51304
1881000 402.302 -14482 -1.36297
1882000 401.286 -14395.9 0.137916
1883000 401.726 -14525.1 -10.1146
1884000 399.234 -14550.3 -2.61516
1885000 398.671 -14530.5 3.67786
1886000 400.71 -14498.6 18.1073
1887000 399.148 -14494.1 11.9582
1888000 402.872 -14521.8 -23.4546
1889000 400.869 -14450 24.4964
1890000 400.829 -14460.5 -17.5106
1891000 398.886 -14553.8 -4.05451
1892000 398.27 -14539.6 6.67699
1893000 399.908 -14472.6 9.62856
1894000 402.232 -14492.1 12.5477
1895000 401.687 -14512.4 -6.95076
1896000 401.431 -14438.1 2.42349
1897000 400.127 -14546.8 -1.26613
1898000 398.086 -14616 -3.66431
1899000 397.74 -14623.3 7.8945
1900000 397.821 -14589.4 -11.8867
1901000 403.39 -14447.9 16.1499
1902000 399.554 -14523 -5.69996
1903000 401.057 -14513.2 6.37943
1904000 401.274 -14461.2 -4.83217
1905000 400.006 -14493.9 -6.11866
1906000 401.516 -14428.8 5.82871
1907000 397.718 -14549.4 9.5427
1908000 400.981 -14510.4 0.326406
1909000 399.543 -14529.2 -3.72387
1910000 397.42 -14602.1 -5.57547
1911000 398.913 -14544.4 -2.18644
1912000 398.16 -14562.4 0.291854
1913000 398.9 -14559.5 8.02643
1914000 403.055 -14450.5 -4.41337
1915000 399.524 -14524.2 -8.183
1916000 399.399 -14539.7 -21.9574
1917000 401.163 -14528.5 -1.66127
1918000 401.27 -14531.2 -5.62241
1919000 400.724 -14475.3 0.64898
1920000 398.6 -14545.8 12.334
1921000 403.145 -14445.9 2.92754
1922000 398.585 -14517.8 7.51603
1923000 398.579 -14556.6 10.7902
1924000 400.828 -14496.7 -4.45104
1925000 400.246 -14575.5 8.39449
1926000 400.065 -14516 -0.640508
1927000 400.2 -14495.9 4.59418
1928000 400.025 -14555.5 3.45481
1929000 400.511 -14519.4 -0.569115
1930000 400.996 -14497.8 1.9675
1931000 399.018 -14531.1 4.03255
1932000 398.132 -14516 0.578726
1933000 402.43 -14494.3 -12.4153
1934000 399.68 -14478.4 3.14543
1935000 400.707 -14516.3 7.9281
1936000 401.393 -14507.1 -0.99785
1937000 400.101 -14523.4 3.51321
1938000 398.403 -14587.3 -0.845267
1939000 400.869 -14517.6 9.1669
1940000 399.036 -14532.7 -9.78831
1941000 401.091 -14489.7 17.8936
1942000 399.862 -14501.2 -4.90073
1943000 397.527 -14573.6 7.18739
1944000 400.331 -14487.1 -2.98442
1945000 400.912 -14470 10.0437
1946000 399.677 -14490.2 5.88828
1947000 402.944 -14452.9 -11.5303
1948000 403.236 -14458.5 -9.66446
1949000 400.549 -14519.5 1.90797
1950000 399.504 -14546 -4.06912
1951000 398.352 -14488.8 -11.9292
1952000 398.438 -14533.1 7.76861
1953000 398.283 -14516.3 1.13815
1954000 400.595 -14525.5 -7.28182
1955000 403.933 -14441.9 9.49037
1956000 403.023 -14479.2 -1.54923
1957000 397.891 -14523.3 9.67823
1958000 399.51 -14476.2 5.58135
1959000 399.984 -14536.7 5.0993
1960000 401.249 -14521.2 -7.17442
1961000 400.597 -14486.9 -13.7854
1962000 400.868 -14525.1 20.4879
1963000 399.345 -14469 -17.5147
1964000 401.033 -14434.1 16.2985
1965000 397.486 -14494.4 5.31558
1966000 398.634 -14525.1 -4.97336
1967000 402.235 -14490 -8.78969
1968000 399.986 -14451.5 12.829
1969000 399.771 -14507.6 14.2707
1970000 399.436 -14549.3 -4.41587
1971000 398.262 -14575.7 22.3198
1972000 398.54 -14562.4 3.93809
1973000 399.496 -14558.9 11.4834
1974000 398.284 -14531.1 22.1113
1975000 396.503 -14626.6 -24.6523
1976000 399.62 -14494.8 6.80063
1977000 399.586 -14504.5 7.72657
1978000 399.945 -14593.1 -11.7088
1979000 400.212 -14503.1 -0.0861994
1980000 398.125 -14555.6 -6.31127
1981000 398.241 -14565.7 12.5794
1982000 401.111 -14504.5 5.32118
1983000 398.129 -14523 15.2193
1984000 398.726 -14471.4 -8.58411
1985000 399.785 -14507.4 0.638699
1986000 400.197 -14501.1 5.50499
1987000 400.672 -14496 1.79596
1988000 399.814 -14488.1 7.1878
1989000 399.01 -14500.6 -9.47008
1990000 400.908 -14501.4 -7.95233
1991000 398.988 -14553.9 3.12304
1992000 400.084 -14535.8 -4.26447
1993000 401.147 -14510.3 14.8364
1994000 398.593 -14618.5 4.17865
1995000 400.795 -14503.2 7.65108
1996000 399.998 -14491.2 -8.91319
1997000 400.701 -14505.6 -1.55274
1998000 398.994 -14520.8 15.4611
1999000 400.821 -14540.7 -5.14467
2000000 399.393 -14561.3 6.99265
