# Time-averaged data for fix 3
# TimeStep v_Temperature v_PotentialEnergy v_Pressure
2000 502.315 -12457.7 21.8648
3000 498.707 -12483.4 -3.32528
4000 500.56 -12292.9 0.661166
5000 499.544 -12313.6 0.119053
6000 498.995 -12351.3 -3.78755
7000 502.52 -12346.5 -9.784
8000 502.179 -12257.4 -2.83518
9000 500.393 -12331.3 -7.79635
10000 500.572 -12300 -1.29295
11000 498.396 -12396.1 15.3129
12000 499.933 -12432 -0.317884
13000 498.491 -12353.9 14.4362
14000 498.013 -12399 0.237129
15000 496.504 -12461.1 -5.01177
16000 500.571 -12394.2 20.486
17000 501.601 -12324.4 -0.414623
18000 498.598 -12345.3 -2.30864
19000 500.682 -12361.4 -11.3899
20000 501.07 -12349.5 23.5727
21000 500.448 -12485.6 -18.525
22000 498.044 -12447 11.6126
23000 501.62 -12356.8 13.0375
24000 499.366 -12393.7 -4.15688
25000 497.28 -12337.5 0.711024
26000 500.943 -12269.3 -9.16522
27000 497.304 -12363.1 10.991
28000 498.995 -12247.3 14.733
29000 497.417 -12389.8 -5.91338
30000 501.129 -12317.2 18.8684
31000 501.404 -12290.3 -2.90173
32000 500.644 -12290.7 -18.4874
33000 498.815 -12298.9 5.8602
34000 500.526 -12316.4 6.45432
35000 500.503 -12404.2 -13.8619
36000 497.296 -12355.5 14.3818
37000 499.963 -12312.8 1.74222
38000 498.829 -12397.1 -2.43415
39000 500.265 -12346 15.6698
40000 498.616 -12255.7 -5.29983
41000 501.693 -12321.8 1.92577
42000 499.673 -12349.3 -1.96168
43000 501.653 -12296.2 -9.90326
44000 500.759 -12267.4 -4.10302
45000 501.488 -12201.8 4.93368
46000 498.298 -12238.4 24.9896
47000 499.531 -12311.3 -4.34022
48000 501.057 -12206.2 17.3852
49000 503.329 -12129.5 4.93589
50000 500.957 -12116.6 2.28349
51000 500.999 -12271.4 -3.20866
52000 499.414 -12424.8 8.87812
53000 501.143 -12364.7 -2.33103
54000 497.461 -12424.7 -0.709276
55000 500.811 -12292.4 -8.29872
56000 501.586 -12241.5 4.72191
57000 497.542 -12407.2 4.95158
58000 495.477 -12374.4 11.3469
59000 499.709 -12320.9 14.4908
60000 499.492 -12333.5 -11.8371
61000 499.361 -12298.2 16.6659
62000 499.188 -12302.3 -5.6481
63000 499.44 -12363.4 13.4514
64000 498.724 -12334.5 5.12558
65000 498.592 -12212.6 -2.78573
66000 499.629 -12288.1 10.6421
67000 500.41 -12244.8 0.795918
68000 498.923 -12284.1 3.24284
69000 497.935 -12298.4 -3.13936
70000 499.152 -12334.6 26.3906
71000 501.046 -12344.5 1.92532
72000 499.871 -12310.2 -15.1301
73000 499.218 -12345.9 -1.86953
74000 498.353 -12284.1 1.17409
75000 500.569 -12248.6 -1.73065
76000 499.453 -12283.9 3.55723
77000 498.209 -12360.9 9.97181
78000 501.724 -12189 -7.43488
79000 501.398 -12290 1.9525
80000 499.832 -12343.7 0.971125
81000 498.64 -12445.4 18.8946
82000 500.852 -12428.5 -18.0492
83000 501.181 -12243.3 9.52975
84000 497.885 -12284.1 5.93018
85000 495.878 -12474.3 -20.5639
86000 499.917 -12363.9 7.86768
87000 499.625 -12427.4 4.15569
88000 500.805 -12297.7 -12.6751
89000 499.832 -12279.2 18.4321
90000 496.563 -12287.2 -18.098
91000 500.902 -12323.2 2.40091
92000 497.077 -12346.8 -20.4348
93000 498.093 -12418 2.55832
94000 503.408 -12398.4 -1.3611
95000 502.48 -12288.8 -13.815
96000 500.062 -12362 10.0231
97000 497.809 -12401.3 -7.5104
98000 499.862 -12335 -2.02501
99000 498.596 -12290.1 20.5993
100000 498.543 -12362.1 15.3451
101000 501.254 -12325.7 4.48514
102000 501.468 -12298.1 1.22841
103000 501.884 -12386.1 8.28336
104000 497.601 -12319.1 2.52962
105000 499.968 -12383 9.47258
106000 500.453 -12249.6 -9.35763
107000 499.864 -12272.9 -22.1489
108000 499.886 -12295.3 6.90912
109000 501.471 -12341.8 0.722743
110000 497.916 -12308.8 5.57474
111000 503.508 -12300.1 -11.668
112000 497.677 -12316.9 10.5601
113000 499.365 -12429.1 -9.91635
114000 499.876 -12426.3 -7.35559
115000 498.268 -12341.4 9.44575
116000 498.585 -12333 16.3946
117000 500.015 -12346 -10.6003
118000 499.8 -12428 7.65513
119000 499.932 -12371.4 8.09093
120000 502.082 -12350.2 15.1229
121000 499.019 -12375.9 -3.99984
122000 497.752 -12332.9 -10.0021
123000 501.945 -12340.1 -2.75276
124000 503.564 -12260.4 -0.215363
125000 501.07 -12297.6 -1.89507
126000 498.671 -12253.1 -5.68874
127000 500.98 -12295.4 2.52969
128000 499.862 -12346.5 14.6735
129000 501.039 -12306.4 -4.83382
130000 501.392 -12353.9 -6.64728
131000 500.642 -12222.7 -14.5205
132000 500.117 -12224.7 -8.1727
133000 500.34 -12317.1 10.8958
134000 498.507 -12436 -1.24994
135000 503.221 -12304.2 -20.0313
136000 502.385 -12344.9 4.21336
137000 503.051 -12182.7 -5.87605
138000 500.004 -12268.8 10.0804
139000 499.353 -12291.5 7.46247
140000 499.562 -12342.5 10.1838
141000 497.306 -12382.5 1.45523
142000 503.477 -12177.5 -4.45128
143000 502.441 -12328.3 -7.53755
144000 499.715 -12266.8 -5.4827
145000 499.623 -12360 -12.9583
146000 501.222 -12265.5 22.1211
147000 500.948 -12262.3 1.32792
148000 497.29 -12298.4 9.18694
149000 501.941 -12220.6 -11.2207
150000 499.181 -12284.9 2.51537
151000 499.709 -12334.5 0.644395
152000 502.526 -12241.4 2.7033
153000 502.898 -12154.4 3.12712
154000 498.836 -12193.9 9.21589
155000 500.025 -12344.2 7.87051
156000 498.321 -12325.7 -0.185851
157000 497.897 -12315.7 9.07354
158000 498.517 -12379.8 7.30753
159000 497.876 -12429.2 4.53148
160000 500.537 -12305.3 -14.9702
161000 499.847 -12377.7 7.92082
162000 499.252 -12399 13.7509
163000 499.416 -12359.3 -0.6014
164000 500.78 -12366.1 1.60295
165000 500.994 -12282.2 -1.81431
166000 499.591 -12221.4 10.0827
167000 498.664 -12297.4 -6.06552
168000 497.319 -12475.4 13.861
169000 499.532 -12375 -0.444703
170000 498.941 -12313.2 -8.16856
171000 500.444 -12483.7 -1.98217
172000 502.13 -12354 -4.93237
173000 496.927 -12400.5 -6.12761
174000 502.815 -12243.2 6.92167
175000 502.418 -12353.6 1.6432
176000 500.549 -12387.5 10.6969
177000 499.953 -12357.7 -1.50538
178000 498.472 -12383.6 14.2142
179000 497.098 -12438.5 -9.68616
180000 500.4 -12450.8 10.6196
181000 499.33 -12425.4 12.4562
182000 500.513 -12302.8 2.15005
183000 499.662 -12292.3 -7.23159
184000 500.708 -12284 13.2661
185000 502.635 -12280.3 -14.2255
186000 498.534 -12432.6 3.68259
187000 498.565 -12417.8 10.2459
188000 500.662 -12293.6 -15.5764
189000 502.126 -12318.7 9.32935
190000 501.614 -12335.5 8.70351
191000 497.395 -12339.7 3.6798
192000 500.81 -12313.7 2.50769
193000 500.068 -12264.6 -8.89211
194000 499.334 -12372.1 -3.64195
195000 500.796 -12263.9 13.1258
196000 501.249 -12228 -14.1832
197000 498.495 -12340.1 -1.44649
198000 499.18 -12414.2 -1.28605
199000 499.878 -12368.2 9.07063
200000 497.564 -12401.6 -5.19035
201000 501.168 -12454.9 19.0823
202000 499.58 -12427.6 -2.38499
203000 499.527 -12332.5 6.17364
204000 500.953 -12304.9 7.45668
205000 502.365 -12343.8 5.18063
206000 498.749 -12219.2 12.7086
207000 500.848 -12255.3 6.60205
208000 501.294 -12343.5 7.11316
209000 497.775 -12351 14.3591
210000 503.197 -12233.3 -8.38559
211000 498.986 -12369.5 -1.59523
212000 499.371 -12335.5 3.19306
213000 501.622 -12271.3 6.97127
214000 501.003 -12374.5 2.31633
215000 500.005 -12345.3 21.1534
216000 502.112 -12300 -13.0987
217000 502.836 -12352 -6.21291
218000 499.97 -12303.4 -0.79875
219000 499.652 -12346.4 6.71821
220000 502.067 -12250 -0.505289
221000 502.421 -12252.1 -2.20108
222000 498.691 -12391.9 17.4162
223000 499.347 -12328.2 -6.14796
224000 499.565 -12390.3 5.60132
225000 501.227 -12278.6 4.82226
226000 498.217 -12453 2.17076
227000 501.418 -12376.7 6.03458
228000 501.267 -12278.3 -21.774
229000 499.926 -12332.2 14.2
230000 499.309 -12374.6 13.0724
231000 496.949 -12482.9 -11.2315
232000 498.554 -12337.9 4.05925
233000 500.917 -12288.1 -9.48394
234000 502.35 -12176.1 10.4331
235000 496.899 -12451.2 1.38503
236000 499.345 -12256.5 9.47768
237000 499.285 -12403.5 -5.07442
238000 501.316 -12314.8 -8.40704
239000 498.901 -12295.6 -3.599
240000 498.4 -12292 21.0837
241000 498.918 -12281 -14.0104
242000 502.177 -12223 18.2861
243000 500.417 -12298 0.306916
244000 501.278 -12297.5 0.268122
245000 501.638 -12360.6 -3.96945
246000 502.432 -12335.2 -2.77771
247000 500.255 -12302.6 -7.12943
248000 498.251 -12424.2 19.0751
249000 499.631 -12326.9 -7.23965
250000 499.232 -12282 13.5802
251000 499.541 -12362.7 5.45573
252000 500.044 -12373 9.63687
253000 501.741 -12263.2 -4.76144
254000 500.615 -12405.9 7.37251
255000 500.84 -12340 -1.3267
256000 499.244 -12269.9 5.45818
257000 501.807 -12418.4 -9.55051
258000 497.191 -12419 -2.9568
259000 499.283 -12375 7.70398
260000 498.661 -12368.7 11.3689
261000 500.469 -12234.5 -5.7372
262000 502.246 -12321.2 12.0998
263000 501.099 -12257 5.02352
264000 503.685 -12238 9.18365
265000 501.545 -12276.7 2.45357
266000 499.458 -12355.9 -4.34378
267000 501.154 -12326.7 -11.4848
268000 500.468 -12313.9 2.62168
269000 499.561 -12322.7 -8.42275
270000 499.278 -12243.4 7.14838
271000 497.145 -12454.4 5.23202
272000 501.468 -12341.1 -6.32361
273000 502.046 -12269.5 -0.154185
274000 499.47 -12138.9 -11.4025
275000 503.498 -12172.7 5.15579
276000 498.836 -12346.1 13.3167
277000 501.337 -12279.9 -1.25584
278000 501.054 -12158.3 6.50068
279000 503.619 -12249.4 0.171302
280000 502.745 -12203.5 6.15664
281000 499.125 -12402.6 -3.45089
282000 496.754 -12411.1 10.144
283000 498.992 -12415.5 4.46203
284000 500.867 -12390.9 14.1944
285000 499.416 -12320 6.84421
286000 499.114 -12353.2 -1.48543
287000 498.234 -12350.7 4.27318
288000 499.348 -12237.2 -9.727
289000 498.698 -12458.2 6.04462
290000 501.665 -12301.3 -5.96863
291000 497.953 -12338.3 -4.90774
292000 501.646 -12330.3 -1.88237
293000 497.962 -12380.8 1.21579
294000 501.464 -12400 14.307
295000 502.759 -12344.5 -21.5746
296000 499.627 -12251.2 11.8005
297000 498.495 -12274.2 14.0597
298000 500.014 -12284.8 11.4921
299000 500.965 -12220.3 2.68787
300000 500.743 -12276.9 -13.5794
301000 498.946 -12387.6 8.48649
302000 501.251 -12349 -2.69489
303000 498.587 -12353.5 -6.53694
304000 501.076 -12325.3 25.7207
305000 497.079 -12415.9 -10.8895
306000 501.151 -12287.3 8.74016
307000 500.939 -12248.1 10.331
308000 499.107 -12403.8 -10.5406
309000 500.156 -12301.2 13.9407
310000 502.831 -12278.8 3.18105
311000 497.233 -12394.2 1.93882
312000 500.586 -12287 2.59511
313000 500.793 -12318.3 9.92032
314000 499.364 -12263 0.543604
315000 501.124 -12287.5 5.32862
316000 499.971 -12302.4 -1.51202
317000 500.822 -12279.7 -0.228243
318000 499.281 -12371.9 0.447949
319000 500.555 -12398.5 -15.6034
320000 501.212 -12239.1 8.31625
321000 500.262 -12372.6 6.06269
322000 499.169 -12493.4 11.4824
323000 500.512 -12303.4 -3.13247
324000 498.599 -12349.9 2.37751
325000 500.957 -12305.9 4.07645
326000 497.659 -12458.2 -4.57819
327000 500.825 -12259.6 12.3229
328000 498.627 -12343.1 0.484318
329000 499.376 -12275.9 12.6375
330000 502.983 -12200.7 -5.51022
331000 501.815 -12393.4 14.5264
332000 497.363 -12462.6 -1.9831
333000 500.109 -12450.2 4.70828
334000 500.008 -12316.1 0.879619
335000 502.484 -12357.3 3.52852
336000 499.88 -12322.2 -10.1881
337000 500.905 -12251.1 3.42243
338000 499.45 -12315.1 6.95919
339000 500.961 -12420.1 -2.97144
340000 501.3 -12356.8 7.88397
341000 502.847 -12254.6 0.424387
342000 500.755 -12332.9 -3.27386
343000 499.464 -12390.2 11.3026
344000 497.741 -12365.7 7.81868
345000 494.048 -12506.2 11.2911
346000 499.393 -12326.5 -10.4522
347000 498.068 -12322.8 11.2921
348000 500.985 -12327.8 -1.21233
349000 501.41 -12267.1 2.66345
350000 499.89 -12381.1 -3.74507
351000 497.89 -12374.7 4.78556
352000 500.285 -12331 -7.47118
353000 499.932 -12364.4 4.54341
354000 496.658 -12428.3 8.71956
355000 500.546 -12365.4 -0.525159
356000 502.655 -12282.4 -15.9447
357000 495.904 -12422.5 6.105
358000 502.009 -12278.6 14.0393
359000 499.97 -12257.2 0.664398
360000 497.968 -12273.9 2.77836
361000 499.516 -12277 7.60642
362000 500.711 -12324.6 1.95369
363000 500.657 -12318.1 -5.19381
364000 504.765 -12383.7 10.5847
365000 501.849 -12295.6 2.01486
366000 497.743 -12305.9 -7.69898
367000 499.393 -12278.6 -3.47603
368000 498.285 -12338.3 -5.21307
369000 503.44 -12248.9 13.56
370000 498.688 -12331.2 -10.7294
371000 500.561 -12365.1 -6.21752
372000 500.121 -12369.6 -9.1478
373000 501.068 -12287.1 0.147243
374000 499.67 -12336.6 4.91624
375000 499.137 -12365 14.8551
376000 500.705 -12346.8 -0.510987
377000 497.229 -12401.7 11.0645
378000 499.243 -12432.7 -0.441025
379000 496.948 -12492.5 14.7853
380000 497.574 -12376.7 -26.6824
381000 501.91 -12217.4 -0.28528
382000 499.373 -12232.6 14.4324
383000 498.101 -12451.8 2.51808
384000 498.976 -12419.2 9.36537
385000 501.962 -12208.5 -8.15826
386000 500.23 -12266.6 -2.76355
387000 499.025 -12280.1 11.3165
388000 501.907 -12272.6 10.4279
389000 496.805 -12343.4 -1.60942
390000 502.242 -12290.4 -4.56139
391000 500.738 -12361.7 7.47769
392000 500.4 -12296.3 -0.672278
393000 501.248 -12161.5 6.3046
394000 499.141 -12327.8 -22.1947
395000 499.348 -12380.6 20.2217
396000 501.358 -12300.7 -9.26899
397000 502.43 -12265.3 6.08838
398000 500.47 -12310.6 -7.26278
399000 498.034 -12335.3 3.49414
400000 498.723 -12299.7 1.23897
401000 500.054 -12303.4 -1.47656
402000 499.554 -12444.1 16.2247
403000 497.607 -12406.2 -5.55063
404000 501.133 -12202.8 -23.9202
405000 499.652 -12338.8 -0.6538
406000 499.324 -12406.5 15.1306
407000 500.08 -12308.6 0.887387
408000 496.948 -12317.2 -1.21218
409000 504.042 -12255.9 17.3466
410000 499.197 -12294.5 -0.367925
411000 502.056 -12405.3 13.9078
412000 500.222 -12337.9 13.5123
413000 502.932 -12187.3 -4.70826
414000 499.513 -12400.4 -1.83123
415000 502.102 -12322 -9.63806
416000 500.743 -12276.3 -0.496552
417000 501.065 -12277.7 20.2749
418000 499.587 -12285.4 16.0213
419000 499.692 -12305.2 -7.25403
420000 501.057 -12244.6 1.45854
421000 499.013 -12322.3 -10.1829
422000 500.058 -12304.1 11.6115
423000 501.238 -12235.2 -6.9376
424000 499.859 -12336.4 20.0005
425000 497.128 -12428.1 -3.52442
426000 498.641 -12392.2 8.89487
427000 498.945 -12294.2 -3.88331
428000 498.316 -12418.2 -1.89107
429000 501.508 -12385.8 -6.827
430000 499.623 -12336.5 -6.28853
431000 500.472 -12307.7 6.36736
432000 499.19 -12316 -21.0628
433000 499.08 -12361.1 9.02757
434000 502.002 -12339.2 -1.87667
435000 500.223 -12361 7.09817
436000 498.792 -12363.9 -8.07623
437000 500.796 -12289.7 -19.7796
438000 500.694 -12277.6 2.89759
439000 502.213 -12246.7 7.57597
440000 501.651 -12336.4 -0.833449
441000 500.485 -12256.2 6.26888
442000 499.713 -12303.7 -6.6946
443000 500.373 -12298.8 -0.769984
444000 502.557 -12225.4 4.65388
445000 501.306 -12338.5 -21.6749
446000 500.619 -12178.3 16.435
447000 499.25 -12336 8.18543
448000 504.208 -12245.5 -8.93497
449000 498.762 -12291.3 4.52364
450000 499.241 -12337.7 14.1694
451000 499.149 -12250.2 -16.2831
452000 501.164 -12350.9 -9.29911
453000 501.912 -12270.5 0.0707459
454000 499.997 -12382.2 -11.083
455000 499.565 -12321.3 8.96677
456000 499.999 -12325.5 -20.5383
457000 498.562 -12378.6 3.87695
458000 499.268 -12254.5 17.4028
459000 499.313 -12371.2 5.07416
460000 499.493 -12347 -18.6117
461000 501.046 -12344.8 8.16557
462000 497.593 -12361.7 7.42264
463000 499.613 -12239.3 15.1293
464000 500.273 -12350.1 -9.84898
465000 499.166 -12266.4 1.67857
466000 497.843 -12306 13.8457
467000 500.301 -12259.1 -11.5372
468000 498.378 -12364.6 13.5478
469000 501.301 -12403.8 -4.22792
470000 502.474 -12339.1 -2.88284
471000 496.918 -12413.7 6.81004
472000 499.435 -12315.9 9.05189
473000 502.943 -12290.5 12.3199
474000 499.419 -12333.5 -2.40529
475000 498.99 -12333.5 -7.80929
476000 499.105 -12342.4 3.89117
477000 499.926 -12343.3 -5.96308
478000 498.486 -12365.2 16.1571
479000 498.946 -12378.3 -12.6529
480000 500.526 -12333.1 0.90247
481000 499.128 -12346.7 -3.49548
482000 498.162 -12385.6 13.4256
483000 501.695 -12364.8 12.9152
484000 498.932 -12344.3 -11.8424
485000 501.502 -12314 3.73862
486000 497.444 -12378.7 19.2777
487000 499.793 -12324.3 6.50657
488000 500.937 -12363.7 -15.6083
489000 499.288 -12286.5 -12.5984
490000 499.862 -12322.6 9.6427
491000 501.157 -12239.3 0.54066
492000 501.73 -12213.3 5.95781
493000 499.269 -12320.7 -8.72147
494000 500.492 -12253.1 -6.01875
495000 500.46 -12282.5 -9.07762
496000 500.009 -12301.1 12.6478
497000 500.5 -12314.1 -7.38591
498000 502.23 -12275.7 4.25803
499000 497.238 -12417.6 -10.2553
500000 501.514 -12403.7 15.4552
501000 501.741 -12332.8 -2.98877
502000 500.88 -12233.4 -9.46131
503000 499.013 -12358.7 -3.73931
504000 499.071 -12224.9 23.0789
505000 500.914 -12190.5 6.51755
506000 498.984 -12373 -1.14052
507000 496.237 -12362.5 7.91297
508000 499.133 -12239.9 18.688
509000 499.718 -12374.9 -7.90085
510000 502.618 -12293.8 2.45589
511000 498.598 -12380.4 -3.85327
512000 501.325 -12338.3 -7.04877
513000 497.352 -12285 4.51712
514000 500.533 -12416.7 5.76765
515000 498.902 -12383.4 -6.69719
516000 502.295 -12259.1 8.49362
517000 500.809 -12307.4 -7.188
518000 502.405 -12446.7 -3.14017
519000 497.839 -12444.1 4.29553
520000 499.096 -12317.1 -9.10034
521000 500.561 -12381.5 23.3359
522000 500.716 -12343.6 -21.3211
523000 498.317 -12390.8 6.1304
524000 496.272 -12442.4 4.45723
525000 500.715 -12413.6 -1.38648
526000 501.945 -12151.5 -2.55354
527000 501.988 -12342.8 1.9227
528000 501.468 -12253.8 -6.93563
529000 501.575 -12276.9 0.0844786
530000 501.19 -12264.6 2.52687
531000 498.776 -12277.1 19.9914
532000 497.786 -12298.8 -10.029
533000 502.333 -12300.8 6.66391
534000 500.543 -12310.1 -4.54873
535000 497.759 -12296.3 1.50702
536000 500.552 -12324.4 -21.0032
537000 498.763 -12368.4 3.00552
538000 496.952 -12432.7 -3.20025
539000 502.636 -12296.7 4.31047
540000 501.398 -12300.4 -8.38339
541000 502.079 -12334.4 3.43416
542000 500.574 -12324.2 -0.484327
543000 497.267 -12302.6 -1.89015
544000 501.911 -12241.3 -9.95816
545000 498.346 -12391.5 3.02965
546000 499.768 -12398.8 -2.68252
547000 499.04 -12416.6 -0.765148
548000 500.478 -12293.5 17.1771
549000 500.164 -12312.7 -6.13418
550000 499.174 -12358.3 10.7579
551000 499.75 -12258.3 3.16335
552000 498.831 -12344.8 14.5229
553000 496.837 -12462 -6.31683
554000 498.76 -12403.1 10.5525
555000 499.968 -12349.8 -3.22072
556000 500.6 -12300.5 -13.7238
557000 499.321 -12340.6 2.51068
558000 499.865 -12297.7 13.7779
559000 503.161 -12310.6 -15.5727
560000 499.197 -12405.3 1.63465
561000 499.584 -12360 -6.38655
562000 499.923 -12341.7 -3.11462
563000 500.593 -12332.8 5.16552
564000 501.828 -12350.8 -11.339
565000 499.13 -12265.1 0.817648
566000 498.619 -12403.8 10.0849
567000 499.197 -12319.4 -6.21826
568000 499.697 -12411.7 4.68043
569000 501.202 -12321.6 -18.295
570000 500.788 -12240.6 15.178
571000 500.485 -12326.6 -1.91594
572000 501.784 -12227.7 6.15091
573000 501.544 -12296.4 9.70924
574000 501.439 -12432 3.20448
575000 502.361 -12172.1 6.73671
576000 500.036 -12351.7 11.6496
577000 498.861 -12295.3 -0.464921
578000 499.813 -12280.3 11.5294
579000 502.599 -12356.3 12.9023
580000 500.333 -12272.2 -2.50547
581000 499.207 -12254 -0.900948
582000 498.057 -12407.3 14.3491
583000 501.062 -12342.2 0.628162
584000 500.159 -12392.3 17.6179
585000 499.461 -12257.2 2.78784
586000 498.137 -12407.1 -2.57266
587000 502.986 -12154.9 4.98792
588000 502.57 -12363.1 -10.8298
589000 499.169 -12282.6 -3.04582
590000 502.892 -12318.9 -6.91792
591000 499.012 -12342.9 1.06002
592000 499.423 -12310.2 0.374859
593000 500.123 -12323.7 0.98462
594000 501.36 -12326.5 -2.6408
595000 500.932 -12313 -1.30617
596000 500.926 -12284.9 2.5643
597000 500.505 -12280.8 0.144367
598000 500.364 -12319.7 -9.11902
599000 500.566 -12265.7 -10.1013
600000 500.022 -12241.3 11.4806
601000 501.914 -12221.8 -12.9482
602000 498.163 -12317.9 -4.056
603000 499.746 -12407.2 8.99787
604000 501.274 -12218 -7.38943
605000 499.792 -12323.4 15.6665
606000 501.2 -12338.2 4.49817
607000 499.244 -12324.8 5.46633
608000 504.127 -12303.4 23.3203
609000 499.504 -12301.4 12.1401
610000 498.734 -12289.9 -3.37771
611000 499.554 -12313.2 2.68655
612000 501.727 -12402 0.669549
613000 501.572 -12359.8 3.29699
614000 498.901 -12381.6 17.0313
615000 500.179 -12297.1 -7.60636
616000 498.158 -12357 14.9781
617000 500.72 -12251.7 6.06769
618000 500.457 -12354.4 -4.09013
619000 502.5 -12240.2 13.4049
620000 497.066 -12322.3 12.1469
621000 500.554 -12282.3 -16.0327
622000 499.067 -12387.9 10.0845
623000 499.227 -12267.1 9.43787
624000 498.764 -12339.4 2.96521
625000 500.956 -12345.2 7.33496
626000 498.247 -12430.6 4.62127
627000 502.223 -12241.4 3.27275
628000 498.787 -12359.1 2.73657
629000 498.872 -12373 -0.84244
630000 501.982 -12334.8 -8.20974
631000 496.592 -12488.6 5.34932
632000 497.626 -12384.5 -17.8472
633000 497.08 -12432.5 12.2078
634000 501.672 -12336.8 -11.988
635000 495.23 -12460.9 -2.85254
636000 500.098 -12439.4 10.9339
637000 499.152 -12297.8 1.60807
638000 500.194 -12319 -2.89011
639000 498.93 -12378.9 9.18495
640000 500.62 -12365.2 4.55223
641000 500.147 -12268.4 -6.11495
642000 498.965 -12352.7 -4.8609
643000 501.264 -12281.9 15.784
644000 500.79 -12370.3 -24.8756
645000 498.627 -12304.3 9.57894
646000 498.757 -12453.7 9.53435
647000 500.85 -12370.3 -18.8542
648000 500.857 -12291.4 8.44503
649000 498.953 -12361.4 2.84523
650000 499.205 -12237.7 -3.86313
651000 502.77 -12272.4 -3.40307
652000 498.648 -12430.8 3.44655
653000 502.316 -12353.2 -14.4728
654000 498.016 -12398.5 7.911
655000 502.816 -12310.5 3.62193
656000 498.967 -12360.1 9.43731
657000 498.857 -12386.1 3.51191
658000 502.779 -12207.7 -2.41857
659000 498.968 -12313.3 1.42841
660000 499.247 -12240.7 -4.62017
661000 500.435 -12222.6 -3.21227
662000 499.141 -12268.9 13.3107
663000 502.751 -12195 -2.77152
664000 497.423 -12378 -5.89698
665000 501.646 -12281.5 14.8721
666000 495.502 -12386.4 -7.19963
667000 501.051 -12180.8 15.915
668000 498.819 -12315.8 -1.56921
669000 496.688 -12427.9 0.814386
670000 500.406 -12262.5 1.11447
671000 498.951 -12318.6 -5.06473
672000 502.245 -12329.5 16.3333
673000 500.044 -12305.8 -6.98049
674000 499.307 -12257.5 6.78847
675000 498.575 -12407.1 1.31457
676000 498.974 -12292 2.62152
677000 500.702 -12150.7 30.139
678000 499.554 -12323.3 -20.3765
679000 500.669 -12355.5 21.2641
680000 498.046 -12472.3 -2.89048
681000 497.484 -12521.9 5.87248
682000 500.699 -12339.4 4.20655
683000 502.544 -12261.9 -3.52398
684000 500.979 -12256.4 16.3144
685000 503.008 -12209.3 -8.01837
686000 499.993 -12211.6 2.05482
687000 501.578 -12274.3 0.826406
688000 499.959 -12266.6 -10.6711
689000 499.322 -12280.7 5.80224
690000 501.652 -12171.5 -4.04832
691000 497.002 -12338.7 -4.10425
692000 497.09 -12300.2 9.90547
693000 503.589 -12235.1 4.78224
694000 498.846 -12337.1 -0.0138596
695000 499.626 -12411.8 -5.99897
696000 499.861 -12234 -13.7509
697000 501.189 -12273 3.5565
698000 500.893 -12298.2 -1.74782
699000 499.789 -12380.8 4.46861
700000 499.403 -12430 1.33735
701000 501.956 -12369.5 6.29042
702000 498.605 -12411.3 1.08958
703000 499.311 -12327.5 4.97705
704000 501.717 -12294.5 1.82563
705000 498.086 -12304.8 -0.503363
706000 498.837 -12343.8 6.20926
707000 499.722 -12317.9 2.26394
708000 497.956 -12332.4 6.82923
709000 500.412 -12261.3 6.44555
710000 501.193 -12303.8 -16.817
711000 500.665 -12340 9.18675
712000 502.068 -12290.8 -8.79447
713000 499.737 -12347.9 -2.37533
714000 498.585 -12386.8 -5.25282
715000 500.559 -12366.3 -2.31922
716000 502.308 -12216.8 23.7836
717000 502.938 -12228.7 -20.0677
718000 498.691 -12330.1 5.15193
719000 500.734 -12324.5 7.75416
720000 500.918 -12307.7 -17.3153
721000 498.333 -12346.4 3.52132
722000 498.004 -12296.6 22.379
723000 500.464 -12291.4 9.35765
724000 502.931 -12329.2 -6.66148
725000 501.421 -12287.9 -0.342642
726000 497.369 -12452.8 2.35392
727000 497.768 -12380.9 -7.31644
728000 498.763 -12348.9 4.74689
729000 499.266 -12280.2 6.25845
730000 498.79 -12443.8 -10.4741
731000 501.258 -12396.3 7.15861
732000 501.35 -12312 11.3959
733000 499.199 -12378.3 6.52418
734000 500.895 -12318 0.364204
735000 498.861 -12312.6 -1.74758
736000 500.309 -12213.8 6.6875
737000 500.353 -12295.4 20.2493
738000 501.837 -12264.2 8.81974
739000 500.092 -12377.6 -4.49353
740000 499.212 -12438.1 10.5201
741000 497.736 -12406.8 -4.804
742000 499.796 -12305.5 -10.0626
743000 500.395 -12370.2 14.8406
744000 498.793 -12392.9 -1.48656
745000 501.432 -12368.5 -16.2702
746000 498.442 -12337.1 15.1996
747000 503.331 -12248.3 7.88045
748000 500.278 -12295.5 0.449916
749000 499.836 -12412.1 11.5615
750000 502.597 -12240.3 -4.83569
751000 499.475 -12252.4 4.75529
752000 502.449 -12250.4 -3.47359
753000 497.072 -12394.4 -1.93543
754000 501.448 -12343.9 0.617316
755000 501.691 -12308.8 1.53632
756000 499.758 -12296.3 -1.5722
757000 499.947 -12303.5 0.112207
758000 499.231 -12282.8 10.7601
759000 498.349 -12302.3 -4.98116
760000 500.493 -12292.9 -4.07208
761000 502.248 -12306.8 -4.83121
762000 503.003 -12233.6 3.98206
763000 501.466 -12309.2 -9.05524
764000 498.537 -12432.3 6.92546
765000 502.606 -12227.3 -6.76554
766000 500.531 -12314.8 -1.63637
767000 500.192 -12295 14.5615
768000 502.087 -12306 -7.39661
769000 501.584 -12285.1 -4.37901
770000 499.712 -12240.9 3.21836
771000 499.968 -12348.4 -4.02449
772000 498.43 -12298.6 -14.3321
773000 499.076 -12383.6 1.9423
774000 499.866 -12350.1 -1.27357
775000 499.713 -12286 23.5185
776000 500.372 -12295.8 -1.6091
777000 500.619 -12306.2 12.3028
778000 500.111 -12433.2 -8.90398
779000 500.78 -12365.9 4.97533
780000 501.243 -12384.6 16.8849
781000 500.634 -12265.6 -4.70466
782000 499.768 -12361.7 -1.25241
783000 498.865 -12383.5 -6.22581
784000 498.502 -12411.9 18.8251
785000 502.482 -12276.5 1.6141
786000 500.985 -12255.9 -0.132334
787000 499.894 -12248.1 3.03293
788000 499.046 -12382.1 21.1477
789000 499.069 -12285.5 2.19954
790000 498.418 -12432.1 2.99461
791000 500.414 -12408.4 2.77315
792000 496.859 -12394.4 -0.757985
793000 498.718 -12383.2 5.886
794000 499.173 -12313 -6.25904
795000 498.691 -12355.3 10.8897
796000 496.568 -12312.2 11.9082
797000 498.61 -12341.2 -0.713005
798000 500.015 -12222.5 -0.560821
799000 502.936 -12266.5 12.935
800000 501.127 -12345.2 -18.1575
801000 500.646 -12224.4 2.37398
802000 499.285 -12343.5 2.44542
803000 500.512 -12374.1 4.79332
804000 496.858 -12465.7 -2.81107
805000 501.493 -12324.8 4.33089
806000 501.402 -12367 5.99559
807000 503.898 -12302.4 4.47574
808000 499.99 -12344.9 -6.15179
809000 498.629 -12290.8 15.992
810000 500.543 -12217.2 8.20551
811000 498.784 -12284.9 1.08599
812000 498.337 -12339.4 12.6743
813000 500.695 -12325.4 -14.6614
814000 497.867 -12378.3 11.7849
815000 500.982 -12492.4 2.67134
816000 500.979 -12412.3 12.9478
817000 498.622 -12455.7 -7.81923
818000 501.017 -12332.8 16.1487
819000 497.256 -12399.3 -12.451
820000 500.207 -12349.3 -13.6609
821000 498.904 -12338 -1.64278
822000 498.917 -12402.2 13.0491
823000 499.391 -12349.2 -8.87803
824000 499.088 -12385 -18.7889
825000 501.228 -12309.1 17.7738
826000 501.889 -12311.6 14.8092
827000 500.545 -12363.4 4.159
828000 499.991 -12289.5 -14.8499
829000 500.684 -12255.3 18.6593
830000 498.892 -12313.2 -9.60286
831000 502.157 -12371.1 4.60582
832000 498.685 -12307.1 -10.9951
833000 499.575 -12363.4 -0.150815
834000 501.858 -12457.9 -0.381695
835000 500.646 -12316.4 -10.9866
836000 501.607 -12344 6.53848
837000 499.273 -12313.1 -3.01138
838000 499.136 -12274.2 4.31725
839000 501.299 -12158.7 -7.32393
840000 496.167 -12303.5 6.28003
841000 499.701 -12346.1 -1.94988
842000 499.049 -12324.2 -14.4324
843000 497.632 -12395.9 1.15996
844000 499.132 -12288.1 -4.02843
845000 499.279 -12245.2 16.3225
846000 501.303 -12293.6 8.63474
847000 500.527 -12380.1 -2.41476
848000 497.831 -12423.5 -12.7199
849000 499.115 -12434.5 5.39234
850000 498.7 -12446.8 6.1696
851000 500.03 -12389.9 -7.85478
852000 500.238 -12369.1 13.63
853000 502.707 -12287.4 6.06853
854000 500.224 -12292.3 4.24838
855000 500.026 -12345.6 -16.5174
856000 502.713 -12301.2 3.8652
857000 498.579 -12304.7 10.4378
858000 502.747 -12271 14.0449
859000 498.804 -12320.9 -2.679
860000 499.373 -12371.6 11.0378
861000 500.49 -12303.5 0.0320307
862000 501.871 -12368.6 -18.0962
863000 498.579 -12403.4 6.52318
864000 499.46 -12291.5 -0.87442
865000 500.519 -12335.1 -6.68856
866000 499.213 -12369.8 -6.62594
867000 499.328 -12334.8 12.0525
868000 497.123 -12455.4 -3.36617
869000 500.276 -12438.3 16.9834
870000 501.138 -12358 -6.15981
871000 499.965 -12299.9 15.6659
872000 503.592 -12155.2 6.63767
873000 500.48 -12372.1 4.74149
874000 496.171 -12365.6 8.62823
875000 498.976 -12295 -2.58132
876000 500.195 -12341.2 6.91016
877000 500.022 -12386.5 2.09863
878000 498.637 -12338.5 -0.342516
879000 498.504 -12297.8 17.0406
880000 499.264 -12402.1 2.67009
881000 499.973 -12479.8 -12.9835
882000 498.917 -12452.7 10.4864
883000 499.411 -12348.9 -13.6838
884000 500.205 -12263 13.0319
885000 502.885 -12232.7 -0.726545
886000 500.303 -12297.5 20.5784
887000 500.975 -12254.5 -15.8553
888000 499.678 -12261.3 8.4581
889000 499.588 -12302.7 -8.98592
890000 499.149 -12417.8 -1.11408
891000 498.567 -12271.4 6.42142
892000 501.159 -12283 -2.12857
893000 502.529 -12342.5 -2.31649
894000 497.812 -12302.7 -9.62852
895000 498.449 -12402.6 9.53385
896000 497.89 -12424.3 -7.6534
897000 502.495 -12254 -9.10743
898000 500.187 -12247.7 16.1702
899000 498.806 -12269.3 -5.04897
900000 499.919 -12338 10.8714
901000 497.492 -12409.7 10.0687
902000 497.967 -12285.8 4.36268
903000 497.765 -12303.7 -7.85223
904000 503.78 -12278.8 9.6555
905000 500.074 -12243 -3.42816
906000 500.16 -12349.1 -0.863256
907000 497.255 -12426.8 2.87148
908000 502.425 -12277.6 3.56831
909000 497.59 -12431.6 6.93693
910000 501.957 -12342.6 -17.6241
911000 499.566 -12438 13.5812
912000 501.925 -12288.2 -8.21401
913000 497.964 -12381.7 15.6349
914000 502.373 -12410.9 -3.63669
915000 497.891 -12392.7 -5.89781
916000 501.144 -12291.4 19.5782
917000 499.258 -12416.6 -8.44624
918000 500.073 -12420.6 7.08554
919000 501.871 -12274.9 -5.1418
920000 501.65 -12323.3 -1.2084
921000 500.332 -12374.4 -1.78048
922000 500.251 -12326.2 14.5007
923000 498.017 -12387.8 11.6588
924000 498.403 -12386.3 2.50986
925000 500.962 -12312.1 -6.982
926000 501.713 -12282 -3.96454
927000 503.18 -12348.8 -0.506868
928000 502.595 -12281.8 3.35421
929000 499.566 -12371 -1.49495
930000 499.303 -12344.9 3.4525
931000 502.007 -12372.5 3.85448
932000 498.596 -12457.5 -1.47661
933000 499.717 -12483.5 -0.575663
934000 498.334 -12466.8 4.62718
935000 498.651 -12389.2 -3.18856
936000 499.675 -12383.5 14.511
937000 500.632 -12241.6 7.28249
938000 502.788 -12442.1 -16.7536
939000 499.873 -12354.1 -3.19002
940000 499.154 -12309.7 10.3694
941000 499.123 -12307.6 -0.0638969
942000 497.799 -12328.8 -0.0985083
943000 500.268 -12334.5 -7.16659
944000 501.208 -12371.6 19.7942
945000 496.566 -12381.1 -6.39342
946000 498.369 -12357.1 11.6897
947000 502.191 -12212.7 -12.0755
948000 499.584 -12340.5 -4.34615
949000 497.467 -12351.3 -0.184446
950000 500.001 -12296.4 -6.54521
951000 498.512 -12395.2 0.0884374
952000 503.262 -12264.5 6.84835
953000 498.41 -12404.3 7.22812
954000 500.945 -12321 9.93034
955000 499.155 -12359.9 5.04142
956000 499.493 -12415.2 -8.55955
957000 499.581 -12353.1 5.5416
958000 500.809 -12232.5 -3.61621
959000 499.359 -12354.9 0.732643
960000 503.397 -12291.5 -3.01983
961000 496.535 -12329 1.53657
962000 500.359 -12267.7 0.091286
963000 498.479 -12352 7.40907
964000 499.094 -12356.8 6.777
965000 502.21 -12288.3 6.75234
966000 500.431 -12179.4 4.25002
967000 496.399 -12408.4 7.97683
968000 498.773 -12330.5 2.32676
969000 499.211 -12311.7 23.1586
970000 500.964 -12338.1 -3.18446
971000 500.754 -12377.6 1.19678
972000 502.073 -12288.8 -7.57198
973000 502.95 -12269.9 5.11703
974000 500.29 -12360.7 -3.95383
975000 498.87 -12373.7 7.71426
976000 499.646 -12324.4 -2.26394
977000 499.101 -12365 4.75711
978000 500.947 -12434.5 -1.38302
979000 499.439 -12305.7 5.05673
980000 498.498 -12317.8 6.94586
981000 502.837 -12304.9 -10.3586
982000 498.438 -12265.9 -0.52342
983000 500.469 -12332.7 6.99802
984000 499.806 -12329.7 -0.144593
985000 502.262 -12300.1 1.47979
986000 499.081 -12325.3 7.81563
987000 502.203 -12333.3 -10.7701
988000 501.504 -12324.7 13.0284
989000 499.568 -12309.7 -7.31306
990000 498.963 -12400.5 -3.86497
991000 500.77 -12380.1 -5.00014
992000 496.92 -12413.5 16.6208
993000 500.138 -12248.8 -2.4111
994000 499.905 -12264.8 -2.86323
995000 499.096 -12366.3 8.33938
996000 498.116 -12381.5 -14.0472
997000 498.342 -12450.5 3.88663
998000 498.984 -12428 -4.20533
999000 498.969 -12393.2 -9.90827
1000000 500.996 -12376.9 8.18754
1001000 501.679 -12278.7 -5.8487
1002000 500.216 -12318 10.2038
1003000 502.019 -12377.5 7.40313
1004000 500.647 -12302.8 -0.872984
1005000 499.552 -12325.1 0.171354
1006000 499.101 -12359 5.93519
1007000 500.219 -12291.6 2.88259
1008000 499.979 -12374.4 2.51246
1009000 496.315 -12455.7 3.40984
1010000 497.692 -12439.9 11.4686
1011000 499.009 -12283.8 3.86772
1012000 500.094 -12274.7 -2.70441
1013000 503.481 -12243.9 -5.34221
1014000 500.939 -12310.7 2.085
1015000 502.643 -12312.8 9.63769
1016000 500.399 -12290.1 -5.77733
1017000 499.937 -12237.3 2.5243
1018000 497.234 -12393.3 -5.84214
1019000 500.673 -12310.4 -5.45364
1020000 496.23 -12421.2 7.70762
1021000 497.659 -12352.4 -3.63233
1022000 497.403 -12258.1 10.6533
1023000 500.108 -12269.1 -11.8693
1024000 500.752 -12205.5 -11.9266
1025000 499.338 -12308.2 28.2369
1026000 498.925 -12310.9 -9.49723
1027000 498.415 -12443.6 18.612
1028000 501.838 -12340.8 -9.01736
1029000 502.555 -12316.5 -1.60284
1030000 502.028 -12296.6 9.34049
1031000 498.241 -12469.7 -8.92549
1032000 498.799 -12396.9 8.13919
1033000 500.641 -12364.4 10.5293
1034000 498.847 -12363.9 -8.72676
1035000 498.149 -12342.5 10.7134
1036000 500.38 -12260.3 -0.0621881
1037000 500.091 -12349.3 -13.8633
1038000 496.15 -12406.7 3.71304
1039000 499.486 -12195.8 9.39071
1040000 501.714 -12168.7 11.9981
1041000 500.981 -12309.3 -8.24167
1042000 501.6 -12326.7 13.8603
1043000 498.89 -12387 -2.02446
1044000 498.541 -12367 14.46
1045000 500.661 -12334 8.3975
1046000 500.282 -12405.6 1.83001
1047000 501.826 -12253.3 4.06805
1048000 497.91 -12387.6 1.31502
1049000 502.042 -12248.8 12.3935
1050000 500.806 -12412.1 -0.437414
1051000 500.769 -12237.9 -5.40879
1052000 496.553 -12467.4 13.4753
1053000 500.525 -12314.7 1.17715
1054000 500.882 -12323.5 5.2629
1055000 500.868 -12328.2 5.67904
1056000 498.339 -12358 3.74327
1057000 498.59 -12361.9 5.12291
1058000 500.854 -12338.9 1.63359
1059000 499.931 -12262.2 -10.6643
1060000 496.751 -12428.1 6.4382
1061000 500.328 -12217.2 -7.3266
1062000 502.986 -12196.5 7.79232
1063000 499.275 -12375.7 -1.87462
1064000 501.74 -12335.7 -9.19079
1065000 499.16 -12326.5 6.88131
1066000 505.798 -12209.7 -6.57108
1067000 499.621 -12293.7 -0.2633
1068000 500.406 -12351.2 -6.90844
1069000 501.209 -12353.3 -3.77681
1070000 497.603 -12364.2 7.99419
1071000 499.826 -12373.5 -4.84768
1072000 503.003 -12347 2.18849
1073000 495.91 -12438.7 12.2157
1074000 498.096 -12399.8 7.55225
1075000 501.493 -12352.9 -7.47488
1076000 499.337 -12329.7 10.6798
1077000 498.284 -12317.7 15.6612
1078000 499.272 -12388.8 8.54386
1079000 498.248 -12295.4 -11.6145
1080000 500.434 -12424.9 18.9694
1081000 501.351 -12251.9 -3.62939
1082000 503.374 -12201.7 0.417473
1083000 500.428 -12271.2 1.64742
1084000 499.661 -12382.5 7.41383
1085000 499.462 -12296.5 -9.14743
1086000 501.006 -12213.1 12.2342
1087000 500.352 -12313.5 -5.40459
1088000 499.7 -12380.1 8.37902
1089000 500.863 -12302.7 -13.7802
1090000 502.398 -12195.6 7.77389
1091000 500.219 -12310.8 2.36577
1092000 501.171 -12337.6 4.31758
1093000 498.5 -12354.6 -6.29405
1094000 499.323 -12403.8 5.85864
1095000 501.565 -12292.4 -8.63615
1096000 497.734 -12275.4 2.53353
1097000 504.477 -12283.7 3.38821
1098000 501.723 -12271.7 1.40575
1099000 497.105 -12326.9 10.9712
1100000 502.035 -12225.5 -4.18033
1101000 503.256 -12300.8 -15.1882
1102000 496.982 -12369.1 3.84547
1103000 499.956 -12200.2 9.29207
1104000 499.254 -12300.3 1.96401
1105000 502.207 -12288.4 -18.6235
1106000 501.609 -12245.8 1.8626
1107000 498.035 -12195.4 3.54791
1108000 500.262 -12302 13.8607
1109000 495.475 -12398.3 -4.02923
1110000 499.898 -12269.3 0.126306
1111000 502.607 -12275.1 15.2419
1112000 500.886 -12317.7 14.2125
1113000 502.085 -12207 -2.03816
1114000 499.956 -12291.5 -0.623726
1115000 500.141 -12318.9 21.0793
1116000 500.542 -12333.6 -7.98219
1117000 500.964 -12309.1 -3.31818
1118000 501.353 -12321.6 -11.2991
1119000 499.326 -12285.3 -15.4843
1120000 500.713 -12343.3 24.9015
1121000 499.156 -12331 -5.37367
1122000 499.643 -12288.5 12.7642
1123000 502.338 -12268.4 -14.5229
1124000 499.772 -12356.2 12.1664
1125000 499.857 -12322.2 -1.13621
1126000 501.242 -12225.1 8.5283
1127000 498.807 -12224 -10.7962
1128000 499.415 -12395.9 17.607
1129000 500.073 -12241.6 -24.3531
1130000 496.281 -12272 -0.927768
1131000 499.476 -12285.1 -8.45903
1132000 502.81 -12257 4.78602
1133000 498.656 -12324.8 -5.04576
1134000 502.965 -12338.6 0.938349
1135000 496.678 -12369.9 5.10876
1136000 501.721 -12304.5 -9.58241
1137000 497.924 -12444.7 0.917323
1138000 497.926 -12492 -1.34234
1139000 502.994 -12424.1 -4.77237
1140000 497.427 -12382.6 8.79985
1141000 503.17 -12304 -2.89064
1142000 500.875 -12277.6 11.3962
1143000 501.553 -12354.1 -3.50936
1144000 500.212 -12353.9 3.83603
1145000 501.832 -12206.8 -10.1632
1146000 503.457 -12267.2 7.40822
1147000 500.289 -12306.4 -6.03474
1148000 501.286 -12249.2 0.252872
1149000 499.954 -12302.7 4.59231
1150000 500.91 -12388.4 -3.24392
1151000 500.172 -12326.1 -11.7347
1152000 500.911 -12303.8 5.56371
1153000 500.506 -12317.7 10.5855
1154000 502.528 -12305.1 -9.16109
1155000 501.697 -12343.2 4.26868
1156000 498.868 -12476.9 7.46637
1157000 499.668 -12348.5 1.99796
1158000 500.727 -12424.1 -2.89002
1159000 499.875 -12394 -4.28819
1160000 499.098 -12363.5 -19.6324
1161000 501.402 -12279.4 24.4737
1162000 501.924 -12274.9 -3.04119
1163000 499.9 -12357.7 18.8752
1164000 500.9 -12419.8 3.22884
1165000 499.44 -12293.2 -2.99452
1166000 500.806 -12279.9 -12.147
1167000 499.146 -12241.4 -4.49949
1168000 499.001 -12280.1 4.53194
1169000 498.245 -12256.7 -9.54513
1170000 502.202 -12245.6 2.33374
1171000 498.127 -12350.9 -1.30864
1172000 500.391 -12302 8.80453
1173000 499.271 -12348.9 -9.67894
1174000 499.523 -12345.4 0.131848
1175000 503.161 -12347.7 11.3998
1176000 501.375 -12339.6 12.7244
1177000 498.59 -12372.2 7.47208
1178000 500.149 -12345.5 6.50254
1179000 499.479 -12257.2 -2.42314
1180000 500.715 -12336.9 -6.05712
1181000 499.702 -12431.8 -14.5329
1182000 498.726 -12338.7 -6.2996
1183000 500.674 -12342.5 -10.6806
1184000 500.989 -12370.3 13.3254
1185000 499.138 -12329.8 16.5045
1186000 499.858 -12364.2 17.0115
1187000 503.41 -12230.6 -0.391793
1188000 498.787 -12371.5 3.79569
1189000 496.306 -12465.9 -3.90213
1190000 498.747 -12400.7 -3.24671
1191000 500.981 -12336.8 7.00634
1192000 502.895 -12310.3 -0.82232
1193000 498.278 -12492.2 -13.5349
1194000 500.849 -12307.1 26.8018
1195000 497.449 -12464.7 -1.02074
1196000 497.048 -12384.1 9.85071
1197000 501.858 -12253.7 -11.7924
1198000 497.492 -12357 2.10759
1199000 501.504 -12305.6 -8.22119
1200000 501.068 -12289.4 12.3913
1201000 498.009 -12274.8 -11.2892
1202000 497.634 -12405.6 -0.781159
1203000 499.547 -12325.6 4.04548
1204000 498.681 -12246.7 6.3431
1205000 500.001 -12250.7 -16.8551
1206000 496.97 -12424.1 12.8739
1207000 504.477 -12187.9 -6.69352
1208000 501.536 -12300.3 6.11372
1209000 501.618 -12263.1 -3.33349
1210000 500.821 -12367.5 9.2367
1211000 498.661 -12396.1 4.04816
1212000 498.483 -12362.2 -14.1917
1213000 500.729 -12335.9 16.6092
1214000 502.863 -12323.8 -14.0876
1215000 498.502 -12469.7 11.0353
1216000 496.829 -12445.6 -3.14795
1217000 498.921 -12262.1 -7.15932
1218000 500.123 -12380.8 10.7945
1219000 498.517 -12337.1 7.81451
1220000 503.836 -12189.7 3.84156
1221000 500.898 -12252.4 24.815
1222000 498.495 -12341.2 -22.5136
1223000 499.947 -12287 15.3472
1224000 502.242 -12307.4 -1.53032
1225000 501.271 -12271 -6.9814
1226000 498.962 -12365.1 0.666578
1227000 500.623 -12218.4 2.42054
1228000 501.122 -12187.8 10.069
1229000 501.718 -12331.7 -9.99153
1230000 498.944 -12434.6 -5.83506
1231000 499.842 -12339.6 1.83771
1232000 499.258 -12262.4 5.75222
1233000 500.69 -12202.7 6.68293
1234000 502.809 -12243.3 -4.10805
1235000 502.454 -12329.6 19.0483
1236000 498.755 -12323.5 -17.148
1237000 501.01 -12268.9 0.334294
1238000 498.504 -12325.3 2.1606
1239000 500.205 -12250.8 12.4743
1240000 501.118 -12234.2 -1.75018
1241000 502.769 -12288.9 13.9179
1242000 501.032 -12238.5 -23.6381
1243000 500.204 -12416 7.98927
1244000 499.66 -12312.4 6.11094
1245000 498.971 -12343.6 2.72014
1246000 500.657 -12395.7 -9.96199
1247000 501.513 -12199.6 -12.8249
1248000 500.352 -12221 -0.636831
1249000 499.584 -12326.1 -4.60908
1250000 498.58 -12335.1 5.19846
1251000 501.994 -12331.6 -2.44577
1252000 499.574 -12290.2 -0.406063
1253000 500.468 -12220.3 10.3725
1254000 502.392 -12303.8 -16.8263
1255000 499.997 -12350.1 11.4226
1256000 496.217 -12422.6 1.37369
1257000 501.603 -12227.2 5.13028
1258000 499.52 -12251.9 5.54906
1259000 502.64 -12332.7 12.2131
1260000 498.264 -12301.2 0.132427
1261000 498.449 -12325 5.76925
1262000 500.852 -12375.4 0.0224411
1263000 499.609 -12332 -15.2053
1264000 497.656 -12467.5 0.213969
1265000 499.474 -12278.7 7.50666
1266000 498.93 -12309.2 0.987844
1267000 502.064 -12320.1 -3.31049
1268000 501.675 -12385.2 -1.04209
1269000 501.93 -12245.3 -3.14702
1270000 498.018 -12404.3 19.4183
1271000 501.108 -12318 -9.07245
1272000 501.421 -12241.6 9.66702
1273000 499.568 -12314.6 -9.0052
1274000 503.703 -12245.9 -1.08791
1275000 499.556 -12360.2 2.7102
1276000 496.646 -12421.5 -6.04139
1277000 503.187 -12280.9 -1.45768
1278000 500.564 -12371.9 -11.7596
1279000 501.38 -12296.1 -20.0017
1280000 497.536 -12461 -3.23444
1281000 497.338 -12519 14.3373
1282000 502.254 -12296.5 -4.24848
1283000 501.455 -12383.5 18.642
1284000 502.383 -12295.8 -18.01
1285000 499.987 -12354.9 -15.5075
1286000 497.518 -12433.5 15.0918
1287000 501.043 -12312.6 2.60838
1288000 500.786 -12235.7 -4.94686
1289000 500.39 -12413.6 -9.59535
1290000 499.69 -12287.8 8.56716
1291000 498.001 -12277.7 10.1122
1292000 499.611 -12304 8.87597
1293000 501.877 -12266.7 7.51998
1294000 504.391 -12151 -4.51226
1295000 498.308 -12292.7 -4.75042
1296000 499.829 -12275.5 -10.6566
1297000 498.992 -12278.5 23.0182
1298000 500.12 -12373 -10.7721
1299000 501.272 -12262 -0.508108
1300000 501.482 -12279.9 -14.7215
1301000 498.509 -12314.5 9.91377
1302000 500.044 -12227.2 -14.8296
1303000 500.094 -12365.1 2.88405
1304000 498.685 -12382 -5.32008
1305000 498.545 -12443.1 -4.11887
1306000 500.037 -12332.5 -3.35422
1307000 497.53 -12270.1 18.1201
1308000 500.608 -12375.4 -1.5135
1309000 500.393 -12269.6 9.06162
1310000 499.242 -12372.1 4.96489
1311000 497.574 -12412.1 20.1053
1312000 498.402 -12442.3 3.98814
1313000 499.188 -12349.9 -3.25088
1314000 502.283 -12274.7 -1.36223
1315000 501.479 -12230.2 -3.48903
1316000 501.226 -12240.4 6.2359
1317000 500.1 -12319.8 4.12646
1318000 499.949 -12240.2 -12.0595
1319000 499.678 -12332.7 13.9806
1320000 501.81 -12224.7 21.6799
1321000 500.163 -12301.7 -1.97589
1322000 499.673 -12411 -24.3529
1323000 501.994 -12351.9 3.44325
1324000 499.556 -12305.2 13.4509
1325000 500.191 -12156.5 10.6046
1326000 502.993 -12238.9 -14.3586
1327000 500.312 -12520.1 13.5088
1328000 500.212 -12345 -20.9543
1329000 499.155 -12454.2 4.66109
1330000 498.822 -12459.5 2.98208
1331000 500.097 -12300.6 17.6261
1332000 497.841 -12380.8 -1.06098
1333000 500.37 -12399.4 0.216301
1334000 499.65 -12323.3 5.4272
1335000 502.595 -12245.1 15.78
1336000 500.338 -12244.7 -5.5409
1337000 499.075 -12362.5 3.27798
1338000 502.059 -12328.4 3.82147
1339000 499.882 -12361.9 -4.8403
1340000 502.456 -12295 10.7542
1341000 502.604 -12269.3 -17.7606
1342000 502.217 -12302.4 18.7628
1343000 497.434 -12436.1 1.07843
1344000 503.646 -12256.6 -5.04213
1345000 500.676 -12350.3 6.24778
1346000 498.383 -12391.5 -1.61096
1347000 499.96 -12278.3 -7.2004
1348000 502.355 -12251.1 -2.18029
1349000 500.588 -12268.9 -5.14654
1350000 502.291 -12275.6 -5.65945
1351000 499.17 -12344.1 10.1831
1352000 499.697 -12317 -6.75043
1353000 501.312 -12319.4 11.6903
1354000 500.286 -12284 -4.13337
1355000 496.887 -12338.5 14.6737
1356000 499.07 -12351.8 18.594
1357000 496.095 -12308.6 4.15944
1358000 501.667 -12310.6 -6.38428
1359000 497.18 -12459.3 5.96506
1360000 499.871 -12296.5 0.803029
1361000 498.206 -12412.9 10.5686
1362000 501.748 -12291.2 -3.56939
1363000 500.039 -12224.9 -5.8492
1364000 500.247 -12283.4 7.28206
1365000 498.77 -12373.4 -26.89
1366000 499.087 -12380.3 0.731827
1367000 500.671 -12190.2 12.8131
1368000 499.98 -12325.3 -11.8524
1369000 500.803 -12298.4 6.66838
1370000 498.571 -12344 -3.71105
1371000 499.07 -12330.9 16.1939
1372000 496.545 -12324.1 -6.86039
1373000 501.678 -12392.2 -4.24178
1374000 499.868 -12336.7 14.1133
1375000 499.938 -12289.6 10.7348
1376000 498.279 -12293.4 1.77855
1377000 498.457 -12420.3 -12.8457
1378000 500.541 -12376.1 -16.5522
1379000 501.736 -12227 11.67
1380000 500.719 -12360.2 -20.7143
1381000 496.714 -12340.2 9.58246
1382000 495.749 -12423.4 -22.4906
1383000 498.058 -12221.5 18.5659
1384000 504.303 -12166.2 -12.7618
1385000 501.671 -12199.2 -9.22195
1386000 503.864 -12245.8 1.28692
1387000 500.148 -12266.3 -4.48585
1388000 499.285 -12244.6 -0.0386438
1389000 501.303 -12281.6 1.08071
1390000 500.811 -12340.6 6.41768
1391000 498.969 -12446.3 14.7843
1392000 501.815 -12211 5.08406
1393000 499.318 -12147.2 -2.18899
1394000 496.347 -12351.3 13.1723
1395000 499.934 -12307.6 -5.06603
1396000 499.868 -12249.4 8.07499
1397000 498.416 -12317 -0.0712419
1398000 500.234 -12314.9 10.9743
1399000 502.022 -12336.1 0.152102
1400000 502.645 -12265.3 3.12653
1401000 497.484 -12457.5 -7.91737
1402000 501.802 -12248 -10.7481
1403000 501.155 -12218.4 18.1314
1404000 499.275 -12347.6 -10.4361
1405000 498.092 -12343.1 0.712632
1406000 499.002 -12312.1 -8.59877
1407000 503.349 -12246.8 -1.97947
1408000 500.557 -12265.3 11.8629
1409000 497.892 -12287.5 -15.0528
1410000 498.003 -12271 14.6732
1411000 499.182 -12301.4 -4.36535
1412000 498.97 -12441.7 12.4925
1413000 499.615 -12419.9 -10.0556
1414000 497.789 -12413.7 9.90046
1415000 497.859 -12355.1 -4.96184
1416000 502.408 -12284.1 13.7834
1417000 501.236 -12252.7 -4.08958
1418000 500.117 -12292 13.3139
1419000 499.093 -12364.9 8.64101
1420000 498.439 -12408.8 5.14705
1421000 498.998 -12305.6 -6.32682
1422000 502.831 -12225.4 -12.7446
1423000 500.611 -12337.5 -1.92308
1424000 501.989 -12288.6 -12.3842
1425000 501.516 -12287.5 -0.379125
1426000 499.135 -12404.6 -0.528568
1427000 498.911 -12433.5 3.77412
1428000 498.157 -12445.9 0.0531573
1429000 501.773 -12272.2 -7.40887
1430000 504.244 -12284.6 -6.35754
1431000 501.045 -12321.7 -6.54914
1432000 500.282 -12243.7 -3.6092
1433000 497.728 -12380.8 -1.7694
1434000 500.203 -12252.9 -13.5267
1435000 501.189 -12287.4 0.807648
1436000 499.078 -12393.4 18.2546
1437000 501.396 -12262.8 -9.72308
1438000 499.449 -12340.6 0.499587
1439000 499.254 -12331.1 3.99303
1440000 500.879 -12341.6 1.21914
1441000 498.437 -12375.2 17.3586
1442000 499.424 -12298.9 12.8236
1443000 501.749 -12257.1 -11.7408
1444000 501.955 -12289.8 -6.36338
1445000 500.183 -12353.1 8.38851
1446000 499.434 -12316.3 0.906154
1447000 503.344 -12276.7 20.3838
1448000 497.915 -12335.9 0.117636
1449000 496.66 -12428.8 -6.03799
1450000 499.714 -12357.2 -17.9522
1451000 499.131 -12321.1 -1.83315
1452000 497.511 -12422.5 12.8792
1453000 501.517 -12386.2 7.27645
1454000 498.675 -12379.2 7.60502
1455000 500.535 -12273.8 -3.41953
1456000 498.954 -12250 3.86483
1457000 499.614 -12320.7 9.47201
1458000 501.069 -12308.4 -6.51869
1459000 499.926 -12333.7 2.87487
1460000 500.438 -12251.2 8.91506
1461000 498.749 -12309.6 -5.01576
1462000 501.018 -12352.2 6.69149
1463000 499.525 -12338.7 -4.20457
1464000 498.114 -12431.4 -1.13598
1465000 501.088 -12316.7 -7.17975
1466000 501.575 -12283.1 10.5077
1467000 497.313 -12346.3 12.0306
1468000 499.372 -12360.3 -24.3005
1469000 499.782 -12395.4 24.0371
1470000 501.657 -12370.7 -12.1281
1471000 500.567 -12354.1 22.3588
1472000 496.208 -12488 -14.8624
1473000 499.4 -12390.5 -2.2221
1474000 501.083 -12372 8.05558
1475000 500.392 -12397.4 7.42407
1476000 501.019 -12212.4 -9.41189
1477000 496.413 -12336.5 9.17154
1478000 502.108 -12279.6 12.4564
1479000 501.952 -12236.6 2.91181
1480000 500.026 -12289.4 4.70698
1481000 497.92 -12307.5 3.82951
1482000 502.2 -12267.5 -4.26465
1483000 500.858 -12265.1 19.3625
1484000 500.805 -12274.2 -4.34108
1485000 498.206 -12280 16.297
1486000 500.405 -12266.8 -19.4629
1487000 498.646 -12411.5 13.1133
1488000 501.123 -12280.3 0.48579
1489000 500.045 -12329 -9.01379
1490000 501.509 -12390.6 -1.26316
1491000 502.412 -12319 -2.97326
1492000 503.035 -12297 -4.95308
1493000 499.913 -12382.2 4.576
1494000 499.485 -12454.1 -1.315
1495000 501.922 -12378 -9.79287
1496000 500.748 -12280.9 -9.56413
1497000 499.558 -12405.2 5.29015
1498000 501.682 -12341.2 12.5423
1499000 502.228 -12288.4 5.63006
1500000 499.261 -12242.5 -5.37198
1501000 502.452 -12256.5 4.42619
1502000 499.906 -12275.8 24.8056
1503000 499.021 -12371.5 14.4444
1504000 500.573 -12306.1 2.08663
1505000 499.729 -12301.1 5.07415
1506000 497.958 -12471.6 4.63004
1507000 497.956 -12370.7 -5.72197
1508000 500.436 -12379 11.677
1509000 500.808 -12400.3 4.49674
1510000 501.525 -12229.8 6.9182
1511000 499.879 -12330.2 16.661
1512000 500.297 -12232.3 0.121163
1513000 501.563 -12316.4 1.85384
1514000 499.918 -12313.5 -3.84259
1515000 500.539 -12387.6 0.38153
1516000 497.264 -12434.2 -10.6902
1517000 498.195 -12399.5 -0.40961
1518000 498.096 -12360.1 -2.54618
1519000 496.073 -12413.6 -1.4306
1520000 501.038 -12346.2 -6.30501
1521000 501.141 -12290.7 4.26995
1522000 499.707 -12323.9 -3.18366
1523000 501.371 -12206.6 -3.65407
1524000 501.806 -12216.7 -8.38343
1525000 498.758 -12303.8 27.4989
1526000 502.312 -12243.8 -26.2325
1527000 502.083 -12316.5 5.46488
1528000 499.211 -12309 14.0118
1529000 497.493 -12260.2 -2.30335
1530000 501.526 -12337.3 -7.73812
1531000 501.395 -12350 10.6844
1532000 496.879 -12445 4.69072
1533000 500.485 -12295.4 -6.1096
1534000 498.561 -12331.9 8.8077
1535000 499.801 -12330.1 -3.43968
1536000 502.54 -12214.4 3.64947
1537000 496.686 -12476.2 4.03138
1538000 500.206 -12317.3 -13.4601
1539000 500.509 -12339.6 0.377516
1540000 499.259 -12340.7 -17.448
1541000 498.431 -12347.6 21.87
1542000 496.327 -12368.7 1.48339
1543000 499.809 -12326 9.12243
1544000 499.476 -12368.4 -11.2788
1545000 500.534 -12304.1 -0.122369
1546000 499.812 -12318.4 -11.8178
1547000 502.818 -12246.8 -6.83165
1548000 500.47 -12303 2.66731
1549000 498.583 -12378.4 21.1102
1550000 497.526 -12383.5 -2.99103
1551000 497.686 -12479.9 4.80621
1552000 500.847 -12381.9 -2.87853
1553000 499.907 -12264 -0.119653
1554000 504.078 -12234.2 -27.4672
1555000 501.537 -12172.9 3.13061
1556000 499.436 -12201.9 8.64635
1557000 500.06 -12414.2 -12.1985
1558000 500.535 -12303.3 -1.87957
1559000 498.952 -12343.2 -0.441541
1560000 499.319 -12228.6 -0.145508
1561000 501.605 -12349.1 9.73876
1562000 499.306 -12318.1 -16.4388
1563000 496.153 -12489.2 7.62674
1564000 500.006 -12282.3 3.93202
1565000 499.82 -12242.3 11.9581
1566000 498.843 -12343.8 -3.24759
1567000 499.534 -12310.3 -3.46937
1568000 501.086 -12296 -16.3413
1569000 498.173 -12370.2 1.75112
1570000 500.168 -12261.4 6.6504
1571000 502.441 -12325.4 7.57422
1572000 501.975 -12326.2 -5.18897
1573000 501.809 -12241.1 7.57361
1574000 501.138 -12268.9 -9.96018
1575000 497.903 -12370 11.8284
1576000 498.953 -12413.7 -1.34017
1577000 500.691 -12391.3 5.88144
1578000 498.05 -12347.3 1.47865
1579000 499.232 -12411.6 6.93148
1580000 497.246 -12448 5.54813
1581000 498.838 -12402.7 5.92397
1582000 501.4 -12358.1 -8.97817
1583000 501.997 -12316.1 -16.5748
1584000 500.37 -12361.7 26.9803
1585000 500.505 -12396.6 3.86321
1586000 499.456 -12194.2 -3.74874
1587000 501.034 -12248.6 -17.2033
1588000 501.365 -12274.4 4.95242
1589000 500.89 -12165.7 -9.74689
1590000 497.182 -12292.3 -17.1553
1591000 498.824 -12287.4 18.6112
1592000 498.17 -12298.3 8.47153
1593000 497.453 -12288 -4.56932
1594000 502.708 -12221.1 -0.189782
1595000 501.856 -12254.5 -6.53296
1596000 503.769 -12331.4 -10.963
1597000 500.76 -12277.6 3.03466
1598000 499.591 -12333.3 8.7863
1599000 499.563 -12382.5 -21.9783
1600000 499.021 -12375.2 3.83889
1601000 501.11 -12290.7 -0.553692
1602000 498.264 -12406.3 3.06008
1603000 501.117 -12263.7 16.967
1604000 500.147 -12268.3 3.01231
1605000 500.768 -12283.6 10.17
1606000 501.022 -12273.9 -19.7992
1607000 500.913 -12259.8 14.4594
1608000 502.009 -12261.4 5.77281
1609000 499.36 -12368.4 2.75215
1610000 498.574 -12364.6 2.06494
1611000 500.741 -12323.8 -8.7413
1612000 500.465 -12339.3 -3.88565
1613000 497.453 -12367.2 -1.85183
1614000 500.166 -12360.7 -6.03703
1615000 500.854 -12179.1 -1.89257
1616000 497.18 -12422.8 -8.1754
1617000 499.986 -12339.5 8.89112
1618000 497.641 -12404.5 2.95282
1619000 498.091 -12393.4 -9.6121
1620000 500.002 -12266.7 23.9275
1621000 502.52 -12340.8 -13.6831
1622000 498.595 -12431 3.63363
1623000 499.423 -12420.5 3.04447
1624000 503.302 -12277.1 -19.6066
1625000 501.077 -12404 1.2854
1626000 499.055 -12464.9 -2.30253
1627000 497.703 -12325.3 17.2225
1628000 502.985 -12255.1 -1.37666
1629000 500.88 -12358.2 9.82863
1630000 501.205 -12395.3 -0.71899
1631000 499.084 -12354.7 1.69271
1632000 499.487 -12343.2 13.6621
1633000 500.475 -12263.5 -7.6491
1634000 501.44 -12237.8 10.9372
1635000 498.843 -12290.3 14.5134
1636000 500.603 -12263.9 2.98766
1637000 501.031 -12326.5 -20.1091
1638000 499.413 -12280.3 6.99465
1639000 501.175 -12302 10.4731
1640000 501.826 -12309.1 18.8858
1641000 499.46 -12396.5 0.0389178
1642000 496.925 -12391 4.14364
1643000 501.207 -12349.2 -0.537813
1644000 498.088 -12416.8 -1.257
1645000 501.35 -12265.3 8.87927
1646000 500.043 -12406 0.823592
1647000 500.732 -12357.5 -14.3449
1648000 500.1 -12383 9.39054
1649000 501.35 -12300 6.0039
1650000 500.618 -12283.4 -7.38145
1651000 500.272 -12400.4 -21.8588
1652000 499.079 -12431.9 5.77747
1653000 502.374 -12290.5 -0.988436
1654000 498.257 -12350.1 3.64446
1655000 500.641 -12249.7 -5.55733
1656000 499.914 -12192.6 -3.33668
1657000 502.841 -12348.6 5.24422
1658000 495.872 -12414.5 -2.83569
1659000 502.216 -12278.2 10.4194
1660000 500.578 -12368.6 8.45507
1661000 497.869 -12441 3.30451
1662000 497.826 -12416.8 -5.05802
1663000 499.456 -12356.4 15.067
1664000 499.422 -12401.1 -6.81154
1665000 499.19 -12455.5 -2.33236
1666000 496.861 -12401.7 -9.49792
1667000 498.373 -12406 13.8517
1668000 500.173 -12345.5 -9.28921
1669000 501.743 -12332.7 -1.92337
1670000 498.108 -12397.8 10.2862
1671000 497.289 -12384.6 -1.36133
1672000 500.585 -12361.6 -0.071091
1673000 499.923 -12344.3 6.84368
1674000 499.963 -12361 -5.14753
1675000 496.855 -12384.9 12.9762
1676000 499.651 -12452.8 -17.7863
1677000 499.183 -12331.5 9.99314
1678000 499.608 -12260.2 -10.5295
1679000 497.616 -12349.6 14.0663
1680000 498.131 -12356.8 -10.3244
1681000 497.956 -12337.1 1.05686
1682000 497.983 -12401.4 3.24177
1683000 499.97 -12236.9 9.19671
1684000 499.574 -12383.5 1.5121
1685000 501.622 -12195 3.08405
1686000 497.908 -12349.6 4.4519
1687000 499.238 -12373.1 -1.6489
1688000 496.964 -12315.9 -2.109
1689000 499.857 -12319.6 0.418603
1690000 496.762 -12315.2 -1.89479
1691000 501.536 -12353 4.92246
1692000 500.594 -12381.3 8.17023
1693000 498.544 -12380 -4.49901
1694000 500.835 -12370.4 -9.12839
1695000 499.52 -12270.9 12.916
1696000 500.173 -12338.5 8.25677
1697000 499.124 -12487 -3.18117
1698000 502.4 -12317.2 -5.66698
1699000 498.695 -12371.8 -1.49696
1700000 501.981 -12381.1 3.08567
1701000 498.061 -12389.3 0.544422
1702000 501.714 -12250.1 9.78648
1703000 499.823 -12288.4 1.9232
1704000 501.561 -12229 1.10685
1705000 500.689 -12245.8 -8.99458
1706000 502.284 -12260.6 7.63809
1707000 500.053 -12230.4 14.5224
1708000 499.847 -12403.5 -5.42718
1709000 497.246 -12384.1 -2.19253
1710000 499.392 -12364.2 5.0789
1711000 499.535 -12340.1 9.24792
1712000 498.956 -12372.9 1.90983
1713000 499.352 -12230.5 -17.5046
1714000 499.313 -12367.7 -4.10973
1715000 496.777 -12301.6 2.47673
1716000 502.081 -12316.9 -19.8955
1717000 501.646 -12375.8 -11.1199
1718000 497.807 -12438.2 -2.42614
1719000 499.692 -12332 -9.73183
1720000 501.119 -12358.1 -11.9804
1721000 497.022 -12447.7 1.0748
1722000 499.966 -12455.2 -5.81858
1723000 498.429 -12361.6 3.58618
1724000 498.671 -12476.2 -16.8359
1725000 499.817 -12345.1 18.384
1726000 499.844 -12335.9 -3.48996
1727000 501.216 -12332.2 4.91784
1728000 499.964 -12297.1 -6.70614
1729000 501.239 -12250.3 10.7163
1730000 499.006 -12371.2 -8.0949
1731000 502.727 -12263.1 -7.17837
1732000 501.097 -12284.3 -6.52904
1733000 502.181 -12297.8 3.30358
1734000 500.718 -12238.9 1.77601
1735000 502.287 -12214.8 -1.89744
1736000 500.672 -12301.7 4.69135
1737000 497.71 -12392.2 -2.30617
1738000 499.949 -12452.1 -10.683
1739000 499.593 -12402.6 9.18151
1740000 500.094 -12319.4 5.02646
1741000 502.566 -12339.4 -5.36822
1742000 501.517 -12198.3 11.3799
1743000 498.237 -12320.7 -13.3871
1744000 500.435 -12341.5 18.0065
1745000 502.453 -12286 -9.43927
1746000 498.413 -12355.1 -1.19289
1747000 500.302 -12350.4 -5.29731
1748000 501.809 -12348.9 13.004
1749000 500.308 -12288.9 -0.298207
1750000 501.711 -12280.8 5.68838
1751000 496.454 -12381 -4.41195
1752000 502.23 -12309 -0.272942
1753000 497.896 -12429.8 -9.08447
1754000 500.671 -12317.4 -13.4018
1755000 501.554 -12223.9 -8.77622
1756000 501.399 -12394.1 12.0732
1757000 499.387 -12417.2 -2.02966
1758000 498.594 -12392.6 7.6821
1759000 502.001 -12390.8 -10.444
1760000 498.257 -12370.9 20.7536
1761000 498.429 -12335.4 -2.56202
1762000 500.965 -12303.5 -6.53364
1763000 500.288 -12250.5 14.1582
1764000 498.698 -12369.4 22.8971
1765000 502.863 -12294.5 -5.6747
1766000 501.431 -12362 -3.24651
1767000 503.039 -12300.6 -5.10601
1768000 502.562 -12242.2 6.17075
1769000 503.493 -12297.4 6.82914
1770000 501.576 -12295.8 -10.511
1771000 498.049 -12378 -1.42352
1772000 496.928 -12422.4 -6.42024
1773000 498.893 -12294.5 -6.26274
1774000 501.667 -12333.1 1.3998
1775000 498.975 -12311.6 7.63706
1776000 502.369 -12191.6 -16.1311
1777000 497.795 -12348.8 18.2798
1778000 497.173 -12414.4 1.995
1779000 500.471 -12296.3 -8.32167
1780000 498.747 -12326.9 -6.85191
1781000 500.531 -12345.5 9.41539
1782000 498.634 -12333.5 6.80068
1783000 503.925 -12226.4 -5.62526
1784000 499.803 -12319.2 -3.6369
1785000 500.754 -12291.4 -23.4653
1786000 500.935 -12287.8 7.06375
1787000 503.362 -12249.9 -9.28204
1788000 497.615 -12346.4 -3.22737
1789000 498.81 -12359.6 17.8983
1790000 500.816 -12359.4 7.73552
1791000 500.836 -12335.2 8.91044
1792000 504.368 -12320.4 -11.371
1793000 497.119 -12310.8 20.6382
1794000 500.022 -12310 -13.0491
1795000 503.277 -12189.1 -5.63524
1796000 500.736 -12359.4 -7.64721
1797000 502.432 -12264.3 7.43563
1798000 499.914 -12262.5 -8.68999
1799000 502.474 -12224 10.8076
1800000 496.484 -12432.3 21.2045
1801000 500.03 -12324.2 -14.7417
1802000 501.511 -12308.8 18.6383
1803000 500.4 -12297.9 -7.9211
1804000 498.879 -12345.5 21.3535
1805000 500.417 -12289.2 8.79506
1806000 504.539 -12308.8 -10.9371
1807000 499.162 -12365.5 -4.96711
1808000 498.143 -12465.4 14.4605
1809000 500.241 -12379.3 1.92897
1810000 499.578 -12464.2 8.01045
1811000 501.747 -12345.9 -11.608
1812000 499.946 -12286 -2.1992
1813000 498.802 -12251.4 14.6028
1814000 500.966 -12299.5 8.89359
1815000 498.472 -12399.7 -4.83503
1816000 498.016 -12383.1 0.627037
1817000 500.61 -12309.2 -8.54818
1818000 496.604 -12447.9 27.9378
1819000 500.034 -12462.1 -3.82978
1820000 502.23 -12279.7 -17.5944
1821000 498.486 -12257.6 -7.98953
1822000 501.557 -12228 2.39392
1823000 499.863 -12321.8 6.99561
1824000 500.412 -12379.2 -4.89244
1825000 499.024 -12446.9 4.5346
1826000 498.48 -12421.7 0.108584
1827000 498.359 -12293.6 -0.858841
1828000 500.017 -12293.4 11.3946
1829000 497.922 -12384.2 12.3981
1830000 501.259 -12287.3 5.46885
1831000 500.031 -12263.5 20.9045
1832000 498.747 -12320.2 -13.0351
1833000 500.912 -12376.6 0.807833
1834000 501.183 -12350.6 -0.109449
1835000 496.706 -12430.9 7.55983
1836000 499.856 -12371.4 6.7072
1837000 499.02 -12497 -3.01591
1838000 501.985 -12354.8 -4.89956
1839000 502.715 -12302.9 6.56587
1840000 498.656 -12388.7 0.494367
1841000 499.702 -12306.1 -6.52917
1842000 501.003 -12361 5.52683
1843000 501.346 -12232.4 -2.5596
1844000 501.291 -12310.3 -2.08663
1845000 499.668 -12308.6 2.25226
1846000 501.614 -12291.6 -3.03098
1847000 502.133 -12350.2 -12.0795
1848000 502.175 -12231.7 10.2844
1849000 500.532 -12140.2 -2.79605
1850000 501.505 -12328.1 16.5832
1851000 502.271 -12177.9 1.55053
1852000 499.16 -12353.6 6.95688
1853000 499.647 -12378.4 -1.10204
1854000 500.29 -12241 5.8697
1855000 502.696 -12155 3.69614
1856000 496.98 -12322.2 8.27764
1857000 501.244 -12341.9 -4.79783
1858000 497.657 -12319.2 15.7307
1859000 499.819 -12163.3 -13.7031
1860000 498.829 -12196 3.8138
1861000 498.717 -12273.7 21.1435
1862000 500.877 -12304.4 -7.13576
1863000 501.517 -12258 -7.45123
1864000 498.724 -12398 12.7901
1865000 503.474 -12335.8 -14.0892
1866000 499.588 -12386.4 11.7484
1867000 501.131 -12405.1 6.58433
1868000 497.757 -12391.5 10.3757
1869000 497.903 -12311.3 14.2999
1870000 500.155 -12274.7 -10.2172
1871000 500.132 -12338.8 8.86373
1872000 500.253 -12289.5 -10.1613
1873000 497.343 -12456.5 -0.505197
1874000 501.816 -12258.4 1.70828
1875000 499.292 -12202 10.4924
1876000 501.693 -12230 -0.917449
1877000 498.182 -12388.2 -15.4991
1878000 499.755 -12381.9 -6.79858
1879000 497.507 -12432.3 7.26103
1880000 498.487 -12308.5 -0.421523
1881000 500.379 -12308.7 2.36452
1882000 501.337 -12282.1 -8.8387
1883000 499.928 -12261.7 10.1038
1884000 497.117 -12446.8 14.3933
1885000 497.692 -12445 -12.086
1886000 500.194 -12344.7 2.6307
1887000 498.77 -12460.1 11.3467
1888000 499.495 -12368.5 0.778536
1889000 501.798 -12291.3 4.99529
1890000 500.981 -12323.8 18.3924
1891000 502.675 -12273.5 -4.70982
1892000 497.118 -12469.6 -18.0569
1893000 499.264 -12380.9 9.07861
1894000 500.003 -12356 -4.09493
1895000 498.768 -12363.7 -8.41428
1896000 500.376 -12335.8 11.3517
1897000 498.704 -12383.9 6.05735
1898000 499.613 -12358.7 -11.1703
1899000 500.025 -12369.6 21.2126
1900000 500.306 -12394.6 -10.4881
1901000 498.063 -12489.3 10.8043
1902000 498.185 -12371.3 -0.547799
1903000 500.164 -12299 -8.86633
1904000 498.978 -12384.4 0.0631609
1905000 498.766 -12423.7 15.1185
1906000 496.242 -12274.6 -23.0775
1907000 498.155 -12407.2 1.88794
1908000 501.146 -12292.7 15.6511
1909000 500.971 -12291.3 3.20075
1910000 498.182 -12365.7 16.1184
1911000 499.521 -12401 -6.34756
1912000 501.211 -12313.9 19.4942
1913000 499.18 -12298.1 -6.82311
1914000 502.844 -12371.1 4.96951
1915000 500.188 -12424.1 15.0506
1916000 499.962 -12359 -17.5588
1917000 499.116 -12282.7 -7.36107
1918000 496.618 -12354 -8.02633
1919000 500.203 -12276.3 1.10749
1920000 499.897 -12279.4 16.5837
1921000 498.69 -12303.5 -3.37463
1922000 499.474 -12273.6 2.22652
1923000 503.56 -12274.4 1.79574
1924000 499.717 -12377.1 13.4763
1925000 502.325 -12201 16.8135
1926000 498.568 -12309.1 6.65076
1927000 495.691 -12404.4 -2.72587
1928000 504.295 -12383.4 -12.5093
1929000 501.263 -12348.3 1.16697
1930000 504.459 -12240.3 -2.65375
1931000 500.539 -12196.6 0.172866
1932000 500.815 -12266.1 2.67424
1933000 501.33 -12188.4 -7.6785
1934000 500.319 -12270.8 -0.252137
1935000 499.681 -12414.4 -6.37818
1936000 500.757 -12352.4 16.3885
1937000 501.712 -12314.6 -2.44858
1938000 499.095 -12348.6 8.89252
1939000 502.983 -12155.4 -0.785489
1940000 500.048 -12263.6 -7.30795
1941000 500.411 -12340.9 7.78822
1942000 501.322 -12356.6 1.04467
1943000 498.121 -12399.8 -14.6468
1944000 501.811 -12324 1.6623
1945000 500.397 -12356.3 -2.84368
1946000 502.564 -12289.2 11.712
1947000 498.447 -12437.1 -6.88637
1948000 499.903 -12330.3 0.0659623
1949000 500.168 -12398.1 -3.00797
1950000 501.568 -12335.5 14.9046
1951000 498.993 -12378 -4.45784
1952000 498.969 -12322.4 4.4335
1953000 501.19 -12308.6 0.40542
1954000 501.063 -12308.2 7.67401
1955000 500.034 -12370.3 14.2065
1956000 498.773 -12348.9 10.8718
1957000 500.142 -12350.2 7.25904
1958000 499.25 -12295.9 -18.2492
1959000 499.552 -12401.7 3.01306
1960000 498.941 -12285.5 -1.77418
1961000 502.206 -12227.4 -12.8997
1962000 498.687 -12367.6 6.16543
1963000 499.901 -12332.3 -2.06841
1964000 500.409 -12444.8 8.26616
1965000 500.722 -12342.4 -8.88233
1966000 498.355 -12370.2 6.21939
1967000 501.593 -12291.8 -3.7467
1968000 497.456 -12297.4 5.3457
1969000 500.996 -12300.4 -7.08599
1970000 500.703 -12375.2 1.00338
1971000 502.851 -12366.3 7.74304
1972000 499.418 -12386.9 -12.8129
1973000 499.764 -12375.7 17.0582
1974000 498.312 -12393.4 5.30078
1975000 501.587 -12385.7 11.6292
1976000 504.642 -12219 -18.4296
1977000 499.86 -12310.5 -1.27889
1978000 498.507 -12358.2 7.9829
1979000 499.742 -12304.7 -0.305535
1980000 501.302 -12381.1 2.06765
1981000 502.998 -12249.6 -6.15711
1982000 499.649 -12346.9 -10.2155
1983000 497.917 -12357.1 6.83227
1984000 499.242 -12240.9 7.66578
1985000 499.191 -12229.3 2.64307
1986000 499.112 -12241.6 4.10194
1987000 495.467 -12433.8 -1.32832
1988000 500.56 -12377.9 -9.69665
1989000 499.407 -12310 10.6167
1990000 500.15 -12324.1 -0.931976
1991000 499.509 -12339.9 -9.65686
1992000 500.996 -12447.1 24.5721
1993000 500.028 -12284.9 3.33342
1994000 499.727 -12425.9 0.578779
1995000 498.433 -12380.7 10.0954
1996000 503.152 -12291.1 11.0194
1997000 502.924 -12117.5 -1.34591
1998000 500.666 -12386.5 14.1776
1999000 501.819 -12208.5 -3.92894
2000000 498.096 -12370 1.76654
