# Time-averaged data for fix 3
# TimeStep v_Temperature v_PotentialEnergy v_Pressure
2000 502.487 -13632.7 -3.41052
3000 499.301 -13636.4 -41.3944
4000 499.17 -13555.1 8.55837
5000 500.979 -13467.4 50.4862
6000 498.925 -13538.4 -24.8069
7000 500.26 -13601.3 10.6232
8000 500.323 -13573.7 -14.1924
9000 500.403 -13522.1 4.14085
10000 500.491 -13549.7 6.6489
11000 500.831 -13543.1 6.33499
12000 500.595 -13537.1 39.3612
13000 497.514 -13562.6 4.82976
14000 499.523 -13536.8 -4.2683
15000 500.246 -13486.5 -0.51549
16000 499.648 -13550.3 -7.5506
17000 502.678 -13513.3 -15.4813
18000 500.326 -13526.2 12.1041
19000 500.207 -13494.2 17.5825
20000 498.321 -13532.5 22.9813
21000 497.475 -13506.1 25.9843
22000 501.526 -13377.9 11.9145
23000 500.638 -13486.5 -21.8774
24000 498.948 -13530.7 -12.5926
25000 499.076 -13485.6 0.993405
26000 500.663 -13464.2 -5.7946
27000 501.108 -13409.6 -24.6363
28000 499.483 -13496.7 1.79854
29000 499.784 -13467.1 -8.82931
30000 499.84 -13459 30.1205
31000 498.408 -13534.4 -7.65175
32000 499.059 -13441.6 -27.1865
33000 498.935 -13517.1 6.81534
34000 498.145 -13482.4 -0.340578
35000 499.622 -13517.8 -14.4786
36000 500.383 -13469.5 -2.27489
37000 501.806 -13411.7 18.9155
38000 498.665 -13503.4 2.93233
39000 498.835 -13436.1 4.68987
40000 498.302 -13510.8 -15.5628
41000 502.857 -13431.5 -15.478
42000 501.781 -13490.5 9.42805
43000 500.322 -13383.3 -11.6387
44000 499.2 -13442.6 32.256
45000 498.435 -13403.4 6.92579
46000 500.577 -13377.1 18.6448
47000 500.964 -13408.4 20.2726
48000 499.75 -13358.6 -33.9645
49000 500.294 -13397.4 -20.4297
50000 500.976 -13421.4 14.2226
51000 500.69 -13416.8 18.9904
52000 498.631 -13382 -16.1284
53000 498.966 -13392.4 -9.76369
54000 498.695 -13427.9 -8.05299
55000 500.21 -13405 -27.5181
56000 496.248 -13443.2 11.0699
57000 501.74 -13418.7 4.09463
58000 500.043 -13374.8 13.9996
59000 501.764 -13257.6 6.46661
60000 501.046 -13295.9 1.10289
61000 502.149 -13286.2 -6.54651
62000 502.647 -13339 -25.5145
63000 498.026 -13369.4 -10.2583
64000 498.538 -13412.7 32.8468
65000 499.107 -13303.9 16.6028
66000 499.668 -13379.6 5.90341
67000 501.47 -13271.3 -10.0782
68000 500.685 -13373.9 -3.09981
69000 501.924 -13409.4 17.6043
70000 498.977 -13422 -4.24809
71000 499.957 -13352.5 -15.2794
72000 498.024 -13379.3 -1.35613
73000 499.872 -13343.1 1.31084
74000 501.707 -13286.8 7.60078
75000 498.994 -13333.8 -2.1543
76000 499.183 -13366.3 -9.61727
77000 502.337 -13255.1 -1.69862
78000 500.413 -13283 16.6043
79000 499.699 -13287.3 -7.67055
80000 499.89 -13375.6 7.93852
81000 501.544 -13323.5 -8.40539
82000 496.135 -13405.4 7.13342
83000 499.589 -13362.6 -7.28103
84000 501.641 -13268.8 -16.6858
85000 498.889 -13339.5 6.71517
86000 501.591 -13333.9 0.661155
87000 501.422 -13342.1 -3.64985
88000 499.296 -13333.9 9.81445
89000 500.413 -13273.3 36.0286
90000 499.673 -13209.4 -14.0517
91000 499.688 -13338.7 -17.9015
92000 498.018 -13373 -16.66
93000 500.745 -13283.4 3.02809
94000 501.38 -13219.6 -28.4274
95000 502.662 -13189.3 -7.92904
96000 499.22 -13280.5 16.6498
97000 498.752 -13324.4 7.83532
98000 497.712 -13322.3 -16.6864
99000 497.84 -13367.1 10.192
100000 498.13 -13366.7 13.4469
101000 500.991 -13286 2.6458
102000 499.48 -13241.9 -4.10066
103000 497.998 -13359.2 31.6528
104000 499.993 -13281.8 -20.3142
105000 498.339 -13344.3 16.1905
106000 498.788 -13362.1 18.8571
107000 499.786 -13281.6 -33.0644
108000 497.953 -13314.5 12.2526
109000 499.815 -13271.5 -17.0416
110000 499.957 -13297.7 24.2893
111000 500.12 -13215.5 -9.94709
112000 498.408 -13315.2 19.5484
113000 499.844 -13280 3.69095
114000 498.452 -13282.1 -5.96777
115000 500.357 -13205.4 -22.2668
116000 501.617 -13197.7 13.3084
117000 497.648 -13298.8 -1.26212
118000 498.238 -13299.5 -0.958878
119000 500.855 -13251.6 -21.6469
120000 497.56 -13251.6 -4.24865
121000 499.088 -13340.5 9.9203
122000 500.309 -13186.8 4.7889
123000 501.939 -13149.7 -15.2125
124000 497.851 -13248.3 -10.0432
125000 497.119 -13268.4 -0.748004
126000 501.401 -13217.2 -21.5235
127000 500.976 -13151.5 0.767819
128000 499.292 -13144.1 -1.44836
129000 501.895 -13137.3 -9.57051
130000 499.444 -13237.1 -30.4605
131000 501.501 -13068.8 5.70961
132000 499.645 -13164.9 -7.20934
133000 499.628 -13180.2 7.84524
134000 497.341 -13149.7 33.9258
135000 500.248 -13200.2 13.4293
136000 502.194 -13130 -10.8621
137000 501.016 -13171.9 0.839403
138000 498.302 -13293.9 -9.31894
139000 498.943 -13192.1 20.4669
140000 501.093 -13123.6 -11.7139
141000 501.565 -13177.7 15.6571
142000 501.1 -13208.2 -1.1607
143000 503.916 -13078.5 -16.3535
144000 500.272 -13172.1 2.14221
145000 500.724 -13174.5 -21.6924
146000 500.995 -13180 23.1675
147000 500.206 -13152.3 14.7622
148000 501.868 -13225.5 -6.30676
149000 499.681 -13233.6 16.1851
150000 498.115 -13243.4 28.0007
151000 500.158 -13174 0.612364
152000 500.542 -13263.3 -7.24314
153000 498.107 -13240.5 11.2894
154000 500.733 -13115.3 0.73126
155000 501.709 -13156.3 8.88593
156000 499.664 -13208.1 -8.3943
157000 498.777 -13177.5 -7.89229
158000 498.927 -13173.3 24.4474
159000 498.988 -13240.3 -8.9702
160000 499.163 -13252 3.54552
161000 498.834 -13274.2 24.6601
162000 497.153 -13262.3 -10.2079
163000 501.029 -13122.6 12.2335
164000 500.034 -13149.4 14.089
165000 500.926 -13232.5 14.3207
166000 500.003 -13223.7 8.88846
167000 500.139 -13219.1 8.91875
168000 498.617 -13219.3 -0.469679
169000 499.365 -13219.2 -33.4213
170000 499.219 -13198.2 -4.68696
171000 502.04 -13104.7 0.991448
172000 499.502 -13232.8 16.5783
173000 495.801 -13283.3 0.265716
174000 498.554 -13245.7 -18.5417
175000 501.04 -13146.7 23.1258
176000 497.681 -13111.3 -39.7379
177000 499.861 -13225.7 -2.98659
178000 500.789 -13080.2 5.2645
179000 499.774 -13199.3 -3.77519
180000 498.922 -13179.5 3.72482
181000 500.097 -13150.2 -5.9131
182000 501.463 -13090.1 13.6445
183000 498.375 -13180.5 7.95282
184000 498.614 -13226.6 -7.12538
185000 497.587 -13327.4 18.3908
186000 500.243 -13131.9 -15.7854
187000 498.775 -13093.6 25.4257
188000 498.152 -13029.2 -10.5872
189000 501.939 -13049.8 -26.1856
190000 499.31 -13131.4 20.0931
191000 501.576 -13058.7 3.57441
192000 501.929 -13024.4 -0.789432
193000 499.804 -13098.4 18.7791
194000 499.313 -13214.7 -11.4058
195000 499.62 -13138.1 0.625038
196000 499.872 -13158 -25.3028
197000 497.494 -13227.9 3.39062
198000 501.789 -13179.6 -32.5513
199000 499.197 -13172.5 -2.26523
200000 500.986 -13008.7 5.92108
201000 500.665 -13168.8 19.1122
202000 501.999 -13152.6 2.68073
203000 500.578 -13225.3 7.40765
204000 498.685 -13139.5 8.73617
205000 500.316 -13078.3 -2.49333
206000 499.229 -13071.5 1.38319
207000 501.503 -13085.4 -4.20421
208000 501.478 -13125.1 -18.5889
209000 499.45 -13129.2 18.5205
210000 500.987 -13129.6 -11.8112
211000 499.95 -13195.4 0.934333
212000 499.132 -13219.5 -27.2197
213000 500.354 -13164.6 -5.61974
214000 501.275 -13117.5 -27.3953
215000 498.991 -13192.8 -3.60405
216000 499.904 -13176.6 10.287
217000 503.558 -13063.6 -2.88557
218000 498.483 -13203.2 12.6674
219000 499.233 -13164.7 -0.14527
220000 499.007 -13077.9 -10.3335
221000 498.535 -13165.6 16.3796
222000 497.938 -13079.9 7.81807
223000 498.024 -13151.5 9.3856
224000 500.342 -13055 -8.02282
225000 499.06 -13150.2 -30.1783
226000 500.566 -13186.2 16.1702
227000 500.181 -13085.5 -16.5478
228000 498.891 -13144.1 -2.11314
229000 498.267 -13202.2 -6.59893
230000 500.224 -13192.8 12.5081
231000 498.901 -13176.8 34.3384
232000 499.225 -13110 -2.96517
233000 497.254 -13231.3 5.57679
234000 499.381 -13182.6 -27.7229
235000 501.223 -13156.5 -6.81637
236000 497.713 -13134.4 -3.15917
237000 500.892 -13157.2 4.10519
238000 499.322 -13084.8 9.73547
239000 500.429 -13082.8 1.17173
240000 500.02 -13101.2 -5.6177
241000 496.388 -13150.5 -10.4236
242000 496.888 -13133.4 15.1781
243000 499.854 -13185.4 -8.15669
244000 501.187 -13130.2 15.7234
245000 500.466 -13073.4 -8.70684
246000 500.747 -13133.1 14.3464
247000 500.46 -13175.4 -1.2049
248000 498.767 -13125.6 -8.50826
249000 496.711 -13209.6 -29.2392
250000 501.538 -13208.7 39.702
251000 498.345 -13201.7 10.6085
252000 500.044 -13156.9 -20.3324
253000 496.796 -13220.9 11.8176
254000 499.855 -13207.4 20.8348
255000 502.838 -13064.2 -23.6958
256000 497.056 -13189.9 -14.1609
257000 502.389 -13128.7 -13.1957
258000 499.726 -13236.4 21.9615
259000 502.249 -13241.2 -9.20687
260000 502.225 -13143 -2.92403
261000 500.184 -13177.1 -6.07843
262000 498.472 -13194 0.409054
263000 501.767 -13154.5 -26.1776
264000 498.359 -13176.9 17.4748
265000 499.736 -13128.6 0.372374
266000 498.971 -13102.9 11.5197
267000 499.595 -13116.9 0.668005
268000 499.341 -13134.8 12.3195
269000 500.802 -13092.4 -11.0878
270000 497.028 -13279.4 -9.05775
271000 501.442 -13138.3 12.542
272000 499.171 -13198.3 -36.1223
273000 503.659 -13125.7 11.5809
274000 498.807 -13257.6 -8.48913
275000 498.867 -13170.6 19.7715
276000 497.671 -13153.3 29.0354
277000 502.222 -13192.4 -22.9348
278000 501.192 -13201.5 -19.6316
279000 501.306 -13212.5 10.2656
280000 502.047 -13131.5 -20.3743
281000 501.402 -13167.5 -14.2189
282000 499.202 -13166.5 42.2547
283000 498.528 -13150 -3.26094
284000 497.963 -13143.7 -32.7931
285000 501.232 -13124 25.8731
286000 502.481 -13105.3 -8.24518
287000 499.501 -13161.3 13.3677
288000 500.975 -13106.9 9.71212
289000 500.875 -13194.7 11.3875
290000 501.419 -13199.5 -12.6293
291000 500.453 -13230.9 -4.81752
292000 499.499 -13181.2 23.8864
293000 499.881 -13214.8 -8.1872
294000 496.833 -13219.3 -21.795
295000 499.668 -13202.9 -13.1889
296000 500.383 -13133.6 13.7713
297000 500.066 -13114.6 5.63556
298000 499.463 -13189.2 5.92814
299000 499.483 -13195.1 3.6536
300000 500.394 -13163.9 8.72747
301000 500.71 -13113.9 -13.9655
302000 500.939 -13123.2 -7.41079
303000 502.272 -13155.5 8.36781
304000 500.08 -13195.3 30.1612
305000 501.289 -13144.4 -13.3579
306000 498.154 -13117.8 -10.8515
307000 499.003 -13140.8 11.0051
308000 499.957 -13216.3 7.04426
309000 501.547 -13217.6 -0.994377
310000 499.112 -13101.6 -10.933
311000 502.74 -13147.6 -11.8952
312000 501.629 -13128.3 16.0431
313000 501.477 -13215.5 -0.414381
314000 500.432 -13183.1 19.0636
315000 502.746 -13196.6 -27.3095
316000 500.569 -13152 -17.3734
317000 498.558 -13230.6 -15.6351
318000 497.384 -13326.5 23.2362
319000 498.324 -13265.4 -0.285413
320000 499.432 -13163.8 -12.9535
321000 502.933 -13085.2 26.3361
322000 501.245 -13071.4 -1.35258
323000 500.39 -13159.4 5.09548
324000 500.767 -13270 3.5961
325000 501.22 -13143.3 -12.9624
326000 499.361 -13228.2 1.17746
327000 498.236 -13238.5 16.044
328000 498.345 -13227.7 12.7661
329000 499.607 -13140.5 -12.1889
330000 497.894 -13247.2 -22.355
331000 500.625 -13211 12.1185
332000 498.584 -13168.9 29.8015
333000 501.168 -13184.6 40.2878
334000 501.71 -13098.7 -22.4712
335000 499.537 -13256.9 9.4518
336000 500.084 -13239.3 -22.5756
337000 500.848 -13209 16.7589
338000 501.606 -13171.2 -20.3705
339000 499.231 -13246 -0.576925
340000 499.423 -13350.5 27.1795
341000 499.828 -13187.3 -9.37667
342000 500.942 -13147.6 11.6467
343000 499.531 -13087.9 -11.6082
344000 499.723 -13137.7 -14.9312
345000 501.508 -13168.6 10.4531
346000 499.338 -13215.6 -2.23898
347000 501.653 -13159.8 12.9682
348000 500.517 -13170 12.4247
349000 497.532 -13165.5 -19.7763
350000 500.817 -13186.5 9.81314
351000 498.869 -13162.8 -17.8302
352000 500.065 -13192.5 22.6932
353000 497.944 -13175.5 -3.61351
354000 501.248 -13142.7 -9.96608
355000 501.003 -13248.6 12.2543
356000 500.55 -13127.9 -26.9551
357000 498.612 -13250.4 16.8027
358000 500.033 -13135.9 -8.85922
359000 501.753 -13075.6 -25.2949
360000 498.365 -13164.2 1.40901
361000 502.022 -13126.7 6.93402
362000 501.034 -13105.4 -18.6451
363000 499.487 -13165.9 -0.26673
364000 500.27 -13179.4 21.0357
365000 498.999 -13223.1 -38.0286
366000 500.584 -13185 26.6987
367000 501.738 -13102.2 -20.7871
368000 500.229 -13192.1 14.5515
369000 501.179 -13122.7 18.7752
370000 499.637 -13088.3 -23.1416
371000 501.501 -13139.2 -9.58886
372000 501.078 -13147 8.61521
373000 499.877 -13069.9 2.2201
374000 500.05 -13121 5.00373
375000 498.656 -13186.6 15.221
376000 500.419 -13138.4 3.30182
377000 501.358 -13125.1 -2.06395
378000 501.718 -13114.2 -16.0732
379000 498.773 -13169 20.9752
380000 499.065 -13098.7 -1.9404
381000 500.687 -13097.8 6.19652
382000 501.612 -13049.5 -26.713
383000 497.165 -13229.1 1.05405
384000 502.768 -13094.4 -1.19532
385000 498.578 -13168 1.25462
386000 501.8 -13103.5 34.5483
387000 499.5 -13133 -17.3919
388000 498.822 -13094.1 8.21062
389000 500.549 -13054.9 -8.84619
390000 503.077 -13102 20.404
391000 500.266 -13110.2 -29.5066
392000 500.24 -13121.1 11.2851
393000 499.712 -13119.1 11.7683
394000 499.425 -13128.2 4.05359
395000 501.323 -13153.2 -2.79828
396000 501.033 -13096.1 -3.84724
397000 500.638 -13117.6 14.7227
398000 498.352 -13225.7 1.25381
399000 501.69 -13121 -6.85793
400000 499.609 -13165.8 20.2017
401000 500.451 -13198.9 3.08393
402000 503.136 -13117 16.1171
403000 497.909 -13094.8 -7.93008
404000 499.665 -13105.8 2.46061
405000 500.3 -13105.8 11.8172
406000 501.288 -13001.4 -6.52621
407000 500.11 -13062.1 -15.5913
408000 500.777 -13109 -13.4768
409000 499.869 -13114.3 17.8474
410000 497.265 -13104.5 -3.91395
411000 497.376 -13163.9 26.6723
412000 502.652 -13058.3 -37.3186
413000 502.063 -13064.8 -14.3894
414000 499.783 -13104.9 30.7344
415000 501.612 -13066.2 -0.128795
416000 499.001 -13194.6 -1.07597
417000 497.666 -13162.6 -22.8377
418000 502.048 -13146.1 2.61693
419000 501.693 -13136.4 -14.2166
420000 499.443 -13087.3 12.458
421000 497.174 -13189.6 19.29
422000 500.056 -13029.2 -4.45811
423000 499.059 -13093.4 12.4407
424000 502.018 -13085.2 -4.7731
425000 501.448 -13145.9 -9.24085
426000 502.74 -13128.2 2.87446
427000 499.317 -13191.8 25.4644
428000 495.959 -13199 -14.6214
429000 499.412 -13049.9 -5.13546
430000 503.82 -12999.4 4.85361
431000 498.909 -13039.8 20.8582
432000 502.215 -13067.8 -1.14178
433000 499.335 -13075.1 26.408
434000 500.542 -13112.2 3.41109
435000 500.852 -13017.6 -14.4791
436000 501.99 -12900.3 -2.55081
437000 497.463 -13078 -6.6535
438000 500.418 -13040.6 -8.86203
439000 500.853 -13035.8 -0.280083
440000 499.327 -13120.9 4.52393
441000 500.899 -12990.5 -2.44555
442000 501.633 -12902.7 12.3887
443000 501.207 -12915.4 -20.6893
444000 500.447 -13049.4 6.20469
445000 497.282 -13149.2 10.8136
446000 500.845 -13079 30.547
447000 498.756 -13122.4 5.14062
448000 498.14 -13031 -0.43723
449000 497.77 -13159.9 -21.5342
450000 500.61 -13102.8 -12.8588
451000 501.566 -13086 -0.749247
452000 500.89 -13087.6 -5.06752
453000 501.247 -13099.9 7.65349
454000 502.031 -13015.2 -16.5934
455000 501.21 -13022 4.56263
456000 497.734 -13098.8 -8.82541
457000 500.194 -13101.7 -15.8806
458000 503.265 -13001.9 -9.86693
459000 498.949 -13108.9 35.1011
460000 499.65 -13119.7 1.58015
461000 501.45 -12996.8 4.85333
462000 496.994 -13081.9 34.5569
463000 499.925 -13098 -11.9438
464000 501.626 -13027.4 -5.15088
465000 499.592 -13074.6 45.3265
466000 501.646 -12997.4 17.5865
467000 500.872 -12937.4 -8.24872
468000 499.614 -13022.5 -10.081
469000 499.02 -13075.2 12.1199
470000 500.818 -13074.5 -1.08891
471000 499.342 -13080.9 -16.8559
472000 501.038 -13095.1 16.6317
473000 501.571 -13026.9 16.4543
474000 503.009 -13038.8 7.25685
475000 500.308 -13116.5 -3.35543
476000 498.506 -13130.6 -11.7178
477000 500.132 -13095.1 21.122
478000 500.186 -13125.1 1.98369
479000 498.548 -13141.2 23.9506
480000 501.643 -13073 -38.0935
481000 498.939 -13095.9 -14.8921
482000 501.154 -13092.3 20.0872
483000 499.739 -13131.7 -22.7239
484000 499.117 -13180.4 13.5277
485000 500.469 -13171.5 8.72156
486000 498.802 -13111 -0.297258
487000 498.211 -13118.4 25.697
488000 499.574 -12947.4 -27.9625
489000 501.734 -13093.9 14.7753
490000 500.198 -13145.7 -13.4922
491000 498.123 -13050 24.8461
492000 498.52 -13144.3 -33.7284
493000 498.665 -13220.1 25.8747
494000 501.037 -13091.1 -10.6046
495000 501.595 -13142 24.62
496000 500.975 -13188.4 -25.0443
497000 499.991 -13078.9 -2.43013
498000 499.969 -13129.1 11.139
499000 498.144 -13166.5 -2.91354
500000 498.753 -13165.9 8.95623
501000 497.547 -13173 -14.8555
502000 499.245 -13191.4 5.01989
503000 502.788 -13041.3 -16.6862
504000 498.59 -13136 -5.47019
505000 497.436 -13148 19.5507
506000 501.099 -13080.6 2.32896
507000 499.073 -13215.5 17.396
508000 498.891 -13158.2 1.50266
509000 498.298 -13272.1 -22.8514
510000 498.541 -13074.9 -2.20037
511000 498.105 -13075.8 18.5864
512000 498.311 -13104.7 4.30262
513000 500.093 -13035.8 -4.29898
514000 498.59 -13055.7 20.3469
515000 498.744 -13080.7 -22.248
516000 500.033 -13046.7 3.44269
517000 499.415 -13008 -2.78204
518000 499.958 -13098 33.1521
519000 498.651 -13055.3 13.8975
520000 499.725 -13047.9 4.63777
521000 498.751 -13132.2 35.0923
522000 496.853 -13179.1 -14.0476
523000 498.175 -13155.8 -24.1981
524000 498.169 -13134.3 0.867261
525000 500.622 -13029.9 8.05057
526000 499.113 -13073.8 5.58499
527000 498.629 -13097.3 -12.5562
528000 499.704 -13094.8 -6.34287
529000 498.646 -13083.3 3.10093
530000 501.125 -13055 22.5207
531000 500.335 -13114.1 -5.94006
532000 502.714 -13045.5 1.74083
533000 499.726 -12980.6 11.8974
534000 500.457 -13046.6 -11.5441
535000 499.223 -13013.6 -5.99235
536000 497.696 -13079.8 20.4678
537000 500.704 -13018.5 -0.965398
538000 497.67 -13072.8 -8.26589
539000 500.013 -13073.3 45.4478
540000 498.192 -13108.2 -10.5824
541000 498.622 -13043.8 -6.87267
542000 502.8 -13059.8 -8.48127
543000 500.581 -13113.6 10.4584
544000 498.557 -13052 18.2185
545000 499.393 -13064.1 -14.2126
546000 499.876 -13037.2 3.28733
547000 499.974 -12910.7 -2.63155
548000 501.692 -12990.8 1.56873
549000 500.394 -13041.9 -12.5663
550000 502.104 -13009.5 22.3114
551000 498.537 -13099.8 12.7424
552000 497.394 -13111.7 -20.4283
553000 498.903 -13082.4 -6.04175
554000 499.354 -12957.1 5.00169
555000 497.234 -13042.7 -20.2902
556000 498.617 -13092.3 19.4758
557000 497.081 -13065 0.469686
558000 502.206 -13044.3 5.54222
559000 501.85 -12982.3 13.6399
560000 501.035 -13056.2 9.67505
561000 498.677 -13004.1 -11.9617
562000 501.957 -12978.5 -5.28135
563000 498.98 -13021 -4.04313
564000 499.592 -13013.8 22.0569
565000 498.667 -13064.7 -10.326
566000 498.619 -12993.2 1.81957
567000 502.147 -12898.5 10.0907
568000 498.756 -13001.2 -31.4291
569000 499.568 -12989.6 7.53991
570000 498.342 -13081.4 16.1186
571000 496.326 -13098.4 12.0378
572000 499.638 -13018 23.1529
573000 499.309 -13035.6 6.40377
574000 498.394 -13059.8 -26.7057
575000 500.116 -12913.1 14.8197
576000 503.841 -12913.7 -13.8642
577000 501.562 -13005 1.83556
578000 501.551 -12994.6 26.1216
579000 498.341 -13091.5 3.03343
580000 500.16 -13019.1 -4.89521
581000 500.361 -12974.8 -9.38198
582000 500.769 -12934.1 -4.88553
583000 503.057 -12840.5 2.73716
584000 498.615 -13014.6 -9.76088
585000 501.137 -13062.1 -7.18082
586000 500.934 -13042.4 -7.58366
587000 500.654 -12942.3 -13.7387
588000 498.663 -12979 -6.05423
589000 498.273 -13092 20.5004
590000 499.676 -13093.8 1.02386
591000 500.756 -13035 2.23483
592000 502.243 -13095.9 -9.263
593000 499.684 -13005.2 12.1055
594000 497.454 -13021.7 3.41877
595000 500.038 -13018.8 -28.284
596000 500.537 -13010.6 2.71784
597000 500.343 -12988.5 16.3354
598000 498.25 -13032.7 25.6371
599000 499.893 -12983.8 12.7975
600000 501.627 -12975.4 0.47848
601000 500.366 -12972.9 -19.2932
602000 499.76 -12945.7 3.73654
603000 498.778 -12976.1 -9.77142
604000 500.007 -13030.3 -0.867367
605000 499.59 -13069.9 9.68331
606000 500.201 -13045.2 6.9346
607000 498.804 -13117.7 11.7995
608000 501.848 -13053.7 28.9417
609000 500.662 -13160.6 6.96406
610000 499.324 -13131.2 -4.39874
611000 501.242 -12985 -16.5805
612000 496.544 -13146.6 19.6828
613000 500.594 -12949.5 -17.9896
614000 501.074 -13062.9 -13.9915
615000 498.833 -13086.1 28.3856
616000 499.061 -12991.5 -7.84755
617000 501.252 -13089.7 1.99985
618000 501.749 -13109.9 5.35154
619000 497.834 -13104.1 -23.7828
620000 500.97 -13016.6 2.58194
621000 499.905 -13023.4 14.4711
622000 500.007 -13096.4 -8.36982
623000 500.018 -13101.3 -8.8367
624000 498.173 -13137.1 -6.69571
625000 500.375 -13195.1 8.07832
626000 502.953 -13038.7 -14.8962
627000 499.432 -13085 25.1014
628000 499.277 -13163.8 -25.3243
629000 498.871 -13137.4 12.789
630000 501.464 -12966.2 -4.46251
631000 499.197 -13005.9 -5.21703
632000 498.069 -13028.2 -1.30003
633000 499.687 -13120.6 -5.19551
634000 500.937 -13101.1 7.57273
635000 497.938 -13113.5 14.414
636000 497.73 -13035.5 -20.5267
637000 501.191 -13037 -23.8832
638000 501.427 -13065.8 20.3643
639000 500.362 -13149.9 9.49526
640000 498.286 -13123.3 14.8611
641000 499.593 -13051.4 -6.44958
642000 498.146 -13175.2 1.89907
643000 501.95 -13087.7 5.92573
644000 498.1 -13012.2 10.4003
645000 499.106 -13065.3 13.132
646000 500.233 -13024.1 4.77031
647000 499.164 -13081 -3.8853
648000 498.618 -13032.1 5.41839
649000 500.123 -13025.2 -7.58439
650000 502.176 -12999.1 -8.28468
651000 498.883 -13113.2 -1.06734
652000 498.893 -13078.7 16.0871
653000 497.985 -13023.2 -4.47472
654000 498.981 -13065.7 -8.32729
655000 498.908 -13059.2 -9.87859
656000 499.282 -13035.2 11.8322
657000 499.95 -12980.6 12.4462
658000 500.687 -12989.7 -11.4976
659000 499.014 -13025 -4.64407
660000 504.058 -12938.9 -7.9276
661000 501.228 -12947.4 -14.8794
662000 498.614 -13029.3 24.6633
663000 501.623 -13046.5 -3.94412
664000 498.759 -13036 -19.7185
665000 502.293 -12915.8 21.9936
666000 500.232 -12999.1 4.18688
667000 500.798 -13013.2 -3.1293
668000 501.081 -13050.9 3.57514
669000 498.832 -13096.5 -17.6061
670000 500.258 -13071.7 -7.80588
671000 501.114 -13094.2 8.87528
672000 498.322 -13093.8 13.4411
673000 500.305 -13039.5 7.7967
674000 499.773 -13123.3 11.2697
675000 496.075 -13159.6 21.1607
676000 498.862 -13091.9 -11.2391
677000 498.367 -13147.5 22.5664
678000 496.507 -13062 1.89506
679000 501.772 -12932.5 -6.52989
680000 498.251 -13107.9 18.0593
681000 497.776 -13100 -1.73282
682000 498.731 -13053.3 -2.37724
683000 500.761 -13043.1 -12.2505
684000 501 -13078.8 24.7244
685000 500.003 -13194.7 -27.2293
686000 498.198 -13151.9 -22.263
687000 498.346 -13092.6 0.836759
688000 497.111 -13091.8 -13.6559
689000 499.762 -13043.7 -2.1121
690000 500.598 -12948.1 17.4389
691000 502.024 -12962 -1.20379
692000 497.814 -13067.9 22.1458
693000 500.215 -13017.8 -3.15325
694000 498.849 -13019.5 5.99329
695000 501.668 -13079.5 0.756028
696000 498.111 -13054.9 12.1406
697000 502.159 -12928.5 12.03
698000 499.197 -13067 -18.6484
699000 500.24 -13023 -11.201
700000 500.175 -12989.1 -12.7531
701000 500.923 -13040.8 11.9082
702000 500.042 -12987 2.32824
703000 499.957 -12988.2 -28.3653
704000 500.879 -13079.4 23.5042
705000 502.583 -13116.9 7.96365
706000 499.551 -13021.4 -10.3336
707000 499.226 -13067.9 11.7373
708000 498.754 -13050.2 -0.864552
709000 501.158 -13016.8 1.08455
710000 502.056 -13015.3 -22.8268
711000 498.828 -13025.1 -2.07137
712000 502.618 -13028 11.1454
713000 499.867 -13081.2 -11.1305
714000 500.003 -13031.3 -5.30112
715000 499.528 -13099.1 8.84873
716000 499.51 -13064.4 3.46616
717000 503.615 -13052.5 -7.13544
718000 498.576 -13039.1 0.654843
719000 500.888 -13016 -25.0798
720000 501.798 -12926.2 8.62111
721000 501.144 -12993.4 19.6799
722000 502.129 -13070.1 20.6975
723000 498.793 -13130.2 13.0775
724000 498.751 -13108.4 -4.23697
725000 500.457 -13040 -19.9412
726000 500.688 -13029.9 1.2032
727000 500.683 -13083.7 -16.2815
728000 501.014 -13049.7 4.6388
729000 497.768 -13048.5 10.5894
730000 497.552 -13092 30.5171
731000 499.332 -13104.6 -4.49879
732000 496.975 -13099 -26.8169
733000 498.51 -13060.3 16.1583
734000 500.698 -13079.3 -18.851
735000 500.631 -13036.9 12.5358
736000 500.585 -13014.1 10.112
737000 500.203 -13046.9 11.1978
738000 501.906 -13003.6 -27.256
739000 501.463 -13087.2 -0.988225
740000 500.41 -13117.3 33.8802
741000 500.886 -13004 11.2178
742000 501.622 -13017.4 4.93933
743000 498.832 -13015.3 -9.90133
744000 502.344 -12933.6 -1.35036
745000 498.31 -13084.8 -21.1595
746000 499.1 -13038.3 1.17152
747000 500.429 -13034.7 10.8399
748000 498.746 -13015.6 -1.60975
749000 500.993 -13028.1 -7.43735
750000 500.997 -13019.3 2.8271
751000 500.554 -13026.6 0.822157
752000 502.474 -12996.4 -18.9022
753000 503.658 -13071.6 24.9164
754000 501.025 -13020 -24.7652
755000 499.675 -13037.7 29.9742
756000 499.682 -13083.6 5.11614
757000 498.125 -13063 -21.6419
758000 500.132 -13016.1 -20.1016
759000 499.585 -13084.4 39.8304
760000 497.043 -13074.2 -0.338468
761000 500.885 -12948.1 -1.81978
762000 500.852 -13047.4 11.208
763000 502.852 -13034.6 -16.9567
764000 500.081 -13084.9 20.0594
765000 497.834 -13074.2 -13.7474
766000 500.093 -13021.9 -18.9501
767000 499.754 -13095.8 31.8317
768000 501.441 -13081.8 22.0123
769000 501.486 -13093.6 16.8758
770000 499.325 -13088.3 33.2324
771000 499.093 -13072.5 -1.75533
772000 501.742 -12963.9 15.9892
773000 501.667 -13022.5 -8.30796
774000 500.273 -13044.7 -2.68196
775000 497.016 -13067.7 7.34791
776000 500.176 -13020 8.46545
777000 500.636 -12971.2 14.2248
778000 500.501 -12991.6 -4.04297
779000 500.981 -13004.3 -10.8893
780000 501.067 -13033.4 11.0938
781000 502.961 -13040.4 -7.12527
782000 499.132 -13018.1 8.12093
783000 501.852 -12989.5 12.1346
784000 500.185 -13026 -43.2862
785000 499.698 -13120 6.34895
786000 499.339 -12993.2 -1.65616
787000 500.228 -13143.4 2.42181
788000 500.355 -13107.3 -11.7957
789000 499.084 -13036.2 -0.497226
790000 498.625 -13061.1 4.34309
791000 496.859 -13113.8 -1.48779
792000 499.955 -13080.9 15.692
793000 498.363 -13058.2 -12.0579
794000 498.838 -13093.3 11.3086
795000 501.802 -12993.1 -0.512282
796000 497.836 -13078.9 -20.7095
797000 499.834 -13020.8 5.11375
798000 501.88 -12964.8 10.9027
799000 501.866 -13021.2 19.4343
800000 500.995 -13051 -11.9692
801000 500.871 -13015.7 -10.8083
802000 500.902 -12955.8 19.5385
803000 500.817 -13070.5 -12.1056
804000 501.064 -13048.9 -12.2643
805000 498.685 -13160.1 11.0266
806000 499.046 -13181.7 16.4697
807000 500.096 -13014.9 -17.2257
808000 500.961 -13021.9 0.875415
809000 497.894 -13136.8 9.91295
810000 502.027 -12953 -16.6601
811000 501.42 -13025.9 16.505
812000 497.451 -13033.4 -2.96364
813000 500.896 -12981.1 14.6137
814000 498.717 -13078.7 -2.88034
815000 499.346 -13076.4 15.4507
816000 501.456 -12978.1 -18.2236
817000 499.77 -12943.5 -13.5549
818000 500.999 -12987.3 10.7151
819000 496.521 -13104.2 -5.65816
820000 499.896 -12995.7 10.9843
821000 499.277 -13086.4 -15.3675
822000 496.677 -13081.5 7.86047
823000 499.301 -13050.5 -0.828199
824000 498.649 -13100.5 -7.47951
825000 499.505 -12999.2 -20.5415
826000 498.083 -13113.1 14.7524
827000 501.086 -13028.7 3.41396
828000 501.096 -13059.5 6.00427
829000 498.845 -13062.3 16.8631
830000 501.509 -13006.9 -8.00643
831000 502.458 -12965 3.27698
832000 499.083 -12989.5 -29.0176
833000 499.738 -13002.4 -11.164
834000 499.727 -13048.8 -5.27267
835000 497.379 -13044.1 -26.0857
836000 499.032 -12963.9 4.64362
837000 500.285 -12983.3 -15.7066
838000 501.137 -13060.4 2.50157
839000 497.133 -13079.8 -24.4134
840000 498.558 -12980 -3.04414
841000 502.47 -12948.5 -28.2225
842000 500.091 -13070.3 7.4335
843000 501.227 -12967.6 25.4881
844000 499.253 -13083.3 -6.80061
845000 501.386 -13086.4 -19.919
846000 499.879 -13029 0.0846135
847000 500.856 -13047.6 -3.42578
848000 499.708 -12991.5 1.69941
849000 497.533 -12965.8 -28.8788
850000 499.799 -13041.9 12.1001
851000 500.128 -13084.1 -14.083
852000 496.891 -13090.5 25.2374
853000 499.602 -12966.7 -10.6686
854000 500.633 -13012.6 3.68203
855000 500.41 -12995.2 15.7225
856000 502.079 -13013 -19.0155
857000 501.37 -12997.8 -18.658
858000 499.581 -13029.1 -11.0508
859000 498.567 -12988.8 22.016
860000 500.302 -12993.6 16.4903
861000 501.573 -12946.2 1.48848
862000 499.444 -12898.3 7.26904
863000 497.047 -12960.1 20.305
864000 500.668 -12932.8 -28.4618
865000 499.577 -12980.8 -5.57153
866000 496.273 -13056 -5.40457
867000 498.992 -13070.1 -11.7694
868000 497.125 -13049.4 4.05506
869000 500.782 -12922.2 -19.6409
870000 499.335 -13002.3 13.7924
871000 497.436 -13013.6 2.70025
872000 498.954 -13098.8 -10.67
873000 498.776 -13042.9 5.59585
874000 502.761 -12969 11.0262
875000 501.074 -13035.1 -6.30536
876000 501.56 -12963 27.3196
877000 497.478 -13050.2 13.128
878000 500.523 -13031.4 -33.2348
879000 501.055 -13049.4 -13.1136
880000 502.191 -12998.2 2.95285
881000 499.999 -13043 -0.092121
882000 499.135 -13015.1 5.01633
883000 500.353 -13015.4 -20.6996
884000 499.415 -13056 -11.3129
885000 499.171 -13020 24.5439
886000 501.543 -13015.7 -14.1469
887000 501.451 -12997.7 9.03417
888000 501.254 -13054.1 -15.3922
889000 502.288 -13084.6 12.2411
890000 499.248 -13073.3 -14.7432
891000 499.901 -13001.7 24.2994
892000 500.099 -13022 -5.55126
893000 500.597 -12958.2 -6.0482
894000 501.738 -12931.5 7.6887
895000 499.178 -13033 8.96867
896000 500.012 -12932.7 -20.4514
897000 501.181 -12965.3 -9.09572
898000 499.411 -12989.6 25.0234
899000 499.376 -13029.8 -12.3889
900000 499.666 -13070.8 10.6988
901000 500.315 -13048.2 -9.30754
902000 498.586 -13072.2 19.3425
903000 496.661 -13026.6 -14.5928
904000 501.956 -13006.4 -0.540673
905000 496.289 -13028.5 17.1814
906000 498.201 -13104.2 2.81094
907000 501.804 -12997.3 6.2239
908000 499.376 -12979.6 4.2841
909000 501.234 -13004.7 13.3695
910000 501.826 -13010 -10.4238
911000 500.772 -13026.2 -10.2477
912000 497.704 -13085.4 -15.957
913000 501.946 -13047.1 13.6704
914000 501.659 -13005.1 5.95589
915000 500.548 -13030.9 -2.83995
916000 499.641 -13029.9 1.20167
917000 500.585 -12959 5.36741
918000 497.582 -12950.6 0.128863
919000 501.396 -13010.2 4.45636
920000 499.309 -13032.5 -19.4177
921000 498.895 -13038.6 14.9832
922000 499.807 -13035.3 -22.6805
923000 500.547 -13097.4 -2.02596
924000 497.928 -13095.5 16.7747
925000 497.87 -13122.9 -5.47992
926000 498.41 -13094.7 18.6805
927000 499.662 -13037.9 3.62661
928000 501.757 -13064.2 -21.0502
929000 500.578 -12985.7 6.94101
930000 499.438 -13045.1 38.2058
931000 500.347 -13033.4 -23.7969
932000 501.379 -12969.2 1.36725
933000 501.954 -12972.3 -30.2974
934000 498.727 -13076.4 10.9907
935000 502.323 -13054.1 -0.57926
936000 499.632 -13048.9 37.2616
937000 500.396 -13002.9 -3.62867
938000 500.06 -13111 -13.0659
939000 499.384 -13072.2 -0.582197
940000 497.99 -13060.7 6.65369
941000 501.824 -13025 -4.85441
942000 498.072 -12991.2 -14.2147
943000 496.565 -13086.4 -8.66244
944000 499.386 -13087 36.0156
945000 499.075 -13049.7 6.54764
946000 497.388 -13115.4 15.7057
947000 500.181 -13138.2 -14.7184
948000 496.33 -13147.5 -4.14462
949000 500.739 -13034.7 -6.52099
950000 500.637 -13054.6 0.956081
951000 500.239 -13077.7 23.3878
952000 499.713 -13112.8 -3.64557
953000 500.134 -13085.2 21.9229
954000 501.941 -13004.5 6.73017
955000 501.468 -13057.7 12.3214
956000 499.419 -13007.6 1.3516
957000 497.593 -13087.8 6.95532
958000 498.389 -13074.2 -13.048
959000 499.788 -13066.8 10.2991
960000 501.434 -12984.2 17.1089
961000 498.025 -13088.3 -24.9737
962000 500.269 -13035.2 -21.9873
963000 501.845 -12995.4 -4.84962
964000 501.018 -12989.1 23.9342
965000 498.063 -13078.3 13.6644
966000 499.037 -12988.9 5.49579
967000 499.868 -13096.7 -4.38581
968000 497.636 -13060.3 3.9847
969000 499.455 -13012 15.4564
970000 501.383 -13076.8 -14.6584
971000 499.198 -13144.9 -12.7736
972000 501.666 -13061.9 2.00867
973000 502.4 -12927 12.5497
974000 498.328 -12972.4 8.88514
975000 498.87 -13099.9 -19.3406
976000 501.529 -13050.3 -20.3623
977000 501.777 -12972.5 3.41951
978000 500.567 -12979.3 -1.47843
979000 499.615 -13071.2 -15.1992
980000 497.982 -13154.2 14.7318
981000 499.416 -13149.4 -8.16189
982000 500.366 -13065.8 7.85323
983000 499.906 -12981.9 -21.3597
984000 499.002 -13056.4 14.0331
985000 501.413 -13065.1 -9.71633
986000 502.96 -12983.8 -20.2495
987000 498.387 -13142.2 2.79991
988000 499.002 -13126.7 -20.8
989000 500.723 -13040.8 13.1883
990000 496.845 -13128.2 -2.5285
991000 500.927 -13124.3 9.05065
992000 500.858 -13075.6 -10.6071
993000 497.041 -13110.7 5.14921
994000 497.501 -13149.7 -15.8773
995000 500.369 -13050 17.072
996000 502.256 -13060.5 23.1857
997000 497.389 -13136.1 -6.6917
998000 499.866 -13017.1 12.8835
999000 500.25 -13069.7 0.856832
1000000 499.974 -13083.6 -14.7904
1001000 498.803 -13106.7 -8.65561
1002000 497.748 -13137.7 13.1022
1003000 497.635 -13160.9 -15.4921
1004000 502.292 -13078.1 -5.9453
1005000 501.599 -13099.1 16.6176
1006000 501.162 -13068 -2.8502
1007000 499.975 -13092.4 23.4989
1008000 502.859 -13025.7 -4.79838
1009000 500.414 -13043.6 21.2711
1010000 501.904 -13083.9 -29.9719
1011000 500.34 -13058.4 -17.0715
1012000 498.19 -13150.5 9.79109
1013000 500.091 -13104.1 4.57791
1014000 499.332 -13063 -20.6677
1015000 498.99 -13053.2 -15.8077
1016000 499.288 -13131.7 -5.1594
1017000 498.717 -13163.1 -25.2968
1018000 503.001 -13111.4 36.5521
1019000 500.487 -13077.5 -6.3185
1020000 499.274 -13054.9 14.0978
1021000 502.232 -12940.9 -1.55999
1022000 499.803 -13060.9 14.6735
1023000 500.39 -13069 -0.596551
1024000 499.161 -13112 -11.4713
1025000 498.573 -13093 -9.1991
1026000 497.76 -13123.2 -4.67641
1027000 498.297 -13062.1 14.1847
1028000 500.356 -13007.1 -18.5533
1029000 499.82 -13073.5 15.6587
1030000 497.965 -13138.8 4.03534
1031000 500.25 -13159.7 -16.2353
1032000 499.997 -13166.6 -5.24578
1033000 499.163 -13098.2 7.22324
1034000 498.773 -13075.4 9.32119
1035000 501.626 -13005.7 -0.245436
1036000 500.765 -13085 11.3671
1037000 500.086 -13046.5 -9.57203
1038000 499.555 -13056.6 -1.2897
1039000 500.397 -12991.2 6.55829
1040000 500.737 -13038.1 -14.3026
1041000 501.784 -12999.5 23.9795
1042000 500.631 -13045.3 -4.602
1043000 496.075 -13074.7 26.9821
1044000 500.461 -13067.6 9.74759
1045000 500.394 -12999.1 -22.2555
1046000 500.448 -13016.3 -3.6032
1047000 501.397 -13023.1 11.318
1048000 499.935 -13050.1 0.642008
1049000 500.561 -13006.7 -2.74314
1050000 501.833 -12932.9 11.7487
1051000 500.566 -12982.7 -16.4979
1052000 499.728 -13015.3 21.6105
1053000 497.395 -13142.7 -11.7444
1054000 501.299 -13062.8 14.7027
1055000 499.982 -13034.4 -3.66236
1056000 498.776 -13046.8 -4.39571
1057000 500.235 -13047 19.844
1058000 502.636 -13055 -1.38089
1059000 498.222 -13125.3 -31.7594
1060000 497.186 -13088.8 37.7107
1061000 500.056 -13090.2 17.9076
1062000 498.007 -13112.5 -20.6853
1063000 501.828 -13029 -2.5644
1064000 498.86 -13139 1.88992
1065000 501.258 -13010 4.77065
1066000 498.154 -13087.9 -3.96113
1067000 499.734 -13064.1 26.9801
1068000 498.743 -13042.9 8.53199
1069000 500.873 -12951.7 5.96856
1070000 497.967 -13039.9 26.8211
1071000 499.662 -13055.8 0.836514
1072000 498.754 -13196.7 1.38742
1073000 503.073 -13065.1 -7.06876
1074000 500.717 -13120.9 -12.5124
1075000 501.987 -13030.2 6.97015
1076000 500.145 -13005.1 9.70857
1077000 498.866 -13170.6 21.3269
1078000 499.814 -13193.1 -14.1534
1079000 500.727 -13137.8 -28.3717
1080000 497.469 -13125.8 7.5643
1081000 499.495 -13102.9 24.1251
1082000 498.729 -13098.7 9.84047
1083000 501.386 -13068.7 -11.7481
1084000 500.472 -13063.8 25.0421
1085000 501.677 -13080.1 13.5627
1086000 501.359 -13047.7 -18.4225
1087000 501.005 -13128.4 30.2312
1088000 499.437 -13103.3 -8.47471
1089000 502.129 -13155.6 11.1304
1090000 501.285 -13088.8 5.0516
1091000 500.895 -13135 3.61719
1092000 499.322 -13167.7 -25.1393
1093000 499.277 -13192.9 19.2124
1094000 498.873 -13138.6 30.6739
1095000 498.091 -13195 4.69948
1096000 499.85 -13191.6 -11.9767
1097000 500.155 -13196.1 -0.404726
1098000 500.786 -13132.1 -5.91764
1099000 503.336 -13085.1 26.9855
1100000 501.131 -13054.7 11.002
1101000 499.107 -13190 -21.2598
1102000 501.213 -13103.7 -15.7786
1103000 501.617 -13122.7 2.59067
1104000 500.025 -13112.2 -12.019
1105000 498.964 -13193.9 -16.8995
1106000 498.649 -13197.5 -9.24534
1107000 499.106 -13276.6 -1.5403
1108000 500.14 -13145.4 8.03364
1109000 499.66 -13168.5 14.4537
1110000 499.3 -13173.6 1.52212
1111000 501.055 -13123.7 7.82259
1112000 501.413 -13127.7 -23.3755
1113000 498.847 -13180.7 -36.4056
1114000 499.806 -13207.2 5.11202
1115000 497.817 -13165.6 2.3803
1116000 497.424 -13153.6 10.3231
1117000 498.911 -13166.9 16.6672
1118000 502.489 -13057.9 -12.8678
1119000 501.134 -13079.4 2.97813
1120000 500.921 -13128.3 -12.1108
1121000 499.039 -13212.6 2.31779
1122000 499.078 -13165.4 -22.8436
1123000 502.539 -13050.3 17.4716
1124000 498.588 -13094.2 -15.8376
1125000 498.805 -13132 22.1648
1126000 498.888 -13203.8 -0.47478
1127000 501.368 -13131.1 18.1939
1128000 499.995 -13072.1 -7.93867
1129000 502.44 -13100.9 15.0421
1130000 501.159 -13138.3 -10.965
1131000 499.95 -13207.1 19.3058
1132000 501.283 -13111.9 5.701
1133000 499.695 -13073.2 -24.1398
1134000 499.359 -13050.1 11.8228
1135000 501.823 -13048.9 3.75966
1136000 501.287 -13078.3 4.73163
1137000 498.118 -13134.2 -3.29883
1138000 497.56 -13180 -17.2361
1139000 499.336 -13115.1 20.0164
1140000 499.475 -13168.7 -15.8054
1141000 501.463 -13181.7 21.7609
1142000 502.578 -13142.2 -4.37602
1143000 499.67 -13215.9 13.65
1144000 501.193 -13095.1 2.90368
1145000 500.497 -13108.9 1.03648
1146000 500.311 -13083.5 -15.386
1147000 498.321 -13087.5 2.71711
1148000 499.904 -13027.9 -8.61646
1149000 501.151 -13100.5 17.8906
1150000 497.74 -13178.2 0.498487
1151000 501.184 -13119.9 30.4074
1152000 500.784 -13185.3 7.90761
1153000 499.467 -13210.2 -16.7834
1154000 501.378 -13098.6 -9.8067
1155000 501.944 -13091.2 9.2559
1156000 502.128 -13168.8 -22.4101
1157000 499.517 -13143.2 -6.28212
1158000 500.254 -13079.9 10.1092
1159000 499.322 -13095.4 26.5797
1160000 500.02 -13118.1 -5.66828
1161000 503.336 -13140.9 -37.45
1162000 498.086 -13225.5 3.15261
1163000 500.937 -13114.8 -7.76506
1164000 501.103 -13092.7 18.116
1165000 499.109 -13156.2 -35.6813
1166000 498.81 -13148.6 16.3623
1167000 499.511 -13134.9 -1.61198
1168000 498.431 -13229.7 4.98678
1169000 501.283 -13220.1 -1.82118
1170000 503.797 -13076.8 13.2287
1171000 498.868 -13168.3 -10.2397
1172000 499.468 -13139.4 18.6029
1173000 500.701 -13129.9 -7.50683
1174000 501.978 -13102.8 -4.26963
1175000 500.074 -13099.1 -28.1017
1176000 500.143 -13163.5 5.26572
1177000 499.883 -13079.6 8.93658
1178000 499.046 -13097.5 14.2337
1179000 499.178 -13182.4 29.0644
1180000 501.776 -13103.2 -19.0628
1181000 497.325 -13155 -8.94454
1182000 500.524 -13105.1 -21.8558
1183000 499.612 -13052.9 21.8385
1184000 497.762 -13105.7 -8.958
1185000 498.415 -13195 12.0539
1186000 500.838 -13078.7 17.2105
1187000 499.519 -13135.3 -22.2651
1188000 498.372 -13213 7.89337
1189000 500.103 -13149.5 -26.3889
1190000 500.132 -13152.3 23.8755
1191000 500.969 -13129.4 -8.48746
1192000 499.034 -13117.2 14.1828
1193000 499.515 -13061.4 9.4623
1194000 498.235 -13120.6 3.86055
1195000 499.561 -13061 9.98621
1196000 500.173 -13060 12.8041
1197000 500.994 -13028.2 2.19095
1198000 499.322 -13029.9 21.4346
1199000 498.664 -13029.9 -11.6408
1200000 500.388 -13063.4 -5.73305
1201000 502.944 -12925.2 -22.5035
1202000 498.813 -13062.2 11.6885
1203000 501.36 -13068.7 18.477
1204000 500.302 -13086.8 0.130062
1205000 501.651 -13001.3 12.5112
1206000 500.159 -13157.8 6.41193
1207000 500.778 -13027.6 -5.13828
1208000 500.031 -13063.9 -5.62326
1209000 499.098 -12939.4 -22.4428
1210000 500.596 -13053.7 -6.99276
1211000 499.482 -13145.3 -1.35667
1212000 499.425 -13176.2 -21.0846
1213000 503.104 -13114.3 9.91798
1214000 502.414 -13009.5 -7.88205
1215000 498.312 -13119.3 -8.98482
1216000 499.474 -13110.6 3.74864
1217000 499.433 -13096.1 4.68504
1218000 500.179 -13075.4 -15.7314
1219000 500.084 -13177.5 -1.21845
1220000 500.795 -13001.9 -11.0163
1221000 500.12 -12996.4 -9.91653
1222000 498.572 -13008.2 -10.1984
1223000 502.183 -13036.2 32.7028
1224000 497.459 -13147.9 -22.5976
1225000 501.469 -13104 7.47979
1226000 500.912 -13108.2 -2.80648
1227000 499.001 -13005.3 -3.60832
1228000 498.97 -13047.7 23.8829
1229000 500.3 -13122.5 7.00879
1230000 501.899 -13054.2 -1.10442
1231000 500.278 -13096.4 -30.7821
1232000 499.361 -13058 10.1082
1233000 501.04 -13068.5 -5.31407
1234000 499.135 -13061.5 3.80958
1235000 500.555 -12959.9 9.07291
1236000 500.605 -13020.7 -9.62662
1237000 501.43 -13045.8 -1.09639
1238000 499.966 -13054.7 -1.0473
1239000 501.34 -13106.9 19.7486
1240000 503.252 -12966.9 -19.8491
1241000 499.269 -13110.2 -5.93258
1242000 499.374 -13197 12.6505
1243000 501.128 -13023 -8.34367
1244000 500.306 -13066.8 17.1306
1245000 500.742 -13101.9 7.31901
1246000 500.55 -13111.5 12.059
1247000 501.585 -13070.2 -6.40065
1248000 497.628 -13131.5 -16.9106
1249000 498.899 -13073.3 -5.93804
1250000 499.752 -13108.6 -1.07287
1251000 498.806 -13169.8 6.5059
1252000 499.787 -13099.9 -13.4902
1253000 498.462 -13161.8 2.76448
1254000 499.814 -13156.6 43.0198
1255000 500.309 -13052.8 8.08684
1256000 500.316 -13091 -4.03395
1257000 500.912 -13081 5.4239
1258000 500.596 -13004.6 11.5585
1259000 500.808 -13115.7 1.32188
1260000 496.689 -13217.6 -8.76037
1261000 499.176 -13131 11.2964
1262000 499.15 -13111.6 23.7365
1263000 499.769 -13116.8 8.75438
1264000 499.101 -13144.4 -21.1119
1265000 499.813 -13181.5 4.22358
1266000 501.819 -13106.5 26.2271
1267000 500.886 -13159.3 -8.74122
1268000 503.136 -13067.7 -4.91361
1269000 499.942 -12980 -0.225349
1270000 499.912 -13055.4 -6.13741
1271000 498.265 -13234.4 2.38283
1272000 499.907 -13160.2 0.733445
1273000 499.437 -13090.3 3.84045
1274000 499.701 -13084.8 -12.7698
1275000 499.55 -13079.8 13.9039
1276000 502.075 -13024.9 -19.2265
1277000 501.433 -13059.9 -26.999
1278000 498.889 -13140.8 -2.10379
1279000 497.991 -13062.8 -7.66373
1280000 499.035 -13039.6 -16.949
1281000 501.996 -12963.7 -2.0802
1282000 497.944 -13131.3 12.6676
1283000 500.31 -13109.9 2.70732
1284000 502.725 -13041.8 3.20009
1285000 500.054 -13031.6 18.7155
1286000 498.766 -13112.2 -1.95195
1287000 501.259 -13030.7 39.9343
1288000 501.375 -13057.9 -3.24604
1289000 502.721 -13063.5 -2.61763
1290000 499.708 -13049.9 -39.64
1291000 498.059 -13102.3 -7.13448
1292000 499.074 -13132.5 8.69083
1293000 501.075 -13116 -12.7698
1294000 501.307 -13152 24.7858
1295000 501.396 -13108.4 21.4802
1296000 497.557 -13118.6 19.9099
1297000 499.142 -13056.6 12.4896
1298000 499.635 -13131 -18.8368
1299000 499.558 -13055.6 -6.90741
1300000 499.375 -13119.5 16.5861
1301000 499.577 -13175.1 -2.78965
1302000 498.863 -13228.3 -37.6613
1303000 499.742 -13170.2 5.79586
1304000 499.571 -13123.4 -13.5959
1305000 499.25 -13076.3 -16.0985
1306000 501.682 -12993.9 6.22392
1307000 497.772 -13108 22.7828
1308000 501.066 -13031.9 -6.97952
1309000 497.605 -13156 27.3708
1310000 502.021 -13026.4 -7.593
1311000 498.924 -13143.1 12.2839
1312000 502.002 -13044.3 -32.0261
1313000 500.53 -13027.2 22.6088
1314000 499.41 -13052.7 -22.3718
1315000 500.679 -13101.3 19.5428
1316000 500.793 -13030.8 15.4165
1317000 498.877 -13078.7 4.52952
1318000 498.863 -13083.8 -1.27569
1319000 498.49 -13057.9 16.8864
1320000 499.713 -13050.2 -2.62804
1321000 501.703 -13063.8 11.4292
1322000 500.382 -13082.4 -20.0394
1323000 500.445 -13038.5 6.80127
1324000 500.713 -13099.4 18.1474
1325000 501.989 -13068.8 5.76719
1326000 499.488 -13125.2 -33.245
1327000 498.794 -13088.3 9.99755
1328000 496.8 -13123 3.54347
1329000 501.485 -13077.8 20.1359
1330000 498.989 -13049.5 -15.4522
1331000 499.192 -13078.2 13.8161
1332000 500.9 -13059.9 -9.95427
1333000 499.842 -13083.8 1.06402
1334000 496.876 -13073.5 18.852
1335000 502.298 -13102.4 10.2106
1336000 497.852 -13044.2 -14.1617
1337000 501.342 -12936.8 2.01462
1338000 500.318 -13053.4 -8.06859
1339000 502.233 -13035.5 19.6768
1340000 501.36 -13060.4 24.2809
1341000 501.891 -12954.9 -30.5147
1342000 500.478 -13112.8 8.3072
1343000 498.502 -13054.3 -3.12147
1344000 501.358 -13114 17.2402
1345000 498.831 -13173.4 0.645683
1346000 501.012 -13006.6 -15.5485
1347000 497.123 -13154.9 9.69828
1348000 498.603 -13078.5 17.072
1349000 497.817 -13087.8 2.43581
1350000 499.571 -13052.2 -6.16614
1351000 502.278 -13080.7 -10.3183
1352000 500.835 -13107.1 10.4812
1353000 500.597 -13096.6 2.98143
1354000 500.151 -13086.8 -3.51271
1355000 499.562 -13034.2 -33.3119
1356000 499.137 -13117 -8.5369
1357000 498.716 -13052.3 -21.1368
1358000 500.466 -13062.8 -9.30054
1359000 502.339 -13009.9 4.9392
1360000 499.248 -13046.9 9.66436
1361000 502.753 -13073.5 17.9429
1362000 497.412 -13145.9 -3.02944
1363000 501.946 -13117.8 -10.5055
1364000 500.579 -13067.3 -11.9339
1365000 497.852 -13091.6 15.7072
1366000 498.529 -13082.8 -2.98332
1367000 499.575 -13138.5 -7.48389
1368000 500.285 -13017.3 7.96897
1369000 501.794 -13041.1 11.2891
1370000 500.679 -13057.6 31.9973
1371000 501.164 -12980.5 -13.9851
1372000 502.271 -12931.2 6.22373
1373000 501.486 -12998.7 3.77062
1374000 500.44 -13035.1 -0.166223
1375000 500.908 -13044.8 29.948
1376000 501.819 -12957.4 -19.5267
1377000 499.558 -13014 -31.6625
1378000 499.772 -13079.3 3.34402
1379000 500.676 -13045.7 15.9729
1380000 500.581 -13059.7 6.14411
1381000 498.144 -13180.6 14.855
1382000 501.313 -12974.7 9.34504
1383000 498.444 -13086.8 6.61959
1384000 501.433 -13088.1 0.786145
1385000 500.176 -13047.6 -19.188
1386000 498.071 -13113.8 10.243
1387000 501.851 -13078.9 -32.9698
1388000 499.637 -12972.5 14.098
1389000 500.673 -12892.7 -7.46649
1390000 500.684 -12969.8 -6.26268
1391000 498.876 -13095.7 -9.8972
1392000 499.827 -13105.2 -6.89501
1393000 500.503 -13047.3 14.8662
1394000 498.111 -13059.8 2.70998
1395000 497.501 -13047.9 2.4635
1396000 498.108 -13031.8 20.2677
1397000 498.88 -13046.4 -28.9423
1398000 502.306 -12987.9 11.4251
1399000 499.697 -13060.3 30.6699
1400000 500.273 -12994.6 12.3862
1401000 500.767 -13005.2 10.5018
1402000 500.913 -13040.5 -27.1496
1403000 499.558 -12992.1 -22.9833
1404000 500.783 -12987.5 -6.69195
1405000 502.78 -13022.8 28.2456
1406000 497.954 -13118 5.67631
1407000 500.163 -13069.9 -6.11967
1408000 502.988 -13079.3 2.07344
1409000 498.605 -13023.8 -4.84197
1410000 500.502 -13019.6 2.59459
1411000 497.977 -13038.1 17.5277
1412000 503.095 -12994.2 -15.6362
1413000 502.242 -12949.1 13.2144
1414000 498.775 -13097.4 10.1163
1415000 496.81 -13117.3 -4.57719
1416000 500.34 -13088.2 -9.06038
1417000 500.314 -13164.4 8.52779
1418000 500.38 -13124.8 4.12048
1419000 498.387 -13091.7 -30.1707
1420000 502.052 -13029.9 17.4606
1421000 500.909 -12978.1 -2.48998
1422000 500.08 -13003.1 7.47387
1423000 499.813 -13107.2 -28.4694
1424000 498.564 -13125.8 16.8879
1425000 497.529 -13155.2 24.5059
1426000 499.032 -13077.8 -1.75043
1427000 500.1 -13117.3 29.3229
1428000 498.801 -13059 -31.7801
1429000 499.57 -13091.4 1.01552
1430000 498.371 -13047.6 1.62083
1431000 499.437 -13037.4 -0.764959
1432000 497.761 -13203.5 11.0411
1433000 499.924 -13061.1 -6.43035
1434000 496.579 -13071.8 -10.135
1435000 502.601 -12997.6 14.7403
1436000 503.047 -13067.9 1.49699
1437000 499.766 -13068.2 -11.7286
1438000 500.291 -13023 5.85397
1439000 499.424 -13028.3 7.79597
1440000 499.078 -13088.7 8.15484
1441000 500.328 -13188.8 -0.00634304
1442000 498.924 -13062 4.20255
1443000 501.743 -13100.1 10.0084
1444000 503.505 -12966.1 10.6373
1445000 501.396 -13060.1 -12.0816
1446000 503.092 -13053.7 10.8094
1447000 501.771 -13117.9 -24.8225
1448000 500.374 -13103.4 -9.11757
1449000 499.823 -13000.6 8.21881
1450000 499.957 -13046.1 -5.38306
1451000 498.151 -13180.5 8.36985
1452000 500.021 -13132.9 10.9534
1453000 500.391 -13080.3 5.33854
1454000 502.559 -13055.1 -0.494758
1455000 498.687 -13106.1 4.12663
1456000 498.787 -13120.5 -14.119
1457000 496.723 -13206.4 4.3409
1458000 500.771 -13009.1 -21.6714
1459000 500.704 -13042.2 3.39153
1460000 502.401 -13120.4 20.1982
1461000 498.087 -13173.5 9.32282
1462000 499.701 -13102.9 -10.0056
1463000 498.944 -13086.9 24.6076
1464000 497.217 -13079.2 -15.8937
1465000 498.391 -13061.4 1.85901
1466000 498.751 -13058.9 12.5056
1467000 499.713 -13074.9 -17.4166
1468000 499.45 -13130.4 -16.9115
1469000 500.109 -13057.8 23.9933
1470000 501.563 -13091.7 4.76717
1471000 501.987 -13024.9 16.2679
1472000 500.135 -13113.5 -14.7161
1473000 499.355 -13155.8 15.0276
1474000 500.555 -13051.5 14.7958
1475000 497.272 -13136.1 3.17708
1476000 500.11 -12999.1 -15.1826
1477000 500.741 -13001.4 13.9887
1478000 499.775 -13111.1 17.4976
1479000 499.226 -13015.4 -10.5742
1480000 499.275 -12979.2 -12.5099
1481000 498.57 -13114.1 -34.9964
1482000 501.719 -13056.9 -12.3514
1483000 501.369 -13073.5 5.35222
1484000 500.633 -13053.8 6.09234
1485000 499.121 -13022.5 -10.1444
1486000 499.231 -13040.8 -13.8595
1487000 502.142 -13045 -4.68805
1488000 499.379 -13006.7 -14.7912
1489000 501.781 -13010.1 9.99409
1490000 501.33 -12969.2 -11.1693
1491000 500.966 -13007.3 32.4184
1492000 501.161 -13041.4 -0.721899
1493000 500.904 -13053.3 -6.71117
1494000 500.209 -13105 11.9917
1495000 499.613 -13012.9 14.6716
1496000 497.729 -13047 20.7198
1497000 501.768 -12989.9 17.8031
1498000 503.413 -12975.9 -11.1853
1499000 502.602 -13043.8 11.8402
1500000 501.95 -13035.3 10.6095
1501000 499.306 -13096 -39.8973
1502000 500.894 -13093.5 8.47038
1503000 499.392 -13163.2 47.5606
1504000 498.339 -13100.8 9.79691
1505000 499.06 -13056.4 -30.7074
1506000 500.204 -13193 -19.7862
1507000 499.677 -13107.5 6.01524
1508000 500.548 -13052.3 30.919
1509000 502.939 -13041.6 5.4156
1510000 497.873 -13070.8 -25.4123
1511000 498.125 -13133.8 38.8687
1512000 499.594 -13141 -13.1453
1513000 500.969 -13100.9 -25.1006
1514000 501.032 -13099.9 4.01595
1515000 499.105 -13086 -7.98389
1516000 499.223 -13076.6 7.21916
1517000 499.766 -13032.1 -26.4868
1518000 499.686 -13149.9 4.25988
1519000 498.16 -13189.6 -1.33513
1520000 498.328 -13198.4 30.7692
1521000 501.363 -13107.5 -26.5237
1522000 498.757 -13154.5 -18.8636
1523000 501.354 -13025.6 13.8538
1524000 500.29 -13043.6 30.353
1525000 498.435 -13074.3 8.67603
1526000 498.94 -13009.9 -6.01496
1527000 500.269 -13080 27.1756
1528000 498.547 -13102.5 -19.9905
1529000 501.614 -13116.1 12.1546
1530000 499.292 -13111.8 -33.6239
1531000 500.61 -13070 27.6883
1532000 499.982 -13066.9 -32.0402
1533000 501.223 -13056.6 15.2102
1534000 500.647 -13054.6 19.6651
1535000 505.169 -12951.6 1.78231
1536000 500.864 -13093.3 -11.7314
1537000 501.878 -13097.7 14.8314
1538000 502.29 -13145.9 0.0192789
1539000 499.929 -13115 -8.24542
1540000 498.464 -13110.5 -10.4769
1541000 499.17 -13209.6 18.7231
1542000 497.733 -13221.2 -30.3327
1543000 500.474 -13183.1 15.8068
1544000 497.895 -13299.6 -7.03317
1545000 499.876 -13135.5 -17.1643
1546000 499.512 -13178.7 4.67409
1547000 501.453 -13082.4 -24.9579
1548000 499.73 -13063.1 2.29143
1549000 498.905 -13093.4 21.1324
1550000 498.288 -13131.2 -8.75189
1551000 496.729 -13205.3 -1.49758
1552000 497.28 -13162.6 23.6614
1553000 498.487 -13090.5 14.579
1554000 501.998 -13103.6 20.6416
1555000 499.191 -13096 -29.6425
1556000 500.31 -13168.9 -14.0808
1557000 500.219 -13155.1 -16.4705
1558000 498.952 -13112.1 28.9836
1559000 502.127 -13124.7 -38.6071
1560000 502.328 -13112.6 -3.27715
1561000 497.576 -13087.3 -12.1401
1562000 499.511 -13084.4 1.29016
1563000 501.67 -13165.8 -9.15032
1564000 499.158 -13121.3 -4.81344
1565000 497.928 -13162.4 -4.78601
1566000 503.096 -13103.9 5.29918
1567000 500.56 -13117.8 -8.88986
1568000 500.78 -13163.9 19.7201
1569000 499.738 -13213.3 11.8819
1570000 501.019 -13206.8 -16.3573
1571000 501.858 -13175 31.8774
1572000 502.939 -13078.3 -7.12931
1573000 499.657 -13077.6 -8.78
1574000 499.664 -13142 4.1576
1575000 500.351 -13187.4 1.70125
1576000 500.991 -13171.4 3.35361
1577000 499.42 -13160.2 -7.74233
1578000 498.352 -13258.4 6.03179
1579000 498.876 -13227.1 17.8122
1580000 501.599 -13200.8 2.93751
1581000 499.315 -13169.4 13.1438
1582000 501.313 -13114.9 25.1142
1583000 501.053 -13139.2 3.53039
1584000 502.319 -13080.5 -26.3621
1585000 501.688 -13019.6 11.1557
1586000 499.576 -13122.1 -1.49543
1587000 499.024 -13097.3 6.69907
1588000 499.555 -13099.9 1.67871
1589000 498.938 -13145 -5.25336
1590000 499.683 -13202.4 -5.41069
1591000 500.231 -13183.3 -4.36039
1592000 499.165 -13159.2 -6.69293
1593000 500.085 -13092.3 -8.46281
1594000 499.995 -13078.9 5.48861
1595000 502.783 -13105.5 -31.5725
1596000 500.452 -13129.7 20.0948
1597000 501.562 -13123.4 -17.543
1598000 498.705 -13148.7 5.78897
1599000 500.996 -13237.7 -0.272966
1600000 500.621 -13127.6 -3.73435
1601000 502.635 -13146.9 39.1502
1602000 499.206 -13255 15.8839
1603000 498.247 -13153.8 -1.31676
1604000 500.268 -13119.8 31.0062
1605000 499.395 -13140.5 -18.9852
1606000 499.728 -13161 3.9837
1607000 498.897 -13143.1 15.0761
1608000 499.187 -13212.6 12.4492
1609000 500.409 -13214.7 2.61036
1610000 500.275 -13143.5 -11.685
1611000 500.428 -13112.3 3.0898
1612000 500.199 -13084.3 33.3568
1613000 501.706 -12993.8 11.6598
1614000 499.888 -13103.3 6.76652
1615000 498.634 -13224.9 -1.42406
1616000 499.314 -13074.8 -15.8994
1617000 502.123 -13041.3 -24.4261
1618000 498.467 -13166.4 31.1465
1619000 503.565 -13165.2 6.21715
1620000 501.192 -13100.2 -12.9936
1621000 499.862 -13149.6 16.0407
1622000 500.431 -13151.6 1.06933
1623000 499.786 -13076.4 -14.8374
1624000 502.561 -13080.1 -4.62716
1625000 501.531 -13101.7 -19.2854
1626000 500.333 -13165.9 -10.5085
1627000 501.873 -13113.9 25.6351
1628000 501.455 -13097.2 24.817
1629000 500.95 -13109.8 -4.67389
1630000 500.547 -13111.4 20.1898
1631000 500.707 -13094 19.9391
1632000 498.8 -13126.8 -24.5108
1633000 499.587 -13130.9 21.1329
1634000 498.148 -13186.5 -7.22712
1635000 500.035 -13112.6 -12.6417
1636000 501.652 -13147.6 26.1394
1637000 499.859 -13107 5.45633
1638000 500.73 -13074.2 6.92546
1639000 502.3 -13133.3 -26.6568
1640000 499.662 -13246.1 -29.1715
1641000 500.038 -13176.9 3.38957
1642000 499.471 -13073.2 -16.6863
1643000 497.157 -13096.6 18.2316
1644000 498.385 -13177.3 9.49784
1645000 500.305 -13139.1 3.87867
1646000 499.431 -13139 10.2064
1647000 498.704 -13095 -8.24677
1648000 498.666 -13133.8 27.2929
1649000 501.131 -13071.5 -10.5314
1650000 502.245 -13085.4 15.6563
1651000 501.9 -13068 -11.9342
1652000 499.374 -13073.1 -25.4208
1653000 499.13 -13059.4 0.366321
1654000 499.236 -13091 -7.90886
1655000 501.197 -13086.3 3.54744
1656000 501.652 -13011.8 -1.90972
1657000 497.613 -13049.9 -7.06865
1658000 499.246 -13113.8 7.50513
1659000 499.496 -13106.9 -9.39452
1660000 499.843 -13009.4 9.50445
1661000 500.696 -12987 14.3809
1662000 500.056 -13013.6 -14.3239
1663000 502.127 -12931.2 4.49672
1664000 500.955 -13019.3 8.15268
1665000 501.579 -12905.1 19.8884
1666000 500.252 -13077.6 3.16587
1667000 499.285 -13067.3 0.755492
1668000 498.102 -13066.2 -19.8159
1669000 499.202 -13029.6 31.8343
1670000 497.977 -13018.3 2.9497
1671000 501.641 -12999.3 6.64987
1672000 503.174 -13019.7 -23.1231
1673000 500.333 -13108 -2.46066
1674000 500.074 -13039.6 1.35254
1675000 502.279 -13080.8 26.7661
1676000 499.917 -13009.9 16.1225
1677000 497.979 -13008.9 -4.40779
1678000 498.112 -13020.6 -7.19188
1679000 501.311 -13054.6 12.8796
1680000 498.622 -13026.4 20.0763
1681000 498.39 -12968.6 -21.7601
1682000 500.227 -13046.1 13.6896
1683000 497.771 -13071.6 13.7786
1684000 502.488 -13025.8 -8.77246
1685000 501.217 -13045.8 -28.3655
1686000 500.158 -13091.5 0.54695
1687000 498.517 -13091.2 -16.3172
1688000 499.149 -13042.3 -22.2241
1689000 499.2 -13033.7 -4.7429
1690000 501.908 -12940.5 27.3008
1691000 499.319 -13021.3 -20.9012
1692000 497.984 -13070.9 16.3285
1693000 503.681 -12996.1 17.7061
1694000 499.584 -13085.8 0.657135
1695000 500.05 -12945.5 -10.733
1696000 501.957 -12927.9 -4.36807
1697000 497.043 -12945.2 4.1615
1698000 500.309 -12889.8 0.24569
1699000 503.923 -12995.6 8.03928
1700000 501.41 -13066.6 5.88615
1701000 500.142 -12994.3 -5.45105
1702000 499.652 -12983.2 -10.6136
1703000 499.126 -13094.2 -18.4899
1704000 502.286 -13036 11.1071
1705000 501.637 -13004.8 -12.7544
1706000 502.55 -12967.3 -16.0294
1707000 501.807 -12987.9 -5.17068
1708000 498.726 -13082.9 16.1103
1709000 499.651 -13086.9 -3.23606
1710000 498.297 -13089.9 -16.089
1711000 498.117 -13093.3 -10.9896
1712000 498.852 -13064.3 1.99655
1713000 498.974 -13084.3 -3.92714
1714000 502.13 -13065.9 21.4176
1715000 499.445 -13092.7 -11.2448
1716000 498.517 -13167.4 -25.3793
1717000 499.353 -13122.3 -12.5196
1718000 496.696 -13112.6 -12.7331
1719000 500.83 -12934.9 -9.14626
1720000 501.486 -13005.5 20.2603
1721000 499.318 -12951.8 -15.118
1722000 501.631 -13022.4 17.2017
1723000 500.662 -13077.5 8.44984
1724000 501.843 -13082.4 12.0206
1725000 499.996 -13143.1 -2.86734
1726000 498.603 -13033.7 -29.6517
1727000 499.508 -12998.1 -16.7338
1728000 498.665 -13018.6 -9.5821
1729000 498.407 -13022.1 18.3008
1730000 501.33 -13041 3.46176
1731000 498.441 -13036.9 -4.28665
1732000 500.772 -13085.6 15.9665
1733000 497.94 -13065.1 -0.968289
1734000 501.093 -13030.9 -17.6534
1735000 499.296 -13051.4 -11.2604
1736000 498.025 -13078.1 12.4333
1737000 500.494 -13000.3 -20.6962
1738000 500.327 -12997 -4.07434
1739000 501.544 -12975.1 16.0146
1740000 498.721 -13069.1 21.6937
1741000 497.791 -13117.3 5.87511
1742000 498.951 -13095.2 -7.60677
1743000 497.938 -13129.5 4.85931
1744000 500.854 -13112.8 4.20222
1745000 499.618 -13109.3 -36.3042
1746000 499.96 -13067.3 2.38774
1747000 502.151 -13076.4 4.17877
1748000 500.082 -13006.7 -7.85282
1749000 501.199 -13089.9 0.146628
1750000 499.761 -13144.5 -37.6623
1751000 497.922 -13052 40.7018
1752000 500.637 -13024.1 -22.0791
1753000 498.687 -13040.4 -12.2314
1754000 499.056 -12999.4 12.0576
1755000 502.763 -13032.1 39.4697
1756000 498.828 -13091 -11.1952
1757000 498.115 -13083.7 2.15269
1758000 500.285 -13062.8 8.85325
1759000 500.221 -13050.6 -27.0749
1760000 499.98 -13002.4 17.051
1761000 500.293 -13086.1 -5.99609
1762000 501.53 -13043.2 -4.16945
1763000 501.312 -12980.9 -0.270648
1764000 499.396 -13059.2 18.0373
1765000 498.621 -13102 2.91556
1766000 497.983 -13094 -5.01181
1767000 499.048 -13039.2 5.53553
1768000 501.176 -13094 18.5567
1769000 497.172 -13057.8 -11.9469
1770000 500.811 -12992.2 -17.083
1771000 501.978 -12963.6 -2.50686
1772000 501.34 -12952.2 -12.1469
1773000 501.314 -13036.3 24.6935
1774000 500.806 -13033.5 -9.63866
1775000 497.52 -13103 -6.79836
1776000 499.105 -13097.3 27.0454
1777000 500.405 -13166 -3.93383
1778000 498.442 -13101.2 -0.413947
1779000 499.956 -13011.1 -11.7503
1780000 500.567 -12948.4 12.3339
1781000 497.794 -13107.6 21.0895
1782000 500.155 -13015.3 -32.3751
1783000 499.076 -12995.1 -6.27931
1784000 500.218 -13096.6 33.2066
1785000 500.701 -13109.4 -0.0858631
1786000 501.076 -13038 2.68451
1787000 500.263 -13005.8 -8.82534
1788000 502.267 -12902.2 3.86665
1789000 499.703 -12993 -8.80104
1790000 499.097 -13068.1 10.8915
1791000 500.494 -13047.5 13.9367
1792000 497.821 -13052.7 -17.6112
1793000 500.076 -13066.2 3.47293
1794000 498.806 -13004.3 -23.0244
1795000 500.504 -13085.4 16.9232
1796000 501.226 -13078.2 -1.99917
1797000 499.673 -13037 -13.9566
1798000 497.163 -13125.7 14.6765
1799000 500.326 -13082.5 -8.4288
1800000 501.558 -12965.4 8.26754
1801000 499.605 -12921.7 -22.5462
1802000 501.501 -12944.5 14.9905
1803000 500.253 -12986.4 -21.1049
1804000 501.145 -13005 14.5277
1805000 502.115 -12971.2 8.35398
1806000 499.188 -13019.6 1.06343
1807000 499.529 -13074.6 -12.3465
1808000 499.662 -13063.8 7.27852
1809000 500.782 -13027.3 -2.19236
1810000 502.299 -12965.8 30.1236
1811000 497.905 -13010.7 -8.111
1812000 499.139 -12998.1 15.1929
1813000 501.199 -12949.9 -4.50059
1814000 498.454 -13042.8 11.19
1815000 500.337 -12965.3 0.550597
1816000 499.589 -13028.2 -4.54489
1817000 502.201 -12963.6 -11.9806
1818000 497.224 -13045.9 6.78491
1819000 497.506 -13048.6 18.3883
1820000 498.222 -13022.3 -13.312
1821000 500.358 -12964.2 -10.8265
1822000 501.516 -12910.5 0.738598
1823000 500.063 -12974.7 -0.901173
1824000 499.379 -12994.1 19.8498
1825000 501.215 -13013.3 -11.6078
1826000 499.785 -13017.8 5.47009
1827000 500.455 -13005.3 2.08973
1828000 499.543 -13027.1 16.2456
1829000 497.798 -13145.2 -27.1491
1830000 500.89 -13047.3 -12.74
1831000 500.863 -13062 -13.8914
1832000 503.834 -12940.5 -18.7846
1833000 500.212 -12974.6 9.01312
1834000 501.645 -13040.5 -26.7
1835000 499.031 -13028 -0.0622052
1836000 502.154 -12959.2 20.6651
1837000 499.895 -13126.5 9.4689
1838000 500.495 -13077 -26.153
1839000 498.197 -13087.4 -16.7479
1840000 498.777 -13074.9 10.7626
1841000 502.159 -13049 -1.88094
1842000 499.914 -13011.3 -28.5455
1843000 499.233 -13078.1 32.2704
1844000 499.638 -13052.5 7.04527
1845000 499.793 -13120.3 -21.3768
1846000 499.748 -13101.5 -0.390045
1847000 501.129 -13004.7 2.23451
1848000 499.728 -13050.7 -8.11911
1849000 498.33 -13033.7 2.90992
1850000 500.462 -12907.6 -11.9674
1851000 500.238 -12966.7 5.27504
1852000 499.471 -12992.1 38.3009
1853000 499.394 -13037.2 -24.3178
1854000 499.259 -13009.3 -33.0623
1855000 500.895 -13013.3 -12.6304
1856000 500.704 -13051.7 10.0945
1857000 498.61 -12926.1 8.36556
1858000 500.069 -12975.2 -11.3072
1859000 499.31 -12967.7 -7.06123
1860000 503.248 -13006 -4.80259
1861000 500.282 -13018.2 -14.6985
1862000 497.909 -13006.6 4.45933
1863000 499.631 -12986.7 -39.8079
1864000 499.343 -12993.6 3.09217
1865000 499.864 -12935.5 0.133522
1866000 500.44 -12961.6 21.4158
1867000 499.241 -12919.8 15.2443
1868000 498.105 -12949.3 14.074
1869000 498.473 -12940.4 8.14365
1870000 499.325 -12936.9 21.027
1871000 497.243 -12985.1 -8.32787
1872000 501.572 -12990.8 1.3527
1873000 499.813 -13005.5 -11.0757
1874000 498.22 -12982.9 -3.20925
1875000 497.677 -13118.9 22.9199
1876000 498.172 -13031.1 -8.46796
1877000 498.916 -13047.6 31.434
1878000 499.608 -12911 -12.113
1879000 501.548 -12911.3 5.66554
1880000 497.169 -12978.8 2.02362
1881000 501.173 -12904.4 -0.649668
1882000 499.366 -12823.8 16.4605
1883000 498.245 -12981.6 -15.5354
1884000 501.501 -12979.2 15.7614
1885000 499.146 -13073.9 -14.9394
1886000 499.678 -13063 4.98046
1887000 498.583 -12973.5 -15.8418
1888000 497.906 -12950.1 -19.3823
1889000 500.111 -12920.9 -8.47843
1890000 498.23 -12896.2 1.93949
1891000 501.827 -12863.4 6.38603
1892000 501.451 -12921.8 28.9868
1893000 498.804 -12966.3 11.5191
1894000 498.601 -12979.7 -2.72798
1895000 500.666 -12957.7 3.0157
1896000 499.031 -13004.6 25.2274
1897000 500.355 -12921.8 -26.7451
1898000 498.64 -12927.3 30.6032
1899000 499.484 -12942.2 7.47602
1900000 501.773 -12931 -26.5998
1901000 497.312 -12978.8 16.5852
1902000 501.603 -12947.8 4.34181
1903000 501.812 -12839.5 -5.34553
1904000 499.026 -12916.1 -29.4767
1905000 497.232 -13009.2 12.6222
1906000 498.335 -13091.6 18.6629
1907000 499.44 -12944.2 15.4192
1908000 501.303 -12943 8.2109
1909000 499.292 -13018.4 16.3794
1910000 499.434 -12983 18.1026
1911000 502.554 -12790.4 -6.0343
1912000 500.318 -12860.3 -9.87855
1913000 499.619 -13002.1 -4.17026
1914000 497.931 -12960.5 5.3255
1915000 498.965 -12952.8 5.08705
1916000 501.083 -12901.3 11.8743
1917000 498.345 -12968 7.05482
1918000 501.046 -12957.1 15.8432
1919000 500.295 -12988.8 12.92
1920000 499.554 -12927.2 -26.2644
1921000 499.717 -12957 20.998
1922000 499.088 -12988.7 14.8456
1923000 499.449 -13020.3 -20.0537
1924000 498.946 -13026.3 -11.965
1925000 499.245 -12979.4 -4.31742
1926000 500.31 -12915.5 -13.1172
1927000 500.215 -12946.8 41.9407
1928000 500.728 -12957.8 22.7194
1929000 499.501 -12959 -23.1296
1930000 499.651 -13078.2 -13.1426
1931000 499.769 -13017.2 -7.25769
1932000 501.553 -12963.9 12.3271
1933000 499.447 -12900.6 23.9089
1934000 501.188 -12957.1 2.25417
1935000 502.964 -12971.7 6.21427
1936000 500.204 -13030.9 -5.91752
1937000 500.662 -13056.7 -20.0153
1938000 500.248 -12948.3 -1.00148
1939000 499.434 -12989.9 20.4939
1940000 499.691 -13011.2 -19.8972
1941000 500.31 -12926.5 5.51307
1942000 500.537 -12892.6 -10.1935
1943000 501.265 -12994.4 -10.3139
1944000 499.425 -13023.7 3.28986
1945000 497.596 -12994.8 11.6973
1946000 501.001 -12905 18.4029
1947000 498.437 -12981.9 8.55211
1948000 500.043 -12970.3 -8.83852
1949000 497.956 -13017.2 -23.1399
1950000 499.489 -12970.4 4.59661
1951000 498.532 -12931.6 -32.0753
1952000 498.193 -12984.6 1.06472
1953000 498.944 -13039.1 10.0868
1954000 499.043 -13031.2 -1.92026
1955000 499.871 -12969.9 -12.647
1956000 500.632 -13036.6 9.47547
1957000 500.091 -12970.6 7.47403
1958000 496.033 -12879.9 22.8431
1959000 502.6 -12910.4 26.4712
1960000 499.193 -13000.9 -27.6312
1961000 497.187 -13046.4 4.82995
1962000 499.546 -12895.6 -4.71797
1963000 500.839 -12973.1 -15.6187
1964000 500.439 -13052.7 6.21691
1965000 501.023 -13031.1 -17.0451
1966000 497.736 -13048.9 24.8493
1967000 502.189 -12961.8 -40.019
1968000 503.232 -13047.2 6.03892
1969000 499.399 -12940.1 2.44396
1970000 501.758 -13002.1 -3.68085
1971000 499.809 -13023.8 -15.3239
1972000 500.714 -12946.8 15.3788
1973000 497.503 -12954.6 14.0549
1974000 499.35 -12949.8 5.16347
1975000 501.816 -12974.4 1.35943
1976000 500.118 -13000.9 10.9487
1977000 498.868 -13025.1 -0.443286
1978000 501.329 -13018.7 -8.80902
1979000 500.658 -12938.3 11.9226
1980000 499.808 -12995.8 -9.84625
1981000 499.094 -13063.8 -6.0237
1982000 498.294 -13065.2 -4.8538
1983000 498.11 -13066.4 -2.41846
1984000 501.492 -12998.7 6.03761
1985000 499.656 -12978.1 12.7997
1986000 499.751 -13050.5 -12.4391
1987000 498.916 -13035.7 -21.7502
1988000 500.329 -13056.1 2.47379
1989000 499.306 -13023.8 -14.7508
1990000 498.788 -13041.6 -12.9072
1991000 499.069 -13042.3 8.57176
1992000 502.793 -13025.8 -2.18008
1993000 499.585 -12956.9 -11.44
1994000 499.849 -13047.8 13.3872
1995000 500.899 -13067.2 -31.701
1996000 500.079 -13091.3 12.5733
1997000 497.055 -13027.9 8.43004
1998000 498.723 -13100.2 -28.8771
1999000 500.809 -13062.4 3.48056
2000000 498.932 -13071.9 13.9896
