# Time-averaged data for fix 3
# TimeStep v_Temperature v_PotentialEnergy v_Pressure
2000 401.92 -15460.9 38.7556
3000 399.438 -15482.7 -23.4409
4000 399.933 -15501.3 22.6351
5000 400.204 -15476.4 -12.9433
6000 399.281 -15482.1 13.9292
7000 401.198 -15461.9 -10.8575
8000 399.426 -15479.5 12.691
9000 399.306 -15513.1 -9.3907
10000 400.262 -15504 -20.7939
11000 399.629 -15453.8 -14.9182
12000 401.024 -15455 -10.3805
13000 399.182 -15513 -0.533822
14000 399.482 -15470.9 -0.691304
15000 399.328 -15490 -8.27376
16000 399.86 -15482.3 -5.18954
17000 402.953 -15442.5 16.5529
18000 399.848 -15454.3 -8.41135
19000 400.776 -15420.7 -6.38373
20000 399.627 -15465.3 17.6918
21000 401.167 -15470.6 -3.95086
22000 399.867 -15426.8 9.7579
23000 400.8 -15426.1 5.99697
24000 399.262 -15425.8 -10.3103
25000 398.901 -15444.6 22.6873
26000 400.114 -15446.8 -27.739
27000 402.466 -15450.4 35.8361
28000 401.238 -15391.2 -24.2867
29000 400.466 -15495.4 35.6953
30000 400.857 -15482.9 -32.6833
31000 401.619 -15426.5 28.7872
32000 400.523 -15408.9 -8.18447
33000 401.157 -15439.3 9.8105
34000 401.369 -15456.3 -3.325
35000 399.808 -15443.7 -1.2844
36000 400.771 -15422.5 -10.9872
37000 396.997 -15467.2 10.6169
38000 398.014 -15456.7 2.10838
39000 399.905 -15448.8 -3.84857
40000 399.242 -15464.4 21.7402
41000 398.498 -15480.4 -5.37544
42000 399.437 -15458.7 -9.82457
43000 400.129 -15453.3 30.2273
44000 399.974 -15419.8 1.61936
45000 399.343 -15449 -0.943409
46000 399.695 -15408.4 -2.7559
47000 399.74 -15498.4 46.6096
48000 397.019 -15496.3 -47.6286
49000 399.438 -15445.8 2.86564
50000 399.281 -15454.4 -36.5265
51000 399.553 -15424.3 18.4495
52000 400.026 -15466.1 2.62996
53000 398.011 -15435.5 9.17721
54000 399.864 -15433.8 -22.5932
55000 399.343 -15423.9 -0.361855
56000 397.861 -15409 -4.37947
57000 400.683 -15443.7 6.52402
58000 400.432 -15395.3 -25.7239
59000 399.249 -15443.5 51.9247
60000 400.694 -15426.4 -31.8926
61000 401.506 -15400.1 34.8319
62000 401.093 -15339.5 0.15853
63000 397.024 -15470 -19.2911
64000 402.032 -15433.6 23.8325
65000 401.343 -15485.8 -66.9248
66000 401.695 -15410.2 44.4479
67000 399.978 -15427.1 -30.4924
68000 399.248 -15398.1 0.316625
69000 397.288 -15482.8 10.9907
70000 400.083 -15432.2 -12.4706
71000 402.882 -15381.8 8.07824
72000 398.963 -15443.3 -27.5768
73000 397.788 -15481.1 6.91044
74000 398.744 -15412.4 -2.37536
75000 400.286 -15429.2 -2.19865
76000 400.467 -15391.6 -12.7925
77000 400.256 -15429.6 26.4885
78000 400.584 -15470.3 -28.0038
79000 398.933 -15479.9 38.7751
80000 400.211 -15435.4 -16.2146
81000 400.069 -15419.2 30.6356
82000 401.854 -15332.7 13.0212
83000 401.365 -15366.5 17.4148
84000 398.983 -15379.3 2.46909
85000 399.355 -15429.4 -34.956
86000 401.392 -15397.2 41.5967
87000 399.686 -15399.1 -19.0261
88000 399.646 -15394.4 19.5229
89000 401.006 -15350.8 -4.64796
90000 400.366 -15366.9 0.608103
91000 400.766 -15376.3 6.2174
92000 397.385 -15367.8 -19.0824
93000 400.968 -15322.6 7.57047
94000 398.834 -15440.2 -15.8712
95000 401.65 -15322.7 -3.06303
96000 400.5 -15409.4 -13.552
97000 396.908 -15410.9 34.7035
98000 400.009 -15309.2 -12.1189
99000 400.492 -15318.3 6.25667
100000 397.337 -15409.9 39.1355
101000 399.342 -15423.4 -40.3484
102000 402.555 -15348.2 23.6546
103000 400.669 -15335.5 23.3342
104000 401.392 -15343.3 4.87698
105000 398.479 -15363.4 -25.3422
106000 397.363 -15383.8 16.1585
107000 400.633 -15344.6 10.7673
108000 400.023 -15339.6 12.7226
109000 400.261 -15441.5 -2.73687
110000 401.562 -15310.4 31.1322
111000 401.153 -15324.3 -2.17293
112000 398.448 -15386.6 -12.9027
113000 399.944 -15382 43.7033
114000 401.815 -15320.9 -21.173
115000 400.17 -15335.6 -8.43667
116000 402.998 -15355.7 -0.0220535
117000 400.385 -15375.1 -17.5515
118000 398.901 -15340.6 18.6538
119000 399.926 -15355.8 -1.4219
120000 400.037 -15302.7 17.7387
121000 400.589 -15317.5 -21.0882
122000 400.192 -15331.1 9.52453
123000 400.83 -15337 -2.04808
124000 397.773 -15386.8 -16.3889
125000 400.142 -15325.8 38.5494
126000 398.935 -15331.9 -13.1035
127000 400.234 -15328.3 8.84194
128000 399.191 -15255.9 -17.0242
129000 397.535 -15300.7 28.9402
130000 399.509 -15294.9 -6.35732
131000 402.585 -15222 1.07266
132000 398.816 -15310.2 4.02887
133000 398.511 -15354.4 20.5961
134000 399.625 -15335.5 34.2863
135000 400.61 -15328.7 -36.0829
136000 398.93 -15312.6 -0.570458
137000 400.059 -15376.5 -21.2286
138000 398.913 -15339.5 27.2667
139000 402.256 -15268.7 -0.467737
140000 399.48 -15291.6 22.0997
141000 401.618 -15304.8 -23.0411
142000 401.82 -15239.7 35.2218
143000 399.828 -15292.7 -53.0181
144000 398.446 -15323.6 51.5526
145000 401.245 -15292.2 -47.649
146000 400.474 -15322.2 0.675461
147000 401.919 -15328.4 -1.89426
148000 400.397 -15366.3 23.329
149000 400.599 -15300.9 -8.36039
150000 400.992 -15268.6 1.55998
151000 402.01 -15263.8 6.46079
152000 399.845 -15303.5 17.5755
153000 399.621 -15325.2 15.3839
154000 401.29 -15315.4 -28.4897
155000 400.131 -15310 19.3192
156000 398.844 -15299.8 -2.76556
157000 399.21 -15276.4 -24.4712
158000 400.15 -15296.8 15.8286
159000 398.965 -15349 -0.144866
160000 399.267 -15343.5 14.9688
161000 400.055 -15303.2 -13.5108
162000 399.221 -15312 22.0896
163000 398.73 -15351.4 -14.6729
164000 399.038 -15309 7.27852
165000 399.19 -15311.4 16.2939
166000 398.349 -15301.1 4.16516
167000 399.724 -15299.3 -6.13774
168000 397.21 -15351.3 -4.50921
169000 397.516 -15336.4 30.4375
170000 399.41 -15301.5 -28.7318
171000 397.229 -15315.1 59.9114
172000 399.862 -15304.7 -45.9465
173000 398.958 -15311.7 29.5535
174000 398.809 -15263.2 -13.3661
175000 400.388 -15249.5 19.3846
176000 397.899 -15258 -5.7435
177000 399.909 -15291.8 -16.5908
178000 401.205 -15314.1 33.2073
179000 401.158 -15269.7 -41.1054
180000 400.952 -15275.1 -5.97497
181000 401.481 -15222.3 28.6494
182000 402 -15275.6 -2.0199
183000 398 -15318.6 -4.11641
184000 398.132 -15261.9 5.61337
185000 400.826 -15248.1 18.9169
186000 399.892 -15324.7 5.88424
187000 398.644 -15339.2 -14.0347
188000 401.722 -15209.3 33.1546
189000 399.39 -15242.2 -17.6071
190000 402.172 -15251.2 -4.73557
191000 399.066 -15295.7 11.5682
192000 399.308 -15331.9 -8.95369
193000 399.899 -15263.1 8.5753
194000 400.509 -15286.1 -12.4237
195000 403.097 -15227.9 -8.56539
196000 399.327 -15285.4 25.996
197000 398.805 -15307.7 -1.76495
198000 399.846 -15310.4 5.45228
199000 397.746 -15320.9 0.0844002
200000 400.492 -15295.2 4.69053
201000 399.104 -15276.7 10.338
202000 400.372 -15281.5 -2.5945
203000 401.138 -15240.3 12.8098
204000 400.99 -15185.7 -8.06666
205000 399.71 -15217 37.8692
206000 398.744 -15252.7 -17.5353
207000 399.476 -15286.8 5.96931
208000 400.446 -15234 4.67909
209000 399.492 -15302.1 23.3235
210000 399.078 -15210.7 -6.48629
211000 401.074 -15238.6 53.7875
212000 400.005 -15289.6 -37.1497
213000 400.299 -15190 25.7574
214000 398.924 -15200.5 -31.3892
215000 399.167 -15225.9 43.3066
216000 400.839 -15245.3 -30.9603
217000 399.679 -15263.6 26.2055
218000 398.715 -15300.5 -38.2372
219000 398.139 -15239.2 65.9901
220000 401.031 -15243.6 -37.5802
221000 402.37 -15206.5 17.7278
222000 400.361 -15178.8 -14.2854
223000 402.019 -15214.5 47.1063
224000 399.326 -15239 -20.3959
225000 398.724 -15242.1 36.8407
226000 400.148 -15177.7 -11.2421
227000 398.744 -15245.2 -0.610264
228000 399.643 -15172.5 -22.4267
229000 399.927 -15217.8 6.69651
230000 399.577 -15266.5 -28.6015
231000 397.95 -15222.8 32.9104
232000 401.37 -15210.5 -5.42908
233000 401.413 -15188 0.544953
234000 400.494 -15213.8 -5.10831
235000 400.605 -15206.8 21.0469
236000 400.254 -15217.1 -20.8338
237000 400.369 -15210.6 34.0717
238000 399.768 -15163.3 -11.5994
239000 402.347 -15163.8 20.7675
240000 398.952 -15291 21.9115
241000 399.04 -15319.7 -10.1641
242000 398.92 -15242.7 -0.30813
243000 401.851 -15169.7 29.7
244000 402.242 -15153 -1.34105
245000 399.411 -15223.8 15.2314
246000 398.982 -15226.4 -29.6272
247000 399.894 -15218.7 37.4052
248000 399.188 -15208.7 -39.0302
249000 399.728 -15190.8 51.2387
250000 400.514 -15205.2 -30.902
251000 401.116 -15246 38.4343
252000 400.22 -15227.3 -42.2303
253000 399.708 -15213.6 33.445
254000 400.815 -15192.5 -13.0581
255000 400.959 -15154.5 14.9189
256000 401.022 -15218.1 -7.76707
257000 397.448 -15262.2 9.31162
258000 399.173 -15218.1 -19.1433
259000 400.235 -15220.4 63.6121
260000 399.616 -15216 -4.05732
261000 401.888 -15184.4 -3.99318
262000 400.625 -15255.1 -11.2953
263000 400.732 -15232.7 -16.7016
264000 399.45 -15224.4 5.59726
265000 398.484 -15237 17.0009
266000 400.038 -15241.4 -41.834
267000 399.19 -15221.7 -1.34729
268000 398.564 -15234.1 3.79907
269000 401.04 -15240.9 -25.2731
270000 399.504 -15262.9 45.7161
271000 399.998 -15238.2 -32.6106
272000 399.96 -15244.4 7.98018
273000 402.036 -15225.6 -6.36818
274000 399.826 -15225 16.5104
275000 399.486 -15261.1 -4.49232
276000 397.894 -15283.3 -10.573
277000 402.95 -15185.7 21.0719
278000 400.765 -15197.3 -21.025
279000 400.708 -15196.7 27.3697
280000 399.592 -15206 -32.4137
281000 397.247 -15203.3 59.3272
282000 398.586 -15212.1 -18.0794
283000 397.381 -15233.4 48.4832
284000 399.33 -15203.9 -30.8381
285000 402.893 -15124.8 22.8119
286000 399.393 -15177.5 -19.1573
287000 399.987 -15192.5 36.6223
288000 397.911 -15256.4 -13.8787
289000 399.773 -15258.5 2.55609
290000 401.55 -15245.1 0.923585
291000 401.536 -15307.4 24.2794
292000 400.304 -15218.3 -52.9396
293000 400.076 -15191.6 40.6756
294000 396.644 -15299.1 -18.1731
295000 398.883 -15236.3 33.7512
296000 397.188 -15264 -7.10284
297000 399.994 -15205.1 8.33713
298000 398.939 -15192.9 -5.20287
299000 402.702 -15116.9 22.6923
300000 399.443 -15212.6 -17.5037
301000 401.688 -15207.5 -2.57171
302000 401.238 -15142.3 9.72121
303000 400.087 -15210.7 -39.7014
304000 398.571 -15174 44.2815
305000 400.578 -15224.5 -22.384
306000 398.728 -15237.8 26.7889
307000 401.657 -15194.9 -1.79286
308000 399.66 -15176.7 -20.2893
309000 399.334 -15247.1 20.2363
310000 399.489 -15205.1 -24.638
311000 401.9 -15166.5 40.717
312000 399.607 -15179.8 -41.1507
313000 400.901 -15183.1 -5.91412
314000 400.429 -15182.4 5.60633
315000 401.003 -15227 -0.41934
316000 403.148 -15176.3 -10.758
317000 398.491 -15241.9 32.5609
318000 399.981 -15181.7 -35.9274
319000 398.602 -15200.1 26.2048
320000 398.105 -15263.8 -27.4208
321000 398.202 -15274.2 17.6379
322000 399.859 -15235.4 -14.2404
323000 398.565 -15230.7 23.2618
324000 400.407 -15237.4 -14.1953
325000 399.73 -15227.7 20.4606
326000 399.091 -15242.7 -0.483321
327000 398.755 -15257.5 -5.09805
328000 400.954 -15135.5 -8.82535
329000 399.54 -15213.2 15.4136
330000 401.525 -15183.2 31.5569
331000 399.428 -15185.3 -36.807
332000 398.977 -15235.4 28.1546
333000 398.728 -15215.6 11.0893
334000 398.363 -15253.2 6.92546
335000 401.666 -15184.4 -1.29805
336000 400.117 -15177.5 -6.66673
337000 399.171 -15208.1 11.3509
338000 399.149 -15259.5 -24.7211
339000 400.508 -15149.4 -3.04366
340000 400.489 -15183.4 23.9259
341000 398.308 -15298.4 -34.2778
342000 398.302 -15247 48.8549
343000 399.187 -15246.8 -20.2091
344000 400.668 -15194.8 43.2212
345000 399.717 -15265.8 -25.7881
346000 401.416 -15160.9 14.9819
347000 400.967 -15181.6 5.6747
348000 399.517 -15227 -14.0352
349000 399.59 -15242 23.6718
350000 401.078 -15182.8 -24.5844
351000 401.642 -15218.9 45.7016
352000 399.772 -15224.5 -13.4556
353000 398.021 -15206.8 24.3291
354000 398.24 -15232.9 -25.0009
355000 399.282 -15230.9 36.6287
356000 399.049 -15194.3 2.88381
357000 398.794 -15172.3 -8.05467
358000 399.321 -15235.1 -18.011
359000 399.34 -15228.1 28.828
360000 400.01 -15215.5 -11.5207
361000 400.07 -15170.2 -2.19227
362000 399.662 -15228.3 2.76227
363000 398.679 -15229.9 -4.57685
364000 399.26 -15193.2 -12.2062
365000 397.286 -15254.9 23.9848
366000 400.458 -15164.7 -10.2068
367000 397.221 -15238.6 47.0461
368000 400.531 -15233.1 -33.1983
369000 398.846 -15236.1 25.199
370000 401.647 -15133.3 -13.9631
371000 400.921 -15156.8 -1.60782
372000 401.864 -15214.7 -8.12855
373000 400.994 -15238.3 12.3626
374000 399.222 -15265.9 0.730079
375000 399.712 -15179.2 -14.1917
376000 398.169 -15254.5 19.2817
377000 400.744 -15170.8 -28.7738
378000 400.453 -15179.6 17.1421
379000 398.619 -15227.9 -6.22426
380000 400.656 -15231.7 43.3981
381000 401.664 -15197.2 -17.115
382000 399.402 -15157 12.464
383000 401.342 -15219.5 1.16149
384000 399.08 -15248.1 -4.90549
385000 399.593 -15216.5 33.84
386000 400.911 -15232.3 -13.6019
387000 403.014 -15159.8 9.79229
388000 399.705 -15193.7 2.27282
389000 400.314 -15155.1 -17.9436
390000 399.973 -15207.4 1.53037
391000 401.083 -15158.3 8.54397
392000 398.309 -15216.3 5.30508
393000 398.833 -15266.8 -12.3259
394000 401.132 -15172.8 34.6695
395000 400.057 -15163.7 -8.41207
396000 397.692 -15192.5 0.459888
397000 400.155 -15189.8 6.15925
398000 397.906 -15198.5 -8.80927
399000 400.893 -15171.2 -6.22917
400000 399.987 -15177.3 40.5937
401000 400.382 -15159.3 -7.13393
402000 400.216 -15202.4 -9.85514
403000 399.164 -15229.6 12.3169
404000 400.347 -15229.9 13.0858
405000 401.301 -15150.2 -15.1229
406000 400.059 -15136.3 21.0033
407000 400.158 -15199.3 -27.9543
408000 398.328 -15197.4 20.5803
409000 398.476 -15174.4 -32.5294
410000 399.238 -15187 25.6022
411000 399.556 -15103.7 10.5616
412000 400.412 -15110.7 14.7162
413000 400.86 -15150.9 5.82541
414000 399.186 -15170 -5.15343
415000 400.868 -15104.1 -8.50184
416000 398.911 -15156.6 -16.4188
417000 399.928 -15127 41.0748
418000 401.368 -15174 -19.2
419000 401.642 -15116.9 28.5403
420000 401.057 -15142.6 -5.6508
421000 398.31 -15235 -1.48829
422000 401.494 -15169 -27.1804
423000 400.02 -15185.9 8.94314
424000 402.441 -15100.7 -12.0514
425000 400.982 -15100.1 -1.26369
426000 401.228 -15131.8 9.5078
427000 401.12 -15165.4 -16.9348
428000 399.764 -15169 -12.9119
429000 399.135 -15224.9 12.3123
430000 399.704 -15174 -18.5024
431000 401.106 -15209.6 24.6203
432000 400.472 -15167.8 3.30539
433000 399.895 -15191.1 -10.9885
434000 398.759 -15204.1 6.78556
435000 400.883 -15176.5 19.6784
436000 400.184 -15256.8 -29.4433
437000 400.175 -15168.4 8.9083
438000 400.849 -15197.2 -27.8242
439000 401.958 -15110.7 1.32321
440000 398.868 -15240.7 -29.997
441000 399.16 -15255.5 -5.54137
442000 398.578 -15194.7 46.9603
443000 399.938 -15149.9 -35.2588
444000 401.79 -15199.2 9.70196
445000 400.348 -15196.9 -23.1829
446000 400.769 -15221.2 -24.3468
447000 400.494 -15202.1 4.51057
448000 400.589 -15190 -15.2141
449000 400.361 -15182.8 5.5134
450000 400.55 -15186.1 22.1207
451000 401.034 -15117.8 -54.4888
452000 401.34 -15102.2 50.7507
453000 401.013 -15149.1 -24.3739
454000 399.377 -15121.9 -16.7809
455000 398.654 -15181.4 6.64872
456000 397.87 -15156.7 -14.5236
457000 397.496 -15154.6 -3.86486
458000 399.85 -15164.4 -1.16812
459000 399.254 -15201.3 11.5945
460000 400.072 -15191.5 -12.2247
461000 399.182 -15196.3 25.3351
462000 400.299 -15139.7 -54.6521
463000 400.68 -15131.7 29.6571
464000 400.814 -15196 -8.48034
465000 400.439 -15129.4 5.65899
466000 401.398 -15163.5 -6.24121
467000 398.926 -15173.7 -6.58142
468000 400.553 -15188.7 21.2295
469000 400.041 -15165.5 -26.9141
470000 398.669 -15192.4 17.062
471000 400.068 -15152.8 -6.84617
472000 399.214 -15192.2 1.49954
473000 399.474 -15230.4 22.2964
474000 398.738 -15213.5 -3.10142
475000 401.985 -15217.7 -36.2477
476000 397.678 -15256.7 21.5926
477000 399.286 -15226.1 11.4325
478000 400.496 -15203.4 -29.8411
479000 398.149 -15206.6 27.3039
480000 399.499 -15200.2 -2.41856
481000 398.034 -15254.8 -0.189726
482000 399.625 -15212.8 10.9699
483000 399.416 -15183.1 -6.41103
484000 397.552 -15256.9 33.8894
485000 398.813 -15206.1 -45.2164
486000 398.358 -15209.2 38.5852
487000 398.96 -15217.7 -36.714
488000 402.382 -15170.1 25.4895
489000 400.174 -15202.7 -30.8439
490000 401.424 -15201.6 -6.81172
491000 397.526 -15246.5 6.75125
492000 400.749 -15177.8 -7.04049
493000 398.901 -15214.5 32.7417
494000 399.689 -15252.4 -26.5769
495000 400.501 -15199.9 2.81181
496000 401.628 -15216.7 13.9841
497000 399.165 -15214.5 -11.2314
498000 398.396 -15244.5 -15.8449
499000 399.073 -15264 29.5146
500000 399.087 -15202.7 -20.736
501000 399.702 -15233.6 6.06051
502000 397.846 -15164.7 -1.7332
503000 400.845 -15136.2 -6.14584
504000 401.135 -15170.7 21.6235
505000 400.594 -15216.4 -17.9238
506000 398.459 -15201.7 2.08468
507000 399.109 -15225.9 -11.9427
508000 399.776 -15215.1 -9.48476
509000 399.296 -15202.1 -11.2578
510000 398.181 -15221.7 10.0156
511000 401.699 -15146 -12.4766
512000 399.845 -15204.7 22.2061
513000 399.868 -15233.7 -10.8476
514000 400.544 -15163.7 18.4032
515000 401.601 -15210.4 -11.7047
516000 401.247 -15224.3 10.1842
517000 399.814 -15162.1 10.9402
518000 399.231 -15181.3 23.7401
519000 400.531 -15141.5 -37.686
520000 400.256 -15155 28.9134
521000 400.291 -15172.2 -41.2137
522000 400.154 -15191.4 38.7333
523000 399.306 -15180.9 -36.9079
524000 398.91 -15161 -6.53606
525000 399.915 -15191.4 9.45689
526000 400.397 -15135.6 -9.21197
527000 400.298 -15176.9 -14.1692
528000 398.975 -15199.4 12.1381
529000 398.597 -15172.9 -11.2518
530000 400.778 -15125.9 -3.29219
531000 398.67 -15177.3 1.70216
532000 400.513 -15183.7 14.996
533000 401.154 -15152.7 21.6438
534000 400.925 -15136.2 -30.9049
535000 401.872 -15174.7 9.07227
536000 401.832 -15194.1 -26.4398
537000 400.34 -15164.9 51.3662
538000 399.407 -15157.2 -56.6366
539000 399.553 -15179 66.8724
540000 401.22 -15137.7 -61.4204
541000 398.622 -15229.1 53.3003
542000 399.043 -15188 -68.5451
543000 398.1 -15210.2 59.9225
544000 401.795 -15049.6 -37.7089
545000 401.548 -15087.4 38.0013
546000 400.062 -15130.8 -24.1561
547000 400.457 -15088.7 49.9526
548000 401.148 -15160.4 0.366535
549000 399.511 -15161.6 23.002
550000 400.574 -15143.3 -27.3715
551000 400.562 -15132.7 26.4683
552000 400.734 -15123 -18.686
553000 401.732 -15169.3 -0.220848
554000 398.33 -15178.3 3.38125
555000 399.642 -15172.2 -16.5313
556000 397.299 -15188 -28.7267
557000 400.256 -15087.9 10.1112
558000 399.879 -15104.9 14.8325
559000 398.612 -15193.9 -35.034
560000 401.391 -15122.8 9.02229
561000 400.211 -15165.1 -17.3662
562000 401.504 -15133.7 -1.89427
563000 400.103 -15191 -3.2121
564000 398.851 -15223.1 2.0775
565000 399.939 -15103.4 -3.97032
566000 398.274 -15151 -0.983074
567000 399.736 -15091.9 11.3485
568000 399.163 -15198.4 21.7273
569000 400.069 -15157.1 -21.8519
570000 399.701 -15188.6 9.46225
571000 399.352 -15139.4 3.66527
572000 399.648 -15156.5 -20.5757
573000 401.172 -15152.3 31.3172
574000 398.895 -15143.7 -47.0906
575000 399.395 -15078.3 24.9858
576000 399.934 -15123 -24.5412
577000 399.197 -15092.9 -4.38832
578000 401.304 -15147.7 29.7011
579000 398.631 -15120.7 -20.1845
580000 402.566 -15071.6 14.2362
581000 401.576 -15093.5 -1.65532
582000 400.673 -15096.8 12.0361
583000 398.187 -15137.7 -12.9143
584000 400.351 -15118.3 32.4699
585000 399.799 -15132.2 -15.6168
586000 400.003 -15137 38.6779
587000 398.937 -15146 -57.4192
588000 401.162 -15089.2 39.6629
589000 400.665 -15101.8 -33.4129
590000 402.013 -15102.1 2.9777
591000 398.584 -15122.6 -10.3503
592000 401.301 -15132.4 2.47939
593000 401.94 -15082.9 1.8962
594000 400.721 -15116.7 -14.6705
595000 400.42 -15107.8 29.4384
596000 400.311 -15094.9 -30.3961
597000 402.092 -15097.9 25.3557
598000 400.407 -15055.7 -20.2211
599000 400.765 -15118.2 16.0563
600000 400.677 -15141.9 -20.8936
601000 398.732 -15139.2 13.4087
602000 399.261 -15161.5 -10.5502
603000 400.433 -15161 8.50034
604000 398.296 -15139.5 -10.2019
605000 401.149 -15095.2 9.93805
606000 400.751 -15106.2 -0.490892
607000 400.392 -15121.9 -11.6504
608000 399.833 -15092.9 -3.52807
609000 399.687 -15129.6 -9.34506
610000 398.531 -15144.6 14.1978
611000 398.446 -15116 1.07093
612000 401.053 -15119.6 13.6851
613000 399.27 -15158.3 -7.0017
614000 400.057 -15111.8 35.5983
615000 401.022 -15070.9 -58.5235
616000 401.79 -15067.1 50.2292
617000 402.509 -15083.2 -26.7669
618000 399.378 -15115.3 -1.87989
619000 399.527 -15138.4 -2.34127
620000 401.367 -15172.3 2.64936
621000 401.082 -15181.1 32.9309
622000 400.286 -15172.3 -18.715
623000 400.352 -15101.8 -2.65132
624000 399.945 -15125.9 6.56231
625000 397.998 -15156.7 8.67306
626000 399.914 -15092.5 6.43155
627000 401.229 -15142 9.45706
628000 399.258 -15131.2 9.23206
629000 401.483 -15160.5 -18.4999
630000 397.65 -15173.4 55.4534
631000 401.551 -15137.2 -16.7939
632000 400.42 -15126.7 -30.0828
633000 397.855 -15148.7 34.4095
634000 399.291 -15171.2 -41.3009
635000 399.128 -15180.4 31.8616
636000 401.233 -15111.2 -21.1057
637000 399.906 -15191.7 29.9528
638000 399.29 -15138.8 -15.0211
639000 400.787 -15127.2 18.7728
640000 399.815 -15146.8 -1.79324
641000 397.57 -15144 -10.7891
642000 399.331 -15160.8 -5.58695
643000 398.642 -15193 12.7232
644000 400.109 -15114.5 -21.254
645000 398.89 -15165.6 26.1105
646000 398.932 -15098.7 -13.1727
647000 400.138 -15093.8 1.16308
648000 399.174 -15158.1 32.1978
649000 400.025 -15138.5 -29.8632
650000 401.391 -15057.6 43.9818
651000 399.862 -15176.3 -34.808
652000 399.146 -15255.4 45.1026
653000 398.739 -15176.5 -11.0662
654000 400.378 -15118.5 31.6649
655000 400.006 -15091.3 -7.54537
656000 399.361 -15203.1 2.08059
657000 400.877 -15198.5 -18.8996
658000 398.472 -15137.9 30.7402
659000 402.232 -15087.2 -38.3828
660000 399.523 -15087.6 6.12979
661000 400.093 -15068.6 29.7888
662000 401.765 -15093.7 -5.13845
663000 397.593 -15162 -9.52037
664000 400.53 -15135.6 32.3317
665000 400.402 -15113.6 -11.1486
666000 398.939 -15197.5 14.2058
667000 400.498 -15127.9 -27.0018
668000 400.104 -15088.9 12.7193
669000 401.115 -15126.7 0.598757
670000 398.893 -15184.3 8.40757
671000 399.772 -15161 -11.5088
672000 399.867 -15140.3 0.0848016
673000 400.26 -15175.1 7.39659
674000 400.249 -15126.9 -5.35938
675000 399.574 -15126.3 21.2736
676000 400.09 -15102.2 -33.8829
677000 400.228 -15101.6 36.2572
678000 399.537 -15099.5 15.0725
679000 397.955 -15206.4 -17.8222
680000 398.532 -15183.4 -4.27107
681000 400.272 -15194.6 5.48162
682000 401.419 -15124.9 -13.0162
683000 400.995 -15135.8 -10.7482
684000 402.731 -15085 23.5121
685000 399.09 -15184.3 -36.6156
686000 399.292 -15175.7 24.9708
687000 401.887 -15111.3 -14.1411
688000 399.918 -15218.4 29.7027
689000 401.061 -15112 -4.92645
690000 399.346 -15100.5 14.2642
691000 401.459 -15090 8.3879
692000 401.218 -15148.7 0.47028
693000 401.083 -15133.3 -10.7777
694000 401.674 -15088 -15.6923
695000 400.38 -15126.3 26.8737
696000 399.104 -15173.7 -28.6827
697000 398.327 -15187.7 -9.43318
698000 399.938 -15179.5 17.3855
699000 398.689 -15156.7 -3.22007
700000 399.572 -15133.3 -17.4355
701000 397.135 -15159.2 7.18479
702000 398.768 -15141 15.4106
703000 400.841 -15163.3 -0.254454
704000 400.538 -15152.4 -31.0321
705000 400.744 -15144.7 4.36777
706000 401.767 -15146 -8.48881
707000 399.655 -15113.8 -10.0246
708000 401.381 -15158.5 39.9436
709000 401.118 -15128.5 -18.9269
710000 400.874 -15118 7.36482
711000 401.113 -15129.2 -13.5468
712000 400.764 -15123.1 15.1709
713000 399.5 -15169.5 2.44003
714000 403.316 -15087 2.81922
715000 401.09 -15106.8 -28.1357
716000 400.715 -15117.2 21.9745
717000 400.567 -15123.8 -20.3854
718000 398.824 -15126 32.4534
719000 397.83 -15201.4 -18.235
720000 399.114 -15233.5 30.7067
721000 399.128 -15166 -24.6116
722000 398.349 -15156.2 -6.42884
723000 399.897 -15146.4 12.7503
724000 400.939 -15135.7 -15.0724
725000 400.857 -15123.6 17.8162
726000 400.166 -15149.3 -28.7684
727000 401.854 -15117.6 45.1338
728000 401.374 -15143.7 -47.0562
729000 397.19 -15216.2 28.7448
730000 397.78 -15195.5 -1.79383
731000 399.966 -15144 12.0674
732000 398.225 -15193.9 9.07971
733000 399.599 -15134.3 15.778
734000 398.972 -15113.2 -22.9725
735000 398.124 -15145.9 20.8474
736000 398.445 -15146.9 -19.1469
737000 400.345 -15116.5 47.6164
738000 399.352 -15184.3 -31.5583
739000 398.779 -15226.4 11.1856
740000 398.998 -15141.8 -36.2262
741000 398.722 -15216.8 23.2261
742000 399.272 -15121.6 -20.466
743000 401.32 -15125.3 31.2811
744000 400.429 -15162.5 -27.6458
745000 400.342 -15168.2 16.9949
746000 401.902 -15103.8 -9.72391
747000 400.104 -15223.9 -6.5673
748000 399.951 -15155.2 -16.5858
749000 399.442 -15139.8 21.6838
750000 398.227 -15131 -14.9943
751000 401.276 -15128.5 37.6917
752000 400.443 -15100.1 -29.7865
753000 399.376 -15206.3 43.14
754000 400.948 -15167 -24.2601
755000 399.882 -15119.2 38.6772
756000 399.586 -15158.8 -46.9156
757000 399.7 -15161.6 38.7949
758000 398.303 -15238.7 -21.211
759000 398.856 -15222.3 1.97357
760000 399.948 -15197.8 -1.91869
761000 400.979 -15148.7 -19.6586
762000 399.451 -15136.2 -15.7656
763000 398.725 -15135.7 -5.55607
764000 399.475 -15208.5 15.6245
765000 400.442 -15172 -6.13096
766000 400.196 -15166 18.5051
767000 401.518 -15138.7 -11.8695
768000 398.99 -15202.3 -7.09678
769000 398.563 -15195.8 6.4923
770000 399.649 -15211.6 -6.91632
771000 399.948 -15194.7 -4.45838
772000 401.582 -15110.5 29.3226
773000 399.472 -15147.7 14.9263
774000 397.504 -15147.6 -16.8172
775000 401.834 -15110.2 33.0238
776000 398.976 -15154.7 -28.5322
777000 402.42 -15127.7 39.1531
778000 400.03 -15162.6 -41.099
779000 400.096 -15199.6 54.2719
780000 401.408 -15175.3 -21.195
781000 401.727 -15121.2 19.7176
782000 399.291 -15187 -33.1909
783000 399.903 -15238.9 34.7366
784000 401.041 -15174.7 -13.2033
785000 401.6 -15137.9 -7.43222
786000 400.442 -15086.7 -27.113
787000 398.408 -15163.4 17.0066
788000 399.001 -15141.9 8.45842
789000 398.546 -15162.2 -6.12802
790000 398.811 -15223.9 29.282
791000 396.925 -15234.9 -0.412568
792000 399.903 -15163.8 4.93073
793000 398.731 -15229 -13.6346
794000 402.379 -15110.4 23.6255
795000 399.387 -15133.2 -7.36546
796000 399.396 -15183.4 12.3487
797000 400.948 -15122.4 -42.4907
798000 400.265 -15161.7 36.7746
799000 400.254 -15128.3 -14.7448
800000 399.988 -15155.9 24.4532
801000 401.391 -15139.5 0.465931
802000 401.987 -15140.2 5.87742
803000 400.443 -15094.9 -7.61556
804000 402.112 -15093.5 2.74958
805000 402.066 -15071.1 4.01857
806000 399.351 -15166.8 -9.90216
807000 399.948 -15174 -13.8743
808000 400.698 -15143.7 10.474
809000 400.384 -15101 -7.32695
810000 402.381 -15075 20.3561
811000 400.019 -15121.9 -5.04117
812000 399.519 -15169.6 17.7048
813000 400.685 -15190.7 4.20124
814000 400.081 -15186.3 -1.98318
815000 399.92 -15166.3 17.4944
816000 399.973 -15156.3 -2.61907
817000 400.02 -15128.1 28.8363
818000 398.892 -15148.8 -1.65374
819000 400.177 -15116.5 -26.6386
820000 401.32 -15132.5 33.5959
821000 400.365 -15167.4 -1.38572
822000 399.791 -15145.5 11.565
823000 398.288 -15100.5 18.482
824000 400.182 -15122.1 -23.9411
825000 400.979 -15139.8 2.40755
826000 400.848 -15136.3 29.3898
827000 400.22 -15156.5 -22.5176
828000 399.024 -15143.4 18.4222
829000 401.213 -15121.1 -13.916
830000 400.685 -15139.9 33.7072
831000 398.609 -15165.3 -11.8496
832000 398.586 -15160.3 35.7603
833000 398.349 -15197.6 -34.0957
834000 400.839 -15116.1 3.82552
835000 400.893 -15147.5 -21.4969
836000 401.313 -15178.4 46.5925
837000 401.067 -15181 -32.305
838000 400.77 -15113.2 52.0049
839000 402.962 -15038 -42.5649
840000 399.802 -15143.2 23.0801
841000 399.462 -15192 -4.75009
842000 399.913 -15129.8 21.6403
843000 399.927 -15098 -25.3322
844000 399.583 -15143.6 22.3777
845000 398.579 -15159.1 -13.5432
846000 401.484 -15106.2 42.9088
847000 400.886 -15130.1 -55.0927
848000 396.652 -15128 58.4425
849000 401.884 -15108.3 -43.0895
850000 400.436 -15128.7 27.9012
851000 399.639 -15128.4 -38.533
852000 399.519 -15149.8 23.524
853000 398.902 -15146.5 -6.71491
854000 400.679 -15134.8 -43.6489
855000 401.571 -15147.1 41.8774
856000 400.231 -15158.7 5.26862
857000 397.863 -15185.4 -8.92466
858000 400.636 -15100.8 4.78593
859000 400.427 -15162.7 -13.7499
860000 399.599 -15184 6.85475
861000 400.545 -15160.4 12.7606
862000 400.921 -15161.9 -15.2674
863000 397.782 -15242.4 34.0621
864000 398.814 -15136.2 -17.1175
865000 399.264 -15103.1 41.4729
866000 399.898 -15117.5 -7.36628
867000 397.602 -15201.9 3.82382
868000 400.102 -15167.6 7.87028
869000 401.234 -15149.6 9.16412
870000 399.76 -15097.9 7.35628
871000 401.655 -15092.6 1.1061
872000 402.188 -15122.7 2.07895
873000 399.798 -15237.4 -8.06608
874000 399.896 -15213.5 0.660479
875000 397.597 -15217.2 -9.91051
876000 400.418 -15161.2 11.7998
877000 400.769 -15102.3 -7.58525
878000 397.66 -15175.6 -5.16631
879000 399.613 -15209.4 3.69709
880000 399.417 -15174.2 12.147
881000 400.664 -15192.8 2.0956
882000 400.02 -15233.1 11.2985
883000 399.649 -15213 5.78093
884000 400.409 -15110.2 -3.38693
885000 399.319 -15268.2 -7.65747
886000 400.763 -15226.1 -0.871673
887000 399.187 -15231.2 -3.49556
888000 401.048 -15172.3 27.0351
889000 400.531 -15203.8 -3.0622
890000 398.862 -15183.9 -0.306799
891000 398.904 -15138.3 11.8614
892000 399.862 -15197.6 5.86383
893000 399.468 -15171.9 -9.33843
894000 399.396 -15151.4 -25.2082
895000 398.711 -15151.4 22.3519
896000 401.407 -15108.2 -22.9497
897000 400.174 -15205.8 27.52
898000 399.448 -15159.2 -25.9118
899000 398.722 -15148.3 46.2077
900000 399.563 -15123.4 -21.1592
901000 398.645 -15160.4 -0.020185
902000 400.59 -15168.1 24.7711
903000 401.187 -15190.5 -35.6439
904000 397.791 -15204.7 15.5697
905000 400.334 -15156.9 -4.69033
906000 398.472 -15167.8 33.8564
907000 401.157 -15161.5 -9.81292
908000 401.088 -15083.4 -5.59265
909000 400.128 -15139.8 -20.2071
910000 400.616 -15107.5 9.66155
911000 400.166 -15174.7 22.517
912000 399.916 -15195 -24.2664
913000 400.259 -15129.8 38.2956
914000 398.778 -15170.5 -38.91
915000 402.084 -15124.9 44.0151
916000 400.447 -15200.3 -21.7708
917000 400.776 -15160.1 12.96
918000 399.66 -15202 -0.751427
919000 397.634 -15246.4 13.5406
920000 401.71 -15129 -27.5989
921000 401.371 -15084.1 9.3465
922000 399.821 -15176.8 10.5627
923000 399.476 -15098 -10.6796
924000 401.671 -15137 -4.75122
925000 400.471 -15213.9 6.13778
926000 397.685 -15192.8 5.19949
927000 399.759 -15197.9 -19.6238
928000 398.676 -15164.5 7.21199
929000 400.062 -15170.4 11.4711
930000 399.261 -15196.8 -18.7519
931000 401.154 -15164.5 -10.7264
932000 399.511 -15158.1 5.31416
933000 400.264 -15170.9 -34.6774
934000 400.473 -15164.1 13.1463
935000 400.736 -15215.5 -3.96542
936000 398.057 -15199.3 6.56787
937000 401.014 -15178.2 -14.04
938000 398.374 -15204.9 23.7452
939000 401.243 -15155.9 -11.5217
940000 401.079 -15146.7 30.606
941000 401.137 -15145 -17.3038
942000 400.592 -15161.8 -1.62495
943000 401.21 -15123.8 7.98911
944000 400.539 -15226.8 -36.3195
945000 399.801 -15190.4 31.3164
946000 399.893 -15160.8 -3.3858
947000 398.063 -15126.1 36.9531
948000 400.346 -15119.2 8.26852
949000 400.625 -15212.4 -8.93124
950000 400.678 -15154.8 6.60296
951000 403.081 -15099.4 -25.8594
952000 399.69 -15179.3 26.1527
953000 401.681 -15135.9 -19.631
954000 397.186 -15183.3 31.5817
955000 400.504 -15125.3 -30.9267
956000 399.738 -15136.4 4.50175
957000 400.918 -15089.4 5.64572
958000 401.174 -15135.4 20.474
959000 400.312 -15178.8 -0.688143
960000 400.752 -15138.1 11.4052
961000 398.341 -15167.6 -9.63677
962000 399.87 -15176.3 23.8765
963000 401.054 -15076.3 -32.2601
964000 399.323 -15176.9 64.989
965000 399.403 -15179.1 -68.2875
966000 400.823 -15184.1 62.5457
967000 398.198 -15261.1 -28.0208
968000 399.032 -15226.8 64.2435
969000 399.497 -15229.6 -64.401
970000 399.498 -15188.9 55.4147
971000 401.109 -15147.5 -35.2172
972000 400.943 -15162.6 46.5283
973000 402.119 -15162.1 -27.9514
974000 398.763 -15187.1 9.64106
975000 399.446 -15234.8 -26.3258
976000 398.239 -15195.4 7.30851
977000 399.087 -15154.4 -16.1711
978000 399.594 -15194 11.3598
979000 399.738 -15171.2 14.4601
980000 398.887 -15124.6 -7.56438
981000 399.41 -15219.7 -3.25249
982000 397.681 -15192.1 42.9397
983000 398.254 -15124.6 -39.2986
984000 400.227 -15162.9 13.5991
985000 399.724 -15167.1 -8.80899
986000 399.142 -15163.8 7.79025
987000 401.216 -15204.8 2.10959
988000 400.753 -15168.5 0.277812
989000 399.037 -15161.3 -1.72562
990000 402.163 -15183.4 -6.72892
991000 400.674 -15152.3 6.83658
992000 401.383 -15153.1 2.47756
993000 401.375 -15117.8 4.59365
994000 399.178 -15269.1 -1.41728
995000 398.745 -15185.5 8.09138
996000 401.599 -15135.7 -2.90696
997000 400.788 -15196 15.9334
998000 401.923 -15157.4 -6.01034
999000 400.406 -15252.5 24.6038
1000000 398.889 -15191.8 -29.566
1001000 400.827 -15183.2 6.85019
1002000 399.534 -15179.5 5.22113
1003000 399.007 -15164.4 -12.3788
1004000 398.95 -15154.1 23.0801
1005000 401.328 -15172.6 -18.3942
1006000 399.936 -15166.4 25.6762
1007000 400.958 -15163.2 -23.2659
1008000 399.58 -15218.9 11.9307
1009000 397.908 -15212.3 13.0876
1010000 398.451 -15221.2 -0.234065
1011000 400.373 -15179 -4.93342
1012000 399.605 -15172.4 10.5792
1013000 399.865 -15175.7 15.4711
1014000 397.945 -15245.1 0.1537
1015000 398.284 -15286 -0.339298
1016000 401.052 -15161.5 -14.853
1017000 399.926 -15177.8 -6.96758
1018000 400.711 -15164.9 5.85713
1019000 399.891 -15147 -3.35195
1020000 400.877 -15136.5 35.205
1021000 401.864 -15095.9 -4.11813
1022000 400.66 -15176.5 -5.28029
1023000 400.634 -15191.4 11.9026
1024000 400.015 -15155.6 15.7915
1025000 400.021 -15193.6 -7.51963
1026000 400.069 -15206.8 21.8951
1027000 402.728 -15128.1 -4.6681
1028000 398.637 -15185.3 9.11581
1029000 400.387 -15207.8 33.4008
1030000 402.298 -15180.5 -30.6815
1031000 399.203 -15180.3 27.6515
1032000 399.464 -15131.4 -29.3485
1033000 400.624 -15192.6 39.1112
1034000 399.446 -15232 -54.0491
1035000 401.438 -15123 33.3863
1036000 399.999 -15197.2 -33.2853
1037000 400.396 -15155 39.2893
1038000 399.974 -15179.2 -31.0491
1039000 399.3 -15211.7 23.0081
1040000 398.383 -15198.2 -46.0723
1041000 401.465 -15175.1 39.0561
1042000 401.369 -15184.7 -32.5992
1043000 397.676 -15210.4 9.8375
1044000 400.833 -15164.1 -15.9395
1045000 400.672 -15131.3 17.8468
1046000 400.082 -15148 20.7574
1047000 399.043 -15227.3 -19.2957
1048000 399.449 -15218.2 34.8195
1049000 399.476 -15143.8 -15.2189
1050000 401.652 -15060.9 30.3023
1051000 402.348 -15125.5 4.76913
1052000 399.357 -15219.9 1.60757
1053000 400.511 -15205 10.3153
1054000 399.109 -15181.1 -13.2623
1055000 399.7 -15143 -16.2404
1056000 400.897 -15160.6 21.1882
1057000 399.507 -15217.1 4.07283
1058000 400.543 -15157.3 -12.5041
1059000 400.982 -15210.5 13.872
1060000 402.117 -15224.1 18.5114
1061000 401.358 -15204.2 -40.9787
1062000 399.267 -15210.5 10.0663
1063000 400.385 -15214.2 3.90389
1064000 401.319 -15208.5 1.68379
1065000 400.135 -15195 36.4455
1066000 398.131 -15277.9 -3.96336
1067000 398.82 -15297.5 17.8965
1068000 400.061 -15235.3 -17.1003
1069000 399.133 -15227.4 28.5746
1070000 401.447 -15222.2 -47.9022
1071000 402.465 -15154 27.967
1072000 401.025 -15206.6 -16.8673
1073000 400.454 -15181.1 23.7049
1074000 401.148 -15200.5 -26.4251
1075000 400.989 -15222.7 51.9479
1076000 401.28 -15124.9 -49.7551
1077000 399.869 -15240 31.9376
1078000 400.411 -15167 -14.6387
1079000 400.411 -15208.7 7.28275
1080000 399.525 -15194.7 -5.27597
1081000 398.953 -15232 -18.9278
1082000 400.696 -15197.6 16.6427
1083000 401.688 -15171.6 -8.81476
1084000 400.889 -15131.5 5.04189
1085000 399.201 -15222.6 9.48265
1086000 400.068 -15262.1 -4.53597
1087000 399.829 -15242.2 17.9717
1088000 399.426 -15234.8 -18.5079
1089000 399.405 -15230.4 -12.4268
1090000 399.096 -15180.9 -17.5362
1091000 399.62 -15214.7 -16.2177
1092000 400.284 -15150.9 -13.713
1093000 397.536 -15186 17.0343
1094000 402.018 -15128.2 -39.9337
1095000 399.417 -15250.6 30.5352
1096000 399.506 -15197.1 6.15044
1097000 400.433 -15196.4 23.691
1098000 401.221 -15213 -41.9527
1099000 400.102 -15234.3 61.0457
1100000 399.923 -15242.5 -43.2024
1101000 400.577 -15253.5 40.9053
1102000 399.649 -15191.9 -40.9525
1103000 398.973 -15200.3 38.1079
1104000 400.651 -15167.7 -8.2096
1105000 402.22 -15181.7 42.7551
1106000 397.437 -15225.1 -48.0699
1107000 398.338 -15231.1 47.1559
1108000 398.21 -15226.4 -22.0337
1109000 399.361 -15237.2 31.8389
1110000 400.625 -15153.3 -17.3519
1111000 399.178 -15194.7 -19.3707
1112000 399.914 -15148 3.99885
1113000 398.24 -15122.9 23.1915
1114000 399.445 -15196.9 -0.82808
1115000 401.686 -15133.8 3.65709
1116000 401.679 -15173 -6.60159
1117000 400.588 -15161.7 21.4491
1118000 399.762 -15231.2 -9.75142
1119000 400.569 -15165.7 -4.81154
1120000 399.034 -15180.3 5.39428
1121000 399.902 -15234.6 -11.5806
1122000 400.512 -15193.5 -9.9229
1123000 399.154 -15205.5 8.5719
1124000 398.348 -15240.6 17.9947
1125000 401.899 -15138.4 -36.5382
1126000 400.126 -15197 19.082
1127000 398.543 -15188.1 2.21551
1128000 400.891 -15156 10.2547
1129000 398.642 -15237.1 -34.4935
1130000 400.854 -15183.4 48.5491
1131000 400.173 -15171 -33.7176
1132000 399.368 -15162.6 31.6597
1133000 401.378 -15196.5 -53.5138
1134000 400.456 -15150.6 14.8235
1135000 400.062 -15128.4 -23.0425
1136000 400.456 -15088.2 7.45088
1137000 399.318 -15154.7 32.0853
1138000 399.358 -15159.7 -29.4087
1139000 401.038 -15131.3 2.88711
1140000 401.715 -15078.2 -0.847238
1141000 399.853 -15138.2 -15.4012
1142000 399.001 -15187.5 29.5235
1143000 399.707 -15140.8 6.61403
1144000 398.395 -15148.4 -13.0932
1145000 399.985 -15112.6 47.8229
1146000 398.778 -15153.9 -16.7785
1147000 400.361 -15143.2 -4.60628
1148000 401.349 -15106.4 -24.5632
1149000 398.874 -15205.9 8.34376
1150000 399.548 -15143.6 17.0605
1151000 400.621 -15136.1 -42.4753
1152000 397.624 -15256.3 32.1839
1153000 399.072 -15173.5 -10.2314
1154000 400.914 -15156.7 7.92782
1155000 399.047 -15202.9 -41.585
1156000 398.345 -15124.6 24.3606
1157000 400.107 -15128.2 -24.1468
1158000 399.35 -15127.7 5.66172
1159000 398.186 -15187.4 -10.3406
1160000 400.786 -15127.2 1.87475
1161000 400.054 -15121.5 -5.7522
1162000 401.52 -15048.8 -10.8998
1163000 401.635 -15109.4 3.79615
1164000 400.488 -15154.4 -22.5509
1165000 399.04 -15147 15.5329
1166000 399.628 -15180.3 -29.4603
1167000 400.964 -15171.4 14.5395
1168000 399.162 -15084.7 -2.8687
1169000 399.625 -15141.7 14.3788
1170000 401.818 -15121.1 -4.12234
1171000 398.802 -15158.9 -13.5069
1172000 401.076 -15136.8 17.0349
1173000 400.589 -15087 6.20256
1174000 400.421 -15190 -7.88303
1175000 399.78 -15181.9 5.65607
1176000 398.267 -15178.4 3.58711
1177000 401.251 -15124.5 -17.403
1178000 400.949 -15113.7 41.6246
1179000 399.821 -15134.4 -29.2614
1180000 400.105 -15080.6 13.5539
1181000 402.069 -15118 -20.4732
1182000 399.269 -15206.7 14.5558
1183000 401.809 -15098.6 -8.91263
1184000 399.951 -15097.9 -2.45697
1185000 401.019 -15070.8 10.4557
1186000 400.931 -15085.1 1.21752
1187000 399.477 -15145.6 -3.67659
1188000 401.141 -15129.7 -22.4894
1189000 396.898 -15213.4 37.7267
1190000 399.175 -15147.3 -22.2355
1191000 400.882 -15048 43.5239
1192000 399.474 -15135.8 -44.3026
1193000 400.335 -15087.6 65.5412
1194000 401.653 -15075.4 -63.0088
1195000 399.943 -15063 42.8213
1196000 400.275 -15098.1 -44.4647
1197000 399.987 -15130.5 34.4461
1198000 400.102 -15153.3 -35.3217
1199000 400.159 -15086.4 33.7047
1200000 400.483 -15093.5 -0.64986
1201000 400.511 -15160.8 17.2611
1202000 399.247 -15173.3 -46.8152
1203000 401.195 -15093.3 41.9084
1204000 400.012 -15152 -12.3342
1205000 398.122 -15187.5 -1.315
1206000 401.8 -15149 18.5416
1207000 402.107 -15117.5 -8.71009
1208000 402.759 -15106 -6.53204
1209000 401.089 -15080.6 1.50101
1210000 399.3 -15133.6 6.99292
1211000 398.308 -15221 10.5465
1212000 398.353 -15187.3 -24.1697
1213000 397.908 -15140.7 41.125
1214000 399.55 -15142.7 -12.4651
1215000 400.254 -15139.6 24.0133
1216000 400.589 -15105.8 -28.1522
1217000 398.42 -15137.5 48.9137
1218000 398.97 -15088.3 -61.6824
1219000 401.417 -15064.2 61.6615
1220000 400.228 -15118.8 -24.3945
1221000 400.827 -15093.3 74.3886
1222000 401.119 -15101.9 -66.8861
1223000 402.181 -15051.5 41.6271
1224000 400.037 -15111.1 -34.1389
1225000 399.404 -15149.5 47.5049
1226000 398.427 -15149.8 -36.9266
1227000 400.523 -15128.2 49.2299
1228000 398.464 -15117.9 -30.3806
1229000 400.141 -15154.3 53.6876
1230000 400.85 -15118.8 -22.9664
1231000 401.394 -15073.5 37.1147
1232000 400.554 -15123.1 -23.6268
1233000 402.572 -15085.1 30.7963
1234000 399.491 -15090.2 -5.92247
1235000 401.316 -15141.8 -1.09751
1236000 400.03 -15091.3 -10.3193
1237000 398.649 -15094.9 17.7648
1238000 400.956 -15053.6 11.456
1239000 401.086 -15058 -8.92388
1240000 399.707 -15118.3 3.53093
1241000 400.867 -15096.4 -3.92935
1242000 400.86 -15079.9 -23.8726
1243000 401.143 -15083.2 43.3951
1244000 400.2 -15066.3 -23.9311
1245000 400.554 -15057.9 26.4698
1246000 398.487 -15117.3 -36.3205
1247000 400.078 -15154.1 4.03491
1248000 401.653 -15121.2 20.7919
1249000 398.849 -15130.7 -25.6417
1250000 399.737 -15125 38.3104
1251000 400.462 -15112.1 -38.3965
1252000 399.194 -15121 43.8667
1253000 400.656 -15081.9 -24.7426
1254000 401.917 -15130.3 18.7354
1255000 400.222 -15117.5 -26.3901
1256000 397.84 -15162.1 23.762
1257000 400.781 -15078.6 -20.902
1258000 396.998 -15187.3 49.3686
1259000 398.276 -15196.2 -25.4632
1260000 401.946 -15092.1 14.9403
1261000 400.193 -15083.1 4.88877
1262000 399.402 -15111.1 4.34456
1263000 401.454 -15092.5 -20.8212
1264000 397.981 -15107.2 24.5206
1265000 399.195 -15120.4 5.99557
1266000 398.929 -15108.6 12.2142
1267000 398.425 -15133.8 -41.6674
1268000 400.528 -15076.2 24.6324
1269000 401.491 -15100.7 19.6088
1270000 400.608 -15124.4 -42.2366
1271000 398.99 -15154.6 40.3143
1272000 400.268 -15098.9 -11.7414
1273000 399.534 -15142.3 25.6151
1274000 400.657 -15026.2 -23.0979
1275000 400.134 -15049.7 22.4948
1276000 401.091 -15095 -23.278
1277000 401.829 -15086.5 28.0671
1278000 400.455 -15133.5 -26.1027
1279000 401.762 -15051.7 32.6705
1280000 400.607 -15133 9.53682
1281000 400.125 -15054.2 -17.4272
1282000 399.304 -15102.9 16.6528
1283000 400.971 -15079.6 2.979
1284000 401.017 -15094.9 -12.9287
1285000 400.097 -15121.4 24.9854
1286000 399.985 -15161.5 3.24039
1287000 402.093 -15111.2 7.68739
1288000 400.236 -15102.7 -31.7473
1289000 401.424 -15122.3 30.3296
1290000 400.074 -15152.3 -20.4544
1291000 399.447 -15130.4 47.3973
1292000 397.302 -15150.5 -30.9024
1293000 399.744 -15170.5 9.58462
1294000 401.553 -15103 9.7598
1295000 400.628 -15092.1 6.83115
1296000 399.554 -15103.8 0.011071
1297000 400.479 -15138.1 14.6135
1298000 398.226 -15138.9 -21.8117
1299000 399.327 -15072.2 34.3231
1300000 402.14 -15069.6 -35.787
1301000 399.652 -15051.6 -6.56637
1302000 400.866 -15123.7 -15.133
1303000 401.989 -15045.2 0.0675406
1304000 401.521 -15120.8 2.61626
1305000 401.066 -15079.8 29.1087
1306000 399.818 -15114.3 8.71946
1307000 399.032 -15129.3 -0.919377
1308000 401.899 -15054.3 27.0592
1309000 399.574 -15062.1 -18.6993
1310000 400.927 -15036.9 -4.86586
1311000 398.93 -15084.3 -1.92345
1312000 398.818 -15118.2 7.30537
1313000 400.778 -15052.6 5.66341
1314000 399.398 -15100.7 15.0655
1315000 399.701 -15100.4 -12.6236
1316000 397.758 -15093.4 19.8712
1317000 399.885 -15094.8 -9.27194
1318000 400.04 -15006.9 10.7407
1319000 400.206 -15060.9 -3.92322
1320000 400.357 -15053.1 13.2311
1321000 401.054 -15074.4 4.05582
1322000 400.059 -15110.9 -15.032
1323000 399.376 -15075.9 15.2764
1324000 399.479 -15094.9 2.74785
1325000 400.102 -15046.6 -10.7743
1326000 399.893 -15092.7 30.3481
1327000 398.919 -15150.8 20.0939
1328000 401.054 -15007.6 9.42253
1329000 400.839 -15034.7 -0.97311
1330000 399.3 -15043.4 -17.9666
1331000 399.27 -15073.5 13.8024
1332000 399.498 -15076.7 -17.4358
1333000 398.39 -15107.4 43.7265
1334000 400.626 -15142.3 -45.0841
1335000 401.293 -15123.2 16.8967
1336000 400.657 -15126.7 -33.5426
1337000 399.462 -15113.8 42.6305
1338000 398.651 -15149.9 -29.6933
1339000 398.446 -15120 -0.869959
1340000 399.798 -15084.7 27.5043
1341000 401.036 -15081.5 -1.09615
1342000 399.808 -15094.8 -27.788
1343000 401.513 -15059.4 18.3662
1344000 399.567 -15091.1 -9.71906
1345000 399.347 -15073.7 24.4857
1346000 401.373 -15083.6 -0.368723
1347000 399.389 -15124.7 7.55883
1348000 400.692 -15025 25.2368
1349000 400.149 -15093.4 -51.7603
1350000 401.918 -15024.8 44.4288
1351000 397.884 -15126.3 -22.5575
1352000 399.568 -15118.4 -4.64481
1353000 399.523 -15107.5 -15.2063
1354000 400.79 -15052.3 25.6328
1355000 401.258 -15040.8 -26.616
1356000 402.666 -15007 -0.904635
1357000 399.86 -15061.4 -3.58759
1358000 399.643 -15049.2 23.6541
1359000 400.196 -15095.5 -8.30225
1360000 398.008 -15091.2 20.3288
1361000 400.255 -15096.1 -27.168
1362000 399.736 -15044.5 14.5776
1363000 399.078 -15139.3 -0.971189
1364000 401.071 -15095.8 -9.96147
1365000 400.208 -15059.7 -5.41949
1366000 399.916 -15071.7 -6.13255
1367000 400.986 -15006.3 39.3947
1368000 400.049 -15079.3 22.8879
1369000 397.203 -15105.2 -16.3065
1370000 399.662 -15087.7 30.8502
1371000 401.556 -15088.5 -44.6186
1372000 398.308 -15119.3 -4.84002
1373000 398.676 -15126.9 12.2184
1374000 400.885 -15049 -5.23917
1375000 401.537 -15076.1 -34.9682
1376000 400.505 -15046.9 45.7377
1377000 398.955 -15078 -45.5377
1378000 400.09 -15106.5 41.2834
1379000 398.738 -15114.4 -10.7393
1380000 399.89 -15142.8 -12.3884
1381000 401.238 -15087.5 30.2719
1382000 399.439 -15114.8 -20.2343
1383000 401.209 -15094.3 27.5898
1384000 399.712 -15081.9 -17.544
1385000 399.387 -15073.7 4.34717
1386000 400.421 -15145.4 3.83556
1387000 401.941 -15082.4 5.04281
1388000 398.984 -15079.2 -4.27853
1389000 398.551 -15145 25.5182
1390000 399.957 -15119.2 -23.3037
1391000 400.347 -15142.4 21.7957
1392000 398.851 -15094.4 -37.2016
1393000 400.095 -15071.3 0.532307
1394000 397.513 -15077.2 1.10303
1395000 402.273 -15076.3 -15.8634
1396000 399.914 -15132.6 9.00285
1397000 398.062 -15177.7 -2.90899
1398000 400.088 -15110.2 -1.02305
1399000 399.303 -15102.8 23.2896
1400000 399.628 -15121.9 2.33049
1401000 401.735 -15027.1 26.5334
1402000 402.167 -15056.1 -23.3204
1403000 399.541 -15106 6.90184
1404000 400.294 -15099.5 21.7211
1405000 401.635 -15040.9 -14.5093
1406000 400.622 -15105.9 -13.5113
1407000 401.249 -15072.3 13.0142
1408000 397.577 -15106.6 -0.194936
1409000 398.979 -15166.9 14.0763
1410000 401.106 -15087.1 -28.7296
1411000 401.601 -15101.8 16.8544
1412000 400.565 -15071.5 -5.5239
1413000 402.103 -15047.6 42.2214
1414000 398.949 -15085.2 -45.4121
1415000 398.77 -15087.5 46.2409
1416000 399.181 -15109.5 -32.7698
1417000 399.999 -15044.7 45.1295
1418000 399.72 -15048.7 -14.4708
1419000 400.706 -15073.6 11.6709
1420000 399.847 -15081.5 -13.9657
1421000 399.739 -15056.9 -5.03918
1422000 401.488 -15070 -4.27966
1423000 398.314 -15115.3 13.8486
1424000 400.163 -15044.7 2.43179
1425000 400.484 -15023.1 -22.1378
1426000 398.868 -15097.9 29.3443
1427000 400.335 -15096 -33.7887
1428000 401.036 -15067 26.0558
1429000 396.784 -15130.3 -5.99487
1430000 399.427 -15072.7 10.3243
1431000 400.389 -15069.8 -13.9452
1432000 400.034 -15066.7 43.6428
1433000 402.798 -15058.1 -26.1857
1434000 398.402 -15065.8 35.259
1435000 399.867 -15003.2 -23.2251
1436000 399.626 -15128.6 27.88
1437000 401.029 -15060.7 -25.7796
1438000 400.121 -15049.4 41.3816
1439000 397.926 -15103 -21.2679
1440000 399.877 -15090.1 14.1001
1441000 399.431 -15111.5 -42.3415
1442000 400.225 -15075.6 14.827
1443000 399.192 -15101.2 -27.8462
1444000 401 -15083.2 4.02543
1445000 401.866 -15058.9 4.46933
1446000 401.374 -15046.7 3.36043
1447000 399.496 -15068.7 -40.3742
1448000 399.745 -15054.8 -2.44786
1449000 400.431 -15098 16.0125
1450000 401.545 -15097.8 12.2606
1451000 401.823 -15059 0.0717598
1452000 399.02 -15144 -2.89532
1453000 400.523 -15141.1 -5.01968
1454000 397.849 -15139.7 29.5771
1455000 399.419 -15150.3 -34.0275
1456000 399.958 -15116 1.00373
1457000 399.18 -15172 12.4276
1458000 402.414 -15083.8 -9.09255
1459000 400.222 -15132.4 13.3477
1460000 398.533 -15159.5 7.27302
1461000 402.238 -15087.5 -17.2573
1462000 398.922 -15165.8 -8.6545
1463000 400.206 -15180.8 46.9692
1464000 400.22 -15099.8 -27.4465
1465000 402.6 -15055.4 -4.21684
1466000 400.584 -15160.1 -14.1573
1467000 400.193 -15104.2 -15.3202
1468000 399.931 -15113.6 31.7319
1469000 399.737 -15166.1 16.2565
1470000 400.348 -15156.3 -6.61995
1471000 400.148 -15085.5 -11.4625
1472000 402.02 -15094.4 -42.0672
1473000 398.779 -15160.7 47.3709
1474000 399.825 -15127.6 -2.96567
1475000 400.275 -15061.9 -1.92989
1476000 401.049 -15066.3 -4.97331
1477000 399.787 -15074.4 -0.041489
1478000 399.954 -15036.1 0.779074
1479000 401.801 -15019.5 9.75424
1480000 402.094 -15053.1 -15.2721
1481000 398.841 -15122.5 25.044
1482000 401.259 -15087.8 -41.4117
1483000 398.656 -15191.1 42.969
1484000 401.102 -15105.3 -32.6073
1485000 400.053 -15117.3 19.9579
1486000 398.945 -15090.8 -4.53298
1487000 400.292 -15110.1 0.295771
1488000 398.515 -15120.6 9.07648
1489000 399.594 -15096.6 -19.4095
1490000 399.453 -15148.8 4.86597
1491000 400.348 -15126.8 10.7768
1492000 399.324 -15046.2 -13.0913
1493000 399.659 -15106.1 -2.35216
1494000 399.269 -15103 -1.54666
1495000 401.552 -15086.8 -0.825946
1496000 400.43 -15122.9 2.10109
1497000 400.525 -15120 -32.0218
1498000 399.765 -15086.8 31.4822
1499000 399.883 -15134.1 -30.8809
1500000 400.094 -15141.2 0.510867
1501000 400.705 -15137.7 -13.4171
1502000 401.817 -15068.1 31.0668
1503000 399.735 -15060.8 -18.8807
1504000 399.284 -15077.2 2.28366
1505000 402.517 -15063.7 -20.084
1506000 400.092 -15094.3 58.8261
1507000 400.183 -15099.1 -35.3042
1508000 399.659 -15078.8 44.1145
1509000 401.613 -15079.9 -40.3671
1510000 400.359 -15079.6 43.9385
1511000 399.442 -15140.6 -43.5652
1512000 400.402 -15090.5 -8.29811
1513000 399.359 -15101.9 -10.0673
1514000 399.595 -15112.1 17.8981
1515000 398.071 -15127.7 9.99278
1516000 401.699 -15091 -17.1223
1517000 398.514 -15184.7 -3.17246
1518000 400.142 -15053.7 10.5415
1519000 400.633 -15054.1 -12.3481
1520000 402.958 -15073.6 -6.29606
1521000 401.384 -15037.5 3.3138
1522000 401.073 -15077.8 -13.959
1523000 401.408 -15087.7 10.275
1524000 399.395 -15102.9 -25.0928
1525000 400.029 -15042.8 -12.5123
1526000 400.538 -15094.1 17.1999
1527000 400.23 -15128 -12.5116
1528000 399.005 -15152.3 2.09316
1529000 399.926 -15123.5 4.3771
1530000 400.489 -15020.3 -3.424
1531000 400.816 -15035.9 34.7059
1532000 399.929 -15114.4 -12.122
1533000 401.509 -15072.3 25.7052
1534000 398.524 -15116.3 -26.8878
1535000 399.211 -15110.6 5.36553
1536000 401.602 -15076.3 -2.11366
1537000 400.019 -15124.6 -2.29916
1538000 398.941 -15147.1 -8.69127
1539000 397.776 -15152.1 -6.71166
1540000 400.023 -15130.7 -20.263
1541000 400.822 -15101 7.47681
1542000 399.821 -15096.3 -13.9218
1543000 400.386 -15103.6 16.7984
1544000 400.795 -15131.8 -0.644086
1545000 400.065 -15044 -1.52665
1546000 400.927 -15079.9 -0.367064
1547000 399.022 -15113.8 25.2649
1548000 398.712 -15118.1 -18.3961
1549000 399.792 -15101.2 5.44523
1550000 398.777 -15084.9 -19.1052
1551000 399.221 -15090.3 14.3297
1552000 402.031 -15092.8 -28.9014
1553000 401.311 -15069 6.83312
1554000 399.319 -15101.9 -25.1904
1555000 399.576 -15078.6 7.03106
1556000 401.182 -15047.5 10.0375
1557000 400.35 -15018.4 -9.83639
1558000 402.432 -15033.8 12.0826
1559000 400.089 -15132.1 -27.0866
1560000 398.712 -15111.3 29.1675
1561000 398.48 -15113.6 -20.0719
1562000 397.824 -15140 -2.78361
1563000 398.137 -15129.8 19.8944
1564000 399.494 -15052.6 -0.753721
1565000 400.756 -15031.9 21.6358
1566000 401.015 -15091.7 2.44715
1567000 399.91 -15107.2 1.40801
1568000 401.329 -15079.2 -1.96695
1569000 399.053 -15106.1 -21.3549
1570000 400.126 -15061.3 13.9382
1571000 398.28 -15145 -1.92202
1572000 399.942 -15067.2 7.75589
1573000 399.193 -15107.7 -14.4265
1574000 401.035 -15063 23.4025
1575000 400.775 -15056.5 -11.5855
1576000 400.314 -15090.1 -21.2273
1577000 400.409 -15138.9 1.93266
1578000 402.101 -15134.5 -22.7828
1579000 399.536 -15109.3 22.0172
1580000 400.839 -15096.6 -7.84528
1581000 398.569 -15079.9 5.94755
1582000 401.331 -15055.7 -10.8054
1583000 399.944 -15106.7 -16.0787
1584000 399.106 -15128.3 26.9669
1585000 398.599 -15141.1 -16.9705
1586000 398.592 -15070.2 15.019
1587000 399.901 -15110.6 -39.2324
1588000 401.206 -15079.8 34.4663
1589000 399.061 -15109.2 -26.3946
1590000 400.267 -15118.2 -3.73149
1591000 402.73 -15054.8 10.3783
1592000 398.419 -15092.6 -0.840372
1593000 402.266 -15016.1 36.6444
1594000 400.821 -15069.8 -27.8832
1595000 401.426 -15145.8 9.70743
1596000 400.088 -15078 -20.0017
1597000 400.935 -15107 31.4996
1598000 398.908 -15153.3 -23.7795
1599000 398.112 -15152.8 24.6514
1600000 400.62 -15117.5 -15.5537
1601000 400.383 -15134.1 0.87597
1602000 401.173 -15016.1 -13.4553
1603000 399.847 -15118.4 12.8102
1604000 397.171 -15150.8 29.8658
1605000 399.076 -15105.9 8.45625
1606000 398.093 -15142.2 3.51653
1607000 401.24 -15121.9 -1.25053
1608000 401.535 -15080.2 32.4427
1609000 398.307 -15128.1 -26.9753
1610000 400.661 -15117.4 12.1232
1611000 402.253 -15044.8 -20.1752
1612000 400.1 -15112.3 11.579
1613000 400.527 -15017.9 -11.9061
1614000 398.79 -15063.9 -4.31362
1615000 400.815 -15080.9 5.13481
1616000 398.901 -15136.9 2.56943
1617000 399.63 -15096.1 -16.6536
1618000 397.541 -15113 23.384
1619000 399.452 -15108.3 -29.6835
1620000 400.276 -15065.6 23.4138
1621000 399.618 -15156.4 -21.6249
1622000 400.365 -15129.2 29.5561
1623000 402.116 -15093.1 -10.8975
1624000 399.655 -15141.4 45.7924
1625000 399.461 -15105.9 -38.6897
1626000 400.102 -15144 29.8698
1627000 401.22 -15064.2 -20.2652
1628000 400.666 -15073 -1.95229
1629000 398.11 -15077.6 11.0328
1630000 398.762 -15125.6 -4.3108
1631000 399.577 -15084.8 20.9023
1632000 400.755 -15116.5 -7.70532
1633000 399.848 -15059.3 10.4423
1634000 398.32 -15132.9 -21.4576
1635000 398.97 -15110.2 13.0008
1636000 400.987 -15082.4 7.71502
1637000 397.996 -15185.5 -24.3362
1638000 399.527 -15063.5 19.9942
1639000 399.617 -15080 -45.9566
1640000 399.089 -15005.6 64.1021
1641000 397.184 -15118.3 -56.2207
1642000 398.632 -15101.6 50.9184
1643000 399.71 -15162 -26.6409
1644000 400.244 -15099 11.2261
1645000 399.157 -15100 19.1203
1646000 400.652 -15088.4 -7.8796
1647000 398.84 -15142.5 16.9276
1648000 398.321 -15150.2 -17.8339
1649000 399.067 -15121.4 27.2309
1650000 401.828 -15083.6 -6.36779
1651000 400.873 -15102.2 -1.66887
1652000 399.349 -15128.9 7.3205
1653000 399.748 -15109.7 -2.84545
1654000 398.546 -15163.2 7.59237
1655000 398.615 -15176.5 -19.1869
1656000 400.045 -15129.6 27.7377
1657000 400.032 -15192.4 -55.2318
1658000 400.262 -15112.4 47.5609
1659000 400.192 -15112.8 -59.7152
1660000 400.94 -15165.9 53.8523
1661000 401.639 -15142.5 -43.5461
1662000 402.816 -15045.3 18.8088
1663000 399.168 -15080.5 -11.2653
1664000 400.064 -15162.7 39.1936
1665000 403.016 -15095.8 -25.5865
1666000 399.599 -15144.1 34.3436
1667000 401.293 -15069 -13.8867
1668000 398.514 -15157.3 6.82362
1669000 398.351 -15159 -21.7277
1670000 398.46 -15192.8 3.49489
1671000 399.852 -15121.4 -26.0339
1672000 399.211 -15127.7 47.8482
1673000 400.441 -15115.7 -49.9172
1674000 399.022 -15164.4 44.2311
1675000 398.57 -15168 -39.4432
1676000 398.274 -15144.3 28.2859
1677000 399.86 -15178.8 -6.49869
1678000 400.682 -15131.1 2.83901
1679000 400.478 -15069 -32.8384
1680000 398.556 -15116.1 46.1928
1681000 401.564 -15030.5 -32.0082
1682000 402.325 -15117.5 17.2749
1683000 399.438 -15234 -43.1167
1684000 398.256 -15166.2 39.8263
1685000 399.479 -15168.3 -42.7509
1686000 398.236 -15158.5 40.4289
1687000 401.338 -15148.2 -13.432
1688000 399.68 -15103.7 -13.5116
1689000 401.252 -15054.7 11.5397
1690000 400.19 -15107.7 -35.0614
1691000 402.54 -15055.5 29.2739
1692000 398.701 -15103.9 11.7794
1693000 401.661 -15123.8 25.5778
1694000 399.255 -15138 -20.7865
1695000 400.599 -15121.7 -14.6259
1696000 398.564 -15138.6 39.8566
1697000 399.802 -15106.3 -12.9176
1698000 399.94 -15112.6 -3.08554
1699000 398.212 -15152.4 18.434
1700000 399.73 -15117.2 -0.0165456
1701000 397.401 -15070.2 -17.3251
1702000 399.008 -15116.6 52.7474
1703000 400.298 -15069 -9.4867
1704000 401.662 -15108.5 14.3524
1705000 399.348 -15115.8 -14.453
1706000 401.261 -15105.4 1.59352
1707000 401.115 -15076.7 23.4971
1708000 400.422 -15093.7 -21.4567
1709000 398.885 -15138.9 27.8772
1710000 398.51 -15128.8 -6.16743
1711000 398.561 -15234.2 7.87926
1712000 400.606 -15167.9 -1.46109
1713000 399.667 -15083.9 0.657918
1714000 399.144 -15131.7 -2.44245
1715000 399.578 -15105.9 -6.32911
1716000 398.883 -15069.4 6.36897
1717000 400.956 -15071 4.64433
1718000 399.924 -15126.7 -22.3573
1719000 399.359 -15109.8 24.9538
1720000 399.922 -15214.8 -3.74885
1721000 397.229 -15175.3 16.2383
1722000 400.232 -15154.9 1.34183
1723000 401.036 -15110.7 -6.75195
1724000 399.75 -15083.5 5.21297
1725000 400.122 -15107 -21.1541
1726000 399.275 -15160.5 47.1888
1727000 400.228 -15110.2 4.74264
1728000 401.318 -15059.2 32.7669
1729000 398.437 -15119.4 -10.3065
1730000 398.992 -15127.5 -24.7038
1731000 399.443 -15156.4 46.9312
1732000 399.861 -15070.7 -52.7782
1733000 401.756 -15019.4 69.9017
1734000 401.558 -15104.2 -63.3666
1735000 397.484 -15165.8 56.1944
1736000 398.478 -15086 -8.49728
1737000 400.441 -15086.4 -7.47558
1738000 399.656 -15081.2 -2.36023
1739000 399.609 -15067 -32.6187
1740000 398.731 -15206 29.5215
1741000 399.717 -15129.3 -38.1659
1742000 399.657 -15175.1 54.1087
1743000 399.859 -15060.8 -60.9148
1744000 399.622 -15005.9 40.4854
1745000 401.223 -15050.6 -49.9738
1746000 401.128 -15078.7 55.6923
1747000 398.986 -15084.2 -42.4401
1748000 401.271 -15132.5 29.2774
1749000 402.691 -15015 -12.0199
1750000 400.571 -15092.6 -14.8208
1751000 398.731 -15085.2 23.2442
1752000 401.211 -15048.3 -11.2405
1753000 399.604 -15063.8 -7.92605
1754000 399.158 -15123.8 -7.96204
1755000 400.921 -15087.4 25.2836
1756000 400.558 -15135.8 -11.2317
1757000 398.894 -15173.7 7.13563
1758000 400.436 -15124.5 -25.6181
1759000 400.189 -15114.9 4.72163
1760000 402.449 -15111.9 -11.1029
1761000 400.498 -15170.3 -18.0358
1762000 399.824 -15110.4 11.4016
1763000 400.453 -15083.6 18.7833
1764000 401.797 -15101.9 -3.55933
1765000 398.67 -15123.1 0.495951
1766000 398.903 -15195.2 -2.6288
1767000 401.873 -15082.1 15.9453
1768000 401.268 -15106.2 4.09464
1769000 399.616 -15153 17.5664
1770000 398.537 -15095.9 -11.3001
1771000 397.933 -15124.8 6.38273
1772000 399.072 -15108.1 10.4696
1773000 397.04 -15141 -10.3114
1774000 401.848 -15075.3 16.4996
1775000 397.94 -15109.6 10.469
1776000 399.093 -15087.4 -5.48487
1777000 399.056 -15091.7 -7.43044
1778000 401.604 -15067 19.3788
1779000 397.585 -15188.5 -27.7193
1780000 399.316 -15069.1 33.4778
1781000 401.064 -15095.9 -22.2333
1782000 398.655 -15074.1 12.2895
1783000 401.231 -15124.2 -3.21711
1784000 398.994 -15107.6 6.9836
1785000 400.11 -15107.7 -20.3403
1786000 400.758 -15128.5 5.78322
1787000 402.253 -15088.7 -7.6401
1788000 400.389 -15058.8 32.6468
1789000 399.947 -15083.2 -29.9891
1790000 399.56 -15058.4 32.0134
1791000 402.325 -15050.3 -27.4806
1792000 400.575 -15131.3 23.1328
1793000 401.34 -15090.7 -8.01085
1794000 400.779 -15070.4 -23.0549
1795000 400.702 -15084.7 13.2467
1796000 401.466 -15069.9 -19.4159
1797000 399.882 -15081.3 2.53002
1798000 398.444 -15148.4 7.33133
1799000 398.608 -15091.8 -11.0116
1800000 399.053 -15139.8 17.5599
1801000 401.329 -15110.8 12.0433
1802000 400.314 -15043.2 -2.43345
1803000 399.652 -15074.4 0.0303596
1804000 400.547 -15070.2 2.78517
1805000 399.613 -15077.2 16.1846
1806000 400.465 -15121.8 -22.5276
1807000 399.486 -15104.2 -6.43275
1808000 399.95 -15117.7 19.6408
1809000 399.31 -15145 13.2579
1810000 399.587 -15094.1 -24.4533
1811000 399.776 -15129.3 6.76215
1812000 399.698 -15066.2 -10.6316
1813000 399.456 -15072 5.4685
1814000 397.387 -15160.7 -0.546466
1815000 399.33 -15149.7 -7.72545
1816000 402.23 -15107.3 -30.7512
1817000 401.322 -15100.2 18.7218
1818000 402.993 -15019 -7.19361
1819000 400.141 -15087.9 6.78049
1820000 402.737 -15034.8 -19.5314
1821000 398.231 -15123.1 12.151
1822000 400.133 -15083.6 3.9962
1823000 400.468 -15096.2 -22.0099
1824000 401.698 -15053 31.4368
1825000 399.13 -15097.3 5.24394
1826000 400.897 -15123.3 -0.0617821
1827000 401.384 -15094.6 -0.269325
1828000 400.55 -15085.1 -11.9451
1829000 401.677 -15013.1 24.4985
1830000 399.832 -15040.7 -3.81287
1831000 397.902 -15118.3 13.082
1832000 399.072 -15084.8 0.919011
1833000 399.142 -15040.1 0.0183971
1834000 400.508 -15069.8 -1.37834
1835000 401.05 -15053 24.9786
1836000 400.969 -15046.9 -19.1068
1837000 399.589 -15111.1 2.18121
1838000 400.707 -15080.3 12.983
1839000 400.304 -15114.9 11.7878
1840000 397.472 -15113 -2.25422
1841000 400.506 -15077.6 4.97415
1842000 399.47 -15071 -2.59746
1843000 399.167 -15082.1 32.1216
1844000 397.879 -15122.7 -16.8523
1845000 400.026 -15111.9 -7.14099
1846000 400.249 -15115.8 7.92813
1847000 398.529 -15086.3 20.5474
1848000 398.684 -15134.6 -12.4755
1849000 400.255 -15063.9 -10.759
1850000 400.85 -15111.8 16.8792
1851000 401.163 -15033 -32.9801
1852000 399.788 -15083 5.31342
1853000 400.773 -15115.9 49.9209
1854000 398.373 -15079.1 -61.2589
1855000 400.334 -15086.9 34.7889
1856000 399.912 -15065 -21.916
1857000 398.481 -15096.8 16.0093
1858000 398.253 -15095.3 -16.5006
1859000 400.818 -15111.2 20.7326
1860000 400.629 -15053.5 -4.5021
1861000 398.095 -15110.6 28.5383
1862000 398.455 -15112.7 -30.6746
1863000 401.497 -15052.3 -2.3056
1864000 400.061 -15177 11.6663
1865000 399.49 -15051.3 21.2023
1866000 398.394 -15126.2 -36.0445
1867000 402.126 -14991.5 3.98033
1868000 398.925 -15098.1 4.84193
1869000 401.446 -15086 -19.0544
1870000 399.909 -15102.8 12.9441
1871000 400.365 -14997.3 1.39772
1872000 399.789 -14970.3 14.2452
1873000 401.543 -15031.2 -2.57091
1874000 398.474 -15065.2 -18.7211
1875000 399.209 -15078.9 11.8496
1876000 399.303 -15078.1 8.8591
1877000 401.185 -15046.1 -4.00722
1878000 401.033 -14990.6 8.33201
1879000 398.809 -15085.5 -11.3872
1880000 399.496 -15028.2 -7.0446
1881000 401.865 -15067.9 4.61474
1882000 400.216 -15105.2 -12.9399
1883000 399.893 -15051.3 10.7916
1884000 399.931 -15038.6 -26.3915
1885000 399.075 -15060.8 17.4532
1886000 399.744 -15123.8 5.81621
1887000 401.9 -15023.7 -6.1384
1888000 398.936 -15127.3 -5.4365
1889000 399.147 -15162.5 35.5428
1890000 398.599 -15092.3 -43.9161
1891000 400.087 -15028.8 42.1292
1892000 401.356 -15016.2 -51.1366
1893000 400.198 -15027.5 33.9337
1894000 397.739 -15105.5 -7.62614
1895000 399.602 -15097.3 3.9194
1896000 399.189 -15059.8 16.2672
1897000 400.787 -15094.8 -16.1434
1898000 400.304 -15069.6 8.8323
1899000 398.188 -15095.6 -15.2107
1900000 400.738 -15090.2 16.9884
1901000 398.73 -15068.5 -27.4602
1902000 401.058 -15060.4 12.5864
1903000 400.727 -15044.6 -10.3503
1904000 401.348 -15027 6.40959
1905000 400.543 -15039.4 -26.0005
1906000 402.108 -14967.1 23.2058
1907000 399.893 -15040 -2.45301
1908000 399.173 -15043 -24.5063
1909000 402.069 -15065.7 -0.333727
1910000 400.376 -15020 -19.9169
1911000 399.27 -15027.4 15.9173
1912000 400.068 -15047.7 -12.1229
1913000 399.325 -15086.4 33.3098
1914000 400.158 -15026.2 -27.738
1915000 401.185 -15050.5 12.6121
1916000 399.751 -15075.1 -17.0356
1917000 399.631 -15055.4 23.9172
1918000 399.614 -15101.7 -24.8487
1919000 400.638 -15105.6 28.2446
1920000 400.54 -15086.3 -29.1225
1921000 399.483 -15088.8 44.0721
1922000 397.486 -15049 -55.1452
1923000 399.037 -15048 29.7456
1924000 400.847 -15062.5 -1.96937
1925000 397.803 -15135.9 -10.9874
1926000 400.681 -15076.2 37.1209
1927000 402.475 -15013.2 -48.4237
1928000 400.873 -15078 33.1279
1929000 401.697 -15037.3 -14.101
1930000 400.22 -15073.2 0.633733
1931000 401.371 -15078.4 10.1793
1932000 401.578 -15025.4 -32.9062
1933000 399.443 -15097 52.7137
1934000 399.11 -15022.4 -35.6927
1935000 400.31 -15078.3 34.5032
1936000 401.106 -15070.9 -23.7738
1937000 401.64 -15087.7 40.4848
1938000 402.149 -15040.8 -21.5199
1939000 402.045 -15029.6 23.4206
1940000 399.848 -15054 -33.858
1941000 400.337 -15089.1 29.9664
1942000 400.394 -15075.6 -16.7492
1943000 402.158 -15002.6 -7.75752
1944000 401.545 -15071.9 20.4171
1945000 399.815 -15032 -31.4351
1946000 398.032 -15001.8 47.346
1947000 397.622 -15046.6 -20.9947
1948000 401.165 -15038.3 24.6901
1949000 398.704 -15028 4.62587
1950000 400.366 -15054.7 -1.68649
1951000 398.132 -15084.7 -4.9617
1952000 400.281 -15085.8 4.31112
1953000 399.857 -15074 -4.44923
1954000 400.655 -15124.4 -17.9298
1955000 402.086 -15117.5 -8.63831
1956000 401.109 -15064.1 -0.375943
1957000 399.769 -15063.5 8.65514
1958000 398.853 -15075.7 -10.2109
1959000 400.673 -15006.4 -11.2507
1960000 400.042 -15000.2 33.0025
1961000 399.867 -15042.9 -36.5062
1962000 401.173 -15099.2 5.2959
1963000 402.037 -15027.9 -18.3435
1964000 399.136 -15043.8 27.7087
1965000 398.366 -15141.3 -6.94497
1966000 402.144 -15043.5 24.5904
1967000 401.626 -15034.4 -54.8098
1968000 399.466 -15067.4 31.4609
1969000 401.502 -14992.6 -30.4979
1970000 401.738 -14969.1 10.7004
1971000 400.212 -15022.2 -9.56406
1972000 399.145 -15134.9 5.54498
1973000 402.735 -14979 -11.618
1974000 399.283 -15079.4 -7.94863
1975000 399.603 -15060 15.759
1976000 398.306 -15062.2 1.19191
1977000 401.881 -15025.7 9.35866
1978000 398.642 -15057.3 8.00475
1979000 399.262 -15115.1 26.5167
1980000 400.264 -15061.1 -5.30331
1981000 399.996 -15039 -21.678
1982000 398.956 -15101.9 31.3481
1983000 399.656 -15065 -25.0289
1984000 399.175 -15069.8 31.1446
1985000 401.061 -15071.6 -10.7464
1986000 401.584 -15086.4 -9.75285
1987000 400.93 -15049.1 -15.1984
1988000 399.986 -15033.9 2.55684
1989000 400.624 -15003.6 10.9275
1990000 400.558 -14974.4 -19.5117
1991000 397.928 -15139 22.8243
1992000 399.627 -15047.5 1.65215
1993000 399.339 -15086.9 -26.4974
1994000 398.129 -15082.6 4.00094
1995000 400.315 -15075.8 -21.3409
1996000 400.824 -15051.2 29.0559
1997000 401.32 -15051.8 9.38217
1998000 401.449 -15024.1 10.7658
1999000 400.206 -15075.5 -18.3254
2000000 400.69 -15073.5 6.52182
