# Time-averaged data for fix 3
# TimeStep v_Temperature v_PotentialEnergy v_Pressure
2000 401.837 -15375.9 -26.0261
3000 399.682 -15328.5 28.1159
4000 400.085 -15359.6 -24.0201
5000 399.67 -15394.9 18.0576
6000 400.343 -15357 -24.4427
7000 400.208 -15361.8 27.2996
8000 400.176 -15355.7 -16.8754
9000 400.225 -15351.5 34.3486
10000 399.044 -15397.2 0.60011
11000 399.652 -15319.3 10.6224
12000 401.276 -15295 -12.3945
13000 400.598 -15316.7 -9.2736
14000 401.532 -15302.9 -13.7553
15000 400.566 -15261.5 -17.5818
16000 400.394 -15360.6 9.14856
17000 400.084 -15374.1 14.7865
18000 397.901 -15398.9 -9.67328
19000 400.2 -15382.2 -11.1993
20000 399.181 -15321.5 -9.70638
21000 400.004 -15292.6 23.9304
22000 400.209 -15315.8 -10.7711
23000 399.606 -15367.3 16.2414
24000 400.222 -15254.6 27.1135
25000 401.805 -15304.5 -31.4858
26000 398.058 -15355.4 40.427
27000 401.585 -15297.1 -35.8338
28000 398.429 -15320.7 36.7554
29000 397.89 -15353.8 -9.46748
30000 399.278 -15316.4 15.6905
31000 399.204 -15348.7 10.6891
32000 401.577 -15330.1 7.03279
33000 401.058 -15352.3 -44.6929
34000 400.535 -15361.5 40.3849
35000 400.959 -15309.9 -39.2896
36000 401.457 -15310.4 30.1713
37000 401.946 -15330.4 -50.9121
38000 400.237 -15382.5 25.1042
39000 399.298 -15382.3 -10.7346
40000 400.355 -15366.8 21.1528
41000 400.364 -15357.1 2.53694
42000 398.993 -15376.7 -16.8394
43000 398.057 -15404 -6.15838
44000 400.548 -15319.3 -2.54706
45000 399.817 -15283 -18.2896
46000 399.931 -15293.9 11.5225
47000 398.447 -15345.5 -11.404
48000 399.282 -15359.4 33.4734
49000 399.297 -15344.4 -10.5373
50000 402.496 -15257.5 13.9172
51000 400.984 -15330.4 -24.1184
52000 403.281 -15262.7 2.63702
53000 400.133 -15279.3 9.45356
54000 401.366 -15305.3 8.86906
55000 398.528 -15378.5 -33.1296
56000 399.189 -15315 31.9719
57000 400.373 -15316 -41.442
58000 399.8 -15333.2 53.9043
59000 399.892 -15330.2 -54.3756
60000 398.087 -15336 54.0184
61000 400.759 -15342.3 -21.6196
62000 398.408 -15286.5 37.1218
63000 398.942 -15269.1 -5.46728
64000 401.462 -15230.8 14.9496
65000 399.61 -15281 -13.0834
66000 400.342 -15314.3 1.03338
67000 399.385 -15343.5 20.4881
68000 399.147 -15275.1 -25.0471
69000 399.95 -15286.5 4.64196
70000 398.859 -15299.4 0.309267
71000 399.744 -15283.3 21.3786
72000 399.339 -15313.7 -15.3195
73000 398.307 -15321 12.457
74000 398.278 -15389.3 13.1591
75000 398.986 -15402 -3.21036
76000 399.764 -15371.4 -25.3318
77000 397.751 -15341 13.6236
78000 399.492 -15339.6 -0.46314
79000 399.476 -15301.7 -5.10996
80000 400.746 -15308.9 8.03861
81000 402.045 -15276.6 33.2354
82000 398.867 -15302.9 -43.7578
83000 398.12 -15379.3 43.1808
84000 399.693 -15285.2 -44.4433
85000 399.151 -15288.3 18.8838
86000 398.616 -15314.2 -30.5693
87000 401.413 -15250.9 23.5394
88000 398.904 -15346.5 0.713078
89000 399.898 -15338.6 -5.07367
90000 398.488 -15329.7 2.9551
91000 398.776 -15324.3 5.99962
92000 399.703 -15385.1 8.52527
93000 398.675 -15371.1 -5.61277
94000 400.525 -15365.1 6.36852
95000 400.797 -15315.5 40.8945
96000 399.209 -15254.3 -24.6109
97000 399.684 -15327.4 55.5883
98000 400.001 -15291.7 -41.0224
99000 398.882 -15318.3 27.6689
100000 399.909 -15250.9 -32.0439
101000 398.589 -15296.5 55.6901
102000 400.038 -15309.3 -12.9483
103000 400.886 -15300.5 11.3848
104000 400.296 -15295.2 -9.89766
105000 401.195 -15280.1 22.4258
106000 399.245 -15317 -16.9626
107000 399.564 -15272.6 27.7743
108000 399.379 -15289.7 -15.8643
109000 399.857 -15214.1 -1.67105
110000 399.518 -15299.7 -47.8904
111000 401.051 -15250.4 2.67774
112000 398.214 -15328.8 -2.4373
113000 399.306 -15267.5 47.2298
114000 398.825 -15250.9 -11.8398
115000 399.959 -15274.6 -7.17272
116000 398.48 -15339.6 6.54448
117000 401.229 -15258.3 13.8775
118000 399.231 -15293.8 -20.9767
119000 399.16 -15224.7 8.70206
120000 401.116 -15262.4 -3.55868
121000 398.837 -15242.4 30.7606
122000 397.951 -15295.8 -8.77359
123000 402.403 -15201.2 -25.3511
124000 400.151 -15312.8 16.7366
125000 401.753 -15286.7 -0.937585
126000 402.241 -15222 14.0609
127000 401.624 -15246.4 -8.79171
128000 400.669 -15254.4 52.7949
129000 400.267 -15276.4 -26.0324
130000 399.912 -15276.1 3.01548
131000 400.119 -15280.4 -7.66538
132000 401.584 -15209.7 -13.8766
133000 400.425 -15313.7 -6.17823
134000 398.377 -15293 13.7338
135000 401.839 -15247.9 18.0766
136000 400.929 -15258.6 -17.9648
137000 400.114 -15262.3 6.02183
138000 399.121 -15259.4 -4.68042
139000 401.37 -15236.3 48.1461
140000 399.411 -15308.7 -10.3469
141000 400.664 -15267.5 17.018
142000 401.315 -15210 2.89641
143000 400.362 -15246.9 -0.281856
144000 402.314 -15216.5 -2.71597
145000 401.266 -15172.6 -15.0547
146000 399.205 -15273.4 18.3863
147000 400.669 -15221.3 -10.0259
148000 399.194 -15255.8 -6.78606
149000 397.948 -15245.7 17.1204
150000 399.407 -15272 -28.9054
151000 399.504 -15216.6 27.5169
152000 402.232 -15185.7 -59.8746
153000 400.017 -15224.1 29.488
154000 399.824 -15184.7 -45.4392
155000 399.071 -15215.8 41.0571
156000 400.998 -15258.5 -29.8478
157000 400.237 -15218.8 22.7581
158000 400.443 -15245.3 -30.555
159000 399.247 -15266.3 14.7361
160000 398.965 -15246.7 -23.8452
161000 400.263 -15261.7 14.9242
162000 397.617 -15307.5 -16.4029
163000 400.61 -15255.8 9.90987
164000 400.583 -15213.6 6.49592
165000 399.611 -15193.1 -6.5538
166000 402.275 -15117.5 31.0825
167000 400.68 -15209.6 -50.2338
168000 399.313 -15229.2 45.7896
169000 400.51 -15236.8 -41.8735
170000 400.625 -15221.4 16.2679
171000 400.443 -15188.6 -15.3193
172000 399.833 -15191 -1.39843
173000 399.643 -15202.8 -7.18488
174000 397.75 -15219.4 -4.3914
175000 401.344 -15162 -11.6958
176000 402.221 -15178.7 24.0542
177000 401.6 -15209.4 -16.0265
178000 397.794 -15254.1 26.9595
179000 400.355 -15195 -28.0129
180000 401.464 -15206.2 22.4185
181000 399.205 -15226.8 -15.4052
182000 399.633 -15248.5 15.0732
183000 400.557 -15188.9 -19.8192
184000 399.99 -15214.8 7.14865
185000 399.891 -15193.8 -20.8761
186000 399.295 -15237.7 22.6089
187000 398.315 -15217.8 -48.6071
188000 399.707 -15217.9 32.4623
189000 400.073 -15196 -47.242
190000 399.851 -15152 47.3606
191000 400.615 -15154.8 -30.2586
192000 400.156 -15167.9 20.8003
193000 399.483 -15189.6 5.72721
194000 399.731 -15199.4 -25.8486
195000 402.851 -15176.5 36.2067
196000 401.704 -15231.3 -20.8937
197000 400.922 -15128.3 1.2834
198000 399.519 -15167.3 18.39
199000 401.371 -15172.6 -15.2941
200000 399.381 -15307.9 -30.386
201000 400.454 -15218.5 7.74126
202000 400.361 -15200.3 28.1296
203000 398.896 -15217.1 -37.792
204000 397.902 -15224.3 46.5532
205000 398.28 -15208.9 -22.28
206000 399.269 -15212.2 -2.78786
207000 398.501 -15221.6 -6.93119
208000 402.569 -15177.3 12.5946
209000 399.902 -15171.8 -15.6654
210000 402.153 -15086.5 10.9519
211000 400.736 -15208.3 3.33926
212000 399.981 -15237 6.00967
213000 400.345 -15226.2 1.54801
214000 400.821 -15217.1 -13.8057
215000 400.073 -15151.7 40.8582
216000 399.095 -15186 2.14738
217000 397.603 -15218.8 -14.745
218000 399.273 -15214.6 20.3618
219000 402.572 -15133.2 -33.7838
220000 399.848 -15160.1 -2.1
221000 400.095 -15175.1 4.72783
222000 401.674 -15181.5 -4.23652
223000 398.511 -15192.4 8.05452
224000 398.947 -15154.2 -21.5139
225000 397.721 -15245.7 35.8298
226000 399.515 -15163.4 -13.6794
227000 400.237 -15189.7 3.8958
228000 399.279 -15224.9 -21.3321
229000 399.379 -15227.2 0.203578
230000 399.652 -15147.9 -8.93995
231000 399.39 -15181.1 -0.143733
232000 399.031 -15167.8 14.1516
233000 399.908 -15168.6 -21.5987
234000 401.407 -15104.5 -5.83997
235000 398.852 -15169.5 4.8979
236000 400.266 -15159.3 3.08594
237000 400.334 -15169.5 21.1242
238000 400.755 -15229 -19.6696
239000 398.448 -15161.6 32.7227
240000 398.436 -15187.5 -5.83562
241000 399.548 -15164.2 -15.5938
242000 397.628 -15173.3 -6.88441
243000 400.745 -15165.8 34.2689
244000 399.592 -15178 -37.8849
245000 398.941 -15213.4 28.8243
246000 401.139 -15152.9 11.345
247000 398.785 -15228.8 -21.6666
248000 400.483 -15195.3 10.7523
249000 399.509 -15222.8 -6.22626
250000 397.952 -15221.7 -14.9852
251000 400.017 -15161.9 8.0504
252000 398.68 -15168.5 1.94795
253000 398.15 -15135.3 -14.3796
254000 399.908 -15174.9 -14.1633
255000 400.088 -15152.8 -3.64969
256000 400.747 -15128.8 -19.8349
257000 400.051 -15113.7 35.2589
258000 398.171 -15211.9 -21.8873
259000 399.552 -15198.4 4.64686
260000 396.83 -15172.1 -2.31339
261000 401.007 -15114.6 -10.7857
262000 398.966 -15201.3 -0.0720801
263000 399.584 -15185.3 12.9768
264000 397.942 -15185.9 -12.6122
265000 399.983 -15161.6 11.118
266000 401.001 -15157.9 -19.4888
267000 398.949 -15210.3 -22.1655
268000 400.995 -15100.5 12.3854
269000 398.806 -15189.1 9.37527
270000 401.573 -15158.3 -25.2978
271000 400.342 -15062.8 5.90181
272000 400.151 -15073.9 28.4409
273000 399.648 -15176.5 -11.6038
274000 396.372 -15232.9 33.2984
275000 397.984 -15151.9 -26.1625
276000 398.996 -15214.1 4.4182
277000 399.616 -15165.3 23.9412
278000 398.603 -15163.6 -26.8404
279000 399.723 -15120.6 10.9334
280000 402.778 -15108.7 -34.0666
281000 399.458 -15128.7 41.135
282000 400.187 -15115.1 -30.3569
283000 400.112 -15083.3 8.69695
284000 398.831 -15141.6 -8.64933
285000 401.064 -15036.9 35.9656
286000 402.108 -15062.2 -14.9732
287000 399.009 -15153.1 42.6145
288000 399.475 -15103 9.33963
289000 400.493 -15108.5 -17.5535
290000 398.742 -15103.9 53.2501
291000 399.001 -15115.3 -50.7806
292000 399.769 -15108.1 30.267
293000 400.862 -15086.8 -17.3301
294000 402.596 -15046.7 20.9545
295000 400.643 -15078.3 -27.1962
296000 398.535 -15172.5 21.3939
297000 399.886 -15121.9 -32.1331
298000 398.138 -15156 1.56445
299000 399.289 -15188.8 26.05
300000 399.505 -15192.9 5.5609
301000 398.354 -15188.6 5.26651
302000 399.987 -15111.6 9.57364
303000 401.242 -15060.3 -30.1808
304000 399.397 -15111.1 6.62545
305000 398.64 -15107.4 6.88216
306000 398.64 -15099.1 -2.78162
307000 399.545 -15104.2 4.78594
308000 399.956 -15110 6.29278
309000 400.566 -15117.7 -6.13831
310000 401.848 -15123.1 8.22692
311000 400.159 -15099.6 -18.7625
312000 399.433 -15141.2 42.0858
313000 398.31 -15114.7 -47.7323
314000 401.034 -15137.2 25.6175
315000 402.367 -15120.8 -29.4583
316000 399.208 -15128.6 7.73218
317000 402.276 -15087.6 -25.1831
318000 400.546 -15170.1 -1.11949
319000 398.664 -15160 -1.57884
320000 397.389 -15166.9 16.1162
321000 399.664 -15219.8 -21.426
322000 400.352 -15189.4 13.5368
323000 398.534 -15154.4 -13.9767
324000 400.742 -15098.7 24.703
325000 400.527 -15061.6 -11.9505
326000 400.846 -15124.3 18.1358
327000 397.552 -15205.2 9.94389
328000 399.493 -15176.5 8.84099
329000 399.493 -15203.5 -5.06796
330000 401.31 -15080 -13.5193
331000 402.028 -15104.7 32.0237
332000 397.911 -15162.5 -24.1801
333000 399.759 -15121.3 15.1061
334000 400.482 -15125.1 -30.6008
335000 400.971 -15119.9 -3.38186
336000 399.657 -15055.1 20.8119
337000 401.465 -15064.3 14.4225
338000 399.01 -15104.8 -34.4186
339000 399.493 -15075.6 1.44576
340000 399.491 -15097.7 5.17245
341000 397.565 -15196.3 13.7201
342000 401.715 -15151 -13.0713
343000 398.827 -15177.3 -10.5914
344000 400.192 -15100.2 10.1224
345000 399.879 -15135.3 23.8369
346000 399.741 -15122.2 -10.4254
347000 400.254 -15115.9 6.62002
348000 399.723 -15124.1 -18.9264
349000 398.481 -15158.5 45.5398
350000 401.161 -15057.9 -29.5138
351000 400.228 -15073.6 7.55422
352000 400.725 -15117.6 5.16806
353000 399.354 -15137.6 -26.8604
354000 400.867 -15113.5 27.5679
355000 399.925 -15125.4 5.27697
356000 399.231 -15107 8.38516
357000 397.567 -15082.2 15.3894
358000 399.962 -15126 -9.26218
359000 401.776 -15066.1 0.64311
360000 399.422 -15124 12.7099
361000 399.903 -15131.9 -12.3582
362000 399.718 -15095.5 3.40184
363000 399.454 -15140.4 23.7214
364000 401.214 -15071.5 -33.2776
365000 400.622 -15045.7 19.3821
366000 400.788 -15126.5 -3.67779
367000 400.639 -15156.9 26.5936
368000 401.04 -15146.7 -6.72307
369000 402.112 -15080.9 -8.72884
370000 399.082 -15129.9 10.9793
371000 401.848 -15107.9 -9.36435
372000 397.7 -15127.7 43.7087
373000 401.755 -15107.2 -42.5321
374000 398.973 -15148.7 76.2176
375000 399.21 -15129.9 -58.3401
376000 397.875 -15160.6 28.6421
377000 401.21 -15030.7 -59.0295
378000 400.978 -15057.8 57.3037
379000 400.694 -15065.8 -40.9725
380000 400.661 -15035 15.9617
381000 399.991 -15118.4 10.8859
382000 400.38 -15126.4 0.841951
383000 400.377 -15003.7 6.04063
384000 399.007 -15093.4 -13.5479
385000 401.278 -15057.3 14.9824
386000 399.893 -15088.6 -17.7453
387000 398.793 -15151.6 23.8456
388000 400.282 -15160.9 -32.8652
389000 401.038 -15139.5 1.5661
390000 401.505 -15052.5 -13.2473
391000 400.501 -15082.2 41.5518
392000 400.779 -15069.8 -48.5881
393000 399.029 -15110 29.4079
394000 399.4 -15106.6 -5.42421
395000 400.376 -15082.7 21.2483
396000 399.106 -15060.5 2.78269
397000 398.996 -15086.5 1.17721
398000 401.842 -15059.7 17.5499
399000 398.247 -15079.9 -4.3482
400000 400.11 -15115.2 -0.499321
401000 400.064 -15057.4 -14.557
402000 400.152 -15065.9 55.9517
403000 400.443 -15082.4 -68.4306
404000 398.255 -15082.7 65.1384
405000 400.933 -15069.5 -24.9615
406000 398.618 -15085.3 19.0392
407000 399.548 -15131.4 -33.7284
408000 398.73 -15116.8 38.2045
409000 400.094 -15059.1 -46.7312
410000 399.733 -15056.5 44.1357
411000 397.498 -15107.8 -13.4138
412000 398.209 -15149.5 10.1912
413000 400.25 -15107.5 -8.61153
414000 399.717 -15016.7 17.1513
415000 401.927 -15039.6 -21.719
416000 397.623 -15142 26.2638
417000 399.923 -15137.9 -57.1451
418000 401.43 -15047.2 46.8537
419000 401.629 -15053.8 -10.2534
420000 402.256 -15017 35.787
421000 400.751 -15045.6 5.09302
422000 400.091 -15073.8 5.81427
423000 400.151 -15072.9 -34.6927
424000 400.067 -15084.6 2.01719
425000 398.766 -15117.7 -15.7169
426000 399.611 -15085.1 31.356
427000 400.292 -15040.9 -22.8589
428000 400.834 -15114 21.1569
429000 399.978 -15075 -9.66508
430000 398.73 -15101.9 13.8678
431000 399.604 -15020.8 13.9389
432000 400.597 -15042.1 14.7748
433000 399.584 -15092.5 -13.0053
434000 398.285 -15083.5 11.7893
435000 400.018 -15047.2 -15.9166
436000 400.706 -15014.4 14.5897
437000 400.005 -15099.9 -19.5988
438000 398.478 -15111.6 4.51255
439000 402.118 -15034.3 4.38907
440000 400.035 -15035.5 2.0515
441000 398.455 -15093.3 -6.81761
442000 399.568 -15087.3 -6.87434
443000 401.909 -15081.3 2.89537
444000 399.661 -15054.7 0.969549
445000 399.996 -15100.8 -10.157
446000 398.718 -15073.8 -2.71838
447000 398.373 -15057.2 -17.0824
448000 400.198 -15106.8 0.278717
449000 398.588 -15112.1 2.71721
450000 398.026 -15103.2 -6.67623
451000 399.738 -15089.5 9.26622
452000 400.883 -15105.3 21.7726
453000 402.637 -15049.3 -17.1975
454000 399.109 -15066.5 1.24377
455000 401.621 -15026.8 35.3223
456000 400.785 -15033.4 -14.1534
457000 398.145 -15106.9 -0.970051
458000 398.009 -15148 20.0446
459000 401.199 -15095.4 7.85636
460000 400.885 -15072.4 -17.6971
461000 398.528 -15114.1 25.5979
462000 398.705 -15098.9 -19.989
463000 400.79 -15062.1 7.12474
464000 398.991 -15060.9 -0.095118
465000 400.356 -15079.6 -8.4542
466000 399.978 -15073.2 10.9863
467000 398.616 -15151.3 -0.659923
468000 401.061 -15104.6 -2.19749
469000 398.959 -15067.5 -4.24408
470000 400.889 -15044.3 -29.9828
471000 400.826 -15019.4 38.9842
472000 398.556 -15117.6 -28.648
473000 401.838 -15036.1 -8.07859
474000 399.671 -15091.3 14.4823
475000 400.648 -15085.9 7.85457
476000 397.953 -15078 -2.98614
477000 399.284 -15111.5 12.254
478000 398.953 -15158 -11.1417
479000 399.99 -15064.2 9.12829
480000 398.637 -15106.7 -7.9036
481000 399.401 -15037.3 14.5558
482000 398.746 -15040.3 -13.7808
483000 400.578 -15003.8 18.6834
484000 399.768 -15168 1.33809
485000 398.813 -15111.3 13.5816
486000 401.059 -15098.6 -24.391
487000 401.171 -15061.6 31.0428
488000 398.464 -15106.3 -12.0036
489000 401.118 -15051.3 16.0007
490000 400.672 -15099.8 -8.09226
491000 401.343 -15075.1 24.805
492000 398.833 -15058.5 -30.1128
493000 398.859 -15094.2 15.4598
494000 400.292 -15042.2 -19.2324
495000 399.477 -15034.2 -5.13942
496000 399.039 -15096.9 -12.8466
497000 400.982 -15040.2 15.3856
498000 400.934 -15017.8 -35.1191
499000 400.838 -15134.6 29.4291
500000 400.175 -15106.1 -24.6057
501000 397.597 -15133.7 2.3926
502000 400.59 -15044.7 -12.5893
503000 400.992 -15099.3 5.43237
504000 399.559 -15009.1 -4.83478
505000 400.267 -15024.1 3.41682
506000 399.812 -15054.5 0.937899
507000 399.07 -15040.7 -7.92216
508000 400.273 -15027.8 13.7918
509000 399.289 -15076.6 -6.47169
510000 400.338 -15072.6 0.454414
511000 401.071 -15121.6 -1.4117
512000 396.679 -15155.6 7.37721
513000 399.664 -15073.6 6.12737
514000 398.743 -15067.9 -25.0862
515000 399.943 -15151.1 2.27019
516000 400.381 -15056.7 24.2508
517000 398.675 -15078.4 -19.3897
518000 400.503 -15074.5 4.5162
519000 399.085 -15055.2 2.94167
520000 399.295 -15087.3 -1.77238
521000 401.673 -15009.5 -0.653322
522000 400.774 -14957.3 -33.4604
523000 399.753 -15038.2 12.0075
524000 398.996 -15134.7 -5.96064
525000 399.296 -15098.4 -31.2606
526000 400.564 -15113.2 8.57381
527000 400.368 -15050.5 -1.9368
528000 398.97 -15052.8 25.377
529000 397.913 -15114.3 -10.6216
530000 399.27 -15096.2 -2.78663
531000 400.68 -15061 15.3902
532000 400.432 -15105.6 -4.57011
533000 401.466 -15076.5 6.51774
534000 399.065 -15159.5 -12.3573
535000 399.172 -15087.2 -24.0719
536000 398.322 -15175 16.9375
537000 401.06 -15070.8 -5.58
538000 400.752 -15043.9 -8.50615
539000 400.698 -15069.4 4.10529
540000 401.404 -15011.8 0.480055
541000 398.475 -15102.9 5.9385
542000 398.905 -15040.7 3.02866
543000 399.51 -15070.8 -37.671
544000 402.495 -15075.1 41.4981
545000 400.374 -15094.1 -27.9397
546000 400.595 -15025.1 34.3885
547000 400.569 -15068.3 -22.7732
548000 400.935 -15091.6 -4.17477
549000 401.833 -15034.3 -4.08655
550000 400.725 -15033.6 2.21306
551000 397.766 -15119.8 -10.5311
552000 399.796 -15088.9 7.48064
553000 398.73 -15148.8 15.1963
554000 399.821 -15105.3 6.83381
555000 399.537 -15151.7 6.77914
556000 401.592 -15069.6 -24.8322
557000 399.954 -15104.9 5.56387
558000 398.915 -15126 14.4013
559000 400.975 -15049 7.35398
560000 402.304 -15010.3 -21.6668
561000 399.03 -15083.2 24.5738
562000 400.956 -15084.8 -12.9277
563000 402.019 -15074.5 -14.8849
564000 400.045 -15041.8 22.3541
565000 398.951 -15103 -6.16927
566000 402.173 -15069.6 53.2732
567000 398.965 -15063 -58.8493
568000 400.539 -15073.1 61.2278
569000 402.509 -15003.5 -39.1709
570000 400.877 -15140.8 -4.36096
571000 401.222 -15040.8 30.0848
572000 400.206 -15075.7 -12.4559
573000 399.082 -15098.6 17.6719
574000 399.42 -15066 -12.3091
575000 397.964 -15106.9 32.2944
576000 399.66 -15036 -21.446
577000 399.224 -15078.1 7.48404
578000 398.727 -15119.2 9.83866
579000 397.827 -15174.5 5.95226
580000 398.27 -15102.7 27.828
581000 398.86 -15112.6 -7.99652
582000 400.583 -15109.5 25.91
583000 400.203 -15133.1 3.48845
584000 398.098 -15118.2 -5.93747
585000 399.418 -15081.2 -0.381543
586000 401.002 -15022.5 30.3425
587000 401.377 -15077 -41.4423
588000 399.266 -15086.9 50.9966
589000 401.756 -15012.4 -41.2057
590000 398.866 -15119 27.4374
591000 400.037 -15115.1 -23.8641
592000 400.923 -15110.9 16.2069
593000 400.204 -15108.1 -4.80336
594000 401.817 -15055 3.43641
595000 401.158 -15070.5 10.6986
596000 398.498 -15122.8 -20.6263
597000 400.071 -15091 -12.4893
598000 398.52 -15108.9 -1.45274
599000 399.945 -15076.5 -2.50309
600000 400.621 -15061.4 -12.8063
601000 400.591 -15024.1 13.6292
602000 401.904 -15070.9 5.07131
603000 399.233 -15044.1 -39.9977
604000 400.476 -15120.4 26.0411
605000 398.659 -15125 -2.0359
606000 399.551 -15082.5 -21.3948
607000 400.049 -15059.6 9.20073
608000 398.856 -15076.5 26.8305
609000 396.889 -15171.3 -41.7978
610000 399.654 -15143.8 41.8858
611000 401.002 -15030.3 -36.8836
612000 400.294 -15081.8 30.5123
613000 399.646 -15104 5.11597
614000 399.912 -15143.1 -11.5353
615000 397.999 -15112 25.368
616000 400.426 -15109.1 -48.8921
617000 398.593 -15046 42.2299
618000 399.025 -15080.2 -44.6851
619000 399.694 -15100.4 17.7508
620000 400.435 -15034.7 5.96708
621000 400.039 -14991.2 -6.58076
622000 399.236 -15056.6 17.1671
623000 401.994 -15099.2 -50.8934
624000 399.659 -15089.9 26.8601
625000 399.978 -15062.2 -17.5779
626000 398.272 -15041 2.78623
627000 398.737 -15062.4 -0.475555
628000 400.312 -15056.4 17.1316
629000 398.419 -15080.1 -3.01424
630000 398.401 -15127.8 0.669813
631000 400.622 -15100.5 6.72124
632000 400.474 -15126.3 -7.05095
633000 397.887 -15068.1 15.0063
634000 400.026 -15116.8 -29.5554
635000 398.749 -15166.6 16.5879
636000 402.085 -15038.1 -41.1797
637000 402.761 -15059.2 21.2353
638000 398.681 -15065.8 -17.6058
639000 400.525 -15028.9 9.24625
640000 401.827 -14989 -20.6121
641000 400.123 -15023.4 21.7554
642000 401.142 -15020.7 -15.9292
643000 402.284 -15032.6 39.8961
644000 399.556 -15133.6 -42.8333
645000 399.926 -15073.3 25.6725
646000 397.39 -15114.5 -2.47564
647000 399.356 -15089 -6.39253
648000 401.851 -15053.7 5.95027
649000 401.073 -15041.1 -16.9577
650000 400.59 -15065.4 34.0128
651000 398.406 -15138.5 -51.8304
652000 399.202 -15115.3 41.3585
653000 398.217 -15105.3 -48.1921
654000 399.441 -15113.8 33.1846
655000 400.101 -15055.8 -30.2847
656000 400.81 -15042.7 18.4161
657000 401.516 -15019.1 -16.1498
658000 398.586 -15115.1 4.98523
659000 400.627 -15099.5 -1.23108
660000 399.872 -15064.7 3.67786
661000 400.259 -15047.1 19.9691
662000 400.35 -15036 -20.651
663000 401.05 -15072.9 -9.09949
664000 400.192 -15060.8 9.66325
665000 400.236 -15056.3 -8.68374
666000 398.465 -15079.8 27.52
667000 400.004 -15046.5 -16.7679
668000 401.123 -15035.4 18.9282
669000 399.911 -15067.7 -3.85158
670000 400.528 -15063.9 3.84516
671000 400.584 -15082.9 -23.9048
672000 399.974 -15092.4 25.3757
673000 398.762 -15102.9 16.3376
674000 400.04 -15079.3 -8.63345
675000 401.18 -15066.7 33.3485
676000 400.56 -15053.9 -24.0832
677000 398.194 -15121 32.9059
678000 400.154 -15071.3 -14.9913
679000 401.387 -15040.8 27.5277
680000 401.558 -15040 -13.3513
681000 398.208 -15084.2 29.4212
682000 402.267 -15008.8 -13.7461
683000 400.754 -15048.5 -3.32032
684000 402.255 -15026.7 2.84557
685000 399.696 -15062.9 6.0145
686000 400.05 -15058.3 21.9557
687000 401.693 -15064.9 -1.59733
688000 400.195 -15079.6 -20.0235
689000 401.336 -15068.9 18.5188
690000 399.6 -15122.7 -24.5712
691000 401.184 -15058.1 5.03055
692000 398.4 -15107 -2.69448
693000 399.058 -15084.3 -20.303
694000 400.503 -15128.4 15.3754
695000 399.061 -15054.1 -8.59965
696000 401.187 -15016.9 -13.5769
697000 403.714 -15062.1 4.34387
698000 399.995 -15114 -8.24758
699000 400.926 -15052.9 11.4131
700000 398.867 -15059.6 -7.59971
701000 400.526 -15040.9 19.9701
702000 399.185 -15030.7 16.0938
703000 398.669 -15091.9 -0.551937
704000 399.796 -15099.7 22.1068
705000 397.714 -15098.7 -25.5514
706000 400.35 -15031.7 17.9523
707000 399.722 -15012.4 -5.32058
708000 400.448 -15005.4 9.30801
709000 400.678 -15055.9 -5.264
710000 401.66 -15086.3 -14.5093
711000 402.83 -15085 2.71906
712000 399.538 -15084.5 26.7622
713000 399.221 -15079.1 -9.48794
714000 399.507 -15085.6 9.07806
715000 400.601 -15036.4 -41.8953
716000 399.341 -15058 79.4152
717000 402.716 -15039.6 -37.366
718000 399.912 -15034.9 0.0288833
719000 400.119 -15098.3 6.00022
720000 400.757 -15065.7 -14.502
721000 401.625 -15096.8 -10.0922
722000 400.226 -15059.6 16.9919
723000 400.199 -15096.8 -28.2149
724000 397.845 -15036.9 20.9054
725000 399.775 -15041 0.203024
726000 397.664 -15121.6 7.25103
727000 398.25 -15112.6 -22.124
728000 400.022 -15047.5 11.6585
729000 399.671 -15053.3 0.0575768
730000 400.798 -15033.7 0.87841
731000 401.287 -15027.2 -4.39886
732000 398.498 -15093.6 4.83196
733000 399.554 -15083.1 -18.3385
734000 399.306 -15145 44.7291
735000 398.461 -15100.7 -34.4305
736000 398.487 -15101.5 31.4191
737000 400.315 -15102.2 -7.98689
738000 400.731 -15038.3 34.3974
739000 399.278 -15081.8 -21.3698
740000 399.277 -15126.9 -15.9767
741000 400.536 -15047.4 -4.52873
742000 400.429 -15052.3 58.0156
743000 402.781 -15036 -53.9716
744000 399.952 -15092.2 35.4111
745000 398.98 -15108.1 -0.22779
746000 402.156 -15090.3 26.8067
747000 401.31 -15057.8 -17.0927
748000 398.96 -15119.3 28.8826
749000 398.19 -15161.6 -4.80785
750000 400.151 -15076 -1.83646
751000 400.251 -15099.2 19.7371
752000 398.139 -15105.3 16.5843
753000 400.026 -15069.8 -18.5499
754000 399.612 -15079.9 -7.28366
755000 398.847 -15114.3 6.67772
756000 399.672 -15138.4 11.7198
757000 399.674 -15165.3 13.7678
758000 400.896 -15144.8 -9.41312
759000 398.266 -15143.4 10.4023
760000 400.189 -15075.4 -10.8569
761000 400.556 -15071.2 4.17222
762000 399.044 -15093.1 22.7542
763000 398.23 -15190 -7.47424
764000 397.767 -15145 16.5816
765000 400.042 -15043 -7.07514
766000 398.831 -15073.7 1.97969
767000 401.585 -15046.3 -10.2377
768000 397.919 -15138.9 30.2084
769000 401.047 -15062.4 -29.6147
770000 399.117 -15065.5 57.5101
771000 399.435 -15127.9 -32.2982
772000 400.081 -15079.9 -1.51155
773000 399.401 -15123.6 -14.7342
774000 400.22 -15078.4 7.03727
775000 402.198 -15011.9 -23.7803
776000 400.313 -15105.8 19.7548
777000 401.231 -15078.6 -2.60659
778000 402.598 -15057 7.49579
779000 397.713 -15166.4 8.6507
780000 399.97 -15041.6 -7.22064
781000 398.058 -15094.9 9.23301
782000 399.244 -15127 27.1151
783000 398.151 -15119.6 -30.9036
784000 398.737 -15132 9.18796
785000 399.376 -15094.7 20.1246
786000 401.178 -15076.6 -15.5123
787000 399.693 -15086.4 26.9724
788000 399.491 -15168.8 -20.3894
789000 401.404 -15118.4 16.1232
790000 400.846 -15115.5 -41.8906
791000 400.459 -15066.1 54.9444
792000 401.25 -15082.6 -37.3394
793000 402.117 -15093.7 12.9989
794000 401.13 -15146.8 -9.06025
795000 399.826 -15122.5 -10.4997
796000 399.761 -15142.4 25.0474
797000 399.82 -15110.9 -22.0291
798000 398.587 -15083.5 7.44476
799000 399.688 -15062 -11.7262
800000 399.21 -15078.1 21.9797
801000 401.227 -15099.6 6.62247
802000 401.46 -15005.6 9.43967
803000 399.917 -15078.2 -17.8536
804000 399.788 -15071.8 11.0931
805000 400.591 -15011.7 2.53844
806000 400.938 -15055.2 5.38636
807000 399.931 -15071.4 -19.5839
808000 401.168 -15019.6 26.6555
809000 399.078 -15136.3 -17.8863
810000 399.216 -15066 10.3203
811000 398.213 -15061.3 9.06469
812000 399.176 -15054.2 -21.8345
813000 400.729 -15134.7 -5.32053
814000 399.348 -15156 -13.643
815000 397.055 -15085.3 -1.86727
816000 402.074 -14989.5 16.4293
817000 400.596 -15137.6 -33.7834
818000 400.741 -15037.1 14.8275
819000 401.185 -15102 -7.62607
820000 401.894 -15084.8 12.1526
821000 400.88 -15037.1 -19.2244
822000 400.854 -14998.3 1.51155
823000 397.619 -15122.2 -1.67004
824000 398.714 -15069.5 -23.9874
825000 400.48 -15114.6 3.08662
826000 400.385 -15078.6 5.29137
827000 398.983 -15122.2 -2.44329
828000 398.62 -15103.8 2.59783
829000 397.302 -15093.1 17.1759
830000 401.944 -15028.7 -17.6902
831000 399.634 -15078.4 -9.02861
832000 399.694 -15043.6 12.4783
833000 399.447 -15108.9 -3.98867
834000 398.244 -15109.1 5.95748
835000 400.819 -15078.2 -15.7137
836000 399.698 -15016.2 -19.4544
837000 401.392 -15041 -17.6135
838000 398.626 -15098.1 17.0923
839000 399.818 -15077.2 -3.24091
840000 401.51 -15021.2 -2.14985
841000 399.105 -15082.7 -1.72828
842000 400.924 -15046.8 5.48339
843000 399.46 -15028.1 47.4645
844000 400.585 -15014.6 -15.2553
845000 397.922 -15040.8 -10.286
846000 399.875 -15098.7 25.2198
847000 400.666 -15018.5 12.9013
848000 399.931 -15085.4 18.8319
849000 401.134 -14984.3 -4.1103
850000 399.177 -15066.2 -8.93983
851000 400.054 -15019.9 9.28001
852000 400.97 -14999.4 9.99954
853000 401.355 -15033 -4.86482
854000 401.687 -15000 35.358
855000 400.762 -14975.5 -20.3848
856000 398.414 -15071 22.744
857000 401.452 -14992.6 -25.481
858000 401.586 -15017.7 53.2777
859000 399.961 -15048.3 -47.9299
860000 399.452 -15042.2 30.1585
861000 397.889 -15043.4 -0.0160263
862000 400.892 -15071 5.69232
863000 397.541 -14989.2 -22.7612
864000 397.918 -15066.3 -11.886
865000 400.264 -15077.6 -5.5485
866000 401.647 -14964.7 -3.55014
867000 399.442 -15005 21.3827
868000 399.919 -15051.7 -16.2002
869000 400.248 -15056 12.4276
870000 401.343 -15027.2 14.1009
871000 400.864 -15005.9 -15.7142
872000 400.289 -15047.7 31.1168
873000 401.031 -15001.4 -5.21337
874000 398.345 -15044.4 -0.370954
875000 399.9 -14977.9 -7.88584
876000 399.69 -14989.5 2.87753
877000 401.722 -15041.5 -10.3289
878000 399.955 -15070.8 6.7928
879000 400.166 -15037.9 6.81997
880000 398.071 -15085 -34.8806
881000 401.28 -15016 80.3936
882000 399.87 -15063.8 -66.1126
883000 399.912 -15016.7 63.3117
884000 400.161 -15029.4 -45.9385
885000 400.803 -15009.2 27.5738
886000 400.178 -15051.8 -7.67582
887000 399.876 -15091.8 9.16337
888000 400.842 -15026.8 13.9303
889000 399.67 -15001.9 -11.158
890000 399.059 -15033.6 17.0603
891000 397.979 -15037.6 -0.990856
892000 401.913 -15020.3 20.6111
893000 399.683 -15060 -45.0258
894000 398.967 -15088.9 29.707
895000 402.594 -15010.3 -25.4175
896000 400.008 -15001.2 2.91713
897000 399.564 -15030.6 18.8185
898000 401.934 -14999.7 12.0499
899000 400.8 -15014.7 20.1411
900000 401.131 -15055.2 -34.3623
901000 399.742 -15032 54.8145
902000 399.263 -15093.8 -46.8841
903000 399.44 -15054.3 31.0605
904000 401.424 -15071.9 10.9076
905000 400.447 -15088.6 -3.97334
906000 400.605 -15109.2 -3.35392
907000 402.517 -15022.8 -34.907
908000 400.196 -15123.3 -5.85421
909000 402.231 -14985.1 10.3574
910000 399.652 -15118.9 -11.8533
911000 399.282 -15125.7 15.0492
912000 399.735 -15065.2 10.5965
913000 399.566 -15080 -28.526
914000 400.254 -15048.2 20.1851
915000 401.532 -15066.1 -18.1265
916000 398.674 -15157.9 -4.2951
917000 400.321 -15125.5 10.6593
918000 398.295 -15121.4 -2.78849
919000 400.576 -15015.8 0.925806
920000 397.335 -15005.5 18.1868
921000 399.89 -15079.7 -2.9711
922000 399.988 -15075.3 6.15115
923000 400.467 -15032.9 -20.0844
924000 400.174 -14997.6 16.8075
925000 398.065 -15123.9 -21.6903
926000 399.561 -15065.2 13.0213
927000 401.168 -15041.9 5.07924
928000 400.315 -15063.1 -3.04928
929000 399.251 -15119.1 -25.2326
930000 399.502 -15079.6 38.3033
931000 399.583 -15101.2 -4.16414
932000 398.951 -15104.9 -6.34607
933000 400.364 -15076.9 25.5875
934000 396.816 -15147.7 4.91266
935000 399.898 -15064.7 -4.29912
936000 400.571 -15092 16.4956
937000 399.285 -15071 -26.381
938000 399.633 -15098.8 57.4645
939000 398.406 -15048.2 -76.3342
940000 401.645 -15051.9 64.1408
941000 402.02 -14999.9 -48.3062
942000 398.228 -15071.8 41.8761
943000 400.061 -15071.2 -30.529
944000 398.837 -15085.3 -13.1119
945000 400.039 -15058.1 -0.633015
946000 399.937 -15087.4 9.6484
947000 398.654 -15057.7 -25.0633
948000 397.327 -15070.5 48.92
949000 401.438 -15025.8 -62.06
950000 399.985 -15113.4 30.4944
951000 399.233 -15127.7 -41.9871
952000 400.562 -15096.5 30.8682
953000 400.289 -15067.7 -46.6269
954000 398.659 -15118.8 44.821
955000 400.114 -15073.4 -14.6873
956000 399.949 -15118.5 40.7641
957000 398.998 -15060.3 17.769
958000 399.382 -15166.6 -28.5797
959000 397.901 -15173.6 31.9889
960000 400.259 -15048.9 -26.4656
961000 401.899 -15042 37.159
962000 401.649 -15093.1 1.18674
963000 400.686 -15140.4 1.77587
964000 399.655 -15099.1 4.13419
965000 401.166 -15102.1 15.4853
966000 399.483 -15076.1 -14.1189
967000 399.167 -15017.3 23.0992
968000 400.102 -15035.8 7.78974
969000 400.466 -15049 -9.0181
970000 399.257 -15056.3 12.6969
971000 399.909 -15083.5 -19.9184
972000 400.36 -15108.3 44.9603
973000 399.672 -15109.3 -23.5216
974000 400.889 -15066.2 13.6693
975000 400.659 -15061.6 1.94751
976000 402.938 -15068.5 -11.1563
977000 402.856 -14995.3 -7.67448
978000 399.16 -15054.2 31.5036
979000 398.275 -15097.4 -7.10139
980000 399.123 -15136.2 24.4119
981000 400.251 -15103.5 -14.4599
982000 400.602 -15075.4 23.1724
983000 401.26 -15023.5 -27.5267
984000 400.947 -15044 31.9784
985000 401.023 -15065.9 -4.79714
986000 399.33 -15080.6 1.24492
987000 397.903 -15162.3 -4.25988
988000 399.271 -15107 31.4554
989000 402.069 -14994.1 -19.0049
990000 401.149 -15066 -9.08044
991000 398.907 -15076.6 18.7412
992000 400.218 -15074.4 2.78133
993000 400.213 -15032.5 -8.51039
994000 399.223 -15060.1 10.9378
995000 397.727 -15069.1 0.578599
996000 400.421 -14972.9 -24.5636
997000 401.216 -15011.1 -1.23589
998000 400.106 -15047.1 10.3869
999000 399.537 -15096.9 13.8483
1000000 399.203 -15088.4 -6.36186
1001000 402.165 -15109.9 1.59516
1002000 398.38 -15164.8 -22.108
1003000 399.646 -15099.5 9.09318
1004000 400.204 -15071.4 16.9881
1005000 400.78 -15033.6 -6.79023
1006000 400.124 -15096.2 -1.62106
1007000 400.691 -15096.3 10.6796
1008000 400.606 -15097 23.5871
1009000 401.379 -15020.7 -4.3116
1010000 400.698 -14997 9.22954
1011000 398.283 -15081.3 -40.8624
1012000 399.274 -15083.7 38.2553
1013000 400.704 -15114.1 -48.1821
1014000 398.959 -15035.4 52.4645
1015000 400.434 -15040.3 -6.6404
1016000 397.23 -15146.7 26.6035
1017000 400.01 -15105.9 -7.59109
1018000 398.716 -15128.6 0.935899
1019000 398.601 -15117.9 -18.6641
1020000 398.59 -15129.8 1.24094
1021000 400.064 -15130.4 -11.7578
1022000 399.294 -15067.8 -4.24308
1023000 398.456 -15080.5 25.5418
1024000 399.765 -15050.7 -34.8933
1025000 399.755 -15089.9 46.5297
1026000 399.453 -15124.8 -20.168
1027000 399.655 -15104.3 -8.58886
1028000 399.462 -15062.1 4.66664
1029000 400.712 -15052.8 14.6309
1030000 401.239 -15064.3 18.339
1031000 400.876 -15060.1 -5.16673
1032000 400.311 -15072.8 27.5435
1033000 399.723 -15147.3 -21.4008
1034000 401.447 -15062.1 27.9884
1035000 400.658 -15090.8 -17.7064
1036000 400.291 -15141.7 45.4009
1037000 400.254 -15051.4 -25.3013
1038000 401.364 -15070.8 26.3791
1039000 399.716 -15141.2 -20.7407
1040000 401.39 -15100.4 8.86433
1041000 401.515 -15006.3 -29.8705
1042000 398.624 -15131 15.2445
1043000 401.525 -15046.2 25.5698
1044000 398.164 -15144.3 -10.8828
1045000 399.647 -15112.6 -14.799
1046000 398.683 -15186.9 12.2558
1047000 402.057 -15100.4 -11.5846
1048000 400.167 -15119.7 -5.35356
1049000 398.226 -15121.2 12.1442
1050000 401.702 -15125.5 -8.2051
1051000 399.704 -15144.1 45.6861
1052000 401.523 -15100.8 -26.8907
1053000 399.492 -15095.5 21.8858
1054000 398.031 -15115.5 -32.7785
1055000 398.338 -15156.8 36.8723
1056000 402.184 -15067.5 -50.1135
1057000 399.885 -15103 11.1711
1058000 401.453 -15074.6 10.3978
1059000 400.651 -15083.7 -32.9606
1060000 398.756 -15142.1 3.93936
1061000 400.455 -15079.9 7.11015
1062000 398.534 -15189.1 18.7812
1063000 399.716 -15101.4 -25.9749
1064000 400.379 -15143 18.2307
1065000 399.205 -15170 11.2363
1066000 399.8 -15104.2 -16.0299
1067000 398.812 -15070.3 34.162
1068000 401.499 -15029.7 -19.2681
1069000 401.343 -15077.9 1.30455
1070000 400.419 -15086.7 -6.61584
1071000 398.542 -15180 -9.70582
1072000 400.529 -15150.2 -7.40553
1073000 398.476 -15202.2 -10.1276
1074000 401.189 -15111.2 29.2835
1075000 398.031 -15135.8 -16.9238
1076000 400.231 -15073.1 -10.7749
1077000 397.823 -15101.3 0.0539981
1078000 399.351 -15140.1 16.5454
1079000 400.628 -15144.9 -6.93023
1080000 402.375 -14992.5 -14.7958
1081000 401.39 -15098.5 17.6605
1082000 399.647 -15148.8 -5.77641
1083000 399.018 -15111 3.79609
1084000 399.757 -15105.5 -5.64706
1085000 399.803 -15068.9 6.82919
1086000 399.856 -15125.9 15.6116
1087000 398.272 -15202.4 -14.5628
1088000 400.734 -15041.5 27.596
1089000 399.606 -15123.2 23.7358
1090000 399.444 -15119.4 -13.215
1091000 397.853 -15129.7 0.679573
1092000 401.755 -15079.4 -5.16533
1093000 400.442 -15139.1 -18.9754
1094000 400.99 -15108.8 -22.5861
1095000 400.116 -15130.2 14.0199
1096000 399.012 -15066.2 -2.07093
1097000 399.039 -15117.5 -14.8195
1098000 400.631 -15098.6 19.8051
1099000 400.661 -15084.7 1.58409
1100000 401.109 -15013.4 -23.0722
1101000 400.694 -15152 10.6737
1102000 401.475 -15067.9 13.4585
1103000 400.956 -15095.4 -24.9828
1104000 401.616 -15085.3 40.5886
1105000 403.336 -15045.8 -16.2113
1106000 400.281 -15097.7 17.8381
1107000 400.944 -15123.9 -17.8898
1108000 398.674 -15185 26.5869
1109000 399.738 -15173.1 0.389037
1110000 399.648 -15075.8 6.92896
1111000 399.92 -15147.1 12.5385
1112000 399.857 -15122.1 -17.4835
1113000 400.355 -15130.6 -6.03861
1114000 400.136 -15169.3 -18.2292
1115000 397.149 -15135.7 40.9794
1116000 399.507 -15090.2 -17.9023
1117000 398.181 -15088.8 22.2546
1118000 399.871 -15121.8 -50.2315
1119000 400.545 -15084.5 47.7241
1120000 398.159 -15132.7 -31.8952
1121000 398.297 -15162.2 16.1544
1122000 399.879 -15126 -20.2361
1123000 400.223 -15082.3 38.5579
1124000 399.415 -15159.6 -52.0633
1125000 401.973 -15161.7 33.628
1126000 401.07 -15101.4 -32.524
1127000 398.83 -15120.9 27.6838
1128000 399.498 -15162.2 -2.36048
1129000 400.185 -15110.6 6.23222
1130000 402.022 -15122.3 24.9414
1131000 398.33 -15109.3 -23.6204
1132000 398.884 -15160.9 8.83959
1133000 400.313 -15125.8 -5.45471
1134000 398.921 -15083.3 2.75663
1135000 399.854 -15089.9 20.8986
1136000 401.113 -14981.4 -19.4374
1137000 400.854 -15088.1 27.2193
1138000 401.135 -15018.1 -30.7564
1139000 397.19 -15155.3 11.7909
1140000 400.28 -15109.9 14.5375
1141000 400.184 -15074.1 15.5345
1142000 401.006 -15116 8.02161
1143000 397.578 -15200.6 2.58201
1144000 400.706 -15091.9 7.26542
1145000 401.443 -15089.4 -4.55202
1146000 399.698 -15161.1 18.5521
1147000 399.562 -15070.7 -22.2328
1148000 399.22 -15127.5 -3.59829
1149000 401.719 -15031.6 10.8977
1150000 398.733 -15131.9 9.96328
1151000 400.618 -15157.8 -1.96087
1152000 401.462 -15102.1 35.3649
1153000 401.192 -15067.7 -11.7774
1154000 399.821 -15154 -7.67931
1155000 402.51 -15102.7 8.251
1156000 398.368 -15182.7 -15.77
1157000 397.899 -15111.4 17.889
1158000 400.411 -15170.5 -15.3783
1159000 398.164 -15138.8 8.20606
1160000 398.486 -15164.8 -10.9076
1161000 399.092 -15136.4 17.1262
1162000 401.493 -15052.9 -14.7624
1163000 400.949 -15084.7 16.8178
1164000 401.558 -15056.5 -14.6531
1165000 400.873 -15106.8 17.5359
1166000 401.432 -15095.5 -14.8895
1167000 399.942 -15169.3 -2.62304
1168000 402.308 -15136.6 -1.02398
1169000 399.69 -15131.3 -7.91428
1170000 398.358 -15098.1 13.9477
1171000 401.042 -15082.4 6.59498
1172000 398.603 -15142.3 -4.27909
1173000 399.599 -15105.3 -7.18376
1174000 399.892 -15027.5 19.7914
1175000 401.494 -15130.6 -36.4152
1176000 399.725 -15049.5 18.1147
1177000 402.491 -15072.3 17.8338
1178000 400.606 -15136.8 10.2675
1179000 399.812 -15180.1 -21.1494
1180000 400.416 -15123 5.28289
1181000 401.494 -15116.4 -0.800116
1182000 399.19 -15139.5 -13.2878
1183000 399.558 -15111.1 -20.4732
1184000 399.441 -15101.9 -3.12856
1185000 399.226 -15076.8 1.986
1186000 399.806 -15080.9 21.7833
1187000 399.441 -15093.8 -26.9483
1188000 400.095 -15117.5 15.3327
1189000 398.483 -15090.5 -6.71132
1190000 398.828 -15093.5 17.8927
1191000 401.363 -15038.8 -2.62991
1192000 398.576 -15130.5 -28.3834
1193000 398.66 -15140 16.2627
1194000 399.13 -15130.8 7.14252
1195000 402.619 -15117.6 -11.7854
1196000 400.661 -15119.9 -1.51697
1197000 398.26 -15157.6 -20.9073
1198000 398.602 -15136.7 6.24097
1199000 401.225 -15125.8 3.24946
1200000 398.131 -15178.1 4.82168
1201000 402.041 -15055.6 11.5751
1202000 399.486 -15027.6 -12.9853
1203000 399.382 -15159.8 33.2645
1204000 402.139 -14998.4 -8.36093
1205000 398.748 -15160.2 38.9413
1206000 401.108 -15088.2 -29.8819
1207000 401.411 -14976.8 4.9745
1208000 399.212 -15069 -2.96134
1209000 399.511 -15103.4 31.4872
1210000 397.635 -15136.3 -28.2501
1211000 399.57 -15088.2 17.7702
1212000 399.282 -15106 -43.7375
1213000 400.41 -15161.5 20.8815
1214000 399.591 -15098.6 -40.3658
1215000 399.251 -15147 37.2753
1216000 398.821 -15039.7 -42.053
1217000 400.259 -15102.9 40.501
1218000 400.017 -15059.9 -34.0843
1219000 399.542 -15123.9 6.87591
1220000 398.97 -15091.6 2.76577
1221000 397.977 -15150.6 21.3984
1222000 400.546 -15133.6 -31.1344
1223000 400.005 -15124.8 3.88154
1224000 397.162 -15139.3 19.4495
1225000 398.865 -15140.4 -7.69443
1226000 399.966 -15087.8 16.5652
1227000 401.21 -15076.4 15.3673
1228000 399.925 -15104.1 -10.8141
1229000 398.801 -15082.6 -8.12165
1230000 399.309 -15083.1 -15.8705
1231000 399.887 -15050.6 22.7457
1232000 398.885 -15037.4 16.8015
1233000 398.442 -15050.7 -34.8826
1234000 400.838 -15056.3 27.1635
1235000 400.624 -14985.7 -14.7475
1236000 400 -15035.1 -21.2518
1237000 399.46 -15095.8 16.198
1238000 398.817 -15090 -10.1397
1239000 399.824 -15070.3 10.6513
1240000 401.154 -15013.7 -15.8854
1241000 400.505 -15082.5 18.1539
1242000 400.135 -14979.8 4.99345
1243000 398.657 -15087.9 -4.31761
1244000 400.499 -15076.3 -3.2865
1245000 400.302 -15068.6 11.4457
1246000 401.029 -15021.8 -15.6377
1247000 399.562 -15062.5 5.67625
1248000 399.87 -15130.9 -34.2669
1249000 399.495 -15089.1 -8.71045
1250000 399.877 -15076 11.8817
1251000 402.088 -15074.8 -15.6158
1252000 399.557 -15113.4 -7.89488
1253000 401.661 -15080.4 0.155129
1254000 401.465 -15042.4 -0.791674
1255000 398.136 -15151.1 7.32421
1256000 401.762 -15041.6 -17.0838
1257000 401.545 -15061.4 38.1379
1258000 399.013 -15074.6 -26.251
1259000 399.911 -15060.9 36.5181
1260000 399.588 -15030.1 -48.3749
1261000 399.912 -15042.5 41.4903
1262000 400.768 -15032.2 -54.0597
1263000 400.25 -15064.4 60.3785
1264000 400.79 -15071 -46.1582
1265000 399.147 -15133.6 58.2534
1266000 397.685 -15049.9 -25.8951
1267000 399.522 -15105 6.85297
1268000 399.79 -15115.8 -17.0536
1269000 399.035 -15104.1 25.9677
1270000 400.849 -15070.3 -32.336
1271000 400.121 -15073.5 -6.99074
1272000 400.436 -15070.6 -3.38235
1273000 401.036 -15014.6 13.7874
1274000 399.627 -15113.8 16.4345
1275000 399.478 -15100.8 -23.7377
1276000 400.677 -15040.2 -2.89231
1277000 399.95 -15041 -6.67611
1278000 397.723 -15129.5 0.117099
1279000 401.194 -15083.6 -3.47305
1280000 401.21 -15079.5 5.952
1281000 400.395 -15054.3 7.8316
1282000 399.316 -15069.1 -21.6526
1283000 400.754 -15054.6 25.72
1284000 398.17 -15161.4 -22.8713
1285000 399.359 -15135.5 14.7756
1286000 399.758 -15102.9 28.6046
1287000 397.488 -15148.9 -25.4201
1288000 399.811 -15136 4.92936
1289000 397.056 -15155.8 8.6978
1290000 399.463 -15076.6 -7.02107
1291000 398.447 -15167.7 41.4103
1292000 399.289 -15089.2 -29.0536
1293000 400.253 -15146.5 30.5811
1294000 397.775 -15193.3 -17.6245
1295000 400.025 -15102 17.2872
1296000 401.762 -15065.3 -31.5731
1297000 398.638 -15097.6 33.4945
1298000 396.701 -15070.7 3.40497
1299000 399.289 -15050 7.86734
1300000 398.816 -15067.1 -42.2127
1301000 398.737 -15049.4 34.0554
1302000 400.323 -15158.5 -19.9732
1303000 398.75 -15076.4 26.137
1304000 400.597 -15021.1 3.8952
1305000 400.227 -15030.1 22.0263
1306000 400.578 -15022.4 -36.7085
1307000 398.579 -15027.3 44.0481
1308000 398.825 -15055.1 -42.2699
1309000 401.66 -15054.1 32.8658
1310000 400.535 -15037.5 -36.8222
1311000 400.315 -15054.6 55.2343
1312000 399.959 -15092.2 -48.3397
1313000 402.129 -15085.6 25.2753
1314000 398.66 -15105.1 9.75452
1315000 401.07 -15046.2 -16.6768
1316000 399.448 -15107.8 -30.2151
1317000 399.749 -15114.5 11.2971
1318000 397.749 -15140.5 -12.6182
1319000 399.661 -15091.4 33.0409
1320000 397.597 -15151.2 -41.5497
1321000 399.619 -15130.3 19.0009
1322000 400.697 -15107.8 -32.8781
1323000 399.799 -15063.2 26.7174
1324000 400.515 -15109.4 -27.3455
1325000 398.928 -15084.4 26.1955
1326000 400.665 -15126 -15.3785
1327000 399.96 -15113.9 11.083
1328000 401.195 -15106.6 5.02306
1329000 399.415 -15099.2 3.46836
1330000 398.683 -15087 13.4027
1331000 399.127 -15154.6 -26.9796
1332000 400.028 -15135.4 31.4024
1333000 397.453 -15167.6 -18.8699
1334000 399.382 -15135.1 22.7146
1335000 399.81 -15201.7 -10.5642
1336000 400.154 -15182.2 2.78342
1337000 400.135 -15155.8 10.1442
1338000 400.885 -15112.4 -13.6238
1339000 400.565 -15129.8 0.0654017
1340000 401.146 -15152 13.9043
1341000 399.943 -15113.4 22.6617
1342000 399.012 -15172.3 -14.839
1343000 397.674 -15168.2 13.1755
1344000 400.169 -15138.7 -5.91362
1345000 400.116 -15135.1 10.5213
1346000 400.669 -15142.1 -2.72504
1347000 399.337 -15101.2 6.61518
1348000 400.547 -15081 33.8387
1349000 397.618 -15159 -20.0797
1350000 397.522 -15145.8 34.7677
1351000 400.242 -15167.4 -10.1345
1352000 398.594 -15149.3 13.5329
1353000 403.057 -15037.9 4.43377
1354000 400.34 -15144.9 15.0309
1355000 402.107 -15107.9 1.45014
1356000 398.265 -15154.2 15.7853
1357000 400.957 -15113.5 -28.4257
1358000 398.14 -15103 11.5572
1359000 400.563 -15092.7 6.27337
1360000 399.75 -15132.9 4.56295
1361000 401.087 -15128.7 -13.209
1362000 399.881 -15041.2 -20.6449
1363000 400.721 -15102.7 24.3119
1364000 399.779 -15081.5 -18.3748
1365000 400.414 -15042.5 30.6359
1366000 399.333 -15100 -7.13293
1367000 402.087 -15084.8 29.8282
1368000 398.698 -15096.7 -15.7789
1369000 397.789 -15150.8 34.4618
1370000 398.817 -15158.4 -27.5262
1371000 400.731 -15078.2 32.5064
1372000 398.87 -15097.2 -30.2738
1373000 400.534 -15103.9 20.3359
1374000 400.701 -15047.6 -5.36132
1375000 399.979 -15044.3 -10.2305
1376000 400.407 -15069.4 2.82397
1377000 397.699 -15137.3 -4.5674
1378000 399.477 -15107.8 4.85339
1379000 399.411 -15132.6 0.836433
1380000 400.118 -15140.9 18.8476
1381000 398.809 -15152.3 7.3087
1382000 401.022 -15126.9 -22.4357
1383000 399.753 -15038.5 2.50164
1384000 399.663 -15047.6 -6.01766
1385000 398.427 -15146.3 -13.6008
1386000 399.285 -15064.1 6.70307
1387000 399.219 -15060.9 14.6913
1388000 400.862 -15087.6 10.6642
1389000 399.51 -15131.5 -32.5336
1390000 401.939 -15080.9 16.3281
1391000 399.231 -15062.3 10.1424
1392000 399.057 -15104.2 -17.9218
1393000 399.37 -15136.5 -1.85842
1394000 399.322 -15130.7 1.02177
1395000 400.122 -15103.6 -9.88393
1396000 400.958 -15030.9 -10.482
1397000 400.816 -15147.2 17.9378
1398000 402.211 -15084.8 -3.20738
1399000 398.058 -15121.5 -0.187857
1400000 398.943 -15051.4 21.9843
1401000 399.813 -15120.2 -17.6028
1402000 400.404 -15135.7 -2.33111
1403000 399.594 -15181.9 7.15385
1404000 400.365 -15102.8 3.5739
1405000 400.837 -15156.2 -16.1196
1406000 400.772 -15102.2 32.8161
1407000 399.399 -15106.1 -33.2511
1408000 399.218 -15077.6 40.9929
1409000 400.571 -15050.5 -66.3914
1410000 399.992 -15110.4 31.0354
1411000 400.569 -15121.7 13.8406
1412000 399.382 -15132.3 -10.4826
1413000 399.693 -15134.6 -17.124
1414000 401.272 -15148.5 15.9617
1415000 400.431 -15152.1 -14.4245
1416000 401.782 -15111.7 10.8009
1417000 401.05 -15103.7 -31.0867
1418000 400.489 -15137.9 5.32937
1419000 400.217 -15099.5 -0.252458
1420000 399.277 -15112.4 21.2157
1421000 400.811 -15150.2 -30.1978
1422000 399.369 -15134.8 37.609
1423000 401.186 -15129.7 -25.7658
1424000 397.332 -15127.6 23.2175
1425000 400.722 -15091.6 -14.2984
1426000 399.321 -15165.5 0.184051
1427000 401.206 -15086.8 8.51509
1428000 399.445 -15131.8 -33.2404
1429000 401.99 -15139.6 3.62152
1430000 401.295 -15125.4 -9.97883
1431000 402.377 -15038.2 6.96059
1432000 400.559 -15089.5 -29.6724
1433000 399.655 -15162.8 -1.29789
1434000 400.275 -15129.1 11.3495
1435000 398.78 -15085.8 -22.4918
1436000 398.825 -15081.3 32.9126
1437000 401.196 -15087.4 1.61302
1438000 399.683 -15138.2 7.76907
1439000 400.616 -15080.8 -8.15869
1440000 397.524 -15090.2 -30.1462
1441000 400.295 -15096.5 21.514
1442000 400.682 -15046.1 -14.7134
1443000 399.514 -15121.5 41.0355
1444000 401.605 -15068.7 -34.5611
1445000 401.872 -15081.1 16.5763
1446000 400.53 -15073.5 5.20586
1447000 401.186 -15120.4 -31.4024
1448000 400.039 -15090 22.5945
1449000 401.199 -15033.7 7.97482
1450000 400.735 -15069.6 16.2753
1451000 400.225 -15103.6 -9.22461
1452000 399.731 -15160.7 6.27891
1453000 399.076 -15131.4 6.21186
1454000 402.551 -15068.4 10.3744
1455000 400.117 -15099.8 -14.2451
1456000 400.304 -15062.7 6.51608
1457000 399.105 -15071.7 -16.1717
1458000 400.411 -15114.3 12.1267
1459000 400.491 -15094.4 -8.67574
1460000 399.409 -15107.4 10.8374
1461000 401.382 -15087.4 13.0771
1462000 401.018 -15079.6 17.0429
1463000 401.192 -15078.7 -32.0341
1464000 400.677 -15108.8 30.12
1465000 401.939 -15077.8 -13.9644
1466000 399.331 -15013.6 20.9074
1467000 399.101 -15092.9 -8.85643
1468000 400.004 -15088.2 19.4282
1469000 399.029 -15091.2 14.5279
1470000 397.91 -15144.6 -20.0407
1471000 397.413 -15122.1 7.42804
1472000 399.83 -15097.6 -3.36048
1473000 398.957 -15101.4 17.8274
1474000 401.374 -15039.5 -1.48273
1475000 398.068 -15072.2 1.32796
1476000 399.002 -15005 -4.52296
1477000 401.056 -15055.2 -4.9605
1478000 400.365 -15056.7 -18.0551
1479000 399.751 -14955 16.1561
1480000 400.494 -15042.3 -24.8161
1481000 400.886 -15067.9 20.7315
1482000 397.138 -15059.6 -18.794
1483000 398.882 -15121 17.8732
1484000 399.057 -15109.6 -14.3407
1485000 400.604 -15071 12.6028
1486000 398.573 -15172.4 -3.00159
1487000 398.488 -15160.9 7.55877
1488000 400.277 -15090.8 6.44567
1489000 400.553 -15056.5 -4.84725
1490000 398.962 -15114.8 28.7986
1491000 399.204 -15040.1 -29.8026
1492000 401.495 -15091.8 20.5655
1493000 401.042 -15111 -10.807
1494000 399.898 -15055.7 -11.2449
1495000 398.037 -15082.5 25.1669
1496000 397.683 -15086.1 -27.0025
1497000 400.233 -15143.4 25.097
1498000 401.194 -15080.9 -33.524
1499000 400.473 -15082.8 15.0055
1500000 399.152 -15093.7 -34.3281
1501000 399.431 -15044.2 19.0711
1502000 399.28 -15095.8 4.18533
1503000 399.825 -15081.6 -25.0871
1504000 401.072 -15081.6 -5.51155
1505000 400.737 -15090.8 1.83346
1506000 398.807 -15079.8 -6.68246
1507000 401.285 -15115.9 9.44746
1508000 400.208 -15070.5 -26.9638
1509000 400.015 -15137.9 10.3582
1510000 399.577 -15119.9 20.605
1511000 398.905 -15031.1 -15.0653
1512000 399.927 -15078.5 20.8025
1513000 398.502 -15129.1 -20.4599
1514000 402.426 -15015.5 -1.62304
1515000 400.698 -15088.1 -14.7128
1516000 399.683 -15079.6 25.8715
1517000 399.373 -15133.4 5.49442
1518000 398.144 -15091.9 -8.39518
1519000 399.012 -15093.5 4.36571
1520000 400.128 -14973.1 11.9841
1521000 400.685 -15004.5 7.37107
1522000 399.576 -15062.2 -40.9783
1523000 402.482 -15023.9 44.7171
1524000 400.608 -15036.9 12.3085
1525000 400.244 -15028.5 -29.5124
1526000 400.107 -15104.9 19.2073
1527000 399.754 -15072.2 -24.0662
1528000 399.042 -15113.7 9.02593
1529000 400.291 -15014.7 -31.0319
1530000 399.584 -15046.1 23.5888
1531000 400.5 -15071.4 16.028
1532000 398.22 -15091.8 -24.5242
1533000 400.544 -15051.1 3.31207
1534000 399.429 -15132 -2.51066
1535000 399.003 -15150.7 -20.9232
1536000 400.459 -14982.4 10.2493
1537000 399.895 -15060.4 -3.1136
1538000 400.894 -15074.7 13.8603
1539000 400.119 -15032.4 4.46877
1540000 402.053 -15018.8 -34.1891
1541000 400.179 -15009.2 32.4672
1542000 400.866 -15043 -2.19658
1543000 401.005 -15079 10.2698
1544000 396.863 -15120.6 16.0444
1545000 399.811 -15044.1 -24.7091
1546000 397.696 -15074.1 9.77027
1547000 398.993 -15092.2 -12.8214
1548000 399.73 -15027.5 -0.300956
1549000 401.01 -15088.8 10.5774
1550000 398.982 -15100.5 1.73629
1551000 399.597 -15082.7 -4.96993
1552000 401.481 -15046.9 4.51214
1553000 400.059 -15050.8 -12.3502
1554000 400.28 -15028 21.6958
1555000 401.587 -15059.7 -23.5327
1556000 399.279 -15059 30.5617
1557000 399.323 -15063.1 -38.8389
1558000 399.82 -15041.3 24.8376
1559000 401.716 -15038.2 -2.67755
1560000 401.563 -15025.1 4.01033
1561000 401.238 -14967.3 4.56054
1562000 401.348 -15030.8 6.69749
1563000 399.634 -15059.3 -10.9434
1564000 399.328 -15108.9 7.69551
1565000 400.348 -15038.5 -30.5755
1566000 401.506 -15008.4 38.5412
1567000 400.517 -15118.8 -12.413
1568000 399.379 -15115.7 16.5445
1569000 401.234 -15079.8 -22.6156
1570000 399.742 -15063.8 45.08
1571000 399.964 -15038.8 -47.2188
1572000 399.849 -15055.1 58.6322
1573000 401.746 -15034.2 -40.3575
1574000 401.006 -15033.6 16.0705
1575000 398.082 -15140.1 -19.6952
1576000 400.877 -15062.9 35.2367
1577000 400.631 -15142.7 -29.6855
1578000 399.692 -15106.1 20.1807
1579000 400.093 -15070.3 -32.5339
1580000 400.137 -15034.7 24.0936
1581000 399.09 -15025 -46.0886
1582000 402.291 -14996.2 18.2383
1583000 401.118 -15109.1 -1.0411
1584000 401.504 -15032 1.45411
1585000 401.707 -15025.7 41.5097
1586000 398.585 -15053.5 -35.4747
1587000 399.844 -15084.8 15.0677
1588000 398.162 -15109.3 11.2059
1589000 400.688 -15036.3 18.7949
1590000 400.595 -15104.5 -23.2925
1591000 398.402 -15113.9 45.1565
1592000 402.441 -15050.2 1.66745
1593000 398.542 -15034.6 -0.915769
1594000 400.953 -15049.4 -0.60148
1595000 400.748 -15133.2 -0.825243
1596000 400.176 -15090.5 37.5037
1597000 398.779 -15091.9 -29.4051
1598000 399.824 -15095.6 22.9317
1599000 399.12 -15076.4 0.902609
1600000 399.196 -15134.1 20.9755
1601000 400.712 -15062.1 -23.9152
1602000 399.635 -15068.1 33.9088
1603000 399.883 -15086.7 24.407
1604000 400.321 -15123.3 -0.0459232
1605000 399.6 -15109 3.68044
1606000 398.864 -15114.9 10.0228
1607000 400.484 -15032.9 5.21869
1608000 399.306 -15058.8 3.59909
1609000 400.994 -15047.3 -10.6108
1610000 399.764 -15087.8 -4.57909
1611000 399.861 -15144.7 -6.22693
1612000 398.931 -15090.1 -0.359264
1613000 402.833 -14988.4 -23.8911
1614000 400.811 -15144.9 1.04567
1615000 399.954 -15090.4 4.11529
1616000 397.57 -15120.1 21.7727
1617000 400.267 -15081.4 -13.6692
1618000 401.117 -15095.3 -22.7656
1619000 400.332 -15097.8 21.1518
1620000 400.379 -15079 2.72306
1621000 401.564 -15101.3 14.7995
1622000 400.564 -15086.2 10.6126
1623000 400.203 -15075.6 41.4928
1624000 400.488 -15106.8 -25.4973
1625000 400.559 -15117 23.1709
1626000 399.944 -15068.8 -37.487
1627000 400.357 -15020.2 25.4663
1628000 397.515 -15087.3 -22.2789
1629000 399.196 -15108.6 -8.73363
1630000 398.543 -15134.9 5.34791
1631000 398.873 -15112.1 5.42411
1632000 401.598 -15073 -12.9226
1633000 400.939 -15088.3 12.0386
1634000 401.85 -15064.5 -6.95893
1635000 400.243 -15038.8 26.7011
1636000 399.834 -15061.9 -25.6815
1637000 400.013 -15077.4 24.5831
1638000 401.362 -14981.7 2.05145
1639000 399.831 -15056.5 -12.2362
1640000 401.264 -15072.1 14.1133
1641000 400.07 -15057.4 13.666
1642000 399.624 -15065.4 -22.8179
1643000 400.043 -15087.3 29.5398
1644000 400.755 -15023.2 -21.638
1645000 399.026 -15049.1 12.1976
1646000 400.587 -15113.3 14.347
1647000 399.706 -15053.2 -33.8405
1648000 400.539 -15039.1 44.8038
1649000 400.956 -15053.6 -55.5968
1650000 401.464 -15012.8 38.1327
1651000 402.027 -15031.8 -52.2254
1652000 399.573 -15029 61.7165
1653000 398.779 -15094.1 -45.0767
1654000 401.395 -15001.9 29.2595
1655000 402.281 -15017.4 -14.36
1656000 401.417 -15024.1 13.1044
1657000 400.673 -15050.3 -2.13663
1658000 399.876 -15061.5 -9.28363
1659000 399.665 -15099.1 -9.60264
1660000 400.974 -15027.6 18.8984
1661000 399.897 -15031.9 -13.8635
1662000 398.371 -15067.4 8.94746
1663000 400.917 -15089.8 15.0526
1664000 398.768 -15082.6 -31.0697
1665000 399.094 -15088.1 49.2957
1666000 398.017 -15074.2 -13.1804
1667000 401.807 -15062.9 -10.4768
1668000 401.844 -15000.9 -18.9718
1669000 398.237 -15093.1 21.0253
1670000 399.209 -15073.2 -14.934
1671000 400.593 -15037.9 12.6442
1672000 399.183 -15041.2 10.6664
1673000 400.527 -15036.2 -30.272
1674000 401.241 -15099.4 -6.06718
1675000 401.523 -15047.2 -2.571
1676000 399.091 -15098.2 -11.0043
1677000 401.979 -15094.3 -19.3796
1678000 400.266 -15032.2 0.0635311
1679000 400.399 -14953.9 4.91327
1680000 397.68 -15060.8 -9.03387
1681000 399.949 -15015 -3.78349
1682000 400.157 -15024.7 17.1225
1683000 398.284 -15051.2 -10.9787
1684000 401.272 -15028.3 -0.389163
1685000 400.457 -15040.8 43.2703
1686000 401.36 -15062.1 -21.6876
1687000 401.351 -15008.7 19.8702
1688000 399.657 -15052.1 17.3171
1689000 399.15 -15021.1 -21.1377
1690000 400.649 -15034.3 -18.7066
1691000 399.925 -15061.9 35.9512
1692000 400.405 -15046.6 -15.9235
1693000 399.168 -15068 5.64615
1694000 399.61 -15063.5 -6.83609
1695000 401.281 -15037.9 17.5681
1696000 397.381 -15031.8 -5.49952
1697000 398.99 -15024.1 9.24551
1698000 400.935 -15006 -5.0537
1699000 398.738 -15078.2 -1.27048
1700000 401.104 -15037.4 1.76786
1701000 399.653 -15071.2 19.8635
1702000 400.315 -15095.7 -5.03396
1703000 399.86 -15028.9 11.0955
1704000 399.932 -15115 26.6353
1705000 399.081 -15051.9 -18.223
1706000 399.666 -14999.4 45.2582
1707000 401.335 -15028.2 -38.6987
1708000 401.131 -15032.7 34.1139
1709000 401.901 -14973.5 -35.4673
1710000 398.578 -15039.9 17.167
1711000 399.736 -15021.7 -21.9267
1712000 399.805 -15065.2 21.4126
1713000 399.604 -15055.9 1.17012
1714000 398.516 -15105.7 7.39858
1715000 398.526 -15004.2 1.69531
1716000 400.313 -15002.9 12.6554
1717000 399.051 -15070.5 22.6955
1718000 400.813 -15088.3 -26.1793
1719000 401.101 -15037 20.618
1720000 401.607 -15039.5 -19.8984
1721000 400.326 -15023.4 3.53578
1722000 399.498 -15013.4 17.1135
1723000 398.75 -14963.8 -9.33723
1724000 401.125 -15026.4 -24.1616
1725000 398.353 -15032.3 -0.0206457
1726000 399.569 -15024.6 -24.7033
1727000 399.667 -15047.8 18.3471
1728000 399.677 -15057.3 -11.4566
1729000 399.931 -15055.2 6.57151
1730000 399.914 -15058.9 -20.7881
1731000 399.62 -15039.8 36.2774
1732000 399.959 -14972.4 -4.96175
1733000 400.521 -15018 9.54354
1734000 397.322 -15135.7 -17.0083
1735000 399.574 -15118.6 8.10743
1736000 400.046 -15034.2 -12.2152
1737000 399.41 -15069.3 1.51056
1738000 400.326 -15039.7 4.99732
1739000 400.383 -15048.6 -3.1569
1740000 400.26 -15145.9 25.4954
1741000 401.875 -15032 1.55262
1742000 399.992 -15091.4 -13.5999
1743000 400.701 -15033.1 -5.95184
1744000 400.803 -15019.1 5.89023
1745000 399.836 -15066.4 0.36074
1746000 400.691 -15024.4 11.8328
1747000 400.027 -15073.2 -20.6103
1748000 399.093 -15110.1 27.6194
1749000 400.68 -15117.6 -24.6917
1750000 399.606 -15052 28.8886
1751000 401.614 -15012.2 -23.2742
1752000 398.117 -15116.5 4.25277
1753000 398.752 -15039.1 -19.1639
1754000 398.745 -15072.3 23.4196
1755000 402.855 -15013.3 -3.11518
1756000 398.417 -15036.8 -6.19972
1757000 398.078 -15133 13.7993
1758000 398.938 -15095.7 -3.10094
1759000 401.327 -15027.9 9.98002
1760000 398.54 -14978.7 4.71041
1761000 399.981 -14965.7 25.7033
1762000 401.013 -15065.8 13.0677
1763000 401.6 -15006 -31.5269
1764000 399.023 -15066.1 24.4531
1765000 399.512 -15042.4 4.68363
1766000 400.335 -15059.8 -17.3517
1767000 398.266 -15115.4 15.9563
1768000 401.376 -14970.4 -13.0525
1769000 400.781 -15016.8 6.0433
1770000 401.467 -15002.1 -26.5772
1771000 397.771 -15084.4 16.3211
1772000 402.495 -14935.4 13.9219
1773000 398.181 -15046.3 -33.9745
1774000 399.908 -15063.8 -16.4684
1775000 396.895 -15140.2 10.6952
1776000 402.254 -15007.7 -12.5393
1777000 401.451 -15003.7 14.0858
1778000 400.188 -15037.2 0.56832
1779000 400.809 -15092.9 11.1804
1780000 399.751 -15107.4 -8.23821
1781000 400.04 -15099.6 -8.46999
1782000 398.21 -15075 30.651
1783000 399.831 -15081.5 -33.0411
1784000 398.478 -15106.8 21.1422
1785000 400.416 -15021.3 -27.0684
1786000 398.881 -15052.4 0.105582
1787000 401.336 -15060.4 -16.3481
1788000 400.959 -15038.6 19.3234
1789000 400.796 -15071.7 13.385
1790000 401.16 -14983 -9.30226
1791000 401.204 -14984.7 8.99627
1792000 400.285 -15095.7 46.4442
1793000 402.655 -15053.8 -40.6127
1794000 400.945 -15072.6 18.5991
1795000 401.623 -15044 -7.46823
1796000 398.373 -15139.7 14.0986
1797000 400.299 -15031.3 -9.06705
1798000 401.362 -15034.6 -14.6375
1799000 401.354 -15047 37.778
1800000 401.651 -15042.8 -19.3646
1801000 400.592 -15030.4 9.88256
1802000 400.328 -15024.4 29.939
1803000 401.21 -15035.3 -14.0208
1804000 399.788 -15025 7.05413
1805000 400.47 -15051.5 12.6077
1806000 399.55 -15013.2 -19.085
1807000 398.42 -15000.7 6.17148
1808000 401.707 -15038.7 3.92571
1809000 401.039 -15013.7 -6.63925
1810000 400.419 -15048.9 28.4427
1811000 401.279 -15019.4 -16.9015
1812000 400.458 -15044.5 -14.6558
1813000 399.936 -15013.4 27.8049
1814000 401.625 -15043.2 -4.28209
1815000 402.018 -14996.8 33.8147
1816000 400.163 -15045.7 -51.2918
1817000 400.564 -15071.2 -4.1408
1818000 401.027 -15100.8 -12.2761
1819000 399.47 -15054.3 -21.4995
1820000 397.826 -15107.7 37.5377
1821000 398.837 -15030.7 -53.1982
1822000 400.24 -15010.8 30.051
1823000 399.058 -15029.4 -28.366
1824000 401.405 -15008.8 -5.8373
1825000 400.484 -15035.7 -10.8738
1826000 399.729 -15053.8 11.3238
1827000 400.316 -15111.9 12.6022
1828000 398.807 -15015.4 14.6532
1829000 399.703 -15097.3 -20.8273
1830000 400.292 -15047.6 -2.82658
1831000 400.294 -15002.4 17.8566
1832000 400.109 -15054 -22.9433
1833000 401.807 -15005.4 28.0763
1834000 399.21 -15080.2 -29.5702
1835000 401.273 -15046.2 10.826
1836000 397.226 -15049 10.7568
1837000 400.861 -15000.5 -43.1126
1838000 398.423 -15068.8 38.8701
1839000 398.571 -15110.9 -26.3559
1840000 398.97 -15027.7 3.34133
1841000 399.839 -15058.2 7.29434
1842000 400.074 -15013.6 -5.08337
1843000 397.253 -15010.2 18.7213
1844000 401.065 -15006.4 -1.52692
1845000 401.781 -14956.7 11.0427
1846000 400.401 -15013.3 -10.4441
1847000 400.727 -15025.5 15.5671
1848000 400.666 -15068.2 -28.8326
1849000 399.019 -15061.3 15.3146
1850000 400.189 -15026.8 -13.856
1851000 399.769 -15039.4 5.62159
1852000 398.748 -15092.8 -4.83801
1853000 399.381 -15038.1 11.4207
1854000 399.659 -15096.2 -21.8262
1855000 400.059 -15072 15.1426
1856000 399.633 -15109.6 -3.79314
1857000 397.359 -15097.1 -3.63335
1858000 400.028 -14986.4 2.4529
1859000 398.865 -15097.4 -4.0727
1860000 399.746 -15034.4 11.8794
1861000 400.69 -14993.6 -6.01665
1862000 399.587 -15096.9 15.9782
1863000 399.962 -15078.7 -24.1304
1864000 399.309 -15111.2 31.8423
1865000 398.064 -15166.5 -19.6556
1866000 401.184 -15014.2 7.56246
1867000 399.761 -15137.9 -2.66639
1868000 397.919 -15084.8 16.7914
1869000 399.42 -14998 0.957272
1870000 400.964 -15012.2 7.75908
1871000 400.347 -15045.9 16.1089
1872000 401.021 -15039.7 -19.5924
1873000 399.961 -15053.5 5.85071
1874000 401.799 -15029.3 -8.63337
1875000 399.577 -15049.9 3.43786
1876000 400.513 -15076.5 -21.4162
1877000 400.618 -15023.9 16.6793
1878000 398.53 -15079.2 18.7835
1879000 400.299 -15074.7 -8.29233
1880000 398.556 -15069.4 3.26599
1881000 398.534 -15059.3 -7.74539
1882000 401.085 -15040.4 23.1694
1883000 400.136 -15009.1 -29.3451
1884000 398.774 -15116.7 15.2899
1885000 401.707 -15037.5 -15.7108
1886000 399.274 -15090.2 -5.54157
1887000 398.75 -15028.5 60.5275
1888000 399.531 -15052 -10.1373
1889000 399.009 -15090.1 36.2196
1890000 398.357 -15053.9 1.11663
1891000 400.309 -15018 -4.70364
1892000 399.161 -15073.7 -11.5745
1893000 400.731 -15035.4 49.4167
1894000 400.947 -15054.8 -53.9815
1895000 401.571 -14987.9 47.9974
1896000 400.062 -15017.2 -33.9553
1897000 401.07 -15023.7 13.7999
1898000 402.164 -14915.6 -12.6294
1899000 400.88 -15058.5 10.3358
1900000 398.253 -15091.4 -21.0101
1901000 400.678 -15041.7 17.5215
1902000 398.207 -15073 -15.0912
1903000 400.449 -15014.3 6.81638
1904000 400.563 -15009.8 15.5067
1905000 399.685 -15004.7 14.5014
1906000 399.857 -15040 -14.5604
1907000 398.766 -15049.4 16.5627
1908000 397.814 -15106.5 8.03197
1909000 400.239 -15057.8 -19.3496
1910000 399.917 -15073.5 9.79425
1911000 401.561 -15103.9 0.424401
1912000 400.581 -15062.2 21.0832
1913000 400.326 -15068.8 -14.6105
1914000 399.875 -15095.2 -11.9372
1915000 399.856 -15054.4 1.15373
1916000 401.381 -15050.6 12.2292
1917000 400.34 -15097.7 14.5155
1918000 400.437 -15034.2 -1.36194
1919000 399.529 -15059.1 -0.31906
1920000 399.3 -15019.9 -6.39855
1921000 397.896 -15107 12.6315
1922000 398.235 -15135.3 -10.2532
1923000 401.736 -15120.3 34.7902
1924000 400.003 -15052.4 -2.28112
1925000 399.175 -15123.3 16.3091
1926000 397.349 -15171.9 -3.10203
1927000 401.109 -15125.6 12.163
1928000 401.025 -15110.8 -8.5104
1929000 401.894 -15059.6 -6.70788
1930000 398.66 -15063.4 -14.4934
1931000 399.374 -15129.3 15.3282
1932000 398.264 -15099 2.93395
1933000 402.052 -15064.7 2.78888
1934000 399.098 -15098.6 -13.8473
1935000 400.703 -15036.4 31.1562
1936000 400.14 -15103.9 1.08381
1937000 399.168 -15129.4 -11.2196
1938000 400.081 -15174.1 18.154
1939000 397.913 -15145.1 -27.3269
1940000 400.382 -15115.9 37.3733
1941000 401.5 -15098.4 -25.0909
1942000 400.567 -15094.8 21.3111
1943000 400.294 -15119 -1.8512
1944000 399.726 -15157.2 24.8219
1945000 401.154 -15074.6 -27.6218
1946000 399.665 -15105.9 24.7431
1947000 401.498 -15132.7 -1.00722
1948000 399.569 -15137.8 -4.47655
1949000 399.704 -15069.3 10.4668
1950000 400.328 -15096.7 -32.3243
1951000 399.763 -15144.3 15.7463
1952000 400.572 -15125.4 -1.84626
1953000 401.884 -15113 1.80086
1954000 398.417 -15158.8 -31.1751
1955000 400.675 -15074.3 30.6183
1956000 400.733 -15074.2 -32.5267
1957000 398.552 -15164.3 31.3151
1958000 398.596 -15133.5 -17.8268
1959000 399.062 -15114.6 13.6405
1960000 399.577 -15128.2 -5.14027
1961000 399.578 -15141.7 21.7218
1962000 399.367 -15152.6 -3.10507
1963000 400.107 -15184.4 5.55798
1964000 402.185 -15118 -2.0263
1965000 400.864 -15107.1 -24.7316
1966000 399.798 -15176.2 6.70679
1967000 399.106 -15114 -10.1558
1968000 399.06 -15144.4 7.33193
1969000 399.52 -15121.4 19.7243
1970000 401.39 -15138.8 3.31276
1971000 400.321 -15056 -17.4367
1972000 399.755 -15104 13.6125
1973000 401.493 -15112.3 -4.30996
1974000 400.702 -15050.8 6.33497
1975000 399.079 -15151.8 9.76286
1976000 398.513 -15169.6 -3.81051
1977000 401.841 -15055.6 -8.62231
1978000 400.977 -15109 10.7287
1979000 399.641 -15084.1 -6.17315
1980000 401.048 -15079.7 -4.91555
1981000 400.647 -15093.9 -37.2887
1982000 399.32 -15140.3 38.9696
1983000 400.057 -15102.8 -4.92934
1984000 401.709 -15143.5 13.8175
1985000 402.013 -15076.2 -4.89189
1986000 401.006 -15061.5 8.51894
1987000 399.795 -15103 1.55964
1988000 399.196 -15076.3 -9.79635
1989000 399.293 -15067.4 3.36827
1990000 399.292 -15155 5.34969
1991000 400.569 -15084.3 10.3845
1992000 400.179 -15100.5 -4.13087
1993000 398.419 -15176.7 9.43866
1994000 399.117 -15191.7 26.8747
1995000 401.456 -15078.3 9.9754
1996000 399.368 -15179.7 8.43492
1997000 398.665 -15169 -12.3288
1998000 400.107 -15140.7 -1.97624
1999000 400.619 -15096.3 7.22752
2000000 399.68 -15152.4 5.07141
