# Time-averaged data for fix 3
# TimeStep v_Temperature v_PotentialEnergy v_Pressure
2000 499.67 -12362.2 -1.77182
3000 500.987 -12266.7 0.651258
4000 500.245 -12346.1 5.7075
5000 499.446 -12296.5 4.48475
6000 504.184 -12225.5 -11.2269
7000 499.632 -12330.7 0.0850273
8000 498.999 -12290.8 -4.0887
9000 501.525 -12226.7 1.84814
10000 499.557 -12367.2 12.7177
11000 501.008 -12306.1 5.44281
12000 499.864 -12239.6 2.19958
13000 500.487 -12360.2 10.8107
14000 501.415 -12320.4 7.47748
15000 500.284 -12311.3 5.49898
16000 501.369 -12249.3 -4.13311
17000 501.176 -12312.5 -2.41633
18000 497.8 -12427.3 1.00868
19000 501.471 -12251.9 -12.2781
20000 498.906 -12406.9 -8.26619
21000 500.37 -12257 5.18823
22000 498.443 -12383.6 -1.36834
23000 499.83 -12291.8 8.62473
24000 499.182 -12343.7 -4.95006
25000 497.635 -12410 13.7339
26000 497.049 -12364.6 13.5227
27000 501.543 -12313.3 -14.4306
28000 501.813 -12341.7 20.2256
29000 499.897 -12250.8 -3.27387
30000 497.839 -12331.5 -9.07033
31000 502.594 -12180.3 17.5441
32000 502.645 -12275.3 -3.80023
33000 499.595 -12426.9 2.96589
34000 497.725 -12435.3 6.76712
35000 501.132 -12340.2 -12.2155
36000 501.819 -12301.1 8.42945
37000 500.804 -12323.7 -11.8843
38000 500.051 -12368.3 -5.02556
39000 498.649 -12393.1 7.1316
40000 499.999 -12313.3 -1.62698
41000 500.81 -12238.9 22.2477
42000 501.294 -12164.2 -10.2924
43000 500.659 -12274.3 -0.896752
44000 502.274 -12258.6 12.7169
45000 499.625 -12335 -19.4338
46000 500.936 -12277.9 -1.3503
47000 497.339 -12399.8 4.16729
48000 499.505 -12294.7 1.88537
49000 500.239 -12371.6 6.74859
50000 500.169 -12329.1 17.1324
51000 501.95 -12234.1 -3.83544
52000 498.131 -12342 -1.67423
53000 500.85 -12360.6 16.5862
54000 499 -12361.9 -2.20577
55000 498.966 -12374.8 2.89692
56000 500.334 -12325.1 0.057943
57000 499.481 -12392.6 -11.6412
58000 502.074 -12240.5 -11.0092
59000 500.291 -12293 11.1252
60000 496.966 -12339.4 9.3738
61000 501.895 -12335.1 -4.45659
62000 499.7 -12352.5 0.405457
63000 498.566 -12328.4 -9.28745
64000 498.979 -12338.5 6.18179
65000 502.926 -12258.7 1.32938
66000 498.89 -12375 -4.43507
67000 500.838 -12352 -3.4202
68000 497.136 -12468.3 9.20444
69000 500.32 -12351.5 4.0683
70000 502.969 -12399.6 2.59656
71000 500.888 -12394.5 -5.82387
72000 500.126 -12338.9 4.02327
73000 501.333 -12285 -5.40819
74000 500.042 -12385.1 6.01946
75000 498.588 -12332.5 7.5515
76000 501.506 -12268.9 -17.7445
77000 498.764 -12268.4 -2.09035
78000 501.596 -12243.8 -7.08355
79000 501.273 -12339.9 3.00494
80000 496.799 -12389.9 5.51699
81000 498.165 -12372.6 8.12518
82000 500.143 -12348.6 9.31471
83000 502.575 -12268.1 -1.94645
84000 497.296 -12297.9 7.55391
85000 501.069 -12258.8 35.3497
86000 501.313 -12230.9 -8.08716
87000 501.048 -12288.3 12.2026
88000 495.897 -12312.7 2.62117
89000 501.443 -12279.3 -9.21432
90000 501.005 -12416.9 14.3543
91000 497.776 -12354.9 16.7116
92000 499.085 -12411.4 -2.00815
93000 501.897 -12296.9 -5.69045
94000 501.238 -12407.3 0.862423
95000 504.733 -12254.3 -6.58725
96000 500.558 -12284 5.96988
97000 502.677 -12267 -13.5512
98000 498.985 -12353.9 10.6651
99000 503.081 -12231.4 2.48414
100000 499.026 -12309.9 -2.78824
101000 500.023 -12349.5 5.50622
102000 496.619 -12335.3 9.35645
103000 500.782 -12300.3 2.37078
104000 501.605 -12246.1 6.85926
105000 498.431 -12351.2 -4.66198
106000 499.356 -12247.3 -10.0344
107000 499.911 -12273.5 -2.42181
108000 499.312 -12338.7 -2.83139
109000 500.529 -12302.7 -3.99035
110000 497.039 -12301.4 4.39537
111000 500.188 -12343.8 18.5997
112000 499.899 -12336 -7.59784
113000 500.901 -12380.7 -6.05109
114000 499.214 -12298.3 11.0217
115000 499.774 -12249.9 -15.6194
116000 501.507 -12222.4 15.6299
117000 502.864 -12265 -16.268
118000 498.418 -12252.5 -4.61145
119000 503.256 -12261.5 -3.44125
120000 499.755 -12303.8 6.94089
121000 502.417 -12274.2 -4.6089
122000 498.829 -12197.3 9.21715
123000 499.574 -12287.6 8.14493
124000 502.566 -12159.6 -8.54773
125000 503.093 -12194 8.1607
126000 503.107 -12365.5 -12.3616
127000 497.939 -12330.5 18.7954
128000 498.046 -12283.6 -0.952086
129000 499.608 -12336.1 -0.456988
130000 502.039 -12254.3 31.0457
131000 500.484 -12304.1 -8.3756
132000 499.306 -12364.6 13.317
133000 502.332 -12289.4 -1.02533
134000 501.735 -12231.7 15.0302
135000 500.012 -12281.9 -7.4332
136000 499.878 -12391.6 18.0088
137000 499.836 -12341.7 -2.82165
138000 498.579 -12501.7 -9.93026
139000 497.825 -12329.1 7.2772
140000 504.6 -12206.8 2.85152
141000 496.696 -12305 0.0271319
142000 499.342 -12301 10.3927
143000 500.446 -12341.4 2.09859
144000 498.936 -12288.3 4.64038
145000 502.952 -12244.8 -3.56236
146000 501.854 -12259.4 -10.2457
147000 500.056 -12127.7 1.21612
148000 498.827 -12214.8 1.05879
149000 500.592 -12277.2 -8.63667
150000 501.204 -12142.4 0.955781
151000 500.811 -12385.9 -11.3052
152000 500.657 -12292.3 5.9003
153000 501.447 -12347.2 12.1289
154000 496.79 -12481.7 -2.22681
155000 501.492 -12350.7 4.52566
156000 499.438 -12333.2 -6.62061
157000 501.592 -12267.3 14.7241
158000 497.69 -12354 2.46585
159000 499.5 -12334.3 -0.965834
160000 496.268 -12420.7 -16.3003
161000 499.977 -12230.8 8.92662
162000 498.294 -12359.9 9.1772
163000 499.626 -12375.8 9.66897
164000 500.279 -12311.5 -11.854
165000 498.83 -12370.7 6.99929
166000 499.568 -12276.8 1.14096
167000 498.823 -12294.5 4.08669
168000 501.657 -12250.4 -9.34256
169000 498.164 -12405.9 -3.70866
170000 495.57 -12427.4 8.76149
171000 498.139 -12319.7 -0.703829
172000 499.732 -12355.4 -1.26617
173000 503.895 -12219.3 1.41645
174000 502.809 -12217.2 -17.1566
175000 499.491 -12315.9 20.7644
176000 503.254 -12430 -19.5161
177000 501.48 -12231.4 6.28529
178000 499.635 -12342 15.0032
179000 496.75 -12458.8 -18.1394
180000 498.165 -12404.7 13.0269
181000 500.699 -12334.5 13.7443
182000 499.165 -12228.2 -8.12459
183000 498.032 -12235.7 -4.52691
184000 500.946 -12293.7 5.72926
185000 501.4 -12338 5.34749
186000 500.644 -12353.4 -13.7674
187000 499.189 -12325.6 5.03062
188000 498.578 -12370.8 -2.69057
189000 501.225 -12270.3 10.173
190000 501.132 -12259.5 -1.83561
191000 499.995 -12339.3 11.0415
192000 502.538 -12387.6 3.76721
193000 501.286 -12349.9 -4.30471
194000 499.45 -12316 19.4303
195000 500.687 -12269 -1.13478
196000 499.785 -12269.8 2.31037
197000 497.364 -12312.6 13.5893
198000 497.523 -12320.6 7.97627
199000 498.756 -12381.7 -2.78249
200000 501.624 -12343.8 -24.3691
201000 499.626 -12316.6 4.95775
202000 502.526 -12222 -5.69218
203000 501.419 -12311.6 3.32496
204000 497.854 -12421.6 5.99841
205000 500.35 -12439 25.2664
206000 499.435 -12249 1.00275
207000 502.251 -12323.5 13.6027
208000 499.781 -12251.1 6.593
209000 498.742 -12335.8 -4.42377
210000 498.453 -12399.4 -6.0782
211000 501.486 -12310.4 -10.2328
212000 501.321 -12248.7 -1.83593
213000 501.65 -12222.5 -13.7514
214000 501.174 -12216.3 1.86125
215000 498.828 -12320.2 -3.19548
216000 501.55 -12255.5 -2.81118
217000 498.008 -12393.5 16.1442
218000 503.578 -12350.6 -8.54908
219000 499.875 -12418.9 2.23552
220000 499.441 -12402.3 -0.764071
221000 498.21 -12405 1.25141
222000 499.982 -12363 8.00143
223000 497.106 -12393.5 2.98944
224000 498.271 -12323.6 -8.34459
225000 503.594 -12353.4 4.85213
226000 500.951 -12331.5 -8.25441
227000 500.328 -12345.9 -7.29162
228000 499.902 -12401 4.68852
229000 496.529 -12379.7 11.6366
230000 502.525 -12312.8 -5.95865
231000 499.438 -12280.3 -0.381667
232000 500.652 -12295.3 -0.707719
233000 499.128 -12428.2 -2.57985
234000 500.513 -12308.2 -6.0847
235000 501.47 -12325.2 11.1334
236000 497.169 -12475.3 5.68263
237000 503.072 -12329.1 -11.9835
238000 497.047 -12490.4 6.60647
239000 500.188 -12397.5 8.61592
240000 501.076 -12320.3 -9.79207
241000 500.601 -12320.4 1.52146
242000 497.793 -12442.8 -18.2315
243000 495.955 -12443.9 -1.81795
244000 498.396 -12347.2 5.14807
245000 498.515 -12390 5.84784
246000 500.659 -12260.6 -6.69954
247000 501.039 -12238.5 -4.83053
248000 500.275 -12197.4 -3.11593
249000 502.611 -12214.8 -10.7275
250000 499.549 -12271.5 9.43943
251000 502.638 -12290.5 2.20503
252000 500.789 -12395.9 -1.42585
253000 497.93 -12291.6 19.0941
254000 498.081 -12298.2 -0.99142
255000 499.49 -12380.9 9.36987
256000 498.56 -12406.5 2.95269
257000 497.755 -12404.4 -9.38989
258000 499.515 -12426.9 21.7547
259000 501.026 -12407 -18.9394
260000 497.582 -12392.1 11.9865
261000 500.693 -12376.3 -5.64875
262000 500.15 -12285.6 13.5445
263000 497.507 -12361 -5.05945
264000 500.426 -12384 7.70226
265000 499.8 -12345.7 10.2781
266000 497.145 -12399.9 9.29914
267000 500.211 -12323.5 6.87975
268000 497.175 -12330.5 8.41228
269000 501.23 -12304.4 -3.64419
270000 496.266 -12395.9 -0.535578
271000 502.733 -12271.9 12.7547
272000 497.185 -12310.5 0.843045
273000 500.927 -12360.9 11.1348
274000 500.575 -12276.1 -13.3135
275000 502.153 -12249 12.1992
276000 499.445 -12354.3 4.11477
277000 499.04 -12299 16.4838
278000 500.105 -12283.5 -6.40856
279000 501.364 -12274.5 -11.0614
280000 501.086 -12261.2 11.7826
281000 498.281 -12302.7 -3.17162
282000 501.154 -12311.2 14.5787
283000 501.034 -12317.8 1.01231
284000 499.919 -12287.5 2.1255
285000 502.386 -12200.7 3.00564
286000 497.159 -12233.1 11.6632
287000 503.472 -12206.4 -20.5974
288000 502.666 -12277.7 4.57105
289000 500.023 -12347.3 1.19174
290000 499.746 -12289.5 -15.966
291000 499.244 -12319.8 12.0388
292000 504.735 -12261.7 -7.98297
293000 499.234 -12377.6 5.96572
294000 501.704 -12340 21.1317
295000 498.886 -12319.5 -0.909407
296000 498.052 -12363.7 -17.6257
297000 501.931 -12246.5 6.44393
298000 500.358 -12305.5 9.66108
299000 498.181 -12360.5 -2.71602
300000 499.399 -12321.5 5.22678
301000 500.183 -12242.6 -4.34996
302000 500.233 -12282.2 25.4871
303000 497.171 -12284.3 9.98205
304000 497.554 -12336.4 -4.60711
305000 500.466 -12339.5 -7.80913
306000 499.239 -12362.1 8.29356
307000 498.578 -12406.5 -0.386913
308000 496.815 -12400.2 -15.0188
309000 500.542 -12229.3 24.2102
310000 500.732 -12338.9 -19.0561
311000 501.13 -12285 0.688847
312000 502.831 -12244.8 10.7828
313000 499.653 -12221.9 0.642115
314000 500.378 -12301.5 23.3868
315000 498.736 -12467.1 5.47203
316000 500.246 -12335.7 -2.63584
317000 500.444 -12324.7 -3.08001
318000 494.675 -12496.4 2.64587
319000 498.667 -12275.7 9.87618
320000 499.392 -12367.3 -5.52331
321000 503.282 -12243.7 -7.04756
322000 498.321 -12336.3 -10.5104
323000 500.495 -12348.6 -15.2481
324000 500.312 -12290.5 -1.98758
325000 499.053 -12285.8 11.1671
326000 501.002 -12218.9 15.9967
327000 500.344 -12268.7 8.74692
328000 498.609 -12340.6 -7.75872
329000 498.812 -12285.3 8.31725
330000 500.221 -12196.7 -7.63755
331000 500.719 -12366.4 13.9597
332000 499.996 -12384.4 -5.30458
333000 500.487 -12413.9 1.04134
334000 502.179 -12304 -0.848241
335000 498.707 -12337.6 -7.944
336000 501.077 -12285.3 -0.642879
337000 498.888 -12287.5 5.70678
338000 499.553 -12278.5 -0.153536
339000 503.235 -12196.6 14.9485
340000 500.016 -12177.5 6.65122
341000 501.322 -12335.3 4.83372
342000 501.789 -12334.1 3.787
343000 502.226 -12174.2 5.49946
344000 499.678 -12410 -0.0109403
345000 497.973 -12475.9 0.134204
346000 497.307 -12338 6.80986
347000 498.941 -12368.4 -0.085463
348000 498.797 -12352.1 -7.5187
349000 499.43 -12322.6 -9.59601
350000 501.343 -12283.1 3.22011
351000 499.766 -12420.5 4.22315
352000 496.756 -12393.9 -21.5992
353000 497.999 -12436.8 -4.47599
354000 500.651 -12275.1 -28.869
355000 500.031 -12237.4 26.9063
356000 504.228 -12281 -10.5654
357000 499.811 -12285.7 -8.72327
358000 502.463 -12306.7 -8.30599
359000 500.68 -12363.6 4.45632
360000 498.75 -12364.1 -2.17034
361000 499.242 -12335.1 -6.50439
362000 497.136 -12273 17.9409
363000 503.344 -12181.4 -1.11326
364000 500.817 -12344.5 13.8569
365000 497.1 -12397.5 -32.2811
366000 497.217 -12574.2 4.88166
367000 498.87 -12436.8 4.42935
368000 501.375 -12305.6 -7.99801
369000 501.285 -12302.6 -6.35576
370000 498.066 -12289.4 -7.5218
371000 500.621 -12363 1.12039
372000 500.217 -12332.3 -3.02959
373000 498.34 -12327.9 -8.62526
374000 503.822 -12210.6 -4.38734
375000 499.447 -12308.3 17.529
376000 502.479 -12292.9 -10.2539
377000 501.659 -12293.9 7.88062
378000 501.399 -12383.5 -15.9969
379000 500.469 -12284.3 9.01866
380000 501.819 -12262.8 16.1579
381000 498.047 -12354.4 -6.30941
382000 501.254 -12215.5 20.4365
383000 499.691 -12318.6 5.84146
384000 500.564 -12245.4 20.9162
385000 498.228 -12364.9 8.50027
386000 499.303 -12378.9 -0.857139
387000 499.72 -12330.1 -17.207
388000 502.093 -12304.2 1.34678
389000 500.817 -12251.8 -1.08595
390000 498.356 -12323.1 -5.1621
391000 500.053 -12365.5 1.77776
392000 500.555 -12381.6 2.33279
393000 501.747 -12316.6 -12.2497
394000 499.995 -12278.5 1.77718
395000 500.209 -12235.9 -9.22573
396000 501.113 -12290.2 11.081
397000 498.983 -12383.5 4.26635
398000 500.191 -12324.5 11.1387
399000 501.021 -12274.1 8.34975
400000 502.493 -12265.5 -11.5534
401000 501.864 -12329.4 2.34001
402000 500.996 -12256.3 11.847
403000 499.559 -12344.9 7.29137
404000 502.13 -12301.4 10.3922
405000 501.591 -12381.1 -0.599069
406000 502.712 -12362 2.49126
407000 501.214 -12358.2 -2.37379
408000 499.575 -12440.8 17.5373
409000 497.48 -12437.5 -0.434942
410000 499.272 -12310.9 1.96024
411000 500.73 -12305.9 -4.9305
412000 499.875 -12355.4 -2.85995
413000 501.053 -12313.2 -1.12643
414000 497.961 -12369 -1.68411
415000 501.594 -12259.2 13.391
416000 500.59 -12312 15.3052
417000 500.731 -12319.9 -0.114613
418000 498.97 -12338 -12.4788
419000 501.482 -12240.5 -13.0634
420000 500.644 -12331.6 6.25958
421000 498.096 -12358.5 1.59709
422000 498.804 -12429.1 -1.9429
423000 501.437 -12363.4 -2.25847
424000 500.844 -12287.6 -7.9523
425000 498.017 -12283.5 18.4585
426000 500.382 -12271.8 0.758483
427000 500.244 -12343.2 2.81481
428000 500.71 -12315.7 -19.9422
429000 499.072 -12311.5 12.7448
430000 499.313 -12337.6 3.34866
431000 498.799 -12363.9 6.59285
432000 497.582 -12387.6 16.7114
433000 500.271 -12435.8 -16.97
434000 499.629 -12327.6 3.57918
435000 499.739 -12301.6 8.52053
436000 500.051 -12304.2 -5.09609
437000 499.262 -12280.6 6.79241
438000 499.074 -12325.4 -4.12333
439000 499.325 -12414.9 23.0685
440000 496.148 -12470.8 -15.1461
441000 500.382 -12372.5 -8.2022
442000 499.592 -12403.1 -2.20836
443000 505.678 -12301.7 16.74
444000 501.025 -12366.7 -16.3093
445000 499.129 -12382.8 9.18523
446000 499.382 -12321.4 1.24489
447000 500.055 -12315.3 -8.0119
448000 498.101 -12465.9 -10.0727
449000 500.253 -12348.3 1.39738
450000 499.996 -12313.3 -5.86839
451000 497.737 -12475.7 2.85948
452000 500.319 -12360.9 -0.346615
453000 498.474 -12436.8 22.717
454000 498.428 -12383.8 -4.56403
455000 501.68 -12298.8 1.07316
456000 503.477 -12270.5 -6.73326
457000 500.857 -12292.7 11.9799
458000 502.245 -12310.9 5.8729
459000 495.711 -12429.5 -10.391
460000 500.823 -12330.4 -9.75901
461000 500.533 -12356.1 -0.322664
462000 500.509 -12326.5 -14.0816
463000 500.713 -12298.1 7.43124
464000 498.986 -12218.2 5.01993
465000 501.562 -12216.6 12.4752
466000 499.212 -12319.8 -5.3878
467000 501.627 -12381.4 -1.92159
468000 501.053 -12307.9 1.37806
469000 503.536 -12284.7 -14.2979
470000 499.544 -12278.5 -2.74533
471000 497.723 -12324.7 2.49216
472000 499.744 -12380.3 -7.64631
473000 499.017 -12415 7.65855
474000 500.878 -12311 14.455
475000 500.457 -12289.1 -4.17864
476000 499.219 -12327.2 -2.02507
477000 497.649 -12321 -4.70256
478000 502.696 -12290.3 1.60962
479000 496.417 -12306.1 -0.241777
480000 499.919 -12264.4 5.47053
481000 501.263 -12370.4 9.46661
482000 500.215 -12310.5 -2.05811
483000 499.211 -12297.8 5.14189
484000 500.848 -12215.5 -3.85868
485000 501.361 -12272.8 -6.14065
486000 499.27 -12307.2 6.41914
487000 501.586 -12298.9 4.72772
488000 497.065 -12387.8 -7.79838
489000 499.069 -12388.8 -0.374434
490000 498.824 -12377.6 -8.11829
491000 499.006 -12273.1 -9.9262
492000 500.631 -12378.2 -2.13597
493000 500.111 -12335.2 -2.33807
494000 501.299 -12372.6 -10.0326
495000 501.258 -12316.1 -5.90197
496000 500.855 -12222.1 2.11581
497000 497.737 -12247.3 8.25404
498000 500.933 -12252.1 10.0667
499000 500.211 -12433 -7.51015
500000 500.625 -12341 20.3228
501000 501.598 -12373.3 -5.64952
502000 499.726 -12320.3 -4.93165
503000 499.104 -12287.4 3.21392
504000 501.183 -12351.3 -20.1163
505000 501.704 -12304.4 -0.597426
506000 500.718 -12356.9 2.55099
507000 498.659 -12429.8 -1.56012
508000 500.931 -12288.8 5.56489
509000 497.783 -12356.5 -4.29794
510000 497.342 -12296.9 2.48088
511000 501.228 -12214.5 -8.67373
512000 500.741 -12271.5 -2.38204
513000 500.504 -12279.8 2.00621
514000 498.5 -12347.6 12.077
515000 497.466 -12452.6 2.48497
516000 503.027 -12302.9 -3.97325
517000 501.29 -12262.1 1.37582
518000 501.185 -12331 -1.46209
519000 499.895 -12388.5 0.237396
520000 499.921 -12278.1 7.78865
521000 503.184 -12166.5 -4.07016
522000 500.669 -12331 8.59634
523000 500.522 -12417.1 -3.37778
524000 503.242 -12357.3 13.7536
525000 501.027 -12305.9 -11.5951
526000 499.828 -12317.3 1.25481
527000 499.259 -12304.4 13.9371
528000 499.97 -12295.2 6.4589
529000 498.385 -12387.4 2.26606
530000 500.882 -12322 -4.28957
531000 500.744 -12221.6 1.64969
532000 501.337 -12297.2 -13.2966
533000 496.488 -12448.9 21.2413
534000 501.149 -12239.2 2.55526
535000 500.98 -12235.1 -11.1145
536000 503.777 -12248.9 1.64696
537000 499.958 -12337.4 17.9605
538000 499.029 -12369.4 -11.4435
539000 498.458 -12375.1 11.9232
540000 500.659 -12362.6 -3.87744
541000 502.363 -12242.3 -13.0805
542000 496.304 -12455.8 -5.51275
543000 500.731 -12307.1 11.7195
544000 501.19 -12323 17.1097
545000 499.176 -12394.9 -19.0391
546000 499.257 -12356.4 4.94606
547000 498.58 -12336.8 9.1596
548000 500.729 -12285.9 -9.6157
549000 499.88 -12237.5 -3.8207
550000 501.967 -12239.9 -9.54805
551000 501.943 -12230.7 29.389
552000 499.306 -12349.3 -24.0889
553000 502.407 -12127.8 1.21029
554000 501.524 -12355.5 -6.44631
555000 500.41 -12349.7 22.431
556000 501.934 -12354 8.10434
557000 501.624 -12350.6 2.30679
558000 504.55 -12358.9 8.01935
559000 499.704 -12307.5 -1.79091
560000 501.455 -12338.3 2.43818
561000 497.739 -12413.7 -18.7227
562000 500.993 -12276.1 14.9211
563000 501.524 -12286.7 -6.22704
564000 498.22 -12367.6 -7.47934
565000 501.183 -12189.1 -1.11892
566000 500.615 -12389.3 -6.4285
567000 499.936 -12256.6 -14.2705
568000 500.333 -12352.5 -0.786129
569000 502.7 -12336.5 -2.77212
570000 503.041 -12379.5 14.6773
571000 499.2 -12321.8 12.396
572000 497.07 -12410.5 1.86274
573000 500.024 -12420.9 6.92248
574000 500.461 -12394.7 3.33907
575000 501.444 -12282.9 -0.830385
576000 501.574 -12265.1 4.06762
577000 501.57 -12259.5 14.6292
578000 502.177 -12317.6 -12.4559
579000 498.907 -12306.6 -4.26291
580000 498.506 -12329.3 -3.85723
581000 500.293 -12252 -1.92814
582000 503.749 -12319 12.6911
583000 498.765 -12343.9 -11.2641
584000 499.085 -12395.8 -3.84822
585000 500.642 -12368.8 7.61243
586000 499.296 -12384.1 -13.2702
587000 503.086 -12159.1 4.36891
588000 499.658 -12241.4 -21.1062
589000 495.824 -12377 -0.204664
590000 502.107 -12261.1 1.30022
591000 497.606 -12494 -4.01239
592000 502.387 -12378.7 -2.77049
593000 499.393 -12370.8 15.4987
594000 499.062 -12363.6 11.3331
595000 500.069 -12348.3 -3.39868
596000 498.541 -12350.8 11.8522
597000 501.621 -12300.7 21.8454
598000 499.174 -12333 -3.32268
599000 500.159 -12373.5 -11.8822
600000 503.426 -12305.2 9.74995
601000 500.848 -12159.3 0.107406
602000 501.017 -12294.8 6.9142
603000 501.556 -12309.6 -6.96723
604000 501.998 -12373.8 0.0475141
605000 500.688 -12315.3 6.44635
606000 499.408 -12355.3 4.40031
607000 502.036 -12364.7 -0.871935
608000 501.866 -12247.6 7.21552
609000 497.534 -12331.5 5.0952
610000 502.056 -12335.7 -9.82005
611000 496.852 -12392.6 -11.2312
612000 498.064 -12290.8 -10.47
613000 497.521 -12451.4 -3.3011
614000 498.423 -12293.3 8.87091
615000 502.201 -12248.7 1.61496
616000 499.982 -12241.4 -14.8556
617000 498.777 -12253.3 12.6943
618000 501.945 -12330.9 8.24261
619000 502.299 -12298 4.5858
620000 499.827 -12312.2 4.28448
621000 500.273 -12282.1 -2.29353
622000 499.469 -12333.7 -9.09672
623000 498.374 -12345.5 9.35088
624000 501.896 -12373.3 12.0528
625000 498.987 -12404.7 -1.56993
626000 501.229 -12252.1 -3.04766
627000 500.646 -12287.5 4.25614
628000 499.902 -12303.2 -3.4279
629000 500.255 -12350.6 15.9781
630000 498.901 -12332.6 -18.35
631000 501.817 -12251.7 11.6086
632000 502.722 -12269 -6.33772
633000 498.214 -12354.1 15.9174
634000 501.991 -12237.3 7.79907
635000 500.11 -12279.8 -25.9403
636000 503.014 -12262.7 3.6179
637000 501.396 -12289.4 0.126256
638000 500.789 -12364.4 0.570683
639000 499.94 -12209.8 3.09814
640000 498.824 -12288.2 2.50004
641000 500.302 -12329.2 -14.0681
642000 502.907 -12148.8 -5.05965
643000 499.497 -12194.5 13.1117
644000 499.937 -12258.7 13.5381
645000 498.983 -12368.7 0.975788
646000 497.72 -12352.1 0.895623
647000 497.508 -12434.6 -18.5399
648000 499.04 -12384.2 10.6023
649000 501.305 -12292 -2.84342
650000 500.534 -12273.4 0.607593
651000 503.328 -12274.5 12.643
652000 498.628 -12411.1 3.18511
653000 499.382 -12437.7 -9.06649
654000 499.352 -12287.3 19.9603
655000 500.937 -12353.9 -4.30998
656000 499.196 -12245.2 -0.75263
657000 501.212 -12284.4 4.60397
658000 501.715 -12294 11.1896
659000 497.796 -12350.2 -8.25861
660000 498.081 -12264.9 -1.98209
661000 500.252 -12377.8 -3.85712
662000 499.083 -12361.7 10.4591
663000 498.341 -12249.9 -19.4692
664000 502.573 -12224.2 16.5678
665000 500.132 -12204 13.737
666000 500.528 -12318.7 3.1864
667000 499.461 -12343.5 -4.79394
668000 502.677 -12246.5 -1.2401
669000 498.572 -12334.8 1.24802
670000 498.673 -12356.7 13.416
671000 499.417 -12328.4 -11.4676
672000 500.372 -12319.6 2.23281
673000 500.009 -12287.2 3.16557
674000 498.861 -12312.4 -12.9202
675000 502.09 -12320.4 0.638902
676000 500.488 -12360.4 -0.891075
677000 499.179 -12385.2 -2.91214
678000 497.185 -12417.7 -1.88896
679000 499.262 -12385.6 7.14504
680000 498.078 -12321.5 1.60232
681000 505.661 -12303.3 -0.638246
682000 497.662 -12332.5 12.9734
683000 499.875 -12307.5 10.5411
684000 498.944 -12393.9 -4.87845
685000 498.884 -12401.1 -2.27724
686000 499.762 -12336.3 -8.31195
687000 500.915 -12322.2 -3.33195
688000 500.815 -12353.9 -5.60449
689000 499.211 -12339.7 14.6597
690000 498.198 -12433.2 -20.7314
691000 499.477 -12350 6.47184
692000 498.154 -12450.1 -0.851783
693000 499.776 -12253.6 -10.16
694000 501.531 -12215.3 5.55923
695000 501.192 -12318.9 0.721893
696000 501.958 -12358.3 6.25359
697000 498.448 -12392.1 18.6951
698000 500.191 -12397.2 0.191203
699000 498.721 -12346.8 -0.732155
700000 497.019 -12370.6 10.1557
701000 501.379 -12337 4.22832
702000 500.344 -12350.9 -4.99319
703000 496.984 -12381.7 -5.3692
704000 500.205 -12329.1 -4.52516
705000 499.055 -12268 26.3983
706000 500.435 -12239.8 -14.3256
707000 498.859 -12339.3 2.73938
708000 500.094 -12343.8 -12.4807
709000 501.976 -12226.3 9.5108
710000 498.997 -12429.5 2.89036
711000 499.863 -12474 -4.71119
712000 497.458 -12411.9 7.96655
713000 498.934 -12242.9 -9.33737
714000 500.132 -12225.4 9.18401
715000 498.91 -12396.7 -1.69735
716000 496.369 -12283.1 14.8276
717000 501.091 -12359.4 -20.706
718000 498.999 -12398.4 4.91887
719000 501.255 -12373.1 2.38569
720000 497.477 -12426.1 -16.0778
721000 500.561 -12418.5 21.5797
722000 500.878 -12315.5 -7.60357
723000 499.452 -12350.1 3.88507
724000 501.673 -12285.1 8.51781
725000 500.403 -12283.7 -9.34499
726000 498.338 -12422.7 20.4601
727000 501.305 -12245.4 -1.55641
728000 497.897 -12408.8 12.0855
729000 504.399 -12196.6 11.0144
730000 500.616 -12250 -1.64569
731000 499.196 -12341.4 0.493413
732000 500.635 -12320.6 12.6016
733000 498.904 -12271.8 0.645713
734000 498.305 -12370.2 31.718
735000 501.622 -12291.9 -5.45275
736000 499.094 -12377 18.9601
737000 498.145 -12352.1 -0.000901942
738000 499.343 -12348 16.8248
739000 498.981 -12387 -1.85747
740000 501.043 -12334.9 -4.11608
741000 500.303 -12375.4 -10.1067
742000 499.3 -12375.7 11.5922
743000 503.282 -12330.3 -4.57601
744000 500.842 -12308 6.19311
745000 500.73 -12322.8 -8.19052
746000 498.369 -12359 21.8783
747000 499.288 -12419.9 -3.03017
748000 501.539 -12247 12.4693
749000 498.904 -12291.9 -6.77407
750000 498.452 -12352.5 13.6642
751000 498.617 -12500.2 19.7312
752000 500.237 -12220.3 -15.6542
753000 499.803 -12305.8 10.8132
754000 502.663 -12327.2 -2.96068
755000 498.619 -12290.2 -18.7266
756000 501.258 -12345 7.55601
757000 496.426 -12456.4 7.40736
758000 500.794 -12275.6 5.39524
759000 501.561 -12199.1 1.2061
760000 500.443 -12249.8 -5.05883
761000 498.95 -12403.3 2.56564
762000 499.073 -12324.2 -7.09842
763000 500.425 -12393.9 2.65511
764000 500.293 -12407.5 -0.304261
765000 499.543 -12265.2 10.3959
766000 502.237 -12192.8 15.6115
767000 498.35 -12273.3 7.42823
768000 502.004 -12259 -5.56462
769000 497.466 -12326.8 -23.2747
770000 496.417 -12494.2 20.0257
771000 500.687 -12376.2 -12.9249
772000 501.154 -12345.9 10.5927
773000 498.392 -12497.6 -5.17007
774000 499.247 -12372.2 -13.141
775000 500.938 -12265.1 9.54528
776000 499.191 -12381.3 3.92011
777000 503.936 -12317.2 -5.35163
778000 498.581 -12358.9 17.141
779000 500.859 -12317 -1.46498
780000 501.341 -12243.3 -3.27325
781000 501.04 -12319.2 17.8978
782000 498.937 -12341.4 -20.7509
783000 497.997 -12247 1.91166
784000 499.91 -12272.2 -8.34804
785000 498.259 -12342.2 2.32738
786000 501.921 -12308.8 11.9258
787000 500.604 -12305.2 20.3408
788000 497.343 -12373.3 -20.606
789000 502.015 -12287.8 -2.25789
790000 501.252 -12373.2 -2.8387
791000 498.608 -12403.6 10.0095
792000 499.542 -12244.3 -17.7329
793000 499.244 -12328.9 8.80841
794000 499.162 -12419 -1.42339
795000 498.577 -12360.5 4.23541
796000 497.912 -12314.8 9.24362
797000 498.025 -12461.4 -11.7811
798000 502.167 -12325.8 3.23893
799000 499.424 -12287 -22.1553
800000 501.763 -12263.6 5.16006
801000 500.484 -12358.1 7.00334
802000 496.215 -12444.8 -13.728
803000 498.554 -12350.3 2.43943
804000 500.187 -12326.8 -8.62803
805000 501.804 -12297.2 2.61199
806000 496.9 -12380.4 17.8512
807000 499.706 -12285.9 -19.698
808000 499.765 -12297.2 15.8598
809000 504.111 -12266 -11.8124
810000 501.727 -12314.7 5.06496
811000 498.56 -12279.7 -1.99414
812000 501.142 -12218.8 -1.41106
813000 498.334 -12264.5 -8.11931
814000 500.938 -12279.5 11.3803
815000 500.206 -12291.8 -16.7658
816000 498.683 -12277.9 15.9685
817000 501.856 -12236.5 -3.34934
818000 499.755 -12383.9 -10.4697
819000 496.516 -12369.8 9.05923
820000 497.616 -12408.5 6.57188
821000 500.349 -12364.3 5.5731
822000 502.702 -12326.8 -7.00057
823000 501.271 -12349.6 10.856
824000 503.174 -12308.4 -7.37919
825000 500.867 -12396.9 -7.47631
826000 500.653 -12374.7 26.68
827000 502.736 -12245.7 -14.2431
828000 501.975 -12293.4 16.2531
829000 498.315 -12295 11.1377
830000 499.124 -12334.7 -1.18121
831000 502.685 -12356.8 -6.79915
832000 501.393 -12376.4 -19.9804
833000 499.207 -12363.9 15.1633
834000 500.322 -12382.7 -5.43685
835000 498.685 -12336.2 -17.1854
836000 500.334 -12194.4 -0.112154
837000 501.568 -12175.9 6.58147
838000 497.53 -12337.4 -12.343
839000 499.544 -12402.7 6.35219
840000 500.779 -12258 1.61496
841000 500.063 -12293.4 1.45528
842000 498.691 -12409.2 3.59359
843000 499.804 -12321.5 -16.3161
844000 499.923 -12333 9.82519
845000 498.461 -12263.8 9.68889
846000 501.877 -12267.8 9.12256
847000 501.45 -12263.8 -18.6725
848000 501.377 -12226.2 -7.53831
849000 499.044 -12267.4 -4.52185
850000 501.089 -12325 16.3389
851000 499.431 -12308.9 1.91774
852000 499.985 -12298.3 -0.192999
853000 498.542 -12360.5 -11.0649
854000 500.188 -12295.3 -4.00845
855000 501.414 -12155.6 -6.09645
856000 497.702 -12395.7 3.86171
857000 505.11 -12231 -0.588621
858000 498.684 -12302.3 4.59445
859000 501.328 -12288.9 4.36049
860000 501.023 -12341.2 -10.2965
861000 502.087 -12293.8 1.6438
862000 497.197 -12383 -10.3416
863000 496.934 -12412.4 6.04776
864000 500.833 -12389.8 15.5264
865000 501.368 -12337.2 -14.2577
866000 499.037 -12308.9 8.75696
867000 500.057 -12279.7 -2.56956
868000 501.716 -12348.7 -19.3449
869000 496.572 -12390.5 8.70664
870000 497.629 -12291.7 -12.165
871000 498.275 -12269.1 15.8432
872000 500.207 -12352.2 -19.5665
873000 497.298 -12303.6 14.9179
874000 501.316 -12298 8.45452
875000 504.067 -12350.2 -1.5443
876000 497.5 -12442.8 4.25522
877000 501.396 -12298.7 -15.7048
878000 499.288 -12209.8 4.38299
879000 503.998 -12212.9 7.68164
880000 501.851 -12328.1 -7.82275
881000 502.558 -12330.3 2.24402
882000 501.512 -12272.4 -7.30529
883000 498.385 -12267.3 2.55118
884000 501.935 -12260.8 18.6239
885000 499.419 -12429.7 2.79141
886000 500.418 -12360 -7.54735
887000 496.871 -12460.9 3.03663
888000 501.335 -12349.4 -20.1236
889000 500.416 -12279.6 10.0283
890000 497.81 -12326.1 11.1289
891000 501.002 -12279.1 -4.23155
892000 499.143 -12408.3 0.0447938
893000 496.642 -12487.3 -1.2454
894000 500.178 -12405.8 -22.0799
895000 502.829 -12277.8 -0.88094
896000 495.794 -12376.2 4.45374
897000 500.369 -12242.5 13.0545
898000 504.502 -12181 -23.1323
899000 499.138 -12375.9 4.26691
900000 499.995 -12246 4.6724
901000 501.473 -12087.7 -15.4293
902000 498.833 -12323.2 6.39964
903000 499.98 -12363.1 9.45857
904000 499.754 -12327.5 -5.98099
905000 496.872 -12385.8 11.8124
906000 500.947 -12283.8 -1.54975
907000 500.702 -12251.9 -10.922
908000 497.094 -12362.7 6.43901
909000 498.619 -12311.5 -2.62995
910000 501.248 -12281.8 -9.48126
911000 501.099 -12350.5 8.96373
912000 498.844 -12453.5 -1.04941
913000 501.98 -12331.1 -1.50679
914000 498.994 -12303.9 16.7563
915000 499.488 -12282.7 2.34028
916000 500.461 -12316.3 -0.475819
917000 501.509 -12360.3 4.36252
918000 503.233 -12275.6 0.628207
919000 500.361 -12318.5 -15.0455
920000 500.454 -12371.3 -11.176
921000 497.515 -12403.4 -5.02478
922000 501.749 -12266.7 -2.13431
923000 498.756 -12342.8 5.10133
924000 498.673 -12303.2 -7.9402
925000 499.841 -12373.4 -0.321709
926000 500.422 -12338 1.24613
927000 501.197 -12480.1 -9.21439
928000 502.19 -12315.1 8.64429
929000 498.397 -12359.1 -4.03697
930000 497.685 -12359.5 -0.974448
931000 500.4 -12320.1 -12.0732
932000 497.609 -12497.8 -2.78835
933000 501.624 -12314 7.15125
934000 498.507 -12300.2 4.74612
935000 500.431 -12224.9 -4.77948
936000 499.675 -12269.1 -2.6659
937000 500.841 -12214.9 -5.27404
938000 497.296 -12238.1 10.261
939000 500.866 -12272.5 -6.81636
940000 501.321 -12347.7 2.01156
941000 497.158 -12388.6 -11.7404
942000 499.42 -12347.6 -0.527019
943000 502.07 -12242.4 -0.28078
944000 501.892 -12280.1 -3.24988
945000 501.272 -12334 11.103
946000 500.337 -12233.7 0.154809
947000 500.307 -12336.2 -1.16383
948000 498.906 -12379.2 22.6773
949000 498.447 -12440.2 -9.14001
950000 496.915 -12395.7 7.11502
951000 502.436 -12249 -9.10003
952000 498.971 -12208.9 17.5369
953000 501.976 -12260.5 -7.80868
954000 499.547 -12364.3 4.47366
955000 499.776 -12224.8 7.40714
956000 501.606 -12311.9 5.86101
957000 501.227 -12302 -11.3291
958000 497.704 -12431.1 -12.5209
959000 500.149 -12314 -9.67142
960000 499.952 -12378.3 -9.92451
961000 501.738 -12246.7 3.31326
962000 500.253 -12334.4 -6.25057
963000 500.027 -12366.6 17.2475
964000 501.812 -12385 2.85065
965000 497.096 -12325 25.5525
966000 499.876 -12272 -12.6121
967000 497.458 -12331.1 -0.35619
968000 497.974 -12361.4 7.95664
969000 496.555 -12366.6 11.3605
970000 500.285 -12235.4 -1.5835
971000 500.743 -12287.6 8.1739
972000 499.578 -12374.2 -4.88842
973000 499.908 -12374.4 11.3291
974000 499.557 -12271.4 -9.29364
975000 501.858 -12326.5 -1.1491
976000 500.658 -12305.2 -6.93484
977000 498.577 -12291.8 -15.3309
978000 500.753 -12273.2 19.6697
979000 500.692 -12289.4 -23.4204
980000 500.149 -12389.9 16.535
981000 501.575 -12237.3 -5.93273
982000 499.772 -12194.7 -2.67755
983000 498.957 -12308.4 6.39719
984000 498.103 -12438.3 -6.71843
985000 501.948 -12365 7.19367
986000 498.844 -12322.6 4.2342
987000 502.098 -12436.8 -10.7318
988000 497.444 -12199.3 15.3646
989000 500.769 -12208.8 3.61929
990000 500.941 -12371 -20.0121
991000 497.558 -12416.2 11.291
992000 498.863 -12286.2 5.11385
993000 498.923 -12289.6 -4.36989
994000 497.834 -12370.4 0.555534
995000 503.566 -12147.3 -10.6048
996000 499.934 -12364.1 -9.09482
997000 499.613 -12322.3 10.2366
998000 499.833 -12333.9 2.95534
999000 500.279 -12250.7 -7.60064
1000000 500.573 -12379 -3.40861
1001000 502.334 -12260 -8.41306
1002000 501.335 -12228.4 20.2483
1003000 497.779 -12408 1.74189
1004000 501.672 -12381.1 -6.66893
1005000 500.67 -12301.2 7.20414
1006000 501.245 -12377.4 -14.4023
1007000 499.5 -12446.3 -10.4508
1008000 497.394 -12497.7 9.36296
1009000 499.094 -12358.8 -18.3687
1010000 503.377 -12187.9 19.8255
1011000 501.179 -12230.1 15.4038
1012000 499.554 -12336.7 -17.5386
1013000 499.221 -12266.7 12.3621
1014000 499.907 -12277.2 -7.89284
1015000 499.614 -12331.8 13.3181
1016000 500.546 -12276.8 2.10244
1017000 498.156 -12366.3 4.32832
1018000 501.767 -12282.2 -1.93691
1019000 498.826 -12386.4 13.5007
1020000 500.842 -12297.8 4.01463
1021000 498.185 -12358 10.3679
1022000 498.999 -12311.5 -23.2653
1023000 502.785 -12333.5 18.4423
1024000 498.479 -12441.3 5.69496
1025000 499.954 -12439.8 -5.52871
1026000 495.831 -12458 2.05233
1027000 502.629 -12306 11.8272
1028000 498.825 -12328.2 -2.15724
1029000 500.657 -12290.6 -2.18452
1030000 501.785 -12317.5 10.8109
1031000 502.446 -12347.1 -9.25321
1032000 500.295 -12381 16.1599
1033000 501.685 -12244.1 -9.40069
1034000 498.134 -12371.8 -2.32214
1035000 500.276 -12421.6 -7.6163
1036000 497.035 -12419.6 -1.81902
1037000 502.037 -12276.4 3.53366
1038000 503.665 -12212.1 1.78885
1039000 500.896 -12287.3 9.91032
1040000 500.533 -12241.2 -11.2571
1041000 500.089 -12278.4 3.93706
1042000 500.406 -12234.3 0.956951
1043000 497.926 -12380.8 11.1494
1044000 502.708 -12343.4 -3.67169
1045000 499.572 -12368.1 7.30108
1046000 499.819 -12387.4 2.4732
1047000 501.719 -12406.2 -2.16777
1048000 499.843 -12341.9 3.27542
1049000 500.721 -12275.2 4.7114
1050000 499.98 -12272.1 11.4859
1051000 501.682 -12384.5 5.11668
1052000 498.623 -12412.5 -21.6945
1053000 497.025 -12482.4 6.07755
1054000 498.003 -12357 -4.88274
1055000 500.395 -12358.4 6.10364
1056000 499.659 -12394.8 8.91176
1057000 499.849 -12300.7 -8.48281
1058000 499.165 -12386.5 -13.0584
1059000 500.497 -12248.6 0.133284
1060000 497.695 -12346.1 20.5493
1061000 498.001 -12436.2 -15.2655
1062000 499.829 -12339.2 18.1252
1063000 498.26 -12355.9 -10.3744
1064000 498.943 -12378.1 12.3859
1065000 496.921 -12352.3 9.43373
1066000 500.388 -12376.7 9.20319
1067000 500.636 -12324 3.75281
1068000 500.84 -12280.5 -12.531
1069000 498.95 -12324.2 21.3154
1070000 499.81 -12277.7 -6.23081
1071000 502.368 -12255.5 1.48503
1072000 499.999 -12340.4 3.42843
1073000 499.684 -12271.2 2.84234
1074000 501.585 -12355.6 -16.5444
1075000 501.395 -12271.4 4.83527
1076000 498.536 -12195.3 -0.744016
1077000 499.407 -12294.8 2.19133
1078000 500.283 -12316.2 8.63895
1079000 501.227 -12272.4 -8.07012
1080000 500.272 -12383 19.9824
1081000 501.643 -12329.4 -3.86178
1082000 501.081 -12264.5 3.08974
1083000 496.746 -12345.9 5.62898
1084000 499.413 -12394.8 -2.21483
1085000 502.998 -12302.6 -2.22171
1086000 501.71 -12275.9 -11.4911
1087000 501.941 -12290.5 5.04642
1088000 495.842 -12430.4 1.8689
1089000 501.629 -12279.1 -8.53063
1090000 502.507 -12254.5 0.235148
1091000 497.759 -12355.3 22.0898
1092000 500.494 -12379 2.8334
1093000 498.105 -12411 9.97291
1094000 496.696 -12442.1 20.254
1095000 498.862 -12388.1 -0.640223
1096000 502.523 -12307.1 -5.51556
1097000 500.783 -12324.6 6.36226
1098000 499.545 -12294.5 -4.15973
1099000 503.818 -12211.4 6.76733
1100000 497.897 -12364.4 -0.354188
1101000 501.704 -12266 -3.83726
1102000 499.018 -12388.2 6.07631
1103000 503.911 -12294.1 -2.09574
1104000 501.906 -12335.4 -16.2285
1105000 500.01 -12244 15.5647
1106000 500.4 -12340.5 13.7321
1107000 500.059 -12339.5 -7.75862
1108000 498.709 -12422.7 10.5056
1109000 499.818 -12394.2 3.0036
1110000 501.16 -12350.5 6.06566
1111000 498.568 -12409.2 -4.18987
1112000 498.712 -12335.3 -8.15234
1113000 498.294 -12290 5.55507
1114000 500.73 -12312.9 -0.466031
1115000 500.609 -12269.1 5.08904
1116000 498.852 -12273.8 -3.04409
1117000 498.223 -12427.4 1.99044
1118000 501.588 -12325.7 8.60138
1119000 499.859 -12289.9 -24.1288
1120000 498.465 -12273.8 8.01994
1121000 498.689 -12181.2 1.41166
1122000 500.512 -12267.6 -3.67943
1123000 497.388 -12391.1 3.39079
1124000 499.625 -12348.7 11.1518
1125000 498.928 -12427.1 -3.65722
1126000 497.476 -12463.8 2.94886
1127000 497.488 -12418 -6.41763
1128000 498.671 -12300.8 14.375
1129000 499.009 -12436.9 9.41047
1130000 498.164 -12345.9 -1.70696
1131000 498.417 -12313.7 15.9229
1132000 500.631 -12327.3 -6.76205
1133000 501.503 -12284.6 -0.14208
1134000 501.854 -12287.2 15.8403
1135000 501.498 -12299.2 0.216265
1136000 503.36 -12240.6 -1.56528
1137000 500.434 -12336.3 -6.05092
1138000 503.557 -12297.8 10.5615
1139000 500.518 -12260.2 1.21877
1140000 499.474 -12333.5 22.2972
1141000 499.892 -12237.4 -6.00059
1142000 501.791 -12284 -2.50549
1143000 501.813 -12333.8 -4.42926
1144000 498.09 -12277.9 3.84842
1145000 501.834 -12226.4 -6.2157
1146000 500.971 -12374 13.756
1147000 502.158 -12360.3 0.348967
1148000 501.384 -12410.6 1.99337
1149000 499.087 -12305.2 11.3423
1150000 500.408 -12377.1 -17.4974
1151000 497.342 -12437.8 2.63829
1152000 501.407 -12262.7 -0.155104
1153000 501.471 -12230.3 -5.04657
1154000 499.593 -12355.9 16.6167
1155000 500.381 -12376.9 -6.84733
1156000 500.836 -12333.7 1.10349
1157000 497.506 -12322.4 12.8324
1158000 502.231 -12303.3 -4.79185
1159000 499.825 -12336.4 5.11544
1160000 499.691 -12264.8 6.40822
1161000 495.944 -12426.8 14.0312
1162000 502.105 -12279.6 -13.115
1163000 501.243 -12342.3 8.20644
1164000 497.477 -12328.2 -8.90056
1165000 496.556 -12365.7 1.88436
1166000 499.202 -12361.3 -5.36541
1167000 502.934 -12332.9 5.96198
1168000 499.982 -12328.9 19.8124
1169000 500.004 -12329.6 -8.49895
1170000 499.245 -12309.5 11.0594
1171000 500.217 -12312.1 -12.8175
1172000 502.285 -12259.4 17.0022
1173000 500.933 -12275.1 -12.5507
1174000 499.738 -12282.9 -7.32018
1175000 498.57 -12316 -2.21163
1176000 498.766 -12310.5 13.4065
1177000 497.215 -12438.2 -8.60731
1178000 502.345 -12438.6 13.8013
1179000 498.196 -12320.9 6.27748
1180000 498.897 -12364.1 -2.40023
1181000 501.483 -12280.7 4.67261
1182000 498.888 -12381.1 15.5701
1183000 499.73 -12269.2 11.8972
1184000 498.342 -12320.2 0.446569
1185000 499.457 -12300.3 8.52779
1186000 501.906 -12255.8 -4.11906
1187000 500.719 -12412.4 -5.83542
1188000 498.095 -12411.4 4.68682
1189000 498.347 -12318.3 -0.665668
1190000 498.721 -12317.9 -5.18889
1191000 497.155 -12361.2 11.5237
1192000 500.568 -12274 -14.3706
1193000 499.385 -12404 9.5324
1194000 502.421 -12307.5 -6.51658
1195000 497.245 -12389.9 -1.09996
1196000 502.776 -12346.6 -16.1908
1197000 502.198 -12265.3 -1.21827
1198000 501.85 -12355 -5.63433
1199000 498.559 -12407.4 0.201676
1200000 498.845 -12379.8 0.0126274
1201000 499.849 -12354.3 -7.5599
1202000 499.912 -12282 -2.52728
1203000 499.783 -12296.5 -25.9423
1204000 498.049 -12440.5 3.25115
1205000 497.388 -12361 9.63352
1206000 501.841 -12285.7 3.90861
1207000 498.363 -12302 2.34335
1208000 499.832 -12370.1 2.38362
1209000 502.328 -12295.7 -5.61404
1210000 499.149 -12283.4 2.41891
1211000 500.004 -12304.3 5.37899
1212000 504.18 -12244.3 -5.89959
1213000 501.565 -12195.7 -8.75779
1214000 498.355 -12336.4 23.5086
1215000 496.484 -12300.8 -1.58582
1216000 501.532 -12294.1 11.6546
1217000 497.394 -12372 12.0971
1218000 502.125 -12296.6 1.28598
1219000 501.633 -12210.5 7.06307
1220000 500.872 -12265.5 -0.475661
1221000 501.886 -12325.7 -3.89574
1222000 498.192 -12309.1 -6.4295
1223000 501.043 -12297.4 3.4292
1224000 499.365 -12296.9 -11.3258
1225000 498.21 -12421.8 -13.0238
1226000 499.066 -12358.2 1.96661
1227000 497.133 -12427.3 -3.86058
1228000 502.063 -12409.9 -11.4909
1229000 498.414 -12323.8 -3.18912
1230000 500.727 -12465.8 5.17628
1231000 497.323 -12414.1 19.409
1232000 498.046 -12427.9 -5.40916
1233000 500.725 -12283.6 1.96155
1234000 499.113 -12395.4 -14.9395
1235000 499.069 -12343.2 11.7426
1236000 499.557 -12351.2 -4.1481
1237000 504.462 -12179.7 13.7693
1238000 498.843 -12283.6 5.22192
1239000 500.312 -12287.7 5.11975
1240000 502.403 -12308.8 5.28532
1241000 499.453 -12352.5 -11.843
1242000 499.453 -12395.1 -4.75298
1243000 500.524 -12311.3 -7.26282
1244000 498.788 -12434.4 -7.39853
1245000 499.429 -12380.8 4.5492
1246000 499.43 -12314.1 9.42716
1247000 500.045 -12195.7 -13.7166
1248000 505.39 -12210.2 11.8068
1249000 498.874 -12244.2 14.2862
1250000 499.421 -12298.3 -3.62822
1251000 499.966 -12306 14.9286
1252000 501.393 -12320.2 7.76138
1253000 500.395 -12292.2 -6.66783
1254000 498.305 -12366 4.68517
1255000 498.774 -12277.9 -17.4403
1256000 501.159 -12295.1 10.2457
1257000 498.944 -12289.9 3.96099
1258000 499.403 -12279.6 -10.6786
1259000 501.125 -12304.3 7.46298
1260000 502.64 -12227 4.10036
1261000 499.183 -12394.5 -21.4127
1262000 498.266 -12472.4 15.8057
1263000 501.046 -12349.3 -0.0105877
1264000 496.219 -12311.8 5.89759
1265000 500.874 -12342.3 10.5636
1266000 497.12 -12461.8 -7.51212
1267000 496.419 -12400.1 -2.74834
1268000 498.694 -12328.4 27.4956
1269000 499.401 -12382.7 -2.22383
1270000 498.575 -12337 0.640288
1271000 500.828 -12274.9 -4.88089
1272000 497.539 -12329.4 9.14017
1273000 499.898 -12255.6 2.21279
1274000 499.135 -12306.9 8.36944
1275000 501.885 -12275.2 7.47936
1276000 498.293 -12360.9 -4.28301
1277000 498.342 -12403.6 -6.1808
1278000 502.379 -12332.9 24.5196
1279000 500.115 -12313.1 5.36457
1280000 502.067 -12272.5 -11.3121
1281000 504.337 -12191.8 11.1888
1282000 498.618 -12485.5 -9.04261
1283000 496.091 -12504.1 -1.35846
1284000 499.426 -12308.6 19.9836
1285000 500.756 -12294.3 -2.78178
1286000 496.52 -12434.7 -3.1487
1287000 498.997 -12338.4 -8.1115
1288000 500.365 -12330.7 6.69941
1289000 502.27 -12299.1 -5.83176
1290000 503.296 -12286.7 8.7868
1291000 500.541 -12314.6 12.1859
1292000 500.869 -12325.6 -14.4063
1293000 498.829 -12344 -1.25615
1294000 500.017 -12265.2 -1.53421
1295000 498.293 -12384.1 -10.2595
1296000 500.577 -12327.8 -0.617771
1297000 497.229 -12298.2 -3.7534
1298000 501.682 -12243.9 0.230693
1299000 499.098 -12361.5 1.92421
1300000 503.176 -12282.3 -19.1129
1301000 499.155 -12321.2 33.1271
1302000 498.981 -12245.4 5.46505
1303000 499.386 -12289.9 2.41156
1304000 497.872 -12262.2 5.35948
1305000 499.008 -12422 3.45644
1306000 502.924 -12336.9 2.5835
1307000 499.858 -12410.2 7.0804
1308000 499.151 -12296.5 -13.0232
1309000 497.39 -12258 17.6217
1310000 497.665 -12318.6 -25.8632
1311000 500.811 -12340.2 7.53879
1312000 502.169 -12287.1 -0.914501
1313000 498.043 -12313.9 -5.04106
1314000 499.231 -12305.3 -5.68485
1315000 504.115 -12288.8 -5.0147
1316000 500.321 -12343 1.37037
1317000 500.324 -12283.6 -7.44577
1318000 495.388 -12326.9 9.192
1319000 498.696 -12358.8 1.79389
1320000 502.068 -12229.1 -4.17084
1321000 498.444 -12355.6 8.26754
1322000 500.806 -12311.1 8.2563
1323000 504.177 -12232.4 3.20752
1324000 496.239 -12345.5 -9.85153
1325000 502.083 -12398.9 -1.02339
1326000 499.602 -12396.8 11.6618
1327000 499.653 -12384.8 -4.90154
1328000 501.37 -12347 -9.6358
1329000 500.584 -12346.1 18.0231
1330000 500.026 -12340.3 4.84242
1331000 500.195 -12370 -2.07639
1332000 501.638 -12336.3 17.1049
1333000 500.882 -12215.5 -0.82608
1334000 502.961 -12201.7 -1.5427
1335000 498.643 -12406.8 -3.2042
1336000 501.835 -12361.8 2.44553
1337000 498.173 -12338.4 2.46638
1338000 495.449 -12448.1 4.99298
1339000 500.425 -12292.6 2.3188
1340000 500.398 -12347.7 13.151
1341000 497.883 -12352.2 6.52029
1342000 498.484 -12408.3 -4.5063
1343000 502.845 -12299.7 -5.87343
1344000 501.595 -12341.8 6.67486
1345000 499.97 -12428.8 10.1216
1346000 500.894 -12282.2 4.88678
1347000 501.941 -12304.9 3.79833
1348000 500.082 -12397.8 5.06766
1349000 497.919 -12425.2 6.06587
1350000 496.532 -12439.8 4.22352
1351000 497.5 -12318.7 11.3951
1352000 499.381 -12348.8 -0.490301
1353000 496.057 -12415.7 12.4118
1354000 502.699 -12241.9 -8.08773
1355000 503.174 -12230.8 4.04108
1356000 498.799 -12389.5 -16.742
1357000 501.28 -12197.7 2.38161
1358000 501.046 -12303.3 13.0091
1359000 502.218 -12316.1 -14.269
1360000 497.395 -12422.7 10.2304
1361000 502.267 -12304.7 -4.54924
1362000 501.091 -12333.4 -8.44442
1363000 498.836 -12401.7 -1.11506
1364000 501.392 -12313.9 -17.6392
1365000 494.755 -12338.8 16.2593
1366000 500.068 -12265.1 5.76428
1367000 500.227 -12238.9 -14.8809
1368000 499.414 -12249.1 -3.68359
1369000 499.133 -12317.3 21.3806
1370000 500.514 -12375.2 19.0968
1371000 500.4 -12343.3 -5.01541
1372000 499.686 -12229 10.0258
1373000 500.992 -12308.8 -8.33481
1374000 500.155 -12338.7 10.8645
1375000 503.185 -12223.9 -11.4241
1376000 496.204 -12376.4 -2.64774
1377000 500.992 -12258.4 20.8041
1378000 499.613 -12439.5 4.56932
1379000 503.15 -12283.7 -10.6851
1380000 499.782 -12350.5 2.93536
1381000 503.395 -12251.9 -9.52286
1382000 498.779 -12257.8 -1.46583
1383000 499.672 -12260.6 8.0972
1384000 499.095 -12320.6 -1.38161
1385000 503.168 -12261 -8.59701
1386000 499.787 -12361.6 9.85682
1387000 501.117 -12278.6 -2.65864
1388000 500.87 -12289.9 1.3393
1389000 502.699 -12272.9 -5.02106
1390000 500.117 -12295.1 -7.91033
1391000 499.885 -12354.5 5.66469
1392000 497.998 -12337 -4.52412
1393000 501.097 -12307.5 -0.213081
1394000 500.868 -12358.2 -1.97391
1395000 498.873 -12428.3 -5.36505
1396000 501.535 -12334.3 17.3477
1397000 499.209 -12379.9 -4.09191
1398000 501.812 -12259.1 0.071584
1399000 497.572 -12404.3 4.59023
1400000 499.531 -12244.1 -1.27076
1401000 500.087 -12389.2 -8.47162
1402000 500.759 -12345.8 -0.552112
1403000 496.683 -12373.1 14.9308
1404000 501.784 -12198.2 -5.93421
1405000 497.077 -12320.5 10.345
1406000 500.948 -12400.2 -0.736954
1407000 497.558 -12345.9 6.94211
1408000 498.917 -12325.4 -7.92885
1409000 498.551 -12283.4 1.64401
1410000 501.405 -12292.3 -11.416
1411000 500.745 -12362.8 -7.59383
1412000 501.155 -12300.8 6.58446
1413000 501.623 -12199.6 -12.7739
1414000 497.795 -12274.1 5.26988
1415000 498.369 -12340.8 15.6553
1416000 502.466 -12318.5 -14.8512
1417000 501.324 -12329 -2.31726
1418000 501.901 -12253 7.28234
1419000 496.745 -12417.4 14.3542
1420000 497.155 -12337.6 -16.6489
1421000 499.471 -12271.2 -9.76763
1422000 501.638 -12258.1 8.48749
1423000 502.004 -12295.9 -3.77569
1424000 501.621 -12354 -6.07847
1425000 498.591 -12425.6 1.35417
1426000 501.9 -12427.9 -8.36782
1427000 500.585 -12292.7 9.82314
1428000 500.606 -12234 3.04345
1429000 499.49 -12342.3 -11.5084
1430000 498.715 -12360.1 0.505634
1431000 500.993 -12281.9 7.60132
1432000 499.474 -12355.6 8.60144
1433000 498.202 -12407.1 5.59857
1434000 503.408 -12334.6 1.2401
1435000 499.387 -12372.4 19.3622
1436000 499.668 -12335 10.8088
1437000 501.638 -12165.7 -2.8144
1438000 498.687 -12292.4 -1.36734
1439000 500.169 -12306.1 11.3166
1440000 501.027 -12279.3 6.54345
1441000 498.906 -12367.5 5.3431
1442000 503.823 -12291.3 1.046
1443000 498.361 -12426.9 17.4414
1444000 501.393 -12237 -0.192206
1445000 500.849 -12223.6 -9.3985
1446000 500.554 -12334.4 -7.56745
1447000 499.257 -12324.8 5.69411
1448000 501.364 -12305.1 -10.8763
1449000 496.419 -12308.4 9.27372
1450000 498.531 -12292.3 -3.19027
1451000 496.764 -12444.7 -2.19939
1452000 500.701 -12331.2 -4.54559
1453000 503.806 -12319.1 -3.37748
1454000 496.686 -12329.7 0.168261
1455000 499.852 -12322.3 -6.78374
1456000 498.219 -12269.6 10.2773
1457000 500.407 -12230.6 9.0259
1458000 499.984 -12348.1 20.0473
1459000 501.807 -12281.1 -11.626
1460000 499.984 -12372 -2.61312
1461000 501.556 -12229.5 2.90165
1462000 500.361 -12212.7 -6.04001
1463000 499.4 -12372.5 9.13784
1464000 497.376 -12339.7 -5.04231
1465000 502.467 -12292 16.9843
1466000 499.271 -12334.1 9.94466
1467000 502.345 -12280.4 -1.08081
1468000 497.415 -12358.2 20.9316
1469000 501.124 -12265.1 6.23252
1470000 502.537 -12218.9 5.2918
1471000 499.128 -12404 10.8126
1472000 499.602 -12327.2 -4.73476
1473000 500.959 -12305.1 0.532554
1474000 499.906 -12261 -2.25858
1475000 501.178 -12262.4 5.35787
1476000 500.419 -12323.5 -3.14212
1477000 500.541 -12387.1 -9.21024
1478000 497.067 -12386.1 3.13723
1479000 499.723 -12361.2 14.4694
1480000 500.96 -12361.1 -3.15967
1481000 501.45 -12246.6 8.60591
1482000 497.202 -12334.6 -1.63537
1483000 503.54 -12289.5 6.09371
1484000 502.464 -12255 8.92071
1485000 500.566 -12368.3 -13.7723
1486000 498.705 -12402.9 24.4599
1487000 502.107 -12223.4 6.68063
1488000 498.331 -12337.3 -8.17879
1489000 500.172 -12278.2 5.87076
1490000 498.73 -12329 -5.2108
1491000 497.889 -12376.7 12.8046
1492000 505.18 -12207.5 -4.39849
1493000 500.486 -12272 -16.1672
1494000 499.344 -12296 1.84467
1495000 498.491 -12269.8 8.14214
1496000 501.371 -12264.7 6.23498
1497000 498.696 -12290.6 4.24098
1498000 497.316 -12390.2 10.2881
1499000 499.046 -12368.9 1.61264
1500000 497.231 -12327.8 1.05017
1501000 504.21 -12201.4 -5.41071
1502000 501.895 -12235.7 5.20992
1503000 497.026 -12467.7 4.92502
1504000 501.06 -12380.8 1.86916
1505000 496.641 -12378.5 10.4057
1506000 498.936 -12284.3 3.31547
1507000 498.272 -12445.2 1.63046
1508000 499.18 -12343.9 12.2633
1509000 501.225 -12350 -6.58226
1510000 499.213 -12237.7 -6.00019
1511000 501.799 -12276.5 8.10312
1512000 497.191 -12442.9 -2.36057
1513000 502.508 -12326.3 -11.1225
1514000 499.722 -12302.9 15.5968
1515000 498.987 -12311.6 0.231013
1516000 499.975 -12301.3 10.0446
1517000 497.641 -12359.1 -3.78127
1518000 501.053 -12246.8 0.633104
1519000 496.905 -12349.3 -5.11884
1520000 499.576 -12286.5 -11.6633
1521000 499.106 -12324.9 21.4015
1522000 498.285 -12314 -18.931
1523000 502.532 -12273.7 -6.8437
1524000 499.622 -12293.8 10.9612
1525000 498.49 -12354.8 11.6795
1526000 500.707 -12262.7 -5.18389
1527000 501.587 -12169.4 1.6807
1528000 501.351 -12260 6.64947
1529000 502.407 -12286.1 7.48325
1530000 501.958 -12337.1 0.31071
1531000 497.775 -12366.1 -3.23254
1532000 503.476 -12273.5 2.37227
1533000 500.896 -12194 4.03652
1534000 498.731 -12392.6 9.13716
1535000 501.732 -12323.7 9.45454
1536000 499.556 -12259.5 9.79501
1537000 498.932 -12284.1 -9.19854
1538000 495.339 -12394.8 5.18735
1539000 498.518 -12296.8 -8.7073
1540000 501.383 -12346.9 13.5842
1541000 498.692 -12322.5 16.7708
1542000 496.601 -12364.8 -3.85363
1543000 501.906 -12286.3 -13.6063
1544000 502.709 -12277.3 -7.60837
1545000 498.756 -12371.6 -14.556
1546000 499.45 -12398.4 8.03979
1547000 497.85 -12313.7 -7.95859
1548000 503.14 -12257.3 -8.35064
1549000 501.517 -12203.4 1.22801
1550000 500.316 -12216.1 20.2173
1551000 496.702 -12355.7 11.0117
1552000 501.356 -12298.6 2.0781
1553000 501.119 -12207.4 14.8732
1554000 501.396 -12352.4 20.2438
1555000 498.915 -12312.4 -15.8039
1556000 500.943 -12399 6.25476
1557000 500.605 -12334.3 -11.3076
1558000 498.38 -12366.8 -16.2309
1559000 499.292 -12370.3 9.4795
1560000 499.55 -12348.1 12.5521
1561000 497.295 -12442.3 4.86216
1562000 500.719 -12226.8 0.285557
1563000 499.122 -12298.8 15.4972
1564000 500.21 -12165.4 2.18111
1565000 501.494 -12218 7.33902
1566000 502.439 -12320.3 1.17889
1567000 501.435 -12247.4 1.39473
1568000 497.811 -12413.3 -4.10362
1569000 497.721 -12366 8.58773
1570000 500.563 -12285.8 -17.6227
1571000 499.858 -12363.4 10.3272
1572000 500.074 -12380.5 11.3918
1573000 497.962 -12324.4 3.2171
1574000 500.972 -12249.5 -4.66391
1575000 500.714 -12381.1 7.65584
1576000 501.216 -12209.8 -4.13559
1577000 501.729 -12297.7 4.12341
1578000 500.953 -12295 0.234505
1579000 499.853 -12383.7 0.259175
1580000 500.706 -12327.2 -7.64155
1581000 501.039 -12262.9 -4.49962
1582000 499.193 -12319.6 17.9702
1583000 501.031 -12242.6 15.8838
1584000 500.453 -12309.1 13.8301
1585000 498.738 -12323.8 -2.61002
1586000 502.976 -12321.6 11.488
1587000 501.487 -12279.3 -2.5206
1588000 501.082 -12297.9 -4.91936
1589000 498.987 -12341.4 6.10196
1590000 496.932 -12360.3 -4.6092
1591000 500.579 -12338.5 -0.022883
1592000 500.983 -12265.8 8.12019
1593000 498.5 -12385.7 12.1141
1594000 498.466 -12418.4 -10.6857
1595000 502.128 -12246.4 4.54281
1596000 500.677 -12416.7 12.2767
1597000 498.983 -12311.8 -8.18659
1598000 502.261 -12218.5 -4.88325
1599000 501.628 -12282.4 8.39941
1600000 499.674 -12294.3 -9.20834
1601000 497.664 -12339.2 14.6309
1602000 501.138 -12348.4 -25.7975
1603000 500.071 -12317.3 5.4096
1604000 499.666 -12298.8 -5.10986
1605000 498.025 -12430.3 3.13385
1606000 502.228 -12240.2 0.142735
1607000 498.064 -12323.4 -2.41103
1608000 502.563 -12332.9 -10.5859
1609000 497.553 -12396.6 -10.5135
1610000 499.398 -12367.1 17.7401
1611000 498.236 -12319.7 -2.69568
1612000 499.656 -12289.9 8.19302
1613000 499.976 -12313.9 16.3123
1614000 497.507 -12321.7 -11.4113
1615000 501.479 -12320 -5.8776
1616000 503.279 -12336.2 1.98283
1617000 498.512 -12443.9 3.26565
1618000 502.234 -12432.9 -24.1449
1619000 498.326 -12405.4 15.8486
1620000 500.146 -12314.7 2.7363
1621000 497.844 -12386.1 10.8725
1622000 498.725 -12367.5 2.11763
1623000 501.649 -12306.5 -4.58206
1624000 496.51 -12287.6 7.66922
1625000 499.755 -12286.1 -8.87564
1626000 498.752 -12389.3 -8.8173
1627000 497.275 -12534.2 13.2367
1628000 497.691 -12441.4 -8.97705
1629000 501.582 -12280.9 4.92953
1630000 498.711 -12294.6 -4.33088
1631000 502.502 -12242.8 1.96954
1632000 500.139 -12369 10.7162
1633000 502.134 -12333.5 11.84
1634000 499.557 -12296.5 0.620408
1635000 501.408 -12204.1 2.58334
1636000 499.994 -12285.1 7.62049
1637000 501.114 -12333.6 4.3913
1638000 500.476 -12354.9 -0.668534
1639000 499.822 -12266.6 -6.92694
1640000 499.409 -12356.2 3.08412
1641000 497.834 -12373 11.7618
1642000 498.825 -12339.7 0.533294
1643000 500.622 -12336.6 -4.82638
1644000 501.898 -12270.2 9.66959
1645000 497.085 -12446.5 -10.5332
1646000 496.435 -12406.5 0.943163
1647000 500.236 -12284.3 0.47831
1648000 499.402 -12309.4 -0.595873
1649000 501.462 -12345.5 -2.37344
1650000 499.959 -12274.2 0.265821
1651000 500.388 -12339.8 -10.0423
1652000 497.469 -12356.2 6.64531
1653000 503.326 -12297.1 -11.8055
1654000 497.387 -12306.6 15.5101
1655000 499.648 -12345.2 2.52883
1656000 500.321 -12338.8 8.15738
1657000 502.925 -12264.5 -3.97615
1658000 498.535 -12335.3 8.63798
1659000 500.615 -12322.5 -12.7581
1660000 499.397 -12304.8 2.86358
1661000 497.533 -12397.6 13.591
1662000 502.295 -12355.8 -11.8784
1663000 500.792 -12210.8 15.9902
1664000 500.433 -12252.3 -0.287541
1665000 500.061 -12278.7 11.5985
1666000 497.831 -12338.5 -22.4887
1667000 501.255 -12339.7 3.95309
1668000 497.944 -12364.6 -11.35
1669000 501.718 -12338.2 16.2608
1670000 497.47 -12344.2 -13.771
1671000 500.7 -12343.6 8.28227
1672000 497.958 -12412.5 3.38845
1673000 501.521 -12207.8 4.14683
1674000 500.471 -12167.3 -12.0056
1675000 499.365 -12253.1 5.7722
1676000 501.982 -12176.5 10.5912
1677000 499.252 -12345.5 -4.90597
1678000 503.02 -12317.4 1.24849
1679000 500.174 -12424.3 0.449815
1680000 500.339 -12347.9 -6.85391
1681000 502.087 -12322.6 0.0321153
1682000 499.195 -12287.8 -12.757
1683000 501.232 -12345.4 -4.2401
1684000 501.16 -12278.1 -6.03444
1685000 499.107 -12321.6 14.3785
1686000 503.465 -12259.6 11.7445
1687000 497.672 -12472 -8.44984
1688000 498.276 -12438.7 -6.23471
1689000 501.417 -12410 5.42571
1690000 498.574 -12345.6 -6.77265
1691000 500.305 -12169.4 -2.8983
1692000 498.683 -12241 17.2433
1693000 499.834 -12321.2 -1.55152
1694000 501.824 -12255.9 8.6935
1695000 501.347 -12245.5 8.14088
1696000 502.456 -12214.2 1.89468
1697000 500.235 -12340.7 -1.97535
1698000 498.324 -12295.7 3.73461
1699000 503.459 -12267.9 -3.6196
1700000 501.419 -12381.5 -11.6172
1701000 499.965 -12297.6 5.29307
1702000 502.071 -12210.9 6.39755
1703000 502.099 -12217.6 -4.84119
1704000 500.14 -12161.6 4.94122
1705000 500.315 -12231.2 -7.92005
1706000 499.25 -12300.5 16.8085
1707000 503.63 -12308.8 12.4527
1708000 498.265 -12272.3 -12.2072
1709000 499.881 -12367.9 13.6256
1710000 501.018 -12311.1 8.36522
1711000 501.517 -12250 -3.7841
1712000 497.542 -12340.4 4.54188
1713000 500.747 -12354.1 -6.81795
1714000 499.918 -12334.3 -5.5452
1715000 500.913 -12310.7 5.47332
1716000 500.748 -12279 -4.36576
1717000 503.15 -12312 -8.90751
1718000 499.09 -12414.2 10.6628
1719000 501.451 -12371.2 1.70349
1720000 497.237 -12277 -13.8263
1721000 498.902 -12319.1 10.6673
1722000 499.943 -12397.8 10.6525
1723000 501.276 -12222.1 -4.47377
1724000 500.852 -12333.5 -2.05875
1725000 498.758 -12400.3 3.30863
1726000 498.465 -12412 2.22937
1727000 497.322 -12307.2 -12.2421
1728000 501.122 -12374.3 1.79968
1729000 498.786 -12327.5 6.09266
1730000 501.643 -12244.5 -10.3841
1731000 503.908 -12202.8 7.20103
1732000 501.036 -12212.8 2.75763
1733000 501.517 -12264 4.52824
1734000 497.183 -12374.5 8.69545
1735000 501.773 -12436.2 14.1433
1736000 499.709 -12458.2 2.29926
1737000 497.119 -12452.8 4.54401
1738000 503.019 -12322.9 10.3131
1739000 500.57 -12346.7 11.9864
1740000 496.366 -12381.3 -22.6199
1741000 499.035 -12345.3 19.0195
1742000 498.441 -12370.5 17.2072
1743000 498.356 -12326.1 9.09345
1744000 499.675 -12353.8 -25.5321
1745000 501.598 -12381.2 -1.25037
1746000 501.662 -12361.9 -9.99425
1747000 500.589 -12466.2 13.8325
1748000 498.625 -12344.1 -6.23423
1749000 497.582 -12399.5 -3.07094
1750000 496.385 -12425.4 24.0208
1751000 498.921 -12314 -13.5337
1752000 503.533 -12140.3 0.962481
1753000 500.559 -12323.9 -6.10663
1754000 500.968 -12300.7 1.33896
1755000 501.277 -12283.3 -5.79971
1756000 502.534 -12261.6 -8.3141
1757000 500.125 -12290.8 -7.67612
1758000 499.178 -12307.6 9.09898
1759000 497.253 -12308 -6.8406
1760000 500.041 -12357.7 -7.86656
1761000 497.771 -12354 8.06223
1762000 499.264 -12438.4 -6.41949
1763000 500.029 -12281.5 -5.74129
1764000 502.82 -12318.8 13.863
1765000 499.931 -12378.2 7.7287
1766000 500.187 -12422.4 14.1903
1767000 498.593 -12315 -5.35624
1768000 501.563 -12332.5 5.35904
1769000 503.623 -12292.9 -4.41276
1770000 502.267 -12374.2 -4.6351
1771000 498.849 -12404 3.47133
1772000 498.394 -12351.7 3.38615
1773000 501.457 -12259.3 15.902
1774000 499.351 -12397.4 -8.85975
1775000 500.311 -12353.9 -7.36366
1776000 496.55 -12402.6 3.14756
1777000 499.522 -12330.7 7.69129
1778000 497.324 -12343.7 11.9359
1779000 500.213 -12310.5 -1.78054
1780000 500.709 -12239.6 -6.04392
1781000 502.172 -12361.4 6.00219
1782000 500.725 -12439 -5.60048
1783000 501.237 -12396 -6.6159
1784000 499.037 -12322.8 -3.55145
1785000 496.901 -12364.5 22.435
1786000 499.489 -12203 -18.1425
1787000 500.246 -12335.7 4.31347
1788000 500.094 -12378.9 -14.611
1789000 500.667 -12249 -3.87054
1790000 500.516 -12309.6 9.24689
1791000 502.014 -12271.1 10.9622
1792000 502.231 -12303.7 -3.32377
1793000 498.655 -12290.3 -2.72992
1794000 497.207 -12350.7 19.3352
1795000 498.569 -12400.2 -13.691
1796000 500.354 -12176.3 16.3985
1797000 498.709 -12305.6 0.312307
1798000 498.257 -12220.7 -9.4622
1799000 501.144 -12303.7 8.62487
1800000 501.964 -12282.6 6.15909
1801000 500.325 -12232 -11.3247
1802000 498.651 -12239 9.51334
1803000 499.972 -12360.9 -5.2821
1804000 501.191 -12276 -3.18858
1805000 496.598 -12440 -12.1681
1806000 501.992 -12334.4 8.38295
1807000 502.316 -12182 -5.68047
1808000 500.012 -12380.5 9.52729
1809000 500.751 -12243.7 18.0979
1810000 499.771 -12359.5 -10.3901
1811000 501.543 -12222.6 8.03445
1812000 500.822 -12304.9 -2.11411
1813000 499.096 -12425.4 -1.41037
1814000 501.29 -12334.1 -13.8839
1815000 500.49 -12440.5 18.2778
1816000 499.719 -12364.3 -7.95008
1817000 501.853 -12349.4 20.2016
1818000 496.645 -12431 -15.9421
1819000 497.273 -12409.8 3.63856
1820000 497.151 -12448.5 -2.38069
1821000 500.661 -12281.5 -0.31752
1822000 502.482 -12239.2 -7.05723
1823000 500.882 -12264.2 -11.6822
1824000 499.99 -12210.7 -3.25211
1825000 503.663 -12288.1 -3.91973
1826000 500.002 -12403.2 6.00754
1827000 499.194 -12363.4 2.84571
1828000 500.94 -12389.1 9.92365
1829000 500.424 -12401.1 5.05628
1830000 500.596 -12420.4 2.96821
1831000 499.718 -12323.6 1.57496
1832000 498.637 -12404.4 3.73383
1833000 500.643 -12230.9 -4.21508
1834000 500.021 -12336.8 0.732258
1835000 498.566 -12332.6 -11.7062
1836000 496.509 -12492.7 -4.64491
1837000 499.657 -12342 3.4245
1838000 497.447 -12377 -2.10518
1839000 497.994 -12393.5 -11.2865
1840000 499.306 -12287.6 0.362937
1841000 501.961 -12222.8 4.29602
1842000 499.156 -12297.9 13.3531
1843000 499.566 -12313 -4.42497
1844000 500.488 -12284.5 0.257878
1845000 499.038 -12240 14.8981
1846000 497.872 -12306.9 -16.9764
1847000 499.801 -12333.5 7.93792
1848000 500 -12313.8 -11.6331
1849000 502.096 -12299.9 5.35912
1850000 499.439 -12417.1 -6.14751
1851000 497.92 -12385.6 -0.986861
1852000 501.389 -12405 3.53489
1853000 499.301 -12315 -10.7883
1854000 499.455 -12180.4 -4.26696
1855000 499.632 -12323.9 0.749589
1856000 501.777 -12245.6 17.0917
1857000 499.182 -12192.7 -9.01411
1858000 498.132 -12307.1 -1.02651
1859000 501.589 -12360.2 -2.5765
1860000 501.335 -12305.8 5.48304
1861000 500.509 -12397.7 -8.59104
1862000 499.069 -12291.9 1.78409
1863000 503.118 -12259.2 -6.60515
1864000 499.917 -12311.8 -7.90697
1865000 500.88 -12313.4 5.50566
1866000 497.075 -12365.3 -3.00499
1867000 501.54 -12268.2 9.90461
1868000 505.324 -12299.1 -5.28268
1869000 500.662 -12256.7 -3.69461
1870000 501.943 -12258 4.82155
1871000 499.91 -12302.7 5.03682
1872000 499.292 -12312.7 7.84187
1873000 501.357 -12330.5 -9.27421
1874000 498.886 -12389.9 -1.79017
1875000 498.854 -12300.2 8.50105
1876000 499.352 -12366.2 -16.046
1877000 498.716 -12468.5 4.7104
1878000 500.788 -12297.8 -13.5919
1879000 500.32 -12153.2 19.7026
1880000 500.834 -12349.5 -9.2384
1881000 502.182 -12309.6 10.7095
1882000 502.763 -12295.6 -18.5784
1883000 501.299 -12311.8 3.95032
1884000 497.86 -12436.6 -2.87078
1885000 501.508 -12323.1 -6.62662
1886000 501.741 -12243.1 5.1049
1887000 497.625 -12385.4 4.48912
1888000 501.408 -12356.6 1.43233
1889000 500.96 -12281.5 14.1786
1890000 502.009 -12225.2 -13.7612
1891000 498.936 -12376 15.4797
1892000 497.688 -12370.6 8.86395
1893000 500.473 -12328.9 -1.24298
1894000 500.032 -12375.5 8.10853
1895000 499.945 -12315 -1.76628
1896000 498.597 -12323.6 -3.60752
1897000 497.74 -12420.4 1.24414
1898000 499.798 -12357.1 1.37163
1899000 500.374 -12337.7 6.0481
1900000 500.184 -12391.3 1.79546
1901000 500.28 -12325 -17.0759
1902000 499.202 -12354 -1.45944
1903000 500.342 -12386.3 20.7192
1904000 500.793 -12213.5 -4.43651
1905000 501.472 -12408.3 1.58197
1906000 502.357 -12295.4 -1.62813
1907000 499.456 -12337.7 4.04083
1908000 501.282 -12271.4 -2.02239
1909000 497.226 -12360.2 -11.2085
1910000 502.54 -12293 18.8697
1911000 497.271 -12368.1 5.60318
1912000 499.751 -12299.6 1.42589
1913000 499.013 -12403.2 5.26747
1914000 500.383 -12304.1 13.3792
1915000 499.31 -12419.5 4.61582
1916000 499.638 -12328.4 -7.99881
1917000 497.49 -12345.1 -10.23
1918000 499.95 -12306.3 -2.55953
1919000 496.265 -12389.8 -3.88412
1920000 503.73 -12311 16.4718
1921000 500.695 -12360 1.83339
1922000 499.794 -12387.4 -12.4827
1923000 499.631 -12376.3 13.1499
1924000 494.942 -12515.5 21.8948
1925000 500.873 -12422.8 -5.01973
1926000 499.367 -12448.6 -12.7769
1927000 503.01 -12341 10.6795
1928000 498.517 -12347.2 -5.34478
1929000 497.238 -12354.1 9.77174
1930000 498.378 -12361.9 -8.20381
1931000 502.791 -12303 1.17431
1932000 500.896 -12304.6 -1.29453
1933000 496.43 -12337.7 10.3289
1934000 500.067 -12375.6 15.6399
1935000 495.913 -12416.2 23.0282
1936000 501.411 -12354.9 -5.14848
1937000 496.502 -12421.2 1.2425
1938000 501.311 -12295.7 0.931492
1939000 496.883 -12405.5 6.84116
1940000 497.049 -12395.8 13.5512
1941000 501.785 -12335 -9.42964
1942000 500.954 -12215.7 5.40343
1943000 499.26 -12297.6 -6.75549
1944000 500.547 -12186.1 2.72364
1945000 499.98 -12202.6 19.7921
1946000 501.405 -12330.4 -20.0695
1947000 499.826 -12332.8 7.52062
1948000 499.915 -12359.2 -8.1106
1949000 501.858 -12315.3 -11.7387
1950000 501.495 -12213.8 5.51142
1951000 501.458 -12343.9 -8.94348
1952000 502.534 -12332.3 10.673
1953000 500.043 -12343.7 -6.80773
1954000 499.142 -12302.2 -3.48431
1955000 497.6 -12323.4 6.76259
1956000 500.064 -12391.8 17.7724
1957000 498.346 -12377.7 -8.28062
1958000 502.885 -12261.7 -10.281
1959000 500.369 -12238.4 11.0392
1960000 500.729 -12291.5 -1.98562
1961000 499.628 -12365.4 16.6795
1962000 498.84 -12282.1 -5.05485
1963000 496.191 -12413.6 7.40847
1964000 499.779 -12299.9 24.5984
1965000 499.11 -12350.7 -4.43182
1966000 499.292 -12287.1 6.96198
1967000 500.259 -12321.3 1.17636
1968000 500.011 -12274.2 3.61399
1969000 495.707 -12404.5 -3.3831
1970000 498.212 -12219.5 -14.3978
1971000 500.343 -12271.2 11.7295
1972000 501.369 -12342.1 -9.44518
1973000 500.684 -12191.7 -3.17373
1974000 498.687 -12321.8 -3.78186
1975000 497.554 -12398.5 5.93281
1976000 495.651 -12422.4 8.0624
1977000 502.847 -12378.1 4.52297
1978000 498.062 -12362.5 -17.3807
1979000 502.885 -12225.7 0.915802
1980000 499.901 -12362.3 -13.3505
1981000 497.824 -12426.2 8.79309
1982000 498.841 -12324 2.16141
1983000 503.331 -12195.4 -6.26772
1984000 499.839 -12261.7 7.75303
1985000 498.627 -12284.2 -10.052
1986000 499.162 -12341 -1.88654
1987000 499.16 -12407.5 0.0881113
1988000 499.349 -12261 -10.5132
1989000 496.724 -12382.8 4.18607
1990000 502.216 -12303.5 -12.3797
1991000 504.443 -12309.3 1.76466
1992000 499.822 -12313.5 -0.664992
1993000 496.592 -12514.9 12.4884
1994000 500.461 -12286.3 -6.77737
1995000 500.914 -12310.7 -1.61929
1996000 500.681 -12324.4 -5.25025
1997000 499.505 -12306.7 9.9677
1998000 497.027 -12361.6 3.19696
1999000 496.792 -12413.8 0.496684
2000000 501.426 -12246.7 5.16329
