# Time-averaged data for fix 3
# TimeStep v_Temperature v_PotentialEnergy v_Pressure
2000 299.663 -16434.9 22.1759
3000 300.526 -16586.7 -24.9847
4000 301.724 -16585.2 10.9144
5000 299.726 -16657.9 5.29664
6000 299.399 -16626.6 -4.9087
7000 301.097 -16645.2 2.41251
8000 299.734 -16662.6 -5.39471
9000 300.527 -16651.1 -8.03462
10000 299.175 -16648.2 3.36785
11000 302.223 -16582.6 6.61459
12000 300.889 -16642.1 6.54253
13000 300.255 -16676.7 -0.027303
14000 299.281 -16695.3 -3.93563
15000 300.12 -16639.6 -0.947809
16000 300.412 -16619.3 4.71608
17000 300.931 -16588.7 1.0267
18000 300.344 -16632.2 -2.82765
19000 301.165 -16577.4 -0.36719
20000 298.953 -16632.6 1.44423
21000 300.067 -16664.6 1.05993
22000 299.923 -16652 3.24096
23000 299.574 -16605.8 8.68218
24000 300.472 -16633.4 -19.7459
25000 300.048 -16666.6 12.7975
26000 301.343 -16666.1 -7.53806
27000 300.252 -16712.7 -3.62609
28000 299 -16712.6 -1.99767
29000 301.343 -16680.3 -6.05891
30000 300.196 -16692.2 3.94966
31000 302.287 -16649 -3.22301
32000 300.024 -16633.5 -5.00496
33000 299.276 -16689.6 -17.108
34000 300.005 -16666.9 9.59145
35000 300.129 -16654.1 1.23016
36000 299.427 -16647 4.31693
37000 300.473 -16605.6 -8.77443
38000 301.548 -16597.5 -3.03185
39000 299.01 -16623 0.920681
40000 299.726 -16615 2.95096
41000 300.193 -16650.5 -15.5308
42000 302.23 -16638.8 11.0964
43000 301.313 -16624.1 3.45601
44000 300.884 -16581.6 3.20578
45000 299.925 -16594.3 0.153592
46000 300.404 -16640.7 -6.12748
47000 300.095 -16697.3 -7.23124
48000 299.081 -16639.5 6.98615
49000 302.052 -16625.5 5.27244
50000 299.314 -16682.9 -13.2572
51000 298.707 -16629.2 20.1487
52000 302.317 -16610.9 -19.0995
53000 299.19 -16633.4 17.2218
54000 300.411 -16657.8 -0.681467
55000 299.705 -16683.8 0.0192051
56000 298.754 -16602.4 1.73098
57000 300.714 -16651.7 -1.86524
58000 299.431 -16627.3 -14.7062
59000 301.55 -16634.7 -7.06299
60000 299.633 -16622.3 4.64468
61000 299.289 -16676.8 9.88609
62000 298.815 -16662 -1.61724
63000 299.905 -16675.2 -0.290239
64000 300.23 -16650.4 9.75688
65000 301.451 -16614.2 -5.08116
66000 301.703 -16633.5 -0.23741
67000 299.36 -16629.7 0.562769
68000 300.569 -16641.1 6.75653
69000 299.66 -16670.9 -7.56596
70000 298.397 -16743.9 6.8198
71000 299.489 -16663 11.6389
72000 301.37 -16646.7 -2.28739
73000 299.533 -16655.9 3.25026
74000 301.202 -16644.5 12.056
75000 299.607 -16639.3 4.49534
76000 298.53 -16680.5 0.652921
77000 298.817 -16632.2 -3.20212
78000 299.841 -16585.3 8.20718
79000 301.446 -16536.2 7.44364
80000 298.907 -16715.6 -16.3053
81000 300.078 -16643.8 19.6769
82000 301.427 -16598.7 0.493587
83000 300.438 -16650.9 -10.8339
84000 299.364 -16651.9 10.446
85000 299.882 -16631.4 4.8232
86000 300.215 -16636 -6.48276
87000 299.33 -16649 4.86579
88000 299.824 -16631.7 11.5918
89000 299.626 -16605.3 4.55914
90000 299.744 -16667.7 -9.53732
91000 301.009 -16649.7 -2.8117
92000 301.044 -16667.8 -0.627236
93000 299.194 -16653.1 9.87107
94000 300.683 -16612.5 0.574426
95000 299.953 -16624.6 -1.06289
96000 298.448 -16716.5 15.6767
97000 299.793 -16643.7 -1.73657
98000 301.247 -16607.5 -4.22089
99000 302.418 -16586.4 3.03034
100000 301.267 -16594.1 -7.89934
101000 301.335 -16589.5 15.8852
102000 299.581 -16640.3 -8.41673
103000 299.066 -16660.6 -5.5936
104000 299.471 -16678.1 13.3616
105000 301.2 -16641.9 0.106524
106000 298.697 -16709.9 -11.9628
107000 300.371 -16698.4 12.1946
108000 299.651 -16675.9 3.55462
109000 298.962 -16727.5 -2.63124
110000 300.029 -16665.1 4.19763
111000 299.912 -16747 6.94069
112000 299.607 -16643.3 6.47301
113000 300.223 -16627.8 1.97414
114000 299.582 -16603.9 0.905408
115000 299.915 -16599.2 -7.51929
116000 299.847 -16600.8 7.71871
117000 299.333 -16651.2 5.81759
118000 300.465 -16585.6 -7.75279
119000 301.205 -16645.2 7.77933
120000 299.83 -16647.2 -1.3267
121000 300.022 -16640.8 0.621834
122000 300.787 -16604.5 6.40846
123000 299.677 -16679.2 -1.44204
124000 301.707 -16656.7 6.6086
125000 300.101 -16650.2 12.4363
126000 301.112 -16630 0.809522
127000 299.459 -16597.3 -1.83877
128000 301.705 -16620 -5.73735
129000 301.017 -16673.7 0.947214
130000 300.619 -16623.6 4.61073
131000 298.411 -16691.4 2.82609
132000 300.459 -16632.5 2.11294
133000 299.89 -16631.9 4.66905
134000 299.902 -16634.8 2.94087
135000 299.418 -16645.8 -1.96431
136000 300.069 -16687.7 0.932809
137000 301.251 -16711.1 -1.22195
138000 299.311 -16716.4 3.79094
139000 301.214 -16634.5 10.5244
140000 299.356 -16668.5 -1.81183
141000 300.26 -16641.5 1.21832
142000 299.327 -16650.9 -1.08168
143000 300.814 -16620.3 -18.303
144000 298.525 -16666.1 7.20571
145000 300.763 -16632 0.394747
146000 299.649 -16648.8 9.31256
147000 300.429 -16664.9 13.1007
148000 300.538 -16707 -0.612714
149000 298.038 -16725.4 -2.51056
150000 301.24 -16707.2 -0.850333
151000 300.43 -16715.1 -4.75013
152000 299.702 -16672.6 10.4945
153000 299.314 -16672.6 -7.21913
154000 298.311 -16674.2 7.3013
155000 301.587 -16610.3 -3.04878
156000 300.563 -16625.8 -6.16468
157000 299.636 -16697.3 5.26069
158000 299.486 -16708.4 2.12997
159000 300.393 -16653.4 3.11681
160000 300.073 -16709.3 -5.92055
161000 297.701 -16711 3.66757
162000 298.931 -16693.7 -7.45973
163000 300.685 -16633.6 16.1715
164000 300.095 -16655.9 -2.73393
165000 300.419 -16667.8 7.78349
166000 299.464 -16616.2 -8.81193
167000 298.605 -16649.5 11.4179
168000 300.187 -16639 0.763839
169000 298.71 -16692.3 7.16489
170000 299.939 -16654 -6.59264
171000 299.941 -16684.7 7.00262
172000 299.775 -16643 -8.39286
173000 301.054 -16639.7 3.48817
174000 297.936 -16737.3 0.710604
175000 299.116 -16670.5 13.1225
176000 299.134 -16697.5 -5.27165
177000 299.946 -16708 -9.43326
178000 299.589 -16580.9 -6.16129
179000 300.593 -16606.1 -1.42057
180000 298.786 -16658.4 7.96055
181000 298.639 -16640.4 -11.2678
182000 299.899 -16628 0.168354
183000 297.371 -16668.6 2.96448
184000 300.034 -16601 -6.50906
185000 302.4 -16579.5 2.15644
186000 300.483 -16642.1 -4.54965
187000 298.28 -16629.6 7.64721
188000 298.348 -16675.4 -4.32555
189000 301.223 -16658.1 14.4818
190000 300.727 -16648.6 15.0981
191000 298.811 -16740.3 -3.4034
192000 298.973 -16706.2 -4.96398
193000 300.814 -16677.4 -0.948699
194000 298.463 -16648.4 6.44681
195000 299.124 -16678.4 5.12927
196000 300.211 -16662.7 4.51554
197000 298.912 -16644.3 9.01933
198000 299.637 -16697.8 -5.4457
199000 299.052 -16687.1 10.6094
200000 299.493 -16658.6 0.100735
201000 300.374 -16595.4 -13.127
202000 299.364 -16673 -8.18529
203000 297.994 -16626.5 4.23481
204000 302.112 -16601 -14.3859
205000 298.339 -16693 -1.52943
206000 299.128 -16731.7 0.313018
207000 299.477 -16665.7 -0.905351
208000 301.702 -16609.7 15.4132
209000 298.801 -16658.1 -1.35182
210000 300.243 -16625.4 12.3599
211000 300.201 -16641.3 0.907985
212000 300.702 -16613.1 5.42626
213000 301.372 -16586.2 6.73159
214000 298.866 -16623.2 -5.46244
215000 301.39 -16654.2 -8.14624
216000 301.302 -16604.3 20.8813
217000 298.595 -16589.6 7.70425
218000 297.687 -16622.7 1.46644
219000 299.295 -16638.1 9.65015
220000 300.289 -16652.2 -7.27585
221000 301.028 -16650.4 -7.81551
222000 300.761 -16643.9 10.5352
223000 299.621 -16723.9 -0.0363295
224000 300.653 -16749.2 3.18998
225000 300.115 -16673.3 -6.99764
226000 298.385 -16685.4 23.6284
227000 300.783 -16663 -6.72285
228000 299.742 -16702.7 4.80014
229000 299.665 -16638.4 11.0073
230000 298.902 -16641.1 2.88944
231000 300.07 -16667.1 -8.49295
232000 302.148 -16635.8 3.62145
233000 299.603 -16660 -1.58485
234000 298.643 -16690.4 8.39629
235000 300.999 -16657.6 -2.19275
236000 299.596 -16663 -2.07192
237000 300.689 -16662.5 -1.2595
238000 299.707 -16622.9 7.45763
239000 300.261 -16549.6 1.4141
240000 302.673 -16512.7 9.68839
241000 299.042 -16659 0.123604
242000 298.829 -16666.3 4.0097
243000 298.878 -16584.3 0.59976
244000 299.643 -16625.6 6.58516
245000 300.163 -16621.4 -0.44047
246000 300.425 -16641.6 7.29024
247000 300.153 -16649.3 -5.97725
248000 300.448 -16629.3 2.6719
249000 300.3 -16628.9 -2.05663
250000 301.169 -16601.2 -0.452474
251000 298.823 -16642 9.4186
252000 297.888 -16656.5 10.6442
253000 299.622 -16635.3 1.40687
254000 298.354 -16703.2 3.76902
255000 299.103 -16630.8 10.6865
256000 298.847 -16678.2 -4.13685
257000 299.226 -16689.3 -10.7671
258000 300.086 -16668.6 7.64187
259000 301.116 -16638.1 -10.1867
260000 299.224 -16680.7 2.73394
261000 300.374 -16701.2 -4.29188
262000 300.11 -16690.4 0.205174
263000 300.7 -16677.3 2.2762
264000 299.732 -16627.3 9.41817
265000 299.863 -16590.6 2.88528
266000 299.64 -16618.9 11.8594
267000 301.375 -16608.7 -20.1449
268000 300.873 -16658.2 2.174
269000 299.94 -16679.2 9.16541
270000 299.605 -16679.5 8.67198
271000 300.628 -16633.5 -2.84021
272000 300.309 -16676 5.82214
273000 299.55 -16690.7 5.52943
274000 298.779 -16686.2 10.9171
275000 299.798 -16648.8 4.9728
276000 296.688 -16689 11.3665
277000 299.552 -16680.1 -6.90479
278000 299.566 -16661.2 -5.43644
279000 297.691 -16660.4 12.5538
280000 300.994 -16560.4 1.45426
281000 300.355 -16640.6 -0.605853
282000 298.487 -16648.8 0.194643
283000 300.765 -16634.3 1.94538
284000 299.727 -16688.6 -0.965694
285000 301.313 -16548.7 17.8845
286000 299.119 -16643.5 0.0888024
287000 298.792 -16675.8 -4.51433
288000 300.272 -16635.5 -18.5909
289000 299.852 -16591.2 9.05742
290000 299.163 -16631.2 -5.83398
291000 299.876 -16629 5.56811
292000 300.735 -16624.8 11.1718
293000 299.568 -16632.3 4.83354
294000 300.852 -16667.7 8.38076
295000 300.261 -16676 -17.5922
296000 299.375 -16674.9 -1.54996
297000 298.684 -16658.1 -5.29017
298000 298.922 -16667.3 11.1766
299000 299.359 -16672.1 6.07775
300000 298.518 -16684.2 4.01914
301000 299.597 -16632.7 11.5407
302000 301.261 -16633.4 -5.91343
303000 299.856 -16651 14.3079
304000 301.749 -16620.7 -2.78606
305000 299.904 -16663.4 -3.37698
306000 300.142 -16647.4 2.71465
307000 297.406 -16708 19.8534
308000 299.166 -16684 -1.78989
309000 298.435 -16665.1 -2.39032
310000 299.748 -16673.4 8.05249
311000 299.153 -16677.6 -5.08428
312000 299.976 -16631.3 6.25062
313000 298.434 -16686.8 -1.45121
314000 299.376 -16658.5 4.51177
315000 298.694 -16679.6 8.16754
316000 300.597 -16590.8 2.5689
317000 301.587 -16657.5 -1.78269
318000 299.646 -16723 8.21044
319000 300.737 -16613.3 1.07259
320000 301.223 -16643.9 14.5372
321000 298.41 -16668 10.0933
322000 300.72 -16650.1 3.08244
323000 300.95 -16580.3 10.4176
324000 298.246 -16627.8 6.47286
325000 301.929 -16608.7 6.31897
326000 298.937 -16645.6 -2.02949
327000 300.521 -16653.1 -0.914532
328000 298.837 -16669.9 -5.68468
329000 300.43 -16642.2 8.08491
330000 301.696 -16626.5 -5.20383
331000 299.794 -16676.1 -5.29377
332000 297.936 -16740 -0.887214
333000 299.188 -16655.7 4.30408
334000 300.788 -16639.9 1.13154
335000 299.312 -16645.3 1.17079
336000 300.168 -16648.9 -3.64437
337000 301.094 -16624.2 -2.47884
338000 299.237 -16654.8 3.66851
339000 298.849 -16669.3 -4.79511
340000 298.094 -16665.5 -2.3119
341000 299.647 -16641.4 5.72062
342000 299.293 -16689.1 11.9547
343000 298.772 -16707.2 -15.4047
344000 298.449 -16688.6 -2.91625
345000 300.634 -16683.3 10.7557
346000 299.525 -16645.9 -5.34625
347000 299.079 -16693.4 9.56984
348000 297.821 -16703.7 7.46146
349000 299.78 -16652.8 1.80191
350000 301.68 -16616.1 6.46163
351000 300.98 -16647.1 4.70941
352000 301.612 -16570.5 -11.2517
353000 300.582 -16600.6 -11.5464
354000 299.583 -16665.2 -0.933669
355000 300.365 -16626 12.8478
356000 300.808 -16627.8 -4.12756
357000 298.006 -16715.9 2.29093
358000 299.498 -16573 23.0888
359000 299.8 -16662.8 -8.41485
360000 299.92 -16637.2 -1.06009
361000 300.642 -16631 5.92268
362000 302.184 -16659 -3.5153
363000 300.097 -16659.1 0.946007
364000 299.455 -16633.9 7.30612
365000 298.507 -16626.4 -1.82698
366000 299.375 -16620.4 10.7562
367000 299.845 -16652.5 10.7273
368000 300.303 -16680.4 -4.78308
369000 300.875 -16665.6 1.63458
370000 300.464 -16638.1 9.70368
371000 300.689 -16616.6 0.910848
372000 301.358 -16631.3 -5.64887
373000 300.308 -16674.8 0.382871
374000 297.758 -16734.4 -4.33205
375000 300.529 -16685.1 7.04739
376000 300.261 -16689.3 2.47699
377000 299.084 -16645.6 2.79475
378000 300.554 -16628.3 10.0679
379000 300.429 -16654.3 -7.92004
380000 300.299 -16622.7 12.9623
381000 300.497 -16625.5 4.04383
382000 299.483 -16653.1 0.570387
383000 299.647 -16648.4 -2.90678
384000 300.145 -16641.4 2.6821
385000 301.137 -16615.2 -2.79543
386000 300.322 -16673.4 9.92506
387000 300.643 -16631.8 1.82317
388000 299.109 -16628.8 0.217567
389000 298.597 -16643.9 23.1223
390000 300.423 -16566.7 -5.71894
391000 301.456 -16588.8 -4.65271
392000 300.646 -16622.6 3.41065
393000 298.72 -16671.7 -5.56936
394000 300.878 -16637.1 -9.74071
395000 299.551 -16710.8 -3.52989
396000 298.623 -16711.4 -3.74776
397000 301.255 -16633.6 9.70614
398000 300.035 -16628.9 -26.3468
399000 299.476 -16682.5 10.9427
400000 299.331 -16678.7 -0.595774
401000 299.805 -16669.7 -0.238167
402000 300.125 -16670.3 5.18149
403000 300.385 -16648.2 8.36271
404000 300.415 -16638.1 -0.678165
405000 300.79 -16616.7 9.07024
406000 299.491 -16595.9 16.1547
407000 300.628 -16629.5 1.15256
408000 300.037 -16666.4 -6.35445
409000 301.118 -16666.2 -5.71323
410000 298.396 -16710.2 7.79396
411000 299.616 -16693.2 -8.10907
412000 299.098 -16670.3 7.81847
413000 299.633 -16677.1 -2.49802
414000 301.67 -16660.1 -2.13379
415000 300.703 -16657.3 2.24619
416000 300.734 -16609.4 0.477359
417000 300.475 -16628.4 2.17577
418000 301.719 -16681.6 -1.38522
419000 299.273 -16695.7 8.77303
420000 300.077 -16637.2 -11.0994
421000 301.872 -16651.4 4.68281
422000 298.966 -16663.8 -0.135322
423000 299.597 -16685.7 -0.701269
424000 299.684 -16653 -3.02382
425000 301.777 -16593.2 -3.25155
426000 300.289 -16610.8 2.3884
427000 296.737 -16668.5 10.5402
428000 300.002 -16619.2 -8.60274
429000 302.463 -16625.2 -7.43985
430000 299.933 -16710.9 -2.92185
431000 300.909 -16709.5 -0.0806199
432000 300.451 -16604.6 7.54044
433000 299.739 -16673.1 -14.5336
434000 300.244 -16730.5 3.00974
435000 301.963 -16713.5 2.29977
436000 300.064 -16657.2 -11.7638
437000 298.828 -16620.2 -1.10852
438000 301.27 -16585.8 -3.73745
439000 300.754 -16572.9 5.0586
440000 297.48 -16611.6 3.41049
441000 298.418 -16611.9 3.40016
442000 302.532 -16621.4 5.23352
443000 299.376 -16670.1 9.08131
444000 299.941 -16660.9 9.032
445000 301.64 -16582.1 2.16076
446000 300.628 -16645 -10.9144
447000 297.952 -16660.9 20.6634
448000 302.225 -16615.2 -20.7319
449000 300.652 -16653.4 -14.8988
450000 300.071 -16653.7 13.1045
451000 299.422 -16713.2 3.60272
452000 300.251 -16623.9 2.17798
453000 298.357 -16658.8 -11.6808
454000 299.469 -16661.5 11.4937
455000 301.363 -16584.9 -2.42852
456000 298.778 -16649.2 9.48574
457000 298.988 -16671.4 -4.74415
458000 300.406 -16592.9 -0.498886
459000 300.353 -16613 9.94395
460000 299.708 -16629.3 6.30118
461000 300.183 -16662.1 8.35416
462000 297.588 -16662.9 8.88129
463000 300.359 -16635.9 -4.26544
464000 299.268 -16644.6 3.41232
465000 299.757 -16654.9 -2.50547
466000 299.545 -16604.1 20.3027
467000 299.537 -16683.3 -0.419723
468000 298.961 -16705.5 1.93256
469000 299.99 -16664.8 2.30292
470000 300.917 -16676.1 6.09141
471000 300.878 -16656.8 -2.20938
472000 298.726 -16685.3 -1.27001
473000 299.772 -16667.2 7.30543
474000 299.243 -16675 -3.40255
475000 299.836 -16679.9 -13.2685
476000 300.832 -16648.8 -6.97412
477000 299.552 -16630.1 12.093
478000 299.772 -16631.3 -0.625513
479000 300.612 -16735.5 -5.92222
480000 299.153 -16703.8 -0.136978
481000 301.452 -16662.5 -7.44148
482000 299.867 -16665.2 4.79771
483000 299.17 -16644.8 8.58146
484000 300.041 -16632.8 -3.4261
485000 299.505 -16649.5 -9.64166
486000 298.988 -16649 7.2048
487000 298.908 -16711.5 -0.0384719
488000 299.929 -16595.3 6.12942
489000 300.048 -16622.8 -3.04262
490000 301.395 -16638.7 -13.6036
491000 297.976 -16726.3 0.862976
492000 299.275 -16679.1 -4.31408
493000 302.352 -16673.8 -3.21059
494000 299.7 -16726.3 -2.80199
495000 300.202 -16648 3.91038
496000 299.034 -16648.5 10.2363
497000 299.255 -16637.8 9.84114
498000 299.392 -16625.9 -3.45161
499000 299.032 -16668.7 -9.36006
500000 300.771 -16655.3 2.05709
501000 299.989 -16624 11.8534
502000 299.832 -16577.6 6.22278
503000 300.525 -16638.2 2.44892
504000 298.691 -16685.5 3.27157
505000 300.75 -16653.4 -0.581482
506000 298.612 -16618.5 8.73145
507000 300.268 -16565.6 3.62761
508000 300.38 -16615.4 5.53207
509000 301.418 -16625.6 -13.3651
510000 301.551 -16662.6 -1.87508
511000 299.415 -16650.1 6.46634
512000 299.012 -16695.7 -1.24968
513000 300.13 -16695.4 -2.77546
514000 300.405 -16637.4 2.69134
515000 300.417 -16648.3 -6.03523
516000 299.278 -16745.8 2.28919
517000 301.976 -16655.1 -4.45048
518000 300.12 -16652.5 9.32654
519000 297.257 -16665 6.61381
520000 300.872 -16635.4 -7.05415
521000 300.269 -16676.3 -0.0816812
522000 298.605 -16690.4 2.32688
523000 301.182 -16641.2 -2.41258
524000 299.739 -16612.8 2.62271
525000 299.813 -16627.6 9.35455
526000 301.038 -16659.2 8.10763
527000 299.552 -16687.9 -7.42449
528000 300.088 -16714.1 -3.99447
529000 299.587 -16703.3 20.4845
530000 299.654 -16678.3 -3.44888
531000 301.674 -16635.9 -0.376035
532000 300.955 -16691.7 -1.49187
533000 301.198 -16672.8 0.468571
534000 301.162 -16634.1 -6.31398
535000 299.907 -16714.4 -7.98
536000 301.07 -16673.8 -3.31045
537000 300.885 -16696.9 4.43497
538000 300.042 -16639.6 1.24802
539000 299.899 -16670.1 2.06597
540000 301.659 -16612.2 6.51675
541000 299.635 -16634.9 2.33713
542000 300.5 -16569.5 -1.38441
543000 298.296 -16646.1 -0.387326
544000 300.545 -16665.3 8.34044
545000 299.816 -16708.9 -0.240001
546000 300.105 -16632.9 -1.63849
547000 300.425 -16646 4.71998
548000 300.338 -16588.8 -4.92599
549000 302.111 -16573.6 -6.83273
550000 301.147 -16608.1 8.61875
551000 299.849 -16657.7 -1.86568
552000 299.501 -16679.4 -1.89823
553000 298.665 -16662.2 10.6447
554000 300.106 -16673.7 -9.5621
555000 301.053 -16706 -11.206
556000 297.73 -16681.3 10.5836
557000 301.868 -16670.5 -21.52
558000 300.822 -16627.3 12.1265
559000 300.759 -16615.8 -0.685396
560000 301.157 -16641.1 -0.233085
561000 301.133 -16644.1 -0.822064
562000 299.928 -16643.4 2.48245
563000 299.346 -16647.6 1.53246
564000 300.959 -16634 3.81119
565000 301.388 -16671.4 -7.7634
566000 299.932 -16668.6 -5.72549
567000 299.797 -16623.1 -0.629679
568000 300.879 -16647.2 9.09186
569000 300.583 -16605.2 -8.09222
570000 298.981 -16658.9 -10.2805
571000 299.562 -16681.6 3.99688
572000 299.719 -16672.5 1.22997
573000 302.866 -16630.2 3.02647
574000 298.933 -16717.7 11.6999
575000 299.285 -16676.9 2.18603
576000 299.387 -16648.7 -3.07225
577000 301.488 -16612.3 6.06174
578000 299.055 -16661.7 2.27217
579000 299.691 -16636.6 13.1773
580000 299.318 -16664.3 -5.70403
581000 299.012 -16687.3 4.92424
582000 297.626 -16742.1 0.182375
583000 300.004 -16661.7 -4.67136
584000 298.941 -16623 16.1308
585000 299.796 -16639 -5.53744
586000 299.034 -16649.7 1.34212
587000 299.256 -16601.7 8.35021
588000 299.651 -16626.3 4.16201
589000 301.097 -16598.6 2.54216
590000 303.002 -16613.4 -0.121617
591000 300.896 -16601.1 4.61312
592000 300.425 -16620.1 2.26116
593000 299.493 -16645.3 0.498136
594000 298.444 -16712.3 2.29758
595000 298.534 -16698.5 -7.74459
596000 299.762 -16690 11.3298
597000 300.452 -16625.6 -4.69219
598000 300.404 -16605.6 -7.28756
599000 300.115 -16588.1 2.32999
600000 301.258 -16581.3 1.32522
601000 298.402 -16598.6 -10.3121
602000 301.174 -16633.2 11.4216
603000 299.79 -16610.5 -4.46062
604000 299.583 -16668.3 2.00906
605000 300.175 -16635.2 14.675
606000 300.295 -16642.5 -6.87855
607000 299.168 -16655 -5.35326
608000 299.179 -16614 -1.47177
609000 298.114 -16625.3 13.3675
610000 300.881 -16592.5 8.2808
611000 300.526 -16615.4 -1.01384
612000 301.34 -16634.9 -2.26738
613000 298.969 -16704.8 0.741202
614000 300.402 -16639 4.68731
615000 302.142 -16672.9 -18.8094
616000 299.191 -16691.4 1.14059
617000 300.291 -16660 3.4409
618000 300.178 -16638.4 5.86781
619000 299.073 -16648.9 -9.57235
620000 301.085 -16612.6 13.3043
621000 298.4 -16675.4 -3.57183
622000 299.816 -16629.3 6.31363
623000 300.556 -16588.5 9.75111
624000 298.136 -16697.9 -1.18731
625000 299.48 -16657.4 4.95198
626000 299.102 -16713.8 -1.76716
627000 300.198 -16707.4 -0.228426
628000 300.317 -16666.7 0.565081
629000 298.41 -16681.2 3.21862
630000 299.855 -16649.6 -1.05149
631000 298.992 -16691.7 12.0112
632000 300.266 -16656.1 -3.41017
633000 300.015 -16650.7 4.42104
634000 300.473 -16649.7 -10.5658
635000 299.35 -16610 6.02758
636000 301.165 -16600.6 -2.42837
637000 301.045 -16610 2.46973
638000 298.819 -16664.2 -4.70888
639000 301.533 -16657.9 -11.4403
640000 299.079 -16673.8 -3.3871
641000 298.846 -16678.9 -2.55906
642000 299.063 -16668.8 6.60605
643000 299.661 -16692.8 -1.87281
644000 298.586 -16760.5 7.31196
645000 299.384 -16702.8 1.20127
646000 300.322 -16697.4 5.89523
647000 299.789 -16689.4 -4.88513
648000 299.974 -16686 17.835
649000 299.866 -16685.6 -5.75618
650000 298.629 -16668.4 11.8592
651000 298.034 -16701.4 8.75127
652000 300.608 -16739.5 -4.63068
653000 301.288 -16668.1 5.34519
654000 300.219 -16683.7 -6.90329
655000 300.03 -16659.9 9.39157
656000 300.13 -16672.1 4.54077
657000 298.098 -16657.2 -6.16603
658000 300.335 -16634.7 -1.88211
659000 300.51 -16610 -2.0911
660000 301.51 -16628.1 7.07359
661000 301.618 -16598.5 -3.86891
662000 299.25 -16664.9 -7.622
663000 298.332 -16654.2 18.8341
664000 299.63 -16679.3 7.17326
665000 302.248 -16627 13.7192
666000 298.595 -16604.3 17.1295
667000 299.852 -16594.3 3.07048
668000 300.502 -16634.8 -2.77432
669000 300.224 -16696.9 -10.0814
670000 300.639 -16676.9 5.45925
671000 299.282 -16644.8 -6.22441
672000 299.976 -16634 1.63077
673000 301.105 -16642.2 -5.02276
674000 300.331 -16644.7 4.07663
675000 299.551 -16649.7 -14.89
676000 299.786 -16679.6 8.29003
677000 299.196 -16709.9 -3.45913
678000 300.376 -16690.6 -8.66931
679000 298.277 -16684.8 -3.66131
680000 298.105 -16709.5 1.04566
681000 300.615 -16652 0.950553
682000 301.447 -16606.5 4.20836
683000 300.389 -16629.5 0.949208
684000 299.865 -16617.4 15.0428
685000 300.351 -16688.7 -20.2155
686000 299.417 -16686.3 3.9393
687000 299.094 -16656.1 10.3368
688000 300.934 -16618.8 -11.4242
689000 299.16 -16646.4 6.03744
690000 300.894 -16637.1 3.57005
691000 299.486 -16614.9 1.4603
692000 300.819 -16565.3 -2.88547
693000 301.36 -16608.2 1.16422
694000 299.578 -16636.1 4.6784
695000 300.207 -16600.1 -0.523791
696000 301.85 -16659.8 0.62302
697000 300.574 -16634.6 4.93283
698000 300.204 -16658.4 1.20004
699000 300.013 -16661.2 6.41127
700000 299.464 -16632 14.9757
701000 301.197 -16629.6 -5.42003
702000 301.207 -16667.8 -5.06039
703000 301.477 -16646.7 -0.236948
704000 299.359 -16683.5 1.22551
705000 298.458 -16697.8 9.8089
706000 298.965 -16702.3 -2.45423
707000 299.032 -16683.8 13.1391
708000 299.198 -16669 4.57593
709000 301.679 -16652.9 2.65676
710000 299.125 -16672.8 9.66806
711000 300.808 -16625.5 -8.64641
712000 299.756 -16630.1 11.6548
713000 300.817 -16694.8 -10.0752
714000 298.923 -16676.2 13.5584
715000 300.265 -16693.9 -7.54898
716000 300.254 -16693.9 -4.42173
717000 299.53 -16638 1.45816
718000 299.297 -16626 10.7955
719000 298.546 -16677.5 -3.14896
720000 300.839 -16633.6 -6.50676
721000 298.178 -16711.6 7.54184
722000 299.048 -16699.3 0.234783
723000 299.428 -16657.4 -5.78413
724000 301.111 -16670.9 -8.98884
725000 300.517 -16649 -3.91833
726000 299.613 -16689.9 6.80705
727000 301.012 -16610.5 1.68459
728000 298.986 -16625.5 1.46183
729000 301.632 -16578.4 -6.76086
730000 300.126 -16623.6 -2.77521
731000 297.598 -16675.8 8.09312
732000 301.511 -16628.6 -6.90843
733000 300.027 -16619.7 11.1662
734000 300.558 -16663.3 -5.74272
735000 299.962 -16620.7 6.45889
736000 302.164 -16636.9 -14.4932
737000 299.146 -16726.6 0.0560756
738000 299.641 -16757.8 -1.66838
739000 298.496 -16744.3 -0.282051
740000 298.681 -16713.8 12.3674
741000 300.128 -16713.6 -11.4037
742000 297.673 -16719.2 6.29221
743000 301.404 -16624.8 -8.64602
744000 299.622 -16637.2 3.25442
745000 298.552 -16658.6 9.95681
746000 301.384 -16621.9 -13.8019
747000 298.761 -16634.4 8.86876
748000 300.235 -16643.2 -1.6552
749000 299.326 -16668.7 0.503675
750000 299.929 -16667.5 -0.915013
751000 299.87 -16687 10.9151
752000 300.074 -16669 6.06151
753000 300.321 -16641.5 -2.62175
754000 300.554 -16631 4.98809
755000 300.79 -16604.9 9.50694
756000 298.129 -16752.1 -7.46804
757000 300.513 -16660.8 2.36561
758000 300.101 -16609 8.52812
759000 300.097 -16699.7 -0.466434
760000 300.642 -16653.6 3.57965
761000 299.639 -16681 5.76222
762000 299.006 -16647.5 -3.2808
763000 299.597 -16667.6 12.2128
764000 300.173 -16639.5 3.98375
765000 298.972 -16619.6 9.8691
766000 299.367 -16621.1 -5.18132
767000 298.162 -16646.9 -0.305965
768000 302.008 -16616.7 0.448533
769000 299.167 -16661.8 -1.43733
770000 302.04 -16637 5.49699
771000 298.447 -16756.7 -1.57816
772000 299.446 -16758 6.61092
773000 300.764 -16680.5 -1.14491
774000 299.007 -16640.9 2.38174
775000 301.281 -16601.4 -7.80071
776000 300.988 -16587.9 2.54341
777000 298.725 -16650.7 6.01952
778000 298.702 -16630.1 8.0717
779000 299.012 -16680.6 -0.328483
780000 298.854 -16656.3 9.30962
781000 299.655 -16618.1 -11.6047
782000 297.574 -16657.4 25.1916
783000 299.904 -16645.8 -16.7536
784000 298.723 -16672.2 4.9289
785000 298.76 -16695.4 -9.35318
786000 299.407 -16673.6 4.42537
787000 299.802 -16627 15.4498
788000 301.038 -16598.5 -7.26722
789000 299.792 -16625.8 6.74645
790000 300.307 -16617.3 -9.52449
791000 299.582 -16622.4 -5.91005
792000 301.216 -16565 13.9742
793000 299.548 -16595.1 -1.75903
794000 299.014 -16624.3 0.371563
795000 300.861 -16629.4 1.69699
796000 299.865 -16698.4 -4.4425
797000 300.302 -16659 -7.29067
798000 300.914 -16638.2 7.45673
799000 298.476 -16680.5 -0.612607
800000 299.706 -16660.8 -1.73353
801000 300.221 -16610.5 0.174253
802000 301.078 -16622.6 4.03944
803000 299.026 -16647.5 4.47971
804000 300.129 -16618 6.57363
805000 300.452 -16664 -5.3588
806000 297.201 -16719.2 11.6682
807000 300.509 -16684.3 12.1233
808000 300.99 -16633.1 1.76389
809000 300.07 -16650.9 2.93372
810000 300.66 -16622.7 10.499
811000 301.12 -16676.7 -3.84635
812000 300.743 -16648.8 2.20272
813000 300.521 -16649 -10.874
814000 301.328 -16640.4 6.16543
815000 299.726 -16659.7 -6.85464
816000 301.604 -16649.9 -2.59653
817000 301.018 -16610.3 2.19159
818000 302.173 -16665.8 -3.18638
819000 298.376 -16682.3 0.682147
820000 298.115 -16671.7 1.95982
821000 302.104 -16644.9 7.17795
822000 301.169 -16686 -17.9985
823000 300.926 -16615.1 -1.03668
824000 298.93 -16722.6 -3.95686
825000 301.221 -16651.6 -4.17138
826000 301.66 -16566.8 4.12909
827000 300.686 -16613.3 -12.1684
828000 301.633 -16627.6 1.81283
829000 299.478 -16686.6 6.80657
830000 297.713 -16736.5 0.285052
831000 300.171 -16679 9.05066
832000 300.887 -16658.2 0.0162642
833000 299.803 -16673 1.3254
834000 300.098 -16652.1 -1.41109
835000 300.811 -16677.3 -1.56717
836000 298.406 -16702.9 -3.08047
837000 300.022 -16694.2 8.78968
838000 299.632 -16660.1 4.12329
839000 300.353 -16616.3 -7.21872
840000 298.223 -16702.7 8.018
841000 300.183 -16697.9 0.831768
842000 298.814 -16695.5 1.57257
843000 301.331 -16626 -3.42478
844000 300.727 -16688.9 4.65186
845000 299.092 -16669.8 7.83062
846000 300.494 -16643.3 -11.2413
847000 300.07 -16659.2 3.57541
848000 300.035 -16639.3 -12.9516
849000 299.216 -16662.9 2.78243
850000 301.191 -16621.5 1.66612
851000 299.443 -16665.7 0.0638205
852000 299.749 -16715.6 -5.33087
853000 301.309 -16640 -2.51514
854000 299.572 -16661 -5.5021
855000 299.458 -16696.6 -2.05288
856000 301.446 -16650.3 1.7751
857000 300.126 -16600 5.45871
858000 301.226 -16636.4 0.552344
859000 298.791 -16670.8 2.17793
860000 300.206 -16638.4 -1.36746
861000 299.422 -16673.6 4.01507
862000 301.837 -16666 0.0145951
863000 298.809 -16658.3 6.56523
864000 301.238 -16615.2 -5.06291
865000 300.729 -16626.6 3.6356
866000 298.863 -16612.7 14.8649
867000 298.926 -16633.2 -6.51589
868000 299.822 -16628.2 15.5652
869000 300.251 -16616.3 4.40631
870000 298.695 -16619.1 0.173465
871000 300.452 -16602.6 -1.70909
872000 299.098 -16619.5 1.97771
873000 299.443 -16670.4 8.50597
874000 300.259 -16642.3 -8.99516
875000 299.247 -16675.8 0.576339
876000 298.456 -16710.4 -0.329924
877000 299.039 -16665.2 0.616329
878000 299.163 -16668 8.14982
879000 299.711 -16675.4 14.7139
880000 300.898 -16680.9 14.207
881000 300.458 -16704.3 -11.7031
882000 300.009 -16681.1 0.95278
883000 298.791 -16658.7 10.8148
884000 299.826 -16636.4 5.67894
885000 300.967 -16657.9 -7.27831
886000 299.62 -16696.2 6.73338
887000 302.388 -16659.9 -1.92589
888000 300.461 -16597.4 0.0773099
889000 300.071 -16625.1 6.7419
890000 299.595 -16651.6 6.24456
891000 298.342 -16683.2 -8.16076
892000 301.132 -16683 -8.46046
893000 300.597 -16688.8 4.41589
894000 301.472 -16628.3 5.80898
895000 300.134 -16579.2 -1.11916
896000 301.856 -16564.2 -6.05304
897000 300.258 -16593.2 1.25487
898000 301.522 -16573.2 -5.17568
899000 300.213 -16637.4 0.934625
900000 298.452 -16639.9 -2.85083
901000 301.051 -16646.2 10.5274
902000 298.614 -16625.1 0.0250794
903000 299.693 -16630.3 2.49831
904000 300.622 -16678.3 -7.41631
905000 300.094 -16652.6 -1.07775
906000 301.111 -16638.1 -11.0582
907000 301.678 -16666 20.0674
908000 299.334 -16692.1 -4.66838
909000 299.459 -16685.6 7.83733
910000 299.121 -16683.9 -4.1015
911000 301.928 -16590.5 -1.92821
912000 300.594 -16665.6 -10.8143
913000 298.857 -16720 -4.60218
914000 301.12 -16601 3.20467
915000 298.782 -16611.3 6.72568
916000 300.204 -16646.3 1.28254
917000 299.75 -16595 -9.06772
918000 299.123 -16629.1 10.6355
919000 300.552 -16692.4 -2.14208
920000 300.215 -16728 -10.7426
921000 301.6 -16635.7 -3.33558
922000 298.837 -16664.5 1.27873
923000 299.019 -16721 10.6345
924000 298.452 -16674.1 7.4267
925000 300.038 -16662.5 3.80961
926000 300.708 -16636.5 -2.68612
927000 298.969 -16714.4 3.71379
928000 299.498 -16706.6 5.57346
929000 299.649 -16709.6 3.34291
930000 299.606 -16694.1 8.97496
931000 298.797 -16675.8 -4.13638
932000 298.804 -16665.7 -1.8965
933000 301.187 -16568.5 -9.37136
934000 299.729 -16631.8 5.45648
935000 299.773 -16593.5 -4.10357
936000 299.863 -16597.5 7.77516
937000 299.281 -16663.4 -2.54493
938000 301.603 -16600.9 -1.09076
939000 300.355 -16653.3 -5.9329
940000 299.155 -16701.8 16.4449
941000 299.103 -16678.3 13.0885
942000 300.293 -16682.7 -15.9553
943000 298.751 -16723.5 12.0719
944000 300.841 -16635.3 -3.84789
945000 299.018 -16691.4 -4.81983
946000 298.716 -16660 3.66496
947000 301.39 -16617.1 0.04301
948000 298.979 -16660.3 7.12104
949000 300.897 -16648.6 -13.0723
950000 300.446 -16634.3 -6.12704
951000 299.805 -16598.3 3.9172
952000 299.418 -16659.5 7.72976
953000 300.316 -16652.9 2.38515
954000 300.437 -16691.5 -10.4054
955000 300.527 -16659.8 -3.16935
956000 299.599 -16604.3 17.4599
957000 297.253 -16643.6 -3.78204
958000 299.522 -16651.5 14.0169
959000 300.053 -16690.6 2.22948
960000 301.073 -16608.2 11.8327
961000 301.132 -16672.6 -0.173838
962000 299.03 -16681.1 6.35553
963000 298.35 -16707.3 3.00016
964000 300.353 -16675.3 2.9033
965000 300.583 -16718 1.63286
966000 300.198 -16640.8 0.764072
967000 299.111 -16618 4.1619
968000 300.043 -16623.3 17.8525
969000 302.295 -16606.8 7.43955
970000 300.065 -16598.5 2.7237
971000 299.043 -16612.2 3.38301
972000 299.584 -16623.3 -1.732
973000 301.332 -16606.6 0.86121
974000 300.714 -16653 2.87019
975000 300.25 -16706.1 -5.95887
976000 301.506 -16715.6 -11.0521
977000 301.331 -16732.7 9.52717
978000 300.456 -16703.8 3.82986
979000 298.722 -16688.5 -3.48127
980000 301.029 -16630.2 -1.10795
981000 300.162 -16676.9 -2.7707
982000 299.516 -16640.7 -0.144717
983000 299.143 -16638.8 12.3689
984000 298.687 -16716 -9.71899
985000 302.31 -16664.5 8.207
986000 299.722 -16718.9 6.09073
987000 298.804 -16707.4 -3.03087
988000 298.128 -16665.5 6.7644
989000 300.841 -16591.4 7.33624
990000 300.457 -16620 -6.27723
991000 300.476 -16647.9 0.227878
992000 302.734 -16628.7 -7.06945
993000 300.519 -16607.7 1.54239
994000 299.158 -16576.9 4.01987
995000 299.448 -16608.3 18.6593
996000 300.915 -16554.3 -6.93951
997000 300.06 -16640.4 -1.87499
998000 299.398 -16569.3 2.18338
999000 300.611 -16607.4 -3.85309
1000000 299.403 -16691.1 13.7392
1001000 301.316 -16630.5 -3.29575
1002000 298.815 -16682.6 -1.79359
1003000 300.503 -16709.2 -7.58524
1004000 299.616 -16690 2.92687
1005000 299.83 -16699.6 7.78056
1006000 298.296 -16695 -4.82472
1007000 299.324 -16671.7 -10.4675
1008000 301.522 -16615.9 5.72918
1009000 299.612 -16623.6 14.7075
1010000 299.414 -16647.8 -6.69028
1011000 301.908 -16606.2 2.49431
1012000 300.24 -16627.3 -2.24281
1013000 299.934 -16676.4 -10.1855
1014000 299.617 -16685.9 8.20042
1015000 300.049 -16635.9 -2.24616
1016000 299.792 -16619.7 4.50683
1017000 301.111 -16608.6 3.3232
1018000 300.974 -16599.5 -11.978
1019000 301.026 -16645.7 -2.61057
1020000 299.815 -16666.4 8.12995
1021000 299.455 -16671.8 8.2943
1022000 298.853 -16648.3 2.51293
1023000 299.333 -16713.7 0.412361
1024000 301.02 -16669 5.69375
1025000 301.395 -16599.6 2.58999
1026000 298.507 -16672.5 4.0367
1027000 300.594 -16699.5 -1.34476
1028000 298.421 -16688.5 3.11417
1029000 300.179 -16647.4 -0.467307
1030000 299.846 -16681.4 4.73635
1031000 300.515 -16612.7 14.2233
1032000 300.628 -16577.1 -9.55939
1033000 300.367 -16606.8 0.249517
1034000 301.099 -16626.9 1.0951
1035000 299.28 -16655.9 6.01069
1036000 301.424 -16649.6 0.843044
1037000 299.872 -16678.8 -11.5706
1038000 298.804 -16683.1 7.73752
1039000 298.44 -16683 6.56327
1040000 300.348 -16668.2 3.01125
1041000 299.486 -16628.6 1.96931
1042000 301.858 -16616.5 -6.78814
1043000 299.105 -16660.3 0.227275
1044000 299.875 -16638.2 -3.78478
1045000 298.954 -16615.1 3.84049
1046000 302.935 -16553.1 -0.974944
1047000 300.246 -16598.8 -2.56663
1048000 300.331 -16633.2 7.55361
1049000 298.857 -16680.5 8.85563
1050000 299.318 -16662.1 -12.5466
1051000 301.045 -16613 8.45476
1052000 299.438 -16612.4 8.16051
1053000 300.618 -16647.8 -12.7295
1054000 301.014 -16694.2 -3.17536
1055000 299.9 -16631.7 2.18645
1056000 297.868 -16695.5 -5.66914
1057000 299.77 -16650.5 8.59199
1058000 299.68 -16668.7 -1.0611
1059000 300.548 -16638 1.2002
1060000 299.751 -16663.7 1.38432
1061000 301.504 -16649.5 -3.60494
1062000 302.752 -16647.2 1.7837
1063000 300.819 -16593.2 6.66838
1064000 299.581 -16606.1 11.5403
1065000 298.683 -16645.5 -6.5985
1066000 302.609 -16536.5 3.34565
1067000 299.357 -16679.7 -9.81771
1068000 300.66 -16695.7 -1.02079
1069000 299.187 -16700.2 1.71002
1070000 299.268 -16695.1 -0.866406
1071000 301.018 -16638.1 5.31658
1072000 300.045 -16625.3 -5.85637
1073000 300.27 -16651.6 12.0848
1074000 300.331 -16669.9 -8.03402
1075000 300.122 -16663.7 -4.7877
1076000 299.871 -16664.8 -2.16247
1077000 301.25 -16652.2 2.44155
1078000 301.199 -16607.6 -2.15686
1079000 300.826 -16592.6 -6.9509
1080000 299.59 -16713.1 -2.14306
1081000 299.45 -16657.5 22.7076
1082000 300.596 -16649.6 -6.74734
1083000 302.014 -16637 -18.7925
1084000 300.807 -16628.5 3.73039
1085000 300.114 -16679.4 11.8576
1086000 299.941 -16635.8 -4.81611
1087000 300.148 -16683.4 14.8906
1088000 298.843 -16674.5 -9.53426
1089000 301.707 -16602.3 -3.6679
1090000 299.541 -16631.7 -6.435
1091000 299.617 -16628.5 5.39203
1092000 300.356 -16611.4 15.4808
1093000 300.261 -16608.7 -11.8601
1094000 299.313 -16618.2 16.4113
1095000 300.051 -16630 -4.58262
1096000 300.352 -16654.2 1.16975
1097000 301.464 -16614.2 9.1124
1098000 300.531 -16638.4 7.38452
1099000 299.993 -16649.9 -10.2838
1100000 300.94 -16594.7 3.85661
1101000 301.719 -16588.5 -4.98822
1102000 300.005 -16611.2 -2.80431
1103000 299.963 -16620.1 -6.33883
1104000 298.669 -16662 -13.2659
1105000 301.783 -16583.1 -6.91549
1106000 301.095 -16598.6 5.13144
1107000 300.68 -16629 10.337
1108000 299.932 -16652.9 -14.1272
1109000 297.894 -16658.1 4.99625
1110000 300.228 -16650.2 15.7294
1111000 301.416 -16608.7 -20.5324
1112000 299.799 -16632.3 2.49118
1113000 302.137 -16580.1 2.32881
1114000 299.13 -16653.3 2.569
1115000 300.382 -16606.9 -0.455724
1116000 299.431 -16648 0.288471
1117000 301.06 -16658.7 -2.12675
1118000 298.392 -16703 -8.0993
1119000 299.424 -16666.1 6.21168
1120000 299.934 -16636.2 0.155275
1121000 299.647 -16700.2 -3.66092
1122000 297.553 -16761 14.9309
1123000 299.42 -16683.4 -19.7865
1124000 299.84 -16689.9 13.9421
1125000 301.759 -16671.6 -3.12922
1126000 299.225 -16690.4 -0.870093
1127000 300.823 -16640.3 8.10188
1128000 301.687 -16619.1 0.776847
1129000 300.181 -16713.8 0.601823
1130000 301.257 -16660.7 -1.62822
1131000 301.661 -16619.8 4.57639
1132000 298.272 -16708.1 -1.56931
1133000 300.347 -16663.7 3.59291
1134000 300.73 -16650.1 6.17318
1135000 298.907 -16725 0.859016
1136000 299.047 -16709.2 -3.56482
1137000 300.582 -16747.9 -16.0839
1138000 299.434 -16696.3 8.27214
1139000 300.118 -16681.4 -1.2628
1140000 301.331 -16617 0.122169
1141000 299.907 -16624.6 2.0293
1142000 300.964 -16618.9 6.99113
1143000 299.393 -16669.1 0.708307
1144000 297.891 -16685.3 -5.16055
1145000 299.427 -16681 0.802975
1146000 298.243 -16698.9 15.3319
1147000 298.678 -16693.8 -2.43854
1148000 300.336 -16644.1 12.2132
1149000 301.594 -16600.2 4.51024
1150000 297.847 -16638.5 5.09805
1151000 301.303 -16600.8 13.1725
1152000 302.045 -16542.4 -8.27717
1153000 300.303 -16581.2 -1.56486
1154000 300.096 -16586.4 10.9196
1155000 299.877 -16675.4 3.4346
1156000 298.301 -16628.7 -2.46367
1157000 300.622 -16633.4 -0.976019
1158000 300.649 -16710.4 -5.57486
1159000 297.93 -16725.1 6.16247
1160000 300.656 -16650.4 3.94241
1161000 300.401 -16618.8 2.48669
1162000 298.681 -16720.9 5.74135
1163000 300.06 -16657.2 3.92006
1164000 299.435 -16668.8 -11.5879
1165000 299.575 -16644 15.3102
1166000 299.606 -16611 -9.30636
1167000 301.253 -16622.9 5.36646
1168000 299.649 -16586.6 1.55356
1169000 299.323 -16661.3 14.8343
1170000 301.578 -16645 -8.48478
1171000 300.627 -16660.5 -1.17055
1172000 300.367 -16631.6 5.4426
1173000 301.102 -16606.4 3.18688
1174000 298.942 -16698.1 -2.44102
1175000 301.454 -16630.3 10.7472
1176000 300.688 -16620.9 -0.621915
1177000 299.471 -16650.3 3.59996
1178000 299.222 -16651.2 -0.893187
1179000 298.315 -16664.7 8.34319
1180000 300.094 -16679.5 -9.02719
1181000 300.022 -16675.7 3.30086
1182000 298.872 -16687.4 -2.77868
1183000 299.009 -16633.2 15.9785
1184000 300.045 -16638.5 -11.4716
1185000 299.923 -16610.3 14.3034
1186000 298.625 -16694.2 9.31337
1187000 301.74 -16674.1 -3.77729
1188000 298.046 -16676.4 -6.12127
1189000 300.151 -16661 2.6895
1190000 302.11 -16625.8 -3.98557
1191000 300.715 -16608.3 -0.27651
1192000 300.535 -16679.9 -13.3652
1193000 298.638 -16779.4 -4.62751
1194000 299.631 -16667.9 0.0652539
1195000 299.451 -16669.5 3.26866
1196000 301.638 -16605.5 -6.38011
1197000 300.243 -16605.5 13.2206
1198000 300.883 -16650.3 -3.49874
1199000 300.664 -16679.7 -1.00818
1200000 298.105 -16605.1 15.8345
1201000 299.695 -16615.9 11.9065
1202000 300.412 -16599.6 -2.38722
1203000 300.957 -16604.5 8.64985
1204000 296.961 -16678.6 16.0776
1205000 299.676 -16649.5 6.04481
1206000 299.769 -16665.7 0.423051
1207000 299.638 -16643 6.41421
1208000 300.27 -16656.1 2.19893
1209000 300.143 -16673.6 -17.4158
1210000 300.335 -16704.1 5.57117
1211000 300.309 -16698.6 -2.06034
1212000 298.28 -16675.9 10.0838
1213000 301.795 -16588.9 -5.25117
1214000 299.656 -16608.7 -1.0218
1215000 301.603 -16618.2 -5.44667
1216000 298.486 -16696.9 1.0694
1217000 298.345 -16685.6 2.49005
1218000 301.916 -16602.5 -13.1967
1219000 299.034 -16668.1 26.4925
1220000 297.928 -16719.4 5.27042
1221000 299.945 -16695.2 -0.862378
1222000 301.121 -16557.2 -10.8626
1223000 300.225 -16580.2 0.304767
1224000 299.654 -16619.4 -1.52173
1225000 300.102 -16657.7 2.16897
1226000 300.115 -16637.4 -1.63617
1227000 300.085 -16679.8 -0.7326
1228000 299.734 -16678.2 -0.248161
1229000 300.348 -16664.5 9.77512
1230000 299.53 -16668.6 -7.59265
1231000 300.534 -16614.2 0.485705
1232000 300.288 -16648.1 -19.2575
1233000 298.925 -16660 6.49659
1234000 301.864 -16594.7 -10.7047
1235000 299.272 -16703 -2.42532
1236000 300.756 -16677.7 -4.47262
1237000 299.708 -16659 11.4356
1238000 299.409 -16668.6 -1.22572
1239000 300.983 -16643.5 2.43143
1240000 300.701 -16680.2 -3.69637
1241000 300.066 -16682.4 3.12706
1242000 302.372 -16632.5 0.916435
1243000 300.458 -16605.5 -0.483317
1244000 300.248 -16617.6 -1.26951
1245000 299.658 -16606.7 2.05779
1246000 300.173 -16611 11.0153
1247000 300.471 -16644.4 -9.25709
1248000 300.166 -16644.6 2.8017
1249000 301.719 -16605.4 4.1472
1250000 298.478 -16678 1.08058
1251000 299.486 -16671.6 -2.21097
1252000 300.121 -16655.4 1.85575
1253000 300.723 -16629.7 0.666861
1254000 300.364 -16678.7 -3.58373
1255000 300.471 -16595.7 -2.57423
1256000 300.17 -16640.7 24.1622
1257000 300.47 -16688.5 -1.1155
1258000 298.971 -16628.7 -2.72466
1259000 299.232 -16654.3 15.0163
1260000 299.498 -16637.6 -14.3866
1261000 298.036 -16663.9 6.13961
1262000 300.414 -16623.8 11.0759
1263000 300.767 -16665.4 -6.14353
1264000 298.643 -16677.5 10.4211
1265000 300.478 -16667.9 -3.20333
1266000 299.777 -16650.3 -0.821168
1267000 302.235 -16613.9 -11.4479
1268000 300.996 -16636 12.8369
1269000 299.325 -16621.6 -5.78847
1270000 299.941 -16671.7 6.10301
1271000 299.194 -16629.5 5.39401
1272000 301.584 -16672.2 0.817706
1273000 299.278 -16690.5 3.41314
1274000 299.91 -16705.2 2.13207
1275000 300.577 -16704.3 -11.8576
1276000 298.904 -16644 17.4714
1277000 299.354 -16643 -3.72921
1278000 298.97 -16562 -7.39211
1279000 300.474 -16621.7 1.96348
1280000 302.056 -16629.8 -5.78557
1281000 302.038 -16625.6 1.80433
1282000 298.246 -16654.1 -4.74904
1283000 298.899 -16643.3 1.8721
1284000 301.073 -16583 -0.823089
1285000 299.814 -16621.2 -3.5513
1286000 300.788 -16563.6 18.8473
1287000 301.748 -16579.5 -3.00841
1288000 300.001 -16642.6 4.26655
1289000 301.432 -16628.9 9.88633
1290000 300.533 -16650.8 -4.95187
1291000 301.586 -16596.2 11.28
1292000 298.24 -16706.6 -5.11307
1293000 300.736 -16615.9 9.18395
1294000 299.381 -16623.8 -3.38335
1295000 299.616 -16650.2 6.53413
1296000 299.74 -16620 -8.43026
1297000 298.13 -16614.5 7.12468
1298000 299.991 -16635.2 -4.77247
1299000 299.962 -16642.3 -3.9464
1300000 299.133 -16675.4 -9.1189
1301000 300.453 -16684.6 15.8085
1302000 298.648 -16696.3 -1.28954
1303000 298.757 -16673.6 16.2168
1304000 300.445 -16698.4 -2.05136
1305000 299.288 -16742.6 -1.92213
1306000 300.449 -16710 -0.542815
1307000 298.09 -16709.3 7.54025
1308000 299.201 -16686.6 9.3732
1309000 299.872 -16694.3 -6.41675
1310000 297.323 -16678.6 -2.39942
1311000 300.828 -16675.2 15.431
1312000 299.937 -16660.4 4.38683
1313000 299.5 -16661.3 10.545
1314000 301.9 -16618.5 7.34374
1315000 300.784 -16598 -3.33064
1316000 301.591 -16549.3 0.253634
1317000 298.977 -16606.8 -5.6425
1318000 300.139 -16628.4 -7.72841
1319000 301.541 -16592.2 -12.1382
1320000 301.712 -16538.7 8.57111
1321000 302.755 -16589 -4.9098
1322000 298.587 -16668.3 11.0393
1323000 299.945 -16644.8 -4.62953
1324000 299.753 -16659.5 -13.1279
1325000 300.7 -16684.5 11.6632
1326000 298.843 -16710.9 1.48009
1327000 299.359 -16711.2 1.18097
1328000 299.137 -16649 -8.78583
1329000 298.781 -16700 14.4067
1330000 298.961 -16664.3 3.5162
1331000 300.218 -16719.5 9.00497
1332000 299.173 -16670.9 -1.75303
1333000 299.526 -16651.3 16.1936
1334000 299.851 -16638.2 7.46188
1335000 301.924 -16618.8 -5.58522
1336000 300.001 -16627.3 5.34709
1337000 300.962 -16612.4 -5.8813
1338000 300.884 -16642.1 8.60458
1339000 298.395 -16659.3 -4.46967
1340000 299.646 -16642.6 -3.28284
1341000 300.694 -16635.9 4.45587
1342000 298.802 -16587.8 7.97453
1343000 298.884 -16612.9 9.27408
1344000 299.834 -16618 -3.03767
1345000 299.615 -16665.6 1.62324
1346000 299.005 -16678.4 6.87929
1347000 301.415 -16661 -1.32946
1348000 298.329 -16666.1 8.36739
1349000 300.431 -16588.4 -5.4487
1350000 299.356 -16653.3 -3.81398
1351000 298.419 -16668.1 9.09721
1352000 300.461 -16647.7 3.82941
1353000 299.477 -16615.7 7.84333
1354000 299.62 -16674.4 0.303784
1355000 300.198 -16733.5 -7.94332
1356000 297.499 -16724.9 16.2598
1357000 300.954 -16667.9 5.72473
1358000 298.553 -16746.2 -6.4363
1359000 300.046 -16668.5 3.79539
1360000 300.429 -16621.7 -2.89432
1361000 301.048 -16638.5 -10.017
1362000 301.389 -16614.9 6.31764
1363000 300.925 -16634.6 1.71409
1364000 298.298 -16686.5 1.10831
1365000 299.765 -16676.9 -13.0026
1366000 301.288 -16632.2 20.86
1367000 299.578 -16659.1 -11.706
1368000 300.151 -16643.7 5.63146
1369000 301.809 -16644.8 0.93849
1370000 300.399 -16647.6 -10.5927
1371000 298.125 -16668.3 7.89462
1372000 301.17 -16644.4 -8.48818
1373000 301.166 -16610.2 -3.46008
1374000 301.647 -16653 6.69026
1375000 299.474 -16651.7 -16.9408
1376000 300.387 -16699.1 5.19275
1377000 301.647 -16645.5 9.70099
1378000 298.532 -16662.4 3.4731
1379000 297.978 -16664.7 7.90085
1380000 299.943 -16650.3 10.9747
1381000 299.528 -16667.8 3.10063
1382000 299.968 -16655.9 3.15844
1383000 301.159 -16655.9 -1.18892
1384000 300.705 -16604.1 0.687715
1385000 298.778 -16599.7 -0.354169
1386000 301.418 -16527.8 0.958258
1387000 301.523 -16586.1 3.04446
1388000 300.596 -16590.7 4.24086
1389000 299.283 -16673.1 -1.62176
1390000 300.578 -16705.2 -14.6216
1391000 300.554 -16611.7 0.483331
1392000 299.359 -16634.8 12.5925
1393000 298.689 -16632.7 22.105
1394000 299.628 -16593.4 -12.6985
1395000 299.325 -16703.2 9.15241
1396000 300.658 -16667.4 2.23515
1397000 301.544 -16641.7 -8.74513
1398000 301.085 -16615.4 5.87501
1399000 302.413 -16530.3 4.20442
1400000 300.082 -16572.8 -4.64465
1401000 300.283 -16604.5 11.89
1402000 300.241 -16597.5 0.152804
1403000 302.905 -16613.6 -0.811468
1404000 299.963 -16642.5 8.34384
1405000 298.465 -16617.6 4.4844
1406000 299.292 -16672.5 -4.79382
1407000 300.161 -16665.5 -0.562619
1408000 300.911 -16668.3 16.1086
1409000 298.574 -16646.5 -5.52826
1410000 298.676 -16652.3 1.47263
1411000 299.108 -16685.9 11.9761
1412000 301.693 -16607 -1.00265
1413000 299.036 -16680.6 -5.70685
1414000 298.376 -16640.6 4.978
1415000 299.377 -16601.7 2.14746
1416000 299.626 -16687.6 -8.03514
1417000 298.252 -16668.7 0.0776576
1418000 299.483 -16674.9 -13.0176
1419000 298.487 -16660.5 20.662
1420000 298.913 -16692.4 -12.0371
1421000 300.462 -16647 -4.62469
1422000 297.654 -16653.8 7.35628
1423000 300.63 -16631.8 7.9584
1424000 298.213 -16616.9 -2.17482
1425000 300.942 -16611.4 -3.56615
1426000 298.629 -16641.1 5.20262
1427000 300.619 -16624.3 6.73528
1428000 298.575 -16730.4 6.51914
1429000 300.225 -16623.8 -4.01054
1430000 300.756 -16601.1 -3.65518
1431000 301.293 -16620.2 9.69511
1432000 301.317 -16656.8 -11.0605
1433000 301.178 -16679.3 3.23161
1434000 301.154 -16641.4 -5.24905
1435000 300.452 -16633.2 4.92403
1436000 298.804 -16702.3 0.968096
1437000 299.08 -16748.4 -9.49045
1438000 299.06 -16689.2 7.62023
1439000 300.734 -16620.7 -0.983969
1440000 302.131 -16626 -1.15994
1441000 299.278 -16677.2 9.45427
1442000 300.727 -16570.7 3.43428
1443000 298.521 -16604.3 -1.19163
1444000 301.014 -16595.1 7.47186
1445000 300.369 -16639.6 -4.39568
1446000 299.774 -16636.6 2.37897
1447000 299.124 -16683.6 6.13207
1448000 299.723 -16675 7.25725
1449000 299.345 -16641 0.26254
1450000 300.484 -16668.8 9.15241
1451000 299.585 -16605.6 -3.8486
1452000 301.032 -16603.9 9.8485
1453000 299.966 -16549.2 -7.64636
1454000 300.262 -16622.2 2.30888
1455000 298.525 -16689.7 5.68421
1456000 299.445 -16719.3 -5.87668
1457000 299.12 -16697.4 -7.48728
1458000 301.348 -16618.8 0.67943
1459000 301.717 -16628.3 13.5354
1460000 300.599 -16653.3 5.85379
1461000 299.842 -16611.4 -5.55187
1462000 301.061 -16623.5 16.7759
1463000 301.192 -16601.2 -8.00332
1464000 300.653 -16625.8 -3.6501
1465000 300.818 -16633.3 0.72262
1466000 299.984 -16619.2 4.60719
1467000 300.437 -16602.3 1.3233
1468000 300.835 -16660.4 -4.25492
1469000 300.35 -16622.1 6.07736
1470000 300.69 -16582.6 -2.69594
1471000 299.402 -16590.6 4.196
1472000 299.475 -16656.6 -8.92285
1473000 302.244 -16610 -3.81184
1474000 299.773 -16629.1 -5.65876
1475000 300.139 -16653.1 -4.05475
1476000 300.36 -16649.8 13.1968
1477000 297.57 -16684.2 7.30683
1478000 299.943 -16651.1 -4.65903
1479000 298.981 -16699.5 -7.98854
1480000 300.361 -16645.6 3.14613
1481000 299.573 -16660.9 -19.8019
1482000 302.586 -16614.1 -4.07896
1483000 299.914 -16687 1.07669
1484000 299.51 -16643.4 1.08432
1485000 299.7 -16608.2 13.7927
1486000 300.998 -16619.3 5.61588
1487000 299.974 -16654.1 -7.56708
1488000 299.788 -16663.3 -11.7456
1489000 299.344 -16614.2 7.24678
1490000 299.319 -16698.5 -3.35228
1491000 301.178 -16597.3 10.788
1492000 300.56 -16635.1 1.96512
1493000 300.851 -16644.4 -8.23385
1494000 300.323 -16673.7 2.01225
1495000 300.269 -16684.4 0.845051
1496000 298.598 -16701.3 -0.268359
1497000 297.736 -16718.5 -0.76979
1498000 300.619 -16614.5 -8.1653
1499000 301.653 -16635.7 3.22684
1500000 300.864 -16629.9 -19.6765
1501000 300.202 -16557.9 13.1423
1502000 300.211 -16651.5 8.00763
1503000 297.634 -16726 3.86111
1504000 298.955 -16687.1 0.249763
1505000 299.168 -16648.7 5.0381
1506000 301.47 -16622.6 -5.62555
1507000 299.838 -16629.8 -1.88483
1508000 300.807 -16633 4.27226
1509000 298.345 -16694.8 8.20086
1510000 300.908 -16612.6 3.2143
1511000 298.189 -16629.4 1.53318
1512000 300.315 -16682 -7.84893
1513000 299.474 -16642.1 -7.76805
1514000 301.715 -16624.5 8.4768
1515000 298.54 -16627 4.82349
1516000 298.663 -16696.8 3.28648
1517000 300.502 -16634.2 -2.59736
1518000 299.931 -16601.3 6.52751
1519000 300.849 -16604.6 6.02186
1520000 300.119 -16634.3 -10.2204
1521000 299.679 -16631.4 -3.35721
1522000 298.984 -16673.3 -1.9149
1523000 298.941 -16652.1 14.2279
1524000 300.241 -16620.6 -4.21219
1525000 299.842 -16653.6 -7.02253
1526000 300.448 -16669.2 -2.73208
1527000 302.986 -16561.6 4.59628
1528000 300.402 -16656.3 14.4615
1529000 299.986 -16657.7 0.32359
1530000 299.276 -16694.8 2.12853
1531000 299.51 -16669.2 -4.42215
1532000 300.959 -16665.4 -6.53095
1533000 297.263 -16689 3.7607
1534000 300.137 -16692.7 2.43715
1535000 299.295 -16685.7 -1.44858
1536000 299.635 -16695 -2.30961
1537000 298.693 -16654.5 -3.38773
1538000 299.954 -16622.3 7.36158
1539000 300.758 -16606 -6.3867
1540000 301.48 -16619.1 2.11249
1541000 298.829 -16709.6 -1.76441
1542000 298.812 -16784.6 5.00231
1543000 300.274 -16704.5 -7.28068
1544000 299.223 -16623.5 20.9842
1545000 299.582 -16631.4 -1.51547
1546000 299.81 -16632.8 -3.75895
1547000 300.001 -16649.8 -5.33972
1548000 299.854 -16650 -3.03268
1549000 299.203 -16688.1 -6.61492
1550000 299.03 -16670.9 -2.42792
1551000 299.489 -16632.4 8.1139
1552000 299.264 -16699.3 2.97697
1553000 301.235 -16609.8 1.7611
1554000 302.81 -16573.4 -6.48366
1555000 300.01 -16636.2 4.03394
1556000 299.571 -16678.1 -1.4108
1557000 299.747 -16675.6 6.1351
1558000 300.399 -16608.8 5.44022
1559000 302.317 -16579.7 3.91483
1560000 300.336 -16639.5 -11.4188
1561000 299.681 -16645.5 18.1893
1562000 299.042 -16638.6 0.303141
1563000 299.912 -16660.9 7.02183
1564000 300.772 -16652.1 -11.4877
1565000 298.503 -16676.1 13.0596
1566000 299.331 -16673.8 -1.89055
1567000 301.726 -16621.6 -2.99445
1568000 300.325 -16667.7 -8.30404
1569000 301.174 -16672.9 -5.7604
1570000 298.94 -16680.9 1.78815
1571000 300.17 -16641.7 12.3714
1572000 299.936 -16696.1 4.8572
1573000 298.266 -16670.6 23.4624
1574000 298.321 -16702.4 -7.6834
1575000 299.473 -16661.8 -1.31024
1576000 299.115 -16611.9 7.69042
1577000 300.374 -16581.8 15.4893
1578000 299.319 -16645.2 -2.20234
1579000 301.756 -16639.9 7.06634
1580000 300.264 -16636.3 -1.25394
1581000 299.808 -16606.8 -14.6835
1582000 298.904 -16639.5 25.7423
1583000 302.348 -16638.3 -5.70124
1584000 298.981 -16728.1 -3.4233
1585000 298.982 -16672.9 -4.95418
1586000 300.352 -16650.7 6.08803
1587000 299.69 -16610.9 -4.08487
1588000 301.259 -16568.6 1.43591
1589000 300.442 -16574 -15.7823
1590000 299.009 -16641.1 11.0202
1591000 298.391 -16619.8 -5.56979
1592000 298.52 -16627.8 12.3455
1593000 299.866 -16598.8 -10.5416
1594000 299.118 -16608.7 11.0025
1595000 298.931 -16663.8 -13.1758
1596000 300.225 -16642.5 8.09206
1597000 300.215 -16721.2 -8.2054
1598000 300.902 -16658.2 -0.925946
1599000 299.688 -16684 15.1225
1600000 300.527 -16665.3 -4.32228
1601000 300.007 -16674.4 0.0835802
1602000 300.945 -16698.9 -2.38704
1603000 299.242 -16667.6 18.6963
1604000 301.354 -16677.9 -12.0195
1605000 299.398 -16634.7 3.17777
1606000 299.016 -16664.1 -2.76537
1607000 301.558 -16647.2 -1.7556
1608000 301.704 -16642.3 -2.7512
1609000 299.376 -16681.7 1.04484
1610000 298.967 -16651.3 2.86675
1611000 301.601 -16622.2 4.75376
1612000 300.735 -16635.6 -6.65134
1613000 299.898 -16547.9 9.52427
1614000 299.203 -16617.7 9.39914
1615000 301.072 -16565.5 5.51589
1616000 301.236 -16596 7.61628
1617000 298.813 -16718 -0.161187
1618000 298.455 -16689.5 17.5884
1619000 300.398 -16648.6 -9.24475
1620000 299.436 -16613.6 -5.89877
1621000 298.898 -16670.6 5.69716
1622000 301.411 -16635.4 -0.398917
1623000 299.692 -16643.9 5.25832
1624000 302.536 -16606.5 -12.655
1625000 299.967 -16660.9 9.19374
1626000 301.334 -16588.7 8.38913
1627000 300.283 -16678.8 3.13774
1628000 301.752 -16599.1 3.43701
1629000 299.209 -16638.5 6.41772
1630000 299.767 -16638.4 7.17587
1631000 301.044 -16640.9 -3.39979
1632000 299.726 -16618.8 1.78816
1633000 300.81 -16607 -1.21091
1634000 301.047 -16611.7 13.6037
1635000 299.545 -16607.1 -4.77838
1636000 301.524 -16624.2 -12.5479
1637000 300.547 -16631.3 6.26869
1638000 301.117 -16661.8 -11.6383
1639000 300.517 -16675.9 -0.163702
1640000 299.689 -16634.8 -3.25159
1641000 299.705 -16652.6 13.0192
1642000 300.975 -16601.8 0.633543
1643000 299.392 -16604.8 5.03492
1644000 298.815 -16662.7 -2.60471
1645000 299.886 -16630.5 11.6379
1646000 298.074 -16664.1 -1.81564
1647000 300.405 -16621.9 9.00909
1648000 300.594 -16616 14.7192
1649000 300.765 -16631.4 -9.96413
1650000 300.346 -16640.8 -2.60065
1651000 300.396 -16621.7 -13.1803
1652000 300.838 -16646.1 8.56938
1653000 300.689 -16668.1 0.113957
1654000 299.966 -16612.8 1.03183
1655000 299.925 -16609.3 -1.7206
1656000 298.456 -16587.7 14.2604
1657000 300.293 -16671 1.60772
1658000 300.375 -16666.2 -10.054
1659000 299.955 -16650.3 0.636399
1660000 301.315 -16667.1 3.15779
1661000 299.235 -16679.1 0.0664047
1662000 300.145 -16618.3 5.71388
1663000 301.536 -16583.5 16.4705
1664000 301.243 -16594.9 -10.5684
1665000 300.742 -16626.1 4.82998
1666000 301.267 -16635 -8.62419
1667000 297.991 -16655.5 11.8306
1668000 300.413 -16685.7 -9.97908
1669000 299.163 -16646.2 2.66537
1670000 301.339 -16592.9 2.556
1671000 298.823 -16601.2 -1.35814
1672000 298.767 -16632.8 10.4806
1673000 299.091 -16624 7.17295
1674000 298.603 -16682.5 8.97063
1675000 299.49 -16664.9 3.01549
1676000 300.722 -16593.3 0.431705
1677000 300.036 -16674.6 -2.66381
1678000 298.9 -16661.8 1.88012
1679000 299.847 -16658 10.8553
1680000 299.506 -16651.6 -11.4999
1681000 300.657 -16623.9 2.72519
1682000 300.217 -16641.9 5.92211
1683000 299.935 -16631.7 4.98636
1684000 299.828 -16593.5 7.67279
1685000 298.56 -16587 -0.287138
1686000 301.372 -16617.5 21.5042
1687000 298.736 -16664.8 3.04303
1688000 298.76 -16667.3 -10.0619
1689000 299.425 -16708 -10.9584
1690000 299.338 -16687.7 6.40956
1691000 296.6 -16721.8 0.999244
1692000 299.244 -16678.8 12.434
1693000 300.803 -16648.1 -14.2036
1694000 299.929 -16641.8 2.32881
1695000 299.311 -16680.1 2.5008
1696000 300.015 -16616.6 -3.59003
1697000 301.874 -16562.6 -8.78874
1698000 298.929 -16655.3 7.30874
1699000 298.104 -16666.3 24.0384
1700000 298.087 -16650.6 6.19012
1701000 301.22 -16623 -3.77334
1702000 300.782 -16647.1 -2.55957
1703000 300.978 -16665.8 6.63661
1704000 300.78 -16691.1 -11.626
1705000 299.674 -16661.2 -4.93605
1706000 298.288 -16678.3 -3.87725
1707000 299.633 -16637.8 1.60713
1708000 299.581 -16685.6 -0.920577
1709000 299.32 -16690.6 -1.85142
1710000 299.109 -16706.4 -2.96162
1711000 299.046 -16695.1 4.39832
1712000 299.444 -16618.3 4.23039
1713000 300.97 -16603.3 8.67689
1714000 299.361 -16626.6 4.02405
1715000 300.147 -16618.1 6.51702
1716000 300.413 -16616.9 9.94306
1717000 299.625 -16615.8 -7.44738
1718000 299.224 -16654.6 -2.27452
1719000 300.343 -16650.9 -5.35602
1720000 300.085 -16647.2 13.0805
1721000 298.49 -16685.6 8.01189
1722000 298.943 -16686.9 -3.70253
1723000 300.631 -16650.8 -7.32941
1724000 300.108 -16651 -7.38988
1725000 301.068 -16619.2 3.31333
1726000 299.466 -16622.5 11.2419
1727000 298.288 -16680.7 17.4606
1728000 298.816 -16625.3 8.99355
1729000 298.345 -16655.8 -13.2545
1730000 300.431 -16682.9 2.85628
1731000 299.428 -16730.5 4.40143
1732000 299.262 -16683.2 -2.96377
1733000 299.612 -16665.4 8.47032
1734000 300.856 -16663.3 -2.28281
1735000 298.141 -16694 -15.6893
1736000 300.159 -16589.7 6.97219
1737000 299.576 -16619 12.9796
1738000 301.348 -16628.1 4.87205
1739000 301.537 -16651 2.31145
1740000 297.324 -16684.2 -10.3929
1741000 298.454 -16651.9 -2.88012
1742000 300.572 -16644.7 -6.11091
1743000 300.14 -16665 -0.268833
1744000 298.671 -16678.2 10.5505
1745000 302.243 -16603.5 5.47348
1746000 300.136 -16627 -8.92945
1747000 300.324 -16639.4 4.11225
1748000 298.237 -16729.2 1.92361
1749000 300.071 -16639.1 7.93734
1750000 299.017 -16686.7 -2.6795
1751000 302.363 -16533.2 -0.273048
1752000 300.188 -16630.1 4.0759
1753000 298.415 -16688.6 -0.67706
1754000 301.052 -16639.5 -15.8528
1755000 301.346 -16607.5 9.56249
1756000 299.162 -16682.4 -1.08588
1757000 298.312 -16634 20.5423
1758000 298.45 -16621.6 -7.92494
1759000 299.071 -16680.9 15.4687
1760000 301.601 -16650.4 -19.4124
1761000 297.65 -16760 8.53935
1762000 300.27 -16619.1 4.75683
1763000 298.81 -16665.8 -11.464
1764000 300.005 -16637.8 8.70857
1765000 300.963 -16667.3 0.230788
1766000 298.83 -16681.4 0.772397
1767000 299.922 -16664 6.22578
1768000 301.476 -16648.5 -6.58327
1769000 298.509 -16698.9 4.91523
1770000 299.521 -16640.5 11.2098
1771000 299.278 -16663.4 -2.9176
1772000 301.246 -16628.5 -3.29493
1773000 298.71 -16621.2 -0.736547
1774000 298.678 -16649.4 0.483636
1775000 300.05 -16640.7 2.51585
1776000 300.681 -16617.5 -5.24496
1777000 299.273 -16620.5 2.04123
1778000 298.531 -16681.1 -6.94621
1779000 300.937 -16660.4 3.44321
1780000 299.011 -16680.9 -11.962
1781000 300.245 -16661.2 12.3616
1782000 298.478 -16682.4 14.7482
1783000 301.542 -16637.8 -5.54046
1784000 298.907 -16714.3 -5.77348
1785000 298.893 -16703.6 -3.86513
1786000 299.767 -16682.6 -4.80992
1787000 300.123 -16636.4 0.915407
1788000 299.55 -16598.3 7.99146
1789000 299.984 -16611.2 -3.00514
1790000 300.184 -16641.3 3.22063
1791000 301.378 -16635.7 -5.27532
1792000 299.779 -16692 -0.139794
1793000 300.835 -16667.3 13.1055
1794000 300.767 -16668 -6.8313
1795000 300.3 -16673.9 3.20263
1796000 301.931 -16623.1 -5.98698
1797000 299.652 -16602.3 10.3574
1798000 301.434 -16603.2 4.48547
1799000 300.608 -16595.2 0.503352
1800000 300.954 -16630.3 -0.897705
1801000 299.014 -16653.5 14.3011
1802000 299.991 -16645.5 -2.69055
1803000 298.943 -16609.3 7.17954
1804000 301.713 -16578.1 1.188
1805000 300.957 -16650.7 5.7194
1806000 299.697 -16631.7 3.78086
1807000 299.396 -16633.3 -3.00308
1808000 300.59 -16611.3 14.7772
1809000 300.036 -16587.9 -1.3284
1810000 301.688 -16581.5 -4.86759
1811000 298.691 -16652.5 -8.24258
1812000 302.057 -16626.1 4.28362
1813000 300.72 -16643.3 0.336276
1814000 301.615 -16614.6 0.00374746
1815000 299.994 -16631.6 1.15055
1816000 300.22 -16585.6 5.00569
1817000 299.026 -16613.8 6.98987
1818000 301.439 -16583 -7.4003
1819000 299.679 -16597.4 10.61
1820000 299.649 -16687.2 -0.487406
1821000 299.026 -16654.3 -2.28864
1822000 301.258 -16629.2 5.31208
1823000 300.001 -16718.3 5.71272
1824000 298.078 -16708.4 0.0465394
1825000 300.163 -16697.3 10.8999
1826000 300.585 -16676.4 6.37534
1827000 299.731 -16673 2.29903
1828000 299.96 -16616.3 10.7784
1829000 300.046 -16636.1 -5.46606
1830000 300.257 -16597 4.29378
1831000 299.977 -16624.9 16.7907
1832000 300.091 -16628.3 6.20231
1833000 299.219 -16638.8 8.88998
1834000 300.562 -16621.7 -1.22817
1835000 300.919 -16614.8 3.14216
1836000 298.279 -16667.6 18.9191
1837000 298.85 -16663.7 -4.08983
1838000 300.128 -16608.1 5.78381
1839000 300.96 -16546 -4.02968
1840000 301.686 -16553 6.46787
1841000 300.564 -16621 19.7911
1842000 299.937 -16609.7 -2.3504
1843000 300.21 -16643.7 16.6624
1844000 298.266 -16627.2 -2.28597
1845000 300.142 -16628.1 -3.47741
1846000 299.39 -16665 5.24344
1847000 302.122 -16623.2 -3.80499
1848000 301.159 -16624.8 -1.01959
1849000 300.477 -16603.2 0.116453
1850000 299.413 -16622.8 9.3249
1851000 298.297 -16673 -2.79119
1852000 299.881 -16665.7 0.696099
1853000 299.356 -16647 9.76374
1854000 298.603 -16587.5 0.935419
1855000 299.516 -16622.4 -0.263995
1856000 300.629 -16621.5 4.6773
1857000 302.204 -16591.6 -4.41743
1858000 300.165 -16689.1 -7.05608
1859000 298.288 -16681.5 20.5701
1860000 301.388 -16610.2 0.230434
1861000 299.728 -16621.5 0.899258
1862000 301.771 -16607.5 -3.60487
1863000 299.651 -16633.6 1.98855
1864000 298.877 -16682.6 21.6814
1865000 297.745 -16703.6 -6.90704
1866000 299.992 -16722.2 -1.58303
1867000 301.418 -16690 -0.384243
1868000 298.637 -16621.9 1.73076
1869000 301.812 -16625.5 6.95984
1870000 298.901 -16649.6 7.9052
1871000 302.451 -16622.2 1.87884
1872000 299.887 -16729.4 -1.00399
1873000 298.879 -16721.2 0.105382
1874000 300.121 -16652.3 1.05343
1875000 299.983 -16637.7 9.46039
1876000 299.913 -16692.2 -11.8575
1877000 298.931 -16676.9 3.87481
1878000 299.893 -16649.9 7.64133
1879000 300.182 -16620.1 1.00789
1880000 301.139 -16663.2 11.2356
1881000 300.833 -16579.6 -13.7469
1882000 298.622 -16641.9 6.29472
1883000 298.45 -16607.3 -4.77513
1884000 301.136 -16556.9 -1.54413
1885000 299.9 -16587.2 5.19433
1886000 298.978 -16631.4 6.80191
1887000 299.902 -16614.4 11.668
1888000 299.281 -16637.2 1.38989
1889000 300.967 -16638.3 -3.28811
1890000 299.892 -16636.8 7.96741
1891000 298.363 -16634.8 -0.515038
1892000 299.665 -16675.9 -8.55572
1893000 298.949 -16684.3 0.548724
1894000 301.531 -16617.6 4.29283
1895000 298.817 -16597.5 6.6255
1896000 299.472 -16587.9 3.28172
1897000 299.766 -16653.9 -2.2092
1898000 299.694 -16628.6 1.68331
1899000 299.282 -16669.9 5.27002
1900000 302.256 -16609.1 -14.272
1901000 299.222 -16642.4 5.90454
1902000 298.855 -16630.7 9.85275
1903000 299.547 -16689 0.830953
1904000 298.052 -16653 2.25488
1905000 300.419 -16630.4 -18.4681
1906000 298.979 -16674.9 12.5891
1907000 299.375 -16696 -6.11059
1908000 298.737 -16691.8 4.51999
1909000 300.284 -16741.1 -7.08254
1910000 298.893 -16682.4 12.8013
1911000 300.353 -16613.1 -0.880091
1912000 298.784 -16631.5 12.6172
1913000 300.708 -16589.7 3.62005
1914000 298.611 -16657.6 3.57707
1915000 299.691 -16651.7 -1.11888
1916000 299.616 -16678.4 -1.68874
1917000 301.368 -16594.2 0.928322
1918000 299.879 -16652.7 6.79842
1919000 300.959 -16710.9 -14.09
1920000 301.765 -16675.1 -0.144598
1921000 299.548 -16644.8 8.75261
1922000 298.629 -16645.7 -4.3357
1923000 300.004 -16616.1 1.45858
1924000 300.089 -16622.5 -2.97876
1925000 301.128 -16608.8 19.1254
1926000 300.269 -16677.6 -11.8498
1927000 299.223 -16692.5 3.65429
1928000 298.648 -16648.2 -7.13984
1929000 299.984 -16649.6 -7.73161
1930000 297.574 -16694.9 -1.72046
1931000 300.593 -16614.1 5.45272
1932000 299.354 -16599.9 1.43036
1933000 300.6 -16591.8 -1.25481
1934000 300.685 -16607.1 -2.32338
1935000 300.587 -16617.2 -3.38618
1936000 300.577 -16594.4 -0.0621092
1937000 299.418 -16607.6 10.8681
1938000 299.325 -16609.3 -7.15679
1939000 300.752 -16574.2 13.9927
1940000 300.011 -16654.1 -2.81993
1941000 299.804 -16684.3 2.1558
1942000 300.823 -16696.3 -0.604339
1943000 300.304 -16668.8 -4.50973
1944000 299.972 -16632 12.7585
1945000 302.224 -16576.3 -3.00769
1946000 299.025 -16653 -6.30204
1947000 297.451 -16663 1.49673
1948000 301.346 -16607.1 4.33809
1949000 299.149 -16608.1 -6.01527
1950000 301.566 -16598.1 9.88592
1951000 299.707 -16641.6 -8.15853
1952000 299.101 -16689.9 -4.47046
1953000 299.109 -16678 5.71226
1954000 300.074 -16678.2 1.1921
1955000 300.644 -16661.5 0.804339
1956000 300.264 -16655.7 0.741164
1957000 299.387 -16631.8 -3.19624
1958000 300.216 -16708.8 -1.32797
1959000 299.582 -16672.4 8.50336
1960000 299.996 -16632.7 -6.80469
1961000 299.093 -16678.9 0.87131
1962000 298.71 -16662.5 2.04144
1963000 299.933 -16619.2 0.999885
1964000 299.731 -16653.9 -2.53384
1965000 301.329 -16657.5 -0.279935
1966000 301.32 -16679.4 -15.8819
1967000 300.918 -16613.2 11.6631
1968000 300.593 -16630.6 -14.6529
1969000 298.975 -16610.7 -1.40842
1970000 300.876 -16615.4 -6.25284
1971000 300.554 -16683.1 0.524049
1972000 299.396 -16695.5 4.84846
1973000 300.517 -16617 8.84598
1974000 299.851 -16634 -1.45013
1975000 298.847 -16641.5 4.31954
1976000 299.929 -16631.2 0.651459
1977000 299.251 -16652.9 -0.271731
1978000 300.668 -16595.7 13.7169
1979000 298.947 -16666.8 21.9771
1980000 300.136 -16705.7 -20.3928
1981000 299.881 -16700.6 -1.82972
1982000 300.465 -16595.5 5.44879
1983000 299.868 -16670.1 3.93892
1984000 298.909 -16723.4 6.28349
1985000 300.241 -16603.5 6.37351
1986000 299.707 -16647.9 2.08014
1987000 301.931 -16601.7 -2.34977
1988000 302.123 -16560.9 -1.11675
1989000 301.034 -16603.3 5.56694
1990000 300.964 -16589 9.36913
1991000 298.041 -16641 4.33095
1992000 299.209 -16675.3 -2.7355
1993000 298.738 -16632.7 8.64427
1994000 300.827 -16608.9 7.88469
1995000 301.12 -16639.2 -6.10468
1996000 301.439 -16652 5.48106
1997000 299.415 -16685.9 -9.5944
1998000 299.736 -16688.6 6.37644
1999000 299.315 -16741.1 -3.5529
2000000 297.819 -16710.8 6.14507
