# Time-averaged data for fix 3
# TimeStep v_Temperature v_PotentialEnergy v_Pressure
2000 299.774 -16451 2.13655
3000 301.302 -16539.3 1.03805
4000 299.383 -16628.2 -0.290413
5000 299.535 -16651.2 2.71143
6000 299.037 -16668.8 0.854459
7000 299.728 -16624.7 -0.917004
8000 301.511 -16660 -5.45162
9000 301.336 -16685.6 -0.476638
10000 299.833 -16684.3 1.94638
11000 300.316 -16665.6 2.78861
12000 300.567 -16663.8 12.1147
13000 299.378 -16671.2 -6.25711
14000 300.181 -16682.3 -0.895386
15000 300.347 -16683.4 -3.6125
16000 300.308 -16667.2 -6.56335
17000 300.202 -16658.3 8.18908
18000 300.644 -16626.1 5.12479
19000 298.773 -16667.8 5.43792
20000 300.312 -16707.7 -8.43641
21000 299.946 -16741.7 3.19446
22000 301.16 -16675 -4.8903
23000 300.891 -16597.6 -1.26999
24000 300.311 -16620.9 -0.251303
25000 300.222 -16620 -3.10132
26000 300.017 -16596.8 13.009
27000 301.115 -16618.1 -1.09632
28000 299.397 -16661.2 10.0391
29000 301.31 -16638 -3.36982
30000 300.901 -16593.5 7.4621
31000 298.886 -16643.4 4.59134
32000 299.244 -16650.5 12.9351
33000 299.903 -16633 -7.48048
34000 299.344 -16707.1 -2.36647
35000 299.252 -16670.4 -0.667188
36000 297.883 -16732.3 -1.9018
37000 298.962 -16716.3 -12.7837
38000 301.125 -16726 5.27169
39000 301.064 -16682.3 3.61536
40000 298.629 -16676.4 0.295536
41000 300.58 -16731 3.21495
42000 299.997 -16697.4 -0.236561
43000 299.169 -16701.1 3.05665
44000 299.401 -16702.7 -0.795334
45000 299.717 -16655.5 -1.65061
46000 299.368 -16621.4 14.9546
47000 301.505 -16636 -12.2064
48000 298.308 -16650.5 11.4694
49000 299.576 -16657 -0.446379
50000 298.081 -16721.5 12.3713
51000 300.739 -16678.4 10.793
52000 301.111 -16648.2 10.3227
53000 300.32 -16621.8 0.408101
54000 299.036 -16636.6 0.995553
55000 299.314 -16698.7 -7.35549
56000 299.099 -16677.4 10.5768
57000 300.398 -16645.8 -4.23393
58000 301.382 -16656.3 4.87627
59000 300.578 -16618.9 9.61334
60000 301.012 -16637.6 -11.6116
61000 300.015 -16544.5 2.39236
62000 302.578 -16588.9 -10.2976
63000 299.703 -16636.3 3.03622
64000 300.8 -16633 1.8918
65000 298.971 -16621.7 6.53674
66000 298.743 -16656.9 3.08835
67000 299.245 -16676.4 17.8247
68000 300.231 -16658.2 -17.0305
69000 299.456 -16678.6 -0.33262
70000 299.866 -16731.2 -2.66197
71000 299.465 -16683.3 1.37855
72000 300.012 -16655.2 7.56425
73000 300.503 -16617.9 3.06413
74000 301.226 -16642.3 2.68445
75000 301.655 -16619.7 11.5585
76000 298.892 -16670.9 -3.18364
77000 301.968 -16596.4 -4.40456
78000 299.693 -16607.3 9.02754
79000 299.528 -16641.4 -5.46322
80000 299.887 -16652.3 -6.23763
81000 299.732 -16641.6 5.9307
82000 300.637 -16651.9 -14.3929
83000 298.375 -16674.5 15.7778
84000 299.798 -16651.1 -4.85051
85000 301.15 -16642.2 5.96037
86000 300.868 -16658.5 0.681382
87000 299.612 -16621.3 -3.07382
88000 299.408 -16645.6 10.0688
89000 300.556 -16616.3 4.63114
90000 298.69 -16632 1.92774
91000 300.236 -16622.5 5.29334
92000 299.135 -16619.6 1.45272
93000 300.212 -16630.5 11.2127
94000 300.784 -16613.9 -13.3429
95000 299.486 -16686.9 13.3697
96000 298.748 -16683.4 1.22312
97000 299.768 -16674.4 -6.42126
98000 300.398 -16641.3 6.79006
99000 299.285 -16642.7 5.98034
100000 299.274 -16690.8 2.14308
101000 298.935 -16680.6 7.11665
102000 299.919 -16631.8 1.06057
103000 301.412 -16629.7 3.66686
104000 298.462 -16679.1 -0.746765
105000 299.979 -16605.2 7.76399
106000 300.707 -16617.2 -2.13345
107000 298.648 -16646.8 6.57714
108000 300.953 -16678 3.27217
109000 299.68 -16671.1 2.96654
110000 298.02 -16694.8 -15.8319
111000 299.444 -16654.9 14.5494
112000 298.567 -16716.2 11.8579
113000 299.835 -16668 -12.4654
114000 299.24 -16649.3 -2.52004
115000 300.474 -16589.2 0.58992
116000 300.712 -16536.5 8.7953
117000 300.021 -16584.9 11.8074
118000 300.12 -16625.9 -6.84873
119000 301.247 -16595.1 2.43845
120000 300.637 -16597.5 7.62721
121000 299.175 -16670.6 7.10662
122000 300.326 -16580.7 14.9383
123000 301.446 -16605 12.2905
124000 299.95 -16644 2.27535
125000 299.539 -16666.9 2.44137
126000 299.516 -16689.7 3.21303
127000 300.538 -16721.9 0.847517
128000 300.504 -16733.3 -3.02001
129000 300.545 -16692.8 0.402763
130000 298.097 -16752.5 -2.55574
131000 300.573 -16638.8 -0.878675
132000 303.587 -16576.8 7.6756
133000 298.626 -16643.9 0.433965
134000 301.453 -16648.3 3.20647
135000 299.198 -16629.9 3.17069
136000 297.427 -16707.9 -13.5844
137000 300.582 -16674.2 13.0155
138000 300.253 -16671.7 -2.92273
139000 301.65 -16641.1 6.77151
140000 300.285 -16657.6 9.22552
141000 299.928 -16583.4 -10.3925
142000 299.867 -16616.8 2.10115
143000 300.096 -16678.4 5.19762
144000 297.864 -16687.1 15.6392
145000 300.522 -16678.9 -4.972
146000 300.05 -16619.6 -1.62579
147000 300.055 -16597.7 15.0577
148000 300.819 -16619 -8.13342
149000 302.158 -16600 5.63041
150000 300.515 -16706.3 -8.81203
151000 300.486 -16701.8 13.0503
152000 300.819 -16623.3 -5.99154
153000 299.271 -16665.1 3.49111
154000 299.317 -16669.6 0.794936
155000 299.648 -16667.3 -2.04125
156000 299.552 -16692.5 -3.56169
157000 297.23 -16665.8 3.99072
158000 300.381 -16574.1 3.59266
159000 300.518 -16638.4 -2.58549
160000 299.401 -16689.2 11.8031
161000 299.342 -16643.4 2.77715
162000 299.796 -16658.4 5.5113
163000 300.88 -16650.2 8.46616
164000 299.561 -16681.1 -7.01479
165000 299.112 -16575.5 5.97019
166000 300.682 -16654.7 -9.90505
167000 298.056 -16721.4 8.62936
168000 299.331 -16701.3 -2.87199
169000 298.954 -16742.9 -3.53368
170000 301.018 -16667.3 2.92984
171000 300.076 -16661.9 5.09641
172000 300.833 -16681.1 -6.72807
173000 300.739 -16654.3 -7.65561
174000 298.383 -16706.4 4.97548
175000 301.378 -16641.2 -2.02516
176000 299.518 -16635.4 5.79343
177000 301.281 -16597.5 3.89769
178000 298.964 -16632.9 4.18489
179000 298.551 -16734.7 8.61507
180000 301.853 -16626.6 -25.8844
181000 301.436 -16618 1.73557
182000 298.65 -16636.1 9.68512
183000 300.779 -16590.2 -7.68498
184000 300.631 -16603.6 -8.08704
185000 299.655 -16715.5 0.174274
186000 300.942 -16626.6 5.58997
187000 298.053 -16714.6 -5.7423
188000 299.434 -16634.7 8.93117
189000 299.7 -16635.8 -2.4333
190000 300.342 -16643.2 4.22241
191000 301.725 -16667 2.0031
192000 298.558 -16680.2 -7.29235
193000 299.644 -16634.7 5.61888
194000 298.206 -16629 2.65465
195000 300.582 -16657.6 -8.27739
196000 300.89 -16668 1.87941
197000 299.523 -16666.9 -4.02018
198000 300.052 -16602 2.14249
199000 299.127 -16654 6.97363
200000 298.926 -16674.5 0.379539
201000 301.368 -16578.7 1.59797
202000 300.236 -16572 0.970599
203000 299.13 -16602.7 -11.0027
204000 301.008 -16634.6 -8.8903
205000 300.397 -16620.8 1.33183
206000 298.569 -16706.1 11.2705
207000 299.858 -16683.3 -15.3905
208000 297.577 -16688.3 3.90457
209000 301.004 -16642.2 -2.93372
210000 299.613 -16614.8 -3.76241
211000 301.337 -16628.2 -9.33993
212000 298.138 -16635 6.48656
213000 298.786 -16662.7 11.3351
214000 300.979 -16666.8 -3.63425
215000 299.401 -16630.4 3.37416
216000 300.938 -16634.4 -1.73599
217000 300.69 -16634.4 8.51977
218000 301.013 -16573.5 -9.33277
219000 300.144 -16593.3 6.13737
220000 300.546 -16577.2 -5.49361
221000 299.775 -16638.3 7.11937
222000 298.047 -16679.8 6.71896
223000 301.254 -16665.2 1.12143
224000 299.912 -16654.3 -6.95572
225000 299.732 -16638.4 -9.14581
226000 300.374 -16671 16.23
227000 298.196 -16695.4 -12.3116
228000 299.747 -16638.9 -3.0409
229000 299.939 -16610.7 -6.38778
230000 300.064 -16642.7 8.13678
231000 301.327 -16676.8 -8.36934
232000 299.558 -16688.8 2.33338
233000 300.206 -16728.5 2.08135
234000 299.844 -16676 -1.8359
235000 301.497 -16662.6 -1.24782
236000 301.506 -16699.8 -6.10583
237000 300.655 -16654.9 10.4023
238000 300.313 -16683.4 1.26412
239000 299.437 -16666.7 -2.01656
240000 299.601 -16655.8 5.08156
241000 300.834 -16682.5 -3.03776
242000 300.184 -16642.6 -0.394386
243000 301.082 -16638.1 -2.72578
244000 299.037 -16704.5 1.71524
245000 298.791 -16744.1 9.21926
246000 298.217 -16703.4 9.03553
247000 298.967 -16666.5 0.69768
248000 298.98 -16711.1 6.15367
249000 299.789 -16685.9 0.738864
250000 300.045 -16702.7 0.968734
251000 299.179 -16700.5 5.4332
252000 300.007 -16712.8 -4.50546
253000 300.229 -16675.9 1.5761
254000 301.241 -16677.3 3.14953
255000 297.914 -16683.4 -4.74603
256000 300.018 -16649.8 1.11451
257000 299.58 -16650.6 13.0246
258000 298.793 -16657.9 -6.24798
259000 299.696 -16622.5 8.52649
260000 299.632 -16618.1 4.92244
261000 300.613 -16671 3.80507
262000 301.271 -16620.4 -8.83956
263000 300.464 -16640.8 0.69524
264000 301.004 -16585.9 6.59332
265000 298.953 -16665.7 14.2555
266000 297.987 -16709.9 -3.04788
267000 298.133 -16682.8 4.55101
268000 300.99 -16690.4 5.27311
269000 299.355 -16649.5 9.94808
270000 300.788 -16714.7 -15.739
271000 298.529 -16703.6 2.61337
272000 299.622 -16651.8 -4.02612
273000 299.853 -16638.5 7.73721
274000 299.756 -16690.7 5.5943
275000 299.587 -16701.7 -1.19152
276000 301.172 -16679.7 -4.0742
277000 298.866 -16686.8 4.37878
278000 301.239 -16618.4 6.53649
279000 299.564 -16687.4 1.06655
280000 299.957 -16650.9 11.9251
281000 300.421 -16630.5 2.408
282000 300.515 -16610.6 -4.35967
283000 300.215 -16614.5 -2.00925
284000 300.541 -16601.4 0.420815
285000 298.953 -16620 -6.36139
286000 300.946 -16556.9 0.386097
287000 300.038 -16613.2 14.971
288000 298.887 -16630.1 7.42629
289000 300.042 -16593.3 11.4535
290000 299.017 -16622.2 -4.3223
291000 298.361 -16659.7 7.35796
292000 301.526 -16598.2 -7.35841
293000 299.59 -16653.4 1.92205
294000 298.612 -16642.4 -0.88942
295000 301.412 -16619.1 13.2218
296000 300.871 -16579.7 -1.43387
297000 302.422 -16541.7 -12.2028
298000 300.071 -16613.3 -4.33138
299000 299.689 -16645.1 4.63151
300000 299.588 -16667.7 -1.84076
301000 298.968 -16672.6 3.90135
302000 301.316 -16633.1 6.17684
303000 298.868 -16629.8 4.64248
304000 299.116 -16631.6 1.13955
305000 301.312 -16644.8 3.74477
306000 300.295 -16670.1 -4.63604
307000 300.318 -16621.5 9.58246
308000 299.158 -16665.6 2.18907
309000 298.32 -16670.6 1.21208
310000 300.442 -16578.4 16.3302
311000 300.592 -16602.1 -0.924612
312000 300.526 -16568.7 0.92326
313000 300.011 -16624.5 4.86281
314000 300.85 -16661.2 3.4216
315000 298.797 -16620.6 8.09269
316000 300.61 -16639.5 -2.65966
317000 298.945 -16722.7 -0.600235
318000 299.316 -16741.7 6.49523
319000 299.837 -16731.4 -4.29766
320000 299.905 -16675.2 -2.70947
321000 299.708 -16714.5 -5.261
322000 300.68 -16635.7 1.77263
323000 300.892 -16723.7 14.2262
324000 299.702 -16645.3 4.20882
325000 301.414 -16636.7 -1.3707
326000 297.213 -16623 0.642531
327000 300.476 -16633 -5.15827
328000 299.981 -16699.2 -3.88487
329000 299.445 -16699.3 8.16952
330000 299.356 -16728.2 -5.56553
331000 299.913 -16659.4 10.9582
332000 299.347 -16698.8 -4.79044
333000 299.925 -16668.5 3.9829
334000 300.343 -16666.7 3.88519
335000 300.223 -16655.9 1.59316
336000 299.726 -16685.1 -3.98046
337000 300.335 -16672.3 5.27911
338000 300.756 -16643.4 4.54407
339000 298.841 -16659 7.96014
340000 299.38 -16658.1 -5.2808
341000 299.495 -16698.5 0.372184
342000 301.573 -16646.3 0.314332
343000 298.805 -16670.1 15.7827
344000 301.521 -16540.1 -10.7446
345000 300.243 -16567.4 -0.390743
346000 300.552 -16588.6 16.874
347000 299.387 -16611.5 5.74928
348000 298.455 -16729.1 3.30959
349000 299.759 -16656 5.9511
350000 299.846 -16677.7 -9.86109
351000 302.254 -16591.3 -4.06445
352000 298.24 -16654.9 5.82922
353000 298.904 -16674.6 5.3259
354000 297.944 -16734.7 2.99883
355000 300.52 -16677.1 -1.29436
356000 300.456 -16661.4 -2.70798
357000 300.949 -16641.7 16.4743
358000 299.652 -16682 -4.79632
359000 299.586 -16734.9 8.12507
360000 300.255 -16644.9 1.31967
361000 298.061 -16688.9 -14.775
362000 299.974 -16660.3 7.73491
363000 299.758 -16655.8 -1.30077
364000 301.39 -16661.1 1.42171
365000 299.513 -16646.2 5.04383
366000 299.354 -16637 4.23756
367000 299.637 -16616.4 -2.27935
368000 301.753 -16618 4.8104
369000 300.798 -16643.4 -1.271
370000 300.608 -16651 -0.611101
371000 300.285 -16666.9 -2.894
372000 300.184 -16671.3 4.0606
373000 299.615 -16644.4 -5.11663
374000 299.96 -16619.9 8.32502
375000 301.777 -16586.6 -0.910434
376000 299.816 -16625.3 0.280604
377000 300.055 -16640.2 1.37716
378000 298.33 -16733.1 7.79776
379000 299.684 -16673.2 4.51071
380000 299.596 -16684.3 -1.82659
381000 301.543 -16650.9 -6.66695
382000 298.473 -16666.9 -0.803
383000 300.392 -16659.3 -7.90651
384000 299.846 -16595.5 -2.39891
385000 301.059 -16563.7 -1.22201
386000 300.915 -16597.8 -3.74158
387000 301.572 -16593.5 0.221149
388000 299.366 -16650.5 8.13361
389000 300.325 -16608.1 -2.31343
390000 300.448 -16706.1 6.41389
391000 300.24 -16671.4 2.18464
392000 299.804 -16656.1 1.44149
393000 299.734 -16638 17.3973
394000 299.642 -16604.2 5.26157
395000 299.338 -16633.2 3.10668
396000 298.606 -16672.8 1.60057
397000 298.558 -16663.6 21.1898
398000 299.194 -16633 -3.04828
399000 298.955 -16607.9 -5.27899
400000 298.504 -16636.3 11.0965
401000 299.159 -16670.1 -7.11103
402000 300.091 -16668.2 6.63065
403000 299.388 -16626.8 0.0262084
404000 301.277 -16587.7 1.83355
405000 301.527 -16602.3 -0.52574
406000 299.455 -16655.7 9.33413
407000 300.947 -16622.5 0.386176
408000 300.045 -16612.6 -3.18257
409000 300.143 -16585 2.65291
410000 300.573 -16585.8 -5.17925
411000 300.987 -16612.3 -1.47937
412000 300.113 -16671.3 5.60266
413000 300.002 -16656.3 -10.6744
414000 300.445 -16658.4 -7.21617
415000 300.32 -16657.5 -8.23891
416000 300.638 -16607.9 3.44211
417000 300.291 -16640.5 2.81751
418000 302.545 -16629.3 -0.288989
419000 300.912 -16559.9 3.73425
420000 301.33 -16589 -13.3649
421000 299.563 -16651.3 3.58937
422000 298.858 -16678.1 -2.42898
423000 300.067 -16600.7 12.4638
424000 299.713 -16624.2 -8.19149
425000 301.433 -16661.5 0.729478
426000 298.532 -16662.2 -7.62154
427000 302.597 -16524.3 -11.5909
428000 300.163 -16619.3 10.9655
429000 298.854 -16712.8 5.48116
430000 299.408 -16686.8 -10.9347
431000 299.653 -16640.3 -1.78051
432000 298.77 -16741.8 -3.72729
433000 299.103 -16697.1 5.96381
434000 300.317 -16669 10.1641
435000 300.903 -16654.8 -15.5633
436000 301.151 -16633.9 -1.88947
437000 298.857 -16637.8 -0.149081
438000 302.121 -16561.5 1.97773
439000 301.011 -16645.4 8.30645
440000 301.405 -16655 -8.1209
441000 300.362 -16678.1 -7.25357
442000 299.721 -16697 -7.18813
443000 299.97 -16598.9 -4.38387
444000 298.508 -16642.8 9.94455
445000 301.581 -16621.4 6.71644
446000 301.215 -16676.8 1.19306
447000 301.011 -16621.4 3.5939
448000 300.125 -16620.8 3.34063
449000 301.683 -16584.8 3.20266
450000 300.703 -16626.5 3.41511
451000 300.674 -16657 -9.99732
452000 299.655 -16664.5 -7.72371
453000 300.375 -16646.1 -0.148489
454000 300.731 -16642 -7.44803
455000 300.668 -16680.4 1.30332
456000 301.329 -16656.3 1.18715
457000 299.311 -16661.8 6.73854
458000 300.714 -16649.7 -7.59249
459000 301.502 -16641.7 4.00661
460000 300.384 -16647.5 3.42776
461000 298.564 -16672.4 2.08437
462000 299.018 -16630.5 13.4472
463000 299.877 -16596.5 0.945911
464000 299.181 -16571.1 12.4123
465000 300.887 -16596.9 -0.290751
466000 300.024 -16641.7 -8.18932
467000 300.261 -16652.1 7.74753
468000 299.541 -16661.1 1.91514
469000 301.349 -16611.3 -5.203
470000 300.36 -16640.7 1.35046
471000 299.634 -16703.2 -14.5884
472000 299.879 -16696.4 5.5217
473000 300.002 -16633.5 7.56584
474000 300.364 -16658.5 2.9052
475000 299.392 -16688.2 -3.03062
476000 300.244 -16643.6 6.66784
477000 300.683 -16616.7 8.90124
478000 299.458 -16639.9 -4.26985
479000 300.46 -16680.7 1.95505
480000 301.714 -16651.6 -18.7095
481000 300.976 -16645.4 12.7659
482000 302.676 -16596.4 -14.204
483000 300.714 -16602.3 -5.64891
484000 301.847 -16634.8 0.573136
485000 300.334 -16670 -2.37875
486000 300.574 -16645.2 -5.79755
487000 298.493 -16675.4 6.97095
488000 298.208 -16646.8 17.7041
489000 301.133 -16615.7 2.52453
490000 298.95 -16583.5 12.8896
491000 298.89 -16558.4 -13.5613
492000 298.651 -16663.2 1.62717
493000 300.148 -16624.6 -4.13266
494000 299.557 -16663.6 -4.41418
495000 299.751 -16656.3 4.2886
496000 299.941 -16653.3 9.80926
497000 299.526 -16661.2 -9.26068
498000 300.087 -16607.9 6.22409
499000 300.745 -16651.2 -3.51014
500000 299.71 -16635.8 4.27601
501000 299.904 -16636.3 -5.12333
502000 299.401 -16610.1 18.2511
503000 300.985 -16647.4 -0.148438
504000 301.883 -16643.4 -5.97432
505000 299.829 -16673.4 -9.21722
506000 300.083 -16649.5 12.0407
507000 299.186 -16675.7 9.8212
508000 299.497 -16672.8 10.5263
509000 300.292 -16644.1 0.102894
510000 299.719 -16567.7 7.649
511000 301.212 -16594.9 10.5341
512000 300.15 -16642.7 -7.62789
513000 299.37 -16662.7 -2.80506
514000 299.908 -16607.2 14.5532
515000 299.912 -16588.6 4.25948
516000 301.171 -16637.3 -8.12438
517000 299.776 -16663.4 4.37692
518000 300.851 -16662.4 4.00538
519000 300.097 -16623.2 2.52055
520000 300.027 -16625.1 -0.407185
521000 300.236 -16580.1 7.64184
522000 299.725 -16579.4 -2.6363
523000 298.992 -16620.3 3.57015
524000 300.067 -16596.9 4.21544
525000 300.656 -16593.7 5.49721
526000 298.925 -16679.5 0.0336634
527000 299.013 -16648.1 3.59881
528000 299.346 -16623.9 -6.14761
529000 299.199 -16652.9 9.62759
530000 300.227 -16652.3 -3.89076
531000 298.698 -16658.5 4.54685
532000 299.385 -16697.7 1.55402
533000 302.142 -16673.3 -2.03054
534000 299.238 -16682.5 -2.29712
535000 300.138 -16638.5 7.88775
536000 300.033 -16633.9 2.81594
537000 299.839 -16619.9 -1.28114
538000 300.804 -16617.4 2.1614
539000 299.672 -16658.2 -0.31621
540000 300.199 -16686.2 2.88975
541000 300.503 -16655.9 -4.75252
542000 301.184 -16575.1 3.49843
543000 299.764 -16691.1 7.66475
544000 300.508 -16649.4 -4.44568
545000 299.853 -16716.6 5.4534
546000 299.372 -16714.9 7.16797
547000 299.036 -16713.8 -8.63838
548000 297.715 -16764.3 2.58977
549000 302.016 -16647.6 -2.79062
550000 300.089 -16675.9 -2.56785
551000 301.521 -16580.3 8.48209
552000 299.289 -16655.5 0.179723
553000 299.741 -16677.7 -0.872393
554000 298.827 -16634.3 3.25186
555000 299.773 -16653.8 -3.27674
556000 298.758 -16636.9 0.884571
557000 300.556 -16669.2 -0.991822
558000 300.055 -16634.6 -5.74877
559000 301.522 -16616.9 9.15752
560000 300.479 -16665.8 13.8601
561000 299.75 -16668.7 -2.52753
562000 299.991 -16627.8 9.79141
563000 298.158 -16654.4 8.06525
564000 299.126 -16625 -7.46574
565000 302.195 -16569.5 7.27636
566000 300.916 -16606.4 -5.16051
567000 299.876 -16646.1 11.2097
568000 299.097 -16653.9 0.838958
569000 300.541 -16604.5 -3.23194
570000 299.618 -16647.8 -6.44537
571000 299.568 -16640.9 9.43628
572000 298.9 -16664.3 -0.497048
573000 297.736 -16701.2 6.00764
574000 300.488 -16647.3 2.61966
575000 299.865 -16635.6 -7.51392
576000 300.194 -16653.4 3.73002
577000 300.484 -16583.3 5.79966
578000 299.917 -16634.7 -7.58422
579000 300.907 -16619.7 -2.60657
580000 298.227 -16649.5 0.133653
581000 299.889 -16685 -2.89794
582000 298.305 -16739.8 2.03248
583000 300.441 -16665.2 1.54636
584000 298.057 -16680.8 9.19897
585000 300.236 -16646.6 -4.29273
586000 299.84 -16629.4 1.02335
587000 300.614 -16670 3.03958
588000 300.686 -16629.2 4.45349
589000 300.209 -16687.1 -3.95406
590000 299.173 -16651.1 5.34649
591000 300.902 -16626.5 -8.74942
592000 297.989 -16694.2 14.5273
593000 300.398 -16644.3 3.21281
594000 300.895 -16601.9 -2.25368
595000 299.414 -16707.9 10.1409
596000 300.997 -16671.2 -5.81619
597000 299.915 -16649.5 -3.20066
598000 300.631 -16585.1 -0.645174
599000 299.322 -16627.7 3.38794
600000 298.367 -16645.6 5.38337
601000 300.422 -16598.8 -5.75064
602000 299.253 -16649.4 7.14737
603000 298.668 -16600.2 1.11387
604000 301.178 -16635 1.5699
605000 300.951 -16634.3 -3.10607
606000 300.022 -16620.2 1.67961
607000 299.107 -16574.4 14.6372
608000 300.813 -16581.3 -6.36424
609000 299.01 -16564.1 0.482377
610000 300.204 -16613 14.4125
611000 300.112 -16637.1 -9.61291
612000 299.173 -16646.6 6.9217
613000 299.064 -16608.8 4.79738
614000 300.165 -16601.2 6.95529
615000 300.02 -16607.9 -4.68486
616000 301.47 -16602 6.40267
617000 298.483 -16619.1 -9.73743
618000 299.976 -16636 8.37718
619000 299.112 -16677.4 -9.00032
620000 298.401 -16614.1 4.91578
621000 299.862 -16613.1 2.53661
622000 299.944 -16573.2 3.51951
623000 300.454 -16557.7 13.0139
624000 300.472 -16657.3 -5.41638
625000 301.154 -16591.6 3.93989
626000 297.671 -16676.3 4.25252
627000 299.577 -16667.1 -0.0803306
628000 299.63 -16696.2 5.18352
629000 299.501 -16688.5 -4.71523
630000 300.904 -16652.5 6.57593
631000 298.195 -16610.1 18.6911
632000 300.081 -16597.1 -0.688104
633000 299.246 -16647.2 14.4844
634000 301.238 -16639.1 -13.7373
635000 300.243 -16625.4 -7.67977
636000 301.767 -16586.8 -0.702067
637000 299.894 -16637.2 6.80584
638000 298.842 -16647.3 6.02799
639000 299.353 -16675.9 3.97613
640000 298.877 -16667.5 4.80677
641000 300.459 -16593.5 2.98083
642000 300.42 -16578.8 2.76486
643000 300.675 -16631.8 -9.60034
644000 297.599 -16684 2.60334
645000 301.197 -16726.4 2.94417
646000 299.992 -16683.1 11.4747
647000 298.507 -16706.4 12.1166
648000 299.512 -16636.8 -1.46573
649000 300.649 -16615.9 3.80467
650000 300.755 -16661.6 -5.24635
651000 300.404 -16668.1 6.32841
652000 300.262 -16661.4 -11.4916
653000 301.392 -16603.2 12.1237
654000 299.765 -16621.6 3.04776
655000 300.256 -16631 10.0503
656000 299.088 -16657.6 2.15484
657000 298.912 -16691.6 14.9125
658000 298.454 -16678.9 2.22652
659000 299.005 -16624.3 7.59024
660000 300.011 -16646.1 -5.3856
661000 298.635 -16705.9 11.1927
662000 299.87 -16667.7 -1.78765
663000 299.325 -16689.9 21.0915
664000 299.382 -16681.5 -8.8399
665000 299.018 -16649.1 2.33438
666000 299.817 -16599.6 3.98461
667000 299.295 -16614.8 11.0683
668000 300.893 -16625.5 -2.88459
669000 299.412 -16613.8 5.14084
670000 298.932 -16609 2.94724
671000 300.39 -16640.5 6.6372
672000 299.388 -16627.9 -1.62103
673000 301.552 -16612.6 -10.1721
674000 299.176 -16665.4 6.00604
675000 299.321 -16685.7 -7.05303
676000 300.884 -16689.6 -0.385893
677000 299.51 -16676.6 -4.41207
678000 300.044 -16662.8 2.9512
679000 299.077 -16651.9 22.3861
680000 299.139 -16587.5 -20.7703
681000 300.267 -16621 0.801905
682000 300.369 -16648.1 6.29594
683000 300.915 -16638.5 7.47956
684000 299.768 -16699.8 -1.08383
685000 298.619 -16659.7 -9.58462
686000 299.866 -16594.7 11.3052
687000 301.104 -16639.3 -5.59592
688000 299.67 -16601.6 -2.42277
689000 300.977 -16557.7 -3.46432
690000 300.239 -16620.2 5.20293
691000 300.327 -16639.2 6.18902
692000 298.519 -16660.3 -2.74809
693000 300.122 -16614.9 -9.7817
694000 299.711 -16647 4.4769
695000 300.085 -16635.5 0.594769
696000 298.37 -16679.7 -2.52991
697000 299.417 -16627.3 -4.40625
698000 298.321 -16617.7 6.25453
699000 297.859 -16736.8 -5.44784
700000 297.922 -16698 5.30265
701000 297.828 -16733.2 2.76878
702000 299.583 -16718.6 5.15357
703000 299.715 -16685.7 5.85446
704000 300.279 -16668.3 3.60743
705000 301.53 -16650.6 -2.31829
706000 299.598 -16718 1.83256
707000 299.136 -16657.2 4.88776
708000 299.977 -16625.3 1.59819
709000 299.91 -16646.9 10.1253
710000 301.703 -16601.9 20.2914
711000 300.113 -16639.4 10.4703
712000 299.884 -16655.3 -8.97143
713000 300.812 -16595.1 -7.96641
714000 298.464 -16615.7 16.0475
715000 298.581 -16593.7 -3.79946
716000 301.795 -16585.1 -1.54477
717000 300.854 -16585.7 -15.3031
718000 299.729 -16609.2 13.8782
719000 300.141 -16618.5 1.18207
720000 300.639 -16660.3 -3.12039
721000 299.089 -16686.4 -5.41541
722000 300.357 -16673.1 13.7133
723000 299.087 -16706.9 8.17636
724000 299.933 -16680.3 -2.08579
725000 302.627 -16628.8 -1.0161
726000 300.501 -16688 -3.51366
727000 298.668 -16701.2 -5.16824
728000 299.64 -16698.3 12.9845
729000 300.181 -16651.4 -4.89821
730000 301.596 -16577.5 -3.17994
731000 298.362 -16639.9 -9.5083
732000 299.809 -16637.7 -2.03662
733000 299.115 -16701.6 10.9221
734000 302.498 -16621.7 -7.07153
735000 301.665 -16621.6 6.44052
736000 299.139 -16663.5 4.06752
737000 301.142 -16627.6 -5.17512
738000 299.64 -16666.7 0.228873
739000 299.439 -16641.5 6.44384
740000 301.413 -16607.8 -4.03111
741000 298.5 -16671.8 -0.392459
742000 300.734 -16557.9 21.4608
743000 300.315 -16635.7 -7.2865
744000 300.028 -16645 -14.2172
745000 301.501 -16589.2 1.48853
746000 300.793 -16626.9 -3.02059
747000 299.869 -16662.5 12.1749
748000 300.141 -16613.2 -6.51921
749000 299.906 -16667.1 3.13496
750000 299.325 -16646.8 4.67214
751000 298.785 -16705.8 2.83338
752000 298.752 -16661 -6.01364
753000 300.568 -16661.3 3.55414
754000 299.806 -16695.2 -21.6826
755000 299.816 -16735.1 15.167
756000 301.968 -16632.7 -6.35679
757000 299.017 -16661.9 1.93958
758000 300 -16643.4 7.87703
759000 301.054 -16571.3 5.28036
760000 299.485 -16685.1 0.913563
761000 300.681 -16653.1 15.6403
762000 300.379 -16612.4 -4.20836
763000 301.039 -16581.5 2.20731
764000 299.838 -16617.2 6.7115
765000 298.821 -16687.8 -7.33987
766000 298.39 -16662.8 8.78792
767000 300.54 -16601.2 -10.4679
768000 301.651 -16571.3 -4.58462
769000 298.718 -16659.3 6.71232
770000 302.69 -16656 -2.30335
771000 299.787 -16674.6 4.00902
772000 300.03 -16649.4 20.7839
773000 299.705 -16690.7 -0.530562
774000 297.963 -16739.7 11.3714
775000 300.184 -16633.8 13.0988
776000 300.753 -16632.7 -12.1072
777000 298.812 -16719.4 8.70522
778000 298.927 -16707.4 -1.60051
779000 299.416 -16625.1 3.16726
780000 301.784 -16563.4 3.93464
781000 300.458 -16620.6 2.23086
782000 300.422 -16630.5 -0.40185
783000 301.299 -16588.1 -11.6343
784000 301.313 -16642.8 -2.93533
785000 300.191 -16638.2 15.2463
786000 301.083 -16612.1 4.13706
787000 297.825 -16700.3 -5.21693
788000 300.922 -16627.1 8.19982
789000 299.987 -16629.8 -0.238351
790000 301.449 -16639.4 -5.92673
791000 298.325 -16703.6 -1.6705
792000 299.761 -16676.6 0.260274
793000 299.375 -16644.3 -5.04253
794000 299.135 -16587 15.4042
795000 298.124 -16608.6 8.78627
796000 299.386 -16673.8 3.30695
797000 302.231 -16621 2.40191
798000 300.252 -16674 1.99946
799000 301.805 -16664 -1.85326
800000 301.657 -16581.7 2.09377
801000 300.73 -16648.6 3.83595
802000 298.661 -16736.7 -12.1971
803000 300.528 -16699.6 -0.458224
804000 298.898 -16670 9.77752
805000 300.647 -16706.4 -2.41742
806000 298.508 -16703.1 8.18267
807000 299.069 -16682.7 10.9715
808000 299.665 -16648.9 -2.23179
809000 299.766 -16661.9 2.74239
810000 299.501 -16693.3 22.2477
811000 301.187 -16648.7 4.06851
812000 299.895 -16678.4 5.17502
813000 298.652 -16678.1 -1.50355
814000 300.893 -16649.7 -7.58512
815000 301.216 -16629.7 10.2382
816000 299.448 -16624.6 5.47048
817000 300.744 -16584.8 -10.1317
818000 301.347 -16610.5 -1.41687
819000 299.087 -16616.7 7.77885
820000 301.374 -16604.6 1.44555
821000 298.835 -16608.2 6.40923
822000 301.575 -16624.2 6.08426
823000 301.487 -16537.1 5.50205
824000 300.253 -16572.3 -0.451677
825000 300.501 -16635.9 -9.73906
826000 301.574 -16620 9.67882
827000 301.351 -16552.3 -8.40447
828000 300.198 -16671.8 -2.55489
829000 299.781 -16623.5 6.83945
830000 298.687 -16687.4 -2.35028
831000 301.171 -16664 -3.74793
832000 301.917 -16625.9 -0.72395
833000 301.298 -16635.5 -2.946
834000 297.744 -16693.2 2.44264
835000 300.226 -16668 -3.87533
836000 301.583 -16602.6 -6.5771
837000 300.899 -16643.7 2.78368
838000 299.568 -16644.5 6.66451
839000 303.124 -16616 -3.85575
840000 300.655 -16671.3 6.38699
841000 301.73 -16635.5 17.2531
842000 300.649 -16655.3 -4.6954
843000 299.704 -16695.7 5.02923
844000 300.74 -16635.7 5.06518
845000 299.407 -16589.8 -1.71462
846000 298.278 -16616 0.960279
847000 301.32 -16633.6 6.14251
848000 299.797 -16688.9 -18.6052
849000 296.781 -16687.2 13.6434
850000 299.408 -16702.7 -2.48964
851000 300.246 -16646.7 -3.73274
852000 301.02 -16661.2 -6.79548
853000 299.382 -16688.6 3.34501
854000 299.565 -16691.5 -13.0643
855000 300.672 -16554.7 7.93107
856000 301.936 -16595.6 -2.95461
857000 299.709 -16601.2 3.10074
858000 298.942 -16659.1 6.43088
859000 301.386 -16601.4 -23.4693
860000 298.667 -16635.6 17.6509
861000 298.779 -16654.1 1.90786
862000 299.085 -16644.7 0.345178
863000 299.744 -16711.9 -17.2503
864000 299.609 -16740 -3.68275
865000 300.488 -16650.8 1.75322
866000 299.74 -16657.5 -1.7307
867000 301.439 -16619 -12.7259
868000 301.577 -16573 9.56374
869000 299.657 -16604.6 2.47536
870000 301.26 -16574.7 -7.76216
871000 298.201 -16615.1 -2.37934
872000 300.008 -16573.2 -3.74535
873000 300.078 -16600.1 8.72023
874000 299.05 -16626.3 0.0359929
875000 299.227 -16667.6 -5.67902
876000 299.365 -16622.9 7.69583
877000 300.829 -16562.2 -7.32788
878000 299.962 -16586.4 2.45049
879000 298.952 -16599.9 7.74004
880000 298.493 -16601 5.00881
881000 299.951 -16591 -2.46913
882000 299.037 -16607.5 1.49972
883000 301.832 -16613 -15.8163
884000 300.015 -16580.6 3.71131
885000 299.487 -16601.4 7.18239
886000 299.397 -16674.3 -2.72491
887000 300.715 -16632.6 0.996863
888000 298.899 -16666.8 -1.77673
889000 300.527 -16570 -7.19126
890000 297.265 -16597.1 13.1696
891000 300.661 -16598.7 0.96278
892000 300.3 -16590.2 -4.68292
893000 299.221 -16639.2 -5.09351
894000 299.96 -16621 10.4061
895000 301.361 -16596 1.20392
896000 298.147 -16698.7 1.12849
897000 301.659 -16576.7 -7.39566
898000 299.096 -16613.9 13.5539
899000 299.093 -16579.4 -8.41984
900000 300.823 -16598.8 -4.66796
901000 299.401 -16625.5 6.75277
902000 299.558 -16612.2 0.609828
903000 299.636 -16621 2.43644
904000 300.55 -16603 -1.28078
905000 298.284 -16622.5 4.15757
906000 300.981 -16614 -5.64969
907000 300.234 -16691.6 5.20954
908000 298.863 -16735.7 12.301
909000 301.01 -16645.3 -11.2189
910000 301.457 -16681.9 11.2806
911000 301.037 -16625.5 -7.95633
912000 302.465 -16588.3 4.32207
913000 298.853 -16681.7 1.48485
914000 301.267 -16593.7 -2.44436
915000 298.808 -16617.4 5.98203
916000 299.648 -16673 -10.1118
917000 298.021 -16636 19.4545
918000 299.656 -16670.1 9.34623
919000 298.946 -16607.5 10.1366
920000 298.297 -16646 -1.50502
921000 300.677 -16651.1 5.12003
922000 300.528 -16718.3 3.74157
923000 299.555 -16716.1 -4.89464
924000 298.92 -16696.7 13.7588
925000 299.842 -16692.3 -12.5285
926000 300.926 -16669.8 10.6061
927000 300.092 -16697.6 2.67875
928000 299.134 -16658.3 -3.12701
929000 300.172 -16651.5 -0.0755993
930000 302.073 -16648.3 4.72349
931000 298.458 -16699.5 2.80522
932000 300.303 -16668.7 9.1706
933000 300.171 -16662.4 -13.5893
934000 301.327 -16630.3 17.3045
935000 300.071 -16660.9 -3.71096
936000 298.012 -16702 2.8082
937000 301.022 -16642.8 -1.07457
938000 299.132 -16692.6 6.41415
939000 300.283 -16650.4 9.76676
940000 297.943 -16704.7 7.52966
941000 299.922 -16657.2 2.59765
942000 300.901 -16635.9 13.1633
943000 299.696 -16661.4 2.61599
944000 301.373 -16565.1 9.7894
945000 300.809 -16544 -0.265463
946000 302.179 -16563.8 5.58384
947000 299.207 -16624.2 -5.82867
948000 300.781 -16651.5 -2.17241
949000 299.389 -16695.3 -0.383075
950000 298.199 -16632.8 6.00275
951000 301.129 -16624 -0.484022
952000 301.494 -16670.1 0.476544
953000 299.31 -16647.5 -4.7168
954000 300.357 -16590.7 12.781
955000 298.192 -16662.7 -6.01923
956000 300.988 -16652.9 8.60525
957000 300.162 -16636.5 6.34144
958000 300.28 -16612.7 1.72394
959000 302.06 -16626.5 -3.88666
960000 299.579 -16669.3 0.535276
961000 299.273 -16648.9 0.573315
962000 300.094 -16640.7 -2.73324
963000 299.009 -16609.4 8.01569
964000 301.365 -16614 -3.35027
965000 299.399 -16662.4 9.6602
966000 299.766 -16653.9 -0.159571
967000 299.714 -16660.9 -8.3088
968000 299.217 -16662 3.90787
969000 301.686 -16608.8 -2.08456
970000 299.364 -16688 6.53006
971000 299.792 -16618.4 -11.2774
972000 300.911 -16664.7 -0.33174
973000 300.301 -16683.5 -11.1424
974000 301.084 -16701.9 9.52285
975000 299.696 -16728.7 -1.17416
976000 299.346 -16670 1.61419
977000 299.551 -16609.6 -9.81867
978000 302.508 -16571.9 3.54047
979000 300.269 -16605.3 0.863932
980000 300.095 -16621 10.5602
981000 300.777 -16612.4 -5.40349
982000 299.616 -16552.3 8.50977
983000 299.917 -16591.5 -10.5298
984000 299.66 -16581.7 7.66045
985000 300.659 -16624.6 2.67925
986000 300.726 -16702.6 -2.65885
987000 299.798 -16674 13.0543
988000 299.638 -16660.2 0.353489
989000 300.58 -16637.9 2.34819
990000 300.594 -16694 -3.79449
991000 300.138 -16707.5 -6.05104
992000 299.197 -16686.8 -0.0173015
993000 298.658 -16666.5 2.27839
994000 300.871 -16657.4 -8.19026
995000 300.698 -16674.8 -7.14346
996000 299.132 -16647.2 8.0865
997000 299.512 -16675.3 -6.21569
998000 300.166 -16634.7 -0.897305
999000 299.698 -16645.3 3.95954
1000000 299.904 -16713.5 -1.17886
1001000 300.745 -16717.2 2.78047
1002000 299.203 -16674.6 1.84369
1003000 298.389 -16662 6.45835
1004000 299.604 -16643.4 -2.72631
1005000 298.405 -16615.5 0.612276
1006000 299.508 -16641.2 -15.6322
1007000 300.733 -16595.3 8.48718
1008000 302.457 -16625.9 -2.24726
1009000 297.746 -16698.9 9.24004
1010000 301.095 -16654 4.17551
1011000 299.99 -16666.4 -0.787259
1012000 299.747 -16642.4 -0.111579
1013000 299.222 -16613.9 20.9689
1014000 300.67 -16608.8 -5.45144
1015000 300.111 -16651.1 4.07118
1016000 301.589 -16622.9 -7.96697
1017000 299.31 -16657.1 7.68808
1018000 298.914 -16679.2 6.02232
1019000 301.727 -16649.3 -10.8934
1020000 300.451 -16660.7 2.54759
1021000 298.419 -16697.6 -5.47036
1022000 299.158 -16660.6 7.38194
1023000 300.26 -16708.2 -10.0784
1024000 300.113 -16664.9 3.50328
1025000 301.446 -16622.6 -2.07471
1026000 298.936 -16656.3 6.9894
1027000 301.113 -16652.4 9.33494
1028000 301.116 -16612 -11.5462
1029000 299.953 -16610.6 1.05796
1030000 299.28 -16645.8 9.72628
1031000 298.57 -16666.1 2.94411
1032000 299.033 -16647.2 2.97824
1033000 299.265 -16642.4 3.70519
1034000 299.892 -16577.9 23.1082
1035000 300.159 -16640.1 -7.02369
1036000 300.114 -16686.8 -0.271312
1037000 301.974 -16561 -2.23578
1038000 301.24 -16605.3 9.23143
1039000 301.286 -16652.9 -4.90674
1040000 299.311 -16639.5 4.6877
1041000 300.166 -16651.1 -4.6686
1042000 299.21 -16653 13.3467
1043000 300.352 -16636.5 -4.42801
1044000 299.147 -16665.6 -5.45971
1045000 299.318 -16701.3 1.58227
1046000 300.033 -16647.1 -6.51307
1047000 301.063 -16601 -4.32121
1048000 300.304 -16627.8 1.77559
1049000 300.844 -16637.9 1.34097
1050000 301.047 -16602 -7.91782
1051000 300.874 -16649.7 -8.29692
1052000 300.086 -16607.9 7.28929
1053000 299.695 -16631.3 -2.93575
1054000 300.614 -16615.6 7.80031
1055000 298.44 -16640.1 -5.25911
1056000 298.281 -16651.4 20.5808
1057000 300.375 -16679.7 -13.5848
1058000 301.843 -16689.8 10.1347
1059000 300.011 -16709.7 -8.52703
1060000 300.722 -16640 -5.49758
1061000 300.401 -16627.8 5.46368
1062000 300.04 -16687.2 7.77899
1063000 301.58 -16658 -6.04656
1064000 299.504 -16689.1 12.3924
1065000 300.996 -16655.2 -7.73294
1066000 298.514 -16694 -5.08283
1067000 299.257 -16637.2 11.4689
1068000 301.781 -16606.7 -15.0789
1069000 300.747 -16656 8.067
1070000 299.719 -16640.7 -7.58746
1071000 300.751 -16623.9 -6.74491
1072000 299.696 -16636.5 -3.84893
1073000 299.712 -16680.5 0.382381
1074000 300.181 -16650.3 16.013
1075000 299.404 -16634.6 -8.77986
1076000 298.846 -16632.6 10.5758
1077000 298.614 -16670.3 9.87893
1078000 300.399 -16609.5 -6.95654
1079000 301.247 -16625.9 -1.79361
1080000 299.892 -16612.9 2.27243
1081000 300.406 -16596.8 -10.5094
1082000 298.828 -16636.6 11.2588
1083000 301.031 -16646.6 -5.88466
1084000 298.01 -16702.7 -1.69961
1085000 300.79 -16687.4 9.49739
1086000 298.843 -16648.8 6.97365
1087000 301.027 -16647.4 11.4339
1088000 301.547 -16665.5 -0.591716
1089000 299.609 -16728.3 3.29634
1090000 299.461 -16689.6 8.76352
1091000 298.824 -16660.3 2.99856
1092000 301.252 -16636.6 -0.678628
1093000 300.861 -16620.3 -6.71326
1094000 298.505 -16613.9 2.39098
1095000 300.072 -16663.3 -5.15441
1096000 300.235 -16617.7 2.35083
1097000 301.181 -16674.8 -0.891358
1098000 301.016 -16695.7 -6.51049
1099000 302.996 -16651.4 -12.0026
1100000 298.702 -16710.4 10.7317
1101000 298.39 -16773.6 -2.70169
1102000 300.127 -16727.3 -3.18208
1103000 297.322 -16682.6 9.53864
1104000 299.387 -16696.5 7.12569
1105000 300.391 -16626.4 10.3229
1106000 299.499 -16618.1 -17.1952
1107000 300.113 -16616.3 11.1138
1108000 298.252 -16628.3 2.70061
1109000 299.822 -16672.8 6.46155
1110000 299.361 -16650 3.98495
1111000 299.899 -16684.6 -12.1795
1112000 298.988 -16717.3 12.9703
1113000 299.99 -16696.7 -2.94525
1114000 300.288 -16662.9 1.40586
1115000 302.189 -16599.2 4.06671
1116000 300.292 -16579.9 3.91081
1117000 299.74 -16633.9 0.149192
1118000 298.612 -16769.9 -7.84974
1119000 299.559 -16645.7 -1.91842
1120000 300.344 -16634 8.27852
1121000 299.881 -16698.7 2.1073
1122000 298.638 -16673.5 12.0459
1123000 298.13 -16698 -2.54244
1124000 301.874 -16620.1 -7.49081
1125000 300.752 -16632.1 -1.2856
1126000 301.508 -16619.2 -0.794796
1127000 300.211 -16667.9 -0.335447
1128000 299.966 -16689.8 -4.61982
1129000 300.123 -16691 3.4961
1130000 302.099 -16648.3 -9.54626
1131000 298.947 -16633.6 3.05479
1132000 302.177 -16567.8 5.68925
1133000 301.285 -16610.4 -8.97852
1134000 300.441 -16599.7 8.8732
1135000 300.43 -16614.1 -1.13937
1136000 298.81 -16585.5 -4.56102
1137000 299.039 -16694.2 7.24165
1138000 299.862 -16684.8 -4.1455
1139000 299.535 -16645 12.0972
1140000 301.04 -16627.5 -2.49453
1141000 298.47 -16632.4 1.47587
1142000 302.076 -16639.5 0.83024
1143000 300.233 -16643.3 -2.67208
1144000 299.748 -16633.6 -11.8393
1145000 298.697 -16680 7.19898
1146000 301.067 -16607.3 3.37187
1147000 300.831 -16673.6 -8.49141
1148000 300.623 -16655.7 0.562006
1149000 301.069 -16661.3 -0.151247
1150000 300.264 -16695.8 2.79939
1151000 300.37 -16673.6 -8.48717
1152000 300.948 -16611.9 9.81805
1153000 300 -16648 9.75218
1154000 300.083 -16636.4 6.20806
1155000 301.176 -16628.7 9.64556
1156000 299.371 -16622 -7.35811
1157000 300.396 -16674.3 4.82673
1158000 298.305 -16692.7 -11.2983
1159000 300.111 -16651.1 5.38417
1160000 299.382 -16650 4.23648
1161000 300.569 -16612.5 2.30596
1162000 300.21 -16666 -6.7561
1163000 298.994 -16684.2 -1.70251
1164000 300.053 -16646.9 -6.63385
1165000 299.58 -16607.5 -5.45294
1166000 298.44 -16617 6.88458
1167000 301.411 -16597.8 7.021
1168000 299.072 -16676.3 0.93812
1169000 298.276 -16690.9 1.30902
1170000 299.938 -16641 -2.31045
1171000 299.732 -16647.3 -3.35379
1172000 302.157 -16555.9 8.09787
1173000 300.755 -16622.4 17.3004
1174000 298.17 -16709.7 -5.15166
1175000 301.125 -16646.9 3.61882
1176000 298.629 -16692.7 5.35033
1177000 298.827 -16665.2 5.21808
1178000 299.533 -16663.7 1.30525
1179000 298.492 -16716.1 4.32213
1180000 299.929 -16653.4 -0.967482
1181000 298.582 -16643.1 11.4644
1182000 301.203 -16621.1 -8.33461
1183000 301.408 -16597.1 -3.53049
1184000 298.944 -16670.7 1.62555
1185000 299.627 -16695.3 -9.91353
1186000 300.109 -16656.6 17.0712
1187000 299.032 -16666.4 -1.05377
1188000 299.647 -16676 -1.86616
1189000 299.809 -16693.4 -4.99591
1190000 300.922 -16639.2 2.59756
1191000 301.315 -16623.9 8.68196
1192000 300.259 -16640.4 -1.09454
1193000 299.896 -16595.5 6.81091
1194000 299.071 -16645.8 -2.54344
1195000 298.322 -16710.3 -3.99933
1196000 299.706 -16676.4 -3.87169
1197000 300.412 -16625.9 6.23895
1198000 301.52 -16548.6 -8.49996
1199000 300.828 -16617.7 -8.47195
1200000 299.849 -16655.9 -1.9657
1201000 298.752 -16667.2 3.97204
1202000 298.285 -16720.3 3.5537
1203000 301.397 -16668.5 -7.57131
1204000 300.342 -16649 15.0267
1205000 299.259 -16664.6 1.99071
1206000 299.214 -16654.3 -10.5117
1207000 300.64 -16627.8 0.152976
1208000 298.874 -16621.4 16.0433
1209000 299.967 -16581.1 0.371504
1210000 298.977 -16662 0.625101
1211000 300.945 -16664.7 -6.76796
1212000 299.338 -16667.1 2.2737
1213000 299.384 -16676.7 3.09094
1214000 299.876 -16639.9 -8.51083
1215000 300.282 -16606.4 7.49722
1216000 301.29 -16628.6 -5.43004
1217000 300.632 -16627 -2.20592
1218000 299.644 -16689.2 -5.26029
1219000 298.793 -16660.8 20.7098
1220000 298.96 -16631 10.1262
1221000 300.141 -16660.7 -4.30576
1222000 300.359 -16587.6 0.729032
1223000 300.542 -16578.6 -2.76103
1224000 300.839 -16582.7 -2.32714
1225000 301.46 -16582.6 13.751
1226000 301.952 -16627.3 -5.18364
1227000 300.107 -16635.6 -1.63927
1228000 299.862 -16638.5 10.8977
1229000 300.143 -16654.8 -2.16579
1230000 299.376 -16666 -2.88192
1231000 300.05 -16635.6 14.0998
1232000 300.53 -16656.9 -8.75901
1233000 301.217 -16652.3 1.01831
1234000 299.556 -16634.4 -8.54788
1235000 301.19 -16576.9 0.489598
1236000 299.738 -16562.9 7.2605
1237000 300.935 -16575 2.25837
1238000 300.047 -16562.1 16.5261
1239000 299.773 -16594.7 -8.36986
1240000 299.766 -16628.3 0.734073
1241000 298.65 -16649 0.71051
1242000 299.315 -16601.8 -0.905453
1243000 301.598 -16640.7 -6.69134
1244000 299.485 -16652.6 3.90509
1245000 297.187 -16723.4 7.85504
1246000 299.66 -16685.9 2.53294
1247000 302.328 -16614.5 -3.9616
1248000 299.534 -16615.9 9.66398
1249000 301.267 -16593.6 4.70597
1250000 301.171 -16604.8 -6.20272
1251000 300.003 -16683.4 1.601
1252000 301.305 -16627.5 7.69133
1253000 301.404 -16655.2 -3.53666
1254000 299.686 -16700.8 6.16403
1255000 299.98 -16682.9 -14.1319
1256000 300.943 -16684.5 4.51693
1257000 300.504 -16707.1 3.94005
1258000 299.795 -16672.5 -8.61663
1259000 299.292 -16656.7 0.691643
1260000 300.987 -16651.3 -4.54035
1261000 299.525 -16670.3 8.60569
1262000 299.245 -16654.8 -11.0115
1263000 301.802 -16608 2.09337
1264000 298.278 -16654.4 4.84032
1265000 301.288 -16662.7 9.31638
1266000 302.377 -16627.4 -7.75342
1267000 298.478 -16686.7 -5.24857
1268000 300.07 -16641.8 -2.6758
1269000 299.117 -16683.1 5.23725
1270000 299.985 -16644 13.0553
1271000 299.21 -16647.2 0.777317
1272000 300.01 -16591.6 -1.42954
1273000 301.37 -16575.4 1.65944
1274000 299.994 -16657.1 1.07155
1275000 300.361 -16639.5 2.15704
1276000 298.23 -16658.2 8.07291
1277000 299.2 -16653.5 -6.9084
1278000 299.601 -16626.7 20.4098
1279000 302.956 -16596.6 1.22892
1280000 300.917 -16665.5 -12.4296
1281000 299.68 -16609.2 4.65369
1282000 300.283 -16602.1 9.33945
1283000 300.908 -16619.1 -5.01841
1284000 300.483 -16666.8 2.3818
1285000 299.119 -16679.5 4.30357
1286000 300.359 -16593.3 9.28518
1287000 302.385 -16618.1 -4.14555
1288000 300.085 -16663 4.12382
1289000 298.81 -16710.5 17.2721
1290000 300.769 -16659.8 -9.9983
1291000 299.192 -16642 -7.01862
1292000 299.459 -16640.4 -8.68454
1293000 298.889 -16637.9 -1.96036
1294000 301.083 -16590.4 4.32255
1295000 300.28 -16649.9 8.91847
1296000 299.058 -16688.7 -0.539619
1297000 301.794 -16622.2 -9.39156
1298000 299.009 -16618.3 -4.37432
1299000 299.828 -16623.3 0.200261
1300000 301.312 -16595.5 -3.01419
1301000 301.986 -16543.9 5.48851
1302000 299.173 -16660.8 -14.6764
1303000 298.77 -16643.4 31.4534
1304000 299.541 -16606.2 -9.67255
1305000 299.214 -16589.8 5.16291
1306000 300.852 -16619.4 3.66372
1307000 299.305 -16677.6 0.295879
1308000 300.625 -16678.1 1.89879
1309000 300.694 -16602 13.0155
1310000 302.386 -16576.3 -4.64801
1311000 298.761 -16690.5 4.69637
1312000 299.679 -16617.8 -0.837504
1313000 300.28 -16619.1 5.20676
1314000 297.902 -16674.6 2.26811
1315000 298.525 -16644.9 8.75463
1316000 300.234 -16581.9 1.28594
1317000 302.133 -16561.3 9.79283
1318000 301.043 -16601 8.1698
1319000 300.694 -16643.4 -2.66388
1320000 301.779 -16599.4 8.64516
1321000 300.002 -16614.7 -0.34166
1322000 300.46 -16652.3 -17.6687
1323000 300.464 -16723.3 0.434875
1324000 298.948 -16671.1 -2.36502
1325000 298.527 -16649.7 15.7318
1326000 300.375 -16622.6 -5.88615
1327000 300.153 -16580.8 8.95194
1328000 298.597 -16678 13.5579
1329000 300.446 -16693.4 -16.6027
1330000 300.098 -16666.6 2.81065
1331000 300.451 -16620.3 -5.91925
1332000 299.061 -16622.9 1.80447
1333000 298.46 -16672.5 6.77212
1334000 299.887 -16701.4 0.600082
1335000 298.944 -16646.9 6.45863
1336000 300.906 -16638.3 4.32986
1337000 300.249 -16603 2.22051
1338000 302.462 -16541.3 -9.05812
1339000 301.081 -16565.3 4.92567
1340000 300.312 -16585.2 5.06156
1341000 298.904 -16661.9 1.83264
1342000 299.296 -16634.1 4.6463
1343000 298.748 -16690.2 -1.93928
1344000 300.768 -16644.5 -3.47673
1345000 300.168 -16690.4 0.361021
1346000 300.425 -16625.3 2.93344
1347000 299.345 -16705.5 -5.42779
1348000 300.015 -16669.9 -1.55234
1349000 298.826 -16654.9 17.8235
1350000 300.439 -16651.4 -3.86347
1351000 300.76 -16636.5 12.9633
1352000 299.861 -16696.1 -10.5512
1353000 299.123 -16661.5 8.65285
1354000 299.414 -16671.7 -8.11839
1355000 300.661 -16670.6 3.36809
1356000 301.198 -16639.2 4.81458
1357000 301.156 -16672.4 0.476
1358000 300.421 -16664.6 -0.284992
1359000 301.194 -16633.4 3.96917
1360000 299.746 -16639.2 3.01062
1361000 302.902 -16630.1 -0.964272
1362000 299.971 -16682.9 1.85996
1363000 297.942 -16691.7 -0.169715
1364000 301.253 -16683.6 -6.97311
1365000 300.367 -16651.7 17.5698
1366000 300.772 -16668.9 -1.33446
1367000 300.519 -16630.3 -0.433272
1368000 299.752 -16583.9 -3.66818
1369000 299.84 -16580 9.03565
1370000 300.56 -16624 18.1313
1371000 300.023 -16631.3 -9.3712
1372000 298.736 -16691.2 6.58365
1373000 299.83 -16672.2 7.57266
1374000 300.135 -16667.6 11.5919
1375000 301.976 -16623.8 -9.39769
1376000 300.109 -16691.8 -6.41023
1377000 299.663 -16657.6 19.746
1378000 302.549 -16625.9 -15.7893
1379000 299.691 -16672.3 17.3606
1380000 299.058 -16655 -0.38164
1381000 302.179 -16634.5 -8.96602
1382000 299.962 -16612.2 -8.54546
1383000 300.611 -16653.6 8.85877
1384000 300.616 -16695.2 -6.76093
1385000 299.218 -16695.9 6.98329
1386000 300.523 -16722.6 -2.49635
1387000 297.929 -16680.9 5.54438
1388000 299.817 -16644.6 -1.46419
1389000 300.564 -16562 5.02177
1390000 299.982 -16656.6 14.2022
1391000 301.345 -16634.2 -6.98047
1392000 300.271 -16666.7 -3.85029
1393000 297.898 -16728.3 -2.66502
1394000 299.453 -16704.9 10.4907
1395000 301.627 -16639.5 -2.81436
1396000 300.276 -16578.3 -8.66173
1397000 298.846 -16644.5 1.30697
1398000 301.129 -16599.5 3.52586
1399000 299.859 -16593.2 7.56074
1400000 298.023 -16665.5 -6.28452
1401000 299.296 -16667.8 3.75464
1402000 300.258 -16657.2 -0.993424
1403000 299.507 -16622.3 -6.48533
1404000 300.474 -16618.7 0.888685
1405000 299.983 -16620.4 15.7552
1406000 301.868 -16592.3 -1.66104
1407000 299.048 -16660.1 -6.07001
1408000 300.455 -16632.1 -3.13255
1409000 301.089 -16667.3 12.7063
1410000 299.428 -16644.2 -1.46284
1411000 299.535 -16676.6 0.312139
1412000 300.382 -16679.9 -0.0130734
1413000 301.1 -16668.7 -1.31308
1414000 300.899 -16634.3 6.80052
1415000 299.873 -16637.5 8.02761
1416000 298.451 -16675.9 -10.1368
1417000 299.295 -16668.9 9.12295
1418000 298.856 -16699.9 1.0004
1419000 298.156 -16729.9 -2.76635
1420000 301.508 -16589.7 -4.85343
1421000 299.665 -16636.1 -0.175331
1422000 301.785 -16639.6 -1.99282
1423000 299.936 -16645.1 7.53267
1424000 300.696 -16625.6 -4.78054
1425000 299.595 -16623.5 7.07836
1426000 299.252 -16655.9 -2.90904
1427000 299.527 -16665.4 9.11693
1428000 300.855 -16613.4 -1.72467
1429000 296.761 -16641.2 9.16411
1430000 301.491 -16634.3 -2.15478
1431000 301.645 -16664.8 -9.18932
1432000 299.537 -16686.8 -16.2946
1433000 297.999 -16713.5 -0.929168
1434000 301.149 -16594.3 2.02816
1435000 298.556 -16625.6 13.4333
1436000 301.117 -16581.6 6.0964
1437000 300.302 -16634.6 8.72813
1438000 300.206 -16654.4 -1.43104
1439000 298.608 -16614.5 12.5399
1440000 301.799 -16597.4 -11.1227
1441000 301.502 -16622.8 -3.41296
1442000 298.71 -16655.6 15.603
1443000 300.374 -16684.6 7.7072
1444000 300.315 -16658.9 -8.59898
1445000 297.981 -16676 8.61714
1446000 299.598 -16676.2 -3.04262
1447000 301.013 -16655 16.3655
1448000 297.177 -16697.8 -7.74172
1449000 299.206 -16669.2 6.72035
1450000 298.383 -16697.3 9.54969
1451000 299.406 -16661.6 8.73874
1452000 299.937 -16660.7 -1.57812
1453000 297.777 -16707.3 4.13969
1454000 301.823 -16666.2 -4.05494
1455000 300.202 -16661.5 12.0004
1456000 301.9 -16637.8 -12.0313
1457000 300.196 -16664.2 5.3241
1458000 300.39 -16710.1 -1.17953
1459000 299.997 -16629.7 -2.80678
1460000 300.101 -16581.4 10.4315
1461000 300.91 -16627 -6.56878
1462000 297.859 -16687.5 5.5622
1463000 299.839 -16647 -0.888873
1464000 299.915 -16605.5 7.62965
1465000 299.738 -16661.9 -8.85389
1466000 300.636 -16633.9 6.01679
1467000 299.5 -16614.6 -6.01154
1468000 300.354 -16635.2 -3.99979
1469000 302.153 -16604 -9.86442
1470000 301.392 -16625.9 -8.59589
1471000 297.864 -16632.4 13.6404
1472000 300.874 -16615.3 -10.9434
1473000 301.189 -16584.6 11.2354
1474000 299.159 -16694.8 9.38045
1475000 299.53 -16678.8 -5.19975
1476000 300.986 -16655.8 0.0853205
1477000 300.495 -16624.1 0.974176
1478000 301.17 -16638.3 5.25638
1479000 299.937 -16687.1 -8.53255
1480000 300.582 -16654.7 -6.95944
1481000 298.977 -16676.8 -2.0247
1482000 300.025 -16619 6.81562
1483000 299.191 -16688.4 -7.31806
1484000 300.527 -16649.2 13.6689
1485000 298.543 -16655.2 0.985368
1486000 300.437 -16639.5 -6.27811
1487000 299.913 -16609 -3.7766
1488000 299.579 -16601.7 12.7079
1489000 299.739 -16582.8 -2.86561
1490000 301.882 -16585 -9.00105
1491000 299.174 -16635.3 6.35577
1492000 301.357 -16606.4 -10.7653
1493000 300.08 -16613.6 20.9318
1494000 301.059 -16630.8 -9.84048
1495000 299.961 -16604.9 9.98726
1496000 299.264 -16635.3 4.23452
1497000 300.724 -16651.6 7.59127
1498000 299.194 -16723.1 2.57572
1499000 300.467 -16675 -7.30139
1500000 301.663 -16638.7 10.9167
1501000 299.16 -16683.6 14.9577
1502000 298.977 -16653.8 -7.56876
1503000 299.085 -16621.9 8.50971
1504000 299.468 -16609.4 -0.942628
1505000 298.878 -16682.7 -14.1099
1506000 300.702 -16615.6 8.89768
1507000 298.94 -16602.6 -11.0942
1508000 299.643 -16573.1 4.36381
1509000 299.121 -16615.3 -0.843689
1510000 299.223 -16644 8.23199
1511000 299.577 -16661.9 -0.147986
1512000 299.561 -16680.6 -8.6956
1513000 300.228 -16653.6 -2.1881
1514000 300.039 -16650.2 14.8483
1515000 300.098 -16638.6 12.112
1516000 298.838 -16654.9 -9.07986
1517000 298.097 -16641.5 4.73198
1518000 301.5 -16594.5 -7.5383
1519000 300.468 -16619.6 7.59203
1520000 299.497 -16637.9 3.46604
1521000 301.684 -16632.7 -5.35337
1522000 301.29 -16569.1 -0.662877
1523000 298.982 -16670.5 13.7043
1524000 299.268 -16677.1 -4.89635
1525000 299.86 -16660 -1.74268
1526000 300.147 -16653 10.2014
1527000 301.709 -16673.6 -18.3943
1528000 298.985 -16732.5 -0.845113
1529000 299.663 -16680.7 -0.484748
1530000 299.693 -16689.9 -7.61505
1531000 298.856 -16642.4 7.23449
1532000 299.484 -16690.3 -16.4174
1533000 301.298 -16633 17.3839
1534000 299.787 -16649.6 0.247708
1535000 301.207 -16651.3 -2.96922
1536000 300.353 -16697.9 3.29576
1537000 299.465 -16650.1 9.54497
1538000 302.026 -16654.6 4.93565
1539000 299.381 -16698.9 -5.27561
1540000 302.061 -16606.4 15.3794
1541000 298.33 -16681.6 -0.612723
1542000 299.77 -16671.5 4.59703
1543000 301.627 -16619.7 0.322976
1544000 298.044 -16704.2 -2.05901
1545000 298.731 -16627.9 1.19002
1546000 301.347 -16617.1 3.06304
1547000 300.216 -16664.1 1.0858
1548000 301.254 -16603.7 0.177207
1549000 300.141 -16611.9 -9.15786
1550000 300.735 -16625.7 -5.11532
1551000 300.14 -16609.6 9.18392
1552000 300.009 -16630.6 1.97205
1553000 298.929 -16711.8 -2.47737
1554000 299.183 -16679.1 14.4159
1555000 300.044 -16659.8 3.52721
1556000 300.319 -16641.2 0.0579253
1557000 299.873 -16633.5 -6.9275
1558000 298.685 -16659.3 -2.56935
1559000 297.996 -16696.7 14.6931
1560000 300.991 -16587.3 -10.9682
1561000 300.108 -16550.6 12.4185
1562000 300.851 -16623.6 2.30908
1563000 299.744 -16663.5 -11.5877
1564000 302.041 -16577.6 4.06197
1565000 299.68 -16647.7 -1.78799
1566000 299.829 -16674.4 0.118926
1567000 300.595 -16619.8 0.101852
1568000 300.061 -16623.1 -2.07619
1569000 301.461 -16584 -5.62993
1570000 299.87 -16667.7 20.0645
1571000 301.185 -16664.1 -16.8079
1572000 299.881 -16658.8 -0.558424
1573000 299.486 -16650.4 11.4846
1574000 301.41 -16620.1 -9.26912
1575000 299.07 -16665.7 8.51358
1576000 300.358 -16621.2 -4.91043
1577000 299.923 -16601.5 0.505942
1578000 299.006 -16674.1 2.70489
1579000 299.216 -16622.1 -3.4253
1580000 300.62 -16604.5 -1.61021
1581000 299.715 -16637 -9.19838
1582000 299.551 -16617.1 12.0814
1583000 299.098 -16611.1 -3.58398
1584000 302.047 -16623.6 -6.8957
1585000 298.624 -16666.4 6.60821
1586000 299.976 -16689.2 -0.819546
1587000 300.184 -16678.1 4.7706
1588000 299.203 -16690.2 1.27382
1589000 299.85 -16741.1 5.85481
1590000 298.539 -16699 1.83871
1591000 299.085 -16687.4 4.82037
1592000 297.801 -16685.2 10.5589
1593000 300.037 -16657.3 -13.8009
1594000 297.938 -16720.2 8.04717
1595000 301.016 -16679.9 -9.2785
1596000 300.926 -16615.4 6.27603
1597000 299.61 -16660.4 6.02915
1598000 299.907 -16646.3 2.22759
1599000 299.782 -16684.3 1.54876
1600000 299.036 -16654.1 -13.4608
1601000 300.701 -16640.9 -3.75695
1602000 301.756 -16547.5 2.85202
1603000 298.948 -16590.1 7.27335
1604000 298.786 -16639.4 -0.0305366
1605000 299.53 -16616.2 -3.29409
1606000 299.938 -16608.3 7.58254
1607000 300.873 -16641.1 -12.0474
1608000 300.604 -16665.1 17.2918
1609000 302.079 -16708.8 -0.82424
1610000 301.426 -16670.8 -2.76461
1611000 300.258 -16720.6 0.0676627
1612000 301.262 -16724.1 -7.2396
1613000 301.664 -16673.8 -4.69596
1614000 298.101 -16704 9.8568
1615000 298.46 -16746.4 5.02339
1616000 300.985 -16690.1 1.37158
1617000 301.048 -16648.9 18.9072
1618000 302.512 -16565.8 -5.16751
1619000 300.958 -16645.5 -14.745
1620000 300.993 -16661.1 -0.336208
1621000 300.579 -16624.3 6.17023
1622000 299.622 -16685.9 6.09147
1623000 299.324 -16694.7 6.88209
1624000 300.188 -16685.6 3.17363
1625000 300.738 -16615.7 -3.33445
1626000 299.681 -16607.1 3.20894
1627000 300.127 -16613.2 6.83861
1628000 300.779 -16623.6 5.51036
1629000 299.901 -16579.7 4.11888
1630000 301.294 -16626.1 -9.15187
1631000 299.391 -16663.1 7.64764
1632000 300.444 -16678.5 -14.8247
1633000 300.365 -16635.2 9.95659
1634000 301.567 -16593.5 -3.82552
1635000 301.186 -16617.5 -11.5299
1636000 300.186 -16650.2 7.79928
1637000 300.167 -16656.6 5.18352
1638000 296.799 -16633.8 11.5241
1639000 297.805 -16599.5 4.73194
1640000 298.301 -16714.6 -3.06288
1641000 300.3 -16651.3 11.4681
1642000 299.559 -16692.7 4.76829
1643000 300.686 -16671 -8.47412
1644000 300.341 -16619.2 11.3361
1645000 298.982 -16667.2 -7.41067
1646000 298.473 -16645.9 0.505652
1647000 299.753 -16621.3 4.73198
1648000 302.194 -16552.8 -0.850713
1649000 300.462 -16604.5 5.27472
1650000 299.456 -16693.9 0.716446
1651000 302.088 -16667.3 -2.99391
1652000 298.594 -16712.3 3.85167
1653000 299.28 -16741.9 6.13059
1654000 301.631 -16689 -10.0457
1655000 298.879 -16719.7 7.7427
1656000 300.406 -16673.3 -10.0107
1657000 300.952 -16626.7 -4.16761
1658000 299.118 -16631 8.37471
1659000 302.466 -16623.7 -0.34228
1660000 299.826 -16680.1 -12.7476
1661000 299.742 -16637.2 10.924
1662000 300.172 -16622.7 -3.97604
1663000 299.184 -16679.4 -8.6921
1664000 297.372 -16692.3 15.8689
1665000 299.304 -16669.6 -4.69119
1666000 300.574 -16680.8 1.91732
1667000 297.764 -16698.1 0.102448
1668000 300.626 -16635 4.16633
1669000 300.153 -16606.5 -2.16007
1670000 299.698 -16645.8 1.16453
1671000 300.112 -16681.7 -5.34842
1672000 300.009 -16632.6 2.573
1673000 300.054 -16621.5 -3.02078
1674000 299.628 -16648.4 -6.40784
1675000 298.938 -16705.1 -2.66308
1676000 299.252 -16660.1 -4.73941
1677000 299 -16618.2 7.37544
1678000 300.588 -16674.6 -8.05164
1679000 300.984 -16669.9 1.94312
1680000 300.742 -16643.2 -4.61576
1681000 300.911 -16671.1 -1.92175
1682000 299.512 -16685 2.01126
1683000 301.029 -16663.8 3.07519
1684000 299.077 -16678.2 -7.31728
1685000 298.415 -16709.7 -1.99219
1686000 298.139 -16722.8 6.82764
1687000 300.157 -16683.3 6.14796
1688000 298.501 -16709.5 -9.10603
1689000 299.437 -16725 13.721
1690000 299.12 -16676.4 -5.26131
1691000 299.034 -16686.1 11.4586
1692000 299.497 -16673 9.95471
1693000 301.442 -16714.7 1.12405
1694000 300.1 -16674.8 -3.38526
1695000 300.788 -16641.8 2.43547
1696000 297.077 -16651.1 5.79587
1697000 298.596 -16666 6.89018
1698000 299.74 -16565.6 6.60906
1699000 300.045 -16567.8 -2.58998
1700000 301.317 -16623.9 2.53293
1701000 300.586 -16574.5 8.39948
1702000 301.304 -16589.8 -6.43723
1703000 300.983 -16611.3 -7.49553
1704000 299.466 -16672 1.29006
1705000 301.97 -16655.4 -10.7714
1706000 300.212 -16673.9 1.18456
1707000 299.213 -16678.4 1.86293
1708000 296.987 -16673.5 -1.66698
1709000 299.133 -16624.4 4.15615
1710000 300.179 -16642.5 5.71585
1711000 299.418 -16649.5 17.0493
1712000 301.541 -16642.5 -0.892215
1713000 299.47 -16741.9 4.72184
1714000 298.001 -16730.5 -2.35125
1715000 299.929 -16596.2 12.5742
1716000 300.16 -16602.1 -3.25646
1717000 300.01 -16564.8 6.51413
1718000 301.059 -16602.5 -5.0618
1719000 301.465 -16600.1 -3.14921
1720000 300.015 -16682.7 7.26067
1721000 300.612 -16655.7 1.68574
1722000 298.877 -16633 6.16757
1723000 300.467 -16560.4 4.86326
1724000 300.505 -16601.9 0.435442
1725000 299.959 -16629.5 -5.66712
1726000 301.378 -16586.8 10.711
1727000 300.838 -16602.1 -2.90575
1728000 298.384 -16609.1 -1.52157
1729000 301.414 -16586.5 -6.32699
1730000 299.985 -16621.6 9.79302
1731000 300.08 -16652.4 0.697861
1732000 299.781 -16619.2 7.74206
1733000 298.706 -16669.5 10.6902
1734000 299.049 -16696.2 -1.75275
1735000 299.711 -16651.8 12.8194
1736000 299.083 -16719.1 -7.96791
1737000 299.467 -16707.2 -15.9503
1738000 300.363 -16726.1 7.98708
1739000 300.943 -16619.6 -3.98997
1740000 300.228 -16626.5 -8.92124
1741000 298.282 -16678.6 4.29571
1742000 299.813 -16641.6 1.21542
1743000 301.147 -16613.1 4.2451
1744000 299.258 -16678.7 13.0254
1745000 300.186 -16636.9 8.11944
1746000 300.086 -16606.7 6.79962
1747000 300.014 -16615.6 -7.03013
1748000 298.407 -16674.9 4.33863
1749000 301.208 -16655.1 10.6726
1750000 296.512 -16726.7 3.01962
1751000 300.677 -16699.3 -4.05317
1752000 300.24 -16676.8 5.10364
1753000 299.261 -16641.3 4.82711
1754000 299.104 -16682.7 4.60039
1755000 299.663 -16677 -8.6364
1756000 299.354 -16632.8 4.09712
1757000 299.417 -16623.2 -1.99594
1758000 300.599 -16646.2 6.21502
1759000 299.878 -16612.2 0.419086
1760000 299.494 -16619 9.6542
1761000 302.155 -16592.1 6.85414
1762000 299.586 -16593.3 6.93549
1763000 302.369 -16589.9 0.5014
1764000 300.201 -16610 3.81128
1765000 299.38 -16613.2 6.46321
1766000 300.231 -16654.4 -3.56063
1767000 300.75 -16588.9 1.50559
1768000 299.618 -16662.3 6.51436
1769000 301.577 -16647.6 0.384626
1770000 299.305 -16713.4 -9.89415
1771000 301.196 -16675 3.12562
1772000 300.361 -16717 2.06978
1773000 299.9 -16644 -2.44247
1774000 298.407 -16754 4.93452
1775000 299.106 -16707 3.06553
1776000 299.483 -16686.2 -7.62357
1777000 299.95 -16663.9 12.3878
1778000 297.02 -16649.3 -1.16661
1779000 300.044 -16670.1 -3.88477
1780000 301.465 -16629 0.440919
1781000 299.943 -16676.1 -2.08384
1782000 301.871 -16601.2 10.3122
1783000 299.664 -16655.5 -9.85095
1784000 299.434 -16698.5 -8.66985
1785000 300.723 -16668.9 15.6524
1786000 300.539 -16650.6 -7.30288
1787000 299.748 -16658.8 1.5999
1788000 301.735 -16631.2 1.35472
1789000 300.915 -16674.1 11.394
1790000 298.552 -16707.9 -8.59311
1791000 300.09 -16633.7 -10.5517
1792000 299.612 -16667.8 13.2522
1793000 301.027 -16638.5 5.24067
1794000 301.611 -16617.2 -5.75181
1795000 300.481 -16688.4 -2.21969
1796000 297.383 -16697 3.44655
1797000 300.186 -16669.8 2.84851
1798000 302.544 -16596 6.40178
1799000 299.121 -16620.4 10.1309
1800000 299.623 -16611.5 -0.454055
1801000 300.773 -16614.9 9.17613
1802000 301.246 -16607.2 1.04174
1803000 300.749 -16586.2 -7.75838
1804000 300.67 -16626.4 2.20593
1805000 300.954 -16659.5 -2.39888
1806000 300.164 -16610.8 7.65564
1807000 298.19 -16671.2 4.43772
1808000 301.344 -16590 -1.36819
1809000 300.522 -16655.5 -5.71931
1810000 299.511 -16646 1.16414
1811000 301.017 -16612.3 -1.82036
1812000 301.367 -16610.2 -5.70243
1813000 299.521 -16623 -6.29926
1814000 299.788 -16650 -8.57705
1815000 299.276 -16645.8 1.92418
1816000 301.53 -16596.8 -6.35869
1817000 300.142 -16643.3 0.531074
1818000 299.756 -16693 11.0407
1819000 299.029 -16723.8 1.28134
1820000 299.314 -16659.2 8.16472
1821000 299.655 -16640.4 -6.17038
1822000 299.213 -16684.2 -2.19736
1823000 298.954 -16631.4 -0.680651
1824000 300.1 -16570.9 8.60038
1825000 300.52 -16602.8 2.53764
1826000 299.686 -16612.6 -13.7588
1827000 299.625 -16634.3 4.7685
1828000 300.938 -16612.4 16.9731
1829000 302.162 -16596.6 -12.538
1830000 301.642 -16576.1 13.7658
1831000 300.301 -16637.7 -5.89801
1832000 298.994 -16603.2 11.8875
1833000 298.636 -16694.8 -6.28552
1834000 301.016 -16600.6 7.75873
1835000 300.779 -16632 -0.176048
1836000 300.92 -16636.8 -1.53419
1837000 302.02 -16569.4 9.3533
1838000 299.532 -16668.1 9.94933
1839000 301.65 -16640.9 -8.49011
1840000 300.362 -16627.6 -11.7007
1841000 299.496 -16641.8 5.35191
1842000 299.616 -16613.5 2.24498
1843000 299.172 -16614.6 0.112905
1844000 301.874 -16636.3 -6.23954
1845000 299.331 -16660.1 -1.86514
1846000 297.961 -16660.8 16.1348
1847000 299.063 -16613.6 8.28979
1848000 301.121 -16594 1.40815
1849000 299.004 -16703 -2.61306
1850000 298.294 -16692.3 1.33114
1851000 300.56 -16615.5 11.8389
1852000 299.882 -16627.8 5.96096
1853000 299.444 -16602.8 -2.41583
1854000 298.693 -16617.1 -12.9427
1855000 301.264 -16594.7 10.1346
1856000 298.611 -16647.9 -0.129783
1857000 300.019 -16643.7 8.23664
1858000 299.11 -16672.4 -7.51465
1859000 301.302 -16618.5 10.0705
1860000 300.725 -16684.5 -12.8045
1861000 300.306 -16674.2 14.1868
1862000 300.771 -16674.5 -13.1393
1863000 301.04 -16654.1 15.0506
1864000 297.586 -16730.3 -11.0248
1865000 300.756 -16642.9 7.3543
1866000 300.304 -16648.3 -7.29797
1867000 300.491 -16667.7 1.2381
1868000 301.076 -16628.1 -1.24909
1869000 300.604 -16668.5 0.485289
1870000 299.541 -16614.9 3.52893
1871000 299.938 -16636.8 -1.25553
1872000 298.643 -16646.7 -2.3239
1873000 301.053 -16607.3 3.80384
1874000 301.548 -16611.4 -9.93316
1875000 299.174 -16654.2 -2.92777
1876000 299.697 -16662.5 2.18911
1877000 299.993 -16642.4 -3.61831
1878000 299.034 -16706.5 -0.540414
1879000 300.242 -16652.5 1.69449
1880000 301.706 -16592.9 2.07012
1881000 297.531 -16691.7 23.009
1882000 298.467 -16688.1 -2.20359
1883000 299.626 -16666.7 4.11125
1884000 299.227 -16617.8 12.4341
1885000 300.362 -16646.8 -6.22694
1886000 299.881 -16599.8 -0.782473
1887000 300.394 -16625.3 7.14372
1888000 299.349 -16622 16.2106
1889000 298.622 -16698.9 -5.99284
1890000 302.702 -16609.2 2.57083
1891000 299.048 -16633.8 11.5694
1892000 299.802 -16661.7 1.2742
1893000 300.781 -16678.3 -14.5223
1894000 298.425 -16673.9 18.3824
1895000 300.21 -16598.9 7.40697
1896000 299.786 -16638.2 -10.2115
1897000 299.982 -16673.8 2.78067
1898000 297.902 -16649.8 11.28
1899000 299.988 -16614.6 -6.13004
1900000 300.119 -16620.6 -2.996
1901000 300.267 -16643.1 9.61747
1902000 298.795 -16622.8 -4.12894
1903000 300.456 -16630.3 -2.88322
1904000 299.439 -16646.4 8.52778
1905000 299.502 -16657 7.50081
1906000 300.377 -16647.9 -5.0798
1907000 298.241 -16711.4 -4.17975
1908000 300.357 -16655.7 15.7056
1909000 301.116 -16636.7 -4.19231
1910000 301.381 -16528.3 12.1452
1911000 299.202 -16590.5 5.47502
1912000 301.508 -16626.4 -10.8531
1913000 300.655 -16627.5 -2.08487
1914000 301.646 -16606.9 3.18839
1915000 299.14 -16611.2 0.833557
1916000 301.378 -16556.6 0.420244
1917000 299.175 -16612.2 5.65621
1918000 301.222 -16586.8 5.20301
1919000 300.927 -16605.4 0.677246
1920000 299.012 -16640.8 9.02402
1921000 301.289 -16594.8 5.49753
1922000 302.41 -16637.7 -10.3312
1923000 299.858 -16701.4 -1.72185
1924000 300.426 -16725.6 -2.58178
1925000 300.299 -16692.2 -7.32672
1926000 298.772 -16646 0.891081
1927000 298.681 -16679.2 2.86109
1928000 300.493 -16672.3 -2.77423
1929000 298.807 -16694.1 3.56756
1930000 301.079 -16668.8 -3.80757
1931000 299.908 -16661.2 21.0985
1932000 299.938 -16678.6 -6.26733
1933000 302.058 -16634.8 -6.99862
1934000 299.402 -16631.1 6.17938
1935000 299.652 -16640.1 1.58419
1936000 300.851 -16624.3 20.0856
1937000 299.961 -16637 -1.07566
1938000 302.097 -16664.1 0.549759
1939000 298.57 -16597.3 3.8798
1940000 299.055 -16678.4 -3.64627
1941000 297.708 -16724.8 1.68871
1942000 297.235 -16703 -6.85757
1943000 300.76 -16590.8 10.3856
1944000 297.964 -16694.6 -10.5588
1945000 301.297 -16617.4 5.54188
1946000 300.685 -16628.1 -3.78127
1947000 300.103 -16624.9 -1.29716
1948000 301.04 -16593.6 2.07171
1949000 300.385 -16630.1 -7.43189
1950000 300.347 -16630.6 7.3756
1951000 297.46 -16682.4 10.1771
1952000 297.276 -16719.9 -4.27683
1953000 300.047 -16665 -12.06
1954000 300.204 -16609.8 -2.09806
1955000 300.291 -16592.3 -2.70031
1956000 299.879 -16613.4 4.61669
1957000 297.887 -16665.7 1.65504
1958000 300.802 -16664.5 -4.47941
1959000 298.713 -16641.9 4.89122
1960000 300.699 -16607.4 6.96358
1961000 297.211 -16647.8 -3.3084
1962000 300.538 -16652.1 -4.07462
1963000 300.221 -16621.3 7.15428
1964000 299.806 -16647.9 9.54299
1965000 299.986 -16689.1 1.11714
1966000 300.285 -16722.3 -4.98485
1967000 299.81 -16683.7 2.97341
1968000 300.709 -16621 9.00403
1969000 300.84 -16573.4 1.66087
1970000 300.298 -16576.4 -5.59747
1971000 300.124 -16610.6 -0.0145494
1972000 300.359 -16648.5 -8.35739
1973000 299.466 -16628.4 15.3117
1974000 301.561 -16580.6 0.623823
1975000 299.285 -16668.2 6.36677
1976000 299.322 -16677.8 -4.62644
1977000 300.89 -16623.9 -0.656964
1978000 297.938 -16598 3.15605
1979000 300.522 -16649.6 -10.818
1980000 298.81 -16697.3 -2.50682
1981000 300.056 -16618.9 -10.3386
1982000 301.282 -16630.6 -2.74179
1983000 298.059 -16707.5 0.890935
1984000 300.577 -16632.3 -4.46482
1985000 298.161 -16602.3 12.0872
1986000 300.289 -16560.7 5.49162
1987000 300.078 -16613.5 -8.10263
1988000 301.587 -16627.9 3.38838
1989000 301.41 -16637.4 -6.1656
1990000 301.367 -16606.9 -4.0882
1991000 299.208 -16647 -2.5542
1992000 299.833 -16605.4 6.847
1993000 299.813 -16629.5 2.82541
1994000 301.067 -16607.6 -1.64873
1995000 300.537 -16609.9 0.638464
1996000 300.281 -16573.1 5.41435
1997000 300.182 -16610.7 0.485121
1998000 299.261 -16750.8 -7.6224
1999000 298.134 -16717.5 8.90536
2000000 299.065 -16647.7 3.76289
2001000 300.894 -16665.9 -0.221032
2002000 299.971 -16637.6 16.5802
2003000 298.127 -16658.6 4.76168
2004000 299.945 -16628.9 9.07957
2005000 300.104 -16663.5 2.17536
2006000 299.516 -16689.3 -8.57964
2007000 300.07 -16608.1 20.1483
2008000 298.452 -16708.8 -4.63193
2009000 298.886 -16697.5 9.28927
2010000 299.472 -16751.6 -1.4754
2011000 297.917 -16728.1 7.58607
2012000 299.504 -16647.5 10.058
2013000 300.568 -16646.8 -1.76629
2014000 301.107 -16651.4 -9.00194
2015000 301.028 -16627.6 4.02573
2016000 299.068 -16682.5 4.25758
2017000 300.638 -16681.1 -1.32416
2018000 299.403 -16604.5 8.063
2019000 299.4 -16590.1 0.716421
2020000 298.789 -16608.4 1.6905
2021000 300.503 -16603.1 1.23235
2022000 300.816 -16549.3 -2.38658
2023000 300.626 -16605 10.511
2024000 299.472 -16622.9 -6.22328
2025000 299.376 -16667.2 9.43777
2026000 301.053 -16607.5 6.45108
2027000 300.389 -16633.4 8.80709
2028000 300.819 -16676.5 5.83546
2029000 300.496 -16723.1 -9.09475
2030000 298.845 -16704 4.71039
2031000 300.816 -16669.7 3.15329
2032000 302.224 -16614.3 -13.5759
2033000 300.21 -16643.6 5.16109
2034000 300.354 -16655.5 0.505075
2035000 300.029 -16681.4 12.4681
2036000 297.022 -16685.9 -11.0992
2037000 300.134 -16648.3 -8.17482
2038000 299.779 -16635.3 -6.49401
2039000 299.238 -16675.9 0.690697
2040000 299.755 -16714.4 -7.55351
2041000 299.525 -16710.1 2.01101
2042000 298.826 -16649 2.66184
2043000 298.964 -16652.9 -2.49484
2044000 300.476 -16653.8 6.66619
2045000 300.069 -16687.4 8.01648
2046000 300.097 -16628.1 4.71666
2047000 301.715 -16646.6 4.39775
2048000 300.168 -16668.7 -7.90665
2049000 298.74 -16653.8 1.97721
2050000 300.316 -16607.7 -3.08315
2051000 300.831 -16562.6 0.0779752
2052000 300.571 -16629.4 -0.272154
2053000 299.273 -16708.6 1.34689
2054000 297.965 -16684.6 4.92837
2055000 300.813 -16634.3 6.13752
2056000 300.314 -16618.7 -10.887
2057000 299.591 -16647.3 -3.32192
2058000 298.848 -16690.4 -2.89444
2059000 298.838 -16669.7 0.473442
2060000 297.958 -16669 -1.80354
2061000 300.248 -16671.8 -2.05832
2062000 300.613 -16647.1 -4.17766
2063000 298.709 -16658.7 -1.78603
2064000 302.097 -16633.9 -7.11317
2065000 299.651 -16618.6 12.1836
2066000 299.902 -16653.4 -11.4218
2067000 300.02 -16689.6 5.84528
2068000 298.506 -16656.7 5.27126
2069000 299.469 -16642 -12.7254
2070000 300.053 -16669.1 1.75587
2071000 299.455 -16717.7 12.7888
2072000 299.338 -16715.7 -11.4144
2073000 299.224 -16717.5 7.93134
2074000 299.004 -16679.2 1.87432
2075000 299.821 -16656 -1.48321
2076000 300.586 -16631.4 11.6287
2077000 299.428 -16641 6.90264
2078000 299.548 -16601.6 7.92131
2079000 300.472 -16667.9 5.2972
2080000 298.786 -16681.2 -7.01351
2081000 300.456 -16635.7 7.06948
2082000 297.749 -16600.4 9.06942
2083000 300.951 -16625 -7.16223
2084000 298.922 -16675.9 28.0763
2085000 300.64 -16623.1 -7.63597
2086000 299.264 -16607.7 1.49342
2087000 299.473 -16659.6 -1.51103
2088000 300.279 -16648.7 14.432
2089000 299.31 -16695.3 -14.1488
2090000 300.978 -16691.1 -1.99517
2091000 299.596 -16721.5 -6.03259
2092000 299.659 -16675.7 -16.153
2093000 300.053 -16733.8 1.70875
2094000 299.976 -16663.7 -2.53429
2095000 298.802 -16611.4 6.44759
2096000 300.301 -16511.1 -9.16046
2097000 300.585 -16523.2 9.12906
2098000 298.627 -16585.5 -2.37658
2099000 298.906 -16619.7 -6.18544
2100000 302.297 -16620.8 12.2829
2101000 299.435 -16592.4 4.75316
2102000 298.647 -16578.5 8.32543
2103000 302.027 -16618.4 -11.7642
2104000 299.612 -16638 14.2047
2105000 299.009 -16691.1 -6.49517
2106000 300.258 -16696.5 -10.379
2107000 299.062 -16721.9 13.1544
2108000 298.62 -16692.8 -5.38345
2109000 299.798 -16674.9 2.76491
2110000 298.856 -16721.9 14.7976
2111000 300.062 -16687.7 -6.0825
2112000 300.138 -16701.9 4.7704
2113000 299.998 -16683.8 6.58357
2114000 301.322 -16649.3 -0.596338
2115000 300.243 -16659.8 -1.1208
2116000 298.944 -16683.7 25.0202
2117000 300.091 -16667.6 2.41457
2118000 300.403 -16677.6 -3.46466
2119000 302.313 -16603.8 2.45648
2120000 301.472 -16659.6 2.02506
2121000 298.126 -16662.3 -6.0495
2122000 299.595 -16645.2 6.98894
2123000 297.666 -16639.7 8.94388
2124000 300.499 -16633.7 0.981695
2125000 299.607 -16631.1 -3.99601
2126000 301.361 -16648.9 -13.2342
2127000 301.627 -16648.1 3.79981
2128000 297.745 -16686.4 9.38029
2129000 301.143 -16661.6 4.02327
2130000 300.496 -16613.6 -4.44425
2131000 299.473 -16620.8 -4.27404
2132000 299.843 -16648.6 -3.48472
2133000 301.778 -16654.4 4.72409
2134000 301.431 -16622.8 -5.5581
2135000 297.783 -16708.9 3.72352
2136000 299.424 -16620.6 -0.871797
2137000 299.027 -16647.1 -3.04174
2138000 298.642 -16636.8 12.8107
2139000 297.146 -16692.6 16.2031
2140000 302.367 -16631.6 -1.22638
2141000 300.908 -16581.2 -0.114646
2142000 298.246 -16643.4 10.708
2143000 299.61 -16625.7 -8.77469
2144000 299.972 -16632 -2.67566
2145000 300.382 -16652.9 4.84619
2146000 300.064 -16650.8 1.49991
2147000 300.274 -16660.8 2.3154
2148000 299.327 -16695.5 7.31266
2149000 300.117 -16642.4 5.63729
2150000 298.99 -16653.1 -2.69937
2151000 299.39 -16623.7 -3.13834
2152000 301.151 -16594.9 10.3366
2153000 301.602 -16575.1 -8.59919
2154000 301.123 -16620.1 4.84914
2155000 300.24 -16682.9 -0.887939
2156000 299.286 -16658.9 2.39751
2157000 299.123 -16613.2 -2.81903
2158000 298.774 -16653.5 -2.18985
2159000 302.589 -16611 14.5912
2160000 298.87 -16669.9 -6.32767
2161000 299.011 -16684.2 1.41757
2162000 299.474 -16641.7 -0.462921
2163000 301.755 -16571.4 2.24185
2164000 301.568 -16593.9 -10.7845
2165000 299.714 -16655.5 -8.71036
2166000 299.649 -16720.4 1.37187
2167000 300.245 -16630.1 2.72177
2168000 297.735 -16673.8 3.1586
2169000 299.551 -16666.1 4.49118
2170000 301.273 -16694.1 2.62168
2171000 300.432 -16660.5 15.7385
2172000 302.143 -16670.3 2.02323
2173000 299.27 -16651.6 4.71658
2174000 300.423 -16636.3 -5.14189
2175000 299.446 -16679.9 -4.90845
2176000 300.558 -16603.8 2.047
2177000 301.105 -16600.1 -6.78876
2178000 299.53 -16636.4 7.75065
2179000 300.571 -16622.9 10.3196
2180000 298.574 -16677.1 2.39745
2181000 299.522 -16607.6 -3.55574
2182000 299.934 -16617.6 3.64863
2183000 298.494 -16631.2 -10.3772
2184000 301.072 -16630.8 8.09574
2185000 299.12 -16619.8 9.67851
2186000 300.758 -16650.9 -11.7443
2187000 300.936 -16646.5 0.90027
2188000 298.017 -16695.5 5.75186
2189000 301.276 -16629.2 -13.1699
2190000 297.737 -16696.3 7.84707
2191000 300.186 -16581.5 4.38463
2192000 300.434 -16632.3 1.15145
2193000 300.164 -16670 -3.33439
2194000 298.929 -16646.8 -1.12134
2195000 299.023 -16636.1 4.92209
2196000 300.423 -16639.6 4.65682
2197000 297.836 -16683.3 -0.00153036
2198000 299.815 -16690.3 11.0277
2199000 300.397 -16683.7 -1.122
2200000 298.95 -16644.3 5.81148
2201000 300.743 -16631.1 -8.34858
2202000 299.041 -16700.8 -4.21281
2203000 300.249 -16705.8 2.35132
2204000 300.8 -16644.2 16.2499
2205000 300.422 -16670.5 1.63125
2206000 300.22 -16697.9 7.28797
2207000 299.972 -16638.9 2.02104
2208000 299.22 -16659.7 4.43016
2209000 300.995 -16665.1 0.470274
2210000 298.135 -16673.7 -3.22291
2211000 298.668 -16644.7 8.74567
2212000 300.329 -16642.1 4.91029
2213000 299.344 -16627.4 -5.55996
2214000 300.037 -16610.1 1.07418
2215000 298.982 -16677 4.75519
2216000 298.212 -16743.7 6.04809
2217000 299.542 -16687.5 12.8872
2218000 298.808 -16750.8 2.41116
2219000 300.168 -16674.1 1.34563
2220000 299.242 -16650.9 -12.1853
2221000 300.076 -16628.6 7.50307
2222000 298.812 -16660 10.4588
2223000 299.953 -16670.5 -3.61896
2224000 299.654 -16634.3 4.10674
2225000 299.932 -16685.8 -19.0028
2226000 302.026 -16690.7 -11.6245
2227000 297.985 -16706 17.2719
2228000 299.4 -16663.2 -1.46494
2229000 301.64 -16604.1 -0.1466
2230000 300.083 -16619.3 -3.67275
2231000 301.06 -16591.4 5.18712
2232000 298.448 -16673.3 0.360786
2233000 297.58 -16738.1 11.4764
2234000 299.792 -16657.7 1.57579
2235000 299.016 -16643 12.7948
2236000 299.649 -16673.5 -5.27289
2237000 298.554 -16701.1 3.30185
2238000 300.62 -16677.3 -11.0986
2239000 300.415 -16653.3 5.52361
2240000 299.502 -16695.4 -5.8186
2241000 299.597 -16702.1 6.56884
2242000 299.804 -16664.3 3.34002
2243000 298.363 -16597.3 -5.35977
2244000 302.828 -16543 11.1587
2245000 300.769 -16544.4 0.236561
2246000 299.413 -16636.6 -16.1893
2247000 301.094 -16660.5 11.342
2248000 299.996 -16653.7 -12.4621
2249000 298.629 -16699.9 11.4801
2250000 300.2 -16652.2 1.27511
2251000 300.368 -16615.5 8.26238
2252000 300.09 -16618 17.6818
2253000 302.005 -16555.8 -8.1379
2254000 300.833 -16613.3 5.02098
2255000 299.813 -16650.4 -4.47251
2256000 301.605 -16626.1 3.45222
2257000 300.49 -16678.4 -4.16223
2258000 301.185 -16638.6 -4.83204
2259000 299.233 -16591.1 13.9596
2260000 300.468 -16635.1 -3.73399
2261000 299.629 -16691.8 10.1865
2262000 298.222 -16651.2 -5.67234
2263000 300.008 -16668.3 -2.23887
2264000 299.306 -16682.2 2.47801
2265000 298.962 -16703.3 9.25108
2266000 301.07 -16669.4 5.46612
2267000 299.641 -16638.6 -5.40384
2268000 299.308 -16638.6 2.56188
2269000 299.617 -16680.1 7.1607
2270000 299.482 -16649.4 -0.571803
2271000 299.457 -16640.5 -9.82308
2272000 299.937 -16671.5 -7.89685
2273000 297.73 -16725.1 15.7267
2274000 299.055 -16725.1 -8.09029
2275000 299.056 -16682.4 8.50914
2276000 301.118 -16592.4 3.05088
2277000 300.749 -16647.7 3.74198
2278000 298.753 -16648.8 -4.32308
2279000 300.957 -16660.6 1.40636
2280000 298.274 -16668.7 5.90898
2281000 298.651 -16666.1 -5.3946
2282000 300.219 -16694.4 -4.54122
2283000 301.594 -16640.8 2.70617
2284000 298.25 -16701.5 -0.787089
2285000 302.054 -16623.1 -9.22401
2286000 299.954 -16630.7 4.00497
2287000 301.82 -16636.3 3.93252
2288000 299.733 -16644.1 1.78099
2289000 300.306 -16638.2 -10.2454
2290000 300.885 -16675.6 4.59693
2291000 300.748 -16633.1 -5.39294
2292000 302.344 -16598.2 7.4591
2293000 300.392 -16622.7 -0.721265
2294000 301.22 -16640.2 4.99425
2295000 300.835 -16588.5 4.65476
2296000 300.58 -16619.5 10.8341
2297000 299.76 -16627.1 11.0752
2298000 300.643 -16607.8 10.339
2299000 300.544 -16642.1 4.53792
2300000 299.874 -16637.8 -1.32714
2301000 299.436 -16664.8 7.36722
2302000 298.108 -16669.6 1.97278
2303000 300.472 -16659.6 11.9253
2304000 298.307 -16710.9 -9.04974
2305000 300.184 -16683.2 5.29906
2306000 299.249 -16631.5 7.37713
2307000 300.094 -16607.1 -8.59437
2308000 297.318 -16642.9 4.86591
2309000 299.347 -16691 0.687838
2310000 300.083 -16677.8 8.76535
2311000 298.719 -16691.7 2.94406
2312000 302.038 -16651.8 -11.1856
2313000 298.811 -16698.9 12.1979
2314000 298.547 -16717.7 -5.55384
2315000 300.724 -16653.6 -8.64946
2316000 300.511 -16688.4 10.552
2317000 300.342 -16686.3 0.0835221
2318000 299.567 -16678.1 -3.37894
2319000 297.695 -16728.3 -4.14393
2320000 300.052 -16676.3 -3.19308
2321000 302.384 -16557.1 0.521123
2322000 300.646 -16636.3 16.4804
2323000 299.234 -16680.4 -1.54394
2324000 300.367 -16665.7 -2.03859
2325000 300.05 -16622.6 -2.52636
2326000 297.87 -16645.5 -1.58297
2327000 300.389 -16628.7 -1.3836
2328000 299.631 -16603.5 8.73537
2329000 300.874 -16601.1 -1.66258
2330000 299.872 -16694.4 8.8292
2331000 299.106 -16702.1 -18.1149
2332000 300.138 -16711.5 9.55818
2333000 300.354 -16671.3 -7.70462
2334000 300.351 -16679.8 1.03047
2335000 299.84 -16681.1 3.37258
2336000 301.26 -16621.6 -3.25669
2337000 300.14 -16662.8 2.92186
2338000 298.822 -16678.4 -3.11322
2339000 299.608 -16689.4 0.664925
2340000 300.228 -16616.2 -5.93057
2341000 300.228 -16557.4 13.8352
2342000 298.84 -16631.8 9.8746
2343000 299.853 -16606.5 -2.85069
2344000 300.927 -16645.3 1.76052
2345000 298.471 -16670 2.69823
2346000 300.497 -16638.8 -5.81272
2347000 300.618 -16639.7 -7.63911
2348000 301.211 -16615.5 9.70947
2349000 301.083 -16659.7 -3.89499
2350000 299.145 -16650.1 -3.64754
2351000 300.709 -16597 13.908
2352000 301.711 -16605.1 11.3317
2353000 301.222 -16635.6 -6.4869
2354000 299.719 -16665.8 -3.19007
2355000 297.816 -16711.6 12.9069
2356000 299.372 -16660.4 3.18065
2357000 299.438 -16665.9 -3.47255
2358000 299.578 -16654.2 6.59822
2359000 299.879 -16623.2 2.39981
2360000 297.456 -16670.8 5.29885
2361000 301.268 -16654.6 7.87292
2362000 300.12 -16670.4 -14.1787
2363000 301.799 -16650.5 -11.5532
2364000 300.493 -16620.5 11.2263
2365000 301.062 -16610.4 -5.60707
2366000 301.337 -16599.8 -4.68826
2367000 300.925 -16648.1 3.52192
2368000 300.215 -16644.1 5.56729
2369000 298.548 -16659.8 -4.75234
2370000 298.793 -16661.2 7.45376
2371000 299.501 -16640.4 -1.2708
2372000 299.703 -16648.7 1.11385
2373000 297.189 -16673.7 -5.25744
2374000 299.043 -16662.4 9.86024
2375000 300.302 -16611 -7.67982
2376000 301.096 -16547.8 -8.03824
2377000 297.271 -16664.6 4.91938
2378000 298.921 -16646.1 5.35307
2379000 298.823 -16600.3 4.2936
2380000 300.522 -16646.9 -11.4532
2381000 300.324 -16639.7 1.7908
2382000 300.606 -16589.3 0.348419
2383000 300.361 -16617.1 6.44412
2384000 300.303 -16610.4 4.72685
2385000 300.177 -16623.1 15.9631
2386000 300.764 -16616.7 -5.62536
2387000 299.774 -16627.9 13.5407
2388000 300.008 -16613.2 1.90411
2389000 301.247 -16626.3 -0.659472
2390000 300.043 -16658.2 -5.10229
2391000 299.27 -16655.8 -2.10796
2392000 301.049 -16618.2 12.0717
2393000 300.892 -16626.7 9.11163
2394000 299.423 -16657.4 2.25327
2395000 299.526 -16670.4 -4.32067
2396000 299.781 -16622.7 3.76226
2397000 300.266 -16613.9 6.63604
2398000 299.64 -16595 -1.24738
2399000 299.614 -16654.8 -3.72071
2400000 301.17 -16613.6 -0.417325
2401000 300.853 -16652.2 3.03319
2402000 301.397 -16654.6 2.03402
2403000 302.468 -16644.4 2.55836
2404000 299.941 -16704.2 2.95687
2405000 299.215 -16662.6 5.3449
2406000 298.24 -16653.4 6.912
2407000 297.896 -16687.9 -0.124409
2408000 301.537 -16684.8 -15.0595
2409000 301.134 -16611.3 12.2796
2410000 299.981 -16625.1 8.6906
2411000 300.105 -16677.7 -4.30345
2412000 301.068 -16622.6 -3.92399
2413000 298.093 -16676.4 9.85343
2414000 300.529 -16613.1 6.50384
2415000 301.327 -16633.1 -0.0236245
2416000 298.634 -16665 -4.60034
2417000 299.237 -16712.9 12.7987
2418000 298.424 -16703.1 5.11968
2419000 301.758 -16620.5 -5.89772
2420000 300.027 -16656.4 -4.03705
2421000 300.904 -16613.4 -7.75861
2422000 300.292 -16626 13.8049
2423000 299.111 -16631.6 -9.52702
2424000 300.924 -16583.4 -11.7029
2425000 299.879 -16602.2 4.28285
2426000 300.385 -16623.6 -5.89698
2427000 299.873 -16621.1 2.80845
2428000 299.644 -16635.5 16.075
2429000 298.275 -16685.4 -12.7857
2430000 298.999 -16645.3 6.59604
2431000 301.566 -16644.1 -1.89513
2432000 299.687 -16625.3 2.31119
2433000 300.727 -16620.4 -0.688624
2434000 300.454 -16661.9 14.487
2435000 298.989 -16711.5 -10.8153
2436000 301.107 -16615.4 6.02686
2437000 300.022 -16629.2 0.418363
2438000 298.336 -16624.8 -10.8755
2439000 302.019 -16607.9 -7.13408
2440000 297.975 -16678.7 2.3288
2441000 301.049 -16625.9 21.9381
2442000 299.761 -16707.6 1.09259
2443000 299.735 -16724.7 -3.78272
2444000 299.919 -16675 7.4731
2445000 298.613 -16692.2 -1.09069
2446000 301.553 -16702.3 5.79718
2447000 300.799 -16657.3 1.50933
2448000 298.957 -16677.3 6.17671
2449000 300.132 -16626.3 -10.6675
2450000 297.771 -16687.7 3.40293
2451000 299.527 -16678.3 -2.00416
2452000 301.599 -16589.6 -4.79454
2453000 302.035 -16635 1.6646
2454000 300.232 -16643.3 -12.5204
2455000 301.156 -16589.2 5.3929
2456000 299.089 -16652.2 2.6338
2457000 299.967 -16652 -2.87128
2458000 299.174 -16636.7 -10.7789
2459000 299.832 -16655 7.7584
2460000 299.956 -16586.9 -4.00983
2461000 302.985 -16599.9 -1.49287
2462000 300.754 -16712.3 7.59437
2463000 299.003 -16754.2 -4.38312
2464000 299.216 -16700.1 13.7791
2465000 298.68 -16662.8 -7.71241
2466000 299.715 -16644.6 4.37191
2467000 299.408 -16669.4 -6.59965
2468000 299.113 -16665.4 3.76679
2469000 300.759 -16652.7 12.7001
2470000 299.16 -16690.2 0.910992
2471000 300.249 -16662.7 5.39019
2472000 301.955 -16606.1 -14.7488
2473000 299.812 -16682.4 6.57619
2474000 300.157 -16672.6 2.90383
2475000 301.273 -16621.3 2.74133
2476000 300.035 -16633.1 -8.4928
2477000 299.627 -16661.2 6.8007
2478000 298.94 -16687.9 6.96528
2479000 299.561 -16702.6 -6.20207
2480000 300.214 -16648 18.8567
2481000 298.691 -16620.3 5.57469
2482000 301.996 -16577.4 6.16417
2483000 300.767 -16644 10.3553
2484000 299.364 -16684.7 2.84109
2485000 301.131 -16640.3 6.7496
2486000 300.59 -16658.8 1.12242
2487000 298.604 -16661.7 -2.17812
2488000 302.124 -16604.1 6.81829
2489000 299.137 -16674.6 -3.92873
2490000 300.006 -16658.5 2.91769
2491000 300.363 -16638.8 -5.93415
2492000 298.575 -16671.5 14.7517
2493000 301.944 -16557.6 0.914057
2494000 301.057 -16635.5 3.64992
2495000 300.023 -16676.6 1.34407
2496000 299.493 -16680.5 8.48655
2497000 298.7 -16656.7 -4.77799
2498000 300.87 -16665.4 15.17
2499000 298.682 -16712.1 -16.5603
2500000 298.394 -16704.7 -4.1038
2501000 300.426 -16671.9 14.4278
2502000 301.027 -16671 0.459111
2503000 300.159 -16625 -8.44939
2504000 299.696 -16663.6 -7.3624
2505000 299.652 -16692.9 3.78173
2506000 301.239 -16644.2 4.02836
2507000 301.985 -16540.3 -8.47616
2508000 298.163 -16640.3 -8.00846
2509000 300.902 -16623.3 8.02911
2510000 301.302 -16597 -6.4962
2511000 298.38 -16713.8 10.9504
2512000 299.591 -16739.5 -6.46784
2513000 300.415 -16681.4 2.88968
2514000 300.35 -16740.2 -6.28017
2515000 298.815 -16730.1 8.68578
2516000 302.124 -16654.6 -13.3816
2517000 299.907 -16725.6 11.9652
2518000 299.387 -16698.5 0.480476
2519000 298.937 -16654.3 2.59753
2520000 301.047 -16617.5 1.91861
2521000 298.107 -16669.9 -4.57158
2522000 299.047 -16643.6 6.28722
2523000 299.122 -16606.7 2.34794
2524000 300.423 -16672.5 -3.31333
2525000 300.637 -16697.9 -2.33922
2526000 300.152 -16687.5 0.745203
2527000 297.779 -16668.7 -2.54583
2528000 299.34 -16598.1 19.5377
2529000 298.74 -16661 1.40356
2530000 296.806 -16734.7 10.724
2531000 299.873 -16719.3 -6.28888
2532000 299.241 -16702.2 4.29402
2533000 298.334 -16652.8 9.57192
2534000 301.165 -16632.6 -1.80499
2535000 299.289 -16707.3 -2.18327
2536000 299.648 -16644.7 4.19783
2537000 298.142 -16682.6 6.05065
2538000 300.054 -16589.4 -1.74415
2539000 300.596 -16617 12.2383
2540000 300.684 -16607.4 -2.994
2541000 301.431 -16645 1.26005
2542000 301.111 -16634.2 2.29112
2543000 299.673 -16676.5 -10.6046
2544000 300.584 -16632.4 9.03777
2545000 298.889 -16733.2 -2.99265
2546000 298.848 -16684.4 3.17305
2547000 300.13 -16616.4 0.617046
2548000 301.025 -16648.1 1.29758
2549000 298.496 -16686.5 8.62985
2550000 298.798 -16679 -0.868372
2551000 300.264 -16615.9 -2.70337
2552000 299.056 -16659.7 -5.21434
2553000 301.274 -16626.1 -0.358942
2554000 300.196 -16641.9 12.5708
2555000 300.48 -16613.6 -1.64821
2556000 300.292 -16621.4 7.77336
2557000 300.856 -16618.8 3.32356
2558000 300.338 -16606.3 -0.507843
2559000 302.999 -16610.2 -3.62688
2560000 299.093 -16646.3 5.91445
2561000 299.668 -16684.3 -6.8519
2562000 298.638 -16699.1 -3.84782
2563000 299.807 -16663.2 11.2632
2564000 300.344 -16651.4 -9.51598
2565000 300.122 -16678.5 -3.75959
2566000 299.68 -16594.9 10.573
2567000 300.942 -16626.6 -12.0844
2568000 299.318 -16693.7 6.81707
2569000 298.965 -16747.2 -4.54251
2570000 298.792 -16728.8 -4.7341
2571000 300.431 -16647.2 4.55836
2572000 302.472 -16620.5 6.67844
2573000 302.26 -16690.4 -3.24216
2574000 299.757 -16671.9 4.45053
2575000 299.552 -16669.2 6.31406
2576000 298.548 -16684.6 -4.06576
2577000 299.925 -16681.3 10.3336
2578000 299.56 -16705.7 -8.81687
2579000 300.109 -16677.5 10.2535
2580000 298.936 -16710.7 6.07149
2581000 300.727 -16638.2 5.75453
2582000 300.782 -16675.2 12.2444
2583000 300.52 -16625.3 5.74676
2584000 301.294 -16667.3 -1.43664
2585000 300.917 -16628.7 5.32179
2586000 299.903 -16650.6 5.33016
2587000 299.742 -16655.3 -0.809795
2588000 299.718 -16630.6 16.742
2589000 301.735 -16584.7 -3.04584
2590000 300.746 -16658.8 -8.57958
2591000 300.447 -16655.6 0.571516
2592000 299.533 -16705.5 3.67595
2593000 299.694 -16645.9 -0.881444
2594000 298.696 -16664.7 2.21236
2595000 299.768 -16636.7 4.37064
2596000 300.037 -16619.4 -1.46218
2597000 300.442 -16634.8 11.2513
2598000 299.795 -16600 -1.18868
2599000 299.793 -16632.2 -11.8487
2600000 300.435 -16645.1 9.5054
2601000 299.8 -16691.6 15.2336
2602000 299.646 -16664.5 -16.0353
2603000 299.493 -16670.4 2.2839
2604000 299.39 -16665.1 -1.844
2605000 301.193 -16587 -2.1616
2606000 300.882 -16599.6 19.0051
2607000 299.935 -16594.1 4.37036
2608000 300.337 -16653.9 0.722952
2609000 300.856 -16634.4 -6.53291
2610000 299.553 -16601.3 -3.84889
2611000 300.085 -16609.5 6.57207
2612000 298.698 -16648.4 5.44624
2613000 298.983 -16621.8 3.71696
2614000 301.832 -16594.9 -6.88834
2615000 300.296 -16646.5 1.14932
2616000 299.301 -16721.6 -4.55221
2617000 299.315 -16662.2 4.12737
2618000 298.493 -16690.6 8.8626
2619000 300.905 -16659.7 -0.00859067
2620000 298.203 -16718.7 0.672507
2621000 298.594 -16718.3 -12.6699
2622000 301.837 -16646 2.86906
2623000 298.297 -16694.8 3.34789
2624000 300.651 -16658.9 0.859704
2625000 299.311 -16640 -13.9417
2626000 299.703 -16686.1 11.5851
2627000 298.417 -16680.4 16.0986
2628000 299.41 -16656 8.95627
2629000 299.051 -16673.1 -0.34266
2630000 298.508 -16729.6 5.3068
2631000 300.918 -16676.4 -13.2563
2632000 300.391 -16671 4.60589
2633000 301.953 -16615.1 5.72733
2634000 299.479 -16629.6 -5.48034
2635000 298.464 -16614.6 6.20236
2636000 301.123 -16581.3 -11.3629
2637000 300.601 -16625.2 1.00451
2638000 301.674 -16574.1 -3.11279
2639000 300.393 -16634.1 -12.419
2640000 301.161 -16613.6 1.92046
2641000 299.065 -16600 6.9957
2642000 299.073 -16571.6 -0.833522
2643000 301.454 -16607.5 0.798162
2644000 300.459 -16633.6 -1.13576
2645000 300.534 -16619 6.62544
2646000 300.45 -16614.4 0.183903
2647000 300.594 -16637.4 -13.5695
2648000 298.351 -16633.2 10.2811
2649000 300.201 -16654.8 -14.2554
2650000 299.284 -16635.7 19.5819
2651000 299.462 -16697 -5.1819
2652000 299.101 -16694.4 -0.779718
2653000 298.908 -16606.3 3.62452
2654000 299.168 -16602.9 3.95337
2655000 298.822 -16663 0.784413
2656000 299.093 -16646.3 1.44266
2657000 300.638 -16611.6 17.7577
2658000 298.285 -16651 11.6053
2659000 297.773 -16743.8 -0.518977
2660000 300.044 -16647.1 3.8698
2661000 300.471 -16669.7 -2.93424
2662000 298.955 -16714.8 3.72979
2663000 298.654 -16702.3 4.73684
2664000 299.061 -16675.2 4.98533
2665000 300.766 -16612.7 -10.3134
2666000 300.456 -16630.6 -0.990411
2667000 298.964 -16637.6 1.18737
2668000 300.211 -16615.5 5.5388
2669000 300.056 -16639.2 -6.90534
2670000 298.238 -16634.9 5.16674
2671000 300.246 -16586.9 -7.23653
2672000 298.562 -16697.4 10.5356
2673000 300.437 -16635.6 -3.76586
2674000 298.873 -16640.1 -4.82008
2675000 301.398 -16691.9 12.6331
2676000 300.828 -16697.7 -4.02807
2677000 298.837 -16717.5 0.430778
2678000 298.595 -16702.1 5.84591
2679000 298.864 -16682.1 12.5639
2680000 299.894 -16665.9 -8.98452
2681000 300.565 -16639.6 -6.19279
2682000 301.906 -16585 0.852528
2683000 298.594 -16677.8 9.86604
2684000 299.639 -16627.9 -8.69697
2685000 299.874 -16637.6 12.9924
2686000 299.241 -16633.7 -7.23334
2687000 300.933 -16619.9 -0.0288812
2688000 299.098 -16674.2 15.3527
2689000 300.584 -16645.6 -0.733081
2690000 300.57 -16608.7 9.76754
2691000 298.566 -16627.4 -12.6601
2692000 300.067 -16651.8 0.797189
2693000 297.639 -16678.6 2.20252
2694000 300.787 -16669.6 4.75044
2695000 300.829 -16640.9 2.2783
2696000 301.088 -16673 -1.51058
2697000 298.875 -16603.4 5.0169
2698000 300.495 -16570.1 -2.76515
2699000 300.726 -16591.4 -5.26746
2700000 300.945 -16590.6 -1.24863
2701000 299.059 -16641.5 3.55272
2702000 300.004 -16614.2 9.37678
2703000 299.071 -16659.3 10.3826
2704000 299.606 -16619.5 -5.44521
2705000 301.026 -16617.5 9.68176
2706000 299.218 -16676.6 3.2453
2707000 301.788 -16584.5 10.1226
2708000 299.365 -16643.1 7.48352
2709000 301.334 -16585.1 9.08133
2710000 298.781 -16622.3 -9.52237
2711000 301.257 -16597.8 5.20896
2712000 300.663 -16604.3 -2.79391
2713000 298.38 -16629.9 7.72836
2714000 301.224 -16633.5 -2.72893
2715000 299.614 -16637.5 -15.6899
2716000 298.991 -16615.1 8.00551
2717000 300.543 -16628.9 1.39041
2718000 299.491 -16607.1 15.4343
2719000 298.801 -16618.1 2.14601
2720000 298.525 -16650.5 3.02604
2721000 300.387 -16654.9 3.91465
2722000 299.028 -16669.6 3.33249
2723000 299.971 -16695.4 2.69332
2724000 300.187 -16670.8 -3.98658
2725000 302.763 -16654.4 -0.272397
2726000 300.888 -16668.5 13.9557
2727000 300.607 -16599.1 10.9743
2728000 299.471 -16613.7 -1.69275
2729000 299.769 -16649.9 4.55488
2730000 300.439 -16664.4 -0.870999
2731000 299.146 -16646.2 -7.17376
2732000 297.486 -16702.4 17.4272
2733000 300.058 -16671.4 -2.72863
2734000 300.434 -16633.4 9.06467
2735000 300.983 -16596.8 -1.32231
2736000 298.536 -16636.7 9.70777
2737000 301.523 -16612 -7.53164
2738000 300.72 -16604.3 5.96488
2739000 302.501 -16586.8 -2.70573
2740000 299.31 -16573.5 17.2522
2741000 300.044 -16617.7 -2.44167
2742000 300.09 -16653 3.44805
2743000 297.88 -16746.5 0.81467
2744000 299.78 -16687.8 -8.64552
2745000 300.685 -16688.5 -1.65433
2746000 298.924 -16702.7 3.93066
2747000 301.303 -16643.1 -10.8589
2748000 300.123 -16655.7 -6.98417
2749000 299.869 -16651.9 4.52649
2750000 299.137 -16638.2 -4.33372
2751000 299.435 -16643.2 12.4205
2752000 300.689 -16628.4 -2.30344
2753000 301.876 -16648.5 16.0725
2754000 299.858 -16689.1 -15.4996
2755000 299.661 -16651.2 4.25771
2756000 300.903 -16636.4 -4.39933
2757000 299.472 -16672.5 -0.117648
2758000 300.301 -16726.4 4.30268
2759000 300.825 -16677.3 -8.06313
2760000 300.128 -16663.7 6.65005
2761000 300.692 -16688.5 -6.0467
2762000 301.505 -16663.2 -3.82361
2763000 298.018 -16671.4 9.63497
2764000 300.055 -16660.7 -3.16203
2765000 298.396 -16721.1 5.49126
2766000 297.415 -16758.1 2.44156
2767000 300.396 -16694.2 13.6158
2768000 299.708 -16663.3 2.25512
2769000 299.606 -16697.4 -1.04139
2770000 301.332 -16630.1 8.32292
2771000 300.553 -16588.8 -2.8924
2772000 300.595 -16625.6 5.26802
2773000 298.842 -16653.7 7.15039
2774000 301.342 -16600.5 -14.2386
2775000 300.779 -16602.9 23.1046
2776000 301.21 -16659.5 -9.88805
2777000 300.366 -16599.7 10.5882
2778000 301.024 -16606.5 -4.06274
2779000 299.651 -16622.6 12.5533
2780000 298.487 -16689.1 1.32548
2781000 299.031 -16648.7 0.0798139
2782000 299.268 -16630.9 8.19382
2783000 300.192 -16610.3 5.89638
2784000 299.494 -16635.2 13.341
2785000 300.853 -16609.7 22.1335
2786000 302.106 -16608.2 -8.98899
2787000 298.522 -16691.4 1.37574
2788000 301.088 -16659.4 -4.78485
2789000 298.217 -16672.1 16.2161
2790000 300.422 -16653.8 -1.80052
2791000 300.792 -16663.9 -4.75441
2792000 301.817 -16680.6 -7.95321
2793000 298.794 -16649.6 11.6877
2794000 299.26 -16670.2 -1.18345
2795000 301.057 -16627.2 1.88331
2796000 299.159 -16650 4.99071
2797000 299.693 -16647.6 3.56015
2798000 301.885 -16618.7 -5.23242
2799000 298.419 -16641 8.58126
2800000 299.44 -16595.1 0.00750464
2801000 301.747 -16601 -1.98284
2802000 301.079 -16679.7 -0.860981
2803000 299.922 -16674.4 -2.23008
2804000 298.797 -16704.8 5.71065
2805000 299.44 -16680.9 -0.130645
2806000 300.918 -16653.9 8.93536
2807000 300.384 -16668.3 -1.8224
2808000 298.407 -16714.8 -1.23615
2809000 299.453 -16663.4 14.6982
2810000 299.901 -16644.4 -4.09774
2811000 300.758 -16641.6 0.0610152
2812000 299.295 -16624.4 -1.75167
2813000 299.812 -16636.4 0.177654
2814000 299.231 -16644.4 8.68457
2815000 300.731 -16658.5 -11.997
2816000 300.158 -16651.5 2.97481
2817000 299.523 -16687 -1.05317
2818000 299.103 -16692.8 0.369257
2819000 300.812 -16683 -4.52803
2820000 300.712 -16662.2 11.2837
2821000 300.457 -16645 -5.14535
2822000 298.861 -16664.1 9.89046
2823000 300.04 -16625 -18.8609
2824000 300.525 -16614.6 0.227991
2825000 300.559 -16615.8 6.16902
2826000 301.283 -16603.8 6.31806
2827000 300.604 -16590.1 -0.511981
2828000 300.528 -16636.3 11.1765
2829000 298.413 -16639.2 -10.974
2830000 301.301 -16639.6 2.12951
2831000 301.983 -16641.8 -1.592
2832000 300.07 -16638.6 1.04856
2833000 298.872 -16742.7 -14.4137
2834000 297.383 -16691.7 10.8885
2835000 300.592 -16623 -1.79855
2836000 298.709 -16620.4 11.6613
2837000 299.755 -16635.2 2.68074
2838000 300.546 -16625.5 5.26071
