# Time-averaged data for fix 3
# TimeStep v_Temperature v_PotentialEnergy v_Pressure
2000 399.648 -14493.1 1.86449
3000 400.598 -14507.7 13.5681
4000 400.769 -14534.2 -7.51504
5000 398.022 -14528.3 -2.43558
6000 400.75 -14411.5 -0.0178853
7000 398.903 -14598.5 1.55906
8000 401.758 -14506.8 9.61995
9000 400.396 -14514.3 1.78371
10000 397.919 -14581.8 -1.58839
11000 399.847 -14581.6 2.89301
12000 400.008 -14494.4 -6.42945
13000 398.703 -14533.8 -9.87885
14000 399.042 -14537.8 -6.40375
15000 400.795 -14436.4 18.47
16000 399.326 -14553 -4.19505
17000 401.798 -14467.3 16.7492
18000 399.246 -14557.2 -16.5277
19000 399.213 -14522.3 6.5968
20000 400.275 -14471.8 10.7589
21000 400.033 -14465.8 -7.30418
22000 400.475 -14523.5 11.8906
23000 399.672 -14539.4 -3.34489
24000 401.312 -14454 7.41914
25000 401.608 -14487.1 3.33947
26000 400.69 -14498.4 -8.03947
27000 399.318 -14545.8 8.44062
28000 398.271 -14506.7 12.5777
29000 397.755 -14494.6 16.2042
30000 399.48 -14536.1 0.13907
31000 400.579 -14467.6 -1.54368
32000 399.749 -14428.2 -10.8967
33000 400.8 -14516.8 4.86389
34000 399.206 -14540.6 -10.5518
35000 399.632 -14518.7 15.3847
36000 401.701 -14449.8 5.12153
37000 400.014 -14541.6 1.9593
38000 398.75 -14559.8 -1.93639
39000 398.562 -14558.7 3.66489
40000 400.882 -14505.1 8.05162
41000 399.731 -14500 4.42535
42000 399.852 -14540.2 7.02483
43000 400.523 -14452.2 -7.31464
44000 399.896 -14460 8.43001
45000 401.095 -14487.5 -9.97357
46000 397.164 -14567.2 6.9636
47000 400.613 -14558.4 17.4137
48000 400.692 -14522.3 5.75272
49000 397.851 -14612.8 -0.0484969
50000 396.73 -14494.4 6.80055
51000 400.222 -14528.8 1.90068
52000 399.685 -14517.8 2.49146
53000 398.809 -14514.2 8.71408
54000 397.649 -14508.7 -15.2903
55000 402.174 -14413.9 7.76314
56000 400.783 -14461.4 -10.7094
57000 402.619 -14521.2 -3.92038
58000 399.714 -14541.1 -2.26417
59000 400.857 -14519 27.1195
60000 400.632 -14490 -7.58935
61000 399.695 -14528.2 -3.10363
62000 400.139 -14533.2 -2.13431
63000 397.619 -14624.2 -2.52939
64000 399.622 -14507.1 3.19835
65000 399.033 -14530.4 2.91377
66000 400.096 -14442.3 1.08888
67000 398.78 -14530.7 4.92638
68000 398.988 -14603 -5.79478
69000 400.682 -14545.9 3.01556
70000 401.059 -14515.4 0.88435
71000 399.726 -14535 9.40469
72000 399.015 -14553.5 -3.12167
73000 401.922 -14527.2 2.26628
74000 398.299 -14556.1 9.09714
75000 399.233 -14541.2 1.76082
76000 397.925 -14479 10.4149
77000 396.736 -14597 -13.6785
78000 400.734 -14514.8 -3.38196
79000 401.009 -14465.6 14.2198
80000 399.22 -14534 -8.9319
81000 401.284 -14494.2 3.58714
82000 399.552 -14508.6 8.01218
83000 400.18 -14509 -2.4028
84000 403.203 -14444 12.8904
85000 401.445 -14470.5 -10.0988
86000 400.77 -14521.2 9.10869
87000 400.031 -14536.9 7.97315
88000 400.856 -14509.2 -3.20919
89000 401.917 -14478.5 -2.94176
90000 400.803 -14489.7 -1.74491
91000 401.887 -14464.4 -8.60248
92000 399.081 -14567 21.0658
93000 398.543 -14524.3 -3.92603
94000 398.767 -14534.2 10.0386
95000 400.371 -14559.4 14.8396
96000 399.824 -14517.2 5.77197
97000 400.326 -14503.4 -0.83071
98000 398.256 -14568.1 -3.06037
99000 398.284 -14567.8 5.61581
100000 400.589 -14480.4 -0.280279
101000 399.606 -14522.3 13.289
102000 400.897 -14491.1 4.24131
103000 401.088 -14522.5 6.27974
104000 402.321 -14511.9 -16.9582
105000 400.749 -14525.9 -3.98508
106000 400.918 -14451.7 -0.647497
107000 398.251 -14486.1 2.16372
108000 402.21 -14503 -4.9992
109000 401.298 -14525.7 5.83471
110000 400.819 -14466.9 7.23948
111000 400.693 -14534.7 3.33771
112000 398.733 -14539 -21.8497
113000 401.058 -14524.6 -8.8935
114000 399.351 -14491.9 15.5663
115000 400.967 -14474.1 -0.482147
116000 400.496 -14507.1 9.42581
117000 400.428 -14474.4 4.62115
118000 400.183 -14493.6 11.0321
119000 399.31 -14530.1 -6.26766
120000 399.244 -14520.8 -4.41848
121000 398.087 -14547.6 5.43938
122000 396.738 -14561.2 5.8456
123000 399.099 -14532.6 -5.29602
124000 399.554 -14556.3 13.3077
125000 400.619 -14565.5 -3.18081
126000 396.453 -14600.5 -4.85193
127000 400.115 -14547.9 6.55815
128000 399.386 -14559.1 -2.34327
129000 400.282 -14590.1 -8.60359
130000 401.39 -14506.6 1.54851
131000 398.055 -14521.6 7.34179
132000 401.176 -14472.9 -6.40836
133000 400.891 -14466.2 -9.43245
134000 401.726 -14484.1 4.64713
135000 400.107 -14538.1 -1.81566
136000 399.795 -14520.2 -4.79329
137000 400.038 -14531.4 2.93351
138000 401.186 -14502.7 3.43985
139000 397.669 -14594.8 -7.8564
140000 399.259 -14585 0.362034
141000 400.576 -14474 9.30315
142000 402.483 -14519 -8.04475
143000 400.609 -14510.4 17.0592
144000 398.825 -14559.9 -0.0950215
145000 399.383 -14525.5 3.8882
146000 400.558 -14503.2 -9.56499
147000 400.557 -14546.4 7.45154
148000 400.081 -14559.4 -2.05348
149000 399.777 -14489.8 11.5506
150000 399.655 -14478.4 0.021775
151000 400.128 -14457 -7.65115
152000 397.958 -14578.3 13.1098
153000 401.566 -14496 -4.16185
154000 399.726 -14527.9 11.5768
155000 402.549 -14521.4 -2.51475
156000 400.142 -14613.2 1.11567
157000 400.587 -14532.6 -0.519449
158000 400.689 -14519.7 -13.2357
159000 400.785 -14564 -2.85605
160000 401.818 -14403 5.3565
161000 400.297 -14514.7 15.3417
162000 399.548 -14439.5 -12.0157
163000 399.408 -14491.4 4.01019
164000 400.149 -14469.8 -13.7681
165000 401.755 -14544 11.01
166000 399.837 -14526.6 2.57059
167000 402.002 -14514.1 -11.4305
168000 398.311 -14552.9 9.23118
169000 399.349 -14569.8 -2.11019
170000 401.518 -14544.3 0.372808
171000 399.157 -14604.5 -1.27499
172000 397.897 -14502.8 8.81718
173000 400.704 -14491 -0.769365
174000 399.089 -14552.2 -2.9316
175000 399.974 -14523.6 3.15628
176000 403.489 -14483.8 -3.92492
177000 399.077 -14468.2 6.63193
178000 399.539 -14539.3 1.37784
179000 400.917 -14544.9 0.203748
180000 401.459 -14450.5 -1.5832
181000 400.065 -14573.1 2.97801
182000 401.522 -14489.9 2.1048
183000 400.399 -14469 -6.81874
184000 400.333 -14532.7 0.246207
185000 398.98 -14544.7 -4.56995
186000 400.295 -14557.2 -6.63582
187000 398.72 -14529.6 3.85962
188000 402.151 -14429.7 -2.6217
189000 399.665 -14558.8 14.4755
190000 397.581 -14551.8 6.32399
191000 400.125 -14515.1 3.38129
192000 399.01 -14533.5 -1.31912
193000 398.929 -14481.5 0.793657
194000 402.134 -14476.3 7.08555
195000 400.971 -14529.7 2.36402
196000 400.019 -14511.2 5.49909
197000 399.887 -14496.7 -3.48051
198000 399.949 -14472.5 -11.8238
199000 401.968 -14429 8.0212
200000 400.182 -14569.4 -0.90587
201000 400.157 -14475.4 8.75119
202000 399.808 -14498.7 9.60295
203000 398.779 -14528.8 10.2524
204000 399.442 -14516.9 -2.73579
205000 399.895 -14480 -22.133
206000 402.172 -14476.9 12.8443
207000 399.097 -14498.9 6.54015
208000 400.805 -14524.8 -10.3615
209000 400.635 -14439.9 15.7298
210000 398.915 -14463.1 11.7247
211000 400.086 -14525.3 -12.7343
212000 402.605 -14490.7 -8.05729
213000 400.606 -14516.6 7.22254
214000 398.447 -14561.5 -1.50606
215000 399.196 -14553.6 1.62124
216000 400.049 -14540.2 -6.88516
217000 399.128 -14524.7 -12.3371
218000 398.232 -14580.3 -5.56089
219000 399.431 -14547.2 20.3029
220000 400.079 -14514.4 0.232735
221000 398.955 -14490.6 11.324
222000 399.213 -14537 -14.3236
223000 399.924 -14494.5 -0.402507
224000 398.851 -14555.8 -6.00755
225000 401.518 -14428.5 5.36391
226000 399.086 -14520 11.9872
227000 400.02 -14485.9 -0.875378
228000 400.943 -14481.7 -8.55768
229000 397.714 -14623.7 8.47997
230000 399.318 -14554.2 -4.26595
231000 399.46 -14516.3 19.9092
232000 400.206 -14505.6 -14.9329
233000 402.914 -14459 6.4332
234000 400.423 -14516.1 -11.2947
235000 401.3 -14458 15.6425
236000 401.603 -14427.7 0.0167054
237000 398.913 -14512.2 0.850607
238000 402.07 -14498.7 0.30884
239000 399.292 -14539.8 11.9118
240000 399.774 -14616.8 -0.821248
241000 399.955 -14617.8 1.73885
242000 398.888 -14505.4 10.2336
243000 401.295 -14486.9 -3.9134
244000 398.929 -14524 5.37897
245000 398.266 -14521.2 7.15663
246000 400.979 -14512.3 -5.33371
247000 397.893 -14582.2 -9.90173
248000 399.63 -14506.6 7.24596
249000 398.827 -14554 9.99465
250000 399.282 -14495.8 8.51929
251000 401.169 -14469.2 -2.48964
252000 401.043 -14477.6 -2.64496
253000 397.665 -14587.5 8.87308
254000 399.061 -14505.8 4.46226
255000 398.812 -14504.9 -9.0738
256000 401.345 -14476.3 7.87975
257000 400.903 -14490.2 18.4347
258000 398.895 -14536.7 -6.78537
259000 400.081 -14488.3 -6.77377
260000 397.747 -14521 7.90788
261000 397.678 -14563.2 4.80783
262000 401.856 -14514 -13.4234
263000 397.116 -14516.7 20.2019
264000 401.82 -14477.7 -12.6593
265000 400.606 -14522 21.6604
266000 399.569 -14446.4 0.446144
267000 401.749 -14495.7 9.28458
268000 397.574 -14609 9.08244
269000 399.688 -14591.3 -0.760975
270000 400.414 -14514.2 -13.3466
271000 399.736 -14579.9 -0.762043
272000 399.547 -14569.6 -10.4853
273000 401.858 -14433.1 3.00719
274000 402.478 -14423.8 2.27298
275000 399.679 -14495 14.3156
276000 402.137 -14458.5 5.14854
277000 399.818 -14509.9 -14.2193
278000 399.308 -14570.8 -8.7321
279000 397.74 -14553.6 8.89253
280000 398.682 -14546.4 -0.979783
281000 400.705 -14427.2 13.0228
282000 400.823 -14532.6 7.24619
283000 399.831 -14548 -10.7667
284000 401.023 -14529.9 11.6381
285000 399.227 -14533.1 1.13639
286000 402.467 -14516.2 0.879781
287000 402.857 -14507 10.3863
288000 401.212 -14458.7 -0.208944
289000 398.155 -14494.9 13.4097
290000 401.69 -14465.8 -16.2966
291000 400.59 -14516.7 -1.251
292000 400.1 -14494.6 -3.99554
293000 401.134 -14498.9 16.5141
294000 396.913 -14608.2 11.8678
295000 399.497 -14576.3 1.53411
296000 398.851 -14557.6 24.0342
297000 399.612 -14579 -9.04881
298000 401.284 -14548 6.83448
299000 400.551 -14461.1 -1.12817
300000 399.351 -14552.1 8.26719
301000 399.13 -14499.5 10.9532
302000 402.001 -14471.5 3.35578
303000 398.522 -14462.9 5.88138
304000 402.809 -14383.6 -7.6919
305000 400.305 -14521.1 7.96031
306000 399.997 -14508.4 10.1184
307000 403.215 -14432.9 -7.44723
308000 398.457 -14576.1 9.61205
309000 400.149 -14603.9 0.96572
310000 399.611 -14544.8 4.11645
311000 402.089 -14446.4 -1.52788
312000 399.804 -14547.5 9.74831
313000 399.277 -14591.4 9.51656
314000 399.589 -14542.4 8.28072
315000 398.465 -14592.3 -4.98199
316000 400.635 -14515.5 0.307321
317000 403.525 -14506.9 -4.48773
318000 400.004 -14514 7.06996
319000 402.414 -14444.2 8.60594
320000 398.392 -14481.2 -2.87938
321000 399.979 -14581.4 5.79533
322000 401.063 -14537 -6.49568
323000 402.781 -14442.3 7.04534
324000 398.925 -14539.2 7.56796
325000 400.193 -14466.3 -2.6216
326000 402.549 -14472.4 -12.2144
327000 400.257 -14453.9 19.124
328000 399.525 -14516.5 4.2973
329000 401.147 -14502.7 8.84003
330000 401.711 -14461.2 -4.55637
331000 400.409 -14524.9 -1.10895
332000 401.603 -14447.7 -0.475865
333000 400.328 -14527.6 -4.40244
334000 400.77 -14514.4 -5.4812
335000 399.53 -14479.7 21.1187
336000 401.505 -14420.9 10.9298
337000 402.354 -14475.8 -14.2942
338000 399.295 -14527.6 4.70707
339000 399.105 -14545.9 -10.8547
340000 399.66 -14527.8 -8.25781
341000 397.083 -14508.2 14.4121
342000 399.61 -14579.2 -5.37733
343000 399.854 -14573.4 7.87757
344000 399.04 -14550.1 -9.63118
345000 399.242 -14511.6 0.675216
346000 400.392 -14516.3 12.4603
347000 401.198 -14533.7 -3.475
348000 402.059 -14470.4 7.16763
349000 401.181 -14545.8 6.3018
350000 399.145 -14549 -3.29962
351000 401.214 -14552.8 -11.2457
352000 399.085 -14541.7 10.7411
353000 399.723 -14484.8 -0.640713
354000 398.373 -14520.1 7.84014
355000 400.894 -14511.8 5.14441
356000 399.831 -14491.7 1.99597
357000 398.207 -14531.2 8.36703
358000 399.947 -14585.5 6.18929
359000 398.077 -14547.1 -9.19723
360000 403.27 -14461.8 2.50819
361000 398.899 -14524.1 -13.2047
362000 400.886 -14441.2 8.98193
363000 403.551 -14459.8 -8.33843
364000 401.222 -14443.5 6.03918
365000 402.814 -14409.3 6.38424
366000 397.661 -14637.9 2.82784
367000 399.542 -14531.4 16.8569
368000 400.566 -14478.8 -19.3815
369000 399.493 -14562.2 1.15058
370000 399.813 -14537.6 -7.56205
371000 401.843 -14508 -6.68556
372000 397.829 -14600.1 0.0988178
373000 401.05 -14528.1 2.48408
374000 400.524 -14564.2 0.381111
375000 398.191 -14588 1.76374
376000 402.92 -14510.6 9.31705
377000 400.725 -14483.7 6.99253
378000 400.068 -14537.2 -11.7455
379000 401.667 -14493.2 18.9221
380000 400.878 -14524.8 -2.13315
381000 397.353 -14545.3 8.74811
382000 403.26 -14426.4 -19.8033
383000 398.694 -14609.1 4.79628
384000 398.152 -14560.8 -10.6994
385000 399.762 -14650.1 11.2437
386000 399.283 -14503 6.91919
387000 398.726 -14540.2 3.16514
388000 402.163 -14421.6 5.05703
389000 399.757 -14497.2 -0.408395
390000 400.292 -14536.1 3.86646
391000 398.294 -14513.5 4.8928
392000 400.596 -14470.1 -0.923513
393000 399.516 -14542.7 5.68539
394000 398.38 -14535.5 -0.160507
395000 402.108 -14473.8 7.53839
396000 401.62 -14519.1 -8.3367
397000 400.862 -14483.8 -3.72462
398000 398.28 -14478.3 19.1936
399000 399.554 -14520.1 -3.48317
400000 398.095 -14587.8 -8.45329
401000 399.813 -14489.8 9.8207
402000 398.949 -14461.2 11.6138
403000 399.667 -14473.5 -2.94057
404000 401.764 -14477.4 4.04136
405000 400.2 -14519.4 -16.4476
406000 399.432 -14503.2 25.6871
407000 400.715 -14486.2 -0.968731
408000 399.431 -14533.1 -3.93164
409000 398.7 -14528.2 2.77475
410000 402.293 -14486.2 10.0084
411000 400.385 -14473.3 -6.87162
412000 398.362 -14532.6 -0.213452
413000 399.061 -14519.6 -6.60846
414000 401.131 -14492.5 16.5363
415000 401.259 -14420 -2.89541
416000 400.606 -14464.1 1.02099
417000 401.346 -14464.6 0.371007
418000 400.554 -14510 -10.7643
419000 401.817 -14506.5 19.9928
420000 401.049 -14494.9 -6.45865
421000 398.206 -14585.1 -6.96586
422000 399.995 -14571.8 -12.9869
423000 398.219 -14571.6 -9.84742
424000 402.235 -14521.8 8.98453
425000 399.993 -14510.5 -6.87347
426000 401.654 -14443.5 -8.25205
427000 398.136 -14527.5 5.85871
428000 401.234 -14503.3 0.394334
429000 400.272 -14480.1 3.66911
430000 398.704 -14582 1.98886
431000 399.871 -14484.9 -4.94555
432000 401.297 -14490.3 -2.68441
433000 401.045 -14484.1 5.23718
434000 401.736 -14481.9 -12.1162
435000 398.932 -14503.4 9.17331
436000 397.831 -14615 8.38227
437000 397.628 -14561.4 12.4867
438000 399.939 -14533.8 -8.23982
439000 397.923 -14519.5 10.3147
440000 399.93 -14505.9 -2.87696
441000 398.036 -14534.5 3.43272
442000 401.008 -14521.6 0.952596
443000 400.19 -14489 -4.53335
444000 402.362 -14541.3 -1.12107
445000 400.001 -14532.5 10.5243
446000 399.365 -14511.3 -0.0552311
447000 399.344 -14534.9 3.3243
448000 398.604 -14533.1 12.6037
449000 400.345 -14565.5 -1.54471
450000 400.948 -14509.9 0.677467
451000 399.335 -14537 0.430233
452000 401.984 -14470.1 -0.086056
453000 400.33 -14513.2 -3.74191
454000 400.04 -14506.6 -12.2658
455000 401.979 -14443.2 3.40795
456000 401.772 -14440.3 2.94038
457000 399.559 -14491.1 3.11678
458000 400.853 -14573.2 -6.8236
459000 399.493 -14545.1 21.064
460000 398.926 -14610.2 -2.00732
461000 400.632 -14546.2 -12.833
462000 400.918 -14464.3 5.42705
463000 398.989 -14529.7 5.70125
464000 400.486 -14525.1 -0.512365
465000 400.156 -14539.1 -1.14657
466000 396.98 -14561.1 -1.46606
467000 400.432 -14459 11.5691
468000 401.197 -14498.1 -10.0727
469000 398.107 -14506.9 -7.30354
470000 401.385 -14456 -2.4624
471000 398.568 -14481.7 5.14075
472000 401.077 -14506.9 8.12925
473000 399.576 -14490.4 -14.4304
474000 400.695 -14529.5 0.81108
475000 400.325 -14479.8 20.0034
476000 399.72 -14535 -5.40921
477000 400.856 -14472.1 2.3397
478000 402.793 -14465.4 9.79608
479000 397.225 -14584.1 18.7424
480000 402.123 -14428.4 -14.3099
481000 401.859 -14496.2 8.34425
482000 397.851 -14566.9 -5.15093
483000 400.731 -14487.9 2.01115
484000 398.496 -14578.7 -3.70391
485000 400.924 -14586.8 6.21085
486000 401.507 -14499 -9.71019
487000 401.357 -14519.8 -2.52182
488000 397.487 -14580.2 -3.26779
489000 399.49 -14538.6 0.37353
490000 398.162 -14555.3 1.55347
491000 399.913 -14509 14.0304
492000 398.075 -14505 10.2488
493000 398.53 -14552.4 -2.69491
494000 402.088 -14437.8 -7.05836
495000 401.998 -14506.2 -5.56634
496000 400.043 -14480.2 15.1547
497000 400.64 -14460.2 10.3702
498000 398.973 -14565.1 -3.32613
499000 400.837 -14459.5 5.54039
500000 402.114 -14468.3 0.523122
501000 398.052 -14587.5 10.6105
502000 397.548 -14497 -0.786322
503000 397.004 -14583 3.70461
504000 399.499 -14607.2 -3.67576
505000 400.642 -14502.8 19.279
506000 400.139 -14532.2 1.60166
507000 397.497 -14545.9 1.36019
508000 399.619 -14467.4 13.2374
509000 401.191 -14455.6 -19.2518
510000 400.766 -14519.7 26.2514
511000 399.199 -14544.3 -9.197
512000 401.483 -14420.5 -7.04975
513000 401.074 -14510 8.35402
514000 400.051 -14510.8 4.42347
515000 402.141 -14533.7 -2.71416
516000 400.521 -14484 -6.66807
517000 401.908 -14522.1 3.97507
518000 400.632 -14500.6 9.42728
519000 401.985 -14559.5 -9.84843
520000 400.628 -14513.2 4.07044
521000 401.531 -14471.3 -2.06616
522000 400.978 -14479.8 17.795
523000 402.096 -14511.4 -2.03537
524000 399.252 -14481.1 -0.619925
525000 399.528 -14468.9 3.51375
526000 399.644 -14490.3 2.86653
527000 401.078 -14506.6 3.26399
528000 400.103 -14547 10.4525
529000 399.732 -14573.8 2.07683
530000 397.973 -14587.7 -9.29189
531000 397.605 -14572.7 12.8027
532000 401.061 -14469.3 -9.88134
533000 397.938 -14586.7 6.97222
534000 401.319 -14538.3 12.3377
535000 400.385 -14482.3 -5.64444
536000 398.66 -14536.5 8.02481
537000 401.058 -14568.8 -15.0632
538000 399.766 -14442.4 9.18193
539000 402.18 -14417.8 0.612375
540000 400.273 -14582.8 13.5185
541000 400.143 -14527.3 6.79752
542000 399.903 -14488.9 7.22028
543000 397.921 -14525.7 4.94521
544000 403.347 -14458.7 -6.81244
545000 398.134 -14567.1 -4.23933
546000 400.85 -14451.4 -5.93738
547000 399.476 -14536.7 12.1945
548000 400.744 -14477.3 3.01686
549000 402.753 -14514.4 -13.5941
550000 402.078 -14404.6 10.4191
551000 401.317 -14469.3 -10.6751
552000 398.997 -14516.8 -10.54
553000 397.839 -14441.9 27.9055
554000 400.645 -14525.4 5.32316
555000 398.654 -14513.9 7.94849
556000 399.847 -14569.9 9.2926
557000 401.711 -14476.7 -0.844427
558000 399.66 -14522.9 -22.0947
559000 399.657 -14525.7 4.47713
560000 399.363 -14505.4 -8.55152
561000 401.752 -14458.4 13.7725
562000 400.001 -14510.7 -3.80162
563000 397.9 -14539.7 3.17358
564000 399.738 -14583.9 -6.37979
565000 400.725 -14484.8 5.72478
566000 399.372 -14536.2 3.54873
567000 398.434 -14569.9 9.61806
568000 401.345 -14478.6 3.77811
569000 401.914 -14420.7 -4.5168
570000 399.404 -14525.5 -13.4814
571000 400.912 -14532 4.53099
572000 401.81 -14506 0.715121
573000 397.839 -14593.1 5.80896
574000 398.208 -14569.7 9.46025
575000 400.587 -14523.4 2.86328
576000 398.537 -14533.7 3.33284
577000 400.279 -14472.8 0.341985
578000 401.864 -14424.6 -5.48354
579000 397.98 -14527.5 12.5346
580000 399.498 -14568.1 2.01465
581000 399.663 -14504.6 1.98611
582000 398.797 -14509.1 -2.84488
583000 402.059 -14465.8 -7.28619
584000 400.657 -14452.1 24.2412
585000 402.028 -14459.3 -2.33478
586000 399.195 -14521.2 1.62178
587000 399.814 -14556 11.3664
588000 400.008 -14520.9 -5.33803
589000 399.604 -14515 -12.5027
590000 400.777 -14515.1 16.583
591000 402.547 -14458.4 3.89592
592000 398.521 -14538.6 4.40792
593000 400.914 -14531.4 11.3522
594000 401.228 -14459.3 -17.0151
595000 400.848 -14525.5 -2.9941
596000 399.735 -14438.4 -2.06373
597000 400.335 -14541.2 -6.51089
598000 401.158 -14406.5 0.10611
599000 398.72 -14535.5 8.57361
600000 400.192 -14557.5 -9.69672
601000 399.215 -14540.5 -12.1549
602000 397.753 -14565.9 13.9198
603000 401.276 -14485.9 10.3431
604000 397.78 -14550.1 7.91028
605000 399.674 -14520.8 3.33281
606000 399.198 -14587.3 2.51119
607000 399.264 -14459.9 17.4495
608000 400.318 -14494.3 -20.1559
609000 399.398 -14536.4 7.17669
610000 400.818 -14576.3 1.24007
611000 399.969 -14574.2 5.7206
612000 399.685 -14535.8 17.8067
613000 401.802 -14483.5 -7.82
614000 399.496 -14559.4 -8.83496
615000 400.513 -14497.9 -9.80848
616000 400.413 -14523 -5.66389
617000 400.45 -14440 1.91205
618000 400.128 -14529.6 1.14964
619000 401.342 -14485.6 -5.87655
620000 401.4 -14449.8 2.0336
621000 399.82 -14491.2 -2.18905
622000 399.573 -14553.2 10.1823
623000 401.514 -14557.8 6.18981
624000 398.121 -14574.3 1.09462
625000 401.003 -14563.9 8.11654
626000 399.308 -14488.5 18.7719
627000 401.032 -14473 10.9084
628000 401.786 -14429.2 -22.5602
629000 400.935 -14568.2 3.75468
630000 399.53 -14581 -5.67653
631000 400.147 -14541.3 9.79351
632000 401.758 -14528.1 -20.6471
633000 398.852 -14512.7 -0.899085
634000 398.537 -14501.6 4.00741
635000 401.822 -14441.7 -9.47058
636000 401.721 -14467.7 14.2513
637000 401.489 -14434.3 1.97611
638000 396.873 -14527.8 15.7522
639000 400.217 -14515.2 -15.8091
640000 402.37 -14540.9 -14.7186
641000 398.247 -14521.4 14.2854
642000 398.43 -14587.3 3.22641
643000 399.108 -14474.9 12.8835
644000 401.996 -14475.4 13.8089
645000 397.672 -14531.3 0.0328689
646000 399.6 -14478 7.67249
647000 400.128 -14527 4.49284
648000 397.965 -14574.6 -3.49399
649000 399.831 -14556.8 16.2596
650000 402.432 -14524.7 -12.9584
651000 400.866 -14544.5 -8.61174
652000 401.767 -14535.7 3.33985
653000 399.715 -14457.1 7.12891
654000 400.26 -14539.3 1.86097
655000 399.764 -14496.5 13.8409
656000 398.383 -14460.6 14.8202
657000 400.455 -14493.1 6.9415
658000 398.068 -14544.9 -2.72082
659000 400.221 -14564.6 -15.0935
660000 400.071 -14516.6 1.03926
661000 399.966 -14548.6 -17.9383
662000 400.66 -14534 18.9738
663000 400.401 -14503.2 -9.18659
664000 400.889 -14536.9 1.34726
665000 399.754 -14575 3.14301
666000 402.094 -14528.7 5.92477
667000 399.239 -14553.5 -7.60359
668000 398.598 -14614.9 -12.1631
669000 400.474 -14445.9 10.5685
670000 399.254 -14515.8 7.37492
671000 402.292 -14455.5 -10.3226
672000 402.362 -14526.9 4.96565
673000 398.104 -14586.9 0.408774
674000 400.194 -14456.1 -5.76686
675000 401.819 -14505 0.799691
676000 397.4 -14638.2 -2.99072
677000 401.019 -14479.3 -7.65449
678000 400.678 -14507.3 -11.4251
679000 399.28 -14566.9 -9.20031
680000 400.761 -14541.7 -0.168751
681000 401.278 -14533.8 2.34182
682000 400.136 -14472 -3.74186
683000 400.941 -14514.5 -4.87593
684000 397.893 -14571.5 4.93595
685000 400.147 -14486.2 -13.7886
686000 398.906 -14496 19.9881
687000 402.924 -14468.6 -14.3956
688000 399.856 -14439.9 -6.63092
689000 400.363 -14498.6 1.12692
690000 400.413 -14483.6 23.4504
691000 396.918 -14563.5 8.94303
692000 400.186 -14507.6 -8.54446
693000 399.201 -14456.1 -3.27487
694000 402.542 -14495.8 -4.6039
695000 400.311 -14572.4 12.0372
696000 398.854 -14496.4 -15.8093
697000 403.488 -14535.8 19.4983
698000 397.714 -14476.8 4.07767
699000 398.782 -14521 6.70864
700000 398.487 -14580.4 15.7447
701000 401.168 -14485.3 -2.43477
702000 401.201 -14508.1 6.2407
703000 399.988 -14502.7 8.20053
704000 397.9 -14532 -16.5185
705000 399.259 -14486.6 7.32585
706000 402.438 -14455.2 12.1668
707000 399.516 -14450.8 -6.36989
708000 401.542 -14431 -2.52008
709000 398.657 -14514.3 12.8719
710000 400.944 -14478.5 2.56524
711000 398.54 -14559.5 6.68273
712000 399.45 -14525.3 -9.67591
713000 398.836 -14553.7 -3.26943
714000 400.356 -14498.6 -0.736315
715000 401.164 -14552.5 -0.0662917
716000 400.521 -14519.6 4.12506
717000 400.752 -14572.6 0.546483
718000 401.409 -14488.3 -1.82895
719000 398.03 -14526.3 7.71362
720000 399.693 -14540 -7.56667
721000 400.461 -14488.5 -3.45135
722000 399.899 -14490.5 10.2888
723000 398.461 -14539.9 -0.683299
724000 400.623 -14498.8 8.61767
725000 400.086 -14506.4 -3.865
726000 398.347 -14578.8 -15.5642
727000 397.27 -14596.2 13.4246
728000 401.959 -14557.2 -4.17566
729000 400.253 -14590.4 -3.94054
730000 399.66 -14535.3 -9.19553
731000 401.538 -14499.8 6.21088
732000 398.347 -14548.7 4.18287
733000 400.002 -14466 5.07895
734000 401.132 -14512.8 16.1458
735000 397.372 -14491.4 0.907346
736000 399.332 -14515.7 -5.03595
737000 400.405 -14555 12.5397
738000 399.446 -14512.9 16.3969
739000 399.093 -14570.6 2.52581
740000 398.787 -14496.6 -9.84505
741000 401.75 -14469.1 7.18467
742000 400.222 -14516.2 -0.574833
743000 399.197 -14484.2 17.9576
744000 401.082 -14489.6 -5.35
745000 396.663 -14592.5 -5.48424
746000 400.78 -14502.1 -1.78066
747000 399.281 -14521.8 10.6398
748000 401.246 -14540.6 -1.68442
749000 398.483 -14581.8 4.43669
750000 399.114 -14489 4.26706
751000 400.04 -14492.5 9.92426
752000 400.291 -14578.4 3.89932
753000 397.705 -14562.6 5.10044
754000 401.675 -14468.1 7.84984
755000 400.886 -14478 2.17061
756000 400.085 -14503.1 -13.7609
757000 399.433 -14544.8 8.88588
758000 398.819 -14559.1 12.0531
759000 400.009 -14554.9 -13.8185
760000 399.06 -14604.7 -2.72822
761000 401.213 -14521.6 -8.47455
762000 398.589 -14564.6 3.89901
763000 398.732 -14547.9 -2.61905
764000 400.872 -14510.1 2.40511
765000 401.312 -14490.5 -2.80783
766000 401.097 -14468.1 3.07517
767000 400.896 -14499.8 4.34729
768000 402.345 -14463.2 2.33081
769000 401.204 -14512.1 5.14233
770000 397.824 -14578.3 5.37679
771000 399.183 -14467 -10.2976
772000 398.514 -14547.8 1.60946
773000 400.235 -14510 8.57032
774000 401.054 -14491.6 -7.89304
775000 400.95 -14470 -1.88894
776000 401.282 -14472 5.24524
777000 400.112 -14526.9 4.99109
778000 401.159 -14471 -1.96969
779000 400.169 -14459.6 1.12402
780000 401.093 -14509.8 -0.160106
781000 400.232 -14478 -5.94869
782000 400.491 -14498.8 4.80153
783000 402.316 -14443 -0.845437
784000 400.082 -14537.4 -16.6468
785000 401.215 -14547.4 1.61673
786000 399.274 -14556 15.1311
787000 401.412 -14528.8 -9.56329
788000 401.932 -14499.2 11.3694
789000 399.306 -14512 -13.2255
790000 400.411 -14423.2 -3.19839
791000 399.206 -14506.8 3.10244
792000 399.784 -14524.2 -5.35217
793000 398.343 -14522.3 6.62196
794000 399.953 -14508.2 2.45428
795000 400.242 -14568.1 0.251957
796000 399.166 -14498.5 0.937397
797000 402.769 -14461.5 5.78065
798000 397.016 -14525.2 3.59886
799000 400.255 -14433.3 4.32193
800000 400.41 -14497.9 3.60564
801000 403.409 -14428.1 -11.3447
802000 399.11 -14540.7 -9.85402
803000 399.685 -14489.1 2.94064
804000 398.266 -14520.8 -9.59081
805000 398.365 -14497.1 11.7521
806000 399.965 -14442.4 11.9345
807000 401.02 -14460.2 7.29861
808000 399.515 -14553.3 -13.7086
809000 398.411 -14505.9 -3.87951
810000 399.626 -14469.3 0.553607
811000 400.611 -14477.5 9.24124
812000 403.042 -14434.9 -7.84089
813000 398.947 -14544.2 -5.67375
814000 398.897 -14533 11.8526
815000 399.448 -14525.1 -16.3255
816000 399.769 -14516.5 6.06996
817000 400.288 -14537.5 -13.5562
818000 399.141 -14453.8 5.44604
819000 400.993 -14504.8 11.6702
820000 400.179 -14498.9 12.8326
821000 401.206 -14516 2.55398
822000 401.45 -14472.2 10.9428
823000 400.163 -14506.2 -7.91509
824000 402.107 -14490.6 1.37199
825000 400.242 -14471 6.65619
826000 399.896 -14475 -1.24074
827000 399.34 -14572.6 3.67769
828000 399.449 -14591.1 -12.3424
829000 401.207 -14497.1 -3.94768
830000 401.41 -14479.2 -16.0918
831000 398.985 -14510.7 13.6357
832000 400.248 -14503 -3.23973
833000 401.528 -14446.8 25.2885
834000 399.713 -14424.9 -5.16808
835000 399.591 -14520.8 -11.5535
836000 399.234 -14532.9 5.89715
837000 402.562 -14536.5 -5.77838
838000 400.331 -14486.5 7.07366
839000 398.389 -14444.4 8.8767
840000 400.798 -14470.1 -4.51374
841000 399.125 -14533 0.661762
842000 401.142 -14474.7 6.97922
843000 403.035 -14430.6 -19.2637
844000 398.953 -14522.1 15.8355
845000 400.264 -14544.7 8.01928
846000 396.658 -14551.4 11.6415
847000 396.937 -14620.8 -4.40987
848000 402.125 -14423.6 15.855
849000 402.134 -14424.9 -6.62123
850000 401.646 -14426.5 -14.4856
851000 401.526 -14434.7 20.3292
852000 399.44 -14554.7 -5.89901
853000 400.839 -14492.6 1.4381
854000 399.94 -14536.9 14.8425
855000 399.673 -14509.9 8.54684
856000 399.817 -14478.2 0.30302
857000 401.083 -14505.1 -6.51231
858000 400.069 -14563.6 12.7859
859000 398.527 -14592.5 7.26174
860000 400.112 -14509.4 5.57029
861000 400.919 -14437.8 -13.6172
862000 399.21 -14604.2 9.62274
863000 398.867 -14547.7 13.1721
864000 400.203 -14485.9 1.64325
865000 398.258 -14601.2 -11.125
866000 400.297 -14540.3 3.7305
867000 401.687 -14493.6 -7.74208
868000 398.772 -14504.2 6.5851
869000 398.865 -14549.1 -7.53594
870000 400.373 -14438 2.34555
871000 399.667 -14541 -4.54691
872000 398.998 -14506.3 4.99397
873000 398.491 -14514.4 10.2864
874000 400.746 -14494.4 3.30328
875000 401.236 -14496.3 -9.63261
876000 398.939 -14535.5 5.17467
877000 399.207 -14510.1 -3.38409
878000 398.944 -14546.1 -0.524784
879000 402.843 -14441.9 0.440961
880000 400.961 -14534.8 -2.94099
881000 398.391 -14454.5 -5.49283
882000 400.114 -14443 -1.22521
883000 398.816 -14551.5 11.9176
884000 397.453 -14541.2 7.64963
885000 400.08 -14526.9 -0.618732
886000 401.897 -14547.9 -0.621069
887000 400.438 -14606.5 8.156
888000 399.722 -14571.3 2.53732
889000 399.294 -14565.8 4.08135
890000 398.58 -14552.3 -0.234241
891000 399.909 -14492.9 5.08586
892000 399.585 -14503.3 -6.27256
893000 399.245 -14470.8 4.97841
894000 399.053 -14497.5 7.12611
895000 401.264 -14477.4 -2.72775
896000 397.688 -14517.6 -15.9777
897000 399.636 -14441.9 8.34772
898000 398.663 -14552.8 14.9961
899000 398.847 -14531.3 3.04681
900000 400.035 -14504.5 -1.18161
901000 398.037 -14532.1 10.0835
902000 401.471 -14503.3 -11.114
903000 401.354 -14544.8 21.3939
904000 397.859 -14547.3 4.31762
905000 401.856 -14528.7 -4.45124
906000 400.486 -14528.6 1.89549
907000 402.536 -14465.7 -13.9823
908000 401.226 -14474 12.1443
909000 400.745 -14509.2 3.74307
910000 400.034 -14558.8 -10.1455
911000 399.437 -14486 21.0806
912000 401.45 -14595.1 -9.99367
913000 400.893 -14459.5 11.3491
914000 402.192 -14499.2 -10.0734
915000 399.198 -14512.9 3.93777
916000 398.995 -14562.9 10.6978
917000 399.083 -14532.6 8.91847
918000 398.792 -14564.3 10.4551
919000 400.464 -14464.9 -4.78835
920000 399.215 -14547.7 3.15424
921000 400.297 -14543.3 -2.08461
922000 399.924 -14444.5 5.04527
923000 400.876 -14444.8 -9.12748
924000 399.224 -14575.5 3.4607
925000 400.615 -14476.9 9.3019
926000 398.971 -14537.6 -3.16205
927000 398.047 -14579.1 11.3704
928000 398.941 -14493 -0.315927
929000 400.008 -14423.9 5.51502
930000 399.478 -14570.6 -3.78743
931000 398.374 -14553.6 7.38051
932000 399.033 -14554.9 1.25846
933000 398.403 -14486.9 6.95022
934000 397.595 -14529.7 -6.52794
935000 397.169 -14578.7 10.7391
936000 398.77 -14509.2 -6.86988
937000 398.288 -14574.1 6.44308
938000 401.122 -14538.7 2.13543
939000 401.799 -14504 -13.1636
940000 398.82 -14568.3 13.8869
941000 400.744 -14552.3 -5.91812
942000 399.722 -14505.5 17.3819
943000 401.114 -14456.5 7.96375
944000 400.165 -14529.5 -3.3877
945000 396.998 -14497.6 -5.88397
946000 400.596 -14476.7 1.4454
947000 400.464 -14486.9 6.17471
948000 401.104 -14505.5 17.5985
949000 401.466 -14561.5 -11.789
950000 399.975 -14555 1.4339
951000 400.717 -14496.8 3.65157
952000 399.471 -14614.9 6.02866
953000 399.462 -14586.1 0.327563
954000 400.541 -14513.8 4.57817
955000 401.797 -14446.1 -5.08439
956000 401.354 -14549 3.35901
957000 398.178 -14553.5 10.3462
958000 399.537 -14543.7 -10.7781
959000 401.855 -14507.6 17.3707
960000 399.177 -14475.2 11.4961
961000 401.407 -14444.6 -8.41789
962000 399.591 -14517.1 18.7917
963000 400.644 -14517.8 -11.2066
964000 399.446 -14523.4 19.9417
965000 400.774 -14495.4 -9.8659
966000 400.569 -14552.8 8.21778
967000 401.942 -14500 -10.5828
968000 399.068 -14541.7 22.6596
969000 401.336 -14485.7 -20.0217
970000 399.609 -14530.5 -5.15467
971000 400.771 -14573.1 -1.25213
972000 400.723 -14548.9 4.79895
973000 401.04 -14492.7 6.51311
974000 398.809 -14539.6 10.1764
975000 401.449 -14464.7 -4.7474
976000 403.003 -14503.3 10.5286
977000 398.106 -14593.4 -8.66569
978000 400.112 -14550.2 -2.86459
979000 397.603 -14501.9 13.0798
980000 401.803 -14485.1 -7.55427
981000 400.75 -14461 10.0902
982000 401.219 -14544.5 -6.50242
983000 398.339 -14544.7 -3.39315
984000 399.076 -14561.6 -3.92446
985000 397.538 -14600.8 4.77042
986000 401.982 -14486.3 -4.98896
987000 397.832 -14514.1 -8.37594
988000 401.405 -14518.1 13.9593
989000 401.234 -14540 -13.2418
990000 400.071 -14558.3 -3.3791
991000 397.916 -14566.1 24.3956
992000 398.452 -14505.6 -8.88635
993000 398.744 -14471.3 1.23582
994000 404.076 -14423 5.97059
995000 401.229 -14429.5 -1.08587
996000 402.915 -14498.2 1.96335
997000 401.392 -14532.6 -5.35694
998000 397.634 -14577 -11.3456
999000 401 -14554.9 12.4977
1000000 401.26 -14520.5 -8.80708
1001000 400.48 -14451.3 8.27251
1002000 399.195 -14457.1 4.59332
1003000 401.304 -14456.7 3.1604
1004000 401.163 -14546.8 3.60573
1005000 399.941 -14497.1 6.10954
1006000 400.735 -14442.1 10.4544
1007000 399.421 -14484.6 -1.64216
1008000 400.733 -14564.1 -4.39493
1009000 400.129 -14542.3 5.73531
1010000 400.151 -14549.6 3.52897
1011000 400.955 -14546.1 -9.19768
1012000 401.512 -14522.2 -5.61406
1013000 400.797 -14532.6 3.82225
1014000 400.144 -14530.6 -2.63993
1015000 397.373 -14613.8 -6.63175
1016000 401.151 -14528.3 -11.1931
1017000 400.615 -14560.1 0.563634
1018000 400.725 -14542.9 4.54654
1019000 400.488 -14547.8 -10.2393
1020000 400.064 -14452.5 6.33199
1021000 400.903 -14509.3 1.34845
1022000 399.593 -14478.7 9.7404
1023000 399.366 -14531.2 -0.402637
1024000 398.509 -14518.1 0.744817
1025000 399.123 -14519.8 -0.105263
1026000 400.422 -14481.6 -6.24362
1027000 399.66 -14540.9 -2.89157
1028000 398.677 -14534 -6.37573
1029000 398.103 -14566.4 0.416796
1030000 399.612 -14567 19.3877
1031000 398.193 -14579.9 -18.2839
1032000 401.64 -14526.6 6.32485
1033000 402.367 -14399.7 -6.91809
1034000 401.619 -14473.4 -2.09828
1035000 397.878 -14545.3 -9.72989
1036000 400.321 -14540.5 -5.66737
1037000 399.977 -14552.1 3.75648
1038000 400.083 -14573.7 14.8986
1039000 399.066 -14527.5 -9.92274
1040000 399.479 -14555.6 9.06142
1041000 401.011 -14475.2 8.68684
1042000 399.132 -14536 5.09991
1043000 397.154 -14593.9 10.7623
1044000 400.048 -14534.3 -2.06852
1045000 400.231 -14546.3 0.058196
1046000 401.588 -14518.5 -1.98136
1047000 400.22 -14520.5 -4.06761
1048000 397.847 -14519.8 6.09129
1049000 396.976 -14489.9 16.6859
1050000 400.607 -14510.5 -1.54519
1051000 399.621 -14462.9 4.00275
1052000 399.333 -14551.1 -5.28884
1053000 400.293 -14538.2 15.3817
1054000 399.318 -14562.1 9.54496
1055000 401.282 -14522.1 -6.12553
1056000 399.102 -14544.2 6.7692
1057000 398.576 -14527.3 -5.14308
1058000 400.018 -14520.7 -3.45447
1059000 398.615 -14551.7 10.8542
1060000 399.882 -14528.2 -18.8394
1061000 399.577 -14506.8 5.77012
1062000 400.201 -14524.9 -8.41145
1063000 401.169 -14422.9 11.7734
1064000 400.802 -14552.5 6.1243
1065000 399.837 -14514.2 1.65959
1066000 398.356 -14597 -17.4581
1067000 400.18 -14536.5 7.77828
1068000 397.247 -14602.3 -0.232085
1069000 400.341 -14474.7 -3.36503
1070000 395.521 -14560 4.90685
1071000 399.704 -14490.2 10.737
1072000 399.716 -14542 -9.73395
1073000 400.064 -14502.1 -7.57327
1074000 400.412 -14473.3 -2.69384
1075000 399.524 -14600.3 -12.2103
1076000 398.915 -14633.6 -2.7782
1077000 399.508 -14522.6 13.1331
1078000 399.888 -14593.2 -9.14877
1079000 401.039 -14506.9 -2.02563
1080000 399.801 -14530.6 -0.332975
1081000 399.977 -14539.2 2.13458
1082000 397.014 -14599.2 6.44154
1083000 402.163 -14457.7 -7.28251
1084000 401.956 -14464.7 -3.48346
1085000 397.998 -14578.2 1.40706
1086000 400.724 -14481.6 -4.71684
1087000 397.669 -14588.7 16.9584
1088000 402.076 -14506.3 -9.7309
1089000 401.563 -14494 7.12109
1090000 399.196 -14499 8.7205
1091000 400.862 -14489.2 -8.17024
1092000 401.277 -14517.6 -4.27828
1093000 401.416 -14533.3 -0.858197
1094000 398.859 -14570 15.8817
1095000 398.868 -14488.9 -12.5738
1096000 399.591 -14522.3 1.49398
1097000 399.027 -14563.6 -10.7291
1098000 400.943 -14447 0.408367
1099000 399.133 -14496.9 6.2189
1100000 401.157 -14479.9 13.7531
1101000 399.695 -14479.4 -9.44105
1102000 399.233 -14520.3 4.51247
1103000 400.147 -14575.1 7.68227
1104000 396.548 -14580.9 16.8193
1105000 401.167 -14519 -21.1392
1106000 399.778 -14515.8 8.93666
1107000 398.93 -14531 -8.47385
1108000 401.677 -14543.4 12.6646
1109000 400.713 -14530.7 6.10726
1110000 399.753 -14603.6 -17.5051
1111000 396.983 -14637.8 22.0841
1112000 400.09 -14508.3 3.25885
1113000 398.568 -14506.5 2.56929
1114000 400.283 -14509.9 5.91945
1115000 400.371 -14540.2 -2.53945
1116000 400.226 -14557 -1.14399
1117000 399.199 -14531 9.17473
1118000 399.345 -14530.1 7.29822
1119000 400.137 -14504.9 13.2855
1120000 401.549 -14486.2 -6.04328
1121000 399.492 -14538 2.57575
1122000 399.295 -14473.1 1.04762
1123000 399.977 -14461.4 -0.658217
1124000 398.485 -14583.2 20.3874
1125000 401.576 -14526.4 -6.27247
1126000 401.01 -14485.1 -0.616297
1127000 398.773 -14594.3 -2.40983
1128000 399.935 -14615.5 5.64438
1129000 399.635 -14563.3 -20.8729
1130000 400.141 -14530.5 9.95507
1131000 401.326 -14486.4 6.15722
1132000 404.122 -14417.3 7.03656
1133000 402.361 -14487.7 1.3149
1134000 401.671 -14537.6 -2.96714
1135000 399.466 -14549.6 -0.512023
1136000 399.233 -14476 7.96794
1137000 402.791 -14465.7 -8.564
1138000 397.136 -14546.4 -1.84177
1139000 400.613 -14513.5 16.2045
1140000 402.834 -14508.9 -11.6094
1141000 399.351 -14567.1 -2.94557
1142000 399.637 -14613.4 -8.51954
1143000 400.991 -14489.1 2.02056
1144000 401.102 -14442.7 7.00375
1145000 401.969 -14453 9.40185
1146000 401.042 -14450.9 2.31278
1147000 401.411 -14437.5 -12.1871
1148000 398.445 -14557.6 22.2971
1149000 402.996 -14508.5 -1.09894
1150000 399.88 -14496.3 -0.990349
1151000 398.85 -14507.5 -1.32694
1152000 398.954 -14483.6 6.72364
1153000 403.549 -14510.5 -6.65277
1154000 398.81 -14507 7.41076
1155000 396.619 -14596.4 -0.0662426
1156000 400.55 -14540.4 5.47468
1157000 400.213 -14565.6 7.44159
1158000 398.27 -14598 0.0861936
1159000 399.548 -14528.2 -4.66131
1160000 400.289 -14518.2 -2.9198
1161000 401.356 -14472.5 -1.69179
1162000 398.755 -14469.1 6.08393
1163000 399.452 -14474.6 -1.38272
1164000 398.259 -14603.5 6.75082
1165000 397.781 -14583.5 -3.69682
1166000 400.376 -14473.1 12.1823
1167000 399.398 -14493.8 1.06104
1168000 402.515 -14468.9 -0.492637
1169000 400.408 -14457.7 -9.68813
1170000 398.835 -14553.6 3.56419
1171000 397.078 -14509 2.44788
1172000 400.706 -14488.2 -3.4954
1173000 400.085 -14509 4.25182
1174000 400.717 -14485 10.6071
1175000 401.876 -14443.8 -5.40799
1176000 399.404 -14542.3 -1.86373
1177000 399.551 -14559.7 6.31191
1178000 400.123 -14583.1 -11.8191
1179000 399.938 -14520.2 -0.4391
1180000 400.792 -14466.5 15.0009
1181000 399.124 -14515.7 15.6191
1182000 401.461 -14498.5 4.61664
1183000 398.223 -14503.4 -10.7005
1184000 399.154 -14559.8 -8.02462
1185000 398.839 -14549.1 0.228008
1186000 400.684 -14556.9 -1.03883
1187000 400.713 -14457.4 0.348747
1188000 399.049 -14532.9 2.53873
1189000 400.524 -14557 9.59899
1190000 397.197 -14582.8 11.2412
1191000 401.915 -14468.3 -6.29089
1192000 399.057 -14496.1 -3.61244
1193000 399.624 -14570.2 12.9693
1194000 399.949 -14493.9 -5.93194
1195000 400.815 -14492.6 -13.4598
1196000 400.038 -14518.8 14.1079
1197000 399.644 -14479.1 -19.9446
1198000 399.005 -14603.8 3.65793
1199000 399.061 -14567.7 2.18186
1200000 400.901 -14470.6 -14.2601
1201000 400.857 -14541 5.67484
1202000 403.737 -14480.9 -4.2269
1203000 400.592 -14478.9 1.87445
1204000 398.933 -14589.3 7.84628
1205000 399.823 -14665.7 2.47685
1206000 400.52 -14589.8 -17.0579
1207000 401.338 -14470 -3.17126
1208000 398.541 -14513.9 2.10307
1209000 399.459 -14504.6 4.54544
1210000 400.844 -14476.4 -11.7271
1211000 402.94 -14469.9 -0.264756
1212000 400.97 -14558.9 -8.40122
1213000 400.568 -14563.5 2.85832
1214000 400.046 -14507.4 7.65237
1215000 398.923 -14545.5 1.09066
1216000 402.493 -14511.8 -0.298752
1217000 400.372 -14515.4 8.44279
1218000 399.234 -14581.8 5.20887
1219000 400.962 -14458.6 -4.8089
1220000 399.165 -14539 4.6658
1221000 399.499 -14567.5 -0.122792
1222000 399.769 -14524 6.80594
1223000 398.78 -14492.1 3.45661
1224000 398.258 -14541.7 -0.398478
1225000 401.059 -14538.1 -6.39748
1226000 399.558 -14524.1 -10.0535
1227000 400.389 -14453.1 10.7941
1228000 399.058 -14494.2 6.50541
1229000 399.816 -14482.9 6.45884
1230000 397.828 -14578 -0.460798
1231000 398.761 -14499.1 -4.73019
1232000 399.697 -14519 7.32907
1233000 399.429 -14561.2 11.9827
1234000 399.119 -14474.8 -11.818
1235000 399.881 -14533.4 6.22836
1236000 400.567 -14460.4 11.7523
1237000 402.923 -14443.3 -6.71255
1238000 401.052 -14510.8 8.81944
1239000 400.177 -14541.9 -6.55646
1240000 401.038 -14487.2 4.24
1241000 401.849 -14511.4 0.42265
1242000 399.714 -14615 -9.86888
1243000 400.991 -14523.9 11.0875
1244000 399.857 -14529.1 -6.46701
1245000 402.626 -14435.3 9.578
1246000 398.758 -14623.6 5.37379
1247000 395.986 -14651.4 10.1278
1248000 397.462 -14583.5 -4.16241
1249000 400.127 -14506.5 3.46795
1250000 401.101 -14499.1 -3.20483
1251000 400.742 -14529.9 13.4177
1252000 399.323 -14595.6 1.28336
1253000 401.172 -14504.9 -15.3323
1254000 399.419 -14534.2 -4.65745
1255000 399.638 -14546.6 2.85688
1256000 401 -14496.6 9.18237
1257000 401.132 -14442.8 -2.6668
1258000 400.461 -14484.9 3.33513
1259000 400.715 -14449.6 -1.82688
1260000 400.242 -14484.4 4.22071
1261000 399.271 -14466 10.2745
1262000 397.57 -14587 2.3352
1263000 401.25 -14508.2 -3.22606
1264000 399.52 -14529.4 -7.61292
1265000 401.187 -14536.9 -7.60976
1266000 401.408 -14494.4 9.8259
1267000 401.346 -14443 -10.4392
1268000 400.27 -14500.2 0.852791
1269000 401.769 -14442 13.4001
1270000 399.992 -14538 1.20357
1271000 398.71 -14591.6 -8.44937
1272000 400.638 -14457.9 0.861575
1273000 401.134 -14434.8 -5.91777
1274000 399.26 -14522.8 15.6315
1275000 400.746 -14499.8 7.11196
1276000 401.413 -14484.4 -13.6989
1277000 398.575 -14597.5 -5.2453
1278000 398.513 -14529.7 0.692856
1279000 399.782 -14524.9 0.145771
1280000 399.852 -14492.2 -11.3862
1281000 401.635 -14543.9 15.6863
1282000 399.062 -14575.4 -3.69285
1283000 398.631 -14568.1 9.41825
1284000 400.225 -14534.4 -5.05428
1285000 400.65 -14491.9 14.4127
1286000 401.68 -14548 -5.19363
1287000 397.315 -14558.6 1.9042
1288000 397.603 -14540.9 9.88765
1289000 400.338 -14469 -1.27209
1290000 400.128 -14508.5 -1.34688
1291000 400.667 -14497.7 16.6658
1292000 401.975 -14454.8 -5.82758
1293000 398.757 -14546 5.46155
1294000 399.139 -14506.8 -6.34401
1295000 399.397 -14584 13.1447
1296000 401.618 -14463.3 -8.13684
1297000 400.83 -14529.8 7.51904
1298000 401.337 -14512.2 -6.72306
1299000 399.289 -14593.3 -6.52732
1300000 396.584 -14596.2 3.29682
1301000 401.073 -14528.6 -5.40496
1302000 400.265 -14459.6 0.328063
1303000 401.05 -14443 -1.03684
1304000 401.417 -14534.8 -15.594
1305000 399.012 -14519.8 -1.95519
1306000 400.752 -14493.2 2.95258
1307000 401.137 -14494.7 4.74445
1308000 399.208 -14509.5 8.78887
1309000 401.978 -14524.4 -3.0109
1310000 399.338 -14575.8 -13.3125
1311000 398.774 -14510 -0.523244
1312000 399.31 -14490.1 0.723661
1313000 399.707 -14503.7 3.42174
1314000 400.635 -14428.9 13.4463
1315000 402.053 -14460.8 -3.35757
1316000 400.654 -14533.7 0.69467
1317000 399.115 -14542.7 -2.57857
1318000 401.153 -14561.5 10.3285
1319000 399.103 -14542.1 -4.44746
1320000 399.926 -14479 -1.13495
1321000 400.773 -14436 14.9966
1322000 402.439 -14516.6 2.19902
1323000 400.664 -14557.9 -14.3251
1324000 400.599 -14564.5 -0.551816
1325000 399.006 -14526 8.2459
1326000 400.45 -14579.2 5.51893
1327000 400.013 -14518.2 -1.19341
1328000 400.203 -14526.4 7.39943
1329000 400.114 -14539.1 -7.41812
1330000 398.742 -14538.7 4.7257
1331000 398.238 -14572.6 -2.35722
1332000 400.577 -14490.2 -5.01361
1333000 398.424 -14583.8 9.82402
1334000 399.217 -14599.6 1.74276
1335000 400.541 -14579.2 -0.622165
1336000 401.517 -14559.6 2.20685
1337000 400.702 -14540.3 -21.5695
1338000 399.784 -14538.7 3.63104
1339000 401.683 -14506.5 13.8338
1340000 399.456 -14504.9 -3.44671
1341000 396.381 -14527.5 0.198661
1342000 400.921 -14536.4 13.5909
1343000 401.809 -14453.3 0.697927
1344000 397.031 -14544 -4.24894
1345000 400.329 -14546.8 4.66542
1346000 400.187 -14523.3 9.32946
1347000 399.134 -14493.8 -15.8777
1348000 402.144 -14486.6 17.315
1349000 401.424 -14503.4 -10.8831
1350000 401.328 -14492 1.60411
1351000 400.362 -14487.5 2.2974
1352000 398.105 -14558.8 -6.26934
1353000 401.076 -14572.1 -5.60663
1354000 402.668 -14410.2 -2.32761
1355000 398.511 -14496.8 -2.60289
1356000 398.249 -14546.4 15.1478
1357000 400.17 -14550.3 4.3921
1358000 400.776 -14445.7 -2.89612
1359000 399.44 -14512 11.787
1360000 400.44 -14571.5 -8.10113
1361000 397.611 -14571.6 0.768966
1362000 399.625 -14559.1 0.857525
1363000 400.447 -14491.1 6.97572
1364000 402.248 -14456.3 5.57103
1365000 399.868 -14491.1 -9.27868
1366000 401.695 -14412 7.81941
1367000 400.258 -14527.3 4.21639
1368000 401.51 -14487.5 -5.46661
1369000 398.104 -14516 -4.51479
1370000 399.893 -14507.3 6.48049
1371000 398.699 -14546.2 -3.15469
1372000 401.621 -14472.6 -10.024
1373000 399.617 -14484.2 7.79739
1374000 400.21 -14498.4 1.16014
1375000 397.891 -14571.2 10.2905
1376000 401.625 -14467.1 -14.2337
1377000 399.679 -14524.5 6.7605
1378000 402.8 -14525.8 2.30827
1379000 400.045 -14521.5 9.19834
1380000 400.019 -14522.8 2.0792
1381000 397.504 -14559.6 3.19759
1382000 399.633 -14590.4 -6.78365
1383000 400.752 -14474.4 14.6943
1384000 398.89 -14531.1 -3.50789
1385000 400.76 -14529 10.386
1386000 400.43 -14503.3 1.28517
1387000 398.111 -14562.1 -6.84117
1388000 400.166 -14593.2 2.82701
1389000 399.525 -14575.3 7.90157
1390000 399.844 -14496.5 0.846433
1391000 400.413 -14490.1 15.0824
1392000 399.405 -14519.6 7.00407
1393000 400.553 -14538.4 -14.7005
1394000 401.023 -14492.2 -12.9786
1395000 398.197 -14550.6 13.911
1396000 403.057 -14465.5 -0.5018
1397000 399.243 -14516.8 3.94925
1398000 399.08 -14497.9 3.24532
1399000 399.53 -14545.2 7.22233
1400000 400.098 -14518.4 3.22163
1401000 401.615 -14481.4 -13.3337
1402000 400.936 -14482.4 3.40284
1403000 399.645 -14490.4 14.9784
1404000 397.08 -14543.2 -1.27894
1405000 401.63 -14490.6 -12.2306
1406000 401.538 -14437.8 6.32535
1407000 399.834 -14487.4 1.91434
1408000 399.069 -14483.8 -3.49793
1409000 399.459 -14498.4 -12.5973
1410000 397.257 -14603.4 6.65589
1411000 398.872 -14568.5 7.16143
1412000 398.206 -14565.8 -4.98995
1413000 398.35 -14534.8 -2.48272
1414000 401.322 -14512.2 -2.33316
1415000 399.635 -14533.4 7.62768
1416000 400.566 -14483.9 2.54718
1417000 401.361 -14482 -6.43079
1418000 399.596 -14544.4 21.6482
1419000 399.652 -14531.2 0.241664
1420000 400.925 -14547 -9.56581
1421000 400.499 -14509.2 2.7563
1422000 398.789 -14561.3 -8.23856
1423000 401.117 -14420.3 0.507834
1424000 402.053 -14422.5 -1.93323
1425000 400.768 -14525.1 0.745718
1426000 400.659 -14520.4 -14.0518
1427000 399.415 -14532.9 4.34255
1428000 401.143 -14522.2 16.4262
1429000 400.975 -14479.5 -5.97502
1430000 398.03 -14527.9 -4.66813
1431000 401.613 -14448.1 6.24382
1432000 404.007 -14415 -25.6853
1433000 399.979 -14470.2 11.6872
1434000 400.879 -14455.9 0.309851
1435000 403.872 -14487.3 13.9399
1436000 401.485 -14477.5 -6.96473
1437000 401.003 -14471.6 0.0766674
1438000 398.973 -14484.6 -4.08568
1439000 400.964 -14523.5 -9.14804
1440000 399.877 -14507.3 5.0331
1441000 399.636 -14485.7 4.29589
1442000 399.55 -14526.3 6.71258
1443000 398.513 -14561.1 -8.34226
1444000 402.677 -14450.1 -18.5859
1445000 399.118 -14494.4 7.29758
1446000 399.637 -14491.2 16.2494
1447000 401.667 -14459.5 -0.118737
1448000 398.681 -14522.4 -0.693692
1449000 399.45 -14502.2 -1.56818
1450000 398.029 -14531.3 -0.163307
1451000 401.387 -14486.5 10.6922
1452000 398.476 -14547.5 6.91154
1453000 400.599 -14544.8 -16.3634
1454000 399.03 -14507 5.92592
1455000 401.517 -14529.6 -8.13616
1456000 397.71 -14586.9 -4.00027
1457000 398.092 -14538 -8.45042
1458000 399.906 -14544.1 -3.61008
1459000 400.959 -14488.9 8.56412
1460000 397.415 -14517 1.27113
1461000 399.43 -14462.6 8.78728
1462000 400.532 -14494.3 10.2398
1463000 399.461 -14496.5 4.15086
1464000 398.941 -14486.7 -4.47728
1465000 401.548 -14473.2 11.7421
1466000 400.048 -14517.1 3.07776
1467000 399.688 -14516.8 13.9899
1468000 400.081 -14495.5 6.07226
1469000 399.654 -14496.6 -6.27193
1470000 401.243 -14488 -17.0049
1471000 399.719 -14436 4.46379
1472000 397.926 -14506.2 9.29053
1473000 399.694 -14532.5 -5.31055
1474000 399.089 -14604 3.75778
1475000 398.076 -14623.5 -4.31858
1476000 398.57 -14541.8 -8.85984
1477000 400.627 -14482.3 -4.18872
1478000 401.124 -14523.4 -1.58808
1479000 401.395 -14550.6 0.618933
1480000 398.352 -14543.4 26.8735
1481000 402.239 -14482.4 4.51778
1482000 398.807 -14536.1 -0.668724
1483000 401.031 -14440.4 12.2588
1484000 399.698 -14466.7 0.139908
1485000 402.046 -14512.5 -15.0807
1486000 400.306 -14469.3 1.91419
1487000 401.985 -14462 -1.22587
1488000 400.969 -14480.6 11.6797
1489000 399.095 -14596.4 -6.22838
1490000 399.544 -14514.3 8.96381
1491000 401.491 -14457.3 4.25894
1492000 403.25 -14479.4 -11.0678
1493000 399.401 -14506.5 6.30602
1494000 400.36 -14505.4 9.27517
1495000 399.899 -14468.1 -4.10475
1496000 399.422 -14509.5 0.530497
1497000 400.249 -14491.6 -9.35627
1498000 398.722 -14553.6 6.45486
1499000 399.704 -14485.2 -5.80507
1500000 399.229 -14541.1 1.30787
1501000 397.617 -14561.1 -3.23211
1502000 398.187 -14574.5 13.7265
1503000 397.724 -14571.7 -1.48453
1504000 398.088 -14587.8 7.17377
1505000 401.672 -14495.9 -4.35769
1506000 402.452 -14443.1 -10.512
1507000 400.546 -14462.6 -20.124
1508000 401.261 -14519 16.3853
1509000 399.192 -14517.7 2.50063
1510000 402.37 -14431.6 -4.91018
1511000 402.059 -14465.5 -10.3646
1512000 398.844 -14511.5 18.66
1513000 402.759 -14432.1 5.74376
1514000 399.972 -14466.4 -1.00338
1515000 402.368 -14442.4 -4.42303
1516000 399.14 -14483.3 5.52784
1517000 401.661 -14469.9 6.33726
1518000 400.728 -14525.9 0.036569
1519000 400.119 -14547.6 -6.84294
1520000 400.483 -14517.7 -1.49278
1521000 400.408 -14500.4 5.07948
1522000 400.147 -14482.9 -13.319
1523000 399.56 -14511 1.20386
1524000 400.209 -14515.6 6.65003
1525000 400.435 -14555 7.90887
1526000 399.811 -14574.2 -0.299066
1527000 400.219 -14465.9 -2.56502
1528000 398.803 -14481.9 14.8782
1529000 400.659 -14540.4 0.258661
1530000 399.289 -14465 -3.81566
1531000 397.952 -14531.7 15.006
1532000 400.322 -14526.3 -18.3957
1533000 402.019 -14447 1.63167
1534000 401.059 -14500.2 1.79069
1535000 399.934 -14547.6 -5.68484
1536000 400.3 -14511.7 7.57282
1537000 399.422 -14543.6 -1.70336
1538000 398.311 -14565.2 16.7164
1539000 398.671 -14583.6 12.0206
1540000 399.353 -14504 1.64389
1541000 400.754 -14455 -0.435387
1542000 400.241 -14476.1 6.55406
1543000 397.502 -14580.3 16.8852
1544000 398.951 -14545.3 -0.509128
1545000 399.08 -14517.8 15.1569
1546000 400.076 -14483.5 -9.66708
1547000 400.112 -14518.9 10.9909
1548000 399.652 -14548.2 3.11301
1549000 398.786 -14583.8 -0.115367
1550000 398.542 -14521.3 3.9836
1551000 398.171 -14526.4 5.00377
1552000 400.779 -14536.5 -1.54257
1553000 400.472 -14523.5 15.6647
1554000 397.882 -14533.4 -4.76245
1555000 400.207 -14516.7 16.0186
1556000 399.789 -14448.9 -4.75
1557000 402.336 -14507.1 -7.31503
1558000 399.437 -14543.9 6.31095
1559000 397.113 -14580.6 -1.85183
1560000 398.248 -14548.7 14.2123
1561000 398.82 -14503.3 -5.22173
1562000 403.271 -14467.5 3.08349
1563000 400.141 -14498.7 7.41283
1564000 402.196 -14450.1 9.07128
1565000 399.713 -14466.9 -7.05522
1566000 398.294 -14564.5 -6.63027
1567000 398.524 -14520.4 11.5172
1568000 400.04 -14446.3 0.217577
1569000 402.274 -14442.9 -0.287997
1570000 399.56 -14491.7 5.63157
1571000 400.096 -14566.9 6.96936
1572000 399.875 -14500.9 -10.6665
1573000 399.933 -14514 -11.4709
1574000 400.138 -14441.1 12.7368
1575000 400.99 -14528.5 -3.01651
1576000 400.145 -14504.7 9.11493
1577000 398.364 -14499.9 16.4201
1578000 402.784 -14470.4 -4.11736
1579000 399.89 -14476.9 5.81367
1580000 400.837 -14454.6 8.76369
1581000 401.859 -14489 -22.2078
1582000 399.755 -14526.8 -2.83161
1583000 398.599 -14518 10.8154
1584000 399.165 -14538.4 3.69329
1585000 400.232 -14472.7 -2.29479
1586000 400.85 -14505.6 -14.2503
1587000 399.832 -14552.4 9.77643
1588000 399.094 -14533.1 15.788
1589000 398.378 -14534.7 -0.63557
1590000 399.672 -14535.1 1.14431
1591000 399.683 -14468 -2.62197
1592000 400.931 -14498.6 -2.09032
1593000 399.395 -14621 -8.31171
1594000 400.164 -14558 11.573
1595000 402.998 -14443.3 -11.9197
1596000 402.422 -14472.1 14.9049
1597000 401.733 -14376.6 0.106126
1598000 400.884 -14495 -8.06097
1599000 400.988 -14554.4 3.18244
1600000 400.436 -14548.4 4.11361
1601000 400.801 -14544.7 1.71552
1602000 401.824 -14505.5 -6.63572
1603000 399.54 -14520.6 -7.0155
1604000 402.334 -14485.7 3.16451
1605000 399.676 -14487.2 1.31406
1606000 402.318 -14445.7 -7.24808
1607000 399.576 -14534.2 -9.7703
1608000 397.41 -14542.8 5.21122
1609000 399.471 -14529 -12.0578
1610000 401.238 -14500.4 -15.2389
1611000 399.61 -14549.7 1.40181
1612000 400.277 -14485.7 3.53553
1613000 399.386 -14593.7 -9.58934
1614000 399.826 -14506.7 1.13945
1615000 396.428 -14618 7.93329
1616000 400.701 -14555.6 6.2349
1617000 398.124 -14543.7 3.49425
1618000 399.687 -14515.1 14.0349
1619000 400.693 -14542.6 -16.1481
1620000 397.856 -14603.8 11.5966
1621000 402.025 -14482.8 8.83294
1622000 400.237 -14493.5 -2.80212
1623000 398.302 -14527.2 -2.11243
1624000 400.794 -14513.5 16.5541
1625000 401.471 -14452.8 -6.46968
1626000 399.801 -14583.8 -1.71789
1627000 399.404 -14561.2 5.27593
1628000 397.911 -14524.1 -8.2484
1629000 400.333 -14508.3 2.2455
1630000 400.569 -14552 -10.5601
1631000 399.084 -14573.5 -0.801237
1632000 399.097 -14482.8 -14.4968
1633000 398.545 -14539 2.85109
1634000 400.9 -14476.6 26.7359
1635000 401.852 -14512.2 -11.0953
1636000 401.531 -14447.7 1.31877
1637000 399.448 -14455.5 4.93841
1638000 399.917 -14528.2 7.79949
1639000 400.138 -14484 -3.73256
1640000 400.055 -14608.7 -6.02889
1641000 399.84 -14510.2 5.55619
1642000 398.784 -14567.2 -9.0367
1643000 399.663 -14492.1 18.7301
1644000 400.071 -14510.8 5.96941
1645000 401.364 -14501.2 -1.17225
1646000 400.567 -14529.9 5.31099
1647000 401.035 -14413.1 -4.78862
1648000 401.665 -14450.8 8.59965
1649000 399.166 -14495.7 -10.223
1650000 401.629 -14487.8 2.30342
1651000 400.555 -14499.1 -2.52874
1652000 399.642 -14491.5 5.61998
1653000 399.909 -14513.5 -4.38307
1654000 401.771 -14460.1 5.93024
1655000 403.393 -14411.4 5.48307
1656000 399.366 -14563.1 -10.22
1657000 403.355 -14457.8 2.05413
1658000 401.132 -14482.2 8.43781
1659000 401 -14516.1 2.23831
1660000 401.166 -14541.8 -9.45776
1661000 399.591 -14483.7 1.46392
1662000 401.196 -14441.2 -6.12735
1663000 402.265 -14428.1 -4.61402
1664000 399.791 -14584.4 -24.715
1665000 401.754 -14479.7 2.90184
1666000 399.175 -14559.9 -12.3873
1667000 400.414 -14568.9 14.8851
1668000 400.304 -14503.9 2.91265
1669000 400.134 -14499.4 -9.92051
1670000 398.186 -14478.5 4.21472
1671000 401.634 -14544.9 10.3083
1672000 401.134 -14491.8 -14.2241
1673000 402.372 -14486.8 4.38587
1674000 400.947 -14513.6 4.95198
1675000 400.216 -14536.1 4.86397
1676000 401.716 -14477.4 10.3887
1677000 399.988 -14522 -19.1652
1678000 398.075 -14508 21.6977
1679000 398.828 -14547.2 -6.65103
1680000 399.767 -14500.7 1.22329
1681000 400.006 -14492.9 2.06525
1682000 401.371 -14494.1 -16.1508
1683000 397.494 -14520 0.520948
1684000 399.422 -14571.7 18.6723
1685000 399.388 -14592 -4.51003
1686000 398.057 -14587.6 -6.11489
1687000 400.091 -14492.1 15.9046
1688000 402.414 -14479.2 -11.6572
1689000 399.292 -14519.9 0.0182275
1690000 401.941 -14455.7 15.057
1691000 399.751 -14536.2 -1.28972
1692000 400.053 -14513.2 20.3071
1693000 399.896 -14534.7 -14.4533
1694000 400.247 -14542.7 16.6407
1695000 399.316 -14535.6 -5.05943
1696000 399.719 -14541.1 -8.50347
1697000 399.889 -14577.3 5.00485
1698000 398.909 -14538.9 -6.53929
1699000 402.038 -14457 -4.75443
1700000 400.109 -14525.1 6.50302
1701000 399.786 -14531.6 9.09914
1702000 399.872 -14509.4 -4.17036
1703000 398.768 -14593.3 10.8352
1704000 397.524 -14591.6 -13.3083
1705000 400.732 -14456.5 4.70416
1706000 400.11 -14511.5 -3.21582
1707000 399.153 -14520.3 -21.3005
1708000 400.37 -14469.6 31.5323
1709000 399.59 -14555.6 -0.368981
1710000 398.196 -14618.8 7.66017
1711000 399.742 -14512.4 -0.296079
1712000 398.605 -14589.2 0.992707
1713000 399.631 -14535.9 5.10429
1714000 398.823 -14524.5 9.80856
1715000 398.245 -14500.6 1.41836
1716000 400.588 -14565.9 9.43408
1717000 399.225 -14499 4.62571
1718000 399.322 -14484.8 17.0111
1719000 402.35 -14504.3 1.01048
1720000 399.742 -14532.8 0.527847
1721000 398.388 -14590.6 -5.85602
1722000 401.826 -14495.1 28.8632
1723000 398.668 -14530.1 -0.783811
1724000 397.794 -14493.8 -5.84248
1725000 398.654 -14548.9 -11.6302
1726000 399.201 -14492.8 13.8223
1727000 398.456 -14545.6 10.7998
1728000 400.767 -14493.5 11.4236
1729000 400.277 -14463.2 -8.73711
1730000 399.661 -14542 6.84574
1731000 400.758 -14464 -8.95966
1732000 400.094 -14483.2 7.60561
1733000 400.968 -14443.8 15.2483
1734000 400.102 -14478 -3.84805
1735000 398.88 -14570.3 1.74232
1736000 400.717 -14510.2 3.28699
1737000 398.715 -14598.7 -8.73845
1738000 398.762 -14524.4 4.16746
1739000 401.875 -14493.7 3.1298
1740000 397.091 -14644.4 0.548046
1741000 401.154 -14528.3 21.2226
1742000 399.961 -14512.5 12.126
1743000 401.148 -14447.9 -17.9194
1744000 401.42 -14473.1 8.23412
1745000 401.378 -14548.1 -12.1115
1746000 400.709 -14489.5 -2.64783
1747000 400.881 -14480.8 11.1877
1748000 399.101 -14533.7 3.04691
1749000 399.002 -14546.1 10.9526
1750000 401.078 -14472 11.4984
1751000 401.405 -14488.9 6.04251
1752000 399.475 -14472.1 6.13042
1753000 399.259 -14508.9 -11.3505
1754000 401.49 -14456.2 -6.37448
1755000 400.34 -14554.8 -3.01928
1756000 399.708 -14555.8 -4.79678
1757000 402.217 -14543 -18.1263
1758000 401.11 -14501 14.6929
1759000 398.476 -14551.9 1.41972
1760000 401.668 -14469.8 0.414176
1761000 399.685 -14510.5 -6.28048
1762000 397.726 -14592.5 8.66947
1763000 401.901 -14480.6 23.2686
1764000 399.762 -14538.7 -29.03
1765000 402.518 -14460.3 18.2196
1766000 400.703 -14526 -8.22291
1767000 400.106 -14502.3 5.13849
1768000 403.593 -14511.7 4.33561
1769000 399.835 -14496.2 -5.09693
1770000 400.189 -14507.5 -11.4092
1771000 398.426 -14545.1 2.11996
1772000 400.699 -14539.8 4.69782
1773000 398.739 -14563.6 7.08437
1774000 402.194 -14479.5 -19.8604
1775000 401.1 -14518 1.24464
1776000 398.694 -14538.1 18.3032
1777000 398.068 -14572.3 -6.61633
1778000 399.714 -14499.3 0.091186
1779000 400.659 -14541.5 -1.80537
1780000 399.862 -14493.7 1.47161
1781000 399.704 -14532 -3.75218
1782000 399.302 -14515.1 3.95302
1783000 401.277 -14542.7 -8.44378
1784000 400.158 -14500 10.4178
1785000 401.435 -14469.8 5.36118
1786000 398.639 -14472.7 3.95598
1787000 399.207 -14505.8 -2.87249
1788000 400.266 -14449.8 6.7503
1789000 398.749 -14503.1 0.0606944
1790000 399.696 -14540.7 -4.31706
1791000 401.287 -14543.7 -0.528311
1792000 398.364 -14480.9 -2.77046
1793000 399.409 -14486.9 3.2052
1794000 398.094 -14530.6 5.19413
1795000 400.161 -14544 10.0484
1796000 397.281 -14501.1 2.46526
1797000 401.795 -14585.7 -9.69192
1798000 399.115 -14510.6 14.9196
1799000 399.281 -14514.3 4.57639
1800000 399.648 -14446.8 -12.3142
1801000 401.05 -14514.6 0.741631
1802000 399.619 -14494.7 7.09498
1803000 399.615 -14466.3 -0.56647
1804000 398.476 -14583.2 3.48417
1805000 400.675 -14536.8 -14.0588
1806000 400.528 -14527.1 -7.96315
1807000 398.343 -14571.1 7.98663
1808000 400.495 -14572.4 -13.8978
1809000 401.431 -14443.5 11.7571
1810000 400.236 -14419.1 -7.84275
1811000 400.841 -14460.2 -5.43016
1812000 398.042 -14550.4 -5.97194
1813000 397.804 -14612.7 2.29078
1814000 399.704 -14528.2 1.36012
1815000 400.842 -14508.1 -2.51669
1816000 402.762 -14459.5 -2.53697
1817000 401.475 -14524.1 -2.42313
1818000 400.146 -14542.9 8.15192
1819000 400.963 -14550.2 -12.4073
1820000 401.102 -14495.3 -13.9999
1821000 399.388 -14485.5 -2.18477
1822000 398.635 -14560.1 0.101637
1823000 399.035 -14496.6 0.245547
1824000 397.974 -14579.5 -2.98196
1825000 399.388 -14480.7 -4.79729
1826000 401.181 -14526.8 -7.13941
1827000 398.948 -14581.4 6.11761
1828000 397.637 -14607.9 2.27905
1829000 400.177 -14518.9 7.37684
1830000 400.463 -14487.3 -3.58158
1831000 399.682 -14506.3 3.1423
1832000 400.902 -14472.3 -7.16067
1833000 399.881 -14567.8 -5.38684
1834000 397.369 -14597.1 6.20078
1835000 402.148 -14414.2 6.91996
1836000 399.248 -14434.8 -10.0584
1837000 401.101 -14518 -11.5891
1838000 401.964 -14356.7 13.6407
1839000 400.433 -14528.6 -14.6714
1840000 400.565 -14581.6 -12.0085
1841000 399.189 -14472.4 4.46552
1842000 402.074 -14465.1 4.5938
1843000 401.239 -14500.4 9.32281
1844000 398.465 -14530.4 1.07934
1845000 402.788 -14453.3 -5.65726
1846000 402.911 -14510.4 -5.44542
1847000 401.286 -14489.8 8.30176
1848000 400.22 -14508.6 5.60739
1849000 399.262 -14509.5 0.729422
1850000 400.665 -14534.3 0.310236
1851000 401.788 -14545.5 3.00916
1852000 399.1 -14569.5 3.25158
1853000 398.43 -14542.9 -7.79121
1854000 400.559 -14487.6 9.52515
1855000 400.23 -14528.6 -2.23425
1856000 397.692 -14578.5 -16.3949
1857000 402.321 -14491.2 -1.82518
1858000 401.234 -14489.9 -7.87196
1859000 402.501 -14462.1 -11.0316
1860000 399.851 -14525.2 11.9462
1861000 402.294 -14474.5 -19.8239
1862000 400.865 -14492.4 11.8837
1863000 401.239 -14560.5 -5.91225
1864000 400.136 -14530.1 2.92543
1865000 398.028 -14525.9 4.32268
1866000 399.679 -14506.9 -0.459109
1867000 399.464 -14500.2 16.2043
1868000 400.379 -14505.6 -12.3677
1869000 398.662 -14541.3 -1.51216
1870000 398.965 -14549.7 10.7308
1871000 399.626 -14496.6 2.78275
1872000 401.767 -14505.6 -13.1353
1873000 398.711 -14564.7 10.5811
1874000 401.57 -14455.1 5.32186
1875000 397.345 -14519.8 6.34997
1876000 400.71 -14426.9 -1.52146
1877000 399.763 -14563.7 -3.69758
1878000 399.54 -14562.9 3.21166
1879000 400.713 -14552 2.87063
1880000 402.263 -14434.6 5.07385
1881000 397.39 -14596.3 -9.05679
1882000 401.587 -14433 -0.165955
1883000 398.298 -14526.7 -2.91956
1884000 400.63 -14471.2 8.77839
1885000 401.152 -14544.6 6.98418
1886000 399.374 -14569.3 0.0471565
1887000 400.837 -14529.8 -3.51093
1888000 397.3 -14581 6.41286
1889000 399.927 -14558.2 -2.80698
1890000 400.022 -14538.5 -5.59886
1891000 400.418 -14533.6 5.98687
1892000 398.376 -14565.6 -8.49872
1893000 399.973 -14486.4 -1.21083
1894000 400.652 -14520.1 -7.37258
1895000 400.817 -14409.6 -1.0835
1896000 397.2 -14562.5 -4.0956
1897000 398.934 -14626.2 23.4088
1898000 398.545 -14563.6 6.2545
1899000 401.19 -14503.6 -14.755
1900000 401.422 -14518.2 1.992
1901000 401.169 -14498.6 5.07687
1902000 399.37 -14548.1 15.3389
1903000 399.716 -14482.4 5.83469
1904000 400.209 -14496.5 -2.40283
1905000 398.46 -14539.8 7.86087
1906000 399.714 -14512.5 -6.51965
1907000 401.766 -14501.7 11.2048
1908000 400.799 -14471.1 -3.70842
1909000 400.635 -14450.2 1.63614
1910000 400.316 -14465.9 -7.12057
1911000 397.372 -14627.6 9.03149
1912000 399.789 -14561.9 -7.71541
1913000 399.101 -14496.1 19.6847
1914000 400.553 -14625.4 0.618444
1915000 400.748 -14523.7 -0.273112
1916000 399.934 -14525.1 -6.60554
1917000 399.29 -14537.9 -1.69547
1918000 399.119 -14512.8 16.2714
1919000 398.317 -14568.7 19.3496
1920000 397.317 -14507.9 13.0775
1921000 400.237 -14500.1 -8.56
1922000 397.725 -14557.5 -4.54469
1923000 400.639 -14567.2 5.99657
1924000 398.2 -14593.1 3.31587
1925000 399.315 -14544.8 -8.75671
1926000 399.378 -14532.5 -6.08953
1927000 402.5 -14513.9 -1.42803
1928000 399.069 -14506.9 11.2093
1929000 398.031 -14613.9 -9.22665
1930000 399.835 -14575.5 0.942626
1931000 402.064 -14449 28.2342
1932000 398.825 -14533 4.02585
1933000 396.836 -14615.8 7.53271
1934000 402.349 -14497.1 -1.93047
1935000 399.949 -14492.1 12.4889
1936000 399.507 -14523.2 7.57829
1937000 400.356 -14521.5 4.95166
1938000 401.768 -14509.3 -1.792
1939000 403.075 -14429.5 -8.51001
1940000 399.49 -14520.7 -4.01074
1941000 401.052 -14532.7 5.57606
1942000 400.553 -14513.4 1.57503
1943000 401.061 -14502.2 11.6528
1944000 400.652 -14593.2 -7.1126
1945000 402.411 -14446.9 -4.94663
1946000 401.706 -14505.5 7.22529
1947000 401.036 -14508.7 6.85043
1948000 400.682 -14484.3 15.2158
1949000 398.338 -14552.5 -4.59205
1950000 402.194 -14491.2 -8.898
1951000 399.372 -14540.4 0.45055
1952000 399.246 -14532.4 -1.26764
1953000 400.856 -14418.8 0.648937
1954000 398.174 -14525.7 15.0935
1955000 401.657 -14508.5 -5.9181
1956000 398.826 -14508 10.7415
1957000 401.406 -14541.1 -11.2658
1958000 400.464 -14432.2 26.3906
1959000 399.199 -14492.1 -11.0575
1960000 399.267 -14516.2 5.23015
1961000 402.102 -14543.6 10.2463
1962000 398.659 -14531.6 7.66915
1963000 401.416 -14514.8 -5.15092
1964000 397.745 -14530.7 17.6266
1965000 399.81 -14457.2 8.78428
1966000 395.079 -14619.2 12.7751
1967000 400.041 -14493.1 -0.125137
1968000 398.758 -14488.4 11.4245
1969000 401.987 -14418.8 0.657719
1970000 398.567 -14543.1 -5.31366
1971000 400.735 -14508.5 10.7489
1972000 400.601 -14536 -0.11174
1973000 398.84 -14493.7 -14.2002
1974000 398.519 -14544.8 14.7441
1975000 401.528 -14485.3 3.80679
1976000 401.374 -14495.3 0.571805
1977000 400.509 -14575 7.72377
1978000 400.689 -14566.9 0.0271387
1979000 398.385 -14578.3 8.49364
1980000 400.772 -14485.6 6.39163
1981000 401.527 -14404.1 -0.793932
1982000 399.568 -14491.7 8.61122
1983000 400.307 -14541.1 1.06923
1984000 397.935 -14566.4 -13.0392
1985000 402.674 -14466 6.57192
1986000 400.137 -14508.3 8.88854
1987000 399.75 -14551.7 -1.27018
1988000 400.731 -14536.2 3.31365
1989000 399.73 -14536.5 13.1145
1990000 398.973 -14504.4 6.27765
1991000 399.508 -14529.9 4.21433
1992000 399.419 -14582.9 -15.7592
1993000 401.073 -14514.5 20.0299
1994000 400.857 -14557.9 -24.1423
1995000 398.848 -14575.8 10.2073
1996000 401.125 -14520.2 -12.2055
1997000 400.594 -14498.2 15.262
1998000 403.575 -14451 -7.53769
1999000 396.606 -14608.9 3.30153
2000000 397.21 -14554.1 1.44737
