# Time-averaged data for fix 3
# TimeStep v_Temperature v_PotentialEnergy v_Pressure
2000 266.43 -16609.2 -365.149
3000 298.711 -16316.6 -261.793
4000 300.627 -16424.4 3.74362
5000 300.12 -16530.5 1.72724
6000 300.377 -16490.4 -2.90051
7000 299.231 -16499.1 -67.7271
8000 298.601 -16541.2 -3.37122
9000 302.51 -16494.1 66.7646
10000 299.575 -16511.2 9.85732
11000 302.237 -16523.3 -8.18171
12000 300.561 -16515 -70.2918
13000 300.851 -16552.2 110.116
14000 300.548 -16482.4 -128.198
15000 300.413 -16553.1 79.8896
16000 299.575 -16480.7 -23.8936
17000 301.402 -16490.2 -13.2244
18000 299.965 -16484.4 -91.4522
19000 298.781 -16570.9 121.575
20000 298.539 -16557.5 -21.4779
21000 301.346 -16556.7 41.5724
22000 301.088 -16602.8 -50.4956
23000 298.193 -16588.1 27.1569
24000 300.482 -16511.9 -1.81392
25000 299.13 -16495 -8.09236
26000 301.677 -16483.6 -51.4861
27000 298.808 -16585.1 99.193
28000 299.456 -16572.4 -113.684
29000 302.08 -16528.8 55.6062
30000 299.946 -16520.5 97.4186
31000 299.82 -16500.1 -142.095
32000 301.79 -16524.7 -49.8403
33000 299.735 -16540.2 75.7045
34000 302.129 -16491.7 -59.8625
35000 299.053 -16503.3 82.574
36000 302.335 -16430.4 61.5013
37000 299.267 -16517.9 -46.3291
38000 300.693 -16521.6 4.94442
39000 298.834 -16522.8 -24.2192
40000 300.548 -16516.4 -3.23267
41000 299.577 -16483.7 -12.3048
42000 301.487 -16512.9 35.5753
43000 300.235 -16494.3 48.1939
44000 299.104 -16495.1 20.3498
45000 301.783 -16410 -69.5909
46000 301.444 -16418.9 -17.1719
47000 300.418 -16510.5 52.4941
48000 297.993 -16505.1 -14.3035
49000 298.214 -16556.8 -26.0936
50000 299.853 -16523.6 29.6198
51000 300.314 -16522.3 -43.2414
52000 300.547 -16500.2 -41.4592
53000 297.654 -16525.3 41.721
54000 302.154 -16510.5 -93.9807
55000 299.828 -16545.6 166.384
56000 298.772 -16553.4 11.1867
57000 299.834 -16542.2 -36.8399
58000 301.482 -16476.3 -87.9859
59000 300.075 -16496.3 65.6897
60000 300.841 -16536.5 -5.14969
61000 301.082 -16524.1 16.5387
62000 301.17 -16491.7 -4.74888
63000 300.829 -16556.9 -41.1838
64000 302.125 -16504.5 60.4676
65000 300.244 -16489 -58.0908
66000 299.779 -16504.5 100.497
67000 299.886 -16470.7 -21.6138
68000 300.123 -16490.6 -68.6131
69000 300.846 -16525.2 64.8044
70000 298.798 -16578.1 -1.79639
71000 299.393 -16556.9 -22.7473
72000 300.485 -16470.4 18.0264
73000 300.915 -16442.6 -18.1667
74000 301.198 -16452.2 -0.933301
75000 297.759 -16517.6 43.9907
76000 301.646 -16505.8 -51.4275
77000 298.941 -16503.9 2.404
78000 300.089 -16541.1 -44.9188
79000 301.075 -16484.3 54.2477
80000 299.692 -16510.1 49.0261
81000 299.001 -16529 -62.8813
82000 300.746 -16565.7 127.887
83000 300.877 -16517.2 -80.1127
84000 301.697 -16428.1 -58.2483
85000 300.154 -16493.8 60.6631
86000 300.221 -16581.8 35.054
87000 300.694 -16471.9 -9.27376
88000 300.923 -16502.1 -88.4779
89000 300.067 -16532.5 50.3012
90000 301.246 -16529.5 13.148
91000 299.202 -16511.2 -59.8148
92000 299.606 -16511.2 76.3739
93000 300.372 -16548.3 57.1313
94000 299.741 -16519.7 -7.76964
95000 301.236 -16493.1 -55.7951
96000 299.408 -16549.1 49.7182
97000 298.948 -16539.3 -37.8385
98000 300.55 -16558.1 60.6879
99000 300.242 -16540.8 -16.4737
100000 299.543 -16551 -25.0972
101000 299.898 -16511.6 -4.86083
102000 302.083 -16476.2 20.4161
103000 298.781 -16482.8 48.3662
104000 298.481 -16511 8.32975
105000 298.987 -16512.3 -32.8726
106000 300.002 -16501.8 -18.6962
107000 301.063 -16452.2 51.3101
108000 299.991 -16497.8 -9.86934
109000 303.132 -16414.7 27.2205
110000 301.219 -16478.4 8.48184
111000 299.764 -16539.4 -112.959
112000 299.027 -16547.3 43.2248
113000 301.274 -16492.3 -12.4692
114000 299.558 -16533.3 75.358
115000 298.625 -16498.5 -12.3575
116000 300.207 -16528.4 78.4334
117000 299.618 -16531.4 -48.354
118000 300.526 -16551.3 -56.2402
119000 297.77 -16540 45.6517
120000 299.597 -16523.8 -77.7492
121000 301.28 -16421.8 47.9573
122000 301.198 -16478.7 -32.868
123000 300.831 -16499.8 -9.43144
124000 299.259 -16523 132.329
125000 300.256 -16478.1 -9.41225
126000 298.678 -16508.2 -36.5748
127000 299.704 -16528.3 14.4642
128000 299.159 -16481.4 5.59059
129000 299.529 -16454.2 -97.5763
130000 298.852 -16545.8 34.4869
131000 299.297 -16550.8 88.282
132000 299.956 -16568.4 -102.056
133000 302.251 -16505.9 78.0574
134000 298.817 -16494.9 20.7822
135000 300.139 -16515.9 -79.977
136000 299.365 -16558.8 67.2501
137000 300.297 -16545.1 41.2509
138000 299.293 -16566.4 3.10082
139000 300.357 -16565.9 -76.9398
140000 301.768 -16513.4 -12.5221
141000 300.861 -16542.8 12.2435
142000 299.815 -16552.4 8.69168
143000 298.5 -16573.2 13.5164
144000 299.493 -16561.9 -37.0252
145000 299.51 -16522.2 17.1379
146000 299.878 -16546.4 -1.53434
147000 300.986 -16595.2 10.0023
148000 299.293 -16525.7 -52.9163
149000 299.362 -16552.7 14.0187
150000 298.46 -16551.6 32.3691
151000 299.714 -16468.7 -35.7748
152000 299.767 -16494.6 6.17098
153000 300.653 -16484 -18.2433
154000 301.837 -16507.9 16.361
155000 299.604 -16564.7 48.368
156000 299.183 -16573 -29.6927
157000 298.645 -16581 -12.7809
158000 301.282 -16532.2 31.7801
159000 300.096 -16525 -16.7469
160000 300.263 -16547.2 0.803521
161000 300.942 -16506.1 -18.7187
162000 299.391 -16546.7 21.7467
163000 301.773 -16481.7 -47.6841
164000 302.301 -16479.6 -38.8544
165000 301.263 -16511.3 53.3999
166000 298.665 -16509.8 4.93679
167000 301.518 -16495.8 -28.2859
168000 300.594 -16578.1 10.6342
169000 300.817 -16515.2 64.5283
170000 301.413 -16492.5 -34.2004
171000 300.158 -16463.6 -32.2971
172000 299.204 -16488.1 33.5034
173000 299.189 -16456.9 47.7662
174000 299.884 -16493.9 -8.46469
175000 299.794 -16495.8 12.048
176000 300.206 -16564.3 2.58949
177000 300.668 -16497.6 59.8165
178000 298.976 -16589.5 -39.3804
179000 300.975 -16551.5 23.5372
180000 300.867 -16566 -71.5243
181000 299.023 -16583.8 -9.97519
182000 300.364 -16501.9 55.776
183000 298.828 -16552 -4.2182
184000 300.737 -16507.2 19.8968
185000 300.537 -16479.7 -12.1797
186000 300.313 -16589.3 18.2072
187000 299.552 -16589.1 -60.5672
188000 299.724 -16534.6 -58.9663
189000 299.674 -16587.2 105.188
190000 298.309 -16535.3 -58.4752
191000 302.657 -16455 16.006
192000 299.855 -16536.2 19.8594
193000 299.802 -16525.9 33.9762
194000 300.183 -16510.7 3.457
195000 299.243 -16574.1 -45.3825
196000 301.437 -16501.2 5.73243
197000 299.341 -16529.9 0.342979
198000 299.057 -16527.1 -12.3602
199000 300.1 -16526.7 22.6404
200000 299.891 -16504.2 -15.9424
201000 298.76 -16545.6 6.69354
202000 299.603 -16522.2 4.67726
203000 299.221 -16533.6 35.9096
204000 301.22 -16491.7 -66.3371
205000 299.837 -16428.2 -52.1069
206000 300.512 -16492.2 64.1222
207000 300.626 -16490.2 -10.9765
208000 298.861 -16510.5 8.70752
209000 298.941 -16563.5 -10.7957
210000 300.436 -16610.9 -34.894
211000 301.491 -16616.9 37.8126
212000 299.763 -16634.9 -7.95468
213000 299.246 -16633.1 20.7594
214000 299.395 -16553.1 -44.3318
215000 299.109 -16567.3 50.9777
216000 301.909 -16535.5 -34.0418
217000 299.326 -16521.8 30.3078
218000 300.202 -16518.9 -3.38141
219000 299.174 -16506.3 37.3752
220000 302.07 -16485.2 2.28206
221000 299.008 -16552.3 32.3648
222000 297.748 -16569.6 -15.0369
223000 299.279 -16554.7 25.0216
224000 299.969 -16572.7 -79.7106
225000 301.411 -16518.9 -60.9839
226000 300.041 -16539.3 51.3838
227000 299.26 -16547.6 37.6783
228000 300.255 -16534.4 -47.7501
229000 301.572 -16489.3 5.12611
230000 300.152 -16517.9 -14.0362
231000 299.608 -16546.5 53.3194
232000 299.924 -16563.3 -48.6676
233000 301.38 -16620.7 -32.9587
234000 298.421 -16587 5.22782
235000 299.809 -16494.5 8.87404
236000 301.421 -16481 30.3961
237000 300.672 -16459.8 36.3844
238000 300.623 -16476.5 -27.6597
239000 301.686 -16491.2 61.58
240000 300.18 -16489.6 -82.8251
241000 300.895 -16512.4 40.4116
242000 299.564 -16536.6 -1.4639
243000 300.712 -16513.8 -31.7703
244000 298.949 -16526.8 86.0019
245000 301.339 -16446 -49.528
246000 300 -16512.6 12.791
247000 300.215 -16490.3 -2.09243
248000 298.948 -16581.3 -1.30124
249000 299.117 -16529 22.3759
250000 299.977 -16521.5 -31.3017
251000 301.254 -16564.1 76.305
252000 300.998 -16531.3 -56.9354
253000 299.63 -16535.1 39.3549
254000 300.119 -16507.6 -39.9595
255000 300.338 -16524.6 -17.6212
256000 299.677 -16463.9 112.222
257000 300.671 -16461.5 -53.8737
258000 297.743 -16564.7 -25.3532
259000 301.466 -16479.6 1.91875
260000 299.386 -16566.9 31.0504
261000 298.819 -16553.5 27.6572
262000 300.03 -16514.6 -64.7051
263000 301.022 -16523.3 16.8626
264000 298.981 -16552.7 14.6908
265000 300.062 -16530.6 51.0879
266000 300.914 -16507.3 -88.9835
267000 299.827 -16541 18.3626
268000 299.777 -16492.1 42.1758
269000 301.003 -16479.8 -44.0961
270000 299.855 -16531.6 53.5828
271000 301.521 -16500.1 -8.36819
272000 298.999 -16551.5 -38.0307
273000 299.899 -16544.5 44.1221
274000 299.129 -16535.3 -18.1914
275000 299.862 -16556.9 84.6349
276000 298.88 -16591.9 -40.6593
277000 298.271 -16577.1 -59.5659
278000 299.305 -16575.8 38.448
279000 299.417 -16542.4 -0.89544
280000 299.557 -16535.8 15.7837
281000 299.579 -16547.5 36.376
282000 301.162 -16544 -30.7348
283000 301.826 -16505.9 9.16454
284000 300.299 -16550.3 -50.2675
285000 299.72 -16534 2.06341
286000 300.069 -16501.6 48.77
287000 300.962 -16500.5 -20.3744
288000 299.592 -16500.3 -4.39947
289000 299.518 -16533.7 1.41932
290000 298.677 -16546.5 35.2524
291000 299.258 -16526.9 -20.1037
292000 301.942 -16473.2 38.3087
293000 299.713 -16465.6 -84.4097
294000 298.319 -16556.1 39.1861
295000 298.662 -16532.6 27.0589
296000 301.064 -16514.9 70.5963
297000 300.041 -16546.6 -32.4712
298000 298.964 -16598.7 -26.998
299000 300.564 -16557.8 55.3578
300000 300.558 -16524.1 4.14419
301000 300.913 -16529.2 55.3323
302000 300.761 -16520.1 -50.8244
303000 300.78 -16458.4 -48.6453
304000 298.94 -16560.6 -27.6379
305000 300.091 -16517.2 -1.51941
306000 299.605 -16546.8 50.9288
307000 299.901 -16475.7 6.69029
308000 302.719 -16463.1 5.43249
309000 299.311 -16485.9 -42.7979
310000 300.269 -16499.9 -1.73276
311000 300.193 -16507.6 53.2312
312000 300.741 -16542.6 -40.6703
313000 300.796 -16512.3 4.12842
314000 301.489 -16466.3 29.244
315000 300.963 -16474.7 37.5988
316000 301.433 -16497.5 26.5517
317000 300.688 -16517.4 -104.855
318000 298.711 -16561.7 62.6306
319000 299.573 -16507.9 17.1354
320000 301.822 -16444.9 -21.4988
321000 301.251 -16494.2 2.457
322000 298.199 -16521.2 -48.4805
323000 299.911 -16558.5 64.5329
324000 298.408 -16543.5 -16.3124
325000 300.171 -16488.5 9.02483
326000 298.822 -16541.8 -11.4464
327000 300.013 -16540.7 -24.3643
328000 299.662 -16528.7 121.383
329000 301.216 -16483.4 -43.0897
330000 300.926 -16423.4 -36.3251
331000 298.902 -16440.1 -7.28478
332000 301.739 -16503 -25.6708
333000 299.097 -16511.7 5.40161
334000 298.499 -16522.2 -54.0543
335000 298.648 -16546.4 54.9296
336000 300.402 -16492.1 -8.30009
337000 300.201 -16525.7 15.538
338000 301.72 -16470.4 25.7831
339000 298.277 -16513.3 57.6932
340000 300.341 -16511.1 -29.4986
341000 298.919 -16514.2 -3.01798
342000 299.111 -16518.3 27.7712
343000 300.433 -16464.7 -55.6394
344000 298.3 -16567.9 112.029
345000 298.274 -16557.1 -85.976
346000 300.752 -16573.2 -0.570407
347000 298.748 -16517.6 -43.6775
348000 299.007 -16564 -89.9747
349000 300.614 -16526.1 84.0008
350000 301.009 -16510.4 -32.0422
351000 300.194 -16566 -57.3813
352000 299.084 -16555.7 68.4446
353000 300.824 -16528.1 45.0476
354000 300.7 -16510.9 -20.869
355000 301.422 -16507.8 -11.6676
356000 299.414 -16505.8 -7.30428
357000 299.626 -16479.5 23.122
358000 300.28 -16489.9 -28.7534
359000 299.469 -16529.1 14.6137
360000 299.534 -16535.1 12.2403
361000 297.889 -16513 26.3044
362000 300.231 -16450.7 -12.7496
363000 300.355 -16562.2 19.3171
364000 297.916 -16625 75.0065
365000 301.083 -16562.7 -54.5033
366000 301.516 -16523.2 -35.9983
367000 301.09 -16524.8 41.1211
368000 300.924 -16528.5 17.4442
369000 299.01 -16536.2 -60.0846
370000 299.251 -16583.6 48.3064
371000 300.768 -16549.9 -10.2846
372000 298.804 -16525.9 -81.4378
373000 298.839 -16567.3 69.0304
374000 297.79 -16567.8 -10.1411
375000 302.065 -16539 71.0621
376000 298.114 -16657.9 -64.8302
377000 299.002 -16636.5 36.7126
378000 301.983 -16522.7 65.9951
379000 298.715 -16561.7 -91.9343
380000 299.131 -16539.4 18.7548
381000 299.578 -16484.3 -32.5906
382000 300.147 -16525.9 8.8279
383000 300.015 -16574.7 51.0391
384000 302.766 -16477.1 -35.7168
385000 297.297 -16534.5 -5.91363
386000 299.465 -16495.2 -48.4779
387000 299.249 -16549.2 60.5845
388000 297.698 -16601.4 46.4992
389000 300.698 -16528.2 -89.6044
390000 300.245 -16588.8 115.418
391000 299.052 -16626.8 -2.8613
392000 300.871 -16470 -21.9993
393000 301.05 -16446.5 -44.6916
394000 299.953 -16479.7 26.376
395000 299.518 -16471.2 56.9837
396000 298.2 -16611.2 -22.6085
397000 300.635 -16461.7 -65.8454
398000 300.454 -16517.1 -0.624457
399000 300.479 -16517.4 71.2322
400000 298.224 -16547.6 -85.1182
401000 300.559 -16496.1 58.8818
402000 301.506 -16493.5 -21.7551
403000 301.538 -16512 40.035
404000 301.733 -16496.7 19.1012
405000 300.005 -16535.1 -9.47911
406000 298.597 -16499.8 -1.91875
407000 300.69 -16502.8 -15.218
408000 300.812 -16479 32.4779
409000 297.39 -16522.7 -70.0029
410000 301.016 -16499.7 74.6714
411000 299.271 -16556.5 1.70744
412000 301.009 -16556.7 18.2123
413000 298.462 -16575.1 -45.2132
414000 300.478 -16514.4 22.505
415000 301.236 -16483.5 22.9809
416000 299.031 -16502 -23.2543
417000 300.235 -16545.6 28.1046
418000 301.08 -16463.6 -126.243
419000 297.093 -16583 83.743
420000 298.208 -16581 -62.1061
421000 300.692 -16520.3 12.9171
422000 298.8 -16458 -21.3732
423000 300.532 -16451.5 49.0841
424000 300.628 -16446.8 -0.753005
425000 299.92 -16476.3 -12.2074
426000 298.918 -16545.1 27.0806
427000 299.835 -16496.6 61.9714
428000 298.161 -16498.5 -50.6942
429000 299.859 -16495.3 -30.4249
430000 299.901 -16521.8 70.9627
431000 300.461 -16480.4 17.2198
432000 299.537 -16447.7 33.9695
433000 300.426 -16491.5 -23.4641
434000 297.967 -16558.7 -17.5839
435000 300.21 -16554.1 8.18367
436000 299.826 -16559.3 38.853
437000 299.496 -16547.7 10.6386
438000 299.079 -16519.6 -81.5659
439000 300.584 -16546.1 31.528
440000 298.79 -16496.8 4.38163
441000 300.031 -16507.9 -32.3864
442000 298.717 -16581.3 59.3854
443000 298.521 -16581.1 -34.9553
444000 299.266 -16619.5 46.8234
445000 299.253 -16587.2 19.8984
446000 297.804 -16587.5 -2.33431
447000 300.741 -16471.2 -64.5712
448000 301.275 -16528.5 12.0391
449000 299.218 -16545.9 51.6178
450000 300.857 -16545.9 -34.3625
451000 299.823 -16484.9 23.8119
452000 299.187 -16554.9 41.0115
453000 300.408 -16505.9 -33.0059
454000 298.918 -16503.7 -7.59084
455000 302.491 -16419.3 -38.6309
456000 300.449 -16459.6 15.5935
457000 299.444 -16512.3 -6.89486
458000 298.112 -16531.2 96.4493
459000 301.786 -16486.7 -147.689
460000 299.699 -16536.2 33.2255
461000 300.159 -16458.9 -0.47488
462000 300.57 -16465.4 -8.50823
463000 299.9 -16502.9 14.3346
464000 299.489 -16516.1 22.8269
465000 299.887 -16545 21.5801
466000 300.984 -16501.8 -129.231
467000 300.255 -16553.7 81.2025
468000 301.725 -16583.2 -11.3583
469000 298.959 -16600.9 21.9672
470000 299.341 -16547.5 -14.5313
471000 299.626 -16506.3 62.181
472000 301.013 -16457.3 12.6724
473000 299.698 -16541 -15.5956
474000 300.144 -16508.2 -56.5106
475000 301.35 -16504.2 78.718
476000 300.345 -16546 13.7213
477000 300.336 -16479.3 -21.4697
478000 301.176 -16438.9 24.4475
479000 299.756 -16449.2 -56.0318
480000 301.052 -16470.9 51.1334
481000 300.051 -16542.6 -66.7429
482000 300.873 -16504.6 -6.91358
483000 301.343 -16506.9 83.7911
484000 298.625 -16539 -31.1806
485000 298.411 -16550.2 -40.5075
486000 298.608 -16543.7 32.1299
487000 298.129 -16509.4 11.6878
488000 299.362 -16540.5 -10.6645
489000 299.848 -16568.6 4.97509
490000 300.872 -16526.1 -113.779
491000 300.427 -16545 33.7012
492000 301.899 -16502.6 75.2829
493000 299.333 -16487.8 -47.3014
494000 299.58 -16566.3 -1.47833
495000 301.424 -16503.1 -47.6959
496000 299.945 -16546.2 33.1914
497000 300.271 -16504.7 -3.82794
498000 300.078 -16541.4 -4.35413
499000 299.05 -16593.5 -11.1773
500000 299.602 -16637.3 32.2243
501000 299.961 -16558.9 -32.3703
502000 299.1 -16592.1 -1.75191
503000 300.221 -16525.6 -36.1815
504000 300.828 -16498.2 -37.1652
505000 299.322 -16511.1 33.0349
506000 300.254 -16485 10.5696
507000 301.463 -16479.3 26.5657
508000 299.642 -16496.4 -42.5123
509000 299.946 -16535.9 -15.4468
510000 300.137 -16491.7 45.0115
511000 298.554 -16543.1 22.803
512000 299.077 -16569.8 -27.2513
513000 300.125 -16527.4 22.8097
514000 299.804 -16562.3 -27.9157
515000 299.084 -16538.3 13.7642
516000 300.897 -16481.4 5.32387
517000 300.389 -16535.4 -13.3016
518000 300.117 -16538.1 82.9734
519000 301.293 -16498.6 -39.8115
520000 301.128 -16503.2 -0.456283
521000 302.121 -16477 -17.6929
522000 301.921 -16466.3 -6.55863
523000 300.553 -16501.2 -33.4772
524000 300.434 -16525.7 23.0449
525000 299.547 -16549.3 20.1001
526000 300.482 -16576.3 -43.4739
527000 300.701 -16596.5 -14.7969
528000 299.633 -16544.7 20.749
529000 298.979 -16578 3.48688
530000 299.877 -16557 -0.965013
531000 300.052 -16491.6 -87.5701
532000 299.864 -16504.9 47.5319
533000 298.94 -16531.1 21.1664
534000 298.516 -16550.3 -1.81234
535000 299.776 -16570 1.35462
536000 299.691 -16523.8 22.1289
537000 300.906 -16533.3 -34.5766
538000 300.991 -16531.4 -44.8141
539000 299.323 -16594.9 19.1597
540000 298.768 -16590.4 58.5738
541000 299.71 -16586.6 -24.8447
542000 299.465 -16556 -64.9139
543000 300.026 -16533.4 68.7546
544000 300.523 -16519.8 -26.0834
545000 299.105 -16564.2 -16.2547
546000 302.62 -16496 40.5784
547000 299.165 -16525 0.386076
548000 300.058 -16452.8 -36.4894
549000 301.038 -16419.9 14.8018
550000 298.802 -16512.2 -4.46907
551000 300.788 -16521.1 -46.7668
552000 301.787 -16551.3 14.6761
553000 301.213 -16483.3 63.9156
554000 300.543 -16573.9 -35.0824
555000 300.62 -16621.9 5.90171
556000 298.445 -16575.7 -24.9111
557000 300.954 -16455.6 -13.437
558000 299.982 -16473.8 -14.161
559000 299.952 -16480 -11.204
560000 297.936 -16481.8 35.296
561000 299.909 -16487.9 -57.3464
562000 299.935 -16457.5 38.8699
563000 298.991 -16529.4 35.0387
564000 299.95 -16518.6 -36.9933
565000 299.837 -16546.2 -31.0002
566000 300.979 -16499.3 63.3521
567000 302.416 -16497.2 1.95588
568000 299.32 -16539.6 -68.9289
569000 298.393 -16540.2 53.7859
570000 300.539 -16551.3 16.1665
571000 298.818 -16544.1 -102.117
572000 299.64 -16572.7 78.7417
573000 302.18 -16543.1 14.6963
574000 299.884 -16520.2 30.4522
575000 301.786 -16496.4 0.417829
576000 298.109 -16545 -107.393
577000 299.225 -16525.5 118.6
578000 298.046 -16544.7 18.8065
579000 301.078 -16487.5 -66.2817
580000 300.575 -16573 89.4824
581000 298.993 -16565 -40.1674
582000 301.085 -16495.2 20.5387
583000 299.136 -16495.8 -24.884
584000 301.903 -16477.2 4.7937
585000 300.099 -16477.9 -74.3143
586000 300.159 -16528.9 4.62623
587000 299.616 -16501 32.9318
588000 299.054 -16510.1 49.5868
589000 300.037 -16527.7 -4.67424
590000 300.247 -16567.3 -14.5138
591000 300.674 -16554.2 -45.8352
592000 299.292 -16576.2 8.15272
593000 299.777 -16567.4 -69.655
594000 300.464 -16482 142.302
595000 300.537 -16508.3 -70.6399
596000 299.792 -16512.8 3.80776
597000 300.164 -16482.3 -24.3298
598000 299.626 -16501.6 54.5146
599000 300.518 -16489.3 -15.7641
600000 299.946 -16560.9 -24.6606
601000 299.532 -16594.1 -34.048
602000 300.654 -16523.8 60.0891
603000 299.681 -16501.1 79.7869
604000 300.746 -16482 -66.0187
605000 301.785 -16491.6 -19.9056
606000 299.854 -16543.8 -44.9281
607000 300.866 -16541.5 63.7171
608000 301.472 -16450.1 -37.4943
609000 300.18 -16532.6 2.22307
610000 298.34 -16576.8 3.74596
611000 300.258 -16483.1 -24.7003
612000 300.743 -16448.4 -79.8688
613000 300.634 -16484.5 71.8751
614000 299.568 -16472 37.7387
615000 300.5 -16442.9 -52.047
616000 299.652 -16483.9 60.5353
617000 299.23 -16488.7 -43.3934
618000 298.613 -16482.7 30.9603
619000 297.973 -16525.6 -15.4354
620000 299.553 -16517.7 28.5192
621000 301.309 -16463.2 -13.0005
622000 300.742 -16524 -28.0951
623000 298.512 -16574.8 57.1157
624000 300.475 -16506 -56.1383
625000 298.864 -16589 -3.07894
626000 298.983 -16605.6 -11.2374
627000 299.7 -16579.7 39.6337
628000 299.736 -16585.5 -2.05415
629000 300.171 -16538.8 -12.5295
630000 297.849 -16641.4 -79.8773
631000 300.584 -16530.1 65.596
632000 299.635 -16525.1 -13.077
633000 302.275 -16512.2 2.39095
634000 301.011 -16514.2 21.9169
635000 300.399 -16574.7 20.4126
636000 299.657 -16551.4 -45.1482
637000 301.012 -16539.8 -13.4123
638000 300.055 -16465.9 -37.2185
639000 299.134 -16526.7 74.3279
640000 299.307 -16540.5 -46.3633
641000 300.99 -16508.7 -9.29521
642000 298.964 -16572.8 -16.0812
643000 298.732 -16554.1 55.2477
644000 300.221 -16548.9 41.1786
645000 301.91 -16435.3 -0.679746
646000 299.352 -16474.4 -61.662
647000 299.59 -16549 5.84136
648000 299.657 -16524.7 -19.7378
649000 301.042 -16513.6 83.951
650000 300.139 -16539.4 -50.5539
651000 301.813 -16503.9 -34.8494
652000 297.988 -16620.1 7.83296
653000 301.275 -16525.4 1.60011
654000 301.788 -16452.6 8.31661
655000 298.731 -16570.9 -93.2102
656000 298.669 -16552.2 44.0414
657000 300.669 -16514.8 22.5846
658000 298.948 -16547.6 -27.7138
659000 298.816 -16604.8 31.2301
660000 300.95 -16547.2 -87.7985
661000 298.569 -16588.9 64.3614
662000 301.343 -16510.5 -6.8155
663000 299.439 -16574.7 30.65
664000 299.911 -16567.6 -19.8118
665000 300.125 -16573.8 -46.7304
666000 298.785 -16576.2 65.9577
667000 299.99 -16530.5 -22.3685
668000 298.11 -16531.5 -58.5709
669000 299.062 -16525.6 49.3402
670000 298.136 -16495.3 -59.9129
671000 300.044 -16501.6 25.8307
672000 301.698 -16484.9 63.0096
673000 300.327 -16478.5 53.3551
674000 299.225 -16518 -35.0651
675000 300.185 -16532.7 -53.3735
676000 301.837 -16484 61.482
677000 299.483 -16511 -8.33863
678000 299.511 -16562.4 -55.9308
679000 301.022 -16574.8 12.2305
680000 299.18 -16589.3 38.9145
681000 302.093 -16507.8 -99.3584
682000 297.588 -16556.1 80.0493
683000 301.205 -16516.8 -14.2485
684000 300.732 -16546.9 -30.0985
685000 298.93 -16593.1 72.6522
686000 298.225 -16603.5 -17.3604
687000 298.859 -16604.7 -0.0468818
688000 299.389 -16607.6 -30.0576
689000 299.675 -16517.5 -20.3307
690000 300.081 -16484.6 39.5222
691000 300.329 -16493.1 17.5146
692000 302.276 -16465.2 34.8188
693000 300.461 -16515.6 -40.9815
694000 299.515 -16523.7 -44.8681
695000 299.962 -16600.3 88.4476
696000 300.125 -16499 -57.8032
697000 300.036 -16554.9 108.063
698000 299.916 -16523.8 -107.156
699000 301.145 -16463.6 -11.5574
700000 302.297 -16409.1 37.212
701000 300.018 -16485.8 18.2587
702000 299.056 -16544.6 9.16456
703000 298.805 -16543.7 48.7928
704000 299.452 -16456.9 -48.2163
705000 300.837 -16471 -40.4265
706000 298.666 -16523.9 34.268
707000 300.124 -16483.1 -33.3223
708000 299.015 -16493.8 65.9626
709000 300.758 -16483.1 -34.9547
710000 299.293 -16540.6 -38.1848
711000 299.859 -16556.9 73.079
712000 300.319 -16528.9 5.24524
713000 301.306 -16510.3 -3.6131
714000 299.007 -16498.7 -36.4893
715000 300.21 -16517.5 10.8418
716000 299.03 -16536.3 -54.8049
717000 301.239 -16496.2 78.7604
718000 299.398 -16503.4 -30.6769
719000 300.234 -16515 32.122
720000 300.954 -16539.5 -17.3673
721000 299.982 -16493.2 7.18023
722000 299.521 -16536 31.614
723000 299.581 -16576.6 -9.67591
724000 299.875 -16516.3 -35.9971
725000 302.357 -16457 1.42718
726000 299.673 -16479.1 1.04722
727000 297.915 -16495.7 -56.1413
728000 298.674 -16508.3 62.3411
729000 300.963 -16535.8 8.82578
730000 301.089 -16535.5 7.14417
731000 299.771 -16551.6 0.823582
732000 300.915 -16511.9 -28.1036
733000 300.604 -16563.4 -41.4058
734000 297.942 -16615.5 39.5588
735000 298.901 -16515.7 -45.4633
736000 299.421 -16548.4 62.1758
737000 301.159 -16523.9 -12.4668
738000 300.436 -16547.9 45.935
739000 301.763 -16484.6 26.7662
740000 299.496 -16521.3 -15.7838
741000 300.706 -16510.5 -10.3748
742000 300.772 -16519.9 -75.6963
743000 300.051 -16422.8 37.2917
744000 301.106 -16457.8 33.7556
745000 298.247 -16499.3 -19.8307
746000 298.296 -16553.9 -47.4857
747000 300.201 -16525.7 15.2312
748000 301.01 -16503.2 -15.4686
749000 299.298 -16483.4 -10.8756
750000 301.701 -16469 88.6813
751000 299.861 -16426.7 -75.6719
752000 300.861 -16438 24.4301
753000 299.168 -16512.8 67.0816
754000 298.503 -16521.9 -26.1123
755000 300.629 -16590.5 23.3772
756000 298.43 -16625.1 26.0967
757000 299.399 -16558.5 -32.1714
758000 299.209 -16504 -26.5959
759000 301.627 -16525.9 -37.1655
760000 299.733 -16533 57.494
761000 299.414 -16553 -18.2203
762000 300.049 -16519.7 -13.4616
763000 299.045 -16553.2 -28.0852
764000 300.102 -16558.2 23.6634
765000 299.563 -16510.1 33.3857
766000 301.33 -16513.2 -7.17946
767000 300.548 -16590.2 -73.9753
768000 299.268 -16540.7 36.6448
769000 299.301 -16539.8 -14.8522
770000 299.851 -16549.9 37.7338
771000 300.159 -16502 -79.3585
772000 300.216 -16499.6 115.589
773000 298.482 -16555.2 -31.7758
774000 298.319 -16528.5 2.55931
775000 299.703 -16529.9 2.67
776000 300.908 -16489.1 35.7949
777000 300.131 -16508.3 -31.0023
778000 300.154 -16500.7 -33.8702
779000 299.076 -16529.9 -24.1007
780000 300.644 -16517.2 90.5329
781000 300.74 -16462.1 27.8795
782000 300.133 -16476.4 -11.4722
783000 299.325 -16449.9 -63.5165
784000 299.437 -16524.8 4.13073
785000 301.002 -16532.9 48.599
786000 300.184 -16509.3 -20.9534
787000 299.293 -16521.4 80.3133
788000 300.692 -16486.1 -46.6425
789000 298.671 -16550.3 35.205
790000 299.912 -16505.7 -60.7586
791000 300.308 -16536.8 -16.0803
792000 299.303 -16466.6 -23.3319
793000 299.444 -16525.8 76.0129
794000 300.308 -16570 64.4132
795000 299.584 -16532.6 -4.75912
796000 300.297 -16463.9 -6.00712
797000 299.661 -16488.7 -5.51386
798000 300.37 -16482.7 -28.4651
799000 298.297 -16561.3 -21.925
800000 299.923 -16544.6 76.4559
801000 300.025 -16489.2 -86.5779
802000 298.906 -16504 33.6994
803000 301.152 -16485.8 11.7945
804000 298.748 -16509.1 66.6782
805000 299.194 -16507.7 -92.6927
806000 300.283 -16503.4 -19.8974
807000 302.014 -16443.5 9.58197
808000 297.421 -16579.6 -16.1255
809000 299.746 -16530.8 41.2826
810000 298.668 -16526.4 -39.6725
811000 299.079 -16452.6 86.8081
812000 302.29 -16445.1 -91.1293
813000 298.914 -16507.6 22.2417
814000 300.382 -16489.2 -5.31337
815000 300.5 -16446.6 13.4372
816000 299.632 -16579.8 42.3961
817000 297.432 -16576.5 -20.4913
818000 299.887 -16498.6 9.21984
819000 300.607 -16512.2 3.24854
820000 300.387 -16520.3 -46.2402
821000 301.483 -16561.1 -58.644
822000 299.995 -16545.2 6.58722
823000 298.845 -16519.7 60.009
824000 300.61 -16524.2 2.58634
825000 299.097 -16529.1 15.366
826000 298.143 -16519.8 -14.5857
827000 299.521 -16533.4 19.9346
828000 300.66 -16533.1 -16.5878
829000 297.722 -16558.1 36.2256
830000 301.858 -16548.8 -11.0209
831000 297.568 -16579.3 17.8094
832000 299.389 -16570 9.97362
833000 299.198 -16528.9 9.59471
834000 300.625 -16554.7 -30.3942
835000 300.502 -16552 43.8069
836000 299.892 -16535.2 -35.7343
837000 300.536 -16482.2 -45.7528
838000 299.972 -16520.3 77.9832
839000 298.511 -16522.9 4.29295
840000 300.52 -16536.9 -76.2933
841000 300.623 -16582.3 5.89695
842000 299.696 -16564.9 -33.2365
843000 299.716 -16560.6 60.2465
844000 301.014 -16495.5 -12.8585
845000 300.208 -16569.8 60.5308
846000 299.216 -16521.8 -45.1337
847000 299.922 -16543.9 26.3681
848000 300.143 -16530.8 39.3086
849000 300.292 -16501 -145.39
850000 300.727 -16609.9 94.9073
851000 300.676 -16531.7 -32.6608
852000 300.697 -16506.1 57.3211
853000 301.452 -16521.9 11.1662
854000 296.813 -16580.7 -83.012
855000 298.413 -16493 -26.503
856000 299.562 -16549 44.0468
857000 299.483 -16500 -10.1487
858000 300.844 -16470.6 30.488
859000 300.727 -16455 10.5695
860000 300.284 -16466.6 -8.20501
861000 299.964 -16532.4 -1.05237
862000 301.271 -16497.8 0.481443
863000 300.853 -16451.9 -14.7275
864000 299.119 -16526.3 7.83537
865000 300.537 -16534.2 20.1851
866000 301.417 -16482.3 -18.7637
867000 300.454 -16524.8 6.6738
868000 297.086 -16530.8 12.8978
869000 300.608 -16522 -54.0021
870000 298.94 -16606.8 51.4962
871000 299.933 -16542.7 -30.9134
872000 301.285 -16522.9 33.832
873000 299.86 -16534 -66.1328
874000 301.049 -16502 22.4496
875000 300.212 -16540.5 -116.749
876000 300.745 -16558 74.0761
877000 301.059 -16502.3 -34.1345
878000 301.245 -16496 19.4493
879000 299.537 -16548.5 -6.88492
880000 300.801 -16485.8 -6.17714
881000 298.869 -16518 93.0458
882000 299.734 -16475.1 -82.2557
883000 299.91 -16458.5 32.019
884000 300.837 -16488.7 -78.5141
885000 299.324 -16506.1 51.1342
886000 298.979 -16587 110.657
887000 301.137 -16518.2 -115.554
888000 301.24 -16462.8 68.2397
889000 299.636 -16489.2 -26.3137
890000 300.164 -16542.9 -16.9001
891000 301.285 -16562.1 -18.0712
892000 301.372 -16527.6 19.0454
893000 299.33 -16525.2 -38.7158
894000 300.701 -16484.3 37.6015
895000 302.282 -16525.1 72.5574
896000 299.687 -16519.9 -84.892
897000 300.537 -16526.3 103.472
898000 299.821 -16471.9 -114.875
899000 299.388 -16500.2 69.2157
900000 298.166 -16413.9 14.1899
901000 301.733 -16435.6 62.6574
902000 298.652 -16483 -42.2667
903000 299.906 -16439.5 -79.9715
904000 299.058 -16557.9 52.6767
905000 298.827 -16575.9 -0.739867
906000 299.997 -16549.6 -59.0951
907000 299.232 -16603.7 45.49
908000 301.511 -16511.3 87.2082
909000 300.493 -16515.7 -102.601
910000 299.439 -16558.2 71.9956
911000 299.016 -16585.6 -29.6021
912000 299.226 -16560.7 -28.2228
913000 302.127 -16549.5 38.0572
914000 299.268 -16567 23.4211
915000 301.518 -16506.2 -54.9302
916000 301.137 -16476.5 -90.8014
917000 299.371 -16496.4 20.241
918000 298.866 -16534.5 24.0423
919000 300.663 -16552.4 5.68662
920000 300.608 -16536.1 -9.20755
921000 300.817 -16472.1 1.69651
922000 300.514 -16483.3 127.976
923000 300.823 -16466.1 -97.7282
924000 301.396 -16510.7 52.9429
925000 301.8 -16530 -33.4344
926000 299.702 -16592.8 27.7739
927000 299.236 -16540.3 -16.9763
928000 296.851 -16563 -23.5728
929000 300.727 -16529.1 -13.2716
930000 299.923 -16488.3 16.8921
931000 299.919 -16473.7 24.8641
932000 299.647 -16541 32.4072
933000 299.841 -16544.3 -68.6313
934000 299.755 -16541.4 -31.3823
935000 297.234 -16599.4 95.9817
936000 300.701 -16511.6 36.6328
937000 301.121 -16512.5 -5.93119
938000 299.657 -16526.2 -92.4475
939000 299.381 -16535.9 36.6264
940000 300.336 -16527.7 43.6349
941000 299.484 -16478.4 -64.5074
942000 301.333 -16392.5 4.58727
943000 299.394 -16505.2 60.9354
944000 300.613 -16449.9 22.8872
945000 299.487 -16468.5 -39.8766
946000 300.972 -16500.1 40.0399
947000 299.728 -16520.5 -6.3164
948000 301.007 -16449.5 -18.8928
949000 297.853 -16599 -23.8497
950000 300.593 -16557.9 10.191
951000 301.448 -16543.6 -26.8053
952000 299.535 -16568.1 111.914
953000 298.664 -16534.4 6.40854
954000 300.956 -16527.7 -97.2509
955000 300.578 -16529.7 10.1192
956000 299.84 -16554.3 21.5233
957000 300.304 -16555.5 -24.9026
958000 300.196 -16556.1 5.69172
959000 298.981 -16607 -15.8843
960000 300.173 -16550.7 33.9802
961000 299.612 -16558.2 -12.1084
962000 299.603 -16528.6 54.9242
963000 301.04 -16481.5 6.60885
964000 297.903 -16535.1 -18.7654
965000 300.881 -16472.4 5.35437
966000 299.826 -16470 6.80872
967000 300.3 -16503.2 43.8114
968000 300.997 -16475.4 -90.7325
969000 301.04 -16518.5 39.7266
970000 300.142 -16531.9 18.6186
971000 300.681 -16473.7 14.0585
972000 298.154 -16484.7 -37.9282
973000 300.371 -16475.3 45.0766
974000 299.403 -16538.7 -28.2395
975000 301.507 -16476.5 15.5159
976000 302.073 -16514.2 -27.918
977000 299.443 -16551.5 36.0159
978000 299.833 -16507.7 44.6707
979000 300.706 -16464.5 -33.2609
980000 300.06 -16572 58.8181
981000 300.56 -16554 -62.0683
982000 299.743 -16532.8 -10.8909
983000 299.359 -16519.3 25.3561
984000 300.051 -16496.5 -67.9809
985000 300.919 -16503.7 100.435
986000 300.439 -16498.1 -31.4338
987000 298.579 -16590.1 -8.62593
988000 300.424 -16530.3 7.75627
989000 299.097 -16561.9 -63.2058
990000 301.683 -16520.3 56.4268
991000 301.116 -16503.9 13.6927
992000 299.676 -16493.6 -18.0684
993000 298.158 -16515.7 56.3437
994000 300.069 -16440.9 -93.121
995000 301.155 -16433.7 -8.82995
996000 299.06 -16543.3 94.8485
997000 299.775 -16529.3 -53.4575
998000 299.179 -16563.2 48.0677
999000 299.012 -16508 -41.8396
1000000 300.899 -16501.5 29.8868
1001000 300.09 -16480.7 -12.8322
1002000 299.226 -16495 9.7756
1003000 299.043 -16488.5 90.9059
1004000 300.479 -16475 -30.2045
1005000 300.393 -16528.7 -14.1681
1006000 300.612 -16544.6 -29.4022
1007000 298.556 -16500.9 -36.1212
1008000 302.363 -16520.9 100.657
1009000 301.101 -16470.7 -81.5109
1010000 299.815 -16500.8 26.5322
1011000 301.656 -16531.2 9.47853
1012000 299.25 -16545 47.9062
1013000 299.465 -16477.1 -38.1746
1014000 299.85 -16496.9 13.9969
1015000 300.425 -16501.4 -11.2522
1016000 302.118 -16424.1 29.2863
1017000 298.796 -16505.7 -62.979
1018000 299.951 -16532.5 56.667
1019000 299.542 -16552.8 18.9992
1020000 300.478 -16579 1.23869
1021000 300.116 -16511.7 115.006
1022000 301.774 -16435.9 -97.6851
1023000 300.346 -16494.9 52.5148
1024000 300.739 -16492 -11.4563
1025000 298.293 -16524.3 -20.8275
1026000 299.938 -16552.2 28.2297
1027000 300.969 -16495.4 -35.057
1028000 300.146 -16509 17.1745
1029000 299.627 -16579.1 -9.35117
1030000 299.073 -16539 -38.2373
1031000 300.872 -16462.2 2.96827
1032000 301.355 -16439 -43.745
1033000 300.005 -16512.4 112.56
1034000 301.017 -16460.1 -54.2942
1035000 299.865 -16505.3 38.1768
1036000 298.775 -16514.9 7.37704
1037000 300.003 -16539.3 -11.0427
1038000 301.345 -16487.5 -2.82789
1039000 300.703 -16481.6 -52.4298
1040000 298.005 -16511.6 35.4125
1041000 301.133 -16510.3 20.0339
1042000 300.128 -16558.1 -53.8981
1043000 298.732 -16639.4 39.7033
1044000 297.825 -16610.3 -6.04215
1045000 301.661 -16556.3 -19.6607
1046000 299.604 -16580 46.3866
1047000 298.34 -16553 15.1732
1048000 298.867 -16535.5 30.1578
1049000 298.34 -16544.4 -4.27192
1050000 300.096 -16537.1 6.85872
1051000 299.386 -16597.5 -48.1196
1052000 300.639 -16568.9 -2.02612
1053000 301.175 -16474.2 61.5729
1054000 299.608 -16540.1 -29.3702
1055000 299.808 -16480.9 -8.55667
1056000 298.701 -16586.4 46.14
1057000 297.712 -16610.3 -83.3703
1058000 301.177 -16519.8 24.9097
1059000 301.356 -16483.7 5.59247
1060000 300.234 -16546.1 -7.43251
1061000 299.146 -16551.2 -5.58841
1062000 298.075 -16615.6 5.0066
1063000 298.605 -16591.6 44.9995
1064000 300.019 -16594.9 74.0081
1065000 298.33 -16570.2 -96.0511
1066000 301.015 -16474.7 12.8007
1067000 299.706 -16520.3 55.3397
1068000 297.791 -16560.9 -22.9576
1069000 301.513 -16534.7 7.62127
1070000 299.546 -16502.7 -16.4052
1071000 299.327 -16524.4 48.8961
1072000 301.141 -16522.5 -62.734
1073000 301.021 -16528.6 -4.81816
1074000 300.64 -16510.9 39.3838
1075000 299.261 -16491.9 -24.0899
1076000 300.872 -16513.7 -29.1048
1077000 299.995 -16569.3 55.9455
1078000 298.913 -16594.2 78.3641
1079000 301.663 -16522.9 -47.0063
1080000 298.502 -16521.4 -73.4867
1081000 300.342 -16522.9 -12.5563
1082000 301.258 -16478.3 60.5381
1083000 299.318 -16493.6 -42.3307
1084000 300.186 -16475.8 -28.362
1085000 298.828 -16490.9 -15.6506
1086000 301.113 -16556.9 12.0681
1087000 299.502 -16531.9 37.3729
1088000 298.837 -16564.1 -49.5651
1089000 300.056 -16548.7 48.1463
1090000 299.113 -16570.2 -21.8668
1091000 299.377 -16563.8 -17.3823
1092000 299.759 -16544.8 -42.7816
1093000 297.941 -16583.7 9.63077
1094000 300.003 -16573.1 65.9677
1095000 300.563 -16527 53.831
1096000 298.694 -16562.2 -60.5524
1097000 298.938 -16551.1 -22.1155
1098000 299.075 -16518 27.8427
1099000 298.682 -16612.5 -22.6734
1100000 299.827 -16552.3 -43.3354
1101000 299.274 -16579 89.9906
1102000 300.195 -16547 -18.5563
1103000 299.871 -16554.6 -31.3265
1104000 299.737 -16516.1 50.1824
1105000 301.544 -16484.3 -13.7381
1106000 299.832 -16547.4 35.0222
1107000 302.05 -16507.4 -66.2158
1108000 301.175 -16519 49.8327
1109000 299.754 -16578 17.4378
1110000 298.502 -16565.2 -14.2507
1111000 300.12 -16529.7 -9.56778
1112000 298.988 -16559 81.3738
1113000 300.212 -16496.9 -71.2904
1114000 300.343 -16592.5 -2.58714
1115000 300.701 -16543.5 -21.9799
1116000 300.591 -16532 -2.85064
1117000 300.401 -16521.4 10.5321
1118000 300.225 -16590.8 55.328
1119000 299.372 -16574.8 -27.3965
1120000 299.256 -16538.5 66.516
1121000 302.08 -16458.3 -90.7556
1122000 299.484 -16523 71.1565
1123000 300.368 -16497.6 1.14156
1124000 299.549 -16471.1 -59.145
1125000 298.497 -16592.2 11.1231
1126000 300.139 -16538.4 65.4071
1127000 298.267 -16560 -43.6378
1128000 301.27 -16490.4 49.9462
1129000 298.886 -16508.6 -45.3739
1130000 298.988 -16468.1 -42.6567
1131000 299.845 -16498.2 67.405
1132000 299.555 -16554.4 10.5809
1133000 298.829 -16549.3 -80.3099
1134000 300.098 -16556.5 20.1342
1135000 301.237 -16486 -30.6523
1136000 301.217 -16529.6 16.5918
1137000 300.557 -16516 14.0861
1138000 301.684 -16582.9 73.5056
1139000 300.062 -16591.4 -122.993
1140000 298.662 -16635.5 17.8916
1141000 300.777 -16514.6 45.5263
1142000 299.231 -16505.9 -63.5931
1143000 299.859 -16524.8 46.7761
1144000 300.521 -16567.3 28.0424
1145000 299.972 -16542.4 -11.649
1146000 298.632 -16588.7 1.57074
1147000 301.82 -16535.7 -5.54537
1148000 298.401 -16584.1 -18.9716
1149000 300.038 -16515.5 1.67264
1150000 297.981 -16546.8 -32.9083
1151000 300.474 -16536 40.7397
1152000 299.454 -16512.4 -7.97368
1153000 300.551 -16537.1 6.7864
1154000 298.621 -16527.3 -26.8406
1155000 298.869 -16544 64.6022
1156000 300.209 -16573.8 -12.7373
1157000 300.303 -16546.5 14.9022
1158000 300.663 -16542.6 -15.8322
1159000 298.311 -16573.1 -45.6172
1160000 299.328 -16592.5 69.5877
1161000 300.633 -16593.3 -48.1053
1162000 299.82 -16574.5 -36.8877
1163000 300.525 -16500.7 35.8712
1164000 298.285 -16553.8 42.8459
1165000 301.026 -16491.5 -68.1916
1166000 299.641 -16524.7 -2.30956
1167000 298.503 -16537.9 -39.0657
1168000 298.992 -16500.1 26.4077
1169000 301.729 -16451.8 77.8376
1170000 299.169 -16513.1 -80.4063
1171000 299.729 -16498.4 2.62677
1172000 299.545 -16549.1 -20.8808
1173000 298.303 -16568.3 51.9548
1174000 300.337 -16509.5 5.53559
1175000 300.119 -16525 10.2861
1176000 301.185 -16495.3 -46.2788
1177000 300.085 -16509.7 8.20214
1178000 299.043 -16543.2 -26.6747
1179000 298.243 -16568.6 37.4409
1180000 300.832 -16555.6 -50.8437
1181000 301.207 -16531.6 96.3098
1182000 299.05 -16496.1 18.3402
1183000 298.889 -16508.6 -52.0074
1184000 299.151 -16531.6 51.892
1185000 301.535 -16502.6 -49.7597
1186000 299.649 -16524.5 21.0123
1187000 301.283 -16502.9 3.58257
1188000 300.418 -16450.3 -79.585
1189000 300.355 -16496.8 44.2208
1190000 299.946 -16514.9 61.9306
1191000 300.637 -16518.8 -91.4776
1192000 300.141 -16504.7 88.0265
1193000 297.95 -16544.3 -1.74501
1194000 301.505 -16457.3 3.18537
1195000 300.655 -16502.5 -112.793
1196000 300.471 -16541.1 122.462
1197000 298.809 -16511.1 -46.2954
1198000 298.347 -16513.2 46.7127
1199000 299.794 -16525.2 -12.9032
1200000 301.191 -16457.6 -44.0532
1201000 299.086 -16518.6 97.9306
1202000 301.362 -16487.2 -91.6413
1203000 301.596 -16457.2 54.1263
1204000 300.669 -16462 4.03542
1205000 298.873 -16535.4 14.7125
1206000 300.756 -16499.7 -61.0089
1207000 299.885 -16517.9 52.9686
1208000 301.062 -16455.7 38.7469
1209000 298.789 -16544 -26.6624
1210000 299.409 -16404.6 -84.1172
1211000 300.031 -16450.8 125.544
1212000 302.39 -16454.5 -24.9574
1213000 300.255 -16450.9 -49.83
1214000 299.207 -16512.6 89.7918
1215000 300.754 -16489.5 -124.104
1216000 300.835 -16540.3 0.835594
1217000 299.745 -16543.7 -59.913
1218000 300.043 -16552.9 16.3298
1219000 299.61 -16576 -0.517322
1220000 298.985 -16538.3 -8.94931
1221000 300.944 -16531.4 49.3032
1222000 300.956 -16467.3 -6.56852
1223000 301.976 -16425 -31.7804
1224000 300.558 -16549 12.5084
1225000 299.338 -16555.7 -5.28669
1226000 300.284 -16490.5 -38.0121
1227000 300.098 -16528.3 27.0719
1228000 301.103 -16449.1 -17.1535
1229000 300.895 -16544.6 54.5567
1230000 301.225 -16524.4 -44.7073
1231000 299.661 -16550.1 -4.60294
1232000 298.799 -16543.9 -20.1262
1233000 299.571 -16518.2 25.1902
1234000 299.455 -16455.1 -52.6691
1235000 298.503 -16567.8 76.9146
1236000 298.718 -16610.4 44.1052
1237000 300.439 -16561.9 -34.9286
1238000 299.475 -16572.1 9.21744
1239000 299.176 -16537.7 -49.3114
1240000 302.314 -16465 -28.5145
1241000 299.65 -16535.8 60.6993
1242000 298.367 -16608.8 -88.0064
1243000 299.32 -16542.3 69.4957
1244000 299.963 -16463.8 -29.2952
1245000 301.003 -16510 79.7184
1246000 301.54 -16518.7 -101.486
1247000 297.532 -16606.7 99.1943
1248000 298.984 -16499.8 -28.4739
1249000 301.317 -16502.8 18.2639
1250000 298.5 -16566.7 3.88544
1251000 299.067 -16542.7 -15.3777
1252000 301.148 -16527.6 22.3328
1253000 299.845 -16568.6 25.9395
1254000 297.032 -16624.5 30.3244
1255000 300.475 -16520.8 -54.4867
1256000 300.023 -16538.5 18.1393
1257000 298.323 -16592.9 43.2791
1258000 300.848 -16474.7 -6.78783
1259000 301.209 -16467.7 -53.2575
1260000 300.964 -16517.3 27.674
1261000 301.026 -16580.1 25.8901
1262000 301.145 -16544.6 52.256
1263000 299.016 -16555.3 -24.7438
1264000 300.597 -16511.7 -66.5357
1265000 299.142 -16539.2 51.1137
1266000 299.956 -16553.3 37.8269
1267000 301.138 -16564.9 38.8393
1268000 298.68 -16555.6 -101.631
1269000 300.192 -16578 43.7576
1270000 300.336 -16513.8 25.4497
1271000 301.399 -16543.3 27.9844
1272000 298.338 -16556.2 5.66227
1273000 300.712 -16528.7 -10.1518
1274000 299.921 -16500.4 -13.011
1275000 299.64 -16526.5 -11.7433
1276000 301.142 -16455.6 -12.3922
1277000 301.372 -16497.9 48.8336
1278000 298.35 -16541 20.3814
1279000 297.83 -16567.1 -10.2817
1280000 302.021 -16453.8 47.7852
1281000 299.982 -16483.2 -55.3629
1282000 299.704 -16424.4 3.93186
1283000 299.841 -16504.8 26.7412
1284000 297.913 -16475.3 13.303
1285000 299.971 -16443.1 17.9034
1286000 299.822 -16446.1 -41.4242
1287000 298.318 -16481.7 78.6042
1288000 301.108 -16459.6 -4.05766
1289000 300.187 -16514 63.9336
1290000 300.927 -16499.4 -99.7438
1291000 300.778 -16531.6 43.0465
1292000 300.359 -16507.2 -57.7928
1293000 298.782 -16551.9 3.49327
1294000 299.278 -16560.7 12.4241
1295000 298.336 -16586.2 69.551
1296000 299.616 -16517.1 -93.1285
1297000 299.552 -16516.4 43.5335
1298000 300.597 -16556.7 -35.794
1299000 300.441 -16557.7 46.5452
1300000 299.524 -16563.6 -8.5058
1301000 300.47 -16555.8 -6.84764
1302000 299.488 -16582.5 11.2197
1303000 300.813 -16528.8 -22.8907
1304000 300.453 -16527.1 1.7469
1305000 299.801 -16551.8 -18.8354
1306000 300.042 -16572.3 41.8723
1307000 298.668 -16505.3 -68.2431
1308000 299.969 -16461.6 -45.2598
1309000 299.582 -16535.7 8.52619
1310000 300.169 -16550.9 36.7715
1311000 301.533 -16486.4 34.1132
1312000 300.262 -16528.4 18.4314
1313000 297.476 -16564.6 13.0997
1314000 300.722 -16554.7 -13.677
1315000 299.34 -16506.1 -41.5632
1316000 300.858 -16566.2 96.0444
1317000 300.677 -16592.9 -81.909
1318000 298.717 -16545.1 21.3416
1319000 301.339 -16497.2 -14.6208
1320000 299.753 -16534.5 33.2095
1321000 300.214 -16561.8 -4.10622
1322000 300.85 -16509.8 49.1151
1323000 300.674 -16513.5 29.7122
1324000 299.734 -16514.7 -122.697
1325000 300.549 -16511.3 34.9686
1326000 299.492 -16558.2 20.2612
1327000 301.345 -16494.1 22.5882
1328000 299.074 -16506.6 4.17954
1329000 300.166 -16528.6 21.3031
1330000 301.808 -16526.7 -76.6069
1331000 297.63 -16591.8 73.9032
1332000 300.304 -16549.2 19.8031
1333000 299.553 -16505.3 1.71364
1334000 299.734 -16528.2 -39.1303
1335000 301.029 -16464.7 -2.23944
1336000 299.854 -16477.1 -54.308
1337000 301.846 -16458.3 -20.1561
1338000 298.264 -16547.9 62.689
1339000 302.101 -16481 -100.023
1340000 300.065 -16504.5 83.2057
1341000 299.751 -16485.8 46.5581
1342000 298.658 -16509.1 -40.4562
1343000 302.117 -16491.4 -0.141389
1344000 300.081 -16547 47.6229
1345000 300.681 -16525.1 18.3422
1346000 300.79 -16469.3 -127.964
1347000 298.679 -16557.1 134.878
1348000 300.466 -16511.4 -45.25
1349000 300.189 -16567.7 9.35735
1350000 300.975 -16539.2 32.7751
1351000 300.205 -16462.1 -120.532
1352000 298.899 -16482 29.2858
1353000 299.57 -16504.2 -125.665
1354000 302.193 -16472.7 144.345
1355000 300.333 -16516.9 -52.4912
1356000 297.703 -16583.1 89.0479
1357000 301.5 -16480.4 -77.3587
1358000 301.909 -16517 -4.97628
1359000 299.746 -16547.6 21.6399
1360000 300.501 -16563.7 -40.6814
1361000 300.647 -16570.8 60.303
1362000 299.847 -16591 12.6882
1363000 299.541 -16601.3 -65.7666
1364000 299.526 -16487.7 32.7955
1365000 301.734 -16527.6 13.9338
1366000 298.974 -16581.6 -14.9571
1367000 301.269 -16505.8 -7.51529
1368000 300.28 -16529 -20.5837
1369000 300.873 -16557.8 78.9859
1370000 300.854 -16576.8 1.0958
1371000 299.272 -16527.2 -7.79695
1372000 300.522 -16509.1 -7.77245
1373000 299.656 -16517.6 27.713
1374000 302.312 -16522 -76.9051
1375000 301.049 -16532.8 20.1754
1376000 300.574 -16511.8 -23.8554
1377000 300.427 -16516.9 26.8718
1378000 298.682 -16534.9 -6.57432
1379000 299.705 -16571.8 4.53321
1380000 299.829 -16585.5 50.0171
1381000 300.394 -16548.3 -15.2932
1382000 299.191 -16586.8 105.332
1383000 298.609 -16587.4 -84.3606
1384000 300.292 -16573.6 -57.8163
1385000 300.511 -16505.6 47.381
1386000 299.306 -16427.9 13.9952
1387000 300.94 -16464.3 55.4116
1388000 300.462 -16473 -75.5854
1389000 301.212 -16505 -27.618
1390000 300.227 -16530.4 29.6939
1391000 300.364 -16542.5 -6.88311
1392000 299.526 -16550.5 52.1306
1393000 300.989 -16505 -90.0429
1394000 301.424 -16494.7 20.6342
1395000 298.3 -16562.9 -8.45516
1396000 300.44 -16470.5 17.2829
1397000 299.024 -16518 61.7068
1398000 301.763 -16487 -42.2556
1399000 299.666 -16605.8 22.5191
1400000 300.443 -16556.7 33.3401
1401000 299.633 -16551 -49.5203
1402000 299.067 -16547.2 -18.0406
1403000 300.913 -16481.6 27.402
1404000 300.359 -16502.3 115.73
1405000 302.022 -16512.1 -137.312
1406000 300.652 -16475.5 -19.4249
1407000 300.501 -16502.6 96.0129
1408000 299.162 -16605.9 53.6481
1409000 298.129 -16590.3 -29.0427
1410000 300.639 -16493.9 -42.7334
1411000 301.466 -16493.9 63.7076
1412000 299.422 -16519.3 -76.828
1413000 300.011 -16496.9 81.4114
1414000 298.047 -16518.6 -27.3986
1415000 299.642 -16563.9 9.12537
1416000 301.29 -16539.4 54.806
1417000 300.064 -16556.3 -41.1422
1418000 300.026 -16556.6 21.0132
1419000 299.845 -16544.4 7.25617
1420000 302.267 -16492.3 -25.0669
1421000 301.077 -16467.2 -57.8987
1422000 300.141 -16436.4 34.5701
1423000 299.067 -16484.7 4.36352
1424000 301.158 -16457.8 -11.436
1425000 300.87 -16480.4 -58.8374
1426000 299.706 -16550.8 70.7572
1427000 303.095 -16453.1 -43.064
1428000 298.559 -16590.5 92.9353
1429000 298.376 -16546.4 -19.0301
1430000 299.134 -16508.1 53.5427
1431000 302.425 -16435.3 -97.8774
1432000 299.713 -16514.8 48.2323
1433000 297.64 -16504.6 20.0465
1434000 299.383 -16490.3 -34.1988
1435000 299.391 -16592.1 55.9742
1436000 298.448 -16532 -52.2226
1437000 300.695 -16497.1 -31.1855
1438000 298.555 -16505.7 64.1901
1439000 300.201 -16554.8 -13.0423
1440000 297.34 -16597.9 -30.2803
1441000 300.286 -16493.9 15.867
1442000 299.618 -16510.9 12.8853
1443000 297.738 -16504.2 31.5459
1444000 301.574 -16511.4 -13.0895
1445000 300.755 -16480.1 -91.7062
1446000 299.742 -16540 30.8005
1447000 300.978 -16527.2 82.7749
1448000 300.122 -16476.5 -8.04853
1449000 300.897 -16487.5 -36.822
1450000 298.512 -16560.3 50.0777
1451000 297.606 -16598 -27.1971
1452000 298.111 -16561.4 -43.2023
1453000 298.557 -16568 55.3581
1454000 299.586 -16554.6 -21.6702
1455000 299.535 -16551.4 -47.3122
1456000 299.527 -16540.4 50.6064
1457000 299.341 -16525.4 -14.1778
1458000 299.678 -16447.2 -21.778
1459000 299.587 -16459 -20.1061
1460000 299.664 -16563.3 50.8406
1461000 299.158 -16532.9 -2.84099
1462000 300.555 -16484.1 25.2286
1463000 298.305 -16491 37.1752
1464000 300.994 -16503.6 -52.787
1465000 299.834 -16519.6 -4.7201
1466000 300.844 -16515 -42.2499
1467000 300.521 -16507.2 55.1299
1468000 299.15 -16480.5 7.18826
1469000 300.712 -16517.2 35.0084
1470000 301.287 -16492.3 -80.1056
1471000 300.304 -16512.9 35.6151
1472000 300.579 -16473.3 78.948
1473000 299.327 -16457.1 -71.5597
1474000 298.984 -16531.1 -10.9383
1475000 299.24 -16534 120.828
1476000 300.762 -16507 -109.228
1477000 299.741 -16521 33.5598
1478000 300.577 -16522.7 -56.1519
1479000 301.893 -16456.2 28.5216
1480000 302.257 -16450.1 -47.5766
1481000 300.039 -16479.7 31.6488
1482000 300.456 -16469.8 91.6041
1483000 300.213 -16418.3 -45.3319
1484000 300.275 -16532.4 8.48399
1485000 299.033 -16556.8 33.6364
1486000 301.285 -16519.6 9.11396
1487000 300.523 -16523.2 -32.4164
1488000 299.784 -16534.5 32.4636
1489000 299.719 -16525.7 -9.43236
1490000 301.121 -16483.9 -38.9327
1491000 299.153 -16563.1 45.0461
1492000 301.11 -16532.9 -64.641
1493000 299.382 -16545.8 1.685
1494000 300.706 -16516.3 7.93621
1495000 299.986 -16564.7 24.7102
1496000 300.565 -16620.1 -17.6286
1497000 300.553 -16582.9 18.602
1498000 299.305 -16520.2 -37.8953
1499000 299.214 -16543.3 2.91893
1500000 301.007 -16527.6 22.9545
1501000 299.416 -16513.9 -11.8438
1502000 300.383 -16522.6 -2.59253
1503000 300.08 -16554.8 16.5361
1504000 299.232 -16600.8 116.254
1505000 300.639 -16503.5 -132.478
1506000 299.583 -16496.3 66.6387
1507000 299.514 -16449.5 -39.9826
1508000 300.208 -16480.6 23.6945
1509000 299.444 -16509.2 58.0389
1510000 302.004 -16505.8 -10.1153
1511000 300.123 -16461.2 -57.7668
1512000 298.523 -16546.3 58.1835
1513000 299.681 -16563.5 24.5462
1514000 301.599 -16448.7 -9.17379
1515000 299.196 -16464.2 36.6262
1516000 301.928 -16426.5 -130.279
1517000 299.544 -16456.7 52.6221
1518000 300.166 -16438.9 19.7203
1519000 302.247 -16433.9 74.2259
1520000 301.186 -16443.6 6.28626
1521000 298.983 -16519.3 -67.0418
1522000 300.455 -16493.9 22.8556
1523000 299.31 -16574.7 34.2588
1524000 299.723 -16529.3 -109.237
1525000 300.015 -16515.7 11.6565
1526000 299.831 -16505 93.3394
1527000 299.92 -16512.1 20.9036
1528000 299.716 -16526.3 -52.5198
1529000 299.353 -16544.8 53.0712
1530000 301.487 -16476.4 -23.9289
1531000 299.911 -16477 12.6434
1532000 303.397 -16461.7 -24.7332
1533000 299.072 -16545.9 -33.2791
1534000 299.767 -16560.6 115.511
1535000 301.073 -16513.2 -43.7333
1536000 300.387 -16564 2.89276
1537000 300.372 -16532.3 -7.00825
1538000 299.738 -16518.3 -56.8047
1539000 298.701 -16553.5 65.0484
1540000 299.603 -16530.1 -33.6893
1541000 299.448 -16472.4 25.4407
1542000 300.144 -16565.1 24.7528
1543000 297.762 -16575.6 15.4043
1544000 300.661 -16535.6 -5.11546
1545000 300.307 -16536.6 -43.0255
1546000 300.138 -16532.9 34.5596
1547000 298.845 -16541.3 -81.1863
1548000 299.263 -16568.8 36.1787
1549000 299.954 -16540.1 -55.3414
1550000 301.719 -16537.7 50.9898
1551000 300.429 -16574.2 -3.87082
1552000 301.278 -16518.9 -39.8617
1553000 300.615 -16542.9 18.2787
1554000 300.88 -16541 62.9327
1555000 298.356 -16564.1 -29.8671
1556000 299.285 -16508.9 40.7766
1557000 300.406 -16528.3 -49.0015
1558000 297.674 -16561.5 20.7288
1559000 299.736 -16501.1 -33.445
1560000 299.234 -16484.4 42.4689
1561000 301.3 -16380.6 41.6405
1562000 299.705 -16447.4 -43.0339
1563000 299.718 -16456.6 39.5285
1564000 300.295 -16468 -0.253378
1565000 299.666 -16545.4 13.5893
1566000 300.493 -16521.4 -93.6977
1567000 299.773 -16510 135.859
1568000 299.211 -16440.4 -37.3117
1569000 299.413 -16505.9 40.9384
1570000 300.021 -16496.3 -19.8237
1571000 299.548 -16581.8 -37.0116
1572000 301.229 -16559.7 20.2281
1573000 299.499 -16547.3 -165.251
1574000 299.858 -16560.2 75.4488
1575000 299.762 -16516.3 -57.6495
1576000 300.201 -16543 8.0637
1577000 300.176 -16571 79.6259
1578000 300.1 -16592.4 22.2065
1579000 300.564 -16561 -37.1899
1580000 299.598 -16564 56.1463
1581000 298.845 -16577.6 -86.6441
1582000 300.178 -16552.8 2.09133
1583000 298.708 -16557.8 28.923
1584000 299.493 -16543.8 -14.2126
1585000 299.898 -16557.2 22.606
1586000 300.437 -16497.1 -2.36628
1587000 300.373 -16543.9 -53.8363
1588000 298.787 -16526.2 14.9326
1589000 300.975 -16493.9 47.9509
1590000 301.428 -16438.7 23.0573
1591000 301.17 -16457 -95.6106
1592000 299.19 -16526.1 37.0497
1593000 300.667 -16518.7 56.7235
1594000 300.061 -16497.2 -59.6165
1595000 301.72 -16555.8 67.2486
1596000 300.493 -16587.8 -16.9077
1597000 300.081 -16557.7 -43.7016
1598000 300.354 -16593.2 5.04649
1599000 299.18 -16600.3 3.08173
1600000 300.614 -16550.5 9.2878
1601000 300.648 -16558.8 -10.4629
1602000 299.108 -16604.2 -17.7891
1603000 299.122 -16601.2 31.7205
1604000 299.772 -16569.3 -5.04783
1605000 299.672 -16565.3 -51.6022
1606000 299.95 -16535.3 93.2468
1607000 299.43 -16527.9 -29.7553
1608000 299.649 -16509.2 -43.396
1609000 300.818 -16500.5 76.4738
1610000 298.529 -16530.7 -84.9105
1611000 299.995 -16460.4 61.5705
1612000 299.488 -16506.3 42.7872
1613000 298.372 -16544.2 -32.599
1614000 301.771 -16515.9 51.1775
1615000 299.601 -16557.3 -40.298
1616000 300.024 -16551.2 -18.8295
1617000 298.571 -16579.7 59.8919
1618000 301.455 -16575.6 -14.9538
1619000 300.435 -16510.3 -47.2048
1620000 300.677 -16493 58.7002
1621000 298.958 -16499.3 68.8686
1622000 300.53 -16498.4 -32.7094
1623000 301.679 -16450.9 -70.1238
1624000 300.484 -16498.1 107.911
1625000 299.042 -16499.6 -40.3274
1626000 301.804 -16461.5 -76.1868
1627000 301.152 -16477.4 63.5345
1628000 298.74 -16587.9 -57.1326
1629000 300.062 -16530.8 103.552
1630000 299.326 -16532.2 -19.6939
1631000 299.535 -16583.5 -66.9356
1632000 300.616 -16524.9 51.293
1633000 300.797 -16501.7 -33.6738
1634000 301.229 -16472.2 -22.0756
1635000 299.381 -16536.2 109.764
1636000 298.777 -16453.3 -130.057
1637000 299.735 -16430.5 65.134
1638000 299.563 -16455.9 -42.9147
1639000 298.96 -16479.5 28.2273
1640000 300.464 -16472 -47.8106
1641000 300.94 -16503.9 25.6415
1642000 300.532 -16515.5 47.6435
1643000 300.974 -16494.9 -107.961
1644000 299.056 -16532.8 55.1983
1645000 301.322 -16502.2 63.711
1646000 300.204 -16547.5 62.6224
1647000 301.408 -16508.6 -206.881
1648000 300.052 -16529 29.0578
1649000 297.28 -16571.3 -21.9606
1650000 299.243 -16559 -2.02858
1651000 301.105 -16521.8 33.6824
1652000 299.283 -16533.6 19.9568
1653000 300.027 -16473.2 8.6433
1654000 298.561 -16533.7 43.6756
1655000 299.689 -16496.2 -43.4605
1656000 300.431 -16506.6 80.6705
1657000 299.19 -16564.1 -28.7241
1658000 300.497 -16591.4 -11.792
1659000 300.074 -16551.1 -121.909
1660000 299.58 -16571 33.2456
1661000 300.314 -16538.5 115.411
1662000 300.339 -16515.2 -109.152
1663000 301.099 -16462 70.4457
1664000 300.337 -16471 -25.8308
1665000 299.035 -16598.3 -50.595
1666000 299.16 -16621.6 88.5912
1667000 301.716 -16509.6 -46.867
1668000 299.159 -16556.3 -81.2357
1669000 299.25 -16557.8 66.8066
1670000 298.958 -16599.5 1.27352
1671000 298.497 -16556.9 21.011
1672000 299.674 -16548.8 55.1294
1673000 300.548 -16542.3 -25.6591
1674000 299.429 -16569.7 16.6597
1675000 300.335 -16473.9 -56.4659
1676000 299.364 -16519.6 39.3325
1677000 299.152 -16464 -83.306
1678000 299.066 -16469.2 60.4391
1679000 301.673 -16427.6 49.3977
1680000 301.008 -16475.7 47.5029
1681000 299.65 -16552.6 -102.28
1682000 299.605 -16583 5.00179
1683000 299.336 -16612 41.4574
1684000 299.284 -16587.3 -56.3481
1685000 298.045 -16634.2 -4.05087
1686000 299.054 -16582.8 -37.4307
1687000 300.284 -16552.5 20.8222
1688000 299.983 -16502.6 62.0249
1689000 299.933 -16497.2 13.4361
1690000 300.724 -16521.3 -74.1386
1691000 299.982 -16594.1 113.872
1692000 299.998 -16496.9 -39.056
1693000 299.698 -16484.2 -31.1037
1694000 299.486 -16528.5 -14.878
1695000 300.619 -16477.8 99.2548
1696000 300.761 -16449.4 -123.949
1697000 300.66 -16445.9 0.087412
1698000 298.996 -16544.3 42.4171
1699000 301.597 -16505.3 -1.21581
1700000 300.721 -16492.7 22.1292
1701000 300.587 -16457.3 -98.7859
1702000 298.749 -16545.6 74.1397
1703000 300.738 -16519.3 7.90957
1704000 299.636 -16532.1 -97.1869
1705000 300.398 -16552.9 1.4646
1706000 301.076 -16557.2 -0.707575
1707000 299.196 -16580.7 104.724
1708000 299.865 -16500.4 8.8326
1709000 300.527 -16448.5 15.2528
1710000 299.21 -16522.7 -31.5497
1711000 300.451 -16531.4 42.9327
1712000 301.027 -16552.3 -31.7655
1713000 299.812 -16528.9 -47.9769
1714000 298.505 -16493.9 3.98351
1715000 299.894 -16553.6 -38.1851
1716000 301.591 -16516.4 41.1602
1717000 299.803 -16567.4 13.1375
1718000 298.021 -16517.2 27.1762
1719000 298.978 -16546.6 9.31133
1720000 300.603 -16516.4 -26.8849
1721000 302.2 -16548.3 41.5258
1722000 299.218 -16603.5 48.1471
1723000 300.511 -16547.8 -41.3821
1724000 299.894 -16494.6 16.1543
1725000 298.999 -16521 -31.1756
1726000 300.604 -16579 80.5191
1727000 299.823 -16598.7 -21.1364
1728000 300.497 -16523 -2.89519
1729000 300.004 -16539.3 55.3135
1730000 299.459 -16513.7 -121.02
1731000 300.758 -16561.7 73.7642
1732000 298.814 -16576.3 61.6587
1733000 300.178 -16567.3 -40.2923
1734000 298.509 -16549.8 1.93919
1735000 299.303 -16580.9 -2.21738
1736000 300.276 -16519.9 -52.4525
1737000 299.925 -16527.5 105.123
1738000 299.867 -16511.4 -38.7746
1739000 299.114 -16540.9 -13.2615
1740000 300.056 -16486 -58.2012
1741000 300.819 -16511.5 48.0417
1742000 301.093 -16545.6 19.7806
1743000 299.853 -16505.7 -11.897
1744000 300.821 -16587.2 -29.853
1745000 299.241 -16603.6 32.6197
1746000 300.581 -16565 21.101
1747000 300.784 -16548.4 -50.7788
1748000 299.53 -16588.8 43.834
1749000 301.002 -16513.2 -35.2425
1750000 300.483 -16507.5 7.36439
1751000 299.667 -16533.6 -48.212
1752000 300.402 -16521.3 41.9868
1753000 300.645 -16476.9 -26.1127
1754000 299.863 -16495.7 -12.2792
1755000 300.234 -16534.1 2.47501
1756000 302.491 -16485.8 -17.8434
1757000 300.253 -16516.5 30.6628
1758000 300.96 -16520.9 70.3672
1759000 299.618 -16519.9 -44.9609
1760000 300.553 -16531.1 -34.474
1761000 300.482 -16535.3 1.9981
1762000 300.592 -16523.5 -21.7872
1763000 299.205 -16570.5 -14.3913
1764000 300.848 -16506.9 6.41229
1765000 298.275 -16556.3 9.88125
1766000 299.046 -16543.2 49.5765
1767000 298.886 -16555.5 3.4824
1768000 299.202 -16563.8 -44.7497
1769000 301.932 -16541.3 44.3265
1770000 299.288 -16534.9 44.5991
1771000 300.147 -16534.2 -46.9114
1772000 300.425 -16541.5 -94.2322
1773000 298.938 -16562.3 65.4594
1774000 300.134 -16567.1 50.6608
1775000 300.476 -16535.2 9.65775
1776000 298.409 -16529.8 17.5367
1777000 299.071 -16540.6 -3.10521
1778000 297.679 -16597.3 -1.28033
1779000 298.166 -16604.9 -7.48309
1780000 300.961 -16568.4 -45.6903
1781000 300.587 -16569.4 28.8327
1782000 297.699 -16611.2 7.31859
1783000 300.142 -16505.1 -16.1177
1784000 299.741 -16497.5 -15.9386
1785000 300.65 -16481.9 15.7393
1786000 299.819 -16513.7 109.652
1787000 299.239 -16590.8 -49.7412
1788000 299.177 -16594.8 -12.246
1789000 299.453 -16524.8 -81.9689
1790000 299.824 -16482.1 60.2109
1791000 301.56 -16521.5 12.7538
1792000 300.067 -16519.5 57.6448
1793000 300.691 -16535 -87.8803
1794000 298.866 -16603.9 61.4388
1795000 298.873 -16565.5 -13.1476
1796000 299.992 -16596.4 80.3902
1797000 299.602 -16499.3 -60.1387
1798000 301.346 -16465.9 37.9085
1799000 301.001 -16498.2 -38.6432
1800000 299.227 -16527 -23.8752
1801000 297.67 -16525.3 44.4472
1802000 300.77 -16567.8 -14.6465
1803000 299.237 -16557.7 4.73104
1804000 297.755 -16609 23.0616
1805000 300.262 -16557.3 36.1226
1806000 302.304 -16477.2 -45.4616
1807000 300.532 -16513.9 3.61942
1808000 298.482 -16527.8 -12.5893
1809000 298.694 -16544.7 -21.9132
1810000 299.693 -16548.2 30.8967
1811000 298.261 -16557.6 -52.5464
1812000 301.274 -16468.2 5.16756
1813000 299.866 -16534 18.4409
1814000 300.81 -16517.9 8.71862
1815000 301.09 -16518 -19.193
1816000 299.588 -16532.5 49.6692
1817000 298.733 -16525 32.8763
1818000 298.763 -16502.2 -22.035
1819000 299.693 -16488.5 -19.8562
1820000 300.932 -16509.4 63.3851
1821000 301.589 -16543.1 -29.5272
1822000 300.615 -16511.5 -41.7695
1823000 299.336 -16569.7 -37.6884
1824000 302.157 -16578.3 38.6019
1825000 299.267 -16576.3 -30.1073
1826000 299.051 -16592.2 -27.4174
1827000 301.484 -16542.6 89.494
1828000 299.999 -16553.2 36.8953
1829000 299.474 -16454.4 -59.6701
1830000 301.211 -16407.8 -12.0544
1831000 298.91 -16478.3 -36.7758
1832000 299.736 -16538.8 40.7182
1833000 298.744 -16532.5 23.6171
1834000 300.585 -16610.5 -26.8273
1835000 300.042 -16605.5 2.59531
1836000 300.273 -16586 36.1143
1837000 300.048 -16537.5 1.46691
1838000 300.814 -16541.3 -46.1673
1839000 300.752 -16492.9 78.8335
1840000 301.778 -16502 23.2018
1841000 301.47 -16527.5 -68.8345
1842000 300.432 -16546.6 -36.1392
1843000 300.622 -16504.1 62.7012
1844000 300.377 -16477.8 -20.3617
1845000 299.39 -16524.4 45.8526
1846000 300.518 -16535.8 -116.813
1847000 300.442 -16545.8 5.57032
1848000 301.077 -16565.7 52.79
1849000 300.192 -16524.9 5.27463
1850000 299.552 -16505.7 11.4211
1851000 298.423 -16526.8 18.3797
1852000 300.444 -16447.7 -48.2526
1853000 302.424 -16393.1 42.9695
1854000 299.563 -16527.8 -10.9179
1855000 299.028 -16543.9 -9.84995
1856000 299.527 -16535.2 44.2106
1857000 300.998 -16466 84.3804
1858000 299.817 -16478.9 -105.759
1859000 301.052 -16492.6 -46.4726
1860000 299.218 -16564.8 68.8044
1861000 300.529 -16501.4 26.236
1862000 299.509 -16499.3 -27.5156
1863000 301.496 -16487 105.638
1864000 301.467 -16515.4 -15.8491
1865000 299.236 -16528.1 -76.0035
1866000 301.08 -16492.3 96.7124
1867000 299.928 -16485.2 -93.3477
1868000 298.022 -16495 -18.0844
1869000 300.726 -16456.9 17.5308
1870000 299.743 -16488.6 48.4552
1871000 301.552 -16461.3 5.83927
1872000 299.974 -16537.9 -31.4864
1873000 300.51 -16529.2 -24.3681
1874000 299.907 -16561.3 -60.3415
1875000 298.989 -16618.5 82.1706
1876000 298.021 -16620.7 25.1471
1877000 298.839 -16566.4 -37.1985
1878000 302.242 -16479.9 73.741
1879000 300.346 -16531.6 -33.2318
1880000 298.807 -16543.3 -25.3561
1881000 300.605 -16522.6 59.2706
1882000 299.522 -16525.8 12.6212
1883000 298.847 -16486.5 -35.0531
1884000 301.649 -16497.9 93.5011
1885000 298.578 -16555.4 -18.0221
1886000 300.243 -16500.6 -24.3758
1887000 302.334 -16481.1 4.70633
1888000 299.184 -16459 21.0721
1889000 298.922 -16485.2 -66.7381
1890000 298.542 -16491.1 40.7157
1891000 299.64 -16475.4 -12.094
1892000 299.718 -16526.1 -9.14201
1893000 299.954 -16510.7 117.847
1894000 299.662 -16542.6 -82.2674
1895000 300.41 -16534.4 10.3176
1896000 301.462 -16504.5 35.583
1897000 301.736 -16527.5 -82.8049
1898000 299.94 -16570.1 33.5171
1899000 300.058 -16523.7 47.0714
1900000 298.744 -16518.3 -131.457
1901000 299.563 -16584.1 13.1431
1902000 299.599 -16515.6 16.8062
1903000 300.322 -16520.2 22.8903
1904000 298.839 -16564.8 74.9171
1905000 301.697 -16477.8 -21.6258
1906000 300.705 -16485.5 14.968
1907000 301.274 -16534.8 18.9589
1908000 300.175 -16508.1 -49.9905
1909000 300.294 -16557.4 19.0023
1910000 299.828 -16532.2 -5.76673
1911000 300.826 -16530.3 0.16955
1912000 300.031 -16518.9 -46.59
1913000 299.544 -16523.1 21.1966
1914000 300.618 -16540.9 22.8437
1915000 299.041 -16556.2 0.130377
1916000 299.621 -16535.8 23.0207
1917000 299.783 -16519.1 -87.4042
1918000 298.377 -16557.5 87.8838
1919000 299.813 -16506.4 -58.5293
1920000 299.146 -16521 15.3836
1921000 301.054 -16509.9 44.7351
1922000 298.259 -16543.4 -2.96814
1923000 299.351 -16512.5 -89.5552
1924000 300.858 -16464.7 76.3698
1925000 298.492 -16507 24.2313
1926000 301.385 -16476.4 -23.0244
1927000 300.433 -16523.3 63.2184
1928000 301.366 -16534.4 -40.6161
1929000 298.309 -16595.9 20.1639
1930000 300.279 -16552.3 27.7026
1931000 300.712 -16568.9 -28.1846
1932000 298.695 -16558.8 65.2504
1933000 298.91 -16511.4 -34.6198
1934000 300.214 -16482.5 -63.2523
1935000 299.856 -16532 101.764
1936000 299.73 -16560.7 -14.0275
1937000 301.597 -16457.2 -49.4101
1938000 301.081 -16531.9 -2.232
1939000 301.283 -16506.7 71.3997
1940000 300.777 -16539.7 31.8898
1941000 298.364 -16556.3 -10.368
1942000 298.099 -16622.1 -117.707
1943000 298.3 -16544.9 66.1213
1944000 298.689 -16529.2 30.6828
1945000 300.632 -16523.5 -77.1999
1946000 300.037 -16557 45.9045
1947000 298.906 -16547.6 26.6476
1948000 299.438 -16532 36.0867
1949000 299.258 -16557.5 -15.843
1950000 300.089 -16565.3 49.6613
1951000 300.958 -16499.5 -71.2621
1952000 299.402 -16517.5 25.3186
1953000 300.333 -16507.1 17.2017
1954000 300.255 -16498.5 -31.3256
1955000 298.954 -16517.8 5.36996
1956000 299.501 -16567.7 -36.5892
1957000 300.814 -16506 20.8377
1958000 301.075 -16568 24.4495
1959000 301.328 -16582.4 -44.5662
1960000 302.095 -16549.9 25.7017
1961000 298.781 -16535.8 -9.69731
1962000 298.18 -16577.6 9.03744
1963000 299.029 -16579.4 20.9031
1964000 299.411 -16551 -20.6038
1965000 300.337 -16530.2 -59.8318
1966000 298.113 -16543.2 -6.05553
1967000 301.444 -16495.6 74.2207
1968000 298.564 -16541.3 -90.2251
1969000 300.705 -16583.9 66.8532
1970000 301.363 -16569.6 -132.595
1971000 299.774 -16589.3 90.3851
1972000 299.098 -16553.4 -84.8647
1973000 300.744 -16489.1 77.6392
1974000 301.103 -16499.6 35.6532
1975000 301.699 -16501.8 -41.0648
1976000 300.344 -16532.6 -65.8712
1977000 298.164 -16518.8 47.7321
1978000 301.924 -16491.1 12.8832
1979000 301.057 -16501.7 33.4016
1980000 299.992 -16494.6 8.93503
1981000 301.213 -16430.3 -53.7845
1982000 299.258 -16505.8 -33.0983
1983000 298.387 -16561.1 87.3147
1984000 299.592 -16548.5 -20.8107
1985000 300.327 -16607 14.3962
1986000 298.946 -16587.6 -84.0384
1987000 302.077 -16534.3 8.06104
1988000 301.655 -16527.4 -52.4508
1989000 300.255 -16625.8 24.6072
1990000 300.918 -16615.7 61.7353
1991000 298.646 -16637.1 -56.6732
1992000 299.993 -16560.5 28.2325
1993000 299.544 -16542.8 15.8178
1994000 301.124 -16500.4 22.4301
1995000 300.585 -16505 -20.7788
1996000 299.989 -16481.3 -41.9169
1997000 297.748 -16556.7 53.4705
1998000 302.379 -16476.9 123.541
1999000 299.633 -16504.7 -106.613
2000000 298.646 -16588.6 -60.29
