# Time-averaged data for fix 3
# TimeStep v_Temperature v_PotentialEnergy v_Pressure
2000 421.117 -14237.2 140.941
3000 498.774 -12360.2 147.759
4000 498.751 -12313.7 46.405
5000 500.286 -12194.7 13.5026
6000 500.356 -12122.2 55.6646
7000 499.889 -12068.1 -68.1544
8000 498.53 -12115.1 28.8067
9000 499.016 -12156.3 -8.59099
10000 500.776 -12159.4 54.8581
11000 502.983 -12092.3 -88.4152
12000 497.894 -12265.3 112.133
13000 499.151 -12215.6 -8.56547
14000 500.094 -12195.4 46.4364
15000 502.11 -12119.8 48.5592
16000 495.444 -12097.4 -82.9673
17000 499.555 -12148.7 17.9999
18000 500.559 -12122.1 -14.274
19000 500.122 -12152.8 46.0068
20000 501.385 -12106.2 16.1489
21000 497.943 -11953.5 -138.108
22000 500.569 -12134.8 20.1556
23000 500.26 -12272 132.228
24000 501.495 -12122.7 -85.3426
25000 499.83 -12112.7 48.7652
26000 498.684 -12090.1 -23.0714
27000 503.422 -12162.7 81.7644
28000 500.567 -12133.9 -78.4268
29000 500.012 -12276.5 126.466
30000 499.274 -12129.1 66.6482
31000 501.723 -12043.2 2.95969
32000 500.529 -12043.2 -111.051
33000 498.462 -12114 -25.7336
34000 500.957 -12235.3 78.1046
35000 502.284 -12111.8 -42.7162
36000 500.776 -12219.2 -6.28336
37000 500.097 -12292.4 73.4768
38000 498.284 -12207 -5.01643
39000 499.854 -12134 -116.833
40000 498.159 -12266.2 217.33
41000 498.339 -12133.7 -96.3104
42000 500.483 -12131.6 -77.3045
43000 500.273 -12219.7 16.1962
44000 500.541 -12227.9 91.1769
45000 500.033 -12154.5 -87.7729
46000 498.598 -12253.8 22.9822
47000 499.356 -12098.2 -73.4202
48000 501.511 -12035.7 -26.3255
49000 502.611 -12076.7 -46.5672
50000 501.488 -12244.1 91.5824
51000 499.345 -12169.7 -34.2535
52000 502.516 -12137.5 60.5537
53000 496.252 -12083.5 -122.601
54000 499.306 -12247.8 226.505
55000 500.576 -12060.6 -47.424
56000 502.041 -12005.4 -3.84876
57000 499.7 -12076.1 -40.0335
58000 497.781 -12267.4 90.6318
59000 499.137 -12188.4 -11.036
60000 501.392 -12127.3 -87.399
61000 501.515 -12231.7 97.8719
62000 496.991 -12218 -50.8979
63000 498.856 -12251 121.556
64000 499.194 -12219.9 2.44274
65000 496.36 -12075 -99.1812
66000 499.293 -12088.7 -41.2454
67000 500.43 -12165.3 150.06
68000 499.079 -12229.6 35.9463
69000 498.283 -12203.8 -54.5827
70000 498.774 -12237.2 61.0668
71000 499.282 -12072 -63.3016
72000 501.319 -12079.5 -20.3807
73000 501.583 -11993.7 -29.8896
74000 500.329 -12260.1 68.5889
75000 499.929 -12212.8 91.5098
76000 500.155 -12022 -54.412
77000 502.154 -12104.7 22.8723
78000 502.574 -12217.5 94.1832
79000 499.003 -12117.5 -158.044
80000 499.835 -12124.3 9.35492
81000 500.315 -12116.6 33.7231
82000 500.006 -12140 45.5482
83000 501.795 -11955.9 -102.2
84000 499.855 -12066.9 87.8164
85000 500.275 -12036.9 -91.0982
86000 501.031 -12138 35.4058
87000 502.093 -12222.9 124.288
88000 499.083 -12118.9 -74.4223
89000 501.928 -12044.2 -17.3549
90000 502.173 -12044.3 -55.8969
91000 499.459 -12241.7 69.9005
92000 502.09 -12161.3 28.3867
93000 497.036 -12177.7 -55.2222
94000 504.63 -12260.8 60.6371
95000 500.892 -12251.4 110.648
96000 499.581 -12174.1 -13.2319
97000 501.938 -12035.7 65.7535
98000 500.034 -11955.5 -116.725
99000 497.579 -12038.6 -17.1752
100000 499.52 -12173.3 -0.804073
101000 500.248 -12197.5 -36.836
102000 501.418 -12165.4 72.6577
103000 498.109 -12136.9 -107.69
104000 499.683 -12150 23.3912
105000 503.1 -12124.8 41.257
106000 500.444 -12197.2 -14.7525
107000 499.432 -12246.1 -2.22359
108000 500.819 -12096.6 14.3486
109000 499.417 -12134 -70.4955
110000 498.176 -12194.2 27.5961
111000 495.627 -12227.5 67.9345
112000 502.778 -12060 38.6345
113000 501.211 -11977 -139.297
114000 501.494 -12065.3 25.7438
115000 502.909 -12184.9 70.5437
116000 501.775 -12088.6 -82.5176
117000 502.129 -12072.1 5.20731
118000 497.607 -12118.7 -45.661
119000 501.828 -12092.5 82.7348
120000 498.886 -12141.7 55.6483
121000 500.108 -12018.9 -92.8231
122000 503.645 -12033.8 -3.84132
123000 500.743 -12256.2 144.057
124000 503.436 -12068.7 -41.7436
125000 500.309 -12079 -16.0659
126000 500.523 -12097.3 35.6016
127000 500.013 -12181 -0.484995
128000 502.242 -12120.7 40.2555
129000 501.023 -12005.2 -102.515
130000 502.723 -12083.5 39.8737
131000 502.091 -12081.8 -40.9413
132000 497.615 -12288.1 175.542
133000 502.138 -12114.5 -5.91984
134000 500.632 -12051.8 -59.4065
135000 501.657 -12026.4 15.9594
136000 498.919 -12119.2 -5.93639
137000 499.552 -12145.3 -22.3485
138000 498.801 -12152.4 48.7271
139000 498.588 -12108.3 32.0197
140000 497.227 -12123 -17.2163
141000 501.154 -12086.3 9.26725
142000 500.45 -12194 32.0005
143000 503.363 -12175.7 79.3487
144000 500.15 -12004.8 -53.9883
145000 502.753 -11964.6 1.1171
146000 503.655 -11907 -142.367
147000 500.142 -12119.5 51.3461
148000 500.334 -12120.7 15.4659
149000 496.397 -12188.8 -6.70862
150000 501.419 -12160.3 -16.5657
151000 499.463 -12297.7 136.058
152000 499.299 -12100.2 -65.2101
153000 496.698 -12131.5 -72.7984
154000 502.09 -12249.1 118.071
155000 500.44 -12268.8 0.92421
156000 500.681 -12041.1 -36.589
157000 498.449 -12106.6 -82.9629
158000 501.255 -12101 124.302
159000 500.995 -12176.5 56.8973
160000 499.42 -12099.4 -118.986
161000 501.635 -12326.5 179.543
162000 499.797 -12255.1 -5.90613
163000 501.331 -12116.5 -79.0479
164000 500.142 -12050.6 -10.2613
165000 502.429 -12117.4 32.7458
166000 501.967 -12004.1 -43.857
167000 501.634 -11927.8 -77.9054
168000 499.31 -11983.5 -31.3189
169000 501.742 -12031.6 74.4696
170000 497.371 -12162.6 -36.3284
171000 505.615 -11978.5 21.4698
172000 498.998 -12170.3 -6.94243
173000 498.139 -12312.7 19.1366
174000 498.893 -12240.6 -2.84797
175000 501.323 -12144.2 -12.5196
176000 501.63 -11946 -127.933
177000 499.014 -11964.2 38.5363
178000 502.639 -12188.3 113.441
179000 497.948 -12166.8 16.7503
180000 500.055 -12090 -63.775
181000 501.967 -12078.5 23.9157
182000 497.963 -12297.5 107.159
183000 499.106 -12197.5 -68.6528
184000 495.959 -12105.7 -13.5507
185000 499.642 -12091.9 125.137
186000 496.947 -12178.1 -14.575
187000 502.453 -12057.4 5.68952
188000 498.845 -12107.8 -127.129
189000 499.52 -12284.5 203.785
190000 500.507 -12262.3 23.5612
191000 499.891 -12136.3 -130.983
192000 502.325 -12091.7 82.7091
193000 503.12 -12086.6 -78.1784
194000 498.657 -12333.8 172.597
195000 501.708 -12137.4 -71.3429
196000 502.653 -12036 -103.863
197000 500.543 -12211.6 171.397
198000 500.707 -11983.3 -170.808
199000 503.158 -12164.6 100.669
200000 501.36 -12160.8 3.12515
201000 497.455 -12226.3 -66.5688
202000 503.426 -12184.8 114.206
203000 500.696 -12064.9 -92.0477
204000 498.179 -12100 42.4005
205000 500.752 -12063.3 -51.4945
206000 503.573 -12061.2 -99.1077
207000 503.059 -12231.5 69.1269
208000 502.326 -12176.6 -52.4495
209000 500.582 -12107.4 39.3513
210000 501.914 -12063.1 28.3775
211000 501.121 -12104.7 -38.4564
212000 500.62 -12106.1 54.6159
213000 499.239 -12125.9 -124.883
214000 499.342 -12245.2 109.894
215000 498.909 -12111.4 -18.2054
216000 503.921 -12051.9 55.8754
217000 500.765 -12087.9 -62.0535
218000 501.204 -12092.9 -38.6369
219000 496.934 -12334.1 107.528
220000 498.298 -12254 -1.68663
221000 497.019 -12155.8 -46.8545
222000 498.725 -12219.5 34.6378
223000 498.82 -12174.1 16.176
224000 499.974 -12114.4 -44.2392
225000 501.678 -12126.7 47.7194
226000 497.14 -12167.9 4.09737
227000 501.032 -12179.6 -46.3185
228000 501.191 -12076.9 4.01937
229000 499.132 -12007.4 -109.868
230000 499.012 -12122.6 46.6424
231000 501.57 -12197.7 63.7209
232000 496.405 -12264 7.64675
233000 501.198 -12069.7 -55.2178
234000 500.554 -12153.4 23.1183
235000 498.467 -12170.6 1.81119
236000 498.135 -12094.1 -31.3459
237000 499.118 -12073.7 -5.23705
238000 502.24 -12094.4 -22.9713
239000 502.115 -12202.2 39.9992
240000 501.642 -12245.2 18.3549
241000 504.246 -12117 -27.7473
242000 501.086 -12032.3 -62.8177
243000 499.917 -12215.7 181.211
244000 498.89 -12172.1 -86.7726
245000 501.259 -12061.9 10.3893
246000 503.014 -12018.4 -60.8784
247000 501.349 -12224.3 112.032
248000 498.715 -12216.1 -75.8389
249000 502.696 -12157.1 94.3147
250000 497.451 -12206.6 16.1866
251000 496.735 -12189.6 -81.2127
252000 496.446 -12248.9 11.5924
253000 501.113 -12272.2 122.583
254000 500.14 -12072 -35.0823
255000 499.269 -12092.1 -5.96163
256000 499.958 -12186.6 25.6445
257000 500.157 -12126.1 -0.565794
258000 498.46 -12094.9 -70.179
259000 501.796 -12236.2 61.3834
260000 497.115 -12433.4 175.416
261000 498.487 -12232.5 -61.9808
262000 502.046 -12135.3 125.867
263000 499.065 -12073.8 -71.5624
264000 501.645 -12081.2 53.254
265000 499.429 -12151.5 -40.2987
266000 502.124 -12122 33.0822
267000 500.564 -12221 -18.1321
268000 498.02 -12226.3 -72.1932
269000 500.597 -12219.2 200.086
270000 497.96 -12046.7 -154.995
271000 502.231 -11972.8 -10.7043
272000 500.443 -12078.6 -21.4308
273000 499.362 -12258 29.6191
274000 498.475 -12348.7 92.836
275000 497.38 -12160.9 -67.2467
276000 503.565 -12103.7 -54.7155
277000 499.106 -12217.6 26.7084
278000 499.078 -12202.8 -31.2049
279000 497.94 -12131.1 -27.5971
280000 498.153 -12135.1 34.725
281000 501.67 -12250.1 24.4195
282000 498.009 -12138.7 -28.3059
283000 499.473 -12171.1 -29.8896
284000 496.679 -12233.5 123.75
285000 502.883 -12039.9 -113.476
286000 499.072 -12077.6 -60.4184
287000 500.309 -12216.2 -43.7544
288000 497.927 -12231.6 25.7329
289000 499.641 -12206.7 122.476
290000 501.229 -12094.3 -63.0796
291000 501.731 -12085.7 -69.5827
292000 498.35 -12194.3 86.0418
293000 503.093 -12117.9 31.9435
294000 501.66 -12011 -149.504
295000 497.969 -12287.6 238.538
296000 500.474 -12120.5 90.3847
297000 499.168 -12029.2 -61.4209
298000 502.977 -11949.4 -13.1687
299000 501.135 -12158 80.4258
300000 502.864 -12167.4 124.673
301000 503.933 -12004.6 -62.7053
302000 501.204 -12002.6 114.48
303000 501.194 -11986.9 -113.589
304000 500.999 -12035.2 -35.9151
305000 498.799 -12137.2 -45.1589
306000 501.983 -12192.5 -14.6344
307000 499.418 -12165.9 32.7364
308000 498.484 -12120.7 -30.3176
309000 499.193 -12113 -28.8161
310000 499.679 -12216.5 86.1803
311000 501.132 -12072.5 -98.5695
312000 501.586 -12090.4 114.921
313000 498.564 -12118 -74.8363
314000 501.629 -12056.7 -58.8749
315000 501.361 -12115.9 -26.543
316000 497.453 -12283.9 84.1737
317000 499.618 -12194.9 36.4382
318000 501.81 -12060.3 18.7285
319000 499.466 -11984.2 -118.503
320000 498.642 -12043.5 -45.3926
321000 498.871 -12148.3 -39.5254
322000 499.486 -12256.3 114.711
323000 502.551 -12145.8 41.526
324000 501.484 -12096 -40.9168
325000 499.527 -12221 -48.7064
326000 498.835 -12345 68.4565
327000 502.399 -12201.7 125.536
328000 500.695 -12146.6 -77.7018
329000 497.182 -12144.1 -36.504
330000 500.219 -12162.9 54.4724
331000 501.784 -12162.1 15.1792
332000 500.348 -12062.5 -24.2539
333000 499.533 -12042.2 -76.3476
334000 499.143 -12172.3 11.0313
335000 500.696 -12067.6 -64.4689
336000 498.183 -12212.8 4.20626
337000 497.687 -12220.8 80.4997
338000 500.423 -12119.2 2.57886
339000 502.397 -12107.6 -4.39931
340000 496.596 -12162 -5.9072
341000 498.252 -12150 13.4039
342000 498.662 -12174.9 37.0291
343000 500.692 -12069.6 28.2695
344000 500.057 -12070.9 -65.7697
345000 500.628 -12203.6 93.5623
346000 501.765 -12120.8 -117.767
347000 498.669 -12218.9 114.481
348000 500.564 -12212.4 -17.3448
349000 494.751 -12273.5 1.46146
350000 500.961 -12218.6 15.2701
351000 503.503 -12088.7 -86.6052
352000 500.007 -12132.4 36.9534
353000 499.608 -12245.2 120.158
354000 498.033 -12119.5 16.5321
355000 502.048 -12054.5 -51.2605
356000 499.194 -12130.1 14.8005
357000 501.756 -12169.1 -33.7484
358000 500.292 -12360 170.609
359000 498.131 -12201.8 -93.4663
360000 496.772 -12272.3 -35.7485
361000 500.102 -12267.7 139.438
362000 501.577 -12098 -107.772
363000 499.338 -12181.9 14.4991
364000 502.563 -12124.9 22.7651
365000 500.551 -12203.5 1.48486
366000 498.87 -12182.5 -29.5697
367000 498.42 -12268.3 -79.5992
368000 499.158 -12380.7 187.808
369000 497.049 -12215.3 2.66208
370000 497.137 -12247.6 -28.9045
371000 499.875 -12171 -0.662428
372000 499.755 -11987.2 -57.2785
373000 501.398 -12062.8 -48.9509
374000 497.626 -12144.4 9.42806
375000 498.55 -12265.1 14.443
376000 499.101 -12380.8 151.12
377000 497.427 -12152.2 -71.7346
378000 498.742 -12174.7 6.56977
379000 502.496 -12124.7 -63.5507
380000 497.77 -12286 39.2602
381000 498.867 -12262.8 111.887
382000 503.097 -12026.8 12.55
383000 502.248 -11928.6 -62.3853
384000 498.665 -12101.4 -71.5852
385000 499.526 -12185.3 132.971
386000 499.706 -12055.7 -75.8545
387000 500 -12128.1 20.5439
388000 499.727 -12170.8 -30.5442
389000 499.323 -12148.7 70.2691
390000 500.278 -12096.1 -123.845
391000 500.222 -12169.2 9.58654
392000 499.929 -12243.6 102.841
393000 502.315 -12093.2 -58.786
394000 496.847 -12086.1 -144.082
395000 499.736 -12262.2 83.4146
396000 499.868 -12283.6 30.7614
397000 499.118 -12124.1 -43.5133
398000 498.883 -12063.7 -97.6872
399000 502.995 -12123.1 37.2036
400000 499.754 -12090.5 -39.0576
401000 498.278 -12223.7 39.3438
402000 500.86 -12112.3 -95.8806
403000 498.65 -12215.9 139.392
404000 500.041 -12111.3 -28.5871
405000 500.187 -12097.8 -111.59
406000 499.153 -12285.7 151.167
407000 496.506 -12274.7 50.3405
408000 499.095 -12102.4 -97.2811
409000 501.377 -12112.6 -1.34224
410000 500.166 -12239.1 106.339
411000 500.672 -12157.9 30.9663
412000 500.55 -12170.4 -44.666
413000 500.793 -12102 20.6753
414000 503.115 -12115.7 54.5586
415000 500.351 -11971.5 -117.433
416000 499.816 -12088.5 9.13442
417000 498.778 -12155 35.6472
418000 501.249 -12127.9 -4.76466
419000 499.003 -12214.9 -0.196751
420000 500.06 -12144.7 0.396003
421000 499.889 -12035.6 -138.996
422000 500.681 -12247.7 43.9028
423000 502.848 -12206.9 77.9679
424000 499.725 -12171.4 -36.7539
425000 498.086 -12180.3 -44.5433
426000 499.144 -12273.8 188.044
427000 497.507 -12137.2 -26.8132
428000 499.555 -12076.5 -9.39396
429000 502.797 -12168.5 -13.0025
430000 501.679 -12188.9 18.5367
431000 500.952 -12232.2 135.178
432000 501.631 -12100.1 -51.6408
433000 499.103 -12078.2 -32.0331
434000 499.31 -12148.7 -25.0795
435000 499.452 -12301.8 96.3601
436000 502.308 -12122.3 -26.4366
437000 499.975 -12082.4 -100.005
438000 499.658 -12146.4 42.0688
439000 501.788 -12231 149.633
440000 500.465 -12077.9 -91.3365
441000 501.335 -12079.3 -2.05657
442000 497.019 -12201.4 115.383
443000 500.675 -12169.6 29.0924
444000 501.411 -12093.4 -69.972
445000 498.394 -12168.7 -86.341
446000 502.277 -12192.8 141.309
447000 499.966 -12092 13.8821
448000 499.614 -12059.9 -83.3981
449000 499.083 -12183.2 75.3391
450000 497.409 -12165.6 -2.98156
451000 499.444 -12187.5 -1.65733
452000 497.387 -12192.9 0.176394
453000 499.364 -12081.6 -104.729
454000 499.806 -12133.3 74.5782
455000 498.489 -12180.8 57.755
456000 502.748 -12216 183.873
457000 503.317 -12053.4 -40.4959
458000 500.36 -12144.3 53.357
459000 500.555 -12018.1 -120.51
460000 499.103 -12181.1 83.4524
461000 500.899 -12216.6 -5.4754
462000 494.889 -12129.4 -129.143
463000 498.18 -12263.7 132.973
464000 501.688 -12128.8 -54.2328
465000 499.866 -12195.3 32.4122
466000 500.265 -12186 -46.7782
467000 503.012 -12078.8 4.56856
468000 500.618 -12120.9 70.3634
469000 498.825 -12180.9 -61.511
470000 498.225 -12256.6 74.9731
471000 499.741 -12196.7 -33.3971
472000 499.509 -12119.9 -44.3378
473000 500.177 -12119.7 38.2693
474000 498.859 -12176.2 38.7127
475000 497.095 -12193.3 -13.0254
476000 499.599 -12179.8 -71.3392
477000 502.749 -12232 94.8152
478000 501.025 -12221.4 69.2103
479000 498.591 -12110.7 -38.7551
480000 500.249 -12169.8 20.7922
481000 503.841 -12116.1 32.0813
482000 501.998 -12031.5 -82.5031
483000 500.454 -12096.5 -27.9737
484000 499.619 -12176.9 81.2117
485000 500.328 -12054.2 -17.2359
486000 500.723 -12043.2 -35.8468
487000 500.685 -12138.5 17.4626
488000 497.834 -12218.8 31.7118
489000 502.182 -12121.7 -63.3408
490000 498.998 -12154.9 26.4869
491000 497.865 -12158.5 -25.2809
492000 500.079 -12181.9 71.478
493000 501.786 -12125.7 0.588752
494000 498.952 -12125.7 -1.82626
495000 498.349 -12141.1 -57.958
496000 501.106 -12139.2 114.018
497000 501.642 -11989.3 -74.3498
498000 503.178 -12011.8 -63.7406
499000 500.231 -12167.8 8.47253
500000 497.861 -12201.2 169.217
501000 500.611 -12087.9 -112.494
502000 500.368 -12107.8 31.4792
503000 499.279 -12073.9 -22.7593
504000 501.073 -12179.6 16.9693
505000 499.648 -12091 -64.3451
506000 500.795 -12085.4 41.7022
507000 500.787 -12135.2 -11.0255
508000 502.101 -12165.7 15.7645
509000 499.216 -11981.2 -130.047
510000 501.21 -12076.9 8.01938
511000 497.221 -12119.7 48.013
512000 501.2 -12075 -56.0607
513000 500.281 -12210.6 42.362
514000 502.269 -12191.1 45.5266
515000 501.143 -12031.2 -88.1656
516000 499.78 -12155.5 32.473
517000 501.918 -12082.9 28.25
518000 502.713 -12082.2 -60.2175
519000 500.511 -12137 15.3946
520000 501.087 -12093.8 7.51307
521000 499.676 -12132.1 53.6339
522000 501.723 -12034.6 -158.967
523000 499.552 -12205.8 57.6948
524000 501.627 -12146.3 64.6281
525000 499.047 -11918 -102.175
526000 503.864 -11984.5 37.5691
527000 499.5 -12064.6 60.9814
528000 502.415 -11899.7 -23.4527
529000 501.064 -11937.4 -115.742
530000 502.123 -12168.8 82.4492
531000 502.697 -12008.6 -100.195
532000 499.665 -12206.3 23.797
533000 501.765 -12130.5 104.284
534000 503.018 -12093.7 -60.9979
535000 498.277 -12168.2 -58.5099
536000 497.587 -12254 117.643
537000 499.706 -12087.2 -9.31311
538000 499.016 -12098.6 -40.4902
539000 498.095 -12093.7 -61.4084
540000 499.74 -12109.9 5.57843
541000 499.395 -12147.3 43.1765
542000 499.213 -12137.9 38.358
543000 501.119 -12068.7 -90.4686
544000 501.56 -12077.6 -23.8945
545000 500.624 -12319.1 103.348
546000 500.255 -12272.8 74.6833
547000 499.483 -12128.3 -12.6935
548000 499.365 -12227.1 -60.981
549000 496.707 -12330 161.119
550000 496.837 -12093 -139.124
551000 500.85 -12110.1 -62.3138
552000 504.005 -12183.7 86.4496
553000 499.176 -12217.3 -78.3461
554000 501.725 -12186 61.1761
555000 500.182 -12101.9 -81.5197
556000 499.794 -12176.9 50.3894
557000 501.25 -11942.5 -17.8763
558000 499.886 -11972.1 -164.264
559000 500.247 -12087.2 -50.3046
560000 498.892 -12219.1 52.0437
561000 501.47 -12152.3 11.4091
562000 502.494 -12183.1 67.921
563000 499.722 -12295 64.704
564000 497.827 -12254.3 -106.809
565000 502.819 -12158 87.552
566000 501.473 -12143.9 -91.496
567000 499.526 -12077.9 -85.0996
568000 501.57 -12118.3 143.2
569000 501.337 -12110.6 -68.7794
570000 502.326 -12137.1 116.875
571000 498.327 -12181.4 -124.074
572000 496.106 -12221 66.4834
573000 497.447 -12213.2 -47.7088
574000 497.678 -12238.9 -14.3946
575000 497.794 -12208.8 41.9986
576000 499.461 -12241.5 60.9323
577000 496.738 -12167 -81.1432
578000 502.122 -12232.4 1.54808
579000 499.417 -12251.6 25.5497
580000 498.691 -12165.7 39.8029
581000 496.829 -12213.1 -73.5795
582000 499.315 -12120.6 -110.615
583000 499.459 -12187.4 55.1715
584000 499.775 -12221 149.598
585000 496.764 -12064.3 -154.488
586000 498.697 -12179.6 59.1281
587000 499.695 -12074.8 -126.28
588000 498.562 -12277.7 11.7088
589000 499.621 -12212.9 62.3841
590000 499.97 -12121.2 -47.4671
591000 499.875 -12061.1 74.5168
592000 498.52 -12051.1 -180.999
593000 502.143 -12195 4.21645
594000 500.873 -12150 65.5864
595000 499.682 -12126.4 22.6215
596000 501.276 -12025.7 -127.636
597000 499.518 -12164.6 24.6514
598000 501.511 -12137.3 39.2696
599000 499.417 -11986.5 -126.239
600000 501.516 -12172.7 115.202
601000 499.052 -12176.8 -86.4052
602000 501.619 -12279.9 244.868
603000 500.417 -12283.3 113.926
604000 499.238 -12163.3 1.47921
605000 501.696 -12092.6 -25.2217
606000 498.778 -12189.6 -26.0171
607000 502.399 -12216.1 188.178
608000 501.154 -12211.6 -69.7103
609000 502.344 -12088.2 -84.6393
610000 500.138 -12154.6 -16.8262
611000 497.105 -12158.8 -27.6864
612000 497.22 -12228.9 79.4483
613000 498.451 -12122.4 -68.7677
614000 502.742 -11960 -99.2127
615000 499.746 -12076.6 1.16887
616000 503.598 -12101.8 61.3576
617000 503.871 -12049.1 -74.7207
618000 502.306 -12225 72.4257
619000 499.279 -12146.1 -39.9628
620000 498.534 -12186.7 25.8583
621000 495.083 -12249.5 -66.7235
622000 499.116 -12238.1 167.631
623000 499.257 -12174.9 -109.516
624000 498.229 -12270.7 95.902
625000 495.367 -12237.2 -32.5619
626000 498.13 -12240.6 -17.6322
627000 499.333 -12178.1 7.89992
628000 499.68 -12021.7 -63.192
629000 498.847 -12107.3 6.17083
630000 499.747 -12306 117.316
631000 500.371 -12230.2 4.10681
632000 497.168 -12203.5 15.382
633000 501.645 -12035 -23.6312
634000 502.366 -12042.9 17.445
635000 499.715 -12125.2 38.6367
636000 497.307 -12083.8 -91.9114
637000 501.09 -12156.7 43.0186
638000 500.478 -12237.6 94.7168
639000 501.417 -12111.2 -96.8265
640000 501.142 -12159.3 75.6589
641000 498.963 -12146.2 55.9252
642000 502.528 -11949.1 -133.679
643000 499.332 -12073 -46.232
644000 499.37 -12158.8 49.9761
645000 502.288 -12019 -37.062
646000 500.717 -12121.7 -11.351
647000 501.28 -12252.3 127.311
648000 500.136 -12097 -57.7162
649000 499.52 -12058.9 -39.3745
650000 501.821 -12014 -60.0023
651000 500.248 -12116.6 -65.0465
652000 500.955 -12122.6 145.788
653000 498.228 -12010.6 -115.275
654000 499.329 -12100.1 -34.8462
655000 500.817 -12203.7 -54.4048
656000 498.221 -12288.5 143.957
657000 501.602 -12055.9 -1.63653
658000 497.588 -12094.4 -105.018
659000 500.674 -12131.5 73.5781
660000 495.829 -12262.5 -136.81
661000 500.14 -12320.6 251.531
662000 501.292 -12133.7 -101.421
663000 498.84 -12222.9 21.7509
664000 499.245 -12211.3 117.476
665000 501.27 -12077.5 -66.833
666000 502.56 -12138.3 33.4444
667000 500.821 -12030.9 -33.3919
668000 501.382 -12058.7 -19.5466
669000 500.281 -12027.6 -51.9138
670000 501.607 -12140.2 37.1839
671000 500.936 -12030.8 57.3177
672000 500.412 -11917.8 -147.505
673000 502.987 -12037.8 84.948
674000 499.074 -12081.9 12.9256
675000 500.519 -11985.9 -25.0555
676000 500.825 -12051 25.2269
677000 502.194 -12049.3 -1.10639
678000 499.067 -12138.7 21.9875
679000 500.892 -12049.7 68.0288
680000 500.647 -12177.9 -37.1212
681000 502.059 -12156.3 22.687
682000 501.327 -12165.2 14.2783
683000 498.946 -12158 -31.1559
684000 499.037 -12151.4 12.026
685000 501.45 -12169.3 52.5835
686000 502.491 -12033.7 -54.9075
687000 498.864 -12146.6 -27.7272
688000 502.448 -12230.2 105.241
689000 501.025 -12083.4 -63.708
690000 500.87 -12132.5 -7.85948
691000 497.743 -12181 43.2406
692000 498.076 -12101.8 -76.073
693000 499.417 -12207.1 74.5982
694000 499.63 -12141.2 -65.0031
695000 501.451 -12172.7 50.8575
696000 499.601 -12150.8 -126.848
697000 501.406 -12262.8 86.97
698000 497.009 -12239.4 -8.80315
699000 498.291 -12141.9 16.2572
700000 497.869 -12068.8 -56.4967
701000 499.145 -12046.6 -20.2851
702000 497.473 -12089.4 41.6982
703000 499.889 -11948.7 -160.079
704000 500.837 -12004.9 21.478
705000 500.857 -12059.3 25.9997
706000 499.002 -12078.8 -91.0071
707000 495.787 -12265.8 28.261
708000 499.094 -12197.1 8.29605
709000 498.105 -12187.1 8.9449
710000 500.569 -12188.9 47.581
711000 500.118 -12130.8 7.16659
712000 502.631 -11895.6 -169.226
713000 500.069 -12215.4 112.476
714000 501.647 -12167 39.371
715000 500.382 -12121.3 4.63731
716000 501.051 -12047.5 -81.987
717000 500.069 -12206.5 -3.61354
718000 497.797 -12152.5 -12.0379
719000 499.315 -12173.4 -92.7705
720000 499.92 -12283.1 179.805
721000 498.251 -12210 -16.9927
722000 497.902 -12107.3 -29.2643
723000 500.968 -12162.2 117.638
724000 499.054 -12089.1 -31.7901
725000 501.34 -12055 -16.8191
726000 498.121 -12172 3.13191
727000 500.966 -12125 0.63216
728000 497.999 -12189.3 47.4316
729000 499.143 -12066.5 -45.7146
730000 500.751 -12040.5 8.33379
731000 496.416 -12104.3 -35.7497
732000 499.354 -12114.5 67.2401
733000 500.958 -12062.9 26.556
734000 501.045 -12181.6 50.8557
735000 502.701 -11996.7 -88.8815
736000 503.87 -12101.9 82.7024
737000 498.323 -12046.4 -29.7872
738000 500.303 -12027.3 -36.4243
739000 500.813 -12093.7 -25.5983
740000 500.424 -12159.6 8.85337
741000 498.154 -12148 38.1352
742000 502.743 -12054.3 -111.379
743000 498.301 -12161.7 -58.4219
744000 501.698 -12114 102.384
745000 499.059 -12149.4 -34.2705
746000 498.838 -12201.7 32.834
747000 503.619 -12149.7 30.2488
748000 495.969 -12066.4 -142.995
749000 501.06 -12179.6 143.604
750000 500.421 -12131.7 -18.8059
751000 498.989 -12053.9 17.3413
752000 500.3 -12016.3 -44.1091
753000 499.649 -12006.3 -2.16662
754000 499.914 -12177.7 105.172
755000 501.366 -12092.5 -112.038
756000 501.113 -12199.9 67.0162
757000 502.776 -12310.4 210.241
758000 497.944 -12193.9 -71.8614
759000 499.567 -12094.5 -75.5733
760000 501.341 -12239 75.6449
761000 502.193 -12155.1 13.1455
762000 499.418 -12086.2 17.2572
763000 498.613 -12091.9 -89.8748
764000 500.638 -12132.6 63.904
765000 501.033 -12180.5 94.5922
766000 497.503 -12134 -58.7485
767000 500.456 -12123.7 28.2019
768000 499.52 -12093.3 -44.871
769000 499.432 -12183.6 14.311
770000 499.723 -12172.5 5.79829
771000 500.294 -12199.2 47.3826
772000 497.992 -12093 -85.5922
773000 500.507 -12049.3 1.63173
774000 501.443 -12083.4 53.6288
775000 500.998 -12059.6 -55.8844
776000 500.005 -12090.9 66.8472
777000 498.992 -12179.2 -114.68
778000 497.211 -12351.7 155.005
779000 500.115 -12251.1 76.0556
780000 500.182 -12144.6 -69.5144
781000 502.823 -12139.8 -1.69797
782000 500.448 -12304.3 100.435
783000 494.903 -12119.2 -186.606
784000 501.709 -12232.8 39.3751
785000 502.585 -12179.9 105.347
786000 499.921 -12113 -51.6743
787000 498.017 -12139.3 -44.9507
788000 499.864 -12222.5 46.7961
789000 497.114 -12226.8 103.772
790000 497.734 -12091.6 -114.978
791000 497.767 -12165.1 18.6613
792000 499.903 -12214.2 20.6799
793000 500.632 -12086.5 -59.9672
794000 496.854 -12137.9 -74.0917
795000 499.146 -12269.8 133.211
796000 499.389 -12121.9 -0.889153
797000 498.935 -12118.4 -115.976
798000 501.668 -12199.9 172.812
799000 501.09 -12078.2 -153.033
800000 499.577 -12200.5 61.5283
801000 502.261 -12020.2 -16.8381
802000 502.041 -12153.2 -9.91668
803000 498.314 -12437.5 172.926
804000 498.278 -12206.8 0.969345
805000 502.199 -12085.9 -14.8
806000 501.81 -12081.9 -90.6748
807000 503.51 -12199.7 119.931
808000 496.774 -12190.4 -31.468
809000 501.811 -12143.2 -20.3071
810000 498.43 -12279 50.6072
811000 496.855 -12137.1 -62.3349
812000 499.065 -12063.4 0.666038
813000 497.192 -12137.9 -34.7281
814000 501.575 -12190.4 91.6025
815000 500.894 -12092.5 -38.5759
816000 498.367 -12190.2 46.2169
817000 498.49 -12124 -65.7573
818000 498.775 -12311.9 129.298
819000 499.011 -12319.9 126.052
820000 499.426 -12090.3 -33.1661
821000 502.714 -12071.8 -24.6844
822000 498.069 -12236.2 31.8931
823000 500.811 -12276.8 58.8841
824000 501.993 -12137.8 -15.6379
825000 498.453 -12154.9 -53.2994
826000 498.115 -12255.6 55.4525
827000 496.452 -12201.4 40.8247
828000 501.25 -12038.7 -62.8245
829000 500.353 -12075.6 -45.9373
830000 501.035 -12107.2 64.4243
831000 499.371 -12143.5 -99.9321
832000 502.002 -12257.8 64.4814
833000 503.414 -12231.9 122.741
834000 498.069 -12056.7 -161.742
835000 500.006 -12084 44.1325
836000 499.37 -12157 2.87188
837000 500.031 -12198.6 -70.8744
838000 501.369 -12051.5 88.9971
839000 499.348 -12156.3 12.093
840000 500.272 -12091.8 -99.2809
841000 500.717 -12086.3 54.234
842000 498.949 -12114.2 21.7554
843000 497.881 -12127.1 -71.4524
844000 498.545 -12188.5 1.66806
845000 500.394 -12187.9 56.8271
846000 501.208 -12132.9 -23.1039
847000 499.693 -12085.9 -59.1431
848000 501.824 -12154.3 147.153
849000 499.161 -12090.6 -76.0738
850000 500.885 -12058.1 -71.8686
851000 502.373 -12154.1 134.637
852000 501.218 -12094.9 -137.901
853000 499.652 -12171.6 105.338
854000 502.145 -12097.4 -32.6207
855000 498.966 -12062.6 -235.249
856000 500.996 -12225.8 36.2331
857000 500.007 -12223.8 37.9345
858000 502.198 -12092.6 -70.4653
859000 502.959 -12074.3 29.8897
860000 503.45 -12100 12.6498
861000 498.217 -12093.7 -12.6421
862000 500.197 -12179.8 -4.09892
863000 501.451 -12049 -8.73363
864000 503.32 -12067.7 35.9663
865000 498.61 -12240.7 75.2249
866000 498.821 -12228.4 -1.9587
867000 501.129 -12094.9 -31.5685
868000 501.04 -12154.6 -8.02973
869000 496.358 -12252.2 65.3742
870000 501.181 -12219 88.0011
871000 498.627 -12049.8 -138.873
872000 502.12 -12149.2 119.175
873000 500.31 -12052.6 -85.4367
874000 499.761 -12104 -67.5505
875000 500.75 -12123.6 49.388
876000 500.246 -12123.9 -128.015
877000 500.107 -12206.4 179.418
878000 498.171 -12115.2 -76.1212
879000 501.101 -12201.5 23.096
880000 500.805 -12168.5 17.0103
881000 500.146 -12152.8 52.0141
882000 495.938 -12079.6 -155.252
883000 500.546 -12155.9 76.5761
884000 500.87 -12107.6 -45.0201
885000 500.905 -12257.6 30.927
886000 502.884 -12190.7 59.3589
887000 501.225 -12000.7 36.6137
888000 503.092 -12001.8 -50.3049
889000 500.94 -12136.3 3.91756
890000 500.443 -12233.7 122.158
891000 499.654 -12059.5 -73.7071
892000 499.74 -12008.5 -81.6587
893000 500.883 -12087.8 31.0524
894000 496.317 -12135.5 -44.9169
895000 497.783 -12145.8 76.6676
896000 498.273 -12075.1 -27.5094
897000 500.332 -12119.8 60.5395
898000 503.406 -12038.2 -65.1867
899000 498.062 -12127.8 -22.2674
900000 496.958 -12219.3 177.297
901000 500.107 -12087.8 -145.658
902000 501.881 -12075.5 45.389
903000 500.48 -12083.5 -5.22977
904000 501.783 -12096.9 -28.7508
905000 500.419 -12157.8 9.22151
906000 498.686 -12159.7 -51.7843
907000 499.859 -12150.4 114.109
908000 502.058 -12000 -60.7538
909000 500.401 -12052.9 7.72764
910000 496.622 -12131.1 -66.5539
911000 501.223 -12164 77.2261
912000 500.091 -12106.5 -80.5336
913000 500.118 -12139 86.0837
914000 501.901 -12026.6 -50.1561
915000 500.217 -12143.6 26.6972
916000 497.245 -12221.4 68.8646
917000 500.584 -12145 -24.6221
918000 495.35 -12222.8 60.8894
919000 498.569 -12156.3 -45.9198
920000 500.183 -12154.7 -70.9048
921000 500.179 -12257 25.6231
922000 499.067 -12217 56.9171
923000 502.611 -12124.2 2.95181
924000 498.127 -12087.1 42.7045
925000 501.561 -12145.2 18.6274
926000 497.595 -12117.7 -137.079
927000 498.21 -12191.8 85.9847
928000 497.532 -12051.8 -85.2098
929000 502.004 -12057.3 45.0913
930000 503.046 -12239.1 122.133
931000 501.378 -12247.4 69.5095
932000 500.444 -12104.6 -61.1427
933000 501.639 -12147.9 19.2441
934000 498.935 -12240.7 -40.6936
935000 499.758 -12217.3 59.6681
936000 501.949 -12004.8 -74.7585
937000 502.528 -11946.4 -120.432
938000 501.89 -12087.5 12.3419
939000 501.018 -12090 10.6083
940000 498.382 -12116.6 22.9848
941000 501.504 -12156.8 7.44047
942000 500.317 -12149 -56.3046
943000 498.899 -12249.6 63.9902
944000 499.914 -12332.1 61.995
945000 499.736 -12157.1 -108.573
946000 504.313 -12080.8 27.4164
947000 498.781 -12057.8 2.47793
948000 498.884 -12076.2 13.6059
949000 498.959 -12210.5 -22.1068
950000 498.594 -12277.4 156.226
951000 500.423 -12078.1 -91.8367
952000 501.787 -12181.8 41.7241
953000 500.146 -12237 -2.21662
954000 499.964 -12180.7 -41.3138
955000 502.049 -12090.8 -12.9869
956000 499.669 -12150 87.5815
957000 499.523 -12121.7 -8.36789
958000 502.155 -12060.6 -63.4685
959000 498.226 -12182.3 -20.5452
960000 498.386 -12213.2 36.8126
961000 502.45 -12151.2 120.622
962000 495.52 -12091.9 -32.5143
963000 499.128 -12090.9 -35.4242
964000 502.81 -12073.9 9.12066
965000 502.093 -12155.7 148.787
966000 501.918 -12133.5 -153.864
967000 497.764 -12266.3 47.0628
968000 500.055 -12182.6 27.3374
969000 501.482 -12120.7 -80.2021
970000 501.59 -12130.4 57.076
971000 501.767 -12078.3 2.5254
972000 500.297 -12105 -26.0076
973000 502.356 -12094.4 -28.42
974000 499.131 -12295.1 133.25
975000 500.714 -12074.1 -130.845
976000 498.252 -12266.2 101.202
977000 499.195 -12260.6 47.145
978000 498.52 -12064.7 -146.203
979000 500.558 -12146 56.8207
980000 503.165 -12187.1 59.3129
981000 499.795 -12062 -54.2262
982000 500.649 -12103.5 36.8105
983000 499.255 -12021.9 -72.7811
984000 501.541 -12242.5 107.967
985000 500.649 -12160.9 -122.993
986000 504.177 -12065.7 47.1731
987000 500.134 -12119.3 25.7107
988000 500.8 -12029.1 -145.873
989000 499.438 -12155.5 73.7373
990000 501.638 -12165.7 26.2311
991000 502.405 -12176.1 24.9141
992000 499.976 -12080.4 10.4833
993000 500.748 -12009.6 -88.6543
994000 501.465 -12215.6 83.5287
995000 499.134 -12168.8 65.9436
996000 500.684 -12043.7 -172.571
997000 500.568 -12096.3 42.4224
998000 501.443 -12056.5 -4.18182
999000 500.636 -12130.4 -54.4904
1000000 502.114 -12139 69.744
1001000 499.831 -12099 24.5544
1002000 498.336 -12093 -72.2986
1003000 500.437 -12274.5 91.3624
1004000 499.429 -12092.5 -76.3715
1005000 500.226 -12053.6 9.44896
1006000 502.675 -12053 -46.1319
1007000 500.19 -12050.6 -14.6325
1008000 500.499 -12213.9 79.9614
1009000 501.445 -12205.8 89.9829
1010000 500.544 -12130.4 15.9507
1011000 504.313 -12136.3 -78.6903
1012000 500.427 -12240.8 12.6847
1013000 499.737 -12350.4 214.407
1014000 501.527 -12201.2 -108.335
1015000 500.731 -12071.2 -117.614
1016000 502.314 -12236.9 152.116
1017000 498.969 -12154.7 -32.3888
1018000 497.564 -12165.6 9.08966
1019000 498.411 -12195.2 64.3782
1020000 500.642 -12066.7 -94.445
1021000 499.703 -12117.6 47.5811
1022000 499.165 -12125.5 59.7655
1023000 497.998 -12173.9 -14.6104
1024000 499.732 -12145.2 -30.2194
1025000 500.8 -12113.5 45.4637
1026000 499.377 -12109.6 -13.6275
1027000 499.795 -12090.1 -59.0175
1028000 499.784 -12081.9 27.1721
1029000 503.888 -12097.1 -71.4422
1030000 498.332 -12262 85.4548
1031000 499.869 -12231.5 19.501
1032000 497.987 -12186.3 29.914
1033000 498.554 -12185 -88.5409
1034000 498.454 -12208.8 103.425
1035000 500.004 -12125 -75.5581
1036000 501.685 -12177.8 -21.9589
1037000 501.466 -12247.7 85.3825
1038000 498.481 -12183.4 -60.294
1039000 498.668 -12196.2 -19.2405
1040000 500.761 -12201.2 64.8499
1041000 497.324 -12196.4 -1.4858
1042000 498.799 -12124.3 -6.92212
1043000 498.58 -12147.4 -63.4734
1044000 504.141 -12071.4 52.9029
1045000 502.775 -12108.4 -32.7757
1046000 499.853 -12101.1 19.3248
1047000 500.731 -12136 -7.95911
1048000 501.129 -12097.6 -52.063
1049000 501.364 -12067.9 48.6064
1050000 501.488 -12116.6 35.3042
1051000 499.424 -12058.7 -127.175
1052000 500.206 -12125.9 90.3973
1053000 498.418 -12249 29.1876
1054000 498.366 -12136 -43.3593
1055000 499.907 -12119.3 -59.8669
1056000 500.817 -12321.7 235.994
1057000 499.253 -12171.2 -44.0377
1058000 496.58 -12158.3 17.6715
1059000 500.412 -12136.6 -55.6226
1060000 504.392 -12183.8 83.8786
1061000 495.892 -12216 17.5851
1062000 497.203 -12167.6 -68.9479
1063000 503.753 -12160.2 18.48
1064000 496.218 -12204.7 5.183
1065000 500.53 -12301.4 44.5272
1066000 501.759 -12284.2 107.446
1067000 501.511 -12126.9 39.0163
1068000 501.041 -12031.3 -45.8708
1069000 499.597 -12096 9.81256
1070000 498.835 -12136.6 59.6419
1071000 503.559 -11904.3 -57.1684
1072000 497.658 -12163.4 -80.633
1073000 499.952 -12175.1 42.7667
1074000 499.683 -12154.5 39.4268
1075000 499.93 -12135.8 40.7282
1076000 500.8 -12051.6 -63.6967
1077000 499.614 -12115.9 -11.7824
1078000 497.734 -12163.7 -1.45197
1079000 502.111 -12157 55.3205
1080000 498.812 -12133.8 -11.2309
1081000 498.992 -12035.9 -117.228
1082000 499.431 -12122.7 -3.18152
1083000 503.107 -12065.2 49.1233
1084000 500.809 -12107.5 -11.6884
1085000 502.111 -12100.5 2.82462
1086000 504.719 -12069.7 21.1985
1087000 501.772 -12135.1 -82.0923
1088000 501.672 -12149.3 73.6662
1089000 496.842 -12169.1 -43.2239
1090000 500.561 -12146.5 -107.651
1091000 501.971 -12134.3 109.229
1092000 501.905 -12127 -5.63046
1093000 500.924 -12133 -53.2319
1094000 499.93 -12018.5 -85.7161
1095000 501.851 -12147.8 119.18
1096000 497.107 -12160.3 -12.0824
1097000 499.023 -12230.7 72.8143
1098000 499.174 -12118.5 -89.398
1099000 497.708 -12101.2 -77.7563
1100000 499.123 -12182.4 -17.9582
1101000 500.811 -12179.8 44.696
1102000 497.427 -12149.2 -23.431
1103000 499.738 -12132.6 19.3799
1104000 498.489 -12075.2 -28.2892
1105000 498.428 -12212.8 43.3184
1106000 498.925 -12117.2 -67.3753
1107000 503.331 -12162.8 94.3874
1108000 501.259 -12172.4 3.27281
1109000 502.123 -11917.7 -123.474
1110000 500.126 -11999.2 93.6854
1111000 497.614 -12094.8 -28.6307
1112000 501.03 -12151.6 -23.5945
1113000 503.494 -12109.3 33.047
1114000 500.663 -12253 50.3288
1115000 500.828 -12276 144.612
1116000 502.426 -12028.5 19.805
1117000 500.597 -12057.7 -94.1426
1118000 497.592 -12221.5 47.9973
1119000 500.852 -12159.8 38.1649
1120000 502.414 -12129.3 -65.3156
1121000 498.305 -12184.9 -29.7082
1122000 504.334 -12232.4 127.558
1123000 502.351 -12159.5 -16.5756
1124000 499.814 -12159.4 -27.375
1125000 498.813 -12203 -10.0574
1126000 497.942 -12144.6 16.4862
1127000 499.106 -12128.5 -24.1323
1128000 500.292 -12176 -63.2803
1129000 500.983 -12189.7 117.542
1130000 499.687 -12062.5 -128.715
1131000 500.907 -12233.4 18.7991
1132000 500.37 -12275 88.9378
1133000 501.854 -12192.8 -15.6861
1134000 501.859 -12040.4 -77.7854
1135000 501.94 -12049.8 -98.7573
1136000 496.951 -12248 -28.0101
1137000 497.978 -12250.6 104.143
1138000 502.548 -12062.7 53.6809
1139000 497.442 -12035.4 -177.718
1140000 498.228 -12212.6 97.4976
1141000 501.558 -12090.8 32.7544
1142000 498.429 -12044.1 -70.1074
1143000 500.994 -11996.5 -49.2399
1144000 499.833 -12271.7 37.8639
1145000 497.069 -12303.3 46.8516
1146000 498.823 -12258.4 -13.9396
1147000 500.085 -12232.2 57.5009
1148000 497.319 -12129.9 42.2047
1149000 498.863 -12074.1 -103.699
1150000 498.669 -12154.4 -13.8056
1151000 500.296 -12102.4 9.65074
1152000 502.649 -12160 101.89
1153000 498.479 -12146.2 -21.6853
1154000 498.563 -12124.5 -37.4065
1155000 502.453 -12146.3 -33.321
1156000 500.468 -12222.8 145.606
1157000 496.434 -12116.4 -60.2895
1158000 501.347 -12008.9 -54.2631
1159000 500.048 -12088.1 10.3357
1160000 498.191 -12209.7 39.9735
1161000 500.859 -12144.1 -83.1534
1162000 501.946 -12122.5 -14.9156
1163000 502.453 -12246.6 97.5893
1164000 500.487 -12123.4 -36.8342
1165000 501.562 -12091.3 -78.0762
1166000 498.144 -12196 89.2605
1167000 502.463 -12239.9 159.056
1168000 499.429 -12099.1 -61.3328
1169000 500.281 -12058.7 -69.7883
1170000 500.257 -12171.9 142.518
1171000 500.797 -12135.9 -95.442
1172000 501.73 -12144.4 98.1576
1173000 500.163 -12094.7 8.45627
1174000 501.748 -12031.8 -81.2214
1175000 500.044 -12068.5 18.6802
1176000 500.431 -12136.6 11.5206
1177000 498.11 -12242.7 62.3416
1178000 498.419 -12169.2 -4.79777
1179000 499.954 -12053.8 -81.6725
1180000 499.173 -12244.2 28.2238
1181000 501.693 -12207.1 41.285
1182000 499.995 -12045.5 -132.898
1183000 504.436 -12030 104.019
1184000 499.256 -12116.7 -68.7129
1185000 500.487 -12084.8 -2.77806
1186000 502.086 -12166.6 -12.1699
1187000 500 -12034.4 33.2687
1188000 498.935 -12058.2 -92.0674
1189000 500.207 -12221 129.875
1190000 496.676 -12161.4 -11.8695
1191000 500.675 -12108.2 19.025
1192000 497.544 -11987.2 -159.994
1193000 500.294 -12055.8 42.3055
1194000 496.502 -12137 -14.932
1195000 499.129 -12230.9 31.9099
1196000 495.989 -12135.1 -97.2033
1197000 502.059 -12028.7 -3.33808
1198000 500.273 -12071 14.6348
1199000 502.082 -12078.3 55.0229
1200000 496.707 -12142.2 -115.736
1201000 499.531 -12190 71.7467
1202000 497.847 -12218.6 -6.44081
1203000 497.302 -12174.1 -8.80886
1204000 497.143 -12136.8 -86.1877
1205000 500.665 -12242.7 136.947
1206000 496.686 -12234 21.3086
1207000 501.84 -12082.6 -53.5036
1208000 500.031 -12172.4 69.5263
1209000 499.737 -12146.4 -53.0073
1210000 500.624 -12102.2 -12.0615
1211000 501.577 -12150.3 44.4755
1212000 498.298 -12114 -50.9016
1213000 499.887 -12116.5 136.328
1214000 503.572 -11980 -115.23
1215000 501.739 -12031.3 -56.4261
1216000 500.486 -12280.6 110.297
1217000 499.469 -12245 68.6832
1218000 500.755 -12068.1 1.55151
1219000 499.46 -12085.2 -74.0485
1220000 499.673 -12161.5 6.96546
1221000 501.255 -12116.1 -31.1152
1222000 501.066 -12167.1 101.386
1223000 501.124 -12141.7 -67.5242
1224000 499.503 -12095.4 15.2176
1225000 500.903 -12213.4 81.4175
1226000 501.108 -12171.4 32.1611
1227000 499.08 -12181.5 79.2934
1228000 499.834 -12029.9 -142.624
1229000 497.327 -12183.3 -2.95163
1230000 501.253 -12093.4 73.0464
1231000 502.611 -12020.2 -65.6559
1232000 502.544 -12134.6 48.7202
1233000 498.848 -12141.5 -20.4227
1234000 499.048 -12250.7 30.4218
1235000 500.146 -12263 137.668
1236000 499.064 -12150.3 -167.016
1237000 502.941 -12134.1 62.845
1238000 500.189 -12135 47.333
1239000 497.503 -11958.3 -116.402
1240000 503.842 -12060.7 50.7249
1241000 501.69 -12112.9 -33.2099
1242000 497.431 -12187.7 -25.8787
1243000 501.086 -12171.1 21.5922
1244000 500.79 -12197.4 112.171
1245000 501.444 -12079.3 -97.9678
1246000 500.576 -12179.9 -25.358
1247000 500.512 -12269 152.748
1248000 499.185 -12201.7 44.5465
1249000 497.567 -12163.5 -135.277
1250000 500.373 -12246 24.0093
1251000 499.331 -12271.3 17.5214
1252000 497.387 -12246.4 25.0863
1253000 497.58 -12257.6 13.4608
1254000 499.623 -11978.5 -154.389
1255000 499.157 -12222.7 -23.2193
1256000 499.454 -12220.5 -7.82531
1257000 500.45 -12196 129.717
1258000 495.389 -12062.3 -210.375
1259000 500.241 -12186.5 103.669
1260000 503.085 -12079.1 -41.3397
1261000 501.327 -12032.1 -91.3825
1262000 500.362 -12133.7 110.822
1263000 502.598 -12048 21.7366
1264000 500.249 -12088 -65.4881
1265000 501.175 -12172.2 31.5999
1266000 500.037 -12183.1 39.7381
1267000 499.027 -12087 -59.1823
1268000 498.145 -12173.7 15.0494
1269000 496.913 -12248.1 27.7035
1270000 497.584 -12072.6 -12.4644
1271000 501.191 -12125.2 38.5677
1272000 502.955 -12103.4 -60.3831
1273000 496.356 -12104.3 -4.21584
1274000 501.305 -12131.1 52.1176
1275000 500.169 -12180 -39.646
1276000 498.273 -12258.7 68.608
1277000 496.196 -12204.7 -30.9004
1278000 498.918 -12104.4 -62.4105
1279000 501.131 -12057.1 44.9639
1280000 501.652 -12018.5 -40.7838
1281000 499.372 -12009.2 -117.906
1282000 500.777 -12127.1 -0.638714
1283000 497.709 -12212.4 35.6272
1284000 501.651 -12158.1 93.3027
1285000 499.971 -12041.4 -102.228
1286000 498.137 -11996.9 -46.1558
1287000 501.222 -12079 45.458
1288000 498.667 -12169.6 -51.5258
1289000 499.801 -12117.9 37.305
1290000 498.161 -12123.2 15.4166
1291000 498.963 -12178.3 -4.28081
1292000 501.511 -12040.2 -46.2004
1293000 500.357 -12243.7 50.9588
1294000 499.091 -12234.8 55.9757
1295000 497.737 -12160.7 70.8302
1296000 501.984 -12041.3 -25.2287
1297000 499.195 -12074.4 -57.0912
1298000 503.421 -12081 48.9778
1299000 497.027 -12196.1 -71.4939
1300000 501.88 -12108.9 48.6212
1301000 500.367 -12110.9 62.9563
1302000 499.624 -12091.4 -124.673
1303000 499.013 -12186.2 43.3598
1304000 501.609 -12186.5 -1.8412
1305000 502.621 -12208.2 -13.6972
1306000 499.351 -12212.2 17.5614
1307000 498.993 -12058.4 -140.031
1308000 502.355 -12113.7 -15.0473
1309000 501.771 -12109.1 42.5329
1310000 499.32 -12162.2 -28.6137
1311000 499.578 -12213.9 57.4152
1312000 499.849 -11978.1 -137.511
1313000 500.223 -12078.4 0.786017
1314000 497.032 -12167.1 -5.59021
1315000 500.48 -12146.7 14.4195
1316000 500.488 -12195.8 -5.92896
1317000 498.704 -12144.3 -52.689
1318000 499.209 -12170.6 69.452
1319000 497.039 -12206.1 -62.0159
1320000 503.22 -12102.7 11.1535
1321000 498.12 -12292.1 81.6246
1322000 500.172 -12243.2 47.0993
1323000 500.324 -12072.3 -85.4654
1324000 501.473 -12171.2 -45.8368
1325000 498.677 -12307.1 122.043
1326000 499.368 -12271.1 76.5722
1327000 499.937 -12164.1 -55.0706
1328000 501.718 -12153.1 22.7492
1329000 501.033 -12177.3 36.715
1330000 499.584 -12075.1 -147.154
1331000 500.684 -12123.5 9.10392
1332000 500.153 -12107 78.0524
1333000 498.554 -12081.7 -93.076
1334000 501.342 -12102.8 1.56222
1335000 498.486 -12137.3 12.1536
1336000 502.714 -12233.6 132.558
1337000 501.535 -12205 107.041
1338000 498.984 -12040.9 -160.935
1339000 500.542 -12135 28.2682
1340000 498.028 -12237.8 -17.026
1341000 499.056 -12255.9 127.136
1342000 500.807 -12066.2 -61.7549
1343000 500.429 -12015.3 -50.4088
1344000 500.871 -12116.6 9.99199
1345000 498.447 -12179.2 -29.3947
1346000 500.676 -12125.2 24.1078
1347000 500.126 -12088.6 21.689
1348000 502.532 -12048.8 2.96689
1349000 500.626 -12038.8 -46.7039
1350000 499.801 -12107.1 7.8589
1351000 499.898 -12233.1 48.6574
1352000 499.67 -12075.4 -39.7957
1353000 500.706 -12098 -47.2527
1354000 498.597 -12229.5 74.5875
1355000 500.401 -12149.5 -45.5704
1356000 501.25 -12122.5 57.3514
1357000 502.353 -12075.3 -54.1869
1358000 499.445 -12148.2 70.7784
1359000 502.059 -12127.8 -77.2735
1360000 499.813 -12221.6 64.9015
1361000 502.702 -12245.4 58.7655
1362000 497.989 -12112 -54.4795
1363000 497.902 -12108.7 -15.5006
1364000 501.922 -12158.1 -25.5567
1365000 501.454 -12254.5 -26.4534
1366000 497.766 -12345.3 85.405
1367000 498.494 -12170.2 75.9583
1368000 500.616 -12079.8 -84.1926
1369000 502.429 -12118 48.645
1370000 502.336 -12161.9 25.0765
1371000 500.049 -12174.9 -22.4143
1372000 500.675 -12229.8 122.36
1373000 500.372 -12106.1 -70.1749
1374000 502.384 -12035.2 -25.2712
1375000 501.661 -12200.7 -3.56114
1376000 499.545 -12197.4 91.2899
1377000 498.927 -12223.3 25.2078
1378000 497.656 -12098.5 -21.8922
1379000 500.544 -12113.3 -22.3909
1380000 501.137 -12098.1 107.005
1381000 500.831 -12038.7 -189.864
1382000 498.772 -12191.8 127.749
1383000 497.954 -12094 -48.9579
1384000 498.164 -12117.4 -56.8486
1385000 501.513 -12179.2 -6.0061
1386000 499.153 -12197.2 79.463
1387000 499.449 -12133.9 -45.7485
1388000 501.092 -12152 -43.2889
1389000 497.638 -12191.2 143.831
1390000 500.079 -12114.5 -97.7856
1391000 498.989 -12203.7 71.552
1392000 503.696 -12060 -12.4352
1393000 495.82 -12173.7 -34.2012
1394000 500.802 -12058.6 -5.56042
1395000 502.148 -12115.6 21.5035
1396000 499.613 -12117 1.20411
1397000 496.425 -12127.9 -40.9545
1398000 498.942 -12126.5 46.7383
1399000 501.115 -12144.9 0.198558
1400000 495.627 -12205.6 -81.996
1401000 499.702 -12237.4 78.9582
1402000 501.86 -12174 40.9898
1403000 498.465 -12171.3 23.4569
1404000 501.037 -12082.8 33.5281
1405000 502.973 -11998.5 -94.5075
1406000 499.969 -12272.5 160.333
1407000 498.184 -12274.2 143.308
1408000 499.078 -12128.6 -32.0583
1409000 500.798 -12131.9 -101.882
1410000 502.689 -12151.8 106.714
1411000 503.051 -12075.1 27.6621
1412000 502.281 -12155.7 0.298604
1413000 500.628 -12115.4 52.2797
1414000 498.234 -12033.4 -115.678
1415000 499.722 -12131.2 8.50942
1416000 498.91 -12177.6 36.7708
1417000 502.592 -12074.8 -56.5037
1418000 499.045 -12076 -89.605
1419000 500.64 -12283 119.566
1420000 499.954 -12188 -11.1691
1421000 500.724 -12089.2 -67.8733
1422000 500.375 -12144.8 15.8573
1423000 499.421 -12200.1 -17.467
1424000 499.675 -12311.7 170.395
1425000 500.169 -12091.8 -54.3909
1426000 501.891 -12097.4 -32.2317
1427000 503.264 -12110.9 47.6695
1428000 500.852 -12074.1 -36.0464
1429000 499.706 -12114.4 -10.8583
1430000 500.444 -12096.2 85.548
1431000 500.026 -12053.2 -140.208
1432000 498.852 -12154.6 14.1745
1433000 497.671 -12282.5 104.301
1434000 498.698 -12146.2 -83.488
1435000 503.255 -12167.5 14.7717
1436000 497.763 -12215.2 107.301
1437000 499.021 -12107.7 -113.083
1438000 501.09 -12128.3 99.5478
1439000 498.865 -12107.1 -121.986
1440000 500.987 -12212.1 42.2685
1441000 499.708 -12233.5 72.0125
1442000 498.061 -12204.8 -158.248
1443000 501.263 -12274.7 160.528
1444000 497.825 -12173.2 -48.7204
1445000 498.537 -12186.3 23.571
1446000 499.527 -12167 -48.0123
1447000 498.51 -12301.5 142.866
1448000 502.378 -12077.2 -122.837
1449000 499.584 -12143.6 82.6698
1450000 500.854 -12129.5 -63.3686
1451000 499.328 -12170.7 12.7185
1452000 499.014 -12173.2 23.8644
1453000 498.182 -12101 -120.83
1454000 499.954 -12206.6 52.3174
1455000 498.962 -12235.1 -7.7182
1456000 500.02 -12256.9 35.9026
1457000 498.909 -12190.4 -119.604
1458000 501.381 -12188.3 120.869
1459000 501.987 -12143.5 -23.738
1460000 497.803 -12163.8 -38.0905
1461000 497.245 -12188.8 -46.6189
1462000 497.699 -12280.1 218.173
1463000 499.176 -12167.5 42.4138
1464000 497.291 -12180 -63.0564
1465000 501.552 -12142.7 8.12784
1466000 497.055 -12175.8 -4.1408
1467000 500.551 -12124.2 2.18237
1468000 501.231 -12156.3 8.77066
1469000 502.702 -11999.1 -41.8311
1470000 499.461 -11878.9 -113.73
1471000 499.993 -12056.3 -37.5846
1472000 500.399 -12216.7 126.159
1473000 499.774 -12103.3 -30.1125
1474000 497.713 -12042.4 -47.5447
1475000 501.141 -12156.9 79.3457
1476000 500.065 -12236.6 10.9716
1477000 501.24 -12197.8 5.42649
1478000 500.825 -12181.9 35.8634
1479000 499.062 -12100.7 -1.52695
1480000 498.816 -12012.8 -86.6878
1481000 500.596 -12096.8 8.24644
1482000 500.847 -12087.8 -14.1656
1483000 500.537 -12076.9 31.5991
1484000 497.386 -12145.2 -1.01969
1485000 500.429 -12140 24.5208
1486000 499.653 -11986.2 -95.8373
1487000 498.738 -12015.7 -49.5858
1488000 504.043 -12132.1 116.978
1489000 500.077 -12116 -42.1625
1490000 499.637 -12169.8 45.9452
1491000 497.499 -12084.4 -129.505
1492000 502.889 -12205.9 207.221
1493000 501.345 -12192 -53.6242
1494000 499.311 -12171.1 16.402
1495000 499.184 -12227.8 -60.4154
1496000 499.913 -12207.7 31.5386
1497000 500.238 -12239.3 -21.7159
1498000 498.371 -12327.9 94.6875
1499000 502.644 -12070.4 -129.052
1500000 499.186 -12196.4 35.0186
1501000 501.711 -12152.2 19.6893
1502000 498.605 -12175.1 67.582
1503000 501.839 -11980.3 -123.107
1504000 497.948 -12137.2 -103.919
1505000 499.049 -12274 85.2616
1506000 496.185 -12191.1 -6.77192
1507000 500.307 -12157.9 -58.8777
1508000 501.778 -12232.1 92.3442
1509000 495.775 -12147 -32.8093
1510000 502.345 -12122.4 85.1077
1511000 498.394 -12189.4 -16.9468
1512000 503.167 -12079.8 -82.0267
1513000 500.71 -12126.3 9.6586
1514000 502.285 -12264 112.309
1515000 504.189 -12137.9 -61.0215
1516000 499.413 -12176.1 -30.3355
1517000 498.454 -12265.8 107.125
1518000 497.783 -12268 -56.074
1519000 497.337 -12260.3 9.95988
1520000 499.969 -12143.4 1.8065
1521000 500.071 -12102.2 -26.6538
1522000 504.256 -12133.1 95.3194
1523000 497.987 -12277.4 30.776
1524000 499.51 -12229.2 -20.3256
1525000 502.105 -12193.7 24.3858
1526000 495.492 -12289.9 43.9953
1527000 497.727 -12211.8 -55.56
1528000 498.273 -12194.2 -17.885
1529000 498.284 -12221.8 95.3383
1530000 501.697 -12072 -48.2695
1531000 503.773 -12027.2 -72.5523
1532000 500.324 -12223.3 157.624
1533000 500.062 -12227.8 92.1806
1534000 499.88 -12124.5 -16.5928
1535000 495.558 -12168.9 -3.06252
1536000 498.573 -12133.4 -26.8519
1537000 499.743 -12234.4 78.928
1538000 502.236 -12106.3 -38.8177
1539000 500.167 -12015.6 -78.8912
1540000 499.823 -12089.3 19.6929
1541000 499.051 -12228.7 102.856
1542000 500.468 -12175.5 41.2103
1543000 499.419 -12045.9 -63.1412
1544000 499.793 -12158.3 -57.4405
1545000 500.835 -12257.5 144.955
1546000 498.657 -12108 -52.3379
1547000 499.919 -12104.5 -36.1289
1548000 501.598 -12125.8 92.4787
1549000 498.947 -12155.9 -39.1262
1550000 498.339 -12087.9 -59.8777
1551000 500.584 -12232.2 84.7026
1552000 501.833 -12151.3 -40.5043
1553000 502.569 -12036.7 -39.568
1554000 501.068 -12045.5 5.37834
1555000 502.425 -12099.1 -15.1023
1556000 501.406 -12065.5 -3.70115
1557000 500.852 -12046 74.2113
1558000 501.115 -11997.1 -70.8752
1559000 500.76 -12096.9 -9.23045
1560000 498.739 -12156.9 37.0402
1561000 499.328 -12220.3 7.3928
1562000 497.313 -12223.1 -78.2612
1563000 499.769 -12316.3 161.668
1564000 500.848 -12160.1 16.124
1565000 498.471 -12128.9 -59.8759
1566000 499.919 -12132.9 -2.23146
1567000 503.209 -12156.8 96.1049
1568000 498.155 -12254.1 45.4207
1569000 499.079 -12166.6 6.91959
1570000 501.461 -12018 -191.107
1571000 500.727 -12110.7 -36.576
1572000 499.367 -12230.8 71.4413
1573000 498.561 -12228.9 45.1039
1574000 500.817 -11988.5 -106.337
1575000 499.973 -12130.2 -4.04591
1576000 499.097 -12246.8 110.897
1577000 500.892 -12140.4 -14.0853
1578000 498.865 -12128.1 34.6382
1579000 499.858 -12016.6 -37.4167
1580000 499.871 -12036.2 -101.513
1581000 503.646 -12233.6 81.1148
1582000 499.608 -12126.6 3.37664
1583000 498.295 -12093 -81.8799
1584000 499.211 -12138.7 -47.9414
1585000 496.637 -12242.7 101.313
1586000 499.637 -12190.5 11.992
1587000 500.317 -12177 -23.4256
1588000 501.916 -12255.2 110.391
1589000 498.563 -12155.9 -138.778
1590000 503.053 -11977.5 -10.4485
1591000 498.387 -12229.1 61.5066
1592000 502.621 -12262.8 43.8801
1593000 498.815 -12172.4 -118.418
1594000 499.123 -12145 69.5682
1595000 498.578 -12108 -54.5866
1596000 497.955 -12232.7 1.58094
1597000 503.538 -12189.9 57.0748
1598000 498.268 -12087.9 1.51862
1599000 499.39 -12133.2 34.317
1600000 499.66 -12128.2 -117.693
1601000 500.651 -12218.7 106.284
1602000 498.572 -12165 -35.0178
1603000 496.931 -12240.1 58.7617
1604000 502.563 -12072.1 -12.4949
1605000 496.761 -12117 -102.208
1606000 503.293 -12195.5 100.083
1607000 500.443 -12180.7 -23.7862
1608000 497.727 -12220.5 8.42941
1609000 497.373 -12245.6 18.0844
1610000 503.444 -12060.9 -19.4185
1611000 501.266 -11998.8 -39.7093
1612000 499.161 -12086.4 -49.6175
1613000 502.59 -12177.5 27.6397
1614000 498.905 -12243.3 72.1248
1615000 500.848 -12071.7 61.9589
1616000 498.316 -12035 -67.1755
1617000 498.255 -12181.8 61.0165
1618000 500.347 -12105.6 -42.5245
1619000 498.694 -12158 -92.3069
1620000 500.272 -12333.1 228.545
1621000 500.208 -12189.3 -39.4827
1622000 495.653 -12316.9 -49.7553
1623000 498.518 -12304.8 136.147
1624000 496.948 -12222.8 23.799
1625000 501.96 -12035.4 -68.6738
1626000 498.67 -12129.6 98.502
1627000 498.209 -12090.4 -65.3291
1628000 500.995 -12131.1 81.4189
1629000 498.659 -12235.2 68.0069
1630000 502.157 -12115.3 -37.8682
1631000 501.631 -12072.3 -14.1897
1632000 500.99 -12217.6 54.8085
1633000 500.057 -12187.9 53.1767
1634000 497.763 -12181 -76.4286
1635000 500.956 -12127.1 56.628
1636000 501.334 -12092.3 6.51958
1637000 499.361 -12033.9 -10.6902
1638000 502.966 -11906.6 -103.571
1639000 496.711 -12196 24.5271
1640000 498.281 -12147 -9.30006
1641000 500.293 -12203.6 -13.4558
1642000 499.23 -12233.8 110.882
1643000 497.652 -12112.2 -188.671
1644000 501.532 -12213.4 75.3713
1645000 496.716 -12119.7 -20.8386
1646000 498.98 -12205.5 -19.7605
1647000 501.082 -12213.5 159.675
1648000 505.473 -12015.7 -2.6272
1649000 496.647 -12077.9 -79.4379
1650000 498.614 -12196 33.021
1651000 498.515 -12200.3 38.1039
1652000 498.958 -11961.6 -108.268
1653000 498.056 -12057.4 -27.2699
1654000 500.183 -12190.1 -27.1326
1655000 498.863 -12174.9 12.3662
1656000 499.462 -12202.6 31.7884
1657000 498.596 -12114.6 -67.2089
1658000 501.667 -12180 54.4878
1659000 499.06 -12234.2 75.5264
1660000 502.857 -12116.5 -42.0262
1661000 501.879 -12216 48.7341
1662000 501.864 -12075.2 -62.9379
1663000 501.312 -12014 -162.855
1664000 502.045 -12109.6 111.296
1665000 501.126 -12130.9 3.25546
1666000 501.229 -12095.4 -41.3775
1667000 499.183 -12098.8 -76.475
1668000 497.003 -12222 124.325
1669000 500.384 -12139.4 26.4334
1670000 501.184 -12113.9 -29.4239
1671000 498.365 -12090.9 -60.7512
1672000 501.513 -12159 84.7432
1673000 499.332 -12162.5 10.1362
1674000 500.196 -12133.4 -48.862
1675000 501.499 -12090.9 133.698
1676000 500.226 -11976.9 -37.0802
1677000 498.338 -12042.8 -104.868
1678000 500.798 -12120.2 54.2275
1679000 498.182 -12174.5 19.474
1680000 497.101 -12135 -7.91771
1681000 500.44 -12194.7 -4.08268
1682000 503.698 -12271.1 181.75
1683000 498.019 -12121.7 52.4479
1684000 499.67 -12000.5 -137.633
1685000 500.809 -12156.6 84.3661
1686000 500.264 -12003 -73.7336
1687000 501.449 -12082.4 23.0542
1688000 503.374 -12148 -16.6688
1689000 500.339 -12185.4 79.596
1690000 501.176 -12129 -141.697
1691000 502.12 -12098.3 38.9962
1692000 497.718 -12208.1 75.6373
1693000 501.77 -12056.6 -119.958
1694000 499.799 -12076.8 16.1776
1695000 499.1 -12121 1.18772
1696000 500.873 -12061.4 -57.5217
1697000 498.852 -12191.4 40.0563
1698000 497.897 -12177.9 48.7591
1699000 501.377 -12026.4 54.7644
1700000 499.11 -12018.5 -123.532
1701000 501.431 -12152.2 45.579
1702000 501.324 -12132.4 2.91393
1703000 500.091 -12073.4 -1.78541
1704000 499.722 -12047.8 -96.1781
1705000 503.298 -12138.4 -44.585
1706000 500.218 -12278.9 53.5384
1707000 497.668 -12295.5 35.1718
1708000 499.443 -12125.1 -13.4921
1709000 499.137 -12062.3 -68.0159
1710000 502.981 -12189.3 35.13
1711000 497.142 -12211.9 -41.2283
1712000 499.368 -12161.4 52.0822
1713000 500.839 -12111.4 12.2524
1714000 497.359 -12216.5 -46.7941
1715000 499.369 -12259.5 19.2303
1716000 497.419 -12332.9 94.7038
1717000 499.699 -12174.8 -10.8376
1718000 502.127 -12040.8 -87.0246
1719000 500.572 -12086.6 10.3623
1720000 500.159 -12219.3 201.434
1721000 501.206 -12122.9 3.00087
1722000 500.23 -12146.4 -24.6017
1723000 500.865 -12135.4 28.1534
1724000 499.966 -12244.6 98.1755
1725000 499.631 -11987.7 -41.4493
1726000 500.112 -12043.2 -32.4019
1727000 500.199 -12153.6 45.2593
1728000 502.064 -12076.2 -8.53865
1729000 498.757 -12005.4 -147.812
1730000 500.244 -11994.1 2.39842
1731000 501.721 -12164.1 15.8818
1732000 501.38 -12201 55.2222
1733000 500.317 -12076.4 -56.5277
1734000 499.873 -12033.9 16.8941
1735000 499.302 -12014.1 -133.119
1736000 499.784 -12286 99.6853
1737000 499.476 -12208.7 79.1652
1738000 500.478 -11976.3 -135.257
1739000 499.316 -12144.2 13.2973
1740000 499.828 -12166 81.9418
1741000 500.605 -12092.8 -85.5991
1742000 501.173 -11952.3 -173.023
1743000 498.793 -12151.9 67.2344
1744000 500.422 -12184.4 8.12038
1745000 502.245 -12090.2 -1.50448
1746000 497.776 -12054.7 -57.2535
1747000 499.358 -12169.1 36.358
1748000 498.915 -12253.5 17.4427
1749000 496.364 -12256 24.7908
1750000 500.118 -12090.4 -79.736
1751000 499.444 -12059.8 -140.869
1752000 498.622 -12235.8 134.679
1753000 496.902 -12261.2 -52.0825
1754000 499.54 -12186.7 47.6073
1755000 499.508 -12131 -46.4609
1756000 500.768 -12112.1 61.5978
1757000 502.575 -11894.5 -130.9
1758000 499.53 -12118.9 -29.7163
1759000 498.558 -12205.6 51.1347
1760000 501.072 -12104.7 -67.6207
1761000 500.485 -12117.7 -57.2593
1762000 501.473 -12136.2 122.472
1763000 501.656 -11949.2 -53.4983
1764000 498.474 -11978.8 -52.9492
1765000 502.056 -12011 -7.06525
1766000 500.121 -12161.5 22.8897
1767000 498.883 -12128.2 -32.8503
1768000 498.469 -12080.8 -73.5375
1769000 502.717 -12094.3 128.598
1770000 501.722 -12034.3 -98.2122
1771000 502.561 -12051.9 32.4647
1772000 501.017 -12145.9 92.3693
1773000 500.708 -12228 47.4854
1774000 500.93 -12075.1 -79.0684
1775000 501.405 -12105.3 13.3258
1776000 500.92 -12233.9 223.785
1777000 499.955 -12153.4 -42.0065
1778000 500.227 -12026.2 -15.2488
1779000 503.947 -11973.6 -31.5887
1780000 500.639 -12056.1 36.1185
1781000 498.709 -12107 -20.7272
1782000 503.578 -12151.2 120.023
1783000 499.692 -12132.5 -24.7151
1784000 502.119 -11992.2 -18.4838
1785000 500.886 -12166.2 -43.608
1786000 497.915 -12258.3 -20.3498
1787000 499.547 -12182.4 52.6114
1788000 498.765 -12210 -11.7674
1789000 500.531 -12248.2 60.4035
1790000 500.94 -12047.6 -71.0736
1791000 502.561 -12037.2 7.40265
1792000 500.797 -12122.4 -48.0955
1793000 498.058 -12172.4 62.3288
1794000 499.226 -12192.1 -31.6402
1795000 501.842 -12093.4 -16.5669
1796000 499.955 -12059.6 -2.3466
1797000 499.969 -12000.1 -101.532
1798000 503.882 -11974.7 -9.24139
1799000 501.219 -12187.7 39.988
1800000 499.399 -12178.2 73.8104
1801000 498.389 -12183.2 -34.264
1802000 499.658 -12205.9 -18.7338
1803000 499.611 -12221.5 27.8697
1804000 500.044 -12138.7 -10.7416
1805000 498.431 -12120.6 -103.53
1806000 497.541 -12131.3 -11.9301
1807000 501.749 -12126.2 69.9096
1808000 501.858 -12135.8 -36.0043
1809000 500.948 -12158.2 4.05106
1810000 500.181 -12226.5 136.745
1811000 499.214 -12119.5 -94.3166
1812000 500.486 -12112.7 -33.8561
1813000 497.459 -12162.4 -5.90821
1814000 498.881 -12218.7 119.98
1815000 499.98 -12101.6 -89.2348
1816000 501.414 -12196.5 99.5516
1817000 500.025 -12064.1 -172.796
1818000 500.694 -12120.3 95.6473
1819000 498.103 -12267.3 25.9801
1820000 500.384 -12213.1 37.7505
1821000 500.345 -12216.7 -12.3384
1822000 499.323 -12135.5 -21.9866
1823000 500.488 -12175.9 -73.616
1824000 503.348 -12216.2 91.4638
1825000 494.802 -12226.6 -47.1085
1826000 502.113 -12133.3 35.894
1827000 498.617 -12185.2 -31.8751
1828000 500.801 -12164.4 51.8137
1829000 500.756 -12084.6 2.93896
1830000 498.461 -12160.9 -35.7241
1831000 497.751 -12220.4 27.7454
1832000 497.624 -12298.7 139.129
1833000 501.538 -12109.4 -47.7512
1834000 500.476 -12202 33.1947
1835000 500.1 -12093 -19.1469
1836000 499.202 -12205.4 -12.2403
1837000 500.859 -12185.1 69.1711
1838000 502.723 -12097.8 86.5871
1839000 501.277 -12030.7 -159.572
1840000 495.541 -12197.6 16.8233
1841000 499.507 -12175.9 -0.48839
1842000 500.137 -12169.5 81.758
1843000 501.193 -12235.4 -46.7964
1844000 498.022 -12136.6 -73.7228
1845000 498.858 -12243.8 86.3206
1846000 498.259 -12218.9 -3.757
1847000 503.328 -12110.7 -28.7592
1848000 502.14 -12129.7 87.427
1849000 499.781 -12065.2 -112.103
1850000 497.366 -12069.1 -64.3779
1851000 501.452 -12165.7 45.0755
1852000 499.327 -12189.1 -5.85271
1853000 499.075 -12250.5 57.3666
1854000 498.342 -12215 -24.3354
1855000 499.713 -12105.3 -51.4728
1856000 499.604 -12185.8 49.0504
1857000 499.104 -12186.1 14.7724
1858000 500.671 -12154.5 15.8612
1859000 497.957 -12131 -49.5836
1860000 497.95 -12101.2 -58.7036
1861000 502.553 -12164.8 108.134
1862000 501.124 -12180.3 -8.21084
1863000 498.017 -12148.6 -27.1337
1864000 500.033 -12149.2 27.1843
1865000 502.346 -12113.8 6.48821
1866000 500.996 -12194.9 64.6205
1867000 495.664 -12140.4 -137.905
1868000 500.494 -12073.9 23.1288
1869000 499.291 -12145.5 41.7207
1870000 500.726 -12193.8 -3.34755
1871000 495.445 -12244.3 107.893
1872000 497.177 -12116.3 -88.8901
1873000 503.202 -12122.2 70.8855
1874000 501.37 -12099.3 -40.034
1875000 501.22 -12060.5 -33.6528
1876000 501.689 -12124.8 72.6103
1877000 499.448 -12164.9 -29.0273
1878000 498.955 -12248.8 100.554
1879000 501.392 -12061.8 -9.42129
1880000 501.234 -12043.8 33.8139
1881000 499.903 -12032.3 -90.3763
1882000 501.427 -12162.9 173.298
1883000 501.653 -12066.9 -36.5878
1884000 502.745 -12071.3 -11.7349
1885000 499.021 -12191.3 -1.00913
1886000 498.066 -12157.9 46.8215
1887000 498.362 -12185.9 39.8522
1888000 499.623 -12124.8 28.5393
1889000 496.657 -12132.2 -66.212
1890000 500.057 -12147.2 37.5403
1891000 503.613 -12008.4 38.5837
1892000 500.55 -11994.7 -78.0941
1893000 500.035 -12100.9 -64.7499
1894000 499.484 -12207.1 38.9078
1895000 500.574 -12190.9 66.408
1896000 500.695 -12135.7 -133.338
1897000 500.822 -12184.6 102.546
1898000 500.09 -12151.6 14.1834
1899000 499.289 -11984.1 -143.599
1900000 500.575 -12160.9 58.5012
1901000 499.052 -12152.5 -32.5963
1902000 499.668 -12085.4 -87.161
1903000 498.935 -12223.9 70.6703
1904000 500.135 -12178.8 76.2984
1905000 499.699 -12047.9 -149.006
1906000 501.718 -12112.4 116.844
1907000 498.475 -12155 -82.476
1908000 498.064 -12253.4 48.4088
1909000 498.878 -12252.5 24.8179
1910000 497.677 -12141.1 -70.4412
1911000 500.977 -12195.8 75.7676
1912000 499.571 -12221.1 -28.3765
1913000 498.818 -12258.4 -17.7636
1914000 498.819 -12183.6 -11.708
1915000 499.963 -12205.8 52.2486
1916000 504.146 -12073.2 -31.7724
1917000 498.638 -12178.2 -99.6801
1918000 498.462 -12276.7 206.275
1919000 499.94 -12075 -54.3292
1920000 498.302 -12184.4 -28.9144
1921000 502.674 -12276.8 63.2459
1922000 496.779 -12197.6 1.01214
1923000 497.928 -12108.6 -82.9378
1924000 502.026 -12072.7 -25.594
1925000 500.548 -12209.6 25.5768
1926000 501.29 -12166.7 -42.1202
1927000 499.829 -12174.3 -14.3071
1928000 501.103 -12170.4 159.544
1929000 499.415 -12232 -61.4462
1930000 498.319 -12253 54.5073
1931000 500.012 -12207.2 -26.4268
1932000 500.549 -12055.6 -86.0805
1933000 496.781 -12208.3 50.8604
1934000 501.202 -12148.4 27.4326
1935000 500.569 -12053 -98.3987
1936000 499.74 -12205.6 94.6769
1937000 500.471 -12120.2 17.772
1938000 501.688 -12150.6 -81.1563
1939000 502.89 -12107.5 -31.7378
1940000 501.555 -12147.9 68.3413
1941000 498.498 -12148.8 -98.3065
1942000 498.855 -12182.1 103.902
1943000 500.271 -12201.1 -57.6541
1944000 500.961 -12172.2 93.9971
1945000 498.271 -12029.3 -108.105
1946000 497.619 -12219.4 62.8903
1947000 500.853 -12180.3 30.5916
1948000 499.348 -12113.9 -1.20456
1949000 499.602 -12060.3 -7.25737
1950000 501.235 -12107.6 -46.8572
1951000 500.925 -12151.2 121.62
1952000 501.449 -12176.7 -9.8834
1953000 500.244 -12058.4 -36.7287
1954000 502.204 -12042.5 -36.156
1955000 499.166 -12079.2 29.6609
1956000 502.003 -12075.4 -34.4833
1957000 499.006 -12170.8 30.5578
1958000 499.519 -12164.7 -33.7045
1959000 503.039 -12120.1 -29.604
1960000 499.932 -12202.5 87.5116
1961000 501.326 -12088.9 -44.2803
1962000 501.814 -11991.9 -36.1835
1963000 498.372 -12108.7 -17.9394
1964000 498.676 -12177.9 34.1703
1965000 499.742 -12080.9 -58.3098
1966000 503.702 -12283.7 147.412
1967000 497.865 -12164.3 -40.7971
1968000 499.821 -12160.1 -50.3736
1969000 496.137 -12190.4 -31.4482
1970000 503.173 -12148.2 29.2751
1971000 498.24 -12211.8 36.5952
1972000 498.206 -12081.7 14.7351
1973000 499 -12055.4 -122.119
1974000 499.691 -12211 47.6971
1975000 499.483 -12277.7 80.5024
1976000 497.93 -12142.2 -47.1747
1977000 499.306 -11991.2 -57.4825
1978000 499.209 -12206.3 42.2731
1979000 501.439 -12150.9 -53.3346
1980000 498.46 -12113.5 -79.2018
1981000 499.907 -12276.9 110.313
1982000 500.032 -12182.9 54.9093
1983000 501.198 -12100.3 -22.0979
1984000 498.386 -12136.7 -32.8108
1985000 503.274 -12115.1 19.601
1986000 499.95 -12238.1 24.1382
1987000 501.514 -12096.3 -64.6203
1988000 498.044 -12047 -18.4853
1989000 502.66 -11982.7 4.27317
1990000 499.335 -12100.3 26.1288
1991000 496.169 -12260.1 26.5051
1992000 499.261 -12084.2 -41.4224
1993000 500.941 -12095.7 43.2851
1994000 500.754 -12045.6 -14.9836
1995000 503.254 -12074.3 -1.04424
1996000 501.879 -12233 116.572
1997000 498.32 -12150.6 -102.754
1998000 496.696 -12257.9 -6.72068
1999000 500.621 -12333.9 213.852
2000000 502.242 -12162.5 1.11182
