# Time-averaged data for fix 3
# TimeStep v_Temperature v_PotentialEnergy v_Pressure
2000 344.722 -15408.3 -264.6
3000 400.791 -14294.9 -85.8086
4000 398.657 -14396.2 73.6457
5000 399.967 -14296.1 -68.5234
6000 400.539 -14314.1 40.0438
7000 399.258 -14287 -0.141749
8000 400.394 -14311.2 -4.97886
9000 399.513 -14344 57.187
10000 400.655 -14284.1 -95.249
11000 400.479 -14332.3 26.3355
12000 399.668 -14323.9 -43.1577
13000 397.889 -14382.1 69.676
14000 400.602 -14304 -12.5922
15000 401.589 -14332.5 -30.2041
16000 400.819 -14288.9 18.9471
17000 398.138 -14383.1 150.674
18000 400.031 -14313 -60.6918
19000 398.784 -14320.4 -41.6859
20000 399.371 -14350 -13.0312
21000 400.484 -14374.6 -3.92354
22000 401.484 -14346.7 96.3481
23000 399.244 -14360 -94.2787
24000 400.823 -14343.9 -69.9909
25000 399.336 -14413.3 111.865
26000 398.353 -14320.6 -32.7403
27000 400.039 -14311.3 -18.6895
28000 400.53 -14311.3 52.1971
29000 400.376 -14363.4 -63.9375
30000 401.63 -14352 5.56284
31000 399.71 -14322.9 46.1853
32000 398.991 -14362.3 -45.8981
33000 401.644 -14305.4 66.627
34000 402.912 -14234.2 -157.594
35000 397.217 -14378.5 164.011
36000 399.69 -14349.7 59.6314
37000 398.336 -14313.5 -30.1049
38000 399.55 -14390.2 48.5632
39000 399.063 -14305.4 -28.2822
40000 399.582 -14310.3 -82.3449
41000 399.795 -14343.5 -19.556
42000 398.894 -14431.1 64.0898
43000 399.706 -14355 -90.2177
44000 402.344 -14307.8 23.5022
45000 399.285 -14432.2 57.5915
46000 400.468 -14242.4 -157.556
47000 399.903 -14338.2 151.519
48000 398.644 -14314.7 -106.722
49000 401.315 -14375.2 94.7473
50000 400.602 -14299 -29.4152
51000 400.276 -14263 -33.55
52000 401.64 -14287 116.99
53000 401.027 -14257 -58.2892
54000 400.759 -14292.9 -66.9571
55000 399.292 -14346.8 87.1597
56000 399.669 -14253 -59.7144
57000 400.237 -14327.7 15.7467
58000 399.319 -14459.8 73.0245
59000 398.211 -14393.1 -95.972
60000 402.837 -14222 -40.8473
61000 400.471 -14352.7 17.9301
62000 396.636 -14423.6 48.6119
63000 401.43 -14328.9 -4.8074
64000 401.185 -14342 -0.920748
65000 400.289 -14324 39.0485
66000 398.176 -14396.2 -82.2817
67000 400.406 -14314.1 91.1364
68000 399.979 -14277.8 -97.8766
69000 398.364 -14397.3 98.1832
70000 398.76 -14348.2 -99.9025
71000 399.472 -14389.9 130.839
72000 400.316 -14269.9 -96.6654
73000 399.504 -14413.8 64.2101
74000 398.57 -14375.5 -40.7351
75000 401.18 -14326 4.87187
76000 401.155 -14409.3 138.146
77000 398.948 -14350.1 -112.451
78000 400.516 -14375.3 16.3461
79000 401.089 -14304.6 10.8386
80000 400.141 -14346.5 27.9096
81000 402.307 -14293.7 -25.2028
82000 399.523 -14292.7 44.1623
83000 398.671 -14320.5 -6.70793
84000 398.436 -14294.1 -93.4848
85000 398.358 -14392.8 88.3023
86000 400.785 -14369.6 100.946
87000 399.442 -14313.4 -148.913
88000 397.832 -14376 -29.6058
89000 398.746 -14318.1 27.1467
90000 403.811 -14251.1 -25.2951
91000 398.813 -14441 59.8854
92000 400.802 -14338 -19.682
93000 399.729 -14308.5 108.676
94000 400.206 -14260.5 -150.992
95000 397.699 -14378.6 102.27
96000 398.301 -14380.8 -63.5056
97000 401.374 -14313 33.7831
98000 398.192 -14395.7 -55.845
99000 398.807 -14419.9 -4.37629
100000 400.811 -14341.2 17.7187
101000 398.59 -14319.5 -33.5268
102000 400.583 -14346.6 46.5217
103000 399.426 -14324.4 -30.4472
104000 399.798 -14346.6 61.3762
105000 397.799 -14363 38.6157
106000 400.975 -14210 -92.8872
107000 403.731 -14345 118.902
108000 399.923 -14315.6 -106.097
109000 401.278 -14302.4 42.0003
110000 400.552 -14341.9 -36.7601
111000 399.651 -14346.4 -31.3821
112000 399.511 -14339.3 17.8034
113000 398.265 -14376.3 16.2928
114000 400.4 -14356.6 49.1065
115000 398.299 -14315.2 -137.697
116000 400.942 -14379.2 121.782
117000 405.047 -14290.9 -23.5036
118000 401.558 -14337.1 45.26
119000 399.352 -14355.7 -72.0874
120000 403.379 -14353.8 3.00455
121000 400.992 -14356.8 64.5022
122000 398.144 -14310.4 -95.2506
123000 401.949 -14306.1 78.3185
124000 399.218 -14284.5 -113.76
125000 398.068 -14411.1 149.308
126000 400.59 -14249 -163.211
127000 400.605 -14376 48.1004
128000 399.581 -14343.9 -15.5391
129000 397.486 -14362.5 -55.1074
130000 398.15 -14432 57.378
131000 401.352 -14358.5 -5.51384
132000 400.441 -14386.2 -15.3604
133000 398.849 -14394 -30.6415
134000 398.406 -14416.4 -5.1544
135000 401.492 -14307.2 -12.6874
136000 397.742 -14341.6 8.42482
137000 399.689 -14375.5 50.4682
138000 402.602 -14280.8 -25.0286
139000 401.398 -14301.1 111.58
140000 399.142 -14268.6 -102.416
141000 399.246 -14363.2 54.6346
142000 399.878 -14323.2 -44.6035
143000 400.874 -14325.6 -33.3821
144000 398.608 -14301.2 81.2348
145000 400.881 -14213.1 -117.849
146000 400.255 -14304.7 55.3049
147000 400.976 -14431 214.801
148000 400.184 -14336.8 -84.5822
149000 399.716 -14315.5 8.78292
150000 398.479 -14350.6 7.5958
151000 400.79 -14348.6 4.11317
152000 399.184 -14355.5 38.127
153000 400.178 -14240.1 10.3248
154000 400.035 -14288.1 -93.5995
155000 402.235 -14307.2 -63.6037
156000 399.108 -14396.7 15.2447
157000 400.284 -14346.1 43.4059
158000 400.148 -14291.4 -97.7058
159000 401.472 -14413.2 143.626
160000 399.991 -14285.9 -67.9711
161000 398.019 -14451.6 84.0592
162000 400.11 -14265.7 -73.9956
163000 401.016 -14320.2 32.6661
164000 400.233 -14312.3 -41.9087
165000 399.764 -14343.6 13.463
166000 399.864 -14374 88.326
167000 401.533 -14271.5 -125.584
168000 397.703 -14400 83.866
169000 401.075 -14325.8 2.64009
170000 396.694 -14381.6 -13.7651
171000 400.489 -14327.2 -38.3438
172000 402.691 -14335.9 135.038
173000 399.415 -14292.5 -81.3689
174000 399.924 -14302.3 33.4316
175000 399.918 -14289.3 -26.0476
176000 399.621 -14336.3 79.8495
177000 400.671 -14242.2 -58.8074
178000 398.718 -14341.8 33.0615
179000 398.523 -14369.6 91.1819
180000 401.543 -14274.3 -17.3784
181000 398.238 -14345.4 -102.637
182000 400.826 -14361.5 139.928
183000 398.249 -14333 15.1102
184000 401.373 -14283.2 -84.7907
185000 400.817 -14252.7 -19.3977
186000 401.888 -14346.9 125.369
187000 399.051 -14290.4 -49.183
188000 401.443 -14266.9 -53.6047
189000 398.863 -14370 89.716
190000 399.549 -14304.6 -75.6157
191000 399.667 -14332 -23.6784
192000 399.39 -14325.6 46.996
193000 399.306 -14290.1 -48.0581
194000 400.407 -14317.8 92.2631
195000 401.249 -14275.1 -119.092
196000 400.618 -14407.8 139.074
197000 399.014 -14402.2 -36.9233
198000 402.103 -14327.5 -25.9878
199000 399.461 -14352.5 -20.049
200000 402.742 -14332 83.4573
201000 401.225 -14252.1 -100.539
202000 401.766 -14379.2 93.7006
203000 400.263 -14306.2 4.31901
204000 399.253 -14324.6 64.7637
205000 399.315 -14282.8 -77.792
206000 401.172 -14315.2 13.4538
207000 399.062 -14378.1 58.3394
208000 401.443 -14262.5 -127.048
209000 402.152 -14312.4 61.0404
210000 397.468 -14368.4 -52.4891
211000 400.816 -14315.7 83.5431
212000 399.035 -14350.7 -29.8883
213000 400.106 -14333.5 -33.912
214000 398.74 -14394.5 113.162
215000 398.497 -14344 -58.7782
216000 401.483 -14355.9 -38.8317
217000 397.882 -14394 63.5238
218000 402.216 -14364.7 34.1592
219000 402.113 -14292.3 -99.5144
220000 401.461 -14355.3 17.9349
221000 400.322 -14328.7 80.0138
222000 398.047 -14376.3 -93.9848
223000 399.648 -14378.7 51.2276
224000 398.665 -14297.4 -57.755
225000 400.159 -14403.4 119.896
226000 400.144 -14284.3 -57.3315
227000 397.692 -14409 91.2804
228000 402.542 -14330.8 -11.427
229000 400.687 -14371.7 36.4869
230000 400.437 -14361.6 -99.4446
231000 397.206 -14392.1 30.3723
232000 401.301 -14330.5 52.0765
233000 398.391 -14470.1 -32.2813
234000 401.487 -14297.9 -5.35695
235000 400.638 -14375.3 97.9094
236000 400.815 -14349.9 -78.6677
237000 399.409 -14385.3 64.8941
238000 397.636 -14323.6 -93.3508
239000 401.719 -14290.6 5.24439
240000 398.487 -14344.8 -20.939
241000 396.528 -14418.2 89.6065
242000 400.356 -14348.8 -78.1527
243000 398.117 -14425.8 19.832
244000 399.783 -14297.2 -133.269
245000 397.204 -14419 207.947
246000 401.535 -14301.9 -40.2262
247000 399.444 -14312.2 -11.7369
248000 396.934 -14382 -49.4901
249000 397.697 -14445.6 41.9242
250000 400.388 -14315.2 47.8218
251000 397.831 -14404.8 -41.3472
252000 402.116 -14394.1 52.7782
253000 400.417 -14365.9 -48.6626
254000 400.388 -14336.4 6.50537
255000 401.101 -14287.1 -73.581
256000 397.923 -14326.6 42.7245
257000 400.097 -14357.4 21.154
258000 402.103 -14228 -67.1458
259000 399.908 -14312.1 61.7425
260000 399.213 -14370.1 16.7164
261000 401.504 -14356.6 59.2932
262000 400.423 -14325.9 -67.5826
263000 399.719 -14312.2 -1.71026
264000 401.436 -14423.6 105.891
265000 401.182 -14209.4 -55.9442
266000 398.674 -14344.2 23.0733
267000 399.469 -14320.8 -65.8396
268000 399.015 -14415.7 164.946
269000 397.983 -14360.7 -73.0409
270000 400.824 -14281.1 18.3566
271000 403.074 -14250.6 -27.8238
272000 400.195 -14347.3 -82.6417
273000 397.951 -14367.3 123.733
274000 399.504 -14300.6 -18.4512
275000 399.074 -14296.4 -85.4786
276000 400.455 -14300.3 17.3929
277000 400.739 -14333.4 13.3744
278000 400.102 -14342.9 -77.3882
279000 398.548 -14362.6 139.084
280000 400.686 -14330.4 -82.3274
281000 398.402 -14318.9 40.0981
282000 401.687 -14273.4 -67.9613
283000 400.836 -14406.5 54.6657
284000 402.941 -14313.4 11.9072
285000 399.565 -14387.4 40.1314
286000 398.748 -14361.9 -15.2685
287000 399.722 -14368.2 71.917
288000 400.526 -14393.5 -7.57055
289000 400.228 -14318.6 -52.4362
290000 400.641 -14339.6 75.5864
291000 401.081 -14269 -117.261
292000 401.206 -14357.2 137.106
293000 396.857 -14326.7 -149.432
294000 401.62 -14348.9 168.035
295000 397.029 -14377.1 -139.03
296000 398.973 -14417.2 100.596
297000 399.1 -14343.3 -19.2865
298000 399.827 -14322.3 -41.3866
299000 400.798 -14284.6 32.0079
300000 401.677 -14277.7 49.7878
301000 400.113 -14331.9 -24.9224
302000 402.493 -14315.9 24.4824
303000 398.229 -14423.4 -16.0072
304000 400.355 -14370.7 97.0658
305000 399.015 -14319.4 -112.182
306000 398.422 -14382.2 -22.0038
307000 399.109 -14384.3 144.357
308000 399.72 -14240.5 -214.392
309000 400.056 -14301.1 50.0737
310000 398.352 -14326.8 14.3226
311000 401.855 -14304.5 22.2229
312000 402.09 -14340.3 -7.01619
313000 398.472 -14368.3 62.1011
314000 401.912 -14307.9 -47.3236
315000 401.299 -14340.9 5.78379
316000 398.764 -14320.2 -75.919
317000 400.801 -14402.6 87.8527
318000 400.696 -14334.9 -61.4534
319000 399.967 -14376.3 -21.5408
320000 400.925 -14329.1 26.9049
321000 400.595 -14332.1 18.7309
322000 398.463 -14370.3 -51.2375
323000 399.246 -14337.6 53.3094
324000 400.129 -14312.2 -29.8951
325000 402.269 -14244.7 -54.2747
326000 400.39 -14391.1 81.3534
327000 399.967 -14397.9 -46.4852
328000 402.136 -14305 3.07339
329000 400.726 -14361.2 35.3962
330000 400.354 -14343.7 3.15295
331000 398.927 -14323.3 -100.887
332000 402.885 -14288.1 76.923
333000 400.851 -14288.2 -87.5864
334000 400.591 -14325.3 65.7619
335000 397.009 -14346.3 5.44297
336000 401.331 -14293 63.637
337000 398.356 -14358.2 -104.225
338000 399.275 -14383 132.414
339000 399.847 -14350 -54.6711
340000 400.249 -14292 -112.324
341000 398.425 -14415 40.1872
342000 400.824 -14322 99.1949
343000 402.21 -14227.6 -26.7392
344000 399.905 -14277.8 52.2822
345000 400.419 -14279.6 -105.201
346000 398.849 -14400.8 70.147
347000 400.481 -14360 -40.6192
348000 400.684 -14358.5 -11.1141
349000 400.678 -14281.2 5.49437
350000 401.397 -14322.6 -9.39204
351000 399.966 -14466.5 105.034
352000 401.657 -14310.1 -91.8903
353000 400.274 -14379.6 63.5574
354000 400.586 -14302.5 -60.6493
355000 398.753 -14426.2 108.287
356000 401.486 -14281.9 -95.6874
357000 401.26 -14304.4 29.4531
358000 400.319 -14282.8 -16.5038
359000 399.676 -14376.6 -17.2921
360000 399.713 -14349.5 -41.4571
361000 400.708 -14281.1 94.9778
362000 400.766 -14263.4 -168.049
363000 397.979 -14355.3 132.32
364000 400.903 -14346.8 -72.904
365000 401.891 -14411.5 96.457
366000 398.284 -14358.5 -101.34
367000 399.757 -14346.3 88.8336
368000 400.32 -14359.4 12.0684
369000 403.037 -14344.2 69.9503
370000 398.826 -14331.6 -106.779
371000 401.887 -14308.6 94.0318
372000 397.855 -14314.5 3.8912
373000 401.662 -14288.7 -53.2605
374000 400.87 -14319.1 30.5313
375000 399.762 -14358 -71.4128
376000 397.551 -14336.4 88.4776
377000 401.919 -14235.8 -64.2421
378000 400.166 -14375.2 52.4577
379000 401.928 -14291.3 -62.7603
380000 400.433 -14291.8 -28.1814
381000 402.146 -14325.3 148.701
382000 401.198 -14274.9 -38.8535
383000 402.516 -14254.4 -31.8257
384000 399.151 -14311.6 64.9314
385000 398.81 -14261.7 -105.288
386000 399.835 -14310.1 56.1558
387000 399.47 -14347.3 20.4704
388000 400.663 -14245.3 -75.8722
389000 400.665 -14323.1 100.051
390000 400.455 -14392.7 -144.001
391000 398.993 -14416.8 142.593
392000 399.872 -14318.3 -160.395
393000 401.332 -14350.9 92.5416
394000 398.705 -14402.3 49.9181
395000 398.776 -14334.6 -80.6819
396000 402.259 -14311.2 24.9509
397000 399.84 -14277.3 -50.5508
398000 397.813 -14370.6 -9.89333
399000 397.69 -14393.7 -52.9597
400000 399.194 -14415.2 90.5657
401000 399.458 -14336.7 53.442
402000 397.864 -14364.6 -52.6805
403000 401.094 -14345.5 48.1625
404000 399.303 -14346.1 -43.7719
405000 400.468 -14389 -3.34051
406000 400.739 -14315.3 -18.6297
407000 400.973 -14291 51.0728
408000 397.862 -14399.4 3.91453
409000 401.273 -14283.6 -82.1511
410000 397.464 -14381.3 92.5916
411000 398.263 -14395.3 -120.461
412000 402.462 -14291 83.8142
413000 400.274 -14294.6 -45.9651
414000 403.107 -14379.1 79.0601
415000 400.082 -14345.3 -69.9354
416000 400.657 -14295.2 24.8437
417000 399.727 -14289 -42.0522
418000 399.855 -14315 33.4961
419000 400.739 -14260.6 -63.0058
420000 401.626 -14381.6 66.0965
421000 399.99 -14360.1 49.3988
422000 398.759 -14420.1 24.0406
423000 399.133 -14387 17.382
424000 399.852 -14332.4 -127.935
425000 399.549 -14330.6 104.751
426000 402.343 -14333.6 5.35077
427000 398.19 -14382.1 -72.6404
428000 400.742 -14380.7 87.525
429000 399.315 -14341.1 -43.3043
430000 400.074 -14387.5 78.2078
431000 402.971 -14183.2 -127.417
432000 400.399 -14349.9 112.219
433000 402.35 -14252.7 22.6912
434000 400.445 -14237.5 -38.1872
435000 399.957 -14350.4 144.806
436000 401.32 -14217.1 -172.693
437000 401.412 -14275.5 45.5317
438000 397.781 -14350.9 -40.4309
439000 400.136 -14382.9 46.6004
440000 398.427 -14335.6 85.2466
441000 401.177 -14278.2 -105.887
442000 401.095 -14363.3 68.721
443000 402.685 -14298.4 36.8915
444000 397.513 -14291.5 -82.409
445000 399.784 -14363.3 46.707
446000 398.961 -14374.9 31.599
447000 397.765 -14354.2 0.475408
448000 398.68 -14342.6 -59.6714
449000 401.98 -14334.5 11.2975
450000 402.11 -14361.7 40.5458
451000 398.934 -14353.8 -9.57237
452000 397.925 -14317.5 -26.4548
453000 400.585 -14336.7 6.98372
454000 400.441 -14234.7 -29.8418
455000 397.3 -14349.2 -20.6128
456000 401.604 -14305.4 27.5231
457000 400.588 -14324.5 14.1124
458000 400.116 -14340.9 58.7593
459000 401.32 -14242.1 -67.3841
460000 397.949 -14320.1 -12.7914
461000 397.516 -14368.4 14.147
462000 401.731 -14277.2 7.23709
463000 400.37 -14307 -19.3157
464000 401.125 -14245.9 46.8187
465000 397.52 -14327.4 80.6071
466000 398.442 -14307.1 -58.8615
467000 401.368 -14326.7 -92.7727
468000 401.783 -14315.2 162.051
469000 399.128 -14286.8 3.44392
470000 401.109 -14329.9 -3.23077
471000 399.442 -14354.9 -35.6259
472000 398.173 -14326 -51.0674
473000 400.411 -14315.8 17.273
474000 400.891 -14289.9 52.4207
475000 400.14 -14325.9 -60.8909
476000 400.435 -14326 27.3843
477000 399.441 -14393.7 71.3694
478000 398.942 -14302.2 -51.1278
479000 398.957 -14300.6 -35.9239
480000 399.708 -14335.3 -14.5806
481000 398.347 -14331.8 51.4955
482000 400.442 -14332.9 -73.5798
483000 395.966 -14409.3 158.411
484000 400.307 -14314.6 -47.7567
485000 398.913 -14390.1 24.4757
486000 398.099 -14380.7 -69.5814
487000 399.388 -14314.3 98.3523
488000 400.445 -14256.7 -4.05516
489000 398.888 -14313.1 8.17602
490000 401.435 -14268.1 -117.735
491000 400.628 -14319.8 18.5099
492000 399.806 -14330.3 111.601
493000 400.493 -14321.3 -72.9991
494000 398.961 -14285.3 -2.65607
495000 398.467 -14374.3 32.1365
496000 401.889 -14255.3 -51.3392
497000 400.387 -14365.6 23.5835
498000 402.925 -14258.9 -51.1138
499000 402.295 -14334.4 -31.7609
500000 401.066 -14346.7 -0.385506
501000 398.443 -14369.1 27.3828
502000 400.568 -14236.6 -35.3275
503000 398.631 -14314.8 -45.1091
504000 399.82 -14395.5 130.527
505000 399.932 -14319.1 -81.4501
506000 401.057 -14306.2 92.7777
507000 400.738 -14282.7 -80.4508
508000 396.918 -14324.2 -27.8189
509000 398.496 -14336.9 101.914
510000 399.982 -14247.8 -53.7346
511000 400.13 -14353.7 86.4259
512000 400.495 -14344.9 -67.1447
513000 399.954 -14370.5 -30.5329
514000 400.376 -14391.7 90.3772
515000 402.273 -14268.4 -131.38
516000 400.947 -14376.9 102.973
517000 399.767 -14410.5 26.7701
518000 399.358 -14334.3 -99.5274
519000 399.21 -14409.7 110.617
520000 396.436 -14400.1 -43.0304
521000 400.905 -14345.7 2.19088
522000 399.825 -14372.6 12.8198
523000 398.405 -14400.1 40.519
524000 401.835 -14243.7 -20.4649
525000 398.239 -14302.4 4.64511
526000 397.536 -14344.8 25.9235
527000 400.243 -14339.1 -39.8676
528000 401.085 -14277.1 17.8978
529000 399.505 -14380.1 10.2367
530000 396.708 -14408.5 -46.3754
531000 401.504 -14328.5 -13.7058
532000 398.925 -14296.7 45.4395
533000 400.06 -14334.5 42.0315
534000 400.717 -14257.8 -76.0932
535000 401.174 -14274.8 40.4502
536000 400.055 -14393.8 87.4678
537000 401.446 -14298.5 23.0802
538000 400.244 -14249.8 -96.1899
539000 398.956 -14344.6 137.448
540000 399.28 -14305.4 2.33535
541000 400.761 -14326.5 -27.9218
542000 398.133 -14337.4 -43.704
543000 400.527 -14351.4 12.1205
544000 400.958 -14313.4 -70.5195
545000 401.443 -14375.8 76.6701
546000 399.573 -14351.7 -34.3004
547000 401.682 -14344.1 62.3483
548000 400.395 -14359.6 5.69276
549000 399.127 -14377.1 -81.7601
550000 396.912 -14405.3 9.7087
551000 400.369 -14348.5 77.2264
552000 400.597 -14324.9 8.0731
553000 400.914 -14260.7 -59.7097
554000 398.914 -14319.8 50.3644
555000 399.32 -14358.6 -37.0453
556000 401.004 -14353.5 48.9177
557000 397.77 -14361.3 -102.24
558000 398.767 -14345.1 95.6925
559000 400.604 -14365 -59.0168
560000 400.347 -14284.3 0.809389
561000 399.862 -14250.9 4.82588
562000 401.625 -14227.6 -38.859
563000 401.133 -14331.8 46.9791
564000 400.044 -14310.4 -9.99092
565000 400.903 -14366.9 50.2092
566000 400.506 -14279.7 -60.5294
567000 399.166 -14274.3 23.0129
568000 401.174 -14324.1 -22.1561
569000 399.406 -14381.8 88.8642
570000 401.044 -14359.5 -73.4048
571000 402.232 -14325.8 -4.79593
572000 400.154 -14316.1 -35.2723
573000 403.242 -14298.5 38.62
574000 397.687 -14380.7 -55.6457
575000 399.929 -14358.6 80.4784
576000 398.069 -14328.3 -39.0069
577000 396.864 -14362.3 31.6845
578000 401.536 -14348.5 -46.1799
579000 399.718 -14318 0.978101
580000 400.914 -14245.9 0.152817
581000 400.278 -14292.8 27.2491
582000 397.118 -14391.1 -39.9004
583000 399.903 -14370 2.95201
584000 399.051 -14331 3.00246
585000 400.189 -14263.5 -66.1507
586000 400.192 -14333 -0.0580551
587000 400.217 -14337.9 51.1744
588000 398.659 -14348.3 8.01819
589000 403.534 -14261.2 -116.088
590000 400.567 -14345.1 203.678
591000 400.775 -14246.3 -176.331
592000 399.345 -14348.3 141.444
593000 400.269 -14332.8 -93.9102
594000 400.722 -14404 51.896
595000 399.026 -14348.1 -80.504
596000 400.771 -14379.9 82.976
597000 399.157 -14362.3 5.45878
598000 397.499 -14302.7 -101.735
599000 398.537 -14316.7 32.3781
600000 399.608 -14349.1 30.0666
601000 401.342 -14329.8 -8.08233
602000 400.085 -14312.7 -112.258
603000 398.64 -14428.6 133.449
604000 398.678 -14310.5 -30.8154
605000 397.31 -14346.2 -124.065
606000 399.987 -14363.3 120.208
607000 399.73 -14346.2 46.4041
608000 400.159 -14312 -99.337
609000 403.14 -14323 59.0609
610000 401.134 -14330.9 3.62828
611000 401.308 -14371.7 4.15296
612000 398.887 -14374.2 56.414
613000 397.246 -14354.8 -89.3947
614000 397.476 -14360.5 -81.1986
615000 398.777 -14297.7 135.267
616000 400.093 -14311.6 -53.8363
617000 398.416 -14394.3 -1.92735
618000 398.568 -14371.1 -67.5302
619000 400.279 -14341.9 85.9058
620000 398.529 -14412 4.38172
621000 398.273 -14382.5 71.8248
622000 400.494 -14299.4 -66.2039
623000 402.718 -14233.1 -7.15839
624000 400.103 -14414.1 73.6318
625000 399.472 -14315.8 -103.985
626000 398.399 -14421.6 33.0481
627000 402.629 -14343.2 -6.81881
628000 400.87 -14286.3 18.7339
629000 401.355 -14229.4 -34.4181
630000 399.424 -14256.5 -20.252
631000 401.881 -14307.1 139.473
632000 399.754 -14305.3 -39.6955
633000 400.034 -14272.3 -59.3856
634000 401.365 -14273.3 26.4071
635000 401.217 -14350.2 27.0886
636000 399.948 -14344.1 36.8739
637000 398.516 -14354.3 -134.542
638000 400.118 -14418.8 93.796
639000 399.182 -14369.6 -130.332
640000 400.854 -14340.6 174.294
641000 400.808 -14374.5 22.2338
642000 400.407 -14344.3 -33.963
643000 400.185 -14293.8 -57.4792
644000 399.7 -14329.5 23.5838
645000 399.826 -14322.7 1.03864
646000 399.2 -14340.5 21.5685
647000 399.157 -14344 -41.2874
648000 401.421 -14319.1 -50.9565
649000 399.989 -14389.9 104.063
650000 400.327 -14367.7 33.6147
651000 398.648 -14346.4 -114.796
652000 399.226 -14380.8 9.73651
653000 400.984 -14384.5 52.2834
654000 397.683 -14372.2 13.9209
655000 399.083 -14317.2 -12.1095
656000 399.356 -14324.1 7.33925
657000 400.534 -14319.1 -32.5425
658000 401.214 -14301.6 62.5176
659000 399.485 -14343.2 -14.4813
660000 399.303 -14387.1 38.9711
661000 401.236 -14251.2 29.4105
662000 399.649 -14417.3 57.043
663000 400.681 -14258.6 -125.099
664000 399.84 -14335.5 103.562
665000 399.021 -14317.2 -99.7733
666000 399.81 -14353.8 89.1222
667000 401.387 -14317.9 -62.8913
668000 400.297 -14356.4 -73.4414
669000 401.69 -14244.3 54.3561
670000 399.595 -14330.9 29.9441
671000 399.813 -14302.7 -60.7007
672000 398.583 -14377.3 118.649
673000 399.791 -14277.8 -69.553
674000 399.057 -14387.5 80.2073
675000 399.702 -14338.7 -49.8747
676000 400.702 -14312.3 -6.0037
677000 399.731 -14332.6 62.0831
678000 399.214 -14311.3 -62.8379
679000 402.089 -14316 10.8238
680000 400.115 -14346.7 39.8093
681000 400.608 -14364.4 25.595
682000 400.361 -14295.3 -61.4212
683000 399.696 -14229.9 -124.284
684000 402.486 -14294.5 98.2744
685000 397.866 -14362.4 -130.916
686000 400.15 -14356.5 96.995
687000 400.565 -14318.3 -17.9757
688000 400.88 -14337.9 59.3283
689000 400.382 -14330.3 -107.757
690000 398.413 -14386.6 50.015
691000 401.301 -14315.3 -45.8991
692000 404.081 -14294.7 17.2128
693000 399.453 -14294.8 -5.08125
694000 399.967 -14293.3 93.3432
695000 402.453 -14231.5 -11.9538
696000 401.429 -14177.2 -41.0475
697000 400.005 -14348 66.5258
698000 399.497 -14392.5 -66.9123
699000 399.06 -14383.9 131.065
700000 399.988 -14317 -77.6236
701000 399.154 -14271.8 -62.263
702000 400.392 -14324.1 111.824
703000 401.146 -14299.3 -58.8784
704000 397.466 -14427.8 143.633
705000 399.913 -14331.5 -53.586
706000 399.834 -14323.1 -23.6704
707000 401.041 -14284.2 64.9541
708000 398.965 -14307.4 -60.5976
709000 400.514 -14341.4 38.8738
710000 400.307 -14387.9 73.3699
711000 400.828 -14291.1 -88.0611
712000 399.889 -14341.4 82.9888
713000 402.453 -14274.7 -112.536
714000 401.442 -14302.4 64.2818
715000 401.565 -14297.5 -23.8524
716000 401.826 -14322 52.8438
717000 398.517 -14313.9 7.04715
718000 399.094 -14327.6 2.40026
719000 401.307 -14373.4 18.671
720000 399.979 -14359.9 7.35971
721000 400.338 -14367.1 -80.4838
722000 400.431 -14389.6 38.1163
723000 399.94 -14329.1 9.69937
724000 399.641 -14273.6 -18.1914
725000 401.576 -14365.9 132.621
726000 398.492 -14326.4 -90.1139
727000 398.149 -14350.3 -58.0464
728000 399.426 -14372.9 135.781
729000 401.599 -14281.2 -58.8738
730000 400.845 -14315.3 91.0917
731000 401.243 -14306.2 -85.7016
732000 401.461 -14326.7 41.7627
733000 400.217 -14301.5 -55.4512
734000 400.178 -14265.8 -7.11301
735000 397.92 -14464.7 -15.9286
736000 398.654 -14475 87.134
737000 399.041 -14380 -52.8312
738000 401.275 -14382.3 36.1226
739000 398.793 -14411.3 -63.0842
740000 399.984 -14397.5 6.76192
741000 400.125 -14379.6 -22.2075
742000 398.701 -14347.1 61.8095
743000 398.821 -14306.6 22.981
744000 399.835 -14315.2 -76.9011
745000 401.342 -14349.7 43.4274
746000 400.198 -14280.9 -6.9699
747000 397.646 -14298.1 -2.81179
748000 401.243 -14305.6 6.53129
749000 400.286 -14300.3 3.98426
750000 400.945 -14335.5 42.9931
751000 402.078 -14310 17.3542
752000 400.727 -14300.4 8.0422
753000 401.281 -14316.4 4.42204
754000 399.286 -14329.2 44.2529
755000 397.092 -14371.1 2.69924
756000 398.08 -14372.1 6.67841
757000 400.772 -14322 3.3402
758000 398.99 -14370.4 -66.6964
759000 401.19 -14283.3 34.0682
760000 399.966 -14256.7 -3.66434
761000 401.43 -14250.8 -46.2758
762000 400.759 -14311.2 14.1645
763000 401.673 -14298.3 47.246
764000 399.893 -14311.5 -36.2259
765000 400.594 -14353.3 84.9892
766000 400.507 -14331.3 -106.639
767000 398.951 -14387 70.9747
768000 400.415 -14288.1 3.48462
769000 398.462 -14406.7 -36.4899
770000 400.247 -14395.8 112.921
771000 400.308 -14338.7 -56.233
772000 400.142 -14288.9 -96.4055
773000 401.177 -14338.5 137.688
774000 400.017 -14351.5 -16.8268
775000 399.863 -14345.1 10.0972
776000 399.594 -14357 14.6127
777000 401.206 -14333.3 -14.6124
778000 400.476 -14303.9 -97.4682
779000 402.063 -14305.5 12.2095
780000 398.82 -14360.3 122.637
781000 399.924 -14312.9 -129.271
782000 397.033 -14406.5 4.36404
783000 398.45 -14388 16.5798
784000 401.306 -14301.6 22.8729
785000 400.981 -14254.2 -84.7465
786000 401.754 -14349.9 84.8042
787000 401.637 -14321.4 28.1526
788000 399.044 -14342.7 55.065
789000 398.48 -14435.6 6.42957
790000 399.556 -14365 -66.0298
791000 401.584 -14263.8 -79.7187
792000 400.18 -14391.3 5.84231
793000 401.05 -14374.5 93.6295
794000 400.521 -14391.8 -26.8617
795000 398.449 -14353.6 -39.6764
796000 401.302 -14341.3 20.7768
797000 398.65 -14347.5 -4.35742
798000 398.988 -14351.9 -34.1908
799000 400.185 -14382.6 70.6322
800000 400.035 -14375 -26.7779
801000 400.818 -14328.7 -67.4095
802000 398.906 -14356.1 78.5637
803000 399.494 -14267.1 -24.3426
804000 401.959 -14249.6 -27.181
805000 402.272 -14291.3 50.3497
806000 399.039 -14381 -8.18068
807000 401.205 -14264.2 -36.738
808000 400.912 -14339.6 40.3618
809000 397.666 -14400.4 -46.976
810000 401.547 -14321.3 83.4359
811000 400.445 -14264.6 -69.8085
812000 400.039 -14304.9 -51.2557
813000 399.453 -14404.4 204.073
814000 401.097 -14288.5 -62.1195
815000 403.729 -14291.5 -88.7315
816000 398.304 -14393.5 58.2467
817000 400.804 -14305.8 41.3906
818000 400.971 -14299.8 -25.6271
819000 402.572 -14251.8 -75.8833
820000 400.199 -14349.3 94.3972
821000 398.885 -14320.9 -96.4103
822000 396.844 -14356.3 81.8339
823000 399.53 -14425.2 -31.1819
824000 400.529 -14326.5 111.996
825000 401.982 -14226.5 -92.3662
826000 400.228 -14336.8 -19.5343
827000 397.78 -14322.4 36.9397
828000 401.633 -14281.8 40.3606
829000 400.264 -14233.4 -54.4696
830000 400.184 -14320.7 52.0128
831000 397.887 -14389 -141.256
832000 399.001 -14366.5 60.1581
833000 399.099 -14342.7 -35.015
834000 400.418 -14309.8 61.4045
835000 400.784 -14294.3 28.2582
836000 405.507 -14190 -125.407
837000 400.422 -14336.4 94.0719
838000 398.317 -14379.5 -27.5001
839000 402.363 -14308.7 -60.4109
840000 399.66 -14295.5 57.873
841000 401.966 -14279.5 -62.2975
842000 402.276 -14342.1 96.5763
843000 398.669 -14359.4 -73.9241
844000 396.209 -14438.5 3.3451
845000 401.017 -14307.1 -37.0208
846000 402.011 -14296 20.5397
847000 401.534 -14207.2 -115.081
848000 401.251 -14305.2 35.6736
849000 400.402 -14282.2 21.7536
850000 397.763 -14370.9 4.41144
851000 400.197 -14306.9 -88.8281
852000 401.555 -14267.1 25.3109
853000 400.854 -14306.2 28.1522
854000 398.814 -14354.2 7.74579
855000 401.566 -14290.8 -104.883
856000 400.487 -14350.9 135.85
857000 397.701 -14354.4 -33.4499
858000 399.974 -14322.8 -27.8196
859000 398.608 -14326 11.6283
860000 398.663 -14315.8 -59.8192
861000 402.016 -14318.8 -28.823
862000 396.268 -14488.7 126.151
863000 399.239 -14382 -89.482
864000 400.268 -14377.8 93.2445
865000 399.173 -14309.2 -71.4187
866000 401.322 -14296.3 26.5325
867000 399.424 -14326.3 -21.545
868000 399.089 -14315.8 27.6132
869000 401.396 -14346.5 -2.48112
870000 401.272 -14282.6 -29.1321
871000 398.399 -14342 -33.2996
872000 399.196 -14387.9 260.139
873000 399.4 -14358.9 -94.3547
874000 398.73 -14254.3 8.48747
875000 399.676 -14324 -75.5468
876000 400.6 -14392.1 130.747
877000 400.315 -14330.9 -122.085
878000 402.086 -14335 -4.2783
879000 396.236 -14380.3 40.837
880000 399.336 -14365.8 -28.4167
881000 400.689 -14387.2 7.11226
882000 399.185 -14337.1 -32.1773
883000 400.786 -14312.5 -6.5498
884000 400.129 -14284.3 -58.9595
885000 398.313 -14358.1 101.173
886000 403.608 -14236.1 -44.1699
887000 400.356 -14336.1 37.3988
888000 400.437 -14358.6 30.6671
889000 399.422 -14341 -72.4995
890000 399.775 -14315.6 -21.3865
891000 400.183 -14338.4 92.9139
892000 399.739 -14304.6 25.424
893000 401.193 -14213.1 -69.5313
894000 398.651 -14346.6 48.1237
895000 398.203 -14422.1 33.1601
896000 401.203 -14230 -135.772
897000 401.22 -14342.8 163.066
898000 401.848 -14277.9 -69.4295
899000 399.195 -14347.7 36.0382
900000 398.991 -14318.9 -82.4149
901000 399.733 -14377.7 145.729
902000 400.126 -14346.5 -27.4737
903000 400.273 -14277.6 -74.4506
904000 398.931 -14336.9 23.8517
905000 400.417 -14229.3 56.6695
906000 398.434 -14349.6 -75.9896
907000 399.279 -14418.2 136.102
908000 401.058 -14362.8 23.2198
909000 402.445 -14275.7 5.48152
910000 399.394 -14332.3 -100.911
911000 398.859 -14416.1 73.5443
912000 399.862 -14394.7 -69.778
913000 400.375 -14360.3 41.3108
914000 400.186 -14306.7 -57.1287
915000 401.068 -14310.2 21.745
916000 400.03 -14363.9 33.6317
917000 398.246 -14264.1 -75.3476
918000 402.082 -14214.4 -2.33441
919000 401.501 -14302.9 50.8377
920000 401.056 -14335.1 -16.7055
921000 399.32 -14409.3 32.843
922000 397.752 -14378 -53.9059
923000 401.834 -14319.1 18.0428
924000 398.672 -14402.2 83.6527
925000 404.077 -14242.1 -177.84
926000 399.773 -14340 42.2856
927000 397.939 -14348.8 13.1518
928000 399.707 -14357.8 -32.3619
929000 398.114 -14356.7 -75.005
930000 397.224 -14377.5 -7.54056
931000 400.521 -14414.3 128.126
932000 402.216 -14227.6 -53.1307
933000 402.25 -14367.1 61.0242
934000 398.476 -14352.7 -44.1773
935000 399.465 -14349 9.00636
936000 399.303 -14446.1 64.226
937000 399.109 -14335.1 -63.9007
938000 399.48 -14359.6 101.358
939000 401.318 -14292.8 -55.119
940000 397.621 -14334.2 -2.53163
941000 400.878 -14335.5 53.9021
942000 400.098 -14386.8 55.1748
943000 398.895 -14331.3 -81.446
944000 399.893 -14316.1 -19.2406
945000 399.371 -14385.7 149.139
946000 400.015 -14269.6 -126.584
947000 400.221 -14380.3 101.444
948000 400.998 -14287.2 4.91827
949000 401.273 -14252.1 -89.3116
950000 397.098 -14402.8 53.9297
951000 399.148 -14335.2 60.6741
952000 399.959 -14256.4 -104.819
953000 398.72 -14365.7 93.7516
954000 397.039 -14391.6 -55.4648
955000 401.565 -14409.1 92.674
956000 400.954 -14298.5 0.391957
957000 400.879 -14327.4 -138.099
958000 398.287 -14365.1 77.216
959000 400.394 -14258.1 -8.18932
960000 400.691 -14319.5 23.7381
961000 397.349 -14400.8 36.8967
962000 399.794 -14342.9 -91.484
963000 398.816 -14369.9 56.7362
964000 400.882 -14313.9 61.8027
965000 398.954 -14268.7 -98.1667
966000 396.913 -14397.7 4.88508
967000 400.251 -14317.1 57.6776
968000 399.285 -14226.1 -51.651
969000 402.626 -14304.3 21.8699
970000 400.905 -14373.2 75.5823
971000 396.8 -14382.1 -114.63
972000 400.135 -14319.1 -8.30357
973000 401.368 -14351.4 58.4283
974000 398.939 -14395.9 79.1623
975000 400.804 -14347.4 -125.658
976000 401.511 -14300.6 50.1951
977000 403.144 -14282.6 -34.3492
978000 399.489 -14347.7 54.6908
979000 402.386 -14292.8 83.2997
980000 402.223 -14278.8 -112.512
981000 401.035 -14331.5 -4.95188
982000 401.764 -14328.8 25.9218
983000 400.65 -14363 147.443
984000 397.42 -14347.8 -128.074
985000 400.408 -14373.1 106.517
986000 397.285 -14334 -53.7188
987000 397.862 -14448.2 -47.8862
988000 402.404 -14302 33.4512
989000 400.65 -14316.3 -41.7642
990000 400.125 -14390.3 115.148
991000 400.757 -14237.7 -126.325
992000 400.304 -14381 44.5474
993000 399.412 -14402.2 12.2803
994000 400.295 -14359.4 -44.2981
995000 398.816 -14379.9 31.519
996000 398.74 -14443.6 -17.7523
997000 399.957 -14417.7 43.5185
998000 400.679 -14266 -40.1069
999000 400.62 -14305.8 -60.8691
1000000 399.826 -14417.3 85.8124
1001000 398.338 -14377.3 -8.57739
1002000 404.771 -14154.3 -68.6794
1003000 400.386 -14290.4 -34.185
1004000 401.294 -14310.9 -2.13435
1005000 398.873 -14331.3 9.60349
1006000 401.061 -14362.7 3.92009
1007000 401.819 -14293.9 21.1329
1008000 400.506 -14349.1 -41.6034
1009000 402.056 -14318 61.1741
1010000 400.076 -14275.5 -48.1911
1011000 400.122 -14303.1 -28.867
1012000 398.607 -14379.9 60.6654
1013000 401 -14411.3 96.0989
1014000 400.59 -14338.6 -132.677
1015000 400.789 -14317.9 -53.106
1016000 399.914 -14344.9 135.543
1017000 400.101 -14261.4 -99.1906
1018000 401.278 -14345.2 9.66282
1019000 402.973 -14273.4 -23.255
1020000 401.113 -14295.9 -15.7768
1021000 400.509 -14290 33.4087
1022000 399.163 -14330.2 -57.3724
1023000 398.956 -14383.8 49.0131
1024000 396.02 -14333.5 16.3294
1025000 400.174 -14341.7 -71.3488
1026000 398.626 -14402.6 144.311
1027000 400.13 -14301.9 -103.002
1028000 399.791 -14349.3 76.9649
1029000 397.09 -14422 44.6625
1030000 400.278 -14358.6 -74.1688
1031000 399.748 -14392 0.740162
1032000 398.449 -14399.5 124.437
1033000 401.019 -14273.6 -118.645
1034000 398.685 -14377.2 11.471
1035000 400.306 -14307.3 33.9854
1036000 400.774 -14280.7 -109.162
1037000 399.914 -14366.2 99.0878
1038000 399.251 -14285.2 -69.527
1039000 399.69 -14348.4 21.5509
1040000 401.056 -14281.8 72.4317
1041000 402.084 -14187.8 -210.827
1042000 397.943 -14368.8 94.5121
1043000 398.308 -14326.5 -77.1998
1044000 401.412 -14329.7 119.49
1045000 400.129 -14315.9 1.74099
1046000 399.538 -14340.4 -92.6823
1047000 398.932 -14395.1 102.128
1048000 397.993 -14322.7 -14.9258
1049000 399.575 -14376.7 -70.801
1050000 402.209 -14391.7 66.5112
1051000 400.212 -14264.9 -122.535
1052000 401.28 -14325 70.022
1053000 398.44 -14387.3 16.0862
1054000 399.447 -14305.3 -72.9835
1055000 399.008 -14384.5 3.40795
1056000 399.694 -14323 38.8384
1057000 400.636 -14330.4 33.6388
1058000 400.981 -14272.1 -113.898
1059000 399.589 -14339.2 89.5756
1060000 403.117 -14281.4 -60.0352
1061000 401.73 -14276 39.2295
1062000 398.132 -14342.2 -139.543
1063000 399.274 -14394.4 40.4238
1064000 400.019 -14412.7 44.3165
1065000 401.042 -14351.3 -5.4788
1066000 400.338 -14277.3 -80.4765
1067000 399.111 -14308.2 60.1031
1068000 399.776 -14275.9 -116.43
1069000 396.229 -14421.3 260.771
1070000 400.007 -14260 -169.499
1071000 400.635 -14334.7 72.5707
1072000 397.895 -14371 14.7983
1073000 398.66 -14395.8 55.6433
1074000 400.866 -14364.8 -76.4135
1075000 399.953 -14354.4 14.9602
1076000 397.92 -14316 66.1639
1077000 399.574 -14294.8 -134.147
1078000 398.832 -14430.7 198.321
1079000 401.355 -14292 -33.6594
1080000 400.366 -14290.7 -17.4611
1081000 398.193 -14332 -65.5344
1082000 401.443 -14328.5 154.122
1083000 397.832 -14388.9 -116.263
1084000 400.017 -14327.5 58.5848
1085000 400.549 -14361.2 6.71636
1086000 400.852 -14379.4 -23.7126
1087000 397.665 -14408.2 132.431
1088000 401.428 -14295.6 -161.943
1089000 399.087 -14351 125.545
1090000 401.129 -14288.5 24.3552
1091000 399.724 -14243.1 -67.6274
1092000 397.169 -14350.4 -11.797
1093000 400.86 -14377.1 100.709
1094000 399.325 -14381.6 -71.5468
1095000 399.559 -14359.3 -70.8945
1096000 397.829 -14395.9 -14.2425
1097000 401.009 -14345.1 143.863
1098000 402.822 -14266 -26.4441
1099000 402.907 -14223.7 -145.571
1100000 399.791 -14430.6 118.631
1101000 400.562 -14314 -30.3541
1102000 400.606 -14365.2 49.2848
1103000 400.08 -14321.3 -94.7812
1104000 397.221 -14402.5 182.934
1105000 402.394 -14211.5 -40.7221
1106000 400.268 -14298.2 7.47223
1107000 400.364 -14305.4 47.024
1108000 399.268 -14283.1 -131.353
1109000 398.323 -14403 210.338
1110000 402.271 -14288.2 -20.8246
1111000 399.276 -14367.8 -23.6672
1112000 399.849 -14323.7 43.3153
1113000 400.146 -14288 -56.0262
1114000 401.068 -14309 75.5514
1115000 402.058 -14301.5 -75.5293
1116000 399.764 -14405.4 87.0132
1117000 400.577 -14259 -85.0588
1118000 399.345 -14323 -27.6502
1119000 401.58 -14300.6 5.38172
1120000 402.248 -14278.6 59.1291
1121000 398.754 -14284.3 -68.3787
1122000 401.545 -14376.7 26.7417
1123000 400.815 -14260 19.2169
1124000 398.482 -14315.2 13.3174
1125000 399.668 -14319.8 31.5978
1126000 399.583 -14299.9 -76.7763
1127000 399.958 -14319.3 2.06095
1128000 400.976 -14325.9 14.6287
1129000 397.891 -14367.3 -21.3105
1130000 400.933 -14433.6 105.903
1131000 399.988 -14304.6 -90.6413
1132000 398.414 -14367.1 23.929
1133000 397.765 -14366 -27.2045
1134000 400.86 -14368.5 -6.11645
1135000 400.927 -14273.6 -83.4308
1136000 401.015 -14256.4 -90.0334
1137000 399.582 -14391.7 113.283
1138000 399.692 -14266.5 -68.1218
1139000 399.605 -14381.5 59.6377
1140000 400.823 -14283.4 -14.4511
1141000 399.751 -14313.3 57.5233
1142000 398.272 -14294.2 -95.8227
1143000 402.259 -14338.8 43.1505
1144000 399.129 -14425.1 76.1367
1145000 400.497 -14295.2 -195.741
1146000 399.35 -14297.8 99.2415
1147000 400.104 -14285.6 -5.88365
1148000 402.621 -14366.8 -56.9055
1149000 400.466 -14364.4 133.375
1150000 401.802 -14269 6.59835
1151000 400.32 -14315.5 -69.3074
1152000 399.932 -14355 85.6259
1153000 397.394 -14353.8 19.6958
1154000 400.732 -14305.8 6.10754
1155000 398.739 -14315.8 4.4633
1156000 399.251 -14328.7 -26.9032
1157000 398.397 -14402.2 19.4848
1158000 396.87 -14462.4 55.3767
1159000 398 -14326 -164.014
1160000 398.159 -14320.1 22.8587
1161000 401.366 -14346.6 10.4473
1162000 400.071 -14281.1 -13.7767
1163000 398.745 -14329.2 99.1145
1164000 402.031 -14255.5 -75.0199
1165000 400.188 -14353.6 69.6953
1166000 401.723 -14275.5 -77.3816
1167000 396.975 -14362.3 97.8328
1168000 399.443 -14368.9 1.42459
1169000 399.699 -14289.1 12.3763
1170000 403.3 -14299.2 -18.026
1171000 399.302 -14300.9 -121.63
1172000 398.613 -14352.4 106.548
1173000 400.237 -14332.1 35.7969
1174000 398.587 -14390.2 -82.1845
1175000 401.454 -14347.7 63.7345
1176000 397.823 -14348.4 4.28593
1177000 400.882 -14280.2 -61.5237
1178000 397.64 -14347.7 25.9332
1179000 401.893 -14349.8 21.1019
1180000 400.54 -14316.8 -23.9507
1181000 398.232 -14309.7 -25.2893
1182000 400.757 -14290.9 59.8294
1183000 400.973 -14363.6 29.2125
1184000 399.478 -14364.9 -7.55148
1185000 400.368 -14322 -2.0318
1186000 400.612 -14266.6 -1.44545
1187000 399.969 -14377.2 -13.0741
1188000 400.859 -14352.2 54.0236
1189000 399.319 -14313.3 -48.8677
1190000 401.429 -14348.7 20.7415
1191000 399.47 -14390.3 -105.91
1192000 401.948 -14332.8 115.522
1193000 398.731 -14400.5 -22.7649
1194000 401.432 -14314.3 -39.0244
1195000 400.388 -14359.1 54.5785
1196000 401.504 -14316.5 -10.4782
1197000 398.059 -14321.4 -31.3309
1198000 398.824 -14366.4 -4.74383
1199000 399.782 -14279.3 -26.1853
1200000 401.969 -14340.7 117.543
1201000 400.058 -14308.2 -135.987
1202000 401.167 -14350.7 44.3258
1203000 399.793 -14347.3 33.3095
1204000 400.279 -14290.5 -34.2152
1205000 401.761 -14326.8 -87.3381
1206000 402.824 -14313.4 117.574
1207000 397.905 -14326 33.8853
1208000 400.786 -14305.2 -48.2469
1209000 401.002 -14325.6 65.0696
1210000 398.122 -14378 37.9149
1211000 399.777 -14347.6 -61.7365
1212000 399.048 -14367.5 7.50207
1213000 399.862 -14300.2 -17.142
1214000 399.009 -14367.1 97.7373
1215000 400.126 -14345 -79.5119
1216000 400.673 -14276.6 58.4564
1217000 402.976 -14239.8 -28.3921
1218000 401 -14294.5 -2.00377
1219000 400.696 -14324.2 84.8895
1220000 399.995 -14337.4 -31.7402
1221000 400.039 -14307.9 31.8361
1222000 401.185 -14294.1 -27.1887
1223000 401.628 -14221.9 -13.1365
1224000 401.792 -14279.2 24.9021
1225000 398.027 -14355.6 -38.3604
1226000 399.939 -14330 101.044
1227000 399.518 -14238 -187.521
1228000 401.15 -14360.8 95.951
1229000 401.789 -14344.9 -108.116
1230000 399.361 -14347.3 95.2647
1231000 400.76 -14231.5 -146.008
1232000 399.266 -14348.3 138.087
1233000 403.242 -14198.1 47.0302
1234000 399.471 -14318.7 0.00610931
1235000 398.92 -14394.2 25.0376
1236000 397.609 -14383.7 -102.711
1237000 399.031 -14378.8 -10.9965
1238000 401.812 -14320.8 61.0969
1239000 399.183 -14314.7 -38.07
1240000 400.264 -14365.3 53.1754
1241000 397.2 -14383.8 -20.3371
1242000 399.567 -14285.9 10.5814
1243000 398.669 -14352 -31.9203
1244000 400.21 -14343.6 -4.30903
1245000 400.818 -14416.3 104.141
1246000 399.224 -14281.3 -61.9914
1247000 400.103 -14391.2 -9.03539
1248000 397.952 -14418.9 41.7846
1249000 402.268 -14316.7 31.1465
1250000 399.072 -14313.9 -106.131
1251000 399.717 -14422.5 109.536
1252000 402.386 -14283.7 -97.4994
1253000 398.487 -14344.7 -1.00997
1254000 402.1 -14352.3 59.1511
1255000 395.835 -14375.1 -17.5173
1256000 400.517 -14352.8 49.6647
1257000 399.099 -14312.8 -59.317
1258000 400.99 -14302.9 58.7553
1259000 401.146 -14292.6 -88.7611
1260000 402.783 -14232.6 11.5052
1261000 397.397 -14435.5 -18.3917
1262000 398.798 -14433.4 50.6005
1263000 401.56 -14301.6 -56.623
1264000 400.933 -14322.8 47.9337
1265000 399.047 -14378.3 62.928
1266000 398.501 -14318.1 -29.7092
1267000 399.742 -14314 22.5865
1268000 401.354 -14285 4.75472
1269000 401.885 -14354.1 -14.0445
1270000 402.379 -14244.2 -100.873
1271000 401.2 -14353.5 60.0587
1272000 398.857 -14294 -35.9373
1273000 397.558 -14456.7 128.345
1274000 399.908 -14369 -149.55
1275000 401.274 -14309.8 7.2758
1276000 401.083 -14231.5 1.41314
1277000 402.371 -14294.3 -0.61885
1278000 401.713 -14293.6 -12.4588
1279000 402.576 -14255.7 39.4972
1280000 401.545 -14299.8 -33.4974
1281000 401.927 -14332.9 37.1261
1282000 399.468 -14357.2 -16.4383
1283000 401.258 -14274 57.0685
1284000 399.421 -14318.9 -58.7484
1285000 397.982 -14391.2 64.7903
1286000 400.537 -14292.1 -35.6528
1287000 402.81 -14276.4 18.3164
1288000 400.025 -14299.3 7.75916
1289000 401.643 -14279.2 -101.236
1290000 399.962 -14388.3 134.625
1291000 400.415 -14285 -50.6193
1292000 401.796 -14309.9 3.34421
1293000 400.138 -14345.3 64.2865
1294000 403.467 -14266.8 -135.38
1295000 400.717 -14353.9 116.225
1296000 400.708 -14336.9 -99.3043
1297000 398.951 -14441.1 121.138
1298000 397.087 -14423.8 -21.1251
1299000 399.768 -14347.9 -75.9349
1300000 399.414 -14371.4 2.0121
1301000 400.222 -14355.4 -9.24688
1302000 402.6 -14310.9 -13.7819
1303000 400.607 -14303.1 45.8216
1304000 402.217 -14309.2 39.938
1305000 399.832 -14336.1 -5.66909
1306000 400.653 -14349.3 12.1696
1307000 399.34 -14358.4 -75.9318
1308000 401.274 -14319 64.7438
1309000 399.747 -14330 -26.5249
1310000 400.5 -14300.4 24.4939
1311000 396.938 -14383.7 34.5736
1312000 400.228 -14246.2 -193.273
1313000 402.023 -14392.5 178.296
1314000 399.444 -14320 -34.9367
1315000 399.303 -14354.6 -49.4611
1316000 397.744 -14364.3 33.2901
1317000 398.777 -14316.1 64.5529
1318000 400.759 -14294.8 -14.2182
1319000 401.877 -14301.5 -2.40914
1320000 399.545 -14340.6 -46.1459
1321000 398.076 -14450.2 56.1288
1322000 400.002 -14298.4 -55.2258
1323000 399.652 -14361.2 24.6577
1324000 399.686 -14340.4 32.7503
1325000 401.802 -14248.2 -44.1981
1326000 398.107 -14334.3 37.966
1327000 400.653 -14336.8 -30.0484
1328000 398.469 -14384.7 51.36
1329000 403.663 -14219.8 -68.1926
1330000 401.652 -14398 111.858
1331000 397.417 -14376.1 -16.1752
1332000 402.227 -14267.9 -51.5074
1333000 402.478 -14338.8 91.7094
1334000 402.546 -14212.9 -114.826
1335000 398.044 -14439.7 144.683
1336000 403.161 -14285 -91.7644
1337000 399.236 -14373.2 -32.1069
1338000 398.89 -14453.9 102.935
1339000 401.814 -14309.1 -21.0047
1340000 400.335 -14304 -22.2677
1341000 399.59 -14357.1 100.054
1342000 398.644 -14368.2 -107.538
1343000 401.131 -14410.1 141.17
1344000 401.047 -14284.2 -102.985
1345000 400.801 -14291.7 -17.7266
1346000 398.801 -14437.7 -3.90235
1347000 398.529 -14426 128.633
1348000 399.665 -14332.2 -83.238
1349000 398.761 -14393.6 42.4241
1350000 402.11 -14258.5 -24.4771
1351000 400.776 -14294.2 -17.5131
1352000 398.902 -14349.6 16.155
1353000 399.429 -14353.8 -14.389
1354000 397.786 -14295.9 -42.4173
1355000 400.934 -14395.9 116.056
1356000 400.525 -14323.2 -68.6241
1357000 400.402 -14421.8 147.683
1358000 399.566 -14313.9 -166.15
1359000 400.702 -14288.7 56.8171
1360000 400.606 -14280.9 -38.0254
1361000 400.301 -14262.9 8.06963
1362000 402.292 -14296.7 62.3209
1363000 397.365 -14395.4 -33.7796
1364000 398.35 -14308.9 -41.3978
1365000 399.274 -14316.1 22.7936
1366000 400.805 -14282.1 -59.4294
1367000 399.795 -14364.1 111.161
1368000 398.754 -14377.5 -75.199
1369000 399.544 -14383.5 80.3167
1370000 401.682 -14311 -37.1482
1371000 397.11 -14362.4 -29.6389
1372000 399.409 -14426 162.447
1373000 398.652 -14341 -24.1735
1374000 399.031 -14313.1 -53.7886
1375000 399.458 -14350.9 34.4638
1376000 398.201 -14402.5 -32.0872
1377000 398.582 -14437.8 175.849
1378000 400.742 -14331.4 -52.0214
1379000 400.528 -14287.7 -95.8124
1380000 399.691 -14384.3 62.3655
1381000 400.171 -14430.8 128.806
1382000 398.411 -14358.6 -5.70746
1383000 398.314 -14307.2 -141.702
1384000 400.327 -14334 -15.5806
1385000 397.611 -14444.1 -2.32699
1386000 401.966 -14410.3 110.136
1387000 400.879 -14303.1 -67.1407
1388000 401.267 -14308.7 -8.48039
1389000 399.538 -14318.5 -81.1337
1390000 400.28 -14370.5 123.688
1391000 400.066 -14354.9 -135.205
1392000 399.23 -14404.7 97.2621
1393000 399.77 -14364.5 -89.9999
1394000 400.03 -14297.1 110.661
1395000 400.086 -14304 -6.7662
1396000 399.914 -14291.9 -37.3631
1397000 398.802 -14370.8 109.93
1398000 401.742 -14296.6 -105.085
1399000 400.654 -14349.2 -2.31718
1400000 398.217 -14395.5 -8.65796
1401000 399.308 -14291 3.15152
1402000 402.381 -14332.8 50.2777
1403000 400.009 -14271.5 -136.029
1404000 399.762 -14418.7 -25.9931
1405000 398.174 -14384.6 1.5653
1406000 400.024 -14343.1 -35.5858
1407000 400.235 -14311.2 89.4764
1408000 400.74 -14333.6 -90.9031
1409000 396.556 -14488 130.286
1410000 399.945 -14293.8 29.6939
1411000 397.58 -14383 -63.384
1412000 400.656 -14303.3 127.023
1413000 404.135 -14145.3 -162.436
1414000 401.866 -14298.4 42.7801
1415000 401.476 -14275.5 -36.7199
1416000 398.774 -14382.9 -2.90854
1417000 402.088 -14345.9 123.124
1418000 402.329 -14280 -66.6085
1419000 401.086 -14353.6 28.3427
1420000 401.625 -14319.6 -36.8974
1421000 401.267 -14395.1 87.7957
1422000 400.448 -14395.2 -34.441
1423000 401.24 -14290.6 -66.8868
1424000 402.209 -14249.1 3.78421
1425000 401.779 -14349.5 27.0997
1426000 398.567 -14358.9 -80.9064
1427000 400.159 -14395.9 60.4981
1428000 398.922 -14368.8 70.2398
1429000 399.251 -14314.5 -83.3087
1430000 398.841 -14338.8 73.0987
1431000 400.804 -14307.4 23.5419
1432000 399.658 -14286.9 -72.9279
1433000 400.943 -14321.5 29.006
1434000 397.243 -14386.7 -27.6563
1435000 400.455 -14412.3 24.4356
1436000 401.386 -14336.2 -16.9013
1437000 398.98 -14321.1 18.1094
1438000 398.261 -14275.8 -68.6972
1439000 398.745 -14337.2 6.36635
1440000 402.062 -14308.8 -0.762548
1441000 399.449 -14334.1 40.3608
1442000 400.021 -14336.1 -50.244
1443000 397.665 -14361 12.5765
1444000 401.309 -14300.2 -18.6912
1445000 399.137 -14341.8 64.1903
1446000 398.326 -14399.2 5.61453
1447000 401.89 -14334.7 -3.76522
1448000 401.245 -14290.1 -37.7781
1449000 400.648 -14339.2 -15.6442
1450000 399.387 -14372.4 37.6986
1451000 401.199 -14294 -41.6944
1452000 399.565 -14256.2 3.16065
1453000 398.655 -14403.4 139.474
1454000 399.8 -14322.2 -47.8399
1455000 402.045 -14272.6 13.4443
1456000 397.511 -14317.7 65.0689
1457000 399.86 -14276.7 -21.8767
1458000 399.658 -14346.4 30.6071
1459000 401.995 -14294.3 -95.5234
1460000 396.957 -14351.3 62.8075
1461000 399.475 -14328.8 5.31748
1462000 399.952 -14361.4 49.405
1463000 398.875 -14380.5 -61.2646
1464000 400.278 -14357.4 60.5288
1465000 400.19 -14319.9 -93.9866
1466000 401.161 -14233.6 39.4578
1467000 399.819 -14403 32.4446
1468000 401.798 -14272.8 -163.684
1469000 402.656 -14321.9 170.447
1470000 397.86 -14339.2 -103.398
1471000 399.541 -14348.7 155.588
1472000 401.045 -14301.5 -113.083
1473000 400.184 -14297.8 -79.7283
1474000 401.65 -14306.3 171.073
1475000 399.826 -14286.2 -106.509
1476000 401.968 -14291.1 -10.023
1477000 399.329 -14347.1 57.6244
1478000 401.51 -14329.6 7.1084
1479000 400.816 -14350.3 -26.018
1480000 400.094 -14304.4 -25.8631
1481000 398.363 -14375.5 -104.101
1482000 399.629 -14381.8 162.577
1483000 400.17 -14348.3 -38.8904
1484000 399.063 -14380.9 45.3602
1485000 396.981 -14353.6 -44.3094
1486000 400.232 -14336.1 -3.3831
1487000 400.183 -14344.9 146.163
1488000 400.217 -14306.2 -20.0268
1489000 400.727 -14302.2 -33.9593
1490000 398.577 -14384.2 47.262
1491000 401.972 -14248.9 -62.7874
1492000 401.31 -14297.2 -9.18124
1493000 400.265 -14442.3 0.668248
1494000 400.282 -14381.2 -32.1235
1495000 402.772 -14266.8 53.5023
1496000 400.729 -14266.3 -76.1094
1497000 402.116 -14323.1 53.731
1498000 399.108 -14334.2 -18.1341
1499000 399.624 -14317.5 58.457
1500000 398.92 -14337.3 -97.6351
1501000 403.77 -14309.3 18.3882
1502000 398.761 -14396.3 -20.472
1503000 401.184 -14327.8 75.3103
1504000 399.108 -14310.1 -44.9995
1505000 398.338 -14360.8 41.5178
1506000 400.129 -14336.1 2.81758
1507000 397.821 -14352.4 4.17237
1508000 400.087 -14300 -33.9334
1509000 399.211 -14428.7 -9.12521
1510000 398.603 -14356.6 -32.4514
1511000 401.886 -14284.2 -34.9193
1512000 400.028 -14288.4 -22.301
1513000 402.576 -14338.9 37.6903
1514000 400.71 -14423.2 91.2063
1515000 399.159 -14392.6 -36.6353
1516000 399.452 -14342.4 -73.512
1517000 400.278 -14301 3.04409
1518000 398.226 -14382.8 90.9311
1519000 399.514 -14307 -87.734
1520000 398.794 -14361.6 197.405
1521000 399.541 -14284.2 -196.262
1522000 398.877 -14331.8 57.5147
1523000 397.862 -14431.9 13.9949
1524000 398.819 -14401.3 -42.1427
1525000 398.953 -14279.4 -103.082
1526000 402.099 -14313.9 72.581
1527000 400.186 -14300.8 -60.0968
1528000 400.662 -14301.1 -62.658
1529000 400.793 -14381.5 107.202
1530000 397.335 -14371.5 -37.6013
1531000 400.051 -14373.5 49.734
1532000 401.175 -14349.6 -16.7582
1533000 400.944 -14352.9 -67.4044
1534000 400.117 -14362.5 -49.6672
1535000 399.67 -14381 83.201
1536000 403.261 -14303.9 35.4028
1537000 399.672 -14304.8 -158.092
1538000 400.091 -14385.3 73.1557
1539000 399.898 -14335.6 -0.363747
1540000 402.79 -14251.6 -2.53753
1541000 398.848 -14291.8 68.2693
1542000 399.378 -14349 -112.678
1543000 398.747 -14410.2 18.6785
1544000 401.825 -14362.8 21.0876
1545000 401.394 -14324.1 1.72665
1546000 399.574 -14360.4 -43.2233
1547000 399.628 -14353 42.2209
1548000 401.696 -14320.1 -109.344
1549000 399.558 -14372.7 -5.06535
1550000 401.633 -14310.9 94.4657
1551000 400.871 -14353.8 -37.2936
1552000 397.496 -14311.9 22.9967
1553000 400.151 -14313 47.0442
1554000 400.336 -14304.7 -64.5226
1555000 399.704 -14384.5 31.995
1556000 399.12 -14389.7 21.9122
1557000 397.891 -14387.5 -5.60206
1558000 400.804 -14320.7 -37.299
1559000 399.524 -14333.3 -30.6022
1560000 400.046 -14442.2 75.8583
1561000 402.378 -14309.2 -71.0688
1562000 400.475 -14307.3 -23.019
1563000 402.38 -14299.7 -2.3018
1564000 398.624 -14362.7 33.368
1565000 399.131 -14340.4 -43.9793
1566000 398.787 -14396.4 150.288
1567000 398.488 -14295.5 -93.2081
1568000 398.751 -14331.1 66.5584
1569000 399.479 -14336.5 -44.814
1570000 396.639 -14428.3 -2.98435
1571000 399.499 -14404.2 75.3249
1572000 400.504 -14302.4 -147.031
1573000 398.86 -14334 114.242
1574000 398.329 -14388.3 63.3066
1575000 399.743 -14268.9 -159.465
1576000 398.385 -14423.3 59.7172
1577000 399.008 -14314.8 8.02847
1578000 401.921 -14267.3 89.7669
1579000 399.357 -14322.9 -126.342
1580000 400.822 -14351.3 96.4755
1581000 399.684 -14311.7 -103.64
1582000 399.701 -14335.3 52.6603
1583000 400.364 -14294.3 -102.051
1584000 400.006 -14388.5 97.0015
1585000 398.794 -14318.7 -8.4026
1586000 400.343 -14299.1 -23.3935
1587000 399.421 -14302.1 -0.67588
1588000 401.515 -14269.1 11.8342
1589000 401.416 -14367.1 115.585
1590000 399.588 -14292.8 -185.153
1591000 401.067 -14335.4 71.7193
1592000 399.031 -14408.7 13.0561
1593000 399.347 -14404.8 -16.6158
1594000 401.872 -14360.8 23.3646
1595000 399.642 -14322.3 -65.4421
1596000 400.414 -14362.9 115.102
1597000 400.285 -14264.8 -63.1945
1598000 400.955 -14298.1 42.3099
1599000 397.623 -14373.3 12.9864
1600000 401.448 -14274.4 -5.93641
1601000 402.045 -14259.9 14.5343
1602000 401.727 -14238.9 -184.018
1603000 402.142 -14373.4 214.363
1604000 397.962 -14421.7 3.90789
1605000 401.576 -14228.9 -40.6551
1606000 401.017 -14282.9 13.0172
1607000 399.918 -14419.9 -21.887
1608000 397.635 -14348.4 46.8961
1609000 397.796 -14367.6 49.9121
1610000 400.349 -14335.5 -47.9435
1611000 400.349 -14338.9 15.0041
1612000 401.555 -14296.2 -106.932
1613000 399.447 -14397.9 89.9317
1614000 400.342 -14306.7 -8.76265
1615000 400.848 -14294 -9.32496
1616000 398.32 -14422.4 21.9499
1617000 400.885 -14304.6 -127.233
1618000 400.253 -14331.6 132.451
1619000 400.593 -14314.9 -95.6353
1620000 399.654 -14367.6 24.68
1621000 401.781 -14282.5 -57.4125
1622000 399.529 -14357.8 27.1206
1623000 401.341 -14301.2 50.7722
1624000 401.65 -14283.3 -19.9093
1625000 400.156 -14352.5 26.2523
1626000 398.415 -14311.4 -58.2207
1627000 401.408 -14297.9 79.5639
1628000 401.589 -14333.4 -112.319
1629000 400.03 -14290.6 95.283
1630000 399.074 -14397.3 -34.8451
1631000 399.532 -14364.5 10.6822
1632000 397.778 -14417.2 1.84024
1633000 400.678 -14341.3 -57.6602
1634000 400.045 -14285.4 14.0389
1635000 400.124 -14277.9 79.6617
1636000 401.871 -14260.3 4.15594
1637000 400.923 -14317.8 -46.1203
1638000 399.422 -14351.6 22.9792
1639000 400.259 -14400.3 -19.1222
1640000 398.781 -14363.7 58.9118
1641000 397.418 -14365 -84.0572
1642000 402.959 -14222.2 6.83323
1643000 398.476 -14397 0.238107
1644000 398.948 -14337.1 31.456
1645000 400.416 -14355.8 -27.6647
1646000 399.663 -14307.1 43.2105
1647000 401.684 -14287.3 -37.3562
1648000 398.384 -14442.1 -23.316
1649000 400.355 -14325.9 -21.3968
1650000 398.245 -14367 -16.2251
1651000 400.596 -14403.8 124.992
1652000 401.661 -14322.4 -14.9664
1653000 399.625 -14285.6 -106.687
1654000 401.545 -14345.8 65.7792
1655000 399.331 -14399 8.28206
1656000 400.373 -14428.3 -8.58441
1657000 401.357 -14391.6 49.7928
1658000 400.29 -14330.4 -23.0825
1659000 400.552 -14356.4 -61.5803
1660000 396.053 -14344 174.353
1661000 400.005 -14275.1 -126.233
1662000 400.076 -14324.6 65.2567
1663000 401.724 -14278.6 4.92209
1664000 401.062 -14253.6 3.07501
1665000 399.288 -14351 -22.3478
1666000 398.619 -14432.8 72.6618
1667000 398.523 -14402.9 -70.0124
1668000 400.702 -14341.4 -17.3179
1669000 400.103 -14385.2 105.243
1670000 399.012 -14380.6 -89.6675
1671000 399.733 -14352.8 83.4467
1672000 403.137 -14178.1 -73.3768
1673000 399.486 -14323.9 34.7432
1674000 403.534 -14251.2 -85.03
1675000 399.172 -14394.4 138.005
1676000 400.373 -14328.9 -18.4972
1677000 396.776 -14407.1 63.386
1678000 400.773 -14257.5 -178.414
1679000 400.575 -14312.8 135.821
1680000 398.592 -14390.8 -8.8587
1681000 399.056 -14318.4 -63.5498
1682000 400.341 -14368.8 125.323
1683000 399.904 -14329.8 -190.173
1684000 398.084 -14421.6 148.976
1685000 398.552 -14384 -87.6535
1686000 401.037 -14320.1 77.8493
1687000 399.016 -14316.8 -72.2339
1688000 399.703 -14399.3 137.798
1689000 399.067 -14330.7 -58.091
1690000 401.576 -14296.7 62.3238
1691000 399.496 -14310.9 -74.6877
1692000 401.559 -14336.5 36.5322
1693000 399.291 -14356.4 -60.5437
1694000 398.913 -14346.3 7.79557
1695000 400.871 -14291.8 -8.26175
1696000 401.742 -14315.6 43.2761
1697000 401.097 -14276.9 -59.4566
1698000 400.936 -14349.4 34.5317
1699000 397.924 -14449.1 26.1325
1700000 401.854 -14273.3 -44.5052
1701000 398.298 -14402.7 88.801
1702000 401.798 -14341.3 -134.386
1703000 400.057 -14384.2 80.7094
1704000 401.007 -14315.5 -5.47943
1705000 400.819 -14312.2 2.3067
1706000 397.982 -14414.3 -69.3581
1707000 399.65 -14392.9 144.757
1708000 400.629 -14363.5 -54.5517
1709000 401.931 -14361.7 -14.1308
1710000 401.824 -14306.1 91.7114
1711000 399.952 -14278.2 -112.479
1712000 399.369 -14411 80.1689
1713000 400.55 -14401.7 6.31411
1714000 398.739 -14392 -79.4994
1715000 400.133 -14256.2 38.6174
1716000 401.564 -14317.3 -55.9195
1717000 400 -14392.8 147.178
1718000 399.508 -14300.7 -52.1057
1719000 397.454 -14344.3 -20.5391
1720000 401.056 -14347.3 118.369
1721000 398.358 -14392.4 -88.7562
1722000 401.725 -14384.7 79.0016
1723000 399.701 -14343.3 30.6658
1724000 399.847 -14315.5 -22.534
1725000 398.38 -14395 -33.6675
1726000 400.27 -14343.4 -12.3402
1727000 398.337 -14352.2 79.7806
1728000 401.532 -14283 -66.3458
1729000 399.465 -14288.2 -30.488
1730000 398.101 -14277.9 3.82844
1731000 399.82 -14256.4 -0.106692
1732000 396.961 -14371.1 42.0792
1733000 400.24 -14306 -4.05974
1734000 399.674 -14323.2 -66.2642
1735000 399.355 -14383.1 161.555
1736000 399.108 -14330.2 -27.4438
1737000 400.776 -14252.9 -85.6525
1738000 402.749 -14224.8 1.62614
1739000 401.668 -14373.1 56.3151
1740000 398.954 -14354.2 -21.6616
1741000 401.678 -14294.8 -8.38581
1742000 402.147 -14270.9 -15.8988
1743000 400.544 -14287.9 14.3543
1744000 397.842 -14340.2 -47.6938
1745000 401.102 -14323.1 54.7344
1746000 400.358 -14342.2 -14.205
1747000 402.491 -14272.9 30.7082
1748000 400.568 -14309.5 -48.1859
1749000 399.791 -14316.5 8.47079
1750000 403.838 -14221.3 11.2007
1751000 401.288 -14370.2 23.2492
1752000 402.687 -14326.1 -41.2766
1753000 400.763 -14341.5 18.1004
1754000 399.543 -14339.6 45.4822
1755000 399.658 -14307.7 -50.4764
1756000 399.073 -14367.6 121.847
1757000 398.772 -14394.6 -60.1541
1758000 398.596 -14332.2 -34.4337
1759000 401.195 -14319.1 69.845
1760000 398.696 -14298.6 3.42855
1761000 401.839 -14274.8 -48.1985
1762000 400 -14375.9 171.164
1763000 399.264 -14285.1 -120.286
1764000 401.124 -14304.7 -52.6777
1765000 398.321 -14371.3 39.7641
1766000 400.069 -14318.6 -20.7297
1767000 401.41 -14321.9 31.8759
1768000 402.125 -14343.3 26.0633
1769000 399.936 -14344.9 4.45776
1770000 397.078 -14391.9 49.7795
1771000 401.007 -14300.8 93.6886
1772000 400.332 -14346.9 -114.243
1773000 399.851 -14253.8 -31.9613
1774000 401.458 -14272.4 36.8349
1775000 399.98 -14332.6 44.5775
1776000 399.724 -14317.3 -137.061
1777000 400.099 -14354.4 125.392
1778000 399.715 -14304.2 -45.7319
1779000 399.27 -14392.9 -23.467
1780000 401.997 -14365.3 12.4654
1781000 400.51 -14312.9 -52.0888
1782000 399.818 -14438.5 156.49
1783000 398.537 -14348.8 -156.7
1784000 399.682 -14366.8 28.6637
1785000 399.713 -14328.1 121.914
1786000 398.493 -14361.3 -21.8084
1787000 397.823 -14354.7 -34.6811
1788000 398.907 -14332.3 63.3833
1789000 400.724 -14312.7 -38.3218
1790000 401.812 -14284.2 -31.5054
1791000 401.854 -14364.2 165.543
1792000 397.586 -14247.9 -53.7471
1793000 401.177 -14274.3 -90.0291
1794000 400.701 -14367.3 -31.1408
1795000 401.694 -14291.3 12.5915
1796000 401.952 -14336.2 29.9909
1797000 399.021 -14331.8 -43.289
1798000 401.156 -14310.7 88.7483
1799000 400.27 -14409.1 60.0722
1800000 401.861 -14212.3 -22.6436
1801000 400.232 -14342.3 16.6419
1802000 401.431 -14332.3 108.38
1803000 399.148 -14295.9 -176.425
1804000 400.731 -14263.2 -17.4146
1805000 397.375 -14364.7 46.3519
1806000 401.87 -14284 52.0395
1807000 399.511 -14289.1 -93.2637
1808000 398.362 -14352.3 14.2654
1809000 398.618 -14432.2 -12.11
1810000 398.033 -14380.9 65.2732
1811000 399.724 -14337.1 -48.2662
1812000 402.152 -14323.7 113.242
1813000 401.806 -14334.3 -65.466
1814000 400.652 -14343.2 1.61412
1815000 399.804 -14329.7 -16.435
1816000 399.258 -14398.3 0.588696
1817000 398.941 -14400.1 29.6948
1818000 401.331 -14257.2 12.3476
1819000 399.96 -14357.2 -55.5817
1820000 400.59 -14341.5 47.9408
1821000 401.611 -14334 13.9075
1822000 400.968 -14245.8 -29.5032
1823000 399.421 -14406.3 68.4383
1824000 399.303 -14310.2 90.9068
1825000 400.502 -14308.9 17.3891
1826000 399.167 -14237.8 -31.9364
1827000 400.043 -14362.9 5.10039
1828000 400.07 -14387.2 48.7238
1829000 398.936 -14336.3 17.9508
1830000 399.274 -14318.3 -24.0301
1831000 400.175 -14309.4 -77.0888
1832000 398.445 -14350.1 43.5461
1833000 400.523 -14376 53.6274
1834000 401.313 -14310.1 -25.8536
1835000 397.364 -14376 -67.2439
1836000 400.8 -14399.2 90.9602
1837000 402.909 -14311 66.3016
1838000 398.819 -14307.2 -92.2524
1839000 402.196 -14329 50.4964
1840000 398.364 -14308 -59.5846
1841000 398.433 -14387.3 91.4666
1842000 399.081 -14298.8 -46.5635
1843000 397.976 -14358.2 34.49
1844000 402.087 -14353 9.4087
1845000 401.043 -14302.3 -178.727
1846000 400.954 -14400.5 175.115
1847000 400.174 -14392.8 88.0181
1848000 398.333 -14352.7 -132.341
1849000 400.695 -14277.1 25.8557
1850000 399.613 -14336.9 80.4044
1851000 401.072 -14251.3 -75.1691
1852000 400.442 -14306.8 37.7617
1853000 399.258 -14305.6 -76.6668
1854000 401.386 -14341.8 85.4199
1855000 400.485 -14389.7 43.6817
1856000 399.407 -14232.4 -164.41
1857000 398.769 -14367.4 80.6212
1858000 399.708 -14337.4 -9.56706
1859000 397.849 -14340.3 60.4934
1860000 399.874 -14359.2 -72.0398
1861000 399.816 -14346.2 98.2453
1862000 401.834 -14246.5 -62.3581
1863000 401.768 -14268.6 20.0767
1864000 398.061 -14338.3 -62.8452
1865000 399.181 -14370.5 133.385
1866000 398.542 -14327.7 -124.069
1867000 400.849 -14341.3 137.138
1868000 402.384 -14321.3 -62.247
1869000 399.704 -14366.3 51.8215
1870000 399.796 -14364.9 12.9671
1871000 398.984 -14422.7 4.77859
1872000 398.219 -14406.3 -66.8372
1873000 399.436 -14376.2 145.501
1874000 399.381 -14270.5 -149.174
1875000 398.361 -14363.8 98.949
1876000 399.118 -14304.8 -31.7868
1877000 398.628 -14380 4.14311
1878000 400.271 -14323.3 -13.2467
1879000 400.072 -14421 215.965
1880000 400.94 -14297.6 -71.2762
1881000 400.755 -14302.3 -17.9552
1882000 400.526 -14330.5 -11.2461
1883000 401.828 -14370.2 -4.81495
1884000 399.268 -14417 111.733
1885000 399.483 -14365.3 -65.2945
1886000 399.546 -14372.7 21.0282
1887000 399.154 -14355.1 -55.6523
1888000 398.581 -14404.5 68.4865
1889000 399.838 -14314.8 -83.556
1890000 399.25 -14371.2 91.8936
1891000 399.56 -14363.7 -29.3603
1892000 398.799 -14272.1 -44.0143
1893000 402.67 -14152.2 -110.71
1894000 399.484 -14361.2 48.2573
1895000 399.591 -14353.2 1.91042
1896000 402.591 -14272.6 24.9884
1897000 399.502 -14304.2 45.6727
1898000 399.711 -14394.8 -40.9606
1899000 399.225 -14422.5 54.982
1900000 400.801 -14318.6 -111.225
1901000 399.58 -14381.5 125.404
1902000 399.626 -14322.8 -124.841
1903000 401.899 -14283.7 99.5259
1904000 399.997 -14343.2 120.151
1905000 400.361 -14230.1 -148.767
1906000 401.52 -14291.8 12.6665
1907000 400.693 -14319 -3.45825
1908000 399.054 -14283.1 -111.449
1909000 401.985 -14362.6 227.144
1910000 399.427 -14358.1 -1.06824
1911000 400.774 -14322.9 -40.379
1912000 399.7 -14311.7 -46.7992
1913000 396.459 -14414.8 -46.854
1914000 399.52 -14402.4 144.166
1915000 400.291 -14372.9 -16.3532
1916000 399.384 -14298.4 -86.267
1917000 399.067 -14363.6 23.454
1918000 400.025 -14393.5 -4.11552
1919000 399.251 -14349.9 -26.7384
1920000 401.466 -14349.7 137.511
1921000 399.729 -14274.7 -160.325
1922000 399.806 -14337.9 92.0443
1923000 400.914 -14284.8 -62.0929
1924000 400.502 -14299 29.4337
1925000 398.649 -14336.6 60.1972
1926000 399.36 -14340.5 -128.456
1927000 401.624 -14326.2 51.3448
1928000 402.353 -14240.1 -118.088
1929000 399.883 -14404.5 89.3356
1930000 399.002 -14362.8 15.4518
1931000 401.134 -14330.6 -2.7257
1932000 401.825 -14365.9 -41.5802
1933000 399.125 -14407.7 52.6626
1934000 399.511 -14333.6 -43.2586
1935000 399.162 -14383.9 53.7533
1936000 402.721 -14256.3 -57.0446
1937000 398.799 -14332.2 -51.9135
1938000 401.28 -14294.6 16.0215
1939000 398.125 -14322.7 56.4598
1940000 401.723 -14275.2 -142.924
1941000 402.631 -14335.2 41.1509
1942000 399.642 -14336.4 -26.3971
1943000 399.776 -14347.2 -4.88678
1944000 399.642 -14405.8 134.651
1945000 400.05 -14308.5 -135.004
1946000 395.697 -14471.1 39.4515
1947000 399.252 -14367.8 8.86706
1948000 399.906 -14363.3 -39.8275
1949000 398.615 -14277.6 -5.17592
1950000 401.648 -14341.9 80.9114
1951000 401.388 -14254.6 -67.9513
1952000 398.759 -14314 58.8951
1953000 400.574 -14309.7 -48.395
1954000 401.957 -14318.6 12.1892
1955000 401.388 -14330.9 44.8003
1956000 400.055 -14351.1 58.0414
1957000 397.574 -14371.3 -43.3518
1958000 397.051 -14407.7 -65.4518
1959000 399.028 -14413.8 33.6942
1960000 400.191 -14310.1 24.3935
1961000 400.451 -14226.3 24.9366
1962000 398.059 -14298.9 -93.5492
1963000 400.585 -14334.1 83.0247
1964000 399.921 -14309.2 -76.4068
1965000 399.761 -14384.5 49.7761
1966000 398.863 -14446.5 -68.3747
1967000 399.452 -14395 43.1192
1968000 401.896 -14370.1 -24.1709
1969000 398.166 -14359.8 27.1786
1970000 401.77 -14278.8 -51.3562
1971000 397.187 -14462 184.061
1972000 401.463 -14263.8 -132.971
1973000 400.986 -14289.9 8.40688
1974000 399.17 -14360.8 31.1541
1975000 401.705 -14335.7 -53.7941
1976000 397.455 -14365.4 118.997
1977000 401.257 -14268.1 -90.4222
1978000 401.497 -14270.8 -20.6009
1979000 400.091 -14311.4 24.9517
1980000 399.487 -14451.2 33.2936
1981000 400.692 -14366.5 12.0426
1982000 399.289 -14299.9 0.545716
1983000 397.732 -14345.9 -19.3173
1984000 399.411 -14396 30.7707
1985000 399.369 -14417.9 -49.4254
1986000 399.99 -14293.5 -68.6577
1987000 402.15 -14265.1 96.4426
1988000 397.369 -14309.9 -17.9643
1989000 403.898 -14243.8 -14.3917
1990000 399.724 -14309.3 -57.6566
1991000 400.717 -14323.7 101.282
1992000 400.533 -14353.9 -23.1024
1993000 399.03 -14378.5 -68.5617
1994000 398.326 -14466.5 31.2954
1995000 399.985 -14322.2 51.8993
1996000 403.835 -14291.8 -34.4066
1997000 400.356 -14369.1 0.607975
1998000 400.553 -14359.1 -7.30609
1999000 400.714 -14337.3 0.095212
2000000 400.407 -14344.8 -32.4746
