# Time-averaged data for fix 3
# TimeStep v_Temperature v_PotentialEnergy v_Pressure
2000 267.656 -16606 -383.414
3000 299.785 -16308 -219.186
4000 299.779 -16423.1 -10.4062
5000 299.235 -16459.8 -25.4192
6000 300.056 -16430.6 17.3519
7000 300.336 -16503.5 -15.2229
8000 301.5 -16498.6 75.3933
9000 299.821 -16493 -101.348
10000 299.782 -16510.1 35.0875
11000 302.059 -16434.3 -44.1716
12000 300.918 -16504.7 98.8556
13000 300.317 -16530.4 -37.2219
14000 297.589 -16535.6 -8.29973
15000 300.028 -16539 -20.9185
16000 297.731 -16602.4 10.8145
17000 299.199 -16592.7 -51.4776
18000 301.979 -16533.4 67.3794
19000 300.996 -16594.3 36.4892
20000 298.643 -16640.7 -24.6094
21000 301.355 -16611.7 14.7278
22000 298.133 -16706.1 31.926
23000 300.172 -16610 -48.1127
24000 300.566 -16599.7 -37.0549
25000 300.256 -16588.7 76.3158
26000 299.379 -16554.7 23.1363
27000 297.856 -16598 -45.6056
28000 302.508 -16449.5 37.0571
29000 298.851 -16524.4 -66.8127
30000 298.893 -16512.7 64.277
31000 299.964 -16513.3 12.1093
32000 300.717 -16529.7 3.69828
33000 298.917 -16596 -39.113
34000 300.285 -16499.8 91.8335
35000 300.081 -16540.5 16.7328
36000 299.572 -16537.7 -61.9675
37000 297.22 -16604.6 8.29893
38000 299.025 -16594.9 -1.02091
39000 300.453 -16509.5 99.0451
40000 298.52 -16570.6 29.5127
41000 298.566 -16548.5 -151.869
42000 299.234 -16537 28.6
43000 301.347 -16499 93.0921
44000 298.764 -16535.8 30.2763
45000 300.731 -16503.4 -92.6882
46000 298.331 -16548.1 65.815
47000 299.406 -16543.1 41.5969
48000 300.501 -16532.2 -13.3803
49000 300.228 -16476.3 -15.4795
50000 299.148 -16527.3 15.8144
51000 299.912 -16508.5 -28.858
52000 300.195 -16524.1 40.9632
53000 301.056 -16520.4 -12.0913
54000 299.854 -16523.6 11.8843
55000 299.613 -16542.1 -27.5132
56000 299.927 -16454.9 7.5031
57000 300.326 -16488.1 6.43423
58000 299.927 -16549.6 -41.8224
59000 299.33 -16530 34.6176
60000 300.407 -16493 -12.4866
61000 302.092 -16433.3 57.4806
62000 301.516 -16495.6 -67.282
63000 297.604 -16551.8 -8.92373
64000 298.159 -16576.8 27.1946
65000 299.274 -16638.1 -5.17425
66000 300.988 -16531 -12.9634
67000 301.29 -16515.5 29.7092
68000 300.249 -16529.3 35.7695
69000 299.97 -16504.4 -67.3291
70000 300.057 -16534.1 -1.23846
71000 299.413 -16490.8 -30.2763
72000 299.961 -16506.7 100.586
73000 302.234 -16505.5 -76.1047
74000 300.521 -16562.3 45.9457
75000 300.176 -16569.4 20.3018
76000 300.064 -16582.8 -19.8375
77000 300.218 -16535.4 19.2785
78000 297.92 -16553.4 2.07986
79000 298.962 -16540.3 70.6113
80000 300.31 -16497.9 -14.3773
81000 297.504 -16571.9 -53.1643
82000 299.499 -16511.5 33.0756
83000 301.31 -16509.9 20.9205
84000 298.642 -16543.2 -61.2352
85000 299.859 -16557.4 2.11811
86000 300.116 -16538.4 -27.8877
87000 298.294 -16552.7 65.6004
88000 300.333 -16522 -40.3487
89000 301.417 -16482.9 -4.03691
90000 300.211 -16531.6 67.32
91000 299.489 -16570.6 -14.1567
92000 300.532 -16554 12.7257
93000 299.309 -16568.7 -22.1437
94000 299.612 -16564.3 -79.2808
95000 298.692 -16574.4 31.2783
96000 300.707 -16569.3 -24.7708
97000 300.684 -16532.8 10.7473
98000 298.423 -16527.2 58.668
99000 300.26 -16495.2 5.82204
100000 300.959 -16483.5 -26.8083
101000 300.893 -16515.9 -13.7445
102000 301.243 -16452.8 6.99379
103000 300.651 -16491.8 -5.76677
104000 297.933 -16482.4 87.3377
105000 300.708 -16473.6 -97.5965
106000 298.688 -16487.3 85.3784
107000 300.734 -16493.9 -51.9113
108000 299.762 -16513.5 23.7473
109000 299.018 -16516.7 -62.2294
110000 299.165 -16585 24.4315
111000 300.515 -16515.8 -35.3618
112000 299.822 -16488.8 74.4928
113000 300.421 -16495.8 -53.6958
114000 300.515 -16483.7 -6.46809
115000 300.067 -16529.6 29.8936
116000 299.19 -16589.4 -20.8685
117000 300.418 -16542.3 -22.5563
118000 299.924 -16545.3 7.47694
119000 300.208 -16594.6 -4.73524
120000 301.629 -16488.8 121.158
121000 298.696 -16531.2 -68.4487
122000 300.814 -16523.6 -10.5506
123000 299.52 -16535.9 23.4848
124000 299.543 -16542.4 16.725
125000 297.461 -16542.4 -17.1998
126000 300.887 -16475.8 -11.6392
127000 300.3 -16519.2 68.7345
128000 300.9 -16517.1 -8.701
129000 300.173 -16487 59.6198
130000 299.714 -16503.8 -37.2527
131000 299.068 -16479.8 41.9764
132000 299.668 -16511.9 -90.3136
133000 300.145 -16525.2 118.173
134000 301.084 -16464.1 -4.97788
135000 302.323 -16480.6 -49.631
136000 300.541 -16538.1 6.91852
137000 299.076 -16517.9 -39.3588
138000 301.931 -16495.3 30.0929
139000 300.622 -16483.8 -6.56819
140000 302.102 -16507.2 -21.7722
141000 299.499 -16523.4 50.676
142000 299.476 -16515.9 -15.1696
143000 300.353 -16487.7 -5.57688
144000 300.97 -16465.6 -52.7463
145000 300.904 -16536.1 56.8563
146000 298.926 -16486.3 -0.00739353
147000 300.114 -16453.8 52.8838
148000 300.346 -16499.3 28.7411
149000 299.189 -16472.8 -53.9513
150000 300.4 -16478.2 -16.0789
151000 300.953 -16468.9 9.32318
152000 300.628 -16520.6 60.8136
153000 299.318 -16485 -41.9766
154000 299.816 -16521 6.60394
155000 301.66 -16453.8 -41.0621
156000 301.52 -16467.1 5.88071
157000 297.745 -16548.2 33.933
158000 301.134 -16538.1 -11.2005
159000 299.795 -16549.8 29.6448
160000 299.683 -16477.9 -0.267749
161000 300.65 -16547.7 -58.9817
162000 300.064 -16589.9 43.3312
163000 299.868 -16552.8 -40.9599
164000 299.489 -16571.1 -36.7365
165000 301.252 -16564.5 5.58337
166000 300.195 -16544.8 0.920441
167000 300.92 -16473.6 47.4231
168000 298.887 -16556.9 -112.362
169000 298.684 -16517.7 27.5565
170000 300.544 -16470.2 22.0429
171000 300.851 -16500.1 -6.47673
172000 300.352 -16505.2 17.007
173000 299.392 -16560.5 57.6409
174000 298.047 -16616.7 -21.7538
175000 300.849 -16499.2 -0.522583
176000 299.755 -16501.4 33.6689
177000 300.868 -16454.9 -7.96667
178000 299.653 -16494.4 -28.6608
179000 298.074 -16627.4 37.2794
180000 300.756 -16631.9 33.2109
181000 301.229 -16542.3 -96.5916
182000 299.677 -16551.6 77.2182
183000 300.968 -16472.3 6.9361
184000 299.278 -16517.6 -11.0514
185000 302.666 -16536.5 44.4426
186000 299.856 -16458.1 59.7812
187000 300.467 -16520 -70.3007
188000 299.547 -16557 93.7689
189000 301.2 -16468.2 -123.684
190000 300.091 -16580.6 -39.6538
191000 299.755 -16539.4 35.9086
192000 300.761 -16515.6 -1.4557
193000 299.679 -16582.1 27.0765
194000 299.678 -16579.6 -32.2199
195000 299.821 -16616.8 31.1403
196000 299.551 -16584.3 -1.97361
197000 301.207 -16524.1 -58.5095
198000 300.384 -16598.2 75.2939
199000 300.476 -16543 -4.38349
200000 300.276 -16518 10.5554
201000 299.927 -16522.1 5.38824
202000 298.95 -16517.1 -75.9187
203000 301.069 -16515 50.6525
204000 300.108 -16511.6 62.4995
205000 300.659 -16513.7 -80.3399
206000 298.903 -16519.2 -18.1507
207000 298.973 -16498.4 38.8545
208000 300.791 -16521.8 -12.9626
209000 300.369 -16531.4 38.8078
210000 298.714 -16567 -48.1192
211000 299.207 -16556.1 -43.0604
212000 300.088 -16533.6 20.0077
213000 299.13 -16545.3 30.2302
214000 298.696 -16537.9 11.2915
215000 301.476 -16515.2 -88.28
216000 299.983 -16553.1 123.505
217000 299.466 -16538.2 2.27413
218000 299.384 -16515.2 -48.2656
219000 299.327 -16514.4 4.33581
220000 299.891 -16500.2 -4.23981
221000 297.537 -16526.5 47.523
222000 298.695 -16495.5 -50.9654
223000 301.094 -16478.8 28.6951
224000 300.413 -16459.3 47.9307
225000 301.015 -16514 -97.7404
226000 299.195 -16592.6 46.0944
227000 300.304 -16504.7 -76.0339
228000 299.26 -16548.9 5.661
229000 300.981 -16543.3 65.8264
230000 298.796 -16547.9 -35.7605
231000 300.024 -16541.6 4.98551
232000 302.188 -16506.7 9.97686
233000 299.464 -16538.2 28.3301
234000 298.958 -16533.1 72.3827
235000 301.045 -16523.2 -97.9219
236000 300.525 -16571.1 26.3241
237000 301.198 -16571.4 40.6297
238000 300.783 -16501.6 -70.0256
239000 300.46 -16524.8 -6.16367
240000 300.141 -16537.4 30.5942
241000 298.996 -16509.4 24.0693
242000 300.32 -16563.6 15.0332
243000 298.551 -16574.8 -99.2162
244000 300.373 -16502.7 5.08758
245000 298.126 -16531.4 59.8456
246000 299.385 -16552.6 133.005
247000 301.785 -16524.4 -138.969
248000 300.689 -16520.3 43.9708
249000 299.114 -16490.9 -28.687
250000 300.488 -16527.1 7.2679
251000 300.882 -16495.5 -41.6398
252000 299.801 -16539.3 -6.50042
253000 300.763 -16529.3 32.111
254000 299.116 -16533.4 47.2561
255000 301.092 -16554 -18.2719
256000 298.582 -16546.5 -39.9045
257000 299.558 -16567.3 22.1716
258000 301.627 -16517.6 5.82295
259000 299.958 -16530.7 -4.55692
260000 300.207 -16526 -23.587
261000 300.491 -16552.7 43.791
262000 299.201 -16563.5 -40.3652
263000 298.864 -16538.9 -35.4368
264000 300.73 -16565.4 48.5597
265000 301.25 -16526 11.9212
266000 299.923 -16513.3 67.891
267000 301.154 -16492 -21.5527
268000 299.572 -16602.7 48.3465
269000 298.662 -16540.9 -80.9832
270000 298.926 -16484 80.7567
271000 299.329 -16569.5 -96.2443
272000 298.996 -16564.7 24.45
273000 299.654 -16525.6 15.9576
274000 300.592 -16465.5 17.4037
275000 300.718 -16469.2 -18.4858
276000 301.033 -16493.1 -14.2211
277000 301.887 -16466.4 -15.8552
278000 300.217 -16496.3 16.8178
279000 300.453 -16427.4 -24.5341
280000 298.652 -16547.8 -8.46107
281000 301.686 -16520.7 -37.3797
282000 300.05 -16584.7 17.1185
283000 299.187 -16586.9 83.5083
284000 301.684 -16428.4 -75.7208
285000 299.828 -16485.2 44.5853
286000 300.39 -16507.7 -24.732
287000 299.522 -16552 -64.7386
288000 298.232 -16596.3 67.288
289000 300.502 -16590.5 -33.3435
290000 299.195 -16569.3 50.262
291000 301.776 -16497.5 -53.3823
292000 299.049 -16559.8 64.9086
293000 298.509 -16560.9 -48.613
294000 299.045 -16546.6 -2.36377
295000 300.374 -16528.4 63.9861
296000 299.877 -16517.1 -94.358
297000 299.331 -16535.8 65.861
298000 298.748 -16536.2 -3.60082
299000 299.752 -16395.1 -5.97676
300000 299.397 -16444.1 27.8257
301000 299.795 -16508.1 -27.6053
302000 301.036 -16480.6 41.1714
303000 300.654 -16488.4 -72.2625
304000 300.979 -16568.2 117.533
305000 300.257 -16524.1 -2.73676
306000 299.351 -16472.6 -130.774
307000 299.003 -16532.9 122.573
308000 300.068 -16528.8 -101.967
309000 300.535 -16519.7 10.1964
310000 299.717 -16522.8 41.809
311000 298.251 -16517.9 -0.620895
312000 300.966 -16538.8 13.4572
313000 300.117 -16540.7 54.5697
314000 299.362 -16504.3 -27.6528
315000 299.364 -16479.8 -71.2786
316000 299.389 -16541.8 115.441
317000 298.869 -16560.9 -58.524
318000 299.766 -16496.8 0.48195
319000 299.248 -16488.4 39.0241
320000 300.18 -16502.5 -13.9621
321000 300.253 -16541.8 -6.31914
322000 297.813 -16586.9 81.1868
323000 301.354 -16492.5 -5.76566
324000 300.988 -16502.1 -0.901243
325000 299.393 -16481.7 -116.969
326000 299.578 -16527.4 116.533
327000 298.958 -16470.5 -84.6403
328000 300.994 -16434.4 6.94419
329000 299.515 -16462 -43.0603
330000 299.296 -16491.9 47.1399
331000 300.469 -16474.7 -24.7841
332000 300.032 -16534.8 51.581
333000 299.162 -16504 46.2027
334000 301.798 -16558.6 20.3815
335000 299.78 -16602.5 -81.7384
336000 300.589 -16518.2 52.1959
337000 300.683 -16531.6 59.3531
338000 300.604 -16526.6 -16.2465
339000 300.317 -16517.5 -29.9403
340000 301.002 -16507.6 28.6931
341000 302.26 -16519.6 -9.11258
342000 299.162 -16542.7 -35.6615
343000 301.408 -16522.6 -17.2181
344000 298.655 -16548.9 70.4182
345000 301.407 -16513.8 -53.0072
346000 301.573 -16479.3 -45.2439
347000 300.711 -16464.8 34.2349
348000 300.739 -16465.7 17.0447
349000 301.275 -16469.3 -3.29863
350000 298.97 -16563.4 27.2225
351000 299.099 -16515.4 19.9142
352000 299.374 -16558.1 -40.944
353000 300.056 -16544.8 25.6441
354000 299.915 -16519.8 -11.7913
355000 298.67 -16602.5 -16.0025
356000 298.571 -16638.3 7.36953
357000 299.786 -16577.7 66.589
358000 299.518 -16546.9 -41.7158
359000 302.739 -16559.9 73.72
360000 299.393 -16540.7 -19.8701
361000 299.905 -16534.7 -48.3952
362000 298.659 -16590.7 28.9833
363000 298.002 -16556.3 14.1002
364000 298.579 -16580.8 96.8048
365000 299.883 -16500.7 -33.5361
366000 299.453 -16533.5 -77.8765
367000 300.038 -16588.8 -50.4529
368000 302.607 -16521.1 114.536
369000 299.742 -16571.4 -10.0612
370000 299.681 -16558.4 51.949
371000 299.107 -16525.3 -108.509
372000 298.754 -16542.6 54.6083
373000 299.756 -16550.5 21.2688
374000 299.907 -16533.2 -26.87
375000 299.195 -16584.5 -8.44632
376000 298.997 -16547.7 14.648
377000 300.899 -16462 -41.7875
378000 301.152 -16499 10.4176
379000 298.679 -16572.7 65.0418
380000 300.852 -16522.1 25.7572
381000 300.387 -16473.2 -73.5622
382000 299.734 -16458.7 99.8364
383000 300.463 -16403.9 -71.8234
384000 299.583 -16519 -11.8667
385000 300.395 -16573.4 79.1737
386000 300.471 -16604.8 -39.5347
387000 299.621 -16594.3 -26.0135
388000 299.739 -16621.9 67.3952
389000 297.812 -16538.9 -32.9594
390000 301.029 -16476.3 8.2725
391000 299.698 -16462.4 -17.586
392000 300.616 -16488 -10.9603
393000 300.934 -16535 28.4967
394000 301.234 -16480.8 -4.94977
395000 299.608 -16492 -15.143
396000 299.334 -16527.7 19.633
397000 298.379 -16539.5 -3.5489
398000 300.862 -16505.6 -58.0183
399000 298.934 -16590.7 52.9453
400000 299.955 -16572.1 -20.5723
401000 298.992 -16573.8 32.1719
402000 298.248 -16540.5 16.4999
403000 299.956 -16575.5 -15.3385
404000 299.54 -16567.9 -7.19954
405000 300.548 -16529 -14.9217
406000 298.023 -16591.1 145.329
407000 297.732 -16628.3 -16.7932
408000 299.753 -16553.2 -38.8641
409000 298.844 -16611.3 19.5373
410000 300.017 -16535.3 -21.379
411000 300.049 -16510.7 -17.726
412000 300.452 -16459.1 3.3609
413000 298.913 -16570.4 16.4704
414000 300.423 -16513.8 -88.3382
415000 301.262 -16528.2 31.1736
416000 298.236 -16576.7 78.7361
417000 299.996 -16566.7 21.1971
418000 300.368 -16536.7 -69.6965
419000 299.949 -16550.4 15.6958
420000 300.254 -16521.7 25.3759
421000 299.783 -16499.8 -24.1712
422000 299.243 -16556 -41.1132
423000 300.01 -16505.1 58.3846
424000 301.789 -16537.1 36.3411
425000 299.132 -16537.9 1.95888
426000 300.233 -16500 -53.5386
427000 300.081 -16474.1 77.438
428000 299.616 -16610.2 -22.6895
429000 300.496 -16529.1 -7.52022
430000 300.049 -16508.3 12.3601
431000 299.435 -16501.8 61.9903
432000 300.102 -16538.6 -62.8443
433000 298.587 -16530.9 -14.4597
434000 299.558 -16553 -52.9557
435000 298.111 -16567.3 39.7541
436000 299.759 -16526.5 -3.4784
437000 298.215 -16522.6 46.0124
438000 300.739 -16482.7 -46.9793
439000 299.623 -16532.4 84.7053
440000 300.341 -16511.3 -75.5742
441000 300.361 -16598.1 -14.9914
442000 300.023 -16531.1 62.0961
443000 301.489 -16496.4 -109.145
444000 300.423 -16472.2 17.0381
445000 300.392 -16526.9 29.4407
446000 299.84 -16524.5 39.8628
447000 299.125 -16543 -17.6135
448000 299.751 -16511.8 6.6338
449000 298.931 -16564.2 -29.6836
450000 301.039 -16547.7 21.273
451000 299.194 -16496.2 -46.482
452000 297.979 -16529.5 38.5783
453000 299.134 -16504.1 -15.5047
454000 299.925 -16534.2 7.58538
455000 300.448 -16573.1 -35.4833
456000 297.984 -16564.8 46.9861
457000 299.326 -16568.5 27.3957
458000 299.259 -16516.6 -60.2209
459000 300.242 -16477.2 51.5145
460000 300.961 -16453.5 12.3819
461000 299.618 -16500.7 -56.6405
462000 301.733 -16503.7 -30.3281
463000 299.26 -16534.8 38.7617
464000 298.982 -16562.2 14.7655
465000 300.399 -16468.8 23.1085
466000 300.766 -16528.9 -47.0732
467000 299.83 -16495.6 -0.296695
468000 298.401 -16567.9 63.649
469000 300.168 -16590.8 -4.61266
470000 299.342 -16520.4 -75.2117
471000 300.841 -16519.4 -33.9733
472000 301.087 -16517 33.3931
473000 298.125 -16547.3 30.5551
474000 299.945 -16559.4 31.3658
475000 300.779 -16535.2 10.2356
476000 299.413 -16503.7 -42.1993
477000 299.428 -16524.5 31.4386
478000 298.896 -16476.7 -29.1162
479000 301.816 -16494.5 -38.7359
480000 302.482 -16520.3 -4.90242
481000 299.08 -16554.2 43.3216
482000 299.289 -16582.6 11.8689
483000 302.745 -16491.7 79.2718
484000 299.726 -16530.8 -66.908
485000 299.461 -16546.9 5.36887
486000 299.039 -16490.4 -36.0451
487000 300.727 -16485.1 75.761
488000 299.051 -16556.9 16.2231
489000 299.332 -16511.2 -2.83532
490000 299.722 -16538.3 -0.245741
491000 298.331 -16548.9 -51.3838
492000 302 -16478.1 16.5083
493000 298.35 -16562.3 36.1839
494000 300.895 -16518.8 -32.3798
495000 300.889 -16563.3 -42.6568
496000 300.915 -16505.4 -19.1656
497000 299.844 -16498.4 44.7712
498000 300.319 -16554.6 -3.45845
499000 300.751 -16526.3 -27.7574
500000 299.999 -16527.7 41.5721
501000 299.741 -16538.4 -35.177
502000 299.671 -16484.6 11.4458
503000 299.428 -16556.4 -37.6749
504000 300.882 -16525.9 47.4377
505000 300.326 -16440.4 -11.8122
506000 300.586 -16491.7 -39.7979
507000 299.801 -16534.8 -13.718
508000 299.889 -16535.9 113.719
509000 300.869 -16486.5 -87.0403
510000 298.733 -16504.9 -17.2329
511000 300.248 -16584.1 39.5025
512000 298.517 -16557.9 38.1507
513000 298.268 -16555.6 -16.8325
514000 300.374 -16516.3 -71.3369
515000 299.63 -16548.8 -1.68575
516000 301.066 -16507.2 57.6201
517000 299.04 -16603.3 -39.2509
518000 300.572 -16573 68.6797
519000 300.025 -16537.4 -0.949846
520000 299.181 -16572.6 -21.016
521000 299.372 -16538.4 -0.286122
522000 300.747 -16506 -48.4058
523000 300.758 -16525.1 39.9362
524000 301.464 -16430.2 -20.0263
525000 299.34 -16543.2 86.6835
526000 300.671 -16489.4 -7.31465
527000 301.31 -16503.3 -23.4152
528000 300.6 -16522.2 83.9306
529000 298.934 -16535.4 -94.4395
530000 299.682 -16463.2 58.2465
531000 299.945 -16479.9 -5.26668
532000 301.097 -16486.5 -17.1225
533000 301.444 -16471.2 41.1383
534000 300.504 -16488.9 -15.8269
535000 299.551 -16478.4 93.8932
536000 300.469 -16508.9 -13.9536
537000 300.753 -16565.1 -100.197
538000 300.094 -16544.4 84.2427
539000 300.88 -16549.7 10.1616
540000 298.608 -16545.6 29.1562
541000 301.103 -16526.3 -46.7166
542000 300.239 -16551.8 7.61875
543000 300.988 -16534.4 -26.2286
544000 301.782 -16572.8 16.2695
545000 299.902 -16535.4 -83.0932
546000 297.932 -16563 32.291
547000 300.487 -16475.5 55.309
548000 300.057 -16415.5 -41.0222
549000 300.015 -16455.2 -16.9213
550000 299.504 -16483 -47.7231
551000 300.413 -16485.2 74.2781
552000 302.329 -16444.3 78.2365
553000 298.913 -16533 -22.7984
554000 301.484 -16549.6 -27.881
555000 301.083 -16591.3 33.0462
556000 300.951 -16602.8 -49.708
557000 299.182 -16593.8 7.88001
558000 299.632 -16515.3 -109.33
559000 300.809 -16537.5 116.648
560000 300.204 -16491 -0.572943
561000 301.294 -16480.9 16.5366
562000 299.874 -16507.6 -118.81
563000 299.675 -16536.4 87.1874
564000 300.654 -16556.4 30.5144
565000 299.616 -16600.5 -21.4399
566000 300.11 -16564.9 -49.0286
567000 299.102 -16599.7 17.5015
568000 298.515 -16588.3 26.2272
569000 302.004 -16549.6 8.58584
570000 300.932 -16553.3 27.2701
571000 298.212 -16575.1 -4.36282
572000 301.533 -16486.1 -58.4486
573000 299.921 -16558.8 -4.9601
574000 298.654 -16555.4 -45.504
575000 300.168 -16548.6 27.8392
576000 300.536 -16454.8 14.5884
577000 299.45 -16503.7 -98.2686
578000 301.554 -16507 66.064
579000 300.056 -16568.5 18.7595
580000 301.431 -16509.6 -70.618
581000 300.788 -16498.6 42.3566
582000 298.836 -16533.7 -93.3732
583000 299.932 -16543.7 89.955
584000 300.888 -16504.1 56.3087
585000 298.974 -16565.6 -18.0946
586000 301.328 -16530.9 -29.3651
587000 299.526 -16545.8 16.9409
588000 297.701 -16600 48.3291
589000 298.555 -16588.2 -46.0959
590000 298.884 -16525.5 79.8806
591000 300.22 -16521.9 -21.281
592000 299.718 -16496.6 -6.44967
593000 301.691 -16480.5 19.6529
594000 300.712 -16529.9 -68.1437
595000 301.347 -16501.1 47.0661
596000 300.088 -16505.6 12.1856
597000 300.855 -16512.3 -5.25597
598000 298.874 -16578.5 1.75713
599000 299.51 -16537.6 -34.5286
600000 300.191 -16537.2 76.8461
601000 300.243 -16520.5 -0.951397
602000 300.158 -16465.3 -10.372
603000 298.754 -16517.8 86.2711
604000 299.199 -16547.6 -53.4394
605000 299.592 -16517.7 -52.3295
606000 299.202 -16552.2 -7.7434
607000 299.61 -16587.4 69.8918
608000 301.892 -16513.7 0.752778
609000 301.186 -16502.2 -50.9563
610000 301.324 -16508 36.0612
611000 297.504 -16579.9 -70.9123
612000 299.124 -16505.6 -14.2883
613000 299.214 -16472.4 51.0852
614000 300.536 -16493.7 9.68408
615000 299.699 -16550.3 -31.9482
616000 300.851 -16508.2 68.0074
617000 299.106 -16542.4 -0.560682
618000 301.117 -16478.1 -0.411237
619000 300.283 -16499.4 -71.2286
620000 300.472 -16549.4 88.9384
621000 300.838 -16479.6 -71.4802
622000 300.202 -16533.2 6.4881
623000 298.963 -16546.9 30.3874
624000 300.499 -16537.1 -36.6547
625000 299.651 -16569.3 35.2314
626000 300.056 -16528.1 13.0154
627000 300.721 -16556.8 -12.3991
628000 298.939 -16585.5 -34.303
629000 300.974 -16583 74.0944
630000 301.624 -16557.3 -27.7971
631000 299.709 -16564.6 -54.5456
632000 299.49 -16596.9 31.6548
633000 300.386 -16536.1 9.63482
634000 301.156 -16487.1 15.6112
635000 300.217 -16534.2 -72.0996
636000 300.236 -16555.2 4.62144
637000 300.704 -16562.4 -16.33
638000 299.759 -16553.7 -22.1538
639000 300.131 -16545 48.8017
640000 298.467 -16585.1 19.1971
641000 299.517 -16555.2 14.5587
642000 300.464 -16593.4 6.80492
643000 299.295 -16614.4 -35.3296
644000 301 -16580 75.5617
645000 300.352 -16591.7 -53.3707
646000 300.11 -16563.7 0.326131
647000 300.95 -16600.3 13.5989
648000 299.608 -16559 12.1602
649000 300.211 -16532.7 -102.01
650000 300.127 -16497.3 54.5313
651000 300.915 -16518 9.16906
652000 297.552 -16579.7 17.8926
653000 301.569 -16525 75.9253
654000 300.388 -16533 -98.2466
655000 299.31 -16471.5 -33.6903
656000 299.648 -16493.5 51.5081
657000 300.032 -16533.5 11.1207
658000 300.089 -16511.9 0.910049
659000 302.163 -16552.7 -30.8614
660000 298.937 -16576.7 -4.34742
661000 299.011 -16560.3 27.9772
662000 301.931 -16515.8 -45.6308
663000 299.78 -16504.9 71.4799
664000 299.778 -16513.5 -34.4577
665000 298.682 -16561.2 36.1267
666000 300.207 -16495.9 -20.8065
667000 298.177 -16510.9 3.92696
668000 300.433 -16516.5 38.3947
669000 300.115 -16485.4 29.7785
670000 298.854 -16499.9 -32.6202
671000 301.395 -16446.9 -4.70166
672000 298.552 -16524 -15.6508
673000 300.018 -16456 13.7219
674000 301.013 -16450.5 -41.2216
675000 301.809 -16468.5 37.1563
676000 300.175 -16448.3 28.3425
677000 299.837 -16504.5 -44.3302
678000 299.856 -16535.8 44.736
679000 302.11 -16508.2 -31.4669
680000 300.069 -16536.2 -62.7183
681000 299.352 -16524.2 1.65401
682000 299.893 -16503.1 44.4241
683000 299.814 -16447.4 38.3562
684000 299.879 -16473 -16.6473
685000 301.42 -16368.5 -26.6522
686000 300.344 -16458.6 75.3042
687000 299.605 -16480.9 30.268
688000 299.123 -16524.4 -38.0419
689000 300.444 -16523.6 -20.2192
690000 300.696 -16524.3 46.0981
691000 301.024 -16497.4 -60.5908
692000 299.033 -16447.4 28.1985
693000 299.952 -16427.6 -25.6561
694000 299.645 -16459 17.0291
695000 298.721 -16484.6 12.7885
696000 300.01 -16564.6 -30.3169
697000 300.225 -16568.1 -26.3963
698000 300.161 -16575.1 -17.5669
699000 300.511 -16521 146.3
700000 300.848 -16493.1 -133.334
701000 299.277 -16513.6 -37.409
702000 298.969 -16535.7 -11.4952
703000 300.006 -16533.5 53.376
704000 298.389 -16547.7 32.8265
705000 298.742 -16562.9 -9.65163
706000 299.03 -16539 -46.0787
707000 300.727 -16526 -6.27252
708000 300.079 -16537.7 42.4565
709000 298.211 -16501.4 -4.27348
710000 300.48 -16527.9 -7.02465
711000 301.321 -16506.8 40.0225
712000 300.704 -16507.4 53.7609
713000 298.374 -16487.4 -89.5774
714000 299.019 -16531.2 41.5993
715000 299.731 -16503.6 77.9633
716000 300.327 -16477.8 -135.867
717000 298.859 -16538.1 69.5779
718000 300.357 -16522.6 -51.4846
719000 299.209 -16565.4 46.0433
720000 300.442 -16570.5 -60.433
721000 300.869 -16549.6 11.3029
722000 302.254 -16472.2 10.4472
723000 298.873 -16534.2 70.5527
724000 299.138 -16516.1 -79.3156
725000 300.353 -16493.2 53.7588
726000 300.671 -16508.9 -35.9124
727000 299.601 -16515.4 29.1169
728000 300.442 -16547.9 -81.154
729000 299.393 -16558.4 8.64589
730000 301.223 -16519.4 58.4909
731000 299.246 -16473.7 -11.3809
732000 298.271 -16507.5 -7.70123
733000 298.29 -16519.7 46.0444
734000 300.569 -16564.7 -21.5402
735000 300.528 -16506.8 1.36219
736000 299.752 -16478 -133.669
737000 300.499 -16434.3 90.8049
738000 298.992 -16508.5 33.7595
739000 297.545 -16546 30.2335
740000 300.682 -16512.5 -104.013
741000 299.846 -16592.4 108.132
742000 299.269 -16603.7 -14.8717
743000 300.687 -16520.4 -55.4662
744000 298.309 -16498 -6.58228
745000 300.009 -16508.7 -8.1226
746000 299.948 -16565.2 -19.4369
747000 297.828 -16583.6 -11.7636
748000 300.896 -16557.3 62.7346
749000 300.058 -16542.8 68.7831
750000 299.137 -16528.4 -82.5188
751000 301.915 -16514.1 14.3101
752000 300.434 -16485.3 51.8781
753000 298.348 -16512.2 -68.2065
754000 300.415 -16511.7 -34.5462
755000 300.713 -16545 63.0294
756000 299.655 -16568.4 10.7598
757000 300.163 -16541.1 -91.0894
758000 299.182 -16564 92.2074
759000 298.23 -16591.2 -12.8903
760000 299.904 -16559.6 24.4408
761000 300.607 -16472.4 -31.7094
762000 298.801 -16569.1 -27.5192
763000 300.323 -16613.5 55.4348
764000 300.434 -16576.4 -24.6151
765000 300.008 -16593.7 55.6766
766000 300.038 -16592.6 -25.5887
767000 301.23 -16502.6 -73.3602
768000 301.468 -16515.5 90.0278
769000 299.479 -16568.7 -46.5921
770000 300.373 -16521.5 7.64935
771000 299.989 -16539.7 27.7374
772000 300.899 -16534.9 -12.3833
773000 300.254 -16594.3 13.8007
774000 297.735 -16602.9 -59.6623
775000 299.46 -16563.4 35.7677
776000 300.127 -16585.9 46.4051
777000 300.297 -16565.4 -47.1926
778000 300.564 -16505.9 59.6331
779000 300.24 -16509 9.92914
780000 297.049 -16577.1 -29.6582
781000 301.56 -16533 -26.3143
782000 300.755 -16482.2 17.0399
783000 300.889 -16479.7 51.2502
784000 300.103 -16496.1 -70.7644
785000 302.471 -16481.3 9.63134
786000 299.408 -16551.2 -17.6573
787000 298.595 -16500.1 52.1286
788000 300.948 -16481.2 -180.255
789000 298.757 -16573.3 93.4655
790000 298.562 -16604.5 40.0808
791000 299.655 -16484 -37.6705
792000 300.06 -16500 58.7136
793000 299.681 -16527.2 -66.4191
794000 299.283 -16532.2 -15.9774
795000 298.782 -16544.2 42.677
796000 300.189 -16520.1 26.4792
797000 301.269 -16515.5 14.9452
798000 299.502 -16492.2 0.534224
799000 299.682 -16521.5 -58.5567
800000 299.31 -16495.6 29.4361
801000 299.554 -16538.9 22.7103
802000 300.751 -16517.3 -44.4176
803000 299.821 -16545.9 24.9884
804000 299.488 -16577.1 7.80703
805000 302.211 -16502.6 90.157
806000 300.475 -16524.9 -74.8339
807000 300.074 -16504.9 25.9159
808000 299.857 -16497.7 -17.1172
809000 301.105 -16453.3 9.572
810000 301.249 -16533.2 -7.47107
811000 301.348 -16496.2 -72.3826
812000 299.198 -16556.7 42.0416
813000 297.963 -16573.6 -39.9085
814000 299.785 -16545.5 -29.9271
815000 298.776 -16565.6 74.9793
816000 301.077 -16458.8 -25.9205
817000 300.694 -16493.7 87.4578
818000 299.856 -16475.7 -56.7298
819000 299.458 -16493.5 2.03435
820000 301.619 -16541.2 30.037
821000 298.526 -16562 -89.3066
822000 299.822 -16481.1 -4.78795
823000 300.075 -16503.7 62.6241
824000 299.014 -16474.3 30.0662
825000 298.789 -16567.5 22.1014
826000 299.474 -16553 -9.30345
827000 299.996 -16512 -32.561
828000 300.446 -16526.3 53.6886
829000 299.735 -16536.8 20.6662
830000 301.994 -16484.8 -25.4728
831000 299.402 -16554.1 -9.79932
832000 301.135 -16499.4 -33.1956
833000 299.817 -16505.2 -34.1747
834000 299.76 -16524.8 76.2733
835000 301.136 -16437.1 53.7716
836000 300.658 -16490 -61.5711
837000 299.992 -16514.8 -12.2511
838000 300.653 -16502.2 -1.19786
839000 299.921 -16444.9 -33.8381
840000 299.444 -16507.5 28.6162
841000 299.673 -16492.3 -14.2169
842000 299.465 -16561.1 61.8525
843000 299.806 -16535.7 -13.4556
844000 298.827 -16548.1 37.4608
845000 300.06 -16425.5 -45.9962
846000 301.818 -16420.7 37.1842
847000 299.163 -16535.7 55.9306
848000 297.963 -16543.3 42.6794
849000 299.628 -16484.8 -76.5438
850000 298.753 -16509.1 -59.1998
851000 298.511 -16534.8 -26.8873
852000 300.886 -16531.9 88.1726
853000 299.457 -16517.7 -43.7296
854000 301.312 -16523.4 18.1531
855000 300.036 -16535 12.5975
856000 299.137 -16559.6 -45.0828
857000 301.474 -16492.5 13.1392
858000 300.266 -16562.5 -5.99162
859000 300.379 -16593.1 53.2576
860000 299.027 -16618.6 -15.0026
861000 300.141 -16592 -48.017
862000 299.916 -16558.8 37.5822
863000 299.352 -16604.5 0.187739
864000 299.711 -16625.2 -18.3638
865000 300.572 -16599.6 -69.5034
866000 302.054 -16569.2 41.324
867000 299.984 -16611.5 3.19958
868000 298.725 -16601.2 19.8205
869000 301.584 -16560 -33.9267
870000 297.998 -16620.4 35.687
871000 300.02 -16559.8 54.1688
872000 300.676 -16472.4 -45.612
873000 299.503 -16532.9 -39.6209
874000 299.646 -16568.9 13.4466
875000 300.085 -16536.9 5.39916
876000 298.782 -16531.1 44.5673
877000 299.777 -16513.7 34.2434
878000 300.015 -16512.7 5.50206
879000 299.449 -16570.2 47.1401
880000 300.916 -16516.4 -66.0196
881000 301.048 -16503.8 -40.689
882000 300.81 -16485.7 45.0199
883000 300.994 -16482.9 -38.5811
884000 300.791 -16550.1 28.1648
885000 300.025 -16519.7 21.6597
886000 300.059 -16502.3 -33.8712
887000 298.476 -16556.2 39.5149
888000 298.916 -16541.4 81.0245
889000 301.405 -16450.9 -44.7701
890000 300.84 -16448 18.1524
891000 298.998 -16473 -65.0651
892000 299.2 -16519.7 43.4742
893000 299.915 -16514.5 -41.067
894000 299.899 -16547 99.5248
895000 301.111 -16506.3 -15.5215
896000 300.772 -16494.4 -33.0547
897000 300.19 -16504.3 34.3583
898000 298.839 -16555.1 32.5055
899000 301.119 -16495.6 -60.6237
900000 302.192 -16495.6 -19.1868
901000 299.464 -16624.4 18.2341
902000 301.848 -16477.2 -26.5159
903000 300.118 -16501.7 86.6544
904000 300.971 -16540.5 -32.0704
905000 299.079 -16574.6 -4.04141
906000 298.97 -16547.5 -14.9972
907000 297.153 -16585.3 122.638
908000 298.935 -16536.3 -79.3956
909000 300.206 -16545.5 -0.52989
910000 298.542 -16572.1 30.3505
911000 300.787 -16505.9 -3.64369
912000 299.926 -16541.6 4.03218
913000 300.792 -16556.8 -72.8399
914000 299.602 -16504.4 4.20151
915000 298.693 -16518 64.0624
916000 299.342 -16548.1 -25.0973
917000 300.895 -16473.7 29.3528
918000 301.65 -16538.7 10.7686
919000 299.585 -16544.9 -33.9075
920000 299.954 -16556.1 28.8538
921000 299.524 -16504.8 -30.7548
922000 300.067 -16535.7 -71.5138
923000 302.691 -16529.9 106.014
924000 299.03 -16567.5 -45.4426
925000 300.7 -16538.8 -60.9793
926000 300.31 -16589.7 98.3388
927000 301.095 -16503.6 -10.4893
928000 301.589 -16531.7 -43.5554
929000 299.267 -16576.8 -13.3092
930000 298.25 -16547.2 -28.081
931000 301.745 -16511.4 11.3969
932000 299.418 -16486.1 4.72864
933000 300.76 -16490 -4.61809
934000 300.215 -16515.8 -26.3271
935000 300.752 -16474.1 -3.28172
936000 297.476 -16521.3 -25.6977
937000 300.178 -16449.9 89.147
938000 301.792 -16474.9 -39.3924
939000 300.795 -16472.9 35.4997
940000 301.475 -16449.4 -104.104
941000 300.316 -16491.8 47.1787
942000 298.1 -16550.1 23.9225
943000 300.975 -16538.6 69.4544
944000 299.585 -16492.4 -57.6013
945000 301.444 -16514.5 -46.1657
946000 300.915 -16525.6 72.6061
947000 301.136 -16499 16.3205
948000 298.882 -16535.2 -96.7835
949000 298.491 -16584.7 -1.3495
950000 299.687 -16543.5 48.2606
951000 300.165 -16419.4 46.6996
952000 301.594 -16438.2 -74.1009
953000 299.168 -16550.8 25.6676
954000 298.158 -16583 -16.2826
955000 299.693 -16568 77.1652
956000 298.499 -16548 -49.7955
957000 299.018 -16556.8 74.6031
958000 301.545 -16500 -47.4085
959000 300.478 -16571.5 -35.2594
960000 301.552 -16554.5 25.637
961000 300.228 -16562.6 -80.9923
962000 301.701 -16560.1 36.0847
963000 299.417 -16593.8 26.1009
964000 300.907 -16586.7 56.4173
965000 299.567 -16610 -92.0828
966000 298.258 -16573.9 40.144
967000 300.98 -16570.6 12.2683
968000 300.854 -16529.3 -4.69031
969000 301.216 -16557 3.88075
970000 298.968 -16585.3 -29.4077
971000 299.386 -16532.2 59.2835
972000 300.639 -16507.7 -34.8494
973000 298.967 -16525.7 -85.7941
974000 299.484 -16501.4 76.041
975000 301.16 -16471.9 -13.3413
976000 299.692 -16532.8 -68.1472
977000 301.57 -16503.3 15.8333
978000 301.519 -16477.6 39.2088
979000 299.57 -16540.3 10.8181
980000 299.557 -16557.7 -5.16171
981000 299.158 -16551.8 3.08136
982000 299.498 -16552 14.0424
983000 300.038 -16544.6 44.3244
984000 299.708 -16584.8 -27.5939
985000 299.605 -16538 26.1874
986000 299.848 -16553.5 -37.3338
987000 301.159 -16577.8 83.0738
988000 298.745 -16509.9 13.2381
989000 299.063 -16522.3 4.44568
990000 300.952 -16448.4 -121.676
991000 301.056 -16525.3 23.578
992000 299.477 -16602.6 39.6546
993000 298.961 -16638.1 21.704
994000 299.324 -16594.9 -20.6735
995000 299.549 -16564.6 -6.90848
996000 299.871 -16559.9 -10.0245
997000 299.629 -16574.1 -60.2186
998000 301.728 -16583.5 35.4244
999000 298.454 -16616.6 -6.04411
1000000 300.814 -16541 31.3047
1001000 299.751 -16542.7 -4.86426
1002000 299.307 -16601.9 -0.268928
1003000 299.494 -16615.8 -36.728
1004000 301.669 -16509.6 56.6835
1005000 299.231 -16507.7 -33.1382
1006000 299.793 -16511.5 42.2782
1007000 300.204 -16519.3 -94.3066
1008000 299.809 -16555.5 48.4787
1009000 300.956 -16534.5 7.01203
1010000 300.375 -16545 -10.9414
1011000 299.226 -16525.6 40.519
1012000 301.088 -16524.8 9.13372
1013000 299.419 -16564.3 7.53099
1014000 303.148 -16466.5 68.307
1015000 300.356 -16476 -74.3427
1016000 298.428 -16570.7 60.724
1017000 298.376 -16526.3 -9.77947
1018000 298.92 -16559.4 -22.4914
1019000 299.745 -16535.5 -5.17798
1020000 299.755 -16495.4 11.2505
1021000 301.355 -16492.1 -28.3383
1022000 299.852 -16514.4 62.1645
1023000 298.561 -16533.7 -75.0589
1024000 300.268 -16523.5 94.1556
1025000 300.364 -16549.2 -7.14728
1026000 301.31 -16513.7 2.22398
1027000 299.755 -16511.8 26.9029
1028000 300.125 -16491.8 32.3969
1029000 300.783 -16504.9 -108.787
1030000 299.265 -16624.7 84.6916
1031000 299.919 -16584 -40.9399
1032000 300.353 -16570.8 11.1433
1033000 299.972 -16567.6 -66.7767
1034000 301.321 -16541.5 41.2365
1035000 298.902 -16538.4 -31.2054
1036000 297.838 -16578.4 -8.25546
1037000 300.795 -16562.4 73.9153
1038000 299.962 -16569.5 -7.60486
1039000 298.383 -16612 2.0122
1040000 299.373 -16590.1 38.8288
1041000 299.397 -16491.1 61.0932
1042000 300.692 -16543.8 -23.7494
1043000 299.749 -16553.2 23.7713
1044000 300.482 -16547.5 -61.2369
1045000 300.495 -16538.9 34.6648
1046000 300.115 -16516.4 58.0566
1047000 301.908 -16431 -13.015
1048000 300.182 -16568.9 -33.2938
1049000 302.307 -16460.9 7.54618
1050000 300.734 -16520.1 39.5705
1051000 298.66 -16493.6 -36.3566
1052000 300.229 -16478.4 -22.11
1053000 299.372 -16533.3 56.6346
1054000 298.223 -16582.7 34.6379
1055000 301.777 -16527.9 -9.52018
1056000 299.107 -16527.1 -32.6109
1057000 299.309 -16551.8 9.05979
1058000 299.771 -16599 -45.919
1059000 301.289 -16558.4 68.2967
1060000 298.676 -16605.6 43.8508
1061000 301.458 -16474.4 -80.9385
1062000 301.581 -16417.9 48.0068
1063000 298.569 -16521.7 -48.3465
1064000 299.15 -16569.9 -5.02405
1065000 301.113 -16483.4 44.2949
1066000 299.402 -16479.6 65.6554
1067000 301.191 -16473.4 -49.5799
1068000 301.277 -16440.7 -44.8156
1069000 299.506 -16559 -2.16303
1070000 300.841 -16563.6 38.7233
1071000 300.491 -16535.8 29.2735
1072000 298.519 -16505.5 -9.58895
1073000 300.532 -16517 -11.4034
1074000 299.898 -16490.8 -37.3509
1075000 300.646 -16489.3 4.61911
1076000 298.356 -16532.9 65.5695
1077000 301.801 -16492.1 -36.9559
1078000 301.762 -16571.5 10.2389
1079000 300.742 -16573.6 3.26018
1080000 301.086 -16477.1 -33.7341
1081000 301.293 -16485.1 -4.44611
1082000 299.986 -16556.8 113.202
1083000 299.886 -16507.2 -102.494
1084000 299.385 -16532.2 -29.7646
1085000 302.483 -16479.7 99.1831
1086000 299.528 -16533.9 -20.9058
1087000 301.389 -16449.1 9.91998
1088000 298.712 -16513.9 -2.37544
1089000 302.005 -16471.1 -40.0251
1090000 300.239 -16551.6 13.8418
1091000 300.307 -16554.8 25.791
1092000 298.183 -16580.7 -37.8149
1093000 299.841 -16487.1 -14.2837
1094000 299.27 -16502.7 14.2337
1095000 299.679 -16530.8 -43.8845
1096000 300.263 -16548.6 71.6788
1097000 298.81 -16560.6 -26.0158
1098000 301.494 -16496.7 16.1057
1099000 300.749 -16516.4 28.1964
1100000 299.609 -16526.3 -30.0202
1101000 300.12 -16540 23.1586
1102000 298.773 -16508.5 -41.1464
1103000 300.186 -16499.6 31.1116
1104000 300.392 -16508.1 -53.5925
1105000 300.811 -16504.8 47.0296
1106000 301.251 -16507.3 26.2647
1107000 300.023 -16508.9 -41.6637
1108000 299.693 -16500.1 16.4845
1109000 300.406 -16502.1 -58.8498
1110000 299.448 -16559.3 2.23243
1111000 298.964 -16549.9 0.796822
1112000 299.633 -16498.2 11.525
1113000 300.656 -16513.5 -44.845
1114000 299.224 -16540.6 83.9736
1115000 297.831 -16608.5 38.5694
1116000 301.932 -16564.4 -79.0575
1117000 297.959 -16553.5 -12.056
1118000 302.038 -16518.6 -0.362553
1119000 300.525 -16504.1 -18.6107
1120000 300.185 -16563.3 -0.323077
1121000 299.714 -16542.2 -99.088
1122000 300.296 -16628.4 70.6508
1123000 300.395 -16542.1 -52.3679
1124000 299.968 -16535.3 83.0936
1125000 300.151 -16485 -14.4979
1126000 300.491 -16509 -21.7807
1127000 299.199 -16608.1 50.4803
1128000 299.854 -16566.5 -7.85282
1129000 300.516 -16474.6 3.16511
1130000 299.879 -16625 -45.7146
1131000 299.383 -16548.8 28.9381
1132000 299.95 -16497.9 -20.2273
1133000 298.897 -16528.8 36.4152
1134000 301.217 -16502.7 5.42944
1135000 299.125 -16535.6 11.7459
1136000 299.399 -16529.5 -42.4363
1137000 300.648 -16466.4 -0.113823
1138000 299.643 -16496.3 -8.60523
1139000 300.536 -16509 100.661
1140000 300.018 -16522.9 -20.9434
1141000 299.418 -16524.4 -37.7625
1142000 300.947 -16489.2 37.3378
1143000 300.11 -16534.3 -49.5341
1144000 301.918 -16478.8 -41.1448
1145000 299.107 -16536.7 -2.51943
1146000 300.507 -16554 107.339
1147000 299.078 -16488.6 -31.8329
1148000 299.482 -16513.3 48.3723
1149000 300.445 -16557.1 -4.78708
1150000 299.188 -16583.4 18.905
1151000 300.414 -16562.2 9.85012
1152000 299.222 -16581.1 26.61
1153000 300.253 -16518.5 -98.2275
1154000 301.443 -16478.9 -57.5016
1155000 301.748 -16484.6 35.8891
1156000 300.151 -16497.4 21.6255
1157000 299.08 -16506.6 -3.31584
1158000 300.578 -16523 25.1497
1159000 302.312 -16586.4 -64.2553
1160000 300.025 -16576.3 -4.87317
1161000 300.22 -16495.3 36.2939
1162000 300.615 -16474.4 -42.496
1163000 298.338 -16536 36.9689
1164000 298.877 -16495.9 -61.9582
1165000 301.621 -16472.2 83.9624
1166000 300.688 -16515.6 -0.901482
1167000 299.335 -16532.5 -39.6339
1168000 300.104 -16606.9 60.5869
1169000 298.839 -16619.4 46.204
1170000 296.908 -16650.1 -34.4829
1171000 298.711 -16575.6 21.8899
1172000 301.3 -16548.2 -27.2845
1173000 299.848 -16575.1 -46.2992
1174000 299.97 -16542.7 14.2898
1175000 301.98 -16508.5 41.1299
1176000 300.29 -16489.8 -47.1781
1177000 296.978 -16549.1 23.6077
1178000 299.681 -16495.1 -14.7949
1179000 300.843 -16428.9 18.9797
1180000 299.713 -16529 3.22417
1181000 299.607 -16508.2 42.164
1182000 300.794 -16542.2 23.908
1183000 299.39 -16536.4 -11.3342
1184000 298.49 -16578.4 -2.55336
1185000 300.483 -16519.2 -29.2621
1186000 299.296 -16498.5 -77.3175
1187000 300.139 -16520.4 60.2284
1188000 300.186 -16523.5 -61.218
1189000 300.386 -16501.2 57.5954
1190000 300.938 -16480.3 -17.8341
1191000 300.626 -16420.5 -37.7864
1192000 299.268 -16470.1 47.972
1193000 298.572 -16525.7 -0.216121
1194000 300.635 -16517.6 -22.6251
1195000 299.444 -16591.9 57.7897
1196000 298.782 -16560.4 -2.15274
1197000 300.071 -16507.6 -31.9262
1198000 298.728 -16543.2 13.455
1199000 301.206 -16473 47.9911
1200000 297.077 -16598.8 -53.5817
1201000 300.012 -16551.4 12.6561
1202000 301.653 -16567.1 -8.18357
1203000 300.698 -16567.8 -40.5593
1204000 300.328 -16588.4 48.1112
1205000 299.077 -16556.6 2.1133
1206000 300.576 -16532.5 12.0991
1207000 299.529 -16563.7 -73.248
1208000 299.571 -16600.4 31.0055
1209000 300.667 -16538.4 31.2229
1210000 300.132 -16560.9 -37.631
1211000 300.582 -16520.7 21.5084
1212000 301.567 -16493.9 -64.0618
1213000 299.377 -16579.5 138.307
1214000 300.448 -16565.3 -140.654
1215000 298.977 -16550.2 41.3571
1216000 298.699 -16500.9 18.8438
1217000 299.845 -16449.6 -33.6502
1218000 298.429 -16480.7 28.6078
1219000 299.073 -16504.6 -48.5124
1220000 298.553 -16507.7 72.3126
1221000 299.134 -16491 14.1063
1222000 301.235 -16484.2 48.2781
1223000 301.071 -16517.1 -53.3544
1224000 299.784 -16542.1 16.1044
1225000 299.268 -16487.2 17.6695
1226000 299.862 -16518.7 21.1666
1227000 298.606 -16550.1 -92.8198
1228000 298.726 -16540.9 67.3323
1229000 298.914 -16564.2 -73.234
1230000 300.526 -16524.6 40.3693
1231000 300.245 -16563.7 6.17876
1232000 300.587 -16555.2 -34.5485
1233000 299.321 -16599.8 49.4241
1234000 300.178 -16589.9 -10.7125
1235000 300.714 -16558 47.3598
1236000 299.845 -16544.8 -20.8965
1237000 300.179 -16482.6 2.58707
1238000 300.345 -16454.1 0.93045
1239000 299.923 -16458.5 25.6587
1240000 298.99 -16542.9 -19.0077
1241000 301.206 -16530.2 -71.476
1242000 297.424 -16564.7 87.3866
1243000 301.152 -16537.3 -34.3814
1244000 299.021 -16516.3 -10.8452
1245000 301.707 -16544.2 75.9021
1246000 300.143 -16536.9 -8.19155
1247000 300.107 -16529.4 -12.0184
1248000 299.729 -16520.5 -54.8441
1249000 298.766 -16547.1 62.9862
1250000 301.31 -16583 1.17588
1251000 299.634 -16599 -5.36548
1252000 300.692 -16547.6 48.404
1253000 300.549 -16501.7 -34.1993
1254000 299.445 -16509.8 42.2658
1255000 300.514 -16443.9 -24.8605
1256000 299.513 -16575.8 61.9821
1257000 300.273 -16546.4 -30.6578
1258000 300.866 -16533.4 10.192
1259000 298.553 -16541.4 -30.8781
1260000 300.487 -16458.2 52.1165
1261000 300.19 -16482.6 -49.7667
1262000 299.195 -16499.5 -66.0062
1263000 300.845 -16527.9 85.7557
1264000 300.602 -16506.9 21.5465
1265000 300.814 -16525.7 -83.3115
1266000 301.131 -16524.6 78.7963
1267000 299.386 -16519.3 8.49714
1268000 299.854 -16545.6 -4.12172
1269000 299.019 -16595.3 64.2536
1270000 299.579 -16570.3 -79.4734
1271000 299.215 -16562.3 -13.3463
1272000 301.407 -16550.1 -20.7468
1273000 299.845 -16531.9 46.839
1274000 299.59 -16502.4 0.760088
1275000 300.925 -16515.3 -44.8046
1276000 298.721 -16548.9 -9.58533
1277000 300.628 -16523.1 29.654
1278000 300.602 -16517 -7.95409
1279000 298.055 -16597.1 20.648
1280000 299.396 -16550.7 61.5187
1281000 300.129 -16541.6 17.5289
1282000 298.731 -16499 -30.6884
1283000 299.926 -16498.6 -4.52765
1284000 299.943 -16530.2 -55.1347
1285000 298.26 -16563.9 36.8689
1286000 298.692 -16572.6 -5.89163
1287000 301.303 -16470.5 42.2185
1288000 298.651 -16503.7 -51.079
1289000 299.851 -16470.1 55.7543
1290000 301.129 -16491.2 98.5457
1291000 299.57 -16484.3 -74.9448
1292000 300.787 -16494.3 -72.9221
1293000 298.549 -16529.6 79.1525
1294000 300.591 -16496 -17.4999
1295000 300.462 -16505.7 5.76071
1296000 299.125 -16454.2 55.1637
1297000 300.234 -16449.8 -21.4523
1298000 298.747 -16514.2 -22.9532
1299000 301.233 -16532.1 28.6397
1300000 301.661 -16489.2 -49.7182
1301000 300.555 -16466 53.3871
1302000 299.446 -16473.7 35.5184
1303000 301.527 -16422.8 -72.5594
1304000 300.328 -16474.4 -60.3757
1305000 301.065 -16517.5 76.1899
1306000 301.006 -16580.1 11.6539
1307000 298.651 -16590.1 -79.0139
1308000 299.547 -16565.3 112.059
1309000 301.16 -16533.2 -50.4746
1310000 299.968 -16548.4 -0.19527
1311000 299.999 -16567.9 -35.4626
1312000 300.618 -16498.7 14.5737
1313000 301.127 -16502.1 33.4659
1314000 300.433 -16512.3 -38.1195
1315000 298.999 -16520.6 81.6687
1316000 298.383 -16497 -0.749705
1317000 301.328 -16461.8 -44.77
1318000 301.167 -16513.6 75.2472
1319000 300.04 -16459 -9.84378
1320000 300.127 -16456.8 -18.3742
1321000 299.735 -16535.7 7.51338
1322000 298.925 -16566.5 17.2689
1323000 298.896 -16545.6 -46.0442
1324000 300.443 -16543.3 12.0565
1325000 299.484 -16543 -23.9663
1326000 299.415 -16517.2 90.6272
1327000 301.913 -16498.2 -54.6623
1328000 299.859 -16529.3 -22.3939
1329000 298.369 -16556.2 85.9212
1330000 300.385 -16578.6 73.4823
1331000 299.499 -16582.6 -94.2173
1332000 299.572 -16592.2 88.0221
1333000 300.528 -16568.8 -88.7646
1334000 299.765 -16581.9 26.6765
1335000 299.913 -16563.4 -11.7894
1336000 300.352 -16555.5 -24.3711
1337000 302.455 -16516.4 42.1478
1338000 298.258 -16602.7 8.03358
1339000 300.343 -16537.7 16.9983
1340000 298.974 -16528.7 -34.0588
1341000 298.648 -16562.6 -34.6588
1342000 301.39 -16532.7 134.565
1343000 300.79 -16561.2 -80.1424
1344000 300.025 -16564.3 -9.97465
1345000 299.497 -16520.4 11.685
1346000 298.252 -16554.9 19.8097
1347000 299.761 -16533.2 -44.1925
1348000 300.711 -16501.7 17.9771
1349000 300.648 -16488.7 54.1486
1350000 299.637 -16536 13.5066
1351000 300.641 -16527.5 -22.6893
1352000 299.867 -16544.2 -8.17104
1353000 302.119 -16571.6 -2.2105
1354000 299.557 -16559.3 79.491
1355000 300.675 -16472.8 -71.0725
1356000 298.932 -16555.9 -68.3064
1357000 299.325 -16619.2 80.2418
1358000 300.282 -16568.5 -45.5404
1359000 299.959 -16535.3 -40.164
1360000 299.604 -16562.8 -27.0578
1361000 299.697 -16584.7 61.5976
1362000 297.395 -16555.5 38.0227
1363000 298.432 -16526.7 82.2943
1364000 299.529 -16507.2 -103.689
1365000 301.559 -16503.8 24.9856
1366000 299.216 -16530.2 101.408
1367000 299.911 -16501.7 -81.1536
1368000 299.916 -16481.8 52.6314
1369000 300.611 -16457.5 -8.23194
1370000 300.722 -16470.6 -62.4996
1371000 299.335 -16517.3 56.7795
1372000 300.064 -16537.2 -39.6603
1373000 299.061 -16540.5 29.1921
1374000 299.185 -16523.5 80.2611
1375000 299.751 -16505.2 -102.422
1376000 297.503 -16593 48.5798
1377000 300.407 -16495 -55.9716
1378000 298.848 -16504 111.182
1379000 298.631 -16490.8 -25.95
1380000 300.349 -16509.1 -62.3553
1381000 298.74 -16523.6 21.1928
1382000 299.693 -16494.1 5.87837
1383000 301.673 -16523.1 -5.197
1384000 298.39 -16567.5 18.33
1385000 299.668 -16519.1 2.55206
1386000 300.763 -16517.3 -70.0867
1387000 300.88 -16587 15.3471
1388000 298.227 -16596.5 13.2909
1389000 300.137 -16535.4 -5.36865
1390000 300.933 -16469 109.162
1391000 299.391 -16560.9 -59.6896
1392000 300.167 -16497.8 38.1692
1393000 300.134 -16482.7 -120.679
1394000 298.426 -16556.9 120.441
1395000 300.736 -16509.7 -28.1995
1396000 298.851 -16508.8 -18.6381
1397000 299.771 -16530.3 55.8164
1398000 300.806 -16495.2 -13.2487
1399000 300.459 -16536.3 21.5512
1400000 299.332 -16539.6 20.2907
1401000 300.933 -16535.9 -73.5012
1402000 299.454 -16538.3 68.6964
1403000 300.395 -16515.2 -75.5836
1404000 299.197 -16572.1 -14.7573
1405000 297.253 -16537.6 66.1931
1406000 298.234 -16578.7 -12.9873
1407000 297.861 -16629.6 -49.3186
1408000 299.759 -16540.5 20.0934
1409000 299.345 -16567 38.7594
1410000 300.181 -16500.6 -0.507686
1411000 300.337 -16495.6 24.7012
1412000 300.608 -16513.8 -28.6047
1413000 299.446 -16540.8 -30.1498
1414000 301.322 -16522.5 -35.4261
1415000 297.137 -16600.8 29.9623
1416000 299.7 -16577.4 -26.0749
1417000 301.409 -16529.8 55.9621
1418000 300.419 -16593.7 34.0294
1419000 299.253 -16640.9 -30.5937
1420000 299.684 -16617.7 -25.7341
1421000 299.362 -16624.5 113.652
1422000 301.25 -16526.5 -123.481
1423000 299.095 -16536.8 63.9344
1424000 301.921 -16465 -104.074
1425000 298.671 -16502.6 31.1054
1426000 300.564 -16525.5 -20.1849
1427000 300.476 -16611.2 19.2453
1428000 300.096 -16593.3 -13.5979
1429000 299.76 -16505.1 -71.6334
1430000 300.303 -16527.5 25.3492
1431000 300.023 -16548.7 24.0207
1432000 300.503 -16495.5 -35.5845
1433000 300.69 -16503.4 29.511
1434000 299.975 -16485.3 18.5961
1435000 302.009 -16480.8 7.49501
1436000 299.324 -16541.7 -8.79853
1437000 299.544 -16616 23.0828
1438000 299.527 -16590.9 -11.2451
1439000 299.046 -16552.6 -29.3411
1440000 299.11 -16527.9 -28.2425
1441000 301.684 -16551.1 72.905
1442000 301.063 -16536 -74.7241
1443000 298.552 -16590.6 86.8351
1444000 299.585 -16461.8 -23.9741
1445000 298.157 -16521.4 1.44096
1446000 297.658 -16498.9 44.0177
1447000 299.839 -16467.9 -101.175
1448000 300.234 -16484.6 66.8215
1449000 299.921 -16468.8 54.1154
1450000 300.164 -16504.2 1.64493
1451000 299.211 -16573.5 -65.1036
1452000 300.249 -16569.7 13.3064
1453000 301.123 -16456 25.2471
1454000 300.013 -16482.8 4.48643
1455000 300.562 -16501.4 26.1121
1456000 300.09 -16527.9 -57.0931
1457000 299.347 -16534.7 46.0117
1458000 300.448 -16507.5 -13.3289
1459000 298.364 -16580 55.0316
1460000 300.333 -16492 -119.973
1461000 298.813 -16494.3 -10.2298
1462000 301.022 -16453.5 0.778922
1463000 298.791 -16528.6 5.30691
1464000 298.922 -16571.1 50.0095
1465000 300.743 -16532.8 -107.064
1466000 300.915 -16556.4 64.2187
1467000 301.447 -16536.6 54.1642
1468000 300.702 -16511.1 34.8259
1469000 299.739 -16504 -62.3444
1470000 300.46 -16497.3 -32.425
1471000 300.75 -16481.1 80.9568
1472000 299.741 -16471.8 20.9187
1473000 299.329 -16449.1 -117.544
1474000 299.963 -16433.1 60.9787
1475000 300.341 -16490.6 18.3447
1476000 301.351 -16516 -47.2275
1477000 299.364 -16513.8 55.9881
1478000 299.512 -16549.8 -32.7855
1479000 299.58 -16554.5 -28.9002
1480000 299.484 -16564.6 14.1709
1481000 300.94 -16468.2 -10.6279
1482000 301.024 -16469.5 52.5161
1483000 298.88 -16525.2 -11.9945
1484000 298.786 -16524.8 -9.47281
1485000 298.868 -16534.3 65.9964
1486000 300.355 -16498.6 -61.8655
1487000 299.348 -16508.4 30.9677
1488000 299.945 -16474.9 29.2153
1489000 298.591 -16540.7 -17.5792
1490000 300.815 -16536 -11.4963
1491000 301.755 -16484.1 10.8854
1492000 299.612 -16529.1 23.2392
1493000 300.245 -16553.8 26.252
1494000 301.866 -16486.3 -65.7664
1495000 301.82 -16474 33.9063
1496000 298.485 -16496.8 -77.5494
1497000 299.073 -16532.9 35.7918
1498000 300.081 -16490.6 156.01
1499000 302.686 -16448.3 -112.171
1500000 301.851 -16452.7 21.9792
1501000 300.204 -16465.3 -15.3563
1502000 300.955 -16494.8 30.2229
1503000 298.394 -16535.2 -17.784
1504000 300.727 -16445.7 -40.5102
1505000 300.85 -16494 99.121
1506000 301.431 -16486.8 4.08695
1507000 300.399 -16442.7 23.7051
1508000 300.791 -16494.1 -27.7287
1509000 299.625 -16525.8 -43.5392
1510000 299.889 -16514.2 5.94108
1511000 299.575 -16562.9 81.5096
1512000 300.474 -16492.3 -68.6909
1513000 301.033 -16511 35.8454
1514000 299.293 -16513.6 6.72061
1515000 298.837 -16505.3 -33.1406
1516000 298.985 -16520.7 18.3399
1517000 300.332 -16516.4 -72.3216
1518000 300.599 -16495.2 0.819556
1519000 299.057 -16515 53.4444
1520000 299.425 -16504.4 -19.212
1521000 299.92 -16487.8 14.1177
1522000 299.675 -16541 -11.8235
1523000 299.64 -16464.9 -39.4481
1524000 299.485 -16528.6 130.218
1525000 299.695 -16517.5 27.3471
1526000 301.109 -16442.1 -37.5441
1527000 298.928 -16501.3 -97.2496
1528000 299.27 -16505.3 11.8363
1529000 300.126 -16478.1 43.2006
1530000 300.086 -16549 -22.5782
1531000 300.666 -16588.8 17.353
1532000 298.794 -16569.4 -74.3413
1533000 300.996 -16485.8 59.2756
1534000 300.288 -16421.9 -53.5408
1535000 299.634 -16410.2 109.09
1536000 299.041 -16465 -24.6443
1537000 300.731 -16445.4 14.4954
1538000 300.388 -16431.1 -15.3519
1539000 299.833 -16494.8 -19.167
1540000 299.148 -16541 23.442
1541000 297.792 -16572.1 34.4445
1542000 297.881 -16529.7 7.69773
1543000 299.277 -16544 58.3742
1544000 301.539 -16479.1 -76.4755
1545000 299.941 -16524.2 -34.9128
1546000 300.657 -16527.7 59.7088
1547000 298.11 -16601 -54.7981
1548000 300.505 -16559.5 -5.59714
1549000 298.718 -16556.6 35.1642
1550000 299.665 -16504.8 43.3576
1551000 299.166 -16489 -63.1671
1552000 300.168 -16488.4 1.33453
1553000 300.884 -16413.9 4.53568
1554000 300.351 -16487 50.4105
1555000 299.902 -16524.4 -4.89528
1556000 299.8 -16578.4 -52.3481
1557000 299.101 -16600.8 63.1089
1558000 299.426 -16540.8 -27.645
1559000 301.393 -16507.1 -23.4141
1560000 301.595 -16466.4 42.1779
1561000 300.329 -16511 10.6517
1562000 299.258 -16559.9 -36.9055
1563000 299.909 -16518.8 16.413
1564000 299.168 -16549.8 41.8453
1565000 299.141 -16575.1 -41.8063
1566000 300.574 -16496.4 17.4376
1567000 301.14 -16541.4 1.50399
1568000 300.317 -16534.9 -41.8219
1569000 300.046 -16599.8 56.5869
1570000 299.199 -16568.8 -28.361
1571000 300.574 -16536.8 95.5491
1572000 302.629 -16468.9 -61.1489
1573000 298.725 -16529.9 9.09876
1574000 301.614 -16544 -22.6222
1575000 300.971 -16485.9 18.7655
1576000 297.541 -16596.6 27.303
1577000 300.696 -16542.2 -38.0032
1578000 298.447 -16551.2 -30.0887
1579000 300.027 -16640.2 52.5166
1580000 301.087 -16558.3 -35.3094
1581000 300.233 -16589 54.1206
1582000 298.811 -16604.4 -42.4923
1583000 299.006 -16610.5 -50.2551
1584000 300.668 -16538.2 -46.9852
1585000 299.151 -16553.2 3.48255
1586000 299.236 -16480.9 41.8459
1587000 300.31 -16558 -12.0447
1588000 301.521 -16510.5 52.4537
1589000 299.959 -16490 1.14906
1590000 299.567 -16526.1 21.1054
1591000 300.588 -16486.4 -10.8451
1592000 299.143 -16540.4 -10.4327
1593000 299.75 -16554.5 -18.7367
1594000 300.168 -16551.8 -36.9488
1595000 300.073 -16553.3 71.9187
1596000 299.897 -16535.8 26.9126
1597000 300.974 -16524.9 -77.9397
1598000 300.118 -16497.8 71.9584
1599000 300.348 -16479.4 11.0008
1600000 300.036 -16517.8 -38.4454
1601000 299.473 -16565.3 20.1804
1602000 299.069 -16521.8 -71.1666
1603000 300.629 -16517.5 38.7989
1604000 299.724 -16531.4 5.07192
1605000 299.618 -16558.9 21.1622
1606000 299.141 -16498.4 -15.0752
1607000 297.773 -16516.1 41.3332
1608000 300.634 -16513.1 -8.973
1609000 302.156 -16478.6 90.6851
1610000 300.044 -16517.8 -45.3896
1611000 300.69 -16559.2 -40.7487
1612000 299.281 -16561.2 -31.4509
1613000 300.071 -16517.8 136.025
1614000 298.183 -16553.5 -110.095
1615000 300.792 -16546.2 2.55254
1616000 299.59 -16561.7 45.3589
1617000 298.115 -16585 -54.989
1618000 300.144 -16572.9 4.05464
1619000 299.895 -16623.2 82.3565
1620000 299.801 -16552.1 -103.657
1621000 302.312 -16507.7 42.2609
1622000 300.61 -16534.8 39.4451
1623000 300.561 -16505.1 -28.9094
1624000 299.525 -16510.9 73.2816
1625000 300.139 -16456.4 -36.9791
1626000 297.753 -16543.3 -51.9758
1627000 299.673 -16579.8 3.67054
1628000 298.596 -16544.8 18.774
1629000 301.458 -16546.1 25.8589
1630000 299.377 -16605.1 17.779
1631000 300.279 -16543.8 -40.7303
1632000 299.186 -16543.2 -30.0718
1633000 298.844 -16600.6 22.5781
1634000 299.165 -16554.6 78.5105
1635000 301.176 -16469.1 -43.3323
1636000 298.997 -16542.2 -30.0956
1637000 299.693 -16485 -15.8665
1638000 300.919 -16445.1 54.8878
1639000 299.068 -16514.5 -24.313
1640000 299.692 -16514.8 -19.9647
1641000 299.49 -16516.5 -8.63421
1642000 300.558 -16494.1 -1.67562
1643000 299.897 -16474.7 23.7508
1644000 301.247 -16438.6 -6.61453
1645000 299.244 -16528.2 -27.6427
1646000 300.534 -16516.8 18.7369
1647000 299.863 -16511.1 -38.5344
1648000 300.192 -16492.4 55.2268
1649000 301.046 -16455.3 77.1664
1650000 299.295 -16532.2 -27.9121
1651000 299.408 -16523.8 -57.0292
1652000 300.689 -16514.9 90.2042
1653000 298.62 -16497.6 -32.1603
1654000 300.49 -16510.2 20.2941
1655000 298.293 -16537.6 1.45785
1656000 300.691 -16529.3 13.3603
1657000 300.542 -16490.9 6.74833
1658000 301.036 -16495.4 -43.9766
1659000 298.465 -16520.5 130.358
1660000 301.437 -16526.4 -158.331
1661000 300.93 -16582.7 4.49318
1662000 298.867 -16604.4 -26.6925
1663000 299.934 -16482 115.341
1664000 300.07 -16490.6 -101.716
1665000 299.51 -16487.6 50.2694
1666000 299.239 -16522.9 35.2157
1667000 301.249 -16478.6 12.5393
1668000 301.236 -16502.9 -72.1106
1669000 300.289 -16551.9 24.3565
1670000 300.116 -16507.5 25.3469
1671000 300.133 -16545.5 -22.9639
1672000 301.256 -16526.4 43.4073
1673000 300.805 -16463.4 -115.817
1674000 299.152 -16508.5 37.1364
1675000 299.031 -16514.4 6.95417
1676000 299.998 -16515.5 34.1624
1677000 299.537 -16487.2 66.3338
1678000 299.928 -16485.7 17.6772
1679000 300.735 -16502.5 -95.3685
1680000 300.519 -16552.2 41.3445
1681000 299.251 -16531 14.3043
1682000 300.201 -16522.2 75.1988
1683000 299.585 -16511.4 -42.5182
1684000 299.101 -16478.8 -49.474
1685000 298.913 -16518.1 10.9724
1686000 299.52 -16551.6 -2.17068
1687000 299.76 -16599.1 60.8677
1688000 299.125 -16526.2 26.0581
1689000 298.952 -16586.6 -14.0066
1690000 302.103 -16481.4 18.1413
1691000 299.357 -16516.6 63.0163
1692000 299.992 -16509.6 -58.2478
1693000 300.527 -16505.1 2.54488
1694000 299.556 -16495.4 -3.07147
1695000 301.019 -16424.8 -39.4226
1696000 300.335 -16501.3 33.0264
1697000 300.985 -16502.7 19.1763
1698000 300.769 -16503.1 44.1722
1699000 300.404 -16508.4 -68.3008
1700000 299.586 -16526 37.5002
1701000 299.864 -16467 -26.3011
1702000 299.135 -16520.8 44.8767
1703000 298.89 -16507.8 27.7911
1704000 299.919 -16544.8 -45.6145
1705000 299.775 -16527.1 51.1956
1706000 298.524 -16538.7 -32.9293
1707000 300.554 -16549 70.4271
1708000 299.308 -16531.7 -29.0016
1709000 300.936 -16519 -76.8052
1710000 299.926 -16522.5 18.3539
1711000 299.986 -16483.4 26.2758
1712000 299.937 -16518.4 7.42426
1713000 301.795 -16494.5 -35.0195
1714000 302.329 -16505.1 -23.5544
1715000 300.024 -16528 -24.8668
1716000 301.259 -16463.4 -11.7352
1717000 298.733 -16535.6 -1.35634
1718000 299.981 -16531.3 98.1852
1719000 300.814 -16545.2 -61.4593
1720000 300.428 -16552.3 -21.808
1721000 298.797 -16540 101.508
1722000 299.581 -16573.7 -88.6379
1723000 298.733 -16602.4 -1.5782
1724000 298.656 -16573.7 111.763
1725000 299.933 -16554.5 -47.9367
1726000 298.122 -16504.2 -0.335795
1727000 300.599 -16463.4 -11.8898
1728000 299.293 -16523.3 -24.3042
1729000 300.693 -16532.4 -9.45368
1730000 300.886 -16525 32.6317
1731000 300.086 -16472.7 -50.8742
1732000 299.858 -16505.1 0.944427
1733000 299.129 -16509.2 4.57936
1734000 299.514 -16528 36.6557
1735000 299.501 -16535.7 -9.18996
1736000 300.444 -16513.2 6.08937
1737000 300.288 -16495.6 3.14634
1738000 299.083 -16532.1 -79.7512
1739000 300.261 -16554.4 60.6615
1740000 297.473 -16587 15.057
1741000 301.038 -16492.3 -13.5538
1742000 298.504 -16550.9 67.4079
1743000 298.902 -16557.1 -32.1777
1744000 300.179 -16607.5 -12.232
1745000 299.115 -16579.1 67.1551
1746000 300.073 -16560.5 -37.9306
1747000 299.692 -16614.9 -9.23935
1748000 300.204 -16548.1 -11.5217
1749000 299.72 -16528.7 100.458
1750000 298.322 -16539.7 23.6825
1751000 299.422 -16467.1 -101.067
1752000 300.464 -16442.3 82.4534
1753000 298.69 -16539.4 -58.5624
1754000 301.6 -16549.8 16.4576
1755000 300.827 -16544.5 -24.4585
1756000 299.611 -16529.3 27.4263
1757000 300.076 -16533.9 20.6981
1758000 301.061 -16510 -108.003
1759000 297.801 -16599 65.3736
1760000 299.928 -16517 10.2829
1761000 299.768 -16547.2 -6.1526
1762000 299.512 -16613.7 24.3719
1763000 300.471 -16563.9 39.0026
1764000 298.124 -16574.7 9.04554
1765000 300.588 -16575 -39.38
1766000 299.56 -16627.9 54.2041
1767000 300.182 -16585.5 -51.8304
1768000 300.435 -16591.8 44.4936
1769000 299.777 -16526.9 -38.694
1770000 298.153 -16498.9 31.073
1771000 300.261 -16506.3 -38.3182
1772000 300.47 -16552 63.8746
1773000 299.075 -16525.6 -21.5959
1774000 299.377 -16549.3 11.7364
1775000 300.602 -16506.5 -28.4029
1776000 300.131 -16461.5 -40.4259
1777000 300.026 -16563.1 53.8878
1778000 300.384 -16552.2 -15.5939
1779000 299.6 -16596.1 -72.2532
1780000 300.539 -16525.4 88.0274
1781000 298.288 -16605.2 4.1191
1782000 301.755 -16561 5.38666
1783000 300.416 -16530.8 75.2006
1784000 300.431 -16537.7 -64.6822
1785000 299.522 -16581.5 15.6908
1786000 300.419 -16485 -16.5333
1787000 300.48 -16494.5 -25.8462
1788000 297.763 -16554.3 -18.2565
1789000 302.04 -16539.2 -0.294706
1790000 299.997 -16568.5 79.3218
1791000 300.204 -16542.6 -51.0432
1792000 297.668 -16610.6 22.2019
1793000 301.806 -16525.5 -75.3062
1794000 300.993 -16569.2 9.69147
1795000 300.039 -16595.7 14.5633
1796000 299.664 -16624.3 10.7032
1797000 298.963 -16573.9 -0.928116
1798000 300.63 -16511.2 27.3084
1799000 299.291 -16457.6 -27.6827
1800000 299.715 -16478 -65.6026
1801000 299.026 -16529.6 63.6591
1802000 298.205 -16577.4 -33.0198
1803000 300.072 -16497.8 43.5427
1804000 299.076 -16558.4 33.3581
1805000 300.201 -16475.9 -109.445
1806000 299.049 -16530.4 18.7334
1807000 299.629 -16573.8 40.4442
1808000 299.305 -16564.3 -60.6955
1809000 300.382 -16486.1 65.5285
1810000 299.975 -16509 16.3378
1811000 299.428 -16489.8 -36.1532
1812000 298.088 -16564.8 34.8256
1813000 299.709 -16512 -32.0572
1814000 300.388 -16557 32.0059
1815000 299.302 -16587.2 4.16637
1816000 300.004 -16494.8 7.6122
1817000 302.116 -16475.1 -12.8111
1818000 301.279 -16555.6 11.3839
1819000 300.557 -16550.9 -9.02043
1820000 300.741 -16479.7 6.45499
1821000 299.198 -16542 -15.8595
1822000 299.317 -16521 62.2349
1823000 299.441 -16511.2 -2.68237
1824000 298.962 -16478.7 -66.8882
1825000 301.723 -16490.4 48.0255
1826000 299.193 -16588.8 58.9662
1827000 301.906 -16500.4 -68.9996
1828000 300.538 -16486.3 -20.636
1829000 299.135 -16547.4 62.1279
1830000 300.831 -16537.8 -2.62317
1831000 298.979 -16545.8 -52.3572
1832000 300.835 -16557.3 -12.5241
1833000 299.547 -16491.1 57.6383
1834000 299.66 -16489.6 -53.4768
1835000 299.515 -16460.1 4.62211
1836000 299.645 -16498.3 -19.2439
1837000 301.121 -16512.4 76.4811
1838000 300.464 -16514.9 -11.6169
1839000 301.922 -16480 -32.5879
1840000 298.084 -16574.9 137.182
1841000 299.727 -16529.9 -187.591
1842000 300.218 -16523.9 4.12636
1843000 299.881 -16553 99.969
1844000 301.043 -16486.3 -39.0659
1845000 299.88 -16520.6 -6.21062
1846000 298.342 -16487.6 -24.9581
1847000 299.786 -16527.4 26.4625
1848000 298.989 -16514 19.6275
1849000 301.269 -16460.2 -28.2477
1850000 300.022 -16486 -3.53997
1851000 298.105 -16610.3 109.851
1852000 301.175 -16528.7 -89.4677
1853000 301.017 -16504.5 -11.5965
1854000 300.873 -16532.8 -2.73962
1855000 299.441 -16567.1 -2.08861
1856000 299.226 -16526.6 -6.43967
1857000 300.204 -16522.6 -11.8898
1858000 301.406 -16498.3 -5.47919
1859000 300.377 -16475.3 -40.9311
1860000 299.342 -16536.6 99.3703
1861000 299.073 -16526.5 -7.40384
1862000 299.751 -16568.7 5.25551
1863000 299.385 -16559.3 -5.58962
1864000 299.523 -16537.1 -88.6736
1865000 300.578 -16547.6 59.9693
1866000 299.318 -16536.3 27.2816
1867000 298.483 -16533.2 -4.92806
1868000 299.098 -16512.2 -7.33856
1869000 300.644 -16537.7 41.5088
1870000 300.965 -16476.7 -39.8462
1871000 301.023 -16505.8 18.234
1872000 298.076 -16517.4 -12.6425
1873000 300.782 -16494.3 28.7949
1874000 298.626 -16593.1 -80.025
1875000 299.234 -16611.1 74.1224
1876000 303.627 -16476.2 5.0608
1877000 300.269 -16517.9 86.4148
1878000 300.365 -16484.4 -7.71083
1879000 299.723 -16550 -76.6312
1880000 297.962 -16654.6 27.4554
1881000 300.267 -16569.8 -36.8987
1882000 300.916 -16574.6 17.2005
1883000 300.74 -16553.7 64.936
1884000 299.36 -16578.2 6.79119
1885000 301.39 -16582.4 -27.5158
1886000 300.816 -16507.2 -60.9609
1887000 299.861 -16476.2 -4.72395
1888000 299.883 -16520.4 -16.6104
1889000 298.878 -16495.5 50.5875
1890000 300.013 -16450.1 10.7164
1891000 300.618 -16403.1 -46.8387
1892000 298.354 -16520.8 -48.6619
1893000 298.272 -16588.6 69.0828
1894000 300.625 -16524.3 18.8776
1895000 300.538 -16557.6 3.06762
1896000 300.723 -16471.9 -44.3292
1897000 299.134 -16541.1 75.4258
1898000 298.429 -16580.5 -91.6232
1899000 299.879 -16576.8 -31.8357
1900000 298.442 -16576.8 99.7782
1901000 301.291 -16536.4 -14.6508
1902000 300.501 -16542.2 8.74414
1903000 299.584 -16502.1 29.3265
1904000 299.5 -16523.6 -29.0256
1905000 298.706 -16557.7 -62.1758
1906000 299.688 -16546.3 80.5084
1907000 300.443 -16541.3 -53.9079
1908000 300.116 -16503.6 40.8369
1909000 299.449 -16513.3 42.7278
1910000 301.171 -16523.2 2.24399
1911000 300.633 -16518.4 -56.4308
1912000 299.845 -16498 11.6798
1913000 298.035 -16535.9 -2.60036
1914000 300.449 -16574.9 19.3902
1915000 297.373 -16575.6 -28.1559
1916000 300.43 -16524.2 26.6081
1917000 299.212 -16520.8 -25.9693
1918000 300.656 -16535 81.2101
1919000 298.95 -16517.6 -16.1504
1920000 300.841 -16514.4 -96.4435
1921000 299.095 -16559.6 73.3165
1922000 301.222 -16547.5 -3.17674
1923000 299.724 -16610.9 27.6606
1924000 299.987 -16584.1 -55.6068
1925000 299.016 -16578.8 -62.7234
1926000 300.885 -16524.4 59.411
1927000 299.739 -16562.7 -26.3216
1928000 300.367 -16528.4 -0.423186
1929000 299.881 -16509.9 10.1404
1930000 299.993 -16510.3 40.2546
1931000 301.688 -16487.5 -11.8052
1932000 299.446 -16567 -3.34733
1933000 299.55 -16522.5 -33.0531
1934000 300.857 -16498.1 19.1186
1935000 300.144 -16473.3 -31.1071
1936000 300.815 -16351.3 -0.425217
1937000 299.559 -16449.8 63.1599
1938000 301.222 -16467.6 -7.9903
1939000 300.43 -16498.8 -1.45405
1940000 300.267 -16510.9 1.10629
1941000 299.003 -16546.5 -36.1509
1942000 300.774 -16467 59.0286
1943000 300.044 -16485 -46.2348
1944000 299.551 -16503.9 3.47976
1945000 300.218 -16484.8 34.198
1946000 298.791 -16528.2 -75.0849
1947000 301.128 -16523.8 118.979
1948000 298.655 -16538.6 -39.3327
1949000 300.411 -16506.4 -66.6667
1950000 299.607 -16524.6 18.4858
1951000 301.137 -16488.3 5.17156
1952000 300.549 -16481.4 62.9354
1953000 298.183 -16527.8 -32.6887
1954000 301.253 -16519.4 -4.52873
1955000 297.589 -16583.6 -33.1068
1956000 300.922 -16511.8 80.0846
1957000 299.176 -16476.8 -51.3582
1958000 297.944 -16553.4 55.5826
1959000 302.16 -16473.7 20.2215
1960000 297.508 -16487.6 -37.4349
1961000 300.224 -16481.2 -0.786602
1962000 300.264 -16507.1 -25.4364
1963000 299.061 -16461.2 14.6362
1964000 301.884 -16402.1 -24.0767
1965000 300.247 -16478.4 42.2952
1966000 300.368 -16483.7 -100.3
1967000 300.129 -16475.3 77.7403
1968000 300.867 -16491 63.7645
1969000 301.07 -16469.4 -46.5727
1970000 298.951 -16522.1 26.4981
1971000 301.097 -16540.3 -47.3524
1972000 299.48 -16585 31.6784
1973000 300.325 -16559.6 -17.837
1974000 300.435 -16578.5 -90.934
1975000 299.783 -16538.3 100.458
1976000 300.302 -16520.7 53.2843
1977000 298.978 -16547.6 -76.4011
1978000 299.865 -16506.6 18.6131
1979000 299.528 -16530.3 51.716
1980000 298.619 -16531.1 -36.0048
1981000 302.435 -16435.5 -5.39905
1982000 300.755 -16498 117.678
1983000 301.656 -16469.2 -39.5196
1984000 299.412 -16523.9 -67.4436
1985000 299.7 -16552.5 -51.4804
1986000 303.007 -16491.5 70.6363
1987000 298.049 -16547.5 66.1401
1988000 300.523 -16502.9 -30.0356
1989000 299.391 -16555.7 -44.0115
1990000 300.301 -16514.8 13.6961
1991000 300.634 -16492.4 37.4372
1992000 299.116 -16464.8 17.5378
1993000 299.891 -16486.7 56.8241
1994000 301.399 -16400.3 -114.735
1995000 298.655 -16469.4 53.1326
1996000 298.467 -16533.8 51.8133
1997000 300.134 -16507 8.43626
1998000 301.932 -16448.6 7.8647
1999000 301.009 -16452.5 -51.6692
2000000 302.103 -16447.6 -10.3789
