# Time-averaged data for fix 3
# TimeStep v_Temperature v_PotentialEnergy v_Pressure
2000 263.61 -16646 -436.113
3000 299.155 -16297.4 -191.175
4000 300.366 -16406.7 -11.1059
5000 300.514 -16491.5 -62.4403
6000 300.199 -16514.4 10.4178
7000 300.483 -16534.6 29.2474
8000 298.826 -16543 -45.339
9000 301.016 -16514.1 -11.0726
10000 299.941 -16491.9 46.1184
11000 302.195 -16502.2 43.8668
12000 301.063 -16529.3 -91.6232
13000 299.728 -16579.3 5.14702
14000 298.188 -16610.5 78.7362
15000 300.681 -16575.1 -64.2559
16000 298.581 -16600.3 50.3433
17000 300.674 -16574.1 -65.6275
18000 300.708 -16508.3 78.847
19000 300.151 -16551.6 42.5674
20000 301.756 -16500.4 -161.529
21000 299.69 -16579.9 80.4466
22000 298.91 -16586.3 69.3159
23000 301.216 -16529.8 -17.7033
24000 300.925 -16516.7 -64.3044
25000 300.088 -16519.3 79.4992
26000 299.903 -16509 -23.4575
27000 302.134 -16552 -49.1321
28000 299.796 -16582 21.5929
29000 298.681 -16536 -26.9553
30000 300.259 -16532.3 69.6948
31000 299.941 -16540.5 -60.2415
32000 301.715 -16527.7 12.8712
33000 301.387 -16545 -10.4734
34000 299.069 -16498.9 26.5016
35000 299.627 -16548.9 -39.8584
36000 300.512 -16506.4 7.93854
37000 298.715 -16559.4 7.8137
38000 299.703 -16545.6 -44.3966
39000 300.844 -16573.8 100.926
40000 300.9 -16562 -34.3108
41000 300.613 -16588.8 -31.0257
42000 301.032 -16614.5 4.9651
43000 299.328 -16551.4 31.8642
44000 298.768 -16545.7 28.5323
45000 299.126 -16522.6 -41.6752
46000 299.083 -16537.9 53.0035
47000 301.587 -16503.5 32.4114
48000 300.057 -16508.9 -42.4593
49000 299.432 -16548.8 25.1937
50000 300.183 -16553.1 32.8752
51000 300.083 -16542.3 -62.6247
52000 301.036 -16543.2 37.2021
53000 299.889 -16525.2 6.47602
54000 301.689 -16510.1 13.5571
55000 299.555 -16506.9 -8.73842
56000 299.136 -16547.2 -34.0999
57000 300.558 -16552.6 18.0348
58000 301.638 -16528.9 24.1169
59000 300.334 -16547.3 -26.7106
60000 301.853 -16535.6 -9.28626
61000 300.518 -16586.1 2.11022
62000 300.341 -16565.1 -8.09857
63000 297.712 -16556.2 -8.07102
64000 299.228 -16520.1 -20.3076
65000 299.741 -16521 48.7837
66000 297.486 -16564.1 -25.6274
67000 299.78 -16493.8 7.92514
68000 301.195 -16515.6 -14.0363
69000 299.986 -16542 49.3742
70000 299.548 -16602.5 19.7114
71000 301.038 -16528.6 -139.543
72000 299.403 -16537.1 45.4464
73000 298.298 -16597.8 73.2684
74000 299.752 -16512.2 -32.2678
75000 300.179 -16482.9 -48.5512
76000 300.826 -16442.7 4.31206
77000 300.214 -16474.7 47.1051
78000 301.835 -16445.9 -3.7193
79000 300.101 -16474.2 32.9611
80000 301.007 -16513.3 -25.7279
81000 298.736 -16508.6 -71.6728
82000 299.076 -16502.9 16.9642
83000 300.215 -16505.3 25.5507
84000 300.031 -16517.3 -3.66804
85000 299.525 -16538.5 26.9202
86000 301.885 -16506.1 -49.2304
87000 301.277 -16479.7 24.2738
88000 300.988 -16550 -4.69191
89000 300.083 -16476.5 3.15578
90000 297.728 -16553.7 39.1512
91000 301.292 -16545.5 21.686
92000 298.722 -16555.6 -68.8506
93000 299.028 -16578.2 25.4338
94000 299.089 -16566.6 -88.6295
95000 300.892 -16538.1 48.0925
96000 299.529 -16509.3 57.5218
97000 298.965 -16496.7 -15.8612
98000 300.231 -16551.6 -5.08861
99000 301.259 -16503.3 -34.0975
100000 300.387 -16511.5 -43.9002
101000 299.642 -16507 39.2642
102000 300.26 -16539.4 -65.8496
103000 300.143 -16562.1 77.0162
104000 301.195 -16547.8 44.507
105000 299.45 -16538.9 -84.8246
106000 301.014 -16521.4 116.535
107000 301.194 -16473.5 -148.884
108000 301.22 -16507.9 46.3266
109000 300.202 -16491.7 1.80179
110000 300.865 -16467.6 -10.9296
111000 299.408 -16556.9 52.3581
112000 298.918 -16595.5 -2.12553
113000 299.566 -16584 -92.8323
114000 301.24 -16523 -29.8089
115000 300.027 -16546.8 98.0423
116000 298.156 -16516.5 24.6947
117000 299.585 -16529.6 -26.9022
118000 298.794 -16539.8 3.84646
119000 298.095 -16519.5 -24.1541
120000 298.786 -16502.8 29.394
121000 300.396 -16447.6 -26.655
122000 300.148 -16425.4 32.7235
123000 300.764 -16463.1 -33.2557
124000 299.445 -16523.1 17.5959
125000 300.473 -16523.8 17.4532
126000 299.064 -16474.1 -7.9673
127000 298.288 -16512.1 17.2309
128000 298.682 -16455.3 19.266
129000 301.181 -16471.4 83.176
130000 300.096 -16529.8 -103.777
131000 298.357 -16501.4 -27.471
132000 298.143 -16567.7 12.443
133000 299.41 -16593.7 -8.8665
134000 299.476 -16559.1 0.189789
135000 301.324 -16536.7 57.6321
136000 301.316 -16533.5 -45.9567
137000 298.386 -16648.4 14.4455
138000 300.284 -16596.7 9.68783
139000 300.139 -16555.6 -12.836
140000 300.317 -16532.9 -17.2633
141000 299.075 -16577.9 27.3177
142000 299.35 -16578.9 30.4106
143000 301.94 -16541.3 -43.996
144000 299.194 -16582.5 54.0861
145000 299.144 -16565.6 -19.8687
146000 299.525 -16546 -55.8614
147000 299.064 -16534.8 45.7954
148000 299.264 -16561.1 18.0636
149000 299.701 -16486.4 -54.7217
150000 299.572 -16505.6 44.9115
151000 300.256 -16563.7 53.1346
152000 298.601 -16522.4 -9.64179
153000 301.953 -16434.7 -86.6143
154000 299.45 -16512.4 21.192
155000 300.034 -16540.2 16.5459
156000 299.286 -16598.5 33.2233
157000 302.403 -16531.7 -51.6453
158000 301.024 -16534.8 -7.57026
159000 300.558 -16542.1 -33.8184
160000 299.54 -16584.9 56.075
161000 299.705 -16585.7 -9.93141
162000 298.876 -16561.9 -0.759617
163000 302.267 -16476.4 76.2081
164000 299.113 -16525 -53.9774
165000 299.87 -16472.2 32.0257
166000 300.235 -16472.2 -38.4457
167000 298.81 -16526.1 55.0309
168000 300.471 -16446.5 -15.1609
169000 299.037 -16491.5 -67.1838
170000 298.62 -16523.6 28.7144
171000 299.313 -16551.6 65.6332
172000 300.15 -16505.5 -40.3881
173000 300.594 -16419.5 20.6215
174000 300.629 -16451.8 3.21179
175000 301.122 -16491.9 -59.264
176000 297.824 -16557.8 58.5412
177000 300.422 -16516.9 -5.92705
178000 297.98 -16561.2 -27.0197
179000 299.777 -16487.9 54.9549
180000 300.341 -16425.2 16.8921
181000 301.062 -16435.7 -38.2949
182000 298.686 -16513.8 79.7584
183000 299.688 -16478.1 -18.9394
184000 299.993 -16544.1 13.3586
185000 301.733 -16483.3 -70.4513
186000 300.077 -16463.9 19.425
187000 299.771 -16498.1 -3.76353
188000 299.876 -16490.1 71.1728
189000 299.401 -16546.5 -54.2612
190000 300.098 -16552.3 7.2288
191000 300.059 -16523.7 -16.153
192000 300.474 -16485.3 71.3183
193000 299.538 -16559.4 -74.6888
194000 300.437 -16613 57.1987
195000 298.836 -16572.8 -41.5102
196000 298.804 -16548.5 -77.3978
197000 300.02 -16538.1 98.0835
198000 299.677 -16570.9 46.821
199000 299.434 -16527.9 42.654
200000 300.283 -16522.7 -80.8018
201000 301.584 -16482.4 -49.943
202000 298.186 -16557.2 50.2235
203000 299.292 -16547.8 -20.7365
204000 300.518 -16549.8 51.3156
205000 299.287 -16545 -33.6098
206000 301.674 -16560.7 2.48192
207000 301.045 -16606.1 -66.6256
208000 297.103 -16666.9 35.7905
209000 300.771 -16614.7 56.0207
210000 299.013 -16621.7 7.10483
211000 302.521 -16524.4 -89.1647
212000 298.22 -16631.6 55.4739
213000 300.782 -16555.7 -2.94445
214000 301.887 -16510.3 36.8472
215000 300.916 -16557.6 -5.00126
216000 299.508 -16585.2 50.3791
217000 300.775 -16572.7 -6.14006
218000 298.781 -16592.1 -5.7503
219000 298.215 -16536.1 -28.6641
220000 301.426 -16479.6 12.449
221000 298.755 -16522.7 -2.68122
222000 299.711 -16519.1 -10.038
223000 299.926 -16497 -64.4324
224000 299.561 -16547.7 4.27915
225000 299.421 -16509.4 48.3817
226000 299.276 -16501.4 -68.417
227000 300.245 -16509.9 146.645
228000 299.012 -16443.9 -21.6939
229000 300.299 -16602.2 -44.4661
230000 300.325 -16576.2 -2.50185
231000 299.219 -16571.5 20.2558
232000 300.077 -16537.9 -18.7226
233000 299.029 -16540.9 -21.8461
234000 299.64 -16543.6 5.44777
235000 302.391 -16480.5 31.2412
236000 298.963 -16520 -6.89652
237000 300.148 -16528.9 41.9071
238000 301.475 -16457.7 -132.123
239000 300.777 -16478.2 -19.5737
240000 298.768 -16518.2 -4.12423
241000 300.761 -16501.4 4.46504
242000 299.648 -16490.8 -5.95164
243000 299.501 -16462.3 62.2312
244000 301.143 -16465.2 -38.8867
245000 299.165 -16484.1 19.2973
246000 297.17 -16535.5 -15.0007
247000 300.261 -16529 21.6129
248000 300.367 -16533.5 -73.0075
249000 298.578 -16540.5 23.0812
250000 299.922 -16591.8 52.827
251000 298.88 -16575.4 -9.9921
252000 300.853 -16565.9 -76.2366
253000 299.154 -16616.9 88.1994
254000 300.275 -16540 -30.5806
255000 301.085 -16514.9 46.1794
256000 301.715 -16498.6 -78.9252
257000 302.821 -16464 80.1525
258000 299.856 -16503.1 -19.5764
259000 300.245 -16544.3 50.2993
260000 299.43 -16564.2 -36.7224
261000 299.941 -16560.9 10.7192
262000 300.727 -16437.8 -38.9857
263000 301.533 -16470.5 43.2184
264000 299.285 -16577.6 10.9553
265000 299.211 -16530.3 23.7075
266000 300.452 -16492.4 -60.5393
267000 299.878 -16538.1 -5.84319
268000 300.526 -16569.2 42.7245
269000 297.963 -16563.9 65.6293
270000 298.245 -16493.1 -26.0408
271000 301.915 -16452.9 -66.0859
272000 300.926 -16447.9 18.6299
273000 299.144 -16546.9 10.8657
274000 299.124 -16560.7 -17.5341
275000 298.576 -16556.7 71.2462
276000 300.324 -16463.6 -61.3057
277000 300.098 -16517.6 -27.8063
278000 303.234 -16433.8 -4.21515
279000 299.799 -16469.7 -108.19
280000 300.88 -16528.1 -7.44017
281000 300.134 -16565.9 44.5526
282000 300.39 -16531.2 44.0507
283000 299.406 -16498.6 17.3878
284000 299.197 -16478.8 -29.9506
285000 299.694 -16482.4 17.6319
286000 301.523 -16552.8 1.27863
287000 299.935 -16561.4 -25.3159
288000 299.819 -16570.8 -32.1434
289000 300.492 -16556.2 47.0796
290000 297.92 -16586.4 45.4715
291000 299.738 -16530.7 -43.4631
292000 300.286 -16495.7 5.14119
293000 300.435 -16533.1 -23.0322
294000 299.84 -16521.1 4.72545
295000 299.905 -16509.4 49.3238
296000 298.852 -16563.9 10.295
297000 300.4 -16521.5 44.8677
298000 300.473 -16524.5 -64.6437
299000 300.677 -16544.9 -81.9487
300000 299.646 -16581.1 92.7076
301000 301.436 -16539.6 11.7575
302000 300.038 -16445.6 13.5912
303000 299.694 -16488.7 -37.2074
304000 300.578 -16464.4 -27.4542
305000 301.257 -16483.6 100.821
306000 300.555 -16471.3 -71.4388
307000 299.183 -16569.3 -20.4295
308000 299.549 -16583.2 10.9796
309000 299.819 -16536.2 51.9513
310000 300.47 -16555.7 4.6874
311000 300.359 -16540.2 -36.9393
312000 300.588 -16544.7 -26.179
313000 299.676 -16566.1 49.1528
314000 300.582 -16562.8 -22.7299
315000 300.299 -16534.8 19.5962
316000 299.826 -16538.3 15.0126
317000 300.509 -16576.6 -44.3948
318000 300.017 -16557.1 36.7584
319000 302.125 -16545.9 -77.7679
320000 299.841 -16565.4 69.1978
321000 300.226 -16564.5 68.9057
322000 300.164 -16540.1 -49.7785
323000 299.819 -16558.4 10.5974
324000 300.785 -16543.5 59.6273
325000 299.244 -16531 -98.858
326000 301.121 -16458.6 -17.3872
327000 298.974 -16527 67.3494
328000 300.256 -16466.6 67.0893
329000 300.167 -16478.6 -149.694
330000 301.617 -16495.2 32.7744
331000 299.889 -16551.2 -9.93209
332000 300.851 -16530.8 42.155
333000 299.379 -16505.1 -35.603
334000 300.629 -16470.8 62.4743
335000 300.756 -16551.1 3.366
336000 300.708 -16548.5 -9.90243
337000 300.921 -16489.2 -20.6524
338000 300.066 -16562.5 76.4768
339000 299.874 -16553.1 -72.7637
340000 301.079 -16508.2 6.5925
341000 299.863 -16517.8 -13.7871
342000 300.643 -16582.7 16.9115
343000 299.293 -16561.1 39.2402
344000 301.455 -16488.4 4.91099
345000 300.961 -16527.8 -58.5657
346000 299.901 -16535 -2.35967
347000 299.694 -16488.8 41.7171
348000 300.305 -16481 9.57282
349000 299.603 -16522.6 -43.4273
350000 300.185 -16524.3 20.6355
351000 299.447 -16429.3 36.4894
352000 299.644 -16427.4 -56.4354
353000 300.362 -16500.9 33.5568
354000 300.079 -16551 -27.1637
355000 299.783 -16530.3 -54.2084
356000 298.18 -16511.8 81.7305
357000 298.794 -16558.3 -20.8524
358000 300.478 -16550.4 -15.8818
359000 300.467 -16508.8 -5.13191
360000 299.285 -16576.9 -0.487284
361000 301.666 -16494.6 -59.1388
362000 299.542 -16520.8 18.9323
363000 299.035 -16526.2 25.4285
364000 299.559 -16517.1 12.1875
365000 299.314 -16486.3 -29.6524
366000 300.131 -16539.7 46.0942
367000 298.663 -16510.2 -49.3134
368000 299.531 -16490 -0.313761
369000 300.304 -16485.5 47.9092
370000 300.254 -16528 11.4558
371000 299.524 -16506.2 -80.0531
372000 299.776 -16520.4 -30.5702
373000 298.711 -16560.6 11.8527
374000 300.998 -16543.3 59.4233
375000 300.896 -16472.9 -23.3027
376000 298.757 -16538.7 -30.3738
377000 300.634 -16575.2 -35.3212
378000 298.938 -16591.6 14.9028
379000 298.977 -16585 15.0396
380000 299.499 -16521.8 29.0044
381000 299.281 -16582.5 11.1878
382000 300.908 -16542.1 -32.8031
383000 299.366 -16592.3 -21.0567
384000 299.289 -16530.4 42.1935
385000 299.198 -16511.5 -10.0225
386000 300.126 -16540.4 -8.29852
387000 300.227 -16543.5 41.6211
388000 300.07 -16518.1 -2.2942
389000 298.697 -16532.1 -7.50428
390000 299.912 -16545 -71.7789
391000 297.971 -16570.5 -5.81387
392000 301.192 -16509 8.05311
393000 301.307 -16540.1 64.0269
394000 299.125 -16533.7 -1.21546
395000 300.173 -16552.6 -21.706
396000 301.595 -16490.3 -37.7987
397000 298.565 -16502.6 119.343
398000 300.484 -16526 -46.2904
399000 299.528 -16534.8 -70.5646
400000 301.027 -16488.9 19.225
401000 298.336 -16496.1 40.4459
402000 299.927 -16586.1 -16.7128
403000 299.558 -16541.5 37.4769
404000 300.502 -16564 -10.3179
405000 298.771 -16529.7 -27.9879
406000 299.019 -16508.7 29.0881
407000 300.611 -16484.3 -70.7548
408000 298.407 -16529.5 98.5343
409000 300.688 -16482.9 -59.2394
410000 299.27 -16462.1 26.9531
411000 299.812 -16472.3 -39.7083
412000 298.2 -16545.2 -1.07934
413000 299.535 -16516.8 -24.7793
414000 301.13 -16473.1 97.2763
415000 302.026 -16455.8 3.03439
416000 297.565 -16543.1 -14.7394
417000 300.299 -16567.5 -30.2622
418000 300.635 -16607 -92.0771
419000 301.85 -16550.1 38.5609
420000 298.938 -16526.4 13.5982
421000 299.256 -16533.9 30.6585
422000 300.008 -16518.4 58.4041
423000 300.359 -16509 -35.6827
424000 300.948 -16505.8 51.3857
425000 299.259 -16527.1 4.42593
426000 298.802 -16596.4 14.2747
427000 300.084 -16547.7 -47.7286
428000 299.304 -16556.4 -18.0485
429000 300.013 -16505 37.3363
430000 299.436 -16484.1 108.356
431000 299.121 -16502.2 -101.647
432000 299.532 -16546.6 -58.8824
433000 301.105 -16542.7 57.1405
434000 301.326 -16551.2 19.4293
435000 301.328 -16487.4 -6.97761
436000 299.287 -16523.1 -0.971163
437000 297.829 -16503.4 -39.5053
438000 299.758 -16541.5 -0.637413
439000 299.049 -16499.4 36.4408
440000 300.961 -16524.1 -1.9045
441000 299.005 -16564.4 72.9649
442000 300.381 -16530.3 -55.5558
443000 300.15 -16483 51.6892
444000 299.718 -16544.5 -12.1961
445000 301.911 -16525.1 -89.2997
446000 301.729 -16529 26.4982
447000 300.297 -16579.9 81.0909
448000 299.304 -16604.4 -18.8427
449000 299.768 -16550 -2.04228
450000 300.25 -16484.8 18.7414
451000 299.185 -16548.8 -93.4367
452000 299.701 -16516 38.6149
453000 300.284 -16504.9 -79.2365
454000 300.788 -16521.2 94.6571
455000 298.121 -16533.6 -67.4547
456000 301.135 -16508.4 78.3724
457000 298.936 -16511.3 -34.2944
458000 299.324 -16531.4 39.1888
459000 301.06 -16518.4 9.52918
460000 301.82 -16565.8 -37.0627
461000 299.232 -16556.8 -9.17643
462000 299.508 -16569.1 78.5809
463000 300.498 -16511.4 -23.3934
464000 300.472 -16588 36.0517
465000 300.718 -16580.5 -14.4007
466000 302.021 -16509.9 -50.1805
467000 299.156 -16533.8 41.4108
468000 298.779 -16536.6 -57.6748
469000 298.262 -16595.2 81.4145
470000 299.522 -16583.8 -52.2268
471000 299.019 -16539.3 22.128
472000 297.984 -16559.7 32.2381
473000 299.886 -16559.3 -89.9845
474000 298.73 -16564.2 143.675
475000 300.984 -16569.1 -1.73599
476000 300.136 -16499.6 -96.9095
477000 301.438 -16443.6 45.7437
478000 299.24 -16504.7 22.461
479000 301.039 -16453 -52.0294
480000 299.372 -16517.9 -3.44108
481000 298.068 -16518 18.3281
482000 299.612 -16443.7 40.256
483000 300.888 -16484.6 -46.148
484000 300.632 -16473.7 -58.265
485000 299.719 -16498.9 45.1873
486000 299.891 -16468.5 -94.8432
487000 301.306 -16512.6 155.294
488000 299.643 -16474.1 -87.0045
489000 302.061 -16468.8 63.761
490000 301.019 -16474.5 -29.8879
491000 300.493 -16444 -20.8311
492000 301.608 -16462.1 -16.968
493000 299.921 -16475.4 46.7017
494000 299.501 -16487.7 -6.51718
495000 299.542 -16485.2 -76.2923
496000 300.263 -16492.8 53.7422
497000 298.832 -16489.9 94.0898
498000 299.552 -16477 -57.6326
499000 300.077 -16506 -97.9742
500000 301.155 -16560.2 66.7867
501000 299.412 -16522.3 30.4867
502000 300.05 -16505.4 -75.2944
503000 300.381 -16461.2 52.8973
504000 300.021 -16504.9 -7.7195
505000 300 -16489.1 -79.6023
506000 298.115 -16564.1 95.8577
507000 299.937 -16468.7 -17.838
508000 301.302 -16486.6 -7.00154
509000 299.787 -16554.2 12.4494
510000 300.412 -16505 -21.5021
511000 299.788 -16593.3 54.7468
512000 299.87 -16559.3 -11.0106
513000 301.46 -16514.6 -49.4658
514000 299.476 -16453 -7.10262
515000 300.091 -16504 47.1153
516000 297.974 -16576.6 0.944157
517000 299.673 -16522.9 -41.7656
518000 301.568 -16530.2 0.476589
519000 299.225 -16532.4 -16.212
520000 299.854 -16490.6 88.8573
521000 299.528 -16506.1 -76.0289
522000 299.817 -16516.6 -28.4856
523000 299.239 -16487.4 2.50406
524000 300.397 -16452.4 45.0586
525000 300.372 -16497 -29.1157
526000 300.76 -16491.3 -35.2537
527000 298.992 -16554.9 65.2641
528000 298.259 -16541.3 27.3159
529000 299.18 -16555.8 -28.1724
530000 299.905 -16495.4 3.16823
531000 301.385 -16446.9 11.4737
532000 299.272 -16476.3 20.9512
533000 300.861 -16460.8 -68.8176
534000 301.448 -16478 57.5758
535000 299.839 -16518.7 -21.0823
536000 299.496 -16544.7 28.3557
537000 301.216 -16472.7 -23.2581
538000 301.141 -16523.1 -36.018
539000 300.1 -16523.2 55.7347
540000 300.233 -16498.7 -51.9151
541000 299.138 -16493.3 7.87453
542000 301.635 -16456.4 -51.1972
543000 301.525 -16508.7 18.1532
544000 301.58 -16558.2 57.8465
545000 301.28 -16562.8 51.8724
546000 301.082 -16532.9 -72.5863
547000 300.912 -16536.4 33.5718
548000 299.696 -16487.5 -31.0594
549000 299.559 -16503.1 11.1279
550000 300.266 -16541.8 23.1728
551000 300.928 -16520.5 9.71624
552000 299.661 -16513.2 -39.4665
553000 299.053 -16569.2 -11.4767
554000 298.976 -16561.5 -74.7855
555000 300.006 -16520.2 57.3447
556000 300.626 -16533.3 33.6357
557000 300.298 -16559.8 76.7913
558000 298.036 -16601 -62.6463
559000 298.621 -16572.9 -27.2007
560000 301.403 -16552.4 34.1509
561000 300.793 -16544.3 -38.3138
562000 299.243 -16533.6 16.511
563000 299.698 -16518 39.9302
564000 299.26 -16497.3 -19.8646
565000 299.774 -16456.2 0.762083
566000 298.142 -16497.3 -72.664
567000 301.552 -16502.1 59.099
568000 299.445 -16569.2 28.7289
569000 299.55 -16560.9 35.7813
570000 301.442 -16504.5 -100.847
571000 298.588 -16584.2 23.7768
572000 299.13 -16588.6 17.497
573000 299.668 -16560.7 -69.4713
574000 301.489 -16530.9 73.0547
575000 301.509 -16502.6 -35.7507
576000 299.837 -16587.6 23.4982
577000 300.095 -16587.5 14.6575
578000 301.482 -16505.4 31.3185
579000 300.742 -16553.6 35.8581
580000 299.928 -16555.4 -121.269
581000 301 -16512.8 63.7962
582000 298.541 -16561.6 2.97092
583000 300.239 -16509.3 15.8955
584000 302.548 -16445.6 4.67085
585000 299.357 -16493.3 23.1959
586000 299.705 -16520.6 8.63782
587000 301.371 -16462.4 -42.7254
588000 301.013 -16516.6 27.0974
589000 298.164 -16529.1 0.587275
590000 297.631 -16542 -28.5649
591000 298.571 -16550.2 51.2941
592000 299.741 -16542 10.0729
593000 300.459 -16524.5 6.99914
594000 299.988 -16567.1 6.79855
595000 300.977 -16524.2 -105.999
596000 298.609 -16593 -25.5015
597000 299.386 -16557.2 91.5349
598000 300.965 -16535.9 -69.012
599000 299.879 -16579.8 -27.9735
600000 300.978 -16531.7 34.6057
601000 299.716 -16571.9 25.6682
602000 299.515 -16617.2 50.3469
603000 298.696 -16631.5 -36.2913
604000 299.07 -16597.1 -47.2221
605000 300.533 -16548 55.3878
606000 299.293 -16558.4 67.8218
607000 300.611 -16461.7 -86.4046
608000 299.557 -16498.4 68.7463
609000 300.705 -16470.5 14.5649
610000 299.207 -16520.7 -66.8681
611000 299.388 -16518.1 20.0793
612000 299.632 -16458.3 64.6916
613000 299.994 -16464.6 -72.192
614000 300.293 -16533.3 30.3881
615000 300.217 -16529.4 39.2541
616000 298.361 -16546.8 92.0883
617000 299.699 -16511 -81.3713
618000 301.817 -16517.2 69.5048
619000 299.054 -16548.9 -86.6119
620000 301.28 -16530.3 61.6314
621000 300.533 -16518.6 -51.8449
622000 299.53 -16549.4 87.2169
623000 299.933 -16481.8 -32.2823
624000 300.766 -16488.5 -45.7136
625000 299.495 -16530.8 27.2739
626000 300.059 -16505.4 -31.9318
627000 301.348 -16564.2 2.51778
628000 298.937 -16605.2 40.7987
629000 300.921 -16594 -40.9845
630000 301.682 -16560.9 -6.64547
631000 299.617 -16576.8 13.5911
632000 300.29 -16569.9 6.10525
633000 300.925 -16526 28.9049
634000 298.737 -16540.3 -74.468
635000 298.584 -16537 33.2854
636000 299.782 -16470.3 21.5918
637000 299.304 -16470.6 63.6696
638000 300.42 -16452.7 -96.3405
639000 299.765 -16507.1 59.9279
640000 298.763 -16519.2 78.9961
641000 298.691 -16526.8 -48.996
642000 299.688 -16514.4 66.1158
643000 299.69 -16514.8 -79.6851
644000 298.485 -16540.7 57.2789
645000 298.636 -16540.2 -7.43699
646000 298.52 -16558.1 7.52578
647000 301.17 -16536.2 38.8184
648000 299.877 -16520.6 -66.0079
649000 300.837 -16471.8 -27.9401
650000 301.965 -16422.5 31.8806
651000 301.84 -16426.7 -6.11159
652000 300.832 -16524.1 -9.29066
653000 300.164 -16549.8 40.2817
654000 300.71 -16525.5 0.0581584
655000 298.697 -16523 -22.6062
656000 300.061 -16541.3 15.2155
657000 299.697 -16557.4 -6.32136
658000 298.755 -16574.6 40.6125
659000 301.078 -16529.4 15.6834
660000 301.062 -16518.8 22.6289
661000 301.173 -16519.2 11.7355
662000 302.087 -16485.9 -48.518
663000 299.129 -16510 90.9413
664000 300.26 -16472.4 -60.092
665000 297.248 -16508 22.2949
666000 301.092 -16428 -73.2913
667000 298.238 -16490.3 81.1444
668000 298.924 -16565.9 -39.7761
669000 299.216 -16519.9 -1.90128
670000 299.544 -16538.3 27.2391
671000 300.033 -16494.2 41.5154
672000 300.482 -16530.1 -19.1972
673000 300.335 -16529.9 -4.91073
674000 299.129 -16511.7 -12.6098
675000 299.254 -16501.6 -36.627
676000 302.414 -16452.2 35.0974
677000 300.481 -16573.6 43.9495
678000 298.79 -16524.3 -13.7984
679000 300.742 -16481.8 16.7935
680000 301.692 -16524.4 41.0787
681000 297 -16624 -36.9112
682000 301.376 -16537.4 -22.7198
683000 299.376 -16581.1 52.1674
684000 299.637 -16556.8 -52.1572
685000 300.002 -16513 -15.364
686000 301.88 -16473.4 15.8848
687000 300.901 -16516.5 -43.9101
688000 299.696 -16562.5 10.226
689000 301.113 -16542.2 -23.7344
690000 301.054 -16504.7 46.0331
691000 301.355 -16484.9 7.94583
692000 299.046 -16478.8 36.9428
693000 299.623 -16520.5 -92.3045
694000 299.959 -16532.9 53.7991
695000 300.578 -16549.6 -10.6957
696000 298.765 -16587.1 3.98316
697000 300.993 -16526.5 59.4697
698000 300.211 -16446.2 -111.239
699000 300.712 -16540.7 47.5004
700000 301.585 -16537 14.0236
701000 299.447 -16565.1 56.844
702000 300.89 -16504.2 -5.87494
703000 298.706 -16514.1 -73.3559
704000 299.932 -16504.4 10.9377
705000 297.283 -16508.9 14.4807
706000 300.002 -16466.8 -20.0974
707000 300.86 -16481.9 29.5482
708000 299.647 -16466.3 -27.4469
709000 301.244 -16524.7 -59.1238
710000 298.873 -16584.1 69.826
711000 300.751 -16493.9 2.43074
712000 299.634 -16502.1 4.84656
713000 298.591 -16525.5 32.369
714000 299.434 -16492.8 26.9833
715000 301.502 -16499 -45.4738
716000 299.271 -16552.6 -24.7562
717000 301.124 -16492.2 75.1588
718000 300.338 -16561 30.0123
719000 298.959 -16579.6 1.81872
720000 299.69 -16527.6 -50.458
721000 300.612 -16545.2 -14.301
722000 300.36 -16537.6 18.4562
723000 301.979 -16464.6 -50.9087
724000 301.544 -16513.7 37.8692
725000 299.924 -16507 13.8472
726000 300.285 -16443.6 20.0399
727000 299.559 -16540.4 43.52
728000 297.781 -16607.6 -67.1944
729000 301.062 -16574.7 40.8911
730000 300.573 -16534.3 -15.5774
731000 298.676 -16559 24.8271
732000 299.565 -16532.8 -16.0729
733000 300.404 -16467.2 -36.0773
734000 301.34 -16451 31.2456
735000 300.986 -16463.2 -14.2672
736000 300.478 -16543.8 92.5124
737000 300.983 -16529.8 -65.6713
738000 299.978 -16554.3 1.73492
739000 299.148 -16515.6 60.6114
740000 301.319 -16449 -54.6292
741000 300.522 -16552.1 -7.70858
742000 298.258 -16578.5 -6.24986
743000 299.761 -16563.4 1.12925
744000 300.095 -16483.8 40.9402
745000 299.602 -16553.8 -24.0056
746000 299.451 -16575.9 32.4932
747000 300.503 -16513.5 19.47
748000 298.534 -16546 -29.0263
749000 299.916 -16493.1 -44.4369
750000 301.63 -16431.4 -20.2606
751000 299.511 -16526 0.578757
752000 301.114 -16517.1 36.9686
753000 298.789 -16583.4 21.9231
754000 301.195 -16561.3 -34.8099
755000 300.849 -16556 21.4956
756000 299.393 -16503 39.5606
757000 297.546 -16571 -36.0859
758000 299.702 -16571.6 -17.9464
759000 298.851 -16600.1 50.5289
760000 299.89 -16524.4 5.38703
761000 299.806 -16522.7 -15.174
762000 299.138 -16504.6 7.92847
763000 298.738 -16518.2 52.349
764000 298.872 -16549.8 44.2823
765000 301.002 -16505.6 -65.7187
766000 298.565 -16555.2 28.7243
767000 299.253 -16613.9 95.4453
768000 301.318 -16556.5 -65.0208
769000 301.955 -16500.1 -96.9552
770000 300.236 -16539.8 74.1106
771000 299.841 -16519 38.8588
772000 299.309 -16559.3 -5.20447
773000 298.058 -16588.9 -14.6789
774000 300.427 -16551.3 11.1509
775000 298.79 -16487.9 79.3775
776000 301.783 -16418.2 -63.1054
777000 300.245 -16494.3 -40.0231
778000 300.975 -16492.1 20.9062
779000 301.157 -16458.6 74.4839
780000 299.272 -16499.6 27.113
781000 298.805 -16531.6 -38.5569
782000 299.332 -16517.3 12.6565
783000 302.024 -16471.3 -86.9559
784000 299.981 -16535.2 45.27
785000 299.782 -16583.7 -39.476
786000 300.213 -16506.5 -13.1621
787000 301.576 -16477.9 29.4954
788000 300.175 -16506.8 -15.0472
789000 299.846 -16535.5 72.9851
790000 300.789 -16544.4 36.1582
791000 300.955 -16509.8 -69.5919
792000 301.114 -16578.1 -8.69349
793000 300.541 -16621.9 35.6833
794000 298.927 -16583.8 9.67277
795000 299.157 -16547.6 -22.7464
796000 300.368 -16500.5 -52.6893
797000 302.299 -16474.3 32.4661
798000 300.474 -16512.6 -47.2216
799000 300.772 -16476.4 74.6213
800000 300.614 -16489 -32.2914
801000 298.771 -16529.4 -78.0556
802000 300.276 -16517.3 26.3119
803000 300.361 -16502.2 77.9847
804000 299.308 -16484.9 -29.3672
805000 302.474 -16456.4 -53.2703
806000 301.443 -16500.9 27.2045
807000 300.109 -16476.9 42.722
808000 301.375 -16537.5 -32.9805
809000 298.893 -16576.2 23.126
810000 297.314 -16575.6 19.6856
811000 301.185 -16474.1 40.12
812000 300.385 -16453.7 -57.5234
813000 302.257 -16468.4 8.7476
814000 301.491 -16520.3 37.1827
815000 300.623 -16532.4 75.4449
816000 298.136 -16475.2 -96.0884
817000 299.525 -16501.8 8.22433
818000 299.689 -16539.2 -81.1063
819000 301.42 -16469 89.45
820000 299.274 -16513.6 -5.38051
821000 300.191 -16533.1 -0.492645
822000 300.982 -16522.7 -31.7444
823000 299.585 -16513 -17.4226
824000 299.897 -16501.9 -43.367
825000 299.769 -16522.3 28.7839
826000 300.749 -16467.6 -10.0496
827000 300.593 -16501.3 36.5518
828000 299.624 -16498.2 14.92
829000 300.36 -16498.6 59.3115
830000 299.668 -16504.3 -49.4551
831000 300.414 -16505.7 17.7555
832000 297.261 -16558.4 -29.2793
833000 298.307 -16582.4 18.786
834000 302.228 -16479.6 4.56824
835000 299.307 -16526 52.6278
836000 300.81 -16482.2 -124.827
837000 300.046 -16546.9 66.3076
838000 299.551 -16538.8 -6.60474
839000 298.466 -16537.4 30.1958
840000 300.232 -16480.6 -35.9759
841000 299.255 -16565.5 105.563
842000 300.083 -16535.3 -96.1099
843000 300.308 -16518.4 -9.39478
844000 299.499 -16554.9 111.158
845000 300.918 -16501.4 -94.1255
846000 300.884 -16493.7 111.689
847000 300.238 -16557.7 -97.3536
848000 300.812 -16529 -21.1899
849000 299.488 -16492.8 -0.801562
850000 298.765 -16535.5 73.9606
851000 299.71 -16512.7 37.0914
852000 300.585 -16425.2 -38.8527
853000 299.267 -16482 -57.1598
854000 301.967 -16533.3 22.8139
855000 300.341 -16534.4 -3.14039
856000 299.805 -16532.3 24.8992
857000 302.464 -16561.3 46.6037
858000 300.484 -16526.4 -33.1875
859000 300.85 -16510.9 56.2241
860000 301.02 -16534 -53.1949
861000 300.922 -16515.5 26.4557
862000 301.203 -16488.3 -47.045
863000 298.617 -16611.5 -29.0392
864000 300.152 -16564.1 6.02967
865000 298.174 -16546.7 86.206
866000 299.747 -16511.1 6.22695
867000 300.604 -16499.6 73.5635
868000 297.646 -16465.9 -35.1452
869000 301.58 -16501.3 -31.6121
870000 299.789 -16553.6 -71.9859
871000 300.301 -16558.4 12.2111
872000 301.752 -16497.6 9.79579
873000 301.518 -16483.3 -14.5848
874000 301.259 -16517.9 -26.5758
875000 299.568 -16511.5 -16.1132
876000 300.242 -16500.3 27.55
877000 299.346 -16506.8 -3.62641
878000 298.628 -16541.6 18.0056
879000 299.284 -16514.3 -40.9833
880000 301.064 -16539.9 62.339
881000 299.749 -16553.2 28.1896
882000 300.331 -16573 -43.7948
883000 301.873 -16487.3 47.1396
884000 300.138 -16543.6 26.3688
885000 299.363 -16521.1 -65.8511
886000 301.449 -16478 57.9667
887000 301.267 -16473 26.5173
888000 298.429 -16455.1 -79.2619
889000 300.159 -16463 16.105
890000 299.946 -16477.3 -6.36018
891000 298.999 -16510 -36.6285
892000 300.147 -16543.6 89.5394
893000 300.591 -16537.1 17.4298
894000 298.935 -16569 -33.6037
895000 299.609 -16563.7 -64.1943
896000 302.185 -16570.2 40.048
897000 300.73 -16617.5 39.2947
898000 300.733 -16633.5 0.755934
899000 299.789 -16558.2 -34.7632
900000 300.847 -16549.9 44.8627
901000 298.976 -16575.6 -8.16062
902000 300.154 -16535.5 12.3127
903000 301.833 -16442.6 -19.1765
904000 301.57 -16532.9 87.6131
905000 300.283 -16534 -125.721
906000 299.723 -16540.8 64.9608
907000 297.782 -16527.2 43.6662
908000 300.604 -16496.5 -9.68957
909000 301.908 -16443.8 -1.35314
910000 299.506 -16467.7 -14.3912
911000 299.813 -16562.2 -13.4889
912000 301.828 -16533.7 44.1683
913000 299.875 -16587.2 -14.5147
914000 302.271 -16533.2 -14.899
915000 299.463 -16552.8 -29.4959
916000 299.77 -16539.4 32.0954
917000 300.929 -16569.6 -7.65258
918000 298.974 -16593.7 49.353
919000 301.62 -16537 -38.6403
920000 298.665 -16548.5 -28.5411
921000 300.044 -16521.8 16.8928
922000 300.168 -16528.1 23.6747
923000 300.558 -16495.5 -70.6318
924000 300.322 -16566.5 33.9121
925000 300.478 -16538.8 -2.57031
926000 299.201 -16496.5 -70.0229
927000 298.972 -16460.7 110.325
928000 300.884 -16545 -40.9828
929000 299.109 -16551.7 10.7906
930000 300.722 -16542.1 23.2291
931000 298.925 -16553.1 -25.8861
932000 300.922 -16508 35.1761
933000 301.09 -16537.3 -75.6782
934000 300.503 -16559 26.8633
935000 298.603 -16572.9 44.7962
936000 300.298 -16572.8 35.8945
937000 300.352 -16546.4 -20.4718
938000 299.562 -16516.8 -60.29
939000 299.219 -16525.1 -1.76139
940000 299.155 -16602.8 112.528
941000 299.886 -16575.8 -15.8869
942000 300.255 -16541.6 -9.4951
943000 301.346 -16535.8 -41.2411
944000 301.989 -16432.1 -34.3056
945000 299.279 -16485.3 56.574
946000 300.252 -16454.5 -70.206
947000 300.307 -16488 78.8604
948000 301.305 -16490.9 -32.3556
949000 299.501 -16525.9 10.4833
950000 299.646 -16537.6 -3.61617
951000 300.769 -16534.6 -25.8118
952000 298.899 -16610 123.845
953000 300.479 -16541.6 -62.3385
954000 301.713 -16541.2 31.4774
955000 300.262 -16569.7 -36.0475
956000 300.92 -16563.2 23.5041
957000 300.473 -16557.3 -26.2155
958000 301.671 -16594.7 -37.352
959000 299.086 -16611.1 32.6988
960000 298.573 -16572.5 7.4793
961000 300.356 -16549.4 10.4184
962000 300.646 -16496.7 21.8008
963000 301.408 -16485.3 -79.3191
964000 300.155 -16472.4 89.7919
965000 299.717 -16525.2 30.1822
966000 299.186 -16530.4 -83.2779
967000 299.604 -16535.1 17.3838
968000 298.579 -16589.7 -4.06281
969000 301.449 -16557.3 -65.8745
970000 299.229 -16617 33.5255
971000 298.831 -16552.9 -55.3957
972000 300.911 -16533.9 57.8539
973000 298.853 -16487.7 -111.189
974000 299.159 -16534.5 97.1385
975000 299.843 -16486.8 -35.2853
976000 298.308 -16490.7 64.0003
977000 299.83 -16507.7 -37.9335
978000 300.568 -16559.8 -7.07036
979000 299.179 -16612.4 -6.27785
980000 299.965 -16563.2 54.5603
981000 299.521 -16564.1 -53.7831
982000 300.401 -16558.7 0.604336
983000 299.555 -16510.7 26.5744
984000 300.444 -16560 -71.8618
985000 299.545 -16565.3 31.2104
986000 300.374 -16496 -44.2836
987000 298.165 -16540.3 48.5155
988000 297.068 -16547.2 20.1115
989000 299.447 -16610.3 27.903
990000 299.843 -16523.2 -2.2206
991000 300.649 -16502.4 -17.9069
992000 301.754 -16541.4 26.5851
993000 301.041 -16519.4 -28.4477
994000 299.617 -16552.2 -31.7363
995000 300.488 -16599.4 16.7328
996000 302.499 -16533.7 -29.5989
997000 300.345 -16506 78.3773
998000 298.633 -16509.5 -59.2389
999000 301.577 -16470.1 25.765
1000000 300.669 -16509.9 -44.5199
1001000 301.116 -16489.4 1.44601
1002000 299.561 -16471.9 -4.90681
1003000 301.397 -16412.6 -25.3681
1004000 300.576 -16473.8 6.09716
1005000 301.13 -16463.2 -71.8021
1006000 300.819 -16502.7 131.373
1007000 299.332 -16479.4 55.5688
1008000 300.051 -16487.5 -103.311
1009000 300.398 -16473.5 106.349
1010000 299.375 -16486.7 -85.6093
1011000 299.564 -16512.1 6.31972
1012000 299.952 -16539.4 -4.5627
1013000 300.596 -16525 73.1364
1014000 299.879 -16533.6 -15.4211
1015000 301.657 -16494 -12.454
1016000 299.672 -16583.2 45.9164
1017000 299.254 -16567.6 -0.0921031
1018000 300.267 -16541.4 50.6292
1019000 299.09 -16511.6 -181.441
1020000 302.287 -16551.8 107.018
1021000 298.76 -16604 -42.4423
1022000 301.11 -16533 94.4719
1023000 299.261 -16578.9 17.2384
1024000 301.214 -16478.5 11.4259
1025000 299.869 -16485.7 -76.9145
1026000 301.03 -16507.5 6.22157
1027000 300.157 -16503.4 24.0853
1028000 300.718 -16456.7 2.57388
1029000 299.566 -16483.2 -4.10066
1030000 299.028 -16546.5 -8.67338
1031000 300.895 -16486 -42.2981
1032000 300.87 -16533.9 89.4648
1033000 300.053 -16599.6 -27.0135
1034000 299.862 -16574.2 55.4749
1035000 300.589 -16518.4 -26.8894
1036000 299.573 -16546.1 11.4258
1037000 300.061 -16497.5 -19.4716
1038000 299.254 -16535.1 -41.9236
1039000 301.046 -16503.5 -18.7417
1040000 300.787 -16500.8 8.31378
1041000 298.052 -16622.8 6.39602
1042000 299.358 -16517.8 29.365
1043000 299.358 -16540.5 -51.503
1044000 301.235 -16566.1 67.4395
1045000 300.1 -16622.7 -78.1093
1046000 298.691 -16575.5 114.238
1047000 299.826 -16512 -34.549
1048000 300.143 -16500.9 25.034
1049000 298.388 -16540.2 -65.449
1050000 301.384 -16505.1 20.8681
1051000 299.166 -16475.7 -79.5591
1052000 299.432 -16537.7 110.272
1053000 299.414 -16542.2 -19.8026
1054000 300.557 -16537.7 -98.7487
1055000 301.747 -16535.9 124.194
1056000 301.534 -16452.8 -89.1641
1057000 299.368 -16530 20.5255
1058000 300.91 -16488.6 -76.9573
1059000 299.899 -16539.5 54.8468
1060000 300.005 -16559.6 -57.2605
1061000 299.876 -16558.8 97.2683
1062000 299.153 -16585.8 -38.9574
1063000 298.992 -16600.2 76.5801
1064000 300.925 -16463.2 12.3011
1065000 299.202 -16511.3 -57.3288
1066000 301.584 -16528.8 29.0598
1067000 299.882 -16547.9 29.2065
1068000 300.751 -16522.6 -13.4297
1069000 299.926 -16493.9 0.330504
1070000 300.97 -16484 -63.9162
1071000 298.111 -16575.1 126.253
1072000 300.028 -16575.4 -81.7982
1073000 299.374 -16486.1 -106.08
1074000 300.233 -16468.4 118.934
1075000 300.467 -16502.3 -22.1068
1076000 300.594 -16555.8 -4.63357
1077000 300.769 -16528.6 0.364329
1078000 300.259 -16549.8 24.1489
1079000 300.356 -16554.2 24.8399
1080000 300.724 -16516.7 -49.8432
1081000 299.718 -16542.3 40.1858
1082000 302 -16516.9 -4.31346
1083000 299.658 -16550.5 -65.5799
1084000 300.848 -16543.7 153.262
1085000 300.234 -16521.6 -43.8533
1086000 300.381 -16509 33.0267
1087000 301.412 -16440.2 -65.8248
1088000 299.062 -16490.1 72.7218
1089000 299.412 -16449.2 -73.0437
1090000 301.837 -16501.8 10.5239
1091000 299.01 -16533.5 12.9999
1092000 299.559 -16497.8 -42.4354
1093000 298.982 -16577.8 33.8279
1094000 300.718 -16545 -42.159
1095000 300.436 -16538.8 81.7153
1096000 299.413 -16546.5 -131.131
1097000 299.293 -16553.4 99.2538
1098000 299.37 -16532.4 -32.9395
1099000 300.547 -16550.5 65.2598
1100000 299.79 -16533 -19.2607
1101000 299.43 -16515.4 -41.4864
1102000 299.525 -16493.6 -43.7891
1103000 299.378 -16536.6 34.4632
1104000 301.126 -16537.9 9.20669
1105000 300.249 -16564.7 77.0443
1106000 299.198 -16543.7 2.71839
1107000 299.234 -16518.8 2.1593
1108000 300.733 -16494.1 45.8238
1109000 299.41 -16524.7 -78.9233
1110000 298.796 -16570.8 93.291
1111000 299.478 -16568.2 -70.9853
1112000 298.544 -16555.9 11.9783
1113000 298.53 -16540.5 -22.1493
1114000 298.852 -16584 -3.48773
1115000 299.711 -16559.3 26.0121
1116000 300.002 -16511.8 -52.4243
1117000 297.967 -16560.3 50.8839
1118000 299.019 -16537.5 29.7507
1119000 300.619 -16480.6 -3.98473
1120000 299.808 -16541.1 -79.114
1121000 299.882 -16516.3 35.4728
1122000 299.543 -16533.5 -0.798957
1123000 299.818 -16517.1 64.1881
1124000 300.056 -16450.4 13.7004
1125000 298.972 -16550 36.5184
1126000 299.831 -16511.4 -19.9005
1127000 300.341 -16552.3 -43.9447
1128000 299.78 -16551.3 12.6893
1129000 300.622 -16627.7 28.9692
1130000 297.209 -16648.4 13.6664
1131000 300.533 -16534 2.29411
1132000 299.686 -16589.8 -58.8118
1133000 300.943 -16581.4 39.9103
1134000 297.956 -16644 -40.2789
1135000 301.184 -16556 1.97427
1136000 299.308 -16591.7 77.9044
1137000 301.116 -16564.6 4.04317
1138000 301.86 -16538.3 -38.1807
1139000 299.205 -16552.6 26.151
1140000 302.294 -16567.2 -38.875
1141000 298.838 -16573.5 42.8091
1142000 298.998 -16553.5 -1.46905
1143000 298.479 -16566.8 -25.9351
1144000 299.465 -16545.1 3.63261
1145000 301.264 -16482.9 -26.6589
1146000 299.588 -16552.3 51.1425
1147000 299.793 -16483.9 95.8803
1148000 299.896 -16493.1 -79.1549
1149000 298.296 -16524.1 -28.3198
1150000 299.329 -16515.2 36.6602
1151000 299.339 -16480.1 32.3714
1152000 300.025 -16473.4 2.94262
1153000 300.649 -16504.4 -61.3772
1154000 300.245 -16516.9 19.1938
1155000 300.336 -16571.5 -7.80542
1156000 299.359 -16512.3 -35.6155
1157000 300.16 -16533.6 95.5405
1158000 299.94 -16554 -74.0548
1159000 302.049 -16486 -23.3011
1160000 298.554 -16596.4 58.9451
1161000 301.61 -16508.5 -38.9665
1162000 300.642 -16551.5 31.8677
1163000 300.562 -16519.7 11.5802
1164000 300.042 -16563.5 -63.0408
1165000 301.708 -16502.1 72.1198
1166000 300.51 -16525.6 -84.2156
1167000 300.42 -16504 31.1755
1168000 299.191 -16533.4 -1.03755
1169000 298.678 -16533.9 -48.2992
1170000 299.322 -16503.3 32.4281
1171000 302.664 -16453.1 8.20814
1172000 299.547 -16486 25.7493
1173000 299.105 -16516.5 -85.5227
1174000 298.892 -16533.4 9.75525
1175000 300.761 -16505.9 44.8444
1176000 300.067 -16531.9 18.3894
1177000 299.827 -16498.2 45.4423
1178000 301.699 -16447.7 -65.4949
1179000 299.37 -16511.6 -23.9298
1180000 300.36 -16543.4 10.8706
1181000 300.823 -16515.5 16.7998
1182000 298.962 -16495.2 47.1413
1183000 301.276 -16484.7 -64.4652
1184000 298.212 -16565.1 100.902
1185000 299.961 -16505 -39.5429
1186000 298.946 -16589.7 38.3895
1187000 300.294 -16540.1 -57.7275
1188000 299.334 -16547.6 47.7408
1189000 299.859 -16489.5 26.8482
1190000 301.079 -16514.7 -30.0434
1191000 300.929 -16468.7 15.0319
1192000 299.886 -16529.2 -9.81106
1193000 300.863 -16479.7 -56.2292
1194000 299.937 -16468.9 62.0389
1195000 297.698 -16539.9 -58.3575
1196000 299.166 -16534.5 107.522
1197000 299.772 -16534.3 -51.0346
1198000 298.349 -16527.5 2.59259
1199000 300.176 -16473.4 33.2848
1200000 299.762 -16471.3 -19.2321
1201000 301.318 -16438.1 -94.3235
1202000 298.542 -16618.1 207.279
1203000 300.164 -16537.9 -133.503
1204000 299.71 -16550.3 76.8239
1205000 299.789 -16505.5 15.6671
1206000 301.087 -16492.6 -58.2909
1207000 300.873 -16516.4 49.0955
1208000 299.556 -16601.2 23.9461
1209000 301.375 -16527.3 -29.5499
1210000 299.515 -16547.6 -49.4563
1211000 299.135 -16508.3 63.0738
1212000 298.353 -16451.9 -69.5033
1213000 299.778 -16458.5 -6.58369
1214000 298.56 -16551.5 117.947
1215000 299.664 -16496.2 -87.3029
1216000 298.997 -16552.4 61.5646
1217000 300.443 -16540.8 -32.3025
1218000 299.505 -16584.2 52.1751
1219000 302.316 -16520.5 -47.7038
1220000 299.24 -16557.6 -4.7347
1221000 298.757 -16499.9 0.0834022
1222000 299.606 -16491.5 -48.5083
1223000 299.71 -16523.6 65.0404
1224000 300.306 -16521.5 -5.55451
1225000 300.153 -16501.7 -8.17295
1226000 298.993 -16512.1 17.5882
1227000 300.948 -16503.2 -40.5366
1228000 299.659 -16564.3 57.4838
1229000 299.328 -16615.9 32.608
1230000 299.238 -16602.5 -119.25
1231000 298.96 -16595 88.8189
1232000 300.514 -16566.2 42.1095
1233000 300.845 -16500 -35.913
1234000 298.23 -16589.7 48.3786
1235000 301.149 -16560.8 -56.8582
1236000 301.345 -16542.8 -33.0171
1237000 302.32 -16494.9 17.0021
1238000 299.733 -16543.3 46.1064
1239000 298.764 -16588.9 85.7248
1240000 297.364 -16603.8 -53.3876
1241000 300.155 -16513.5 26.3938
1242000 298.379 -16558.6 -2.19851
1243000 301.013 -16547.5 39.2012
1244000 300.162 -16559.9 10.1533
1245000 299.362 -16538.2 -84.5996
1246000 300.956 -16491.5 61.3099
1247000 298.269 -16604.1 29.8218
1248000 299.839 -16503.9 -69.6632
1249000 299.034 -16512 7.08996
1250000 299.166 -16504 23.8371
1251000 301.023 -16461.3 51.7599
1252000 299.593 -16459.4 -80.9478
1253000 301.074 -16526.4 14.9856
1254000 298.706 -16521.1 -46.4895
1255000 299.448 -16521 11.3309
1256000 301.598 -16481.7 88.8449
1257000 298.765 -16522.1 -22.4328
1258000 300.346 -16483.8 54.0764
1259000 299.427 -16505.3 -102.771
1260000 299.639 -16523.9 -0.950003
1261000 301.328 -16474.4 -17.9932
1262000 299.757 -16543.9 -7.09423
1263000 298.809 -16544.6 64.5858
1264000 299.012 -16500.6 79.7875
1265000 300.275 -16507 -62.8192
1266000 298.849 -16519.9 -3.00743
1267000 301.729 -16542.3 3.26848
1268000 299.752 -16571.4 15.8985
1269000 300.093 -16552 -60.0634
1270000 298.873 -16561.9 47.1992
1271000 301.035 -16579.3 19.7983
1272000 299.287 -16544.7 57.0332
1273000 300.408 -16539.5 -95.7627
1274000 300.958 -16590.7 35.1739
1275000 300.983 -16536.3 -43.6461
1276000 299.942 -16569.6 -41.2728
1277000 299.863 -16498.3 96.1233
1278000 299.699 -16469 -71.8236
1279000 299.981 -16443.5 40.75
1280000 299.346 -16444.1 30.373
1281000 301.204 -16464.9 23.731
1282000 299.381 -16465.3 -42.7164
1283000 301.093 -16476.7 39.5961
1284000 298.922 -16566.6 23.5997
1285000 303.288 -16500.6 -65.7866
1286000 301.171 -16508.2 9.29801
1287000 300.752 -16534.9 27.3704
1288000 300.514 -16584.5 -36.566
1289000 299.764 -16613.6 -38.6891
1290000 299.026 -16606.3 62.6714
1291000 300.139 -16509.4 -38.1935
1292000 299.803 -16541 -17.4036
1293000 299.489 -16590.2 18.4252
1294000 301.596 -16517.7 10.4406
1295000 302.122 -16526 69.7478
1296000 299.325 -16582.8 -74.378
1297000 300.827 -16561 -47.4529
1298000 301.495 -16535.6 35.127
1299000 300.31 -16523.5 30.1512
1300000 300.354 -16536.6 2.24332
1301000 299.455 -16509.4 -51.2761
1302000 300.968 -16429.4 -10.7571
1303000 300.478 -16560.6 128.954
1304000 297.989 -16536.6 8.07474
1305000 302.731 -16554.8 -30.6193
1306000 297.756 -16591.3 -54.086
1307000 300.631 -16476.4 3.76271
1308000 301.185 -16516.9 75.0159
1309000 300.315 -16514.1 -25.1817
1310000 299.58 -16501.1 17.2382
1311000 299.439 -16435.6 -43.4685
1312000 300.93 -16408.7 -23.6468
1313000 300.299 -16490.2 58.0027
1314000 301.342 -16422.6 -32.239
1315000 299.408 -16588.4 34.9696
1316000 300.121 -16535.1 -20.5899
1317000 300.076 -16539 63.2227
1318000 299.618 -16575.6 -22.2995
1319000 299.483 -16555.2 -68.0094
1320000 300.213 -16562.6 54.5468
1321000 300.307 -16496.8 -24.1806
1322000 300.819 -16552.9 -25.8513
1323000 299.344 -16502.4 8.95791
1324000 298.537 -16565.6 65.5591
1325000 300.854 -16571 -125.154
1326000 298.978 -16610.7 62.7808
1327000 298.313 -16561.6 5.95197
1328000 300.974 -16565.5 -29.6941
1329000 300.088 -16593.7 -23.6609
1330000 300.31 -16568.1 113.791
1331000 299.396 -16572.2 -51.1306
1332000 299.574 -16523.5 -80.6857
1333000 299.96 -16502.1 108.553
1334000 300.224 -16454.9 -9.43261
1335000 299.559 -16543.7 -22.8727
1336000 301.365 -16563.7 30.6586
1337000 299.909 -16554.8 37.8983
1338000 299.606 -16549.2 -49.9064
1339000 299.432 -16578.9 118.174
1340000 301.163 -16453.7 -92.8988
1341000 299.416 -16482.5 -16.4992
1342000 300.245 -16483.6 33.0759
1343000 300.061 -16483.7 -82.6205
1344000 299.725 -16566.1 63.257
1345000 299.8 -16600.7 -12.1058
1346000 301.12 -16504.9 -64.3154
1347000 298.767 -16579.9 106.946
1348000 299.79 -16578.9 -31.1062
1349000 299.425 -16555 147.141
1350000 299.9 -16486.1 -200.494
1351000 299.626 -16599.9 54.7721
1352000 299.972 -16579.3 72.7102
1353000 300.685 -16529 -47.8107
1354000 298.159 -16600.1 44.3559
1355000 297.793 -16544.3 -73.3007
1356000 300.796 -16568.5 70.7678
1357000 301.217 -16543.3 -20.4773
1358000 299.723 -16536.9 -98.3642
1359000 300.308 -16557.8 34.5432
1360000 300.722 -16541.4 -36.8141
1361000 300.07 -16470.5 -1.57621
1362000 301.559 -16481.4 35.643
1363000 298.683 -16503.2 27.0235
1364000 298.959 -16468.3 -6.9303
1365000 299.766 -16463.9 -4.41148
1366000 299.846 -16513.2 -72.6498
1367000 301.584 -16537.1 -7.33952
1368000 298.791 -16533.1 79.7844
1369000 300.854 -16533.5 -5.93546
1370000 299.407 -16539.8 -19.4186
1371000 299.769 -16552.3 -3.51852
1372000 301.847 -16480.7 39.0374
1373000 299.516 -16489.6 -6.75073
1374000 300.693 -16497.3 -28.5268
1375000 299.203 -16572.2 134.9
1376000 298.889 -16449.5 -118.43
1377000 299.823 -16523.6 37.8748
1378000 299.943 -16539.2 -14.818
1379000 300.886 -16535.8 -12.0531
1380000 300.083 -16541.5 -46.3835
1381000 301.992 -16540.1 34.8846
1382000 299.153 -16528 -35.954
1383000 299.236 -16508 90.2642
1384000 301.962 -16435.4 -20.4536
1385000 298.419 -16490.2 -23.4807
1386000 298.349 -16524.9 -30.7381
1387000 300.579 -16490.1 10.0878
1388000 300.739 -16497.5 112.211
1389000 301.021 -16460.1 -62.0637
1390000 298.68 -16550.4 9.68136
1391000 300.267 -16504.2 -18.6689
1392000 300.4 -16532.1 -8.75952
1393000 299.991 -16597.3 -53.1247
1394000 298.159 -16606.6 50.7987
1395000 298.74 -16612.2 10.7232
1396000 300.13 -16526.3 -31.2026
1397000 300.004 -16540.5 60.0221
1398000 299.847 -16510.1 -17.1593
1399000 301.76 -16527.9 -50.6152
1400000 299.477 -16515.2 29.6722
1401000 300.496 -16513.5 -43.374
1402000 299.321 -16499.3 -5.23217
1403000 299.506 -16488.4 28.5726
1404000 297.925 -16506.8 -59.0184
1405000 301.949 -16474.9 28.5965
1406000 297.503 -16591.1 41.4808
1407000 300.762 -16529.6 -35.5669
1408000 300.102 -16525.3 25.9752
1409000 300.792 -16488 -25.5213
1410000 299.956 -16505 38.3445
1411000 301.398 -16493.7 26.1886
1412000 299.449 -16552.4 3.65464
1413000 300.744 -16527.6 13.1823
1414000 298.713 -16589.3 -63.3554
1415000 300.522 -16529.7 -0.343077
1416000 299.647 -16554.4 46.8175
1417000 300.616 -16560.1 -12.9482
1418000 301.118 -16576.4 85.6816
1419000 300.726 -16579.2 -95.5692
1420000 299.944 -16599.4 10.8821
1421000 298.16 -16593.3 64.7906
1422000 298.473 -16585.4 9.58521
1423000 299.685 -16506.1 15.5091
1424000 298.952 -16576.8 -29.4612
1425000 300.479 -16542 45.0845
1426000 300.12 -16591.5 4.08743
1427000 298.733 -16585 -10.7555
1428000 300.972 -16646.3 16.9813
1429000 300.368 -16629.7 -61.6332
1430000 297.538 -16570.3 19.2614
1431000 299.048 -16520.8 -16.6197
1432000 298.646 -16503.5 40.1904
1433000 298.795 -16484.6 35.8273
1434000 301.319 -16488.3 -24.535
1435000 301.866 -16480.6 27.1467
1436000 299.802 -16535.6 8.55777
1437000 298.775 -16546.3 6.74845
1438000 300.178 -16501.8 16.7742
1439000 300.158 -16511.2 -31.5307
1440000 299.997 -16477.4 43.9219
1441000 299.718 -16484.8 -21.9037
1442000 301.538 -16467.3 -5.27422
1443000 299.514 -16512.5 58.3222
1444000 298.151 -16592.6 -25.2055
1445000 299.359 -16547.7 -82.1943
1446000 299.949 -16482.3 72.5399
1447000 301.113 -16484.3 27.8285
1448000 299.96 -16513.8 -3.42608
1449000 300.874 -16486.2 -3.95705
1450000 300.712 -16474.6 -8.0506
1451000 301.935 -16468.3 33.9207
1452000 299.736 -16483.2 68.3513
1453000 299.647 -16500.4 -45.8253
1454000 299.543 -16506.5 -80.1473
1455000 300.081 -16555.4 26.4004
1456000 300.033 -16516.3 3.89613
1457000 301.396 -16493 11.344
1458000 298.461 -16539.8 59.8181
1459000 301.326 -16511.6 -48.8699
1460000 298.957 -16558.2 17.523
1461000 300.214 -16541.3 -24.6557
1462000 299.518 -16560.4 58.7441
1463000 301.411 -16417.5 -41.8655
1464000 298.848 -16589.6 11.2914
1465000 300.461 -16554.8 42.4225
1466000 300.076 -16600.9 -65.6027
1467000 300.397 -16574.3 25.7542
1468000 298.989 -16564.7 15.9544
1469000 300.106 -16581.8 -4.67609
1470000 298.525 -16589.2 -32.0983
1471000 299.359 -16601.2 -94.0225
1472000 302.615 -16518.1 79.3274
1473000 300.694 -16513.3 45.7918
1474000 299.408 -16497.5 -54.1441
1475000 299.665 -16500.7 -20.0302
1476000 300.37 -16508.8 36.6699
1477000 301.341 -16471.2 -42.5875
1478000 300.378 -16512.2 -102.499
1479000 298.935 -16557.8 77.3284
1480000 301.178 -16499.4 62.5159
1481000 301.91 -16431.7 -63.8793
1482000 299.028 -16476.1 22.6889
1483000 300.619 -16398.4 -56.7929
1484000 301.783 -16475.9 7.93444
1485000 298.933 -16461.7 36.5619
1486000 299.94 -16474.5 -8.94493
1487000 300.231 -16498 0.248718
1488000 301.086 -16543.1 62.5713
1489000 298.877 -16507.6 -147.432
1490000 300.736 -16459.6 97.0932
1491000 302.077 -16504.9 -26.0731
1492000 298.424 -16541.8 0.496072
1493000 300.299 -16509.1 -12.847
1494000 300.301 -16537.1 0.268697
1495000 299.202 -16477.1 93.7466
1496000 300.962 -16494.1 41.4652
1497000 299.533 -16512.1 -44.9765
1498000 299.391 -16547.2 15.2156
1499000 300.414 -16445.7 -14.188
1500000 299.822 -16462.2 -90.1594
1501000 300.569 -16447.8 55.6934
1502000 300.917 -16415.8 16.4905
1503000 300 -16460.4 -74.1796
1504000 299.527 -16477 3.14219
1505000 299.417 -16529 70.3592
1506000 299.57 -16500.4 -14.7769
1507000 301.543 -16446.7 3.16755
1508000 301.947 -16439.9 17.6658
1509000 299.387 -16500.3 -23.1675
1510000 298.539 -16521.8 -77.4933
1511000 302.216 -16500.7 60.6849
1512000 299.555 -16494.6 -47.8178
1513000 301.713 -16481.9 110.768
1514000 299.036 -16563.7 -28.8284
1515000 300.156 -16565.6 -0.510605
1516000 299.438 -16569.8 -25.2212
1517000 298.978 -16520.3 52.1008
1518000 298.929 -16455.1 -10.555
1519000 299.676 -16509 48.3405
1520000 300.987 -16514.8 -14.4514
1521000 298.996 -16531.9 14.3946
1522000 300.419 -16517.5 -51.7441
1523000 301.219 -16416.3 -26.3753
1524000 298.809 -16443.6 23.4344
1525000 300.853 -16493.6 10.4591
1526000 300.111 -16518.5 -17.2666
1527000 299.282 -16567.4 5.12276
1528000 298.989 -16568.8 29.7596
1529000 300.725 -16493.9 -70.7657
1530000 298.663 -16543 -0.890048
1531000 299.659 -16510 14.8599
1532000 301.048 -16498.6 38.4225
1533000 301.034 -16510.1 8.74457
1534000 301.481 -16567.6 -136.526
1535000 299.264 -16600.8 126.077
1536000 301.752 -16529.1 44.462
1537000 298.429 -16532.8 -19.0823
1538000 298.692 -16525.9 -10.2808
1539000 301.333 -16512.5 -30.1975
1540000 301.65 -16497 15.5521
1541000 300.282 -16486.4 -30.3784
1542000 299.666 -16505.6 61.5341
1543000 301.583 -16449.6 -74.0815
1544000 301.212 -16533 61.366
1545000 300.287 -16533.9 -33.8121
1546000 300.271 -16542.9 25.342
1547000 301.342 -16520.7 -26.0885
1548000 299.201 -16603.3 -6.65562
1549000 300.037 -16571.9 58.7713
1550000 299.841 -16572.8 -76.5727
1551000 298.509 -16559.7 50.7502
1552000 298.836 -16537.3 65.8442
1553000 298.485 -16537.2 -67.9944
1554000 301.591 -16516 -1.83068
1555000 299.046 -16505.6 -22.8626
1556000 300.816 -16504.7 62.3353
1557000 299.65 -16497.1 -40.4923
1558000 302.337 -16488.4 -27.7888
1559000 300.71 -16508.2 24.7397
1560000 300.705 -16554.7 -14.4472
1561000 298.181 -16589.5 12.9074
1562000 299.666 -16535.4 63.9006
1563000 301.22 -16444 -67.0425
1564000 300.562 -16478.9 27.7378
1565000 298.164 -16512.1 25.4687
1566000 300.804 -16527.8 -5.62503
1567000 300.046 -16505.7 -26.4524
1568000 299.141 -16610.2 6.24822
1569000 299.371 -16540.9 -30.9739
1570000 299.712 -16546.5 13.4997
1571000 301.306 -16509.6 -8.10819
1572000 299.591 -16486.3 -76.7021
1573000 300.548 -16497.6 19.3984
1574000 301 -16481.5 -57.1214
1575000 301.022 -16523.7 6.79535
1576000 299.57 -16592.7 31.6512
1577000 301.832 -16558.5 44.9627
1578000 299.161 -16538.7 41.211
1579000 301.336 -16487.7 -40.9772
1580000 298.306 -16582.3 3.35958
1581000 300.503 -16523.1 -70.1212
1582000 299.852 -16544.7 41.4999
1583000 300.387 -16573.7 18.9856
1584000 300.413 -16544 51.9299
1585000 300.314 -16554.3 -48.2046
1586000 300.261 -16503 -51.0979
1587000 300.812 -16509.5 18.0349
1588000 299.281 -16534.8 76.9968
1589000 299.955 -16470.9 -101.75
1590000 300.638 -16462.4 55.3945
1591000 301.271 -16524.8 13.3805
1592000 300.15 -16554 9.75339
1593000 301.213 -16545.4 -5.19747
1594000 299.633 -16530 -29.4398
1595000 300.172 -16564.9 17.4879
1596000 299.809 -16538.5 20.4357
1597000 299.239 -16532.5 -10.7039
1598000 299.51 -16546.8 49.9748
1599000 299.641 -16556 -9.76598
1600000 299.353 -16555.9 -67.9485
1601000 299.003 -16555.2 28.6523
1602000 300.062 -16553.6 37.5391
1603000 299.418 -16454.9 8.10797
1604000 300.761 -16473.9 -2.14559
1605000 299.854 -16570.4 23.6674
1606000 299.459 -16582.3 -22.1949
1607000 299.633 -16534.3 5.6173
1608000 300.35 -16527 -52.72
1609000 299.06 -16604.3 -15.4633
1610000 300.487 -16529.9 66.2065
1611000 299.442 -16534.3 24.6373
1612000 300.233 -16564.3 -14.0856
1613000 299.587 -16577.8 -38.7714
1614000 299.975 -16561 29.3229
1615000 299.816 -16529.9 23.9373
1616000 299.842 -16529.7 -41.6485
1617000 299.368 -16576.2 -68.554
1618000 299.392 -16584.5 48.1497
1619000 300.71 -16577.9 -63.6499
1620000 298.277 -16564.1 3.32964
1621000 301.057 -16566.7 22.5814
1622000 298.859 -16573.4 4.73302
1623000 299.939 -16520.1 -15.6461
1624000 299.914 -16508.9 51.733
1625000 298.624 -16578.5 -65.1442
1626000 299.641 -16594 -5.84718
1627000 301.198 -16539.5 99.7383
1628000 300.472 -16553.1 -35.2047
1629000 299.201 -16532.6 -18.8775
1630000 298.127 -16548.8 -16.8555
1631000 301.294 -16515.9 83.2201
1632000 299.652 -16579.4 -4.85665
1633000 300.945 -16582.3 -67.1871
1634000 300.082 -16542.4 33.9464
1635000 299.94 -16456.6 -30.6042
1636000 297.982 -16513.8 10.8708
1637000 299.077 -16546.3 57.3765
1638000 297.885 -16506.6 -8.96986
1639000 299.603 -16503 27.0597
1640000 300.328 -16582 -28.3977
1641000 299.82 -16536.5 39.872
1642000 299.959 -16570.8 -13.5009
1643000 300.449 -16511.9 19.8499
1644000 299.87 -16493.6 -107.085
1645000 301.605 -16513.4 -35.5049
1646000 299.105 -16565.1 94.9084
1647000 299.762 -16540.1 -42.6076
1648000 299.019 -16547.7 -11.4401
1649000 301.117 -16521.5 -4.34302
1650000 301.373 -16491.9 7.298
1651000 298.204 -16526.2 -22.1194
1652000 300.454 -16451.6 46.3133
1653000 299.784 -16483.3 13.7919
1654000 299.783 -16525.4 54.9334
1655000 300.014 -16515.7 43.5546
1656000 299.985 -16575.1 -22.6539
1657000 299.942 -16552.9 49.8594
1658000 298.176 -16584.1 -55.6086
1659000 297.944 -16615.6 -43.3789
1660000 299.774 -16616.4 56.8454
1661000 299.861 -16641.2 -7.32196
1662000 298.736 -16614.6 -2.24369
1663000 298.681 -16579.4 -63.0566
1664000 299.534 -16495.1 71.9532
1665000 299.734 -16513.7 -33.9778
1666000 300.346 -16491.1 46.7738
1667000 299.706 -16534.6 -25.3374
1668000 300.008 -16515.4 32.7152
1669000 300.503 -16488.7 -124.683
1670000 299.033 -16508.5 27.1707
1671000 300.199 -16504.9 97.1541
1672000 298.196 -16556.9 -6.19667
1673000 300.779 -16551.4 75.0856
1674000 302.35 -16501.3 -86.0598
1675000 300.716 -16551.4 -4.50304
1676000 300.529 -16530 7.51767
1677000 299.672 -16530.9 -0.792734
1678000 298.676 -16522.1 58.7664
1679000 300.74 -16534.4 -21.4812
1680000 301.401 -16502.3 -24.0299
1681000 298.609 -16562 -1.33864
1682000 300.207 -16550.1 43.2756
1683000 300.133 -16536.9 -100.928
1684000 300.89 -16446.5 23.8057
1685000 298.684 -16539.6 27.4631
1686000 299.721 -16530.3 69.0845
1687000 298.499 -16502.7 -133.53
1688000 300.713 -16503.5 120.255
1689000 300.526 -16524.7 -50.5808
1690000 298.006 -16603 30.6455
1691000 301.224 -16560.8 -26.259
1692000 297.387 -16595.7 6.0346
1693000 300.395 -16497.3 -25.31
1694000 299.586 -16567.6 29.1668
1695000 298.966 -16547.9 -10.9601
1696000 300.691 -16549.5 2.78441
1697000 299.092 -16533.4 -39.4379
1698000 300.13 -16437.3 -41.4358
1699000 299.283 -16536.8 63.411
1700000 300.285 -16508.7 10.0602
1701000 300.323 -16517.7 -2.9267
1702000 300.678 -16561.8 5.69258
1703000 299.516 -16554.6 -5.29243
1704000 300.665 -16487.8 -15.747
1705000 298.657 -16533.2 10.5725
1706000 299.842 -16575.6 30.8204
1707000 299.913 -16572.4 -66.8238
1708000 299.433 -16576.1 45.7427
1709000 298.832 -16544.3 -52.0223
1710000 299.897 -16580.1 133.289
1711000 299.615 -16517.5 -62.8241
1712000 299.181 -16493.2 -46.3853
1713000 300.276 -16437.5 21.9143
1714000 300.834 -16438.6 40.2965
1715000 300.882 -16472.5 58.9826
1716000 300.282 -16458.2 -73.1972
1717000 299.826 -16509.5 -43.1039
1718000 300.459 -16550.2 -16.9437
1719000 300.482 -16531.9 73.7995
1720000 299.63 -16566 -108.352
1721000 299.352 -16500.5 83.5574
1722000 299.88 -16595.4 -38.5741
1723000 300.124 -16557.9 30.5954
1724000 300.205 -16530.9 39.6551
1725000 300.093 -16508.7 -37.4873
1726000 299.712 -16531.4 37.46
1727000 299.873 -16503.4 -66.0995
1728000 300.481 -16502.5 21.0081
1729000 301.838 -16473.5 45.216
1730000 300.56 -16488.9 -18.5318
1731000 298.75 -16517.2 -84.5353
1732000 297.6 -16569.5 0.199136
1733000 299.946 -16498.1 11.9023
1734000 300.682 -16466 79.2607
1735000 300.839 -16470.7 24.4852
1736000 302.619 -16537.7 -51.531
1737000 300.214 -16573.8 -33.1929
1738000 298.597 -16614.7 -15.7767
1739000 301.86 -16599.2 38.6834
1740000 299.62 -16619.7 29.989
1741000 300.691 -16542.4 -63.2456
1742000 302.885 -16454.1 57.5794
1743000 298.089 -16498.3 8.56651
1744000 299.905 -16516.7 -43.4386
1745000 299.974 -16506.6 81.3913
1746000 299.032 -16509.7 41.367
1747000 299.139 -16500.7 -90.2346
1748000 300.865 -16503.4 -19.4413
1749000 298.441 -16528.3 27.8563
1750000 300.744 -16548.8 -4.2638
1751000 300.242 -16507.7 2.21357
1752000 299.107 -16536.6 43.6887
1753000 300.454 -16517.9 6.94507
1754000 300.271 -16611.4 -49.3571
1755000 300.127 -16631.3 44.3297
1756000 299.67 -16560 31.6347
1757000 299.609 -16543.2 -93.432
1758000 300.175 -16546.5 47.7805
1759000 300.834 -16548.7 71.7594
1760000 298.614 -16574.3 -38.4602
1761000 298.655 -16525.3 41.0109
1762000 300.797 -16505.5 -25.7209
1763000 300.816 -16531.7 -18.6709
1764000 301.357 -16456.8 37.6659
1765000 300.858 -16518.9 -17.3415
1766000 301.662 -16492.8 -61.8241
1767000 299.793 -16526.3 45.341
1768000 300.029 -16508.7 -18.6553
1769000 300.782 -16478.2 36.8337
1770000 300.531 -16493.6 5.97422
1771000 299.354 -16494.6 -19.9788
1772000 300.921 -16402.7 15.3952
1773000 301.18 -16519.8 -8.78434
1774000 299.686 -16524.4 -28.0341
1775000 300.261 -16551.4 -4.31692
1776000 301.014 -16575.4 49.1718
1777000 300.508 -16498.2 -15.7854
1778000 300.531 -16504.1 -52.9273
1779000 300.532 -16519.6 27.4938
1780000 299.203 -16580 -6.76526
1781000 299.744 -16563 11.4256
1782000 298.525 -16603.7 37.6094
1783000 300.643 -16528.5 12.1892
1784000 298.332 -16546.2 -86.6879
1785000 300.027 -16544.8 28.2787
1786000 298.306 -16540.8 19.5538
1787000 297.948 -16543.5 -47.0525
1788000 300.317 -16469.9 -35.8419
1789000 299.136 -16513.7 69.1531
1790000 299.702 -16506.7 19.3215
1791000 300.136 -16505.8 -18.7624
1792000 300.032 -16544 93.4563
1793000 298.038 -16553.7 -88.7947
1794000 298.625 -16532.7 -29.762
1795000 300.259 -16490.7 20.6974
1796000 300.463 -16482.5 -55.2872
1797000 300.047 -16488.2 53.1458
1798000 298.489 -16488.3 19.6537
1799000 298.217 -16495.4 -45.0635
1800000 300.587 -16554 42.5072
1801000 299.462 -16532.8 -28.8207
1802000 299.487 -16516.3 134.501
1803000 299.635 -16538.4 -122.608
1804000 300.01 -16578.2 27.5577
1805000 301.15 -16545 -34.7646
1806000 300.534 -16482 13.8301
1807000 299.251 -16541 117.958
1808000 300.659 -16501.9 -102.841
1809000 299.069 -16582.6 53.4695
1810000 300.639 -16582.2 31.9004
1811000 300.565 -16499.8 -69.4081
1812000 300.174 -16590.1 75.4223
1813000 299.219 -16548.3 -20.234
1814000 299.856 -16504.7 -73.4857
1815000 299.539 -16556.7 73.2508
1816000 301.285 -16515.4 12.478
1817000 301.317 -16504.3 -79.6731
1818000 300.332 -16529.1 -7.87355
1819000 298.85 -16611.8 83.5397
1820000 302.276 -16516.3 -39.5413
1821000 300.544 -16426.2 13.4847
1822000 298.29 -16499.9 11.0471
1823000 300.323 -16539.1 -1.48682
1824000 299.853 -16572.9 -32.2118
1825000 299.989 -16530.4 26.7976
1826000 301.056 -16505.2 12.0332
1827000 300.985 -16490 51.6954
1828000 298.9 -16532.8 -40.1977
1829000 300.66 -16569.9 6.16201
1830000 299.982 -16566.3 41.7225
1831000 299.51 -16515.9 -28.446
1832000 301.46 -16458.7 -60.546
1833000 299.559 -16572.5 100.807
1834000 300.68 -16550.8 -33.6218
1835000 299.242 -16532.1 -37.8
1836000 300.733 -16528.5 102.497
1837000 298.72 -16535 -35.822
1838000 300.64 -16534 -10.9967
1839000 299.976 -16453.3 -39.695
1840000 300.319 -16486.1 -3.10246
1841000 299.19 -16453 -87.0112
1842000 300.632 -16486.7 60.3816
1843000 299.525 -16513.8 -47.6435
1844000 301.225 -16478 29.3848
1845000 299.965 -16484.6 4.76726
1846000 301.273 -16504.3 25.6726
1847000 301.01 -16432.6 2.92082
1848000 300.63 -16447.6 6.11552
1849000 300.511 -16509.2 34.3406
1850000 299.734 -16531.7 -30.4702
1851000 301.306 -16442.1 33.7442
1852000 299.184 -16520.9 -22.9283
1853000 300.068 -16563.4 -42.9539
1854000 298.59 -16557.6 56.0717
1855000 299.951 -16575 -6.07139
1856000 298.919 -16579.5 -18.347
1857000 300.635 -16540.7 12.5707
1858000 298.344 -16562.2 -30.9447
1859000 300.386 -16501.2 -64.5483
1860000 300.658 -16510.1 100.71
1861000 300.01 -16520.5 -57.4127
1862000 299.564 -16553.5 122.571
1863000 299.362 -16534.3 -76.6942
1864000 299.948 -16508.2 16.7968
1865000 299.72 -16541.9 3.0733
1866000 301.109 -16466.3 -55.0049
1867000 299.11 -16559.9 4.31271
1868000 300.302 -16547.3 14.2753
1869000 299.867 -16476 42.0746
1870000 300.525 -16463.5 -39.0578
1871000 300.846 -16461.7 -26.8414
1872000 301.544 -16480.2 34.1134
1873000 300.899 -16509.7 9.80489
1874000 300.225 -16555.2 0.918261
1875000 300.328 -16547.1 -53.6273
1876000 298.882 -16568.7 113.502
1877000 300.541 -16531.3 -51.0268
1878000 299.639 -16530.2 9.10332
1879000 299.053 -16532 -28.0263
1880000 299.577 -16528.2 -6.39424
1881000 299.038 -16580.7 -34.4721
1882000 299.486 -16564.1 28.2257
1883000 298.42 -16567 54.865
1884000 301.382 -16475.6 -32.0951
1885000 300.906 -16528.6 74.0928
1886000 300.707 -16521.6 -100.878
1887000 300.289 -16557.9 23.3481
1888000 299.275 -16544.1 -5.27902
1889000 300.639 -16495.5 -9.85727
1890000 299.918 -16465 -11.0318
1891000 300.065 -16424.5 16.205
1892000 300.732 -16468.2 36.4415
1893000 299.813 -16551.8 -20.1181
1894000 299.991 -16547.1 38.3954
1895000 297.826 -16565.6 14.5273
1896000 297.818 -16634.5 -61.6263
1897000 300.02 -16556.6 -13.2288
1898000 299.104 -16525.7 54.3641
1899000 299.36 -16554.1 -86.6421
1900000 299.633 -16578.3 72.4172
1901000 300.554 -16542.4 -43.5055
1902000 297.742 -16586.3 -4.94747
1903000 300.34 -16586.1 27.4828
1904000 300.389 -16493.6 -1.62751
1905000 300.022 -16495.3 22.7726
1906000 300.264 -16491.4 -23.5646
1907000 299.72 -16497.6 48.83
1908000 299.264 -16485.3 30.2365
1909000 299.38 -16439.7 -3.2535
1910000 299.082 -16521.1 -36.3964
1911000 298.817 -16525.5 59.5972
1912000 298.052 -16553.4 -44.3565
1913000 299.933 -16522.3 40.4756
1914000 299.587 -16549 6.50601
1915000 298.908 -16560.2 -44.468
1916000 299.296 -16588 0.192377
1917000 299.321 -16574.6 -36.6859
1918000 298.804 -16596.5 21.8127
1919000 298.886 -16593.2 4.27968
1920000 299.878 -16519.4 61.6479
1921000 298.608 -16616 -28.8389
1922000 299.149 -16639.2 -65.1183
1923000 300.934 -16518.6 68.1204
1924000 299.967 -16532.3 -38.1572
1925000 300.874 -16497.6 17.4379
1926000 300.006 -16562.7 -77.4681
1927000 300.056 -16545.2 109.677
1928000 299.57 -16569.9 -28.0969
1929000 301.774 -16493.2 -20.1388
1930000 300.575 -16538.4 47.7625
1931000 300.545 -16511.9 11.1378
1932000 300.495 -16496.8 4.64669
1933000 301.772 -16470.3 -17.2734
1934000 301.156 -16557.5 69.765
1935000 300.441 -16533.9 -78.0682
1936000 298.769 -16612.3 27.4508
1937000 300.482 -16546.3 -30.4449
1938000 298.066 -16573.7 46.458
1939000 299.332 -16499.9 -67.3624
1940000 301.006 -16457.9 -15.4511
1941000 300.309 -16507.5 25.0733
1942000 299.489 -16490.4 -50.6565
1943000 297.371 -16578.4 70.8707
1944000 301.642 -16477.8 -51.0607
1945000 299.709 -16512.1 12.8948
1946000 300.63 -16473.4 -2.71636
1947000 298.774 -16480 -20.7455
1948000 299.861 -16502.6 4.48503
1949000 301.179 -16400 -17.7191
1950000 299.659 -16504.5 39.8489
1951000 300.61 -16488.7 -17.7662
1952000 299.176 -16542.7 1.73724
1953000 300.282 -16543.9 87.9702
1954000 300.529 -16545.8 -17.5229
1955000 298.068 -16557.4 -69.757
1956000 298.795 -16558.2 29.2534
1957000 299.695 -16508.7 -64.3436
1958000 299.747 -16547 58.0521
1959000 300.251 -16518.7 -46.5486
1960000 301.019 -16508.9 -16.9476
1961000 299.887 -16537.1 -3.78728
1962000 297.887 -16599.2 54.2338
1963000 300.269 -16492.9 -19.3655
1964000 298.441 -16518.5 -19.0449
1965000 299.329 -16555.7 12.5486
1966000 300.561 -16521.3 46.1859
1967000 298.97 -16569.9 -78.8597
1968000 300.945 -16541.1 13.2883
1969000 300.386 -16540.8 27.8414
1970000 299.834 -16526.9 39.2469
1971000 297.723 -16560.8 -15.6212
1972000 300.053 -16542.1 -69.9382
1973000 299.626 -16502.3 -0.422009
1974000 300.546 -16534.4 49.067
1975000 300.71 -16564.6 14.2958
1976000 299.149 -16598.4 3.25193
1977000 300.692 -16526.7 8.03464
1978000 299.334 -16546.9 19.5449
1979000 300.45 -16506.1 -30.9147
1980000 298.512 -16620.8 25.9734
1981000 300.343 -16533.9 -24.7059
1982000 298.686 -16549.7 53.3098
1983000 300.027 -16477.8 36.6259
1984000 301.549 -16511.6 22.876
1985000 300.654 -16571.8 -53.8615
1986000 299.72 -16642.7 -7.25419
1987000 299.434 -16579.8 -4.62641
1988000 298.376 -16595.5 -49.6689
1989000 298.328 -16629.8 142.026
1990000 299.547 -16572.8 -25.3835
1991000 298.06 -16570.6 -78.9009
1992000 300.242 -16516.1 73.5847
1993000 298.684 -16502.6 -51.3368
1994000 298.471 -16485.7 9.78412
1995000 299.857 -16507.5 80.41
1996000 300.351 -16568.6 -58.9
1997000 301.008 -16514.5 -33.5524
1998000 298.676 -16571.7 17.1791
1999000 298.501 -16564.2 8.75322
2000000 301.579 -16515.8 7.23736
2001000 299.311 -16547.2 -53.5253
2002000 299.173 -16599.6 -9.33313
2003000 299.82 -16529.5 16.3495
2004000 299.577 -16505.7 56.5302
2005000 300.666 -16544.5 -46.9024
2006000 300.286 -16527.9 52.7331
2007000 299.041 -16526.6 21.4735
2008000 299.85 -16544.5 -15.6137
2009000 299.887 -16489.9 -0.0930243
2010000 300.262 -16529.5 -57.3862
2011000 299.139 -16531.6 28.5824
2012000 301.29 -16467.3 -17.3246
2013000 299.729 -16537.3 37.9928
2014000 300.483 -16523.3 23.0899
2015000 300.138 -16531.7 -34.6207
2016000 299.488 -16534.4 -28.7468
2017000 299.527 -16520 61.001
2018000 300.953 -16510.6 19.8047
2019000 301.141 -16477.6 -18.6468
2020000 299.441 -16533.6 -7.4076
2021000 299.379 -16548.3 28.5707
2022000 299.628 -16558.3 -21.9265
2023000 299.328 -16573.6 -56.8948
2024000 301.041 -16528.7 54.3233
2025000 298.59 -16585.4 0.963481
2026000 299.803 -16570 32.798
2027000 298.602 -16532.4 -73.691
2028000 300.444 -16560.4 79.5797
2029000 298.965 -16521.2 -36.4192
2030000 301.697 -16517.7 57.9835
2031000 300.826 -16518 -42.102
2032000 299.538 -16559.8 11.4037
2033000 301.412 -16524.5 21.1878
2034000 299.559 -16579.4 -56.3826
2035000 299.922 -16605.4 3.59799
2036000 298.82 -16582.2 38.4938
2037000 299.802 -16479.9 -29.3356
2038000 301.442 -16523.7 17.2819
2039000 300.435 -16556.8 7.5591
2040000 301.151 -16562.9 -3.92476
2041000 301.126 -16540.4 2.40452
2042000 299.227 -16541.7 -3.01667
2043000 298.759 -16534.2 -28.7183
2044000 299.278 -16539.4 -6.93424
2045000 299.177 -16528.5 45.1868
2046000 299.126 -16488 -51.2306
2047000 300.337 -16470.1 57.8835
2048000 298.968 -16519.7 62.1096
2049000 301.505 -16466.8 -54.3974
2050000 300.316 -16461.6 10.665
2051000 299.809 -16459.2 -120.582
2052000 300.252 -16500.3 108.448
2053000 299.022 -16581.2 11.8092
2054000 300.041 -16580.3 -55.5694
2055000 298.582 -16592.1 34.5859
2056000 298.112 -16594.3 0.568612
2057000 298.554 -16607.3 28.1142
2058000 298.328 -16593.3 -61.2848
2059000 301.12 -16557.9 -24.9367
2060000 300.822 -16525.9 12.8985
2061000 298.175 -16592.6 57.9572
2062000 300.327 -16557.3 80.1024
2063000 298.844 -16545.9 -69.7525
2064000 300.463 -16539.3 -18.4228
2065000 299.706 -16600.6 77.7887
2066000 301.226 -16506.2 -29.997
2067000 299.266 -16571.3 23.8699
2068000 300.802 -16476.8 -31.343
2069000 302.872 -16463.7 -18.5634
2070000 299.288 -16505 48.8935
2071000 301.549 -16505 -71.2685
2072000 299.692 -16507.2 11.1822
2073000 300.308 -16562.3 27.2697
2074000 299.158 -16587.9 -33.2994
2075000 299.5 -16530.6 34.0037
2076000 300.197 -16498.7 24.2652
2077000 300.481 -16521.8 4.08844
2078000 299.111 -16522.9 63.4395
2079000 300.044 -16541.1 -87.9038
2080000 299.307 -16531.1 42.5611
2081000 299.46 -16545.5 49.7744
2082000 299.155 -16549.7 -65.7237
2083000 297 -16589 22.3422
2084000 300.779 -16491.3 -53.9284
2085000 300.802 -16470.4 1.89452
2086000 300.384 -16534 -26.2849
2087000 301.032 -16519.2 66.9659
2088000 300.754 -16493.7 -19.1562
2089000 301.08 -16530.1 10.3897
2090000 302.118 -16488.4 -5.65457
2091000 298.958 -16517.9 -53.4314
2092000 300.558 -16564.4 75.3605
2093000 301.603 -16523.2 3.2022
2094000 300.413 -16472.3 -32.5931
2095000 302.305 -16461.2 -3.13411
2096000 299.786 -16505.7 45.1258
2097000 299.982 -16496.1 -58.1079
2098000 300.433 -16500 3.09211
2099000 298.826 -16597.5 16.3867
2100000 297.315 -16550.5 55.1245
2101000 300.046 -16470.5 -51.5244
2102000 300.855 -16506.2 6.39477
2103000 301.186 -16550.9 21.8697
2104000 300.749 -16544 24.2695
2105000 300.279 -16569 -0.190836
2106000 296.868 -16614.8 28.1703
2107000 298.325 -16623.6 6.96034
2108000 299.184 -16571.6 -24.6543
2109000 301.274 -16552 -14.5691
2110000 300.058 -16522.9 3.03163
2111000 301.142 -16473.1 -59.2418
2112000 298.777 -16470 -11.8888
2113000 301.318 -16441.1 -41.0836
2114000 300.562 -16506.4 57.6808
2115000 300.695 -16514.1 -55.0854
2116000 299.283 -16596.2 -22.281
2117000 299.409 -16584.8 67.1213
2118000 302.013 -16501.3 -7.79854
2119000 299.337 -16547.7 -13.2801
2120000 300.853 -16545.8 58.3112
2121000 300.23 -16569.9 -36.4482
2122000 300.836 -16531 58.5186
2123000 300.549 -16544.7 -98.6639
2124000 301.478 -16479.6 -4.68624
2125000 301.34 -16481.4 -86.9118
2126000 299.328 -16565 43.1897
2127000 300.752 -16541 -26.9998
2128000 301.69 -16547.6 92.9971
2129000 300.835 -16501.1 8.59449
2130000 301.193 -16426.9 -47.5381
2131000 301.661 -16462.4 -7.20347
2132000 299.576 -16482.3 -28.7912
2133000 300.601 -16478.6 -51.5855
2134000 300.78 -16469.2 107.149
2135000 300.684 -16512.1 -36.3452
2136000 299.29 -16562.7 47.3635
2137000 299.724 -16467.2 -15.1436
2138000 299.774 -16512.6 29.119
2139000 298.678 -16553.2 -9.80442
2140000 300.281 -16558.9 -12.6872
2141000 298.959 -16516.7 46.5217
2142000 300.579 -16468.8 -11.4811
2143000 300.685 -16455 -57.3475
2144000 300.838 -16466.6 52.0639
2145000 301.402 -16555.9 -4.8083
2146000 299.866 -16576.5 -7.00144
2147000 300.097 -16565.5 13.6584
2148000 298.716 -16592.3 66.4557
2149000 300.912 -16570.6 -159.171
2150000 299.304 -16548 89.9514
2151000 300.649 -16533.5 19.6842
2152000 300.644 -16556.7 -87.2664
2153000 299.466 -16570.6 104.925
2154000 301.116 -16493.5 -39.1186
2155000 298.803 -16536 33.9732
2156000 300.062 -16528.1 -38.5677
2157000 299.562 -16596.4 50.7387
2158000 299.296 -16536.8 -86.7655
2159000 301.457 -16481.7 28.0046
2160000 300.12 -16469.3 21.4442
2161000 301.315 -16490.7 -33.7333
2162000 300.393 -16520.2 -26.7555
2163000 300.337 -16543 48.693
2164000 298.614 -16564.2 -46.6298
2165000 298.773 -16545.1 -25.3591
2166000 299.502 -16481.2 38.8205
2167000 299.79 -16465.6 16.7539
2168000 298.669 -16519.2 10.9587
2169000 298.042 -16588.3 -3.29138
2170000 300.63 -16548 -39.739
2171000 299.925 -16531.2 46.6877
2172000 300.011 -16578.5 -10.5986
2173000 299.828 -16553.9 86.9609
2174000 299.204 -16527.5 -103.204
2175000 299.733 -16585.6 107.143
2176000 299.755 -16525.1 -98.1877
2177000 299.649 -16569.7 39.34
2178000 300.927 -16526.5 17.6016
2179000 299.883 -16546.6 22.0472
2180000 298.909 -16562.6 20.6969
2181000 300.004 -16543.9 -20.2001
2182000 298.385 -16555.5 8.41201
2183000 300.121 -16476.9 -27.0806
2184000 301.057 -16457.6 -7.72687
2185000 301.153 -16453.3 -23.6805
2186000 300.809 -16462.4 92.9023
2187000 299.839 -16526.3 -60.6242
2188000 300.562 -16519.9 -13.374
2189000 301.216 -16508.4 -22.4525
2190000 301.597 -16503.1 55.8458
2191000 301.282 -16483.8 -50.1122
2192000 299.063 -16581.8 9.01867
2193000 299.348 -16542.5 0.999178
2194000 302.354 -16506.5 -66.6773
2195000 298.021 -16563.2 62.4489
2196000 299.086 -16520.5 -6.8497
2197000 301.026 -16528.7 54.166
2198000 301.077 -16465 -15.1357
2199000 298.417 -16498.5 -26.761
2200000 301.132 -16478.4 -16.7571
2201000 299.78 -16569 43.5294
2202000 300.848 -16549.4 -16.4888
2203000 300.671 -16551.6 21.2452
2204000 299.559 -16604.1 64.9796
2205000 300.579 -16548.9 20.2758
2206000 300.75 -16499.1 -75.4346
2207000 299.259 -16535.8 14.3869
2208000 301.055 -16516.7 -37.6877
2209000 300.981 -16499.8 20.7849
2210000 301.192 -16516.1 -21.8499
2211000 300.811 -16520 -44.6415
2212000 300.084 -16481.7 59.2989
2213000 298.537 -16532.1 37.7985
2214000 300.932 -16541.2 29.9557
2215000 300.444 -16520 -70.6997
2216000 300.411 -16550.6 -16.5904
2217000 299.949 -16544 27.1703
2218000 300.658 -16493.3 -25.9723
2219000 301.559 -16493.5 -6.19884
2220000 299.771 -16585.7 99.2132
2221000 299.128 -16508.1 -87.5264
2222000 299.673 -16490.7 8.80224
2223000 301.181 -16540 66.011
2224000 299.406 -16628.2 -16.5186
2225000 299.021 -16632.1 -47.2406
2226000 299.805 -16591 42.6878
2227000 299.24 -16575.4 -16.622
2228000 299.345 -16624.5 31.9403
2229000 301.575 -16500.9 46.109
2230000 302.191 -16511.3 -65.5662
2231000 298.057 -16558.5 18.6418
2232000 300.077 -16540.7 -27.6533
2233000 299.605 -16474.4 53.1595
2234000 300.479 -16446.2 -47.4223
2235000 300.516 -16550.4 -47.6387
2236000 299.228 -16551.5 36.4747
2237000 299.889 -16575 4.67143
2238000 300.456 -16493.7 36.5425
2239000 301.038 -16488.5 -54.6459
2240000 299.069 -16545.3 37.399
2241000 299.027 -16526.5 -10.4575
2242000 298.335 -16570.4 2.24067
2243000 299.169 -16558.1 -28.4714
2244000 300.043 -16538.4 -11.9502
2245000 299.662 -16505.3 59.1261
2246000 300.77 -16502.8 64.9653
2247000 300.346 -16472 -25.9811
2248000 299.21 -16454.2 -8.02382
2249000 300.469 -16455.1 -23.069
2250000 301.735 -16484.5 -37.1467
2251000 300.117 -16479.2 40.5868
2252000 300.61 -16491.2 -22.3903
2253000 299.602 -16603.5 -12.8666
2254000 298.965 -16600.3 24.2176
2255000 298.646 -16550.3 44.1132
2256000 301.445 -16512.7 -41.6877
2257000 301.067 -16561.1 5.48759
2258000 299.213 -16547.2 -69.5389
2259000 297.804 -16477.9 35.2235
2260000 300.576 -16475.2 -6.65852
2261000 300.091 -16534.7 -76.9264
2262000 298.848 -16573.5 8.41236
2263000 300.185 -16556.3 47.4825
2264000 300.901 -16547.3 -30.4359
2265000 300.803 -16525.2 40.3753
2266000 299.8 -16489.5 21.3962
2267000 300.403 -16558.9 -101.427
2268000 299.971 -16610.8 -57.1339
2269000 297.982 -16605.2 113.631
2270000 298.939 -16553.9 -5.12674
2271000 299.187 -16514.3 14.1926
2272000 302.585 -16498.8 -38.5452
2273000 298.486 -16608.1 97.3077
2274000 300.046 -16517.9 0.237424
2275000 300.62 -16510.6 -68.9453
2276000 300.061 -16519.1 25.3241
2277000 299.497 -16541.9 -45.2061
2278000 300.642 -16534.3 0.415094
2279000 300.76 -16493.5 20.085
2280000 299.71 -16498.9 76.0116
2281000 299.759 -16533.3 -77.1924
2282000 299.573 -16571.5 7.09334
2283000 300.077 -16529.6 21.5885
2284000 300.257 -16503 -25.0283
2285000 300.814 -16512.9 31.473
2286000 301.91 -16443.2 19.1194
2287000 300.224 -16454.2 -32.8108
2288000 301.284 -16504.3 19.9134
2289000 301.505 -16461.4 -29.4884
2290000 301.31 -16480.7 35.6063
2291000 300.4 -16457.8 -4.66922
2292000 300.534 -16487.8 -14.6681
2293000 301.511 -16557.9 26.0872
2294000 298.873 -16572 -22.2258
2295000 301.001 -16535.5 -1.10432
2296000 297.399 -16636.4 -42.5611
2297000 300.942 -16602.3 -21.8735
2298000 301.15 -16612.6 10.2674
2299000 299.691 -16541.9 -49.4444
2300000 299.661 -16581.8 53.5345
2301000 298.8 -16582.7 13.94
2302000 298.042 -16580.8 -1.88707
2303000 302.941 -16500.2 -52.5723
2304000 297.79 -16540.1 78.4136
2305000 298.19 -16525.8 6.22478
2306000 300.437 -16478.2 -27.2508
2307000 300.723 -16551 -12.8663
2308000 299.668 -16539.4 46.105
2309000 299.938 -16548.3 -9.33135
2310000 300.079 -16544.4 8.57477
2311000 297.402 -16622.5 -23.0554
2312000 300.378 -16567.7 42.2849
2313000 299.936 -16573.3 -10.9223
2314000 299.954 -16481.6 -37.4676
2315000 301.702 -16518.8 -2.94552
2316000 299.569 -16573.8 16.0698
2317000 300.011 -16555.5 20.1147
2318000 300.865 -16520.2 -88.4467
2319000 298.943 -16508.5 80.7488
2320000 298.953 -16529.2 -54.6918
2321000 298.912 -16528.2 -46.148
2322000 300.181 -16527.8 5.67041
2323000 299.32 -16586.7 -24.9272
2324000 299.856 -16618 45.1305
2325000 299.461 -16600.4 -47.5514
2326000 300.551 -16565.2 120.623
2327000 300.499 -16522.5 -46.1735
2328000 300.395 -16496.2 -13.5554
2329000 297.292 -16590.8 74.8145
2330000 299.613 -16520.7 -9.86587
2331000 297.532 -16543.3 -22.375
2332000 301.365 -16451.6 -25.9755
2333000 298.366 -16503 66.0956
2334000 300.472 -16522 -47.1904
2335000 300.029 -16538.2 -9.60469
2336000 300.155 -16504.5 31.7543
2337000 301.446 -16499.6 -28.4468
2338000 299.684 -16542.1 -20.2419
2339000 300.311 -16520.6 -2.68896
2340000 299.765 -16505.4 100.104
2341000 301.303 -16486.4 -79.7086
2342000 299.002 -16545.7 -1.14312
2343000 298.454 -16526.2 -70.9722
2344000 299.178 -16554.8 130.472
2345000 299.537 -16509.9 -53.6243
2346000 300.118 -16506.7 7.71617
2347000 301.923 -16416.7 30.9079
2348000 298.566 -16496.5 -35.0155
2349000 300.55 -16532.2 25.7126
2350000 300.492 -16480.4 -56.0948
2351000 299.392 -16545 20.1142
2352000 299.956 -16553.4 29.7706
2353000 300.791 -16484.3 28.412
2354000 300.165 -16510.5 -6.29241
2355000 301.715 -16490.7 12.4704
2356000 301.52 -16493.6 7.83993
2357000 300.202 -16531.2 69.4714
2358000 299.489 -16559.1 -61.6531
2359000 300.971 -16604.9 -36.88
2360000 297.869 -16658.3 20.9397
2361000 301.542 -16572.9 -6.3551
2362000 298.773 -16552.1 3.99005
2363000 298.572 -16572 -15.0782
2364000 300.152 -16536.7 -67.5401
2365000 301.493 -16552.3 112.485
2366000 301.886 -16504.9 -24.2467
2367000 300.562 -16479.9 0.727137
2368000 301.013 -16444 -57.5767
2369000 299.706 -16483.7 96.9062
2370000 298.734 -16524.6 -47.9059
2371000 298.811 -16515.6 20.7303
2372000 299.111 -16496.9 37.9581
2373000 301.222 -16526.2 -7.24459
2374000 299.959 -16556.6 -3.76547
2375000 299.224 -16577 38.4472
2376000 300.228 -16566.1 -6.42175
2377000 300.363 -16520.4 5.68754
