# Time-averaged data for fix 3
# TimeStep v_Temperature v_PotentialEnergy v_Pressure
2000 345.88 -15396.3 -175.593
3000 399.705 -14279.1 -96.5257
4000 399.431 -14401.3 -47.5945
5000 399.703 -14364.3 29.7989
6000 399.702 -14288.6 -29.4839
7000 399.559 -14359.3 34.9234
8000 399.058 -14407.2 -22.3667
9000 398.502 -14399.5 55.4166
10000 399.021 -14421.6 -16.4467
11000 401.87 -14296.3 -37.2786
12000 399.94 -14322 59.9828
13000 398.569 -14357.7 30.1207
14000 401.055 -14289.5 13.1045
15000 398.401 -14281.8 -3.68551
16000 397.631 -14291.5 29.0775
17000 400.582 -14368.9 20.0109
18000 400.287 -14323.3 -89.7068
19000 400.407 -14253.7 16.9989
20000 401.127 -14280.8 -4.94222
21000 399.777 -14324.6 -38.3409
22000 398.93 -14265.9 -1.19475
23000 402.787 -14343.5 76.8404
24000 400.975 -14179.5 -66.5444
25000 401.067 -14214.3 -24.2887
26000 400.504 -14326.5 39.0542
27000 402.29 -14241.5 11.1537
28000 401.351 -14210.7 -158.928
29000 398.74 -14374.7 -29.5136
30000 403.385 -14363.8 78.749
31000 399.826 -14399.1 -52.8058
32000 398.021 -14388.5 53.6321
33000 400.95 -14319.9 -112.563
34000 400.459 -14294.2 65.5184
35000 400.786 -14295.6 -136.228
36000 399.778 -14302.9 98.2021
37000 401.547 -14308.1 -33.2264
38000 399.84 -14340.3 -8.70282
39000 399.137 -14307.9 -26.0976
40000 399.945 -14331 -48.6063
41000 401.767 -14336.4 113.101
42000 399.708 -14293.1 -76.2725
43000 400.894 -14316.7 -24.6225
44000 398.662 -14346.2 74.6216
45000 398.224 -14414.3 73.3006
46000 399.16 -14383 59.9393
47000 399.743 -14363.8 -16.3239
48000 398.068 -14375.9 -30.5408
49000 397.879 -14427.3 -28.0385
50000 400.038 -14328 -10.6114
51000 399.688 -14362.1 86.3365
52000 401.738 -14265.6 -119.007
53000 399.747 -14344.6 15.4281
54000 398.556 -14457.8 180.112
55000 397.606 -14307.9 -113.372
56000 400.332 -14304.8 22.8847
57000 398.451 -14373.2 -1.12053
58000 398.843 -14340.1 -4.11789
59000 400.81 -14325.1 58.2783
60000 399.079 -14357.7 -39.0757
61000 399.766 -14349.8 18.9212
62000 398.571 -14422.8 50.901
63000 401.886 -14290.7 -91.029
64000 400.706 -14300.4 38.3767
65000 401.31 -14309.1 53.5755
66000 402.063 -14269.2 -108.892
67000 400.025 -14335 52.8716
68000 399.38 -14394.6 26.6073
69000 398.734 -14375.4 -2.99673
70000 400.366 -14339.9 -160.536
71000 400.071 -14391.8 119.869
72000 402.481 -14316.1 10.5614
73000 400.535 -14361.2 -7.22002
74000 401.576 -14226.4 -93.1215
75000 399.896 -14405.9 138.666
76000 401.955 -14217.6 -141.669
77000 399.649 -14374.6 113.38
78000 397.483 -14338.7 -35.9514
79000 398.507 -14348.3 -10.109
80000 399.624 -14344.8 -53.8687
81000 400.057 -14344.1 144.696
82000 400.993 -14291.9 -89.7862
83000 397.029 -14429.1 30.5493
84000 400.889 -14290.2 16.0277
85000 400.064 -14277.9 -82.0317
86000 400.363 -14369 79.184
87000 401.197 -14406.9 53.2573
88000 398.381 -14442.1 -88.7541
89000 398.282 -14448.9 49.5679
90000 402.244 -14305.2 -49.8932
91000 400.08 -14376.8 6.37986
92000 397.066 -14412.5 5.88204
93000 400.579 -14339 -66.5627
94000 399.46 -14349.9 134.629
95000 398.787 -14300.5 -89.1464
96000 398.988 -14350.4 -3.7604
97000 398.667 -14375.2 -17.103
98000 398.184 -14331.5 -17.1682
99000 401.052 -14309.8 47.0242
100000 400.835 -14372.9 -42.7706
101000 398.357 -14366.2 55.8886
102000 399.883 -14330.1 27.0145
103000 399.172 -14277.2 -62.0189
104000 400.149 -14317.6 -2.1143
105000 399.623 -14327 104.306
106000 402.019 -14248.1 -91.6623
107000 400.2 -14324.9 87.4918
108000 400.844 -14340.7 -58.0307
109000 399.803 -14311.4 -41.9185
110000 400.724 -14306.1 50.0213
111000 400.308 -14331.3 -29.8983
112000 401.052 -14278.4 -59.2317
113000 399.521 -14363.9 140.756
114000 399.304 -14251 -90.7496
115000 401.867 -14307 -5.83678
116000 398.975 -14333.1 87.6747
117000 402.703 -14198.5 -88.0394
118000 401.138 -14317 85.4077
119000 400.727 -14348.9 -32.6177
120000 400.635 -14387.9 8.22873
121000 400.58 -14251.8 -52.2172
122000 399.103 -14369.1 118.661
123000 400.979 -14361.4 36.9172
124000 402.439 -14208.6 -80.1286
125000 400.287 -14297.1 -30.5734
126000 398.547 -14358.4 75.9937
127000 400.201 -14359.5 -15.9943
128000 399.721 -14350.3 -80.1469
129000 399.515 -14342 47.9947
130000 400.675 -14298.5 15.9829
131000 398.607 -14386.1 -0.286767
132000 399.778 -14419.7 74.4233
133000 400.758 -14265.4 -125.79
134000 399.182 -14370.2 29.8033
135000 399.201 -14346.6 -34.658
136000 403.368 -14317.4 58.1147
137000 398.084 -14312.1 -92.9646
138000 402.149 -14351.3 82.6331
139000 401.444 -14321 -45.7927
140000 401.534 -14269.8 19.2526
141000 398.618 -14335.6 -25.7715
142000 400.792 -14417.6 96.601
143000 397.869 -14390.6 10.8465
144000 400.472 -14318.9 -39.3385
145000 399.43 -14386.2 56.7361
146000 400.139 -14389 24.8713
147000 403.47 -14199.3 -29.2553
148000 402.33 -14238.3 44.979
149000 398.901 -14243.3 26.5397
150000 400.94 -14325.1 -19.2473
151000 399.684 -14267.6 -20.6433
152000 399.031 -14333 72.8013
153000 400.324 -14353.9 -8.26704
154000 400.886 -14289.6 15.5712
155000 400.791 -14283 -129.947
156000 398.407 -14366.7 166.006
157000 399.92 -14265.4 -79.3181
158000 399.029 -14352.6 42.2311
159000 400.63 -14351.8 -20.7281
160000 399.097 -14320 -124.783
161000 402.96 -14291.6 138.966
162000 399.75 -14388.7 -66.0787
163000 398.679 -14389.7 -17.9139
164000 398.223 -14350 45.705
165000 400.496 -14347.9 -54.249
166000 398.747 -14405.5 106.799
167000 398.8 -14328 -112.338
168000 399.406 -14350.8 150.169
169000 398.158 -14321.9 -94.6919
170000 397.909 -14399 -69.5955
171000 399.215 -14347 54.0192
172000 400.845 -14368.5 3.00332
173000 400.989 -14310.7 -39.3579
174000 401.322 -14371.9 158.149
175000 401.313 -14219.4 -122.626
176000 401.196 -14356.5 104.374
177000 400.781 -14316.1 -65.8786
178000 398.998 -14361.7 -53.2005
179000 400.486 -14322.7 88.259
180000 402.077 -14302.7 19.4099
181000 398.655 -14222 -144.587
182000 399.643 -14378 83.8583
183000 399.532 -14287.6 -47.003
184000 400.059 -14369.8 123.615
185000 399.267 -14339.2 -74.7696
186000 398.062 -14416.5 -18.1745
187000 400.032 -14352.7 -70.5462
188000 398.869 -14409.3 96.0672
189000 399.001 -14410.3 4.66966
190000 396.031 -14382 -114.115
191000 398.63 -14341.6 67.6833
192000 399.31 -14325.4 32.2402
193000 400.361 -14323 -11.6733
194000 400.18 -14286.1 -55.7296
195000 397.449 -14370 66.2486
196000 400.672 -14336.2 1.46859
197000 401.109 -14273.4 -118.809
198000 400.314 -14380.4 99.4373
199000 399.394 -14340.9 -0.908836
200000 402.417 -14256.5 -7.74303
201000 401.007 -14306.7 16.3935
202000 399.562 -14345.8 30.9586
203000 400.864 -14319.8 -65.5087
204000 400.943 -14359.8 131.022
205000 398.177 -14287.3 -188.024
206000 400.381 -14374.7 38.4442
207000 399.379 -14305.1 32.9241
208000 401.337 -14310.7 -3.11341
209000 400.948 -14299 -6.06421
210000 402.071 -14337.2 -38.2398
211000 399.249 -14362.2 76.0575
212000 399.837 -14326.6 -27.7104
213000 399.73 -14397.2 101.77
214000 400.377 -14343.4 -36.9945
215000 399.43 -14290.6 -101.432
216000 399.83 -14442.6 64.2903
217000 397.744 -14344.4 32.1157
218000 401.424 -14273.3 -52.5334
219000 399.31 -14384.8 97.282
220000 401.621 -14253.1 -182.484
221000 400.172 -14310.4 58.1606
222000 400.178 -14295.8 -59.906
223000 398.873 -14385.3 143.409
224000 401.282 -14259.1 -113.281
225000 401.982 -14274.1 27.7945
226000 400.853 -14290.6 101.642
227000 399.018 -14279.1 -111.626
228000 399.391 -14345.1 51.0366
229000 400.015 -14309.5 11.4513
230000 399.871 -14329.3 -34.3335
231000 397.592 -14461.8 91.7749
232000 398.186 -14408.4 -74.7266
233000 398.604 -14390.5 1.46131
234000 399.132 -14382.7 93.4822
235000 396.294 -14322.4 -127.656
236000 400.33 -14328.9 105.714
237000 401.31 -14250.4 -10.0539
238000 399.464 -14349.2 -64.4611
239000 400.269 -14345.4 63.4474
240000 400.027 -14294.1 -3.68264
241000 400.359 -14331.9 63.4957
242000 401.144 -14271.5 -140.728
243000 399.081 -14364.9 78.9017
244000 397.907 -14400.6 -84.8814
245000 401.553 -14389.9 105.6
246000 400.248 -14342.5 -40.5991
247000 398.731 -14410.3 75.6246
248000 399.46 -14328.6 -79.1032
249000 399.693 -14365.2 135.343
250000 400.967 -14314.1 -169.554
251000 399.675 -14363 42.9868
252000 401.752 -14281.6 8.87059
253000 401.606 -14283 -13.9372
254000 398.644 -14333.1 25.0388
255000 401.476 -14215.6 -92.7726
256000 399.67 -14341.3 113.944
257000 400.428 -14285.5 -98.5431
258000 398.979 -14398.4 135.53
259000 399.925 -14327 -79.7709
260000 402.558 -14331.8 12.7292
261000 402.229 -14253.2 3.06253
262000 401.7 -14283.8 -5.11821
263000 400.1 -14306.3 -7.35821
264000 401.189 -14302.8 39.6996
265000 400.084 -14271.4 -91.5033
266000 400.953 -14381.9 130.531
267000 400.316 -14369.4 -105.518
268000 401.274 -14351.3 40.6752
269000 398.412 -14410.1 39.1981
270000 398.85 -14365.3 6.80253
271000 401.34 -14354.2 9.97241
272000 399.406 -14371.8 -68.9915
273000 398.286 -14346.1 32.9492
274000 402.789 -14274.1 -78.2085
275000 399.626 -14363.7 52.0324
276000 399.313 -14339.7 -6.42905
277000 400.701 -14345.6 -0.410542
278000 400.44 -14387.5 8.57715
279000 399.771 -14289.3 14.2398
280000 402.708 -14292.9 -18.9934
281000 400.327 -14275 -82.8911
282000 401.726 -14239.2 34.6498
283000 397.274 -14332 0.210406
284000 400.842 -14284.6 8.29727
285000 400.473 -14304.8 -84.0053
286000 400.307 -14329.5 120.411
287000 397.594 -14408.9 -17.4084
288000 397.705 -14353.4 5.23708
289000 400.175 -14260 -149.768
290000 399.561 -14345.7 52.3943
291000 400.926 -14378.8 98.6855
292000 402.238 -14157.9 -147.337
293000 402.423 -14300.9 119.188
294000 401.005 -14308.1 -19.8725
295000 398.859 -14281.6 -144.676
296000 401.098 -14396.1 175.503
297000 400.956 -14282.1 -67.1992
298000 398.725 -14340.4 -2.90297
299000 399.554 -14267.2 -47.1936
300000 398.543 -14351.1 51.8897
301000 399.653 -14434.2 131.593
302000 397.876 -14349.5 -105.307
303000 399.902 -14310.8 -116.223
304000 400.516 -14379.3 171.788
305000 399.278 -14305.2 -88.0393
306000 399.162 -14355.8 7.06282
307000 400.189 -14344.2 -57.3306
308000 397.905 -14341.9 -8.36341
309000 399.017 -14336.7 12.8597
310000 402.401 -14264.5 5.00844
311000 401.085 -14336.3 31.3086
312000 398.871 -14436.8 -11.4437
313000 398.394 -14390.3 24.3596
314000 399.439 -14316 -58.5037
315000 398.74 -14442.3 115.779
316000 397.383 -14351.7 -88.162
317000 403.319 -14319.7 21.8018
318000 398.351 -14352.1 33.5541
319000 398.889 -14369.3 -59.063
320000 400.246 -14337.7 5.66117
321000 401.031 -14337.8 51.6304
322000 400.54 -14293 -86.1399
323000 402.41 -14252.7 130.123
324000 399.97 -14323.1 -20.0225
325000 399.726 -14314.8 -16.3822
326000 397.704 -14399.4 -17.414
327000 400.582 -14336.1 -143.548
328000 401.963 -14228.1 114.455
329000 401.394 -14235.5 -122.632
330000 397.835 -14359 25.7372
331000 398.948 -14363.1 4.26909
332000 399.724 -14333.1 12.7125
333000 399.205 -14368.1 -43.5015
334000 399.607 -14328.4 -24.9723
335000 400.573 -14363.7 40.8215
336000 400.422 -14356.6 10.5309
337000 402.9 -14286.9 -9.93154
338000 399.467 -14386 8.66999
339000 399.555 -14350.5 -65.1903
340000 396.658 -14454.3 66.1406
341000 402.13 -14269.3 16.5697
342000 399.979 -14295.6 -77.6812
343000 398.925 -14431.8 51.9822
344000 401.86 -14285 -48.6963
345000 401.338 -14312.8 131.829
346000 400.708 -14279.8 -160.693
347000 400.333 -14341.9 42.8401
348000 400.44 -14366.9 34.207
349000 397.373 -14404.4 -34.9963
350000 398.861 -14359 61.1611
351000 399.653 -14280.5 -104.445
352000 399.434 -14344.4 -4.95902
353000 401.445 -14330.7 67.3495
354000 401.95 -14284.1 7.58037
355000 399.529 -14293.4 -8.88253
356000 400.963 -14301.4 34.7974
357000 399.381 -14359.1 -15.7444
358000 399.347 -14407.3 70.1753
359000 402.731 -14266.6 -30.6688
360000 399.396 -14289.3 -43.7878
361000 398.611 -14413.9 74.954
362000 400.788 -14244.5 -136.436
363000 397.564 -14404.1 -11.3473
364000 399.425 -14417.4 139.312
365000 397.879 -14320.9 -128.01
366000 400.175 -14373.1 17.9795
367000 399.881 -14343.4 10.2197
368000 399.372 -14332.4 30.393
369000 402.65 -14297.1 -4.67155
370000 399.659 -14336.4 88.7917
371000 400.102 -14302.8 -115.17
372000 398.651 -14395.4 -33.0988
373000 400.197 -14384.1 151.344
374000 399.897 -14339.9 -2.81506
375000 401.814 -14262.5 0.174839
376000 399.291 -14335.1 22.9092
377000 401.152 -14345.7 37.3596
378000 400.517 -14369.6 -45.5157
379000 398.339 -14415.6 51.9726
380000 399.562 -14419.9 -55.5777
381000 398.021 -14259.8 34.2393
382000 398.251 -14283 -60.9428
383000 401.344 -14354 167.655
384000 399.012 -14326.3 -32.9901
385000 399.124 -14348.3 -46.9994
386000 400.756 -14349.6 35.2351
387000 399.079 -14333 -27.7702
388000 397.614 -14338.1 12.4419
389000 399.922 -14278.1 -27.6471
390000 398.886 -14360.3 72.089
391000 399.371 -14341.2 -29.6477
392000 399.91 -14281 -23.476
393000 400.322 -14288.7 -37.7464
394000 402.089 -14318.3 90.5273
395000 401.251 -14313.7 -46.6955
396000 396.387 -14367.5 8.87205
397000 400.045 -14290.1 -89.4335
398000 401.12 -14319.2 48.0783
399000 399.754 -14261.2 -7.86549
400000 399.858 -14336.7 65.09
401000 402.083 -14255.4 -101.741
402000 399.804 -14302.2 73.6069
403000 399.909 -14328.1 -50.4611
404000 401.924 -14307.9 0.729738
405000 400.01 -14324.4 73.599
406000 400.049 -14315.8 -40.7928
407000 400.376 -14351.9 84.2479
408000 403.373 -14203.8 -47.2207
409000 398.128 -14306.7 8.07252
410000 402.231 -14301.2 -67.8233
411000 399.579 -14343.4 54.8984
412000 399.844 -14292 -77.3006
413000 401.992 -14302.6 19.0076
414000 400.85 -14257.6 19.007
415000 397.276 -14367.4 4.43994
416000 397.797 -14363.6 7.90788
417000 401.39 -14288.6 -71.52
418000 400.169 -14366.3 14.5459
419000 398.511 -14431.6 45.728
420000 398.592 -14336.8 -30.3504
421000 401.193 -14291.4 21.9531
422000 400.784 -14349.7 76.5718
423000 399.468 -14327.7 -108.621
424000 399.088 -14278.7 -29.1337
425000 401.407 -14300.6 40.0437
426000 402.057 -14316.6 -29.0263
427000 400.491 -14290.4 -110.621
428000 400.33 -14297.3 110.013
429000 398.028 -14402.6 3.21252
430000 402.576 -14271.4 -57.2596
431000 399.995 -14411.1 53.5073
432000 399.96 -14388.3 -18.0211
433000 399.745 -14363.6 -27.218
434000 399.602 -14389 48.3139
435000 400.354 -14289.7 -35.2497
436000 401.805 -14267.2 -4.70041
437000 401.215 -14307 -8.33544
438000 400.468 -14365.5 36.3438
439000 401.806 -14334.8 -14.9162
440000 399.379 -14363.8 -19.9732
441000 403.158 -14381.1 85.726
442000 399.86 -14417.3 8.71229
443000 398.579 -14330.9 -73.8047
444000 400.296 -14286.1 -11.5027
445000 399.573 -14343.5 115.471
446000 397.082 -14371.5 -136.987
447000 397.755 -14362.2 50.3497
448000 399.083 -14401.1 -86.8537
449000 399.837 -14351.9 45.3112
450000 397.083 -14298.5 123.525
451000 398.96 -14356 -65.044
452000 398.016 -14347.9 5.15819
453000 398.165 -14364.3 59.6752
454000 399.356 -14315.7 -109.54
455000 398.955 -14410.7 65.9969
456000 399.494 -14425.6 148.339
457000 400.663 -14320.9 -63.5177
458000 399.218 -14322.3 -6.65054
459000 399.841 -14379.5 58.945
460000 399.544 -14387.5 -11.4548
461000 400.582 -14363.8 97.1919
462000 402.467 -14233.4 -114.285
463000 399.348 -14369.5 39.7936
464000 399.161 -14326.7 -88.0295
465000 401.367 -14325.4 114.055
466000 400.609 -14336.2 -11.3572
467000 399.76 -14310.2 14.4508
468000 400.501 -14308.8 -99.5236
469000 400.43 -14321.8 92.6958
470000 401.019 -14243.8 -45.2254
471000 399.045 -14355.5 30.4669
472000 402.588 -14237 -81.3428
473000 400.537 -14341.6 140.722
474000 402.281 -14262.7 -67.683
475000 397.613 -14313.9 24.8803
476000 401.686 -14245.7 -69.9955
477000 399.435 -14330.5 55.3821
478000 400.34 -14275.6 -41.8367
479000 400.75 -14373.5 79.8366
480000 398.846 -14369.2 -66.5494
481000 401.668 -14296.9 106.132
482000 400.828 -14313.5 -92.5299
483000 398.243 -14335.6 66.7395
484000 399.728 -14335.2 24.2189
485000 399.117 -14407.1 16.6533
486000 400.475 -14334.1 -64.4118
487000 399.015 -14415.5 104.169
488000 399.95 -14332.4 43.7228
489000 397.733 -14335.6 -53.1073
490000 400.623 -14259.6 54.9391
491000 397.253 -14367.5 -43.2757
492000 397.814 -14356.4 18.1577
493000 402.2 -14282.5 13.4161
494000 399.529 -14346.8 -19.2749
495000 401.033 -14351.6 28.6065
496000 400.924 -14319 -41.2498
497000 399.817 -14387.1 -7.42688
498000 401.009 -14314.4 17.7347
499000 397.69 -14358.1 -30.8633
500000 400.865 -14294.6 56.6692
501000 398.334 -14292.9 -115.905
502000 403.364 -14292.2 14.4926
503000 400.4 -14275.2 -51.0846
504000 399.473 -14306.2 81.462
505000 399.236 -14299 -119.228
506000 399.378 -14383.1 23.907
507000 399.165 -14338.7 9.00856
508000 399.637 -14374.2 15.0715
509000 402.301 -14321.9 9.05791
510000 400.923 -14297.3 -46.2279
511000 400.111 -14311.6 4.4449
512000 400.02 -14339.7 -56.9556
513000 399.009 -14366.9 25.472
514000 399.534 -14367.4 -50.9919
515000 399.925 -14373.3 94.603
516000 401.095 -14267.5 -13.7678
517000 402.891 -14261.1 114.465
518000 402.175 -14280.2 -122.174
519000 400.656 -14352.6 126.111
520000 399.584 -14309.6 -47.7367
521000 403.053 -14247.7 12.3435
522000 400.891 -14286.2 5.91698
523000 397.163 -14347.4 -2.39935
524000 399.845 -14327.7 -49.1401
525000 402.332 -14222.1 54.5479
526000 400.324 -14302.7 -55.1707
527000 398.495 -14414.4 47.3486
528000 400.001 -14335.5 3.41983
529000 398.97 -14301 -70.8706
530000 398.81 -14350.1 33.4368
531000 400.723 -14325.3 -13.2691
532000 399.696 -14324.8 -31.3611
533000 399.685 -14406.8 165.505
534000 397.856 -14413.2 15.3034
535000 400.118 -14387.8 -35.6492
536000 401.608 -14252.4 -42.852
537000 400.959 -14409.4 189.866
538000 400.266 -14277.5 -113.683
539000 400.19 -14297.7 -58.0648
540000 398.093 -14385.8 118.591
541000 397.506 -14338.3 -0.975109
542000 402.732 -14265.7 -51.1688
543000 400.745 -14394.9 87.5523
544000 399.325 -14253.5 -160.052
545000 400.253 -14393.2 92.2661
546000 398.851 -14320.9 -3.05075
547000 400.83 -14309.9 -11.1236
548000 402.603 -14337.3 33.3124
549000 400.462 -14249 -77.3544
550000 400.974 -14285.7 153.372
551000 402.077 -14255.6 -157.776
552000 399.052 -14354.2 124.548
553000 397.403 -14370.6 -88.0581
554000 398.016 -14390.3 63.5781
555000 400.357 -14339.1 36.969
556000 400.462 -14250.2 -130.371
557000 401.242 -14379 87.7024
558000 402.325 -14264.7 -18.6188
559000 400.043 -14309.7 25.4559
560000 400.083 -14393.8 10.4699
561000 396.852 -14374.4 50.3513
562000 399.944 -14201.4 -149.247
563000 399.335 -14254.5 64.6307
564000 402.427 -14291 -15.8357
565000 399.253 -14323.3 -19.793
566000 400.138 -14429.9 85.9166
567000 398.222 -14422.4 -29.0538
568000 400.005 -14316.5 -37.8902
569000 398.429 -14412.3 48.6387
570000 400.908 -14357.6 -20.479
571000 401.775 -14319 44.7561
572000 400.263 -14350.7 -16.3399
573000 399.27 -14366.6 51.2548
574000 400.992 -14245 -63.3173
575000 399.723 -14311 81.3036
576000 401.53 -14257.4 -75.1928
577000 399.956 -14315.9 -32.9841
578000 401.676 -14388.3 77.1514
579000 400.183 -14336.2 -83.2419
580000 401.106 -14383.8 57.9321
581000 402.156 -14348.2 91.43
582000 402.111 -14295 -62.1697
583000 399.794 -14347.1 42.6948
584000 399.235 -14385.3 -4.25822
585000 402.384 -14240 -48.3167
586000 398.495 -14349.1 -107.612
587000 399.6 -14380.2 182.531
588000 400.222 -14325.2 -57.557
589000 402.521 -14246.9 37.3731
590000 400.73 -14318.4 60.3251
591000 400.907 -14266.6 -122.176
592000 400.73 -14325.5 116.492
593000 399.191 -14388.7 -14.0932
594000 397.614 -14384.9 -70.0409
595000 400.816 -14341.8 97.015
596000 399.315 -14361 10.8863
597000 399.566 -14303 64.7291
598000 398.629 -14315.2 -91.057
599000 400.141 -14355.2 105.607
600000 399.667 -14251.9 -59.3612
601000 399.625 -14351.9 49.9981
602000 403.069 -14291.1 -28.4475
603000 399.785 -14287.5 26.2239
604000 403.168 -14275.6 78.0823
605000 399.886 -14323.8 -156.297
606000 398.85 -14320.8 55.5336
607000 400.052 -14289.7 31.5392
608000 397.349 -14351.8 -7.98629
609000 399.814 -14281.2 -81.2356
610000 399.884 -14387 155.67
611000 399.527 -14288.1 -38.8795
612000 399.457 -14286 -18.6175
613000 397.606 -14349.8 38.0924
614000 399.806 -14356.6 -38.1014
615000 400.321 -14403.6 87.1741
616000 401.117 -14277.2 -54.5226
617000 401.058 -14329.2 -4.9784
618000 399.82 -14246.6 -24.5333
619000 399.986 -14314.5 -21.8195
620000 400.023 -14366.9 128.48
621000 399.256 -14305.2 -109.205
622000 397.009 -14431.1 56.9733
623000 400.275 -14385.2 50.2266
624000 399.947 -14356.9 -94.6435
625000 402.051 -14336.4 122.461
626000 400.481 -14236.7 -129.233
627000 402.474 -14329.7 166.956
628000 401.335 -14260.1 -130.783
629000 401.857 -14322.6 16.823
630000 401.189 -14400 -27.9165
631000 399.302 -14323.2 73.3026
632000 401.023 -14220.2 -118.011
633000 400.332 -14328.9 21.0468
634000 398.854 -14383.8 28.0313
635000 401.318 -14336.5 -83.7578
636000 401.197 -14331.9 105.877
637000 399.548 -14328.5 -39.6556
638000 400.687 -14287.8 -14.7954
639000 400.182 -14298.2 -80.7213
640000 398.712 -14319.3 23.1771
641000 401.054 -14371.2 45.6049
642000 396.927 -14411.1 -9.77856
643000 401.947 -14408.7 12.245
644000 398.483 -14374.4 -24.0509
645000 399.994 -14267.5 -37.7382
646000 400.118 -14253.9 -41.983
647000 396.629 -14416.4 62.1941
648000 396.883 -14312.6 -26.8157
649000 398.621 -14353.6 153.108
650000 403.603 -14207.8 -148.324
651000 399.196 -14413.2 5.57731
652000 399.043 -14397.9 88.1806
653000 399.199 -14362 -42.5855
654000 399.552 -14385 114.201
655000 399.787 -14311.6 -171.011
656000 400.859 -14297.4 55.5333
657000 398.723 -14315.5 21.9715
658000 400.798 -14249.5 -54.7099
659000 401.006 -14260.4 -71.793
660000 399.748 -14358.6 53.7697
661000 399.989 -14374.7 121.143
662000 398.074 -14295.9 -129.127
663000 398.437 -14319.7 8.84825
664000 399.085 -14356.9 17.2543
665000 399.553 -14399.6 36.5451
666000 400.224 -14330.3 -6.37248
667000 398.7 -14350.4 44.1727
668000 399.971 -14304.9 -20.6576
669000 399.144 -14361.4 118.375
670000 398.272 -14295.7 -179.97
671000 401.153 -14305.9 95.8896
672000 399.971 -14322.1 -63.3683
673000 399.034 -14372.6 43.8807
674000 403.814 -14296.4 0.864867
675000 399.944 -14313.1 36.1904
676000 399.892 -14322.8 -45.3311
677000 400.092 -14369.1 -18.4905
678000 400.422 -14308.5 14.5164
679000 400.425 -14334.6 -7.08961
680000 399.784 -14328.8 56.9962
681000 402.476 -14258.6 -18.6158
682000 400.189 -14327.1 -75.4928
683000 398.776 -14388.4 111.662
684000 398.775 -14360.4 -47.0385
685000 398.881 -14352 -71.4575
686000 401.502 -14336.9 91.0779
687000 398.52 -14283.4 2.27859
688000 401.522 -14286.4 25.7703
689000 402.698 -14249.3 33.6726
690000 401.622 -14338.4 -48.6974
691000 397.635 -14375.3 28.5664
692000 398.965 -14256.7 -86.7517
693000 401.44 -14297.2 57.0855
694000 399.322 -14298.8 0.287232
695000 400.677 -14371.6 25.6315
696000 399.417 -14334.1 19.0162
697000 402.045 -14351.8 20.2609
698000 401.017 -14274.2 -54.3584
699000 402.583 -14312.5 159.919
700000 398.05 -14326.8 -83.6107
701000 401.162 -14299.4 -22.2795
702000 400.531 -14292 -22.8946
703000 398.712 -14343.8 23.7163
704000 397.112 -14397.9 92.0918
705000 400.547 -14334.8 -4.87646
706000 402.306 -14285.1 -55.9412
707000 398.866 -14319 -17.8055
708000 402.253 -14342.1 30.0291
709000 402.22 -14324.3 -56.7951
710000 400.56 -14279.2 68.7996
711000 400.053 -14311.3 -62.0218
712000 399.536 -14308.5 1.87964
713000 400.499 -14302.5 34.351
714000 399.696 -14341.9 14.5603
715000 397.188 -14342.6 16.8533
716000 399.029 -14333.2 -29.0063
717000 400.452 -14314.3 -16.9174
718000 402.434 -14241.8 -1.90244
719000 399.055 -14339.3 -68.8051
720000 399.425 -14390.9 69.6595
721000 400.547 -14454.6 12.5621
722000 400.762 -14321.7 -48.2055
723000 399.541 -14361.9 42.6457
724000 399.573 -14360.5 -17.8894
725000 399.262 -14398.9 -1.20017
726000 399.416 -14369.4 69.8703
727000 399.349 -14273.4 -63.7304
728000 401.165 -14296.8 53.0777
729000 399.714 -14356.1 -43.0932
730000 400.664 -14344.8 139.215
731000 402.093 -14223 -105.013
732000 401.058 -14365 137.743
733000 401.964 -14253.5 -61.62
734000 400.59 -14357 -0.935013
735000 398.413 -14392.8 36.2501
736000 399.704 -14300.4 -88.4445
737000 400.868 -14361.1 11.816
738000 399.625 -14305.8 -103.134
739000 399.706 -14301 105.056
740000 399.051 -14331.2 5.31318
741000 400.561 -14240.8 -59.5802
742000 401.925 -14310.9 -23.4474
743000 399.813 -14340.3 35.759
744000 400.94 -14320.3 48.2825
745000 397.658 -14316.2 -11.3173
746000 398.898 -14407 29.5095
747000 400.689 -14432.7 -8.53916
748000 401.067 -14368.9 -83.8839
749000 399.452 -14407.2 51.282
750000 400.225 -14329.7 58.7307
751000 398.241 -14363 -87.0995
752000 399.005 -14396 107.599
753000 400.362 -14300.8 -143.889
754000 400.022 -14361.3 106.504
755000 399.239 -14379.3 -10.2563
756000 399.437 -14276 -43.2119
757000 397.988 -14404.5 13.9611
758000 399.817 -14329.6 -32.4297
759000 400.751 -14301.1 86.4087
760000 400.218 -14314.9 -76.1209
761000 403.561 -14265.9 41.1417
762000 400.625 -14327.3 4.24383
763000 403.083 -14291.9 -42.0383
764000 399.629 -14375.8 138.371
765000 400.107 -14307.5 -82.0713
766000 399.765 -14327.9 -3.02029
767000 398.468 -14350.8 58.5882
768000 398.975 -14377.5 4.15305
769000 400.878 -14378.1 63.261
770000 399.417 -14300.6 -165.585
771000 398.784 -14427.8 180.571
772000 402.699 -14335.9 -90.492
773000 401.107 -14415.1 25.4091
774000 398.896 -14419.9 -32.2561
775000 400.523 -14362 30.4837
776000 399.757 -14342.4 -21.335
777000 400.851 -14371.1 40.4268
778000 398.752 -14332.5 -45.8759
779000 398.367 -14381.6 75.2715
780000 401.465 -14250.4 -125.149
781000 401.008 -14280.3 103.802
782000 399.517 -14301.9 -88.8356
783000 403.681 -14285.7 38.5047
784000 398.45 -14329 -5.46708
785000 399.986 -14401.6 42.4815
786000 399.652 -14314.7 -98.0295
787000 400.54 -14417.9 26.9824
788000 398.51 -14426.8 51.0901
789000 397.791 -14388.8 22.8948
790000 399.321 -14354.6 -107.121
791000 401.75 -14428.7 200.765
792000 401.257 -14299.3 -48.3962
793000 398.345 -14275.9 95.8085
794000 398.446 -14288.7 -107.976
795000 398.616 -14344 90.6086
796000 400.742 -14255.8 -120.461
797000 400.027 -14416.2 103.325
798000 397.816 -14375.9 10.5149
799000 400.933 -14308.9 38.1977
800000 401.723 -14263.3 -82.3062
801000 400.207 -14279.4 -9.5678
802000 398.106 -14367.4 76.8333
803000 400.716 -14287.9 -106.167
804000 403.292 -14246.5 79.7397
805000 401.698 -14346.5 -8.76049
806000 399.152 -14340.2 2.69769
807000 395.652 -14410.2 87.3062
808000 401.504 -14326 -92.0959
809000 401.073 -14370.5 45.3962
810000 398.337 -14374 -67.6517
811000 400.121 -14390 52.9687
812000 399.73 -14322.8 -70.4978
813000 398.919 -14399.8 94.8029
814000 398.533 -14385.7 -27.1709
815000 398.328 -14399.1 11.9312
816000 401.624 -14301.2 -41.0685
817000 401.444 -14354.2 33.555
818000 399.727 -14364.4 -8.31304
819000 398.393 -14334 -10.1276
820000 402.486 -14334 10.4618
821000 401.815 -14256.1 -36.2774
822000 399.325 -14359.5 46.6043
823000 398.419 -14385.5 -78.5026
824000 399.313 -14363.6 108.087
825000 397.721 -14399.3 -6.5142
826000 401.928 -14346 -60.6745
827000 397.675 -14374.5 -20.3585
828000 399.84 -14295.3 79.5434
829000 400.149 -14270.9 -60.8655
830000 401.42 -14262.1 -52.687
831000 403.189 -14258.6 38.7409
832000 400.199 -14361.9 86.1554
833000 401.517 -14307.8 -40.1355
834000 397.604 -14390.3 -39.7513
835000 397.566 -14397.2 127.131
836000 401.683 -14296.3 -163.22
837000 401.537 -14265.3 94.2929
838000 400.436 -14298.7 -25.037
839000 402.49 -14278.7 34.607
840000 399.741 -14272.8 -10.0702
841000 400.958 -14335.7 9.96348
842000 400.564 -14272 46.6384
843000 397.851 -14300.8 -40.6135
844000 400.133 -14289.8 -28.2965
845000 399.69 -14324.3 23.579
846000 400.807 -14296.6 -41.756
847000 400.118 -14356 -8.22536
848000 402.155 -14300.4 142.031
849000 399.75 -14360.9 -29.0016
850000 399.345 -14325.4 -60.7348
851000 400.332 -14365.7 30.4805
852000 398.969 -14320.3 -92.7238
853000 399.732 -14381.6 88.4491
854000 400.733 -14364.4 -30.3876
855000 396.687 -14441.4 82.342
856000 401.784 -14338.2 -58.4404
857000 399.105 -14399.1 -1.37605
858000 402.619 -14336.2 17.9072
859000 399.849 -14369.3 36.1276
860000 399.404 -14332.8 -26.008
861000 399.668 -14435.6 47.3358
862000 399.709 -14304.9 -75.7968
863000 401.737 -14258.6 2.07971
864000 400.946 -14351.6 23.7881
865000 399.398 -14298.8 -47.7194
866000 400.639 -14335.9 28.5641
867000 399.852 -14349.3 11.0056
868000 398.511 -14369.8 -85.2713
869000 401.602 -14316.5 86.9241
870000 398.13 -14386.5 1.53522
871000 402.121 -14303.3 62.6797
872000 400.149 -14352 -105.675
873000 399.257 -14414 97.7574
874000 400.758 -14292.1 -74.0783
875000 399.008 -14363.2 145.539
876000 400.142 -14329.7 -143.122
877000 400.074 -14356.5 24.9055
878000 402.058 -14261.4 -52.3814
879000 398.541 -14348.9 6.57499
880000 398.469 -14347.1 2.1886
881000 401.32 -14355.1 129.359
882000 402.567 -14261.7 -66.003
883000 400.253 -14280.4 -52.6463
884000 398.284 -14413.5 96.078
885000 401.23 -14265.1 -155.505
886000 400.158 -14337.4 106.793
887000 398.834 -14347.6 -115.404
888000 398.481 -14442.2 203.264
889000 401.65 -14228.8 -29.6815
890000 398.413 -14348.2 -13.9585
891000 397.824 -14434 22.4884
892000 401.7 -14353.8 61.9873
893000 399.507 -14301.1 -29.5442
894000 398.618 -14381.7 93.3997
895000 401.099 -14273.1 -108.533
896000 400.929 -14299.7 72.3776
897000 399.711 -14296.6 13.475
898000 399.17 -14352.9 -49.9665
899000 400.051 -14339.3 44.8454
900000 399.495 -14371.9 -43.6356
901000 399.037 -14425 12.374
902000 398.778 -14319.7 -12.8292
903000 402.614 -14154 -126.644
904000 400.757 -14325.4 101.969
905000 398.655 -14379.5 -16.7438
906000 399.473 -14301.8 -51.1365
907000 400.96 -14287.4 -2.02895
908000 398.794 -14402.1 8.09686
909000 397.028 -14409.8 78.75
910000 400.714 -14282.6 -44.7364
911000 400.409 -14315.3 11.1434
912000 400.236 -14318.2 -74.8041
913000 396.414 -14485.6 118.594
914000 401.203 -14335.8 -80.6092
915000 401.143 -14285 66.276
916000 401.598 -14300.6 -35.9603
917000 400.623 -14332.4 2.91591
918000 398.485 -14450.8 125.033
919000 399.761 -14276.1 -44.6743
920000 397.859 -14391.8 -16.5975
921000 401.057 -14330 -66.8334
922000 398.043 -14383.6 139.505
923000 400.456 -14229.4 -50.9949
924000 399.402 -14244.3 -30.262
925000 401.921 -14322.4 13.6117
926000 401.209 -14320.3 -41.3428
927000 402.126 -14258.8 22.8616
928000 401.13 -14325.5 34.818
929000 398.722 -14383.3 -34.8447
930000 399.075 -14407 17.7423
931000 399.897 -14364.7 2.09127
932000 401.062 -14333.1 64.4291
933000 397.345 -14364.4 -84.459
934000 400.093 -14406.8 5.83587
935000 399.93 -14325.7 4.62347
936000 398.963 -14362.2 77.2018
937000 399.676 -14344.5 -181.375
938000 401.171 -14397.2 117.289
939000 400.875 -14343.8 30.9321
940000 400.753 -14282.7 -141.581
941000 398.415 -14356 -0.725822
942000 398.8 -14421.7 42.0991
943000 399.738 -14327.2 36.5556
944000 400.716 -14325 -17.4836
945000 401.991 -14232.1 31.7765
946000 401.071 -14263.8 -16.9127
947000 397.559 -14339.9 -42.7189
948000 400.164 -14309.8 106.432
949000 400.073 -14321.4 -75.4029
950000 402.699 -14282.3 6.37878
951000 399.136 -14429.8 80.0555
952000 400.947 -14307.8 -91.1556
953000 398.726 -14426.1 8.5824
954000 398.443 -14340.3 42.6272
955000 399.1 -14389.8 96.3822
956000 402.513 -14284.2 -69.7432
957000 398.539 -14313.4 34.443
958000 400.669 -14356.4 -11.0989
959000 399.252 -14316.4 33.4476
960000 398.457 -14409 -9.33794
961000 396.943 -14430.5 3.70078
962000 398.075 -14307.8 -54.6982
963000 402.636 -14281.1 119.799
964000 398.538 -14290.9 -42.5224
965000 401.406 -14303.7 -72.1981
966000 400.648 -14302 85.7183
967000 402.105 -14296.2 20.2985
968000 401.187 -14343.7 -7.32697
969000 403.791 -14245 12.0654
970000 401.014 -14250 -88.9599
971000 403.852 -14283.8 99.5623
972000 401.136 -14261.7 -93.6043
973000 399.366 -14360.5 63.7384
974000 401.31 -14287.2 -39.8631
975000 399.797 -14362 62.4059
976000 400.011 -14350.5 -44.6301
977000 399.941 -14342.9 60.6184
978000 399.779 -14272.4 -132.186
979000 401.333 -14352 99.6894
980000 398.309 -14284.4 -67.413
981000 401.031 -14344.3 27.6756
982000 398.781 -14339.9 -47.4288
983000 400.7 -14366.2 -18.4847
984000 400.017 -14360.4 46.3999
985000 400.662 -14280.8 -90.1435
986000 397.991 -14466.4 34.9167
987000 400.304 -14403.3 20.6085
988000 401.793 -14346.9 47.6
989000 398.516 -14333.4 -28.6401
990000 403.166 -14301.3 17.5675
991000 398.03 -14378.7 -50.6758
992000 399.544 -14307.6 80.4431
993000 398.336 -14320.2 -111.334
994000 399.027 -14349.1 51.003
995000 400.162 -14378.1 -13.2591
996000 399.43 -14274.1 23.5091
997000 400.27 -14263 -45.3855
998000 400.446 -14290.5 -69.815
999000 400.971 -14328.2 65.7266
1000000 400.015 -14335.7 -95.9761
1001000 401.185 -14323.6 45.9084
1002000 400.716 -14336.5 43.0046
1003000 399.738 -14323.1 21.2781
1004000 399.073 -14366.4 -76.4224
1005000 401.445 -14408.2 42.9803
1006000 398.532 -14311.7 -53.6573
1007000 399.471 -14356.1 61.1179
1008000 398.7 -14270.3 -40.5969
1009000 399.623 -14384.4 -22.7458
1010000 395.926 -14455.2 91.3065
1011000 401.091 -14349.1 49.3819
1012000 399.891 -14271.2 -53.8249
1013000 398.762 -14372.2 72.7178
1014000 401.563 -14335.7 1.38715
1015000 401.351 -14297.6 -47.6165
1016000 396.355 -14440.1 130.48
1017000 400.109 -14243.1 -248.479
1018000 401.206 -14375.4 125.091
1019000 401.629 -14277.6 -83.844
1020000 401.949 -14314.2 -22.5365
1021000 401.647 -14337.9 96.7758
1022000 400.612 -14391.3 -34.0457
1023000 401.181 -14286.3 -124.167
1024000 401.415 -14308.7 71.8303
1025000 400.106 -14313.7 26.8725
1026000 399.34 -14385.6 76.8867
1027000 401.499 -14276.5 -74.8952
1028000 401.53 -14315.1 42.7357
1029000 402.462 -14310.4 38.3907
1030000 401.428 -14214.5 -100.978
1031000 399.643 -14328.8 64.3992
1032000 400.23 -14378.6 -43.2753
1033000 399.349 -14365.3 -18.0345
1034000 400.959 -14294.7 26.2331
1035000 400.264 -14337.3 -25.0344
1036000 398.056 -14461.7 74.2531
1037000 399.723 -14331.5 -109.503
1038000 399.745 -14334.2 90.6018
1039000 401.776 -14263.1 -34.3079
1040000 401.156 -14313.8 -68.2047
1041000 398.999 -14402.8 -2.99239
1042000 400.757 -14358.6 134.144
1043000 400.71 -14222.9 -115.595
1044000 399.017 -14318.4 10.8068
1045000 399.288 -14365.2 15.4726
1046000 399.819 -14321.9 -30.0018
1047000 401.038 -14273.3 76.6388
1048000 398.014 -14370.8 -66.7035
1049000 401.339 -14312.2 24.638
1050000 399.468 -14278.5 9.99695
1051000 401.287 -14286.2 -120.939
1052000 400.05 -14357.5 -17.0336
1053000 401.067 -14355.2 27.1046
1054000 399.267 -14297.3 30.39
1055000 399.825 -14290.7 -56.8236
1056000 400.939 -14352.3 54.6646
1057000 401.638 -14321.4 13.408
1058000 398.524 -14280.4 -156.948
1059000 403.443 -14204.7 22.6921
1060000 398.114 -14331.6 -24.9193
1061000 402.441 -14273.2 45.3982
1062000 400.84 -14229.9 -109.191
1063000 399.952 -14372.8 28.4465
1064000 399.632 -14345 -27.8796
1065000 401.982 -14328.8 54.3826
1066000 398.076 -14352.5 -0.377088
1067000 401.758 -14315.3 77.7227
1068000 399.578 -14285.3 -88.3472
1069000 398.843 -14374.9 72.5263
1070000 398.488 -14328.6 -40.0374
1071000 395.894 -14392.6 -78.4057
1072000 401.958 -14311.3 58.7502
1073000 401.516 -14366.4 30.4497
1074000 400.657 -14337.3 -0.0534473
1075000 401.352 -14341.2 30.0414
1076000 400.601 -14278.2 -114.481
1077000 401.186 -14392.2 133.238
1078000 400.809 -14320.5 -72.7203
1079000 400.876 -14333 62.9123
1080000 398.601 -14317.9 -6.67604
1081000 400.131 -14344.6 -84.4446
1082000 402.065 -14284.9 61.4748
1083000 401.266 -14300.2 -40.564
1084000 399.612 -14317.2 64.5373
1085000 401.157 -14262.7 -130.749
1086000 397.851 -14384.7 88.998
1087000 400.291 -14310 -37.1992
1088000 400.978 -14351.8 42.259
1089000 400.476 -14313.2 57.1904
1090000 402.773 -14256.6 -83.728
1091000 402.293 -14298.3 75.7857
1092000 399.788 -14365.1 -9.1228
1093000 400.2 -14329.7 37.5714
1094000 400.394 -14256.6 -41.7989
1095000 401.463 -14251.5 -73.2977
1096000 402.011 -14384.4 90.2061
1097000 402.133 -14328.8 19.9226
1098000 399.06 -14326.7 -59.519
1099000 400.496 -14295.3 98.9167
1100000 398.744 -14313.2 -136.236
1101000 400.082 -14261.3 -6.91091
1102000 399.685 -14410 125.973
1103000 400.717 -14348.1 -17.3597
1104000 398.57 -14401 11.6555
1105000 401.529 -14322.7 28.1591
1106000 402.965 -14283.8 -15.2135
1107000 400.038 -14346.2 -76.15
1108000 399.11 -14398.9 92.8134
1109000 398.665 -14320.4 -53.1755
1110000 401.209 -14406.1 151.469
1111000 397.546 -14400.5 3.91265
1112000 399.971 -14273.3 -130.521
1113000 398.01 -14326.5 61.3971
1114000 401.762 -14364 63.7763
1115000 400.033 -14390.1 9.84655
1116000 401.709 -14249.8 20.3177
1117000 397.749 -14307.2 30.8951
1118000 399.684 -14318.4 -59.7166
1119000 399.257 -14351.6 16.3228
1120000 400.205 -14342.9 -24.2117
1121000 399.682 -14325.6 24.7285
1122000 400.768 -14359.6 46.675
1123000 400.754 -14366.4 -80.6979
1124000 401.346 -14313.6 87.4314
1125000 402.977 -14281.5 -52.7555
1126000 399.566 -14341.9 4.9771
1127000 401.737 -14243.6 -65.9388
1128000 401.115 -14394.7 149.126
1129000 396.692 -14396.3 -38.4776
1130000 399.592 -14358.9 -65.7327
1131000 399.272 -14346.5 27.8655
1132000 401.168 -14398.8 73.3938
1133000 400.821 -14223.7 -107.701
1134000 398.607 -14376.6 65.8246
1135000 401.046 -14292.7 -81.7146
1136000 399.049 -14379.2 108.473
1137000 402.323 -14305.9 -67.1565
1138000 396.851 -14366 79.811
1139000 401.633 -14268.7 -80.7877
1140000 402.118 -14314 103.704
1141000 399.798 -14327 -5.69451
1142000 400.041 -14303.2 -63.0345
1143000 399.621 -14349.9 55.7653
1144000 401.052 -14320.8 -0.104387
1145000 399.498 -14202.7 -240.534
1146000 400.772 -14242.1 65.6583
1147000 401.978 -14354 -23.8665
1148000 397.63 -14380.5 61.2859
1149000 403.241 -14292.2 12.1409
1150000 400.012 -14309.4 -49.9127
1151000 402.821 -14286.8 -26.9535
1152000 401.59 -14342 99.0222
1153000 400.773 -14359.4 -83.6645
1154000 398.982 -14345 -22.2884
1155000 398.486 -14434.3 112.798
1156000 399.634 -14317.5 -52.9674
1157000 398.404 -14338 103.39
1158000 398.743 -14288.6 -69.0216
1159000 400.438 -14347.5 -52.3553
1160000 398.475 -14397 26.2792
1161000 399.764 -14313.8 -15.5692
1162000 399.221 -14303.9 20.8006
1163000 399.161 -14340 -27.4727
1164000 397.158 -14485.1 70.5446
1165000 398.601 -14327 -89.6532
1166000 397.728 -14418.5 -1.12517
1167000 401.493 -14269.7 -8.09814
1168000 401.246 -14279.8 -58.2493
1169000 398.609 -14375.2 103.283
1170000 400.796 -14255.1 -83.9413
1171000 401.024 -14275.4 50.2328
1172000 400.782 -14320.6 53.6675
1173000 400.102 -14290.2 -91.2194
1174000 400.544 -14281.4 104.757
1175000 401.804 -14303.1 -35.8001
1176000 398.519 -14400.9 -13.5307
1177000 401.474 -14272.2 20.7344
1178000 399.376 -14278.9 -83.7794
1179000 397.447 -14380.1 -73.0686
1180000 397.758 -14433.6 44.8771
1181000 400.248 -14346.6 68.6003
1182000 400.036 -14262.8 -71.0769
1183000 401.017 -14269.4 29.0149
1184000 400.165 -14441.7 -40.7165
1185000 398.368 -14360 -7.90484
1186000 401.275 -14245.3 23.5405
1187000 400.242 -14318.2 -1.26764
1188000 397.433 -14456.6 17.1913
1189000 399.318 -14378.5 31.3071
1190000 401.266 -14287 21.3044
1191000 397.904 -14329 -96.4938
1192000 397.014 -14402.2 138.931
1193000 401.478 -14316.9 -11.9356
1194000 401.077 -14275.9 -68.1653
1195000 400.135 -14334.3 117.091
1196000 399.293 -14292.7 -107.419
1197000 399.782 -14385.1 72.7856
1198000 396.841 -14460.2 -22.6905
1199000 399.773 -14342.5 -33.5493
1200000 403.073 -14273.8 21.2156
1201000 401.99 -14392.6 22.6611
1202000 399.231 -14389.3 -78.1495
1203000 400.023 -14404.2 106.069
1204000 397.382 -14404.1 -18.9872
1205000 399.873 -14362 -16.1901
1206000 401.664 -14263.5 -41.3501
1207000 401.142 -14346.7 44.8295
1208000 399.309 -14339 101.444
1209000 400.899 -14198.1 -244.919
1210000 400.796 -14349.7 27.1483
1211000 400.655 -14380.4 14.3457
1212000 398.777 -14359.8 67.3345
1213000 400.355 -14283 -137.486
1214000 397.635 -14359.4 83.8012
1215000 402.849 -14230.1 -46.0976
1216000 399.339 -14304.9 43.4994
1217000 399.565 -14319.7 -98.5242
1218000 402.05 -14260.9 87.8987
1219000 398.007 -14347 38.5138
1220000 398.122 -14457 -37.7934
1221000 401.291 -14300.9 -56.4373
1222000 401.368 -14336 7.49813
1223000 399.858 -14349 18.5042
1224000 400.459 -14331.1 103.231
1225000 398.582 -14345 -106.421
1226000 396.561 -14440 144.336
1227000 399.841 -14307.1 -138.979
1228000 403.097 -14308.1 3.87422
1229000 400.518 -14305.6 1.54883
1230000 398.056 -14373.6 95.797
1231000 401.964 -14240.8 -127.452
1232000 400.843 -14350.8 160.44
1233000 400.549 -14338.8 -133.054
1234000 397.711 -14363.5 139.376
1235000 399.348 -14337 -72.4555
1236000 399.596 -14298.8 -24.8334
1237000 402.774 -14311.8 -14.2775
1238000 399.222 -14324.4 100.258
1239000 400.222 -14257 -103.316
1240000 401.495 -14342.9 81.3738
1241000 399.585 -14330 21.1927
1242000 400.728 -14343 -21.0831
1243000 398.332 -14378.7 39.7339
1244000 402.3 -14247.7 -37.924
1245000 402.487 -14301 -45.0197
1246000 399.503 -14417.3 129.874
1247000 399.821 -14364.4 -100.249
1248000 400.547 -14356.4 37.4182
1249000 400.074 -14328.8 0.522413
1250000 399.431 -14303.8 -1.125
1251000 399.407 -14386.1 -41.319
1252000 397.826 -14418 120.031
1253000 401.553 -14305.1 -53.6657
1254000 400.828 -14342.7 9.21798
1255000 399.632 -14343.1 8.32917
1256000 402.266 -14329.6 50.6144
1257000 398.969 -14350.8 -100.878
1258000 399.163 -14398.6 112.329
1259000 400.19 -14269.7 61.9099
1260000 399.837 -14213.2 -109.234
1261000 401.996 -14283.5 56.8583
1262000 398.786 -14301.7 -66.0787
1263000 397.607 -14417.7 38.1448
1264000 401.709 -14345.6 22.0652
1265000 401.663 -14241 -42.6332
1266000 399.377 -14346.5 46.1745
1267000 400.689 -14277.5 -61.4034
1268000 399.914 -14355.7 24.3648
1269000 397.327 -14399.3 53.2077
1270000 399.151 -14397.1 -8.44349
1271000 400.804 -14279.4 -61.738
1272000 402.496 -14328.6 176.923
1273000 398.271 -14276.5 -203.46
1274000 401.116 -14332.9 14.5758
1275000 400.271 -14350.5 74.9858
1276000 399.592 -14339.5 -11.6121
1277000 398.617 -14350.7 -52.158
1278000 401.444 -14402.7 163.29
1279000 399.495 -14292 -108.08
1280000 402.817 -14256.9 52.2625
1281000 401.097 -14264.6 60.4798
1282000 399.393 -14263.3 -178.829
1283000 397.954 -14305 31.2243
1284000 402.281 -14312.6 53.0609
1285000 400.198 -14371.7 -20.9498
1286000 401.839 -14358.4 12.2781
1287000 400.973 -14270.8 -34.3508
1288000 402.527 -14215.4 -121.141
1289000 398.49 -14426.6 153.731
1290000 400.393 -14246.9 16.546
1291000 401.188 -14225.4 -124.262
1292000 400.336 -14358.4 19.8262
1293000 401.801 -14296.9 29.0559
1294000 398.247 -14351.5 -79.8377
1295000 401.8 -14324.1 76.3956
1296000 398.146 -14336.4 -189.829
1297000 400.149 -14421.3 216.642
1298000 399.558 -14338.8 -52.1489
1299000 401.608 -14308.2 27.4965
1300000 399.898 -14422.5 21.3466
1301000 399.446 -14361.5 -16.7042
1302000 400.864 -14283.3 52.1636
1303000 401.71 -14239.4 -54.2987
1304000 404.102 -14277.1 20.1924
1305000 400.44 -14426.4 68.9015
1306000 400.911 -14346.3 -100.33
1307000 397.173 -14340.9 61.4293
1308000 401.145 -14343.5 -3.07439
1309000 398.559 -14326.5 -99.7286
1310000 400.602 -14372.3 139.641
1311000 401.512 -14248 -110.077
1312000 398.426 -14408.6 65.9628
1313000 400.095 -14276.8 -60.0914
1314000 399.577 -14295.6 74.9153
1315000 398.033 -14376.5 -77.6564
1316000 399.616 -14361.7 55.1742
1317000 401.345 -14275 21.4352
1318000 400.02 -14369.4 -13.2333
1319000 400.24 -14302.7 85.9955
1320000 401.296 -14332.9 -26.4126
1321000 403.758 -14289.2 -55.3646
1322000 400.265 -14344.1 35.371
1323000 398.53 -14386.2 -56.9964
1324000 399.484 -14352.5 54.5176
1325000 401.476 -14289.2 -72.5414
1326000 399.421 -14365.7 98.6733
1327000 400.78 -14315.9 -46.536
1328000 398.358 -14356.7 60.2007
1329000 398.978 -14372.3 -73.6654
1330000 400.359 -14321.3 130.696
1331000 397.925 -14399.2 -93.4734
1332000 400.596 -14275.1 31.89
1333000 399.231 -14287.6 -30.7306
1334000 400.316 -14369.7 73.0361
1335000 402.44 -14264.6 -122.774
1336000 400.128 -14363.9 93.9198
1337000 399.252 -14353.4 -36.0243
1338000 398.035 -14437.7 47.2093
1339000 401.004 -14328.6 -50.9058
1340000 399.775 -14368.5 -59.3512
1341000 400.662 -14331.9 107.56
1342000 401.537 -14319.1 -27.8837
1343000 399.147 -14362.5 33.0427
1344000 401.802 -14345.2 -31.5157
1345000 399.498 -14413.4 86.2611
1346000 399.865 -14381.9 -109.611
1347000 400.424 -14364.3 28.5737
1348000 400.256 -14346.7 44.9982
1349000 401.84 -14296.9 -20.3062
1350000 401.015 -14366 -17.3377
1351000 401.051 -14385.8 -26.8806
1352000 401.342 -14289.3 20.9999
1353000 401.74 -14311.1 5.03743
1354000 400.946 -14290.6 18.633
1355000 401.923 -14281.6 -84.6787
1356000 401.639 -14354.5 78.4575
1357000 400.827 -14241.3 -31.7524
1358000 402.08 -14294.3 41.7787
1359000 397.346 -14398.6 27.0917
1360000 400.503 -14387.1 -16.8515
1361000 400.602 -14357.5 56.5011
1362000 400.228 -14316.7 -75.4493
1363000 397.983 -14409 98.0183
1364000 401.651 -14338.8 -92.0849
1365000 399.18 -14404.8 117.026
1366000 398.965 -14367.6 -59.1469
1367000 399.541 -14428.3 23.8794
1368000 404.24 -14222.4 -61.5247
1369000 398.61 -14392.3 65.8533
1370000 400.805 -14297.7 -58.0662
1371000 400.4 -14350.3 121.195
1372000 399.292 -14300.1 -119.339
1373000 398.486 -14336.2 100.273
1374000 401.208 -14298.9 -43.4971
1375000 398.946 -14369.5 -11.8159
1376000 397.548 -14362.7 78.1295
1377000 399.9 -14283.7 -38.8311
1378000 400.025 -14411.1 -42.4925
1379000 400.011 -14315.2 51.6069
1380000 400.566 -14330.3 -62.7081
1381000 400.049 -14379.3 91.3134
1382000 401.483 -14315.2 100.586
1383000 401.307 -14316.7 -121.911
1384000 398.067 -14378 23.1719
1385000 401.145 -14317.3 -36.701
1386000 400.997 -14294.4 73.1067
1387000 399.468 -14306.1 -98.6864
1388000 399.219 -14290.2 -14.2962
1389000 401.064 -14253.4 41.9709
1390000 400.845 -14315.9 21.6434
1391000 400.883 -14256.7 12.762
1392000 399.065 -14210.9 -170.411
1393000 402.235 -14299.8 -17.8496
1394000 398.633 -14293.1 -5.92876
1395000 401.225 -14371.3 46.1829
1396000 399.408 -14331.5 3.8469
1397000 401.086 -14317.9 23.2181
1398000 400.714 -14283.8 -234.764
1399000 397.86 -14385.8 80.6382
1400000 398.684 -14357.3 -60.0377
1401000 400.646 -14290.8 58.9403
1402000 400.528 -14261.7 -44.6025
1403000 400.768 -14308.9 56.1373
1404000 397.92 -14278.6 -65.8955
1405000 402.424 -14279.4 36.6478
1406000 398.507 -14368.2 65.0347
1407000 401.79 -14307.8 9.37856
1408000 399.878 -14294 -39.6122
1409000 398.655 -14399.5 -48.1339
1410000 401.638 -14331.8 28.3242
1411000 399.331 -14299.5 -42.1247
1412000 398.814 -14384 -13.9693
1413000 401.693 -14355.9 137.087
1414000 399.91 -14318.6 -2.06013
1415000 398.928 -14336 -40.2708
1416000 399.092 -14341.1 17.3074
1417000 398.993 -14334.3 45.3359
1418000 399.705 -14276.5 -8.96129
1419000 399.389 -14378.8 34.2252
1420000 400.725 -14299.6 -116.928
1421000 398.254 -14372.8 143.403
1422000 398.153 -14330.5 -88.6748
1423000 401.903 -14347.7 -12.9349
1424000 399.155 -14383.9 94.6624
1425000 400.758 -14305.1 21.8375
1426000 402.667 -14179.9 -211.657
1427000 400.746 -14287.7 108.114
1428000 400.862 -14290.9 -35.3724
1429000 401.496 -14276.9 -40.6478
1430000 403.042 -14281 93.0854
1431000 401.333 -14360.5 -66.9895
1432000 400.99 -14316.1 62.1127
1433000 400.599 -14286.7 -94.9966
1434000 398.656 -14372 82.7109
1435000 400.406 -14318.9 -46.2608
1436000 400.383 -14337.5 -0.637269
1437000 400.728 -14370.8 65.1174
1438000 399.542 -14268 -53.1729
1439000 399.883 -14349.5 68.5276
1440000 400.199 -14343.6 -67.4632
1441000 399.282 -14372.6 65.7464
1442000 401.128 -14274 -43.9344
1443000 400.812 -14297.3 -35.7272
1444000 397.243 -14376.3 65.9044
1445000 399.193 -14340 -97.8431
1446000 399.191 -14361.3 89.9253
1447000 399.321 -14402.5 -91.3332
1448000 397.781 -14416.6 121.338
1449000 398.852 -14367.5 -19.3699
1450000 400.319 -14295.1 -56.4619
1451000 398.238 -14379.9 4.04015
1452000 400.463 -14361.5 68.3372
1453000 400.733 -14382.3 0.15762
1454000 400.558 -14313.8 26.2223
1455000 400.369 -14263.6 -42.4192
1456000 399.055 -14316.3 -8.8181
1457000 401.751 -14367.8 -14.8735
1458000 400.114 -14346.3 90.7079
1459000 403.418 -14255.4 -68.4885
1460000 400.877 -14303.5 41.9134
1461000 399.255 -14331.5 -27.328
1462000 401.7 -14236.9 -47.4298
1463000 398.626 -14414.8 48.4174
1464000 395.829 -14438.9 -25.7349
1465000 400.123 -14349.5 58.7979
1466000 401.494 -14312.9 -25.4797
1467000 399.18 -14331.5 95.1285
1468000 399.427 -14383.3 -80.8106
1469000 399.808 -14322.6 -42.6812
1470000 398.535 -14384.7 109.624
1471000 398.179 -14363.3 -60.0863
1472000 399.977 -14361.2 12.2897
1473000 398.925 -14347 -35.527
1474000 400.367 -14366.3 24.8236
1475000 401.229 -14342.8 16.4487
1476000 401.584 -14284.3 58.6635
1477000 403.562 -14255.1 -77.734
1478000 399.115 -14358.9 -28.5839
1479000 402.086 -14252.8 -3.21344
1480000 400.508 -14296 28.0575
1481000 398.853 -14322.5 -93.1473
1482000 401.289 -14429.9 71.2787
1483000 397.597 -14382.2 43.202
1484000 397.659 -14358.6 -62.1265
1485000 398.582 -14335.7 130.227
1486000 400.856 -14293.9 -96.8875
1487000 401.143 -14308.2 101.836
1488000 400.295 -14209.7 -156.116
1489000 398.234 -14311.8 136.144
1490000 399.167 -14357.3 -113.108
1491000 402.001 -14312.4 174.726
1492000 397.42 -14317.7 -121.449
1493000 400.481 -14342.5 109.058
1494000 400.34 -14290.3 -20.7935
1495000 398.315 -14288.9 -86.1362
1496000 398.975 -14342 20.9004
1497000 397.125 -14339.4 -28.9998
1498000 400.013 -14364 -1.07666
1499000 398.591 -14346.9 -70.5201
1500000 399.27 -14366.7 133.153
1501000 400.157 -14335.8 -108.857
1502000 398.281 -14378.1 106.871
1503000 398.786 -14418.8 7.57217
1504000 400.477 -14297 -118.262
1505000 398.608 -14362.4 58.5926
1506000 401.713 -14339.4 111.299
1507000 399.763 -14298.2 -137.139
1508000 399.306 -14376.1 112.444
1509000 399.197 -14302.4 -93.3347
1510000 401.711 -14311.6 20.4643
1511000 399.751 -14305.2 -29.8782
1512000 398.507 -14324.9 17.5707
1513000 401.55 -14229.7 -133.012
1514000 398.509 -14420.7 109.867
1515000 401.002 -14312.1 29.4186
1516000 400.483 -14271.4 -8.81682
1517000 399.938 -14362.4 -41.2797
1518000 399.682 -14375.3 47.3386
1519000 401.498 -14229.3 21.4175
1520000 397.298 -14404.5 33.5477
1521000 399.555 -14296.6 30.3848
1522000 400.189 -14372.5 -19.6764
1523000 401.092 -14272.5 -8.7029
1524000 400.326 -14270.8 41.3487
1525000 402.496 -14214 -113.116
1526000 398.553 -14392.1 -66.0756
1527000 400.293 -14352.9 119.226
1528000 400.565 -14296.5 -8.69124
1529000 402.425 -14322.3 5.139
1530000 401.254 -14277.3 -44.8324
1531000 403.235 -14289.9 49.1815
1532000 400.352 -14313.3 -50.1737
1533000 399.571 -14360.8 55.9393
1534000 399.693 -14360.9 14.2153
1535000 399.154 -14334.7 -27.1599
1536000 399.157 -14409.4 -37.8591
1537000 402.581 -14313.9 20.4861
1538000 399.492 -14347.6 -27.5934
1539000 399.526 -14386.7 82.0805
1540000 399.61 -14335.1 -67.1864
1541000 401.584 -14331.6 -14.283
1542000 399.73 -14363.6 38.4052
1543000 400.382 -14316.1 -57.1857
1544000 400.452 -14328.8 -26.6832
1545000 400.893 -14344.1 22.0493
1546000 399.721 -14308.2 19.8803
1547000 400.589 -14377 -9.54955
1548000 400.903 -14371.4 -2.85917
1549000 399.533 -14316 -25.7801
1550000 399.664 -14299.5 -16.4287
1551000 400.749 -14276.1 92.6195
1552000 399.934 -14353.4 -32.7559
1553000 397.928 -14336.4 -30.373
1554000 401.741 -14352 31.514
1555000 400.875 -14280.5 -34.5246
1556000 399.157 -14312.3 8.71063
1557000 399.759 -14332.3 -18.5074
1558000 401.933 -14340.7 54.7198
1559000 402.138 -14293.2 -22.3656
1560000 399.869 -14302.3 -43.9561
1561000 397.599 -14379.6 82.7707
1562000 398.463 -14384.4 -38.0301
1563000 399.467 -14356.9 -28.1909
1564000 400.234 -14404.8 61.7424
1565000 399.063 -14297.8 -44.4394
1566000 398.991 -14348.3 14.4832
1567000 402.048 -14271.8 57.0043
1568000 399.206 -14288.4 -127.95
1569000 401.142 -14269.3 42.9144
1570000 401.12 -14384.5 68.5974
1571000 397.898 -14410.6 45.4208
1572000 399.005 -14291 -71.3668
1573000 399.007 -14396.6 53.4088
1574000 399.041 -14273.6 -103.109
1575000 400.702 -14291.1 93.4211
1576000 400.051 -14314.7 -72.9305
1577000 398.003 -14410.4 124.72
1578000 400.301 -14382.7 -133.031
1579000 401.02 -14353.3 61.7872
1580000 400.223 -14364.3 11.6044
1581000 401.898 -14332.7 38.7444
1582000 398.913 -14358.6 -12.1319
1583000 399.309 -14292.8 -73.4761
1584000 402.574 -14297.4 46.9371
1585000 400.727 -14333.6 37.4642
1586000 399.885 -14291.6 -4.66491
1587000 398.391 -14369.6 -67.1105
1588000 399.323 -14315 22.6805
1589000 400.523 -14315.1 -47.3129
1590000 398.624 -14383.1 60.2051
1591000 398.803 -14361.6 -105.679
1592000 400.32 -14390 118.913
1593000 401.79 -14306.9 -61.008
1594000 400.304 -14303.5 6.62941
1595000 397.586 -14378.6 37.1696
1596000 396.676 -14359.4 -30.1904
1597000 399.691 -14298.9 0.819832
1598000 401.37 -14316.1 62.9848
1599000 400.688 -14330.7 -28.1007
1600000 400.267 -14321.5 62.0509
1601000 402.146 -14220.1 -165.203
1602000 401.521 -14315.5 62.6321
1603000 400.532 -14297.8 -20.4535
1604000 400.453 -14288.9 73.9503
1605000 402.705 -14258.9 14.4977
1606000 399.807 -14291.3 -82.8542
1607000 402.468 -14320 103.435
1608000 401.757 -14223.5 -104.076
1609000 399.514 -14308.5 101.012
1610000 400.646 -14345.2 19.9118
1611000 398.8 -14406.4 11.9306
1612000 400.765 -14303.5 -51.6203
1613000 402.772 -14397.5 102.189
1614000 398.95 -14388.2 -92.9772
1615000 401.407 -14213.8 36.0894
1616000 398.536 -14321.5 37.5704
1617000 400.217 -14268.6 6.76879
1618000 400.017 -14263.7 -12.0689
1619000 400.08 -14248.7 -2.3097
1620000 401.823 -14326.6 -10.2101
1621000 401.708 -14339.7 66.7527
1622000 399.745 -14293.1 -33.0533
1623000 400.867 -14333.8 2.47494
1624000 400.408 -14343.9 -11.5335
1625000 398.508 -14355.8 -56.4315
1626000 398.42 -14347.7 -24.3745
1627000 400.675 -14402.1 145.39
1628000 400.242 -14347.8 -47.5622
1629000 400.625 -14292.5 -3.55515
1630000 399.562 -14278.9 -17.7914
1631000 400.253 -14307.3 -19.9818
1632000 399.402 -14350.7 -7.458
1633000 399.848 -14339.5 -59.6608
1634000 399.046 -14467.3 109.422
1635000 399.38 -14399 -164.707
1636000 398.374 -14395 73.1434
1637000 399.113 -14390.3 -5.4964
1638000 398.62 -14352.5 -7.59748
1639000 399.182 -14353.3 50.0954
1640000 400.958 -14302.6 -145.201
1641000 401.658 -14302.6 137.435
1642000 397.606 -14358.9 -116.201
1643000 400.149 -14363.2 154.575
1644000 399.678 -14247.2 -139.371
1645000 399.255 -14330.6 76.0326
1646000 399.592 -14395.7 66.9677
1647000 397.49 -14381.4 -121.034
1648000 399.9 -14435.3 100.98
1649000 402.094 -14392.4 -30.5664
1650000 397.624 -14421.8 -58.5736
1651000 398.262 -14363.3 8.47836
1652000 400.276 -14401.1 4.9771
1653000 400.21 -14303.7 30.9866
1654000 398.749 -14365.5 73.1248
1655000 401.029 -14295.8 -27.8058
1656000 402.548 -14245.5 -49.6112
1657000 398.609 -14427.9 52.0284
1658000 400.752 -14201.2 -138.986
1659000 398.489 -14364.4 69.9748
1660000 404.068 -14250.7 -113.339
1661000 399.218 -14391.5 96.2604
1662000 399.474 -14346.2 -63.3286
1663000 400.629 -14316.1 72.2673
1664000 399.345 -14320.1 -47.0047
1665000 401.08 -14392.6 228.158
1666000 402.135 -14253.1 -24.6653
1667000 398.817 -14424.1 -47.865
1668000 398.734 -14386.3 2.31145
1669000 399.592 -14391.7 70.9777
1670000 400.033 -14325.5 -86.459
1671000 399.141 -14333.9 63.3917
1672000 400.742 -14271.3 32.4445
1673000 400.254 -14334.2 -63.5593
1674000 399.481 -14368 13.8483
1675000 398.968 -14347.6 -7.35488
1676000 402.719 -14321.2 -20.9956
1677000 400.637 -14325 34.4647
1678000 402.365 -14280.8 -12.1318
1679000 402.401 -14280.3 15.1654
1680000 400.055 -14308.2 -78.8931
1681000 398.939 -14334.2 45.2678
1682000 400.364 -14268.7 -19.5417
1683000 402.335 -14309.8 30.478
1684000 400.835 -14377.5 -41.6514
1685000 402.233 -14312.3 136.476
1686000 401.056 -14234 -123.84
1687000 397.487 -14305.6 87.3959
1688000 399.436 -14347.3 -30.8359
1689000 401.823 -14276.8 120.18
1690000 400.748 -14269.6 -133.343
1691000 399.543 -14364.1 106.319
1692000 398.841 -14308.5 -78.4598
1693000 400.773 -14221.8 -31.0366
1694000 400.532 -14324.4 61.9816
1695000 401.652 -14308.9 -7.25606
1696000 401.731 -14339.7 -24.0253
1697000 400.653 -14306.5 -15.424
1698000 403.58 -14305.3 155.188
1699000 399.726 -14333.2 -94.3513
1700000 402.049 -14370.8 29.7296
1701000 399.185 -14373.5 4.79642
1702000 399.064 -14396.6 -33.923
1703000 399 -14423.5 40.5998
1704000 400.82 -14350.5 -110.971
1705000 401.324 -14399.1 157.911
1706000 401.014 -14300.4 -127.307
1707000 398.132 -14362.9 111.798
1708000 399.566 -14263.5 -120.316
1709000 403.997 -14318.7 101.817
1710000 399.603 -14308.1 -41.8789
1711000 397.182 -14372.7 17.1388
1712000 400.422 -14302.7 46.444
1713000 400.673 -14311.9 1.63693
1714000 397.891 -14316.8 -61.5837
1715000 399.782 -14406.1 35.4504
1716000 398.508 -14379.3 13.6698
1717000 398.469 -14373.3 12.5256
1718000 401.297 -14349.4 102.283
1719000 397.026 -14334.9 -137.945
1720000 398.48 -14364.7 108.219
1721000 400.515 -14265.8 -95.9721
1722000 400.132 -14328.4 94.1416
1723000 400.47 -14326.1 -44.9012
1724000 399.647 -14342.8 25.7912
1725000 401.408 -14362.7 14.2407
1726000 402.081 -14318.5 -44.0602
1727000 400.768 -14322.9 -9.70864
1728000 402.043 -14280.5 -33.2345
1729000 399.917 -14367 -37.0779
1730000 400.065 -14333.4 -103.954
1731000 398.94 -14403.3 169.107
1732000 401.389 -14321 -7.25819
1733000 401.812 -14252 -99.4251
1734000 402.115 -14311.5 86.2978
1735000 398.343 -14280 8.69655
1736000 401 -14298.6 16.089
1737000 400.288 -14278.5 -78.9457
1738000 398.288 -14328.7 64.7233
1739000 399.604 -14360 14.9314
1740000 401.121 -14310.1 37.6622
1741000 400.436 -14296.4 -4.78864
1742000 398.693 -14325.3 -45.1598
1743000 400.991 -14271.6 60.4201
1744000 400.09 -14303.8 -0.381257
1745000 400.292 -14285.3 -66.1474
1746000 399.223 -14449.2 78.0074
1747000 403.23 -14248.7 -45.5838
1748000 399.834 -14337.2 59.0137
1749000 401.715 -14356.6 46.1261
1750000 399.586 -14226.7 -87.8042
1751000 400.135 -14329.6 94.8674
1752000 399.307 -14350.8 -168.49
1753000 401.142 -14394.2 130.045
1754000 398.467 -14362.4 23.0626
1755000 399.049 -14300.1 -101.535
1756000 401.763 -14350.5 95.5399
1757000 400.291 -14378.6 -2.01703
1758000 399.47 -14362.7 -28.352
1759000 401.711 -14336.4 22.6153
1760000 398.254 -14392.2 -38.6857
1761000 401.872 -14269.1 57.2502
1762000 400.094 -14388.8 27.8839
1763000 399.767 -14335.6 -74.8998
1764000 399.528 -14352.3 38.3983
1765000 401.856 -14284.1 38.9534
1766000 401.386 -14344.9 -13.7735
1767000 399.317 -14273.5 5.33489
1768000 400.422 -14228.8 -35.5407
1769000 398.842 -14359.7 16.8938
1770000 398.423 -14379.5 0.20761
1771000 398.977 -14271.9 -89.0788
1772000 398.745 -14325 99.7697
1773000 401.364 -14247.3 -91.5559
1774000 399.948 -14324.4 89.0629
1775000 399.481 -14367.2 -25.6737
1776000 398.217 -14379.6 12.0888
1777000 402.398 -14355.2 -61.337
1778000 399.85 -14354.3 90.1768
1779000 400.875 -14348.9 -81.3026
1780000 402.596 -14277.1 -9.70915
1781000 396.609 -14372.2 50.9023
1782000 401.223 -14334.4 -16.147
1783000 401.553 -14309.8 -83.2425
1784000 400.633 -14361 137.235
1785000 398.324 -14337.4 2.13921
1786000 399.091 -14295 -28.3853
1787000 398.297 -14365.5 28.3659
1788000 397.436 -14359.8 11.8985
1789000 400.96 -14328.7 -23.0779
1790000 399.434 -14319.8 -69.5223
1791000 397.576 -14393.6 46.5736
1792000 400.902 -14293.1 -90.5692
1793000 400.211 -14350.9 97.5349
1794000 399.018 -14399.5 1.87275
1795000 399.765 -14427.7 18.7026
1796000 399.344 -14326.2 -56.5724
1797000 398.403 -14334 14.9254
1798000 401.489 -14308.1 -11.5099
1799000 398.594 -14425.2 33.0783
1800000 401.545 -14325.3 27.892
1801000 400.378 -14302.1 -105.111
1802000 402.086 -14332.7 34.5691
1803000 401.274 -14299.4 28.3599
1804000 400.318 -14314.3 -99.3724
1805000 400.599 -14339.9 155.305
1806000 400.106 -14344.3 -38.7505
1807000 397.006 -14342.3 -17.2171
1808000 399.988 -14363.8 22.8832
1809000 398.169 -14353.2 -55.1346
1810000 399.293 -14372.4 92.087
1811000 398.893 -14327.3 -76.7785
1812000 400.424 -14361.5 26.3982
1813000 400.145 -14286.7 22.1498
1814000 399.809 -14320.6 25.5713
1815000 399.993 -14240.1 -17.2331
1816000 398.685 -14397.8 87.2823
1817000 399.604 -14424.7 -20.0064
1818000 399.745 -14350.1 36.6626
1819000 400.17 -14287.1 -34.6478
1820000 399.305 -14295.2 11.9601
1821000 400.328 -14297.1 46.4243
1822000 400.357 -14347.7 -6.08994
1823000 397.867 -14403.5 46.5791
1824000 400.95 -14236.5 -24.543
1825000 399.886 -14269 -22.1449
1826000 397.393 -14366.7 105.531
1827000 401.267 -14321.5 -109.525
1828000 399.22 -14410.1 50.4546
1829000 400.233 -14270.3 3.52051
1830000 401.252 -14247.4 -74.5691
1831000 399.611 -14366.3 93.0069
1832000 400.813 -14252.5 -109.067
1833000 400.647 -14391.7 101.498
1834000 398.243 -14343.3 12.0579
1835000 398.627 -14328 -61.1601
1836000 400.804 -14255.4 52.2156
1837000 402.322 -14288.6 -15.4288
1838000 400.094 -14328.6 -39.7456
1839000 400.361 -14314.4 49.1386
1840000 399.904 -14288.6 -37.7437
1841000 398.368 -14311.6 -81.2916
1842000 398.368 -14409.8 39.9538
1843000 399.658 -14352.9 82.3525
1844000 400.51 -14291.4 35.6565
1845000 398.97 -14313.7 -108.305
1846000 399.433 -14387.1 101.916
1847000 400.512 -14362.3 -87.801
1848000 399.339 -14336.6 42.1798
1849000 398.805 -14393.6 30.581
1850000 402.872 -14338.6 -20.047
1851000 396.043 -14420.2 68.9306
1852000 400.327 -14357.5 -200.413
1853000 399.023 -14435.4 167.526
1854000 398.735 -14396.1 12.5083
1855000 401.789 -14227.6 -22.7211
1856000 401.837 -14308.4 -7.38804
1857000 399.403 -14378.5 45.4239
1858000 396.899 -14385.9 -30.7842
1859000 399.659 -14375.1 -65.7679
1860000 398.173 -14398.2 52.7327
1861000 401.451 -14355.9 53.7935
1862000 402.687 -14215.9 -90.2446
1863000 399.18 -14349 -4.48189
1864000 400.456 -14339.1 156.47
1865000 399.852 -14301 -114.056
1866000 401.071 -14327.5 15.2052
1867000 399.134 -14429.5 77.284
1868000 400.129 -14347.1 -102.252
1869000 399.071 -14394.2 44.6321
1870000 400.537 -14323.2 -7.29766
1871000 399.034 -14322.9 -2.08109
1872000 399.978 -14423.9 -57.8239
1873000 399.911 -14341.3 7.16844
1874000 398.18 -14352.7 -34.0734
1875000 400.497 -14360.8 39.2721
1876000 401.283 -14298.3 44.1746
1877000 399.22 -14326.7 19.4764
1878000 400.123 -14279.5 9.00256
1879000 397.855 -14405.7 -98.0507
1880000 398.502 -14338.3 88.553
1881000 397.764 -14397.2 -24.0912
1882000 399.47 -14296.9 9.82868
1883000 398.437 -14419 95.6272
1884000 399.077 -14376.7 -112.32
1885000 400.196 -14322.9 91.799
1886000 400.608 -14335.8 -95.4712
1887000 401.243 -14369.3 108.722
1888000 401.614 -14352.7 -32.0191
1889000 400.152 -14344.2 -43.4823
1890000 400.76 -14354.1 -28.5767
1891000 400.225 -14321.3 0.0578257
1892000 400.203 -14379.8 82.7085
1893000 401.861 -14247.1 -86.7598
1894000 401.608 -14342.2 42.6616
1895000 401.82 -14263.8 54.9064
1896000 400.289 -14238.9 -171.833
1897000 398.446 -14321.2 -70.0174
1898000 400.869 -14384.6 113.952
1899000 400.252 -14344.5 -48.8952
1900000 399.689 -14341.9 21.1078
1901000 400.073 -14378.3 -51.6355
1902000 397.718 -14440.6 87.8036
1903000 401.095 -14272.3 -34.4715
1904000 401.333 -14285.7 -21.0071
1905000 398.552 -14345.9 -83.8213
1906000 398.602 -14395 93.1457
1907000 398.56 -14391.7 9.19846
1908000 398.462 -14388.1 -53.3388
1909000 402.416 -14344.9 46.4018
1910000 400.883 -14357.1 -3.63029
1911000 399.849 -14262.7 -41.5164
1912000 398.24 -14429.7 3.7856
1913000 399.077 -14442.3 73.9794
1914000 401.189 -14325.7 -97.4684
1915000 401.28 -14332.3 66.128
1916000 399.661 -14294.5 -41.0938
1917000 399.18 -14320.9 -39.2429
1918000 398.66 -14403.8 57.3547
1919000 400.963 -14347.2 13.7187
1920000 399.387 -14343.4 16.4619
1921000 398.257 -14411.8 -31.0648
1922000 400.409 -14324.3 22.3155
1923000 400.336 -14297 -19.8685
1924000 400.308 -14364 58.0664
1925000 401.414 -14292.8 -82.3655
1926000 402.026 -14340.6 78.0612
1927000 400.387 -14278.3 20.9266
1928000 398.715 -14387.1 -87.3821
1929000 401.33 -14299.1 -22.1644
1930000 397.508 -14372.6 28.0501
1931000 402 -14314.8 15.8526
1932000 399.512 -14291.9 -74.9082
1933000 398.46 -14406.5 106.732
1934000 399.369 -14367.4 -60.5949
1935000 399.243 -14349.7 10.2256
1936000 400.68 -14270.1 -45.4433
1937000 399.906 -14385.1 82.0974
1938000 397.675 -14323.7 -78.8873
1939000 398.975 -14288.1 131.546
1940000 401.651 -14181.4 -161.577
1941000 399.094 -14312.7 -17.9045
1942000 399.715 -14392.6 140.762
1943000 396.196 -14316.1 -134.155
1944000 401.418 -14320.9 108.221
1945000 397.861 -14380.7 29.6588
1946000 399.056 -14368.8 -3.06961
1947000 397.824 -14392.2 -48.7272
1948000 401.091 -14390.5 121.292
1949000 400.12 -14318.3 -125.103
1950000 399.913 -14391.7 19.2727
1951000 401.11 -14348.5 18.3318
1952000 399.267 -14329.9 -20.948
1953000 400.864 -14295.7 10.1143
1954000 402.068 -14306.2 -11.1701
1955000 398.523 -14360.2 41.0899
1956000 399.581 -14383.3 -111.409
1957000 400.045 -14351.2 107.872
1958000 399.731 -14302.4 27.8769
1959000 400.675 -14335 -44.3703
1960000 400.263 -14306.3 81.9696
1961000 399.483 -14382.3 -75.5626
1962000 401.386 -14387.2 27.4439
1963000 399.843 -14350.4 15.3188
1964000 398.23 -14399.7 50.5242
1965000 398.852 -14347.4 -46.1709
1966000 400.556 -14374.4 30.4813
1967000 398.534 -14370.8 -24.2282
1968000 397.485 -14389.2 69.3191
1969000 401.554 -14326.7 -142.435
1970000 401.304 -14394.1 124.334
1971000 399.232 -14307.6 -50.7702
1972000 399.547 -14294.5 -82.3009
1973000 400.337 -14318.8 44.6767
1974000 399.726 -14327.5 -12.7709
1975000 400.799 -14346.2 21.0362
1976000 397.702 -14359.5 -101.211
1977000 399.409 -14397.5 143.57
1978000 400.329 -14338.3 -87.0124
1979000 400.352 -14277.3 -5.74119
1980000 401.747 -14234.2 16.5736
1981000 401.773 -14299.8 36.4932
1982000 400.613 -14250 17.5092
1983000 399.043 -14374.8 -28.0659
1984000 399.926 -14353.7 70.9646
1985000 400.046 -14364 -25.9749
1986000 398.482 -14401 39.5901
1987000 401.442 -14315 -45.6796
1988000 399.837 -14367.8 -9.2612
1989000 402.016 -14392.2 77.7774
1990000 399.683 -14278.5 -115.082
1991000 399.369 -14429.2 86.5505
1992000 399.886 -14392 -19.7801
1993000 401.02 -14315.7 19.1342
1994000 401.651 -14363.5 -5.4876
1995000 400.334 -14297.8 -4.12964
1996000 399.289 -14367.3 -0.367378
1997000 399.296 -14294.6 -30.9567
1998000 400.983 -14267.9 -75.764
1999000 401.443 -14339.9 113.836
2000000 401.802 -14348.3 -49.6525
