# Time-averaged data for fix 3
# TimeStep v_Temperature v_PotentialEnergy v_Pressure
2000 422.727 -14290.9 59.7156
3000 499.73 -12474.9 243.222
4000 499.313 -12257.9 65.5399
5000 500.096 -12188.5 -25.2467
6000 499.287 -12193.5 77.3685
7000 500.972 -12060.4 -22.4649
8000 500.284 -12043.3 25.213
9000 500.042 -12075.2 -12.4661
10000 500.091 -12178.8 67.373
11000 504.176 -12093.1 -11.7915
12000 499.583 -12182.6 -34.4842
13000 499.359 -12108.1 -2.79072
14000 502.578 -12019.6 -104.592
15000 502.216 -12166.2 105.592
16000 498.523 -12179.6 -23.1436
17000 498.448 -12256.9 54.7586
18000 500.794 -12128.7 -60.5652
19000 498.238 -12200.3 -35.2225
20000 499.696 -12284.1 128.122
21000 501.26 -12228.9 -28.8295
22000 499.546 -12108 -50.4101
23000 500.183 -12153.5 -37.7294
24000 496.468 -12272.8 87.2738
25000 499.752 -12102.9 18.1343
26000 499.8 -12108.5 -119.108
27000 500.462 -12229.5 88.6748
28000 500.206 -12132 -17.6115
29000 500.847 -12110.2 -13.1745
30000 496.949 -12107.4 -34.8729
31000 500.314 -12129.3 -72.6388
32000 500.194 -12196.7 181.9
33000 499.483 -12108.3 -23.1064
34000 499.43 -12115.4 -18.4576
35000 504.571 -12002.7 -48.4727
36000 500.626 -12159.5 64.639
37000 498.364 -12264.7 87.8041
38000 501.223 -12156.9 -31.0372
39000 500.735 -12057.2 -108.433
40000 500.086 -12115.4 69.3172
41000 501.44 -12202.4 43.202
42000 497.384 -12145.7 -47.0328
43000 500.318 -12076.5 10.6045
44000 497.526 -12158.4 9.10167
45000 501.338 -12105.2 26.9767
46000 500.464 -12110.6 -78.901
47000 501.274 -12261.5 59.3372
48000 498.674 -12225 52.0521
49000 502.272 -12077.9 59.24
50000 497.8 -12151.1 -107.73
51000 496.186 -12245 48.0065
52000 499.531 -12239 26.4645
53000 498.727 -12108.7 -29.0045
54000 498.415 -12207.3 38.5482
55000 500.374 -12283.5 45.1482
56000 499.386 -12231 52.4625
57000 500.447 -12270.2 66.1516
58000 497.772 -12112.3 -56.5898
59000 501.748 -12093.2 -41.8342
60000 498.358 -12253.8 80.3869
61000 501.212 -12044.7 9.1373
62000 499.409 -12017.1 -19.8595
63000 498.739 -12062.8 61.0842
64000 501.747 -11952.3 -155.076
65000 499.317 -12083.3 106.076
66000 499.766 -11989.2 8.07347
67000 499.792 -11969.3 -64.1702
68000 501.49 -12121.3 6.60578
69000 498.143 -12157.2 10.3884
70000 501.894 -12042.2 44.0002
71000 499.026 -12057.1 -142.142
72000 497.482 -12283 121.979
73000 497.971 -12087.4 -10.1048
74000 500.147 -12198.6 45.7653
75000 500.151 -12216 25.9952
76000 500.868 -12038.7 -89.2658
77000 498.81 -12077.6 -4.77941
78000 498.763 -12131.1 114.652
79000 499.661 -12186.2 -3.06137
80000 500.654 -12140.3 -13.6559
81000 501.302 -12111 -74.5755
82000 501.886 -12216.6 71.9216
83000 499.301 -12140.9 -18.9057
84000 496.228 -12206.4 3.03243
85000 499.951 -12119.9 -51.1303
86000 500.445 -12018.4 -79.1731
87000 499.659 -12240.3 72.1239
88000 500.771 -12189.2 3.44159
89000 500.173 -12169.7 20.4696
90000 499.512 -12032.9 -103.258
91000 501.758 -11915.5 -84.5073
92000 497.575 -12158.4 141.874
93000 500.395 -12075.5 28.3562
94000 501.288 -12007.5 0.557411
95000 501.557 -12115.3 78.6696
96000 501.173 -11981.6 -146.262
97000 498.554 -12050.4 -99.0267
98000 504.054 -12085.9 104.469
99000 499.999 -12108.4 -111.728
100000 502.489 -12160.9 118.856
101000 504.055 -12064.1 -49.7319
102000 501.429 -12103.5 19.6148
103000 498.254 -12164.2 24.0676
104000 499.638 -12151.7 14.8744
105000 500.074 -12166 43.6167
106000 497.41 -12103.8 -87.5851
107000 501.574 -12088.1 10.8244
108000 499.83 -12158 41.2352
109000 500.034 -12183.8 36.4832
110000 498.401 -12030.4 -156.785
111000 500.083 -12238.1 156.879
112000 499.079 -12201.1 -19.3497
113000 498.911 -12157.3 -33.025
114000 502.398 -12161.2 17.129
115000 500.558 -12020.9 -100.06
116000 501.127 -12205 60.3208
117000 500.855 -12239.8 -31.0354
118000 496.848 -12311 68.6116
119000 499.758 -12263.9 69.3516
120000 502.012 -12145.4 -8.09837
121000 501.11 -12011 -59.5536
122000 495.254 -12093.6 -19.7874
123000 501.208 -12109.2 10.3212
124000 500.392 -12190.3 57.3389
125000 499.305 -12212.4 -16.2349
126000 498.906 -12188.1 -11.1574
127000 501.06 -12148.7 46.9492
128000 497.799 -12199 -39.7973
129000 502.028 -12138.7 19.5734
130000 500.874 -12132.5 11.968
131000 498.797 -12142.7 -41.2815
132000 500.589 -12131.6 38.918
133000 500.16 -12191.2 -84.338
134000 499.002 -12233 3.59422
135000 500.759 -12239.6 73.5651
136000 497.098 -12158.6 -50.6982
137000 500.173 -12089.9 -19.6167
138000 497.473 -12172.3 64.5627
139000 500.513 -12215.1 79.8394
140000 499.1 -12148 -56.1095
141000 500.903 -12218.6 28.0077
142000 501.404 -12143.7 61.8667
143000 502.889 -12082.2 -59.4815
144000 500.806 -12164.2 89.6135
145000 501.48 -12009.7 -105.132
146000 499.914 -12216.4 105.093
147000 498.751 -12260.3 20.819
148000 500.565 -12101.4 -66.9381
149000 502.274 -12059.8 -66.6667
150000 501.038 -12210 92.6238
151000 497.975 -12213.7 24.3085
152000 500.076 -12086.8 -72.6406
153000 501.039 -12168.2 27.2276
154000 504.621 -12064.1 30.373
155000 499.768 -12063.7 -28.5939
156000 503.814 -12112.7 4.40009
157000 502.167 -12144.2 67.3321
158000 502.409 -12049.9 -77.3615
159000 497.849 -12253.2 4.64526
160000 499.505 -12229.8 90.6378
161000 502.665 -12114.8 -66.4436
162000 501.5 -12152.8 76.9946
163000 499.503 -12198.9 22.2271
164000 499.884 -12065.7 -57.5966
165000 500.839 -12124.6 35.0494
166000 497.689 -12165.2 -37.8834
167000 499.418 -12236.8 100.667
168000 498.888 -12176.4 -7.53379
169000 499.189 -12049.6 -180.2
170000 502.456 -12184.7 103.515
171000 501.276 -12123 -61.5726
172000 499.332 -12158.9 26.6577
173000 503.679 -12220.6 88.3494
174000 498.843 -12147.3 9.4858
175000 502.257 -11984.4 -124.975
176000 502.152 -12154.6 56.6645
177000 498.769 -12189 6.19499
178000 500.076 -12208 55.16
179000 498.747 -12109 -77.8805
180000 499.869 -12113.9 -18.3048
181000 498.434 -12225.8 9.21713
182000 499.37 -12200.3 45.7849
183000 500.08 -12099.2 -21.0676
184000 499.978 -11963.2 -101.539
185000 500.588 -12092.5 72.2941
186000 500.625 -12114.3 -4.02096
187000 500.044 -12230.4 20.1202
188000 498.268 -12280.5 236.25
189000 500.455 -12084 -144.377
190000 498.5 -12275.4 97.5316
191000 500.442 -12198.8 23.1036
192000 501.688 -12040.4 -137.824
193000 500.562 -12101.8 46.5698
194000 497.576 -12226 -26.7163
195000 498.178 -12264.8 79.7301
196000 502.673 -12035.6 -75.8824
197000 501.885 -12016.5 -92.6819
198000 497.904 -12151.5 -57.8285
199000 500.169 -12191.5 16.944
200000 499.977 -12278.3 121.105
201000 499.758 -12167.9 -19.0086
202000 501.407 -12074.2 -4.91745
203000 499.303 -12128.4 -25.803
204000 495.763 -12287.6 100.515
205000 500.485 -12082.9 -67.3275
206000 502.715 -12168.6 49.6253
207000 497.507 -12222.7 -38.8929
208000 502.49 -12112.9 44.6387
209000 501.249 -12010.5 -56.2307
210000 501.427 -12065 -42.2425
211000 501.304 -12173 156.585
212000 500.908 -12061.7 -68.1833
213000 498.581 -12138.1 25.7952
214000 499.096 -12190.1 8.26379
215000 499.144 -12273.5 128.951
216000 497.322 -12167.2 -51.8294
217000 499.259 -12084.9 -38.7722
218000 498.403 -12186.6 87.4071
219000 498.846 -11974.8 -187.463
220000 501.135 -12058.6 56.9235
221000 501.989 -12112.9 -22.2922
222000 500.857 -12141.4 24.807
223000 501.089 -12203.6 -18.4514
224000 497.359 -12282.9 -9.84172
225000 500.607 -12180.8 54.2726
226000 497.519 -12190.7 15.8592
227000 500.522 -12117 -28.6743
228000 498.127 -12109.7 -27.2587
229000 500.068 -12170.8 160.468
230000 496.436 -12104.3 -101.46
231000 503.592 -11996.1 29.013
232000 499.75 -12070.9 -8.32063
233000 501.143 -12095.1 -134.482
234000 501.15 -12227 80.0406
235000 501.184 -12176.4 37.7785
236000 499.94 -12119.3 11.34
237000 500.152 -11983.3 -139.637
238000 497.688 -12044 -6.72994
239000 499.776 -12223.8 63.4804
240000 497.573 -12212.9 13.8878
241000 499.189 -12112.2 30.9133
242000 500.568 -12097.7 -41.3365
243000 497.975 -12177.2 -8.70594
244000 500.508 -12147.4 5.07696
245000 501.162 -12071 90.3092
246000 501.04 -11957.6 -59.6479
247000 500.376 -12112.3 9.8103
248000 498.443 -12185.6 -30.2555
249000 499.616 -12235.2 42.7199
250000 500.684 -12108.3 8.20455
251000 499.666 -12172 16.0833
252000 499.199 -12141.9 -42.3899
253000 499.582 -12179 107.323
254000 500.18 -12024.5 -145.017
255000 499.485 -12109.4 -38.5582
256000 497.499 -12245.6 72.7472
257000 498.921 -12223.4 -15.0672
258000 499.581 -12095.5 -23.1811
259000 501.243 -12150.7 1.40436
260000 499.12 -12046 -24.5257
261000 499.266 -12163.3 16.0193
262000 499.167 -12329.4 136.709
263000 500.545 -12143.4 92.6875
264000 499.069 -12010 -91.8509
265000 499.346 -12112.3 21.9783
266000 502.02 -12133.3 42.3791
267000 497.855 -12184.5 -88.4078
268000 499.662 -12216.6 90.6608
269000 498.493 -12293.3 106.857
270000 499.452 -12096.2 -82.4101
271000 498.462 -12163.5 -66.4397
272000 496.872 -12210.6 44.322
273000 500.565 -12162.6 23.7924
274000 500.387 -12135.3 38.2419
275000 499.797 -12150 -12.1852
276000 497.285 -12066.9 -47.072
277000 496.74 -12242.6 76.5515
278000 497.938 -12147.9 -131.803
279000 501.137 -12237.6 71.8287
280000 496.32 -12322.9 79.6944
281000 501.296 -12160.6 -130.198
282000 497.984 -12241.2 67.3593
283000 498.599 -12133.5 41.1121
284000 502.274 -12081.6 -82.779
285000 498.945 -12190.5 132.198
286000 498.086 -12123 -62.2896
287000 498.234 -12185 -18.1077
288000 497.739 -12285.6 21.6297
289000 498.517 -12118.1 7.44028
290000 501.628 -12001.9 -30.6246
291000 498.713 -12164 49.5182
292000 498.583 -12105.8 -109.804
293000 501.043 -12181.2 104.544
294000 501.228 -12096.7 -26.0969
295000 500.274 -12009.1 -85.6989
296000 500.189 -12157.9 22.8352
297000 498.579 -12191.5 -16.4095
298000 504.377 -12095.5 17.9239
299000 502.063 -12177.5 -39.1038
300000 496.593 -12225.9 11.232
301000 499.081 -12146.1 20.2592
302000 499.027 -12202.6 -4.67208
303000 499.821 -12225.7 34.6477
304000 499.305 -12163.3 49.5224
305000 502.648 -11960 -93.1655
306000 500.161 -12030.6 -21.3178
307000 496.772 -12252.1 49.6426
308000 499.47 -12145.1 -0.91423
309000 498.466 -12117.8 27.8642
310000 499.212 -12168.6 -63.3823
311000 501.507 -12262.4 107.909
312000 496.667 -12154.3 -94.9528
313000 497.934 -12175 -28.5891
314000 497.766 -12227.9 122.733
315000 498.484 -12158.1 -75.933
316000 498.862 -12164.5 68.3168
317000 500.762 -12112.1 15.7969
318000 499.971 -12217.3 -104.716
319000 500.625 -12249.8 145.979
320000 501.039 -12151.7 15.1499
321000 498.832 -12120.6 -47.443
322000 497.636 -12278.5 110.04
323000 497.915 -12110.8 -18.9847
324000 501.565 -12111.4 -73.8016
325000 499.576 -12174.7 82.2064
326000 499.844 -12085.3 -24.6249
327000 499.626 -12134.4 23.273
328000 500.544 -12156.3 -18.9304
329000 502.77 -12154.9 26.5112
330000 496.189 -12131.2 -47.9049
331000 499.948 -12117.1 37.1804
332000 497.909 -12226.7 62.3706
333000 500.095 -12158.9 43.0294
334000 498.272 -12083.8 -102.581
335000 498.207 -12148.6 -25.7911
336000 501.55 -12152.1 93.9891
337000 497.563 -12175.4 -44.5446
338000 501.867 -12165.3 56.4991
339000 498.407 -12217.2 -5.52038
340000 497.296 -12103.2 -69.3339
341000 500.391 -12116.2 1.38538
342000 500.834 -12083 89.9792
343000 499.81 -11992.8 -53.8418
344000 497.679 -12016.6 -61.985
345000 497.528 -12222.6 58.7784
346000 496.218 -12210.7 47.206
347000 498.383 -12175.2 -49.774
348000 498.12 -12223.5 51.7177
349000 500.047 -12060.4 -83.5613
350000 502.856 -12205.1 92.0906
351000 497.504 -12289.5 61.3143
352000 499.486 -12163 -4.75386
353000 497.902 -12143.6 -34.4752
354000 498.14 -12244 97.5411
355000 497.791 -12156.3 -23.6731
356000 503.681 -11990.4 -42.9737
357000 501.468 -12035.3 47.1137
358000 501.678 -12081.9 -48.5932
359000 503.766 -12141.3 111.379
360000 500.465 -12112.3 -48.9152
361000 499.451 -12121.4 7.58738
362000 500.797 -12095.7 -10.09
363000 500.563 -12210.5 74.7905
364000 499.585 -12132.5 -32.7492
365000 499.831 -12152.4 57.5947
366000 499.974 -11988.8 -127.457
367000 501.701 -12102.7 3.9203
368000 501.979 -12144.2 73.7912
369000 500.965 -12103.9 5.53221
370000 497.689 -12195.1 1.55898
371000 499.821 -12271.4 14.9908
372000 497.952 -12130.4 -42.0523
373000 501.677 -12101.8 76.8907
374000 498.977 -11899.2 -181.239
375000 500.669 -12065 -52.7842
376000 498.545 -12236 95.0294
377000 499.934 -12190.2 -78.6922
378000 502.931 -12232.8 139.099
379000 499.638 -12070.8 -43.6989
380000 499.98 -12098.4 -50.5451
381000 502.515 -12114 39.3473
382000 500.874 -12098.7 -65.5782
383000 502.822 -12085.8 55.7916
384000 504.664 -12047.8 34.091
385000 501.885 -12055 -20.0511
386000 500.746 -12047.3 -74.8495
387000 500.636 -12137.7 20.0881
388000 501.775 -12182 45.0014
389000 498.875 -12045.8 -144.609
390000 499.772 -12140.6 97.0881
391000 504.327 -12099.8 41.4633
392000 500.194 -11958.4 -83.0903
393000 501.534 -12116.4 11.1546
394000 504.971 -12069.2 -84.9802
395000 500.738 -12208.4 44.9709
396000 500.975 -12204.7 66.4869
397000 498.93 -12212.9 -49.8077
398000 499.2 -12193 29.6359
399000 500.952 -12073.1 -39.164
400000 500.781 -12004.8 -127.504
401000 496.728 -12219 6.94139
402000 499.179 -12186.4 17.9402
403000 502.808 -12041 1.12672
404000 501.22 -12100 54.8884
405000 499.345 -11943 -117.507
406000 497.727 -12329.5 146.197
407000 498.685 -12206.2 -7.71768
408000 502.473 -12253.8 -47.0681
409000 499.895 -12251.6 93.8693
410000 500.685 -12060.1 -150.744
411000 498.582 -12162.9 -69.4057
412000 501.642 -12185.4 91.3789
413000 502.336 -12170.6 -87.4937
414000 498.585 -12241.6 123.899
415000 497.727 -12059.2 -92.4207
416000 497.306 -12062 40.8848
417000 498.12 -12156.2 -35.8918
418000 499.954 -12169.4 56.4665
419000 498.841 -12261.5 103.415
420000 500.722 -12182.3 52.8952
421000 498.704 -12008.1 -43.7018
422000 500.489 -12063.5 5.0074
423000 500.584 -12181.2 -27.6198
424000 498.947 -12257.5 101.662
425000 500.391 -12061.2 -133.575
426000 500.537 -12065.9 20.6932
427000 498.97 -12105.7 -42.7278
428000 500.614 -12173.7 68.8438
429000 501.08 -12170 -33.1501
430000 500.593 -12132.2 118.937
431000 497.409 -12125.9 -127.802
432000 499.763 -12082.3 -21.8227
433000 500.416 -12163.4 60.7202
434000 496.71 -12275.1 34.3545
435000 498.939 -12155.4 -90.5284
436000 501.625 -12142.3 38.5741
437000 501.643 -12178.7 -3.51048
438000 498.266 -12250.5 20.6514
439000 501.081 -12164.9 -4.51975
440000 504.71 -12041.7 -81.0341
441000 501.869 -12171.4 43.5476
442000 497.98 -12287.4 84.1175
443000 499.989 -12273.9 98.866
444000 497.563 -12232.5 -15.8178
445000 498.569 -12154.2 -58.1872
446000 498.256 -12238.8 157.295
447000 495.824 -12181.3 -78.9761
448000 500.518 -12047.8 -50.0815
449000 498.361 -12144.1 11.6561
450000 499.144 -12120 -6.09399
451000 499.084 -12136.5 -4.16567
452000 498.469 -12209.3 87.2576
453000 500.996 -12160.7 35.1751
454000 499.904 -12063.5 -155.001
455000 499.512 -12161.5 55.4093
456000 501.997 -12156.2 -40.3232
457000 501.454 -12135.7 21.9746
458000 502.606 -12176.4 13.5657
459000 498.894 -12204.8 22.4358
460000 497.859 -12134.9 -78.945
461000 504.11 -12116.3 29.2346
462000 502.219 -12087.4 -64.3167
463000 496.995 -12238.9 60.0353
464000 499.036 -12135.1 0.246689
465000 501.05 -12041.9 -97.8094
466000 497.989 -12127.5 -67.5179
467000 498.864 -12254.8 105.535
468000 501.641 -12143.5 -29.6711
469000 503.634 -12090 -48.4171
470000 498.71 -12229.6 94.9627
471000 502.425 -12131.4 -25.4618
472000 496.846 -12174.7 -60.8329
473000 499.046 -12260.8 109.993
474000 498.52 -12150.1 -3.76193
475000 498.992 -12054.8 -64.4483
476000 501.235 -12095.9 -27.3914
477000 501.307 -12204.2 107.097
478000 499.812 -12087.1 -65.5603
479000 497.92 -12150.3 -5.20366
480000 499.899 -12097.7 -21.4261
481000 500.457 -12282.6 157.637
482000 503.281 -12115.1 28.4263
483000 502.175 -12056.4 -52.9542
484000 502.08 -12081.7 -87.7019
485000 501.482 -12167.1 122.569
486000 497.402 -12141.7 -65.5428
487000 497.98 -12197.6 24.627
488000 499.018 -12241 -19.0894
489000 497.516 -12219.5 51.0333
490000 501.327 -12058.6 -90.1743
491000 499.791 -12163.7 75.8921
492000 500.766 -12142.2 -57.1114
493000 498.484 -12180.4 -24.6257
494000 502.287 -12234.4 2.98261
495000 497.38 -12302 53.1804
496000 497.548 -12251.3 -52.346
497000 500.26 -12060 -7.95921
498000 498.549 -12116.1 -55.035
499000 503.814 -12233.1 200.46
500000 501.563 -12083.5 -63.6367
501000 498.007 -12171.3 -13.0008
502000 501.554 -12178.2 71.162
503000 498.987 -12163.5 -82.2027
504000 503.483 -12108.6 81.4783
505000 498.867 -12019.7 -57.4447
506000 501.871 -12162.3 -9.3251
507000 502.731 -12192.1 71.149
508000 501.178 -12103.5 -69.0567
509000 500.417 -12228.7 41.9111
510000 499.629 -12293.4 42.163
511000 497.345 -12150.7 -81.4931
512000 501.02 -12231 23.0293
513000 499.657 -12143.2 23.4667
514000 501.773 -11946.9 -98.6443
515000 500.834 -12058.9 -5.53909
516000 498.389 -12151.5 26.9625
517000 500.489 -12276.1 91.9496
518000 502.506 -12188.6 39.7818
519000 502.313 -12113.2 13.9332
520000 501.091 -12094.1 -94.7687
521000 498.93 -12262.4 131.704
522000 499.803 -12163.4 38.1614
523000 502.867 -12062.2 -14.3861
524000 499.136 -12178.2 -67.9446
525000 497.068 -12282.8 72.4682
526000 499.849 -12198.2 -27.4582
527000 500.669 -12083.4 -97.5124
528000 500.721 -12023.8 -80.3875
529000 498.923 -12183.4 93.5363
530000 502.28 -12200.4 -54.0586
531000 501.876 -12150 33.6621
532000 504.141 -12153.3 10.4516
533000 499.514 -12155.5 -40.3384
534000 500.691 -12190.5 55.3493
535000 503.916 -12052.2 -45.16
536000 499.233 -12208.1 21.1541
537000 497.872 -12330.2 94.0419
538000 497.662 -12116.6 -69.243
539000 499.326 -12072.5 12.6103
540000 499.17 -12046.2 -47.9927
541000 501.007 -12144.8 39.1102
542000 498.949 -12183 -8.38781
543000 500.001 -12065.2 -162.033
544000 500.813 -12209.1 74.7449
545000 501.472 -12231.7 55.9503
546000 497.393 -12215.3 -63.8223
547000 499.131 -12223.4 59.521
548000 497.835 -12125.4 -30.9125
549000 501.466 -12102.6 -25.818
550000 501.376 -12168.4 -8.70074
551000 497.26 -12218.7 -19.6615
552000 502.212 -12157.3 103.52
553000 497.315 -12140.5 -108.277
554000 503.326 -12124.2 70.8799
555000 499.095 -12086.1 -49.9879
556000 504.622 -12128.1 8.6845
557000 498.526 -12232.9 6.87221
558000 496.265 -12227.5 99.9063
559000 501.007 -12173.5 -144.32
560000 502.932 -12127.4 88.9768
561000 502.071 -12131.2 6.85425
562000 499.493 -12016.6 -181.375
563000 503.193 -12082.9 29.761
564000 500.871 -12145.6 65.8755
565000 500.271 -12104.7 -31.429
566000 498.864 -12149.9 17.3471
567000 498.279 -12202 21.594
568000 499.239 -12121.4 -73.751
569000 496.009 -12246 -58.4249
570000 501.737 -12243.5 39.1474
571000 501.652 -12183.2 -28.5795
572000 498.787 -12320.2 64.2596
573000 495.775 -12268.1 -17.3867
574000 499.908 -12150.7 54.475
575000 498.452 -12135.2 -26.3327
576000 499.286 -12130 3.14339
577000 498.678 -12203.1 44.6737
578000 498.814 -12320.2 107.646
579000 501.863 -12155 89.4497
580000 499.356 -12064.7 -70.4144
581000 498.808 -12074.9 -19.0262
582000 501.224 -12214.4 73.3054
583000 497.131 -12256.2 17.5054
584000 499.284 -12178.5 -26.4842
585000 495.957 -12235.5 -14.6626
586000 499.581 -12210.6 13.4961
587000 498.698 -12247.2 23.7862
588000 501.956 -12143.1 6.27208
589000 501.223 -12147.1 -54.3206
590000 499.052 -12186.3 9.65713
591000 499.139 -12214.6 3.91629
592000 500.794 -12172 33.7251
593000 500.087 -12070.4 -22.5762
594000 500.806 -12084.6 -37.3204
595000 501.255 -12204.7 144.993
596000 500.336 -12039.9 -48.1653
597000 498.782 -12027.6 -89.8928
598000 499.51 -12115.7 34.4957
599000 501.657 -12233.6 5.23755
600000 499.428 -12173.3 4.8495
601000 499.749 -12163.5 -12.5374
602000 501.551 -12006.5 -53.2643
603000 500.481 -12209.3 95.7307
604000 498.783 -12190.8 -10.6565
605000 496.465 -12205.1 -45.0252
606000 499.186 -12070.1 -152.35
607000 503.19 -12070.3 29.9797
608000 498.954 -12212.7 30.9507
609000 499.702 -12270.7 81.467
610000 500.593 -12120.2 -75.3607
611000 496.413 -12139.6 -77.7124
612000 499.82 -12250.1 62.0526
613000 495.128 -12303.7 18.3448
614000 501.119 -12221.4 51.6384
615000 498.377 -12156.4 -60.4842
616000 501.407 -12106.7 -30.2122
617000 504.902 -11961 -51.9332
618000 501.122 -12111.1 32.2727
619000 501.78 -12078.6 -22.2902
620000 499.136 -12118.3 -47.437
621000 500.817 -12264.7 175.211
622000 499.149 -12115.8 -36.7745
623000 503.667 -12047.5 40.2471
624000 502.735 -12056.7 -77.8273
625000 503.396 -12012.4 9.7219
626000 498.651 -12238.8 110.199
627000 499.96 -12122.4 -3.1037
628000 498.49 -12206.4 -104.666
629000 497.046 -12213 44.5851
630000 499.175 -12232.6 7.75436
631000 500.89 -12119.5 29.9015
632000 502.958 -12085 -37.8922
633000 497.225 -12178.4 48.1513
634000 498.034 -12204.3 -8.67442
635000 501.207 -12169.4 16.0262
636000 495.615 -12141.9 -19.9916
637000 500.874 -12128.9 -12.4286
638000 499.922 -12204.8 61.7435
639000 498.899 -12244.8 -57.73
640000 497.432 -12294.6 73.415
641000 499.376 -12233 -10.0721
642000 496.244 -12218.7 -16.6402
643000 498.681 -12260.1 -15.6224
644000 501.119 -12324.9 91.9783
645000 497.443 -12175.4 -23.2483
646000 499.58 -12176.2 40.7611
647000 501.435 -12163.1 -83.49
648000 498.301 -12262 14.7137
649000 498.668 -12318.3 206.971
650000 500.497 -12093.7 -18.2385
651000 501.073 -12083.3 -2.87288
652000 499.586 -12106.8 -44.5311
653000 496.886 -12197.5 0.724146
654000 500.509 -12196.1 100.852
655000 497.031 -12191.3 -25.4676
656000 499.095 -12200.2 -51.67
657000 500.366 -12189.3 59.1095
658000 502.218 -12138.2 -10.2296
659000 499.641 -12008.1 -228.971
660000 501.728 -12098.6 77.3982
661000 499.144 -12205.9 22.7793
662000 497.985 -12127.7 -16.9766
663000 498.976 -11943.5 -115.797
664000 501 -12082.4 97.4144
665000 499.754 -12157.8 15.376
666000 501.669 -12033.8 -281.636
667000 498.743 -12155.5 70.4482
668000 497.438 -12171.2 55.0827
669000 501.283 -12108.8 -56.0308
670000 501.491 -12094.8 -65.7056
671000 497.869 -12233.8 50.5639
672000 500.984 -12157.2 125.055
673000 500.602 -12134.6 -93.1894
674000 499.431 -12143.5 -84.4804
675000 501.652 -12281.5 211.619
676000 503.065 -12073.6 6.39719
677000 500.827 -12066.9 -67.81
678000 499.618 -11952.9 -54.9701
679000 500.836 -12066.2 -7.64292
680000 501.575 -12132.7 7.52576
681000 500.852 -12207.3 68.3176
682000 498.213 -12100 -141.666
683000 499.024 -12061.6 -131.258
684000 498.668 -12200.1 70.0919
685000 500.859 -12147.3 -25.4257
686000 502.089 -12154.5 31.9858
687000 500.262 -12035.9 -147.108
688000 501.431 -12156.7 86.5327
689000 502.535 -12094.6 -43.1425
690000 498.326 -11999.6 -36.5088
691000 501.338 -12080.2 -20.7699
692000 499.734 -12254.1 160.228
693000 496.91 -12316.1 -32.9843
694000 498.018 -12222.6 11.4966
695000 500.336 -12119.5 -77.5437
696000 500.33 -12251.7 88.725
697000 499.208 -12101.6 -34.8721
698000 499.925 -11974.7 -90.0026
699000 500.767 -12078.8 0.40223
700000 501.937 -12254.9 49.5988
701000 497.776 -12257.2 45.3937
702000 498.834 -12167.1 7.66048
703000 502.847 -12103.5 -10.7457
704000 501.371 -12038.3 -25.5879
705000 495.859 -12148.9 30.6214
706000 498.741 -12147.7 10.9432
707000 499.425 -12124.8 -35.1055
708000 497.061 -12176.5 0.855679
709000 501.344 -12013.4 -74.13
710000 500.501 -12193.9 116.415
711000 499.672 -12075.7 -121.316
712000 497.192 -12252.3 -2.94348
713000 501.77 -12273.4 157.821
714000 501.437 -12140 -20.6642
715000 501.761 -12093.9 0.760094
716000 500.251 -12155.1 -48.1087
717000 499.233 -12324.3 166.079
718000 498.775 -12245.7 -78.7509
719000 498.68 -12137.3 -70.6153
720000 501.675 -12228.1 227.201
721000 499.884 -11997.3 -42.6281
722000 497.176 -12112.3 -0.764671
723000 502.032 -12090.4 19.432
724000 498.929 -12037.6 -90.7074
725000 500.191 -12129.2 79.4165
726000 499.766 -12175.7 53.7589
727000 500.606 -12104.2 -26.0925
728000 500.382 -12140.7 60.9155
729000 501.93 -12039.2 -74.7266
730000 500.941 -12119.6 8.29677
731000 501.311 -12209.9 72.7864
732000 502.775 -12112.6 -6.92283
733000 498.062 -12134.5 -51.9407
734000 498.913 -12227.1 149.683
735000 502.717 -12110.6 -25.8737
736000 501.018 -12123.4 -6.83204
737000 500.503 -12104 37.1033
738000 500.043 -12059.8 -105.012
739000 501.958 -12123.5 30.3904
740000 502.683 -12234.8 71.4132
741000 501.597 -12206.5 19.3589
742000 498.699 -12178.4 -37.8915
743000 501.269 -12207.3 16.0638
744000 500.923 -12273.2 65.0862
745000 499.35 -12162.2 6.48307
746000 498.531 -12140 -19.8974
747000 498.997 -12245.8 -67.019
748000 498.967 -12200.8 27.0693
749000 501.139 -12057.2 -16.7639
750000 499.192 -12074.1 -67.8143
751000 500.859 -12156.5 80.4919
752000 499.933 -12135.3 -84.6466
753000 497.106 -12266.7 -16.8973
754000 502.798 -12346.7 213.783
755000 501.623 -12177.9 10.084
756000 498.868 -12185.4 -8.48352
757000 503.889 -12123.1 61.9608
758000 498.678 -12171.9 -69.2294
759000 498.104 -12154.2 18.9489
760000 501.4 -12131.1 -34.1387
761000 502.529 -12207.2 10.3249
762000 503.255 -12187.2 96.5482
763000 497.856 -12144.5 -136.64
764000 501.488 -12128.8 82.6493
765000 499.435 -12139.4 -55.617
766000 500.428 -12241.2 20.0474
767000 499.044 -12203.4 49.5532
768000 500.211 -12126 -127.119
769000 499.897 -12201.1 52.922
770000 501.554 -12145.6 -16.6665
771000 500.236 -12143.1 -46.3474
772000 501.01 -12168.6 -7.90311
773000 499.162 -12186 -32.7992
774000 499.82 -12303.8 124.868
775000 495.135 -12272.9 -104.277
776000 500.44 -12164.3 9.08303
777000 499.34 -12193.7 24.9727
778000 501.431 -12192.5 -33.7561
779000 499.595 -12199.1 10.0764
780000 505.264 -12035.3 16.9422
781000 502.878 -12112.1 -78.328
782000 500.657 -12171.9 82.859
783000 499.919 -12226.5 4.51891
784000 500.838 -12071.4 -100.851
785000 500.149 -12035.1 -13.6708
786000 499.371 -12174 7.26479
787000 498.026 -12312.6 137.132
788000 500.05 -12253.7 9.69532
789000 497.901 -12156.7 -19.9182
790000 499.5 -12104.7 -50.6357
791000 499.945 -12082.2 67.7246
792000 499.793 -12096.9 -97.8513
793000 501.779 -12295.3 212.586
794000 498.651 -12219.5 -108.143
795000 500.876 -12159 55.5913
796000 501.731 -12098 -28.0863
797000 499.44 -11980.7 -127.238
798000 499.154 -12138.1 1.04867
799000 500.247 -12078.6 17.5022
800000 499.335 -12137.9 43.032
801000 501.74 -12020.2 -49.3412
802000 501.161 -12094.7 2.20734
803000 498.84 -12148.6 67.0592
804000 499.66 -12118.6 -103.422
805000 501.539 -12145 78.6075
806000 502.345 -12045.6 19.4279
807000 497.653 -12065.6 -46.6466
808000 498.884 -12109.9 -6.76659
809000 500.012 -12174.1 31.2738
810000 501.874 -12200.7 27.0139
811000 500.134 -12018.3 -99.9841
812000 501.583 -12088.4 -17.5123
813000 499.056 -12335.9 92.8483
814000 499.132 -12154.9 -15.9432
815000 497.605 -12153.1 9.10864
816000 501.746 -12118.1 -62.3516
817000 499.524 -12233.2 160.609
818000 500.684 -12182.4 -42.1976
819000 499.042 -12184 75.9461
820000 502.182 -12122.4 -134.796
821000 498.959 -12194.5 126.342
822000 500.957 -12081.2 -34.8986
823000 499.118 -11973.5 -4.17913
824000 497.859 -12072.5 -54.4569
825000 498.947 -12257.1 11.3002
826000 501.139 -12220.3 136.273
827000 501.451 -12168.2 29.5121
828000 500.711 -12092.9 -55.1374
829000 501.287 -12021.3 -20.4613
830000 497.473 -12120.9 -2.53036
831000 500.923 -12137.5 83.8789
832000 500.75 -12061.6 -50.1207
833000 498.987 -12162.1 -15.672
834000 501.163 -12311.2 135.913
835000 499.437 -12175.2 -17.9917
836000 499.906 -12075.7 36.4563
837000 503.468 -12048.7 -3.55776
838000 501.046 -12080 -85.7276
839000 499.656 -12211.6 2.49961
840000 500.302 -12198.8 43.845
841000 500.063 -12114.5 51.1017
842000 497.551 -12122.6 -68.4762
843000 498.551 -12236 -5.31855
844000 500.652 -12223.5 45.7813
845000 498.77 -12090 -65.6125
846000 504.463 -12171.1 129.551
847000 500.236 -12059.4 -94.1977
848000 497.348 -12164.7 23.2787
849000 500.072 -12190.1 -19.0397
850000 500.157 -12322.6 194.032
851000 497.302 -12195.8 -90.5685
852000 500.21 -12135 -1.65509
853000 499.81 -12232.6 77.9631
854000 499.303 -12070.8 -200.278
855000 498.538 -12166.3 16.2706
856000 502.492 -12141.6 26.1171
857000 499.298 -12127.3 -61.977
858000 501.388 -12196 128.3
859000 499.629 -12093.7 -87.1781
860000 499.353 -12183.6 48.2486
861000 500.684 -12173.9 43.5945
862000 500.51 -12039 -71.3754
863000 499.477 -12132.2 18.695
864000 499.296 -12097.9 13.1959
865000 499.937 -12133.5 12.2148
866000 501.38 -12109.2 19.5351
867000 497.977 -12146.4 -105.449
868000 500.935 -12189.3 13.6047
869000 502.079 -12308.3 176.689
870000 499.386 -12161.5 -140.514
871000 498.997 -12163.3 54.0346
872000 498.432 -12137.4 33.2319
873000 499.582 -11955.6 -177.967
874000 501.957 -12174.3 88.3864
875000 500.52 -12213.6 53.7386
876000 499.879 -12132.4 -79.5445
877000 499.169 -12212 91.5739
878000 502.718 -12119.7 -3.86953
879000 500.115 -12108.8 19.354
880000 500.258 -12122.4 -15.0941
881000 499.751 -12224 147.589
882000 500.04 -12122.7 -121.887
883000 496.298 -12140.8 36.9827
884000 499.652 -12192.4 54.7584
885000 500.12 -12066 -90.8711
886000 501.047 -12169.7 35.0389
887000 499.682 -12103.8 2.42925
888000 500.945 -12072.2 -56.5908
889000 500.367 -12113.9 0.427199
890000 503.017 -12285 252.387
891000 501.419 -12112.4 -53.6731
892000 498.061 -12125.6 -1.87942
893000 500.678 -12102.1 -18.6299
894000 500.946 -12183.3 91.8051
895000 501.075 -12132 18.9055
896000 499.336 -12027.9 -139.384
897000 500.054 -12112 35.2562
898000 500.787 -12161.5 67.5242
899000 500.766 -12084.9 -82.5945
900000 499.934 -12153.8 46.4278
901000 498.957 -12285.7 111.38
902000 498.399 -12138.5 -146.346
903000 503.656 -12070 16.0521
904000 499.708 -12150.4 -54.1726
905000 499.132 -12221 41.6075
906000 502.409 -12097 22.9239
907000 498.623 -12147.9 -21.8729
908000 499.149 -12187.7 9.1376
909000 498.775 -12214.2 27.6736
910000 499.341 -12060.8 -108.496
911000 499.966 -12057.7 -138.594
912000 499.552 -12273.6 17.939
913000 498.34 -12166.4 33.2038
914000 499.906 -12092.7 -26.0097
915000 502.569 -12095.3 -20.0511
916000 498.474 -12154 29.8214
917000 500.798 -12183.3 18.7532
918000 498.918 -12107.3 -81.2314
919000 498.325 -12200.1 75.8353
920000 500.191 -12079.8 -63.9068
921000 501.467 -12097.7 73.4406
922000 502.147 -12070 -55.3199
923000 502.77 -12035.8 38.7579
924000 499.434 -12029 -38.0009
925000 499.037 -12031.6 -103.266
926000 501.273 -12136.5 3.41156
927000 500.326 -12203.5 30.483
928000 501.85 -12146.2 39.7244
929000 501.632 -12015.9 -102.92
930000 502.948 -11932.6 -157.153
931000 502.573 -12126.5 49.536
932000 498.639 -12129.7 11.4897
933000 497.286 -12095.1 -76.4997
934000 500.577 -12288.2 89.2282
935000 500.4 -12107.2 20.9952
936000 500.814 -12075.9 -60.91
937000 498.942 -12203.6 -57.3201
938000 497.33 -12315.4 70.692
939000 499.414 -12177.3 58.506
940000 497.361 -12228.2 -79.4633
941000 497.571 -12264.6 13.9939
942000 497.317 -12365.7 123.922
943000 501.359 -12224.4 -5.46765
944000 499.8 -12103.4 -2.64421
945000 502.387 -12029.9 -67.7888
946000 503.6 -12081.6 -9.70025
947000 500.699 -12195.6 99.8462
948000 499.546 -12190.1 18.0111
949000 499.753 -12136.7 -19.5243
950000 497.694 -12236.9 14.7479
951000 497.671 -12249.8 7.4845
952000 500.925 -11976.7 -104.253
953000 500.517 -12057.1 55.7292
954000 501.287 -12082.7 -45.2404
955000 503.029 -12102.6 54.9833
956000 498.535 -12213.7 66.9192
957000 503.51 -11941.6 -133.749
958000 501.463 -12056 -95.2684
959000 498.357 -12192.3 102.207
960000 500.793 -12141.1 9.09137
961000 499.974 -12145.6 15.4131
962000 503.236 -12029.8 -73.8342
963000 499.391 -12105 -28.3931
964000 502.004 -12100.1 84.9076
965000 502.144 -11941.7 -122.128
966000 500.721 -12133 59.1166
967000 501.064 -12166.3 -66.3575
968000 498.102 -12294.9 58.9066
969000 499.35 -12229.3 57.1618
970000 501.36 -12123.8 -42.5819
971000 497.322 -12203.1 -37.6242
972000 499.34 -12265.4 199.544
973000 498.324 -12173.4 -129.141
974000 501.795 -12011.5 -50.144
975000 499.643 -12156.2 11.8491
976000 499.583 -12146.4 -13.3641
977000 502.329 -12153.9 141.977
978000 496.588 -12019.2 -165.154
979000 499.402 -12200.7 50.9561
980000 501.216 -12116.8 -35.4439
981000 499.484 -12216.8 71.0845
982000 500.689 -12035.8 -18.1
983000 500.871 -11985.8 -74.5662
984000 501.679 -12052 8.98209
985000 499.265 -12106.7 -48.724
986000 500.04 -12181.9 102.609
987000 500.238 -12140 -77.5451
988000 500.436 -12082.9 -5.84646
989000 499.774 -12077.6 -13.2973
990000 500.891 -12011.4 -32.786
991000 500.629 -12034.8 -18.8333
992000 501.708 -12113.9 41.3812
993000 500.705 -12147.6 2.49416
994000 498.123 -12211.5 43.4261
995000 500.345 -12191.7 -18.1731
996000 501.918 -12196.3 95.4832
997000 499.876 -12042.1 -90.3064
998000 498.402 -12106.8 1.4254
999000 500.725 -12276.7 68.2181
1000000 498.122 -12132.6 48.6735
1001000 498.564 -12020.4 -123.987
1002000 499.169 -12113.8 27.3185
1003000 502.033 -12123.4 -38.6578
1004000 500.141 -12149.2 75.6776
1005000 503.213 -12074.4 -31.8399
1006000 498.151 -12171.7 41.1561
1007000 500.492 -12146.3 -54.3748
1008000 502.342 -12097.1 25.3208
1009000 501.294 -12136.4 -5.57249
1010000 499.836 -12115.5 -30.1544
1011000 498.432 -12214 -31.1164
1012000 502.299 -12201.6 105.25
1013000 501.983 -12151.7 -6.17557
1014000 495.074 -12055 -114.434
1015000 500.819 -12114 44.7079
1016000 497.882 -12187.8 11.474
1017000 499.702 -12132.9 27.0621
1018000 499.06 -12178.3 -93.6714
1019000 499.253 -12225.5 67.9271
1020000 502.727 -12095.3 69.3575
1021000 502.955 -12046.9 -9.5664
1022000 502.003 -11965 -43.4264
1023000 497.446 -12093.4 -14.347
1024000 498.762 -12190.5 49.5299
1025000 501.995 -12048.8 -35.155
1026000 498.143 -12137.1 2.31817
1027000 502.121 -12130.6 -6.01505
1028000 501.487 -12085.1 -72.2031
1029000 500.005 -12131.8 64.7422
1030000 498.309 -12064.7 -24.1835
1031000 500.571 -12010.4 -65.4726
1032000 502.247 -12128.3 92.1337
1033000 502.053 -12156.2 46.4752
1034000 500.718 -12186.9 6.4234
1035000 500.979 -12132.9 -11.7244
1036000 497.221 -12127 -36.596
1037000 501.822 -12125.8 22.0689
1038000 497.791 -12193.9 3.56062
1039000 498.682 -12260.7 13.9005
1040000 499.235 -12234.3 43.83
1041000 499.537 -12155 -53.1691
1042000 498.711 -12104.6 -43.1885
1043000 501.267 -12188.5 39.3532
1044000 498.176 -12215.6 -6.99722
1045000 499.708 -12146.8 -15.7538
1046000 499.37 -12148.9 2.15731
1047000 499.111 -12143.9 0.475459
1048000 501.993 -12190.6 72.3368
1049000 501.474 -12134.6 50.0058
1050000 500.472 -12011.9 -132.678
1051000 500.763 -12151.3 61.3413
1052000 499.713 -12114.2 -65.7003
1053000 496.42 -12245.5 -25.1978
1054000 497.679 -12402.1 208.585
1055000 501.922 -12166.8 -78.3172
1056000 501.687 -12140.6 35.1627
1057000 501.281 -12060 -60.3814
1058000 499.966 -12109 3.83935
1059000 500.103 -12136.9 15.8451
1060000 500.934 -12125 -4.22494
1061000 500.939 -12017.7 -156.986
1062000 501.842 -12168.3 132.074
1063000 497.532 -12252.1 -6.41142
1064000 499.194 -12144.5 -33.1455
1065000 500.778 -12110.3 14.9883
1066000 500.379 -12102.2 -30.5441
1067000 497.819 -12177.3 -97.2988
1068000 499.898 -12214.5 32.6435
1069000 501.529 -12247.7 82.9321
1070000 499.513 -12107.5 -14.2885
1071000 497.004 -12068.9 -195.42
1072000 501.86 -12194.7 35.0039
1073000 497.533 -12182.8 -49.9013
1074000 499.349 -12138 29.6868
1075000 498.786 -12207 57.1039
1076000 500.321 -12209.1 17.7835
1077000 498.915 -12103.9 -113.918
1078000 499.056 -12114.5 -16.2149
1079000 501.137 -12236.4 22.1389
1080000 503.023 -12172.2 60.7678
1081000 497.511 -12133.9 -42.401
1082000 497.943 -12203.2 94.3904
1083000 501.53 -12021.9 -115.353
1084000 499.16 -12175.1 48.3094
1085000 499.735 -12107.8 -0.947012
1086000 500.674 -12133.3 -63.3765
1087000 503.343 -12137.7 87.5371
1088000 499.656 -12127.7 14.1535
1089000 501.484 -12082.8 -59.2642
1090000 498.379 -12115.7 -38.0634
1091000 500.59 -12179.3 38.4491
1092000 498.421 -12173.9 6.9283
1093000 501.066 -12131.1 54.6577
1094000 498.157 -12010.7 -81.1481
1095000 499.179 -11964.4 -23.9192
1096000 501.798 -12056.9 -54.9306
1097000 499.104 -12195.4 4.96016
1098000 499.962 -12258.9 69.1275
1099000 496.983 -12194 -59.736
1100000 501 -12131.6 11.8974
1101000 501.395 -12131.3 22.5141
1102000 502.156 -11948 -112.173
1103000 500.087 -12124.4 24.026
1104000 500.439 -12157.8 -12.4035
1105000 498.683 -12243.3 172.693
1106000 499.576 -12056.5 -124.809
1107000 498.9 -12151.5 -27.2276
1108000 499.955 -12307.7 132.084
1109000 499.568 -12096.4 -117.157
1110000 499.781 -12167.2 -6.51175
1111000 498.687 -12161.5 78.7057
1112000 503.699 -12073.6 -48.8226
1113000 503.491 -12067.6 0.016145
1114000 501.342 -12128.9 28.8378
1115000 498.17 -12154.2 -1.16999
1116000 503.052 -12041.1 -24.1598
1117000 501.279 -12075.7 -38.2936
1118000 504.152 -12054 20.4832
1119000 500.819 -12135.7 2.80541
1120000 499.102 -12236.9 87.7631
1121000 499.817 -12085.5 -95.7928
1122000 499.392 -12159.5 -69.1139
1123000 502.166 -12114.5 2.11997
1124000 498.137 -12200.3 26.6596
1125000 500.884 -12269.6 53.6684
1126000 501.348 -12118.1 -22.7337
1127000 501.715 -12100.3 -131.286
1128000 500.833 -12309.6 181.143
1129000 499.988 -12259.7 -16.929
1130000 500.896 -12123 -33.0006
1131000 499.38 -12088 -33.9042
1132000 501.484 -12147.3 112.087
1133000 501.414 -12098.4 -13.1389
1134000 500.363 -11915.3 -134.856
1135000 499.75 -12084.9 -77.1026
1136000 498.984 -12160.4 1.40246
1137000 502.386 -12154.2 6.67213
1138000 500.617 -12134.1 54.5529
1139000 498.755 -12072.5 -73.3017
1140000 498.66 -12166.6 23.6552
1141000 501.009 -12175.2 43.9191
1142000 498.709 -12110.8 -120.072
1143000 501.088 -12191.2 112.841
1144000 501.355 -12138.7 4.17311
1145000 501.037 -12058.3 -54.5428
1146000 498.532 -12132.7 -31.404
1147000 500.573 -12122.5 96.0804
1148000 501.18 -12070.6 -137.728
1149000 501.321 -12125.2 127.374
1150000 500.168 -11957.2 -81.4154
1151000 498.393 -12037.3 9.4053
1152000 499.186 -12187.8 45.9998
1153000 500.085 -12136 -75.9462
1154000 498.903 -12195.8 113.754
1155000 498.91 -12226.6 114.965
1156000 500.081 -12189.9 -39.2373
1157000 497.967 -12152.7 -71.5477
1158000 500.225 -12253.1 74.8897
1159000 499.335 -12141 55.5727
1160000 500.394 -12072.5 -22.2219
1161000 501.828 -12136.6 -28.1995
1162000 498.64 -12233.4 29.1141
1163000 498.168 -12360.4 166.282
1164000 500.106 -12040.5 -136.037
1165000 500.243 -12148.7 50.8583
1166000 500.521 -12074.2 -19.2417
1167000 499.181 -12105.1 -79.8312
1168000 498.384 -12169.5 64.5181
1169000 496.995 -12245.1 -2.75864
1170000 500.298 -12139.5 -24.0071
1171000 500.867 -12174.7 73.9518
1172000 500.798 -12168.2 -26.9506
1173000 499.289 -12183.1 45.744
1174000 502.38 -12002.3 -47.7076
1175000 500.6 -12014 66.064
1176000 501.85 -12044.9 -116.935
1177000 501.999 -12168.9 23.2006
1178000 501.508 -12176.8 157.339
1179000 497.461 -12131.3 -13.6289
1180000 499.492 -12005.7 21.6276
1181000 501.223 -11999.2 -40.9569
1182000 498.133 -12131.5 -78.0232
1183000 501.325 -12178.5 62.2812
1184000 499.733 -12207.2 -41.8065
1185000 498.496 -12186.7 68.4758
1186000 503.635 -12038.9 49.1327
1187000 501.056 -11990.9 -86.8556
1188000 498.76 -12161.1 -41.0526
1189000 500.604 -12210.5 20.0569
1190000 498.936 -12180.5 119.62
1191000 498.036 -12077.8 -72.0468
1192000 497.511 -12173.9 24.2499
1193000 498.556 -12194 -48.8613
1194000 499.24 -12276.4 141.472
1195000 500.665 -12129.9 -137.484
1196000 501.275 -12175.4 25.6329
1197000 498.841 -12294.5 5.61108
1198000 500.701 -12248.3 56.4695
1199000 495.467 -12135.3 -186.649
1200000 501.892 -12213.4 135.866
1201000 502.723 -12152.8 17.4792
1202000 499.508 -12110.1 -142.023
1203000 499.32 -12262.4 196.188
1204000 498.006 -12132.7 -8.45938
1205000 500.021 -12180.3 -49.0689
1206000 500.309 -12138.1 122.932
1207000 501.582 -12032.3 -120.301
1208000 500.379 -12137.3 -13.8657
1209000 499.51 -12213.3 41.0973
1210000 497.99 -12216.4 -15.4915
1211000 497.05 -12227.1 65.3226
1212000 499.662 -12110.7 -24.1485
1213000 501.461 -12053.8 -246.914
1214000 497.627 -12210.8 76.8185
1215000 499.089 -12190.9 -20.0122
1216000 499.364 -12207.2 30.3454
1217000 499.63 -12144.5 35.5818
1218000 497.721 -12050.2 -108.168
1219000 501.776 -11994 -113.611
1220000 500.49 -12128.4 156.398
1221000 497.459 -12143.9 -37.2897
1222000 502.187 -12072.7 -18.6146
1223000 497.957 -12195.3 -11.2533
1224000 502.351 -12136.7 33.517
1225000 502.292 -12053.9 -87.9978
1226000 501.545 -12119.6 24.4442
1227000 498.202 -12234.2 44.44
1228000 500.196 -12135.8 -9.54974
1229000 501.566 -12065.9 -18.8983
1230000 504.412 -11967 -105.903
1231000 497.808 -12278.9 35.1277
1232000 501.244 -12236.9 44.3991
1233000 498.308 -12161.1 -50.1639
1234000 500.4 -12232.2 85.0775
1235000 499.032 -12241.2 9.26603
1236000 497.793 -12110.6 -109.701
1237000 500.661 -12139.7 -15.9638
1238000 496.239 -12222.6 9.05942
1239000 500.616 -12169.5 36.4659
1240000 500.083 -12175.7 38.7987
1241000 498.009 -12169.3 17.7683
1242000 496.89 -12089.5 -92.8528
1243000 499.298 -12130.6 58.5017
1244000 502.055 -12058.7 3.83557
1245000 499.6 -12051.4 -136.352
1246000 500.931 -12179.7 69.0915
1247000 503.283 -12094.5 -26.8638
1248000 500.873 -12094.6 -18.1777
1249000 499.291 -12227.1 29.9066
1250000 501.163 -12116.2 -9.19817
1251000 498.983 -12199.4 17.2564
1252000 498.309 -12190.4 -33.7035
1253000 501.58 -12097.6 -23.7743
1254000 503.404 -12012.5 8.38802
1255000 497.742 -12108.5 -32.9003
1256000 501.169 -12119.8 -48.9206
1257000 497.77 -12279.2 67.8039
1258000 499.988 -12155.4 -2.18893
1259000 499.512 -12105.1 49.1375
1260000 497.531 -12237.8 -64.3431
1261000 501 -12228.5 175.974
1262000 500.311 -12120 -174.593
1263000 497.958 -12202 61.1507
1264000 501.415 -12170.6 -78.742
1265000 500.147 -12225.5 143.355
1266000 500.46 -12074.8 1.82872
1267000 500.801 -11978 -133.391
1268000 501.058 -12119.6 24.7094
1269000 502.157 -12163.4 54.1555
1270000 500.363 -12163.2 -67.5184
1271000 497.474 -12246.4 58.2563
1272000 497.93 -12358.2 190.295
1273000 497.013 -12285.5 -35.6501
1274000 499.607 -12242.4 52.8369
1275000 499.282 -12194.4 43.3666
1276000 503.132 -12015.3 -114.092
1277000 501.37 -12059.4 -44.4919
1278000 500.321 -12061.4 23.2325
1279000 498.487 -12209.6 -31.7124
1280000 503.387 -12210.3 91.0102
1281000 501.461 -12057.7 -104.013
1282000 500.026 -12135.4 65.606
1283000 499.193 -12103 -63.3489
1284000 500.948 -12067.9 -24.2413
1285000 502.029 -12118.3 20.9837
1286000 498.216 -12241.8 -57.5427
1287000 503.184 -12247.6 115.723
1288000 499.401 -12139.6 55.7965
1289000 500.365 -12006.8 -124.822
1290000 502.099 -12151.4 -22.3228
1291000 497.806 -12255.1 10.299
1292000 499.893 -12223.8 142.753
1293000 499.435 -12031.9 -144.404
1294000 498.932 -12097.6 11.7397
1295000 495.949 -12216.5 -64.8947
1296000 498.022 -12321.7 95.8732
1297000 498.061 -12249 18.6559
1298000 501.969 -12138.3 -47.5814
1299000 501.439 -12126.9 154.93
1300000 500.182 -12007 -82.9795
1301000 500.596 -12086.4 4.56965
1302000 496.795 -12113.4 -13.984
1303000 497.654 -12288.2 63.5352
1304000 501.961 -12123.3 -8.01897
1305000 501.777 -11997.5 -141.837
1306000 502.174 -12037.5 94.0826
1307000 500.4 -11967.9 -66.198
1308000 499.814 -12049 17.3392
1309000 497.702 -12244.8 129.647
1310000 501.806 -12133.4 1.76006
1311000 499.442 -12182.4 -57.5893
1312000 498.993 -12267.7 123.659
1313000 499.945 -12216.6 -81.1001
1314000 499.695 -12116.2 -87.8845
1315000 497.241 -12282.5 140.254
1316000 502.432 -12154.5 -11.6281
1317000 498.75 -12200.5 54.6594
1318000 504.17 -11993.2 53.9159
1319000 500.883 -12059.5 -2.23595
1320000 502.501 -11974.3 -49.3117
1321000 500.104 -12019.1 -33.0838
1322000 500.859 -12165.6 24.9172
1323000 502.645 -12103.6 -26.6084
1324000 500.528 -12133.2 47.5717
1325000 498.982 -12187.3 -40.7007
1326000 498.422 -12272.9 80.3676
1327000 503.051 -12004.5 -52.2901
1328000 500.288 -11916.3 -83.0305
1329000 500.025 -12019 -35.332
1330000 498.151 -12188.6 13.2209
1331000 499.037 -12253.5 56.5063
1332000 499.432 -12155.3 -15.5308
1333000 501.942 -12021.1 -52.6581
1334000 498.732 -12274.9 129.988
1335000 498.081 -12279.3 150.126
1336000 499.488 -12106.2 -29.1647
1337000 499.789 -12099.6 -17.105
1338000 500.489 -12119 63.1006
1339000 501.908 -12057.2 -111.702
1340000 499.971 -12089.4 146.746
1341000 499.12 -12180.3 -12.3422
1342000 500.354 -12172.8 21.4267
1343000 499.768 -12326.4 122.752
1344000 500.319 -12186.6 -32.8301
1345000 499.374 -12109.8 -34.4465
1346000 498.59 -12183 48.6488
1347000 499.009 -12161.1 -20.7221
1348000 502.062 -12122.2 -30.5193
1349000 498.194 -12217.7 84.9718
1350000 500.019 -12158.3 39.9535
1351000 498.786 -12039.8 -44.4664
1352000 499.335 -11949.6 -107.38
1353000 502.281 -12192.2 112.719
1354000 500.249 -12166.2 53.4678
1355000 504.581 -12002.6 31.0153
1356000 499.009 -12100.2 22.4675
1357000 503.104 -12077.9 -8.07151
1358000 499.997 -12063.3 -49.9939
1359000 500.739 -12150.2 83.4623
1360000 502.97 -12132.7 -22.9093
1361000 502.363 -12122.9 41.4228
1362000 499.496 -11996.8 -102.817
1363000 500.39 -12085.5 -13.1648
1364000 497.941 -12209.6 23.7205
1365000 501.422 -12142.1 -56.9884
1366000 497.972 -12331.1 130.378
1367000 502.114 -12064.8 29.7869
1368000 503.709 -11960.8 -92.5832
1369000 499.007 -12064.1 -44.2989
1370000 501.386 -12162.3 104.135
1371000 502.311 -12158 -33.9475
1372000 499.641 -12203 21.6977
1373000 504.041 -12161.4 70.762
1374000 501.919 -12052.2 -60.849
1375000 500.444 -12178.5 -26.8621
1376000 499.204 -12246.4 43.2737
1377000 497.884 -12191 -23.5945
1378000 501.052 -12176.2 15.6376
1379000 504.085 -12180.2 28.7983
1380000 497.963 -12077.2 -235.113
1381000 501.622 -12178.9 19.8877
1382000 499.376 -12222.1 126.044
1383000 500.918 -12083.4 -26.0739
1384000 501.449 -12053.9 -48.1293
1385000 501.661 -12088.3 -46.843
1386000 500.403 -12186.8 82.6031
1387000 497.307 -12239 45.8913
1388000 498.485 -12102.2 -37.8051
1389000 498.97 -12134.6 -17.2745
1390000 501.579 -12243.4 49.44
1391000 502.001 -12147.8 40.9524
1392000 501.051 -12115.8 -52.3455
1393000 501.019 -12067.5 -50.3987
1394000 501.32 -12159.2 125.746
1395000 500.107 -12174.3 -67.1823
1396000 503.952 -11945.6 -97.8596
1397000 498.707 -12086.1 27.7682
1398000 500.228 -12157.9 51.1071
1399000 498.955 -12070.5 -17.2915
1400000 499.575 -12151.9 34.3149
1401000 500.047 -12170.3 75.5118
1402000 499.124 -12111 -127.297
1403000 498.221 -12094.8 -20.513
1404000 502.712 -12123 174.631
1405000 500.941 -12086.6 -155.513
1406000 498.599 -12282.9 36.639
1407000 501.156 -12203.6 81.1597
1408000 498.622 -12086.2 -107.653
1409000 501.592 -12101.3 45.206
1410000 499.669 -12147.4 35.199
1411000 498.518 -12161 -52.0509
1412000 498.231 -12215.5 29.0684
1413000 497.174 -12083.1 -120.77
1414000 500.534 -12096 40.8312
1415000 499.868 -12126.8 29.6717
1416000 499.268 -12201 7.94245
1417000 500.775 -12247.7 21.2861
1418000 498.793 -12300.6 28.2462
1419000 499.222 -12168 -6.20856
1420000 499.07 -11953.8 -290.393
1421000 500.069 -12145.4 71.8266
1422000 502.47 -12119.5 0.328533
1423000 498.955 -12230.8 25.4381
1424000 497.578 -12269.6 22.1281
1425000 499.887 -12144.1 -96.8788
1426000 500.831 -12216.6 103.712
1427000 501.701 -12072.3 -47.2425
1428000 500.356 -12136.1 -14.0969
1429000 502.627 -12205.3 89.263
1430000 499.571 -12302.6 83.2981
1431000 501.98 -12024.7 -43.7016
1432000 500.527 -12098.8 -49.5677
1433000 497.164 -12245.6 48.432
1434000 498.43 -12172.3 -11.8666
1435000 497.149 -12244.7 -93.6943
1436000 497.94 -12264.5 70.8618
1437000 500.373 -12177.2 22.489
1438000 502.807 -12069.6 9.29419
1439000 497.327 -12185.2 -105.327
1440000 499.733 -12250.7 -1.37719
1441000 499.946 -12241.9 -28.8318
1442000 497.798 -12286.9 52.4188
1443000 503.794 -12173.6 6.91604
1444000 500.439 -12130.5 -81.359
1445000 499.446 -12036.1 58.1129
1446000 500.331 -11919.2 -93.001
1447000 502.609 -11940.3 -57.1055
1448000 498.727 -12174.7 142.979
1449000 503.154 -12180.2 -21.3357
1450000 499.642 -12086.6 -85.8169
1451000 499.616 -12251.9 36.1347
1452000 498.074 -12310.6 36.2509
1453000 498.344 -12250.3 -18.7157
1454000 495.97 -12262.2 -31.2989
1455000 499.779 -12247.7 34.0073
1456000 498.938 -12182.3 10.9287
1457000 501.195 -12059.1 20.628
1458000 503.408 -11918.8 -123.522
1459000 498.935 -12140.9 64.8707
1460000 499.041 -12251.8 -15.8711
1461000 499.553 -12155 96.5037
1462000 498.278 -12023.4 17.0191
1463000 499.623 -11972.5 -11.0784
1464000 499.401 -12112 -36.3709
1465000 502.004 -12114.1 76.1307
1466000 499.358 -12169.4 -61.7948
1467000 499.13 -12184.2 130.663
1468000 499.934 -12089.3 9.04426
1469000 500.566 -12001.7 -146.474
1470000 503.276 -12041.4 -34.9555
1471000 499.095 -12193.9 10.1144
1472000 500.769 -12188.1 14.549
1473000 500.053 -12160.1 31.9901
1474000 501.169 -12069.2 -106.386
1475000 499.849 -12241 109.26
1476000 498.774 -12168.5 -35.2422
1477000 501.206 -12133.5 22.9546
1478000 501.874 -12175.6 82.6296
1479000 500.847 -12039.8 -179.032
1480000 501.676 -12142.3 52.2029
1481000 501.816 -12148 12.6904
1482000 501.736 -12165.2 -78.2008
1483000 498.18 -12293.7 94.9689
1484000 497.878 -12087.7 48.3937
1485000 499.677 -12112.3 -50.7078
1486000 502.958 -12128.8 68.5967
1487000 501.282 -12061.2 -58.2477
1488000 502.095 -12088.5 -13.8747
1489000 497.885 -12024.5 -192.162
1490000 500.362 -12058.2 24.4813
1491000 500.85 -12138 103.101
1492000 500.593 -12108.4 -39.0918
1493000 501.88 -12172.2 28.9188
1494000 499.055 -12105.7 -49.0126
1495000 498.261 -12213 124.855
1496000 497.197 -12291.7 10.5217
1497000 495.697 -12234 -6.52486
1498000 501.269 -12143.9 -25.4331
1499000 499.192 -12265.6 12.4141
1500000 500.938 -12257.8 107.247
1501000 501.245 -12176.4 -27.708
1502000 498.632 -12172.4 29.6576
1503000 498.88 -12136.8 -88.1848
1504000 500.706 -12092.3 48.7626
1505000 499.28 -12102.5 -49.2702
1506000 499.125 -12194.2 84.1925
1507000 498.236 -12160.1 -47.7341
1508000 501.694 -12155.5 36.0473
1509000 495.923 -12219.6 31.6099
1510000 499.584 -12118.4 -32.7082
1511000 498.439 -12064.8 -92.9077
1512000 499.797 -12128.8 -0.108772
1513000 502.085 -12211.7 135.496
1514000 499.91 -12164.4 -72.8606
1515000 500.362 -12181.6 -44.0157
1516000 502.076 -12298.7 164.232
1517000 498.12 -12219.4 7.98439
1518000 495.441 -12141.9 -60.7807
1519000 497.924 -12337.1 42.2869
1520000 501.149 -12255.9 11.1024
1521000 501.108 -12231.1 43.2609
1522000 499.553 -12153.8 -66.3815
1523000 499.749 -12219.9 20.042
1524000 501.34 -12184.2 -27.7688
1525000 502.786 -12150.6 83.3899
1526000 502.879 -11991.4 -208.165
1527000 502.509 -12123.5 50.0925
1528000 501.553 -12176.4 62.4079
1529000 499.548 -12135.2 -31.5491
1530000 498.672 -12133 -24.3225
1531000 500.916 -12225.6 83.9193
1532000 500.003 -12115.3 -2.37361
1533000 497.98 -12075.2 -55.0793
1534000 500.181 -12151.9 5.54783
1535000 496.211 -12258.9 119.012
1536000 499.172 -12069.9 -39.9227
1537000 499.966 -12140.8 -31.9885
1538000 500.84 -12135 24.2927
1539000 501.57 -12057.4 -97.617
1540000 501.882 -12208.1 168.617
1541000 500.417 -12211.4 -37.6374
1542000 502.15 -12093.3 -99.7862
1543000 498.251 -12189.2 36.2295
1544000 499.473 -12189.8 109.406
1545000 499.392 -12108.7 -88.6775
1546000 500.186 -12061.2 -52.6618
1547000 500.772 -12111.1 18.3453
1548000 500.395 -12202.8 -35.0145
1549000 500.375 -12179 14.8104
1550000 500.347 -12237 117.187
1551000 498.065 -12148 -116.445
1552000 498.706 -12067.6 -48.0199
1553000 497.607 -12113.5 56.3765
1554000 499.295 -12076.2 -45.2195
1555000 501.451 -12084.5 0.972969
1556000 500.925 -12090.7 20.9495
1557000 498.531 -12106.3 -60.4245
1558000 498.874 -12258.8 128.697
1559000 498.513 -12212.5 49.6574
1560000 500.153 -12162.5 58.3447
1561000 501.336 -12048.3 3.30089
1562000 500.411 -12016.9 -83.8926
1563000 501.195 -12176.5 64.8426
1564000 499.739 -12179.3 33.9537
1565000 500.465 -12085.6 -29.0856
1566000 498.804 -12158.1 7.20205
1567000 502.844 -12130.1 35.5536
1568000 499.182 -12130.5 -107.541
1569000 497.385 -12261.1 138.374
1570000 499.291 -12070.3 -49.0158
1571000 501.427 -12060 -42.564
1572000 498.905 -12191.7 31.2316
1573000 501.193 -12237.7 135.32
1574000 499.674 -12090.7 -8.45356
1575000 499.037 -12061.9 -19.5031
1576000 498.18 -12176.8 -49.0499
1577000 499.624 -12139.9 64.713
1578000 501.039 -12118.9 30.9674
1579000 502.469 -11994.1 -73.076
1580000 500.674 -12101.8 -7.5121
1581000 496.284 -12302.6 98.3927
1582000 500.441 -12134 48.985
1583000 501.352 -12129.1 -37.2952
1584000 500.147 -12144.4 4.4351
1585000 498.098 -12108.1 -6.03475
1586000 498.547 -12148.1 93.5171
1587000 496.374 -12238.4 27.809
1588000 499.3 -12147 -22.6534
1589000 499.897 -12102.3 -35.5412
1590000 500.305 -12273.1 -18.8163
1591000 501.56 -12312.9 162.379
1592000 501.127 -12161.7 11.2137
1593000 497.12 -12214.3 -30.8115
1594000 499.905 -12187.3 11.7679
1595000 496.715 -12245.8 -4.0595
1596000 502.401 -12157.8 -49.2733
1597000 502.849 -12218.3 107.977
1598000 500.113 -11985 -46.8846
1599000 500.007 -12086.1 -51.98
1600000 499.655 -12225.6 23.9994
1601000 500.144 -12231.7 19.5222
1602000 498.568 -12240.6 -7.05974
1603000 498.744 -12095.5 -91.5007
1604000 502.272 -12106.6 27.5905
1605000 501.091 -12209.2 20.6951
1606000 499.691 -12199.3 -31.8071
1607000 500.152 -12219.5 69.5098
1608000 500.603 -12147.6 -40.6792
1609000 499.248 -12218.4 -72.5838
1610000 498.894 -12332.7 140.329
1611000 501.12 -12190.7 -22.0977
1612000 500.621 -12212.7 -50.6569
1613000 499.193 -12200.6 31.9238
1614000 498.964 -12144.9 3.16859
1615000 499.279 -12173.5 -34.008
1616000 502.43 -12213.5 67.8607
1617000 499.279 -12244.2 -18.4193
1618000 501.582 -12175.3 39.3231
1619000 501.063 -12062.1 -43.6753
1620000 500.899 -12057 -51.5691
1621000 501.239 -12170.6 130.805
1622000 496.939 -12040 -94.2031
1623000 498.311 -12149.9 108.653
1624000 499.542 -12064.4 -104.138
1625000 500.835 -12120.8 0.522978
1626000 498.72 -12129.9 8.55556
1627000 502.353 -12144 -13.4115
1628000 498.968 -12295.2 56.7656
1629000 502.621 -12309.8 125.956
1630000 501.637 -12118.4 81.2366
1631000 503.147 -11969.3 -90.2053
1632000 501.099 -12165.1 60.0881
1633000 498.303 -12176.5 -36.0915
1634000 498.16 -12202.3 -6.05518
1635000 501.298 -12225.1 92.6047
1636000 500.29 -12044.2 -83.958
1637000 499.243 -12167.8 13.7958
1638000 501.843 -12138.1 -31.0091
1639000 498.681 -12227 -42.9065
1640000 499.549 -12315.2 127.233
1641000 499.316 -12108.1 -124.535
1642000 502.375 -11956.1 -26.551
1643000 499.841 -12043.4 -107.467
1644000 500.517 -12179.5 124.373
1645000 499.595 -12118.7 -17.034
1646000 498.229 -12200.1 0.973523
1647000 500.152 -12231.1 0.431447
1648000 499.094 -12116.6 -45.1627
1649000 499.649 -12213.6 57.6563
1650000 498.031 -12206.8 81.4239
1651000 499.677 -12037 -39.0145
1652000 495.568 -12223.4 -102
1653000 501.852 -12125.1 89.0197
1654000 498.326 -12128.3 -43.9956
1655000 498.864 -12208.9 24.2274
1656000 499.23 -12133.3 -8.00045
1657000 503.949 -12157.6 -34.7599
1658000 500.323 -12192.1 70.5062
1659000 498.878 -12105.2 -75.0641
1660000 505.187 -11980.3 -11.0127
1661000 498.192 -12078.3 -57.8717
1662000 498.562 -12201.3 134.779
1663000 502.598 -12035.4 -36.4856
1664000 503.404 -12053.3 -107.984
1665000 500.86 -12182.5 25.6258
1666000 500.683 -12176.7 122.14
1667000 499.178 -12111.4 -8.23057
1668000 501.932 -12099.2 -99.2599
1669000 497.237 -12236.5 71.2934
1670000 498.647 -12241.3 18.1811
1671000 500.381 -12123.2 -48.8583
1672000 501.216 -12166.5 43.9166
1673000 499.688 -12135.8 38.284
1674000 499.97 -12088.7 -64.103
1675000 498.78 -12207.5 -8.39851
1676000 501.399 -12152.1 105.685
1677000 500 -12002.6 -192.265
1678000 500.947 -12066.1 26.0046
1679000 501.426 -12164.2 40.8151
1680000 497.977 -12087.5 -118.392
1681000 500.143 -12194.2 41.8133
1682000 499.588 -12170.3 132.551
1683000 498.72 -12030.8 -137.72
1684000 501.061 -12128.4 29.1763
1685000 502.587 -12212.8 96.3109
1686000 498.093 -12157.4 -92.9213
1687000 501.265 -12156.4 110.107
1688000 501.106 -12032.6 -69.0294
1689000 500.111 -12114.8 40.2971
1690000 498.354 -12075.2 -209.224
1691000 501.744 -12145.9 -1.35059
1692000 501.378 -12249.8 60.4626
1693000 496.669 -12201.2 -61.6438
1694000 501.214 -12131.8 29.839
1695000 499.695 -12270.9 60.169
1696000 500.527 -12244.1 44.0209
1697000 503.28 -12029.4 33.0416
1698000 499.843 -12016.7 -107.586
1699000 499.693 -12126.7 23.2374
1700000 503.357 -12069.5 -30.278
1701000 501.777 -12134.6 4.66389
1702000 496.857 -12242.5 110.803
1703000 499.926 -12106.1 -119.993
1704000 497.972 -12116.7 58.5412
1705000 500.231 -12041.9 -146.822
1706000 498.621 -12105.2 -28.7698
1707000 502.215 -12155.8 107.485
1708000 500.107 -12157.8 65.2734
1709000 499.821 -12117.3 -81.1243
1710000 502.676 -12121.8 135.693
1711000 499.244 -12185 -96.0307
1712000 502.273 -12145.6 -25.5553
1713000 501.343 -12276.8 239.499
1714000 502.481 -12100.5 -59.7549
1715000 503.712 -12099.3 -1.88669
1716000 500.14 -12114.6 14.1584
1717000 501.824 -12076.5 -25.0828
1718000 495.64 -12217.1 -15.4351
1719000 500.674 -12264 63.4586
1720000 498.991 -12155.8 -56.5689
1721000 500.015 -12145.9 37.2142
1722000 500.57 -12048.8 -76.9147
1723000 497.98 -12210.1 31.5968
1724000 500.503 -12120.8 -97.7334
1725000 498.058 -12231.5 122.624
1726000 499.153 -12235.9 -54.5816
1727000 499.826 -12261.7 53.4559
1728000 501.181 -12155.8 -17.1831
1729000 499.767 -12050.7 -37.0578
1730000 500.538 -12024.4 -120.601
1731000 498.933 -12171.6 165.819
1732000 501.165 -12035.6 -54.5462
1733000 499.656 -12076.8 -77.6219
1734000 501.045 -12171.6 46.4876
1735000 501.32 -12180 65.1633
1736000 500.629 -12090 -35.807
1737000 500.558 -12151.7 79.3843
1738000 498.953 -12075.8 -120.335
1739000 502.943 -12145.7 144.872
1740000 500.282 -12178.3 23.3959
1741000 501.362 -12017.3 -125.422
1742000 497.588 -12171.9 -19.1433
1743000 499.299 -12147.2 106.705
1744000 500.21 -12067.6 -116.332
1745000 500.079 -12083.6 36.9843
1746000 499.424 -12169.3 -72.3959
1747000 497.02 -12184.6 62.0067
1748000 500.89 -12091.3 -17.792
1749000 498.564 -12162.1 -63.7611
1750000 499.407 -12245.6 180.561
1751000 501.006 -12187.1 -67.4746
1752000 500.008 -12003.5 -125.461
1753000 497.754 -12184 121.42
1754000 498.388 -12236 58.7173
1755000 499.092 -12110.5 -159.779
1756000 503.155 -12175.3 111.868
1757000 501.961 -12088 32.7885
1758000 501.527 -11971.6 -64.7785
1759000 500.796 -12011.6 -39.4352
1760000 499.446 -12118.3 -16.8918
1761000 500.592 -12143.1 -16.092
1762000 500.418 -12184.9 97.2345
1763000 499.909 -12116.1 -150.45
1764000 499.053 -12225.3 71.4175
1765000 498.08 -12353.6 73.8496
1766000 499.251 -12166.2 -22.6337
1767000 500.95 -12065.6 -14.5133
1768000 500.797 -12067.8 -58.0979
1769000 499.327 -12183 32.0275
1770000 499.778 -12248.3 -46.9396
1771000 498.359 -12231 71.7804
1772000 496.886 -12144.4 -114.342
1773000 501.045 -12116.6 72.4316
1774000 503.466 -12153.8 75.1919
1775000 501.913 -12030.9 -147.226
1776000 500.062 -12213.4 77.8697
1777000 499.692 -12227.1 78.6618
1778000 499.237 -12141.8 -108.575
1779000 500.178 -12167.9 74.4549
1780000 497.942 -12124.9 -17.4246
1781000 498.483 -12204.3 -9.68927
1782000 500.268 -12240.8 80.1102
1783000 499.836 -12129.9 2.93195
1784000 496.764 -12127.5 16.6276
1785000 499.268 -12147.3 -5.06614
1786000 496.497 -12210.3 45.952
1787000 499.062 -12082.2 -75.4217
1788000 501.009 -12152.4 -31.5728
1789000 496.425 -12329.1 97.3375
1790000 499.146 -12269.6 -10.1691
1791000 496.984 -12216.7 78.9534
1792000 499.64 -12094.7 -35.428
1793000 500.243 -12160 41.5886
1794000 500.994 -11963.1 -113.145
1795000 500.175 -12143.2 59.985
1796000 501.529 -12121.7 -31.9087
1797000 503.312 -12220.2 116.063
1798000 500.661 -12122.1 -58.4432
1799000 498.576 -12147.7 -43.7532
1800000 502.931 -12133 93.9434
1801000 501.786 -12077.7 -73.4895
1802000 500.661 -12083.2 24.1552
1803000 499.166 -12208.6 17.844
1804000 499.927 -12206 16.0757
1805000 499.569 -12215.3 -94.5729
1806000 500.385 -12217.2 25.9437
1807000 499.303 -12118.4 -77.1963
1808000 498.59 -12251.6 68.825
1809000 502.061 -12152.9 46.1362
1810000 501.503 -12081.3 4.81562
1811000 498.619 -12119.2 -80.8571
1812000 501.222 -12193.9 63.9687
1813000 498.949 -12185.1 -7.68021
1814000 502.838 -12042 -72.8662
1815000 499.11 -12020.9 -86.1292
1816000 498.987 -12188.5 51.551
1817000 499.824 -12168.1 39.0389
1818000 497.809 -12169.2 -35.6896
1819000 501.978 -12191 100.937
1820000 497.296 -12281.9 -92.5638
1821000 498.372 -12214.7 35.3071
1822000 500.771 -12198.4 -42.308
1823000 500.199 -12172.2 -3.8584
1824000 499.065 -12201.2 92.0168
1825000 502.478 -12166.6 32.9715
1826000 501.191 -12061 -109.583
1827000 500.629 -12221.3 58.4643
1828000 497.248 -12254.2 46.2065
1829000 498.083 -12168.6 -50.5922
1830000 502.453 -12161.4 38.6698
1831000 503.994 -12109.8 48.4283
1832000 499.136 -12062.6 -28.1426
1833000 501.857 -11981.1 -66.4746
1834000 501.639 -12138.2 17.354
1835000 500.759 -12197.6 -13.7752
1836000 499.799 -12245.1 42.7662
1837000 499.142 -12166.8 6.10038
1838000 497.829 -12043.7 -163.261
1839000 502.419 -12057.8 89.8643
1840000 502.611 -12146.7 105.265
1841000 499.424 -12072 -68.8859
1842000 500.049 -12030.2 23.7978
1843000 499.963 -12014.2 -48.7436
1844000 503.219 -12013.3 8.91422
1845000 500.374 -11987.8 -48.26
1846000 500.954 -12120.9 57.3987
1847000 500.481 -12121.9 20.9184
1848000 500.295 -12115.2 -6.8155
1849000 500.219 -12208.5 51.4473
1850000 498.836 -12129 -56.7683
1851000 498.418 -12112.7 -34.0357
1852000 496.303 -12259.2 80.4349
1853000 498.927 -12207.2 11.9799
1854000 499.886 -12180.3 41.5472
1855000 499.573 -12192.6 17.3428
1856000 500.697 -12160.1 32.0491
1857000 499.752 -12156 -75.5282
1858000 502.785 -12065.3 6.00389
1859000 500.852 -12021.4 -85.7394
1860000 503.767 -12142.4 1.51629
1861000 498.463 -12315.3 100.513
1862000 499.05 -12164.9 -93.6044
1863000 502.033 -12134.5 7.26679
1864000 499.7 -12174.7 -25.2951
1865000 502.185 -12149.8 11.5499
1866000 498.284 -12258.6 8.02392
1867000 501.683 -12189.9 -5.36142
1868000 503.811 -12018.8 -149.965
1869000 499.979 -12139.5 50.6638
1870000 502.045 -12034.4 -36.9476
1871000 498.238 -12218.7 125.825
1872000 499.261 -12088.1 -74.4375
1873000 500.589 -12158.2 -15.3459
1874000 498.641 -12202.7 -10.0949
1875000 500.936 -12161.1 -38.2462
1876000 499.431 -12279.4 58.7048
1877000 502.815 -12114.9 -21.6043
1878000 501.59 -11964 -94.081
1879000 502.566 -12000.5 -68.5992
1880000 500.299 -12206.8 -10.1101
1881000 501.042 -12179.3 34.0866
1882000 499.078 -12207.4 -10.3673
1883000 496.722 -12170.8 -31.6001
1884000 499.428 -12176.6 -14.1555
1885000 500.426 -12166 122.734
1886000 502.467 -11972.1 -44.9073
1887000 499.185 -12086.4 -138.549
1888000 499.518 -12148 63.7266
1889000 501.625 -12084.6 -15.3172
1890000 500.977 -12019.6 -94.5511
1891000 500.783 -12085.6 94.0242
1892000 499.957 -12195.4 -19.1461
1893000 500.969 -12186.2 39.4284
1894000 499.217 -12148.6 8.09989
1895000 499.719 -12120.9 -89.0027
1896000 498.713 -12176.6 13.2236
1897000 497.161 -12266.4 116.773
1898000 499.79 -12121.6 -33.5578
1899000 499.31 -12036 -108.224
1900000 498.745 -12171 36.1472
1901000 500.205 -12189.5 25.2161
1902000 499.747 -12172.5 59.1574
1903000 500.59 -12075.4 -104.023
1904000 501.193 -11990.2 29.2018
1905000 498.797 -11928.4 -154.831
1906000 500.461 -12104.9 85.629
1907000 499.367 -12087.6 -76.9412
1908000 500.116 -12191.1 -68.7491
1909000 499.082 -12216.4 54.4407
1910000 501.862 -12068.9 -53.0081
1911000 498.97 -12126.3 11.3283
1912000 501.694 -12185.2 102.473
1913000 501.09 -11998.8 -170.289
1914000 498.368 -12230.9 124.776
1915000 500.814 -12063.9 -73.2413
1916000 502.188 -12090.5 103.099
1917000 500.379 -12062.2 -101.952
1918000 499.157 -11884.1 -243.827
1919000 500.333 -12036.6 59.0617
1920000 501.327 -12130.7 -32.712
1921000 497.908 -12190 44.4736
1922000 501.248 -12068.6 -62.3797
1923000 498.146 -12199.2 85.6186
1924000 498.981 -12177.8 -84.5683
1925000 500.025 -12164.9 -38.4141
1926000 499.278 -12245.9 103.702
1927000 496.518 -12360.1 75.0295
1928000 500.589 -12313.2 115.012
1929000 500.718 -12089.8 -82.6948
1930000 501.582 -12138.6 -23.016
1931000 502.149 -12150.4 23.8418
1932000 499.927 -12202 100.944
1933000 499.896 -12105.4 -2.25319
1934000 500.174 -12044.5 -5.94628
1935000 501.29 -12022.9 -20.3574
1936000 499.534 -12080.6 2.84182
1937000 500.203 -12216 175.845
1938000 499.975 -12066.5 -56.5472
1939000 501.285 -12072.1 -39.7705
1940000 500.672 -12171.9 60.0234
1941000 500.307 -12298.5 139.596
1942000 496.995 -12199.6 -152.966
1943000 502.54 -12139.5 90.0194
1944000 497.961 -12051.4 -106.44
1945000 502.785 -12118.1 84.4078
1946000 499.725 -12109.2 -65.3674
1947000 498.386 -12100.5 7.36338
1948000 498.644 -12211.7 52.665
1949000 502.385 -12155.2 -49.4125
1950000 503.075 -12164 14.7123
1951000 498.664 -12269.1 71.9518
1952000 498.219 -12122.6 -106.831
1953000 500.248 -12172.1 65.9421
1954000 501.1 -12177.9 -24.1478
1955000 499.677 -12158.2 48.9688
1956000 500.551 -12065.7 -36.7691
1957000 504.69 -11972.2 -112.325
1958000 502.818 -12089.3 110.215
1959000 501.954 -12019.4 -25.29
1960000 500.872 -12035.9 -26.8381
1961000 500.901 -12143 -6.59567
1962000 499.581 -12180.6 94.8695
1963000 502.006 -12152.5 10.253
1964000 498.741 -12201.4 -86.1991
1965000 501.385 -12098.5 63.6949
1966000 497.547 -12171.9 28.3281
1967000 499.097 -12125.9 -94.1243
1968000 499.803 -12203.2 78.9979
1969000 503.258 -12015 -27.4283
1970000 497.133 -12076.2 71.264
1971000 498.589 -11944.8 -71.0278
1972000 500.275 -12023.7 -147.571
1973000 500.457 -12131.9 -1.542
1974000 498.605 -12181.4 -6.5171
1975000 499.309 -12171.4 21.7387
1976000 502.828 -12159.3 74.5891
1977000 497.218 -12198 -3.59447
1978000 501.121 -12162.6 -35.6691
1979000 499.54 -12210.8 37.1851
1980000 498.476 -12070.2 -117.476
1981000 503.051 -11916 -155.086
1982000 500.58 -12160.1 46.3746
1983000 501.335 -12189.9 100.99
1984000 502.793 -12040.6 -96.2424
1985000 499.14 -12114.7 -25.3838
1986000 497.768 -12143.4 127.543
1987000 499.702 -12037.1 -109.574
1988000 498.92 -12158.8 28.9762
1989000 501.881 -12195.7 59.3657
1990000 500.08 -12173.4 -38.0174
1991000 501.438 -12050.3 12.2805
1992000 499.004 -12120.1 -36.8934
1993000 497.885 -12204.7 98.8791
1994000 503.374 -12125.5 -23.8331
1995000 501.743 -12183.2 15.1414
1996000 500.738 -12108.3 -26.3363
1997000 499.489 -12084.2 -54.4881
1998000 500.406 -12235.7 180.434
1999000 500.501 -12079.5 -82.476
2000000 500.205 -12210.4 32.4235
