# Time-averaged data for fix 3
# TimeStep v_Temperature v_PotentialEnergy v_Pressure
2000 339.54 -15473.9 -161.877
3000 400.872 -14192.5 -245.769
4000 399.825 -14317.7 16.2402
5000 400.155 -14308.8 17.4649
6000 399.222 -14242.9 19.572
7000 400.505 -14228.1 -105.761
8000 400.176 -14345.8 117.758
9000 399.488 -14347.1 -89.1201
10000 400.564 -14340.7 -26.6366
11000 401.702 -14305.1 33.113
12000 401.998 -14270.9 1.24401
13000 400.822 -14383.2 120.372
14000 401.596 -14321.1 -98.2827
15000 401.037 -14359.9 41.9488
16000 401.554 -14376.2 -105.551
17000 399.296 -14340.7 61.1238
18000 400.877 -14332.4 -3.0827
19000 400.558 -14309.9 -54.8582
20000 397.669 -14379.8 27.6423
21000 400.14 -14269.6 -55.7333
22000 400.599 -14353.6 115.58
23000 401.832 -14297 -127.155
24000 397.982 -14419.5 47.2906
25000 400.434 -14356.9 39.999
26000 400.272 -14373.9 -53.6917
27000 401.356 -14367.1 21.1427
28000 402.246 -14320 -24.5525
29000 397.186 -14313.8 -26.8811
30000 399.793 -14336.9 116.171
31000 398.306 -14289.7 -74.1264
32000 399.543 -14361.2 13.8815
33000 400.141 -14365.8 4.68039
34000 396.926 -14372.7 -80.6382
35000 400.567 -14272.6 89.1424
36000 399.774 -14272.3 4.07955
37000 400.129 -14339.6 -118.536
38000 400.945 -14364.9 71.6688
39000 401.48 -14359.6 40.7497
40000 400.733 -14342.2 22.6071
41000 400.716 -14259.4 -53.199
42000 399.076 -14324.3 61.3276
43000 399.645 -14310 -2.65209
44000 398.62 -14317.8 -50.6242
45000 400.896 -14404 34.1554
46000 401.572 -14378.2 -44.3475
47000 400.534 -14364.5 109.462
48000 397.987 -14335.7 -42.0204
49000 399.678 -14382.7 -3.83228
50000 399.786 -14356.1 18.3462
51000 398.964 -14260.3 -2.49218
52000 399.754 -14367.8 -21.2085
53000 396.086 -14455.5 95.8969
54000 400.63 -14246.6 -163.333
55000 398.461 -14381.1 105.708
56000 401.17 -14228.1 -56.9582
57000 399.844 -14274.6 89.2777
58000 398.888 -14332.4 -74.5585
59000 399.413 -14310.2 -127.966
60000 399.139 -14426 139.032
61000 400.853 -14340.4 -17.3912
62000 399.565 -14371.9 -42.2715
63000 399.344 -14349.2 22.4893
64000 402.152 -14236.4 -77.7793
65000 399.676 -14381.7 9.98875
66000 400.775 -14301.1 75.4428
67000 401.346 -14327.1 -38.6956
68000 401.667 -14302.6 51.9738
69000 402.005 -14293.1 -82.4154
70000 399.75 -14383.8 44.7438
71000 399.703 -14356.7 67.9089
72000 399.172 -14356 -16.0164
73000 398.919 -14353.4 -67.7696
74000 401.368 -14325.1 27.0033
75000 399.718 -14344.2 39.043
76000 398.292 -14410.8 55.8001
77000 400.88 -14278.9 -46.232
78000 400.484 -14328.4 0.71299
79000 401.812 -14299 3.31507
80000 399.826 -14387.9 97.4505
81000 400.127 -14333.6 -141.184
82000 402.558 -14359.1 47.3154
83000 401.089 -14354.7 -14.0499
84000 398.905 -14376.2 -15.088
85000 401.201 -14373.6 57.6052
86000 399.339 -14426.9 -82.8563
87000 398.906 -14399.6 12.0711
88000 403.016 -14283.5 1.59581
89000 401.686 -14320.3 16.6798
90000 397.834 -14315.7 55.1434
91000 397.81 -14287.6 -166.755
92000 402.658 -14326.1 108.668
93000 398.794 -14358.3 -16.8226
94000 398.978 -14432.8 -7.62463
95000 402.417 -14243.3 -108.625
96000 397.697 -14318.2 -19.0638
97000 399.375 -14377.4 149.281
98000 401.353 -14258 -136.061
99000 398.048 -14323.1 60.9479
100000 401.171 -14296.9 -115.296
101000 397.906 -14388.7 19.1929
102000 401.179 -14307.3 25.5616
103000 400.055 -14292 -1.16052
104000 398.411 -14389 -35.9628
105000 399.733 -14302.9 -22.5814
106000 400.39 -14362.5 120.154
107000 400.752 -14336.3 -3.15912
108000 400.75 -14317 -37.4062
109000 400.543 -14316.3 33.3354
110000 400.833 -14268.9 -8.60438
111000 400.04 -14395.1 -15.632
112000 402.346 -14281.1 26.6661
113000 402.229 -14314.3 -64.8085
114000 401.528 -14343.5 52.3427
115000 399.823 -14367.7 -42.245
116000 400.063 -14368.1 -32.4435
117000 397.512 -14409.8 46.1573
118000 400.828 -14330.8 -4.55107
119000 397.814 -14386.9 52.4499
120000 400.411 -14298.7 -62.4121
121000 398.601 -14364.1 93.8981
122000 401.09 -14305.8 -84.5016
123000 402.49 -14320.1 15.8213
124000 400.534 -14339.3 89.2142
125000 399.53 -14390.8 -61.2247
126000 400.833 -14317.3 -70.2811
127000 403.005 -14247.3 -11.1499
128000 400.614 -14357.4 32.6034
129000 402.433 -14230.5 -74.2516
130000 398.047 -14397.5 39.6388
131000 400.793 -14317.2 -35.4305
132000 399.265 -14381.4 64.1253
133000 402.412 -14260.8 5.39727
134000 400.689 -14263.3 -42.3167
135000 402.182 -14243.5 29.1437
136000 400.577 -14338.2 2.14925
137000 396.809 -14438.4 -63.2402
138000 399.817 -14385.5 1.06592
139000 400.888 -14307 60.3726
140000 400.367 -14295.7 -78.4585
141000 400.595 -14378.2 44.8496
142000 399.504 -14315.5 -49.9002
143000 398.638 -14299.3 20.3605
144000 399.221 -14358 -64.2553
145000 400.092 -14401 121.702
146000 402.048 -14362.3 22.9622
147000 400.651 -14315.7 -39.421
148000 400.182 -14304.6 -42.7696
149000 398.471 -14332.7 49.2184
150000 397.636 -14312.3 -12.0326
151000 399.149 -14339 55.0664
152000 398.945 -14335.4 -31.6593
153000 401.498 -14335.2 -56.9987
154000 400.054 -14309.6 72.9109
155000 399.306 -14379.8 -8.65659
156000 399.62 -14336.4 -42.1569
157000 401.419 -14326.4 -28.5067
158000 400.032 -14292 26.6131
159000 401.761 -14386.8 72.9564
160000 401.743 -14269.1 -138.163
161000 402.39 -14323.4 54.4705
162000 399.052 -14337.7 50.9886
163000 401.169 -14343.5 10.3154
164000 398.834 -14344.3 -95.5551
165000 401.071 -14381.3 85.3399
166000 400.78 -14353.5 -23.7952
167000 401.88 -14283.6 -115.789
168000 398.542 -14384.1 43.9846
169000 399.415 -14341.6 -49.922
170000 403.156 -14307.7 99.7576
171000 400.456 -14292.8 -151.147
172000 401.602 -14309.9 23.1543
173000 399.421 -14384.6 112.801
174000 398.489 -14336.5 -67.7458
175000 399.972 -14304.7 -21.7194
176000 400.035 -14354.8 100.087
177000 401.317 -14248.8 -97.1462
178000 398.128 -14392.7 7.75569
179000 399.835 -14344.5 61.3939
180000 399.362 -14296.3 -52.9035
181000 401.642 -14364.2 24.9706
182000 397.706 -14380.9 -17.9894
183000 401.748 -14318.4 79.4957
184000 399.365 -14339 -84.266
185000 401.574 -14353.6 -25.7416
186000 399.716 -14365.1 119.997
187000 400.312 -14330.7 -79.4216
188000 397.377 -14391.4 94.3998
189000 400.385 -14394.4 -22.1536
190000 399.654 -14358.5 -92.3871
191000 401.369 -14376.1 48.4729
192000 401.551 -14371.6 -47.7352
193000 398.838 -14338.4 8.9803
194000 399.017 -14355.6 108.167
195000 399.766 -14248.8 -110.439
196000 402.177 -14242.6 11.4886
197000 399.592 -14295.6 -28.821
198000 400.733 -14302.8 88.2234
199000 401.027 -14296.6 -117.878
200000 401.084 -14320 72.0262
201000 400.609 -14322.4 -78.0602
202000 401.185 -14308.9 -15.28
203000 398.78 -14318.3 69.3174
204000 403.776 -14293.4 -29.0466
205000 399.326 -14349.1 -39.4065
206000 400.054 -14391.2 71.0018
207000 402.484 -14336.1 -37.7361
208000 398.135 -14422 20.8206
209000 400.092 -14393 12.7685
210000 400.921 -14357.1 -96.2336
211000 399.006 -14363.8 162.037
212000 399.813 -14292.2 -72.8059
213000 401.417 -14320.4 -53.3411
214000 398.898 -14393.5 101.539
215000 401.396 -14325.1 -61.1982
216000 401.642 -14344.9 -55.9138
217000 401.486 -14381.1 63.8903
218000 400.686 -14391.7 99.5915
219000 399.766 -14273.3 -88.471
220000 400.874 -14316.6 52.5226
221000 399.611 -14328.1 -51.4078
222000 398.479 -14428.7 1.04453
223000 399.103 -14394.1 101.705
224000 401.224 -14281.9 -40.4697
225000 396.673 -14303.3 44.0718
226000 399.426 -14266.6 -76.0227
227000 400.549 -14292.4 55.6094
228000 400.317 -14343.8 -25.1894
229000 399.372 -14336.6 -14.6071
230000 399.894 -14356.7 61.7859
231000 402.259 -14334.5 -66.2283
232000 401.819 -14306.6 3.99564
233000 398.707 -14349.1 28.6904
234000 398.982 -14292.9 -72.2631
235000 401.584 -14309.3 38.4523
236000 399.254 -14368.3 34.4016
237000 400.345 -14348.8 -68.8329
238000 398.558 -14324.1 72.0157
239000 400.059 -14363.8 -1.3934
240000 401.294 -14326.9 -20.4819
241000 399.824 -14349.6 13.9761
242000 400.574 -14414.8 60.5881
243000 399.196 -14286.5 -14.9198
244000 401.925 -14245.2 44.9033
245000 398.933 -14289.3 -137.967
246000 402.427 -14356.4 83.544
247000 401.472 -14324.6 -3.18606
248000 399.563 -14321 -3.85731
249000 399.623 -14369.8 83.9774
250000 400.839 -14335.9 -111.003
251000 403.201 -14274.2 80.8321
252000 401.162 -14230.5 -93.1886
253000 399.932 -14367.3 43.1063
254000 400.333 -14352.7 88.0826
255000 401.395 -14309.2 -54.3147
256000 400.687 -14333.5 34.7295
257000 398.874 -14352.9 18.3529
258000 400.582 -14319.4 22.4825
259000 400.842 -14230.9 -117.415
260000 400.067 -14316.3 54.8472
261000 397.344 -14330.4 24.2783
262000 399.708 -14346.3 -61.3723
263000 400.605 -14315.8 194.318
264000 402.389 -14253.8 -119.096
265000 398.827 -14338.4 42.0559
266000 401.045 -14293.4 -35.6286
267000 401.493 -14263.5 -20.3985
268000 399.059 -14438.5 149.196
269000 402.803 -14265 -102.507
270000 399.974 -14332.7 -12.8915
271000 400.42 -14347.6 -14.7503
272000 398.168 -14436.1 89.6534
273000 400.064 -14362.3 -99.0082
274000 399.437 -14389.6 25.0107
275000 401.113 -14338.7 -5.74486
276000 399.115 -14298.4 -15.635
277000 398.946 -14314 -5.69806
278000 400.733 -14301.1 11.5838
279000 401.099 -14266.5 96.8196
280000 399.591 -14313.1 -152.301
281000 398.674 -14374.7 156.558
282000 397.385 -14372.6 25.765
283000 402.338 -14258 -73.7469
284000 400.488 -14356.6 71.6309
285000 398.21 -14352.7 21.1162
286000 400.572 -14334.7 -72.7863
287000 399.768 -14358.7 -6.24563
288000 399.673 -14302.8 68.4118
289000 398.929 -14320.1 -76.8564
290000 400.051 -14314.1 -43.6406
291000 400.939 -14300.1 35.7549
292000 399.051 -14332.9 38.8006
293000 400.326 -14312.4 10.7735
294000 401.697 -14309.6 -72.035
295000 399.145 -14328.7 5.41384
296000 399.201 -14305.4 102.243
297000 400.793 -14256.2 -130.549
298000 400.767 -14338.2 31.2381
299000 399.578 -14348 33.9997
300000 397.177 -14411.3 -17.5116
301000 399.792 -14415.8 47.3979
302000 402.535 -14315.7 20.7565
303000 400.68 -14285.5 -106.406
304000 399.569 -14379.7 122.559
305000 398.706 -14337.5 -98.5418
306000 400.322 -14312.2 16.9561
307000 399.908 -14349.7 63.9014
308000 400.729 -14255.4 22.9337
309000 401.188 -14334.2 -2.79399
310000 401.395 -14221.9 -58.8309
311000 398.663 -14325 5.28243
312000 397.486 -14383.8 -33.1878
313000 400.939 -14338.1 53.4767
314000 398.193 -14360.2 -16.6135
315000 400.556 -14322.4 -24.3061
316000 402.298 -14282.3 -41.0156
317000 398.728 -14315 -32.3049
318000 400.604 -14324.2 49.2786
319000 401.078 -14306.2 -55.1815
320000 403.26 -14293.6 49.2227
321000 399.134 -14364.8 -69.1277
322000 401.08 -14343.3 65.2966
323000 399.242 -14379.4 24.4076
324000 398.935 -14347.8 -94.8375
325000 401.699 -14346.9 110.302
326000 398.16 -14335.6 -125.306
327000 400.164 -14327 109.147
328000 400.609 -14289.2 -52.0395
329000 397.905 -14390 69.6918
330000 399.102 -14412.4 -13.0472
331000 399.547 -14373.4 -47.331
332000 400.062 -14314.5 18.278
333000 399.911 -14348.2 17.4005
334000 400.196 -14325.9 -78.1118
335000 401.738 -14305.7 40.1053
336000 399.83 -14279.4 -8.67118
337000 399.604 -14320.9 -39.9521
338000 402.384 -14297.5 15.0932
339000 400.902 -14402.1 73.2053
340000 401.729 -14304.3 -144.432
341000 398.076 -14286.5 36.5
342000 399.763 -14330.1 66.7514
343000 399.56 -14322.1 -62.483
344000 400.83 -14351.2 -55.7794
345000 399.279 -14366.4 98.7502
346000 399.086 -14351.7 -15.2815
347000 400.337 -14302.2 -44.5532
348000 401.076 -14355.3 38.5055
349000 400.039 -14373.7 -62.3529
350000 398.126 -14396.7 8.01831
351000 401.527 -14369.3 106.607
352000 401.649 -14183.9 -89.7066
353000 397.224 -14344.7 0.0930557
354000 401.53 -14255.6 -21.0294
355000 399.37 -14342.9 57.3581
356000 398.308 -14382.6 -49.0007
357000 399.67 -14315.6 84.1168
358000 399.844 -14338.5 -140.193
359000 402.607 -14308 44.1173
360000 398.594 -14413.9 -25.6602
361000 401.696 -14313.4 6.92332
362000 399.572 -14349.3 -24.2561
363000 398.747 -14356 75.0098
364000 402.289 -14293.2 -94.4157
365000 399.626 -14333.2 73.8152
366000 400.068 -14324.3 -5.84659
367000 400.348 -14257.6 -14.568
368000 402.173 -14283.5 -0.249916
369000 401.126 -14297.6 55.6061
370000 400.335 -14260.5 -47.2527
371000 398.399 -14358.1 28.1487
372000 399.008 -14330.7 -70.2472
373000 402.868 -14296.6 60.4969
374000 400.236 -14325.1 -29.014
375000 400.707 -14362.2 46.5368
376000 399.051 -14411.6 16.8701
377000 398.669 -14371.7 -30.1399
378000 399.85 -14376.2 55.3296
379000 397.612 -14393.7 -36.514
380000 397.658 -14339.9 -60.9873
381000 402.382 -14296.9 42.2609
382000 400.055 -14355.7 -21.433
383000 400.667 -14361.3 12.5079
384000 399.435 -14306.2 -17.3027
385000 398.035 -14299.9 -102.086
386000 398.625 -14354.3 26.8847
387000 401.059 -14286.5 12.9604
388000 399.445 -14396.2 87.4721
389000 399.155 -14312.1 -54.0752
390000 399.917 -14351.4 -10.5812
391000 398.552 -14446.4 63.7754
392000 398.822 -14395.3 -28.4238
393000 400.213 -14313.4 -82.8635
394000 399.776 -14350.2 94.1077
395000 399.883 -14318.4 -65.9864
396000 401.705 -14352.4 30.5729
397000 400.12 -14329.6 71.8641
398000 399.951 -14269.7 -141.26
399000 400.151 -14377.3 67.8208
400000 398.149 -14418.6 43.0085
401000 399.478 -14401 41.9544
402000 403.374 -14300.6 -197.059
403000 399.173 -14412.6 201.536
404000 401.212 -14328.3 -82.9358
405000 399.024 -14405.6 59.3436
406000 399.784 -14253.4 -102.088
407000 399.287 -14353.7 168.106
408000 397.872 -14317 8.65983
409000 399.991 -14301.6 -92.3524
410000 400.767 -14317.1 175.061
411000 398.826 -14288.4 -81.5904
412000 398.388 -14359.1 -9.74558
413000 400.987 -14336.4 113.519
414000 400.019 -14295 -143.685
415000 399.152 -14359.7 -11.0017
416000 401.272 -14332.8 73.0161
417000 399.908 -14350.8 4.12947
418000 400.127 -14319.4 -2.95676
419000 398.018 -14426.6 19.5072
420000 401.474 -14360.8 -24.5258
421000 402.246 -14339 32.8621
422000 397.671 -14341.2 -15.0111
423000 398.834 -14273.6 31.4743
424000 401.188 -14252.6 -49.5173
425000 402.592 -14273.5 18.5398
426000 397.311 -14403.5 94.3779
427000 401.138 -14168.2 -169.079
428000 399.472 -14384.3 163.12
429000 400.492 -14319.4 -123.23
430000 399.59 -14344.4 99.8199
431000 400.987 -14249 5.43323
432000 401.783 -14216.6 -42.9672
433000 401.323 -14292.2 23.2384
434000 398.716 -14439.8 77.5944
435000 399.986 -14284.6 -110.858
436000 398.261 -14317.9 -16.2793
437000 398.004 -14326.6 -15.0723
438000 397.906 -14403.2 85.0239
439000 400.163 -14286.2 -37.4647
440000 401.338 -14241.3 -1.99921
441000 401.08 -14344.9 60.7865
442000 397.198 -14377.5 33.5955
443000 400.201 -14271 -96.2485
444000 400.386 -14347.2 119.636
445000 402.066 -14241 -87.3319
446000 400.049 -14354.9 68.5323
447000 399.107 -14292.9 -13.6386
448000 399.357 -14339.5 54.4216
449000 399.551 -14279.1 -34.2364
450000 399.086 -14353.9 6.67906
451000 398.288 -14369 -23.0642
452000 398.301 -14331.6 93.2123
453000 399.742 -14251.7 -134.804
454000 401.565 -14363.6 52.2928
455000 400.121 -14377.7 188.024
456000 399.925 -14292.4 -71.9845
457000 398.572 -14353.5 42.6361
458000 398.805 -14336.9 -59.9711
459000 402.197 -14319.6 7.33415
460000 402.241 -14224.3 -21.8618
461000 399.129 -14397.9 95.0685
462000 400.575 -14242.8 -105.626
463000 400.464 -14338.3 26.9955
464000 399.676 -14275.6 -12.5641
465000 402.349 -14311.1 5.97719
466000 399.968 -14362.9 102.83
467000 397.729 -14365.9 -131.263
468000 401.433 -14321.5 46.7223
469000 398.876 -14349.3 -52.7546
470000 399.366 -14372.4 36.5036
471000 398.684 -14319.2 -38.2567
472000 401.906 -14305.6 51.9028
473000 398.874 -14339.7 -107.725
474000 400.1 -14345.1 106.709
475000 399.54 -14365.1 -38.3032
476000 398.361 -14371.6 48.1489
477000 401.285 -14299 -52.9835
478000 400.205 -14368.6 -62.9369
479000 400.357 -14347.4 127.251
480000 398.583 -14374 30.1312
481000 399.837 -14295.2 -0.0370317
482000 400.707 -14348.5 -100.983
483000 397.135 -14469.9 47.2648
484000 399.503 -14357.9 38.2619
485000 400.086 -14257.9 5.30064
486000 399.782 -14315.7 -58.7848
487000 400.393 -14313 -47.2748
488000 401.474 -14314.7 59.125
489000 401.877 -14301.3 -24.7832
490000 399.025 -14260.2 4.29592
491000 402.139 -14400.5 62.3902
492000 400.056 -14230.8 -65.3946
493000 399.435 -14285.6 -61.7151
494000 398.377 -14370 163.619
495000 399.374 -14297.6 -43.4737
496000 399.113 -14362.9 82.2803
497000 399.5 -14360 -33.1632
498000 401.733 -14301.6 -8.34169
499000 398.834 -14286.7 -34.6312
500000 400.94 -14350.6 -8.02366
501000 396.879 -14433.1 59.6914
502000 401.054 -14326.5 -32.6231
503000 402.028 -14366.5 -48.9066
504000 399.987 -14321.1 46.2293
505000 403.274 -14288.2 -16.4323
506000 398.144 -14336.2 -16.092
507000 403.219 -14271.9 -16.1311
508000 400.932 -14296.4 71.5319
509000 400.471 -14270.5 -11.4116
510000 402.849 -14323.5 20.7248
511000 400.052 -14363.5 13.3581
512000 402.311 -14288.6 -67.9482
513000 402.223 -14279.6 98.3642
514000 401.076 -14313.6 -148.386
515000 399.94 -14406.2 131.68
516000 401.296 -14316.7 -33.6861
517000 399.36 -14335.4 60.3337
518000 401.887 -14297.9 -20.0465
519000 400.202 -14253.4 -124.096
520000 400.799 -14304.7 66.7194
521000 399.744 -14298.5 31.9255
522000 399.273 -14361.9 44.7411
523000 399.461 -14339.7 -74.6093
524000 399.51 -14315.2 6.71408
525000 400.226 -14411.6 -54.8897
526000 399.834 -14379.9 -13.3679
527000 400.27 -14234.1 -181.984
528000 401.149 -14356.8 118.475
529000 399.319 -14339.4 68.1394
530000 397.548 -14321.6 -166.97
531000 399.908 -14351.1 25.1085
532000 401.173 -14325.2 -25.559
533000 400.169 -14231.7 -48.9544
534000 400.141 -14339.1 121.279
535000 399.213 -14316.1 -81.3828
536000 401.683 -14304.8 -54.2755
537000 399.409 -14364.8 119.887
538000 398.303 -14287.8 -117.64
539000 401.039 -14344.7 66.9395
540000 402.08 -14377 -37.1893
541000 399.217 -14389.5 94.2511
542000 400.414 -14354.6 -29.5955
543000 399.744 -14349.1 -39.0636
544000 402.817 -14263.9 -2.21068
545000 401.599 -14360 38.8254
546000 400.558 -14314.8 -31.0189
547000 399.025 -14331.3 69.7771
548000 400.945 -14311.5 -83.0273
549000 400.178 -14352.4 12.1391
550000 399.347 -14343.9 34.184
551000 399.845 -14362.5 -30.76
552000 399.309 -14364.7 -55.144
553000 400.545 -14310.4 -30.786
554000 401.705 -14278.3 -3.15333
555000 399.288 -14365.9 27.8321
556000 400.974 -14364.3 103.942
557000 400.329 -14253.2 -142.223
558000 399.486 -14301.5 36.63
559000 399.372 -14348.7 42.9762
560000 399.615 -14316.1 -41.3771
561000 398.002 -14375.3 51.8401
562000 398.919 -14312.6 -24.6212
563000 398.63 -14345.5 -19.6418
564000 401.013 -14250.8 -111.891
565000 398.469 -14366.7 59.5997
566000 401.553 -14327.2 30.5358
567000 400.07 -14323.3 -23.5006
568000 399.359 -14389.6 54.6861
569000 400.261 -14354.6 -104.796
570000 399.923 -14327.1 107.338
571000 397.636 -14261 -121.796
572000 399.043 -14418.6 172.001
573000 399.705 -14263.4 -157.521
574000 397.889 -14394.7 20.6104
575000 401.724 -14308.4 54.7252
576000 401.73 -14300.4 0.00527768
577000 399.97 -14331.9 39.8073
578000 400.376 -14280.3 -71.9303
579000 402.018 -14384.3 192.217
580000 399.128 -14308 -93.3317
581000 400.748 -14266.9 -68.6791
582000 400.944 -14350.2 87.9436
583000 401.425 -14298.2 -65.7339
584000 398.68 -14338.7 -20.7023
585000 399.329 -14296.2 31.5481
586000 401.174 -14274.8 -93.0265
587000 401.384 -14383.1 136.686
588000 396.972 -14342.2 -100.692
589000 397.457 -14329.8 20.1697
590000 400.173 -14309.8 62.7487
591000 399.099 -14298 -71.9894
592000 401.138 -14276.6 138.893
593000 398.918 -14285.9 2.90888
594000 400.152 -14339.2 -62.1332
595000 399.019 -14330.5 70.0764
596000 399.943 -14279.3 4.43383
597000 398.885 -14350.9 -57.0042
598000 401.475 -14333.2 54.9995
599000 400.328 -14268.8 -26.2401
600000 399.463 -14307 -145.886
601000 399.682 -14368.4 163.54
602000 401.904 -14256.6 -23.1376
603000 402.454 -14319.1 28.9776
604000 399.647 -14379.6 25.8277
605000 401.301 -14319.1 40.3872
606000 401.245 -14308.7 -108.744
607000 399.953 -14395.1 68.1842
608000 401.276 -14291 -116.783
609000 398.142 -14378 162.744
610000 400.49 -14292.9 -99.4
611000 398.765 -14362.8 13.9715
612000 400.811 -14248.5 59.4024
613000 400.869 -14241.5 -21.3692
614000 398.739 -14338.4 23.7863
615000 401.493 -14309.8 19.0574
616000 398.942 -14360 9.3174
617000 398.438 -14360.8 -8.72364
618000 400.361 -14372.7 25.0234
619000 401.23 -14267.3 -106.117
620000 401.333 -14348.1 107.061
621000 398.944 -14338.3 -153.147
622000 399.147 -14317.3 79.7206
623000 401.596 -14346.8 2.28106
624000 399.759 -14329.8 37.1386
625000 398.181 -14384.8 -144.728
626000 399.159 -14413.8 163.515
627000 400.294 -14309.6 -63.0099
628000 402.053 -14295.5 61.7662
629000 401.097 -14313.7 -57.5379
630000 401.031 -14251.4 20.1961
631000 398.696 -14347.8 36.1831
632000 399.651 -14351.1 -52.692
633000 402.545 -14328.6 50.8385
634000 400.553 -14285.9 68.8876
635000 401.723 -14273.6 -174.15
636000 402.201 -14310.3 113.382
637000 400.08 -14285.9 -93.5297
638000 400.831 -14291.8 4.00916
639000 401.215 -14224.2 44.2561
640000 400.007 -14301.7 -85.9922
641000 400.602 -14455 134.552
642000 398.593 -14285.9 -98.686
643000 399.755 -14350.4 -79.4364
644000 398.652 -14349.8 108.447
645000 401.731 -14255.2 -29.8467
646000 402.582 -14350.5 37.3763
647000 398.315 -14335.3 -114.413
648000 400.967 -14367.4 106.024
649000 400.204 -14376.3 -18.3797
650000 400.328 -14333.7 27.2391
651000 399.999 -14295.6 -60.8165
652000 399.271 -14390.1 27.8753
653000 397.469 -14450.8 16.835
654000 400.765 -14349.1 32.1125
655000 399.908 -14356.4 -108.979
656000 403.512 -14339.3 193.461
657000 399.217 -14283.9 -92.1669
658000 398.185 -14366.6 22.4068
659000 400.524 -14313.5 -9.18779
660000 399.924 -14392.4 0.991417
661000 398.853 -14337.5 -116.523
662000 400.263 -14337.4 152.792
663000 401.65 -14322 2.62944
664000 401.121 -14344.4 -14.5487
665000 400.588 -14271.4 46.2809
666000 400.854 -14173.2 -91.9816
667000 398.909 -14321.9 121.764
668000 398.008 -14414.1 40.2641
669000 397.678 -14356.5 -46.2446
670000 403.462 -14246 -107.95
671000 400.583 -14409.4 95.5619
672000 400.362 -14318.8 -18.0559
673000 399.887 -14303.5 23.7675
674000 400.663 -14295.1 -98.5388
675000 399.416 -14327.1 47.9471
676000 400.772 -14315.7 89.7644
677000 400.71 -14309.1 -165.638
678000 399.091 -14348.6 72.0017
679000 400.86 -14401.1 23.7079
680000 400.711 -14352.5 -17.9608
681000 400.362 -14341.2 -1.15652
682000 401.368 -14390.3 -3.49441
683000 398.423 -14342.7 -222.587
684000 396.509 -14464 123.428
685000 399.433 -14340.4 -65.3276
686000 396.838 -14393.1 9.1116
687000 399.272 -14390.6 71.271
688000 399.742 -14329.4 -12.8153
689000 402.248 -14319 22.7963
690000 399.317 -14311 -22.1466
691000 401.687 -14319.9 -25.0052
692000 400.427 -14370 67.1014
693000 397.277 -14379 -39.9947
694000 401.406 -14363.2 -1.98703
695000 399.8 -14372.7 -7.08168
696000 401.555 -14324.1 23.3572
697000 400.673 -14288.6 -7.88238
698000 397.417 -14360.4 -22.9186
699000 399.07 -14358.6 21.6663
700000 399.353 -14337.4 18.4364
701000 399.192 -14285 -55.5848
702000 400.62 -14371.4 46.3913
703000 398.541 -14402.7 62.43
704000 400.348 -14362.6 -38.389
705000 397.46 -14404.3 51.9894
706000 400.648 -14313.8 13.9927
707000 398.016 -14285 29.9146
708000 397.141 -14349.4 -83.371
709000 400.493 -14333.1 37.3842
710000 397.421 -14424.9 -1.95208
711000 401.052 -14335 -41.4537
712000 402.295 -14181.7 -34.6828
713000 400.236 -14353.1 2.60641
714000 398.441 -14323.7 61.246
715000 400.615 -14260.2 -31.807
716000 403.21 -14241.4 -53.2756
717000 399.269 -14327.8 18.4276
718000 398.529 -14363 4.80455
719000 399.708 -14309.3 -64.3147
720000 399.927 -14374.3 102.223
721000 400.942 -14276.6 31.5748
722000 400.184 -14301.5 -30.9183
723000 403.029 -14237.3 20.0179
724000 402.046 -14250.2 0.261005
725000 398.256 -14278.5 -41.8098
726000 401.622 -14367.8 141.483
727000 402.959 -14241.2 -69.2598
728000 400.749 -14291.5 -15.9589
729000 401.335 -14325.6 54.199
730000 399.567 -14357.5 -36.8409
731000 398.052 -14341 -3.73985
732000 400.076 -14335.5 8.37978
733000 401.239 -14340.2 29.8224
734000 398.743 -14273.4 -66.2558
735000 400.21 -14308.2 80.1321
736000 401.064 -14331.5 -60.347
737000 401.143 -14306.3 86.6893
738000 400.668 -14266.8 -56.7225
739000 400.68 -14307.4 64.7193
740000 399.838 -14260.6 -151.195
741000 400.844 -14360.6 90.2374
742000 400.785 -14281.9 33.0039
743000 402.577 -14339.7 -63.6721
744000 400.194 -14364.8 34.8232
745000 400.705 -14309.3 -47.4201
746000 401.479 -14347.9 16.5474
747000 398.884 -14410 -4.5823
748000 399.659 -14380.4 -52.9312
749000 400.385 -14416.7 130.986
750000 399.351 -14370.1 -98.2965
751000 398.678 -14399.9 40.4701
752000 399.92 -14396.4 -12.6454
753000 402.287 -14299.6 -62.7265
754000 399.274 -14338.9 61.9633
755000 398.096 -14413.5 40.3279
756000 399.916 -14356.1 -22.037
757000 397.007 -14401.6 27.815
758000 403.002 -14211.5 -83.5147
759000 398.856 -14322.5 57.9353
760000 402.077 -14295.2 -6.33712
761000 400.951 -14303 -91.8138
762000 399.377 -14374.7 53.751
763000 396.935 -14367.4 -14.9235
764000 400.127 -14354.1 69.5333
765000 400.37 -14250.8 -172.968
766000 400.534 -14279 110.92
767000 399.802 -14361.6 139.442
768000 398.164 -14341.4 -150.912
769000 400.965 -14268.8 13.533
770000 399.648 -14336.9 7.48521
771000 398.573 -14420.7 56.7065
772000 401.031 -14299.4 -47.3308
773000 398.554 -14342.5 68.7991
774000 398.843 -14353 -94.7704
775000 399.132 -14376.5 78.4189
776000 397.624 -14397.5 6.67814
777000 398.727 -14384.3 -60.3574
778000 401.913 -14348.8 61.1359
779000 400.638 -14375.6 -12.6773
780000 399.808 -14325.2 1.24423
781000 399.938 -14343.1 14.6089
782000 400.428 -14309.3 -49.3525
783000 398.848 -14397.4 143.224
784000 399.7 -14388.7 15.6848
785000 399.445 -14291.5 -112.046
786000 398.903 -14342.3 -16.3282
787000 400.29 -14356.1 103.003
788000 396.204 -14433.7 -65.5567
789000 400.193 -14358.6 -39.0502
790000 399.069 -14457.6 94.5944
791000 401.79 -14353.3 -41.7761
792000 400.967 -14324.4 9.10899
793000 400.226 -14311.5 -34.4873
794000 401.813 -14295.2 25.0791
795000 403.042 -14328.2 63.1436
796000 398.3 -14279.8 -36.5993
797000 398.594 -14299.3 -141.309
798000 400.002 -14382.6 33.5301
799000 400.901 -14348.9 -6.05414
800000 399.699 -14320.8 -41.7872
801000 400.543 -14327.2 29.1117
802000 400.872 -14305.3 -20.3622
803000 402.207 -14317.4 44.0732
804000 399.251 -14332.9 -24.5702
805000 400.237 -14313.3 44.6968
806000 400.524 -14234.2 -127.784
807000 400.817 -14339.9 76.8996
808000 401.427 -14305.2 -43.5641
809000 399.716 -14393.8 71.3997
810000 398.316 -14296.3 -121.149
811000 401.926 -14263.7 70.7082
812000 399.548 -14314.5 -3.02319
813000 399.199 -14344.4 -3.92708
814000 398.855 -14323 3.36449
815000 402.418 -14291.1 -21.7617
816000 400.674 -14300.1 -6.72387
817000 400.249 -14284.1 -12.0822
818000 402.594 -14322.8 180.091
819000 399.911 -14262.9 -149.208
820000 398.881 -14361.9 -41.6857
821000 400.158 -14379.7 80.7075
822000 397.08 -14385.1 -21.9695
823000 398.12 -14390.8 6.69651
824000 399.704 -14261.9 -72.2279
825000 398.394 -14309.5 59.6044
826000 400.626 -14342.5 129.798
827000 401.475 -14298.7 -139.187
828000 400.712 -14335.9 122.576
829000 399.426 -14267.9 54.0182
830000 399.218 -14266.7 -128.178
831000 399.556 -14366.2 8.96283
832000 399.748 -14371.5 62.5318
833000 399.203 -14318.7 -83.7144
834000 402.181 -14293.1 38.1564
835000 400.27 -14334.9 -54.8511
836000 399.138 -14372 33.0212
837000 400.581 -14331.4 -38.3236
838000 401.873 -14271.6 117.897
839000 398.07 -14303.4 -76.3631
840000 399.163 -14330.2 -28.2805
841000 398.871 -14345.3 56.5544
842000 398.222 -14313.9 -104.257
843000 400.024 -14378 160.171
844000 398.505 -14288.5 -130.911
845000 400.422 -14394 78.172
846000 398.088 -14356.5 0.768324
847000 400.678 -14349.4 76.2957
848000 400.707 -14385.2 -95.905
849000 398.241 -14442 89.6376
850000 399.569 -14297.8 -93.2459
851000 398.898 -14349.2 88.1188
852000 400.712 -14295 -8.54302
853000 399.742 -14292.6 -69.8412
854000 402.54 -14330.7 1.33541
855000 399.765 -14346.3 4.65084
856000 397.841 -14306.5 34.6171
857000 400.517 -14327.2 -37.0879
858000 400.926 -14320.5 25.2977
859000 397.599 -14315 -123.067
860000 398.93 -14431.5 192.948
861000 399.711 -14323.5 -40.8692
862000 402.025 -14231.8 -21.3108
863000 401.264 -14314.2 29.3885
864000 399.934 -14276.6 -44.2394
865000 397.735 -14376.7 -49.4525
866000 398.568 -14380 32.2141
867000 400.795 -14348.3 15.0093
868000 399.526 -14311.7 -53.303
869000 400.194 -14276.4 37.3004
870000 401.25 -14326.4 -23.4836
871000 399.682 -14342.5 2.91917
872000 401.644 -14283.3 -52.7119
873000 399.834 -14364.1 108.593
874000 398.657 -14323.2 -13.3889
875000 402.887 -14343.9 96.6109
876000 399.488 -14347.1 -120.551
877000 396.935 -14348.2 15.0633
878000 398.064 -14356.7 17.9407
879000 399.87 -14357.3 95.6429
880000 399.195 -14347.3 -140.482
881000 398.247 -14339.2 47.4295
882000 399.58 -14360.8 57.8533
883000 400.997 -14285.6 -123.261
884000 399.236 -14355.7 116.056
885000 400.451 -14324.4 -90.1207
886000 401.28 -14295.9 19.5017
887000 400.299 -14341.1 84.7406
888000 401.386 -14253.7 -112.699
889000 398.473 -14394.4 -9.14243
890000 398.483 -14383 37.9853
891000 401.082 -14309.2 -93.9736
892000 400.104 -14398.6 57.7174
893000 400.084 -14335.3 -70.7774
894000 399.215 -14343 22.1775
895000 400.042 -14340.6 84.2249
896000 400.501 -14293.8 -88.4303
897000 397.615 -14423 -47.57
898000 402.039 -14336.8 2.98168
899000 398.718 -14318.7 0.0238892
900000 398.648 -14369.3 8.13573
901000 401.363 -14320.2 62.8421
902000 398.123 -14394.4 -92.0267
903000 402.338 -14382.8 121.167
904000 397.292 -14336.9 -115.946
905000 400.021 -14301.9 -18.6413
906000 398.69 -14399.5 83.5044
907000 399.803 -14389.8 50.8597
908000 399.579 -14350.2 -50.8193
909000 401.728 -14285.7 -65.5975
910000 399.835 -14293.5 64.2911
911000 399.278 -14310.3 21.3348
912000 398.227 -14356.1 -15.5857
913000 399.143 -14324.5 -71.8856
914000 397.505 -14365.7 43.4949
915000 401.159 -14277.3 -15.2973
916000 400.697 -14372 74.2336
917000 400.209 -14335 0.0146768
918000 400.693 -14231.8 -23.1966
919000 400.074 -14314.3 5.53738
920000 400.91 -14291.8 -5.81631
921000 398.73 -14358 -9.49496
922000 402.115 -14292.3 -5.51433
923000 400.424 -14353.9 8.25866
924000 400.364 -14378.3 43.0302
925000 399.127 -14395.6 -96.9071
926000 399.563 -14308.9 57.4387
927000 399.121 -14416.6 26.094
928000 400.781 -14364 -45.0847
929000 398.552 -14338.1 28.3765
930000 399.671 -14345 9.55337
931000 399.775 -14375.4 29.376
932000 399.798 -14305.3 -20.4738
933000 400.542 -14301.7 -69.5605
934000 400.416 -14324 14.9369
935000 400.07 -14284 -38.8777
936000 399.744 -14361.3 99.6746
937000 398.014 -14381.5 101.393
938000 400.561 -14260.4 -179.09
939000 400.939 -14362.7 60.3688
940000 398.937 -14381.4 -32.1989
941000 399.029 -14336.4 -10.8282
942000 398.494 -14387.5 94.3063
943000 397.825 -14381.7 -27.1236
944000 400.409 -14310.2 -40.1874
945000 399.163 -14368 27.9884
946000 397.023 -14401.5 -60.5441
947000 399.119 -14317.1 132.68
948000 402.481 -14232.6 -96.1914
949000 397.231 -14408.5 -13.2809
950000 401.702 -14316.3 40.8002
951000 397.251 -14376.6 -106.3
952000 399.551 -14410.4 94.8157
953000 398.167 -14360 -19.7055
954000 401.251 -14344.8 94.5949
955000 399.829 -14312.5 -103.334
956000 400.017 -14337.7 -31.2509
957000 399.545 -14459.2 56.1041
958000 399.025 -14399.6 39.4552
959000 399.505 -14353.7 -2.04135
960000 400.413 -14309.3 20.0218
961000 400.255 -14289.4 -32.113
962000 400.787 -14356.4 35.7088
963000 395.972 -14425.5 15.576
964000 399.312 -14381.4 -22.4776
965000 400.168 -14357.4 -71.5367
966000 399.393 -14352.6 82.1238
967000 401.049 -14324.5 -48.0135
968000 399.862 -14385.8 62.8024
969000 397.836 -14312.9 -11.0055
970000 399.985 -14237 -168.941
971000 399.291 -14332.6 89.8539
972000 401.483 -14282.3 -23.8305
973000 401.401 -14307.5 63.219
974000 400.444 -14353 -60.7969
975000 400.147 -14375.8 9.99477
976000 399.074 -14326.9 -0.577407
977000 400.479 -14375.2 42.4052
978000 400.243 -14228.3 -229.738
979000 398.859 -14377.8 83.405
980000 398.735 -14375.9 72.8505
981000 400.96 -14357.2 -42.9858
982000 400.291 -14359.2 -37.2596
983000 400.425 -14367 113.899
984000 397.436 -14401.2 -140.741
985000 399.051 -14480.5 167.963
986000 400.527 -14342 -91.0452
987000 400.552 -14311.2 -14.9357
988000 402.625 -14359.1 40.3654
989000 399.981 -14376.2 46.0212
990000 399.486 -14354.4 -112.705
991000 401.434 -14300.6 40.6153
992000 398.823 -14340.2 3.59451
993000 400.743 -14298.5 -81.0389
994000 399.916 -14335.3 74.9992
995000 400.241 -14289.3 -48.472
996000 400.322 -14356.5 49.2245
997000 401.59 -14314.6 33.1027
998000 399.197 -14291.8 -63.4556
999000 399.225 -14316.7 -39.0143
1000000 399.848 -14331.5 33.7179
