# Time-averaged data for fix 3
# TimeStep v_Temperature v_PotentialEnergy v_Pressure
2000 347.944 -20579.1 -139.007
3000 399.625 -19538.6 -121.62
4000 400.599 -19548.7 8.51273
5000 400.02 -19555.3 -34.0702
6000 399.14 -19527.9 -8.13522
7000 401.061 -19549.9 -54.3418
8000 400.855 -19435.6 37.1033
9000 399.338 -19445.1 44.3883
10000 402.671 -19465.5 35.4279
11000 402.103 -19492.7 -33.2441
12000 397.639 -19527.3 -106.641
13000 399.108 -19505.4 17.9618
14000 401.793 -19425.5 -30.6973
15000 398.914 -19458.1 10.6206
16000 400.934 -19508.1 183.369
17000 399.632 -19473.6 -106.904
18000 400.141 -19508.5 -56.6529
19000 400.341 -19535.6 32.2603
20000 398.658 -19448.9 -27.4721
21000 401.359 -19285.7 76.4325
22000 399.818 -19345.1 -58.2619
23000 400.749 -19283.6 -53.0865
24000 400.571 -19301.2 -7.8093
25000 399.046 -19428.3 -2.47321
26000 397.317 -19484 54.5607
27000 402.161 -19411.7 1.49449
28000 399.278 -19463.2 -77.4152
29000 400.101 -19472.6 -30.6437
30000 397.323 -19556.7 45.4117
31000 401.751 -19481.9 80.1409
32000 399.44 -19455.6 -31.0466
33000 400.726 -19409.4 -41.2791
34000 399.521 -19481.3 18.0999
35000 400.382 -19580.4 -2.08076
36000 398.442 -19556.5 15.5201
37000 398.785 -19433 41.0328
38000 401.805 -19401.9 35.9685
39000 400.763 -19441.8 -48.0847
40000 398.284 -19420.7 72.5535
41000 400.14 -19454.4 -94.0445
42000 400.073 -19419 -16.3889
43000 400.656 -19425.2 58.2491
44000 398.773 -19442.8 -25.9998
45000 401.398 -19460 -8.50144
46000 397.115 -19636.8 46.9315
47000 400.049 -19530.7 -31.7987
48000 399.711 -19530.6 70.0252
49000 399.024 -19395.3 -29.7299
50000 399.021 -19477.8 123.598
51000 399.612 -19463.4 -42.359
52000 399.253 -19491.6 88.3501
53000 401.553 -19489.8 -123.364
54000 400.295 -19569.6 39.293
55000 401.128 -19458.5 113.946
56000 400.913 -19445.7 -91.975
57000 399.847 -19477.1 55.3
58000 402.548 -19400.7 28.5403
59000 400.869 -19361.8 17.9049
60000 400.576 -19344.4 -13.9933
61000 400.029 -19325.7 -76.0606
62000 397.471 -19459.5 100.276
63000 400.963 -19447.9 -197.88
64000 399.936 -19529.7 92.9802
65000 401.871 -19443.3 0.125896
66000 400.561 -19469.8 -56.9475
67000 400.263 -19515.1 52.2484
68000 402.558 -19437.1 -106.851
69000 398.854 -19408.4 -45.3975
70000 398.949 -19453.2 -104.033
71000 398.149 -19519.4 52.8938
72000 398.756 -19516.1 -26.227
73000 399.732 -19502.8 -7.90844
74000 400.591 -19517.6 -10.9516
75000 400.491 -19606.5 68.1552
76000 399.353 -19637 0.123722
77000 399.171 -19530 62.3074
78000 400.68 -19338 -97.7574
79000 402.548 -19326.9 93.7758
80000 397.953 -19435 -11.9827
81000 402.727 -19373.1 -10.1103
82000 398.964 -19442.5 41.6609
83000 398.384 -19431.8 -26.2627
84000 399.043 -19464 50.0543
85000 399.699 -19224.4 -164.108
86000 399.995 -19369.9 68.0865
87000 401.789 -19352.8 61.4457
88000 400.031 -19476.6 -78.5384
89000 398.231 -19456.7 26.1344
90000 397.787 -19459.3 41.4225
91000 400.71 -19323.8 -72.2271
92000 400.058 -19457.9 26.4167
93000 397.458 -19480.6 -29.2827
94000 400.292 -19478.9 -95.9343
95000 399.07 -19521.5 66.5263
96000 398.988 -19488.2 10.3756
97000 400.523 -19438.4 185.045
98000 400.758 -19392.8 -238.042
99000 400.359 -19389.5 50.321
100000 399.943 -19397.1 70.265
101000 399.446 -19361.2 -148.313
102000 400.139 -19408.3 92.3293
103000 400.241 -19471.2 -8.50521
104000 399.873 -19457.9 -88.1609
105000 401.35 -19499.4 -8.96509
106000 397.463 -19595 54.0692
107000 399.554 -19612.3 -66.7055
108000 397.844 -19555.9 33.3631
109000 398.711 -19527.6 -22.506
110000 400.85 -19465.7 -13.1096
111000 397.874 -19563.8 103.768
112000 400.587 -19434 34.7286
113000 398.284 -19538.8 -65.8223
114000 400.418 -19468.1 123.425
115000 401.234 -19284.2 -231.985
116000 400.711 -19515 36.5483
117000 400.424 -19516.7 34.5405
118000 400.696 -19486.8 26.1306
119000 396.949 -19572.8 -40.5564
120000 398.579 -19559.9 29.2359
121000 399.925 -19449.3 -77.0895
122000 402.015 -19430.4 72.0547
123000 398.45 -19474.2 47.1907
124000 399.464 -19485.3 70.8777
125000 399.35 -19554.8 -72.1731
126000 400.597 -19540.8 -101.756
127000 400.127 -19508.1 58.4716
128000 402.037 -19484.8 -48.1186
129000 396.813 -19507.2 -11.6944
130000 398.22 -19482 61.8868
131000 400.124 -19485.2 -50.9279
132000 399.39 -19500 155.055
133000 397.305 -19453.7 -154.976
134000 399.353 -19358.5 -121.363
135000 398.238 -19403.8 23.1567
136000 399.351 -19457.2 81.8909
137000 399.882 -19410.8 -31.2104
138000 398.274 -19511.1 -26.3742
139000 401.459 -19473.1 -47.6364
140000 400.999 -19521.3 58.0849
141000 400.871 -19525.2 -54.3411
142000 398.596 -19506.6 -40.4378
143000 400.744 -19453.1 2.83359
144000 397.771 -19391.7 47.3941
145000 399.867 -19370.6 23.6176
146000 398.686 -19469.9 -90.8612
147000 399.288 -19385.1 102.307
148000 399.13 -19412.6 -61.8751
149000 398.27 -19384.6 35.1078
150000 398.636 -19411.3 -67.128
151000 398.79 -19423.9 150.613
152000 399.418 -19552.4 -185.406
153000 398.675 -19592 93.7453
154000 398.289 -19536.4 15.1851
155000 399.732 -19572.1 -106.286
156000 400.079 -19583.1 23.7616
157000 401.486 -19633 136.864
158000 400.373 -19619 -117.961
159000 398.256 -19583.7 -58.9983
160000 399.771 -19632.6 46.6769
161000 398.609 -19583.9 17.0398
162000 400.398 -19546 55.6092
163000 398.86 -19407.5 -19.4885
164000 398.941 -19363.8 74.9978
165000 397.916 -19394.4 69.5126
166000 401.821 -19232.7 -118.477
167000 399.991 -19322.3 -24.8416
168000 399.729 -19367.7 48.8969
169000 400.019 -19427.6 -23.9661
170000 398.31 -19463.6 42.8328
171000 403.235 -19326.4 -18.3207
172000 400.2 -19457.8 -18.1332
173000 399.903 -19450.1 4.67174
174000 400.314 -19514.3 16.4766
175000 399.005 -19416.4 -13.5317
176000 400.068 -19397.8 -92.9674
177000 399.852 -19394.4 80.9295
178000 398.579 -19420.9 26.6059
179000 399.879 -19421.8 -55.2112
180000 398.736 -19379.4 -79.797
181000 400.093 -19409.5 157.95
182000 401.609 -19501.1 -49.8305
183000 401.432 -19442.9 -14.3328
184000 399.615 -19516.8 37.6348
185000 396.946 -19543.9 73.3455
186000 399.85 -19434.9 -105.149
187000 398.76 -19571.4 -133.35
188000 399.118 -19546.2 55.6194
189000 400.264 -19412.6 72.028
190000 401.609 -19340.3 -20.2903
191000 399.235 -19496.5 -40.79
192000 400.512 -19533.6 -16.85
193000 399.895 -19512.9 -10.3913
194000 399.821 -19439.7 62.0772
195000 398.356 -19350.4 -35.295
196000 399.976 -19418.2 -11.9046
197000 399.633 -19417.4 -78.782
198000 400.239 -19409.8 51.9296
199000 397.195 -19466.5 -9.89768
200000 399.006 -19430 158.611
201000 398.439 -19421 -193.942
202000 399.015 -19506.3 54.4515
203000 401.996 -19526.6 -1.45709
204000 401.334 -19486.5 -27.1543
205000 401.521 -19461.6 -41.5782
206000 399.528 -19487.5 2.70627
207000 399.84 -19490.4 -66.9217
208000 399.328 -19439.4 45.0254
209000 402.172 -19351.7 53.4534
210000 400.941 -19475.2 -43.0635
211000 401.505 -19460.3 -49.0672
212000 399.541 -19488.7 166.137
213000 398.776 -19437.4 -57.7752
214000 398.544 -19432.3 -29.7395
215000 398.741 -19489.4 -2.02199
216000 400.697 -19503.7 15.9612
217000 398.404 -19542.8 1.0075
218000 400.297 -19405.6 10.6226
219000 401.328 -19321.9 -77.6371
220000 399.699 -19278.1 0.795393
221000 399.979 -19465.4 26.5232
222000 400.086 -19417.7 4.03306
223000 399.405 -19420.3 37.8295
224000 398 -19386.9 34.1712
225000 401.647 -19387.3 -6.1086
226000 399.025 -19508.3 47.2314
227000 401.49 -19547.3 -19.2608
228000 399.79 -19545.1 7.26524
229000 400.526 -19448.5 -46.3419
230000 400.197 -19507.3 3.21199
231000 398.583 -19555.1 32.9214
232000 401.498 -19500.4 20.9679
233000 399.045 -19539.7 110.821
234000 401.429 -19446.3 -74.8087
235000 400.21 -19424.4 31.7814
236000 400.391 -19364.1 -84.0376
237000 397.528 -19503.1 98.5416
238000 399.512 -19410.8 -73.5888
239000 401.04 -19432.5 61.5323
240000 401.835 -19377.6 -12.9539
241000 401.422 -19464.4 154.965
242000 401.111 -19334.6 -143.479
243000 398.795 -19405.2 -112.15
244000 401.536 -19511 153.668
245000 397.679 -19466.4 3.83018
246000 399.576 -19482.2 33.1239
247000 401.372 -19289.4 -96.3444
248000 400.24 -19378 107.316
249000 400.9 -19366.8 -101.463
250000 397.955 -19531.1 61.7008
251000 402.712 -19287.3 -115.814
252000 400.644 -19432.3 -0.707859
253000 402.53 -19390.3 -23.878
254000 398.42 -19453.3 150.576
255000 399.993 -19450.5 -217.517
256000 400.725 -19439.6 64.6064
257000 400.507 -19417.3 -51.2694
258000 399.844 -19511.1 97.9612
259000 398.045 -19492.7 -53.8473
260000 400.465 -19382.6 -42.7262
261000 400.818 -19413.4 -108.459
262000 398.346 -19487.8 17.0043
263000 401.614 -19403.4 7.04823
264000 402.924 -19289.9 16.1235
265000 399.525 -19453.2 91.5453
266000 399.667 -19471.6 -160.998
267000 401.352 -19546.6 31.978
268000 400.145 -19527.6 39.0656
269000 401.737 -19541.5 83.844
270000 400.211 -19554.7 -81.6462
271000 402.235 -19507.4 -6.28467
272000 398.715 -19477.5 -47.0112
273000 400.638 -19535.7 64.4179
274000 401.94 -19512.1 -55.6728
275000 400.915 -19500.6 97.134
276000 399.959 -19456.1 -62.1398
277000 400.131 -19466.7 -17.2456
278000 400.405 -19515.2 -3.44868
279000 399.171 -19462.6 -41.1187
280000 398.661 -19438.3 124.561
281000 400.334 -19331.8 -93.2608
282000 399.89 -19276 15.65
283000 399.232 -19250.1 19.5983
284000 399.574 -19343.8 -48.2281
285000 400.021 -19340.8 80.7196
286000 399.469 -19310.7 -2.68295
287000 399.504 -19360.2 86.2319
288000 399.848 -19405.1 -71.224
289000 400.479 -19359.8 -25.073
290000 400.557 -19395.1 109.324
291000 399.087 -19402.9 -83.074
292000 402.137 -19349.1 -112.093
293000 401.071 -19454.1 88.8845
294000 400.264 -19328.2 31.0073
295000 397.94 -19351.2 -118.536
296000 399.852 -19391.1 155.581
297000 400.459 -19482.1 -205.43
298000 399.357 -19515.3 147.811
299000 399.884 -19458.2 -107.699
300000 401.669 -19426.5 148.768
301000 401.501 -19306.8 -70.3108
302000 399.621 -19502.5 101.508
303000 400.927 -19562.1 26.1023
304000 399.769 -19489 -65.0598
305000 399.629 -19480.3 -76.2288
306000 400.31 -19497.9 34.5572
307000 401.408 -19446.5 -15.6974
308000 402.892 -19544.6 50.6621
309000 399.244 -19638.7 -57.2503
310000 400.911 -19402.3 27.7411
311000 399.27 -19388.3 -99.9643
312000 399.687 -19453.4 107.456
313000 398.906 -19365.8 44.5196
314000 399.509 -19446.4 22.345
315000 400.585 -19362.9 46.7308
316000 400.017 -19518.4 -77.0882
317000 400.176 -19551.9 -39.1091
318000 397.471 -19582.9 47.1944
319000 401.383 -19495.1 58.3514
320000 397.456 -19473.8 -14.9446
321000 399.462 -19509.6 -154.029
322000 399.579 -19451 -41.8102
323000 400.057 -19469 173.258
324000 400.084 -19468 33.8038
325000 400.522 -19478.3 25.6776
326000 398.097 -19530.5 8.10989
327000 401.06 -19438.2 -197.011
328000 398.583 -19355.3 126.663
329000 399.452 -19377.6 -5.55206
330000 399.838 -19436.7 32.7547
331000 400.976 -19453.2 -113.38
332000 400.278 -19470.1 147.731
333000 398.29 -19422.7 -114.118
334000 399.912 -19519.7 188.211
335000 400.128 -19447.2 -133.987
336000 400.705 -19510.8 102.928
337000 400.875 -19471.6 43.7333
338000 401.089 -19425.4 -94.3943
339000 400.143 -19536.8 117.983
340000 399.031 -19447.8 -18.1083
341000 401.238 -19444.6 -25.397
342000 400.855 -19425.6 -92.8702
343000 400.778 -19426.9 141.726
344000 399.733 -19339.4 33.8642
345000 400.474 -19356 -15.2552
346000 398.992 -19336.3 -42.8947
347000 402.494 -19445.6 102.67
348000 399.775 -19390.5 -65.0988
349000 399.563 -19399.2 4.59908
350000 400.249 -19297.1 -42.1663
351000 401.437 -19274.9 -57.3195
352000 400.345 -19347 -60.8248
353000 398.504 -19507.2 101.991
354000 400.981 -19500.8 -119.562
355000 402.282 -19458 90.0867
356000 400.814 -19429.2 28.9484
357000 399.852 -19385.4 11.9102
358000 399.967 -19413.9 0.891632
359000 398.096 -19464.8 -106.287
360000 401.261 -19373.4 5.48059
361000 396.945 -19452.6 -107.924
362000 400.569 -19474.7 152.105
363000 400.518 -19494 -40.9596
364000 399.137 -19557.6 86.9987
365000 401.395 -19409.2 -94.5967
366000 398.67 -19529.8 33.0828
367000 401.743 -19502.8 98.8171
368000 400.348 -19500.7 -31.8528
369000 399.846 -19451.2 -63.7905
370000 400.452 -19491 2.47091
371000 398.539 -19532.3 26.2094
372000 402.358 -19540.4 43.5607
373000 398.821 -19589.8 10.1381
374000 400.118 -19492.4 -57.6008
375000 401.867 -19489.3 51.0286
376000 398.334 -19578.2 -22.0395
377000 399.628 -19534.7 92.012
378000 399.98 -19458.3 -127.214
379000 398.768 -19380 160.54
380000 399.9 -19459 -180.197
381000 401.581 -19436.2 119.993
382000 398.885 -19554.5 -2.43536
383000 400.41 -19374.6 -121.29
384000 399.023 -19399.3 2.41006
385000 400.768 -19261.8 -141.548
386000 400.615 -19384.1 2.71151
387000 401.488 -19453 74.3669
388000 399.835 -19407.4 26.2751
389000 400.985 -19337.2 -27.636
390000 401.772 -19273.8 -9.74851
391000 399.37 -19461.7 95.288
392000 400.124 -19383.8 -52.4354
393000 400.26 -19541.9 84.4255
394000 399.595 -19390.1 -6.27997
395000 398.106 -19409.5 70.3666
396000 399.529 -19364 20.2955
397000 398.374 -19342.5 -178.548
398000 399.906 -19372.5 101.761
399000 400.259 -19397 1.96
400000 399.198 -19403.6 -45.1838
401000 399.149 -19443.8 42.1131
402000 401.557 -19357.4 -0.845522
403000 400.744 -19382 -73.7484
404000 400.667 -19480.5 142.565
405000 400.942 -19430.1 -96.1409
406000 400.565 -19493 12.9591
407000 400.548 -19337.7 49.3539
408000 399.171 -19356.3 -74.5326
409000 399.669 -19227.2 98.5774
410000 399.265 -19250.8 -13.8499
411000 399.31 -19322.5 -36.8837
412000 398.33 -19279.1 81.4295
413000 400.053 -19310.5 -75.8034
414000 401.256 -19475.2 18.2884
415000 400.002 -19572.3 -51.0193
416000 399.879 -19517.2 39.6762
417000 399.795 -19551.2 -46.6849
418000 399.743 -19596.3 123.411
419000 401.141 -19494.8 -9.63558
420000 400.868 -19469.1 25.0439
421000 399.684 -19572.2 -23.5234
422000 400.676 -19357.7 -27.2465
423000 398.951 -19406.4 160.119
424000 399.119 -19370.8 -117.372
425000 399.974 -19337.7 32.6604
426000 398.293 -19388.2 -44.1853
427000 399.814 -19402.1 51.8071
428000 400.023 -19435.6 -112.338
429000 399.654 -19493.1 1.54755
430000 401.439 -19490.4 47.385
431000 399.765 -19499.5 12.2706
432000 400.787 -19477.8 -106.836
433000 399.672 -19559.4 128.453
434000 401.533 -19637.7 14.5546
435000 402.518 -19526.9 -21.1411
436000 398.954 -19409.7 -3.04851
437000 400.138 -19389.8 -34.9341
438000 400.031 -19313 14.4519
439000 398.377 -19384.2 35.0273
440000 397.804 -19393.8 -20.5505
441000 400.031 -19432.5 44.3225
442000 399.902 -19491.6 -7.35959
443000 398.6 -19478.4 -61.8266
444000 400.026 -19479.6 108.514
445000 399.422 -19391 -101.168
446000 400.106 -19344.2 61.88
447000 402.373 -19308.3 69.274
448000 398.146 -19395 -119.977
449000 402.545 -19329.1 56.8034
450000 400.566 -19346.7 -11.5331
451000 401.507 -19348.7 61.3109
452000 399.399 -19396.1 -66.1256
453000 397.711 -19464.5 68.3876
454000 400.783 -19417.9 -96.1292
455000 399.107 -19556.3 161.26
456000 401.657 -19327.7 -72.3276
457000 400.498 -19436.3 -1.10682
458000 399.595 -19469.8 56.1849
459000 398.607 -19492.7 -124.974
460000 399.177 -19536.9 203.931
461000 402.106 -19485.4 -101.743
462000 399.775 -19478.4 20.9657
463000 397.001 -19495.4 -65.7288
464000 402.185 -19419.7 116.293
465000 400.506 -19464.1 -15.9337
466000 399.754 -19438.8 77.1536
467000 398.622 -19507.2 -110.593
468000 400.928 -19408.6 19.8029
469000 401.028 -19362 -75.0729
470000 398.535 -19504.4 139.351
471000 400.227 -19536.2 -73.0423
472000 400.659 -19467 64.1074
473000 401.097 -19310 -70.7533
474000 399.623 -19418.3 -39.5724
475000 400.867 -19484.4 6.96518
476000 401.135 -19531.6 12.5127
477000 398.474 -19529.5 -5.07698
478000 401.139 -19400.2 -11.0164
479000 399.682 -19395.9 61.7914
480000 399.203 -19337.5 -17.926
481000 399.609 -19301.8 -144.158
482000 400.624 -19412 105.888
483000 401.662 -19400 -20.3487
484000 398.832 -19400.2 -70.2585
485000 400.629 -19394.6 59.597
486000 399.247 -19373.9 121.688
487000 400.092 -19478.8 -145.022
488000 399.682 -19508.9 55.008
489000 399.613 -19507.1 -41.008
490000 399.801 -19467.2 125.318
491000 400.109 -19474 9.19778
492000 402.602 -19364.8 -21.1162
493000 399.579 -19350 -43.3148
494000 398.405 -19373.6 -84.1473
495000 399.435 -19387.5 58.3303
496000 401.342 -19443.6 192.239
497000 400.371 -19477.5 -111.59
498000 399.44 -19559.2 -50.3621
499000 400.438 -19438.5 52.0898
500000 400.281 -19456.7 32.504
501000 402.677 -19338 67.493
502000 401.728 -19364.3 10.7026
503000 398.922 -19477.7 36.689
504000 400.133 -19459.1 -134.521
505000 399.762 -19471.7 96.9985
506000 399.374 -19454.4 30.649
507000 401.031 -19431.8 11.4708
508000 398.699 -19498 -52.4179
509000 398.941 -19560.5 129.664
510000 400.652 -19407.9 -25.2881
511000 397.537 -19394.3 -42.3346
512000 398.88 -19468.2 -35.5312
513000 398.93 -19401.4 19.9022
514000 399.601 -19471.8 124.07
515000 401.582 -19466.6 -79.1813
516000 398.047 -19505.6 105.041
517000 400.194 -19467.8 -24.8297
518000 400.383 -19474.5 70.4401
519000 397.462 -19522.8 -89.9285
520000 398.815 -19543.7 31.3464
521000 402.253 -19429.4 -49.4599
522000 401.404 -19438.6 159.804
523000 398.568 -19370.7 -98.0513
524000 401.016 -19345 -74.4557
525000 398.653 -19372.9 109.124
526000 399.902 -19358.7 -42.541
527000 400.469 -19319.7 -66.5477
528000 398.524 -19398.2 125.095
529000 401.231 -19245.1 -45.7831
530000 399.661 -19245.4 11.3509
531000 398.763 -19385.9 -5.45534
532000 397.558 -19442.2 -108.612
533000 400.701 -19482.2 236.298
534000 401.009 -19371.1 -137.383
535000 399.389 -19424.7 -13.2651
536000 399.192 -19424.5 23.6473
537000 399.712 -19341.1 -32.5681
538000 398.8 -19389.5 51.2093
539000 397.266 -19449.5 73.3173
540000 399.64 -19362.4 -80.8873
541000 398.591 -19436.4 -20.5257
542000 400.04 -19390.5 -35.6238
543000 400.104 -19395.9 128.159
544000 400.311 -19374.7 -23.3597
545000 397.56 -19419.9 -12.4617
546000 399.272 -19542 -59.805
547000 396.994 -19577.3 96.0395
548000 401.703 -19397.2 -133.503
549000 397.864 -19429.8 138.286
550000 398.213 -19344.6 -126.054
551000 400.894 -19479.8 6.8343
552000 400.52 -19447.8 35.5186
553000 399.289 -19435.8 -24.1774
554000 399.158 -19390.8 35.794
555000 400.917 -19411.9 -29.7515
556000 397.384 -19432.4 -119.354
557000 399.04 -19476.9 163.048
558000 401.259 -19450.6 88.5428
559000 400.722 -19448.5 -4.15467
560000 399.437 -19364.5 -72.4912
561000 398.552 -19360.6 -21.1044
562000 402.218 -19279.3 -110.627
563000 399.445 -19434.7 153.325
564000 399.604 -19412.5 -40.4389
565000 400.832 -19453.9 13.9453
566000 398.568 -19453 51.5244
567000 400.701 -19396.6 -59.108
568000 400.13 -19591 4.28825
569000 398.384 -19502.1 24.0828
570000 400.819 -19501.5 -8.00951
571000 397.87 -19613.1 -3.78374
572000 399.82 -19564.5 -16.3839
573000 398.994 -19400.1 72.1827
574000 401.585 -19378.4 -46.0284
575000 399.13 -19480.4 40.9694
576000 400.263 -19381.6 -26.4778
577000 398.832 -19332.2 -11.3857
578000 401.336 -19335.6 11.0464
579000 397.789 -19513.4 85.5311
580000 401.997 -19402.6 -80.8222
581000 400.787 -19457.6 -27.6494
582000 398.612 -19489.1 78.0276
583000 400.174 -19419.3 -7.62457
584000 401.456 -19383.2 -135.026
585000 400.945 -19368.9 38.5729
586000 400.745 -19400.2 61.8579
587000 396.546 -19397.8 -37.9907
588000 398.878 -19431.3 45.5824
589000 403.145 -19407.7 -48.65
590000 400.901 -19430.9 -30.0515
591000 399.936 -19445 -73.0182
592000 402.241 -19409.4 164.807
593000 399.314 -19470.6 52.7259
594000 399.72 -19439.8 -45.6571
595000 400.853 -19354.7 24.424
596000 401.4 -19395.6 -15.4891
597000 399.643 -19368.6 -114.565
598000 398.857 -19463 142.618
599000 399.199 -19410.1 -33.1199
600000 399.497 -19411.1 19.3761
601000 398.744 -19389.1 -94.9698
602000 401.241 -19364.5 61.4211
603000 398.487 -19423.7 62.5747
604000 402.041 -19358.4 -34.2042
605000 398.983 -19418.8 -54.1938
606000 400.286 -19351.1 87.9893
607000 398.646 -19427.1 0.869956
608000 401.453 -19169.4 -74.9188
609000 400.241 -19309.5 18.3145
610000 399.156 -19419.8 88.4261
611000 399.383 -19402.4 53.3526
612000 402.528 -19289.7 -65.5268
613000 400.283 -19361.9 70.9759
614000 401.846 -19317.6 13.021
615000 400.043 -19531.6 -42.6761
616000 399.296 -19611.3 -103.103
617000 398.685 -19614.8 88.9004
618000 399.219 -19473.8 63.2593
619000 399.747 -19505 -49.7472
620000 399.798 -19458.6 51.9385
621000 402.157 -19395.1 -52.7828
622000 398.351 -19622.6 16.252
623000 398.729 -19466.3 -125.848
624000 399.763 -19416.6 81.414
625000 399.393 -19374.6 -88.3682
626000 402.218 -19327.4 83.8741
627000 401.484 -19394.4 -76.2526
628000 398.494 -19442.4 -12.1952
629000 400.146 -19412.3 14.5268
630000 397.128 -19469.4 -1.6448
631000 398.51 -19463.3 63.8772
632000 398.562 -19436.7 9.86059
633000 398.739 -19452.3 -5.69458
634000 401.658 -19330.7 -89.9315
635000 400.567 -19388.2 86.6735
636000 400.824 -19369.9 -23.2556
637000 401.142 -19324.6 -29.4283
638000 399.267 -19384.3 96.3985
639000 400.111 -19423.9 -122.888
640000 400.511 -19509.2 19.0848
641000 399.465 -19485.4 38.8971
642000 400.798 -19364.2 -35.4271
643000 400.328 -19452.7 73.6763
644000 399.925 -19464.5 -151.396
645000 402.838 -19488.8 86.1407
646000 399.173 -19556.7 -59.9627
647000 399.645 -19598.7 31.8928
648000 400.119 -19402.7 31.1336
649000 399.703 -19418.4 38.5366
650000 400.372 -19452.8 -6.71714
651000 400.663 -19478.6 -113.82
652000 398.767 -19594.2 26.8424
653000 399.005 -19511.5 69.5229
654000 402.279 -19408.6 18.0472
655000 400.422 -19531.4 6.4226
656000 399.928 -19303.2 -105.206
657000 400.705 -19361.6 108.046
658000 400.145 -19373.1 -25.7197
659000 401.424 -19409.9 101.246
660000 399.169 -19367.1 -106.366
661000 399.084 -19458.7 0.515431
662000 402.28 -19448.2 33.0271
663000 397.13 -19505.4 52.9394
664000 400.638 -19419.2 -47.9492
665000 403.24 -19391.7 -52.7756
666000 400.901 -19410.4 -17.874
667000 398.751 -19510.7 87.3868
668000 401.166 -19413.8 -95.0937
669000 399.556 -19428.8 177.95
670000 398.349 -19371.7 -35.3044
671000 400.145 -19458.1 -103.273
672000 400.707 -19427.7 83.5565
673000 398.145 -19517.5 -46.3779
674000 400.722 -19399.9 -90.1362
675000 399.915 -19355.8 70.4472
676000 397.622 -19396.7 -17.3702
677000 400.513 -19299.3 17.372
678000 400.981 -19270.8 8.96819
679000 400.188 -19318.1 -37.9008
680000 398.602 -19480.7 94.7936
681000 399.82 -19536.4 -78.1149
682000 401.693 -19607.3 187.451
683000 400.34 -19481.2 -111.912
684000 398.635 -19428.6 81.6876
685000 398.215 -19406 -28.3332
686000 401.642 -19300.6 -11.6883
687000 401.609 -19355.9 163.28
688000 401.458 -19440.4 -141.989
689000 400.628 -19455.6 -18.7256
690000 400.73 -19478.9 -1.09337
691000 401.866 -19341.2 -42.7081
692000 401.011 -19446.1 119.648
693000 399.945 -19523.7 24.789
694000 399.424 -19526.3 150.108
695000 400.373 -19377.1 -133.968
696000 400.042 -19443.3 89.0522
697000 399.186 -19380.2 2.34031
698000 398.867 -19343.8 -159.099
699000 400.067 -19416.6 168.26
700000 402.881 -19309 -61.0997
701000 400.649 -19418.9 -31.6738
702000 400.15 -19482 74.9138
703000 399.103 -19475.2 -117.581
704000 400.038 -19517.7 68.9211
705000 401.859 -19400.7 -94.7383
706000 398.241 -19438.7 82.3049
707000 397.744 -19489.1 -83.0193
708000 400.748 -19601.9 69.0855
709000 400.671 -19499.5 62.6094
710000 402.343 -19510.4 64.3866
711000 400.196 -19466.2 0.821187
712000 399.264 -19447 -5.2907
713000 397.828 -19480.5 -110.603
714000 399.799 -19511 58.4667
715000 400.004 -19520.3 -96.6873
716000 399.992 -19443.1 -106.138
717000 400.659 -19390.2 107.226
718000 401.107 -19444 90.1835
719000 399.988 -19410.4 -52.7022
720000 400.979 -19427.3 -12.8133
721000 401.37 -19409.3 -30.9674
722000 400.812 -19482.3 34.0829
723000 402.662 -19402.5 -112.162
724000 399.816 -19524.5 66.4228
725000 400.598 -19564.7 -20.4692
726000 400.897 -19560.8 -71.2425
727000 398.274 -19548.8 24.1309
728000 401.345 -19404 74.2072
729000 399.793 -19280.1 -50.5201
730000 400.723 -19324.3 2.52152
731000 399.33 -19286.4 -100.274
732000 401.822 -19308.7 -68.0026
733000 398.966 -19480.1 103.78
734000 400.834 -19408.6 -51.1076
735000 399.466 -19441.2 0.561607
736000 400.111 -19282.7 -26.7127
737000 397.851 -19347.3 -52.8969
738000 400.032 -19359.9 95.9355
739000 397.69 -19432.9 -39.955
740000 400.749 -19401.4 -36.8663
741000 399.184 -19424.5 34.297
742000 403.342 -19337.4 -37.3128
743000 398.898 -19501.1 -101.077
744000 400.756 -19514.3 100.025
745000 400.184 -19490.4 71.7156
746000 399.411 -19514.5 -21.1991
747000 399.996 -19568 -31.5958
748000 397.58 -19604.8 -20.3675
749000 400.928 -19539.6 59.2171
750000 400.804 -19516.3 -7.15693
751000 400.047 -19463.5 50.6703
752000 401.051 -19353 -68.2298
753000 399.868 -19452.1 -97.7106
754000 398.057 -19458.9 40.6503
755000 400.358 -19345 -31.0829
756000 398.948 -19563.6 136.421
757000 400.547 -19468.8 -75.8296
758000 399.278 -19449.5 79.7793
759000 398.51 -19503.1 -21.7022
760000 399.01 -19611.8 5.37335
761000 399.405 -19658.9 -27.5411
762000 399.316 -19541.4 -43.2145
763000 399.132 -19489 81.7902
764000 400.059 -19382.7 -127.598
765000 398.507 -19512.2 158.647
766000 401.295 -19360.1 -133.308
767000 397.341 -19465.9 45.2933
768000 395.559 -19419.8 -8.35024
769000 400.527 -19467.1 -82.7245
770000 401.948 -19360.5 37.481
771000 400.011 -19412.3 -21.1289
772000 400.031 -19507.8 -39.7891
773000 399.541 -19475.1 92.356
774000 402.278 -19486.4 -79.2987
775000 400.267 -19527.1 105.313
776000 397.446 -19419.1 -62.715
777000 400.011 -19417 27.3018
778000 397.663 -19380.2 -127.316
779000 398.763 -19455.3 92.5391
780000 399.725 -19462.6 41.8891
781000 399.767 -19401.1 -43.8629
782000 399.105 -19431.8 -71.1012
783000 399.353 -19470.4 -74.9649
784000 400.08 -19530.2 99.9371
785000 400.88 -19457.9 -61.2659
786000 399.996 -19489 62.4652
787000 400.178 -19420.9 -155.256
788000 399.743 -19336.9 166.366
789000 399.659 -19404.4 17.4966
790000 400.228 -19369.2 -47.9886
791000 401.013 -19342.7 -91.8499
792000 400.221 -19457.5 124.265
793000 400.021 -19349.6 -169.895
794000 397.671 -19436 105.978
795000 400.281 -19396.7 -28.8127
796000 398.325 -19398.7 39.4441
797000 400.959 -19284.6 -16.9835
798000 400.594 -19485.9 67.9019
799000 400.627 -19451.9 -1.65768
800000 401.025 -19501.1 -32.3778
801000 398.463 -19482.6 -16.171
802000 400.455 -19507.6 45.5807
803000 401.954 -19431.1 3.69105
804000 398.427 -19397.9 1.30217
805000 400.59 -19536.2 4.2869
806000 398.903 -19513.5 35.0427
807000 400.545 -19399.6 133.733
808000 399.451 -19321.3 -57.4297
809000 399.61 -19456.6 37.3193
810000 398.944 -19435.7 -42.6235
811000 400.532 -19471.4 -40.6697
812000 402.278 -19314.9 53.142
813000 399.426 -19310.3 -114.313
814000 400.834 -19264.1 -59.3895
815000 399.82 -19385.7 85.6516
816000 399.683 -19362 -120.14
817000 399.845 -19426.1 119.311
818000 399.358 -19407 1.67245
819000 400.283 -19402.7 -27.0305
820000 397.943 -19462.8 15.0679
821000 400.049 -19362.5 76.2792
822000 399.779 -19403.9 -70.6771
823000 400.04 -19480.4 -25.1228
824000 398.719 -19502.1 -47.0051
825000 399.581 -19438.4 -44.6412
826000 399.858 -19379.7 71.8931
827000 400.613 -19354.2 -131.99
828000 399.935 -19386.2 39.2925
829000 403.628 -19416.4 -44.4238
830000 400.183 -19538.4 181.996
831000 400.978 -19390.3 8.50519
832000 399.87 -19368.4 -102.532
833000 399.28 -19346.7 19.4878
834000 399.2 -19369.7 -3.39311
835000 402.799 -19284.7 41.9671
836000 398.878 -19432.4 9.81537
837000 400.012 -19422.6 72.57
838000 398.173 -19430.9 -66.6466
839000 397.393 -19485.8 32.9605
840000 400.286 -19575.1 14.4062
841000 399.137 -19517.4 68.9899
842000 399.989 -19347 58.2284
843000 399.399 -19362.8 -48.6903
844000 400.395 -19464.9 -4.73605
845000 401.26 -19496.4 82.1397
846000 400.269 -19437.4 -171.402
847000 401.309 -19335.3 81.2474
848000 402.194 -19289 -38.6308
849000 400.474 -19306.5 -55.1698
850000 400.413 -19261.8 21.3536
851000 398.933 -19380.1 -34.2438
852000 401.291 -19195 12.0502
853000 399.65 -19249.2 42.1751
854000 402.256 -19229.3 26.2091
855000 398.436 -19319.4 -74.0052
856000 401.191 -19323.2 -8.58173
857000 400.561 -19443.5 98.2013
858000 399.64 -19493.3 -38.5114
859000 398.924 -19465 -44.4368
860000 399.903 -19463.9 49.9733
861000 399.268 -19390.8 -61.809
862000 401.338 -19407.8 21.0218
863000 401.68 -19516.1 74.9762
864000 399.755 -19519.2 -111.822
865000 400.341 -19564.5 92.8187
866000 399.862 -19567.5 -6.91433
867000 398.891 -19404.6 9.75981
868000 400.362 -19445.2 -44.7318
869000 401.665 -19442 105.472
870000 399.471 -19570.2 39.8322
871000 400.526 -19453.3 -43.2176
872000 399.809 -19523.8 -3.7678
873000 399.265 -19495 29.8277
874000 401.531 -19469.5 67.2912
875000 400.699 -19443.8 -56.3267
876000 401.694 -19326.8 69.7889
877000 400.548 -19300.3 -13.562
878000 400.093 -19298.9 -67.6988
879000 399.39 -19456 71.1394
880000 398.152 -19570.4 70.9576
881000 400.493 -19338.9 -105.015
882000 399.158 -19321 13.2007
883000 401.073 -19321.8 -67.2138
884000 401.326 -19432.1 -39.4083
885000 402.945 -19434.4 67.8171
886000 399.35 -19475.2 19.3812
887000 400.814 -19320.6 -59.8723
888000 401.325 -19362.7 69.1041
889000 397.635 -19394.8 -132.848
890000 400.799 -19417.4 224.657
891000 401.978 -19320 -140.427
892000 399.107 -19432.2 -13.4579
893000 399.965 -19551 38.0905
894000 399.452 -19572.1 -155.869
895000 401.046 -19594.3 74.8573
896000 401.357 -19527.2 -25.5578
897000 396.964 -19495 -21.1811
898000 401.232 -19498.8 73.5873
899000 400.444 -19508.2 -64.9096
900000 398.232 -19460.8 43.9084
901000 400.97 -19383 -163.384
902000 400.924 -19420.5 87.5716
903000 397.479 -19554 -148.486
904000 399.945 -19469.1 53.0257
905000 402.116 -19536.4 75.0277
906000 402.487 -19450.2 0.544865
907000 401.392 -19520.2 115.89
908000 400.88 -19393.4 -51.6105
909000 402.017 -19353.2 70.608
910000 400.22 -19408.2 -80.3674
911000 400.902 -19432 -54.9557
912000 400.686 -19428.2 120.301
913000 401.926 -19335.3 -199.059
914000 400.737 -19300.6 91.3053
915000 399.947 -19310.3 39.5448
916000 401.551 -19355.6 -66.178
917000 400.695 -19376.7 20.6566
918000 400.124 -19387 -121.026
919000 398.585 -19500 167.559
920000 399.944 -19352.7 -147.59
921000 398.981 -19415.5 48.4089
922000 402.058 -19443.2 -81.2569
923000 399.331 -19522.3 107.772
924000 399.918 -19392.9 -145.526
925000 397.293 -19386.8 124.229
926000 401.832 -19345.2 -1.69311
927000 400.829 -19397.9 -81.7192
928000 400.352 -19431.5 -7.21537
929000 402.065 -19382.5 32.4696
930000 399.829 -19420.9 55.3594
931000 399.763 -19297.2 -121.971
932000 400.66 -19362.8 51.5632
933000 399.065 -19400 -28.2301
934000 401.917 -19317.5 -109.561
935000 398.509 -19402.4 33.7438
936000 399.746 -19455.7 -61.3734
937000 399.988 -19420.2 60.1005
938000 399.449 -19479.2 -29.5349
939000 400.265 -19443.2 14.081
940000 399.354 -19348.8 -96.5847
941000 400.78 -19374.7 25.7522
942000 400.831 -19237.6 -45.5465
943000 399.16 -19379.5 79.1706
944000 398.346 -19373.2 -17.4856
945000 399.96 -19422.7 -117.455
946000 399.424 -19447.6 29.1334
947000 401.382 -19367.5 64.0379
948000 399.603 -19345.2 -158.134
949000 401.18 -19272.7 12.3545
950000 398.329 -19376.1 101.744
951000 397.934 -19438.3 19.3415
952000 400.456 -19534 41.0478
953000 401.385 -19421.1 -21.3679
954000 400.92 -19470.8 -24.6799
955000 398.767 -19544.7 3.66635
956000 400.379 -19513.3 78.5144
957000 400.777 -19409.8 -107.166
958000 401.667 -19436.2 101.132
959000 400.167 -19335 -20.7422
960000 399.843 -19369.1 53.0687
961000 400.102 -19398.1 -161.386
962000 397.862 -19521.5 59.1504
963000 399.579 -19453.3 -49.4862
964000 400.531 -19401.1 72.1274
965000 397.217 -19478.2 -39.935
966000 401.204 -19443.2 -6.21067
967000 400.862 -19453.8 56.7093
968000 399.671 -19511.1 25.0989
969000 399.569 -19414.2 65.2267
970000 400.469 -19499.2 -61.1726
971000 397.135 -19638.9 110.828
972000 402.312 -19520.2 -34.3514
973000 398.955 -19500.4 -33.3541
974000 400.697 -19410.5 5.53426
975000 397.885 -19467.7 85.843
976000 401.283 -19359 -117.702
977000 401.555 -19380.5 96.8199
978000 398.907 -19515 -19.5996
979000 399.654 -19518.2 22.6874
980000 399.776 -19481.7 -52.8419
981000 400.803 -19474.8 -57.4135
982000 401.72 -19544.3 41.7322
983000 398.831 -19560.9 -48.1336
984000 398.359 -19545.8 89.9814
985000 397.877 -19542.3 -48.3555
986000 401.005 -19419.1 8.1358
987000 399.196 -19413.4 124.64
988000 401.449 -19402.8 -116.876
989000 401.922 -19391.4 5.46906
990000 398.503 -19572.6 21.7625
991000 399.409 -19543.8 -104.492
992000 398.999 -19506 49.1657
993000 399.989 -19525.7 69.0366
994000 401.173 -19387.7 52.7356
995000 401.403 -19475.1 9.97523
996000 401.414 -19567.2 136.45
997000 400.889 -19371.9 -71.6261
998000 402.07 -19247 -29.3646
999000 399.238 -19338 -80.238
1000000 399.093 -19363.9 115.52
1001000 399.101 -19335.9 28.17
1002000 398.59 -19509.2 -14.612
1003000 402.025 -19549.1 6.86201
1004000 399.924 -19586.4 134.833
1005000 401.114 -19309.2 -162.028
1006000 400.626 -19351.5 104.065
1007000 399.358 -19320.3 -25.6086
1008000 399.962 -19363.2 -11.6858
1009000 398.627 -19439.1 85.4179
1010000 398.456 -19386.9 -44.3575
1011000 402.296 -19285 52.9787
1012000 397.531 -19376.8 46.5116
1013000 398.381 -19327.5 -17.3368
1014000 398.489 -19349.3 -84.0859
1015000 399.321 -19515.9 52.4243
1016000 401.457 -19482.3 19.4028
1017000 400.773 -19421.4 -65.2628
1018000 400.143 -19437.9 4.90196
1019000 400.996 -19460.2 -106.861
1020000 401.423 -19510.4 20.2128
1021000 402.613 -19446.3 27.1332
1022000 397.601 -19494.3 -126.37
1023000 400.612 -19345.3 13.8572
1024000 398.118 -19462.7 44.1081
1025000 401.071 -19470.5 25.8465
1026000 399.071 -19486.5 14.0526
1027000 400.35 -19505.4 -33.3491
1028000 399.231 -19559.1 73.8283
1029000 399.73 -19409.3 -133.285
1030000 400.786 -19435.2 57.2348
1031000 400.563 -19439.3 -64.7477
1032000 400.417 -19503.3 120.049
1033000 402.511 -19389.5 -132.522
1034000 397.924 -19540.9 103.866
1035000 398.754 -19557.9 -15.5312
1036000 400.256 -19541.2 -51.1207
1037000 397.956 -19630 11.2739
1038000 398.644 -19447.8 66.4111
1039000 401.462 -19294.9 -183.504
1040000 401.674 -19442.1 197.591
1041000 399.852 -19504.9 79.1896
1042000 400.49 -19445.6 -46.3335
1043000 400.146 -19493.3 -1.04584
1044000 397.651 -19466.5 -63.5304
1045000 400.972 -19364.4 37.7826
1046000 399.166 -19361.5 50.832
1047000 398.227 -19388.6 -75.1484
1048000 398.287 -19494.3 34.7116
1049000 400.064 -19497.4 -63.7742
1050000 399.131 -19513.9 -0.24465
1051000 400.563 -19462.3 -9.81306
1052000 398.184 -19558 -11.8245
1053000 400.389 -19557.4 -98.7124
1054000 401.496 -19492.4 51.7665
1055000 399.099 -19539.1 112.427
1056000 398.411 -19639.1 -44.6887
1057000 399.495 -19639.4 -39.1117
1058000 399.066 -19607.1 -43.2351
1059000 402.52 -19617.9 130.353
1060000 399.529 -19567.3 -78.1718
1061000 399.706 -19594.7 62.3664
1062000 398.814 -19591.2 -179.222
1063000 400.936 -19593.6 96.2124
1064000 401.8 -19497.4 64.3754
1065000 400.753 -19550.9 32.8048
1066000 398.31 -19527 -76.42
1067000 399.057 -19484.7 -41.7165
1068000 400.715 -19374 -79.0331
1069000 399.284 -19475.1 66.4403
1070000 400.477 -19438.5 63.9732
1071000 399.788 -19341.5 -108.092
1072000 398.455 -19402.8 0.352
1073000 399.937 -19392 126.747
1074000 400.783 -19326.8 -73.6602
1075000 401.196 -19361.2 -48.1391
1076000 401.044 -19372.1 133.812
1077000 400.952 -19417.9 -77.3886
1078000 400.428 -19454 -13.7383
1079000 400.913 -19565.9 12.4249
1080000 401.527 -19476.4 -52.8382
1081000 401.033 -19424.7 96.7688
1082000 399.93 -19386.8 17.3134
1083000 398.399 -19382.6 -13.1441
1084000 400.776 -19345.1 -87.6215
1085000 400.741 -19195.3 -65.8213
1086000 400.92 -19365.3 35.7747
1087000 400.737 -19409.6 -31.7007
1088000 398.846 -19541 50.895
1089000 400.411 -19407.3 -100.578
1090000 398.689 -19326.6 -85.2483
1091000 400.782 -19453.3 118.278
1092000 399.816 -19456.5 -64.4509
1093000 399.755 -19656.2 -49.1955
1094000 398.874 -19699.7 44.2799
1095000 400.102 -19570.6 18.1637
1096000 399.929 -19508.8 -151.973
1097000 400.07 -19562.4 132.91
1098000 400.26 -19510.5 25.3804
1099000 400.406 -19496.5 -21.9351
1100000 401.634 -19557.4 -101.889
1101000 399.658 -19564.1 2.1452
1102000 399.481 -19570 82.8435
1103000 398.448 -19616.6 -82.2962
1104000 398.068 -19510.7 26.5389
1105000 398.989 -19453.8 14.2103
1106000 400.275 -19435 21.3385
1107000 401.07 -19389.1 -56.918
1108000 401.473 -19501.8 41.9345
1109000 398.438 -19453.8 -139.864
1110000 400.523 -19444.9 146.817
1111000 397.772 -19421.5 -37.6761
1112000 399.318 -19428.9 -18.5452
1113000 399.57 -19401.2 69.8216
1114000 399.832 -19366.6 41.5129
1115000 400.274 -19371.1 -40.1435
1116000 399.878 -19499.4 43.9527
1117000 403.173 -19462.9 -66.3804
1118000 398.884 -19639.7 15.2451
1119000 400.373 -19530.3 -117.879
1120000 398.512 -19621.1 183.826
1121000 400.511 -19561.4 10.5629
1122000 400.403 -19470.4 61.2639
1123000 401.437 -19391 56.0254
1124000 399.862 -19350.5 -168.286
1125000 400.454 -19440.5 106.451
1126000 399.182 -19497.3 19.4446
1127000 401.758 -19328.7 112.984
1128000 398.316 -19420.1 -205.766
1129000 398.161 -19565.2 188.124
1130000 400.876 -19451.9 -53.2038
1131000 399.95 -19560.5 -18.1222
1132000 398.779 -19548.2 65.0155
1133000 400.689 -19500.3 4.53976
1134000 400.217 -19505.9 -89.3576
1135000 399.83 -19515.9 -44.7372
1136000 400.078 -19506.1 99.0569
1137000 399.336 -19418.4 -83.4006
1138000 398.925 -19574.7 60.9757
1139000 401.556 -19612.5 -16.1909
1140000 401.604 -19390.3 -127.492
1141000 398.465 -19345.1 45.5109
1142000 398.052 -19488.8 2.23683
1143000 397.968 -19522.3 71.346
1144000 401.776 -19410.7 -167.597
1145000 399.664 -19507 87.4776
1146000 398.851 -19441.8 23.2831
1147000 399.414 -19426.8 -61.5339
1148000 400.443 -19461.7 187.305
1149000 400.851 -19366.5 -118.249
1150000 400.084 -19471.3 -6.70042
1151000 397.567 -19546.4 23.9191
1152000 400.317 -19531.5 -87.8793
1153000 399.182 -19568.7 123.902
1154000 400.128 -19649.1 -66.7657
1155000 400.743 -19616.3 -71.5585
1156000 401.721 -19511.1 65.049
1157000 398.786 -19545.8 51.2192
1158000 399.592 -19479.5 -53.0135
1159000 401.133 -19373.7 -72.5908
1160000 399.696 -19524.8 111.832
1161000 400.802 -19485 -6.90584
1162000 399.682 -19460.4 -157.19
1163000 400.409 -19492.8 154.538
1164000 398.612 -19429.7 -101.641
1165000 401.372 -19410.9 90.0845
1166000 397.785 -19442.8 -27.063
1167000 400.677 -19449.7 -33.8634
1168000 399.236 -19411.6 -11.6146
1169000 399.568 -19441.9 -35.384
1170000 399.58 -19417.9 -12.2382
1171000 399.709 -19490.3 69.4018
1172000 401.102 -19492.9 -142.496
1173000 397.08 -19531 -7.57326
1174000 397.539 -19473 189.743
1175000 397.736 -19434.6 -77.4233
1176000 402.022 -19321.3 -43.7049
1177000 399.544 -19406 -0.631306
1178000 402.29 -19325.7 -61.9876
1179000 400.574 -19274.2 -25.6643
1180000 399.704 -19310.8 -0.25123
1181000 400.739 -19350.8 -0.200059
1182000 401.717 -19413.9 -28.9455
1183000 398.272 -19585 134.29
1184000 399.849 -19452.1 -82.6421
1185000 401.143 -19361.4 -56.1708
1186000 399.14 -19427.5 -145.744
1187000 399.142 -19445.3 26.865
1188000 397.475 -19429.9 -42.5118
1189000 400.764 -19485.9 62.7815
1190000 398.157 -19550.2 71.202
1191000 400.489 -19433.9 -139.932
1192000 399.869 -19564.2 106.457
1193000 401.789 -19346.5 -83.1117
1194000 398.806 -19478.6 48.3688
1195000 402.012 -19371.1 -41.7849
1196000 399.911 -19412.3 139.473
1197000 398.72 -19464.5 -102.174
1198000 399.71 -19398.5 33.6431
1199000 401.8 -19348.4 -155.622
1200000 401.149 -19411.2 185.863
1201000 398.862 -19392.4 -75.6961
1202000 399.294 -19539.7 33.6893
1203000 401.089 -19422.6 -12.6692
1204000 402.242 -19356.8 21.7223
1205000 400.845 -19368.2 -53.4795
1206000 400.243 -19400.2 131.82
1207000 397.414 -19281.4 -107.399
1208000 400.675 -19382.6 -18.15
1209000 400.584 -19428.4 34.7805
1210000 402.764 -19313.3 -25.2438
1211000 402.239 -19319.7 16.5575
1212000 400.4 -19421.6 1.84458
1213000 400.362 -19402.1 -89.4048
1214000 402.12 -19305 92.4178
1215000 398.678 -19406.9 -25.4909
1216000 399.054 -19361.4 -65.3904
1217000 398.522 -19558.8 51.6468
1218000 401.517 -19480.2 84.3203
1219000 402.364 -19325.4 -160.134
1220000 398.169 -19400.5 60.7813
1221000 400.817 -19341.5 59.8121
1222000 400.429 -19223.9 29.854
1223000 401.178 -19263.7 -72.4754
1224000 401.049 -19374.3 -65.4861
1225000 399.681 -19531.5 -27.4605
1226000 399.384 -19538.7 -25.6051
1227000 399.856 -19434.5 31.127
1228000 400.716 -19443.9 56.5106
1229000 401.671 -19329.2 45.3927
1230000 400.668 -19367.9 -35.2361
1231000 400.641 -19446.8 -30.4415
1232000 399.816 -19400.7 59.0707
1233000 402.999 -19295.3 -41.2266
1234000 400.668 -19432.4 78.5716
1235000 398.461 -19461 29.7327
1236000 400.615 -19339.9 -107.273
1237000 400.954 -19461.4 11.0902
1238000 402.978 -19448.4 103.559
1239000 402.464 -19352.5 -98.1522
1240000 398.546 -19364.3 54.6462
1241000 399.083 -19302.6 -0.545174
1242000 399.761 -19279.8 87.5316
1243000 403.397 -19358 -86.8391
1244000 398.485 -19391.9 -18.5524
1245000 399.648 -19419.9 33.5111
1246000 401.216 -19433.3 -82.6013
1247000 400.6 -19476 176.366
1248000 401.748 -19407.1 26.2572
1249000 401.165 -19490 -36.7269
1250000 401.015 -19443.4 -12.7693
1251000 399.74 -19463.4 -11.7112
1252000 397.829 -19502.6 -20.9544
1253000 400.215 -19606.7 -19.0447
1254000 400.267 -19593.9 79.1049
1255000 399.882 -19434.3 -4.37532
1256000 399.371 -19511.6 -84.9239
1257000 401.78 -19483.5 47.8699
1258000 398.98 -19469.5 -81.3001
1259000 400.64 -19523.4 170.971
1260000 400.743 -19301.7 -92.6846
1261000 398.161 -19258 -15.7719
1262000 402.821 -19251.5 68.4362
1263000 400.034 -19273 -131.289
1264000 400.549 -19307.8 123.307
1265000 400.307 -19306 -63.9158
1266000 399.245 -19293.1 -41.8901
1267000 399.446 -19498.4 -1.5402
1268000 398.985 -19539 -11.0576
1269000 398.685 -19504.3 124.469
1270000 401.415 -19457.5 -3.82975
1271000 398.683 -19486.7 10.5183
1272000 399.843 -19361.8 -70.9029
1273000 398.915 -19525.8 50.4823
1274000 400.587 -19470.3 -45.1462
1275000 401.399 -19485 -5.06739
1276000 400.884 -19423.2 19.3879
1277000 402.695 -19329.8 19.5339
1278000 399.387 -19494.9 -12.3728
1279000 399.528 -19449.6 3.75848
1280000 399.97 -19438.5 -70.8312
1281000 402.456 -19402.5 35.3923
1282000 400.164 -19383.6 65.684
1283000 401.447 -19354.5 -109.457
1284000 400.658 -19380.7 32.1412
1285000 398.357 -19539 -32.3148
1286000 399.852 -19499.3 28.258
1287000 397.443 -19441.4 -86.4256
1288000 400.764 -19524.1 76.3534
1289000 399.138 -19566.2 28.9085
1290000 401.806 -19470 24.3069
1291000 400.152 -19520.8 -54.0021
1292000 399.798 -19405.8 -12.244
1293000 400.84 -19416.7 48.5768
1294000 402.549 -19423.4 -99.4749
1295000 399.904 -19504.6 86.4572
1296000 398.745 -19515.5 -45.8992
1297000 399.025 -19563.5 -19.7487
1298000 399.472 -19543.2 -19.9277
1299000 399.433 -19495.6 127.988
1300000 399.405 -19490.5 74.7524
1301000 400.008 -19360.4 -213.759
1302000 400.69 -19469.1 67.4297
1303000 400.058 -19374.5 26.1681
1304000 398.465 -19406.2 -130.715
1305000 399.87 -19420.2 67.8577
1306000 398.8 -19426.9 -11.3003
1307000 400.674 -19362.4 -38.6591
1308000 399.237 -19626.9 28.9805
1309000 402.163 -19509.5 7.70124
1310000 400.155 -19490.1 56.5787
1311000 401.255 -19438.8 20.5283
1312000 398.525 -19410.2 -66.4663
1313000 398.992 -19439 63.1361
1314000 402.562 -19313.8 -15.2913
1315000 401.408 -19362.2 41.5096
1316000 398.789 -19365.7 -26.0796
1317000 399.72 -19471.6 -71.1757
1318000 401.407 -19416.1 -6.43982
1319000 400.114 -19346.7 -74.6936
1320000 400.876 -19500.7 151.34
1321000 399.432 -19584.8 19.0098
1322000 402.71 -19461.8 -182.951
1323000 400.087 -19562.4 86.1923
1324000 401.209 -19529.9 -37.6428
1325000 400.069 -19543.9 -58.1402
1326000 399.32 -19485.8 37.3557
1327000 399.337 -19477.1 -44.9721
1328000 398.854 -19558.3 54.4826
1329000 400.022 -19611.7 -22.656
1330000 399.868 -19544.5 -85.758
1331000 398.566 -19514.1 129.797
1332000 400.781 -19454.5 88.6409
1333000 401.406 -19301 -135.717
1334000 399.479 -19350.3 81.9562
1335000 399.437 -19288.2 190.662
1336000 401.41 -19258 -121.485
1337000 401.801 -19186.4 -56.063
1338000 401.768 -19397.5 62.6574
1339000 399.008 -19523.6 80.2015
1340000 400.76 -19350.2 -89.1387
1341000 400.788 -19391.4 -5.59011
1342000 398.289 -19411.7 -90.8079
1343000 398.475 -19448.4 112.164
1344000 399.417 -19451 50.7303
1345000 399.734 -19468.8 -62.8203
1346000 400.065 -19347.1 13.0226
1347000 397.544 -19395.1 -34.0529
1348000 399.643 -19426.2 -4.98928
1349000 398.877 -19505.9 21.5478
1350000 399.751 -19580.5 16.6749
1351000 399.961 -19497.6 -80.0678
1352000 397.235 -19497.7 32.7956
1353000 399.393 -19378.3 -59.46
1354000 399.623 -19376 -101.66
1355000 401.176 -19479.4 112.015
1356000 400.613 -19540.7 -81.0135
1357000 397.793 -19568.1 183.064
1358000 398.491 -19496.7 -56.9504
1359000 400.342 -19522.6 48.0845
1360000 400.086 -19566.1 -67.5397
1361000 401.846 -19446.7 164.178
1362000 400.971 -19454.7 -144.276
1363000 399.401 -19546.8 -17.3823
1364000 398.667 -19503.5 39.1091
1365000 399.455 -19396.3 -0.89788
1366000 399.455 -19343.8 -22.7019
1367000 401.472 -19382 3.77252
1368000 401.236 -19483.4 -132.566
1369000 397.451 -19606 117.048
1370000 401.005 -19636.6 5.58796
1371000 400.106 -19560.7 -92.2491
1372000 400.088 -19532.7 66.7803
1373000 399.001 -19652.8 -90.9341
1374000 400.145 -19574.5 133.749
1375000 397.744 -19465.5 -33.8343
1376000 401.86 -19452.3 52.745
1377000 400.237 -19378.4 -124.907
1378000 399.249 -19353.2 115.507
1379000 399.033 -19435.7 3.78463
1380000 398.277 -19462.5 131.246
1381000 400.028 -19447.2 -122.043
1382000 400.275 -19447.5 -10.5075
1383000 397.417 -19511.1 -43.3854
1384000 400.805 -19577.8 78.6762
1385000 403 -19461.3 -81.5284
1386000 400.06 -19496.3 76.3279
1387000 399.887 -19466.5 -46.4197
1388000 400.877 -19521.9 -39.4358
1389000 399.235 -19478.1 -32.6455
1390000 398.154 -19509.9 8.47483
1391000 399.411 -19489.4 89.5445
1392000 400.036 -19464.9 -126.558
1393000 401.059 -19484 80.8566
1394000 398.069 -19541.6 12.5033
1395000 401.661 -19459.1 -48.3117
1396000 400.785 -19543 110.32
1397000 401.496 -19476 -96.7507
1398000 398.291 -19542.4 -34.631
1399000 400.492 -19401.7 120.786
1400000 397.317 -19383.2 -5.60194
1401000 399.069 -19343.2 -97.261
1402000 398.732 -19446.5 116.284
1403000 399.048 -19371.2 -148.721
1404000 400.096 -19399.4 77.4347
1405000 400.206 -19453.7 49.1383
1406000 399.626 -19412.1 -86.6327
1407000 402.587 -19306.6 156.557
1408000 400.884 -19436.7 -20.6257
1409000 399.388 -19419.6 -15.9866
1410000 398.879 -19433.2 -81.3287
1411000 399.989 -19458.5 79.2514
1412000 396.999 -19426.3 -75.2295
1413000 401.742 -19405.4 7.20621
1414000 399.693 -19509.1 124.989
1415000 402.089 -19495.3 3.25936
1416000 399.629 -19536 53.9622
1417000 401.622 -19509.6 -20.7301
1418000 403.681 -19360 -84.523
1419000 399.65 -19484.5 58.7032
1420000 400.477 -19418.3 -12.7331
1421000 400.765 -19368.1 -46.4447
1422000 400.635 -19308.6 -61.7999
1423000 401.949 -19397.8 20.2702
1424000 400.407 -19451.8 95.3833
1425000 400.459 -19383.2 -100.715
1426000 399.371 -19404.4 -90.2369
1427000 400.457 -19423.6 70.3932
1428000 399.274 -19548.9 -135.802
1429000 399.507 -19500.4 62.5496
1430000 402.847 -19373.3 76.4696
1431000 401.668 -19416 -92.7175
1432000 400.522 -19473.8 93.9618
1433000 399.679 -19440.6 -25.8212
1434000 399.491 -19432.3 -1.6565
1435000 401.226 -19329.3 -128.751
1436000 400.788 -19465.2 177.427
1437000 399.911 -19419.7 10.969
1438000 401.975 -19439.3 -16.1371
1439000 400.887 -19440.4 -67.3848
1440000 400.887 -19472.4 6.05683
1441000 401.617 -19359 58.4788
1442000 400.478 -19432.6 64.2071
1443000 399.86 -19383.8 -82.5282
1444000 400.066 -19388.9 9.03755
1445000 402.986 -19424 123.924
1446000 399.582 -19491.9 -85.2685
1447000 400.105 -19584.3 94.3943
1448000 398.683 -19499 -92.094
1449000 402.427 -19423.8 -59.6814
1450000 399.243 -19515.6 37.239
1451000 401.258 -19391.9 -71.7723
1452000 398.442 -19467.1 -4.92828
1453000 398.621 -19385.8 57.4824
1454000 398.627 -19394.8 -89.6049
1455000 400.319 -19389.3 63.9467
1456000 401.277 -19388.4 51.1046
1457000 398.701 -19314.3 -137.507
1458000 398.899 -19327.8 157.924
1459000 399.53 -19391.8 -127.68
1460000 399.504 -19524.7 111.882
1461000 399.369 -19447.4 -12.6259
1462000 400.236 -19402.4 -102.842
1463000 401.017 -19454.2 147.759
1464000 399.269 -19421.6 -151.891
1465000 397.925 -19453.6 163.649
1466000 401.431 -19316 -50.7578
1467000 398.385 -19391.8 -66.1577
1468000 401.539 -19396.9 23.7814
1469000 400.565 -19320.2 182.01
1470000 400.273 -19376.5 -112.893
1471000 401.649 -19297.6 41.3249
1472000 401.048 -19323.9 -104.387
1473000 401.142 -19450.1 50.838
1474000 400.427 -19557.8 -52.0576
1475000 398.304 -19653.9 -28.2067
1476000 399.686 -19447.4 111.94
1477000 400.545 -19403.7 -10.021
1478000 399.351 -19382.9 -8.59219
1479000 403.236 -19365.3 37.0168
1480000 400.322 -19398.1 -17.54
1481000 401.09 -19505.2 88.9889
1482000 401.621 -19414.3 -85.7449
1483000 399.052 -19564.3 124.425
1484000 399.945 -19432.6 -86.4782
1485000 400.124 -19395.8 72.3603
1486000 398.755 -19321.4 -2.90676
1487000 398.819 -19387.6 36.1316
1488000 401.628 -19374.6 -101.807
1489000 399.633 -19422.5 45.8763
1490000 399.504 -19450.2 83.1368
1491000 401.683 -19460.6 32.3016
1492000 401.025 -19401.8 -159.886
1493000 399.567 -19365.9 190.774
1494000 401.341 -19426.8 -29.2113
1495000 400.559 -19426.6 -80.3212
1496000 401.175 -19413.9 38.155
1497000 399.886 -19522.1 -0.871631
1498000 397.329 -19501.2 34.3163
1499000 401.28 -19359.9 68.0693
1500000 399.129 -19515.1 137.085
1501000 400.637 -19411.4 -53.5875
1502000 401.668 -19417.5 -18.4558
1503000 399.879 -19521.8 75.4764
1504000 402.263 -19497.2 -65.9007
1505000 398.29 -19496.2 45.8513
1506000 401.22 -19427.1 -225.278
1507000 400.702 -19529.2 20.4258
1508000 400.183 -19452.2 11.9833
1509000 401.169 -19390.9 -53.9997
1510000 399.519 -19570.4 63.143
1511000 398.88 -19576.1 -53.8471
1512000 399.913 -19488.8 -87.412
1513000 400.452 -19334.9 21.5533
1514000 402.362 -19328.9 126.256
1515000 399.012 -19379.1 -2.88938
1516000 399.939 -19484.2 73.8012
1517000 399.021 -19455.8 -96.624
1518000 399.773 -19517.8 -2.51967
1519000 400.193 -19331.4 127.353
1520000 401.29 -19381.3 57.3236
1521000 400.038 -19476.9 -66.0515
1522000 402.774 -19355.8 -22.4628
1523000 399.54 -19447.1 99.5323
1524000 400.585 -19345.9 -17.3989
1525000 399.901 -19416.4 -74.633
1526000 402.013 -19349.6 111.091
1527000 398.995 -19409.8 -45.3856
1528000 400.809 -19419.2 2.19797
1529000 401.878 -19351 -62.8391
1530000 399.863 -19356.6 103.589
1531000 400.98 -19413.7 -5.79444
1532000 399.891 -19419.9 34.8055
1533000 400.725 -19482.1 56.6474
1534000 400.495 -19478.4 -43.3646
1535000 400.822 -19509.5 19.5571
1536000 399.259 -19552.3 -5.63885
1537000 398.595 -19643.2 -6.94001
1538000 401.713 -19553.7 -104.808
1539000 399.497 -19444.5 176.117
1540000 399.889 -19337.6 4.93854
1541000 400.86 -19385.8 14.9399
1542000 399.437 -19442.6 -1.52455
1543000 402.007 -19536.2 -67.2796
1544000 399.136 -19616.1 135.08
1545000 399.093 -19444.4 -102.394
1546000 400.612 -19336.7 19.3151
1547000 398.681 -19407.8 -8.98168
1548000 400.085 -19434.1 -64.6167
1549000 399.001 -19384.3 -25.1489
1550000 399.557 -19449.7 79.1982
1551000 399.708 -19455.1 -83.7213
1552000 399.73 -19331.8 -54.0683
1553000 401.704 -19276.5 -26.7826
1554000 400.232 -19280.4 73.0246
1555000 400.68 -19292.5 39.568
1556000 401.852 -19397.3 49.4369
1557000 399.551 -19471 -122.48
1558000 399.463 -19394.6 -32.7232
1559000 398.904 -19472.1 209.482
1560000 401.106 -19378.5 -152.459
1561000 401.656 -19413.6 27.7229
1562000 399.119 -19484.6 63.5379
1563000 399.852 -19474.2 -128.218
1564000 396.615 -19549 119.052
1565000 400.006 -19300.3 -118.232
1566000 399.201 -19393 133.939
1567000 399.035 -19326.6 -11.6504
1568000 403.248 -19288.7 -56.3536
1569000 399.34 -19300.3 60.2226
1570000 399.41 -19340.9 -71.2132
1571000 401.957 -19418 3.13228
1572000 401.478 -19308.1 -15.574
1573000 400.865 -19351.7 -13.0412
1574000 398.908 -19383.9 -58.8753
1575000 400.258 -19384 103.864
1576000 397.413 -19475 -70.7021
1577000 399.122 -19389.4 49.7303
1578000 399.011 -19379.9 -72.4513
1579000 398.844 -19422.9 -58.0258
1580000 397.733 -19512.2 119.372
1581000 403.07 -19400.8 83.0181
1582000 400.88 -19370.4 -111.023
1583000 400.946 -19475.3 3.13717
1584000 398.621 -19563.5 62.4262
1585000 398.788 -19542.4 -73.1573
1586000 398.577 -19617.3 30.6082
1587000 400.458 -19526 -21.3037
1588000 402.401 -19508.4 51.9282
1589000 400.269 -19465.9 -38.1202
1590000 400.065 -19489.1 17.6721
1591000 401.703 -19468.6 26.0812
1592000 398.256 -19522.5 -26.8664
1593000 401.692 -19438.4 -39.4236
1594000 400.176 -19318.3 -53.5283
1595000 400.829 -19193.6 77.4457
1596000 401.607 -19253.8 36.8512
1597000 400.913 -19385.9 -41.9399
1598000 399.707 -19502.2 16.6832
1599000 400.356 -19540.9 -62.1231
1600000 401.094 -19483.5 127.704
1601000 399.812 -19414.5 -199.157
1602000 399.944 -19555.7 102.068
1603000 399.567 -19515.5 -33.2957
1604000 399.054 -19539.6 138.743
1605000 399.252 -19523.9 -34.9272
1606000 398.413 -19572.8 -38.723
1607000 400.435 -19488.1 -48.8684
1608000 399.389 -19533.2 64.4692
1609000 400.095 -19511.2 -72.4521
1610000 399.115 -19547.5 83.483
1611000 400.904 -19560.7 -20.5119
1612000 400.254 -19605.4 -51.9165
1613000 401.022 -19516.9 34.6998
1614000 401.23 -19482.4 6.60433
1615000 399.497 -19492.5 11.4236
1616000 400.423 -19418.5 -30.2422
1617000 399.156 -19459.5 -68.8461
1618000 399.709 -19489.1 9.82735
1619000 400.195 -19526 55.2599
1620000 399.769 -19419.6 33.2629
1621000 398.93 -19341.1 -97.2487
1622000 399.853 -19453.7 45.2881
1623000 400.152 -19342.8 -18.2124
1624000 401.289 -19375 -55.929
1625000 400.565 -19540.2 40.4102
1626000 401.055 -19414 -29.2377
1627000 401.999 -19417.1 -38.6692
1628000 397.9 -19527.5 96.7485
1629000 399.733 -19421.3 -103.427
1630000 399.599 -19418.7 -2.30108
1631000 400.05 -19386.8 8.758
1632000 398.962 -19395 -115.252
1633000 398.421 -19456.6 159.49
1634000 400.465 -19390.3 55.9451
1635000 401.638 -19336.8 -36.7674
1636000 400.624 -19262.8 -15.0667
1637000 399.452 -19233.6 25.8217
1638000 397.091 -19262.1 -9.03277
1639000 400.435 -19195.1 88.8764
1640000 401.263 -19238.7 -8.03823
1641000 399.435 -19503.7 53.3321
1642000 398.729 -19467.7 13.9521
1643000 400.379 -19471.5 -57.1968
1644000 401.702 -19421.2 30.3788
1645000 401.562 -19463.2 78.7122
1646000 398.284 -19475 55.2864
1647000 399.189 -19519.2 -103.814
1648000 399.79 -19602.4 14.0914
1649000 398.62 -19500.5 3.45036
1650000 400.366 -19521.5 13.247
1651000 396.941 -19649.4 -68.0193
1652000 400.103 -19495 55.8283
1653000 399.845 -19459.2 34.5591
1654000 400.277 -19319.9 87.0818
1655000 398.554 -19424.1 -149.626
1656000 398.397 -19469.4 -6.84923
1657000 401.669 -19393.2 54.6866
1658000 400.577 -19475.3 80.9314
1659000 398.611 -19415.4 11.4855
1660000 401.066 -19385.9 -34.4774
1661000 400.477 -19420.9 56.4616
1662000 399.303 -19521.1 38.0469
1663000 400.473 -19508.6 -153.905
1664000 399.251 -19470.4 -49.4298
1665000 400.057 -19559.8 143.419
1666000 399.326 -19545.3 15.7797
1667000 399.712 -19483.8 109.883
1668000 399.245 -19443.7 -74.4351
1669000 399.652 -19479.6 -0.360469
1670000 399.408 -19538.3 107.429
1671000 399.95 -19422.4 -162.703
1672000 398.709 -19484.3 54.1671
1673000 399.489 -19490.7 134.612
1674000 399.585 -19500.4 -47.042
1675000 400.215 -19411 -52.4897
1676000 399.027 -19516 -21.0722
1677000 400.556 -19509.2 64.9514
1678000 402.667 -19451.6 52.8861
1679000 399.717 -19441.8 -101.238
1680000 400.883 -19383.8 -20.9437
1681000 400.251 -19467.8 55.7204
1682000 397.4 -19322.5 -8.69498
1683000 401.002 -19425.3 57.085
1684000 401.32 -19488.9 14.7984
1685000 400.442 -19456.5 -96.4343
1686000 398.782 -19437.1 12.4045
1687000 400.364 -19491.7 -28.9587
1688000 401.102 -19432.2 142.88
1689000 400.513 -19491 20.6458
1690000 402.84 -19432.8 -181.752
1691000 400.064 -19526.4 120.312
1692000 399.418 -19444.7 -79.7631
1693000 398.451 -19508.7 148.362
1694000 400.859 -19366.5 -86.5771
1695000 400.909 -19400.3 135.293
1696000 400.035 -19264.3 -164.877
1697000 398.701 -19319 120.493
1698000 400.558 -19300.7 67.0167
1699000 401 -19351.8 -172.183
1700000 399.447 -19410.3 181.253
1701000 400.008 -19352.6 62.5132
1702000 401.215 -19457.9 -8.53799
1703000 399.22 -19442.9 84.3658
1704000 398.585 -19405.9 -102.959
1705000 399.505 -19432.7 66.3974
1706000 400.086 -19454.4 -56.4615
1707000 400.657 -19498.5 -68.1891
1708000 399.646 -19527.8 79.5091
1709000 400.684 -19416.5 -103.836
1710000 403.44 -19428 126.129
1711000 400.831 -19407.3 -144.463
1712000 400.419 -19426.3 68.9668
1713000 398.345 -19405.7 -11.1043
1714000 401.415 -19289.6 -99.7414
1715000 398.004 -19331.4 166.899
1716000 398.025 -19300.9 -60.8387
1717000 400.37 -19415.3 -13.6542
1718000 398.019 -19447 -25.3619
1719000 400.939 -19373.2 43.2553
1720000 401.47 -19336 -135.387
1721000 398.447 -19429.7 17.6491
1722000 401.319 -19419.3 -114.052
1723000 398.739 -19539.1 47.1073
1724000 401.837 -19505.8 -136.672
1725000 396.39 -19584.1 22.0396
1726000 398.544 -19623.5 -8.19577
1727000 398.779 -19646.5 6.25781
1728000 399.983 -19638.6 61.8864
1729000 398.915 -19507.5 10.9995
1730000 399.187 -19368.6 -64.0376
1731000 397.426 -19516.2 -3.89221
1732000 399.476 -19343.4 15.4566
1733000 402.008 -19311.4 -25.327
1734000 399.158 -19319.6 -56.218
1735000 400.689 -19386.1 -37.3149
1736000 398.808 -19384.7 34.5305
1737000 399.752 -19363.4 -45.6609
1738000 402.543 -19318.3 -8.38178
1739000 400.348 -19422.6 -2.16241
1740000 399.01 -19315.6 25.2569
1741000 399.174 -19269.6 -38.7334
1742000 401.522 -19302.4 18.4754
1743000 401.215 -19333.7 -61.5072
1744000 400.863 -19394.2 24.605
1745000 399.749 -19398.2 -10.2699
1746000 400.16 -19565.8 -17.3023
1747000 399.66 -19586.1 17.1363
1748000 400.739 -19424.3 -15.9915
1749000 398.548 -19360.1 -140.484
1750000 400.526 -19277.5 115.693
1751000 398.947 -19334.9 -95.4622
1752000 400.432 -19368 54.6352
1753000 399.393 -19402.2 -60.5738
1754000 397.972 -19410.4 9.04744
1755000 400.681 -19450 44.3239
1756000 401.159 -19429.6 74.5102
1757000 399.696 -19345.8 -147.582
1758000 400.134 -19450.9 0.245067
1759000 402.448 -19341.7 -63.278
1760000 400.691 -19445.2 43.1129
1761000 399.768 -19477.7 66.6956
1762000 400.035 -19430.1 -13.4514
1763000 400.795 -19408.1 89.9312
1764000 398.383 -19457.6 4.334
1765000 401.169 -19324.6 -90.4936
1766000 398.796 -19418.6 5.47909
1767000 399.717 -19366.9 -31.7753
1768000 398.551 -19515.8 60.3222
1769000 400.367 -19386.7 3.71362
1770000 401.779 -19329.6 -76.1776
1771000 399.968 -19387.9 23.4874
1772000 400.096 -19512.1 29.7852
1773000 397.753 -19570.3 -16.4829
1774000 400.157 -19519.1 8.80916
1775000 399.311 -19541.9 113.251
1776000 398.292 -19450.5 -130.261
1777000 399.443 -19394.1 -29.4308
1778000 399.669 -19511.3 180.68
1779000 400.372 -19284 2.27387
1780000 397.956 -19259.1 -52.3848
1781000 400.547 -19400.1 66.5034
1782000 401.296 -19309.1 -120.268
1783000 400.592 -19485.4 8.47607
1784000 399.475 -19572.4 113.671
1785000 401.321 -19488.5 -82.2244
1786000 400.397 -19330.9 -118.431
1787000 399.406 -19404.1 135.819
1788000 398.068 -19491.6 -39.5412
1789000 401.445 -19467.1 -107.201
1790000 401.246 -19442.4 77.7173
1791000 397.5 -19430.6 1.48175
1792000 401.522 -19343.2 107.263
1793000 401.049 -19365.4 -148.832
1794000 398.689 -19468.4 43.2746
1795000 400.215 -19406 -1.61376
1796000 400.499 -19424.2 83.5295
1797000 400.025 -19357.9 -35.3285
1798000 399.557 -19494.7 -25.5714
1799000 400.358 -19552.3 93.2808
1800000 399.676 -19484 6.59126
1801000 399.459 -19371.6 95.0388
1802000 399.176 -19493.7 -167.15
1803000 398.421 -19463.1 90.3991
1804000 401.311 -19317.8 -15.9617
1805000 399.758 -19347.2 -104.431
1806000 402.076 -19402.5 70.2811
1807000 400.429 -19415.9 -72.5826
1808000 400.121 -19424.5 6.72922
1809000 396.645 -19526.1 -69.7575
1810000 398.871 -19582.4 46.0905
1811000 402.298 -19448.6 -81.0311
1812000 400.282 -19470.2 77.5581
1813000 401.184 -19401.1 -77.7719
1814000 399.535 -19506.4 -71.8336
1815000 399.683 -19500.3 41.8035
1816000 401.27 -19520.5 -28.4428
1817000 400.31 -19474.1 16.5053
1818000 398.875 -19460.8 127.145
1819000 397.468 -19515.5 -69.4337
1820000 400.59 -19415.5 86.6728
1821000 399.453 -19209.1 -200.848
1822000 400.504 -19294.4 75.7387
1823000 401.671 -19296.5 -48.0606
1824000 399.563 -19284 42.2907
1825000 401.789 -19362.9 8.50877
1826000 398.46 -19418.8 -131.123
1827000 402.69 -19416.1 52.3329
1828000 401.08 -19380.2 -2.2172
1829000 396.778 -19485.1 45.5107
1830000 399.89 -19445.5 -133.366
1831000 400.341 -19287.6 77.368
1832000 400.79 -19320.6 -1.32636
1833000 400.118 -19472.3 -49.7378
1834000 400.137 -19500.1 40.3385
1835000 400.64 -19423.8 -38.9897
1836000 399.494 -19369.9 -82.1282
1837000 398.38 -19481.7 4.69781
1838000 400.36 -19442.9 -27.6752
1839000 398.546 -19478.2 0.614037
1840000 402.254 -19448 232.441
1841000 400.681 -19459.3 -35.4705
1842000 401.287 -19431.6 -76.3233
1843000 397.648 -19561.6 77.4907
1844000 397.25 -19545.9 41.4626
1845000 401.656 -19425.8 101.825
1846000 401.488 -19436.4 -80.3529
1847000 400.103 -19408.6 -40.061
1848000 400.283 -19467.1 150.634
1849000 400.267 -19446 -54.5803
1850000 401.336 -19491.4 -105.647
1851000 400.248 -19382.8 120.018
1852000 398.665 -19391.3 -19.0993
1853000 399.594 -19311 -50.3509
1854000 398.555 -19319.2 13.8532
1855000 397.551 -19344.9 27.074
1856000 399.552 -19476.3 -56.9486
1857000 399.383 -19535 52.8645
1858000 400.408 -19575.5 27.3502
1859000 401.639 -19491.4 -34.2005
1860000 398.38 -19494.5 -55.3707
1861000 401.06 -19323.6 -10.3845
1862000 400.338 -19301.4 2.16046
1863000 400.679 -19400.5 -83.0903
1864000 401.628 -19368.3 51.8402
1865000 399.374 -19396.1 28.2007
1866000 399.149 -19462.6 63.2281
1867000 399.785 -19381 -130.089
1868000 400.157 -19461 159.434
1869000 399.123 -19390.3 -69.0296
1870000 399.423 -19437.2 -34.9072
1871000 400.93 -19469.5 10.996
1872000 397.696 -19413.8 -21.3807
1873000 400.012 -19393.5 67.801
1874000 401.801 -19326.7 -78.2743
1875000 402.592 -19381.5 -31.229
1876000 401.035 -19351 153.081
1877000 398.631 -19228.1 55.2428
1878000 399.039 -19288.7 -117.848
1879000 401.469 -19441.8 17.7686
1880000 399.17 -19418.1 142.23
1881000 401.962 -19388.6 -105.466
1882000 398.638 -19450.4 -1.89298
1883000 399.317 -19465.8 -15.4418
1884000 403.135 -19527.7 41.2127
1885000 399.421 -19516.2 38.2648
1886000 399.753 -19446.6 -39.8953
1887000 398.344 -19394.4 -106.368
1888000 399.144 -19462.5 161.976
1889000 400.571 -19397.3 25.8164
1890000 401.163 -19414.9 -119.865
1891000 399.498 -19449.8 74.8868
1892000 403.452 -19353.4 52.9335
1893000 398.787 -19428 57.0941
1894000 400.917 -19437.8 9.85557
1895000 401.583 -19365.7 -140.262
1896000 400.916 -19481.7 141.8
1897000 400.465 -19427.8 -111.512
1898000 399.367 -19524.8 39.3803
1899000 399.558 -19431.8 82.087
1900000 398.353 -19404.6 -81.3542
1901000 400.017 -19378.5 30.4336
1902000 400.341 -19329.9 44.1836
1903000 399.72 -19229.7 -28.9567
1904000 397.745 -19320 81.4213
1905000 400.949 -19254.2 -53.6704
1906000 400.784 -19365.3 48.6281
1907000 400.846 -19438.3 -43.7463
1908000 399.417 -19339.7 5.3647
1909000 397.238 -19458 -33.4933
1910000 398.189 -19444.2 -13.6516
1911000 401.305 -19346.9 -29.8084
1912000 400.06 -19441.6 -65.8138
1913000 400.082 -19459.1 3.42485
1914000 399.931 -19355.4 6.23375
1915000 399.736 -19394.4 -20.7669
1916000 400.551 -19441.2 20.0127
1917000 400.617 -19350.6 -58.1974
1918000 397.793 -19334.3 84.1684
1919000 397.951 -19479.3 -32.2964
1920000 398.124 -19483.2 -36.5512
1921000 399.615 -19448.5 64.9577
1922000 400.705 -19360.1 -132.597
1923000 398.299 -19481.6 161.341
1924000 399.461 -19416.9 -39.3062
1925000 399.057 -19308.7 -15.2868
1926000 399.612 -19325.4 111.16
1927000 401.172 -19358.8 -112.129
1928000 400.584 -19419.2 29.8218
1929000 399.508 -19516.4 -34.8914
1930000 400.235 -19492 -0.403342
1931000 398.757 -19452.9 83.2859
1932000 399.109 -19330.4 -161.049
1933000 400.24 -19366.7 105.483
1934000 401.28 -19439.6 -33.2424
1935000 401.338 -19400.2 49.3671
1936000 400.805 -19400.3 11.3529
1937000 400.077 -19385.5 42.9332
1938000 398.921 -19442.6 28.0965
1939000 400.66 -19511.1 32.5073
1940000 397.315 -19534 -6.78139
1941000 400.26 -19494.4 43.7091
1942000 399.219 -19401.1 44.6406
1943000 400.634 -19372 -18.7391
1944000 398.584 -19382.1 -78.5194
1945000 399.605 -19408.8 -9.1344
1946000 400.805 -19362.8 129.057
1947000 400.203 -19422.6 -115.386
1948000 400.917 -19332.2 102.713
1949000 401.158 -19342.8 21.2978
1950000 401.002 -19319.4 -87.3381
1951000 401.295 -19348.2 -24.1333
1952000 398.834 -19435.8 1.31585
1953000 399.646 -19459.7 52.1175
1954000 399.004 -19465.6 -46.8865
1955000 401.303 -19512 110.003
1956000 398.557 -19521.1 -161.736
1957000 398.622 -19539.2 70.5463
1958000 399.757 -19462.2 66.4993
1959000 397.447 -19550.1 -44.1774
1960000 398.494 -19548.4 -28.4878
1961000 400.595 -19468.6 19.659
1962000 399.169 -19402 42.5671
1963000 400.034 -19236 43.0607
1964000 400.879 -19295 -47.4124
1965000 399.862 -19426.3 12.3422
1966000 400.446 -19390.8 53.5828
1967000 401.166 -19430.9 -99.1764
1968000 400.558 -19549 -25.2774
1969000 399.346 -19484.2 22.1336
1970000 397.268 -19572.1 96.974
1971000 401.371 -19438 -127.897
1972000 400.154 -19467 37.1552
1973000 402.212 -19369.8 13.3437
1974000 400.546 -19499 21.697
1975000 400.739 -19436.1 30.3267
1976000 400.835 -19570.1 29.7989
1977000 401.023 -19500.1 -23.5385
1978000 399.969 -19498.8 84.788
1979000 397.899 -19574.8 -33.2201
1980000 401.696 -19465.2 -38.7173
1981000 401.057 -19445.2 -99.8816
1982000 400.737 -19433.9 116.47
1983000 400.338 -19423.8 14.0455
1984000 401.171 -19462.4 -66.1184
1985000 400.228 -19609.7 86.4472
1986000 400.543 -19520.7 -19.994
1987000 399.608 -19413.7 1.02921
1988000 401.656 -19465.8 -23.9106
1989000 399.235 -19556 58.4989
1990000 399.891 -19568.2 6.0389
1991000 398.302 -19457.4 -68.3676
1992000 401.083 -19287.5 -92.6286
1993000 400.043 -19388.4 173.945
1994000 401.115 -19430.5 -68.4505
1995000 400.555 -19465.6 47.9959
1996000 400.144 -19384.8 55.7242
1997000 399.375 -19413.7 -22.8514
1998000 397.267 -19502.2 18.3532
1999000 399.269 -19405.7 -139.593
2000000 400.549 -19407.3 199.233
