# Time-averaged data for fix 3
# TimeStep v_Temperature v_PotentialEnergy v_Pressure
2000 266.296 -21925.9 -206.295
3000 299.397 -21672.1 32.3045
4000 299.781 -21922.5 -84.9277
5000 299.783 -22121.5 -30.0706
6000 300.7 -22182.9 -48.051
7000 299.579 -22210 36.4481
8000 301.105 -22245.9 28.6465
9000 299.342 -22442.5 -48.5653
10000 298.928 -22535.2 77.3936
11000 300.659 -22591.3 28.6476
12000 300.804 -22553.4 22.6558
13000 300.907 -22621.5 34.1426
14000 299.294 -22700.1 -76.6517
15000 300.244 -22715 47.3609
16000 301.088 -22720.3 -20.8501
17000 301.813 -22681.9 -91.1059
18000 299.953 -22748.9 15.5878
19000 301.006 -22807.4 63.6829
20000 301.96 -22829.4 -71.6643
21000 300.688 -22809.8 -54.3029
22000 300.968 -22840.6 114.14
23000 299.99 -22890.7 -65.3866
24000 297.827 -22881.2 19.2835
25000 298.956 -22787.1 59.2791
26000 299.031 -22696.4 -73.2315
27000 301.475 -22691.9 31.7437
28000 299.991 -22765.3 69.8824
29000 300.129 -22789.2 -84.1255
30000 300.44 -22789.9 -22.8981
31000 300.759 -22851.9 -63.6422
32000 302.276 -22860 -24.6936
33000 298.887 -22902.3 29.3707
34000 299.909 -22930.1 25.4136
35000 298.848 -22936.6 -59.087
36000 299.531 -22901.8 -24.8411
37000 299.839 -22917.1 21.9269
38000 298.916 -22977 5.09164
39000 300.585 -22906.7 -48.1683
40000 300.377 -22890.6 64.0935
41000 300.964 -22861.9 39.6204
42000 300.015 -22863 -14.3041
43000 301.303 -22904.5 -73.2138
44000 300.123 -22945.5 47.083
45000 300.021 -22895.5 9.80186
46000 299.393 -22913.9 -62.4641
47000 301.84 -22841.5 -16.8744
48000 300.254 -22897.3 113.528
49000 299.724 -22944.1 -10.5918
50000 300.978 -22902.1 29.3784
51000 299.883 -22935.6 9.79057
52000 300.395 -22908.4 -58.5989
53000 301.19 -22903.7 26.2707
54000 300.554 -22901.1 17.7235
55000 300.431 -22932.7 16.0425
56000 299.989 -22910.3 -97.5696
57000 302.453 -22992.4 58.4627
58000 300.18 -23003 -20.2209
59000 298.489 -23032.1 -47.7069
60000 301.782 -22986.8 109.081
61000 299.751 -23076.9 -103.891
62000 301.101 -23069.5 3.08427
63000 299.437 -23073.1 24.5393
64000 299.181 -22989.1 -12.8432
65000 300.378 -23014.1 85.7449
66000 300.102 -23014.1 11.6527
67000 299.289 -23005.5 28.6054
68000 299.643 -22964.5 12.8894
69000 301.162 -22969.9 -1.43194
70000 299.866 -22973.2 48.0279
71000 301.346 -22990.3 -9.0529
72000 299.234 -23003.9 36.6604
73000 299.776 -23012.9 0.137752
74000 300.704 -22998.6 -134.557
75000 298.755 -23065.8 -29.8892
76000 299.034 -23111.5 38.9892
77000 300.42 -23049.5 -22.7455
78000 299.663 -23022.7 -23.356
79000 298.876 -23081.3 -22.74
80000 300.466 -23012.2 68.4255
81000 301.701 -23006.7 17.5106
82000 302.007 -23081.4 72.397
83000 299.853 -23053.8 -36.3045
84000 299.696 -23031 -68.6348
85000 298.563 -23030 12.6822
86000 298.635 -23043.6 61.1738
87000 298.763 -22987.7 -96.9
88000 301.371 -22919.9 -9.64622
89000 299.301 -22955.6 -15.9671
90000 299.976 -22954.1 -50.0772
91000 299.671 -23057.3 57.418
92000 298.93 -23013.6 -39.596
93000 299.168 -22981.9 31.6184
94000 301.366 -22932.8 -102.261
95000 298.034 -23074.4 94.5759
96000 300.722 -23056.3 -81.8332
97000 300.315 -23083.9 -37.0696
98000 299.274 -23064.7 15.2942
99000 299.312 -22999 109.946
100000 299.026 -23054.6 -69.0745
101000 299.39 -23054.7 15.9804
102000 299.468 -23049.1 -4.60818
103000 300.144 -22935.3 -119.873
104000 302.702 -22949.3 81.0165
105000 300.504 -22961.2 18.9737
106000 299.948 -23053.7 53.8348
107000 299.651 -23040.9 15.9643
108000 300.99 -23070 -60.6653
109000 300.905 -23092.6 -24.0657
110000 300.187 -23084.7 78.1167
111000 300.653 -23128.6 26.9739
112000 300.968 -23105.6 -46.8261
113000 300.23 -23127.6 -5.86678
114000 299.306 -23166.1 56.7359
115000 300.287 -23132.8 -60.1727
116000 300.865 -23125.8 9.54027
117000 300.37 -23167.3 39.2753
118000 299.42 -23126.9 -70.1848
119000 298.734 -23126.2 4.96825
120000 298.38 -23141.3 24.3159
121000 298.381 -23137.6 -37.064
122000 301.277 -23105.4 -3.26254
123000 298.781 -23093.2 20.1252
124000 299.208 -23072.3 66.6027
125000 299.345 -23099.9 -14.9166
126000 300.038 -23078.2 -83.1821
127000 299.884 -23059 46.5439
128000 299.861 -23061.7 -20.1947
129000 300.271 -23077.7 35.9502
130000 301.192 -23077.2 -20.4655
131000 301.292 -23062.6 -51.2733
132000 299.91 -23018.6 69.047
133000 299.05 -23062.8 23.2778
134000 300.522 -23025.6 -42.908
135000 300.786 -22986.7 -11.1406
136000 300.551 -23006.9 -9.67832
137000 299.056 -22966.5 46.9394
138000 298.321 -22984.7 -117.736
139000 299.108 -22924.9 -10.0939
140000 298.755 -22906.9 41.9599
141000 299.677 -22857.5 -39.7257
142000 300.775 -22857.3 59.2855
143000 300.464 -22974 -74.6016
144000 299.111 -22996.2 -17.2327
145000 300.414 -22973 95.1217
146000 298.43 -22981.6 -20.5074
147000 302.041 -22916.9 -4.60534
148000 299.668 -22954.5 -6.71415
149000 300.539 -22931.8 -7.70247
150000 299.581 -22953.4 2.527
151000 301.201 -22877.4 -34.7941
152000 299.822 -22909.5 -10.6248
153000 299.962 -22901.8 20.3196
154000 300.061 -22958 28.1707
155000 299.659 -22998 66.3201
156000 300.371 -22990.3 11.6267
157000 299.324 -23023.4 -6.10914
158000 299.589 -23017.3 -103.398
159000 299.082 -23010.1 102.911
160000 299.306 -22943.9 -82.8354
161000 298.841 -22995.7 -26.8328
162000 300.398 -23009 -86.4872
163000 299.65 -22957.3 -22.087
164000 300.604 -22956.6 41.057
165000 301.269 -22940.3 -0.230535
166000 300.06 -23027.5 80.1803
167000 298.835 -22986.8 -13.692
168000 299.331 -22984.9 65.7854
169000 300.06 -23064.7 -70.1292
170000 298.898 -23028.5 8.34041
171000 301.866 -23013.5 108.838
172000 300.098 -23011.3 -124.569
173000 301.533 -23020.7 25.7086
174000 299.903 -23062.4 -41.8948
175000 300.761 -23023.4 -32.6127
176000 301.068 -22984.9 31.385
177000 297.858 -23004.5 -50.7215
178000 298.095 -23000.9 148.277
179000 300.346 -23025 -3.61932
180000 301.841 -22995.6 -42.6597
181000 300.383 -22996.4 7.18914
182000 299.133 -22990.1 -12.0277
183000 300.238 -22938.3 -22.3635
184000 298.492 -22972.7 31.049
185000 300.081 -22966 -1.10173
186000 299.798 -22948 -58.0106
187000 300.753 -22942.5 -0.10115
188000 300.128 -22966.8 61.4921
189000 300.201 -23000.8 -0.754165
190000 300.852 -22970.1 -1.10237
191000 299.17 -23049.2 25.4621
192000 299.332 -22999.2 -99.6497
193000 301.912 -23001.5 43.0744
194000 300.152 -23031.7 -22.5126
195000 300.932 -23051.9 -0.0353989
196000 300.334 -23107.5 11.9223
197000 299.864 -23076 49.0528
198000 299.404 -23045.2 -62.3919
199000 300.462 -23081.1 80.648
200000 300.393 -23012.4 -61.6371
201000 298.793 -23046.8 137.537
202000 299.776 -23014.6 17.6931
203000 299.431 -22946.2 -0.110924
204000 301.419 -22937.9 -85.8909
205000 300.495 -22947.2 110.551
206000 300.713 -23008.1 11.2489
207000 298.027 -23027.4 -1.6702
208000 300.84 -22999.5 -22.142
209000 300.01 -22961.4 -49.1233
210000 301.095 -22928.1 62.1348
211000 299.893 -23058.1 33.8887
212000 300.98 -23074.2 26.7709
213000 299.486 -23041.4 -5.49727
214000 298.484 -23078.1 22.1485
215000 299.677 -23024.1 -121.504
216000 298.394 -23051.3 110.146
217000 299.735 -22968.2 -34.7148
218000 299.365 -22962.5 -26.4118
219000 300.275 -22969.9 16.7388
220000 298.502 -22994.4 -33.0077
221000 299.658 -22953.5 -15.0656
222000 300.169 -22995.9 70.0502
223000 300.025 -22985.8 -3.70053
224000 298.096 -23013.5 -61.0263
225000 299.895 -22963.2 131.503
226000 300.491 -22949.8 -32.7899
227000 298.75 -22959.3 27.0661
228000 299.092 -22972.7 -41.1854
229000 302.458 -22947.1 9.59816
230000 300.709 -22975.8 -36.8629
231000 300.915 -22965.2 90.0687
232000 299.648 -22969 89.3539
233000 299.28 -23008.1 48.4763
234000 300.353 -22861.2 -84.3092
235000 300.354 -22938.9 91.8326
236000 301.112 -22909.9 37.4102
237000 299.308 -22901.1 -97.9581
238000 299.673 -22996.6 -41.5908
239000 300.006 -22981.9 52.9552
240000 298.999 -23006.7 2.66138
241000 300.102 -23009.3 61.5585
242000 298.766 -22973.8 -54.3364
243000 299.224 -23004.8 -10.0422
244000 299.969 -22974.2 -104.609
245000 300.263 -23008.2 99.7095
246000 300.198 -22961.8 33.7949
247000 301.362 -22938 14.7292
248000 300.386 -23020 15.6128
249000 298.617 -22989.5 -5.80114
250000 301.64 -22965.2 -22.1123
251000 299.587 -22950.7 -21.9682
252000 299.67 -22971.2 29.5495
253000 300.669 -22993 -60.1832
254000 299.993 -23028.5 64.4938
255000 300.23 -22962.5 -43.023
256000 299.283 -22931.4 31.9576
257000 298.348 -22967.1 -47.7858
258000 299.516 -22999.5 91.1841
259000 300.638 -22970.4 20.8763
260000 299.675 -22984.8 -44.6358
261000 301.312 -22970.2 -5.20598
262000 300.926 -23010.9 -0.0996708
263000 301.848 -23003.8 30.526
264000 300.703 -23032.8 2.9442
265000 300.554 -22980.4 -25.0613
266000 300.231 -23011.8 -45.2132
267000 299.008 -22927.7 -27.6778
268000 299.906 -22887.3 47.7853
269000 298.006 -22924.5 -12.1847
270000 299.337 -22969.2 37.3286
271000 300.575 -22953.7 0.380965
272000 301.711 -22962.2 -26.7334
273000 299.78 -23019.6 -8.03592
274000 299.59 -22983.8 -26.7502
275000 300.448 -23031.6 57.6268
276000 299.81 -23088.4 -81.2039
277000 301.841 -23069.1 -14.9712
278000 298.491 -23101.2 -16.9231
279000 299.183 -23138.5 22.3976
280000 300.632 -23052.9 91.5728
281000 299.49 -23033 -55.4238
282000 300.35 -23007.8 -49.2552
283000 301.476 -23031.1 4.43189
284000 300.764 -23043.5 80.447
285000 300.187 -23092.6 -44.2213
286000 300.978 -23024.3 -120.244
287000 300.43 -23079.7 -19.1933
288000 300.366 -23074.9 7.7271
289000 300.391 -23059 77.3628
290000 301.548 -23022.4 -62.2563
291000 300.663 -23033.5 41.1611
292000 301.371 -23026.7 78.4599
293000 299.89 -23041.7 -8.63662
294000 297.653 -23082.8 69.8497
295000 298.949 -23063.6 27.8092
296000 298.647 -23071.8 -41.0343
297000 301.903 -23053 -116.284
298000 299.054 -23017.2 75.1721
299000 299.942 -23004.9 -90.9417
300000 301.965 -22967.7 83.755
301000 299.354 -22978.1 -18.022
302000 299.445 -22984.6 -13.0525
303000 299.971 -22928.2 8.6675
304000 300.03 -22892.1 22.8078
305000 299.606 -22993.6 59.393
306000 301.238 -23016.6 -117.019
307000 299.332 -23038.6 77.5824
308000 299.314 -22960.7 44.2997
309000 298.66 -23019.3 -45.303
310000 299.148 -22995.3 -43.1669
311000 299.751 -23018.1 63.0456
312000 300.879 -22968.4 0.139021
313000 300.034 -22920.8 -89.7184
314000 299.615 -22944.8 -16.4794
315000 300.366 -22929 55.1451
316000 299.955 -22896.4 -55.3776
317000 298.46 -22973.8 25.1191
318000 300.787 -22861.9 7.861
319000 299.577 -22933.5 97.2952
320000 299.931 -22896.3 -53.6207
321000 300.534 -23009 20.0381
322000 299.77 -23038.2 -21.5724
323000 300.998 -23018.5 7.77515
324000 300.599 -23050.1 44.2655
325000 300.21 -23044.9 -19.5876
326000 300.085 -23038.9 -76.5615
327000 300.093 -22930.9 44.6784
328000 300.233 -22949.7 43.3904
329000 300.851 -22985.8 -13.9494
330000 300.62 -23018.3 33.0859
331000 299.707 -22969.6 11.1799
332000 298.602 -22969.4 -96.2942
333000 299.967 -22920.6 76.2091
334000 299.097 -22936.4 -22.8751
335000 298.733 -22936.1 -74.4023
336000 299.633 -22920.8 32.9904
337000 301.029 -22795.8 92.9055
338000 300.472 -22805.4 -44.1636
339000 298.885 -22816.8 67.8446
340000 301.392 -22782.1 -36.9357
341000 300.556 -22888.3 7.24736
342000 300.664 -22915.8 77.7159
343000 298.806 -22991.7 -92.789
344000 301.083 -23027 -54.0474
345000 301.229 -22936.8 72.9381
346000 300.958 -22932.4 19.2245
347000 298.165 -22946.7 -70.4732
348000 298.985 -22900 30.8517
349000 298.876 -22918.2 -53.6364
350000 299.51 -22867.1 -27.4613
351000 299.201 -22903.5 24.1105
352000 299.515 -22884.7 20.483
353000 298.941 -22868.8 48.7516
354000 299.097 -22878.2 24.0948
355000 299.967 -22925.9 17.754
356000 301.918 -22930.6 -28.4866
357000 300.464 -22974.3 -14.2068
358000 299.929 -22945.5 35.4531
359000 298.523 -22999.2 5.89057
360000 298.058 -23027.1 -98.8395
361000 298.616 -23011.1 34.9526
362000 301.348 -22956.1 0.916375
363000 299.194 -23083.9 -76.1358
364000 301.677 -23061.7 78.6835
365000 300.713 -23007.7 -32.1531
366000 299.006 -23021.6 -22.9985
367000 299.126 -23004.7 9.4179
368000 301.702 -22995.7 69.1628
369000 299.229 -22998.4 -38.9388
370000 301.523 -23067.4 -3.53393
371000 299.047 -23092.1 15.528
372000 300.214 -23042.1 -102.692
373000 302.25 -23047.2 22.0809
374000 298.135 -23083.9 -50.5708
375000 298.602 -23076.9 137.146
376000 299.688 -23128.7 21.212
377000 299.496 -23090.7 14.5316
378000 299.495 -23061.8 36.081
379000 300.992 -22948.9 18.6929
380000 300.489 -22992.4 20.5604
381000 300.693 -22932.5 -48.3313
382000 300.97 -22916.4 -47.1736
383000 299.8 -22923.6 -17.0447
384000 299.118 -22967 95.6064
385000 300.865 -22916.6 -52.3987
386000 300.633 -22986.4 82.1172
387000 299.822 -22976.7 -88.0258
388000 299.555 -22955.9 72.0014
389000 301.332 -22942.9 -14.0749
390000 300.536 -22959.5 -13.6584
391000 299.606 -22941.7 21.2714
392000 301.522 -22906.9 67.5024
393000 300.288 -22888.9 -87.7649
394000 299.243 -22896.1 9.70021
395000 297.76 -22987.3 -24.4522
396000 300.083 -23010 26.3177
397000 299.713 -22954.8 4.69755
398000 299.5 -22959.5 -50.4139
399000 299.703 -23055.6 -5.71047
400000 298.822 -23026.5 -47.4224
401000 298.227 -22994.7 33.3618
402000 299.649 -22971.1 -11.6472
403000 301.381 -22952.1 26.5638
404000 300.091 -22965.7 -7.05038
405000 300.137 -22950.2 27.4498
406000 300.904 -22933 43.4938
407000 299.854 -22957.5 26.9119
408000 299.194 -22973.5 44.8632
409000 299.412 -22987.9 -18.9772
410000 301.71 -22974.1 17.6033
411000 300.59 -22959.6 13.3544
412000 301.407 -22986.1 42.209
413000 299.18 -22996.3 -105.462
414000 298.527 -22993 128.626
415000 301.711 -22905.8 -39.4976
416000 300.618 -22947.2 38.2072
417000 300.723 -22944.9 77.5122
418000 298.924 -22961.1 -2.26654
419000 299.289 -22932.8 -59.2608
420000 300.358 -23003.1 -91.3337
421000 299.784 -22951.2 63.5764
422000 298.113 -23026.3 -32.1027
423000 299.842 -22907.3 100.043
424000 300.535 -22929.3 -68.9775
425000 300.341 -22978.1 -14.9908
426000 298.495 -22937.6 13.961
427000 299.596 -22937.5 -2.52121
428000 299.398 -22909.5 -22.8807
429000 300.898 -22924.5 30.6147
430000 300.943 -22965.1 -16.9454
431000 298.96 -22939.3 28.586
432000 299.997 -22960.5 16.5986
433000 299.934 -22961.8 106.86
434000 300.076 -22917.4 -104.357
435000 299.915 -22889.9 66.3098
436000 299.553 -22922.4 -18.592
437000 299.595 -22937.3 10.4974
438000 298.34 -23000.8 -57.9344
439000 300.167 -23033.6 24.3235
440000 300.636 -22991.3 20.8262
441000 298.258 -22960.7 51.7394
442000 300.452 -23021.4 -10.8555
443000 299.024 -23012.4 -10.0072
444000 299.071 -23019.4 -29.3749
445000 299.406 -23038.5 -26.1903
446000 300.025 -23061.1 93.0362
447000 300.259 -23066.2 -5.22187
448000 299.968 -23045.9 0.522505
449000 300.986 -23053.4 -51.3706
450000 302.114 -23084.4 20.4842
451000 300.644 -23099.3 54.7154
452000 301.097 -23094.9 -26.0237
453000 301.524 -23043.4 4.04404
454000 298.771 -23090.8 -33.9861
455000 298.524 -23059.3 55.1541
456000 300.933 -23037.5 -31.7883
457000 301.314 -23023.6 -61.4709
458000 301.196 -23089.6 37.8356
459000 300.453 -23087.9 42.7953
460000 298.397 -23050.3 -17.0526
461000 298.7 -23059.5 -66.8364
462000 299.975 -23075.8 111.674
463000 299.311 -23052 27.7491
464000 301.141 -22968.6 -1.08682
465000 299.112 -22964.2 76.6328
466000 299.6 -23017.9 -43.8705
467000 300.572 -23035.1 68.1065
468000 300.187 -23002.1 -46.9859
469000 300.081 -22989 107.603
470000 300.009 -23000.6 -44.5428
471000 301.551 -22915.4 -51.8118
472000 298.886 -22889.2 -48.3602
473000 301.361 -22842.8 49.5697
474000 301.037 -22925.5 10.2053
475000 299.694 -22923.5 -58.5424
476000 300.132 -22928.9 9.16181
477000 300.179 -22968.4 68.9913
478000 300.235 -22950.7 127.905
479000 298.804 -22978.2 -139.643
480000 299.951 -22957.6 10.2906
481000 298.936 -22994.5 -21.2578
482000 299.677 -22943.3 16.9047
483000 300.236 -22967.2 49.6801
484000 301.01 -22958.9 -19.2683
485000 300.07 -22987.2 60.4425
486000 300.104 -23013.8 -120.164
487000 300.035 -22988.6 -14.6658
488000 302.275 -23031.8 29.6207
489000 300.167 -23016.1 55.5679
490000 299.516 -23065.5 24.264
491000 300.952 -23057.6 15.3166
492000 301.177 -23077.2 -32.9306
493000 297.153 -23168.9 13.8375
494000 299.675 -23073.5 -39.9069
495000 299.353 -23118.1 -4.47259
496000 300.512 -23077.4 -75.8538
497000 298.894 -23106.8 114.53
498000 300.961 -23126.4 -61.3841
499000 300.451 -23059 53.0314
500000 300.294 -23075.4 24.3943
501000 299.74 -23065.6 -47.5573
502000 299.584 -23096.6 -23.3602
503000 298.873 -23066.7 87.7029
504000 300.541 -23054.1 -15.4765
505000 301.564 -23032.4 -55.9224
506000 299.025 -23110.7 114.762
507000 299.98 -23046.2 -31.2723
508000 300.798 -23010.3 -88.6661
509000 299.368 -23049.2 51.9513
510000 299.74 -23010.6 -32.0478
511000 301.625 -23036.8 44.8134
512000 299.035 -22995.4 -61.2709
513000 300.241 -22985.8 112.503
514000 301.518 -22856.9 -63.56
515000 300.853 -22921 -63.9148
516000 298.249 -22935.2 123.137
517000 300.759 -22967.4 -84.6815
518000 300.518 -22985.4 -42.3962
519000 299.085 -22965.9 24.5221
520000 299.845 -22901 38.4054
521000 300.665 -22947.8 26.1866
522000 300.024 -22938.5 -78.2761
523000 300.02 -22898.6 13.9823
524000 299.058 -22825.1 4.27176
525000 299.4 -22839.9 94.8788
526000 300.395 -22869.1 -101.245
527000 300.748 -22906 138.108
528000 298.476 -22941.9 -11.9779
529000 299.571 -22934.7 31.7661
530000 300.627 -22934.9 -64.9642
531000 299.298 -22961.2 -80.9439
532000 300.007 -23042.5 74.2682
533000 299.574 -22993.4 12.7533
534000 299.829 -22949.9 32.6665
535000 299.402 -22937.3 28.9194
536000 300.206 -22946.3 -27.5388
537000 299.604 -22946.3 23.9883
538000 301.36 -22907.2 34.6194
539000 300.035 -22926.9 -29.0042
540000 301.947 -22932 29.9936
541000 299.191 -23009.6 -100.151
542000 299.178 -23029.6 1.72975
543000 301.039 -22995 2.43024
544000 300.378 -22972.2 46.6904
545000 301.477 -23035.2 -26.0329
546000 299.842 -23047.2 -112.898
547000 301.991 -22974.2 81.6009
548000 300.447 -23012.2 -80.292
549000 301.467 -23013.3 58.4969
550000 299.257 -23072.3 43.0606
551000 300.235 -23085.2 -101.046
552000 300.44 -23169.3 -11.1646
553000 300.927 -23117 27.3961
554000 300.323 -23063.3 -66.0587
555000 301.736 -23041.7 26.0019
556000 299.981 -22990.9 12.3711
557000 301.273 -22964.9 -87.0284
558000 299.498 -23050.9 53.3141
559000 301.177 -23060.3 0.0809774
560000 301.604 -23067.6 -88.8319
561000 298.963 -23130.5 79.6396
562000 298.546 -23109.9 5.79472
563000 299.796 -23106.6 -0.776322
564000 298.186 -23027.1 -30.792
565000 301.056 -22985.3 100.329
566000 299.849 -22988.3 4.75405
567000 298.734 -22970.3 -54.5082
568000 301.254 -22996 -50.4134
569000 301.694 -22987 13.3044
570000 301.264 -23018.7 -18.4817
571000 299.381 -23053.3 -50.777
572000 298.418 -23067.9 2.03895
573000 298.977 -23025.4 14.5371
574000 299.865 -23035.7 9.50775
575000 300.918 -22988.2 29.8543
576000 299.114 -23035.1 -20.2669
577000 298.761 -23125.6 59.8838
578000 300.095 -23031.1 -14.9845
579000 299.752 -23079 -31.9622
580000 299.761 -23143.6 -7.98304
581000 298.276 -23180.4 -15.3464
582000 300.061 -23148.9 5.50698
583000 301.002 -23035.5 -55.8652
584000 300.131 -23067.4 143.879
585000 300.966 -23023.1 -33.0792
586000 300.433 -23039.2 -29.9137
587000 298.404 -23089.9 -6.47921
588000 299.562 -23084.5 0.665888
589000 301.014 -23081.7 -23.2447
590000 301.174 -23074.9 33.1175
591000 299.984 -23125.9 -25.8923
592000 301.263 -23130.3 24.1457
593000 300.22 -23065.8 -47.5686
594000 299.096 -23061.8 18.995
595000 300.836 -22985.9 39.6807
596000 300.993 -23019.9 2.13621
597000 301.617 -22989.3 0.511497
598000 300.004 -22965.8 63.6488
599000 297.577 -23027.4 -54.6413
600000 299.679 -23031.7 -9.01508
601000 299.353 -23027.8 -24.6333
602000 299.408 -23034.2 100.791
603000 301.407 -23052.1 -36.936
604000 299.483 -23059.3 -2.0847
605000 299.449 -23129 -72.6858
606000 298.529 -23098.7 64.294
607000 301.106 -23055.2 -28.3894
608000 301.18 -23082.3 31.6579
609000 300.392 -23062.1 1.60749
610000 298.86 -23018.7 -104.427
611000 298.624 -23041 10.4428
612000 298.899 -23090.2 67.2831
613000 300.334 -23098.5 -14.4571
614000 300.266 -23078 -24.3437
615000 299.431 -23021.5 -31.5181
616000 299.739 -23035.9 24.4983
617000 301.417 -23003.4 -55.9806
618000 300.283 -22959 66.819
619000 301.395 -22977.6 -43.6587
620000 300.011 -22997.9 -36.1947
621000 300.933 -23033.4 -56.4889
622000 300.691 -23065.3 -10.6068
623000 297.348 -23121 24.8037
624000 299.774 -23075.8 0.213798
625000 300.325 -23061.7 6.38473
626000 300.46 -22989.5 20.5109
627000 300.427 -22962.5 27.4772
628000 300.455 -22986.4 -1.65557
629000 300.365 -22983.3 11.5077
630000 300.116 -23016.6 -47.0772
631000 300.688 -22989.7 -14.45
632000 299.735 -23045.3 -96.3722
633000 300.572 -23075.2 37.132
634000 299.976 -23097.6 35.4067
635000 299.734 -23057 -29.6909
636000 300.009 -23098.4 36.0903
637000 300.093 -23038.9 -40.5254
638000 301.697 -23056.8 -48.4016
639000 299.192 -23087 -7.10639
640000 299.578 -23113.6 -15.4448
641000 300.199 -23102.3 50.2539
642000 299.896 -23096.2 -41.081
643000 302.618 -23152.8 56.8513
644000 300.705 -23172.5 -13.1963
645000 299.73 -23143.6 9.99924
646000 299.504 -23142.7 -15.5061
647000 299.959 -23124.7 -10.0144
648000 299.009 -23094.3 14.0524
649000 300.826 -23095.8 -75.6484
650000 299.928 -23169.3 55.8811
651000 299.107 -23149.3 -8.01464
652000 300.985 -23124 -45.0532
653000 299.889 -23075.9 95.5037
654000 299.077 -23079 -11.5322
655000 299.124 -23057.9 -23.6117
656000 298.285 -23082.7 -65.9958
657000 300.721 -23005 73.2686
658000 299.164 -22998.4 -169.076
659000 301.735 -23006.2 199.881
660000 298.786 -23053.4 0.648162
661000 302.829 -22988.9 14.6303
662000 300.102 -23013.2 10.0971
663000 300.954 -23035.3 91.6391
664000 300.694 -23073.1 -65.5242
665000 301.863 -23067.5 25.7902
666000 299.209 -23165.9 -46.7052
667000 300.139 -23187.3 44.3518
668000 299.99 -23093.9 -1.12372
669000 300.495 -23100.6 5.73436
670000 299.729 -23087.4 35.8843
671000 300.478 -23035 36.543
672000 300.009 -22993.8 75.7402
673000 301.567 -22998.2 -55.4662
674000 299.688 -23057.6 -40.8829
675000 299.87 -23093.8 -47.3668
676000 300.245 -23058.1 7.22707
677000 300.377 -23079.8 43.8628
678000 300.717 -23033.6 -59.7437
679000 299.273 -23049.8 116.341
680000 300.685 -22986.9 -23.5172
681000 299.334 -22943.8 -53.3958
682000 298.99 -22932.9 -13.2965
683000 300.812 -22935 -2.88524
684000 300.911 -22944.8 -3.69132
685000 301.084 -22896.5 89.8612
686000 298.391 -22918.2 -14.8548
687000 301.137 -22897.8 4.89043
688000 300.609 -22979 6.08243
689000 301.299 -23052.9 60.2635
690000 301.069 -23073.8 4.68315
691000 300.686 -23001.5 -86.7556
692000 300.461 -22956 23.1871
693000 300.311 -22943.6 2.11651
694000 300.792 -22949.5 -25.7313
695000 299.692 -22932 48.6219
696000 298.904 -22890.1 -20.4121
697000 300.58 -22928.1 4.01912
698000 300.048 -22925.9 59.4661
699000 298.428 -22946.8 31.149
700000 299.734 -22981.4 2.10752
701000 300.74 -22956.4 -25.4416
702000 300.12 -23012.4 50.1197
703000 302.845 -22953.7 45.4111
704000 298.815 -22964.2 -42.2602
705000 300.012 -22981.4 -60.2003
706000 299.019 -23026.2 80.8204
707000 301.103 -22950.1 35.8576
708000 300.117 -22970.2 -47.0035
709000 300.37 -22930.6 87.9472
710000 298.097 -22948.4 -22.9685
711000 299.277 -22988.6 60.6907
712000 301.11 -22957.4 57.7335
713000 298.344 -22969.6 -157.26
714000 299.342 -22995.5 96.3255
715000 299.832 -22962.2 -49.7574
716000 299.505 -23046.1 0.900567
717000 299.932 -22958.3 -39.1957
718000 300.161 -22933.2 -8.46197
719000 300.406 -22983.4 -20.6099
720000 301.239 -22952.6 47.1546
721000 298.517 -23000.4 24.6155
722000 298.996 -22986.9 -94.2346
723000 298.852 -22995.5 76.0468
724000 298.648 -22984.5 -29.6547
725000 301.426 -22872.5 10.3345
726000 301.935 -22868.4 48.8733
727000 299.105 -22927.3 -12.574
728000 301.016 -22874.5 -10.2413
729000 300.296 -22934.6 67.065
730000 301.407 -22963.9 32.9004
731000 300.514 -22957.8 -104.444
732000 301.247 -22947.2 -17.3438
733000 299.494 -23025.5 -12.2543
734000 298.592 -23045.4 4.07322
735000 298.916 -23007.5 4.34572
736000 300.287 -23026.8 -110.08
737000 300.25 -23040.1 99.2625
738000 299.152 -22987.8 -47.8619
739000 300.113 -22985.8 60.2052
740000 300.16 -22944.3 103.344
741000 298.678 -22910.2 -120.619
742000 299.565 -22930.7 -58.1508
743000 299.335 -22900.4 -19.2146
744000 300.253 -22893.7 -36.3114
745000 300.968 -22891.9 64.2286
746000 299.537 -22920.2 83.0105
747000 300.077 -22956.3 -70.1527
748000 298.58 -23011 15.7359
749000 300.405 -23017.6 38.1213
750000 302.029 -22959.2 48.1582
751000 300.235 -22888.2 -34.4624
752000 299.588 -22950.4 -29.5432
753000 300.377 -22910.6 -11.8672
754000 300.852 -22909.6 83.0735
755000 300.24 -22960 -23.2655
756000 299.053 -22951.6 -106.047
757000 301.511 -22929.6 59.8542
758000 300.982 -22953 4.68467
759000 300.305 -22990.1 -0.175482
760000 301.42 -22908.3 -96.6695
761000 299.494 -22931.8 60.003
762000 299.835 -22986.3 -67.8645
763000 300.395 -23003.4 46.3515
764000 299.571 -23022 43.6578
765000 299.253 -22962.3 -21.3721
766000 298.85 -22955.2 25.1204
767000 299.609 -23006.5 14.3458
768000 298.909 -23016.4 71.2488
769000 301.5 -22994.5 -108.17
770000 299.591 -22962.9 18.1338
771000 300.094 -22930.4 5.32502
772000 299.358 -23023.9 58.4909
773000 299.355 -23044 -75.8601
774000 297.561 -23027.7 -0.19006
775000 300.436 -23032.8 -42.4392
776000 301.319 -22928.6 -37.718
777000 301.552 -22942.4 85.803
778000 300.351 -22907 -24.5602
779000 299.917 -22893.3 -41.2654
780000 299.001 -22910.2 12.4946
781000 300.369 -22913 35.3928
782000 299.576 -22989 61.019
783000 300.421 -22924.8 -1.87726
784000 300.203 -22921.8 -68.9979
785000 300.232 -22890.2 -4.54944
786000 299.711 -22839.6 39.0286
787000 299.648 -22830.8 -66.7937
788000 300.74 -22828.3 -127.674
789000 299.255 -22868.3 73.3132
790000 299.046 -22929.9 68.8132
791000 300.713 -22884.4 14.7605
792000 300.857 -22842.1 -112.407
793000 301.608 -22827.4 9.40263
794000 300.121 -22889.6 109.483
795000 298.701 -22901.8 -53.6758
796000 300.649 -22881.3 1.51037
797000 301.13 -22813.9 -24.6031
798000 300.517 -22881.7 92.3382
799000 300.322 -22883.7 -18.6763
800000 300.575 -22907.8 -3.27778
801000 300.434 -22891.3 -12.8954
802000 298.587 -22893.9 83.5155
803000 300.674 -22847.8 -68.8313
804000 300.935 -22865.6 29.1611
805000 300.729 -22893.4 21.2947
806000 299.56 -22908.9 -43.3552
807000 299.257 -22955 14.926
808000 300.023 -22933.3 -17.8858
809000 300.654 -22906.5 9.25677
810000 301.863 -22859.6 8.64922
811000 300.23 -22866.3 -87.0595
812000 300.497 -22936.9 76.5752
813000 301.119 -22911.2 7.95311
814000 299.604 -22973.2 -23.5434
815000 299.807 -22925.1 95.3958
816000 300.458 -22899.8 -133.077
817000 298.745 -23009.1 -21.5868
818000 300.22 -22977.7 121.87
819000 301.167 -22907.3 -0.0940736
820000 298.653 -23019.2 40.23
821000 299.449 -23036.9 -45.0395
822000 299.767 -22987.1 -50.5224
823000 300.352 -23054.9 41.9528
824000 300.699 -23023.7 -32.9676
825000 299.493 -23060.4 35.6385
826000 301.258 -22986.1 18.1518
827000 301.285 -22961.2 16.2104
828000 300.642 -22997.4 -32.2314
829000 298.738 -23052.4 -41.4592
830000 300.123 -23070.7 -18.9723
831000 300.715 -23035.5 101.861
832000 299.356 -23067 57.2742
833000 300.637 -22987.3 -85.1696
834000 299.616 -22971.7 63.4203
835000 301.951 -23044 -21.3634
836000 301.072 -23095.3 42.0276
837000 299.156 -23056.8 -14.2917
838000 299.12 -23052.5 -25.0794
839000 299.818 -23063.4 -29.0187
840000 298.211 -23126.6 -55.4769
841000 300.771 -23098.9 90.4379
842000 299.995 -23089.9 -50.0204
843000 299.663 -23033.8 3.9374
844000 300.263 -23064.6 46.1135
845000 300.884 -23064.6 -77.2962
846000 299.829 -23067.7 65.1673
847000 299.529 -23071.7 -39.1129
848000 299.906 -23040.3 -3.743
849000 297.583 -23072.6 -12.1259
850000 298.751 -23060 47.2611
851000 299.69 -23102 -45.0733
852000 300.668 -23138.7 50.9234
853000 300.267 -23069.4 3.52843
854000 300.824 -23101.2 -26.9969
855000 301.108 -23093.8 -12.576
856000 299.729 -23067.7 -77.3732
857000 301.234 -23088 -19.872
858000 299.632 -23089.2 -132.306
859000 298.937 -23092.7 72.7095
860000 300.296 -23000.7 -8.53572
861000 300.688 -23039.4 -28.0832
862000 299.233 -22999.6 60.177
863000 300.068 -22986.8 0.214224
864000 300.819 -22987 24.2783
865000 300.817 -22997.5 -22.8735
866000 300.691 -23024.6 -15.6499
867000 300.055 -23030.4 26.0364
868000 300.04 -22978 80.3168
869000 299.535 -23057.9 -85.6869
870000 300.701 -23004 91.5103
871000 299.196 -22970.4 -46.82
872000 300.631 -23018 62.213
873000 300.126 -22987.7 -20.5988
874000 297.917 -23040.5 -61.026
875000 298.743 -22965.2 7.74238
876000 300.312 -22925.5 59.4323
877000 300.878 -22956.5 -69.2779
878000 301.355 -22966.3 62.2934
879000 300.498 -23002 43.8306
880000 299.117 -23034.5 -63.8738
881000 300.685 -23036.3 80.6458
882000 300.418 -23070.8 22.2431
883000 301.569 -22979.6 -45.0409
884000 299.873 -22959.8 -6.56552
885000 299.565 -22945.7 -11.9498
886000 299.073 -22985.6 -34.4777
887000 300.828 -22916.2 47.7549
888000 300.66 -22896.9 -70.9862
889000 298.347 -22958.6 -0.626383
890000 299.192 -22967.5 21.8609
891000 299.263 -22990.9 -22.6857
892000 301.646 -22939.5 -52.3505
893000 300.43 -22963.6 10.1803
894000 300.788 -22960.1 -1.62801
895000 300.192 -22898.1 6.35598
896000 301.997 -22894.5 15.4339
897000 299.327 -22930.9 20.3225
898000 298.943 -22903.3 -1.97906
899000 299.909 -22901.7 65.0047
900000 300.533 -22863.5 -89.8536
901000 299.445 -22859.2 7.30609
902000 300.13 -22894.6 139.066
903000 299.412 -22898.8 7.81817
904000 300.188 -22829.4 -54.5494
905000 299.917 -22876 43.2232
906000 301.73 -22878.8 -41.7336
907000 301.731 -22830.7 -72.5838
908000 299.735 -22901.9 126.509
909000 299.079 -22915.9 -23.3927
910000 298.671 -22907.3 -70.2596
911000 300.714 -22853.5 63.0245
912000 300.861 -22837.9 -70.6518
913000 299.336 -22876.5 135.703
914000 301.423 -22818 27.0617
915000 299.203 -22900.7 -5.20423
916000 299.092 -22833.6 -33.7113
917000 300.764 -22768.4 -26.4105
918000 298.903 -22786.3 14.5923
919000 300.686 -22773.3 70.1994
920000 299.938 -22818.2 -5.25806
921000 300.628 -22862.4 60.2262
922000 299.831 -22816.6 -65.9173
923000 299.334 -22876.4 111.34
924000 301.727 -22844.4 27.9949
925000 299.323 -22902.7 34.7289
926000 299.076 -22952.6 -56.2089
927000 299.513 -22965.2 -56.3827
928000 299.786 -22913.5 27.6735
929000 300.552 -22842.8 -29.2598
930000 299.949 -22905.3 -14.5064
931000 299.885 -22955 1.79488
932000 299.767 -22947.6 -33.584
933000 300.285 -22918 -11.0615
934000 299.087 -22986.9 48.5008
935000 299.21 -22980.3 -92.9884
936000 299.85 -22980.2 35.4508
937000 300.818 -23011.8 -32.9944
938000 298.083 -23038.1 3.852
939000 300.65 -22970.1 43.481
940000 300.459 -22952.4 -88.3287
941000 300.03 -22985.4 46.0569
942000 300.012 -22978.6 43.0155
943000 300.221 -22915.7 0.274727
944000 299.684 -22928.7 -83.8809
945000 299.419 -22939.4 96.2885
946000 299.406 -22966.8 63.7047
947000 300.722 -22941 -83.0267
948000 301.003 -22980.5 68.6369
949000 299.316 -22928.9 41.2415
950000 302.239 -22815 49.9396
951000 299.762 -22842.3 -147.672
952000 301.415 -22858.2 141.035
953000 300.796 -22891.5 -69.3804
954000 300.372 -22906.4 43.5164
955000 301.064 -22861.5 0.811542
956000 300.401 -22907.5 -24.0016
957000 301.147 -22842.1 11.5818
958000 299.694 -22851 10.7053
959000 299.113 -22850.6 -84.1149
960000 300.151 -22894.6 26.0732
961000 300.155 -22828.3 -67.6217
962000 298.496 -22902.7 -5.39198
963000 299.5 -22921.9 70.1446
964000 299.567 -22890.3 -28.8194
965000 300.988 -22887.3 24.2268
966000 298.075 -22986.6 -22.9286
967000 300.537 -23051.7 62.0549
968000 299.831 -23039 -90.4444
969000 299.962 -22983.2 -30.6065
970000 300.554 -22963.3 42.5254
971000 299.448 -22960.6 42.677
972000 301.233 -23011.6 1.24742
973000 298.604 -23046.6 -124.441
974000 300.183 -23069.3 -4.80537
975000 299.843 -23084.7 67.0535
976000 299.047 -23044.8 38.1567
977000 298.447 -23085.7 -109.566
978000 299.751 -23026.4 -9.78771
979000 301.568 -22982.5 17.4272
980000 300.438 -23014.6 -35.2192
981000 300.496 -23035.8 148.765
982000 300.018 -23024.3 -30.5991
983000 297.91 -22988.9 -6.9194
984000 298.888 -22936.8 -29.8123
985000 300.231 -22953.7 5.82566
986000 299.101 -22989 43.4862
987000 299.278 -23067.7 65.2013
988000 300.762 -23069.7 14.5764
989000 298.911 -23045.9 -109.856
990000 298.177 -23026.1 -66.0495
991000 301.364 -22952.6 8.10364
992000 300.041 -23047.1 32.2694
993000 300.235 -23038.9 -31.6037
994000 301.692 -23042.6 33.7596
995000 298.687 -23022.2 26.5258
996000 299.708 -22947.5 -45.3089
997000 300.078 -22993.7 0.328874
998000 299.768 -23069.9 -88.0607
999000 300.332 -23096.9 34.1305
1000000 300.849 -23004.8 48.3009
1001000 299.472 -22925.3 -93.9529
1002000 299.46 -23072.1 76.5715
1003000 299.979 -23099.7 -20.2698
1004000 299.591 -23105.9 62.7268
1005000 299.498 -23069.5 -93.7989
1006000 298.984 -23018.6 49.1657
1007000 300.548 -22996.7 -44.2443
1008000 300.44 -22984.5 -52.5836
1009000 299.535 -23053.2 -53.3421
1010000 300.386 -23024.8 46.4585
1011000 298.402 -23039.6 -7.82179
1012000 300.963 -22961.1 47.1341
1013000 298.812 -23008.8 -11.3653
1014000 300.453 -23053.3 4.25303
1015000 300.606 -23045.2 -37.1685
1016000 301.17 -23037.1 58.6783
1017000 297.928 -23062.7 2.72161
1018000 300.541 -23040.4 -13.6471
1019000 300.487 -22970.7 -20.1938
1020000 299.722 -22962.7 1.55777
1021000 300.329 -23039 47.3821
1022000 298.375 -23108.7 33.9757
1023000 300.313 -23101.4 -121.115
1024000 300.042 -23064.1 70.6253
1025000 299.913 -23062.2 5.44524
1026000 299.015 -22997.7 -23.6503
1027000 301.075 -23047.3 110.936
1028000 300.131 -23065.3 26.1375
1029000 300.44 -23089.9 46.125
1030000 299.473 -23070.6 -20.5318
1031000 300.185 -23143.5 0.851142
1032000 299.814 -23087.8 -98.3331
1033000 300.041 -23107 -43.8466
1034000 300.622 -23063.9 71.0421
1035000 299.661 -23053.6 1.89801
1036000 301.784 -23031 -50.8723
1037000 299.618 -23116 125.901
1038000 301.037 -23062.3 -50.7387
1039000 300.698 -23115.1 51.7573
1040000 299.295 -23090.7 -35.7445
1041000 301.186 -23065 31.6982
1042000 298.603 -23102.4 -48.5489
1043000 299.554 -23179.7 27.6108
1044000 299.865 -23206.1 109.329
1045000 299.878 -23186.5 -17.654
1046000 299.725 -23224.5 -15.2515
1047000 300.184 -23188.3 4.80371
1048000 300.934 -23129.7 111.267
1049000 298.994 -23166.5 -76.7956
1050000 299.53 -23142.5 88.7828
1051000 300.126 -23140.1 -76.7664
1052000 301.228 -23125.5 -4.78779
1053000 299.06 -23204.4 -21.0575
1054000 298.938 -23183.6 45.2008
1055000 298.415 -23111.1 -36.0368
1056000 299.292 -23150.1 26.1695
1057000 302.143 -23074.2 -28.2342
1058000 299.674 -23074.5 -44.4729
1059000 301.716 -23035.6 -39.7893
1060000 299.243 -23099.1 87.5559
1061000 300.398 -23079.4 20.9034
1062000 300.274 -23067.2 -4.01754
1063000 300.664 -23101.9 -15.9062
1064000 299.063 -23157.3 39.2349
1065000 299.333 -23129.9 -4.74563
1066000 299.284 -23108.8 -35.0136
1067000 299.001 -23183.6 39.9952
1068000 298.888 -23197.2 92.2295
1069000 298.159 -23165.8 4.88558
1070000 299.522 -23085.5 -58.624
1071000 300.623 -23018.8 93.3762
1072000 300.019 -23004.1 19.2827
1073000 300.247 -23084 -19.3866
1074000 300.254 -23060.8 12.4114
1075000 299.925 -23098.3 35.2818
1076000 298.564 -23099.6 4.36571
1077000 298.185 -23135.7 -33.717
1078000 301.6 -23047.6 -6.87682
1079000 298.713 -23082.8 76.262
1080000 299.314 -23076.7 7.98834
1081000 299.103 -23085.7 -4.45248
1082000 300.489 -22984.7 -49.4527
1083000 299.304 -23087.6 40.7585
1084000 302.076 -23023.9 0.581332
1085000 299.642 -23005.1 -58.2218
1086000 300.012 -22961.1 9.99342
1087000 301.434 -22946.9 45.1539
1088000 299.312 -22984.9 17.7563
1089000 300.378 -23013.1 -37.2492
1090000 299.203 -23001.7 -0.325349
1091000 300.302 -22998.5 -37.0293
1092000 301.757 -22999.1 -8.1293
1093000 300.944 -22962.5 44.9949
1094000 298.18 -22995.8 35.6741
1095000 298.986 -23030.9 -36.5219
1096000 298.338 -22936.4 -1.73506
1097000 300.888 -22890.2 -6.51823
1098000 302.189 -22956.8 -19.9274
1099000 299.662 -22913.4 -25.243
1100000 302.654 -22930.8 106.902
1101000 300.87 -22977.7 12.9103
1102000 299.628 -22987.5 1.05921
1103000 298.66 -23019.9 -89.49
1104000 299.793 -22980.8 68.4051
1105000 299.661 -23010.4 61.9504
1106000 299.875 -22974.5 -24.5522
1107000 300.065 -23019.1 94.6937
1108000 298.919 -23015.6 -42.8957
1109000 299.311 -22912.7 -27.6031
1110000 299.771 -22878.9 -12.9514
1111000 300.271 -22884.6 59.1667
1112000 300.232 -22885 72.4172
1113000 299.751 -22880.1 28.8743
1114000 299.968 -22881.5 -41.4565
1115000 300.317 -22863.9 23.1829
1116000 299.661 -22975 -8.74795
1117000 299.56 -22966.2 5.88483
1118000 300.118 -23003.8 55.4117
1119000 301.508 -22998.1 32.4236
1120000 300.846 -23043.2 3.02864
1121000 299.017 -23051.9 -91.6393
1122000 301.385 -23088.4 -40.0211
1123000 299.983 -23133.6 67.8777
1124000 300.13 -23085 45.0626
1125000 301.056 -23146.4 -8.39258
1126000 299.663 -23102 49.3142
1127000 299.817 -23066.9 -38.8989
1128000 301.419 -23059.5 55.0283
1129000 298.88 -23081.6 -10.3301
1130000 298.448 -23082.3 -43.2234
1131000 299.408 -23127.6 -7.34628
1132000 300.705 -23132.3 68.9978
1133000 299.008 -23132 -81.7164
1134000 299.69 -23143.8 53.7106
1135000 300.977 -23085.5 31.524
1136000 301.757 -23146.4 1.64344
1137000 300.926 -23117.4 -59.1449
1138000 301.383 -23135.7 75.8611
1139000 300.307 -23144.9 76.4813
1140000 298.143 -23187.9 -45.8837
1141000 298.976 -23175.4 45.0351
1142000 301.017 -23156.1 -44.3259
1143000 300.491 -23076.2 -111.553
1144000 300.391 -23126.8 -3.12722
1145000 300.673 -23222.6 108.227
1146000 301.22 -23189.6 -37.7193
1147000 300.391 -23197.8 17.9337
1148000 301.249 -23162.4 -57.4068
1149000 299.641 -23143.5 72.899
1150000 299.166 -23155.4 48.2815
1151000 299.837 -23180.6 -36.8497
1152000 298.245 -23201.4 19.471
1153000 299.442 -23100 -97.5543
1154000 302.172 -23167.1 13.5916
1155000 299.246 -23154.7 81.1895
1156000 302.163 -23084.8 -110.232
1157000 300.745 -23101.1 22.0352
1158000 299.362 -23161 30.3305
1159000 300.628 -23120.3 -14.6428
1160000 299.467 -23152.9 -76.6458
1161000 300.72 -23107.3 20.1449
1162000 298.888 -23158 -11.4045
1163000 299.161 -23141.4 -76.7647
1164000 298.665 -23154.6 -2.03404
1165000 300.82 -23114.2 57.439
1166000 297.449 -23098.3 44.2435
1167000 298.839 -23080.4 16.632
1168000 301.056 -23050.5 -10.2247
1169000 299.415 -23038.7 56.3939
1170000 299.087 -22988.3 -40.3466
1171000 299.284 -22996.6 -17.9839
1172000 299.805 -23030.8 -14.0081
1173000 300.574 -23018.5 -18.8454
1174000 299.692 -23064.8 25.5453
1175000 302.011 -23027 9.24586
1176000 300.983 -23045.2 -108.972
1177000 300.806 -23034.8 57.2448
1178000 299.869 -23045.1 -45.7756
1179000 302.713 -23021 -3.41159
1180000 299.379 -23017.7 42.0119
1181000 297.751 -23022.7 -65.8111
1182000 300.982 -23018 61.1748
1183000 300.046 -22999.8 -36.203
1184000 298.923 -23006.1 24.7291
1185000 300.112 -22934.9 -37.8674
1186000 299.261 -22960 -5.4788
1187000 301.12 -22972.6 15.6364
1188000 300.339 -23037.1 -70.844
1189000 301.379 -22932.8 8.45361
1190000 299.444 -22987.1 -5.1492
1191000 300.407 -22976 -19.6362
1192000 301.133 -22958.2 47.3022
1193000 299.382 -22976.3 -15.3655
1194000 298.026 -23040 -32.9008
1195000 300.536 -23019.4 -4.81275
1196000 300.021 -23034.3 56.7295
1197000 299.399 -23040.1 8.11578
1198000 300.597 -22991.1 -27.3152
1199000 300.108 -23075.5 34.5426
1200000 298.905 -23064.6 15.8925
1201000 299.498 -22963.9 61.4724
1202000 300.692 -22964.3 18.6085
1203000 301.203 -22983.1 -74.6417
1204000 300.159 -23025.9 28.9284
1205000 297.526 -23096.3 58.6182
1206000 298.918 -23062.1 -60.9656
1207000 300.159 -22999.5 -6.687
1208000 297.997 -23062.6 46.3587
1209000 299.454 -23056.2 39.8072
1210000 301.843 -23046.1 18.8133
1211000 300.207 -22969.2 13.4204
1212000 300.785 -23004.4 -34.8008
1213000 298.534 -22992.7 -32.1399
1214000 300.436 -22963.6 40.0365
1215000 299.487 -22962.5 39.8611
1216000 300.757 -22930.4 -72.0514
1217000 298.624 -22947.8 21.0636
1218000 300.432 -22862.8 -30.2696
1219000 298.598 -22951.4 59.0267
1220000 300.326 -22961.5 -31.5681
1221000 299.566 -22950.1 -43.8428
1222000 299.464 -22978.6 -12.0984
1223000 299.957 -22948.6 -58.2531
1224000 299.98 -22997.6 46.8251
1225000 303.129 -22937.5 -7.97929
1226000 299.883 -22982.3 -27.6909
1227000 299.777 -23034.7 61.5382
1228000 300.023 -22996.4 -120.726
1229000 298.248 -23015.7 146.612
1230000 298.591 -23031.7 -106.278
1231000 299.891 -22987.7 -5.49802
1232000 298.692 -22946.8 -41.6355
1233000 301.472 -22953.9 -25.2568
1234000 300.519 -22949.4 51.8049
1235000 300.871 -22843.2 75.7193
1236000 299.526 -22933.8 -71.4349
1237000 300.113 -22970.6 19.7942
1238000 300.252 -23003.2 -12.2455
1239000 299.016 -23026.8 8.88617
1240000 301.644 -22984 18.3359
1241000 299.856 -23036 49.6504
1242000 301.001 -22989.4 4.11418
1243000 299.532 -22977.3 62.694
1244000 298.916 -23033.2 -84.634
1245000 300.41 -23049.2 56.757
1246000 299.908 -22999.2 -50.0722
1247000 301.621 -23026.3 77.0453
1248000 300.319 -22939 -87.4906
1249000 301.362 -22973.7 35.9522
1250000 300.539 -23005.6 75.9693
1251000 298.514 -22989.5 4.81479
1252000 300.956 -22930.8 -38.4131
1253000 301.72 -22851.4 -45.4051
1254000 300.188 -22882.3 -15.3677
1255000 300.014 -22960.2 42.3574
1256000 302.404 -22911.2 6.5131
1257000 299.57 -22947.1 -46.6487
1258000 300.384 -22932.4 -30.9137
1259000 301.405 -22900.6 0.963954
1260000 300.615 -23012.4 17.0167
1261000 299.252 -23002.9 22.574
1262000 298.449 -23025.3 22.637
1263000 300.044 -23027.8 -26.2545
1264000 298.764 -23053.7 -55.2692
1265000 301.579 -23028 97.6629
1266000 300.951 -23065.8 -6.82225
1267000 299.59 -23058.5 37.7878
1268000 299.862 -23056.7 -26.9211
1269000 300.982 -23030 -59.6512
1270000 299.607 -23065 16.0887
1271000 299.542 -23039.6 15.5713
1272000 298.747 -23047.3 -35.9937
1273000 299.407 -22976.5 13.7144
1274000 300.637 -22982.5 -13.5218
1275000 299.444 -22991.8 48.9776
1276000 298.582 -23025.3 -36.6713
1277000 297.714 -23048.7 37.5491
1278000 299.219 -23053.9 -62.889
1279000 299.765 -23100.1 -37.3204
1280000 299.885 -23076.5 109.471
1281000 299.183 -23111.4 -7.44627
1282000 299.226 -23075.7 -87.7211
1283000 301.225 -23015.8 33.8337
1284000 301.278 -23023.2 64.244
1285000 300.273 -23040.7 -54.403
1286000 298.051 -23058.5 25.4816
1287000 299.293 -23036.1 67.988
1288000 299.94 -23063.2 37.2137
1289000 301.043 -23070.9 -68.8356
1290000 299.574 -23119.4 -30.0821
1291000 299.76 -23038.5 -54.658
1292000 301.409 -23017.4 88.0199
1293000 299.293 -23048.3 23.0897
1294000 300.988 -23071.9 -54.5586
1295000 301.222 -23032.8 46.6333
1296000 299.766 -23058.4 -30.2983
1297000 299.567 -23081.5 54.9071
1298000 300.308 -23045.8 -63.2472
1299000 301.117 -22976.1 -13.4366
1300000 299.938 -23013.4 31.7061
1301000 300.293 -22991.9 35.3614
1302000 299.995 -23020.4 -28.6872
1303000 300.603 -22992.1 -62.9529
1304000 301.435 -23020.4 101.034
1305000 298.857 -23062.3 -10.8253
1306000 298.364 -23074.5 -34.2361
1307000 301.558 -23067.7 -8.75386
1308000 300.538 -22995.1 54.5215
1309000 301.437 -23030.7 -35.9948
1310000 300.384 -23060.9 80.6274
1311000 301.397 -23080.4 -101.427
1312000 298.791 -23107.7 16.5968
1313000 298.983 -23079.4 26.4089
1314000 298.982 -23129.9 -64.3027
1315000 300.99 -23083.7 -39.131
1316000 299.592 -23072 84.6422
1317000 300.509 -23049 39.2135
1318000 300.676 -23040.5 13.973
1319000 301.159 -23035.2 -15.2
1320000 301.265 -23049.3 98.2666
1321000 299.627 -23034.4 -134.865
1322000 299.583 -23009 28.7698
1323000 299.575 -23025.7 34.023
1324000 298.925 -23013.3 -35.8985
1325000 299.408 -22944.8 -89.138
1326000 299.412 -23010.2 60.9699
1327000 300.146 -23005 26.937
1328000 299.905 -23009.9 -5.45493
1329000 299.853 -23010.6 -103.902
1330000 299.986 -22990.1 16.9789
1331000 300.72 -22980.6 12.3849
1332000 299.7 -22976.5 3.91038
1333000 301.577 -23000.9 -2.05727
1334000 298.751 -23039.4 -30.8378
1335000 299.273 -23010 -8.12862
1336000 301.152 -23002 23.4506
1337000 299.993 -23068.8 -85.6315
1338000 299.67 -22990.1 48.1282
1339000 298.023 -23023.7 43.8141
1340000 299.972 -23039.6 -74.8881
1341000 299.261 -23057.1 -54.8877
1342000 300.041 -23104.8 45.2562
1343000 297.664 -23116.9 -110.428
1344000 300.65 -23099.6 111.743
1345000 302.306 -23109.7 -80.2585
1346000 298.819 -23070 55.1635
1347000 298.653 -23086.5 -104.031
1348000 300.594 -23072.4 102.587
1349000 302.155 -23004.2 -90.9631
1350000 300.356 -23060.3 55.7491
1351000 300.188 -23035.1 15.4413
1352000 298.602 -23004.5 -80.658
1353000 299.99 -22962 28.3606
1354000 300.8 -23037 49.7116
1355000 298.141 -23037.2 62.6919
1356000 298.112 -23091.5 -53.2486
1357000 300.976 -23098.3 -41.8763
1358000 298.845 -23050.8 -11.1718
1359000 301.552 -22984.5 1.14072
1360000 300.994 -23022.4 45.5277
1361000 299.095 -23001.2 -72.7994
1362000 299.81 -23008.8 72.9872
1363000 298.67 -23002.3 -29.9618
1364000 299.461 -23049.8 10.9119
1365000 299.825 -22984.5 48.2511
1366000 299.565 -23032.1 -14.3118
1367000 299.797 -23007.4 84.6076
1368000 299.736 -23091.9 -85.0035
1369000 300.649 -23096.8 -20.2971
1370000 298.868 -23143.2 82.8092
1371000 299.083 -23122.7 52.461
1372000 298.382 -23201.1 -130.209
1373000 299.973 -23131 6.73127
1374000 301.06 -23115.4 -14.3537
1375000 298.598 -23049.5 44.3725
1376000 300.056 -22996 63.9301
1377000 299.737 -23022.7 -121.832
1378000 300.268 -23037.4 86.3239
1379000 299.424 -23069.9 -10.577
1380000 299.646 -23044.2 -38.6218
1381000 299.15 -23074.1 14.1541
1382000 298.72 -23064.2 -3.7226
1383000 299.424 -23060.6 57.8008
1384000 299.436 -23087.4 -54.1484
1385000 298.609 -23046.8 62.9724
1386000 299.693 -22997.3 51.8239
1387000 299.305 -23078.6 -104.121
1388000 300.851 -23098.1 65.3162
1389000 300.618 -23095 -94.4327
1390000 298.69 -23117.5 61.9057
1391000 300.046 -22980.4 14.1737
1392000 299.399 -23074 -13.6629
1393000 297.679 -23169.9 9.22289
1394000 299.456 -23150.9 61.861
1395000 298.772 -23087.1 -61.9741
1396000 300.224 -23013.2 69.2976
1397000 298.902 -23055.8 -24.7568
1398000 299.074 -23059.2 -30.6376
1399000 299.398 -23021.4 116.318
1400000 300.868 -23003.3 -12.9012
1401000 299.323 -23027.6 -74.5702
1402000 300.122 -23020.9 65.5595
1403000 300.471 -23010.2 -65.3599
1404000 299.916 -23053.1 68.2074
1405000 300.735 -23065.2 0.842958
1406000 300.709 -23050.8 -94.4197
1407000 300.247 -23024 -32.1342
1408000 298.452 -23068.8 6.73336
1409000 299.053 -23039.8 21.8064
1410000 300.329 -23057.9 142.65
1411000 300.201 -23092.7 -37.2799
1412000 298.013 -23097.5 -59.0895
1413000 299.798 -23084 2.35099
1414000 298.619 -23100.9 0.0492543
1415000 300.892 -23078.6 94.5353
1416000 299.38 -23052.6 -50.0536
1417000 300.305 -22998.3 -20.9711
1418000 301.065 -23013.8 37.3326
1419000 299.149 -23065 -57.4061
1420000 301.119 -23032.7 -29.2704
1421000 299.24 -23077.9 32.3671
1422000 301.853 -23060.5 33.4056
1423000 300.816 -23061.4 -79.9599
1424000 299.292 -22988.7 -8.40491
1425000 302.046 -22950.8 18.6196
1426000 300.984 -22957.9 65.6072
1427000 302.404 -23014 -17.7054
1428000 299.207 -23058.3 -13.7576
1429000 299.006 -23065 -126.056
1430000 300.53 -23071.9 -19.7042
1431000 301.245 -23051.2 -6.70423
1432000 299.945 -23059.7 3.43801
1433000 299.908 -23005.6 -71.8814
1434000 301.75 -22954.5 57.2191
1435000 301.768 -22983.3 -24.4938
1436000 299.036 -23040.3 0.355797
1437000 300.681 -23029.1 109.595
1438000 299.852 -23002.8 -113.542
1439000 300.418 -22994.4 25.9146
1440000 299.357 -23034.6 10.5723
1441000 299.591 -23032.9 -95.8671
1442000 299.551 -23086.1 129.809
1443000 300.07 -23009.4 -72.1844
1444000 301.094 -22980.2 34.2321
1445000 300.393 -23092 -31.8199
1446000 300.408 -23043 121.933
1447000 301.034 -23077.3 -8.83901
1448000 299.46 -23014.3 -2.99973
1449000 299.236 -23028.5 -35.5685
1450000 299.202 -23027.3 17.8876
1451000 298.013 -22971.7 -12.0859
1452000 300.031 -22947.3 -43.9338
1453000 300.228 -22981.5 37.1633
1454000 299.437 -23020 79.6183
1455000 300.912 -22931.1 -104.269
1456000 300.675 -22988 52.5085
1457000 300.394 -22996.7 40.1211
1458000 298.082 -22989 108.192
1459000 299.665 -23020.2 -5.94684
1460000 301.109 -22992.6 -34.8568
1461000 299.119 -22969.5 -5.82797
1462000 299.673 -22975.6 12.4062
1463000 301.511 -22952.1 30.2898
1464000 299.453 -22994.3 -79.9604
1465000 299.226 -22959.2 52.7681
1466000 299.562 -22996.3 -12.1281
1467000 300.886 -22973.1 -96.2375
1468000 300.123 -22953.4 -22.6401
1469000 299.69 -22951 63.3538
1470000 301.329 -22953.7 -32.7533
1471000 300.157 -22956.7 50.4591
1472000 300.972 -22979 17.0579
1473000 301.279 -23046.6 -66.7107
1474000 298.796 -23061.5 46.6346
1475000 300.27 -22980.1 -6.40705
1476000 300.161 -22956.9 69.872
1477000 299.569 -23016.2 69.0052
1478000 300.344 -23032.7 -144.459
1479000 299.541 -22947.8 32.9849
1480000 300.526 -22939.9 58.1156
1481000 299.719 -23007.8 25.8618
1482000 299.687 -23010.1 64.0262
1483000 300.368 -22978.2 -16.0317
1484000 300.847 -23004.4 -38.3337
1485000 298.228 -22989.9 -70.41
1486000 299.969 -22955.6 111.987
1487000 301.229 -22925.8 -74.6396
1488000 300.664 -22995.9 66.3456
1489000 299.195 -22998.9 -21.1957
1490000 298.885 -23030.1 126.599
1491000 297.843 -23064.9 -69.8021
1492000 298.833 -22997.7 -19.4649
1493000 299.842 -23016.2 7.21385
1494000 299.79 -22998.1 -19.9673
1495000 301.781 -22939.4 8.08823
1496000 300.134 -22932.4 -16.8645
1497000 301.155 -22955.7 47.7844
1498000 300.605 -22955.7 -30.1531
1499000 302.035 -22976.3 -48.8504
1500000 300.391 -22997.5 4.37033
1501000 300.758 -23010.5 18.2701
1502000 299.83 -23067.6 -67.356
1503000 301.621 -23016.8 -52.9122
1504000 298.223 -22998.7 11.4215
1505000 300.451 -22928.8 1.21441
1506000 299.334 -22948.4 19.0182
1507000 300.176 -22894.1 15.5417
1508000 300.889 -22943 23.9101
1509000 300.455 -22924.9 -129.045
1510000 301.593 -22893.9 12.0634
1511000 301.308 -22836.1 8.25726
1512000 300.583 -22846.5 35.9814
1513000 301.152 -22895.5 -136.675
1514000 301.035 -22887.8 62.1341
1515000 300.361 -22921.5 -55.3769
1516000 300.093 -22902.7 -50.0667
1517000 300.087 -22942.6 -66.6817
1518000 300.007 -22927.4 89.2218
1519000 300.229 -22896.1 25.2727
1520000 300.309 -22927.7 14.1328
1521000 299.394 -22975.5 -12.3926
1522000 299.986 -22955.3 80.9668
1523000 300.047 -22892.2 16.7015
1524000 299.745 -22909.9 1.2464
1525000 301.242 -22847.8 -25.487
1526000 300.205 -22853 78.963
1527000 298.251 -22839.9 23.008
1528000 300.765 -22838.1 -0.221457
1529000 298.793 -22839.2 -23.1553
1530000 299.156 -22870.4 49.7344
1531000 299.689 -22839.8 -35.8303
1532000 301.378 -22857.7 22.6851
1533000 300.103 -22941 -0.701817
1534000 301.266 -23005.2 61.731
1535000 299.478 -23000.8 -157.589
1536000 300.433 -22954.7 64.8762
1537000 300.764 -22982.8 -9.55243
1538000 300.832 -23029.3 98.2548
1539000 299.046 -23052.6 -38.6912
1540000 299.887 -23048.7 -87.5864
1541000 298.274 -23139.3 45.1949
1542000 298.554 -23149.8 37.8207
1543000 299.487 -23183.4 44.0167
1544000 300.371 -23114.1 -35.9469
1545000 301.228 -23057.3 -32.6133
1546000 299.31 -23094.2 95.2839
1547000 298.372 -23138.3 91.3514
1548000 299.614 -23161.6 -0.960556
1549000 301.765 -23083 42.2921
1550000 300.026 -23126.8 -109.944
1551000 301.07 -23088.8 -37.7729
1552000 300.251 -23062.3 10.6932
1553000 298.844 -23057.2 -25.4266
1554000 299.04 -23068.6 131.663
1555000 300.052 -23049.9 -82.6486
1556000 301.347 -23007.5 54.4988
1557000 299.426 -23055.8 34.6742
1558000 300.188 -23090.3 39.8405
1559000 300.163 -23064 -38.6641
1560000 298.566 -23015.3 -78.9611
1561000 300.552 -22997.2 101.309
1562000 298.271 -22988.1 -22.4842
1563000 300.414 -22984.2 4.6118
1564000 302.312 -22954.1 -20.6293
1565000 299.154 -23011.9 -38.6217
1566000 300.205 -23019.1 11.2952
1567000 299.091 -23044.9 -7.95687
1568000 300.828 -22993.8 -119.049
1569000 300.741 -22978 19.5328
1570000 300.485 -23008.1 42.2678
1571000 300.384 -22992.8 50.6421
1572000 300.61 -23058.8 19.6063
1573000 300.11 -23073.1 -6.26012
1574000 299.863 -23061.9 -28.017
1575000 297.448 -23069 101.916
1576000 300.468 -22932.2 -158.307
1577000 299.724 -22925.8 64.3351
1578000 299.844 -22953.7 6.38691
1579000 299.567 -22942.6 -41.4392
1580000 299.421 -22996.7 -28.6566
1581000 301.479 -23024.4 -19.943
1582000 300.737 -23009.7 23.3556
1583000 299.6 -23001.2 -13.1528
1584000 300.43 -23045.1 61.373
1585000 300.726 -23060.9 29.534
1586000 298.927 -23130.6 -32.5251
1587000 301.059 -23138 36.1711
1588000 300.857 -23044.4 5.11772
1589000 299.449 -23067.8 -60.1606
1590000 300.402 -23084.7 55.5697
1591000 300.485 -23099.4 61.45
1592000 300.351 -23015.7 17.9233
1593000 299.174 -23037.8 -43.999
1594000 300.12 -22998.1 -69.2053
1595000 301.38 -22928 72.9928
1596000 301.565 -22975.3 -11.3526
1597000 300.312 -22971.3 72.6303
1598000 300.706 -22937.3 -78.4441
1599000 300.569 -22962.4 52.7913
1600000 298.645 -23048.2 -104.884
1601000 301.718 -23049.9 85.2611
1602000 300.959 -23150.8 13.9906
1603000 300.044 -23059.3 -42.9446
1604000 299.07 -23111 -14.4512
1605000 299.426 -23104.8 2.63402
1606000 298.747 -23116.1 -11.68
1607000 300.08 -23014 -44.6774
1608000 301.121 -23017.2 -11.8635
1609000 300.077 -23039.6 47.8255
1610000 299.894 -23072.3 -46.1339
1611000 300.81 -23027.1 76.8333
1612000 299.469 -23071.7 18.3723
1613000 300.149 -23097.9 -87.7027
1614000 299.293 -23139.6 12.4453
1615000 299.404 -23085.4 114.984
1616000 300.125 -23086.7 -47.8928
1617000 300.462 -23100.5 4.09154
1618000 300.525 -22999.4 -122.367
1619000 300.235 -23024.8 7.88341
1620000 299.41 -23091.2 10.5677
1621000 299.732 -23072.5 64.2472
1622000 299.175 -23080.2 -15.2076
1623000 299.187 -23079.9 156.379
1624000 299.447 -23026.9 -49.6247
1625000 299.827 -23071.3 17.0271
1626000 301.205 -22998.3 57.5702
1627000 299.267 -23065.9 -77.9408
1628000 300.286 -23034.7 -32.1832
1629000 298.632 -23083.9 -55.9181
1630000 299.658 -22998.8 -86.0206
1631000 300.136 -22996.9 95.5569
1632000 298.913 -23065.7 -30.6991
1633000 298.928 -23071.8 -17.0212
1634000 299.427 -23062.1 25.7054
1635000 299.521 -23025.6 52.5965
1636000 298.158 -22982.4 -35.7801
1637000 300.914 -23002.6 -25.0898
1638000 300.471 -23009.4 53.2451
1639000 300.953 -22990.9 -135.366
1640000 300.035 -23032.6 125.62
1641000 298.971 -23101.7 2.12039
1642000 299.203 -23073.4 -85.0681
1643000 300.689 -23021.8 -45.3548
1644000 298.469 -23069.6 17.4743
1645000 300.012 -23099 -54.18
1646000 298.499 -23103.3 134.171
1647000 299.82 -23035.2 13.8152
1648000 299.25 -23036.3 7.41762
1649000 299.231 -22968.2 65.66
1650000 300.843 -22976 -23.8962
1651000 301.103 -22959.2 -21.6177
1652000 299.475 -22978.1 -17.8336
1653000 299.395 -22956.7 -0.550333
1654000 299.21 -22977.3 -68.1414
1655000 300.389 -22963.8 87.6795
1656000 300.646 -22948.1 72.9086
1657000 299.004 -22982.2 -16.6001
1658000 299.197 -23034.5 -50.7966
1659000 300.298 -23013 15.1075
1660000 300.897 -23027.2 31.8267
1661000 300.1 -23056.1 -39.239
1662000 300.873 -23004.2 66.9612
1663000 298.917 -22901.7 -13.5968
1664000 300.899 -22906.4 -0.779461
1665000 299.703 -22973.5 -13.0036
1666000 299.688 -22995.1 83.674
1667000 301.487 -23008.4 -4.8687
1668000 299.127 -23015.5 -31.2371
1669000 299.401 -22951.7 -64.7571
1670000 300.342 -22899.9 24.4662
1671000 300.748 -22925.7 85.9765
1672000 299.941 -22947.1 -7.56218
1673000 298.471 -22967.4 39.8385
1674000 299.101 -23006 -102.219
1675000 299.383 -22991.8 -38.2259
1676000 299.309 -22991.7 67.831
1677000 298.668 -22992.4 -80.207
1678000 300.989 -23005.3 -37.5541
1679000 298.469 -23071.3 108.783
1680000 299.434 -23042.6 19.4284
1681000 298.153 -23002.4 -101.565
1682000 298.951 -22970.6 25.6844
1683000 299.366 -22938.7 -81.001
1684000 300.024 -22946.6 67.6638
1685000 298.941 -22999.7 -48.7711
1686000 299.971 -22993.2 76.9654
1687000 298.979 -22931.4 -16.4937
1688000 299 -22981.2 -31.674
1689000 299.09 -22978.9 -5.29328
1690000 300.003 -22982.8 32.6388
1691000 300.996 -22973.1 12.8426
1692000 300.193 -22982 -9.01964
1693000 300.813 -22957.3 43.2538
1694000 298.902 -22984.1 88.8765
1695000 301.036 -22998.6 -150.145
1696000 298.801 -23090.2 -22.9849
1697000 300.165 -23073.1 -64.8457
1698000 299.997 -23062.8 14.5017
1699000 297.98 -23055.1 -23.4938
1700000 300.051 -23024.9 41.0178
1701000 300.141 -23084.8 73.2817
1702000 301.269 -23000 43.4736
1703000 301.335 -23044.2 -20.6081
1704000 300.397 -23043.2 -86.7579
1705000 300.311 -23034.9 40.5113
1706000 300.632 -23037.2 6.32051
1707000 300.045 -23033.5 -10.942
1708000 299.953 -23026.7 -11.9444
1709000 301.899 -22991.6 -7.78457
1710000 300.506 -23023.6 -29.6591
1711000 299.648 -23005.2 0.805699
1712000 300.241 -23028.5 -74.5445
1713000 300.735 -22937.6 12.2348
1714000 300.011 -23004.8 34.8506
1715000 299.334 -23042.2 20.9569
1716000 297.678 -23082.3 -20.8896
1717000 298.409 -23006 -7.41032
1718000 299.945 -23028.2 72.6522
1719000 299.867 -22956.2 -75.8031
1720000 299.299 -22980.1 28.6384
1721000 300.799 -22888.3 -36.3969
1722000 299.821 -22932.1 -40.1509
1723000 300.98 -22933.8 47.7287
1724000 300.796 -22934.2 -44.6512
1725000 300.599 -22941.7 107.932
1726000 299.66 -22885.2 -16.9402
1727000 299.675 -22953.7 9.73213
1728000 299.087 -23000.6 17.4728
1729000 300.639 -23031.6 -99.185
1730000 301.347 -23045.7 -0.905044
1731000 298.558 -23014.5 -24.0742
1732000 299.237 -23045.3 123.089
1733000 298.663 -23050.8 -67.6
1734000 300.333 -23057.3 -88.3303
1735000 300.949 -23040.3 46.8674
1736000 299.307 -23037.8 6.22828
1737000 298.126 -23028.6 26.5184
1738000 300.001 -22964.8 8.20061
1739000 300.904 -22925.9 45.6817
1740000 300.234 -22918.7 -46.7766
1741000 298.758 -23032.7 65.9224
1742000 300.05 -23031.8 20.8249
1743000 300.991 -22996.4 -35.4513
1744000 301.759 -22978.5 33.0502
1745000 299.574 -22959 -21.2081
1746000 299.019 -22956.2 75.0311
1747000 300.117 -22970.1 39.7113
1748000 302.353 -22954.6 -40.8452
1749000 300.099 -23022.5 76.4198
1750000 300.595 -23004.8 0.347655
1751000 299.53 -22986.4 -94.2373
1752000 301.818 -22978.7 -23.9014
1753000 299.503 -23040.2 81.9542
1754000 300.521 -23039.1 -40.3775
1755000 300.053 -23068.4 20.6631
1756000 300.883 -23047.8 -1.44909
1757000 299.122 -23078.7 -5.8288
1758000 299.355 -23071.7 -8.71196
1759000 298.77 -23132.9 -64.5853
1760000 299.257 -23147.8 26.8588
1761000 299.355 -23096.9 108.797
1762000 297.947 -23088.6 -199.667
1763000 299.094 -23019.4 113.155
1764000 298.132 -23078.9 -144.585
1765000 300.332 -23070.1 21.1469
1766000 300.5 -23087.7 -52.7085
1767000 299.806 -23168.8 90.1683
1768000 302.136 -23057.4 -59.4288
1769000 298.345 -23066 11.1812
1770000 299.312 -23005.1 14.191
1771000 299.487 -23081.4 -28.3032
1772000 298.886 -23068.8 47.1085
1773000 298.486 -23052.7 44.7558
1774000 299.12 -22995.4 4.34502
1775000 300.224 -23016.8 -24.5252
1776000 301.169 -23009.9 -66.4007
1777000 299.853 -23018.5 23.7056
1778000 300.196 -23063.9 -45.7786
1779000 301.014 -23044.6 41.6703
1780000 299.75 -23038.4 54.4926
1781000 299.081 -23144.8 -45.7378
1782000 300.691 -23105.1 22.7144
1783000 298.756 -23116.8 44.3349
1784000 300.258 -23087.3 -86.3701
1785000 302.003 -23050.1 76.2872
1786000 298.911 -23121.1 41.4519
1787000 298.983 -23087.6 0.435991
1788000 300.787 -23016.8 -36.3784
1789000 300.045 -23025.2 -22.3186
1790000 298.216 -23059.1 -33.7303
1791000 298.662 -23019.8 -79.4858
1792000 299.77 -23014.4 96.9826
1793000 300.114 -22942 -21.7859
1794000 301.565 -22987.7 42.5361
1795000 299.815 -23019.5 52.8011
1796000 302.223 -22868.6 -64.4364
1797000 298.394 -22933.5 -12.2588
1798000 299.339 -22957.5 59.4138
1799000 297.976 -22983.5 57.0325
1800000 301.076 -22980.1 -13.5142
1801000 299.736 -23019.4 70.1181
1802000 299.724 -23091.4 -88.4073
1803000 302.341 -23039.6 -36.1859
1804000 299.225 -23128.4 54.0496
1805000 300.846 -23075.6 58.0755
1806000 300.461 -23006.3 -33.7354
1807000 299.08 -23090.9 39.1158
1808000 300.937 -23086.9 4.53657
1809000 300.537 -23060.7 8.89729
1810000 301.572 -23004.6 -42.0715
1811000 300.51 -23067.3 -42.6738
1812000 300.416 -22963.1 10.6086
1813000 299.399 -22980.9 72.4139
1814000 299.724 -22998.9 -71.8364
1815000 301.444 -22996.4 -73.9484
1816000 299.813 -23034.7 39.3277
1817000 300.599 -23006.2 -40.0469
1818000 299.476 -22961.9 12.6157
1819000 299.094 -22932.7 -109.143
1820000 302.436 -22887.3 111.714
1821000 300.072 -22894 12.3791
1822000 298.417 -22911.4 -42.32
1823000 298.938 -22887 23.1728
1824000 299.521 -22826.4 -89.9729
1825000 300.088 -22787.6 31.7817
1826000 299.661 -22859.8 -30.591
1827000 300.174 -22843.2 -6.72019
1828000 301.434 -22812.9 1.57882
1829000 300.084 -22776.4 -3.36582
1830000 300.844 -22848.3 30.5916
1831000 299.822 -22926.4 -81.364
1832000 300.252 -22882.1 4.41969
1833000 301.356 -22908.6 -6.56257
1834000 301.264 -22861.3 23.8732
1835000 301.327 -22899.5 -12.0484
1836000 299.661 -22995.1 -18.3115
1837000 299.625 -22988.3 113.629
1838000 300.477 -22930.4 -67.4615
1839000 299.883 -22952.3 38.7993
1840000 298.951 -23002.6 -105.707
1841000 298.7 -23077.7 37.7373
1842000 299.966 -23068.5 74.7154
1843000 300.594 -23020.4 -2.58941
1844000 299.493 -23039.3 -16.9317
1845000 298.777 -23043.3 -9.48732
1846000 300.312 -22959.1 0.454589
1847000 299.717 -22987.4 -4.47683
1848000 301.018 -22983.5 -84.7583
1849000 301.642 -22987.4 6.42996
1850000 301.452 -22992.2 -65.9233
1851000 299.897 -23009.9 -58.0459
1852000 298.043 -23038 81.8536
1853000 298.953 -23071.8 60.7968
1854000 300.641 -23049.3 -68.2123
1855000 300.348 -23004.1 -5.77134
1856000 299.648 -23051.1 -33.9154
1857000 299.925 -23092 3.59525
1858000 300.406 -23054.3 16.8583
1859000 298.653 -23088.6 -25.5163
1860000 300.085 -23031.9 -37.6988
1861000 300.974 -23003 65.9993
1862000 299.577 -22957.2 -3.50205
1863000 298.817 -22952.2 -24.6764
1864000 299.528 -22924.9 -15.8781
1865000 299.806 -22973.5 -21.1852
1866000 297.397 -23003.3 69.1144
1867000 300.027 -22985.1 25.8138
1868000 299.756 -22998.8 -57.7396
1869000 299.998 -22984 126.916
1870000 298.437 -22979.3 -62.6353
1871000 300.659 -22967.2 -12.4664
1872000 298.155 -22984.9 117.811
1873000 297.977 -22997.3 -97.2137
1874000 299.059 -23000 135.407
1875000 300.754 -22942.5 -60.9339
1876000 300.745 -22963 0.580343
1877000 299.676 -22999.8 20.983
1878000 301.22 -22991.1 -9.74421
1879000 300.009 -23000 44.3416
1880000 302.46 -23010.6 -43.2908
1881000 300.074 -23066.8 61.5598
1882000 299.912 -23028.2 -86.2713
1883000 297.192 -23095.1 -16.7567
1884000 299.687 -23084 51.6198
1885000 299.672 -23066.8 -66.7763
1886000 300.181 -23001.9 47.0101
1887000 298.362 -23059.8 74.3729
1888000 301.142 -23023.8 -33.4515
1889000 299.862 -22988.4 -32.3954
1890000 300.989 -23005.4 66.1835
1891000 299.313 -23007.7 83.4834
1892000 299.068 -23024.8 -54.2653
1893000 298.524 -22993.9 19.3082
1894000 297.278 -23060.7 -11.062
1895000 299.89 -23047.4 -44.3503
1896000 298.668 -23067.4 -8.71777
1897000 300.659 -23080.1 68.68
1898000 300.677 -23111.5 -58.9612
1899000 298.377 -23147.6 -25.2879
1900000 300.57 -23116 0.668261
1901000 299.563 -23044 44.1418
1902000 300.884 -23035.6 27.536
1903000 299.317 -23057.9 -42.0285
1904000 301.68 -22984.8 -14.587
1905000 299.808 -23065.1 98.4185
1906000 299.631 -23061.7 -16.1347
1907000 298.487 -23025.6 -48.3664
1908000 298.442 -23057.4 41.9325
1909000 301.662 -23025.7 -18.0136
1910000 299.5 -23057.6 13.5595
1911000 299.393 -23056.9 -58.0873
1912000 298.732 -23013.8 -22.9433
1913000 299.67 -22987.4 -49.9741
1914000 301.44 -22977.1 44.5055
1915000 300.04 -22984.1 26.2771
1916000 299.594 -23022.4 -8.5861
1917000 300.075 -23003.4 6.38519
1918000 299.947 -23007.6 -7.60581
1919000 298.49 -23011 90.2841
1920000 300.059 -22995.8 -133.814
1921000 299.645 -23017.7 -35.813
1922000 299.573 -23038.3 104.95
1923000 300.355 -23013.1 -86.3256
1924000 299.423 -23005.2 51.4133
1925000 299.751 -22908.1 28.0553
1926000 301.116 -22886.4 -5.72788
1927000 298.811 -22897.2 46.4432
1928000 298.882 -22894.6 14.1509
1929000 301.196 -22873.3 10.3045
1930000 300.029 -22979.1 -66.9782
1931000 299.683 -22987.5 48.0272
1932000 300.636 -22965.1 15.3618
1933000 299.724 -22899.7 -25.9213
1934000 301.145 -22934.8 59.6513
1935000 300.53 -22903.9 77.2234
1936000 299.093 -22921.2 -104.946
1937000 299.572 -22861.9 74.6025
1938000 299.95 -22887.9 -89.135
1939000 300.657 -22954.6 17.6605
1940000 299.775 -22899.6 -66.9302
1941000 298.145 -22977.6 51.7645
1942000 299.743 -22882.7 1.69045
1943000 300.187 -22918.8 41.8596
1944000 299.039 -22919.6 27.5409
1945000 299.971 -22886.7 -166.925
1946000 298.876 -22959.4 202.441
1947000 299.517 -22968.7 -93.13
1948000 300.102 -22890 53.306
1949000 299.855 -22908.3 -16.7301
1950000 299.699 -22924 54.9823
1951000 297.574 -23017.7 -64.351
1952000 298.937 -22944.9 117.758
1953000 300.097 -22846.7 -67.0739
1954000 301.401 -22927.9 -3.97033
1955000 300.561 -23018.1 21.472
1956000 300.712 -22982.2 -36.7993
1957000 298.264 -22995.9 -57.7562
1958000 300.659 -22931.2 80.553
1959000 301.034 -22968.1 2.21279
1960000 302.091 -22958.6 -47.9701
1961000 301.231 -23007 8.74796
1962000 299.836 -22981.8 82.0713
1963000 301.393 -23013.2 -47.8126
1964000 300.147 -23007.8 46.305
1965000 300.416 -23071.5 -135.063
1966000 301.222 -23055.5 55.0234
1967000 301.243 -22952.5 -22.1375
1968000 300.403 -22962.2 59.2095
1969000 300.283 -23041.9 -49.7471
1970000 301.078 -23020 72.816
1971000 300.919 -22998.8 14.411
1972000 298.824 -22968.7 2.00104
1973000 298.532 -22980.8 0.903932
1974000 298.909 -22944 -50.2324
1975000 298.885 -22909.8 -50.1984
1976000 300.779 -22852.5 51.7914
1977000 300.978 -22892.7 14.7885
1978000 300.151 -22932.6 -33.9195
1979000 298.436 -23026.6 67.8461
1980000 299.494 -23003.8 -24.4363
1981000 301.338 -23055.8 56.133
1982000 300.403 -23052.6 -23.1306
1983000 298.735 -23019.7 -10.8715
1984000 299.157 -23058.5 -46.581
1985000 301.753 -23011.9 47.7673
1986000 300.122 -23025.5 -79.6414
1987000 298.939 -22993.6 42.8148
1988000 298.642 -23057.6 11.0167
1989000 299.044 -23027.8 -21.139
1990000 300.252 -23002.4 -49.5005
1991000 299.024 -23013.6 19.3777
1992000 299.598 -22964.2 76.524
1993000 300.547 -22909.4 -67.612
1994000 301.033 -22915.7 -3.46188
1995000 300.173 -22943.7 -8.66445
1996000 301.957 -22905.6 60.0368
1997000 300.244 -22946.1 -4.4034
1998000 301.159 -22927.9 -24.7854
1999000 300.793 -23005.2 -24.2409
2000000 300.917 -22980.2 28.3031
