# Time-averaged data for fix 3
# TimeStep v_Temperature v_PotentialEnergy v_Pressure
2000 429.833 -19194.2 -40.0097
3000 498.201 -17095 19.4345
4000 501.554 -16915.3 0.272799
5000 500.267 -16730.4 61.0548
6000 500.933 -16660.3 -0.927657
7000 500.287 -16658.8 -80.0869
8000 500.212 -16492.3 110.564
9000 500.222 -16389.9 -295.545
10000 500.721 -16628.9 105.494
11000 500.485 -16593.3 -80.8674
12000 502.893 -16665.7 37.2024
13000 498.481 -16596.1 8.73117
14000 499.47 -16669.8 57.8335
15000 499.399 -16681.7 39.1314
16000 500.121 -16615.2 3.43221
17000 496.701 -16561.8 -127.166
18000 499.492 -16540 51.6056
19000 500.25 -16477.8 56.3304
20000 498.573 -16538.1 -153.345
21000 499.202 -16675.2 156.078
22000 499.841 -16551.5 -31.464
23000 502.497 -16467 -113.969
24000 498.657 -16589.9 44.8231
25000 498.456 -16612.8 -57.7501
26000 498.721 -16565.2 28.2508
27000 502.002 -16511.1 2.05681
28000 501.175 -16572.8 43.3685
29000 501.936 -16582.3 46.4899
30000 499.715 -16624.8 134.838
31000 498.216 -16647.1 -241.761
32000 497.235 -16815.3 157.488
33000 501.635 -16492.8 -102.833
34000 499.641 -16568.6 99.3546
35000 500.702 -16550.6 -52.8145
36000 501.018 -16539.5 43.3698
37000 502.731 -16498.7 14.6601
38000 500.619 -16551.3 -64.5572
39000 500.602 -16582 33.2765
40000 497.725 -16582.6 -12.3694
41000 498.744 -16589 75.3549
42000 501.868 -16552.2 -68.9769
43000 501.533 -16624.3 -41.4816
44000 501.129 -16497.9 42.7911
45000 500.221 -16516.4 46.4987
46000 501.391 -16537.1 6.28649
47000 503.261 -16477.5 -51.7238
48000 503.754 -16475.6 -50.0608
49000 500.922 -16571.4 -12.3945
50000 501.091 -16601.5 63.4257
51000 502.227 -16649.2 -11.5867
52000 502.562 -16611.7 101.841
53000 499.751 -16500.5 -280.044
54000 500.452 -16531.2 157.799
55000 498.028 -16505 -125.534
56000 499.669 -16633.2 75.6893
57000 499.841 -16707.7 -44.7024
58000 499.701 -16591.7 19.0684
59000 499.232 -16563.1 49.2482
60000 498.753 -16632.5 35.0714
61000 499.615 -16417.6 -180.613
62000 497.083 -16518.2 -2.50929
63000 498.956 -16569.1 21.1571
64000 503.711 -16515.9 -66.3002
65000 501.754 -16506.1 -54.8719
66000 497.781 -16593.8 102.504
67000 499.326 -16613.3 -53.128
68000 500.122 -16663.1 -40.1372
69000 499.765 -16563.9 125.091
70000 498.172 -16491.4 -225.328
71000 502.661 -16455.1 6.73515
72000 501.854 -16536 24.8949
73000 502.162 -16614.1 89.6879
74000 497.3 -16649.9 -76.871
75000 498.513 -16716.4 -78.5707
76000 499.676 -16672.9 94.0219
77000 499.08 -16532.2 63.3911
78000 499.856 -16467.9 -39.6543
79000 500.197 -16357.2 51.4863
80000 499.992 -16508.3 -28.7974
81000 499.053 -16596.3 -36.8089
82000 499.202 -16573.7 51.5231
83000 497.465 -16708.5 19.5681
84000 498.517 -16656.4 -64.4783
85000 500.358 -16640 -42.27
86000 499.614 -16600.7 121.99
87000 500.724 -16501.2 11.4839
88000 501.798 -16443 -147.8
89000 499.228 -16660.4 41.0425
90000 501.636 -16524.6 -28.2318
91000 499.766 -16516 29.0078
92000 497.009 -16673.1 114.501
93000 498.48 -16631.6 30.4635
94000 497.894 -16597.3 -88.2866
95000 499.565 -16609.1 -26.1344
96000 497.65 -16564.2 60.1057
97000 497.876 -16479.1 -24.9002
98000 502.523 -16450.5 -54.8335
99000 500.092 -16544.5 29.2893
100000 501.293 -16431.6 -23.6739
101000 500.266 -16496 -48.4929
102000 499.816 -16631.6 54.2423
103000 499.356 -16564.7 -60.2513
104000 500.353 -16605 103.024
105000 499.333 -16544.8 -50.6572
106000 499.467 -16543.6 -17.7033
107000 502.951 -16596.9 77.2814
108000 500.005 -16576 -105.96
109000 502.735 -16601.4 210.583
110000 499.408 -16586.4 -116.879
111000 500.726 -16645.4 14.5692
112000 499.241 -16607.3 85.8886
113000 500.572 -16549.1 -52.7026
114000 500.804 -16538.7 -7.03882
115000 497.57 -16508.9 -141.66
116000 500.187 -16579.5 130.827
117000 503.193 -16393.4 -220.906
118000 499.316 -16562 72.5422
119000 501.99 -16567.2 73.8537
120000 500.522 -16548.6 -79.5562
121000 501.299 -16593.8 142.173
122000 498.278 -16519.2 -205.38
123000 501.747 -16595.5 105.289
124000 499.553 -16455.5 -88.1239
125000 501.838 -16566.6 134.738
126000 500.418 -16464.1 -60.0487
127000 499.694 -16485.5 25.3932
128000 499.504 -16575.5 -9.23925
129000 499.116 -16587.1 -19.1033
130000 498.827 -16687.9 89.9652
131000 501.352 -16630.2 -42.5845
132000 498.622 -16673 -0.872206
133000 500.837 -16648.6 25.3599
134000 499.404 -16628.3 38.7029
135000 502.611 -16518 -197.717
136000 500.839 -16553.4 64.7264
137000 498.922 -16530.2 -53.8855
138000 499.042 -16571.5 19.5498
139000 500.976 -16763.2 -30.9703
140000 502.077 -16569.3 -104.885
141000 499.854 -16728.1 77.9377
142000 497.004 -16634.9 -50.5897
143000 502.801 -16268.4 -179.519
144000 499.31 -16714.3 127.46
145000 500.409 -16566.2 -66.2207
146000 498.906 -16573.2 9.17954
147000 500.94 -16551.9 -90.2807
148000 500.345 -16516.9 126.831
149000 502.11 -16403.3 -40.8359
150000 502.237 -16501.6 -28.17
151000 499.54 -16557.9 207.339
152000 501.338 -16441.5 -239.29
153000 502.337 -16541.8 15.1309
154000 497.751 -16496.6 16.717
155000 499.51 -16505.3 -123.674
156000 502.623 -16520.7 124.254
157000 501.024 -16632.5 24.8542
158000 499.31 -16697.9 3.52562
159000 499.744 -16715.3 34.4178
160000 499.369 -16665.6 103.572
161000 497.902 -16723.2 -1.7265
162000 500.333 -16587.8 -113.856
163000 501.263 -16508.3 -145.027
164000 499.674 -16571.6 122.263
165000 500.74 -16440 -49.9195
166000 497.977 -16565.9 -5.59502
167000 499.456 -16562.6 -18.321
168000 500.368 -16511.6 -7.48596
169000 502.027 -16583.3 110.55
170000 501.784 -16559.3 -45.8217
171000 501.448 -16486.7 37.7011
172000 499.605 -16472.9 -59.8726
173000 498.87 -16533.6 -1.47911
174000 498.876 -16533.7 -106.268
175000 500.728 -16596.7 93.5628
176000 500.924 -16549.6 28.2269
177000 496.975 -16627.8 -21.3495
178000 500.963 -16676.5 42.5729
179000 498.278 -16790.6 10.4102
180000 500.679 -16523.2 -120.985
181000 499.245 -16621.7 131.175
182000 498.246 -16645.2 14.2745
183000 498.954 -16584.8 -112.132
184000 500.368 -16617.5 61.8145
185000 500.036 -16626.5 -71.538
186000 498.775 -16717.2 53.9104
187000 497.897 -16647.6 -74.2484
188000 498.707 -16566.7 119.509
189000 500.298 -16465.2 -98.0983
190000 500.668 -16209.3 -113.758
191000 497.663 -16421.6 12.1731
192000 501.211 -16545.3 -22.4536
193000 502.359 -16545.7 59.0102
194000 501.092 -16419.5 -116.483
195000 501.97 -16410 15.3536
196000 499.308 -16443.3 -6.35993
197000 500.157 -16604.3 34.4703
198000 501.682 -16608.2 4.3128
199000 501.137 -16525.7 0.00402863
200000 500.669 -16613.7 9.637
201000 500.906 -16556.6 -115.883
202000 497.558 -16668.3 80.8849
203000 501.098 -16438.4 -56.6411
204000 499.461 -16540.7 -42.0852
205000 499.459 -16548.6 -62.4049
206000 501.413 -16563.2 157.873
207000 500.931 -16441.8 -172.686
208000 497.81 -16661.6 92.2825
209000 499.221 -16570.1 42.4584
210000 501.317 -16518.8 -55.1278
211000 499.787 -16657 18.704
212000 501.147 -16600.7 10.2993
213000 499.903 -16549.4 -136.21
214000 500.903 -16705.3 98.987
215000 503.076 -16386.2 -67.3506
216000 501.771 -16379.2 24.3071
217000 498.645 -16490.2 146.178
218000 500.39 -16492.7 -38.8009
219000 499.498 -16660.2 166.743
220000 501.774 -16583.7 -136.55
221000 498.211 -16747.9 -15.7883
222000 497.241 -16657.4 -57.8986
223000 500.061 -16635.6 -130.509
224000 501.193 -16671.2 223.2
225000 501.608 -16571.3 -22.5175
226000 503.008 -16490.5 -35.5788
227000 501.497 -16557.7 37.5625
228000 498.89 -16636.2 -35.0329
229000 501.111 -16578.9 -56.6848
230000 497.831 -16616.7 8.66812
231000 499.493 -16645.1 -12.733
232000 501.365 -16613.8 105.524
233000 501.89 -16494.5 38.5372
234000 499.556 -16424 -143.565
235000 502.508 -16500.2 118.587
236000 499.657 -16475.7 -74.6396
237000 498.004 -16551.8 66.0526
238000 502.192 -16441.7 -189.867
239000 500.527 -16616.4 50.4836
240000 501.883 -16539.7 100.14
241000 502.477 -16350.7 -25.133
242000 499.29 -16481.9 -84.6326
243000 501.442 -16595.3 50.7685
244000 499.336 -16571.5 31.9613
245000 500.658 -16579.5 151.085
246000 501.23 -16597.5 -104.597
247000 502.811 -16563 -46.2883
248000 500.44 -16614.5 63.6373
249000 499.635 -16710.1 -37.4077
250000 502.34 -16602.5 68.99
251000 496.61 -16692.5 -5.27819
252000 500.657 -16496.9 -87.9345
253000 500.788 -16485 -19.8234
254000 501.127 -16535.2 275.104
255000 500.2 -16424.1 -195.798
256000 500.479 -16436.8 -2.41003
257000 497.554 -16489.8 74.8761
258000 500.913 -16426.7 -31.7873
259000 500.227 -16398.7 -60.6391
260000 499.885 -16591.4 236.985
261000 498.403 -16449.5 -84.3795
262000 501.256 -16464.1 -4.80281
263000 500.102 -16541.4 -52.2054
264000 501.081 -16573.3 28.6941
265000 500.296 -16589.7 -40.6317
266000 500.108 -16563.7 64.4108
267000 499.944 -16523.3 -35.4597
268000 497.159 -16558.2 -141.724
269000 501.207 -16549.2 122.933
270000 501.69 -16418.5 -4.5887
271000 499.97 -16372 -4.25391
272000 499.63 -16599 94.7267
273000 502.77 -16503.7 33.9339
274000 503.091 -16417.4 65.7224
275000 499.947 -16503.4 -82.5104
276000 499.721 -16488.1 76.2497
277000 499.192 -16507.2 109.61
278000 499.345 -16474.9 -145.601
279000 498.512 -16606.4 36.9016
280000 501.053 -16583.7 32.8264
281000 500.275 -16552.8 -105.051
282000 499.342 -16716.8 141.648
283000 501.843 -16651.4 -140.241
284000 501.251 -16540.4 93.613
285000 497.273 -16645.4 -35.3959
286000 497.928 -16584.5 -20.7739
287000 500.49 -16508.6 -116.31
288000 498.911 -16519 16.0356
289000 499.232 -16634.4 41.4833
290000 498.139 -16552.3 -23.386
291000 503.34 -16400.7 -58.0746
292000 500.753 -16528.1 1.32635
293000 502.472 -16540.7 149.676
294000 499.508 -16463.2 24.1485
295000 502.4 -16458.2 -39.3448
296000 501.136 -16564.1 71.1859
297000 500.747 -16501.4 -101.133
298000 498.951 -16784.4 243.873
299000 499.887 -16570.4 -157.04
300000 498.738 -16464.7 -121.576
301000 498.534 -16526 129.349
302000 500.114 -16628.6 45.6409
303000 499.506 -16542.8 -89.4094
304000 503.544 -16548.7 18.0763
305000 502.556 -16548.7 85.9574
306000 501.555 -16508.1 61.1857
307000 500.484 -16606.7 -54.6984
308000 500.217 -16626.1 168.224
309000 499.27 -16571.2 -13.9121
310000 498.963 -16573.9 -60.8811
311000 500.494 -16678.3 222.26
312000 498.301 -16703 19.9874
313000 497.784 -16602.7 -113.145
314000 498.613 -16609 121.313
315000 497.461 -16590.4 -99.5866
316000 500.675 -16584 -7.0674
317000 499.984 -16546.8 -55.136
318000 501.418 -16603.2 -2.06035
319000 500.602 -16663.8 -83.1147
320000 497.59 -16691.8 133.375
321000 501.271 -16757.7 -14.1474
322000 502.124 -16687.5 -50.8998
323000 497.522 -16876.4 11.7543
324000 499.49 -16678.7 -15.5717
325000 499.979 -16592.3 -52.4695
326000 502.41 -16556.5 64.183
327000 502.175 -16503.6 130.96
328000 500.055 -16535.2 -102.166
329000 503.337 -16378 -127.919
330000 500.08 -16632.9 125.374
331000 501.293 -16585.9 -87.843
332000 500.393 -16519.8 10.5539
333000 499.652 -16603.3 118.405
334000 500.227 -16517.6 -57.5937
335000 500.529 -16429.4 -240.623
336000 497.762 -16564.4 59.0081
337000 500.437 -16566.6 36.8142
338000 501.397 -16594.5 -99.5305
339000 501.94 -16636.4 63.2562
340000 497.241 -16706.8 -109.555
341000 503.098 -16664.7 81.0688
342000 499.709 -16546.8 -100.376
343000 500.622 -16545.3 48.6832
344000 498.941 -16584.8 -76.5804
345000 498.68 -16786.4 -41.8568
346000 500.88 -16716.1 194.457
347000 499.458 -16601.8 -23.8218
348000 500.562 -16521.7 -46.2785
349000 500.442 -16570.7 50.9633
350000 499.739 -16639.5 -62.3459
351000 498.216 -16618.5 -1.75936
352000 503.044 -16405.4 40.8212
353000 500.045 -16503.3 2.6828
354000 499.521 -16589.1 -103.858
355000 498.777 -16700 68.466
356000 497.332 -16702.2 -30.8308
357000 498.465 -16566.4 38.1586
358000 500.506 -16484.7 18.6738
359000 500.936 -16492.6 41.5312
360000 499.585 -16549.1 -82.7429
361000 499.987 -16686.8 -25.6442
362000 496.609 -16689.6 -32.1777
363000 498.275 -16822.9 126.96
364000 501.08 -16476.3 -110.088
365000 503.249 -16540.3 -48.6493
366000 499.743 -16544.5 55.1305
367000 499.633 -16500.8 -11.9031
368000 500.191 -16390.7 38.2107
369000 499.902 -16468.7 -8.51392
370000 500.67 -16482.3 -84.3345
371000 499.257 -16691.9 30.2664
372000 500.219 -16646.6 16.7904
373000 499.089 -16672.2 144.142
374000 500.66 -16649.2 -28.1507
375000 501.025 -16578.4 -49.1878
376000 502.707 -16400.3 36.7726
377000 496.548 -16530.6 -8.40361
378000 498.716 -16559.9 -35.2852
379000 498.423 -16610.8 93.1409
380000 498.599 -16460.7 -78.1013
381000 502.596 -16492.2 158.206
382000 498.937 -16465.4 -94.5868
383000 499.784 -16642.9 209.767
384000 499.412 -16617.9 -199.348
385000 501.125 -16722.1 -32.7105
386000 495.531 -16791.3 82.3895
387000 499.027 -16683.3 -1.22666
388000 501.489 -16526.4 -81.602
389000 500.128 -16549 16.1237
390000 496.123 -16677.1 87.0382
391000 502.115 -16462.3 -15.2515
392000 496.432 -16634.3 -14.3728
393000 498.595 -16466.3 20.2566
394000 499.416 -16615.5 7.03159
395000 500.854 -16482.7 -54.5824
396000 501.352 -16496.4 12.2723
397000 502.583 -16610.5 166.946
398000 497.923 -16535.1 -160.622
399000 502.07 -16491.3 6.74523
400000 500.697 -16521.2 -42.3379
401000 500.87 -16614.7 15.5864
402000 501.394 -16570 -29.9598
403000 499.43 -16568.6 61.0104
404000 500.135 -16607.6 -76.0186
405000 499.465 -16659.6 -8.85731
406000 500.654 -16704.2 30.1786
407000 501.118 -16499.7 -90.4752
408000 500.476 -16639.3 77.1545
409000 501.328 -16624.8 -59.1431
410000 498.541 -16684.3 149.917
411000 501.681 -16466.4 -87.7992
412000 501.914 -16543 89.3034
413000 501.595 -16647.4 -21.2526
414000 499.611 -16520.3 -78.4444
415000 499.135 -16597.7 21.9831
416000 500.247 -16601.5 130.573
417000 496.87 -16640 5.86398
418000 499.633 -16713 -152.782
419000 501.603 -16669.5 -1.24942
420000 502.235 -16675.3 53.2763
421000 499.433 -16494.4 -63.7391
422000 496.712 -16776.7 66.7557
423000 497.677 -16652.8 -160.33
424000 500.391 -16681.2 105.516
425000 497.502 -16795.1 26.8958
426000 500.745 -16673 32.3458
427000 499.538 -16629.3 -11.4111
428000 498.114 -16537.4 -122.247
429000 499.245 -16546.7 60.1368
430000 501.25 -16452.8 -158.895
431000 500.575 -16519.2 167.267
432000 499.692 -16582 -85.1816
433000 498.164 -16544.5 -82.6763
434000 499.728 -16656.6 63.4095
435000 500.789 -16627.3 37.0609
436000 498.549 -16564.9 -61.2325
437000 497.003 -16681.3 -50.2826
438000 500.065 -16628.1 29.135
439000 499.73 -16575.7 -131.189
440000 500.941 -16541.4 122.137
441000 501.523 -16498.5 23.8549
442000 499.654 -16540.4 23.267
443000 499.099 -16508.8 -131.905
444000 496.225 -16713.5 105.861
445000 499.809 -16681.2 -6.94485
446000 495.705 -16614.4 -33.8795
447000 499.692 -16503.1 51.451
448000 502.175 -16538.8 0.604842
449000 500.329 -16553.6 109.182
450000 499.616 -16529.7 -175.011
451000 497.709 -16754.1 -82.5939
452000 500.391 -16752.1 238.472
453000 498.037 -16661.1 -56.5152
454000 502.081 -16522.8 -6.74183
455000 499.38 -16686.8 -5.33191
456000 501.241 -16556.9 13.3466
457000 501.12 -16373.6 -19.8451
458000 500.862 -16454.8 55.3863
459000 499.98 -16503.6 -64.616
460000 501.268 -16584 88.1009
461000 499.743 -16652.9 -36.8074
462000 498.11 -16797 161.351
463000 499.695 -16614.6 -9.25771
464000 500.929 -16494.4 -147.222
465000 499.106 -16581.9 259.254
466000 497.448 -16411.8 -266.64
467000 500.112 -16462 9.67679
468000 500.317 -16593.8 129.278
469000 498.93 -16437.9 -201.368
470000 499.674 -16563.5 63.217
471000 500.468 -16549.1 38.4596
472000 496.985 -16437.5 -104.711
473000 500.456 -16429.7 85.4917
474000 500.26 -16563.1 13.7647
475000 500.538 -16636.9 -13.6788
476000 499.523 -16695.9 113.273
477000 498.523 -16474.6 -12.5904
478000 499.215 -16490.1 -61.5273
479000 502.051 -16532.8 145.023
480000 499.642 -16481.5 -212.891
481000 500.625 -16690.8 104.521
482000 498.4 -16670.3 -94.3325
483000 499.713 -16613.1 83.1474
484000 500.589 -16494.8 6.6074
485000 501.165 -16427.8 37.6325
486000 499.223 -16584.5 -46.0059
487000 500.67 -16589.1 11.2232
488000 500.309 -16698.7 4.54478
489000 501.544 -16596.7 28.098
490000 502.529 -16531.5 -95.6576
491000 499.333 -16695.9 64.2704
492000 499.983 -16556.3 -92.5416
493000 500.31 -16477.8 -105.623
494000 501.208 -16579.3 78.0402
495000 500.56 -16630.1 40.5507
496000 502.575 -16578.5 -134.595
497000 498.325 -16666.5 89.2511
498000 498.925 -16609.5 67.9546
499000 498.829 -16642.9 20.2567
500000 498.356 -16678.5 -59.7765
501000 501.635 -16600 -8.77216
502000 497.541 -16809 211.663
503000 499.951 -16617.4 75.5249
504000 496.978 -16590.2 -122.84
505000 496.936 -16674.1 -47.3911
506000 503.323 -16605.7 196.747
507000 500.721 -16417.8 -137.855
508000 498.519 -16494.9 6.02347
509000 499.032 -16436.2 -0.633884
510000 500.764 -16347.3 1.36066
511000 503.135 -16476.6 70.8107
512000 496.795 -16601.7 60.4516
513000 499.819 -16472.6 -130.791
514000 499.311 -16591.3 84.63
515000 499.092 -16626.5 8.9204
516000 502.341 -16603.2 -99.9894
517000 498.803 -16788.3 31.1683
518000 498.288 -16779.4 68.6273
519000 497.886 -16780.8 -41.2122
520000 501.238 -16707.2 137.219
521000 500.399 -16634.4 -48.0359
522000 497.804 -16504.3 -48.5259
523000 502.023 -16505.9 42.2168
524000 500.189 -16548.9 19.4494
525000 497.961 -16401.9 -125.672
526000 500.027 -16530.9 90.9925
527000 500.676 -16482.4 -123.477
528000 502.263 -16532.6 70.5764
529000 497.338 -16559.2 -148.713
530000 503.037 -16567.8 262.697
531000 498.963 -16533.2 -155.978
532000 499.099 -16563.7 68.6827
533000 502.263 -16567.4 42.537
534000 500.462 -16486 -198.778
535000 499.767 -16569.6 71.7057
536000 498.924 -16620.2 7.91405
537000 501.006 -16684.6 -135.911
538000 500.692 -16575.2 62.9156
539000 498.158 -16609.6 -66.4243
540000 498.911 -16641.2 23.1405
541000 501.127 -16587.1 87.2929
542000 499.25 -16525.8 -115.069
543000 502.419 -16607.3 106.987
544000 500.454 -16510.4 -73.4456
545000 499.214 -16591 25.5746
546000 501.326 -16591.7 -16.6349
547000 498.977 -16605.3 27.2744
548000 502.091 -16546.3 -105.327
549000 501.32 -16641 87.0244
550000 504.165 -16505.4 -188.407
551000 499.756 -16591.5 135.297
552000 498.273 -16526.4 -5.06229
553000 500.796 -16488.5 -114.768
554000 498.103 -16752.2 180.834
555000 504.013 -16562.7 -99.9956
556000 496.754 -16789.6 12.1253
557000 499.362 -16670.3 31.2894
558000 501.564 -16665.4 13.2455
559000 499.56 -16641.5 51.3648
560000 498.634 -16477.2 -103.775
561000 502.247 -16547.4 38.5161
562000 501.085 -16542.9 -75.5928
563000 499.812 -16607.7 136.608
564000 500.096 -16545.2 -35.3891
565000 500.66 -16625.9 44.8644
566000 500.035 -16566.2 -110.51
567000 499.888 -16524.2 -24.0239
568000 498.533 -16706.8 51.6278
569000 498.916 -16714.8 -2.77174
570000 498.784 -16619.9 0.569445
571000 502.629 -16542.7 -1.21793
572000 499.26 -16564.6 -80.4607
573000 501.678 -16645.2 77.1462
574000 501.08 -16512.8 -41.2777
575000 500.533 -16555.5 75.9317
576000 502.497 -16409.6 -16.9283
577000 502.01 -16459.1 36.521
578000 498.901 -16619.9 -116.927
579000 497.819 -16662.6 -70.5442
580000 498.304 -16683.8 77.327
581000 500.042 -16640.2 9.64802
582000 501.998 -16557.7 20.3108
583000 499.164 -16568.3 -73.6872
584000 499.962 -16684.9 138.678
585000 499.401 -16591.8 -167.119
586000 501.785 -16689.4 84.4239
587000 502.857 -16673.4 -10.2267
588000 499.871 -16733.1 11.2863
589000 500.549 -16744.4 120.34
590000 496.387 -16569.3 -157.639
591000 499.077 -16595.1 95.7294
592000 499.769 -16609.7 36.2348
593000 501.099 -16463.2 -0.958687
594000 499.114 -16580.9 35.2669
595000 498.772 -16556.1 -32.103
596000 500.466 -16440.9 -53.4676
597000 500.893 -16535.2 63.6046
598000 497.166 -16449.6 -115.935
599000 498.585 -16513.3 -82.3004
600000 502.551 -16411.1 -24.6236
601000 500.885 -16710.6 222.807
602000 498.711 -16526.4 -102.814
603000 502.441 -16521.4 111.694
604000 499.867 -16554.7 -99.0711
605000 499.338 -16638.7 189.23
606000 499.366 -16533.3 -224.064
607000 499.492 -16570.3 79.7547
608000 498.833 -16626.4 -93.0283
609000 501.636 -16650.7 -73.4167
610000 501.06 -16691.3 209.568
611000 498.267 -16716.6 90.3308
612000 499.908 -16636 -138.126
613000 498.758 -16662.7 68.4062
614000 500.108 -16653.6 -45.8483
615000 499.213 -16604.2 -71.5887
616000 499.192 -16707.9 122.861
617000 499.217 -16611 11.2377
618000 501.622 -16547 -111.314
619000 500.779 -16715 27.1658
620000 498.883 -16723.6 66.0306
621000 501.988 -16636.7 -102.208
622000 500.647 -16561.2 -59.3996
623000 501.269 -16522.9 5.32461
624000 498.036 -16766.6 121.689
625000 501.592 -16626.6 -160.601
626000 500.041 -16638.1 113.168
627000 496.201 -16458 -234.559
628000 500.533 -16583.9 141.039
629000 499.807 -16716.2 -15.6706
630000 496.885 -16666.3 28.9652
631000 499.15 -16543.1 -143.462
632000 503.054 -16418.3 64.2418
633000 501.223 -16612.4 -11.7107
634000 499.614 -16582.6 19.5114
635000 498.97 -16530.3 53.9899
636000 499.771 -16666.4 -160.304
637000 501.212 -16745.9 151.934
638000 500.271 -16562.7 -59.1202
639000 499.731 -16642.8 -12.2986
640000 498.274 -16584.4 76.8079
641000 499.653 -16505.1 -82.5584
642000 501.174 -16555.2 214.342
643000 498.384 -16489.8 -134.533
644000 500.35 -16614.5 242.31
645000 497.907 -16641 -57.1808
646000 500.907 -16489.7 -64.7502
647000 499.132 -16402.8 56.1878
648000 501.139 -16586.8 -14.6343
649000 498.51 -16676.4 256.002
650000 497.798 -16574.2 -134.061
651000 497.425 -16560.6 -54.3827
652000 500.659 -16446.2 44.9493
653000 502.576 -16444.9 -28.3274
654000 498.321 -16449.7 66.9095
655000 500.722 -16524.8 -18.7512
656000 500.716 -16513.6 7.46884
657000 502.295 -16503.5 -196.555
658000 500.662 -16477.9 130.065
659000 499.838 -16538.8 -7.23348
660000 501.324 -16554.2 66.1177
661000 498.936 -16740 137.817
662000 499.545 -16641.3 -61.1304
663000 498.836 -16630.8 31.9557
664000 497.681 -16505.5 -57.7511
665000 499.54 -16574.8 -79.9759
666000 502.46 -16693.4 70.6404
667000 498.502 -16809.1 108.176
668000 500.166 -16621.4 -69.2018
669000 499.563 -16591.1 -28.3054
670000 501.68 -16582.7 -89.5719
671000 501.561 -16625.9 33.2659
672000 498.528 -16581.5 32.558
673000 505.068 -16446 -31.2781
674000 499.36 -16614.9 77.1699
675000 499.638 -16673.9 -39.9169
676000 499.644 -16496.4 9.94511
677000 500.633 -16404 -17.1488
678000 503.323 -16463.3 50.6449
679000 498.502 -16397.7 -42.0107
680000 499.372 -16316 56.5703
681000 500.336 -16379.2 18.8658
682000 501.695 -16582.3 -169.855
683000 499.826 -16680.2 129.186
684000 498.698 -16574.3 13.4903
685000 499.413 -16470.9 -47.8544
686000 501.668 -16465.8 85.1107
687000 500.301 -16465.2 -25.3618
688000 498.736 -16544.6 -41.6699
689000 503.746 -16444.4 -87.8857
690000 498.517 -16556 -2.49963
691000 500.062 -16670 172.734
692000 499.778 -16587.2 -155.603
693000 500.132 -16583 -34.3647
694000 499.521 -16503.4 39.4119
695000 501.347 -16514.7 -25.7298
696000 501.315 -16470 124.712
697000 503.919 -16468.3 -144.702
698000 500.603 -16680.6 231.187
699000 500.778 -16655.1 -104.799
700000 501.963 -16640 164.272
701000 499.034 -16686.8 98.0337
702000 502.233 -16584.5 -124.922
703000 500.986 -16568 -38.1656
704000 496.667 -16675.4 127.15
705000 500.753 -16593.4 -53.9441
706000 497.476 -16605.8 142.04
707000 499.932 -16488 -175.21
708000 499.35 -16617 143.754
709000 498.206 -16663.5 57.147
710000 498.932 -16617.7 -153.25
711000 499.038 -16788.9 73.4639
712000 497.543 -16623.9 -32.9234
713000 500.458 -16594 -135.56
714000 501.287 -16571.7 67.7861
715000 497.727 -16751.3 110.305
716000 497.723 -16529.3 -147.759
717000 500.233 -16645.1 160.883
718000 503.779 -16505.8 -143.576
719000 500.143 -16581.7 97.632
720000 500.879 -16743.1 -13.9698
721000 502.132 -16598.4 -19.1015
722000 500.853 -16595 -56.0027
723000 498.711 -16726 109.627
724000 501.866 -16669.9 6.09937
725000 498.691 -16680.8 -8.39731
726000 500.684 -16641.4 103.301
727000 500.557 -16618.9 -61.4214
728000 501.724 -16625.2 -11.824
729000 499.703 -16711.6 110.263
730000 497.955 -16625 -106.2
731000 497.6 -16721 57.101
732000 500.224 -16523.2 -47.6992
733000 501.462 -16450.6 -128.951
734000 499.387 -16678 170.322
735000 498.557 -16607.6 -81.7282
736000 499.989 -16648.2 135.834
737000 500.231 -16461.3 -22.4882
738000 499.553 -16507.9 96.9443
739000 500.807 -16517.8 108.385
740000 502.063 -16331 -135.297
741000 497.817 -16520.1 155.106
742000 500.646 -16479.1 -131.347
743000 499.538 -16593.7 28.5018
744000 499.541 -16548.4 96.3583
745000 502.563 -16496.4 -160.589
746000 498.35 -16635.6 32.7294
747000 498.544 -16586 104.053
748000 497.073 -16444.7 -200.124
749000 498.853 -16486.8 55.6413
750000 499.816 -16579.9 17.5841
751000 498.138 -16648.9 50.1134
752000 502.791 -16506.9 -70.8609
753000 501.789 -16485.2 -79.8675
754000 499.438 -16743.2 95.4926
755000 500.316 -16683.7 38.6454
756000 498.131 -16664.5 -145.781
757000 502.488 -16524.4 119.828
758000 499.076 -16495 -175.247
759000 497.492 -16593.3 30.2481
760000 498.618 -16605.5 26.4447
761000 501.716 -16564.3 -160.305
762000 500.12 -16515.4 237.335
763000 501.016 -16518.1 -118.45
764000 499.341 -16467.1 2.09444
765000 500.987 -16492.9 -37.1341
766000 499.677 -16585.2 61.5567
767000 498.014 -16554.4 10.7737
768000 497.25 -16577.8 -4.12285
769000 499.242 -16424.3 -191.507
770000 499.663 -16531.6 -76.4906
771000 499.512 -16530.4 -52.776
772000 500.192 -16632.8 125.597
773000 501.976 -16539.6 15.6728
774000 498.919 -16541 -43.9649
775000 499.004 -16598.7 -44.0442
776000 501.101 -16608.1 60.3626
777000 498.807 -16682.8 43.756
778000 497.381 -16683.3 -77.9528
779000 498.81 -16570.7 -150.492
780000 502.107 -16465.6 179.519
781000 500.658 -16462.9 -63.5663
782000 500.061 -16477.6 42.4957
783000 500.804 -16510.7 147.446
784000 500.478 -16501.1 -226.881
785000 498.255 -16742.3 153.554
786000 499.796 -16681.2 -25.9313
787000 497.426 -16707.7 -71.8664
788000 500.204 -16590.9 37.5057
789000 500.304 -16508.9 -234.384
790000 502.588 -16574.5 107.277
791000 499.162 -16645.5 -62.0936
792000 501.299 -16627.7 19.8955
793000 498.664 -16617.7 99.1774
794000 499.599 -16581.9 -156.87
795000 500.957 -16480.1 14.7223
796000 500.829 -16713.2 83.9423
797000 498.404 -16597.8 134.691
798000 500.792 -16539.9 -177.136
799000 499.551 -16634.5 48.4025
800000 501.061 -16544.8 3.2371
801000 501.781 -16542.6 -51.6986
802000 500.406 -16513.9 25.1936
803000 498.983 -16630.6 -24.7263
804000 498.843 -16693.6 36.4175
805000 500.792 -16569.3 -19.6022
806000 499.55 -16623 32.0295
807000 502.814 -16468.4 -5.1908
808000 501.707 -16484.3 55.275
809000 499.022 -16538.4 -45.3928
810000 497.341 -16639.3 199.027
811000 500.644 -16464.9 -21.1826
812000 499.956 -16416.3 -7.45992
813000 498.705 -16457.3 26.7397
814000 502.489 -16305.9 -157.689
815000 500.059 -16492.2 114.303
816000 500.51 -16573.7 -22.7359
817000 499.821 -16611.1 -165.003
818000 501.307 -16599.8 74.1811
819000 497.728 -16672.2 53.6775
820000 494.365 -16671.9 -115.65
821000 500.356 -16672.8 -42.8627
822000 499.556 -16749.8 -55.8581
823000 499.366 -16879.9 110.63
824000 499.774 -16838.2 36.6554
825000 498.556 -16913.2 70.7619
826000 502.33 -16478.3 -107.749
827000 498.475 -16514.1 45.6316
828000 498.003 -16536.2 0.38503
829000 498.924 -16413.1 -51.2926
830000 500.225 -16403 31.1268
831000 500.713 -16563.7 97.9811
832000 500.237 -16554.7 3.97055
833000 498.089 -16600.3 -45.1484
834000 499.377 -16538.6 15.2517
835000 500.548 -16686.9 73.6433
836000 498.482 -16705.4 -1.94395
837000 500.768 -16649.8 9.86726
838000 499.294 -16514 -95.4286
839000 498.886 -16548.7 6.38242
840000 499.327 -16690.2 119.27
841000 499.726 -16639.5 -66.9833
842000 498.312 -16710.4 15.3025
843000 501.196 -16673.5 -72.5886
844000 500.637 -16818.9 124.918
845000 500.632 -16626.9 -109.285
846000 499.101 -16644.6 -75.8612
847000 497.282 -16647.7 14.4075
848000 499.082 -16690.9 -59.157
849000 498.165 -16700.4 71.3312
850000 498.328 -16654 -115.736
851000 501.284 -16464.6 2.52227
852000 500.046 -16522.6 85.5
853000 499.098 -16539.8 7.26443
854000 500.475 -16626.5 92.465
855000 500.399 -16511.6 43.9315
856000 504.526 -16490 -79.4549
857000 500.398 -16655.2 45.1135
858000 497.784 -16678.8 129.807
859000 499.099 -16689.6 -46.0422
860000 499.409 -16574.7 -158.27
861000 498.108 -16693.3 3.72842
862000 501.798 -16649.4 96.0465
863000 503.599 -16536.7 -39.4275
864000 499.043 -16617.2 17.0015
865000 498.677 -16736.9 57.2992
866000 500.824 -16659.1 59.1872
867000 499.043 -16571.4 -175.521
868000 497.629 -16667.6 67.1516
869000 496.57 -16624.3 -114.781
870000 500.174 -16725.4 117.745
871000 501.048 -16553.4 -171.568
872000 498.4 -16568.9 48.2488
873000 499.412 -16616 52.3981
874000 499.342 -16547.2 -33.0553
875000 502.027 -16615.6 -107.011
876000 500.347 -16719.3 146.248
877000 500.398 -16611.9 -82.752
878000 499.697 -16545.2 33.2422
879000 501.142 -16633.8 49.4205
880000 499.885 -16556 -12.2086
881000 499.653 -16859.3 12.7384
882000 502.453 -16600.4 -69.8117
883000 500.143 -16631.6 -56.0006
884000 500.161 -16603.3 -29.7739
885000 497.956 -16611.9 8.45464
886000 499.645 -16572.1 22.3623
887000 497.691 -16675.1 17.5293
888000 501.587 -16454.8 -162.99
889000 498.284 -16503.4 38.2193
890000 498.602 -16561.4 -5.84288
891000 498.551 -16451.1 6.53593
892000 500.721 -16571.4 -85.7914
893000 500.422 -16589.8 109.655
894000 504.407 -16434.2 -57.0652
895000 502.496 -16559.5 26.7682
896000 501.793 -16529.8 70.8632
897000 502.473 -16579.7 -43.0961
898000 500.654 -16659 -31.1239
899000 501.329 -16750.4 12.2927
900000 498.46 -16621.1 38.8003
901000 502.501 -16655.5 -3.60557
902000 498.896 -16677.9 -5.78983
903000 499.173 -16520.9 -16.2832
904000 499.66 -16618.4 4.30285
905000 499.151 -16494.7 28.4691
906000 501.987 -16471.1 -9.94349
907000 499.127 -16652.5 53.8028
908000 498.752 -16675.7 35.3475
909000 503.133 -16628.3 -92.0507
910000 499.789 -16571.8 3.98503
911000 502.753 -16595.9 16.4406
912000 499.866 -16651.4 -20.6925
913000 502.056 -16628.6 85.765
914000 498.356 -16639.4 4.47352
915000 498.348 -16587 -82.2197
916000 501.559 -16643.5 219.557
917000 497.238 -16643.2 -245.006
918000 498.708 -16596.1 104.506
919000 501.063 -16655.9 -32.2283
920000 503.547 -16625 -71.9441
921000 501.939 -16420 -81.6531
922000 504.092 -16509.8 71.4025
923000 498.339 -16593.9 -2.61663
924000 499.105 -16596.6 113.072
925000 498.382 -16435.6 -117.327
926000 502.47 -16508.1 59.6932
927000 501.034 -16568.9 22.6276
928000 500.626 -16540.1 22.5507
929000 502.034 -16465.2 -136.992
930000 501.521 -16498.5 144.487
931000 499.404 -16430.8 -109.632
932000 501.963 -16530.3 -13.571
933000 498.279 -16728 106.711
934000 500.051 -16521.9 -103.3
935000 500.661 -16645.1 27.8994
936000 501.515 -16657.3 23.0842
937000 499.373 -16777.1 110.444
938000 499.642 -16584.3 -189.314
939000 501.62 -16730.6 178.201
940000 501.201 -16491.4 -101.401
941000 501.857 -16331.3 -81.4868
942000 504.034 -16393.3 -40.2997
943000 499.759 -16417.9 55.3118
944000 500.576 -16556.7 19.2072
945000 498.707 -16700.8 158.394
946000 497.459 -16670.8 -221.564
947000 498.054 -16638.1 52.2954
948000 498.553 -16538 -25.6145
949000 499.006 -16628 9.19628
950000 497.39 -16670 85.7996
951000 500.495 -16619.2 65.2937
952000 499.998 -16529.7 -9.05283
953000 501.971 -16428.2 -171.843
954000 500.384 -16585.9 205.759
955000 498.657 -16718.5 -117.158
956000 499.008 -16686.7 -6.40154
957000 500.159 -16651.9 33.6215
958000 499.24 -16593.1 -35.1853
959000 499.921 -16576.8 148.744
960000 500.687 -16671 -12.1459
961000 502.352 -16500.8 -152.621
962000 501.261 -16543.8 136.459
963000 498.72 -16673.9 -48.6481
964000 500.113 -16738.6 129.014
965000 501.207 -16508 -53.3168
966000 498.31 -16583.6 10.0175
967000 500.206 -16535.9 -22.2167
968000 498.472 -16555.6 51.6603
969000 498.302 -16487.8 -47.6054
970000 500.894 -16561.6 185.266
971000 500.781 -16605.9 35.4335
972000 499.538 -16484 -182.388
973000 500.303 -16611.2 -53.2695
974000 499.202 -16605.3 95.9047
975000 498.483 -16638.1 77.999
976000 499.048 -16717.2 -122.931
977000 502.018 -16759.3 193.945
978000 499.249 -16588.5 -64.8856
979000 500.02 -16510.7 37.3158
980000 499.992 -16636.1 74.1552
981000 502.022 -16515.7 -0.407203
982000 503.918 -16480.2 -89.2104
983000 500.43 -16490.4 95.3971
984000 500.878 -16504.3 -1.79124
985000 500.75 -16556.2 42.8143
986000 504.174 -16523.7 31.5046
987000 501.473 -16585.1 -92.7212
988000 499.634 -16659.1 -6.68346
989000 499.994 -16638.5 96.9861
990000 499.379 -16603.9 -31.5433
991000 499.207 -16524.7 0.225823
992000 498.034 -16589.1 -57.7236
993000 499.382 -16644.4 121.197
994000 499.505 -16458.6 12.205
995000 499.208 -16462.7 -12.1206
996000 501.679 -16574.6 -27.6667
997000 501.77 -16562.6 105.429
998000 499.711 -16487.6 -155.319
999000 501.21 -16598.6 82.1359
1000000 499.654 -16576.7 9.78985
1001000 498.148 -16535.7 -18.0579
1002000 498.407 -16494.4 -32.5188
1003000 499.323 -16681.3 51.5187
1004000 498.426 -16715.5 114.214
1005000 501.554 -16638.1 -180.753
1006000 500.863 -16657.7 177.645
1007000 503.371 -16492 -77.9982
1008000 499.897 -16593.8 49.5216
1009000 501.239 -16461.7 -62.8144
1010000 498.826 -16755.2 65.1679
1011000 499.838 -16594.1 -126.249
1012000 500.93 -16429.8 -74.5973
1013000 502.488 -16557.2 200.823
1014000 499.278 -16518.8 -153.931
1015000 501.011 -16559.4 105.835
1016000 498.548 -16493.4 -35.1235
1017000 501.639 -16440.5 117.545
1018000 497.358 -16396.8 -63.0006
1019000 499.93 -16325.9 -77.6532
1020000 502.642 -16444.6 51.2391
1021000 502.08 -16534.4 84.4758
1022000 501.277 -16486.6 -187.567
1023000 498.226 -16652.6 60.5283
1024000 500.263 -16693.8 292.241
1025000 497.158 -16486.3 -122.859
1026000 500.789 -16593.8 72.815
1027000 500.134 -16533.7 -86.1997
1028000 498.968 -16610.4 43.984
1029000 500.619 -16580.1 -39.888
1030000 499.18 -16600.2 27.7197
1031000 500.35 -16593.8 -48.7773
1032000 500.748 -16765.6 34.3639
1033000 498.886 -16708.9 -137.154
1034000 498.902 -16659.2 3.64558
1035000 500.554 -16577.8 7.32676
1036000 500.191 -16395.3 -46.9165
1037000 497.412 -16602.3 110.117
1038000 499.135 -16526.4 18.3508
1039000 497.105 -16463.3 -52.4836
1040000 500.189 -16486.3 -85.0485
1041000 501.057 -16565.2 100.797
1042000 499.096 -16638.2 -75.301
1043000 503.603 -16625.9 78.6321
1044000 497.575 -16706.7 -20.2101
1045000 498.196 -16636.1 204.091
1046000 501.22 -16544.4 -246.323
1047000 500.702 -16604.2 78.9313
1048000 501.588 -16628.3 58.0203
1049000 502.147 -16717 84.0782
1050000 498.321 -16730.2 106.032
1051000 501.189 -16655.6 -10.4636
1052000 501.317 -16508.4 21.1748
1053000 498.7 -16598.5 101.664
1054000 498.37 -16613.4 -106.544
1055000 499.993 -16631.8 15.0833
1056000 499.231 -16622.9 -0.653945
1057000 497.719 -16679 -7.59349
1058000 500.154 -16605 -40.1673
1059000 499.857 -16670.5 23.1844
1060000 501.015 -16644.5 50.0853
1061000 498.417 -16654.8 -5.22457
1062000 501.436 -16553 -134.207
1063000 499.439 -16642.5 -97.6046
1064000 496.84 -16738.8 166.839
1065000 499.422 -16518.3 -198.569
1066000 497.541 -16562.7 39.2889
1067000 499.768 -16551.5 41.4233
1068000 502.49 -16518.9 -54.3326
1069000 499.906 -16704.5 114.707
1070000 500.769 -16372.2 -242.039
1071000 501.087 -16500.4 1.88022
1072000 501.524 -16590.2 42.672
1073000 498.429 -16615.8 -2.27067
1074000 497.555 -16588.8 -24.3237
1075000 498.015 -16504.6 1.60432
1076000 501.09 -16432.9 -0.333179
1077000 499.347 -16408.7 -41.7742
1078000 499.361 -16619.3 163.924
1079000 498.943 -16530.2 -239.512
1080000 500.101 -16550.7 157.99
1081000 501.842 -16554.5 4.14899
1082000 499.737 -16530 -64.663
1083000 503.174 -16574.3 151.938
1084000 499.606 -16547.4 -141.825
1085000 498.381 -16725.5 209.103
1086000 501.262 -16675.9 -45.3232
1087000 499.933 -16564 -66.2561
1088000 499.263 -16550.6 2.93334
1089000 498.739 -16566.4 -18.8197
1090000 500.16 -16450.5 -63.6825
1091000 500.25 -16617.6 176.815
1092000 500.909 -16651.3 -127.478
1093000 499.446 -16708.5 56.4427
1094000 500.256 -16566.4 90.5988
1095000 502.502 -16648 -46.6643
1096000 499.361 -16672.6 -22.4183
1097000 501.839 -16601.3 23.6755
1098000 501.247 -16487.2 -41.6589
1099000 500.803 -16550.6 71.0453
1100000 500.461 -16495.9 -33.1152
1101000 498.722 -16555.9 11.8388
1102000 500.904 -16481.5 0.585753
1103000 496.805 -16590.5 68.2279
1104000 499.757 -16734.8 99.3416
1105000 499.332 -16508.2 -126.469
1106000 501.958 -16555.9 -14.3829
1107000 498.138 -16556.7 -43.8853
1108000 500.856 -16568.5 26.3532
1109000 499.285 -16568.5 43.0216
1110000 497.574 -16551.5 -57.6527
1111000 500.466 -16569.1 11.4147
1112000 499.563 -16660.8 147.902
1113000 499.952 -16537.7 -227.796
1114000 500.887 -16625.5 34.5172
1115000 500.678 -16470.5 -115.02
1116000 500.08 -16485.9 145.168
1117000 498.402 -16558.3 -87.7211
1118000 499.358 -16487 -8.06841
1119000 501.053 -16500.5 -24.6168
1120000 501.217 -16562.9 33.2539
1121000 501.531 -16548.5 39.6631
1122000 501.185 -16449.6 -190.036
1123000 499.737 -16639.1 144.442
1124000 497.996 -16743.2 -20.4656
1125000 497.672 -16628.2 -40.7467
1126000 496.612 -16762.6 78.9143
1127000 500.348 -16542.6 -13.4499
1128000 502.279 -16454.4 -93.3825
1129000 499.968 -16549.7 76.0392
1130000 499.393 -16599.9 -2.13251
1131000 499.386 -16653 52.6542
1132000 502.016 -16605.4 51.2633
1133000 498.548 -16544.6 -70.3307
1134000 501.675 -16479 134.599
1135000 500.415 -16529.3 -51.7303
1136000 498.653 -16678.7 -37.3132
1137000 500.05 -16660.7 -41.2606
1138000 500.588 -16652.8 40.3729
1139000 497.943 -16526.9 -100.19
1140000 499.061 -16684.6 40.5595
1141000 499.477 -16676.2 52.7329
1142000 497.757 -16602.5 51.8372
1143000 498.969 -16642.2 1.13347
1144000 497.583 -16638.4 -242.816
1145000 498.024 -16739.3 139.54
1146000 498.897 -16686.4 -139.937
1147000 500.672 -16590.7 208.838
1148000 499.986 -16526.7 -67.0352
1149000 499.443 -16546.1 38.4357
1150000 500.576 -16551.7 48.8552
1151000 500.097 -16517.5 -44.908
1152000 502.366 -16542 31.0059
1153000 499.479 -16587.3 48.3263
1154000 503.614 -16478.4 -48.7944
1155000 501.608 -16559.5 -21.8592
1156000 501.769 -16625.6 102.896
1157000 500.13 -16426.1 -71.7832
1158000 498.635 -16506.2 -27.1382
1159000 501.051 -16603 68.7004
1160000 498.681 -16741.1 14.9882
1161000 499.779 -16612.9 -10.3068
1162000 498.39 -16586.2 -86.9608
1163000 497.481 -16580.4 111.914
1164000 502.507 -16510 -4.69822
1165000 500.72 -16544.4 -93.5515
1166000 502.676 -16586.1 52.4977
1167000 501.288 -16629.9 -134.173
1168000 499.053 -16678 163.197
1169000 499.942 -16658.3 -113.475
1170000 500.949 -16606.1 163.243
1171000 501.213 -16571.3 -4.51987
1172000 499.531 -16631 46.4734
1173000 498.312 -16535.5 -72.7705
1174000 501.053 -16482.1 -57.8578
1175000 499.094 -16714 49.8633
1176000 500.332 -16537.7 -56.8668
1177000 498.827 -16614.6 -19.6933
1178000 500.187 -16716 -68.8611
1179000 503.496 -16697.6 57.3809
1180000 499.968 -16700.6 -22.3134
1181000 499.441 -16738 -75.6381
1182000 501.793 -16703.3 19.7605
1183000 499.698 -16669.2 -133.869
1184000 501.577 -16528 60.2742
1185000 500.414 -16550.1 -78.4993
1186000 500.043 -16600.5 80.4704
1187000 500.368 -16580.7 63.5302
1188000 502.329 -16459.5 -100.174
1189000 499.76 -16591 12.3585
1190000 500.361 -16530.7 105.135
1191000 498.869 -16594.2 -118.48
1192000 500.829 -16453.4 88.8938
1193000 499.606 -16649.7 -135.427
1194000 500.849 -16649.5 153.489
1195000 499.442 -16481.6 -144.236
1196000 498.051 -16612.1 47.8879
1197000 500.275 -16666.1 41.4998
1198000 502.484 -16641.8 -34.094
1199000 498.451 -16586.1 -21.0306
1200000 499.195 -16570.6 -49.0195
1201000 498.44 -16608.4 -60.1666
1202000 502.352 -16696.3 91.728
1203000 499.577 -16676.4 -9.42205
1204000 499.587 -16580.1 -16.3363
1205000 500.363 -16576 -143.993
1206000 496.29 -16686.9 70.7551
1207000 499.77 -16695.2 -46.2002
1208000 501.912 -16666.2 -52.6801
1209000 499.807 -16623.6 -155.668
1210000 500.165 -16646.5 153.574
1211000 500.318 -16619.3 4.86961
1212000 501.458 -16653 55.837
1213000 500.353 -16661.1 -248.174
1214000 500.142 -16756.7 125.627
1215000 496.996 -16664.2 -2.22235
1216000 498.549 -16641.9 -10.042
1217000 501.59 -16639.5 -49.7705
1218000 500.263 -16543.7 -127.881
1219000 499.597 -16709.4 226.903
1220000 496.304 -16584.6 -229.919
1221000 502.93 -16578 63.2724
1222000 502.941 -16562.5 45.2567
1223000 499.064 -16480.5 32.3314
1224000 499.858 -16525.6 -139.348
1225000 500.114 -16677.4 194.411
1226000 500.306 -16599 -89.069
1227000 501.801 -16535.6 -64.2133
1228000 501.095 -16555.1 -46.0759
1229000 498.165 -16723.6 126.757
1230000 501.278 -16642.3 8.5641
1231000 498.267 -16622.8 -20.5352
1232000 499.814 -16535.3 -52.8109
1233000 500.732 -16514 212.878
1234000 500.674 -16495.6 -120.553
1235000 500.481 -16630.7 71.0967
1236000 499.656 -16648.9 123.299
1237000 499.253 -16613.8 -62.0678
1238000 500.879 -16588.7 -30.877
1239000 500.098 -16674.2 76.7961
1240000 499.275 -16672.3 -88.9996
1241000 498.999 -16510.1 -1.4647
1242000 499.455 -16579.2 14.4364
1243000 501.463 -16571.6 -106.882
1244000 499.636 -16526.4 -122.85
1245000 500.947 -16665 81.2666
1246000 499.063 -16760.3 -11.6738
1247000 499.371 -16623.1 -63.552
1248000 500.185 -16503.3 -64.549
1249000 500.879 -16440.4 -53.7614
1250000 500.302 -16537.9 -49.7205
1251000 500.678 -16511.4 6.72149
1252000 499.73 -16551 159.464
1253000 498.045 -16441.9 -165.694
1254000 503.474 -16560.2 69.6982
1255000 500.38 -16540.6 -41.3029
1256000 499.481 -16552.8 39.3462
1257000 497.083 -16536.8 -10.3293
1258000 497.981 -16439.8 -124.121
1259000 499.145 -16655 83.6284
1260000 499.375 -16764.2 112.798
1261000 498.442 -16635.1 -161.721
1262000 498.836 -16745.7 154.412
1263000 498.56 -16772.6 -44.4764
1264000 499.374 -16657.1 -115.44
1265000 500.884 -16620.3 182.429
1266000 501.236 -16484.4 -93.4159
1267000 502.819 -16443.4 -66.6756
1268000 500.012 -16552.3 54.6633
1269000 498.894 -16598.9 2.38177
1270000 499.04 -16627.3 -75.0066
1271000 499.108 -16629.8 159.925
1272000 501.921 -16477.5 -77.935
1273000 498.249 -16570.6 35.1936
1274000 498.778 -16563.8 0.266973
1275000 499.243 -16611.1 -37.7151
1276000 499.968 -16620.6 155.052
1277000 500.477 -16715.5 -38.7572
1278000 499.77 -16724.3 79.4854
1279000 500.163 -16603.2 -21.9343
1280000 497.656 -16545.4 -35.9997
1281000 499.156 -16622.5 87.915
1282000 498.672 -16623.8 -168.108
1283000 497.003 -16617.2 -91.6432
1284000 496.618 -16600.1 6.22306
1285000 499.445 -16690.7 -32.9316
1286000 498.675 -16671.9 -107.987
1287000 499.564 -16659.9 175.694
1288000 500.994 -16622.2 -161.882
1289000 500.409 -16534.2 34.0891
1290000 501.464 -16550.2 23.143
1291000 498.891 -16481.1 -38.5161
1292000 500.112 -16437.9 86.0763
1293000 499.811 -16448.2 -54.4383
1294000 501.87 -16550.6 123.328
1295000 498.081 -16542.1 -133.747
1296000 502.043 -16563.3 7.88542
1297000 498.07 -16699.3 -34.4758
1298000 499.193 -16753.7 89.2991
1299000 498.172 -16694.1 -34.7947
1300000 497.582 -16760.4 -36.1512
1301000 500.048 -16561.6 -37.5187
1302000 501.106 -16490.1 -155.838
1303000 501.434 -16715.4 128.729
1304000 501.079 -16597.6 58.7585
1305000 500.991 -16588.1 -214.016
1306000 499.627 -16724.7 57.0362
1307000 496.482 -16693.8 -117.629
1308000 499.908 -16617.1 81.1973
1309000 500.943 -16444.3 -108.249
1310000 501.364 -16538.2 93.8334
1311000 501.005 -16579.8 -101.49
1312000 500.923 -16582.8 5.71663
1313000 500.755 -16697.2 61.8953
1314000 498.423 -16701.4 54.2783
1315000 499.676 -16690.7 -3.68095
1316000 499.244 -16609 -89.0837
1317000 499.397 -16666.5 57.2742
1318000 501.085 -16686.3 -23.0937
1319000 498.263 -16658.1 72.6268
1320000 501.008 -16496.9 -76.5164
1321000 500.366 -16571 50.0279
1322000 500.229 -16588.4 -45.5561
1323000 500.705 -16641.3 26.0439
1324000 499.489 -16623.4 -46.405
1325000 500.343 -16560.9 -33.2784
1326000 498.297 -16689.1 17.6247
1327000 498.769 -16490.7 -226.586
1328000 503.845 -16602 153.448
1329000 500.92 -16495.6 -107.601
1330000 500.836 -16573.8 38.4968
1331000 498.203 -16452.6 -115.632
1332000 499.765 -16710.1 163.988
1333000 499.398 -16598.6 -94.5233
1334000 498.112 -16717.6 -49.2592
1335000 500.211 -16670.8 -22.9343
1336000 500.577 -16605.9 -105.617
1337000 502.25 -16619.2 198.419
1338000 499.304 -16499.5 -70.0503
1339000 499.707 -16570.8 -77.1405
1340000 500.467 -16563.1 -62.4893
1341000 498.555 -16587.7 85.1904
1342000 498.184 -16550.3 -92.6298
1343000 501.982 -16583 154.956
1344000 501.089 -16556.2 -126.008
1345000 499.178 -16661.8 119.627
1346000 502.159 -16543.9 -115.485
1347000 503.108 -16498.1 63.7651
1348000 499.965 -16521.8 -140.537
1349000 499.983 -16556.3 59.3206
1350000 501.034 -16527.3 57.3143
1351000 499.856 -16521.3 -54.8021
1352000 502.053 -16659.9 152.404
1353000 500.019 -16567 -132.992
1354000 501.007 -16656.6 132.182
1355000 503.263 -16569.3 1.48694
1356000 498.488 -16776.4 101.575
1357000 501.722 -16599.5 -201.623
1358000 498.769 -16564.1 23.9506
1359000 499.489 -16642.2 104.013
1360000 499.084 -16534.6 -64.2968
1361000 500.54 -16501.9 -7.06539
1362000 499.584 -16498.2 20.5015
1363000 499.09 -16657.8 -30.1751
1364000 499.671 -16585.2 -6.60859
1365000 499.555 -16692.2 117.815
1366000 500.13 -16506.2 -107.864
1367000 499.337 -16632.9 8.01071
1368000 502.125 -16649.6 56.1371
1369000 501.002 -16534.3 22.4999
1370000 501.417 -16482.2 -116.882
1371000 501.976 -16577 -1.76489
1372000 499.158 -16478.9 -56.1909
1373000 501.454 -16616.9 247.281
1374000 500.07 -16498.1 -104.567
1375000 497.665 -16573.3 36.7852
1376000 498.446 -16508.4 -135.482
1377000 498.716 -16633.8 49.3856
1378000 499.831 -16674.5 53.1145
1379000 499.6 -16678.7 -160.122
1380000 498.164 -16572.5 141.042
1381000 501.371 -16517.1 -175.036
1382000 502.432 -16527.8 151.614
1383000 498.751 -16569.3 -78.3191
1384000 498.969 -16541.8 -45.8863
1385000 499.579 -16591.3 140.893
1386000 500.708 -16500 -36.9527
1387000 499.525 -16439.9 -55.4392
1388000 500.057 -16551.7 -18.6167
1389000 503.402 -16501.4 3.70239
1390000 498.86 -16519.3 35.8353
1391000 499.31 -16585.3 32.7983
1392000 498.417 -16684.3 19.3492
1393000 497.588 -16613.7 -147.743
1394000 501.162 -16519.2 -11.323
1395000 501.883 -16627.2 91.82
1396000 499.331 -16641.3 66.2463
1397000 502.874 -16548 39.0542
1398000 498.452 -16557 -29.9681
1399000 496.205 -16738.8 -108.654
1400000 500.63 -16655.4 16.6801
1401000 499.7 -16611.9 -2.92899
1402000 500.737 -16687.8 67.7718
1403000 497.447 -16477.8 -207.035
1404000 499.841 -16461.4 78.3658
1405000 499.988 -16600.8 101.349
1406000 500.064 -16450.3 -116.958
1407000 500.742 -16339.3 -68.8681
1408000 498.981 -16517.9 191.955
1409000 498.055 -16563.2 -106.37
1410000 500.382 -16584.8 -64.3334
1411000 496.733 -16690.9 116.516
1412000 498.237 -16743.2 -30.3905
1413000 500.826 -16591.7 12.4502
1414000 499.795 -16677.4 45.6683
1415000 500.61 -16607.9 -54.8437
1416000 499.326 -16559.4 71.5678
1417000 500.916 -16594.6 108.888
1418000 500.921 -16615 146.097
1419000 502.812 -16495.3 15.9748
1420000 499.344 -16589.4 -90.96
1421000 497.361 -16794.8 149.381
1422000 499.674 -16585.7 -99.6211
1423000 503.921 -16562.7 -13.1758
1424000 501.267 -16664.9 165.057
1425000 498.989 -16687.2 -40.5455
1426000 502.437 -16629.6 27.5353
1427000 501.568 -16553.2 -98.2901
1428000 496.025 -16730.3 258.215
1429000 498.771 -16605.6 -65.1639
1430000 499.653 -16555 -107.126
1431000 501.004 -16473.6 27.9806
1432000 498.304 -16632.1 16.5245
1433000 498.804 -16566.2 41.8534
1434000 497.22 -16506 -127.124
1435000 498.276 -16595.1 -24.9593
1436000 498.907 -16561.1 -88.9123
1437000 499.67 -16577.2 115.18
1438000 497.329 -16591.2 -19.726
1439000 498.873 -16626 -12.1008
1440000 499.871 -16451.2 -81.6547
1441000 496.747 -16503.9 122.701
1442000 498.312 -16532.2 5.36437
1443000 497.19 -16511.4 -96.499
1444000 500.065 -16610.6 -35.4423
1445000 498.806 -16681 61.4165
1446000 498.181 -16607.9 -48.3899
1447000 499.596 -16595.5 66.9455
1448000 502.529 -16415.7 2.46375
1449000 496.788 -16467.9 -52.9577
1450000 502.832 -16569.8 194.878
1451000 501.553 -16580.3 -143.805
1452000 497.231 -16735.5 21.0533
1453000 496.664 -16711.6 -9.29458
1454000 499.688 -16706 -24.0793
1455000 499.764 -16602.3 -75.7851
1456000 499.678 -16725.7 183.375
1457000 498.958 -16595.2 -213.808
1458000 500.721 -16687.9 69.7539
1459000 501.096 -16499.7 -57.9037
1460000 501.33 -16433.2 42.8731
1461000 499.034 -16557.5 -55.4607
1462000 499.901 -16816.7 229.433
1463000 499.021 -16812.7 80.1322
1464000 497.465 -16601.4 -144.888
1465000 500.563 -16650.1 194.248
1466000 499.603 -16614.7 -35.3126
1467000 500.756 -16579 -15.8914
1468000 499.456 -16540.9 -11.183
1469000 499.943 -16661.8 152.173
1470000 499.589 -16545.1 -237.797
1471000 499.409 -16685.9 55.0033
1472000 497.834 -16653.8 114.592
1473000 501.303 -16570.6 -87.895
1474000 498.755 -16744.1 153.807
1475000 500.429 -16573.2 -138.162
1476000 498.947 -16628 130.45
1477000 501.539 -16566.2 -65.9777
1478000 501.681 -16608.3 24.6265
1479000 499.064 -16447.5 26.3291
1480000 498.736 -16527.2 17.9345
1481000 502.535 -16502.4 -122.161
1482000 500.325 -16586.6 113.902
1483000 497.915 -16542.1 -28.4505
1484000 499.268 -16585.7 54.1292
1485000 499.843 -16551.9 -73.6519
1486000 500.884 -16687.3 29.192
1487000 502.662 -16655.5 28.2984
1488000 499.613 -16627.1 -20.5315
1489000 500.291 -16658.8 25.6876
1490000 497.631 -16716 -31.1201
1491000 497.122 -16578.6 -78.1127
1492000 499.139 -16500.4 -65.0619
1493000 499.786 -16568.1 167.948
1494000 501.554 -16458.1 -138.401
1495000 500.016 -16409.9 9.85847
1496000 501.295 -16560.7 86.0349
1497000 499.504 -16484.1 -147.972
1498000 500.852 -16568.9 92.918
1499000 501.11 -16568.7 -150.069
1500000 499.777 -16581.5 146.769
1501000 499.527 -16590 -55.466
1502000 499.244 -16539.3 4.4263
1503000 497.588 -16524.7 -78.6263
1504000 501.515 -16695 74.6465
1505000 499 -16592.1 -225.595
1506000 496.587 -16711.5 17.2262
1507000 498.938 -16621.7 29.1536
1508000 499.316 -16543.6 -48.1918
1509000 498.635 -16505.9 -15.8412
1510000 500.022 -16555.9 -19.6642
1511000 499.441 -16626 65.4359
1512000 498.926 -16498.7 -73.8436
1513000 502.861 -16485.2 -38.2534
1514000 498.938 -16564.2 -36.7466
1515000 500.915 -16458.8 -121.035
1516000 498.97 -16703.3 243.543
1517000 500.738 -16512.7 -134.539
1518000 501.851 -16615 -68.5096
1519000 499.334 -16728.2 128.744
1520000 499.655 -16491.1 -204.977
1521000 501.504 -16632.7 126.223
1522000 499.006 -16633.4 7.09144
1523000 502.382 -16501.1 -60.3228
1524000 502.397 -16432.9 81.4379
1525000 500.923 -16536.9 -22.6207
1526000 501.506 -16734.7 83.4385
1527000 500.174 -16670.3 88.0449
1528000 497.768 -16594.3 -210.627
1529000 498.171 -16810.9 130.452
1530000 500.907 -16680.1 65.9635
1531000 500.35 -16594.3 -55.2222
1532000 498.227 -16603.8 39.8831
1533000 499.47 -16529.9 -90.1642
1534000 501.432 -16620.2 -51.804
1535000 502.751 -16625.1 43.9201
1536000 502.095 -16685.7 29.128
1537000 500.678 -16611.1 -46.8281
1538000 496.309 -16616.8 76.5047
1539000 501.05 -16538.4 0.238431
1540000 501.64 -16618.7 -45.5296
1541000 500.151 -16651 30.1629
1542000 501.385 -16637.5 -11.543
1543000 500.595 -16635.5 17.5247
1544000 500.973 -16522.3 120.992
1545000 501.384 -16363.7 -132.517
1546000 501.525 -16317.7 -48.6808
1547000 499.31 -16463.3 49.2107
1548000 501.12 -16461.2 76.9412
1549000 500.57 -16542.3 27.1161
1550000 501.363 -16587.4 35.7192
1551000 499.453 -16566.7 -147.17
1552000 497.914 -16677.1 127.406
1553000 500.286 -16609.9 -32.0816
1554000 497.907 -16645.2 -82.03
1555000 501.295 -16680 101.106
1556000 499.226 -16602.7 -60.4218
1557000 499.033 -16690.8 91.8081
1558000 501.164 -16592.7 74.3228
1559000 498.982 -16490.4 -155.758
1560000 500.574 -16604.5 30.2263
1561000 499.637 -16683 -101.566
1562000 502.634 -16654.1 -35.3393
1563000 500.038 -16641.7 87.7664
1564000 498.715 -16691.9 -107.545
1565000 500.708 -16727.4 87.8915
1566000 501.43 -16614 -53.9105
1567000 497.565 -16694.6 20.6148
1568000 500.69 -16652.9 -33.9475
1569000 500.662 -16594.5 156.612
1570000 499.945 -16545.5 -134.17
1571000 500.507 -16628.6 21.3052
1572000 499.328 -16631.8 77.991
1573000 499.71 -16572.2 32.4477
1574000 498.402 -16560.6 38.4575
1575000 500.074 -16530.3 -44.1563
1576000 499.574 -16680.6 -61.3033
1577000 499.859 -16766.4 151.242
1578000 500.763 -16592.4 -142.836
1579000 499.961 -16588.8 45.6366
1580000 500.558 -16633.7 85.5196
1581000 502.409 -16446.3 14.6861
1582000 502.651 -16382.1 -64.7851
1583000 498.852 -16475.5 64.5143
1584000 501.406 -16516.7 36.2508
1585000 499.919 -16546.7 -3.14603
1586000 502.136 -16512.2 96.7541
1587000 496.76 -16515 -19.3841
1588000 498.026 -16488.7 -42.2256
1589000 503.977 -16453.6 101.149
1590000 498.735 -16512.2 -68.2428
1591000 501.213 -16488.7 -56.3913
1592000 498.827 -16765.5 58.8957
1593000 498.354 -16782 -62.687
1594000 499.957 -16735.2 -57.2659
1595000 499.047 -16812.5 28.2159
1596000 501.276 -16586.1 -39.8406
1597000 501.09 -16553.5 25.1964
1598000 499.732 -16586.4 34.9455
1599000 499.626 -16557.4 -125.199
1600000 500.126 -16654.4 111.051
1601000 501.317 -16619.8 -121.275
1602000 498.467 -16734.7 118.997
1603000 500.91 -16636.1 -73.0775
1604000 499.332 -16557.5 1.48256
1605000 500.389 -16646.6 -46.3415
1606000 499.755 -16630.4 39.2858
1607000 502.311 -16435 -44.7456
1608000 500.264 -16539.6 31.0194
1609000 497.978 -16644.8 162.588
1610000 500.764 -16570.4 -84.0119
1611000 501.182 -16496.4 33.2802
1612000 496.676 -16671.6 114.934
1613000 500.158 -16565.9 -28.3134
1614000 499.235 -16532.5 51.1812
1615000 500.578 -16537.4 -23.7046
1616000 500.983 -16615.9 -89.167
1617000 500.975 -16686.7 -0.461067
1618000 498.616 -16750.6 73.1382
1619000 498.372 -16638.7 -29.0453
1620000 502.828 -16528.1 -82.3848
1621000 503.048 -16548.1 127.699
1622000 501.979 -16565.7 -116.856
1623000 500.126 -16601.6 31.3772
1624000 500.277 -16683.6 57.0397
1625000 499.886 -16714.1 -54.9518
1626000 499.831 -16583.2 5.52108
1627000 501.25 -16639.3 -14.7687
1628000 501.828 -16632.7 53.643
1629000 500.224 -16692.1 -1.8569
1630000 497.996 -16633.6 37.4675
1631000 500.411 -16505.7 -50.8511
1632000 500.728 -16533.5 24.3349
1633000 499.446 -16530.3 71.885
1634000 504.184 -16517.4 -28.3846
1635000 499.021 -16634.3 -55.8675
1636000 501.323 -16578.3 23.2615
1637000 498.587 -16592.8 -29.2577
1638000 500.166 -16558.5 -13.1624
1639000 500.928 -16497.9 43.2878
1640000 501.053 -16547.4 100.458
1641000 498.63 -16591.9 16.0894
1642000 499.46 -16618.1 -157.37
1643000 499.865 -16634.6 -4.47623
1644000 501.731 -16646.5 38.6184
1645000 499.451 -16616.1 29.3149
1646000 497.267 -16533 -76.6807
1647000 498.515 -16553.4 -126.988
1648000 501.511 -16568.7 213.535
1649000 501.018 -16426.3 8.29778
1650000 500.952 -16387.3 -70.5609
1651000 500.362 -16422.7 31.0369
1652000 502.43 -16372.5 0.746808
1653000 499.044 -16486.1 59.2584
1654000 500.115 -16583.7 112.347
1655000 499.145 -16405.7 -40.043
1656000 500.197 -16454 -10.3598
1657000 499.715 -16617.5 -56.1372
1658000 502.393 -16632 182.917
1659000 498.219 -16527.8 -154.089
1660000 497.371 -16666.4 81.6892
1661000 496.937 -16574 -18.4626
1662000 501.011 -16556.3 18.5711
1663000 500.517 -16470.4 -80.4846
1664000 500.607 -16562.2 96.7606
1665000 500.598 -16433.3 -3.90571
1666000 499.471 -16624.2 -26.6358
1667000 501.115 -16592.9 70.4591
1668000 499.014 -16508.4 -133.053
1669000 501.479 -16554.5 135.452
1670000 500.106 -16527.8 -42.1347
1671000 498.271 -16625.3 72.8988
1672000 500.923 -16575.7 -33.6847
1673000 497.322 -16591.7 -13.2154
1674000 502.706 -16534.5 7.33786
1675000 499.589 -16549 -30.5587
1676000 498.006 -16660.9 103.743
1677000 499.176 -16687.4 -75.8825
1678000 498.098 -16666.6 -12.404
1679000 501.372 -16585.7 40.3719
1680000 498.53 -16536.4 30.0882
1681000 498.212 -16550.5 25.9145
1682000 501.084 -16403.8 -104.102
1683000 500.751 -16496.2 7.73663
1684000 499.872 -16488.3 -15.5771
1685000 500.574 -16332.5 -2.96988
1686000 501.813 -16349.1 -57.1994
1687000 499.941 -16375.9 17.5394
1688000 499.902 -16564.5 110.327
1689000 499.794 -16594.6 -6.6829
1690000 499.496 -16524.1 -160.181
1691000 499.913 -16658.1 139.25
1692000 501.596 -16508.2 -8.01015
1693000 496.956 -16546.2 -182.082
1694000 501.084 -16558 110.157
1695000 502.299 -16427.5 -105.769
1696000 500.286 -16698.7 163.099
1697000 500.509 -16486.3 -209.974
1698000 499.588 -16526 173.824
1699000 502.066 -16520.5 58.9687
1700000 497.874 -16598.4 -73.3432
1701000 500.47 -16636.4 -66.833
1702000 500.857 -16658.5 87.7914
1703000 500.573 -16685.1 78.63
1704000 498.587 -16594.2 -94.2069
1705000 501.334 -16564.7 -8.26064
1706000 497.886 -16591.3 71.7535
1707000 497.668 -16471.8 -36.2305
1708000 500.588 -16431.2 -26.7801
1709000 500.236 -16479.2 -14.4741
1710000 503.313 -16527 1.55038
1711000 498.515 -16488.7 79.1727
1712000 497.822 -16474.7 -224.062
1713000 503.184 -16593.4 162.076
1714000 500.429 -16634.6 -29.8511
1715000 501.419 -16568 97.9117
1716000 502.12 -16416.2 -58.543
1717000 499.842 -16613.7 -2.09524
1718000 499.743 -16720.4 8.30378
1719000 495.622 -16675.8 46.9005
1720000 500.546 -16482.6 -267.342
1721000 498.842 -16760.8 94.9347
1722000 500.206 -16699 71.6346
1723000 500.813 -16473.8 -125.02
1724000 502.618 -16464.5 9.50637
1725000 500.927 -16537.4 51.7284
1726000 501.16 -16414 -121.784
1727000 501.158 -16619.1 184.108
1728000 501.635 -16522.4 -184.783
1729000 501.44 -16593.2 131.034
1730000 499.693 -16679.6 -63.3354
1731000 503.736 -16656.2 -6.80758
1732000 500.812 -16598.8 -8.24549
1733000 500.111 -16731.8 129.09
1734000 499.426 -16675.8 -89.335
1735000 499.842 -16596.1 7.4455
1736000 500.671 -16481 -16.7839
1737000 502.894 -16556.3 -24.6836
1738000 499.776 -16596.6 -58.0001
1739000 501.674 -16784.5 218.62
1740000 498.325 -16680.7 -102.66
1741000 498.792 -16596.5 -32.7359
1742000 500.428 -16591.6 -1.05596
1743000 496.778 -16632.4 -50.9922
1744000 497.403 -16666.2 130.596
1745000 500.206 -16558.6 138.472
1746000 499.232 -16449.7 -110.324
1747000 500.218 -16482.9 -53.3131
1748000 499.332 -16633.7 93.3249
1749000 499.118 -16648.7 -201.598
1750000 501.992 -16593.9 138.843
1751000 498.323 -16551.2 -108.546
1752000 501.003 -16446.7 102.401
1753000 499.19 -16519.7 -170.454
1754000 500.611 -16555.7 194.485
1755000 500.773 -16566.7 -134.687
1756000 499.693 -16494.6 124.669
1757000 500.122 -16559.4 32.4433
1758000 500.386 -16614.7 -4.80517
1759000 498.332 -16617.6 -94.0064
1760000 499.337 -16814.8 177.069
1761000 500.86 -16633.7 -24.6611
1762000 501.55 -16566.3 15.6894
1763000 496.905 -16626.7 61.971
1764000 502.771 -16477.9 -79.5497
1765000 501.494 -16618.7 243.607
1766000 499.868 -16564.5 -121.771
1767000 497.016 -16724.5 1.09753
1768000 497.43 -16614.8 -102.649
1769000 502.033 -16677.2 157.197
1770000 502.12 -16494.7 -54.826
1771000 502.618 -16478.2 42.5023
1772000 500.197 -16509.2 -81.0888
1773000 499.013 -16495.5 77.7572
1774000 501.585 -16375.7 -5.59691
1775000 498.647 -16487.9 -14.154
1776000 501.585 -16521.3 -143.813
1777000 498.909 -16726.8 178.228
1778000 498.298 -16715.4 -44.4619
1779000 499.332 -16725.4 48.5333
1780000 499.025 -16664 -36.381
1781000 502.328 -16570.3 -5.01551
1782000 500.364 -16576.5 37.529
1783000 499.189 -16632.9 3.13915
1784000 499.498 -16690.6 -90.4177
1785000 502.486 -16593.7 81.5041
1786000 501.709 -16563.3 -4.53186
1787000 500.354 -16527.8 2.1157
1788000 498.634 -16530.3 5.50138
1789000 497.791 -16607.4 -30.9399
1790000 500.311 -16590.5 54.9142
1791000 497.704 -16536.8 -171.295
1792000 501.882 -16575.7 108.146
1793000 501.6 -16448.6 -85.6203
1794000 500.179 -16615.1 296.539
1795000 499.109 -16602.8 -106.839
1796000 497.054 -16656.7 -63.0129
1797000 501.84 -16618.2 106.363
1798000 500.584 -16499.8 -140.552
1799000 501.362 -16590 42.6688
1800000 500.526 -16454.8 -68.4322
1801000 500.441 -16652.5 -72.3462
1802000 500.917 -16667 99.1261
1803000 501.563 -16635.2 39.6457
1804000 498.709 -16731.9 136.701
1805000 499.934 -16658.7 124.468
1806000 502.792 -16449.2 -84.3724
1807000 500.953 -16523.9 23.4231
1808000 499.712 -16632.1 -5.54791
1809000 499.485 -16583.9 -31.2913
1810000 498.299 -16591.4 -2.60271
1811000 503.158 -16597.6 -11.4179
1812000 499.962 -16515.2 46.191
1813000 500.383 -16458.8 -59.0814
1814000 500.653 -16501.5 24.0658
1815000 499.2 -16519.8 -71.8325
1816000 500.326 -16446.6 -8.50538
1817000 498.97 -16633.2 2.87711
1818000 501.348 -16625.2 172.06
1819000 497.722 -16537.2 -55.6088
1820000 499.408 -16423 126.321
1821000 497.237 -16450.6 -86.8372
1822000 500.918 -16542.5 7.64664
1823000 500.43 -16655.6 -47.6201
1824000 502.636 -16674.4 177.015
1825000 502.016 -16570.8 -97.3694
1826000 500.458 -16592.5 9.64707
1827000 499.839 -16513.9 53.7708
1828000 502.854 -16523.2 -3.78527
1829000 500.634 -16410.6 -27.5287
1830000 501.341 -16381.8 31.3927
1831000 498.517 -16343.6 -186.694
1832000 499.356 -16597.2 110.821
1833000 500.502 -16550.9 93.1157
1834000 498.722 -16415.7 -226.248
1835000 502.923 -16439.5 75.3213
1836000 496.885 -16602.8 -1.7592
1837000 504.732 -16480.6 -96.9279
1838000 500.756 -16706.5 81.9811
1839000 501.573 -16630.4 13.2918
1840000 501.572 -16550.3 -10.4105
1841000 500.607 -16602.9 14.2776
1842000 502.172 -16552.4 46.7349
1843000 500.276 -16384.8 -239.235
1844000 497.025 -16702.4 123.094
1845000 498.574 -16616.9 82.7983
1846000 499.875 -16544.6 -76.9154
1847000 499.392 -16485 -127.84
1848000 497.462 -16738.6 1.0676
1849000 496.55 -16643.1 15.5117
1850000 499.157 -16613 71.4425
1851000 501.508 -16416.3 -118.021
1852000 500.556 -16502.5 -27.66
1853000 502.49 -16585 -8.24569
1854000 499.619 -16658.6 161.304
1855000 498.729 -16512.2 -131.555
1856000 501.165 -16361.3 16.984
1857000 500.951 -16506.3 -40.5845
1858000 500.599 -16649.9 124.767
1859000 498.915 -16660 41.9245
1860000 500.238 -16528.8 -159.43
1861000 495.657 -16707.7 25.3132
1862000 501.129 -16480.5 -3.55413
1863000 500.549 -16452.8 -29.3953
1864000 499.568 -16577.2 216.714
1865000 498.711 -16583.3 -154.531
1866000 501.532 -16582.9 84.7688
1867000 499.366 -16648.9 59.7233
1868000 498.18 -16524.2 -118.489
1869000 496.862 -16686.8 108.068
1870000 500.893 -16500.7 -40.509
1871000 499.962 -16491.7 147.131
1872000 498.643 -16670.6 -102.385
1873000 499.611 -16604.8 -92.7684
1874000 497.576 -16690 159.291
1875000 500.041 -16479 -126.539
1876000 501.031 -16555.4 9.8108
1877000 497.799 -16622.5 61.1487
1878000 498.075 -16545.2 -105.129
1879000 500.34 -16574.1 49.0109
1880000 496.882 -16674 -5.4742
1881000 500.476 -16532.9 10.0201
1882000 497.649 -16525.7 -34.4012
1883000 500.852 -16539.7 23.4404
1884000 503.212 -16483.9 25.8403
1885000 502.377 -16537.8 71.8196
1886000 500.293 -16525.1 26.7588
1887000 501.476 -16386.5 6.03554
1888000 500.332 -16419.8 -128.407
1889000 499.824 -16598.4 219.92
1890000 500.69 -16480.7 -218.661
1891000 503.996 -16643.4 136.426
1892000 499.483 -16641.9 -159.149
1893000 498.693 -16618 119.885
1894000 501.774 -16514.4 -121.105
1895000 501.291 -16679.6 138.093
1896000 500.278 -16495.6 -97.0932
1897000 503.239 -16478.4 -5.69937
1898000 499.977 -16553.7 242.561
1899000 499.924 -16518.7 -45.4591
1900000 496.235 -16673.3 123.794
1901000 503.277 -16666.2 -60.8774
1902000 502.227 -16671.4 -47.3102
1903000 500.394 -16673 161.648
1904000 500.915 -16594.3 -108.082
1905000 498.204 -16559.9 74.2903
1906000 502.704 -16399.8 -232.219
1907000 501.926 -16584.2 -19.4592
1908000 498.944 -16779.8 83.5916
1909000 497.784 -16731.5 -66.8704
1910000 499.318 -16631.7 27.3519
1911000 498.085 -16596.9 -58.0298
1912000 500.999 -16537.2 138.189
1913000 499.852 -16551 -22.5196
1914000 498.449 -16593.2 -46.9994
1915000 501.063 -16589 17.8553
1916000 502.547 -16538.4 53.5451
1917000 501.456 -16667.8 65.1929
1918000 501.081 -16653 -116.331
1919000 500.721 -16610.4 67.1603
1920000 501.755 -16487.8 49.2868
1921000 499.109 -16442.1 -74.6959
1922000 498.524 -16581.4 89.3146
1923000 501.164 -16467.6 -72.7003
1924000 501.025 -16383.3 8.87724
1925000 498.72 -16571.3 69.5779
1926000 497.576 -16489 -136.773
1927000 502.343 -16467.7 52.3481
1928000 497.17 -16571.1 61.6193
1929000 499.94 -16627.5 -2.34424
1930000 500.054 -16539 9.48606
1931000 499.171 -16416.4 -175.381
1932000 497.424 -16566 46.5226
1933000 498.958 -16593.6 28.212
1934000 503.411 -16551.7 50.4576
1935000 500.442 -16400.1 57.1998
1936000 499.72 -16442.8 -201.002
1937000 500.286 -16641 113.747
1938000 498.116 -16577.1 -106.368
1939000 498.895 -16644.1 134.629
1940000 500.388 -16503.1 -167.554
1941000 498.544 -16713 71.7865
1942000 499.393 -16607.7 -142.661
1943000 499.289 -16701.2 187.701
1944000 499.991 -16753.3 -53.3838
1945000 501.247 -16682.4 -56.6591
1946000 500.362 -16592 -14.1147
1947000 499.97 -16649.3 36.8421
1948000 498.948 -16611.4 72.8079
1949000 501.093 -16571.3 -10.0328
1950000 502.928 -16355.2 -134.423
1951000 497.419 -16649.8 99.2561
1952000 500.422 -16579.4 -26.5717
1953000 499.366 -16597.9 141.707
1954000 498.858 -16570.2 -74.7494
1955000 500.591 -16459.3 -11.9314
1956000 499.77 -16415.5 127.727
1957000 501.688 -16272.4 -113.491
1958000 499.532 -16422.9 5.26116
1959000 499.101 -16486.7 -49.0319
1960000 500.572 -16468.4 18.4973
1961000 499.239 -16487.4 47.6369
1962000 496.754 -16693.6 -47.142
1963000 496.878 -16628.5 -37.6513
1964000 499.37 -16547 110.723
1965000 501.516 -16490.3 -239.19
1966000 497.896 -16719.7 74.0678
1967000 500.104 -16565 -105.745
1968000 502.512 -16561.4 36.4629
1969000 498.019 -16590 -16.9051
1970000 500.9 -16544.6 -28.7829
1971000 498.507 -16513.2 134.109
1972000 499.261 -16443.2 -194.638
1973000 501.156 -16681 96.9683
1974000 499.082 -16691.8 49.2907
1975000 502.539 -16444.9 -98.8413
1976000 500.75 -16614.3 204.511
1977000 498.027 -16570.3 -58.1135
1978000 503.354 -16606.7 -50.97
1979000 497.887 -16678.4 93.8768
1980000 502.277 -16369 -48.6318
1981000 500.812 -16413.3 -95.7169
1982000 501.054 -16553.7 111.033
1983000 500.678 -16523 -7.74045
1984000 499.692 -16446.4 70.8251
1985000 499.766 -16413.3 -39.6095
1986000 499.345 -16528.9 -29.7093
1987000 498.939 -16557.6 10.9979
1988000 499.664 -16557 -106.897
1989000 501.845 -16656.5 157.273
1990000 501.379 -16580.4 -1.99783
1991000 499.465 -16756.1 -79.3078
1992000 496.081 -16744.1 -87.134
1993000 500.254 -16649.7 74.3912
1994000 503.033 -16481.1 -43.0179
1995000 497.782 -16687.3 59.6774
1996000 502.138 -16530.4 84.4942
1997000 500.158 -16394.5 -122.532
1998000 496.741 -16557.1 100.048
1999000 500.661 -16586.4 30.7185
2000000 497.885 -16502.7 -123.481
