# Time-averaged data for fix 3
# TimeStep v_Temperature v_PotentialEnergy v_Pressure
2000401.74966-15519.551-244.71637
3000400.19382-15513.126-203.20983
4000399.35282-15562.244-119.24178
5000399.44467-15492.137-351.01099
6000400.82594-15533.17-89.902089
7000397.54891-15563.395-300.94289
8000398.44758-15536.493-219.62742
9000398.90051-15498.518-176.99408
10000397.8822-15574.59-164.64296
11000401.55148-15453.551-298.57524
12000401.20484-15500.406-177.08887
13000398.61313-15526.443-290.74076
14000399.33411-15513.41580.516887
15000399.90232-15512.593-213.91015
16000398.86684-15554.038-176.79839
17000399.73143-15537.571-335.80549
18000396.6096-15537.86-272.83872
19000401.0812-15501.29-76.948477
20000401.37824-15501.055-302.04097
21000397.78624-15518.913-205.46246
22000398.51216-15548.591-192.4511
23000400.08057-15545.424-112.68253
24000397.53589-15551.971-186.91095
25000399.51228-15498.842-155.72308
26000398.74053-15520.228-223.83905
27000400.07257-15525.32-155.82399
28000399.34523-15560.851-221.71583
29000397.81997-15521.504-326.71
30000401.52761-15493-205.31337
31000396.31607-15532.65-274.86704
32000399.4587-15536.258-55.961904
33000399.29529-15520.053-274.84578
34000401.22927-15565.616-209.71944
35000399.40126-15532.474-102.05339
36000399.90453-15534.586-218.99057
37000400.79261-15457.935-88.498608
38000399.07505-15545.59-23.756652
39000398.81044-15527.906-75.511225
40000398.38343-15560.09-151.94468
41000401.76258-15495.122-252.33558
42000398.69744-15530.927-298.53883
43000400.9464-15507.342-45.470815
44000400.7834-15472.485-193.07913
45000401.22219-15560.366-143.57677
46000399.2535-15536.004-124.45128
47000402.4912-15542.329-68.466663
48000401.88549-15501.814-168.18199
49000398.58997-15531.844-365.73122
50000401.21428-15502.498-116.03661
51000402.35927-15470.745-192.61382
52000400.4124-15521.778-244.67961
53000399.48753-15528.516-30.574435
54000400.98625-15515.625-78.388867
55000401.24911-15520.03-197.83485
56000400.1092-15506.394-199.14395
57000399.39091-15538.8565.484017
58000399.11321-15520.519-223.23756
59000398.8305-15530.319-319.30935
60000398.37003-15527.932-247.13096
61000398.63967-15506.211-305.43646
62000401.88217-15484.313-57.346506
63000397.66176-15532.331-224.20234
64000400.20162-15522.323-99.772978
65000400.08083-15538.767-333.12011
66000401.68953-15515.631-45.76515
67000400.87928-15493.06-104.58791
68000399.19684-15554.331-119.81744
69000401.89465-15502.748-195.09041
70000401.99035-15502.227-222.73255
71000403.27327-15512.204-73.832154
72000401.68209-15444.103-242.97055
73000401.13967-15500.402126.85424
74000402.23521-15449.205-35.833357
75000400.53212-15484.92-199.86147
76000400.37749-15524.272-371.3561
77000400.0569-15522.133-109.73322
78000399.63403-15509.468-72.935942
79000400.5729-15500.444-229.90647
80000400.82501-15460.337-98.233992
81000402.9551-15478.965-236.18454
82000398.73326-15545.894-52.861998
83000398.93345-15510.81-89.610872
84000399.62516-15522.813-78.949251
85000399.80293-15515.961-251.53413
86000397.90546-15547.754-120.74998
87000400.12907-15517.912-161.57344
88000400.50827-15524.13398.780724
89000402.52323-15432.462-90.387793
90000400.21843-15499.04-119.24496
91000400.45469-15517.05345.597035
92000400.78271-15475.009-157.08053
93000401.0449-15458.287-300.86113
94000398.59535-15562.784-138.80866
95000398.66291-15486.596-222.72937
96000399.99488-15563.412-57.413292
97000398.09459-15597.69-236.11343
98000400.40162-15494.674-250.70916
99000400.6684-15484.98-51.290763
100000399.59155-15499.964-169.29084
