# Time-averaged data for fix 3
# TimeStep v_Temperature v_PotentialEnergy v_Pressure
2000 400.748 -14452.6 -10.5562
3000 399.376 -14478 6.77076
4000 398.951 -14552.9 -6.04395
5000 398.619 -14522 4.96178
6000 398.036 -14530.8 4.58931
7000 398.283 -14523.7 -1.75241
8000 400.693 -14501 7.04493
9000 400.968 -14537 6.24485
10000 400.109 -14514.3 9.06868
11000 400.177 -14542.8 3.79513
12000 399.01 -14476.9 5.20634
13000 399.001 -14519.6 -6.1811
14000 403.233 -14459.5 1.16995
15000 398.605 -14561 12.4195
16000 401.43 -14497.1 1.64127
17000 401.6 -14471.7 -0.914877
18000 396.815 -14498.3 5.46031
19000 399.139 -14509.3 1.81524
20000 401.481 -14463.3 -0.0444746
21000 401.649 -14475.3 2.01053
22000 399.12 -14611.4 -3.53596
23000 399.701 -14601 12.9081
24000 401.738 -14476.9 1.13743
25000 401.582 -14441.7 7.91952
26000 401.576 -14447.5 -10.5169
27000 401.26 -14509.5 9.4081
28000 400.476 -14438.2 -1.69935
29000 399.298 -14503 9.81868
30000 399.356 -14466.5 -4.12981
31000 399.702 -14543.7 10.1144
32000 398.431 -14618.6 -7.31683
33000 400.378 -14504.9 8.38772
34000 399.602 -14510.6 -6.11223
35000 398.711 -14502.4 10.4186
36000 399.979 -14481.8 -3.71217
37000 398.012 -14602.9 -5.50426
38000 401.611 -14465.8 5.84785
39000 399.834 -14507.8 12.7561
40000 398.532 -14525.2 11.2466
41000 399.604 -14568.7 -8.3465
42000 398.902 -14526.4 3.95909
43000 399.422 -14555.9 -2.4954
44000 399.945 -14554.3 2.08042
45000 398.857 -14569.7 5.04969
46000 398.73 -14525.9 3.00744
47000 401.576 -14509.4 -1.23735
48000 397.756 -14561.4 18.385
49000 400.459 -14516 -16.792
50000 401.955 -14500.3 14.3938
51000 401.056 -14534 -22.7999
52000 398.351 -14539.3 10.9739
53000 401.384 -14522.3 -4.53934
54000 402.524 -14502.8 -2.42717
55000 400.872 -14514.6 -3.66324
56000 398.213 -14545.8 0.64576
57000 401.068 -14470 -9.39104
58000 402.739 -14437.9 -5.1317
59000 400.029 -14483 4.31318
60000 400.565 -14436.6 -23.9937
61000 399.901 -14509 4.68788
62000 399.869 -14534.2 6.71901
63000 401.725 -14450.6 6.62992
64000 400.723 -14465.7 -7.43628
65000 399.152 -14537.6 19.115
66000 399.169 -14476.1 -7.75295
67000 400.906 -14516.7 18.1715
68000 400.952 -14502.8 -7.8716
69000 401.341 -14503.4 -2.88732
70000 399.704 -14464.6 -6.79714
71000 398.267 -14532.1 11.3567
72000 400.387 -14535.3 7.00548
73000 402.308 -14485.5 0.359083
74000 399.067 -14505.9 15.8136
75000 398.425 -14646.6 -4.85507
76000 400.096 -14481.5 5.92413
77000 400.845 -14545.1 -0.132566
78000 399.897 -14510.4 6.58553
79000 401.812 -14499.4 11.1725
80000 399.923 -14613.4 -9.63777
81000 400.879 -14487 8.10819
82000 401.005 -14441.2 -9.97991
83000 397.621 -14523.4 1.17732
84000 401.679 -14496.6 3.34422
85000 398.373 -14541 -11.5145
86000 400.619 -14591 11.3882
87000 399.838 -14482.9 -2.1939
88000 401.132 -14475.8 3.63015
89000 400.366 -14480.6 3.70597
90000 399.206 -14535.3 3.76744
91000 401.631 -14434.9 1.27152
92000 402.322 -14405.2 8.79486
93000 401.146 -14520.4 -0.652453
94000 400.108 -14503.3 6.51302
95000 399.879 -14547.1 7.66673
96000 400.733 -14583.4 -6.15107
97000 401.215 -14507.6 7.31637
98000 398.596 -14518 11.1998
99000 399.629 -14498.6 8.77063
100000 401.867 -14436.1 -17.4017
101000 398.982 -14534.3 29.9122
102000 398.245 -14568.3 -3.47044
103000 399.348 -14567.3 -7.67656
104000 398.343 -14555.2 11.398
105000 400.544 -14487.4 8.00888
106000 400.681 -14469 -3.06266
107000 399.109 -14497 3.95164
108000 400.91 -14547.5 0.36414
109000 402.056 -14505.6 7.2872
110000 399.59 -14521.2 -12.7734
111000 398.958 -14491.6 5.49575
112000 398.885 -14543.4 9.20711
113000 400.437 -14474.8 -2.94771
114000 401.082 -14502.3 4.72286
115000 400.098 -14518.1 -4.95581
116000 401.688 -14511.6 -1.09873
117000 400.724 -14471 -10.5199
118000 398.28 -14558.4 6.13575
119000 401.411 -14478.8 4.24892
120000 398.022 -14510.5 10.9782
121000 396.958 -14498.8 14.7044
122000 400.943 -14555.1 -10.0474
123000 399.5 -14577.6 8.08499
124000 400.68 -14568.9 -11.3219
125000 398.912 -14476.3 7.66819
126000 398.611 -14437.4 14.3055
127000 399.766 -14417.2 15.5821
128000 400.997 -14506.5 -9.55229
129000 396.34 -14589 4.91203
130000 400.23 -14543.2 2.84001
131000 400.28 -14439.7 -9.47114
132000 399.12 -14543.3 -3.55368
133000 398.44 -14560.9 2.07949
134000 399.243 -14537.8 11.5202
135000 397.08 -14580.5 -2.34522
136000 400.394 -14481.5 -6.73429
137000 401.746 -14474.1 11.8433
138000 402.142 -14468.5 -7.44357
139000 399.294 -14586.2 6.76964
140000 400.266 -14510.7 1.31857
141000 398.849 -14516.1 4.07161
142000 400.485 -14493.3 8.20032
143000 400.518 -14546 19.1035
144000 400.498 -14497 -1.4672
145000 402.501 -14390.8 -3.70045
146000 399.747 -14463.9 -20.9432
147000 400.199 -14561.1 2.81554
148000 401.466 -14442.2 -9.45273
149000 401.823 -14474.7 1.97604
150000 401.621 -14453.5 -4.15305
151000 400.421 -14484.7 1.84933
152000 399.973 -14454.8 -3.42391
153000 399.77 -14495.5 13.2378
154000 400.334 -14504 7.79618
155000 399.507 -14504.3 -8.80578
156000 399.619 -14563.7 12.5093
157000 399.826 -14461.8 14.5162
158000 401.272 -14553.2 4.84722
159000 399.967 -14593.4 -13.8101
160000 400.103 -14534.6 -5.59621
161000 399.687 -14591.5 -3.07665
162000 398.78 -14547.3 -9.26468
163000 398.825 -14526.4 3.46519
164000 401.806 -14534.3 2.75072
165000 401.7 -14476.3 18.5885
166000 400.145 -14519.9 2.72836
167000 398.367 -14516.5 15.4555
168000 399.707 -14525.5 7.65072
169000 402.307 -14520.4 -19.7192
170000 402.048 -14537 2.35261
171000 396.406 -14658.2 11.1258
172000 401.21 -14453.1 -5.5717
173000 397.381 -14492.1 -3.57867
174000 401.379 -14422.7 10.8791
175000 398.76 -14515.4 6.9862
176000 399.803 -14584.6 -7.39064
177000 400.535 -14557.3 -3.59539
178000 400.773 -14523.1 7.69205
179000 400.295 -14447 2.24326
180000 400.17 -14543.2 -5.4294
181000 400.56 -14504.7 8.50398
182000 402.328 -14510.9 12.3512
183000 400.7 -14487.6 -4.2502
184000 398.669 -14508.1 14.2096
185000 400.505 -14552.6 -11.751
186000 401.289 -14480.9 3.41259
187000 399.751 -14543.5 6.45829
188000 400.01 -14494.4 9.34339
189000 399.817 -14511.8 -23.8017
190000 399.525 -14553.5 4.17867
191000 397.884 -14572.6 -3.70737
192000 399.711 -14527.7 -7.52042
193000 400.229 -14520.1 12.4116
194000 400.902 -14547.6 -11.17
195000 400.816 -14557.6 -2.99578
196000 400.858 -14492.4 11.8539
197000 402.256 -14418.2 1.34949
198000 402.317 -14513.9 -9.92221
199000 397.17 -14641.4 4.66946
200000 402.116 -14495 0.364533
201000 402.594 -14458.1 3.41292
202000 397.748 -14553.1 16.2789
203000 398.573 -14520.1 1.90648
204000 398.469 -14520.8 2.32795
205000 401.002 -14474.3 -9.60726
206000 400.098 -14471 -0.684639
207000 400.436 -14535.5 -9.61274
208000 398.351 -14579.8 3.23124
209000 398.326 -14577.5 22.4948
210000 399.465 -14523.9 -12.4805
211000 400.896 -14520.9 10.2888
212000 400.699 -14474 -2.70461
213000 401.534 -14450.4 -20.907
214000 398.148 -14571.3 7.15605
215000 400.867 -14537.8 -13.339
216000 398.671 -14506.2 1.08606
217000 401.401 -14484.4 0.776272
218000 399.727 -14495.5 13.4596
219000 403.268 -14390.9 -12.7586
220000 399.177 -14572.1 2.6836
221000 399.225 -14493 4.87909
222000 398.846 -14547.9 -13.062
223000 401.168 -14555.3 2.7363
224000 397.916 -14526.2 9.24092
225000 399.094 -14502.4 -7.62301
226000 400.734 -14529.3 10.5007
227000 399.465 -14484.4 -1.35803
228000 400.496 -14598.1 -9.2825
229000 402.301 -14487.4 -0.485269
230000 398.958 -14538.6 -0.985223
231000 400.139 -14495.6 0.87743
232000 399.097 -14535.9 -2.14107
233000 401.289 -14473.9 7.21408
234000 400.538 -14493.4 2.6387
235000 397.777 -14516.4 -11.5083
236000 401.198 -14501.6 2.28235
237000 398.601 -14470.2 3.18437
238000 398.954 -14502.7 -14.7116
239000 401.892 -14513.8 5.05188
240000 398.306 -14528.2 4.86207
241000 399.48 -14519.9 4.02327
242000 399.453 -14523.9 -2.86535
243000 401.377 -14509.3 -2.73489
244000 398.162 -14565.8 -16.4374
245000 400.149 -14421.1 18.1411
246000 397.341 -14567.6 -2.94059
247000 398.991 -14517.7 0.787648
248000 400.681 -14538.3 -4.69858
249000 399.354 -14544.9 -6.32544
250000 400.098 -14500 2.98131
251000 398.642 -14549.9 -0.787993
252000 401.396 -14437.7 -8.53884
253000 399.798 -14485.5 8.63576
254000 400.469 -14497.3 -5.51684
255000 399.948 -14522.6 14.114
256000 399.578 -14538.6 -5.10989
257000 399.565 -14493.8 4.4497
258000 397.322 -14551.1 3.44949
259000 397.917 -14575.1 8.93561
260000 397.701 -14587.7 9.07583
261000 399.206 -14486.5 -8.44851
262000 398.628 -14527.8 -1.75639
263000 398.75 -14527.7 12.6792
264000 399.856 -14560.4 -13.0829
265000 400.266 -14510.5 9.15961
266000 399.061 -14521.4 -0.728518
267000 399.278 -14563.3 -5.7303
268000 402.58 -14470.2 7.94158
269000 399.766 -14498.1 -4.21086
270000 401.185 -14548.6 -10.3567
271000 398.302 -14586.7 6.90733
272000 400.11 -14497.7 -9.43086
273000 399.77 -14535.5 0.509316
274000 399.6 -14529.5 9.7872
275000 399.665 -14534.2 9.96013
276000 397.921 -14595.9 -5.91199
277000 402.816 -14461 1.41399
278000 399.993 -14501.2 -0.191543
279000 399.843 -14511.3 4.3185
280000 398.635 -14515.5 -5.142
281000 400.813 -14518.7 0.571078
282000 400.506 -14496.7 0.639855
283000 400.766 -14539.2 -3.97626
284000 399.629 -14500.7 0.961174
285000 398.444 -14489.7 0.310568
286000 398.852 -14528.8 10.4631
287000 398.15 -14498.8 0.348785
288000 401.238 -14605.4 0.288403
289000 398.953 -14581.5 4.63219
290000 401.022 -14499.2 -18.1042
291000 399.726 -14532 9.689
292000 399.155 -14529.9 -7.8539
293000 402.241 -14492.4 -11.3048
294000 399.857 -14549.6 4.91876
295000 401.184 -14513.9 -6.67304
296000 399.285 -14510.9 5.47932
297000 399.237 -14504.7 -7.81124
298000 399.96 -14483.4 3.05892
299000 400.157 -14547.9 -5.30795
300000 401.255 -14461.6 0.194075
301000 400.371 -14528.6 -4.84915
302000 400.831 -14491.6 -0.0932792
303000 399.088 -14516.5 7.78297
304000 398.69 -14607.7 -0.103502
305000 397.549 -14579.2 -6.8337
306000 402.088 -14457.9 3.07806
307000 399.469 -14497.4 -5.97541
308000 398.027 -14534.7 4.81887
309000 398.239 -14631.2 2.71698
310000 399.473 -14529.1 6.57203
311000 399.27 -14486 -13.1209
312000 402.452 -14451.6 -4.58007
313000 400.282 -14498.1 2.5584
314000 399.646 -14459.2 -2.3368
315000 400.425 -14482.9 -1.94987
316000 400.178 -14550.4 -7.82756
317000 401.713 -14499.5 -3.15058
318000 399.758 -14508.8 -2.38931
319000 399.067 -14557.6 -1.31184
320000 398.727 -14559.5 -6.9096
321000 401.718 -14467.3 5.61228
322000 400.967 -14534.8 5.3709
323000 400.334 -14488.1 7.7751
324000 399.483 -14557.8 -15.1867
325000 398.878 -14519 9.52922
326000 400.477 -14579.1 10.0524
327000 399.907 -14558.6 3.49253
328000 399.749 -14545.5 5.59527
329000 399.713 -14597.8 -5.61034
330000 399.713 -14539.6 2.38843
331000 399.419 -14540.5 4.15774
332000 400.249 -14430.7 -8.33973
333000 398.715 -14504.6 12.3147
334000 399.262 -14471.8 -15.2139
335000 401.274 -14548.3 3.75778
336000 396.797 -14550.5 -3.61213
337000 399.872 -14510.7 12.7001
338000 402.406 -14464.3 -2.4935
339000 397.842 -14542.2 11.613
340000 400.205 -14527.6 -8.86868
341000 400.484 -14532.4 7.92091
342000 401.305 -14513.7 2.08111
343000 398.776 -14601.2 -2.05674
344000 401.24 -14492.6 -0.225645
345000 399.378 -14480.8 6.87916
346000 400.634 -14539.5 -2.03054
347000 398.07 -14552.4 2.80403
348000 401.176 -14428.7 -0.953158
349000 401.043 -14528.4 -14.9945
350000 404.174 -14403 -6.67901
351000 397.643 -14601.8 2.10774
352000 400.867 -14484.9 -3.00551
353000 398.859 -14499.5 -12.6637
354000 398.226 -14559.4 -5.60835
355000 399.532 -14514.6 8.01964
356000 396.823 -14584.7 -0.698816
357000 403.018 -14504.3 -11.6104
358000 397.513 -14657 12.9202
359000 399.313 -14573.3 -1.92544
360000 397.548 -14520.6 -0.518163
361000 398.168 -14579.5 18.1891
362000 400.103 -14518.8 -2.62279
363000 398.104 -14535 -1.51123
364000 402.022 -14457.3 16.1795
365000 399.16 -14520.8 15.9659
366000 399.837 -14543.2 -3.51699
367000 398.461 -14564.3 -9.989
368000 398.79 -14550 1.5968
369000 399.105 -14552.6 6.75219
370000 400.021 -14542.9 -16.4982
371000 401.108 -14495.8 19.8077
372000 400.26 -14420.7 2.83815
373000 400.098 -14549.2 -4.30562
374000 399.543 -14414.2 -5.47278
375000 399.401 -14499.2 4.22281
376000 399.922 -14533.6 19.3228
377000 399.233 -14537.7 -6.65523
378000 402.737 -14516 -0.736555
379000 398.562 -14564.1 -0.0128679
380000 400.609 -14489.5 1.28452
381000 399.364 -14572.2 3.5117
382000 400.548 -14575.2 0.749546
383000 400.139 -14555 3.42937
384000 399.447 -14516.8 -5.51587
385000 400.833 -14532.6 -4.66129
386000 398.391 -14503.1 1.51166
387000 398.999 -14501.9 11.8359
388000 399.907 -14542.5 -2.16831
389000 399.756 -14596.6 -5.45362
390000 399.412 -14554.7 17.655
391000 399.244 -14491.6 19.5453
392000 402.121 -14422.6 -3.1025
393000 398.998 -14508.9 -16.7785
394000 400.15 -14527.9 0.43611
395000 400.221 -14480.8 -0.530499
396000 400.058 -14572.1 3.78823
397000 402.289 -14545 -23.52
398000 400.217 -14589.4 6.06304
399000 397.798 -14582.8 7.05261
400000 400.743 -14452.1 -6.53941
401000 400.982 -14512.2 5.1361
402000 400.963 -14477.8 0.676037
403000 400.912 -14449.1 -2.60885
404000 399.824 -14507.8 4.06145
405000 395.702 -14542.7 -3.42237
406000 400.142 -14537.1 -6.44678
407000 399.346 -14557 4.7188
408000 399.477 -14512.5 -7.89917
409000 397.704 -14535.5 12.6376
410000 401.119 -14546.4 -7.67599
411000 398.145 -14634.2 -9.91465
412000 400.396 -14560.8 2.71424
413000 398.646 -14565.5 17.0352
414000 398.752 -14526.8 -13.4021
415000 397.843 -14517.8 13.0872
416000 400.823 -14507.1 0.420102
417000 397.519 -14581.6 7.11289
418000 400.67 -14478.8 -5.32265
419000 401.803 -14482.8 5.82484
420000 396.391 -14567.4 20.9712
421000 400.184 -14516 -7.44454
422000 398.889 -14512.3 -7.5188
423000 400.868 -14470.6 -5.03751
424000 399.1 -14515.1 1.5294
425000 400.759 -14544.8 -1.05322
426000 401.836 -14576.1 -7.30177
427000 399.038 -14486.9 -8.78138
428000 399.128 -14487.1 -2.02227
429000 399.983 -14509.4 4.84741
430000 402.868 -14425.8 11.2194
431000 399.987 -14481.4 7.17802
432000 399.641 -14518.1 4.81788
433000 403.293 -14443.2 8.13792
434000 400.12 -14500.6 12.5724
435000 400.218 -14478.2 -3.77226
436000 399.576 -14546.7 3.92108
437000 400.255 -14513.2 -14.0156
438000 397.843 -14485.2 10.4487
439000 397.148 -14516 10.9059
440000 400.61 -14513.1 -14.5138
441000 399.087 -14578.1 9.67779
442000 398.318 -14525.5 7.42506
443000 399.257 -14567.2 2.53821
444000 399.626 -14517.8 4.51677
445000 398.434 -14554.3 -18.7492
446000 402.088 -14536.8 0.811629
447000 400.335 -14514.3 -4.43002
448000 400.719 -14461.8 7.50414
449000 401.184 -14476.7 4.2822
450000 400.947 -14480.4 1.12274
451000 399 -14594.2 -4.32823
452000 400.208 -14601.3 14.1916
453000 399.751 -14543.8 13.0522
454000 400.282 -14524.5 6.96008
455000 402.43 -14478 2.10328
456000 401.181 -14485.9 -3.80536
457000 398.432 -14554.2 9.10992
458000 400.955 -14478.8 -1.98409
459000 400.566 -14531.2 -4.94561
460000 401.042 -14476 11.2445
461000 400.417 -14522.7 11.1535
462000 401.795 -14500.8 -13.7088
463000 402.139 -14449.1 -3.156
464000 402.541 -14516.7 -6.74818
465000 398.726 -14555 -0.269272
466000 400.254 -14567.8 -0.705795
467000 397.279 -14525.4 18.9012
468000 400.694 -14447.1 5.40573
469000 402.652 -14381.5 -0.306779
470000 398.324 -14498.1 -5.68002
471000 401.215 -14452.1 6.38554
472000 398.17 -14514.7 -4.70408
473000 400.019 -14554.8 -2.63059
474000 400.492 -14502.2 -7.14692
475000 400.396 -14523.2 16.0818
476000 399.073 -14507 -0.341514
477000 398.61 -14511.1 6.97469
478000 400.735 -14571.8 -1.78608
479000 404.373 -14525 -10.6095
480000 400.079 -14463.1 -9.99468
481000 401.428 -14453.1 1.62587
482000 401.69 -14487.5 14.9767
483000 401.278 -14520.8 6.39681
484000 400.965 -14515.8 2.57604
485000 398.649 -14498.7 1.6993
486000 399.261 -14605.6 4.69855
487000 402.756 -14448.6 11.3944
488000 399.32 -14496.3 -8.97166
489000 401.768 -14500.4 0.142605
490000 398.854 -14552.1 -6.1829
491000 399.39 -14539 23.8731
492000 400.76 -14499.3 -14.5716
493000 400.314 -14576.5 -1.80319
494000 401.875 -14503.5 2.61506
495000 399.982 -14518 -11.5696
496000 401.685 -14533.7 5.14039
497000 397.301 -14567.9 -7.84772
498000 400.385 -14521.5 4.21153
499000 399.073 -14561.9 -5.77824
500000 398.806 -14577 -13.5684
501000 398.767 -14577.9 4.35516
502000 403.114 -14435.7 -4.17082
503000 397.908 -14547.3 3.23753
504000 400.965 -14443.6 22.7512
505000 399.558 -14520.2 -28.5385
506000 401.337 -14523.4 2.61543
507000 398.916 -14513.6 -9.97495
508000 399.779 -14479.7 13.7035
509000 398.434 -14538.6 8.08141
510000 401.486 -14588.3 -1.57017
511000 400.337 -14550.6 4.86757
512000 398.05 -14536.6 14.7676
513000 400.218 -14509.5 -6.52163
514000 402.03 -14458.6 -0.137135
515000 400.961 -14488.1 -3.98114
516000 400.66 -14467.7 -3.04887
517000 401.564 -14491.6 6.41573
518000 401.81 -14432.8 0.4242
519000 400.807 -14470.3 4.04418
520000 399.909 -14484.4 5.58775
521000 401.615 -14462.4 3.271
522000 399.9 -14461.4 0.440854
523000 399.95 -14469.7 1.11128
524000 398.754 -14544.6 6.00751
525000 399.35 -14582 -0.737401
526000 402.644 -14500.6 8.17775
527000 398.099 -14541.4 -1.77032
528000 399.806 -14574.2 -2.34865
529000 401.421 -14491.7 -2.03876
530000 399.143 -14517.8 3.93741
531000 402.343 -14429.1 -8.7565
532000 401.342 -14496.5 -1.59949
533000 400.235 -14532.4 2.96934
534000 400.758 -14492.6 -0.681795
535000 398.974 -14542.5 2.56578
536000 402.538 -14471.7 -0.348624
537000 401.889 -14500.6 -4.41591
538000 400.918 -14504.5 8.28371
539000 400.274 -14572.1 1.59391
540000 399.736 -14474.6 -5.20696
541000 399.51 -14546.5 -13.4978
542000 400.312 -14533.5 10.8264
543000 402.195 -14457.8 -8.59161
544000 402.09 -14463.7 7.04695
545000 402.838 -14465.8 -7.22754
546000 400.551 -14484.2 7.61093
547000 400.241 -14536.8 -3.325
548000 399.558 -14548.2 4.93347
549000 397.09 -14564.8 -1.05432
550000 400.688 -14569.3 6.08671
551000 399.49 -14587.6 1.64448
552000 400.691 -14540.3 -0.324403
553000 401.109 -14475.3 3.82439
554000 400.764 -14436 8.83778
555000 401.415 -14519.5 -3.60922
556000 399.99 -14567.1 -12.4262
557000 399.401 -14510 3.4344
558000 397.294 -14581.7 8.74853
559000 400.377 -14543.9 -3.52395
560000 400.094 -14535.9 1.2762
561000 399.026 -14519.3 -4.00833
562000 400.267 -14540.6 15.9904
563000 398.201 -14489.4 -19.0001
564000 400.585 -14494.9 11.5629
565000 398.719 -14547.4 -0.215201
566000 399.621 -14531.3 2.77477
567000 399.87 -14512.7 -0.349366
568000 400.564 -14438 12.1662
569000 398.725 -14535.7 11.1658
570000 397.771 -14554.1 -4.90657
571000 400.079 -14602.2 9.35352
572000 399.078 -14517 -0.431082
573000 397.916 -14576.3 5.33641
574000 398.804 -14501.9 1.10701
575000 398.552 -14534.7 -1.91806
576000 398.988 -14564.1 1.03679
577000 399.353 -14516.8 14.2896
578000 400.368 -14534.1 3.38564
579000 402.012 -14514.1 4.57847
580000 398.097 -14535.7 -13.6069
581000 398.707 -14558 -5.0588
582000 400.157 -14501 21.023
583000 400.733 -14495 -5.09552
584000 399.804 -14516.3 -0.586544
585000 399.469 -14474.3 13.1211
586000 399.191 -14601.8 -4.37912
587000 401.522 -14497.3 0.723601
588000 400.156 -14505.4 -8.82369
589000 402.493 -14468.1 -6.10233
590000 399.989 -14491.9 11.7668
591000 399.097 -14571.5 -13.7622
592000 399.491 -14593.7 7.73027
593000 399.844 -14559.8 -8.81071
594000 399.078 -14498.4 5.83577
595000 400.353 -14558.8 -16.2756
596000 399.28 -14489.1 22.7367
597000 399.543 -14534.7 6.2727
598000 397.856 -14535.7 5.14839
599000 399.796 -14554.8 -1.03633
600000 399.189 -14494.3 3.61871
601000 398.938 -14468.7 6.44918
602000 398.688 -14522.6 -8.41034
603000 399.347 -14502 15.3652
604000 402.556 -14423.7 -12.4513
605000 399.579 -14481.7 3.6229
606000 403.401 -14454.5 0.593199
607000 399.85 -14536.4 -7.04285
608000 400.773 -14493.7 0.697715
609000 403.57 -14516.1 8.59717
610000 401.527 -14432.5 -10.656
611000 398.453 -14617.1 -10.906
612000 397.548 -14552.8 14.0658
613000 397.504 -14564.4 -12.2442
614000 400.626 -14511.3 1.17811
615000 399.296 -14550.6 -2.47611
616000 401.164 -14517.8 3.86227
617000 402.018 -14511.3 8.67638
618000 400.897 -14492.4 3.46185
619000 401.536 -14513 -7.07497
620000 397.751 -14602.3 -0.813427
621000 400.291 -14495.5 -3.63987
622000 398.579 -14510.7 -3.2586
623000 399.465 -14565.8 6.95345
624000 400.345 -14524.3 -1.86479
625000 398.855 -14521.8 1.68927
626000 404.319 -14463 -2.29237
627000 399.084 -14469.4 3.03069
628000 399.622 -14507.2 10.608
629000 398.161 -14523.6 -4.77301
630000 400.065 -14551.7 7.42579
631000 400.697 -14450.9 -2.66225
632000 402.482 -14441 -4.76871
633000 399.069 -14502.5 8.86121
634000 402.187 -14463.3 2.83479
635000 400.861 -14481 -1.48645
636000 402.405 -14474.4 13.3732
637000 400.42 -14513 2.02543
638000 398.818 -14486.1 -7.62166
639000 399.999 -14564.1 -1.28428
640000 400.173 -14546.6 3.23832
641000 399.102 -14578.4 2.34937
642000 397.97 -14547.5 18.435
643000 401.301 -14532.3 -12.6238
644000 401.432 -14469.4 0.20914
645000 399.324 -14527.1 -1.44356
646000 398.771 -14580.4 13.0626
647000 399.558 -14541.7 9.49326
648000 401.192 -14529 -0.639407
649000 398.783 -14522.5 7.88372
650000 400.404 -14515.5 7.06701
651000 398.852 -14559.1 1.4825
652000 400.761 -14522.5 -6.20134
653000 399.415 -14496.7 10.511
654000 398.995 -14507.2 -11.0428
655000 400.279 -14545.9 7.92385
656000 399.01 -14533.3 10.3709
657000 399.161 -14505 -3.30078
658000 400.519 -14541.1 13.7955
659000 399.422 -14482.1 0.630935
660000 401.974 -14494.7 11.1301
661000 399.152 -14574.1 -13.5907
662000 398.176 -14539.6 13.4796
663000 400.786 -14495.3 -17.4245
664000 402.024 -14518.2 -0.136781
665000 399.837 -14457.5 12.6423
666000 400.423 -14453.1 -0.40753
667000 399.629 -14477.5 17.7426
668000 399.981 -14444.7 11.0878
669000 400.845 -14496.3 -9.68256
670000 397.778 -14572.3 16.2374
671000 401.925 -14448.5 3.7217
672000 400.022 -14478 -3.69932
673000 399.938 -14484.9 0.970735
674000 398.824 -14490.9 -11.1985
675000 400.902 -14473.1 12.0556
676000 399.705 -14482.9 3.39525
677000 399.185 -14635.3 -15.2347
678000 401.376 -14488.8 -14.691
679000 399.049 -14574.2 8.01171
680000 399.604 -14490.1 3.06002
681000 399.852 -14530.8 5.07681
682000 402.845 -14413.4 -8.58463
683000 398.789 -14571.7 25.2914
684000 397.811 -14555.2 -4.74281
685000 400.241 -14530.2 6.98318
686000 399.259 -14474.6 -0.985605
687000 397.166 -14508.2 -8.36723
688000 399.097 -14554.3 5.00035
689000 398.512 -14588.5 3.75217
690000 400.527 -14491.6 6.68134
691000 403.267 -14512.1 21.512
692000 399.75 -14685 -16.3193
693000 402.39 -14484.5 -18.2704
694000 399.946 -14558.3 8.2124
695000 401.561 -14524.7 6.39931
696000 400.242 -14497.8 12.8081
697000 398.98 -14507.5 -8.66147
698000 398.413 -14541.5 -9.66243
699000 398.606 -14546.4 3.14784
700000 399.911 -14515.1 -2.45953
701000 400.588 -14490.5 20.601
702000 399.194 -14560.3 -5.62599
703000 400.442 -14509.3 0.0431757
704000 398.129 -14548.9 3.85562
705000 397.934 -14572.7 -5.10869
706000 401.879 -14512.2 -1.85618
707000 398.641 -14536.5 1.76687
708000 398.975 -14578.1 16.0262
709000 400.046 -14524.7 12.2781
710000 401.498 -14490.8 -4.97281
711000 398.386 -14493.3 -9.29569
712000 402.539 -14460.9 5.7846
713000 399.144 -14571 4.66814
714000 398.293 -14566.1 10.6163
715000 402.922 -14456.6 10.6301
716000 399.263 -14443 -4.34376
717000 397.142 -14561.8 19.8001
718000 400.944 -14561.1 -6.85172
719000 401.103 -14487 4.36895
720000 398.826 -14489.6 6.4369
721000 401.149 -14455.9 14.0372
722000 399.353 -14594.3 -12.0098
723000 399.438 -14507.1 2.67499
724000 401.543 -14464.7 -1.42099
725000 401.131 -14503.8 -2.08527
726000 400.208 -14522.2 -7.2964
727000 399.955 -14493.7 -2.24923
728000 401.564 -14559.4 8.2687
729000 399.078 -14556.5 6.87158
730000 398.618 -14577.2 6.58635
731000 399.318 -14539.2 7.54757
732000 400.071 -14537.2 -5.67033
733000 397.544 -14572.8 2.73105
734000 398.689 -14593.7 6.05411
735000 399.343 -14559.6 -4.88906
736000 396.521 -14578.3 19.7721
737000 400.62 -14472.8 -0.470828
738000 399.349 -14536.9 10.448
739000 400.404 -14526.7 -12.8884
740000 400.081 -14508.6 18.622
741000 400.03 -14529.2 -5.74603
742000 398.875 -14546 15.3599
743000 400.319 -14488 5.29579
744000 400.629 -14571.4 -7.24476
745000 400.477 -14488.1 -3.38586
746000 402.384 -14468.6 -6.7031
747000 401.86 -14501.7 11.3156
748000 399.108 -14532.3 3.18287
749000 400.592 -14505.3 -10.8232
750000 400.174 -14492.8 2.28604
751000 400.521 -14489.7 4.19656
752000 400.076 -14486.1 6.63362
753000 402.254 -14518.5 -3.419
754000 398.616 -14507.3 3.90435
755000 401.269 -14481.6 -0.0110816
756000 400.493 -14496.7 -4.8997
757000 400.79 -14435.8 -9.44611
758000 398.999 -14488.3 5.54914
759000 401.731 -14442.9 -18.0086
760000 398.647 -14580.3 -4.76381
761000 401.138 -14565.9 -14.0598
762000 400.575 -14611 7.73878
763000 401.183 -14556.1 11.1171
764000 401.72 -14482.1 -14.6668
765000 400.433 -14511.2 5.3501
766000 400.561 -14517.7 -5.53208
767000 399.793 -14508.6 5.58254
768000 399.921 -14494.7 -1.43766
769000 399.264 -14526.6 5.19292
770000 397.538 -14618.2 -6.57018
771000 400.229 -14608.2 -16.0187
772000 399.127 -14555.8 -0.256628
773000 398.907 -14590.7 -6.26731
774000 397.79 -14548.9 -5.92227
775000 399.905 -14581.3 -0.425729
776000 401.011 -14535.5 -3.82152
777000 401 -14499 -2.54844
778000 399.05 -14541.2 2.05633
779000 399.524 -14571.1 -5.08361
780000 400.441 -14549.1 -3.61001
781000 399.03 -14478.4 -0.394336
782000 400.601 -14534.8 0.247627
783000 398.406 -14603.7 3.33122
784000 398.14 -14534.6 17.8331
785000 399.766 -14505.6 -9.35992
786000 398.093 -14578 15.7817
787000 399.834 -14544.8 5.34441
788000 398.401 -14623.5 -7.08891
789000 402.307 -14459.6 3.28506
790000 396.441 -14517.6 10.2483
791000 399.506 -14526.9 4.01153
792000 398.478 -14510.5 7.80094
793000 399.948 -14532 -5.31003
794000 399.904 -14532.2 10.0684
795000 400.054 -14571.2 -0.991121
796000 401.427 -14476.2 -11.9774
797000 401.328 -14454.8 6.07221
798000 399.736 -14607.1 1.43916
799000 397.985 -14568.6 6.67056
800000 399.965 -14469.5 9.85728
801000 401.71 -14475 7.42248
802000 399.059 -14531.2 -0.208002
803000 401.379 -14527.9 -0.802539
804000 400.159 -14501.1 5.80399
805000 399.799 -14483 -1.7024
806000 400.989 -14540.1 14.4559
807000 399.175 -14491.2 -5.68548
808000 400.168 -14441.4 -1.04862
809000 401.982 -14465.7 6.04375
810000 399.856 -14472.3 -0.836076
811000 398.115 -14488.7 26.585
812000 399.496 -14502.6 2.95758
813000 400.315 -14542.6 -2.45494
814000 400.038 -14471.4 4.73348
815000 399.917 -14531.9 9.60957
816000 398.696 -14541.4 10.5035
817000 398.39 -14550.6 -8.70863
818000 399.982 -14478.3 -3.05861
819000 402.546 -14509.1 6.647
820000 398.877 -14529.9 16.792
821000 399.165 -14505.8 -10.8581
822000 398.716 -14550.4 3.28817
823000 399.399 -14527.7 -10.035
824000 400.183 -14540.5 1.73299
825000 398.407 -14521.8 -3.36296
826000 398.042 -14490.2 9.03252
827000 400.211 -14516.2 15.0604
828000 403.187 -14502.2 -9.84815
829000 398.364 -14536.7 -1.34053
830000 399.282 -14501 16.6169
831000 398.791 -14489 -3.92697
832000 399.402 -14546.5 1.53994
833000 398.481 -14542.3 15.7863
834000 401.248 -14430.9 -19.3387
835000 401.48 -14494.6 -5.60922
836000 401.326 -14519.6 -10.2956
837000 399.265 -14537 12.0931
838000 399.088 -14509.7 6.96977
839000 400.011 -14530.2 -7.3906
840000 398.903 -14540.4 5.6748
841000 398.494 -14551.9 -5.49723
842000 400.913 -14549.9 17.9447
843000 398.456 -14581 -2.95118
844000 400.802 -14493.2 6.18597
845000 400.1 -14584.7 3.69103
846000 401.415 -14538.3 -6.81081
847000 400.202 -14510.3 8.44449
848000 399.104 -14519.2 4.79861
849000 400.777 -14523.8 -9.41367
850000 400.073 -14524.7 4.67539
851000 402.066 -14523.1 -13.1681
852000 401.439 -14510.6 -4.01378
853000 399.395 -14511.3 14.0505
854000 402.525 -14478.7 -11.1335
855000 398.886 -14446.5 -8.20897
856000 400.26 -14545.3 20.7869
857000 402.745 -14512 -9.4484
858000 400.647 -14509.4 3.52499
859000 398.317 -14541.9 6.36578
860000 398.431 -14509.3 2.50902
861000 400.389 -14508.2 -3.80597
862000 401.006 -14509.7 0.273588
863000 399.591 -14568.5 11.896
864000 398.205 -14508.6 -5.81023
865000 401.291 -14514.9 -13.3647
866000 398.429 -14524 11.2474
867000 401.35 -14535.2 0.124474
868000 396.806 -14602.3 -8.87339
869000 399.585 -14566.9 -6.32868
870000 399.965 -14536.4 1.4811
871000 398.712 -14545.6 2.04002
872000 399.928 -14528.5 -7.5937
873000 399.221 -14439.9 6.39944
874000 399.101 -14479.9 0.114196
875000 402.665 -14450.4 7.91517
876000 402.13 -14447.8 10.4319
877000 399.565 -14567 -7.24989
878000 401.106 -14500.2 4.47834
879000 400.983 -14461.5 -3.29414
880000 400.728 -14433.4 -3.04844
881000 399.819 -14468.4 6.18319
882000 398.619 -14512.4 -4.51085
883000 400.228 -14486 2.93905
884000 398.805 -14512.4 17.2952
885000 399.961 -14568.3 -6.01404
886000 399.219 -14504 1.17976
887000 398.941 -14495.4 4.13949
888000 398.493 -14519.1 4.62531
889000 400.797 -14488.1 17.8861
890000 399.401 -14553.2 -5.89007
891000 398.957 -14554.1 -7.25455
892000 401.395 -14484.1 -9.3849
893000 399.85 -14487.3 9.10323
894000 402.044 -14518.5 -3.17203
895000 398.847 -14535.3 0.516841
896000 398.361 -14485.6 2.32991
897000 400.618 -14476 7.96577
898000 399.454 -14517.3 5.81966
899000 397.901 -14570.2 -2.52773
900000 397.485 -14607.5 8.49173
901000 400.273 -14459.4 7.81308
902000 399.223 -14507.7 1.24442
903000 399.973 -14460.7 7.15444
904000 400.102 -14483.9 10.8286
905000 401.392 -14491 5.08267
906000 397.758 -14515.2 -5.22205
907000 400.782 -14496.7 -5.42004
908000 399.667 -14536.8 -2.33684
909000 402.315 -14533.1 4.57314
910000 397.769 -14542.7 1.73795
911000 398.799 -14589.2 4.52421
912000 399.279 -14531.1 -5.12967
913000 399.599 -14513.1 17.5994
914000 399.213 -14484.5 -2.03722
915000 402.243 -14449.3 -1.29477
916000 401.047 -14478.3 2.02874
917000 399.724 -14501.2 0.304601
918000 399.193 -14506.4 -19.3915
919000 403.996 -14425.3 4.46486
920000 400.008 -14541 9.31286
921000 401.937 -14466 10.6758
922000 399.904 -14477 -13.852
923000 400.011 -14445.6 8.00909
924000 400.215 -14476.1 2.37528
925000 398.521 -14543.8 3.89477
926000 401.384 -14543.9 -0.233524
927000 401.391 -14447.2 -5.9377
928000 400.496 -14506.3 2.27316
929000 400.198 -14445.5 -1.84152
930000 400.707 -14452.7 -4.1708
931000 399.643 -14490.4 5.48963
932000 400.335 -14477.1 10.2692
933000 398.209 -14495.9 9.29357
934000 399.035 -14508.9 10.0944
935000 400.303 -14533.5 -1.35125
936000 402.981 -14472 -19.4085
937000 399.976 -14543.6 24.4519
938000 398.298 -14519.4 -0.848243
939000 398.704 -14480.9 -1.85316
940000 398.615 -14545.4 1.77632
941000 399.741 -14488.5 -4.80163
942000 400.889 -14473.4 9.32152
943000 399.565 -14450.4 7.16337
944000 399.712 -14478.9 -2.22067
945000 401.922 -14424.5 -1.00776
946000 400.15 -14520.8 -16.5953
947000 400.754 -14472.7 2.55204
948000 399.778 -14524 6.09851
949000 398.149 -14622.8 -2.13183
950000 399.974 -14518.6 -4.47173
951000 402.6 -14515 -7.2908
952000 400.139 -14494.2 -1.25114
953000 400.312 -14534.4 4.74564
954000 403.338 -14464 -6.11024
955000 396.435 -14538.9 6.10233
956000 401.92 -14484.1 -5.50707
957000 400.024 -14516.5 -0.0352985
958000 400.574 -14524.5 1.80075
959000 398.745 -14562.6 11.4648
960000 401.01 -14464.3 7.04929
961000 399.399 -14566.7 -10.362
962000 398.988 -14542.6 2.76848
963000 400.567 -14513.2 -0.130345
964000 400.416 -14495.4 11.685
965000 401.199 -14527.5 -13.1939
966000 398.68 -14548.8 8.73154
967000 402.186 -14510.2 -6.33989
968000 400.351 -14491 0.185923
969000 399.143 -14521.9 16.98
970000 401.974 -14486.8 -9.18232
971000 399.073 -14562.4 0.220164
972000 400.055 -14563 -3.37707
973000 400.794 -14492.1 -0.749082
974000 396.324 -14601.8 9.29601
975000 399.979 -14474.1 8.90524
976000 402.28 -14516.9 2.33716
977000 400.628 -14432.8 -3.89518
978000 399.651 -14539.5 6.58095
979000 398.376 -14473 6.63091
980000 399.088 -14541.6 -12.0598
981000 399.599 -14517.4 4.92987
982000 402.062 -14443.5 -13.6038
983000 401.144 -14450.1 7.42216
984000 400.575 -14489.2 -6.82389
985000 399.541 -14563.4 7.93357
986000 398.122 -14550.7 7.14705
987000 398.161 -14570.1 3.52807
988000 400.899 -14540.1 -3.37879
989000 398.392 -14586.2 -2.92419
990000 397.675 -14529 11.844
991000 398.598 -14533.2 8.45942
992000 402.52 -14434 -2.10032
993000 401.237 -14521.6 -9.56398
994000 400.035 -14524.8 0.18778
995000 401.271 -14557.8 -1.81574
996000 400.04 -14517 0.784235
997000 400.093 -14509.2 15.4286
998000 400.843 -14559 -2.05575
999000 397.545 -14625.5 -1.48192
1000000 399.678 -14528.9 0.473574
1001000 399.384 -14520.5 6.78266
1002000 400.02 -14510.3 16.8997
1003000 401.845 -14498.5 1.44189
1004000 399.677 -14566.3 5.32024
1005000 400.456 -14542.1 9.61861
1006000 402.075 -14470.2 -17.5255
1007000 399.965 -14523.4 13.5537
1008000 401.232 -14556.7 -15.3564
1009000 399.818 -14501.2 8.3845
1010000 399.466 -14619.7 2.58312
1011000 398.858 -14569.5 4.90775
1012000 397.749 -14543.4 1.86541
1013000 400.585 -14458.3 1.38706
1014000 400.013 -14565.9 -4.29317
1015000 398.803 -14449.8 3.84086
1016000 398.613 -14540.6 -0.688946
1017000 400.947 -14458.9 17.2714
1018000 400.002 -14492 -3.48124
1019000 402.151 -14387.7 0.0294711
1020000 399.194 -14551.5 15.3367
1021000 400.13 -14539.6 -9.83514
1022000 399.188 -14528.7 -11.1261
1023000 401.312 -14529.6 12.535
1024000 397.343 -14517.9 -6.54199
1025000 400.294 -14514.7 4.12144
1026000 397.108 -14553 -13.3405
1027000 400.55 -14523.9 -0.300785
1028000 398.124 -14539.1 -12.3278
1029000 398.572 -14550.8 0.93706
1030000 402.251 -14465.8 6.60781
1031000 397.38 -14551.8 12.9258
1032000 399.856 -14499.1 -1.25857
1033000 401.166 -14471 4.71642
1034000 399.989 -14460.1 12.7109
1035000 400.66 -14518.3 -10.6401
1036000 399.726 -14552.4 3.39972
1037000 398.978 -14492.2 5.99783
1038000 398.84 -14542.2 -5.74416
1039000 399.467 -14528.5 5.11817
1040000 400.028 -14563.6 -3.19948
1041000 401.218 -14491.7 0.0873093
1042000 399.797 -14522.4 5.09658
1043000 399.935 -14526.5 2.42473
1044000 399.731 -14506.8 7.38557
1045000 402.533 -14465.5 -11.543
1046000 396.756 -14593.2 9.00928
1047000 401.02 -14519.5 -7.6972
1048000 401.754 -14490.1 -1.55382
1049000 400.725 -14504.6 -5.87481
1050000 402.084 -14502.9 9.39887
1051000 398.329 -14585.3 0.429872
1052000 400.319 -14487.2 0.501266
1053000 401.707 -14394.5 -6.66546
1054000 401.335 -14447.3 4.80411
1055000 397.779 -14610.2 8.5033
1056000 398.227 -14571 6.29843
1057000 399.984 -14450.9 11.6374
1058000 401.32 -14533.6 7.00883
1059000 401.048 -14526 -5.62623
1060000 401.285 -14471.8 7.81029
1061000 399.255 -14525.9 -1.66938
1062000 398.232 -14524.5 4.564
1063000 401.732 -14501.7 7.02572
1064000 399.756 -14491.6 -5.79501
1065000 399.83 -14497.9 -0.230142
1066000 399.543 -14509 7.3627
1067000 397.979 -14559.1 -5.42501
1068000 400.812 -14521 1.51119
1069000 397.495 -14580.5 -13.3431
1070000 401.367 -14505.2 -8.33846
1071000 400.39 -14517.7 7.04917
1072000 399.902 -14477.1 -5.4249
1073000 399.241 -14504.3 7.57722
1074000 401.64 -14519.7 -3.69136
1075000 399.033 -14533.7 -6.62651
1076000 401.641 -14499.9 -10.9447
1077000 398.263 -14528.7 4.36761
1078000 401.544 -14488.5 -6.71653
1079000 400.376 -14501.2 10.7541
1080000 400.696 -14515.1 -3.80319
1081000 399.058 -14571.4 4.67091
1082000 399.347 -14525.5 -2.15839
1083000 398.396 -14577.6 2.76157
1084000 402.457 -14476.5 14.2813
1085000 396.658 -14507.1 12.5162
1086000 400.49 -14527.8 -6.73796
1087000 401.293 -14476.8 2.47439
1088000 400.594 -14530.5 -1.48099
1089000 400.921 -14515.2 -0.283575
1090000 399.679 -14445 18.3397
1091000 401.737 -14453 7.13531
1092000 399.6 -14539.7 13.4067
1093000 400.067 -14481.7 -2.55098
1094000 400.222 -14522.1 10.0916
1095000 399.296 -14528.3 -0.721385
1096000 401.64 -14477.3 9.68298
1097000 399.322 -14526.7 -5.72497
1098000 400.242 -14533.1 8.14993
1099000 402.168 -14481.9 11.4059
1100000 400.738 -14471.5 -13.3392
1101000 399.265 -14591.3 4.67314
1102000 398.391 -14571.4 5.19124
1103000 398.323 -14616.3 -0.572559
1104000 399.117 -14475.7 -2.72289
1105000 397.238 -14462 2.06496
1106000 402.711 -14435.6 -7.64289
1107000 400.52 -14515.3 16.3204
1108000 401.204 -14534.3 0.0454825
1109000 400.062 -14505.4 17.3874
1110000 399.917 -14505.5 3.76987
1111000 398.522 -14525.6 2.86045
1112000 400.515 -14566.7 1.40754
1113000 401.325 -14477.7 -10.2452
1114000 400.83 -14470.7 5.34062
1115000 400.562 -14474.1 -6.14643
1116000 401.301 -14410.9 13.965
1117000 402.043 -14446 0.924523
1118000 401.081 -14514.1 -0.46749
1119000 399.993 -14525.3 -0.667295
1120000 398.672 -14492.4 5.66669
1121000 401.044 -14429.6 -0.710767
1122000 399.708 -14528.3 0.770498
1123000 401.408 -14452.5 6.87272
1124000 401.886 -14501.2 -0.00279653
1125000 400.355 -14480.5 0.963864
1126000 402.343 -14460.3 -10.8449
1127000 400.114 -14613.9 1.8845
1128000 401.023 -14490.7 4.68464
1129000 400.253 -14472.6 16.2962
1130000 398.783 -14484 -10.335
1131000 400.719 -14530.2 6.04874
1132000 398.839 -14549.9 3.98859
1133000 401.384 -14500.1 -1.69158
1134000 400.574 -14495.4 13.694
1135000 399.169 -14563.2 11.1644
1136000 400.548 -14563.2 -0.291634
1137000 399.046 -14540.8 -13.3381
1138000 399.143 -14581.5 1.28748
1139000 399.343 -14540.2 5.65086
1140000 401.064 -14559.1 -2.28759
1141000 398.604 -14576.3 1.75156
1142000 399.577 -14480.8 12.8986
1143000 398.608 -14505.5 -17.7813
1144000 398.847 -14536.9 12.4174
1145000 400.641 -14479.2 8.50687
1146000 397.869 -14523.9 -4.50513
1147000 400.904 -14433.2 1.48627
1148000 400.891 -14507.7 6.67964
1149000 399.863 -14491.5 0.0299361
1150000 397.848 -14526.8 7.9859
1151000 400.037 -14551.2 -4.5662
1152000 398.573 -14525.5 0.912382
1153000 399.914 -14562 4.90879
1154000 398.4 -14482.7 -1.65084
1155000 400.471 -14551.4 -6.52796
1156000 399.789 -14568.4 -1.84067
1157000 400.415 -14483.4 5.77958
1158000 399.163 -14586.8 6.25956
1159000 398.567 -14559.5 -2.64605
1160000 399.055 -14603.6 19.3052
1161000 400.539 -14554.2 -24.842
1162000 399.111 -14568.6 17.0797
1163000 399.132 -14615.1 6.41544
1164000 401.637 -14609.7 3.36702
1165000 399.446 -14543.6 -1.15294
1166000 400.543 -14469.5 0.945699
1167000 399.188 -14489.2 -1.26716
1168000 400.909 -14510.9 -0.704761
1169000 400.369 -14535 5.7123
1170000 400.616 -14426.6 -4.44919
1171000 403.611 -14474.2 -5.15368
1172000 399.473 -14520.3 -2.74182
1173000 400.355 -14532.3 4.46887
1174000 401.681 -14465.1 -9.42188
1175000 400.715 -14525.2 3.88472
1176000 402.455 -14495.1 -9.32881
1177000 400.246 -14439 19.3253
1178000 398.361 -14506.4 -17.059
1179000 400.617 -14513.1 4.11055
1180000 401.59 -14550.3 -7.86872
1181000 399.79 -14551.6 6.98817
1182000 399.827 -14490.2 -15.7231
1183000 399.59 -14545.9 15.0346
1184000 398.801 -14573.2 0.138286
1185000 396.943 -14595.4 -1.10817
1186000 400.556 -14581.3 0.633341
1187000 398.876 -14561.7 -2.91668
1188000 399.556 -14573.1 2.06156
1189000 397.653 -14611.6 10.8537
1190000 401.079 -14502.3 -13.5965
1191000 400.024 -14555 17.4754
1192000 401.432 -14497.4 -10.1442
1193000 399.487 -14495.9 7.95811
1194000 400.885 -14586.5 4.90375
1195000 402.413 -14439 -10.5697
1196000 400.274 -14516.7 2.64839
1197000 399.297 -14471.7 -5.05635
1198000 399.573 -14514.2 -13.0404
1199000 399.208 -14557.7 11.6197
1200000 399.505 -14451.5 -10.4413
1201000 401.009 -14506.3 8.35652
1202000 400.067 -14490.4 7.02618
1203000 399.035 -14539.8 6.30902
1204000 400.52 -14547.8 -7.08073
1205000 402.01 -14490.6 6.17986
1206000 397.243 -14554.8 7.74619
1207000 400.84 -14491 -19.2023
1208000 400.448 -14435.3 12.6384
1209000 400.664 -14496.8 -1.1675
1210000 400.243 -14566.5 2.6418
1211000 398.619 -14540.4 -0.511535
1212000 399.621 -14557.6 -5.38295
1213000 398.296 -14624.7 -6.43922
1214000 401.629 -14546.8 -3.09634
1215000 397.436 -14611.9 -6.06023
1216000 399.671 -14552.7 -6.5113
1217000 400.916 -14455.8 -10.4236
1218000 399.777 -14514.8 0.169814
1219000 401.075 -14522.5 9.50863
1220000 399.944 -14549.2 -4.51647
1221000 399.037 -14561.2 2.17814
1222000 398.731 -14512.1 -4.02592
1223000 400.668 -14528 19.9579
1224000 399.835 -14486.5 -4.03157
1225000 398.578 -14476.3 8.10514
1226000 400.459 -14512.6 12.4382
1227000 400.916 -14535.2 -1.45758
1228000 400.623 -14457.3 -0.217997
1229000 400.693 -14487.3 7.2139
1230000 400.393 -14504.6 2.77435
1231000 401.32 -14527.9 9.28527
1232000 400.588 -14461.7 6.19014
1233000 400.302 -14526.8 -4.67273
1234000 398.454 -14514.2 22.7085
1235000 399.139 -14534.3 3.57186
1236000 403.576 -14461.2 -11.9362
1237000 401.198 -14487.8 11.7638
1238000 400.663 -14472 -14.9611
1239000 401.041 -14567.9 3.02374
1240000 399.316 -14457.7 -5.68081
1241000 400.306 -14503.7 -2.92213
1242000 398.468 -14546.7 4.7254
1243000 396.805 -14582.6 -6.58526
1244000 401.188 -14479.6 -9.61874
1245000 400.955 -14520.2 3.90251
1246000 400.955 -14488.7 10.097
1247000 402.11 -14477.6 -5.053
1248000 399.735 -14600.6 18.5781
1249000 396.883 -14564.3 -8.45352
1250000 401.397 -14519.8 -0.870991
1251000 397.832 -14562.5 -11.4705
1252000 401.493 -14514.4 -4.78202
1253000 397.777 -14564.6 8.58177
1254000 398.341 -14476.8 -3.79657
1255000 398.947 -14498.2 18.1809
1256000 401.006 -14440.1 4.39355
1257000 398.901 -14472.1 -5.02786
1258000 397.877 -14483.5 4.45917
1259000 401.39 -14525.5 23.5146
1260000 399.687 -14493.3 2.91759
1261000 400.082 -14510 4.1249
1262000 399.401 -14573 -17.7249
1263000 401.266 -14459.3 -9.12663
1264000 399.523 -14510.5 16.7104
1265000 400.301 -14460.9 9.57852
1266000 401.66 -14476.4 -15.6329
1267000 403.661 -14483.3 23.921
1268000 398.158 -14523.2 -3.53004
1269000 400.748 -14537.2 1.10492
1270000 399.96 -14555.6 2.78766
1271000 399.266 -14526.8 2.0113
1272000 400.352 -14539.1 -22.655
1273000 398.303 -14546.3 8.25415
1274000 399.387 -14582.2 -13.4264
1275000 399.048 -14596.2 7.24004
1276000 399.095 -14555.8 8.51267
1277000 401.844 -14478.5 -2.32256
1278000 399.542 -14497 -9.54871
1279000 399.72 -14514.8 -4.54143
1280000 400.762 -14491.1 3.49634
1281000 399.408 -14570 -4.59853
1282000 399.744 -14540.3 -14.5512
1283000 399.865 -14579.8 5.2839
1284000 401.427 -14561.4 11.9798
1285000 398.7 -14546 -11.2441
1286000 400.808 -14457.3 12.8785
1287000 401.6 -14497.3 -1.8554
1288000 400.176 -14503.5 2.12493
1289000 397.735 -14622.6 6.38394
1290000 401.504 -14439.7 -9.8784
1291000 401.681 -14486.9 -9.86998
1292000 399.152 -14484.3 -2.97882
1293000 401.857 -14503.7 -3.28967
1294000 399.294 -14613.1 4.86394
1295000 401.235 -14584.5 -10.8564
1296000 400.81 -14508.2 14.3779
1297000 399.29 -14488.2 -4.34293
1298000 401.707 -14488.4 -2.98193
1299000 399.424 -14501.3 3.70939
1300000 398.503 -14544.8 -6.07657
1301000 398.16 -14558.5 9.98291
1302000 399.889 -14541.8 15.7134
1303000 400.294 -14576.5 -10.1336
1304000 399.774 -14520.8 1.96931
1305000 399.491 -14533.7 -6.49228
1306000 402.113 -14501.8 -0.0867471
1307000 400.446 -14502.6 1.7724
1308000 399.681 -14520.7 11.2216
1309000 400.669 -14491.9 -6.6522
1310000 399.295 -14525.2 1.76557
1311000 401.17 -14522.2 11.2198
1312000 399.733 -14481.9 -11.44
1313000 401.467 -14478.7 6.12007
1314000 398.977 -14577.7 8.77896
1315000 399.746 -14514.1 -2.79361
1316000 401.452 -14449.8 -0.509111
1317000 400.444 -14517 -6.26162
1318000 396.588 -14623 -1.3533
1319000 398.891 -14536.5 10.9392
1320000 401.368 -14420.3 0.372435
1321000 398.373 -14530.7 12.4348
1322000 400.003 -14614.9 -2.90035
1323000 399.592 -14584.6 8.26974
1324000 401.496 -14487.1 14.5793
1325000 400.168 -14465.9 -11.2082
1326000 400.417 -14522.9 14.1163
1327000 400.57 -14467.4 -4.49343
1328000 400.971 -14520.8 -2.4046
1329000 401.267 -14485.7 0.858046
1330000 398.667 -14566.2 -2.99006
1331000 400.586 -14509.5 -5.14503
1332000 401.343 -14484 12.5365
1333000 401.551 -14458 12.5405
1334000 398.538 -14543.5 4.66592
1335000 402.665 -14499.7 14.283
1336000 401.32 -14505.9 -5.93136
1337000 403.879 -14428.1 8.65823
1338000 398.337 -14532.4 -4.26523
1339000 401.552 -14450.4 5.10692
1340000 398.822 -14472.2 1.16013
1341000 398.87 -14524.1 -11.6225
1342000 400.244 -14526.5 9.89021
1343000 401.415 -14423.1 11.1715
1344000 398.11 -14510.3 14.4612
1345000 401.245 -14434.9 -5.91442
1346000 399.023 -14514.7 2.19929
1347000 399.651 -14530.2 0.807613
1348000 401.536 -14447.5 2.12909
1349000 400.181 -14508.7 20.4672
1350000 399.834 -14548.9 -22.061
1351000 399.22 -14532.9 10.085
1352000 402.277 -14456.7 -9.68632
1353000 399.963 -14511.1 -11.2325
1354000 403.288 -14475.1 -7.62879
1355000 398.158 -14570.5 6.18451
1356000 401.531 -14491.3 -9.44658
1357000 397.881 -14585.3 -5.96241
1358000 400.171 -14514.3 23.3675
1359000 400.536 -14521.2 -20.6803
1360000 399.177 -14519.7 -5.74078
1361000 398.578 -14565.9 13.578
1362000 398.152 -14626.9 -7.31167
1363000 399.791 -14507.5 9.3817
1364000 401.181 -14432.4 -11.5771
1365000 399.325 -14541.8 17.8975
1366000 400.583 -14439 2.71582
1367000 399.082 -14453.1 -5.39756
1368000 399.892 -14479.6 -4.81934
1369000 400.058 -14498.1 23.0059
1370000 400.529 -14542.2 -1.97939
1371000 398.274 -14542.3 -3.65227
1372000 400.464 -14514.5 1.79173
1373000 400.013 -14556 2.36827
1374000 403.55 -14558.1 3.80063
1375000 399.819 -14486.8 9.01805
1376000 400.247 -14461.9 6.3762
1377000 398.385 -14481.4 -5.4539
1378000 400.762 -14510.5 -5.59786
1379000 398.328 -14565.2 9.62201
1380000 400.262 -14537.7 -0.5628
1381000 398.888 -14547.2 -12.9208
1382000 400.379 -14484.9 0.723466
1383000 400.488 -14469.5 -2.65537
1384000 401.236 -14507 -15.3937
1385000 399.585 -14484.2 15.1514
1386000 399.917 -14511.3 10.0266
1387000 401.284 -14417.1 -0.997837
1388000 401.676 -14460.7 -4.95566
1389000 400.731 -14479.2 8.98761
1390000 400.878 -14538.6 -5.6154
1391000 401.26 -14475.4 -7.81596
1392000 400.164 -14447.2 -6.78912
1393000 401.644 -14561.5 -4.63957
1394000 398.432 -14510.9 -3.77894
1395000 399.718 -14517.4 -5.26822
1396000 400.558 -14546.9 4.92383
1397000 399.87 -14513.5 0.50552
1398000 401.089 -14476.8 -6.95552
1399000 399.422 -14519.9 3.46903
1400000 401.176 -14548.6 -8.23386
1401000 402.632 -14467.2 -0.739666
1402000 402.715 -14451.1 -6.07118
1403000 399.69 -14545.5 -1.52476
1404000 400.148 -14492.7 7.18573
1405000 401.242 -14471.8 7.31516
1406000 399.873 -14519.7 -3.31448
1407000 401.205 -14491.1 4.8338
1408000 400.64 -14477.7 7.30988
1409000 398.223 -14548.5 -5.70448
1410000 398.47 -14545.4 8.13504
1411000 398.977 -14549 6.81551
1412000 401.166 -14473.1 0.882618
1413000 398.216 -14583.7 7.95543
1414000 398.552 -14557.1 17.2099
1415000 400.117 -14559.6 -7.60833
1416000 399.571 -14548.9 -10.1684
1417000 399.565 -14487.9 26.5337
1418000 400.905 -14462.9 -21.0017
1419000 396.824 -14539.9 9.14378
1420000 398.699 -14548.9 -7.06114
1421000 398.579 -14510.7 10.7402
1422000 400.229 -14522.8 6.59651
1423000 399.501 -14505.9 -8.92242
1424000 399.097 -14530.1 0.443305
1425000 403.606 -14522.6 -10.0203
1426000 398.783 -14538.7 12.4153
1427000 400.588 -14493.3 5.38906
1428000 401.37 -14482.6 4.61811
1429000 399.971 -14500.5 -5.0977
1430000 402.325 -14468.9 -3.53327
1431000 399.884 -14520.6 7.00017
1432000 401.325 -14551.1 14.4933
1433000 396.323 -14608.9 -1.23416
1434000 401.316 -14493.8 10.7095
1435000 397.047 -14557.6 12.018
1436000 400.616 -14419.8 7.68022
1437000 399.799 -14508.5 5.29124
1438000 400.396 -14463.6 -0.602775
1439000 399.781 -14572.6 12.2349
1440000 402.562 -14510.3 2.54544
1441000 399.107 -14501.9 6.1773
1442000 400.948 -14481.6 -1.25378
1443000 403.193 -14402 -7.66015
1444000 400.419 -14476.6 16.0577
1445000 399.785 -14435.3 -12.8225
1446000 401.695 -14450 4.49761
1447000 399.616 -14600 -12.9602
1448000 397.212 -14542.5 7.45278
1449000 401.045 -14473.3 -7.76058
1450000 403.917 -14489.8 -13.9778
1451000 401.25 -14534.9 4.84043
1452000 400.53 -14497.4 -0.419314
1453000 400.285 -14499.7 7.868
1454000 399.011 -14529.8 10.2158
1455000 399.208 -14498.3 2.897
1456000 400.118 -14544.5 -11.6138
1457000 397.819 -14588.3 9.71562
1458000 401.453 -14439.4 -3.92049
1459000 399.43 -14566 4.13545
1460000 400.481 -14470.6 -6.25172
1461000 399.574 -14496.1 -17.1893
1462000 400.674 -14452.7 11.201
1463000 402.346 -14446.8 8.14997
1464000 400.532 -14467.5 -15.9325
1465000 401.615 -14494.5 15.4879
1466000 401.872 -14485.6 13.2744
1467000 401.986 -14550.5 10.6353
1468000 400.795 -14569.4 11.686
1469000 401.149 -14579.4 -17.4463
1470000 399.2 -14546 8.44374
1471000 397.482 -14590.1 -6.74758
1472000 398.655 -14541.6 6.7386
1473000 399.698 -14521.8 6.68929
1474000 399.31 -14576.8 16.1882
1475000 398.9 -14537.8 -7.89742
1476000 398.225 -14552.8 -0.856209
1477000 399.557 -14551.6 13.3926
1478000 395.862 -14523.5 -6.85187
1479000 401.498 -14435.1 -1.17516
1480000 401.714 -14419.8 0.629714
1481000 400.126 -14428.5 1.28095
1482000 401.005 -14476 -15.26
1483000 401.827 -14445.6 -13.0578
1484000 397.952 -14497.9 15.3168
1485000 399.599 -14517.9 0.328438
1486000 398.133 -14571.9 -12.9067
1487000 401.022 -14505.5 9.21119
1488000 400.385 -14493.1 6.56254
1489000 401.309 -14500.2 2.17164
1490000 398.332 -14557 9.92372
1491000 399.625 -14507 -3.02249
1492000 402.607 -14510.4 2.30975
1493000 399.764 -14517.1 18.3273
1494000 398.205 -14544.9 5.80373
1495000 400.043 -14513.6 8.93421
1496000 400.706 -14474.1 -9.54136
1497000 400.768 -14519.2 -6.34871
1498000 400.624 -14497.2 18.9847
1499000 400.89 -14523.7 -2.28256
1500000 399.978 -14524.8 3.14806
1501000 401.758 -14503.6 6.36477
1502000 400.743 -14495.2 10.271
1503000 399.137 -14541.2 14.8535
1504000 400.068 -14504.8 -0.899879
1505000 400.504 -14488.8 7.10507
1506000 401.188 -14552.7 0.224632
1507000 401.163 -14550.4 -7.99799
1508000 401.02 -14562.1 5.0705
1509000 398.754 -14531.8 -1.63679
1510000 399.681 -14471.3 12.6152
1511000 398.776 -14509.9 10.2926
1512000 401.436 -14505.9 -11.0828
1513000 402.739 -14497.4 -2.33883
1514000 398.293 -14639 -0.98432
1515000 397.399 -14526.9 -0.158564
1516000 401.858 -14565.6 6.12141
1517000 399.365 -14472.2 18.1167
1518000 399.297 -14493.5 -13.8379
1519000 399.67 -14523.1 14.4379
1520000 397.279 -14622.8 -7.28449
1521000 401.306 -14489.2 -6.33326
1522000 401.487 -14510 6.22083
1523000 401.596 -14526.9 0.599182
1524000 397.984 -14557.5 -2.39074
1525000 400.675 -14516.1 7.26378
1526000 400.098 -14466.6 9.95002
1527000 399.507 -14551.2 -20.4336
1528000 399.463 -14574 0.329559
1529000 400.96 -14480.3 2.73127
1530000 399.448 -14521.8 -1.20876
1531000 398.777 -14575 -14.5995
1532000 401.583 -14460.2 4.69855
1533000 400.77 -14507.5 4.30654
1534000 400.086 -14494 0.230764
1535000 399.532 -14481.3 -14.3966
1536000 397.289 -14573.5 11.65
1537000 400.858 -14508.7 7.23508
1538000 396.432 -14526.7 -1.48508
1539000 399.554 -14504.5 15.4208
1540000 400.924 -14486 -5.01259
1541000 401.187 -14534.6 0.286311
1542000 402.533 -14470.5 -19.6969
1543000 400.474 -14465.5 -7.36611
1544000 400.113 -14583.8 7.92526
1545000 400.425 -14457.7 -1.48009
1546000 399.5 -14491.9 -1.79901
1547000 400.909 -14504.9 -4.31117
1548000 400.174 -14510.8 8.74704
1549000 399.686 -14511.8 2.14267
1550000 401.671 -14435.8 -6.38323
1551000 400.755 -14427.6 12.75
1552000 400.925 -14494.6 -2.0981
1553000 401.491 -14539.8 15.81
1554000 399.186 -14569.8 1.99079
1555000 402.898 -14457.4 -1.57894
1556000 399.867 -14592.9 1.27562
1557000 400.071 -14564.7 -15.7543
1558000 399.466 -14436.9 -1.6542
1559000 401.405 -14499.8 16.7428
1560000 399.376 -14557.8 13.1569
1561000 400.481 -14497.1 -2.27841
1562000 401.326 -14405.9 6.21766
1563000 400.767 -14523.6 9.2069
1564000 399.625 -14506.1 -10.492
1565000 397.051 -14550.2 -0.6365
1566000 400.539 -14565.3 16.1855
1567000 399.942 -14523.3 1.70085
1568000 401.808 -14470.6 -8.60927
1569000 398.952 -14533.8 9.38282
1570000 399.262 -14494.2 2.57295
1571000 399.534 -14503 5.51395
1572000 400.194 -14525.9 -1.76815
1573000 401.438 -14508.5 -2.99682
1574000 400.951 -14576.9 2.11513
1575000 401.349 -14508.4 0.721575
1576000 401.202 -14460.8 -13.8654
1577000 398.108 -14553 5.11871
1578000 399.158 -14521.8 -5.29934
1579000 400.342 -14468.3 0.87778
1580000 401.159 -14505.7 6.19441
1581000 398.649 -14565.5 22.3138
1582000 400.057 -14535 -2.63731
1583000 399.939 -14560.6 4.93554
1584000 401.175 -14496 -8.99307
1585000 399.755 -14545.4 0.326421
1586000 399.473 -14534.6 -1.47881
1587000 401.101 -14526.5 0.291538
1588000 398.725 -14531.3 -1.21107
1589000 399.41 -14522.8 -3.86272
1590000 399.643 -14539.7 11.2966
1591000 402.104 -14427.1 0.957952
1592000 402.064 -14409.1 -0.767875
1593000 402.052 -14544.6 -13.3424
1594000 398.801 -14603.7 1.33152
1595000 400.257 -14518.4 6.51766
1596000 399.001 -14523 3.1448
1597000 400.476 -14417.8 -1.5977
1598000 399.293 -14539.6 -3.86429
1599000 399.777 -14494.6 2.60246
1600000 401.146 -14468.2 -6.81533
1601000 398.434 -14498.1 -8.33096
1602000 399.605 -14477.6 14.2514
1603000 397.841 -14541.1 -2.12744
1604000 401.721 -14492 -6.8685
1605000 399.618 -14491.1 4.34849
1606000 398.388 -14532 -4.7588
1607000 400.33 -14494.8 -1.04365
1608000 398.063 -14563.1 10.6123
1609000 399.913 -14465.4 0.155344
1610000 398.551 -14544.9 4.07952
1611000 400.164 -14481.3 -0.572372
1612000 397.594 -14541.6 6.13513
1613000 399.343 -14537.4 -10.0743
1614000 402.823 -14505.9 8.81853
1615000 401.864 -14409.8 -5.07825
1616000 398.514 -14558.6 18.0998
1617000 401.718 -14510 -15.8046
1618000 400.431 -14482.1 8.03564
1619000 400.144 -14523.9 1.12052
1620000 397.819 -14616.8 8.20724
1621000 401.207 -14480.9 -7.07691
1622000 399.283 -14487.6 3.30978
1623000 400.939 -14563.4 3.12707
1624000 399.898 -14511.3 1.83873
1625000 400.588 -14485.6 6.58044
1626000 397.65 -14542.7 -1.75956
1627000 399.725 -14536.8 1.90305
1628000 400.22 -14519.9 6.84597
1629000 400.883 -14588.3 7.85584
1630000 398.904 -14582.4 10.0249
1631000 400.344 -14554.2 -21.8114
1632000 400.251 -14535.4 -4.61181
1633000 402.577 -14474.7 4.21102
1634000 400.685 -14488.3 -0.766178
1635000 398.277 -14552 9.71384
1636000 397.76 -14606.1 10.8579
1637000 398.603 -14502 -7.11871
1638000 400.224 -14494.9 0.368346
1639000 399.455 -14487 -10.0605
1640000 402.351 -14491.7 -0.316901
1641000 401.173 -14542.6 -2.23376
1642000 397.582 -14606.5 -0.43348
1643000 399.751 -14559 -5.85168
1644000 401.212 -14505.8 17.1063
1645000 400.262 -14505.6 -2.66723
1646000 398.436 -14488.8 1.68889
1647000 400.678 -14576.9 6.73269
1648000 399.404 -14579.3 0.625776
1649000 401.485 -14462.9 0.510872
1650000 397.069 -14561.8 0.351611
1651000 399.376 -14526.3 -10.3035
1652000 401.918 -14479.9 7.34066
1653000 400.324 -14470.4 15.5868
1654000 399.276 -14451.3 3.24957
1655000 398.862 -14557.6 15.5342
1656000 401.468 -14480.8 4.01712
1657000 401.733 -14510.4 -14.9468
1658000 400.349 -14535.4 -11.8904
1659000 400.554 -14517.9 -2.11647
1660000 400.959 -14550.7 -17.0228
1661000 401.791 -14468 11.4587
1662000 401.281 -14530 1.52346
1663000 400.565 -14604.6 5.08627
1664000 400.655 -14549.5 7.53377
1665000 399.573 -14504.1 8.08847
1666000 401.01 -14509.7 9.2582
1667000 399.723 -14521.6 6.28308
1668000 400.153 -14505.7 -8.79753
1669000 402.1 -14526.9 -7.32845
1670000 399.315 -14509.2 15.1669
1671000 398.819 -14559.8 -15.3218
1672000 397.342 -14544.3 0.434405
1673000 397.287 -14608.5 9.73317
1674000 399.869 -14581 5.37173
1675000 401.126 -14579.9 -19.6833
1676000 400.045 -14552.2 -2.5862
1677000 397.713 -14616.3 11.78
1678000 398.363 -14540.2 -11.8212
1679000 400.848 -14521.9 9.32892
1680000 399.267 -14540.2 -7.37694
1681000 401.585 -14441.3 -8.96902
1682000 402.125 -14443.1 -3.09796
1683000 398.084 -14536.4 1.83589
1684000 400.189 -14436.7 -3.00464
1685000 399.07 -14510.4 -4.87401
1686000 402.168 -14480 -5.35646
1687000 402.942 -14464.8 0.631437
1688000 399.534 -14510.9 0.425187
1689000 398.454 -14584.4 -2.91989
1690000 399.507 -14486.1 14.2603
1691000 400.775 -14421.6 -5.07351
1692000 402.418 -14491.3 12.194
1693000 399.772 -14512.1 1.19594
1694000 398.05 -14519 0.689817
1695000 400.434 -14488.9 8.52197
1696000 401.769 -14470.8 -4.43061
1697000 400.902 -14446.4 0.490429
1698000 400.084 -14496.1 10.3851
1699000 398.292 -14574.7 -8.22673
1700000 398.917 -14563.3 4.60513
1701000 400.289 -14513.2 0.0760317
1702000 400.378 -14506.5 14.3209
1703000 401.961 -14440 -10.2874
1704000 402.24 -14465.9 -13.2814
1705000 403.166 -14383.1 -17.0953
1706000 400.189 -14551.5 11.0069
1707000 399.835 -14532.5 -13.8343
1708000 398.672 -14499.4 17.3754
1709000 399.742 -14513.3 -18.4517
1710000 398.052 -14561.3 13.7247
1711000 400.616 -14524.7 -15.4143
1712000 400.738 -14501.6 14.7891
1713000 400.399 -14475.6 0.66991
1714000 398.903 -14497.2 21.5604
1715000 401.523 -14511.5 -2.2005
1716000 400.414 -14523.6 -5.31102
1717000 399.499 -14587.5 9.66374
1718000 399.544 -14579.5 -7.94219
1719000 400.03 -14519.7 14.4938
1720000 401.971 -14489.7 -6.89067
1721000 399.135 -14506.3 29.2045
1722000 399.029 -14463.9 7.65864
1723000 400.963 -14465.2 -6.19986
1724000 399.815 -14494.6 -12.3631
1725000 399.454 -14501.4 0.418364
1726000 402.256 -14432.7 0.771233
1727000 399.086 -14600.8 1.40698
1728000 399.611 -14507.7 -13.2977
1729000 401.747 -14483.6 7.99868
1730000 398.626 -14524.8 3.11828
1731000 399.704 -14563.9 9.72532
1732000 401.213 -14491.6 2.02342
1733000 399.422 -14581.9 2.00612
1734000 397.606 -14537.8 23.9606
1735000 399.442 -14553.5 5.67657
1736000 397.465 -14582.6 2.82327
1737000 398.326 -14540.5 5.25523
1738000 398.368 -14538.2 -4.72245
1739000 402.32 -14406.1 13.6498
1740000 400.517 -14446 -3.33502
1741000 399.693 -14534.6 -6.10098
1742000 401.787 -14491.3 6.93992
1743000 401.403 -14424.8 5.78908
1744000 401.028 -14463.7 4.46287
1745000 400.606 -14473.7 -0.291377
1746000 401.181 -14513.6 0.559324
1747000 402.477 -14503.2 -4.62217
1748000 400.866 -14534.2 9.225
1749000 400.322 -14467.3 -5.94271
1750000 401.9 -14459.7 -1.84107
1751000 400.205 -14552 17.7866
1752000 398.811 -14482.7 -3.15935
1753000 400.965 -14444.4 16.0071
1754000 399.77 -14515.4 -12.0752
1755000 399.475 -14550.5 -10.4406
1756000 400.951 -14472.3 -6.59525
1757000 397.892 -14527.1 14.043
1758000 400.204 -14517.8 -17.7559
1759000 400.778 -14552.7 4.55976
1760000 399.759 -14561 3.57479
1761000 399.624 -14526.2 -8.21667
1762000 402.108 -14458.8 18.0308
1763000 398.943 -14563.9 1.86959
1764000 400.029 -14501.2 2.60782
1765000 400.851 -14519.4 -6.78804
1766000 401.921 -14470.4 -6.04835
1767000 397.219 -14556.2 4.43038
1768000 399.54 -14574.4 14.5634
1769000 400.348 -14580.6 -12.7163
1770000 398.138 -14615 -1.695
1771000 400.498 -14511.6 9.76533
1772000 402.291 -14506.8 -2.0479
1773000 399.116 -14485.7 6.34777
1774000 399.839 -14491.2 -0.727714
1775000 397.708 -14483.9 -2.59924
1776000 397.527 -14519 8.94676
1777000 399.926 -14522.4 -8.03922
1778000 402.324 -14506.4 0.959143
1779000 399.339 -14502.6 -1.85432
1780000 401.119 -14543.2 -1.84043
1781000 399.57 -14498.1 7.28871
1782000 398.28 -14502.7 11.2372
1783000 399.116 -14575.4 9.17451
1784000 399.945 -14437.3 -2.35688
1785000 400.543 -14501.4 -19.2013
1786000 399.311 -14513.1 6.48385
1787000 399.517 -14531.1 4.75213
1788000 400.225 -14554.4 -11.3448
1789000 399.274 -14574.1 18.5786
1790000 398.206 -14567.8 1.25357
1791000 399.807 -14497.5 8.24291
1792000 399.881 -14529.3 -1.54949
1793000 399.499 -14468.8 16.5642
1794000 400.53 -14508.1 4.16279
1795000 399.194 -14520.8 3.10108
1796000 400.878 -14556.3 -4.69813
1797000 399.668 -14613.2 9.93716
1798000 397.819 -14636.2 7.08937
1799000 402.306 -14442.3 -12.3435
1800000 397.987 -14562 15.327
1801000 400.833 -14534.8 -3.77795
1802000 400.698 -14495 -5.01025
1803000 400.688 -14483.9 3.97998
1804000 399.617 -14518.5 -12.0028
1805000 396.954 -14511.1 17.4093
1806000 400.627 -14536.5 -1.79832
1807000 399.025 -14570.2 -1.3023
1808000 396.75 -14614.7 -3.20032
1809000 401.834 -14473.6 4.66613
1810000 399.5 -14502.2 -5.67556
1811000 399.937 -14555.6 2.5558
1812000 399.545 -14533.7 -0.899471
1813000 403.162 -14486.8 -1.29855
1814000 401.284 -14528.5 -3.31229
1815000 402.775 -14481.5 10.2554
1816000 400.311 -14506.7 -4.08598
1817000 401.152 -14479.8 13.9227
1818000 400.561 -14479.8 4.04885
1819000 399.112 -14561.5 3.87744
1820000 402.127 -14497.7 0.274156
1821000 397.826 -14609.5 -12.0404
1822000 402.689 -14442.4 -1.73383
1823000 399.211 -14499.6 8.93691
1824000 401.188 -14488.8 -6.60686
1825000 398.365 -14571.7 8.25544
1826000 399.75 -14567.7 -0.745894
1827000 401.038 -14509 -4.96487
1828000 402.575 -14493.4 9.82161
1829000 400.06 -14517.8 3.8636
1830000 398.843 -14563 -0.114792
1831000 397.527 -14529.5 -13.7713
1832000 399.407 -14547.6 3.68151
1833000 402.335 -14415.3 -0.999902
1834000 401.513 -14513.4 -1.19794
1835000 399.535 -14491.1 -0.115017
1836000 400.127 -14490.8 1.27832
1837000 401.241 -14484.8 12.3591
1838000 400.872 -14545.8 1.44343
1839000 400.874 -14507.4 -0.256819
1840000 398.855 -14622.4 -8.54041
1841000 398.033 -14578.1 16.2584
1842000 401.652 -14498.7 -2.86615
1843000 401.119 -14441.3 -3.99893
1844000 398.733 -14551.6 10.419
1845000 401.257 -14474 7.4726
1846000 402.085 -14468.6 -23.3794
1847000 399.45 -14550.7 7.33852
1848000 400.599 -14518 -7.93116
1849000 399.151 -14543.1 13.5198
1850000 401.97 -14395.7 13.1341
1851000 400.514 -14537.5 -8.19705
1852000 397.183 -14552.5 0.0524645
1853000 400.231 -14469.1 2.73299
1854000 400.564 -14495.6 2.27604
1855000 399.32 -14607.5 16.1273
1856000 400.417 -14576 -0.181895
1857000 399.871 -14645.2 -13.6368
1858000 399.091 -14609.4 -10.0164
1859000 401.653 -14510.6 18.8585
1860000 398.787 -14549.3 15.2988
1861000 401.258 -14502.2 4.20979
1862000 401.809 -14502.7 6.63918
1863000 401.449 -14525.7 -20.716
1864000 399.405 -14521.5 23.3539
1865000 399.121 -14508.2 -10.2635
1866000 399.716 -14495.1 6.68425
1867000 401.386 -14478.1 6.4539
1868000 399.412 -14537 -4.6816
1869000 399.796 -14496.9 7.40009
1870000 397.005 -14556.9 3.21541
1871000 399.278 -14553.7 0.248058
1872000 401.416 -14464.5 -13.2881
1873000 401.355 -14448.8 9.03928
1874000 400.56 -14429.8 -0.683887
1875000 401.66 -14469.9 9.13463
1876000 400.331 -14515.4 7.80437
1877000 398.688 -14530.8 2.11245
1878000 400.449 -14584.2 -11.4296
1879000 399.469 -14504.8 10.5567
1880000 400.061 -14489 -12.0844
1881000 399.087 -14514.6 4.13595
1882000 398.532 -14549.8 1.58102
1883000 398.319 -14529.1 -7.0631
1884000 401.021 -14401.1 15.7536
1885000 399.47 -14554.6 13.1988
1886000 400.203 -14585.5 10.8078
1887000 400.928 -14501.7 -0.44533
1888000 401.613 -14485.6 -3.53457
1889000 400.319 -14471.9 10.9825
1890000 398.667 -14576.4 17.5401
1891000 397.199 -14542.7 -15.2778
1892000 398.479 -14496.2 3.96739
1893000 400.296 -14522.2 6.58418
1894000 400.549 -14569.6 -6.11351
1895000 402.493 -14504.9 6.43151
1896000 400.376 -14513.7 -1.54888
1897000 399.88 -14505.1 -1.14136
1898000 403.193 -14407 -16.1371
1899000 400.431 -14468.5 0.501555
1900000 401.839 -14473.2 3.51312
1901000 400.528 -14511.4 -5.64147
1902000 400.747 -14481.2 -0.887055
1903000 400.905 -14488.5 7.92101
1904000 396.477 -14578.1 8.5828
1905000 400.874 -14594.3 4.30115
1906000 401.456 -14522.6 -17.0365
1907000 400.338 -14526.6 -11.2272
1908000 397.182 -14525.9 3.62866
1909000 400.142 -14557 5.27628
1910000 398.136 -14612.7 3.28955
1911000 399.696 -14525.9 2.90583
1912000 399.558 -14500.8 13.4982
1913000 401.286 -14459.4 -9.57641
1914000 400.066 -14473 -1.6488
1915000 401.159 -14464.3 4.01023
1916000 401.866 -14563.7 -2.81882
1917000 400.232 -14566 1.26415
1918000 399.041 -14543.3 7.87667
1919000 401.019 -14500.6 5.7576
1920000 398.899 -14550.7 -3.44313
1921000 400.522 -14536.4 -4.115
1922000 399.77 -14521.5 9.44737
1923000 400.602 -14525.7 -8.82347
1924000 399.507 -14539.3 -15.5502
1925000 402.053 -14525.8 6.26641
1926000 400.162 -14489.5 -10.8074
1927000 400.021 -14492.8 6.28513
1928000 401.671 -14508.3 4.72122
1929000 401.508 -14412.8 0.126743
1930000 401.942 -14494.2 -4.08913
1931000 401.297 -14476.5 -5.5815
1932000 400.248 -14508.1 -4.62659
1933000 399.929 -14554.5 7.18367
1934000 400.238 -14588.7 1.18472
1935000 400.662 -14500.2 0.175195
1936000 400.411 -14553.2 -10.2233
1937000 400.789 -14483.2 4.13494
1938000 399.819 -14554 -1.15439
1939000 403.137 -14383.5 1.80423
1940000 399.964 -14525.9 -7.119
1941000 398.924 -14532.1 4.68931
1942000 400.452 -14481.7 6.33658
1943000 401.193 -14481.2 13.4734
1944000 399.526 -14492.5 2.23838
1945000 399.744 -14531.4 11.0666
1946000 401.619 -14450.5 -10.253
1947000 398.754 -14496.8 0.818148
1948000 399.053 -14501.6 0.871965
1949000 399.16 -14540.4 8.20975
1950000 402.581 -14458.5 -3.45983
1951000 399.909 -14508.4 4.64227
1952000 401.563 -14460 -1.33812
1953000 399.244 -14513.9 -0.206494
1954000 401.037 -14525 2.86966
1955000 401.652 -14471.9 -1.80496
1956000 402.042 -14467.7 9.02295
1957000 401.474 -14484.9 9.90421
1958000 400.805 -14523.2 13.1933
1959000 398.417 -14578.7 -8.99377
1960000 402.127 -14446.4 7.9421
1961000 399.939 -14491.1 -4.5691
1962000 398.485 -14509.4 13.1172
1963000 400.218 -14524.5 4.7237
1964000 399.625 -14551 -6.87098
1965000 400.249 -14513.8 10.0819
1966000 400.48 -14558.6 -8.80386
1967000 398.744 -14579.6 -9.18226
1968000 401.25 -14503 -8.91941
1969000 400.065 -14509.2 -4.52918
1970000 398.853 -14477.9 4.39537
1971000 399.489 -14561.4 0.247674
1972000 400.329 -14550.5 11.4824
1973000 399.676 -14530.4 0.662227
1974000 400.291 -14523.1 -2.76707
1975000 400.278 -14520 6.85758
1976000 401.675 -14469.7 0.204375
1977000 400.726 -14532.4 -12.9543
1978000 399.801 -14535.9 -5.05481
1979000 400.334 -14523.8 11.4488
1980000 399.617 -14437.8 -2.66369
1981000 400.513 -14496.3 0.594315
1982000 397.729 -14582.9 8.64341
1983000 398.526 -14559 -9.19032
1984000 399.894 -14533.1 -6.53767
1985000 400.716 -14477.2 -10.9913
1986000 398.677 -14491.2 8.66695
1987000 401.49 -14551.5 -12.675
1988000 400.018 -14443.6 13.771
1989000 398.909 -14486.5 10.9919
1990000 399.65 -14540.8 3.8395
1991000 401.94 -14476.7 -17.8457
1992000 401.306 -14474.5 3.37751
1993000 397.381 -14475.1 0.393314
1994000 400.599 -14496.5 9.79611
1995000 399.048 -14537.1 2.09735
1996000 400.421 -14495.3 1.3507
1997000 398.298 -14596.6 -4.48991
1998000 399.334 -14596.7 20.8595
1999000 400.501 -14515.3 -3.78781
2000000 401.429 -14572.2 -6.98565
