# Time-averaged data for fix 3
# TimeStep v_Temperature v_PotentialEnergy v_Pressure
2000 501.233 -12474.9 6.72235
3000 500.323 -12291.8 14.5651
4000 499.306 -12234.6 2.5149
5000 501.356 -12297.2 -1.55085
6000 502.304 -12281.8 9.22546
7000 501.296 -12305.1 -8.64029
8000 500.159 -12383.2 14.0328
9000 502.241 -12303.7 -11.0945
10000 504.084 -12261.8 -4.13949
11000 498.344 -12423.5 6.1775
12000 499.05 -12321.3 6.93602
13000 497.489 -12383.2 7.54626
14000 496.335 -12404.4 14.5647
15000 499.351 -12312.1 9.39376
16000 502.406 -12232.5 -7.52993
17000 499.066 -12358.9 1.79172
18000 500.336 -12334.3 -5.80478
19000 499.755 -12310 11.6715
20000 498.863 -12422.2 0.371139
21000 501.673 -12423.1 -0.616125
22000 498.022 -12356.4 7.87103
23000 500.832 -12252.5 -3.06538
24000 500.251 -12240.1 -5.11084
25000 500.911 -12214.3 -7.20506
26000 504.075 -12178.3 5.27074
27000 499.724 -12430.6 14.1709
28000 499.425 -12381.8 -10.2609
29000 500.46 -12244.2 -17.7398
30000 502.009 -12422.8 6.27285
31000 498.944 -12390.1 -3.90916
32000 497.08 -12446.8 9.22563
33000 497.555 -12326.5 -2.92
34000 503.3 -12327 -0.396725
35000 496.814 -12371.8 -6.71351
36000 501.267 -12258.6 -1.08037
37000 502.392 -12230.8 6.37604
38000 500.551 -12345.2 -0.333833
39000 499.206 -12332.5 -10.006
40000 501.113 -12335.1 -5.98293
41000 498.747 -12283.7 8.48929
42000 498.424 -12500 -0.0807242
43000 503.768 -12315.8 5.35364
44000 498.651 -12260 -10.9397
45000 501.298 -12310.3 4.41397
46000 501.873 -12237 -4.69261
47000 503.96 -12229.5 -2.43218
48000 502.362 -12225.2 -11.9209
49000 501.382 -12367.2 -13.4762
50000 498.991 -12448.2 -0.0473838
51000 498.14 -12366.7 8.14012
52000 498.58 -12275.1 1.84255
53000 498.374 -12229.1 -8.50976
54000 500.625 -12247.2 3.00933
55000 501.74 -12235.9 9.7559
56000 501.125 -12262.8 6.90532
57000 500.883 -12315.1 0.888963
58000 501.291 -12196.4 12.8482
59000 500.839 -12292.7 -3.42084
60000 497.816 -12448.8 8.35037
61000 499.673 -12474.7 -11.0007
62000 499.122 -12279.7 14.0344
63000 501.458 -12344.8 1.42023
64000 498.945 -12422.5 4.02604
65000 499.156 -12375.2 8.04898
66000 498.948 -12362 -11.7056
67000 502.779 -12337.8 -7.20392
68000 498.947 -12312.8 16.3022
69000 498.403 -12377.6 18.2936
70000 501.159 -12302.3 -7.40255
71000 499.022 -12554 8.49947
72000 497.522 -12479.8 -6.9782
73000 502.597 -12288.3 -2.00074
74000 499.045 -12386.7 6.78021
75000 501.788 -12403 3.68523
76000 503.02 -12294.6 -3.13268
77000 500.673 -12271.7 6.69282
78000 501.853 -12382.3 7.7349
79000 501.372 -12334.9 13.3615
80000 501.023 -12284.8 17.5665
81000 500.841 -12335.8 -10.0167
82000 497.583 -12388.6 8.20892
83000 500.599 -12360.4 -3.27348
84000 497.283 -12398.8 13.3567
85000 500.778 -12307.8 -3.77206
86000 498.452 -12318 -8.42175
87000 498.269 -12365.2 7.28418
88000 501.488 -12293 -6.00527
89000 501.168 -12304.9 18.5119
90000 502.422 -12326.5 -8.24647
91000 500.999 -12343.8 -13.1923
92000 503.152 -12342.9 -9.03029
93000 501.812 -12378.4 15.0428
94000 497.675 -12468.3 4.2907
95000 499.79 -12294 6.18912
96000 499.758 -12304.2 8.26161
97000 500.145 -12421.7 -1.85077
98000 496.005 -12517.1 -3.2888
99000 499.808 -12218.8 11.7194
100000 500.616 -12192.5 5.51886
101000 499.582 -12346 1.48993
102000 501.383 -12396.9 8.3179
103000 498.115 -12448.3 -6.89245
104000 501.025 -12301.1 6.08953
105000 501.648 -12277.5 13.61
106000 501.669 -12348.4 2.71275
107000 497.72 -12297.2 8.60043
108000 499.626 -12369 7.47714
109000 501.035 -12421.6 9.18208
110000 499.878 -12285.9 7.65044
111000 498.022 -12440.9 14.0889
112000 500.851 -12349.3 -1.78804
113000 499.38 -12397.4 2.65153
114000 500.186 -12349.2 8.82054
115000 498.809 -12303.1 18.1733
116000 498.783 -12326.9 1.24725
117000 496.808 -12428.6 10.5488
118000 500.061 -12422.8 -9.41009
119000 499.294 -12338.6 -7.22574
120000 502.835 -12286.6 -9.79216
121000 498.783 -12361.8 10.6105
122000 500.662 -12184.2 -13.4734
123000 498.979 -12292.7 5.06737
124000 497.674 -12337.6 11.9713
125000 499.56 -12286.4 -12.1326
126000 498.857 -12388 3.40016
127000 500.855 -12348.2 19.1016
128000 499.744 -12360.5 -6.43757
129000 497.307 -12353 8.36843
130000 499.69 -12362.6 -0.576224
131000 500.738 -12274.7 6.08698
132000 497.124 -12370.6 4.38936
133000 499.88 -12322.6 3.62672
134000 500.6 -12281.4 -8.83037
135000 498.475 -12394.4 0.82499
136000 502.373 -12334 2.13192
137000 499.493 -12329.3 -0.0321344
138000 500.152 -12381.3 10.9842
139000 499.829 -12423.1 4.57818
140000 501.413 -12265.5 -4.59023
141000 500.132 -12301.3 -4.99669
142000 497.977 -12423.8 -1.17497
143000 499.159 -12311.9 7.12304
144000 499.419 -12299.1 0.838712
145000 499.229 -12326 5.67481
146000 501.477 -12276.2 -14.5554
147000 497.983 -12362.6 22.0045
148000 501.285 -12370.8 -3.42517
149000 501.342 -12248.2 0.0243078
150000 500.705 -12198.4 4.97937
151000 499.877 -12289.4 -15.2038
152000 501.381 -12209.7 -3.93862
153000 499.899 -12294.2 3.74728
154000 500.514 -12289.3 -6.35741
155000 503.076 -12297.4 -9.48714
156000 499.318 -12303.7 12.3423
157000 499.087 -12387.5 -9.06612
158000 499.853 -12366 4.29744
159000 499.699 -12439.6 2.07833
160000 502.513 -12344 -15.4058
161000 501.742 -12332.5 4.01227
162000 499.28 -12373.6 24.8969
163000 499.532 -12330.6 6.43906
164000 497.44 -12396.7 7.40823
165000 496.872 -12391.2 5.30997
166000 501.642 -12220.5 1.4416
167000 498.482 -12344.7 -5.12924
168000 500.189 -12281.5 -10.3183
169000 501.313 -12249.8 -7.0185
170000 498.75 -12254.6 -3.78313
171000 500.425 -12302 -3.01473
172000 496.611 -12370.9 15.3569
173000 502.957 -12240.7 -2.5253
174000 501.106 -12256.2 19.569
175000 499.572 -12210.5 -7.35896
176000 500.769 -12367.9 22.4848
177000 497.737 -12380.8 -10.9007
178000 497.499 -12404.3 0.805694
179000 500.067 -12298.2 9.49106
180000 500.152 -12205.1 2.59515
181000 496.854 -12379 -13.1906
182000 501.47 -12325.8 -5.41711
183000 500.269 -12303.3 15.8593
184000 501.138 -12220.2 -9.32406
185000 499.61 -12285.9 -0.67351
186000 499.436 -12203.5 18.5887
187000 500.548 -12306.3 -2.1488
188000 499.755 -12275.3 9.13391
189000 501.234 -12344.9 3.59793
190000 500.588 -12269.8 1.07238
191000 501.063 -12259.6 19.2289
192000 499.284 -12286.3 -17.0434
193000 501.257 -12324.5 26.6441
194000 501.762 -12235.4 -9.02733
195000 499.547 -12223.7 3.73807
196000 500.471 -12264.3 1.04569
197000 501.746 -12389.7 -5.38022
198000 502.896 -12311.2 1.80753
199000 498.354 -12452.9 2.13882
200000 502.855 -12183.4 -1.5375
201000 499.58 -12266.2 -7.36733
202000 499.67 -12394.8 5.52713
203000 499.097 -12431.4 2.06534
204000 498.543 -12420 -11.1033
205000 498.943 -12388.4 6.17953
206000 497.803 -12414.9 -10.1359
207000 502.973 -12262.8 8.96339
208000 502.7 -12287.1 -0.843246
209000 498.847 -12408.5 -0.372539
210000 497.868 -12394.5 -12.3168
211000 501.368 -12330.5 -1.19049
212000 501.807 -12282.1 -4.04586
213000 498.139 -12378.9 -1.98655
214000 503.964 -12281.8 13.8597
215000 498.75 -12391.2 0.151936
216000 502.247 -12198.2 1.52168
217000 498.671 -12392.2 6.64375
218000 497.438 -12416.2 6.40235
219000 500.089 -12307.5 8.73107
220000 496.063 -12515.2 11.7173
221000 500.473 -12292.8 -13.2324
222000 497.839 -12322.8 4.80117
223000 499.713 -12332.6 1.00521
224000 498.14 -12385.1 -7.17037
225000 498.943 -12344.8 6.0842
226000 499.423 -12340.9 -4.03096
227000 495.581 -12387.2 -2.15489
228000 498.518 -12335.3 -0.805813
229000 500.919 -12256.2 1.13605
230000 497.886 -12341.1 -6.41933
231000 503.047 -12253.9 -3.05216
232000 501.573 -12323.3 7.10384
233000 498.003 -12382.1 -11.9991
234000 498.924 -12393.8 0.989376
235000 498.313 -12364.1 -6.77451
236000 500.703 -12372.9 10.4726
237000 503.53 -12279.4 3.59597
238000 501.564 -12424.1 -4.55239
239000 501.486 -12261.5 -2.20967
240000 503.572 -12210 -12.5081
241000 499.711 -12295.1 11.2341
242000 499.039 -12271.7 0.377572
243000 501.378 -12270.5 -11.8006
244000 502.038 -12305.5 9.34094
245000 500.379 -12286.8 -4.26224
246000 500.86 -12257.2 -10.2058
247000 500.147 -12235.2 9.73499
248000 502.017 -12325.1 -14.1813
249000 497.707 -12396.6 -2.78872
250000 500.463 -12283.2 -14.1984
251000 499.36 -12470.8 13.1451
252000 498.981 -12410.6 7.80945
253000 498.984 -12395.5 -7.48485
254000 501.276 -12374.2 -9.71223
255000 500.638 -12283.2 -3.50241
256000 498.408 -12228.5 7.76221
257000 501.289 -12298.6 3.55173
258000 503.819 -12235.9 -20.1618
259000 499.491 -12246.3 5.51604
260000 500.873 -12157.4 14.3095
261000 499.387 -12277.6 7.93422
262000 500.934 -12284.6 4.52749
263000 501.66 -12294.8 3.38099
264000 501.171 -12244 9.54788
265000 498.258 -12345.2 -13.8615
266000 497.892 -12346.9 16.7085
267000 499.259 -12301.7 8.7234
268000 503.305 -12258.5 -8.52767
269000 501.262 -12291.1 -5.31119
270000 500.368 -12262.3 6.11821
271000 498.175 -12383.1 -7.40603
272000 500.466 -12277.9 -4.55505
273000 500.94 -12348.1 2.25273
274000 500.129 -12357.2 -4.22105
275000 499.696 -12363.1 -9.5275
276000 498.543 -12378.5 -2.40761
277000 501.027 -12305.6 -11.4192
278000 500.675 -12386.1 3.04486
279000 502.865 -12237 -0.572969
280000 498.695 -12348.8 4.83509
281000 500.412 -12367.2 7.87246
282000 500.525 -12263.7 -6.65994
283000 498.623 -12294.4 9.43081
284000 499.831 -12358.3 -20.5698
285000 500.575 -12386.7 8.90809
286000 500.696 -12481.9 8.48125
287000 499.781 -12543.6 5.38986
288000 498.319 -12418.9 7.70361
289000 498.187 -12401.9 -0.0341979
290000 497.648 -12393.3 4.086
291000 503.17 -12291.9 -7.62955
292000 498.552 -12309 3.90873
293000 497.708 -12275.6 5.82468
294000 500.56 -12202.9 13.4826
295000 500.699 -12285.1 1.00265
296000 501.268 -12364.4 4.09049
297000 499.062 -12302 -5.71795
298000 500.178 -12343.1 7.96842
299000 497.615 -12370.9 6.66679
300000 499.864 -12374.4 -0.0618581
301000 501.124 -12337 -27.6884
302000 498.782 -12337.8 17.7296
303000 499.262 -12333.3 -10.3755
304000 503.176 -12191 2.71774
305000 500.769 -12246.9 2.93436
306000 499.86 -12320.8 9.50866
307000 497.92 -12172.5 -3.53994
308000 502.267 -12249.8 3.5219
309000 500.275 -12371.7 22.0173
310000 500.204 -12241.8 -10.188
311000 498.869 -12327.2 -3.24827
312000 500.023 -12429.3 22.9726
313000 500.71 -12353 4.48702
314000 499.459 -12429.4 2.47032
315000 500.706 -12314.2 -1.36146
316000 499.815 -12271.3 2.99052
317000 500.822 -12345.9 -6.10428
318000 498.599 -12386.1 10.938
319000 498.551 -12424.2 13.507
320000 499.462 -12407 -1.57849
321000 500.042 -12350.7 4.83217
322000 500.984 -12376.8 -3.42616
323000 500.292 -12299.5 -3.44278
324000 498.271 -12396.9 2.42848
325000 498.475 -12293.7 -2.01184
326000 501.124 -12321.3 2.14895
327000 499.424 -12464.4 1.18115
328000 500.749 -12360.4 17.6779
329000 499.775 -12399.8 -9.01027
330000 501.728 -12283.9 -1.46519
331000 497.22 -12318 6.46389
332000 499.981 -12384.1 1.32188
333000 502.997 -12399.5 2.76426
334000 498.485 -12393.3 6.48197
335000 501.548 -12267 7.68054
336000 501.052 -12319.7 -7.56874
337000 501.098 -12448.6 -2.81784
338000 498.756 -12397.2 0.987574
339000 501.054 -12238.2 -7.29199
340000 498.12 -12303.1 6.00953
341000 498.185 -12405.6 1.92435
342000 499.4 -12392.4 -12.8566
343000 501.853 -12223.5 10.9551
344000 500.838 -12304.8 -6.8436
345000 502.637 -12268.9 4.75545
346000 502.41 -12282.5 3.22022
347000 500.263 -12378.8 -3.65254
348000 504.595 -12195.6 -2.65435
349000 501.209 -12403.7 -0.772343
350000 498.865 -12279.8 -1.91913
351000 499.131 -12315.5 12.113
352000 503.74 -12349.5 -9.87372
353000 498.797 -12386.8 -6.28865
354000 502.061 -12413.5 12.1679
355000 501.706 -12338.8 -25.9565
356000 499.246 -12327 4.83441
357000 503.349 -12345.2 4.19846
358000 501.742 -12308 -6.59384
359000 496.783 -12367.3 8.3923
360000 501.212 -12363.2 -8.35275
361000 498.525 -12312.1 12.9136
362000 501.838 -12247.3 0.766474
363000 499.757 -12305.4 -2.80552
364000 498.477 -12309.2 -7.49368
365000 502.036 -12261.9 3.03965
366000 500.426 -12375.5 0.717151
367000 499.13 -12295.7 9.08076
368000 500.336 -12254.8 10.7082
369000 499.092 -12290.9 3.32359
370000 499.389 -12292.4 -2.38991
371000 500.54 -12371.8 -7.04174
372000 501.216 -12283.8 -2.64822
373000 499.19 -12411.6 4.02087
374000 498.334 -12389.1 -1.03483
375000 499.621 -12350.8 16.7361
376000 501.979 -12254 -13.1595
377000 499.175 -12277.8 20.444
378000 500.081 -12324.5 -16.8203
379000 499.086 -12328.5 2.74003
380000 501.079 -12349.2 32.1611
381000 501.393 -12287.1 -20.3417
382000 497.236 -12447.6 12.7165
383000 501.546 -12306.2 -8.0572
384000 496.792 -12402.2 -0.703063
385000 500.124 -12400.6 19.3375
386000 502.773 -12339.3 -9.08756
387000 498.304 -12383.4 17.9404
388000 499.604 -12364.6 7.83857
389000 500.728 -12334.8 5.31633
390000 495.156 -12412.2 3.20947
391000 497.858 -12421 7.39414
392000 501.803 -12330.2 -0.904137
393000 501.249 -12302.2 -10.729
394000 499.77 -12235.6 -9.90948
395000 501.188 -12281.6 -3.54389
396000 496.69 -12302.5 3.76816
397000 497.106 -12360.8 12.2892
398000 499.317 -12336.9 -1.27924
399000 497.658 -12410 12.4591
400000 500.471 -12201 -15.1792
401000 502.951 -12183.1 10.2594
402000 498.164 -12316.6 3.08617
403000 499.484 -12400.4 -2.93739
404000 498.261 -12382.3 4.74512
405000 500.13 -12418.3 -2.76537
406000 498.976 -12393.8 3.41757
407000 499.434 -12447.4 13.4339
408000 500.121 -12304.3 -0.700954
409000 500.26 -12287.3 10.142
410000 500.309 -12342.2 -9.15613
411000 498.08 -12451.5 -5.16773
412000 498.819 -12378.9 -5.40111
413000 499.39 -12324.8 -6.55717
414000 499.042 -12310.7 1.84673
415000 501.368 -12272.6 -4.83718
416000 499.863 -12241.3 -6.2158
417000 499.824 -12304.1 -3.04703
418000 498.171 -12353.5 9.95438
419000 501.78 -12238 -15.1657
420000 501.833 -12337.9 -19.7659
421000 497.608 -12485.3 6.96793
422000 501.237 -12314.6 -10.1726
423000 499.491 -12365 -3.50637
424000 500.671 -12258.9 10.4566
425000 501.906 -12252.9 -5.40099
426000 499.143 -12354.8 -10.1935
427000 503.201 -12181.5 -11.9081
428000 499.302 -12389.5 3.79306
429000 498.977 -12370.1 -6.83955
430000 502.348 -12340 13.2277
431000 499.896 -12298.9 -18.6236
432000 502.829 -12227.5 1.91338
433000 501.438 -12247.1 8.77203
434000 501.501 -12473.4 -1.07701
435000 500.734 -12355.6 2.01341
436000 502.252 -12339.4 -6.40156
437000 499.458 -12323.9 5.84163
438000 499.855 -12307 6.22351
439000 499.925 -12393.7 8.36146
440000 499.545 -12359 -20.2198
441000 498.231 -12325 -2.07595
442000 500.809 -12357.2 5.10989
443000 500.759 -12344.8 15.3831
444000 497.913 -12433 -0.707557
445000 499.88 -12376.2 -3.20038
446000 497.903 -12331.8 30.4274
447000 501.937 -12375.3 -11.2831
448000 498.598 -12333.6 -8.07131
449000 503.172 -12273.3 -6.4249
450000 498.01 -12385.3 4.44891
451000 497.362 -12376 -13.8498
452000 501.75 -12363.1 20.1767
453000 498.614 -12388.2 -5.36784
454000 496.695 -12392 9.86748
455000 500.159 -12359.8 8.96912
456000 497.901 -12347 -7.70137
457000 497.684 -12491.9 5.786
458000 501.516 -12378.3 4.03844
459000 502.228 -12395.2 5.49182
460000 500.149 -12334.5 -2.32512
461000 500.827 -12364.5 -9.88926
462000 498.989 -12306.1 0.441754
463000 499.17 -12259.8 -3.1833
464000 500.466 -12344.2 -0.511366
465000 500.852 -12478.7 -0.18958
466000 499.13 -12351.5 13.0658
467000 497.552 -12350.7 9.10303
468000 500.376 -12234.6 -3.06866
469000 501.078 -12285.1 -14.4208
470000 500.317 -12268.5 -0.445693
471000 500.557 -12309.4 -1.39597
472000 499.432 -12371.8 7.99935
473000 499.815 -12404.6 -5.8278
474000 497.238 -12308.7 -3.51953
475000 498.554 -12402.5 4.26237
476000 499.002 -12268.4 -3.66591
477000 496.654 -12399.8 1.26364
478000 499.368 -12408.6 -4.24083
479000 501.507 -12295.2 4.09686
480000 500.725 -12300.9 2.7299
481000 502.252 -12361.6 0.881419
482000 498.265 -12342.9 -16.4548
483000 500.14 -12254 10.7798
484000 498.817 -12339.4 5.28268
485000 499.758 -12319.7 -2.43574
486000 501.09 -12297.9 1.93517
487000 500.148 -12456.8 10.0618
488000 502.084 -12374 1.01534
489000 501.171 -12415.7 7.05935
490000 497.824 -12404.8 -1.7507
491000 503.624 -12198.3 -11.2927
492000 501.901 -12402.2 17.0654
493000 500.949 -12410.1 4.35891
494000 498.186 -12435.3 -3.03735
495000 499.87 -12292.2 7.56392
496000 500.178 -12427.6 6.10199
497000 501.555 -12409.9 -7.11368
498000 498.681 -12355.2 9.07872
499000 501.434 -12356.1 6.91521
500000 500.198 -12297.2 13.7379
501000 501.283 -12281.2 11.4968
502000 499.103 -12374.6 11.7681
503000 497.975 -12360 2.74276
504000 499.697 -12142 -3.43404
505000 498.673 -12432.1 -0.25529
506000 500.182 -12445.7 -5.7109
507000 501.178 -12363.4 -0.966232
508000 499.401 -12288.5 1.82671
509000 501.031 -12430.1 -1.69147
510000 500.925 -12298.5 14.9004
511000 500.765 -12453.7 7.16451
512000 499.561 -12373.6 -7.12928
513000 500.624 -12324.6 -14.8762
514000 501.095 -12274.9 20.7717
515000 499.892 -12294.4 0.320536
516000 500.899 -12362.5 9.01145
517000 500.615 -12299.2 -1.16013
518000 500.559 -12302.5 13.7651
519000 500.942 -12356.7 -12.8143
520000 499.247 -12381.2 20.8582
521000 502.605 -12338 -0.998858
522000 497.467 -12397.1 -3.40655
523000 500.355 -12363.9 -3.48861
524000 500.727 -12319.5 0.386127
525000 500.401 -12279.1 0.7314
526000 502.088 -12306.6 -9.65621
527000 500.49 -12274.6 2.77083
528000 501.423 -12318.1 5.75036
529000 499.94 -12405.8 -15.0299
530000 497.76 -12453.2 -12.0513
531000 499.553 -12347.8 -7.06361
532000 500.777 -12242.6 -2.57455
533000 499.053 -12369.6 4.26084
534000 498.682 -12395.3 1.96914
535000 496.121 -12417.5 -4.39028
536000 499.72 -12343.7 33.4519
537000 499.827 -12309.6 -3.53973
538000 502.035 -12255.8 5.85628
539000 499.731 -12324.8 -11.7258
540000 496.7 -12401.5 4.28665
541000 500.6 -12291.9 -2.69574
542000 503.111 -12238.9 -12.1789
543000 497.804 -12270.3 11.0702
544000 501.042 -12227.6 -18.5032
545000 499.696 -12254.3 1.3124
546000 499.754 -12259.5 -9.57691
547000 499.206 -12197.8 4.96869
548000 498.311 -12197 0.903972
549000 500.703 -12226.9 1.87141
550000 499.061 -12325.7 15.8692
551000 498.863 -12314.8 -2.22968
552000 497.292 -12420 -12.3945
553000 499.039 -12409.9 -4.88123
554000 499.766 -12284.9 -18.5589
555000 500.389 -12396.7 17.9047
556000 496.336 -12328.5 -5.7015
557000 499.55 -12290.1 16.0083
558000 498.979 -12417.2 -2.88427
559000 499.303 -12348 -0.782722
560000 497.207 -12435 -5.14855
561000 502.576 -12301.5 -1.93854
562000 502.567 -12278.9 3.73107
563000 500.07 -12267.7 11.1674
564000 499.297 -12375.9 10.7711
565000 499.019 -12247.4 -6.97092
566000 500.103 -12291.1 11.3193
567000 501.56 -12209.3 -17.6372
568000 502.219 -12299.3 7.242
569000 502.027 -12211.3 0.561428
570000 498.717 -12282.6 -5.01016
571000 501.321 -12304.2 -2.29364
572000 501.876 -12371.5 -4.33174
573000 500.496 -12263.1 10.229
574000 499.585 -12274.6 -11.6394
575000 498.687 -12325.6 7.49133
576000 501.44 -12206.7 -8.5735
577000 499.593 -12384.9 16.1633
578000 498.665 -12387.2 -9.01161
579000 500.528 -12414.6 14.608
580000 499.083 -12249.4 -2.71081
581000 501.616 -12237.6 0.569818
582000 501.743 -12302.7 2.98929
583000 501.253 -12331.1 12.0585
584000 502.407 -12189.5 5.19189
585000 498.685 -12322.5 -0.19928
586000 501.624 -12386.3 13.5641
587000 502.366 -12278 -3.10974
588000 500.678 -12239.4 -8.76116
589000 499.134 -12343.1 -1.12338
590000 499.163 -12333.5 16.8541
591000 501.066 -12186.5 -3.60584
592000 500.345 -12295.1 4.28648
593000 499.726 -12347.5 27.2058
594000 501.591 -12320.3 -1.46953
595000 500.201 -12363.7 19.959
596000 497.365 -12406.8 4.79314
597000 501.04 -12269.5 6.38305
598000 499.962 -12429 -8.25343
599000 501.394 -12383.4 1.61727
600000 499.024 -12448.4 -16.7754
601000 499.746 -12396.6 5.43214
602000 498.291 -12377.8 -6.73725
603000 499.279 -12357.6 14.7696
604000 499.475 -12398.7 -5.60341
605000 500.035 -12262.8 15.8353
606000 500.342 -12287.6 -4.6728
607000 501.196 -12287.2 -8.87046
608000 502.427 -12283.3 6.70243
609000 500.203 -12287.4 -1.39078
610000 500.19 -12307.9 12.2946
611000 496.545 -12458 15.185
612000 501.771 -12356.5 -4.89544
613000 499.556 -12366.4 -0.123252
614000 502.034 -12229 13.3226
615000 499.561 -12262.5 0.500795
616000 502.777 -12266.4 -2.9434
617000 497.758 -12444.2 5.94749
618000 502.871 -12268.4 -2.94181
619000 501.22 -12360 13.3477
620000 503.287 -12167.4 -9.53841
621000 498.917 -12303.5 0.254163
622000 502.043 -12260.4 -12.9813
623000 498.802 -12298.8 3.73176
624000 504.446 -12254.4 4.29623
625000 498.087 -12372.8 -4.02174
626000 497.631 -12380.7 21.7362
627000 500.613 -12416 12.8698
628000 500.835 -12384.5 -4.8313
629000 499.337 -12307.7 -0.668078
630000 499.743 -12346.9 -9.24107
631000 501.536 -12260.4 -7.34982
632000 498.714 -12365.4 25.2993
633000 498.426 -12405.6 0.865964
634000 499.155 -12477.7 -14.1011
635000 499.003 -12442.1 11.4632
636000 499.646 -12385.5 -7.83227
637000 500.652 -12317.4 -13.6049
638000 499.085 -12396 -13.1492
639000 499.219 -12262.5 21.8848
640000 500.657 -12343.3 2.04089
641000 499.89 -12397.6 -8.7492
642000 500.215 -12387.3 -0.4394
643000 500.974 -12195.4 16.5076
644000 501.663 -12296.8 4.43891
645000 497.239 -12370.4 -1.9865
646000 501.584 -12258.2 -1.19588
647000 498.482 -12399.4 6.27009
648000 500.611 -12319.2 -7.87845
649000 498.574 -12437.9 8.09989
650000 498.533 -12344.6 15.8939
651000 502.21 -12305.6 -7.96081
652000 500.489 -12278.4 4.02458
653000 503.85 -12260.8 1.97834
654000 500.631 -12273.4 -20.0282
655000 501.233 -12347.2 -3.35498
656000 500.394 -12349.4 10.1517
657000 501.271 -12324.1 3.92632
658000 499.309 -12334.6 1.64321
659000 497.346 -12373.8 -5.69804
660000 500.42 -12401.4 12.4144
661000 499.222 -12344.6 -25.3087
662000 500.34 -12362.6 15.6763
663000 500.403 -12306.3 9.02809
664000 499.315 -12350.9 -2.97289
665000 499.855 -12299.8 12.8219
666000 499.192 -12345 -7.24246
667000 498.307 -12275.3 10.6863
668000 500.875 -12185.9 19.5601
669000 501.603 -12300 0.0337642
670000 503.184 -12201.7 -6.41068
671000 500.639 -12290.1 -9.31557
672000 498.606 -12396.8 4.82853
673000 499.657 -12440.4 11.642
674000 499.485 -12323.4 6.18083
675000 499.546 -12348.5 -7.15972
676000 499.095 -12394.2 0.0526183
677000 500.941 -12352.1 12.3631
678000 498.807 -12236.2 -2.22713
679000 500.642 -12430.2 -7.89772
680000 501.051 -12345.3 3.59476
681000 498.069 -12303.2 7.32376
682000 502.245 -12208.9 -1.78984
683000 499.83 -12209.4 -0.92635
684000 502.014 -12273.4 4.56176
685000 500.263 -12387.2 -7.17405
686000 497.608 -12365.5 18.6676
687000 500.254 -12365.3 -5.58787
688000 499.28 -12367.8 13.3877
689000 502.397 -12295.7 -1.85895
690000 499.807 -12281.1 -8.68411
691000 500.442 -12413.8 10.7858
692000 498.793 -12395.2 -1.68616
693000 499.65 -12235.3 -7.20986
694000 498.247 -12274.5 9.43692
695000 502.835 -12274.3 5.11373
696000 499.382 -12184 -12.2395
697000 498.304 -12333 0.889578
698000 498.993 -12341.8 7.36131
699000 497.139 -12269.6 -11.0136
700000 499.942 -12343.7 -7.50666
701000 497.805 -12442.9 8.43558
702000 497.754 -12300 -8.79217
703000 501.105 -12306.3 -10.0983
704000 501.485 -12237.8 8.64392
705000 502.276 -12287.7 -4.7634
706000 499.543 -12402.8 10.3566
707000 501.493 -12373.2 -10.4752
708000 496.454 -12362 10.1074
709000 501.435 -12306.3 -9.39071
710000 500.781 -12328.7 7.76666
711000 501.694 -12250.8 10.1501
712000 501.795 -12252.5 -1.62693
713000 500.142 -12322.7 12.675
714000 501.31 -12244.9 1.21059
715000 497.042 -12483.8 -4.42048
716000 499.404 -12420.9 5.38061
717000 500.715 -12331.7 -8.62104
718000 499.76 -12339.8 -2.9885
719000 500.053 -12218.9 -9.4273
720000 498.944 -12352.2 2.17564
721000 500.053 -12264.3 10.6452
722000 498.881 -12310.6 -3.59383
723000 501.781 -12374.7 -11.3956
724000 500.084 -12418.3 -6.09246
725000 499.084 -12413.1 8.42424
726000 499.98 -12424 -0.212581
727000 499.971 -12373.7 -9.31555
728000 502.8 -12281.3 -7.90727
729000 499.422 -12315.7 3.4619
730000 501.671 -12369.9 -3.46316
731000 499.239 -12392.7 1.02392
732000 497.818 -12322.3 7.39094
733000 498.676 -12349.2 -4.95024
734000 499.922 -12247.6 11.2965
735000 500.617 -12264.1 3.69723
736000 497.989 -12364.4 -5.48615
737000 499.022 -12381.7 -3.8088
738000 499.324 -12358.8 -13.3568
739000 499.901 -12358.7 23.9172
740000 500.109 -12355.9 -8.38753
741000 501.025 -12285.3 -7.58181
742000 500.721 -12361.3 14.2919
743000 500.872 -12397.9 -9.24475
744000 496.319 -12475.9 18.8717
745000 502.571 -12253.2 -6.44046
746000 497.084 -12430.8 -3.30893
747000 498.927 -12433.9 -2.56985
748000 499.052 -12345.4 8.06651
749000 501.218 -12313.9 8.56085
750000 503.939 -12286.7 -20.0376
751000 498.157 -12320.7 -1.35447
752000 501.087 -12272.8 -9.99407
753000 501.563 -12257.5 -5.55507
754000 503.8 -12220 -3.62059
755000 498.38 -12346.7 -20.5497
756000 501.127 -12410.3 1.49127
757000 501.057 -12290.3 11.9869
758000 500.543 -12289.4 4.62238
759000 496.613 -12356.8 7.08625
760000 499.29 -12291.8 -11.1888
761000 501.028 -12299 23.0436
762000 499.202 -12319.5 -8.27202
763000 498.361 -12372.3 6.92957
764000 500.03 -12344.1 16.5137
765000 501.808 -12325.9 -19.1223
766000 497.504 -12280.8 10.8921
767000 501.875 -12272.3 -9.46309
768000 497.556 -12406.8 15.4438
769000 500.406 -12427.9 8.0935
770000 501.375 -12417.6 -26.0621
771000 500.501 -12454 19.9414
772000 499.683 -12366.2 14.8764
773000 501.586 -12246.8 -11.575
774000 500.556 -12296.3 11.7104
775000 498.29 -12352.4 2.41609
776000 500.818 -12278.2 0.297932
777000 500.25 -12371.8 -9.2156
778000 500.321 -12277.8 -8.54142
779000 499.9 -12282 9.44674
780000 500.206 -12270.8 -12.1299
781000 501.12 -12205 8.9835
782000 501.094 -12279.5 6.94008
783000 501.152 -12347.5 -10.6031
784000 502.563 -12269 3.17974
785000 496.327 -12311.3 4.53111
786000 499.428 -12292.1 7.30025
787000 502.274 -12341.3 5.13004
788000 497.289 -12328.5 4.39924
789000 501.662 -12336.4 14.0745
790000 498.436 -12423.5 6.53157
791000 501.92 -12337.9 3.26142
792000 499.872 -12389.8 -4.16366
793000 496.623 -12534.9 -0.374203
794000 497.83 -12491.7 3.79061
795000 498.194 -12353.4 3.81473
796000 500.23 -12334.5 -1.59132
797000 498.355 -12412 -0.225037
798000 498.682 -12404.5 2.29145
799000 501.478 -12290 -10.8193
800000 499.44 -12398.1 3.99575
801000 497.883 -12483.6 9.42726
802000 498.753 -12417.9 -2.8239
803000 499.479 -12321.9 5.76412
804000 499.048 -12323.9 15.2958
805000 502.323 -12248.2 3.74359
806000 500.555 -12345.8 5.51564
807000 498.069 -12324.7 -6.03057
808000 499.675 -12361.1 0.377731
809000 501.113 -12423.1 -8.93008
810000 500.557 -12281.8 3.28866
811000 498.693 -12405.9 9.58834
812000 499.422 -12275.7 4.10231
813000 498.831 -12257.8 4.38841
814000 497.933 -12405.8 7.93859
815000 501.179 -12245.7 -2.60499
816000 501.948 -12257 -14.0847
817000 495.79 -12567.1 17.5717
818000 501.203 -12338.4 -23.3157
819000 502.273 -12218.7 25.4947
820000 500.912 -12357.2 -10.2137
821000 500.251 -12416.2 -1.29713
822000 501.154 -12262.8 -1.00365
823000 500.195 -12296.5 -5.74388
824000 500.42 -12284.1 -2.71292
825000 502.367 -12263 -0.119686
826000 497.425 -12305.9 -2.27015
827000 499.356 -12371.5 3.51072
828000 496.037 -12550.8 9.82062
829000 500.794 -12389.4 -13.4412
830000 496.865 -12375.6 5.63647
831000 497.973 -12322.6 19.3912
832000 499.39 -12303 -0.0113776
833000 498.672 -12295.8 12.837
834000 501.327 -12239.8 -0.550362
835000 500.091 -12251.8 6.27735
836000 499.707 -12301.5 7.79363
837000 501.687 -12369.9 -4.07224
838000 500.778 -12303 -0.183963
839000 499.295 -12280.3 -28.6198
840000 501.269 -12243.2 -0.694679
841000 497.429 -12318.4 -3.25001
842000 500.005 -12389.3 12.9463
843000 498.128 -12435.2 8.76634
844000 495.576 -12468.8 11.4045
845000 499.556 -12399.6 14.2393
846000 500.942 -12234.6 -4.80373
847000 500.961 -12323.7 0.143637
848000 498.868 -12372.1 7.65287
849000 500.492 -12344.9 5.72317
850000 500.19 -12362.2 1.67257
851000 501.925 -12264.2 12.2892
852000 498.373 -12286.7 5.00995
853000 499.875 -12328 -4.92364
854000 500.437 -12314.9 -0.822875
855000 499.868 -12388.6 13.0751
856000 499.856 -12367 -7.91404
857000 498.58 -12328.4 0.868659
858000 501.085 -12306.7 14.124
859000 500.094 -12316.4 -6.90997
860000 501.126 -12259.7 4.75925
861000 501.12 -12296.5 6.23384
862000 498.596 -12433.8 0.297107
863000 503.113 -12332 1.96498
864000 501.948 -12360 -20.4894
865000 497.468 -12399.4 2.94151
866000 498.955 -12318 -7.17017
867000 497.634 -12295.5 16.5446
868000 499.372 -12397.9 8.01805
869000 504.242 -12263 3.15667
870000 501.041 -12230.7 7.64624
871000 498.951 -12317.9 -0.0903056
872000 500.116 -12429.9 12.1338
873000 503.35 -12325.2 0.491915
874000 498.458 -12450.2 -3.1836
875000 496.989 -12511.8 8.5691
876000 497.88 -12326.7 -8.60869
877000 502.257 -12373.5 5.27216
878000 500.465 -12415 1.91475
879000 499.26 -12364 8.24554
880000 499.047 -12325.1 -4.94626
881000 499.609 -12390.5 11.8
882000 499.577 -12338.1 -7.49399
883000 498.7 -12278.4 -0.937599
884000 500.62 -12336.2 7.08228
885000 500.946 -12325.1 -1.39572
886000 501.977 -12370.3 -13.1475
887000 498.442 -12396.4 5.21018
888000 501.915 -12319.3 12.7996
889000 499.25 -12402.2 6.80008
890000 500.407 -12384.3 1.80748
891000 498.338 -12382.9 6.08944
892000 497.851 -12342.9 6.89137
893000 500.529 -12234.8 4.93286
894000 501.16 -12302.9 -4.90109
895000 498.505 -12215.7 -2.4257
896000 499.102 -12355.2 -19.4779
897000 496.772 -12284.3 8.45777
898000 498.918 -12282.7 6.45739
899000 501.42 -12284.2 -0.477842
900000 500.946 -12253.4 4.87318
901000 499.869 -12363.3 -7.16849
902000 500.587 -12397.2 8.79046
903000 496.771 -12517.5 -11.2832
904000 498.313 -12432.2 0.788748
905000 497.941 -12412 24.0052
906000 502.307 -12217.9 -9.29103
907000 499.907 -12287.4 3.42973
908000 497.922 -12327.4 0.111063
909000 501.176 -12286.7 0.296182
910000 503.106 -12247.8 6.35365
911000 500.219 -12259.7 -8.21039
912000 501.599 -12293.8 4.55467
913000 495.949 -12421.7 0.362866
914000 500.915 -12388.6 1.43531
915000 499.695 -12288 9.53785
916000 501.614 -12233.8 -15.5975
917000 498.451 -12402.1 12.2909
918000 498.685 -12359.4 -6.58069
919000 501.565 -12259.5 13.8113
920000 499.961 -12285.5 5.61656
921000 499.941 -12332.3 -0.795497
922000 500.309 -12226.9 12.9625
923000 500.853 -12317.2 15.3338
924000 497.791 -12347.1 6.96875
925000 499.973 -12346 8.96824
926000 496.463 -12478 -9.56038
927000 499.818 -12258.5 11.6602
928000 499.657 -12317.7 -20.4159
929000 497.951 -12362.9 11.5664
930000 500.677 -12329.7 -3.41973
931000 501.814 -12250.9 10.2166
932000 501.791 -12278.7 6.4954
933000 500.696 -12294.1 -3.22691
934000 501.295 -12281.7 -18.5268
935000 500.203 -12318.7 -0.0228625
936000 499.13 -12326 2.97548
937000 498.185 -12289.1 -1.84415
938000 497.32 -12364 -3.06937
939000 498.32 -12436.1 -0.562803
940000 500.839 -12295.8 0.83617
941000 499.447 -12254.9 13.8712
942000 499.936 -12264.2 -1.94932
943000 501.391 -12347.3 12.8046
944000 499.409 -12466.1 -3.39821
945000 501.394 -12405.9 2.82429
946000 499.663 -12378.5 -12.0238
947000 500.086 -12419 9.12552
948000 497.498 -12359.5 3.34411
949000 501.527 -12391.3 -15.4708
950000 497.826 -12405.5 6.59456
951000 500.579 -12326.2 5.48145
952000 498.676 -12297.8 -3.382
953000 500.394 -12265.4 -0.83641
954000 498.901 -12385.2 4.75792
955000 502.122 -12275.8 3.02954
956000 499.195 -12357.4 -12.1338
957000 500.572 -12333.2 1.22956
958000 500.602 -12356.8 12.386
959000 500.541 -12232.3 -1.30329
960000 499.529 -12266.2 -1.18023
961000 503.852 -12257.9 1.24001
962000 498.044 -12352.2 2.10812
963000 498.02 -12393.9 15.2648
964000 497.537 -12380.3 9.47741
965000 499.742 -12402.2 15.7038
966000 496.322 -12271.3 1.96192
967000 500.078 -12332.4 5.19009
968000 501.511 -12244.6 -13.2547
969000 498.744 -12257.3 0.386447
970000 500.086 -12380 3.03452
971000 501.187 -12340.9 3.91399
972000 498.965 -12304.9 -5.13879
973000 499.366 -12352.3 20.5934
974000 500.967 -12214.8 -4.16236
975000 500.294 -12341.3 -0.383623
976000 500.968 -12363.5 -10.4268
977000 500.368 -12299.1 -8.53757
978000 498.055 -12367.5 21.1825
979000 502.422 -12224 -9.9853
980000 501.218 -12228.1 5.78984
981000 498.092 -12302.1 -11.4039
982000 497.149 -12444.6 -5.28003
983000 499.29 -12421.8 -2.74284
984000 499.832 -12327.3 20.011
985000 499.227 -12343 -3.51401
986000 499.435 -12326.3 23.4422
987000 499.337 -12314.8 -8.53636
988000 498.003 -12391.2 9.42574
989000 498.377 -12387.6 -7.92919
990000 496.928 -12338.3 -10.5036
991000 501.294 -12317.5 -6.43512
992000 497.921 -12345.5 2.25547
993000 499.517 -12374.9 3.61214
994000 498.358 -12274.9 17.8105
995000 500.285 -12339.3 -6.2068
996000 495.807 -12396.7 0.19592
997000 500.511 -12339.1 -12.3318
998000 499.407 -12380.6 10.9203
999000 497.304 -12402.4 2.12128
1000000 503.047 -12318.6 -2.52202
1001000 497.833 -12317.2 13.9623
1002000 498.772 -12440.5 1.30256
1003000 502.148 -12285.1 8.87546
1004000 501.724 -12380.8 -3.00839
1005000 502.805 -12216.8 6.13615
1006000 500.61 -12340.8 9.55105
1007000 503.028 -12233.3 6.90899
1008000 498.47 -12378.7 8.64428
1009000 499.159 -12349.2 15.9344
1010000 502.885 -12215.3 -3.6576
1011000 503.733 -12226.4 6.77399
1012000 499.498 -12400.8 -27.5357
1013000 498.851 -12281.7 12.496
1014000 501.193 -12302.6 5.22473
1015000 500.096 -12340.5 -14.6918
1016000 500.321 -12370.7 4.80771
1017000 498.805 -12377.5 -6.45887
1018000 499.205 -12316.1 1.53387
1019000 498.637 -12336.5 17.086
1020000 496.315 -12363.9 -7.84426
1021000 502.568 -12235.2 -1.11324
1022000 499.188 -12290.6 -1.52881
1023000 501.073 -12335.4 -5.38998
1024000 501.085 -12301 0.709735
1025000 498.505 -12320.1 16.585
1026000 499.043 -12378.9 -22.2638
1027000 500.101 -12296.8 -1.48502
1028000 501.849 -12286.8 -1.9799
1029000 503.18 -12257.4 1.98387
1030000 500.73 -12306.4 11.8033
1031000 503.363 -12320.3 -3.55085
1032000 498.213 -12404.5 -2.11054
1033000 497.583 -12403.1 10.3088
1034000 501.172 -12297.5 1.24921
1035000 498.202 -12212.6 -6.42638
1036000 497.69 -12372 16.3721
1037000 500.509 -12290.5 -10.4635
1038000 499.815 -12335.6 -15.515
1039000 500.988 -12349.4 -1.00199
1040000 498.281 -12418.1 -0.741736
1041000 499.11 -12341.1 5.76154
1042000 497.654 -12305.2 8.75938
1043000 498.62 -12390.5 -1.52677
1044000 498.108 -12330 -4.84045
1045000 505.081 -12214.6 -0.928683
1046000 498.994 -12372.4 0.752487
1047000 502.144 -12341 -11.3495
1048000 500.606 -12263.1 18.1992
1049000 501.569 -12222.8 -18.0089
1050000 499.738 -12210.7 -7.22759
1051000 498.151 -12303.4 0.912024
1052000 498.987 -12281.1 6.25514
1053000 499.242 -12288.9 -2.05509
1054000 499.659 -12395.4 -0.184625
1055000 499.897 -12277.6 4.80089
1056000 501.052 -12339.8 13.9603
1057000 499.078 -12336.8 1.55617
1058000 499.431 -12365.3 -17.9697
1059000 498.115 -12441.5 14.5822
1060000 499.629 -12416.6 13.6187
1061000 499.181 -12293.1 -3.53516
1062000 497.246 -12372.4 -12.118
1063000 497.932 -12341.3 18.5533
1064000 498.46 -12290.6 15.9905
1065000 501.145 -12313.3 2.38941
1066000 497.299 -12250 2.03663
1067000 498.687 -12273.3 15.685
1068000 505.267 -12234.7 -6.86854
1069000 499.081 -12369.2 -0.0189944
1070000 501.563 -12263.3 -5.20038
1071000 497.639 -12339.5 7.46399
1072000 498.263 -12442.4 5.14248
1073000 500.818 -12351.3 15.0131
1074000 499.119 -12240.1 -11.7114
1075000 500.043 -12214.8 7.9005
1076000 500.176 -12278.7 -3.47233
1077000 499.849 -12348.3 3.97982
1078000 499.81 -12311.3 0.0152864
1079000 499.142 -12260.1 -0.133116
1080000 497.525 -12325 7.83937
1081000 499.53 -12358.8 6.41813
1082000 497.602 -12373.2 -0.096093
1083000 499.083 -12312.1 6.69746
1084000 500.902 -12299.3 -8.22816
1085000 500.292 -12188.5 5.37364
1086000 501.407 -12324.1 3.46264
1087000 502.029 -12295.1 -19.2615
1088000 497.784 -12416.3 1.84322
1089000 499.572 -12347.9 -1.58786
1090000 501.696 -12333.3 -6.91624
1091000 499.086 -12295.6 2.64201
1092000 501.604 -12316 16.4302
1093000 498.476 -12327.8 -0.521586
1094000 499.331 -12264.7 0.112523
1095000 498.482 -12277 0.84396
1096000 500.208 -12367.5 5.19156
1097000 498.61 -12405.6 -3.82435
1098000 503.242 -12212.4 -10.3916
1099000 499.477 -12251.2 13.3767
1100000 501.317 -12255.2 -14.7633
1101000 499.036 -12291.3 3.81864
1102000 500.335 -12207.6 3.06214
1103000 500.715 -12292.4 -16.2084
1104000 499.522 -12294.1 17.1631
1105000 498.8 -12210.4 2.63165
1106000 502.197 -12146.9 3.33627
1107000 497.461 -12325.5 12.8532
1108000 503.116 -12273.9 -6.02317
1109000 497.862 -12331.6 6.60226
1110000 498.787 -12374.9 9.28921
1111000 500.817 -12261.4 -0.76116
1112000 497.661 -12284 4.27879
1113000 501.417 -12367.5 -4.85467
1114000 503.828 -12329.8 -10.9779
1115000 499.414 -12379.6 6.95328
1116000 499.723 -12404.5 6.66219
1117000 502.772 -12252.2 -13.5721
1118000 498.524 -12412.8 7.25498
1119000 498.963 -12375.1 -6.34999
1120000 499.27 -12363.7 11.6822
1121000 502.217 -12366.7 -2.7238
1122000 498.371 -12412.8 -12.7
1123000 501.971 -12402.1 -6.3898
1124000 498.485 -12429.1 15.0819
1125000 500.339 -12331.6 0.932569
1126000 497.03 -12445.8 -12.0241
1127000 497.286 -12325.5 2.60015
1128000 500.1 -12299.7 8.55361
1129000 501.842 -12210.3 -16.7732
1130000 500.112 -12319.4 19.1746
1131000 500.278 -12320 -1.87237
1132000 497.106 -12393.2 14.5215
1133000 499.61 -12395.4 -2.52177
1134000 499.899 -12375.9 19.8924
1135000 499.586 -12276.9 -8.22815
1136000 499.012 -12396.3 -11.7753
1137000 502.522 -12338.2 -0.829595
1138000 499.622 -12393.6 3.11382
1139000 498.17 -12313.1 6.90008
1140000 500.808 -12326.9 2.09042
1141000 497.608 -12344.6 -8.49836
1142000 498.107 -12309.8 16.481
1143000 503.359 -12250.4 7.43982
1144000 500.793 -12309.9 -2.90129
1145000 499.583 -12450.6 6.21642
1146000 501.211 -12350.1 -7.98573
1147000 501.327 -12295.1 -5.96568
1148000 499.128 -12392 -12.4005
1149000 501.293 -12313.5 12.732
1150000 502.012 -12396.4 -10.006
1151000 500.77 -12322.5 1.98829
1152000 501.527 -12222.2 11.3711
1153000 500.764 -12302.1 -16.4292
1154000 499.46 -12377.4 6.36535
1155000 500.575 -12369.7 7.91986
1156000 500.409 -12304.4 -6.2649
1157000 498.817 -12223.3 -11.1895
1158000 498.094 -12241.3 2.93253
1159000 499.93 -12317.2 16.5339
1160000 501.788 -12380.5 -14.8022
1161000 498.437 -12418.7 12.6884
1162000 499.003 -12287 -19.1087
1163000 502.412 -12202.4 0.110278
1164000 499.814 -12349.3 -0.133425
1165000 500.157 -12203.4 15.825
1166000 503.204 -12322.8 0.174202
1167000 497.599 -12324 -6.89979
1168000 502.597 -12330.1 3.0355
1169000 497.778 -12375.5 -8.13271
1170000 498.737 -12277.3 22.3508
1171000 503.217 -12288.1 -1.19559
1172000 496.628 -12353.3 6.57365
1173000 501.079 -12314.2 1.14709
1174000 500.228 -12444.2 1.45147
1175000 500.415 -12293.4 17.5846
1176000 500.693 -12385.5 9.61834
1177000 499.956 -12242.2 18.1179
1178000 501.786 -12296.9 -3.43093
1179000 499.02 -12396 -8.02169
1180000 498.243 -12421.8 2.01197
1181000 501.092 -12330.6 5.74321
1182000 498.795 -12306.3 -11.9488
1183000 505.093 -12205.7 -7.27245
1184000 500.893 -12381.9 -15.5245
1185000 500.326 -12373.5 -13.9335
1186000 501.403 -12307.1 3.41775
1187000 497.526 -12300.7 3.37635
1188000 497.659 -12287.2 1.33251
1189000 501.801 -12383.3 -1.07479
1190000 499.518 -12320.8 -7.9102
1191000 498.089 -12363.3 -3.21145
1192000 499.967 -12307 10.3672
1193000 498.412 -12353.9 -0.395472
1194000 500.737 -12355.3 -4.02608
1195000 499.114 -12383 17.8232
1196000 496.79 -12248.7 0.385794
1197000 500.223 -12309 13.0384
1198000 499.919 -12260.4 -13.9939
1199000 500.819 -12352.9 0.67195
1200000 500.262 -12330.4 2.83049
1201000 498.328 -12388 -7.74339
1202000 501.169 -12366.7 -4.55306
1203000 503.485 -12237.1 -0.865547
1204000 502.314 -12263.7 1.23032
1205000 499.5 -12366.4 1.13947
1206000 498.025 -12474.7 14.1558
1207000 501.605 -12293.1 -0.223039
1208000 499.013 -12332.3 2.28967
1209000 500.64 -12322 11.9404
1210000 503.19 -12231.9 0.439888
1211000 501.478 -12305.8 2.84277
1212000 499.066 -12454.1 25.3678
1213000 497.951 -12368 -2.11514
1214000 498.445 -12411.1 7.2091
1215000 500.029 -12307.8 7.09554
1216000 501.31 -12349.4 -0.360294
1217000 500.15 -12403.1 -3.14781
1218000 500.03 -12346.2 8.50782
1219000 503.496 -12209 -2.34222
1220000 500.393 -12205.8 2.3974
1221000 498.651 -12300.3 -3.70338
1222000 496.358 -12381.2 4.14684
1223000 503.43 -12342.5 8.59626
1224000 498.82 -12480 2.01577
1225000 499.496 -12323.2 6.37358
1226000 501.931 -12295.8 -10.216
1227000 500.967 -12168.4 7.34372
1228000 499.084 -12274.9 1.37147
1229000 499.889 -12347.6 4.58834
1230000 500.659 -12325.5 -8.42883
1231000 498.483 -12349.3 -4.31592
1232000 500.147 -12234.6 0.691818
1233000 502.62 -12290.9 4.67419
1234000 500.376 -12351.6 5.94265
1235000 502.359 -12364.5 6.86738
1236000 499.632 -12352.6 5.41898
1237000 499.343 -12378 -0.0964271
1238000 495.973 -12388.3 6.00363
1239000 502.378 -12316.4 -6.18971
1240000 502.343 -12287.6 -13.723
1241000 499.922 -12363.5 5.06547
1242000 500.165 -12241.2 -12.0271
1243000 498.263 -12415.9 1.53047
1244000 500.633 -12190.5 9.86065
1245000 501.794 -12167.3 -1.63812
1246000 501.547 -12265.7 16.0005
1247000 499.991 -12250 -3.00558
1248000 501.01 -12251.8 -0.632326
1249000 497.763 -12344.4 11.0755
1250000 499.04 -12370.4 -13.6994
1251000 499.949 -12269.9 10.7721
1252000 501.688 -12259 -10.4102
1253000 497.019 -12456.5 17.5287
1254000 503.077 -12160.3 0.0203845
1255000 501.704 -12299 -2.26546
1256000 499.989 -12315.3 -7.15472
1257000 498.415 -12259.3 2.01811
1258000 503.133 -12209.9 -1.3935
1259000 497.361 -12283.5 8.99688
1260000 500.757 -12306 -6.25393
1261000 500.893 -12360.5 -10.111
1262000 500.421 -12306 6.66896
1263000 499.73 -12262.2 12.7474
1264000 498.514 -12298.4 -2.87495
1265000 501.545 -12351.6 -5.85417
1266000 497.513 -12426.4 -7.10211
1267000 500.671 -12244.2 11.529
1268000 498.464 -12410.6 20.5286
1269000 499.843 -12367.3 1.17924
1270000 501.37 -12302.7 -9.89763
1271000 498.016 -12407 10.5821
1272000 500.563 -12341.1 17.1621
1273000 501.853 -12387.5 -16.9164
1274000 499.744 -12265 6.64091
1275000 503.846 -12139.8 2.60641
1276000 500.14 -12272.8 6.42847
1277000 501.08 -12303.5 9.78931
1278000 500.467 -12212.7 -1.9873
1279000 500.566 -12195.2 3.52021
1280000 498.069 -12300.4 1.83283
1281000 500.823 -12334.4 13.856
1282000 499.651 -12307.7 4.97679
1283000 498.233 -12364.7 9.43933
1284000 500.348 -12344.8 0.760065
1285000 500.939 -12290.1 0.344168
1286000 499.829 -12340.2 0.94898
1287000 499.775 -12430.6 -17.4419
1288000 502.224 -12443.2 6.72205
1289000 501.182 -12393 -6.44245
1290000 498.301 -12351.2 -15.6936
1291000 497.478 -12324.8 12.0674
1292000 502.701 -12303.1 -4.82775
1293000 499.785 -12315.3 -14.9453
1294000 500.474 -12339.7 7.07406
1295000 497.134 -12336.9 6.86256
1296000 500.005 -12386.5 2.92181
1297000 498.53 -12230.4 1.86698
1298000 501.207 -12211.9 10.2465
1299000 499.662 -12344.4 10.1157
1300000 501.507 -12330.3 0.267591
1301000 501.402 -12292.6 5.24503
1302000 501.535 -12223.5 -2.32897
1303000 501.512 -12271.2 -8.83128
1304000 500.496 -12294.5 2.33856
1305000 500.59 -12190.5 9.21991
1306000 501.494 -12242.2 -9.83205
1307000 499.573 -12277.5 8.87824
1308000 503.582 -12322.6 3.40918
1309000 502.692 -12283.3 0.0272098
1310000 496.044 -12439.8 13.7524
1311000 499.539 -12322.7 7.29692
1312000 500.237 -12328.8 7.95722
1313000 500.626 -12323.8 15.6706
1314000 499.109 -12321.6 -8.82012
1315000 500.87 -12268.1 -11.4077
1316000 500.808 -12365.8 -8.43472
1317000 495.699 -12445.5 4.55565
1318000 500.23 -12295 2.99681
1319000 500.434 -12300.7 -12.3036
1320000 500.415 -12361.2 5.36317
1321000 499.74 -12306.3 -9.15951
1322000 500.365 -12253.7 2.76929
1323000 501.346 -12315.8 1.30409
1324000 501.16 -12363.5 11.7039
1325000 500.612 -12301.3 -18.1214
1326000 499.709 -12295.8 7.82566
1327000 500.276 -12307.6 1.87903
1328000 499.861 -12194.1 -14.0672
1329000 500.004 -12296.6 6.32937
1330000 497.961 -12299.7 -9.76578
1331000 502.391 -12364 22.1817
1332000 499.706 -12190.7 -28.3104
1333000 502.245 -12209.4 2.47495
1334000 499.075 -12467.1 5.61156
1335000 499.807 -12375.9 -9.76857
1336000 501.737 -12351 4.14739
1337000 497.828 -12322.1 10.1794
1338000 498.408 -12421.2 -0.287348
1339000 500.282 -12374.2 9.44261
1340000 499.186 -12323.6 9.48787
1341000 499.598 -12357.2 -11.0472
1342000 497.842 -12367.1 1.64078
1343000 498.654 -12378.7 18.4413
1344000 501.137 -12380.4 4.40329
1345000 500.237 -12402.3 10.1141
1346000 499.533 -12353.8 2.71824
1347000 500.328 -12302.7 5.45649
1348000 500.832 -12403.7 11.3465
1349000 496.833 -12297.3 6.0526
1350000 502.039 -12309.7 -0.47476
1351000 497.538 -12500.1 6.77753
1352000 501.973 -12285.2 13.0264
1353000 501.048 -12266.4 4.38172
1354000 499.68 -12358.2 3.13488
1355000 499.962 -12314.4 -4.73233
1356000 499.458 -12404.8 -3.23966
1357000 496.792 -12372 0.818025
1358000 498.614 -12447.8 10.4597
1359000 498.671 -12325.6 -10.3437
1360000 498.949 -12430 -3.71451
1361000 498.599 -12331 -3.8713
1362000 499.725 -12284.4 15.1345
1363000 500.24 -12264.4 -7.10317
1364000 498.806 -12391.9 10.7177
1365000 500.077 -12351.5 0.301808
1366000 500.154 -12342.3 1.89324
1367000 501.292 -12297.1 -11.109
1368000 498.204 -12321 6.07241
1369000 500.885 -12248.2 17.9589
1370000 501.598 -12349 4.08812
1371000 499.682 -12400.5 -4.89348
1372000 502.744 -12393.1 -9.41469
1373000 499.185 -12249.8 12.7532
1374000 501.331 -12266.8 -6.14094
1375000 501.136 -12219.9 -7.59953
1376000 499.624 -12473.7 -8.59273
1377000 497.034 -12403.8 13.2011
1378000 499.182 -12388.2 -7.12354
1379000 499.74 -12383.7 12.6121
1380000 499.596 -12427.7 -5.52327
1381000 500.875 -12386.1 5.45144
1382000 500.379 -12271 -1.90897
1383000 502.145 -12242.9 -7.76813
1384000 496.586 -12327.2 14.9979
1385000 496.301 -12418.2 7.96281
1386000 499.697 -12299.8 11.9717
1387000 501.374 -12240.1 -11.3513
1388000 499.284 -12276.5 6.54373
1389000 498.22 -12340.9 -9.75665
1390000 500.372 -12295.8 12.8884
1391000 503.824 -12253.8 12.8585
1392000 499.27 -12302 -24.4445
1393000 500.976 -12373.2 16.3889
1394000 499.242 -12365.4 -7.86583
1395000 496.512 -12479.7 -2.981
1396000 498.226 -12339.3 18.2388
1397000 501.443 -12277 -3.77389
1398000 501.681 -12301.4 6.41268
1399000 498.417 -12294.9 -3.58501
1400000 501.555 -12237.6 2.91016
1401000 498.803 -12260.2 -0.817854
1402000 499.578 -12351.7 4.43938
1403000 499.17 -12401.3 0.35339
1404000 502.031 -12196.7 -8.87332
1405000 501.21 -12233.8 12.2978
1406000 496.612 -12222.3 -6.15943
1407000 500.193 -12341.1 6.847
1408000 497.893 -12486.1 0.3435
1409000 497.524 -12364.9 17.2472
1410000 499.016 -12313.3 6.40819
1411000 500.873 -12281.8 11.3371
1412000 498.558 -12317.3 -7.63451
1413000 500.245 -12327 -0.0993425
1414000 498.369 -12421 17.1355
1415000 500.158 -12293.9 -12.4421
1416000 500.925 -12336.1 3.41637
1417000 500.162 -12401.8 10.7371
1418000 501.237 -12281.6 -14.0382
1419000 501.103 -12226.9 4.18679
1420000 496.98 -12359.8 3.48027
1421000 498.936 -12338.9 8.30363
1422000 498.402 -12377.3 -14.4735
1423000 497.41 -12324.5 -14.7972
1424000 500.39 -12316.4 11.4698
1425000 500.437 -12371.8 4.43967
1426000 502.486 -12279 -1.23868
1427000 499.788 -12260.2 4.19739
1428000 500.379 -12378.1 19.3093
1429000 499.76 -12364.8 0.840819
1430000 496.997 -12369.6 3.31103
1431000 499.445 -12323.2 14.6721
1432000 502.214 -12243.8 -1.58744
1433000 499.239 -12316.9 -1.05109
1434000 498.733 -12365.2 10.1713
1435000 498.214 -12306.9 0.496437
1436000 499.854 -12326.4 -6.11155
1437000 502.866 -12277.5 -1.70826
1438000 499.065 -12284.1 5.4869
1439000 501.47 -12310.9 -1.01153
1440000 499.405 -12280.7 8.88909
1441000 499.673 -12297.7 -12.1603
1442000 498.961 -12382.6 -0.0110555
1443000 503.862 -12222.4 2.241
1444000 499.805 -12259.1 12.7694
1445000 500.588 -12350.7 -15.0698
1446000 498.242 -12278 13.1024
1447000 500.849 -12259.7 5.1446
1448000 500.252 -12270.2 -2.31828
1449000 499.108 -12272.7 -9.49062
1450000 497.571 -12308.4 -5.67303
1451000 496.599 -12325.7 6.93809
1452000 499.165 -12324.5 -7.36942
1453000 500.401 -12325.4 18.3056
1454000 500.597 -12378.3 -15.2096
1455000 500.949 -12388.3 0.881328
1456000 501.402 -12322.9 -0.656174
1457000 499.898 -12353.8 -10.5727
1458000 502.806 -12300 5.93123
1459000 500.414 -12340.2 10.151
1460000 498.949 -12292 -4.68531
1461000 499.591 -12318.1 -8.97195
1462000 501.861 -12240.7 3.36811
1463000 499.654 -12256.4 5.32198
1464000 501.266 -12307.3 0.340397
1465000 495.897 -12375.7 -9.82379
1466000 498.355 -12323.5 -3.26703
1467000 501.045 -12276.8 0.59375
1468000 497.983 -12362.9 -4.26269
1469000 499.798 -12332.2 -10.8274
1470000 499.968 -12319.9 32.9523
1471000 502.097 -12123.2 7.00075
1472000 499.476 -12327.1 3.40686
1473000 500.157 -12459.5 24.4227
1474000 498.667 -12374.7 -17.6833
1475000 497.064 -12333.8 9.03229
1476000 500.184 -12294.3 -2.89431
1477000 497.602 -12461.8 1.75699
1478000 504.395 -12192.3 -10.2323
1479000 501.366 -12277 14.9586
1480000 500.46 -12323.8 -5.07192
1481000 502.456 -12239.1 12.7981
1482000 501.779 -12255.2 -10.477
1483000 500.462 -12352.4 20.7986
1484000 501.263 -12288.2 -10.2105
1485000 498.038 -12290.4 -3.88189
1486000 498.345 -12278.3 -0.551676
1487000 497.959 -12393.9 12.9863
1488000 499.991 -12325.7 1.5213
1489000 502.009 -12370.4 26.379
1490000 499.147 -12377.6 3.28143
1491000 499.205 -12360.3 0.679525
1492000 500.408 -12287.5 -12.1397
1493000 501.571 -12271 6.03547
1494000 495.671 -12424.8 4.6641
1495000 498.264 -12427.2 -10.9135
1496000 500.044 -12244.4 1.46098
1497000 501.636 -12367.3 4.16183
1498000 501.819 -12269.1 -11.6899
1499000 496.337 -12404.5 2.57309
1500000 501.913 -12233 4.72764
1501000 501.041 -12278.2 1.15193
1502000 501.572 -12375.7 8.84159
1503000 500.742 -12336.9 -6.20877
1504000 500.738 -12333 11.4291
1505000 500.36 -12320.7 10.5047
1506000 500.56 -12312.5 -2.07376
1507000 500.927 -12306.2 1.38997
1508000 498.864 -12233.8 7.34242
1509000 500.869 -12306.8 -8.9439
1510000 500.078 -12245.2 6.23287
1511000 500.499 -12329 -17.1054
1512000 500.367 -12379.1 -5.10479
1513000 502.792 -12304.1 0.680802
1514000 499.024 -12346.5 8.86392
1515000 498.362 -12291.5 12.2634
1516000 497.017 -12342.5 5.49991
1517000 499.353 -12116.2 11.2719
1518000 500.492 -12184 -5.24163
1519000 501.066 -12270 28.4186
1520000 498.596 -12334.1 -13.6105
1521000 499.147 -12288.1 -5.89239
1522000 500.114 -12228 -4.21562
1523000 501.008 -12271.9 9.06901
1524000 500.814 -12273.9 -13.1071
1525000 501.39 -12327 4.36003
1526000 499.293 -12342.1 -4.67481
1527000 499.986 -12354.9 7.7232
1528000 497.987 -12389.2 -4.27942
1529000 501.706 -12317.3 -2.18307
1530000 503.168 -12261.6 15.7123
1531000 499.036 -12446.7 -3.45155
1532000 499.716 -12263.5 -0.050854
1533000 501.375 -12321.5 15.3277
1534000 502.993 -12309.8 2.40569
1535000 500.055 -12314.9 2.80663
1536000 499.113 -12334.1 14.4143
1537000 499.241 -12367.3 -10.9984
1538000 496.85 -12334 -3.37135
1539000 501.031 -12236.6 -10.1725
1540000 497.625 -12522.5 9.84908
1541000 500.959 -12427.5 0.866558
1542000 499.22 -12433.2 5.17104
1543000 501.334 -12314.1 -2.57171
1544000 499.326 -12363.5 2.20012
1545000 499.823 -12284 11.5204
1546000 504.97 -12252.5 8.3014
1547000 500.198 -12294.8 6.47484
1548000 497.939 -12429.4 -8.37809
1549000 501.597 -12241.7 -13.3861
1550000 500.997 -12245.6 4.37528
1551000 504.04 -12227.2 -2.05806
1552000 498.211 -12373.3 1.09229
1553000 500.483 -12365.8 -0.994198
1554000 499.504 -12322.5 -1.00271
1555000 498.924 -12385.6 -6.66305
1556000 500.232 -12331.5 0.0935786
1557000 502.828 -12253.1 10.2161
1558000 497.214 -12325.5 -14.8725
1559000 498.926 -12408.2 14.1529
1560000 499.016 -12347.9 -9.6235
1561000 498.806 -12270.7 -0.473073
1562000 497.682 -12303.7 6.59246
1563000 499.852 -12276.6 7.50032
1564000 498.055 -12351.4 -4.74044
1565000 497.719 -12552.8 12.2004
1566000 500.781 -12356.9 -1.67816
1567000 499.535 -12271.8 -13.4004
1568000 501.327 -12244.5 -9.90751
1569000 500.727 -12241.1 -9.66546
1570000 499.801 -12323.2 2.86131
1571000 500.621 -12275 0.571079
1572000 499.962 -12291.9 18.0986
1573000 501.427 -12277.2 7.64733
1574000 499.561 -12184.4 -12.9731
1575000 498.12 -12312 5.98111
1576000 501.871 -12313.2 18.2873
1577000 502.283 -12314.4 10.8626
1578000 500.772 -12299.2 -5.71667
1579000 499.208 -12359.5 -3.59284
1580000 499.07 -12343.4 1.53011
1581000 498.684 -12380.3 13.7281
1582000 501.318 -12317.9 4.16578
1583000 503.621 -12227.9 -9.26112
1584000 500.979 -12233.4 -0.487933
1585000 499.21 -12311.6 7.41735
1586000 502.903 -12220 3.39387
1587000 500.267 -12282.1 -8.95057
1588000 498.439 -12300.3 7.33264
1589000 501.033 -12339.3 -13.7441
1590000 501.177 -12242.9 -5.35107
1591000 500.892 -12338.6 7.43266
1592000 497.127 -12436.8 5.5926
1593000 503.504 -12216 0.998841
1594000 500.508 -12268.2 0.444158
1595000 502.867 -12241.3 1.50115
1596000 496.829 -12343.5 -8.93141
1597000 500.679 -12302.5 8.20945
1598000 503.567 -12361.6 -1.19111
1599000 496.324 -12396.3 8.28269
1600000 499.809 -12401.1 4.67648
1601000 500.712 -12339 -0.0390459
1602000 498.328 -12350.7 -1.20214
1603000 504.137 -12306.9 -8.14487
1604000 501.394 -12384 0.98264
1605000 497.723 -12435 -1.20313
1606000 499.746 -12350.7 18.4947
1607000 497.525 -12285.4 9.3249
1608000 501.006 -12266.9 4.94897
1609000 497.041 -12452 -7.23101
1610000 500.041 -12364.8 -1.15613
1611000 498.594 -12291.4 8.17458
1612000 495.612 -12386.1 7.40777
1613000 500.095 -12326.9 3.21547
1614000 498.644 -12364 21.415
1615000 498.902 -12306.3 1.48889
1616000 495.951 -12431.1 4.57674
1617000 501.293 -12267.5 -4.78204
1618000 499.069 -12278.5 5.16628
1619000 499.643 -12414.1 16.2103
1620000 500.256 -12351.9 9.12349
1621000 500.788 -12304.4 6.81628
1622000 498.321 -12384.9 4.63504
1623000 497.792 -12442.3 0.00585439
1624000 500.603 -12372.4 -4.98836
1625000 498.886 -12353.4 24.637
1626000 500.944 -12289.4 1.30425
1627000 499.461 -12371.8 -6.94355
1628000 503.648 -12233.5 2.67216
1629000 499.809 -12306.5 -0.293253
1630000 501.676 -12374.2 0.357216
1631000 495.865 -12438.9 -1.7734
1632000 500.252 -12376.3 -2.89129
1633000 498.623 -12381 2.69156
1634000 502.72 -12314.1 -9.21928
1635000 498.877 -12394.3 7.64904
1636000 498.633 -12392 12.3357
1637000 497.339 -12366.4 -3.39369
1638000 500.703 -12315.5 -10.6476
1639000 501.516 -12262.8 7.65626
1640000 499.43 -12271.7 -0.577609
1641000 498.711 -12380.7 3.78247
1642000 499.606 -12383 7.86074
1643000 499.129 -12364.9 -5.03368
1644000 499.601 -12176.1 -1.84308
1645000 501.066 -12325.3 -4.35913
1646000 503.298 -12304.6 10.8964
1647000 501.77 -12384.1 8.57408
1648000 497.074 -12423.9 0.191216
1649000 501.125 -12271.5 -0.178301
1650000 503.702 -12154.9 -5.87425
1651000 502.016 -12140 -1.94079
1652000 501.51 -12099.3 8.87649
1653000 498.272 -12263 -0.343718
1654000 500.33 -12258.3 10.8156
1655000 500.563 -12243.1 -4.15857
1656000 499.39 -12390.2 -11.5569
1657000 500.189 -12309.5 12.9981
1658000 501.687 -12226.1 -0.807682
1659000 502.602 -12171.8 -11.2631
1660000 501.228 -12300.9 3.99395
1661000 497.464 -12367.1 -3.43705
1662000 503.599 -12228 15.9435
1663000 501.923 -12251.8 -7.22056
1664000 500.081 -12254.9 15.9494
1665000 500.47 -12194.1 1.5032
1666000 502.023 -12353.4 6.73671
1667000 501.119 -12248.7 -10.1864
1668000 501.282 -12288.5 10.1401
1669000 499.712 -12369.7 9.83094
1670000 497.394 -12343.7 16.0811
1671000 502.024 -12287 3.28631
1672000 499.064 -12313.2 12.0979
1673000 499.274 -12348.3 -10.9395
1674000 502.15 -12225.8 -7.58987
1675000 502.333 -12236 -7.54892
1676000 497.293 -12391.5 -3.87352
1677000 501.215 -12336.1 2.37806
1678000 498.72 -12388.1 7.482
1679000 502.753 -12345.3 9.7874
1680000 498.784 -12396.1 4.68233
1681000 499.628 -12302.1 9.6714
1682000 497.997 -12394.1 -11.6679
1683000 501.903 -12251.2 10.8726
1684000 500.315 -12219.5 5.12832
1685000 499.381 -12378.4 17.6072
1686000 497.64 -12387.2 -11.1321
1687000 502.206 -12261.4 2.77972
1688000 501.383 -12262 6.10069
1689000 501.405 -12332.4 -10.5432
1690000 498.618 -12259.4 2.3119
1691000 500.902 -12286.8 -1.04281
1692000 498.583 -12330.1 5.85179
1693000 500.687 -12376.3 -5.0575
1694000 499.181 -12455.7 7.1326
1695000 497.545 -12449.9 9.43608
1696000 498.988 -12350 -32.5477
1697000 499.307 -12372.2 7.96149
1698000 497.364 -12294.3 3.51136
1699000 503.024 -12307.6 -4.62232
1700000 499.204 -12351.4 -14.6697
1701000 499.996 -12254.8 17.4356
1702000 500.246 -12400 -3.34057
1703000 501.411 -12433.5 8.46681
1704000 500.162 -12403.3 -11.4511
1705000 499.59 -12397.7 2.43351
1706000 501.903 -12346.8 12.3872
1707000 500.545 -12293.9 -12.1685
1708000 499.849 -12336.1 -3.8452
1709000 502.064 -12332.3 7.24706
1710000 502.076 -12315.8 2.30831
1711000 501.783 -12214.3 -2.3876
1712000 500.669 -12388.6 -0.954769
1713000 501.984 -12432.6 -5.21846
1714000 501.962 -12289.6 -4.25956
1715000 499.864 -12439.9 -6.90263
1716000 497.304 -12502.2 7.78901
1717000 498.718 -12346.7 1.41857
1718000 498.425 -12251.3 -13.4375
1719000 502.118 -12281.2 -20.9189
1720000 502.649 -12316 5.5161
1721000 500.268 -12299.8 -9.30725
1722000 499.321 -12277.3 11.9808
1723000 500.949 -12322.6 12.3584
1724000 500.633 -12297.6 -1.68446
1725000 497.61 -12360.1 14.5983
1726000 497.775 -12412.7 -12.1747
1727000 500.54 -12230 10.1129
1728000 501.537 -12128.9 -5.26837
1729000 500.218 -12158 20.5813
1730000 499.329 -12313.3 -3.26421
1731000 500.198 -12364.8 14.2768
1732000 502.747 -12211.4 0.0233767
1733000 500.601 -12208.3 3.17321
1734000 501.039 -12224 -4.92943
1735000 502.879 -12354.9 1.73978
1736000 498.198 -12291.9 9.87215
1737000 503.138 -12326.3 -1.88284
1738000 495.455 -12413.3 15.2064
1739000 499.707 -12386.9 -9.92892
1740000 496.341 -12350.7 19.6713
1741000 499.391 -12247.3 -11.8788
1742000 500.002 -12235 7.86611
1743000 501.497 -12296.6 0.701372
1744000 496.185 -12376.5 10.8791
1745000 498.629 -12380.2 3.14064
1746000 498.234 -12341.6 -0.977633
1747000 498.851 -12358.1 10.3319
1748000 499.491 -12335.9 -11.0952
1749000 497.436 -12352.3 23.587
1750000 502.346 -12400.9 9.51658
1751000 500.228 -12298.4 -0.426634
1752000 500.331 -12291 -10.6462
1753000 497.244 -12482.5 18.5915
1754000 497.859 -12417.2 4.38129
1755000 495.455 -12431.1 12.517
1756000 498.081 -12457.3 12.5114
1757000 499.708 -12280.2 4.87433
1758000 500.85 -12245.1 3.98433
1759000 497.248 -12316.4 7.68566
1760000 502.798 -12226.1 5.7076
1761000 500.438 -12231.9 -0.237543
1762000 500.548 -12450.5 -0.00655005
1763000 495.643 -12460.2 4.195
1764000 498.778 -12368.2 5.1916
1765000 498.143 -12451.3 -4.13694
1766000 501.288 -12388.1 7.16604
1767000 502.885 -12266.9 0.476949
1768000 500.341 -12328.8 -10.7743
1769000 498.965 -12348.4 4.43916
1770000 498.678 -12300.5 -3.65092
1771000 499.674 -12282.4 6.37059
1772000 502.477 -12208.8 -3.43633
1773000 500.372 -12409.8 -4.73463
1774000 499.353 -12381.8 2.09804
1775000 501.958 -12229.2 -10.9726
1776000 500.191 -12313.7 20.5959
1777000 502.198 -12333.5 -7.24613
1778000 502.549 -12329.7 2.10825
1779000 498.48 -12306.2 -14.1846
1780000 501 -12314.9 -6.20332
1781000 499.97 -12337.3 4.67776
1782000 498.694 -12485.4 -3.15635
1783000 500.293 -12332.7 13.6446
1784000 499.653 -12416 13.4382
1785000 500.81 -12271 1.84244
1786000 499.263 -12278.9 -1.50159
1787000 498.685 -12336.9 5.22456
1788000 502.999 -12207.8 8.7307
1789000 500.243 -12246.1 -6.41969
1790000 499.686 -12359 24.843
1791000 499.628 -12449.7 0.501971
1792000 498.878 -12377.6 -5.62728
1793000 500.264 -12270.5 -4.8052
1794000 501.316 -12275.1 2.81569
1795000 498.038 -12381.3 23.4298
1796000 499.364 -12323 2.80454
1797000 499.983 -12363.9 15.3098
1798000 501.319 -12314.1 -0.786184
1799000 498.91 -12415.1 12.9352
1800000 501.916 -12240.5 0.886618
1801000 501.02 -12288 -4.31863
1802000 497.67 -12313.1 -9.65095
1803000 498.753 -12302.1 12.9877
1804000 497.377 -12380.8 7.57835
1805000 497.566 -12395 18.325
1806000 500.802 -12293 -11.173
1807000 500.848 -12321.2 -2.11953
1808000 499.788 -12337 28.7066
1809000 499.032 -12367.2 -6.83737
1810000 500.521 -12412.9 4.03177
1811000 499.136 -12367.6 -11.5441
1812000 496.588 -12411.3 12.5053
1813000 501.917 -12338.1 14.3835
1814000 499.86 -12322.8 -16.9283
1815000 499.465 -12353.9 9.30049
1816000 497.591 -12454 0.999606
1817000 499.17 -12376 -9.1054
1818000 499.877 -12217.4 7.83575
1819000 500.222 -12274.8 5.03572
1820000 499.629 -12298.2 -21.0405
1821000 503.524 -12306.4 1.42881
1822000 497.707 -12438.7 -2.85409
1823000 501.776 -12224.4 29.5625
1824000 498.694 -12260.8 -18.3101
1825000 501.22 -12343.9 7.54733
1826000 500.605 -12317.9 -3.85765
1827000 493.846 -12392.8 14.5145
1828000 498.512 -12351.5 21.3675
1829000 501.549 -12317 2.65702
1830000 501.61 -12287.6 -4.59769
1831000 501.311 -12268.7 -2.15217
1832000 499.305 -12384.9 -8.57094
1833000 500.354 -12449.4 -6.0501
1834000 500.696 -12360.5 6.49177
1835000 498.808 -12368.5 1.15021
1836000 498.882 -12420.4 -3.5781
1837000 500.713 -12351.2 4.88321
1838000 500.193 -12244.5 -9.27311
1839000 502.3 -12284.9 4.44724
1840000 500.318 -12309.3 16.9758
1841000 499.641 -12335.9 -6.863
1842000 498.874 -12319.2 10.0127
1843000 499.535 -12349.1 9.3794
1844000 500.814 -12321.4 -9.96239
1845000 496.178 -12323.1 -14.0387
1846000 502.047 -12259.8 -6.78564
1847000 499.652 -12367.4 6.6507
1848000 501.002 -12352.4 1.7151
1849000 500.01 -12350.7 1.90846
1850000 495.414 -12397.1 -1.09753
1851000 502.051 -12347.8 -4.13525
1852000 500.276 -12243.3 1.71212
1853000 501.243 -12259.7 -8.48146
1854000 496.928 -12473.7 12.6668
1855000 498.012 -12315.5 -20.2346
1856000 498.314 -12333.2 6.0725
1857000 499.992 -12298.1 5.19887
1858000 503.426 -12286.7 9.4958
1859000 500.178 -12353.6 1.49097
1860000 501.499 -12281.9 9.44737
1861000 501.191 -12249.7 2.2969
1862000 501.96 -12324.7 5.47071
1863000 502.115 -12347.4 11.0816
1864000 497.704 -12310.8 4.77858
1865000 499.772 -12291.6 -1.14935
1866000 500.542 -12361.4 21.4684
1867000 502.613 -12278.9 -8.75724
1868000 496.336 -12451.9 12.0463
1869000 501.663 -12350.6 -1.46577
1870000 498.185 -12453.4 0.0177118
1871000 496.794 -12350.1 3.09873
1872000 498.942 -12347.9 -7.49693
1873000 500.933 -12304.8 2.85682
1874000 498.651 -12377 9.68582
1875000 501.136 -12189.5 -2.19259
1876000 497.677 -12231.8 -11.5379
1877000 500.339 -12276 21.8476
1878000 499.866 -12218 -1.6746
1879000 502.531 -12309.1 -13.1456
1880000 500.798 -12310 5.72778
1881000 500.773 -12327.6 -5.38271
1882000 499.326 -12259.7 10.5653
1883000 499.728 -12283.1 2.21566
1884000 498.141 -12333.7 2.39798
1885000 498.602 -12388.3 9.67677
1886000 501.281 -12453.9 9.05954
1887000 501.274 -12415.2 -10.3604
1888000 501.518 -12330 3.14034
1889000 499.906 -12258 1.94212
1890000 500.801 -12327.6 -2.72899
1891000 499.331 -12318.7 4.56159
1892000 498.6 -12320.3 -3.64136
1893000 499.465 -12273.8 4.08742
1894000 498.544 -12364.2 1.27722
1895000 499.698 -12215.5 0.154276
1896000 499.593 -12306.2 16.6449
1897000 497.31 -12365.6 20.1698
1898000 499.451 -12303.6 -21.2937
1899000 498.049 -12344.4 3.58116
1900000 499.479 -12381.6 6.50414
1901000 497.784 -12375.7 -5.75842
1902000 499.787 -12460.8 4.25251
1903000 501.754 -12361.8 -9.32307
1904000 501.758 -12336.8 -7.09865
1905000 502.036 -12263.2 3.10506
1906000 496.595 -12353.2 -10.516
1907000 498.118 -12350.8 9.05312
1908000 501.328 -12300 1.77841
1909000 499.991 -12339.8 -0.336804
1910000 500.48 -12323.9 6.08493
1911000 501.423 -12255.8 -1.44472
1912000 502.134 -12170.1 8.71005
1913000 499.219 -12392.4 2.06287
1914000 500.721 -12329.6 14.8419
1915000 501.821 -12202.9 -17.9004
1916000 499.907 -12374.2 14.0909
1917000 500.067 -12262.4 15.7382
1918000 502.597 -12238 0.379365
1919000 498.804 -12374.3 0.97717
1920000 501.042 -12496.9 -5.70932
1921000 499.553 -12391.5 -15.1234
1922000 499.716 -12293.5 -5.34014
1923000 500.631 -12305.9 21.6924
1924000 499.139 -12251.2 -0.0941574
1925000 503.336 -12305.8 -2.11561
1926000 500.032 -12331.8 22.271
1927000 500.121 -12172.5 8.73833
1928000 498.705 -12340.3 -14.0455
1929000 500.195 -12294.9 8.92558
1930000 499.249 -12264.1 -18.4642
1931000 500.546 -12416 13.4331
1932000 501.654 -12309.4 -13.6797
1933000 500.721 -12318.4 17.8906
1934000 501.853 -12315 -3.91495
1935000 497.273 -12414.8 -1.31774
1936000 499.338 -12384.3 5.63492
1937000 498.109 -12382.1 -3.36539
1938000 500.55 -12268.3 23.1067
1939000 496.55 -12353.8 -0.464362
1940000 504.31 -12297.5 -7.9748
1941000 500.715 -12291.4 1.44765
1942000 501.027 -12298.8 -2.39847
1943000 498.583 -12407.6 -5.51138
1944000 500.389 -12263.8 3.37315
1945000 500.58 -12354.7 6.93664
1946000 499.534 -12313.4 1.31985
1947000 500.735 -12242.2 -4.97151
1948000 500.806 -12277.6 5.91361
1949000 498.209 -12418 14.0069
1950000 497.434 -12404.4 -4.3001
1951000 500.741 -12336.1 4.89758
1952000 496.128 -12373.8 -4.77812
1953000 500.04 -12413.7 4.15058
1954000 501.092 -12245.4 3.62854
1955000 501.01 -12446 11.7292
1956000 499.173 -12371.8 -4.70347
1957000 499.58 -12354 12.4529
1958000 501.197 -12265.5 5.4124
1959000 500.116 -12240.9 2.31936
1960000 501.582 -12292.1 1.19747
1961000 499.591 -12293.9 -1.73852
1962000 495.821 -12337.8 12.6321
1963000 500.088 -12301.8 13.6968
1964000 501.602 -12255.8 -15.859
1965000 497.696 -12405.9 -2.95552
1966000 502.184 -12315.4 4.42612
1967000 497.225 -12403.8 0.182615
1968000 501.644 -12318.8 14.8769
1969000 499.802 -12317.5 -1.81681
1970000 501.777 -12323.4 9.75229
1971000 501.375 -12288.9 -9.9194
1972000 503.07 -12249.1 4.93271
1973000 500.481 -12425.3 -3.21614
1974000 499.19 -12390.7 -0.361843
1975000 501.298 -12317.8 -0.739686
1976000 499.4 -12267.7 4.83963
1977000 500.667 -12278.5 0.193018
1978000 501.331 -12224.8 13.2392
1979000 501.079 -12280.2 -3.04419
1980000 497.718 -12393.9 11.1785
1981000 499.82 -12320.2 0.598878
1982000 498.637 -12324.9 4.72334
1983000 498.717 -12417.4 -5.94983
1984000 497.848 -12399.5 -9.4058
1985000 500.026 -12413.3 6.21904
1986000 497.918 -12373.7 -6.03539
1987000 502.022 -12365.5 15.9092
1988000 500.462 -12408.9 -4.50632
1989000 499.923 -12469.9 -2.67786
1990000 500.436 -12318 3.84115
1991000 500.515 -12337 4.85634
1992000 501.371 -12309.9 4.03479
1993000 499.232 -12342.1 5.24321
1994000 496.957 -12465.1 -3.10449
1995000 497.704 -12349.8 1.35348
1996000 500.067 -12325.6 5.46212
1997000 502.101 -12389.4 4.62038
1998000 501.517 -12289.3 -7.2103
1999000 499.254 -12398.7 11.1299
2000000 502.738 -12285.9 -14.4041
