# Time-averaged data for fix 3
# TimeStep v_Temperature v_PotentialEnergy v_Pressure
2000 299.645 -16486.2 13.1485
3000 300.3 -16581.5 -15.3844
4000 300.449 -16606.4 10.9006
5000 300.952 -16637.7 -7.2524
6000 299.865 -16654.7 0.116192
7000 300.778 -16626 1.49804
8000 299.513 -16610.7 1.44437
9000 299.825 -16680.8 0.585374
10000 299.762 -16670.7 7.39155
11000 301.854 -16644.6 -8.82698
12000 300.279 -16658.5 2.39111
13000 299.608 -16633.9 -10.0022
14000 298.911 -16668.5 10.6174
15000 298.771 -16672.7 -2.43813
16000 301.601 -16637.1 -4.81662
17000 299.416 -16630.4 7.21889
18000 300.516 -16612.1 10.4774
19000 298.464 -16646.2 6.64417
20000 299.439 -16661.2 -9.49248
21000 298.907 -16641.1 4.91997
22000 299.735 -16653.5 -1.25503
23000 299.517 -16707.1 2.9325
24000 299.889 -16655.7 11.0493
25000 298.421 -16647 -1.27334
26000 299.331 -16650.9 11.8332
27000 297.7 -16675 -10.3409
28000 301.504 -16603.4 8.71186
29000 300.207 -16610.2 2.31562
30000 300.775 -16685.1 0.0293627
31000 300.671 -16639.6 10.2789
32000 300.048 -16630.6 -3.92505
33000 300.378 -16656.6 -7.1813
34000 299.508 -16659.3 4.59905
35000 300.856 -16614.3 3.62619
36000 298.919 -16621.5 2.11964
37000 299.389 -16635.9 -3.08318
38000 299.621 -16609.4 14.2884
39000 300.58 -16632.3 -2.17393
40000 300.546 -16644.8 -5.91084
41000 300.655 -16607.8 6.89788
42000 298.151 -16668.6 -4.77867
43000 300.712 -16612.5 6.87609
44000 298.137 -16647.1 -0.479635
45000 299.625 -16633.8 0.755224
46000 298.933 -16612 -4.47851
47000 300.789 -16598.9 -6.51624
48000 300.718 -16619.3 -0.0269588
49000 297.831 -16736.1 2.69941
50000 299.861 -16642.6 7.05041
51000 301.876 -16626.7 2.5373
52000 299.478 -16571.6 0.567234
53000 300.128 -16608.7 -4.26688
54000 298.369 -16642.6 8.50954
55000 299.515 -16650.4 -2.02228
56000 299.074 -16634.6 2.42589
57000 300.14 -16664.3 -6.69138
58000 300.65 -16639.6 -1.17648
59000 299.649 -16659.6 -0.179462
60000 300.437 -16644.5 13.692
61000 298.452 -16723.9 3.46124
62000 299.815 -16610.9 -14.2803
63000 301.67 -16619.3 -3.79776
64000 300.989 -16639.7 -0.0421779
65000 298.314 -16652.9 6.27307
66000 299.056 -16667 -8.26796
67000 299.116 -16643.2 14.4614
68000 300.533 -16564.1 -7.40878
69000 299.074 -16653.9 -0.949736
70000 299.596 -16622.9 0.0383555
71000 299.845 -16588.7 13.1938
72000 300.99 -16615.8 -1.49062
73000 300.606 -16661.7 -1.41625
74000 297.815 -16708 0.218205
75000 299.049 -16659.3 5.88509
76000 298.73 -16645.9 -5.95922
77000 300.738 -16594.6 3.64792
78000 301.32 -16627.1 14.0295
79000 298.945 -16672.5 -3.84551
80000 300.125 -16598.9 4.89308
81000 300.77 -16623.1 -3.24488
82000 299.869 -16688.3 9.52857
83000 298.651 -16739.7 1.25928
84000 299.836 -16706 -6.57594
85000 299.417 -16633.4 12.1015
86000 300.667 -16586.7 -1.6262
87000 300.469 -16554.1 4.53118
88000 300.524 -16625.6 -3.56337
89000 300.955 -16645.5 3.28881
90000 300.05 -16675.3 -5.90833
91000 297.767 -16701.5 8.95607
92000 300.705 -16614.9 -1.94397
93000 298.989 -16604 4.05755
94000 299.257 -16647.6 2.48752
95000 299.273 -16671.2 15.3419
96000 299.058 -16677.3 -13.026
97000 300.115 -16671.9 13.0857
98000 301.35 -16620.9 -19.8277
99000 299.359 -16688.8 10.9356
100000 301.518 -16618.9 -5.73631
101000 297.727 -16715.2 4.46705
102000 298.854 -16681.4 9.01342
103000 300.497 -16651.3 -3.32003
104000 299.134 -16697.7 -1.99334
105000 300.543 -16593 -1.12737
106000 299.828 -16664.7 11.4507
107000 302.636 -16619.8 -6.00115
108000 299.082 -16648.5 4.80942
109000 299.284 -16645.5 6.742
110000 297.731 -16688.5 -8.79638
111000 299.814 -16599.3 20.9407
112000 300.417 -16608.6 9.93777
113000 299.133 -16606.4 0.686756
114000 301.581 -16620.2 -14.5325
115000 299.932 -16664.8 -2.59601
116000 300.925 -16597 7.8012
117000 300.337 -16620.7 -1.58418
118000 298.97 -16678.4 -10.0025
119000 300.501 -16685.9 -8.44903
120000 299.634 -16592.5 17.0517
121000 299.079 -16612.4 3.07388
122000 300.426 -16631 19.239
123000 299.657 -16669.1 2.81064
124000 300.848 -16702.1 -9.77781
125000 298.94 -16703.6 10.6782
126000 299.58 -16677.4 4.80897
127000 301.878 -16621.8 10.0068
128000 298.871 -16650.2 -5.4866
129000 298.255 -16711.3 1.84378
130000 300.416 -16674.6 15.7492
131000 300.881 -16649.6 -7.72926
132000 301.946 -16640.4 8.50092
133000 299.227 -16645.1 1.03533
134000 298.758 -16647 -12.6757
135000 301.979 -16619.3 -14.1041
136000 301.221 -16611.3 -3.09987
137000 298.71 -16669.1 -3.38773
138000 301.323 -16645.1 12.2188
139000 298.434 -16653 -2.79779
140000 301.673 -16623.2 -2.36679
141000 302.035 -16597.3 -2.56081
142000 299.51 -16655 -0.215118
143000 301.11 -16588.4 20.8856
144000 299.303 -16656.3 -6.73431
145000 302.327 -16564.5 3.28091
146000 301.622 -16552.9 -11.4438
147000 301.371 -16647.6 7.43086
148000 300.08 -16678.1 -1.12979
149000 298.845 -16652.9 -6.81908
150000 300.527 -16685.4 6.81352
151000 300.894 -16701.1 -6.11129
152000 299.036 -16668.6 12.0185
153000 298.176 -16682.9 5.8051
154000 299.663 -16658.3 -9.1169
155000 299.71 -16662.4 7.09734
156000 300.361 -16703.1 6.04133
157000 300.845 -16704.5 -17.0623
158000 300.378 -16625.8 6.8456
159000 299.852 -16650.9 9.24413
160000 300.195 -16630.5 14.5174
161000 300.162 -16611 -9.97408
162000 300.148 -16597.6 -12.9153
163000 300.722 -16656 -0.0749565
164000 300.185 -16665.1 5.42691
165000 299.254 -16637.8 4.20123
166000 299.303 -16599.7 -0.174264
167000 298.041 -16612.4 13.0245
168000 300.724 -16660.7 -12.7267
169000 299.739 -16582.6 -0.247341
170000 297.807 -16678.6 -3.58264
171000 301.895 -16603 6.66277
172000 299.246 -16607.6 17.5371
173000 298.787 -16627 -10.4164
174000 300.61 -16597.4 -3.50828
175000 300.339 -16617 10.8025
176000 300.875 -16634.7 12.7369
177000 298.07 -16724.3 -6.48364
178000 300.819 -16678.9 -7.3112
179000 298.946 -16684.2 4.04048
180000 299.668 -16627.9 5.5957
181000 300.664 -16665.8 7.09114
182000 300.694 -16706.4 -2.31491
183000 300.515 -16655.2 -16.8939
184000 298.557 -16694.7 5.87195
185000 297.274 -16636.8 11.2917
186000 300.591 -16624 -2.83677
187000 300.139 -16650.8 6.46956
188000 302.714 -16603.9 3.09165
189000 300.269 -16640.3 -8.44919
190000 302.281 -16636.6 -3.63884
191000 298.704 -16701.6 -0.141008
192000 297.657 -16686.3 13.0534
193000 300.559 -16660 6.18997
194000 301.277 -16691.5 -7.30685
195000 300.989 -16623.3 14.1764
196000 299.973 -16594.8 -3.35676
197000 300.888 -16636.2 -1.98643
198000 299.177 -16670 4.35193
199000 298.727 -16596.5 6.27321
200000 300.556 -16599.5 -4.94776
201000 301.107 -16619.7 9.6472
202000 299.577 -16648.5 12.9175
203000 301.282 -16615.6 -7.11107
204000 299.037 -16621.6 -9.55074
205000 299.741 -16656.8 12.6656
206000 298.643 -16696.2 21.4682
207000 300.128 -16655.2 -14.8767
208000 298.216 -16645.9 7.72881
209000 299.493 -16635.4 -1.02932
210000 300.245 -16635.9 -1.46781
211000 300.821 -16605.4 -3.81081
212000 300.2 -16626 5.64359
213000 299.784 -16646.8 -8.69214
214000 301.183 -16589.8 4.20358
215000 298.877 -16620.3 8.24256
216000 299.596 -16655.5 0.260922
217000 300.196 -16679.2 -1.29194
218000 299.372 -16634.3 2.30683
219000 301.118 -16614.2 -5.97646
220000 299.47 -16663.4 3.00815
221000 301.456 -16626.5 4.10601
222000 299.89 -16640.6 12.5352
223000 298.504 -16679 14.113
224000 299.858 -16638.2 -6.99126
225000 299.193 -16630.4 -2.60038
226000 300.576 -16626 -5.05698
227000 300.141 -16653.9 2.51222
228000 300.49 -16665.9 9.60807
229000 299.135 -16667.2 -26.8357
230000 301.784 -16634.5 2.82884
231000 301.418 -16635.6 -5.0304
232000 298.795 -16645.7 -7.6829
233000 301.639 -16620.4 1.18574
234000 298.424 -16610.5 6.27623
235000 300.077 -16577.6 -2.9719
236000 299.716 -16613.6 4.02885
237000 301.367 -16654.8 3.08229
238000 300.978 -16692.1 -6.23675
239000 300.267 -16674 12.4461
240000 300.36 -16625.4 8.00056
241000 298.956 -16662.7 11.7243
242000 301.808 -16595.8 -5.91812
243000 299.841 -16618.1 5.61735
244000 299.38 -16610.4 -6.68772
245000 300.798 -16622 2.45057
246000 299.318 -16649.3 0.92818
247000 299.539 -16586.6 -2.0215
248000 300.495 -16671.8 5.47091
249000 302.209 -16568.7 1.97805
250000 300.864 -16588.9 10.0533
251000 299.079 -16628 -0.394122
252000 299.524 -16574.2 2.9149
253000 300.738 -16594 -2.64995
254000 301.174 -16656.7 -7.81868
255000 300.003 -16627.1 3.73954
256000 302.482 -16619.1 -4.25401
257000 300.339 -16656.6 9.56433
258000 298.318 -16665 -1.79541
259000 299.14 -16649.5 -2.50724
260000 300.296 -16589.4 21.1233
261000 299.198 -16602.8 1.56978
262000 299.512 -16681.3 1.31002
263000 298.035 -16702.3 0.870789
264000 300.447 -16652.7 -4.7522
265000 299.899 -16624.3 -5.23839
266000 299.333 -16654.9 -1.01856
267000 299.602 -16626 0.997672
268000 298.78 -16661.2 10.1375
269000 298.547 -16656.2 3.83602
270000 300.223 -16643.1 -3.02526
271000 299.538 -16618.3 4.76612
272000 301.117 -16609.4 1.02731
273000 302.222 -16657.4 1.56902
274000 300.258 -16669.5 1.43443
275000 299.711 -16606.3 0.879543
276000 302.075 -16590.3 11.2179
277000 299.899 -16635.1 -11.6858
278000 299.578 -16654.6 4.07633
279000 299.715 -16700 9.41274
280000 298.255 -16692.1 7.10342
281000 302.133 -16629.3 -11.588
282000 298.773 -16658.8 8.91966
283000 301.525 -16617 -8.09195
284000 300.995 -16628.2 -4.66147
285000 299.208 -16672.4 2.25085
286000 300.595 -16607.7 1.80847
287000 302.28 -16671.1 -4.70388
288000 301.408 -16586.9 0.664694
289000 298.806 -16670 1.79574
290000 298.164 -16622.8 8.55074
291000 299.951 -16654.8 3.43621
292000 298.529 -16713.7 0.164094
293000 299.203 -16707.7 -10.166
294000 299.283 -16615.3 15.6758
295000 300.656 -16610.3 -10.2046
296000 302.223 -16571.3 4.21361
297000 299.585 -16605.8 0.48936
298000 301.623 -16601.9 -6.0979
299000 300.473 -16596 4.16361
300000 300.4 -16644.4 10.0721
301000 300.034 -16606.2 -5.22493
302000 297.831 -16633.4 9.61094
303000 300.033 -16614.7 -1.44499
304000 300.87 -16601.1 -5.36439
305000 298.661 -16658 -5.45167
306000 298.685 -16689 12.726
307000 300.102 -16691.4 0.185616
308000 300.092 -16662.2 -1.31775
309000 297.751 -16677.7 -2.85031
310000 299.712 -16670.6 17.5668
311000 299.111 -16638.7 -11.9092
312000 298.944 -16697.6 12.4588
313000 299.813 -16687.5 4.55374
314000 299.993 -16625 -1.28741
315000 299.712 -16636 -10.1095
316000 299.067 -16697 4.42484
317000 302.017 -16629.9 -1.91849
318000 301.053 -16592.9 6.60381
319000 300.994 -16596.8 -1.23732
320000 299.879 -16600.3 10.9125
321000 300.425 -16682.6 -0.984197
322000 299.828 -16635.6 7.969
323000 297.561 -16719.5 -6.99758
324000 299.403 -16665.3 6.10323
325000 300.032 -16642.7 -10.8592
326000 299.912 -16653.8 -11.9849
327000 299.225 -16664.3 -5.40483
328000 300.941 -16672.8 1.62966
329000 299.141 -16713.2 -1.14186
330000 299.511 -16659 17.0919
331000 301.012 -16553.4 -5.95114
332000 299.328 -16613.6 11.3251
333000 300.966 -16575.1 -13.6997
334000 300.518 -16600.6 9.2915
335000 299.677 -16614.9 3.57625
336000 300.203 -16662.9 -14.3272
337000 299.916 -16628.6 9.65849
338000 299.801 -16700.3 -2.18255
339000 299.75 -16709.1 -2.70525
340000 302.05 -16593.3 -13.0697
341000 300.465 -16649.3 7.8549
342000 299.815 -16625.7 -2.71088
343000 301.58 -16569.6 -0.690355
344000 299.05 -16658.9 6.75504
345000 298.335 -16613.3 4.20183
346000 299.119 -16617.9 10.7323
347000 298.878 -16749 2.71453
348000 299.18 -16700.7 8.70484
349000 300.307 -16705.9 -1.55988
350000 301.192 -16643.5 0.530629
351000 300.302 -16667.6 8.41656
352000 301.774 -16680.3 -11.7455
353000 299.74 -16653.3 12.1609
354000 301.002 -16607.2 4.20013
355000 299.384 -16713.1 11.4356
356000 299.886 -16694.7 12.238
357000 299.876 -16690.3 -15.6114
358000 299.924 -16641.2 12.6405
359000 300.728 -16644.6 -3.60522
360000 299.89 -16675 -8.68589
361000 297.395 -16683.1 5.18237
362000 299.431 -16712.4 -1.27318
363000 300.458 -16654.2 -5.3379
364000 301.017 -16636.1 -7.77012
365000 299.574 -16647.5 3.79352
366000 300.087 -16637.1 -4.6408
367000 299.674 -16615.2 17.5729
368000 300.151 -16679.8 -2.81704
369000 299.34 -16695.3 -6.36448
370000 300.626 -16631.1 4.7533
371000 298.697 -16738.7 -16.0163
372000 300.137 -16704 -7.42812
373000 299.765 -16646.3 17.1259
374000 300.158 -16660.7 -15.2409
375000 301.993 -16608.2 11.6973
376000 300.183 -16591.4 -8.65431
377000 302.479 -16537.6 -0.140063
378000 301.916 -16602 -12.3809
379000 298.359 -16668.6 0.251422
380000 301.171 -16596.2 5.80139
381000 299.104 -16633.1 1.73249
382000 300.144 -16632.7 8.90373
383000 299.331 -16653.5 -0.0938126
384000 298.25 -16682.4 10.2116
385000 297.485 -16765.4 -7.7297
386000 300.859 -16685.8 4.68378
387000 297.89 -16691.2 -5.04572
388000 299.25 -16680.6 8.9654
389000 300.009 -16640.8 6.57882
390000 301.511 -16614.8 -11.0603
391000 300.787 -16673.6 5.7582
392000 301.714 -16655.6 -8.81575
393000 300.322 -16639 13.781
394000 298.917 -16628 -2.50346
395000 300.479 -16611.8 2.14063
396000 300.334 -16654.5 -0.374672
397000 299.079 -16599.4 8.91973
398000 300.727 -16617.4 5.90593
399000 299.71 -16610.7 6.43542
400000 299.45 -16658.8 -12.0792
401000 300.456 -16633.3 5.43392
402000 297.823 -16616.1 10.7959
403000 301.088 -16656.8 -1.44622
404000 301.494 -16654 -7.5938
405000 300.087 -16614.4 0.962283
406000 301.188 -16601.8 -1.02545
407000 301.101 -16560.3 2.47187
408000 300.458 -16606.2 2.94918
409000 299.471 -16654.2 -0.132232
410000 299.055 -16636.1 8.99835
411000 299.948 -16641.4 -4.12224
412000 300.629 -16595.1 11.5392
413000 298.623 -16681.1 8.1421
414000 298.581 -16761.6 -7.0682
415000 299.942 -16720 10.4685
416000 300.94 -16719.2 -8.2564
417000 299.749 -16694.7 3.86768
418000 299.291 -16671.8 1.13393
419000 300.227 -16636.3 16.4395
420000 300.652 -16669.6 -5.60418
421000 299.855 -16726.5 0.522945
422000 300.009 -16735.9 -5.70055
423000 299.471 -16685.8 4.70449
424000 302.475 -16645.8 0.220035
425000 299.339 -16684.8 4.22193
426000 299.385 -16641.4 -21.6243
427000 300.22 -16614.9 10.0299
428000 300.806 -16606.4 1.78996
429000 298.743 -16724.9 6.50668
430000 301.623 -16633.7 -7.50799
431000 299.464 -16640 8.97419
432000 297.172 -16760.5 -3.17363
433000 299.589 -16679.7 12.09
434000 301.104 -16619.7 -6.47062
435000 300.005 -16702 9.24884
436000 297.831 -16731.4 -0.871651
437000 299.383 -16684.6 -13.7309
438000 301.439 -16674 8.63147
439000 299.773 -16655.3 2.86991
440000 300.233 -16620.7 -2.95053
441000 298.979 -16645.5 2.67705
442000 301.094 -16611.9 2.84958
443000 298.77 -16686.8 -10.9731
444000 297.682 -16657.3 25.0957
445000 299.632 -16649.5 12.0309
446000 300.741 -16664.5 -6.87306
447000 298.586 -16708.5 4.48823
448000 299.034 -16742.4 -9.78538
449000 300.784 -16713.9 6.06942
450000 300.174 -16622.9 -0.240417
451000 300.682 -16652.6 -0.185097
452000 301.927 -16579.9 1.37401
453000 301.533 -16645.4 -0.634252
454000 298.686 -16666.6 -0.00302292
455000 299.841 -16688.3 7.26745
456000 301.471 -16609.5 2.03776
457000 301.45 -16604.8 -4.77507
458000 298.18 -16625.3 12.5426
459000 299.017 -16670.6 0.660973
460000 299.726 -16621.8 10.1033
461000 300.047 -16552.5 -11.6879
462000 299.748 -16542.5 0.674569
463000 298.786 -16640.6 1.9351
464000 299.294 -16621.6 17.4831
465000 300.822 -16538.8 1.68228
466000 299.179 -16643.9 1.81714
467000 301.111 -16617.5 1.54519
468000 301.253 -16552.4 4.39917
469000 299.994 -16566 -9.82469
470000 300.151 -16581.1 4.54252
471000 298.775 -16647.9 4.54203
472000 300.073 -16629.1 -12.5891
473000 298.655 -16693.8 -2.8751
474000 299.349 -16629.5 5.12267
475000 297.263 -16671.6 13.2804
476000 298.959 -16700.2 -16.3423
477000 301.695 -16657.7 10.5495
478000 298.604 -16694.8 -4.70873
479000 300.564 -16672 -3.28316
480000 301.768 -16574.2 -9.77393
481000 298.677 -16618.6 3.47374
482000 299.262 -16622.2 -12.4214
483000 302.166 -16575.1 4.26637
484000 298.727 -16607.5 13.6494
485000 300.466 -16572.4 4.72981
486000 299.457 -16667.4 -2.77125
487000 300.302 -16651.9 -4.13647
488000 299.119 -16713.9 5.08083
489000 299.079 -16733 -9.71333
490000 297.735 -16715.9 10.2298
491000 300.072 -16682.9 -11.342
492000 299.768 -16687.3 5.27051
493000 299.972 -16623.3 -4.24388
494000 298.483 -16659.2 -8.79666
495000 298.124 -16666.6 7.43146
496000 299.887 -16664.2 -5.70754
497000 298.108 -16657 3.18939
498000 300.026 -16640.8 16.6942
499000 300.883 -16611.7 4.55407
500000 301.155 -16637.9 -9.31737
501000 300.82 -16646.1 7.31525
502000 300.973 -16604 -2.99804
503000 299.573 -16665.5 -0.719449
504000 299.995 -16668.7 -0.770051
505000 297.888 -16700.1 11.2797
506000 300.745 -16652.5 1.06792
507000 300.232 -16651.4 -3.22899
508000 299.764 -16660.4 -2.08871
509000 299.279 -16670.9 18.2546
510000 300.187 -16637.4 -7.44513
511000 299.389 -16632.9 7.40427
512000 299.049 -16647.7 1.9411
513000 299.867 -16655.6 -1.60992
514000 299.485 -16618.8 3.13406
515000 300.635 -16622.2 -5.25297
516000 300.128 -16603.7 3.53273
517000 299.359 -16617 -1.31436
518000 299.123 -16601.9 0.845053
519000 299.359 -16622.6 3.55229
520000 300.997 -16574.6 -5.5002
521000 299.867 -16621.7 8.42186
522000 301.919 -16587.2 -5.0938
523000 299.253 -16638.7 5.45052
524000 299.154 -16628.4 8.42896
525000 299.826 -16630.8 -4.95756
526000 299.23 -16629.9 0.218952
527000 299.952 -16627.5 -4.69562
528000 299.908 -16600.4 4.28186
529000 299.669 -16584.4 8.93055
530000 299.713 -16587.8 11.8169
531000 300.245 -16611.7 5.70796
532000 300.903 -16556.4 -3.63411
533000 300.945 -16588.9 8.98009
534000 299.231 -16655.7 -7.31129
535000 297.471 -16716.8 7.63884
536000 301.304 -16680.6 0.429012
537000 299.913 -16618.9 4.39431
538000 300.203 -16647.3 -9.46561
539000 301.376 -16606.6 5.16414
540000 301.765 -16592.4 -6.89775
541000 299.402 -16605.6 13.1925
542000 298.97 -16606.1 -1.32451
543000 301.477 -16617.7 10.7678
544000 300.054 -16621.6 3.81476
545000 301.365 -16654.2 -2.93822
546000 299.05 -16576.2 5.1212
547000 299.869 -16617.1 16.6971
548000 299.982 -16601.3 -10.7686
549000 299.02 -16647.8 10.7508
550000 299.31 -16666.6 -0.633357
551000 300.361 -16672.3 0.0377274
552000 298.972 -16638.9 -2.06037
553000 300.514 -16606 0.47055
554000 299.854 -16625.3 9.54152
555000 299.58 -16684.4 -8.70094
556000 302.519 -16632.6 -1.71446
557000 298.959 -16691.7 -9.28243
558000 300.632 -16671.7 4.26076
559000 301.756 -16684.5 -9.89253
560000 300.873 -16656.1 -0.2449
561000 298.993 -16686.8 15.5145
562000 300.629 -16643.1 -6.89058
563000 298.913 -16700.3 1.67886
564000 300.176 -16720.3 7.75921
565000 298.802 -16695.3 -6.52703
566000 299.355 -16648.7 -4.46277
567000 299.304 -16621.6 7.59353
568000 301.453 -16586 8.29444
569000 300.764 -16596.2 -3.09067
570000 299.865 -16672.8 -11.1937
571000 300.1 -16657.3 -9.20478
572000 300.373 -16735.3 12.8159
573000 299.429 -16692.2 -2.74307
574000 300.529 -16701.3 8.26861
575000 300.732 -16643.8 -8.64827
576000 300.359 -16642.9 -6.9216
577000 299.585 -16669.4 -2.49017
578000 300.428 -16657.4 8.86603
579000 301.125 -16638.1 -15.6669
580000 300.228 -16631.5 7.61094
581000 298.317 -16676.9 11.1474
582000 299.015 -16629.9 -10.8477
583000 300.99 -16666.6 1.68846
584000 299.717 -16616.2 -3.99754
585000 302.178 -16618 -1.22188
586000 300.088 -16706.5 -3.16839
587000 298.81 -16713.5 3.57233
588000 299.879 -16717.2 -9.74441
589000 300.089 -16686.3 14.1172
590000 299.816 -16668 -10.9919
591000 299.933 -16672.5 -8.21681
592000 300.033 -16659.2 2.4423
593000 300.308 -16714.7 8.60625
594000 301.163 -16666.8 -9.38615
595000 300.877 -16659 -2.16648
596000 300.159 -16694.9 1.85717
597000 300.223 -16699 -3.26522
598000 300.572 -16675.1 3.8457
599000 300.52 -16646.7 2.66241
600000 299.542 -16680.1 -11.2825
601000 299.511 -16630.8 8.71039
602000 301.811 -16565 -10.6857
603000 299.908 -16627.4 0.698802
604000 299.225 -16689.4 -1.333
605000 300.994 -16677.1 -6.31294
606000 298.006 -16654.6 9.17567
607000 298.298 -16688.9 11.3247
608000 300.911 -16695 -9.2019
609000 300.469 -16666.1 6.95642
610000 298.005 -16680.4 2.62118
611000 300.669 -16666.4 -6.63971
612000 300.01 -16712.1 8.51297
613000 301.018 -16732.5 -2.63071
614000 301.856 -16703.6 -0.673283
615000 299.486 -16704.3 4.12214
616000 300.186 -16658.1 -12.5839
617000 299.467 -16697.6 7.69655
618000 299.521 -16647.2 1.51254
619000 300.033 -16655.6 2.31686
620000 300.134 -16663.1 8.67283
621000 301.216 -16658.7 10.3465
622000 300.132 -16671.8 -0.127426
623000 300.988 -16628.1 7.32935
624000 298.191 -16687.8 11.8212
625000 300.059 -16633.7 -9.99421
626000 299.384 -16644.2 -0.891509
627000 298.263 -16638.2 3.4407
628000 299.412 -16643.7 12.0918
629000 300.161 -16670 -9.93952
630000 300.776 -16616.6 4.45281
631000 299.09 -16662.9 -4.03853
632000 298.472 -16721.5 12.5365
633000 301.091 -16631.4 -18.276
634000 301.688 -16626 0.331149
635000 297.354 -16660 1.39341
636000 299.292 -16657.5 4.80847
637000 297.618 -16699.6 2.22346
638000 300.966 -16660.1 -3.39985
639000 301.46 -16671.8 5.3942
640000 298.536 -16718.1 -14.7789
641000 302.159 -16648.2 -3.39764
642000 300.253 -16642.8 4.04026
643000 298.795 -16665 6.32884
644000 300.445 -16612.9 8.59036
645000 300.393 -16615.8 -5.47506
646000 299.92 -16643 -3.30881
647000 299.281 -16611.5 8.03901
648000 300.806 -16609.4 2.08859
649000 300.472 -16601.5 1.55831
650000 300.892 -16634.6 13.7994
651000 300.126 -16648.8 0.588097
652000 299.478 -16630.1 -0.600413
653000 300.633 -16644.1 -5.01718
654000 300.727 -16681.8 -7.65543
655000 299.384 -16692.1 -3.75226
656000 299.289 -16677.4 -4.15577
657000 299.42 -16671.1 -2.354
658000 300.167 -16664.5 8.15779
659000 301.772 -16613.7 -6.83559
660000 299.165 -16660.9 2.01683
661000 300.166 -16662.3 8.57059
662000 298.774 -16697.7 1.04253
663000 300.073 -16658.5 12.0271
664000 300.942 -16619.7 -5.75295
665000 298.514 -16595 0.448699
666000 299.983 -16586.5 -10.7514
667000 301.999 -16578.4 3.53541
668000 299.151 -16652.8 12.2408
669000 301.522 -16645.4 -1.93816
670000 301.881 -16632.1 2.4356
671000 298.044 -16709.3 -11.3758
672000 299.815 -16709.6 11.2976
673000 298.595 -16669.8 10.6167
674000 300.33 -16621.8 7.40912
675000 300.158 -16653.4 -9.77778
676000 299.497 -16677.5 0.252172
677000 300.57 -16665.6 -2.73487
678000 299.263 -16651.7 7.05178
679000 299.741 -16700.9 6.47349
680000 299.371 -16680.4 -2.08237
681000 300.397 -16647.6 -3.21796
682000 298.63 -16627.4 -6.57267
683000 300.725 -16617.3 12.6222
684000 299.233 -16702.4 -1.26919
685000 300.29 -16687.8 -7.89883
686000 301.537 -16707.1 -9.01096
687000 299.845 -16680.8 -0.603263
688000 301.357 -16592.8 9.91894
689000 301.669 -16662.2 -2.02034
690000 299.818 -16650 -4.60524
691000 298.473 -16656.7 11.7833
692000 301.589 -16648.4 -5.02072
693000 299.733 -16660 -14.9351
694000 300.217 -16726.6 0.271653
695000 299.562 -16677.8 0.127844
696000 300.513 -16597.9 8.60314
697000 299.421 -16627.2 -0.455202
698000 301.31 -16635.9 -7.87904
699000 299.282 -16625.2 3.32273
700000 299.19 -16673.5 -5.94216
701000 300.62 -16624.5 -4.69037
702000 299.431 -16625.1 2.57358
703000 299.8 -16647.6 7.7302
704000 301.06 -16644.5 2.83151
705000 299.87 -16614.4 -12.2049
706000 299.368 -16673.7 -6.465
707000 299.221 -16621.4 6.50126
708000 299.59 -16626.9 8.15236
709000 300.788 -16636.4 -7.0456
710000 299.281 -16635.8 3.94064
711000 302.037 -16577.8 4.18829
712000 299.886 -16639.6 -2.82155
713000 300.752 -16620.2 2.47965
714000 299.609 -16578.2 -5.36529
715000 300.852 -16565.2 7.0724
716000 301.891 -16609.6 -1.51644
717000 301.37 -16603.9 -5.32331
718000 302.055 -16594.1 12.7005
719000 297.506 -16689.2 -3.16746
720000 299.112 -16649.4 -2.70386
721000 298.106 -16722.8 6.6831
722000 301.841 -16641.2 -3.34956
723000 300.915 -16665.8 -3.47164
724000 301.342 -16626 6.37192
725000 299.615 -16626.5 1.5957
726000 300.16 -16636.4 4.96131
727000 300.231 -16628 0.263193
728000 301.482 -16615.6 -9.37119
729000 302.7 -16535.6 9.6992
730000 299.844 -16627.2 -4.94793
731000 300.828 -16627.9 3.85579
732000 300.661 -16626.8 -9.61542
733000 301.043 -16579.6 4.39787
734000 301.373 -16644.6 -8.44656
735000 300.668 -16602 3.74342
736000 300.336 -16661.5 1.22961
737000 300.653 -16638.2 15.5532
738000 299.408 -16640.2 -4.43305
739000 299.727 -16670.8 -2.66665
740000 299.072 -16677.5 -1.41264
741000 298.481 -16621.8 -0.485676
742000 298.83 -16634.2 13.8219
743000 301.127 -16660.8 -4.67383
744000 300.266 -16648.3 1.55692
745000 300.734 -16666.2 -13.088
746000 300.237 -16643.8 8.14187
747000 297.413 -16643.6 7.8799
748000 299.469 -16635.6 -0.696285
749000 298.031 -16664.1 6.72124
750000 299.732 -16633.8 -7.93111
751000 299.092 -16660.8 -2.58514
752000 300.521 -16662.5 -4.01444
753000 299.54 -16707.8 0.624114
754000 299.555 -16632.6 -5.93571
755000 300.903 -16594.1 -6.26078
756000 300.283 -16675.1 19.6687
757000 300.886 -16665 -6.35341
758000 299.735 -16595.8 -4.26226
759000 301.501 -16528.6 1.24524
760000 299.317 -16607.9 -2.78682
761000 299.479 -16627 5.20214
762000 300.819 -16583.6 -0.398421
763000 300.366 -16603.2 0.23484
764000 299.366 -16649.5 5.78534
765000 298.75 -16734.1 -3.65113
766000 301.554 -16693.6 14.0621
767000 299.702 -16688.5 6.93686
768000 300.805 -16604 7.47641
769000 301.269 -16647.4 3.38083
770000 301.664 -16594.6 -1.80613
771000 299.969 -16600.2 -4.56066
772000 300.027 -16610.4 14.1682
773000 299.682 -16613.9 -6.19625
774000 301.065 -16650 0.318524
775000 301.263 -16660.9 6.68799
776000 298.697 -16656.1 9.09831
777000 301.806 -16609.9 -1.01164
778000 301.196 -16588.3 2.31487
779000 301.494 -16583.8 7.27962
780000 300.981 -16645.2 16.8242
781000 297.998 -16728.6 -4.03602
782000 300.541 -16653.5 12.8331
783000 301.027 -16677.4 -3.83428
784000 300.204 -16660.2 -1.58985
785000 300.291 -16636.7 -2.63875
786000 298.581 -16609.7 12.9416
787000 300.363 -16622.8 -0.230419
788000 299.382 -16592.7 -6.91942
789000 299.435 -16606.3 8.04636
790000 300.219 -16594.6 -4.19015
791000 300.28 -16594.2 12.4809
792000 300.827 -16583.9 -3.88416
793000 300.473 -16628.6 4.674
794000 303.01 -16655.4 -4.35175
795000 301.682 -16627.5 -10.0448
796000 298.066 -16682 2.98972
797000 298.776 -16689.8 7.09681
798000 298.087 -16675.7 -9.21914
799000 300.005 -16679.8 4.15717
800000 300.231 -16656.5 -3.70248
801000 299.528 -16668 2.36841
802000 301.345 -16659.5 -12.628
803000 300.752 -16659.4 2.49145
804000 300.011 -16637.7 -1.04775
805000 299.335 -16683.2 0.15657
806000 300.355 -16634.5 1.79209
807000 300.621 -16645.1 1.90668
808000 300.358 -16663.2 4.16956
809000 298.557 -16661.1 0.147678
810000 300.262 -16635.1 0.0177389
811000 302.111 -16627.1 -5.83111
812000 299.316 -16619.9 -1.93054
813000 299.442 -16619 11.3617
814000 299.763 -16606.6 4.24491
815000 300.065 -16609.3 1.75304
816000 300.543 -16630.7 -3.97663
817000 299.263 -16631.3 6.81622
818000 299.537 -16639.4 -3.07669
819000 301.953 -16631 -9.55676
820000 299.603 -16659 4.81968
821000 300.665 -16617.2 5.88572
822000 298.209 -16623.3 7.95187
823000 300.732 -16569.9 -10.8238
824000 302.051 -16600.7 2.51804
825000 300.454 -16612.6 6.81473
826000 299.714 -16618.5 -5.49417
827000 299.59 -16655.4 -1.63049
828000 300.771 -16598.7 3.29801
829000 301.362 -16599.5 6.02542
830000 300.163 -16588.7 5.38885
831000 298.618 -16650.6 5.61425
832000 297.952 -16686.3 8.53066
833000 301.636 -16619.5 3.23533
834000 301.274 -16638.7 -8.1248
835000 300.006 -16643.7 15.5386
836000 298.288 -16680.8 -1.34435
837000 299.352 -16653 8.89242
838000 298.55 -16679.9 -3.32815
839000 300.091 -16629.5 0.219947
840000 300.081 -16662.7 -8.37743
841000 298.951 -16708.4 14.7573
842000 300.826 -16640.5 -1.14402
843000 300.717 -16583.1 12.476
844000 301.221 -16565.2 -11.7524
845000 300.005 -16558.4 3.95704
846000 299.784 -16633.8 21.4482
847000 299.743 -16631.4 -0.113617
848000 300.637 -16651.7 -0.965374
849000 301.528 -16599.3 9.03401
850000 300.696 -16679.4 -12.9399
851000 298.706 -16668.4 -0.727288
852000 299.452 -16650.7 6.5647
853000 299.883 -16618.7 -3.72583
854000 298.166 -16665.4 7.80414
855000 300.42 -16645.5 -3.60804
856000 299.367 -16637.1 -1.28729
857000 302.647 -16594 -2.83609
858000 300.83 -16568.4 -2.87623
859000 298.995 -16624.7 11.5793
860000 298.328 -16652 -4.92131
861000 299.63 -16705.5 2.39148
862000 298.127 -16705.7 -0.558952
863000 301.217 -16653.8 -2.87741
864000 299.266 -16676.7 1.19303
865000 297.84 -16702.2 9.6859
866000 300.323 -16703 2.20496
867000 299.811 -16680.3 7.05169
868000 299.818 -16707.3 -3.78729
869000 299.905 -16743.4 -5.07951
870000 300.025 -16700.7 10.3786
871000 300.652 -16672.6 -8.48265
872000 300.426 -16700.4 5.99067
873000 299.316 -16686.3 -12.4472
874000 300.617 -16639.3 9.72487
875000 299.518 -16628.1 -3.04437
876000 300.313 -16610.1 3.41248
877000 298.707 -16696.9 -7.35968
878000 300.667 -16585.4 9.79985
879000 300.83 -16678.2 -9.60044
880000 299.419 -16682.7 0.929186
881000 300.559 -16572.9 -1.27573
882000 298.262 -16661.4 -18.545
883000 299.609 -16625.6 9.05549
884000 297.184 -16711.4 2.82087
885000 299 -16628 6.60608
886000 300.573 -16652.3 -9.4836
887000 300.879 -16644.8 0.180864
888000 300.526 -16618.5 8.81029
889000 300.773 -16624 -2.82688
890000 299.62 -16667.3 4.85022
891000 298.561 -16712.9 -1.44826
892000 300.034 -16728.5 11.4619
893000 301.25 -16706.2 -5.66123
894000 300.907 -16676.6 -5.66312
895000 299.846 -16643.2 14.7162
896000 300.659 -16609.2 -1.15022
897000 298.88 -16645.9 7.21589
898000 299.423 -16634.3 -15.4618
899000 300.019 -16602.4 -2.4259
900000 299.766 -16634.6 7.31108
901000 299.56 -16620.9 3.39221
902000 298.566 -16605 -0.886198
903000 300.198 -16579 8.66847
904000 298.964 -16740.2 -1.00956
905000 300.662 -16645.9 7.58261
906000 300.267 -16641.6 -3.83177
907000 301.131 -16624.6 -3.58338
908000 301.635 -16669.2 6.85406
909000 300.004 -16661 -3.55055
910000 299.778 -16638.4 7.76753
911000 299.812 -16624.5 -0.039538
912000 300.249 -16644.9 -8.99788
913000 300.368 -16667.5 9.00313
914000 300.829 -16665.2 3.49447
915000 300.07 -16679.9 -0.932181
916000 301.423 -16611.5 19.8741
917000 301.735 -16648.5 -13.2607
918000 300.59 -16610.2 1.22893
919000 299.904 -16613.5 0.747739
920000 299.406 -16632.8 2.58924
921000 300.162 -16676.2 -3.77816
922000 298.436 -16706.4 0.311403
923000 300.877 -16691 9.57258
924000 301.836 -16624.1 -8.33431
925000 300.64 -16583.8 0.235518
926000 300.39 -16575.5 6.14888
927000 300.643 -16628 5.96541
928000 298.783 -16639 -11.9779
929000 299.179 -16644.7 -0.798019
930000 301.294 -16614 6.78426
931000 298.996 -16588 7.93787
932000 301.482 -16606.4 9.03252
933000 300.948 -16612.1 -4.26609
934000 301.366 -16589.4 2.76547
935000 299.907 -16624.1 12.4907
936000 300.053 -16612.3 1.41936
937000 301.508 -16587.2 0.595523
938000 299.986 -16690.5 -1.5616
939000 299.792 -16667.6 5.71132
940000 299.431 -16642.6 8.15809
941000 301.937 -16590.4 6.25963
942000 301.896 -16615.9 -7.28144
943000 300.361 -16627.6 4.28758
944000 301.231 -16609.9 -5.54149
945000 300.247 -16664.5 -1.40876
946000 298.589 -16633.4 3.79712
947000 301.042 -16587.9 1.92537
948000 298.547 -16678.8 2.68157
949000 303.104 -16677.3 -11.1533
950000 301.582 -16622.2 5.96098
951000 302.096 -16612.4 -5.49532
952000 299.332 -16611.9 11.0131
953000 299.709 -16637.5 -9.96973
954000 301.746 -16619.2 4.21303
955000 300.698 -16609.8 -7.00571
956000 301.01 -16594 16.4657
957000 300.789 -16593.2 -11.25
958000 298.085 -16664.7 -0.131799
959000 301.552 -16627.5 3.15617
960000 300.009 -16658.4 0.979558
961000 299.097 -16699.1 9.42619
962000 297.655 -16711.8 0.398737
963000 299.136 -16711.9 6.93006
964000 300.125 -16628 -5.3318
965000 299.032 -16625.6 6.82773
966000 299.268 -16606.5 -6.42792
967000 299.79 -16631 10.1073
968000 299.263 -16632.4 -2.92532
969000 297.109 -16643.6 7.51253
970000 301.027 -16547.5 3.23585
971000 301.561 -16551.5 1.23173
972000 299.636 -16648.2 -2.05013
973000 300.205 -16595.5 5.09036
974000 299.87 -16586.5 3.03548
975000 301.061 -16571.3 1.74218
976000 299.086 -16653.5 2.71041
977000 298.862 -16654 -0.890037
978000 300.402 -16639.8 4.83502
979000 301.098 -16580 6.23302
980000 299.534 -16603.8 5.37008
981000 299.735 -16572.2 -9.6674
982000 300.636 -16624.3 11.7493
983000 299.434 -16679.6 -10.0307
984000 301.25 -16639.2 0.319322
985000 299.846 -16645.8 -3.16931
986000 301.642 -16702.9 2.7607
987000 299.177 -16719.4 0.775278
988000 300.518 -16666.2 10.5647
989000 302.001 -16628.2 0.668779
990000 299.432 -16655.9 9.57885
991000 300.766 -16647.1 -4.7731
992000 299.363 -16643.6 10.9923
993000 300.905 -16663.3 -1.93966
994000 297.195 -16669.8 11.7259
995000 299.502 -16616.2 4.62398
996000 300.838 -16672 2.35287
997000 300.108 -16652.1 4.38779
998000 302.187 -16584.4 2.02302
999000 298.913 -16628.1 -20.3257
1000000 298.813 -16648.6 7.23169
1001000 300.783 -16632.7 -7.29776
1002000 299.614 -16684.7 8.97046
1003000 301.661 -16623.2 -8.51215
1004000 301.148 -16644.1 0.436897
1005000 300.312 -16589.6 0.908219
1006000 300.067 -16613.2 -8.99362
1007000 299.476 -16609.3 6.93923
1008000 298.396 -16678.7 -4.03827
1009000 300.537 -16642 -8.40553
1010000 300.697 -16669.9 14.9856
1011000 298.712 -16634.6 0.623142
1012000 298.564 -16698 1.16268
1013000 299.663 -16615 3.09972
1014000 299.31 -16623.2 -14.8078
1015000 298.443 -16624.6 18.3084
1016000 301.152 -16573.4 -0.3885
1017000 299.423 -16583.8 6.02041
1018000 301.142 -16616.1 -7.82317
1019000 299.892 -16631.9 1.03773
1020000 300.408 -16635.2 7.98094
1021000 297.984 -16642.4 3.96725
1022000 300.525 -16637.8 -7.09308
1023000 300.615 -16646.9 4.0244
1024000 300.956 -16629.5 3.04221
1025000 300.701 -16639.9 -1.5706
1026000 300.178 -16659.9 10.0222
1027000 299.713 -16676.9 -0.996323
1028000 297.765 -16704.2 6.74112
1029000 299.606 -16694.3 7.83752
1030000 298.764 -16662.3 -13.4038
1031000 300.304 -16590.2 3.19114
1032000 299.676 -16625.1 15.0625
1033000 299.887 -16646.1 -0.605971
1034000 300.443 -16686.8 -5.62056
1035000 299.201 -16654.9 -4.20257
1036000 302.146 -16587.8 -4.83325
1037000 300.322 -16643.9 10.683
1038000 298.965 -16603.3 -6.33567
1039000 299.806 -16583.8 4.89851
1040000 299.998 -16647.4 -5.49767
1041000 301.035 -16653.5 11.4963
1042000 300.927 -16616.8 4.30842
1043000 300.178 -16663.1 -9.55146
1044000 300.951 -16596.9 6.10913
1045000 298.817 -16714.5 1.29295
1046000 299.783 -16646.2 3.18037
1047000 301.401 -16587.2 -5.52372
1048000 299.846 -16633.5 11.5541
1049000 300.563 -16615.4 -7.9747
1050000 300.215 -16643 -5.35501
1051000 299.116 -16666.5 3.07658
1052000 298.745 -16656.2 7.1144
1053000 299.714 -16648.7 -3.73931
1054000 300.005 -16665.2 -2.57231
1055000 299.48 -16653.8 4.27342
1056000 299.689 -16585 -7.47609
1057000 300.839 -16582.4 2.35254
1058000 299.327 -16663.3 9.15186
1059000 299.628 -16635.1 -6.93793
1060000 300.82 -16645.9 13.0564
1061000 297.529 -16686.6 -6.99859
1062000 299.777 -16681.6 1.18447
1063000 298.64 -16648 7.73945
1064000 300.149 -16622.9 -6.94502
1065000 300.647 -16565.1 4.49465
1066000 301.804 -16562.6 -3.10275
1067000 300.574 -16624.7 -3.98641
1068000 298.979 -16635.6 9.64142
1069000 301.282 -16627.6 -2.11466
1070000 299.957 -16603 1.6615
1071000 299.962 -16627.1 3.98433
1072000 300.012 -16689.3 10.9787
1073000 301.767 -16647.1 -8.69796
1074000 301.368 -16653 9.50658
1075000 299.642 -16642.6 1.34803
1076000 300.894 -16678.9 -2.90377
1077000 298.903 -16633.8 3.8414
1078000 300.42 -16636.2 2.63133
1079000 298.12 -16641.2 12.0173
1080000 299.235 -16670.8 5.54148
1081000 300.268 -16636.4 12.0413
1082000 299.832 -16688.9 -2.49335
1083000 300.257 -16685.8 -7.74635
1084000 298.481 -16714.6 8.14315
1085000 298.962 -16703.7 2.32033
1086000 300.295 -16672.8 -2.9031
1087000 298.818 -16630.5 15.9566
1088000 300.75 -16647.8 9.86495
1089000 298.443 -16661.6 -9.10027
1090000 300.185 -16647.7 2.95089
1091000 299.917 -16618.8 3.75459
1092000 301.601 -16579.8 0.645756
1093000 300.8 -16593.4 -2.67733
1094000 301.066 -16620 -4.76419
1095000 300.593 -16648.7 -3.90505
1096000 299.759 -16646 -9.04779
1097000 299.01 -16645.3 18.281
1098000 300.263 -16660.9 3.71801
1099000 301.135 -16647.6 7.7969
1100000 300.029 -16691.3 -8.06735
1101000 299.753 -16620.1 3.05572
1102000 301.798 -16611.1 16.9275
1103000 300.876 -16621.2 -6.13715
1104000 298.018 -16700.7 -4.57696
1105000 301.635 -16597.1 21.0639
1106000 299.56 -16630.1 -4.69301
1107000 300.01 -16629.9 9.83276
1108000 300.544 -16667 1.13473
1109000 302.377 -16704.8 -11.8823
1110000 302.342 -16663.1 7.48834
1111000 299.528 -16698.4 -1.57015
1112000 299.883 -16732.4 1.7188
1113000 299.895 -16712.1 7.20807
1114000 300.809 -16654 10.9006
1115000 297.306 -16716.8 -1.03099
1116000 299.624 -16716.5 3.31436
1117000 298.932 -16698.8 -2.45366
1118000 301.656 -16606.2 3.27063
1119000 299.051 -16684.2 6.51733
1120000 302.593 -16610.8 -15.7596
1121000 299.468 -16628.8 9.76424
1122000 299.99 -16598.6 -2.44863
1123000 298.871 -16625.8 2.30673
1124000 302.079 -16605.2 0.553956
1125000 300.473 -16648.2 3.96262
1126000 297.285 -16688.9 11.3064
1127000 300.822 -16644.2 1.36625
1128000 300.275 -16618.5 -7.40611
1129000 300.829 -16543.7 9.24698
1130000 300.104 -16657.3 -9.20697
1131000 298.392 -16713.6 15.3772
1132000 299.752 -16645.8 -15.5846
1133000 298.04 -16683.5 -3.47863
1134000 298.651 -16642.8 16.7409
1135000 298.791 -16640.3 -6.94455
1136000 300.451 -16588.6 -0.684836
1137000 300.253 -16592.9 0.72204
1138000 300.173 -16626.6 1.26304
1139000 298.446 -16658 -2.85135
1140000 299.996 -16623.3 3.12198
1141000 299.351 -16661.4 -10.07
1142000 299.479 -16673.2 1.8109
1143000 299.754 -16617 6.93189
1144000 300.416 -16654.4 0.255003
1145000 299.231 -16680.2 2.65423
1146000 298.947 -16659.1 -8.44263
1147000 300.397 -16636.8 -7.25554
1148000 299.064 -16632.1 2.99237
1149000 300.843 -16589.3 3.65587
1150000 300.184 -16610.3 -8.06276
1151000 301.36 -16618.1 16.1098
1152000 300.187 -16608.4 1.01978
1153000 299.221 -16654.6 18.1653
1154000 300.241 -16579.2 -9.14796
1155000 301.035 -16544.6 11.281
1156000 298.817 -16607.2 12.4192
1157000 299.125 -16640.1 4.79002
1158000 299.519 -16650.8 -3.63801
1159000 300.602 -16632.1 2.50185
1160000 301.143 -16632.6 -11.4958
1161000 299.022 -16679.8 -0.586372
1162000 299.73 -16674.8 1.41752
1163000 299.446 -16690.1 8.52826
1164000 300.016 -16683.6 -9.20171
1165000 300.957 -16595.4 5.75189
1166000 301.675 -16597.1 -2.77062
1167000 301.493 -16590.3 -5.84154
1168000 300.514 -16599.3 -3.07691
1169000 299.169 -16630.4 7.10761
1170000 298.868 -16659 -3.21111
1171000 299.633 -16652.8 10.2872
1172000 300.248 -16645.6 -3.67829
1173000 302.471 -16595.5 -9.23859
1174000 298.747 -16677.2 -3.92875
1175000 300.752 -16648.4 13.8435
1176000 302.42 -16582.8 8.37482
1177000 301.527 -16646 -3.82925
1178000 299.034 -16699.7 1.2014
1179000 300.044 -16649.1 7.92277
1180000 299.844 -16675.7 -0.821379
1181000 300.025 -16693.9 -4.78342
1182000 300.745 -16647.7 -4.15617
1183000 298.75 -16730.2 0.875226
1184000 300.172 -16699 2.95118
1185000 297.972 -16694.8 -8.25042
1186000 299.4 -16618.8 12.0943
1187000 299.254 -16601.8 2.57726
1188000 299.235 -16639.5 -11.4984
1189000 299.943 -16621.8 7.6711
1190000 301.511 -16611 -0.164445
1191000 299.114 -16668.2 6.02292
1192000 300.023 -16688.3 -11.7477
1193000 297.978 -16695.9 -10.6363
1194000 298.675 -16645.2 17.4557
1195000 298.574 -16680.2 4.87148
1196000 302.78 -16604.5 0.231897
1197000 300.672 -16589.9 0.093111
1198000 300.684 -16571.7 -1.90303
1199000 299.44 -16638.5 4.47165
1200000 299.858 -16646.9 6.36249
1201000 298.918 -16628.2 -0.388194
1202000 298.844 -16626.4 -17.8682
1203000 300.931 -16667.6 11.3036
1204000 299.812 -16685.3 3.37782
1205000 300.097 -16651.3 -0.83082
1206000 298.072 -16665.4 7.76969
1207000 300.324 -16621.7 1.18016
1208000 299.183 -16681.2 4.02113
1209000 298.474 -16714.6 9.26954
1210000 300.01 -16679.5 -1.51512
1211000 298.666 -16702.6 -8.04524
1212000 300.652 -16679.3 -6.97464
1213000 300.079 -16671 0.859796
1214000 298.073 -16646.7 11.6536
1215000 301.638 -16612.1 0.527951
1216000 299.187 -16643.1 5.2716
1217000 301.231 -16520.5 0.673309
1218000 301.881 -16530.3 7.62661
1219000 300.277 -16619 -6.7627
1220000 300.02 -16666 -0.704428
1221000 298.708 -16677.6 -0.718228
1222000 300.016 -16652.5 4.99696
1223000 300.965 -16661.7 -6.06156
1224000 300.036 -16586.3 0.300445
1225000 299.609 -16658 -1.12008
1226000 300.409 -16658.8 10.2376
1227000 298.779 -16660.2 -5.01563
1228000 300.799 -16630.6 -6.25853
1229000 301.17 -16630.7 -10.348
1230000 298.508 -16658.1 7.29864
1231000 299.441 -16618.1 -2.31015
1232000 301.536 -16636.9 2.65211
1233000 300.368 -16715.3 2.2445
1234000 298.229 -16749 -1.93157
1235000 301.503 -16626.5 7.73603
1236000 299.868 -16685.6 -6.36402
1237000 300.409 -16646.1 4.33613
1238000 300.623 -16573.2 -6.42542
1239000 300.297 -16639.9 10.2223
1240000 298.512 -16684.7 -11.2419
1241000 300.161 -16610.2 15.0404
1242000 300.137 -16688.1 -1.41568
1243000 300.556 -16676.7 -0.722062
1244000 298.495 -16702.5 -7.8554
1245000 299.642 -16621.3 5.93628
1246000 301.004 -16595.1 -9.54066
1247000 302.032 -16552.9 -8.08953
1248000 299.161 -16614 0.860321
1249000 299.727 -16658.3 -4.39277
1250000 300.601 -16640.4 2.8827
1251000 302.098 -16576.5 -8.98089
1252000 300.132 -16599.7 14.9647
1253000 301.074 -16640.2 -19.9764
1254000 298.049 -16718.9 9.62302
1255000 301.295 -16646.9 6.30473
1256000 300.505 -16626.8 -1.54588
1257000 300.051 -16616.5 4.5423
1258000 300.651 -16615.5 -15.2043
1259000 301.075 -16629.5 -1.22852
1260000 299.215 -16660.1 1.17304
1261000 299.166 -16663 -6.55379
1262000 300.25 -16665.8 7.42058
1263000 298.182 -16644.8 11.6009
1264000 299.785 -16639 -2.25217
1265000 299.185 -16651.8 6.03573
1266000 300.515 -16641.4 19.8985
1267000 297.81 -16707.3 -9.69327
1268000 301.163 -16670.7 -4.91129
1269000 298.856 -16686.3 3.6111
1270000 299.73 -16666.3 7.96711
1271000 299.752 -16691.7 5.49164
1272000 300.215 -16683.2 6.36224
1273000 301.47 -16610.7 1.3997
1274000 298.837 -16680.7 3.38755
1275000 302.785 -16628.9 2.03174
1276000 299.121 -16628.6 1.15015
1277000 298.137 -16679.3 -4.7041
1278000 300.828 -16607 0.111335
1279000 300.927 -16632 -1.95103
1280000 297.906 -16650.2 7.45579
1281000 301.681 -16568.7 1.54872
1282000 299.337 -16602.5 -6.17005
1283000 298.829 -16618.2 11.6597
1284000 299.476 -16640.1 -6.21515
1285000 299.434 -16645.2 12.1807
1286000 301.155 -16630.9 -2.84586
1287000 298.945 -16701 11.0795
1288000 301.531 -16647 -6.96742
1289000 300.183 -16645.5 17.0395
1290000 301.977 -16641.5 -6.49297
1291000 299.916 -16666.6 3.17308
1292000 302.241 -16619 -9.56826
1293000 300.239 -16629.7 11.4309
1294000 299.855 -16625.3 -2.4368
1295000 299.719 -16686.5 -13.2337
1296000 300.675 -16658 10.4904
1297000 300.834 -16657.1 -3.00268
1298000 300.711 -16635 2.01138
1299000 300.201 -16698.4 -6.40369
1300000 300.404 -16706.7 2.05468
1301000 299.282 -16703.6 -6.84885
1302000 300.113 -16675.5 9.25318
1303000 299.922 -16679.1 3.00754
1304000 301.167 -16601.7 0.917373
1305000 301.388 -16660.7 9.42615
1306000 299.585 -16721 -10.641
1307000 299.828 -16674.4 0.160292
1308000 299.433 -16693.7 4.60045
1309000 299.362 -16687.2 11.041
1310000 302.464 -16630.5 -8.56
1311000 300.695 -16682.7 4.44349
1312000 300.893 -16659.9 -9.44655
1313000 297.824 -16706.8 -11.2435
1314000 298.863 -16686.2 11.0419
1315000 301.726 -16645.8 -1.2104
1316000 299.509 -16621.5 12.6918
1317000 297.598 -16627.9 -4.47409
1318000 299.615 -16689.4 5.12659
1319000 298.305 -16683.8 0.940967
1320000 301.038 -16595.8 -0.597685
1321000 300.927 -16628.3 -2.85304
1322000 299.196 -16627.7 0.378907
1323000 300.341 -16597.5 2.81942
1324000 299.828 -16612.1 -0.752921
1325000 300.904 -16669 6.45377
1326000 301.07 -16666.6 -4.85146
1327000 301.575 -16642 6.03642
1328000 301.854 -16662.4 -5.51701
1329000 299.118 -16678.1 -12.4208
1330000 300.975 -16625.2 11.8689
1331000 300.799 -16655.1 2.66704
1332000 298.126 -16686.1 0.340069
1333000 299.243 -16655.1 -6.79782
1334000 300.63 -16691.2 16.0275
1335000 298.971 -16708.1 0.787084
1336000 299.063 -16711.8 -0.215338
1337000 299.158 -16763.4 0.478263
1338000 299.718 -16708.6 -3.03845
1339000 300.87 -16704.9 -9.48553
1340000 300.224 -16649.4 -5.17401
1341000 300.379 -16640.4 -6.53714
1342000 301.027 -16618.7 -1.53519
1343000 300.9 -16628.9 -5.51439
1344000 300.055 -16598.3 -0.824825
1345000 300.357 -16606.8 6.60239
1346000 300.65 -16653.7 5.04458
1347000 301.679 -16577.4 7.47261
1348000 299.935 -16603 -0.669803
1349000 300.976 -16640 5.54433
1350000 299.369 -16690 1.37272
1351000 298.805 -16739.9 -10.0995
1352000 299.023 -16719.2 9.68144
1353000 297.839 -16704.9 -12.3417
1354000 299.228 -16675.7 7.14997
1355000 300.612 -16665.5 -4.79747
1356000 298.795 -16635.4 2.21642
1357000 299.444 -16710.1 -4.43921
1358000 298.847 -16662.2 9.58633
1359000 298.832 -16681.7 5.72828
1360000 300.805 -16640.9 11.1646
1361000 300.507 -16642.8 -3.42018
1362000 301.678 -16649 -15.0295
1363000 301.916 -16643.5 9.77276
1364000 299.96 -16638.6 -5.32663
1365000 299.802 -16682.2 0.930738
1366000 299.93 -16676.8 -2.15502
1367000 300.483 -16695 7.03039
1368000 300.974 -16679.8 -3.00852
1369000 300.406 -16605.3 4.08653
1370000 298.536 -16615.6 1.63043
1371000 300.099 -16602.1 2.94469
1372000 299.183 -16626 4.96431
1373000 300.875 -16602 3.79501
1374000 299.342 -16604.4 6.14292
1375000 299.569 -16608 6.85169
1376000 300.919 -16628.9 4.87587
1377000 299.827 -16613.3 0.858496
1378000 300.354 -16582.1 -2.40603
1379000 300.781 -16644.8 -4.5284
1380000 300.922 -16624.9 0.620883
1381000 298.848 -16609.5 0.580228
1382000 300.562 -16617.9 5.77333
1383000 300.114 -16680.5 -4.35051
1384000 299.092 -16621 19.6354
1385000 299.863 -16616.5 -4.55758
1386000 300.545 -16604.2 3.76148
1387000 298.586 -16670.1 -3.04197
1388000 300.296 -16693.2 3.11425
1389000 298.847 -16725.1 1.49161
1390000 298.539 -16714.6 10.0595
1391000 300.579 -16667.4 -5.36967
1392000 301.32 -16606.7 0.831351
1393000 298.468 -16677.9 2.34276
1394000 300.016 -16661.4 -12.3763
1395000 299.562 -16666.4 5.43799
1396000 300.153 -16662.3 0.591097
1397000 299.7 -16680.7 4.49975
1398000 300.002 -16692.3 -5.6552
1399000 301.576 -16706.1 0.627754
1400000 300.389 -16688 2.92483
1401000 299.223 -16717 3.53977
1402000 299.559 -16620.8 9.31863
1403000 300.292 -16609.7 -9.00742
1404000 301.868 -16591.3 7.95342
1405000 299.472 -16663 -8.17517
1406000 299.142 -16644.8 12.8019
1407000 299.331 -16638.9 -12.4981
1408000 299.584 -16641.6 -0.558225
1409000 300.548 -16623.1 -1.33348
1410000 300.235 -16686.1 12.8227
1411000 300.399 -16676.3 2.34611
1412000 298.243 -16674.2 6.37587
1413000 300.082 -16714.3 -23.5905
1414000 299.927 -16675.6 11.9741
1415000 299.895 -16659.8 -8.22929
1416000 300.037 -16668.4 6.07873
1417000 301.912 -16555.7 7.34333
1418000 300.71 -16652.6 5.14507
1419000 301.477 -16613.6 -4.9545
1420000 299.06 -16646.8 1.49879
1421000 298.145 -16669.3 1.11266
1422000 299.992 -16635.5 -3.98128
1423000 300.886 -16651.7 11.451
1424000 298.623 -16684.4 -1.54289
1425000 301.615 -16634 5.62984
1426000 300.134 -16640.4 -9.52489
1427000 300.454 -16675.3 -9.95244
1428000 298.652 -16652.5 -5.63007
1429000 299.901 -16603.4 -4.71068
1430000 297.828 -16671.8 11.5969
1431000 300.173 -16648.2 -5.96995
1432000 297.655 -16668.3 4.91469
1433000 300.18 -16671.1 -10.6012
1434000 301.042 -16655.6 1.97215
1435000 300.882 -16675.4 8.68828
1436000 300.817 -16595.4 -19.5114
1437000 300.435 -16614.4 5.10486
1438000 298.493 -16701.8 -9.71248
1439000 301.167 -16639.3 14.5919
1440000 301.59 -16649.3 2.89133
1441000 298.783 -16651.7 2.26986
1442000 300.503 -16680.4 8.07289
1443000 300.632 -16674.9 0.205116
1444000 299.372 -16621.3 -5.26529
1445000 300.051 -16596.9 -6.44985
1446000 300.077 -16665.5 4.90584
1447000 300.187 -16665.3 -9.99826
1448000 298.783 -16716.7 12.7771
1449000 300.439 -16686.3 7.18091
1450000 300.173 -16632 -12.2996
1451000 297.942 -16649.1 2.03714
1452000 301.368 -16657 -2.0084
1453000 300.922 -16630.2 7.20285
1454000 299.277 -16661.1 5.05799
1455000 301.713 -16657.3 -2.57182
1456000 299.136 -16677.2 -4.78422
1457000 299.031 -16697.3 6.28992
1458000 300.309 -16662.4 0.345357
1459000 299.263 -16673.8 4.22174
1460000 301.267 -16665.8 -12.1553
1461000 300.033 -16688 -1.83781
1462000 299.406 -16713.4 13.1461
1463000 298.91 -16680.8 0.334693
1464000 302.201 -16614.5 -11.5726
1465000 301.373 -16675.4 -0.869134
1466000 300.402 -16629.7 -6.30373
1467000 300.171 -16636.8 -1.3035
1468000 300.175 -16694.4 11.8768
1469000 301.128 -16601.8 -1.00864
1470000 300.389 -16602.1 0.214308
1471000 298.722 -16623.5 8.35734
1472000 299.3 -16692 -4.75396
1473000 299.862 -16676.5 1.89652
1474000 298.394 -16728.5 1.19659
1475000 299.958 -16706.6 -0.14472
1476000 299.077 -16711.1 0.910136
1477000 300.468 -16696.5 -15.4292
1478000 301.377 -16623.2 -0.987991
1479000 300.86 -16600.6 0.772979
1480000 299.03 -16637.9 4.36388
1481000 298.976 -16638.9 -3.97077
1482000 299.576 -16630.2 -3.39805
1483000 300.003 -16649 -0.998057
1484000 301.23 -16641.4 6.20558
1485000 298.907 -16676.5 -5.02463
1486000 298.434 -16728.1 8.69017
1487000 300.319 -16676 -0.339915
1488000 299.642 -16703.5 -9.64999
1489000 299.414 -16678.8 9.4634
1490000 299.602 -16682.8 -15.151
1491000 300.712 -16598.4 5.27746
1492000 298.134 -16635.3 -12.4325
1493000 300.013 -16645 -3.1171
1494000 298.353 -16617.7 9.82223
1495000 301.134 -16660.4 -2.29008
1496000 299.528 -16678.3 -3.96097
1497000 299.523 -16728.7 16.0154
1498000 300 -16629.6 -9.01823
1499000 299.715 -16652.9 -1.84847
1500000 299.714 -16595.1 12.3743
1501000 298.945 -16682 5.06886
1502000 301.022 -16664.1 -0.302054
1503000 299.939 -16677.4 -3.41714
1504000 299.587 -16653.6 3.47605
1505000 299.616 -16646.2 7.59349
1506000 299.542 -16679.8 -1.34892
1507000 299.671 -16649.8 1.78314
1508000 300.969 -16632.8 0.87526
1509000 300.592 -16606.4 2.09162
1510000 301.822 -16589.2 2.144
1511000 300.301 -16603.5 -6.24608
1512000 299.591 -16666.3 -5.71006
1513000 298.174 -16713.8 17.2411
1514000 300.677 -16609.2 6.35996
1515000 301.142 -16634.6 -3.07655
1516000 300.673 -16634.2 3.67974
1517000 298.473 -16730.3 -8.96466
1518000 298.427 -16674.2 7.06379
1519000 299.846 -16691.3 -5.85054
1520000 298.774 -16684.1 7.48772
1521000 300.848 -16687.7 -0.0972133
1522000 298.78 -16686.9 -2.28156
1523000 298.558 -16697.7 7.75895
1524000 298.393 -16676.2 -7.1327
1525000 299.555 -16656.6 1.66518
1526000 298.409 -16665 2.08534
1527000 300.118 -16567.5 4.29686
1528000 301.301 -16590.6 -11.4655
1529000 298.373 -16683.8 6.19143
1530000 298.694 -16610.6 16.7674
1531000 302.3 -16596.4 -23.0472
1532000 301.061 -16656.5 0.131972
1533000 301.267 -16633.7 4.90973
1534000 298.476 -16621.4 0.892096
1535000 299.055 -16643.7 4.71931
1536000 300.768 -16607.9 1.30893
1537000 300.189 -16641.3 -0.911356
1538000 302.318 -16570.3 1.87073
1539000 300.529 -16568.4 -1.14546
1540000 298.985 -16627.1 5.28008
1541000 301.146 -16607.6 10.1022
1542000 301.292 -16611.9 -2.39115
1543000 301.18 -16658.6 9.75821
1544000 300.443 -16654.3 -17.4438
1545000 300.266 -16644.7 -8.05373
1546000 297.963 -16696.8 -1.60404
1547000 298.392 -16717.8 12.6867
1548000 298.032 -16691 -13.0645
1549000 299.864 -16674.5 19.8772
1550000 299.68 -16670.9 -5.547
1551000 299.158 -16655.1 -12.1305
1552000 299.955 -16671.5 5.05992
1553000 300.581 -16686.5 -12.2233
1554000 299.231 -16679.3 7.15453
1555000 300.882 -16687.9 1.66886
1556000 300.632 -16628.9 2.99411
1557000 300.795 -16654.1 10.2308
1558000 298.359 -16633.3 0.492855
1559000 298.753 -16600.4 -0.478434
1560000 299.171 -16590.9 3.9205
1561000 298.848 -16640.3 4.76186
1562000 300.783 -16625.2 -6.41851
1563000 298.662 -16669.7 -6.1962
1564000 297.535 -16673.4 -1.17259
1565000 300.114 -16726.4 6.79904
1566000 298.804 -16659.1 -0.369539
1567000 299.538 -16670.6 1.96888
1568000 298.81 -16687.1 -5.8527
1569000 301.122 -16636.8 14.443
1570000 299.69 -16625.5 -0.78108
1571000 300.395 -16626.9 3.73718
1572000 300.316 -16609.6 -9.13254
1573000 298.465 -16665.3 4.03065
1574000 299.636 -16704.6 0.244111
1575000 298.507 -16707.9 -5.65053
1576000 298.999 -16646.1 2.80072
1577000 300.495 -16636.7 7.49687
1578000 299.545 -16654.7 6.34699
1579000 300.294 -16671.6 -7.43259
1580000 300.049 -16607.5 7.0195
1581000 300.163 -16607.4 14.5524
1582000 301.409 -16637.9 -4.87441
1583000 300.298 -16597.7 -5.69617
1584000 300.48 -16660 2.67179
1585000 300.122 -16682.9 -0.469726
1586000 299.316 -16649.6 7.73705
1587000 298.94 -16675.5 -5.33772
1588000 299.545 -16683.5 -3.14934
1589000 297.969 -16668.9 7.37775
1590000 302.032 -16606.7 -1.10817
1591000 300.204 -16641.8 -1.20797
1592000 300.482 -16637.2 7.27221
1593000 299.731 -16689.4 -19.6229
1594000 299.915 -16583.1 21.3365
1595000 301.908 -16638.9 -12.4194
1596000 301.627 -16642.6 2.89044
1597000 300.394 -16613.4 7.51138
1598000 300.24 -16627.3 -6.28951
1599000 300.28 -16637.6 0.566327
1600000 300.01 -16608.7 2.49228
1601000 299.894 -16638.7 -4.91969
1602000 298.74 -16672.9 14.2619
1603000 300.033 -16650.3 4.4867
1604000 300.332 -16621.4 6.37466
1605000 299.196 -16646.5 -7.03463
1606000 301.672 -16648.4 6.1557
1607000 299.282 -16647.2 -6.47044
1608000 298.762 -16705.6 -4.90502
1609000 300.336 -16629.3 -2.09978
1610000 301.766 -16559.4 -4.66584
1611000 302.367 -16602.1 -7.81148
1612000 301.578 -16660 -7.6055
1613000 297.415 -16673.6 9.03705
1614000 299.03 -16664.2 6.83372
1615000 299.551 -16656.1 -9.38944
1616000 301.598 -16616.9 1.47916
1617000 300.676 -16629.8 1.71356
1618000 300.166 -16610.9 8.19036
1619000 299.313 -16590.3 -5.13561
1620000 300.86 -16545.3 -3.57578
1621000 301.056 -16516.5 0.651686
1622000 300.788 -16570 7.44448
1623000 297.954 -16668.2 -2.7371
1624000 299.545 -16644.7 -7.97746
1625000 299.779 -16668.1 -1.47586
1626000 301.614 -16611 14.3569
1627000 300.272 -16649.4 -0.268065
1628000 300.404 -16657.3 -6.41361
1629000 299.602 -16660.3 13.2835
1630000 299.451 -16651.5 -5.85762
1631000 298.654 -16703 -0.0276193
1632000 299.734 -16657.4 2.99092
1633000 300.906 -16634.4 2.16288
1634000 300.401 -16641.7 1.81898
1635000 300.546 -16679.4 8.53172
1636000 299.828 -16626 10.9505
1637000 300.331 -16583.4 -0.812951
1638000 299.512 -16714.5 2.31913
1639000 297.55 -16734.6 8.37535
1640000 300.406 -16665.3 -4.9651
1641000 300.223 -16622.9 -2.08039
1642000 301.014 -16663.4 -16.9865
1643000 298.792 -16686.4 -7.53346
1644000 301.369 -16637.6 -2.49642
1645000 299.848 -16642.3 2.38683
1646000 299.658 -16694.7 -3.71247
1647000 297.677 -16743.9 3.52379
1648000 300.137 -16692.5 -0.823506
1649000 300.616 -16605 4.71328
1650000 299.318 -16614.8 4.61482
1651000 299.877 -16622.6 5.45287
1652000 300.476 -16632.9 5.39747
1653000 300.474 -16577.9 4.99761
1654000 300.349 -16645.2 -9.54187
1655000 300.002 -16652.2 11.2898
1656000 298.539 -16671.4 -9.07095
1657000 299.522 -16686 10.476
1658000 299.074 -16654.6 5.43584
1659000 301.122 -16651.5 -8.17269
1660000 300.685 -16629.9 -1.86847
1661000 297.541 -16731.8 -4.03208
1662000 300.047 -16724.8 -11.3052
1663000 300.593 -16650 8.0612
1664000 298.955 -16707.4 -4.36497
1665000 298.573 -16686.3 16.3897
1666000 300.327 -16691.2 -0.864039
1667000 301.231 -16731.5 1.05549
1668000 301.006 -16681.1 -6.94027
1669000 301.331 -16598.9 -3.42189
1670000 298.382 -16656.8 2.22751
1671000 300.273 -16652.5 4.33089
1672000 300.256 -16653.3 2.11617
1673000 301.686 -16667.1 -3.1272
1674000 300.95 -16670.5 12.9155
1675000 298.086 -16768.9 -10.1553
1676000 300.083 -16663.9 5.95639
1677000 299.698 -16680 5.69487
1678000 298.131 -16628.8 4.23468
1679000 301.725 -16594.4 -5.44321
1680000 299.577 -16625.7 -5.58829
1681000 299.846 -16675.7 15.4723
1682000 300.67 -16639.4 -9.18876
1683000 300.311 -16613.5 7.72942
1684000 301.603 -16587.3 -3.30367
1685000 300.402 -16600 3.47868
1686000 299.653 -16600.9 13.2143
1687000 298.546 -16630.2 -3.79397
1688000 299.849 -16612.9 -3.95783
1689000 298.786 -16624.8 12.1405
1690000 300.379 -16619.8 -4.35872
1691000 297.616 -16658.2 -1.1631
1692000 299.675 -16589.7 -0.298306
1693000 298.506 -16615.7 14.0119
1694000 299.373 -16647.3 -12.4459
1695000 297.816 -16694.7 14.1687
1696000 300.11 -16611.1 10.2731
1697000 301.374 -16627.1 -2.45961
1698000 297.822 -16650.9 13.3071
1699000 301.803 -16612.7 2.01824
1700000 300.593 -16651.8 9.46862
1701000 301.68 -16616.2 -1.74103
1702000 299.268 -16660.7 -3.33169
1703000 300.056 -16626.3 1.7912
1704000 300.855 -16627.3 4.89174
1705000 299.663 -16655.4 8.70599
1706000 301.733 -16588.5 -1.32497
1707000 300.415 -16627.1 9.11833
1708000 301.11 -16616.5 -14.1144
1709000 299.407 -16635.6 -2.47051
1710000 300.613 -16629.6 4.27772
1711000 302.09 -16627.4 1.62913
1712000 299.984 -16707.9 -8.66324
1713000 301.347 -16660.7 10.1039
1714000 297.67 -16640.8 7.19925
1715000 300.666 -16613.2 19.3412
1716000 298.364 -16706.1 -8.88907
1717000 299.82 -16679.9 9.08963
1718000 300.817 -16661.4 -7.80929
1719000 300.963 -16596.4 -8.20604
1720000 300.771 -16608.3 -4.33797
1721000 299.026 -16600 -7.048
1722000 298.865 -16578.4 1.90008
1723000 299.85 -16592.2 -0.505347
1724000 301.638 -16560.2 -1.4905
1725000 299.515 -16680.2 -5.60875
1726000 300.334 -16644.2 16.6884
1727000 298.602 -16626.4 10.9534
1728000 300.96 -16653 -0.501564
1729000 300.69 -16598.3 10.6111
1730000 298.835 -16637.3 9.71747
1731000 299.275 -16638.8 -1.35732
1732000 298.098 -16627.6 8.55661
1733000 299.899 -16570.5 -2.38775
1734000 299.67 -16601.7 13.8233
1735000 298.482 -16626.7 -5.19689
1736000 299.597 -16629.7 -1.28912
1737000 301.644 -16648 3.19012
1738000 300.187 -16669.5 7.0792
1739000 299.402 -16671.3 11.5501
1740000 300.336 -16687.6 -10.9764
1741000 298.186 -16721.3 -0.671326
1742000 298.393 -16693.5 7.16654
1743000 299.451 -16674.6 3.1227
1744000 300.313 -16651.9 -12.8379
1745000 299.973 -16630.7 3.27044
1746000 297.985 -16720.2 -1.53227
1747000 299.697 -16717.5 -0.0951794
1748000 300.361 -16641.7 0.752316
1749000 299.984 -16618.9 0.724037
1750000 299.966 -16680.1 6.88829
1751000 299.573 -16690 -5.75988
1752000 300.744 -16663.8 -14.338
1753000 300.789 -16677 11.7144
1754000 298.878 -16684.4 -8.64555
1755000 299.824 -16676.7 2.15347
1756000 302.257 -16609.5 -3.47871
1757000 299.472 -16655.4 4.42685
1758000 298.335 -16638.6 6.32035
1759000 300.356 -16642.1 5.54921
1760000 297.814 -16675 -2.75182
1761000 300.262 -16651.9 -0.217059
1762000 299.057 -16635.2 7.79572
1763000 301.08 -16629.6 11.1579
1764000 298.839 -16628 14.8934
1765000 299.995 -16678.9 -9.24349
1766000 301.194 -16668.5 0.218277
1767000 300.888 -16695.4 5.65008
1768000 298.098 -16703.5 4.36806
1769000 300.443 -16648.2 -0.969491
1770000 301.208 -16586.2 2.33279
1771000 298.289 -16634.8 0.161069
1772000 300.409 -16686.8 1.44535
1773000 300.757 -16663.1 5.80451
1774000 301.076 -16598.3 6.67136
1775000 300.161 -16681.7 -12.1598
1776000 299.579 -16701.1 3.67945
1777000 300.01 -16682.3 -2.47177
1778000 298.447 -16689.8 -5.19201
1779000 300.722 -16676.6 3.49091
1780000 299.395 -16686.6 17.7917
1781000 300.577 -16643.1 11.8062
1782000 298.57 -16636.2 -1.08585
1783000 299.661 -16681.2 2.44932
1784000 299.977 -16683.1 -0.297305
1785000 298.524 -16655.1 18.433
1786000 298.352 -16643.2 14.8337
1787000 301.039 -16633.3 -0.96341
1788000 299.763 -16623.6 -0.87255
1789000 299.107 -16655.5 8.46704
1790000 299.909 -16670.9 -5.55496
1791000 299.109 -16688.4 6.34053
1792000 301.427 -16625.6 0.0837089
1793000 300.055 -16610.6 3.24826
1794000 300.643 -16581.4 8.29847
1795000 299.403 -16668.1 -8.64841
1796000 301.599 -16636.4 -2.90693
1797000 298.809 -16609.2 6.09925
1798000 298.712 -16628.6 -0.278779
1799000 301.023 -16619.1 -5.69685
1800000 299.973 -16619.3 -7.61581
1801000 300.927 -16659.4 0.339584
1802000 302.14 -16649.4 -15.9318
1803000 298.979 -16669.2 5.48145
1804000 297.996 -16670.5 -5.10979
1805000 300.425 -16655.9 16.5515
1806000 301.317 -16648.6 -9.25486
1807000 297.845 -16667.4 0.0661983
1808000 299.959 -16623.9 11.2844
1809000 301.035 -16614.5 -7.83398
1810000 299.705 -16660.3 3.54965
1811000 298.351 -16611.2 8.92093
1812000 299.608 -16612.1 9.30153
1813000 299.807 -16632.9 8.61716
1814000 301.008 -16569.8 -4.51214
1815000 298.846 -16669.6 -1.71255
1816000 300.025 -16615.8 12.8558
1817000 298.881 -16652.4 0.219811
1818000 299.604 -16652.6 10.1959
1819000 299.581 -16666.7 2.00653
1820000 300.145 -16627.9 5.78054
1821000 300.75 -16657.3 0.708048
1822000 301.936 -16648.9 -11.0152
1823000 299.841 -16647.4 8.86391
1824000 299.96 -16613.4 10.5508
1825000 298.471 -16653.1 -14.7824
1826000 299.783 -16652.4 3.42502
1827000 299.284 -16654.5 -3.27488
1828000 300.076 -16633.1 1.28606
1829000 298.899 -16625.5 -7.08844
1830000 298.434 -16619.6 -1.69782
1831000 300.902 -16619.8 8.39827
1832000 301.243 -16564.3 -2.63726
1833000 299.837 -16667.8 -10.9362
1834000 298.019 -16765.7 1.5286
1835000 301.157 -16641.1 9.12176
1836000 300.53 -16706.2 -4.95436
1837000 301.408 -16636.4 -4.38908
1838000 299.844 -16638.1 -1.74293
1839000 298.898 -16678.5 2.02154
1840000 299.281 -16682.3 2.15607
1841000 298.755 -16651.9 12.9669
1842000 298.843 -16702.6 -2.67542
1843000 300.229 -16657.3 2.8191
1844000 299.536 -16673.7 5.49569
1845000 301.086 -16617.3 4.10474
1846000 300.168 -16698.8 -8.23121
1847000 300.621 -16640.1 5.28661
1848000 299.416 -16685.9 -3.53591
1849000 300.816 -16603.7 -0.123536
1850000 300.224 -16694.3 3.72913
1851000 299.047 -16692.3 5.33142
1852000 299.71 -16646.6 -3.23481
1853000 300.515 -16631 -9.11106
1854000 300.606 -16594 1.44521
1855000 300.812 -16586.8 -6.59544
1856000 299.522 -16527.8 6.22919
1857000 298.686 -16554.6 -7.46336
1858000 300.892 -16569.8 -0.203466
1859000 301.306 -16624.7 -6.16256
1860000 299.891 -16672 4.32343
1861000 299.095 -16631.9 -6.08579
1862000 299.352 -16641.5 3.47255
1863000 299.899 -16594.6 7.11984
1864000 301.594 -16606.3 -18.6787
1865000 299.447 -16677.6 0.913705
1866000 302.712 -16597.4 -1.7191
1867000 300.941 -16622.3 -1.86342
1868000 300.056 -16617.3 7.37049
1869000 299.641 -16676.1 -6.4085
1870000 300.957 -16633.1 -3.58412
1871000 302.385 -16598 -6.83151
1872000 297.557 -16645.8 7.07989
1873000 298.877 -16646.9 2.3257
1874000 298.493 -16607.9 4.61043
1875000 301.054 -16631.8 -5.7839
1876000 301.884 -16633.1 7.03243
1877000 300.018 -16631.4 -4.10276
1878000 300.062 -16633.5 -2.082
1879000 300.756 -16643.9 3.98009
1880000 298.157 -16730.4 5.84259
1881000 299.916 -16699.5 -5.0379
1882000 299.034 -16667.5 12.5086
1883000 300.242 -16624 2.43167
1884000 300.284 -16654.2 1.93825
1885000 300.457 -16627.5 6.76902
1886000 300.693 -16649.3 9.41285
1887000 297.645 -16759.9 -4.67816
1888000 301.58 -16670.9 -0.115897
1889000 301.507 -16623.4 3.56517
1890000 299.336 -16695.3 -0.880692
1891000 298.832 -16673.3 1.15925
1892000 299.284 -16608.6 4.63638
1893000 300.237 -16577 -3.00015
1894000 299.103 -16603.7 0.266837
1895000 300.753 -16569.3 -1.90869
1896000 300.789 -16641.3 1.73863
1897000 299.946 -16651.3 -1.80489
1898000 301.519 -16636.7 -4.15981
1899000 299.53 -16704.8 -1.58019
1900000 298.794 -16693.6 6.50305
1901000 299.656 -16731.7 7.68611
1902000 299.607 -16692 -18.7743
1903000 299.924 -16611.5 4.13655
1904000 300.451 -16590.2 3.71703
1905000 299.91 -16626.6 -4.89291
1906000 300.637 -16638.3 9.45009
1907000 299.616 -16678.8 3.92651
1908000 299.92 -16655.7 3.78712
1909000 299.291 -16636.6 4.477
1910000 300.489 -16654.7 7.15494
1911000 299.994 -16672.5 -1.13368
1912000 299.823 -16697.9 10.7298
1913000 298.487 -16622.9 -5.91851
1914000 301.943 -16564.9 -10.0539
1915000 298.184 -16639.1 0.62353
1916000 300.344 -16683.5 -14.8385
1917000 298.885 -16729.7 7.45748
1918000 300.774 -16667.9 -16.2743
1919000 301.836 -16611.8 8.94545
1920000 300.889 -16603.1 -22.4686
1921000 300.576 -16586.1 -1.8067
1922000 300.338 -16689.6 -8.57092
1923000 298.887 -16655.4 14.591
1924000 299.966 -16666 -1.98296
1925000 298.898 -16617.3 16.1119
1926000 300.226 -16619.6 11.8543
1927000 300.191 -16636.9 -19.1506
1928000 298.457 -16704 7.7189
1929000 300.84 -16675.8 -5.43752
1930000 299.679 -16649 -12.1072
1931000 300.898 -16692.7 6.18231
1932000 302.239 -16681.2 0.221165
1933000 298.239 -16720.1 -3.52241
1934000 298.674 -16701.4 19.9614
1935000 300.812 -16638.1 -8.52464
1936000 300.296 -16672.2 10.6005
1937000 300.293 -16677.8 -5.71963
1938000 299.839 -16640.5 1.25371
1939000 298.734 -16673.8 2.87576
1940000 301.244 -16675.8 6.10857
1941000 300.102 -16680.6 -5.77532
1942000 298.797 -16735.1 11.5756
1943000 300.221 -16677.1 1.20478
1944000 302.086 -16627.7 -1.00859
1945000 298.646 -16664.1 18.5267
1946000 301.879 -16629.8 -19.712
1947000 300.964 -16621.9 2.38328
1948000 299.614 -16681.8 5.85431
1949000 300.818 -16694.6 0.726927
1950000 300.193 -16703.5 -14.2864
1951000 297.722 -16774.7 4.05103
1952000 299.464 -16744.7 15.193
1953000 298.943 -16671.7 -11.593
1954000 299.228 -16664.4 -12.1026
1955000 297.522 -16705.4 11.9303
1956000 300.486 -16693 -7.39951
1957000 298.64 -16685.9 3.04961
1958000 299.712 -16627 14.7108
1959000 302.144 -16629.2 -12.1916
1960000 300.672 -16658.9 5.09831
1961000 298.905 -16618.6 -4.08142
1962000 300.919 -16590.9 3.14291
1963000 299.826 -16623.1 -1.03696
1964000 301.143 -16660.7 -9.27487
1965000 299.458 -16693.3 12.5685
1966000 300.207 -16688.9 -1.15673
1967000 301.233 -16622.2 -1.05477
1968000 300.267 -16608.7 -7.63478
1969000 300.115 -16629.7 -9.42763
1970000 300.129 -16690.5 8.98131
1971000 300.296 -16653.7 2.87444
1972000 299.196 -16607.8 2.46073
1973000 300.836 -16612.2 1.63739
1974000 300.28 -16641.8 10.072
1975000 301.021 -16668.1 -11.3227
1976000 298.626 -16699.6 -4.03823
1977000 301.193 -16650.5 4.53027
1978000 299.573 -16712.6 11.9166
1979000 299.293 -16696.3 -6.42246
1980000 298.949 -16687.5 17.241
1981000 298.559 -16646.1 0.222169
1982000 299.399 -16627.6 1.19326
1983000 300.039 -16611.8 10.8878
1984000 298.649 -16641.8 -2.88428
1985000 301.263 -16613.4 -0.740305
1986000 300.366 -16605.3 -6.95129
1987000 301.422 -16547.3 4.40421
1988000 299.543 -16579.9 10.7016
1989000 299.785 -16604.7 -5.89215
1990000 298.777 -16639.7 1.25297
1991000 300.363 -16617.9 3.26775
1992000 298.908 -16637.8 12.2621
1993000 301.583 -16661 0.407033
1994000 298.599 -16663.8 8.55389
1995000 298.037 -16637.2 14.1211
1996000 301.408 -16570 -4.63246
1997000 300.563 -16597.1 6.84435
1998000 300.406 -16644.3 -2.74834
1999000 300.026 -16622.1 8.3821
2000000 301.75 -16656.4 5.30357
