# Time-averaged data for fix 3
# TimeStep v_Temperature v_PotentialEnergy v_Pressure
2000 498.851 -11066.5 31.2575
3000 500.039 -10746.2 -3.04312
4000 500.118 -10656.7 -8.31988
5000 501.486 -10669.8 -10.5203
6000 499.739 -10782.9 -10.5652
7000 499.818 -10649.9 3.23771
8000 498.583 -10640.9 -5.10525
9000 500.017 -10718 -3.00924
10000 498.796 -10709.4 -10.5205
11000 496.962 -10693.4 -0.953696
12000 499.608 -10665.4 19.6036
13000 499.685 -10620.7 1.90365
14000 501.01 -10665.8 6.77282
15000 501.063 -10603.8 -5.03196
16000 499.014 -10606.7 0.870876
17000 499.618 -10603.1 -0.941277
18000 497.746 -10689 -3.20416
19000 501.185 -10532.3 3.48267
20000 498.234 -10726.4 -2.18349
21000 502.936 -10713.4 4.59549
22000 498.952 -10740.7 -7.81885
23000 500.096 -10655.2 1.74202
24000 496.892 -10772.1 7.41751
25000 499.869 -10612.5 10.1565
26000 499.534 -10619.2 -22.1531
27000 500.685 -10822.7 23.5803
28000 497.433 -10779.8 -6.20261
29000 498.327 -10676.1 8.27025
30000 498.074 -10684.9 11.6962
31000 496.552 -10851.3 2.13146
32000 499.03 -10747.5 -10.6453
33000 499.97 -10723.4 5.16399
34000 501.778 -10652.7 12.435
35000 499.829 -10644.1 -4.19717
36000 495.641 -10764.8 -6.81018
37000 499.406 -10653.3 -5.56307
38000 500.941 -10671.8 -9.31003
39000 495.148 -10851.6 5.37932
40000 502.538 -10595.5 12.1597
41000 498.273 -10556.2 -4.64628
42000 497.939 -10567.2 -3.02094
43000 501.752 -10584.5 -1.90812
44000 502.21 -10701 -6.46557
45000 497.66 -10687.7 2.04494
46000 500.977 -10779.8 19.4512
47000 497.393 -10878.3 12.4496
48000 502.469 -10707.9 0.338996
49000 498.978 -10746.7 8.0841
50000 500.113 -10729.9 -2.32894
51000 499.125 -10677.6 -3.2946
52000 498.41 -10612.2 -4.23541
53000 502.206 -10685 -7.94772
54000 498.314 -10768.6 -1.02944
55000 500.205 -10779.7 -6.26119
56000 501.837 -10641.3 12.3041
57000 499.741 -10690.4 -1.56118
58000 500.879 -10680 4.68733
59000 497.255 -10742.7 19.1631
60000 500.789 -10454.3 -0.399979
61000 500.415 -10627.3 9.51212
62000 497.427 -10649.8 -2.40764
63000 502.27 -10519 -1.26688
64000 499.953 -10560.5 1.78513
65000 500.736 -10618.6 -3.04574
66000 502.553 -10656.3 18.0261
67000 499.795 -10655.7 -5.69389
68000 501 -10643.6 6.26729
69000 499.088 -10563.9 -15.521
70000 501.862 -10481.5 -1.83219
71000 501.224 -10481.3 -1.8118
72000 500.205 -10637.8 3.18577
73000 501.811 -10714 8.5373
74000 499.582 -10684.7 3.45429
75000 497.841 -10626.2 3.32072
76000 502.182 -10665.7 -2.87419
77000 497.336 -10820.1 3.97878
78000 499.559 -10749.4 4.31577
79000 498.441 -10705.9 11.7537
80000 500.587 -10679.9 -10.6951
81000 499.954 -10727.3 7.59837
82000 501.385 -10677.9 -7.5494
83000 501.168 -10631.3 2.51695
84000 499.316 -10668.4 2.61131
85000 500.629 -10679.8 -2.39826
86000 500.346 -10717.8 10.039
87000 501.128 -10636 11.9355
88000 500.431 -10564.4 -9.94019
89000 499.7 -10675.4 2.42964
90000 500.284 -10678.6 3.98808
91000 501.869 -10631.7 -0.112377
92000 500.191 -10659.8 -4.0965
93000 500.47 -10648.4 4.85217
94000 501.582 -10651.4 -1.81117
95000 500.876 -10524.9 -3.72059
96000 498.263 -10561.6 -5.95115
97000 497.593 -10675.4 5.44929
98000 499.331 -10717.4 2.99417
99000 500.641 -10611 -2.21426
100000 499.624 -10672.3 0.690089
101000 501.004 -10747.7 12.3498
102000 500.268 -10730.2 -1.2232
103000 498.484 -10753.5 -6.92671
104000 500.13 -10749.1 -4.87581
105000 499.166 -10681 9.95767
106000 502.757 -10486.2 -7.5701
107000 499.834 -10664.3 1.35689
108000 498.084 -10695.5 -6.03364
109000 501.187 -10666 -4.85799
110000 499.14 -10622.3 12.2622
111000 501.743 -10633.6 -9.51903
112000 499.664 -10671.9 3.1813
113000 498.043 -10719.6 -3.08257
114000 500.708 -10713.9 -0.811045
115000 505.055 -10593.2 11.5492
116000 499.19 -10632.4 2.62577
117000 498.15 -10593.8 -4.89902
118000 499.944 -10621.3 8.12252
119000 498.347 -10682 11.8935
120000 498.716 -10751.9 1.8646
121000 497.003 -10703 -15.0117
122000 501.634 -10708.4 8.03428
123000 498.081 -10617.3 -5.1682
124000 500.002 -10560.6 9.14234
125000 501.001 -10558.6 12.1254
126000 501.178 -10712.4 -6.64057
127000 501.634 -10596.7 8.10489
128000 498.08 -10751.2 2.46485
129000 499.312 -10678.8 -4.27197
130000 499.903 -10655.6 -0.367132
131000 501.078 -10573.2 -10.3099
132000 499.376 -10732.6 1.34829
133000 498.567 -10674 -3.45815
134000 501.545 -10604.9 19.3232
135000 497.287 -10637.2 -5.61126
136000 499.755 -10636.4 2.92141
137000 501.04 -10658.9 -4.52508
138000 501.252 -10564.4 9.03834
139000 500.871 -10579.4 -13.457
140000 500.28 -10658.7 16.3899
141000 501.366 -10547.9 -10.7008
142000 499.495 -10631.2 16.1868
143000 498.727 -10668 -7.509
144000 500.759 -10640.1 14.1375
145000 498.875 -10657 -5.15673
146000 499.287 -10660.6 9.29663
147000 499.262 -10668 10.7661
148000 498.386 -10562.3 0.339812
149000 499.245 -10576.5 -2.34667
150000 499.69 -10583.1 8.96265
151000 499.731 -10593.8 -0.314565
152000 499.502 -10713.4 1.98784
153000 502.153 -10589.4 -2.39751
154000 498.421 -10600.6 12.9752
155000 501.023 -10611.7 -11.8502
156000 498.136 -10768.4 4.84992
157000 499.796 -10665.6 1.98995
158000 501.714 -10599.9 -10.0408
159000 500.813 -10729 12.2224
160000 504.513 -10624.5 5.69314
161000 499.925 -10661.5 -9.88875
162000 500.749 -10677.3 15.6043
163000 503.3 -10547.5 -9.08576
164000 502.254 -10562.3 4.74989
165000 502.913 -10572.8 8.11517
166000 498.756 -10693.7 -5.11832
167000 502.244 -10684.1 16.0893
168000 498.1 -10762.7 15.3817
169000 500.233 -10743.2 -11.8434
170000 496.457 -10736.1 0.145447
171000 500.523 -10768.4 1.20238
172000 503.695 -10625.9 -13.6174
173000 501.169 -10667.2 3.38584
174000 500.961 -10748.9 -7.0846
175000 499.517 -10652.6 1.2566
176000 498.397 -10714.6 -0.361052
177000 499.296 -10657.5 -6.82288
178000 499.006 -10756.6 8.14741
179000 499.189 -10732.4 4.92946
180000 501.337 -10681.8 -9.03018
181000 503.08 -10702.3 11.2417
182000 501.401 -10671.7 -3.57315
183000 501.573 -10735.9 -1.94458
184000 499.748 -10685 -9.01845
185000 499.214 -10762.9 13.5657
186000 499.303 -10686.4 -0.228459
187000 502.093 -10718.4 4.94435
188000 500.993 -10641.7 15.3478
189000 500.14 -10613.4 -6.39013
190000 498.252 -10706.6 1.17962
191000 502.62 -10672.5 6.26849
192000 498.219 -10733 -5.3713
193000 500.949 -10650.6 0.560326
194000 500.261 -10681.5 -1.51735
195000 501.717 -10606.7 10.8584
196000 499.298 -10617 2.50554
197000 501.458 -10708.7 0.179512
198000 502.384 -10629.8 2.30843
199000 498.453 -10630.8 9.37378
200000 498.101 -10760.4 4.67446
201000 500.301 -10668.7 -6.57169
202000 499.401 -10698.9 7.74072
203000 500.692 -10617.3 -0.571922
204000 501.999 -10670.3 -0.595291
205000 498.302 -10796.9 5.5131
206000 501.325 -10638.3 7.19857
207000 499.763 -10678.1 -7.1411
208000 501.312 -10699.6 -7.47097
209000 501.441 -10588.8 12.4253
210000 500.745 -10662.7 8.60235
211000 502.14 -10501 8.64134
212000 501.681 -10564.5 3.75672
213000 499.991 -10588 22.5672
214000 502.062 -10536.8 -8.74522
215000 501.52 -10464.5 6.21364
216000 499.24 -10496.6 -8.40466
217000 501.743 -10634.8 1.44734
218000 498.508 -10617.6 -4.20734
219000 498.747 -10713.6 16.3796
220000 497.494 -10674.9 -4.97752
221000 497.412 -10613.9 -8.45212
222000 498.585 -10676.4 11.967
223000 498.752 -10732.2 5.3061
224000 501.148 -10655 -9.8319
225000 499.427 -10595.6 -2.05303
226000 501.544 -10556.7 -7.63714
227000 498.71 -10602.3 6.59578
228000 500.759 -10579.6 3.55639
229000 500.849 -10692 4.24194
230000 502.488 -10703.3 0.222955
231000 500.304 -10587.9 -5.25666
232000 497.885 -10625.2 -5.54871
233000 502.853 -10710.4 1.85974
234000 498.311 -10669.5 0.212153
235000 499.161 -10649.6 0.69315
236000 502.027 -10575.7 3.27506
237000 499.993 -10576 -0.497409
238000 499.923 -10686.7 16.6243
239000 499.856 -10605.9 -9.32276
240000 501.186 -10589.5 9.42435
241000 501.481 -10588.9 1.21246
242000 500.128 -10557.3 -3.68561
243000 502.006 -10457.6 2.48725
244000 499.274 -10658.3 10.5559
245000 499.685 -10770.6 -8.0424
246000 497.796 -10826.1 6.45881
247000 501.378 -10669.9 -6.83925
248000 499.874 -10679.1 -11.5301
249000 499.941 -10730.8 3.03974
250000 501.117 -10696.4 -17.4055
251000 500.215 -10725.7 9.63962
252000 499.808 -10621.5 -7.22376
253000 501.699 -10644.6 -4.54466
254000 497.295 -10715.9 -1.4237
255000 500.588 -10638.8 8.82015
256000 501.092 -10634.9 6.43693
257000 500.686 -10667.9 5.25398
258000 498.213 -10670.1 4.51017
259000 502.838 -10673.7 5.5083
260000 497.036 -10836.5 -3.47857
261000 500.203 -10664 -11.9254
262000 497.937 -10822.6 -0.034724
263000 501.007 -10659 4.80806
264000 499.415 -10777.9 7.62176
265000 498.235 -10705.1 -0.608377
266000 499.129 -10634.4 5.36965
267000 500.292 -10622.7 -5.27251
268000 502.865 -10442.3 5.76204
269000 498.533 -10565.8 -0.739708
270000 502.61 -10547.5 5.36971
271000 499.075 -10640.8 -11.1481
272000 500.764 -10677.9 -9.43929
273000 500.599 -10697.9 7.30218
274000 500.717 -10605.9 -13.391
275000 500.624 -10661.1 1.24856
276000 499.865 -10636.2 -9.02034
277000 500.269 -10715.4 13.2506
278000 498.933 -10651.7 0.823478
279000 499.905 -10756.7 14.5971
280000 497.582 -10567.7 -9.01693
281000 501.194 -10601 -0.238468
282000 498.294 -10608.4 -15.4456
283000 500.842 -10685.7 -0.444878
284000 501.903 -10586 1.32822
285000 502.108 -10610.5 -2.68149
286000 502.461 -10620.4 8.49192
287000 498.39 -10692.9 6.76019
288000 502.006 -10582.3 7.98299
289000 501.342 -10581.9 6.39365
290000 503.094 -10550.4 1.09104
291000 500.395 -10659 1.59436
292000 499.717 -10617.8 12.1469
293000 503.222 -10631.1 2.88837
294000 500.074 -10684.7 0.382971
295000 500.451 -10715.5 15.4744
296000 498.291 -10812.5 2.01341
297000 499.948 -10716.5 -2.83841
298000 498.766 -10679.3 0.215352
299000 500.612 -10565.2 6.32072
300000 499.83 -10500.2 -2.02181
301000 500.29 -10654.4 8.47086
302000 498.093 -10642.2 -6.83374
303000 498.295 -10762.3 13.4428
304000 499.727 -10602.6 -8.20505
305000 499.569 -10649 -2.24273
306000 497.457 -10757.2 10.1176
307000 502.258 -10677.5 11.637
308000 499.246 -10598.4 -5.08155
309000 499.155 -10577.8 0.49266
310000 502.941 -10596.9 -11.0498
311000 499.361 -10659.9 3.15989
312000 501.902 -10565.5 -2.98509
313000 502.504 -10688.5 -9.03408
314000 497.391 -10687 -1.0072
315000 501.589 -10600.7 17.3577
316000 499.654 -10525.4 -1.11709
317000 501.407 -10697.5 11.314
318000 500.67 -10678.4 4.8361
319000 500.23 -10547.4 -15.101
320000 497.736 -10661.3 -5.32561
321000 499.084 -10666.3 17.3322
322000 497.994 -10772 -18.6339
323000 499.373 -10635.7 17.1443
324000 501.471 -10583.1 -3.73375
325000 499.909 -10612.7 3.43277
326000 500.529 -10579.4 -7.37549
327000 499.806 -10623.3 10.1574
328000 499.867 -10724.4 -6.02181
329000 499.846 -10660.9 -5.72156
330000 500.074 -10607.6 8.11848
331000 499.49 -10667.7 -1.52018
332000 502.254 -10620.7 6.32594
333000 500.649 -10542.3 -2.69557
334000 502.155 -10569.9 -3.29077
335000 500.294 -10654.1 -3.19071
336000 503.796 -10579.7 5.59104
337000 498.252 -10666.8 0.000439725
338000 500.39 -10600.2 -15.3037
339000 500.711 -10582 3.43616
340000 500.285 -10600.3 12.2499
341000 504.343 -10591.1 -4.32714
342000 498.676 -10705.1 -5.84905
343000 500.416 -10668 0.261819
344000 501.607 -10683.5 5.69038
345000 499.973 -10625.9 -2.31377
346000 499.977 -10568.2 -6.03839
347000 500.386 -10614.9 -0.455499
348000 499.082 -10545.2 5.61196
349000 499.898 -10567.5 8.95187
350000 500.695 -10662 -5.32935
351000 501.165 -10637.3 6.64541
352000 499.976 -10724.2 7.5211
353000 499.242 -10619.3 0.580453
354000 497.061 -10784.1 -6.63098
355000 502.684 -10597.3 -2.50771
356000 497.888 -10625.3 0.695652
357000 499.979 -10779.8 -11.6773
358000 499.304 -10701.3 16.1078
359000 500.525 -10696.1 -1.06338
360000 498.238 -10606.5 2.91636
361000 501.236 -10629.9 12.3642
362000 498.722 -10681.4 -5.21986
363000 500.554 -10557.7 6.86915
364000 501.637 -10689.9 -3.62574
365000 501.724 -10663.6 5.22534
366000 502.034 -10738.6 3.20235
367000 497.617 -10732.1 -3.94859
368000 499.487 -10766.6 12.8645
369000 501.218 -10603.8 2.24888
370000 501.039 -10519.9 12.6273
371000 501.139 -10493.2 -0.565509
372000 499.956 -10614.9 -8.82776
373000 498.809 -10690.6 3.93538
374000 501.961 -10760.8 8.61289
375000 500.356 -10647.2 0.825792
376000 496.763 -10692.4 -8.82204
377000 498.922 -10614.6 5.39755
378000 501.753 -10598.5 -3.53473
379000 498.497 -10716.8 10.1021
380000 499.226 -10655.2 5.27177
381000 500.707 -10544.4 -2.32059
382000 500.078 -10686.6 12.633
383000 497.524 -10741.1 -1.91984
384000 501.156 -10642.4 1.68196
385000 503.172 -10530.3 -5.68417
386000 499.961 -10622 0.485135
387000 500.125 -10681.5 7.39295
388000 501.317 -10647.8 0.126356
389000 501.947 -10648.4 -8.27791
390000 499.911 -10477.1 -2.99181
391000 500.204 -10604.6 16.666
392000 500.098 -10611.5 -6.47569
393000 499.419 -10699.9 9.91531
394000 499.211 -10642.3 -15.7281
395000 501.163 -10606.5 4.43968
396000 498.493 -10751.8 1.55736
397000 495.83 -10785.3 -3.31282
398000 497.872 -10686.6 5.49373
399000 498.962 -10718.3 11.5741
400000 499.641 -10850.1 -1.14082
401000 499.928 -10795.2 16.8727
402000 499.197 -10724.5 -5.48726
403000 500.102 -10754.4 4.42218
404000 499.965 -10695.7 2.21466
405000 496.866 -10756.8 14.6165
406000 502.139 -10672.6 -8.17782
407000 498.403 -10751.5 12.3058
408000 498.855 -10698 3.25765
409000 500.362 -10697.3 -7.85436
410000 500.854 -10705.1 5.17377
411000 499.887 -10600.2 -5.07545
412000 500.458 -10724.8 -8.66509
413000 497.153 -10742.1 11.2685
414000 502.382 -10654.9 -10.2394
415000 499.831 -10644.5 -0.705619
416000 499.591 -10696 0.549833
417000 500.892 -10638.5 12.6085
418000 498.091 -10708.5 4.3024
419000 500.344 -10736.7 19.743
420000 500.56 -10665 3.42584
421000 500.302 -10699.1 -6.51267
422000 500.661 -10576.3 2.53924
423000 500.927 -10661.7 8.4887
424000 498.555 -10680.8 -3.60916
425000 501.728 -10562.1 -16.2484
426000 501.11 -10595.1 -10.9781
427000 499.814 -10635.5 17.5339
428000 500.532 -10667.9 3.96431
429000 499.307 -10761.8 5.82459
430000 499.776 -10641.1 -10.3454
431000 499.87 -10795 11.5356
432000 501.681 -10593.2 7.25069
433000 500.194 -10599.4 -9.02895
434000 503.821 -10629.4 3.5897
435000 499.063 -10659.7 19.7689
436000 498.228 -10692 1.66781
437000 503.567 -10653.9 8.91691
438000 498.583 -10675.9 -1.1647
439000 498.103 -10759.1 -2.33236
440000 499.716 -10802 3.57704
441000 497.267 -10778.6 -11.4409
442000 505.269 -10569.7 9.67274
443000 499.471 -10620.7 -2.83337
444000 501.417 -10620 9.11869
445000 497.481 -10671.1 -2.27445
446000 500.707 -10652.2 -9.6919
447000 498.535 -10678.4 3.64152
448000 499.815 -10611.5 -0.934568
449000 503.116 -10545 -7.70503
450000 499.795 -10538.3 -6.97867
451000 499.281 -10577.7 10.5102
452000 502.417 -10617.8 -1.7018
453000 500.73 -10696.5 -6.10335
454000 501.698 -10624.6 6.9375
455000 497.471 -10727.4 4.43353
456000 502.811 -10600.8 2.92753
457000 497.62 -10649.1 -23.8122
458000 502.561 -10631.6 17.0538
459000 501.638 -10583 -5.58759
460000 499.112 -10670.2 -3.12377
461000 499.747 -10545.3 8.32248
462000 495.775 -10551.6 -1.85236
463000 499.295 -10597 6.93429
464000 502.938 -10606.9 5.30917
465000 498.593 -10702.8 13.1492
466000 499.022 -10593.9 -0.278011
467000 499.469 -10593 -0.524676
468000 500.957 -10515.2 -3.67544
469000 501.087 -10695.3 2.28761
470000 500.758 -10687.4 -3.58381
471000 501.022 -10697 18.2064
472000 497.292 -10808.1 -8.24445
473000 499.515 -10708.9 5.31972
474000 500.593 -10700.9 2.05676
475000 498.941 -10771.1 5.86189
476000 500.271 -10649.2 7.46967
477000 501.757 -10557 -3.52924
478000 501.493 -10594.3 -3.6308
479000 497.635 -10663.4 2.44709
480000 498.417 -10544.4 -4.17509
481000 500.163 -10578.7 5.06276
482000 499.252 -10613.9 10.3891
483000 499.918 -10589.4 -5.81388
484000 500.509 -10683.9 7.42052
485000 498.641 -10731 -1.60642
486000 500.308 -10679 3.39466
487000 501.887 -10647.3 1.28688
488000 500.46 -10657.9 1.81102
489000 501.518 -10722 -2.54339
490000 498.352 -10687.5 17.5859
491000 498.863 -10712.8 -2.01378
492000 496.314 -10771.4 4.18233
493000 501.315 -10636.6 9.67597
494000 499.362 -10603.9 12.9421
495000 501.44 -10720.8 -2.60471
496000 498.594 -10651 7.07856
497000 498.605 -10659.8 -1.4728
498000 501.587 -10667.4 -5.0319
499000 498.726 -10642.9 7.19157
500000 501.618 -10507.1 -3.9776
501000 498.777 -10694.4 9.30562
502000 500.555 -10739.3 -4.54268
503000 498.016 -10684.2 3.39047
504000 499.104 -10711.7 6.0805
505000 499.554 -10722.4 8.31655
506000 498.378 -10701.5 -3.07399
507000 496.56 -10763.6 -10.9044
508000 501.771 -10642 36.166
509000 501.602 -10628.2 2.97367
510000 499.894 -10685.9 -18.0446
511000 496.915 -10728.9 1.78757
512000 497.919 -10749.1 6.37452
513000 500.95 -10719.7 5.95145
514000 500.588 -10663.8 1.51353
515000 502.095 -10583.7 -17.0456
516000 499.978 -10724.1 8.47336
517000 496.6 -10783.4 2.50473
518000 500.174 -10662.6 13.6945
519000 498.406 -10731.7 8.8093
520000 498.711 -10807.3 -8.35044
521000 499.256 -10762.3 3.44257
522000 499.475 -10721 16.3969
523000 499.328 -10678.5 0.347255
524000 499.759 -10637.3 10.2668
525000 500.275 -10616.9 4.43653
526000 497.537 -10733 -6.75521
527000 499.356 -10693 5.47601
528000 497.435 -10712.2 0.189391
529000 503.766 -10556.5 8.02249
530000 503.169 -10556.8 -3.59949
531000 503.552 -10586 13.6226
532000 499.043 -10709.2 4.28328
533000 501.162 -10578 -6.47292
534000 501.294 -10690.9 16.5467
535000 501.445 -10647.8 -3.14539
536000 497.954 -10633.7 1.28891
537000 499.311 -10698.4 5.23662
538000 501.814 -10597.9 0.13387
539000 502.586 -10601.3 -8.14455
540000 496.298 -10614.3 6.52009
541000 500.582 -10741 2.99197
542000 499.314 -10755.8 -0.765598
543000 500.999 -10615.8 -5.78773
544000 500.251 -10646.3 18.2039
545000 498.585 -10760.5 20.3567
546000 498.642 -10716.7 -18.1239
547000 499.065 -10676.6 14.7728
548000 498.483 -10665.2 -3.79462
549000 500.446 -10668.9 -0.393305
550000 500.563 -10608.9 6.96939
551000 496.854 -10673 -21.0464
552000 499.173 -10702.1 5.87863
553000 501.23 -10611.6 -1.16625
554000 503.35 -10699.2 1.45382
555000 499.172 -10760.1 -2.1731
556000 498.834 -10688.2 25.4244
557000 500.78 -10588.9 -20.9598
558000 500.617 -10657 1.22688
559000 501.282 -10683.3 2.13069
560000 498.553 -10593.6 -3.76329
561000 498.675 -10649.5 -8.79831
562000 498.249 -10668.7 2.84068
563000 503.198 -10574.7 -5.56416
564000 498.747 -10564 4.109
565000 497.325 -10682.5 8.44481
566000 498.669 -10739.9 -1.33492
567000 498.124 -10828.8 0.105332
568000 497.93 -10781.2 -6.39309
569000 500.035 -10677.8 1.61342
570000 498.961 -10688.3 9.92369
571000 500.181 -10566.9 -6.69816
572000 501.199 -10620.9 1.99632
573000 501.577 -10594.7 -5.78801
574000 500.803 -10627.3 -5.17045
575000 501.167 -10628.4 1.6135
576000 504.277 -10559 2.34335
577000 498.352 -10623 3.0445
578000 499.559 -10632.7 -13.0606
579000 501.734 -10676.2 -2.82455
580000 501.74 -10608.6 9.24197
581000 499.059 -10651.7 11.3031
582000 499.563 -10532.2 0.431798
583000 498.238 -10604.8 -10.9197
584000 498.307 -10719.9 5.33176
585000 496.127 -10812.1 -2.37781
586000 499.39 -10650.7 -5.38243
587000 500.079 -10669.2 3.59801
588000 499.624 -10690.5 -0.9517
589000 503.865 -10537.5 8.0156
590000 497.818 -10639.3 7.65692
591000 502.504 -10534.8 -5.12774
592000 499.375 -10592.4 9.01954
593000 497.812 -10732.9 -5.31904
594000 498.789 -10668.6 -6.9017
595000 499.831 -10657.8 15.6909
596000 502.784 -10645.6 -1.5484
597000 496.863 -10633.4 -3.60583
598000 498.813 -10679.6 -1.50347
599000 502.732 -10679.3 21.6128
600000 499.107 -10634.7 16.9949
601000 496.107 -10743.3 -4.56572
602000 500.618 -10695.4 2.64928
603000 498.703 -10682.2 10.1639
604000 498.534 -10664.9 -3.67955
605000 501.195 -10592.9 -0.917442
606000 500.82 -10712.4 -3.3868
607000 497.798 -10735.1 -6.50952
608000 501.065 -10623.7 5.29471
609000 498.314 -10731.9 7.33851
610000 501.704 -10833.3 -8.45294
611000 497.395 -10673.3 -4.49654
612000 499.724 -10707 -9.14616
613000 500.172 -10621 6.8191
614000 498.634 -10707.8 8.57544
615000 500.354 -10592.3 -9.04789
616000 499.538 -10577.5 14.1721
617000 501.817 -10666.9 -2.48651
618000 499.987 -10759 5.31368
619000 498.836 -10666.6 -8.7671
620000 501.117 -10772.1 14.1042
621000 499.494 -10587.8 -18.0907
622000 498.114 -10549.4 11.465
623000 500.348 -10497.7 -6.77802
624000 500.331 -10453.6 0.518209
625000 500.144 -10604.7 13.4562
626000 496.562 -10552.3 4.60888
627000 498.217 -10605 0.158784
628000 497.254 -10611.9 0.0215755
629000 499.357 -10718.8 -3.07347
630000 500.097 -10733.7 7.56189
631000 500.971 -10661.3 -12.9057
632000 498.68 -10706.1 0.0299651
633000 495.405 -10764.2 3.95426
634000 498.718 -10688.5 -9.01075
635000 497.521 -10683.3 6.03549
636000 497.722 -10703.6 6.28583
637000 500.194 -10676.4 -7.55746
638000 502.23 -10678.8 1.22998
639000 497.296 -10809.2 2.07764
640000 501.006 -10754.6 5.22214
641000 500.418 -10652.3 -11.9296
642000 503.637 -10600.5 15.932
643000 498.318 -10634.2 5.64688
644000 501.997 -10543.7 -8.79781
645000 502.971 -10512.4 6.58727
646000 504.67 -10504.1 0.177349
647000 499.096 -10769.9 -1.38587
648000 497.915 -10700.6 -0.7033
649000 503.343 -10565.7 9.53949
650000 496.659 -10748.4 4.87885
651000 502.599 -10648.1 -4.4681
652000 494.662 -10747.3 -0.0468237
653000 502.547 -10733.1 -2.41204
654000 496.55 -10780.7 5.63778
655000 498.23 -10630.8 2.17044
656000 499.109 -10714.7 9.59482
657000 497.616 -10778.9 14.8273
658000 500.069 -10671.7 -10.925
659000 502.558 -10550.7 -3.6029
660000 498.554 -10686.5 -5.97913
661000 498.129 -10677 10.5245
662000 499.464 -10747.7 -5.64351
663000 501.878 -10672.2 -0.452881
664000 501.027 -10611.9 0.36699
665000 501.958 -10671.6 -7.12835
666000 501.883 -10696.5 -0.364221
667000 501.456 -10557.6 -0.793267
668000 498.989 -10628.6 -1.56835
669000 500.839 -10548.7 -9.27748
670000 498.779 -10663 -3.80023
671000 497.734 -10703 1.01121
672000 501.808 -10615.3 -3.34949
673000 497.905 -10726 -6.04992
674000 501.13 -10691.3 -14.9633
675000 500.685 -10635 11.0304
676000 494.797 -10735.3 -17.203
677000 500.158 -10630 18.0477
678000 500.377 -10724.6 1.23052
679000 499.412 -10737.4 1.99269
680000 498.565 -10768.9 -3.95171
681000 499.937 -10671 9.00465
682000 502.067 -10670.8 8.57614
683000 497.894 -10750.8 4.4803
684000 496.835 -10750 13.1914
685000 498.998 -10782.1 3.79467
686000 498.312 -10667.1 0.9462
687000 500.469 -10728 -14.7111
688000 501.963 -10602.3 -0.471466
689000 499.632 -10798 1.83778
690000 500.916 -10715.6 -4.02845
691000 500.762 -10669.6 4.6228
692000 495.86 -10776.4 13.0829
693000 498.473 -10563.7 -6.3162
694000 501.459 -10545.9 5.01605
695000 497.924 -10696.8 1.24526
696000 499.08 -10725.1 20.451
697000 497.76 -10702.2 7.90276
698000 501.158 -10595.8 0.688522
699000 498.729 -10608.1 3.25919
700000 500.875 -10666 4.30263
701000 498.586 -10743.8 10.7264
702000 502.664 -10615.5 -15.3181
703000 502.737 -10721.7 8.70656
704000 502.094 -10700.1 -6.58479
705000 502.611 -10601.5 -0.355015
706000 500.383 -10645.2 -6.14631
707000 499.634 -10755.6 12.6879
708000 499.133 -10690 -10.4839
709000 499.881 -10566.9 8.62249
710000 497.172 -10707.7 -2.56391
711000 500.771 -10626.9 13.8638
712000 499.192 -10642.7 5.29289
713000 499.231 -10764.2 8.84984
714000 498.946 -10726.7 -3.77127
715000 498.93 -10781 -0.826387
716000 499.881 -10616.7 -13.8415
717000 501.213 -10706.8 -1.89742
718000 499.72 -10699.6 -5.87621
719000 500.672 -10582.8 1.76645
720000 497.3 -10630.1 6.96135
721000 498.104 -10585.2 -9.61648
722000 496.298 -10707.7 12.8026
723000 499.389 -10637.7 -2.80343
724000 499.792 -10698 -2.37088
725000 502.288 -10656.2 7.4146
726000 500.301 -10571.1 6.90123
727000 501.063 -10651.1 -14.9475
728000 497.138 -10689.6 14.3413
729000 499.243 -10756.8 7.11536
730000 499.168 -10648.7 -8.15226
731000 500.313 -10685.7 7.67264
732000 500.752 -10679 -8.5191
733000 500.43 -10778.4 11.1398
734000 501.892 -10666.6 -1.0415
735000 503.123 -10741.4 14.0682
736000 499.469 -10740.7 -3.99816
737000 497.302 -10605.9 6.36128
738000 501.949 -10732.8 1.53743
739000 500.124 -10580.8 4.47217
740000 499.179 -10549.3 12.9521
741000 500.065 -10599.4 -10.6484
742000 499.484 -10770.5 13.0916
743000 500.115 -10791.9 -1.61221
744000 499.005 -10607.2 4.15151
745000 497.9 -10681.3 7.34206
746000 497.661 -10629.7 1.52406
747000 497.022 -10667.5 11.3431
748000 500.948 -10571.5 -8.12633
749000 498.95 -10620.5 -7.56133
750000 498.881 -10783.1 14.1632
751000 500.4 -10677.2 -2.61506
752000 498.001 -10740.8 2.39665
753000 499.888 -10659.1 7.00064
754000 497.774 -10541.7 8.73712
755000 496.397 -10616 -12.4628
756000 498.781 -10613 0.611162
757000 499.197 -10701.3 3.25759
758000 496.923 -10707.6 4.85871
759000 499.3 -10541.8 -11.1599
760000 501.081 -10468.1 13.5338
761000 501.441 -10564.7 2.03104
762000 500.035 -10583.9 0.109269
763000 500.784 -10567.5 -19.3262
764000 499.156 -10479.9 9.00305
765000 501.237 -10597.8 0.503544
766000 501.112 -10663.9 2.07595
767000 500.488 -10580.7 0.480853
768000 498.873 -10693.2 3.89709
769000 501.913 -10717.8 -1.24667
770000 499.2 -10674.4 -9.28253
771000 499.638 -10771.1 7.36749
772000 498.305 -10635.4 18.4966
773000 500.946 -10678.3 -7.37607
774000 499.634 -10693.4 -1.79691
775000 500.204 -10677.8 6.36622
776000 500.173 -10806 5.17341
777000 498.635 -10734.3 10.8048
778000 500.807 -10763.1 -5.55165
779000 496.46 -10828.4 -7.39074
780000 498.93 -10766.5 -0.313608
781000 500.903 -10800.8 12.1515
782000 496.445 -10793.7 -1.50807
783000 497.353 -10692 18.9442
784000 501.389 -10665.9 -26.226
785000 502.03 -10608.8 20.4173
786000 497.932 -10683.5 -12.0045
787000 498.965 -10740.3 7.36016
788000 500.497 -10632.8 -8.26114
789000 500.074 -10776 11.6373
790000 499.293 -10819.4 0.268631
791000 499.725 -10705.8 -7.8483
792000 504.787 -10596.4 10.0482
793000 500.4 -10628.9 -4.17519
794000 497.287 -10682.4 -4.70448
795000 502.008 -10679.3 1.88531
796000 502.862 -10557.2 -1.42887
797000 502.889 -10741.1 16.7661
798000 498.758 -10701.7 9.75426
799000 501.392 -10673.2 -2.67548
800000 499.242 -10715.2 4.72769
801000 500.199 -10561.2 3.47739
802000 499.789 -10587 3.87799
803000 501.63 -10633.9 2.5628
804000 498.066 -10637.6 -7.89967
805000 500.786 -10684 10.6896
806000 502.508 -10627.6 -14.0345
807000 498.505 -10678.5 10.2241
808000 498.839 -10652.6 -5.49019
809000 501.322 -10559.5 -0.471818
810000 501.295 -10595.8 -8.57137
811000 500.985 -10709.6 -0.00342037
812000 498.285 -10772 3.62918
813000 499.337 -10788.6 6.62558
814000 498.006 -10578.5 -8.84196
815000 501.847 -10650.9 5.82721
816000 501.909 -10727.5 -0.149785
817000 500.181 -10685.8 5.08969
818000 496.296 -10714.2 9.80582
819000 500.996 -10719.1 -8.05535
820000 495.933 -10683.1 2.52112
821000 502.101 -10639 8.45883
822000 500.605 -10712.3 -16.2801
823000 497.945 -10691.6 8.26962
824000 500.591 -10613.8 14.6894
825000 501.311 -10635.8 1.74639
826000 499.984 -10659.1 5.55723
827000 499.057 -10706.7 5.01125
828000 499.235 -10700.5 10.8765
829000 499.533 -10687.7 -6.82358
830000 496.749 -10683.8 16.8425
831000 501.783 -10601.9 3.29425
832000 500.988 -10688.8 8.9803
833000 501.234 -10572.6 2.28491
834000 498.489 -10640.6 2.25293
835000 499.658 -10734 -4.21997
836000 501.337 -10672.4 15.8288
837000 503.145 -10641.5 5.0295
838000 499.593 -10746.4 -1.13734
839000 497.958 -10777.8 -7.55627
840000 500.614 -10774.1 13.9383
841000 499.233 -10681.3 -2.58881
842000 501.281 -10705.1 -9.7866
843000 498.581 -10738.4 -12.4159
844000 501.456 -10646.4 -4.76611
845000 499.598 -10627.7 2.31469
846000 499.262 -10626.3 6.24845
847000 500.832 -10580.6 -10.8261
848000 500.628 -10608.9 8.79667
849000 499.164 -10725.1 4.50784
850000 503.083 -10566.9 14.0702
851000 495.724 -10662.6 6.06365
852000 500.904 -10558.9 -3.60483
853000 500.318 -10674.7 6.17173
854000 499.133 -10734.9 -4.65145
855000 499.275 -10525.3 -9.12034
856000 498.314 -10673.6 3.05618
857000 501.939 -10589.1 -2.44151
858000 499.751 -10622 8.13265
859000 500.6 -10621.3 5.32185
860000 499.941 -10729.5 -7.59834
861000 499.92 -10684.5 16.6739
862000 502.245 -10606.7 -8.42523
863000 499.5 -10663.1 8.28849
864000 500.511 -10620.7 -9.27627
865000 497.71 -10624.4 14.4027
866000 498.081 -10685.3 6.73249
867000 499.854 -10653.8 -0.619292
868000 498.966 -10707.1 -4.53412
869000 501.926 -10670.3 17.3454
870000 499.15 -10677.9 5.0856
871000 501.88 -10560.9 -10.819
872000 497.798 -10643.2 3.36222
873000 498.971 -10685.4 6.29632
874000 498.29 -10759.8 8.12905
875000 501.844 -10657.4 -13.5969
876000 501.239 -10675.9 0.719913
877000 500.689 -10627.5 1.68022
878000 498.472 -10718 8.1496
879000 499.545 -10589.9 12.7377
880000 499.772 -10605 -1.10717
881000 501.595 -10543.5 4.20874
882000 499.303 -10759.7 1.39367
883000 501.265 -10604.4 -2.01346
884000 501.641 -10674.8 3.84538
885000 500.7 -10712.7 -0.231398
886000 499.02 -10672 -2.98257
887000 499.501 -10656.4 -12.2288
888000 501.129 -10695 22.1556
889000 498.362 -10684.6 -0.879158
890000 501.006 -10618.2 4.16944
891000 501.887 -10625 4.61229
892000 497.978 -10540.6 -0.774252
893000 499.803 -10647.6 3.29098
894000 499.943 -10665 6.97959
895000 499.983 -10742.7 -4.76738
896000 500.358 -10746.3 15.749
897000 501.589 -10724.6 8.66208
898000 495.361 -10772.2 -3.39101
899000 501.433 -10621.9 9.14214
900000 501.849 -10699.1 -5.68047
901000 501.293 -10691.8 10.0425
902000 497.991 -10848.5 7.77459
903000 498.051 -10657.6 -2.04103
904000 498.646 -10690.1 -10.3138
905000 501.579 -10641.4 12.9936
906000 503.823 -10710.1 0.232722
907000 500.954 -10675.9 7.15854
908000 501.407 -10718.7 -3.96032
909000 500.726 -10729.9 -2.88054
910000 498.321 -10820.6 20.4556
911000 498.866 -10755.3 -11.3644
912000 500.456 -10599.6 21.8577
913000 499.508 -10546.7 -2.02521
914000 501.234 -10569.9 0.609829
915000 499.442 -10591.3 -1.50872
916000 500.947 -10591.7 -0.981793
917000 496.408 -10727.3 4.54212
918000 499.155 -10721.9 11.7693
919000 499.087 -10675.1 10.1735
920000 498.439 -10744.6 -6.81571
921000 498.597 -10593.9 -2.78913
922000 499.45 -10835 9.71186
923000 496.552 -10733.3 -6.55331
924000 502.092 -10667.1 22.0109
925000 501.456 -10702.3 -16.5577
926000 498.454 -10776.7 3.33455
927000 499.909 -10784.6 0.0338964
928000 498.41 -10679.5 9.2307
929000 500.189 -10624.2 -9.71489
930000 500.177 -10620.9 11.66
931000 500.198 -10639 -7.77799
932000 500.305 -10667.5 8.9109
933000 499.94 -10672.4 -10.7537
934000 500.08 -10739.4 8.55699
935000 498.153 -10699.2 -5.06666
936000 499.089 -10635.4 0.841485
937000 500.734 -10671.3 -0.148494
938000 502.567 -10520.1 6.50316
939000 498.343 -10609.7 -6.74774
940000 499.107 -10676 -6.00594
941000 497.131 -10722.3 1.00805
942000 497.09 -10751.3 17.1602
943000 498.93 -10668 -3.42516
944000 500.743 -10616.1 7.53192
945000 499.201 -10568.5 -13.8403
946000 497.751 -10637 -0.222381
947000 498.658 -10706.4 -5.77451
948000 498.973 -10659 0.698659
949000 497.357 -10804.2 21.7754
950000 500.423 -10634.8 -14.7633
951000 501.215 -10655.7 -3.15679
952000 499.527 -10759.7 -1.76426
953000 500.632 -10639.9 2.86939
954000 499.918 -10733.8 4.40224
955000 499.487 -10714.8 0.521195
956000 499.908 -10619.8 8.27221
957000 503.988 -10564.2 1.69336
958000 498.84 -10619.1 -17.5459
959000 500.196 -10632.2 -13.7846
960000 502.998 -10527.7 3.84886
961000 499.154 -10683.1 -2.25
962000 497.43 -10699.9 1.63004
963000 500.067 -10584.1 0.683864
964000 499.342 -10610.1 6.05275
965000 502.636 -10538.1 -14.4675
966000 499.437 -10692.8 7.59395
967000 500.044 -10485 0.226169
968000 502.032 -10478.1 -11.977
969000 500.451 -10573.1 -4.97645
970000 499.33 -10662.1 -5.38225
971000 495.259 -10723.4 13.0559
972000 501.467 -10739 -1.31028
973000 498.494 -10675.4 15.2503
974000 503.616 -10731.8 1.16644
975000 497.247 -10767.4 11.7231
976000 499.26 -10756.7 -4.14036
977000 503.773 -10604 -16.1183
978000 498.583 -10742.3 2.65532
979000 497.326 -10759.7 7.39408
980000 499.715 -10734.6 10.3306
981000 498.824 -10635.9 1.87777
982000 500.657 -10589.5 8.79389
983000 500.244 -10760.6 -7.0186
984000 499.564 -10759.7 7.31683
985000 498.745 -10716.4 5.67549
986000 496.031 -10784 6.71876
987000 499.073 -10670.1 -1.04219
988000 499.307 -10741 16.4443
989000 499.672 -10700.2 -3.2255
990000 500.29 -10641.4 5.01512
991000 499.003 -10629.3 17.7367
992000 500.131 -10636.8 -14.884
993000 499.448 -10677.5 -0.910671
994000 499.506 -10691.5 11.0336
995000 499.233 -10599.2 3.70762
996000 499.376 -10642.6 1.96354
997000 501.599 -10531.7 -0.759551
998000 500.676 -10628.7 2.01308
999000 499.051 -10628 9.94551
1000000 499.272 -10603.8 -6.93218
1001000 499.082 -10660.7 4.43198
1002000 499.457 -10694 0.271436
1003000 497.663 -10711.8 -9.99452
1004000 497.182 -10586.2 2.49068
1005000 498.469 -10585.5 -4.90926
1006000 502.039 -10559.6 1.12781
1007000 502.446 -10649 8.17336
1008000 500.392 -10733.3 -0.207348
1009000 499.962 -10812.7 7.95911
1010000 498.315 -10783.5 1.41893
1011000 501.554 -10704.2 6.8863
1012000 498.833 -10617.6 -7.65412
1013000 500.769 -10635.1 -9.49586
1014000 501.543 -10597.2 5.49982
1015000 496.233 -10633.6 -0.873332
1016000 503.911 -10636.2 11.4873
1017000 499.043 -10691.7 2.05465
1018000 497.947 -10563.9 -9.83708
1019000 499.68 -10687.5 8.36606
1020000 498.815 -10801.5 -2.34249
1021000 500.07 -10652 -13.0389
1022000 499.642 -10641 1.56539
1023000 501.014 -10613.6 -7.52691
1024000 503.778 -10713.8 17.7206
1025000 499.939 -10815.9 -1.64283
1026000 499.456 -10660.1 -6.88612
1027000 497.19 -10760.1 9.51168
1028000 499.519 -10803.4 8.12684
1029000 497.085 -10758.5 -12.9424
1030000 501.006 -10633.1 11.0058
1031000 498.7 -10686.2 -9.33476
1032000 501.992 -10629 -2.01897
1033000 501.905 -10510.3 -17.329
1034000 502.623 -10696.1 -5.7091
1035000 497.74 -10695.1 12.2631
1036000 499.372 -10657.4 5.42297
1037000 500.434 -10621.5 -9.10105
1038000 501.202 -10776.6 1.50157
1039000 498.8 -10814.8 8.96201
1040000 500.054 -10572.3 -7.10452
1041000 499.015 -10631.5 18.8429
1042000 500.409 -10604.7 -10.6108
1043000 499.369 -10665.6 -13.5431
1044000 496.024 -10737.1 3.82287
1045000 497.926 -10583.7 4.13537
1046000 498.822 -10663.2 10.3028
1047000 497.436 -10717.5 -11.8318
1048000 500.523 -10577.7 -0.745369
1049000 503.376 -10602 11.6619
1050000 498.697 -10725.9 -5.65039
1051000 501.683 -10672.6 -6.45082
1052000 499.635 -10745.7 12.1439
1053000 498.994 -10628.5 -0.108155
1054000 500.225 -10668.8 -5.52795
1055000 499.732 -10743.2 -3.91517
1056000 500.155 -10703.3 5.72509
1057000 498.939 -10672.5 -7.9146
1058000 498.798 -10574.3 4.15696
1059000 500.754 -10587.9 7.44241
1060000 500.216 -10635.7 3.93188
1061000 498.737 -10803.4 -10.7943
1062000 498.921 -10759.4 2.1774
1063000 504.445 -10523.8 8.99356
1064000 501.933 -10640.7 -0.619589
1065000 502.312 -10590.7 -0.538988
1066000 498.637 -10707.2 6.57593
1067000 498.806 -10646.5 -7.74072
1068000 498.103 -10679.5 11.3371
1069000 500.711 -10643.5 -3.88254
1070000 498.474 -10725.2 7.58951
1071000 499.968 -10676.5 5.83308
1072000 502.259 -10641.2 4.36559
1073000 498.769 -10627.1 0.964683
1074000 500.86 -10639.7 2.44438
1075000 499.359 -10745.7 1.84944
1076000 501.577 -10726.5 -5.72501
1077000 499.492 -10805.5 2.77481
1078000 500.652 -10732.9 2.14775
1079000 497.897 -10696.7 7.05972
1080000 497.782 -10637.3 -9.39202
1081000 499.641 -10627 13.4627
1082000 499.866 -10569.2 11.4823
1083000 498.474 -10763.2 -4.39914
1084000 499.113 -10742.9 -7.02329
1085000 501.153 -10678.3 22.7872
1086000 502.436 -10707.9 -11.8288
1087000 502.967 -10685.9 -0.861578
1088000 497.482 -10682.2 -1.94563
1089000 499.947 -10590.6 -12.3535
1090000 497.801 -10577.1 5.00078
1091000 497.872 -10770.3 9.28602
1092000 498.083 -10752.6 -1.86644
1093000 501.724 -10658.3 -8.78003
1094000 499.278 -10591.4 9.58753
1095000 500.329 -10652.9 2.10013
1096000 499.722 -10427.2 -14.5092
1097000 497.93 -10644.7 10.5343
1098000 499.254 -10751.6 -3.69299
1099000 497.961 -10755.2 -10.7363
1100000 501.078 -10697.8 -2.11559
1101000 497.6 -10626.5 5.96657
1102000 498.187 -10658.5 -9.47389
1103000 498.612 -10659.1 -4.24875
1104000 500.375 -10617.1 -3.93736
1105000 499.556 -10700.5 2.8744
1106000 498.151 -10805.2 -1.03868
1107000 499.931 -10706.6 -14.8925
1108000 499.393 -10658.4 2.08341
1109000 496.873 -10646.3 3.24795
1110000 500.812 -10644.6 -12.3968
1111000 499.2 -10721.3 6.78328
1112000 500.797 -10609 2.99376
1113000 502.242 -10563.9 5.06325
1114000 500.046 -10632.5 -4.52378
1115000 497.277 -10617.2 9.46643
1116000 501.832 -10696.8 -1.8894
1117000 498.057 -10699.2 -4.59861
1118000 499.307 -10684.2 5.15675
1119000 502.374 -10681 -6.11762
1120000 500.275 -10679.1 -9.41912
1121000 500.164 -10650.2 2.52199
1122000 499.776 -10606.7 -5.56774
1123000 501.038 -10475.6 0.91756
1124000 498.188 -10510.7 8.88871
1125000 497.825 -10574.5 -0.874583
1126000 502.623 -10660.5 1.93078
1127000 497.507 -10642.4 6.87597
1128000 496.892 -10696.1 -5.03988
1129000 498.679 -10728 6.28202
1130000 500.562 -10632.7 4.07255
1131000 498.269 -10716.2 7.28328
1132000 498.642 -10736.9 -3.64688
1133000 498.179 -10714.8 -6.67835
1134000 500.064 -10721.4 10.7485
1135000 498.104 -10700.7 -11.5445
1136000 498.265 -10699.7 -6.52752
1137000 498.528 -10701 0.0190322
1138000 498.867 -10737 0.958371
1139000 500.359 -10676.8 -5.10213
1140000 498.18 -10720.8 16.093
1141000 499.527 -10637.5 6.33145
1142000 502.816 -10698.8 -6.31583
1143000 498.492 -10745.8 0.754817
1144000 502.263 -10693.2 1.08911
1145000 498.843 -10708.3 2.93557
1146000 498.126 -10782.1 11.8817
1147000 500.543 -10589.9 -3.46412
1148000 499.249 -10735.9 11.6004
1149000 498.562 -10759.4 2.4037
1150000 499.089 -10759.5 4.46356
1151000 497.236 -10700.8 -0.278488
1152000 497.543 -10765.5 -16.1812
1153000 500.341 -10755.6 6.34848
1154000 498.962 -10672.3 -6.85458
1155000 504.51 -10605.8 -7.82365
1156000 502.343 -10663.7 3.72638
1157000 500.768 -10720.4 -10.0421
1158000 498.031 -10687.1 18.9164
1159000 499.61 -10581.3 -3.60349
1160000 502.862 -10558.7 -5.9513
1161000 500.884 -10590.8 -4.26453
1162000 498.582 -10619.8 1.83319
1163000 498.63 -10775.5 4.69549
1164000 498.978 -10808 1.06556
1165000 497.241 -10811.6 7.74473
1166000 499.759 -10720.5 9.15982
1167000 500.144 -10604.5 -8.21259
1168000 502.128 -10650.4 -4.58153
1169000 499.804 -10658.7 -4.94638
1170000 500.887 -10671.6 10.1431
1171000 501.397 -10738.3 -0.0469182
1172000 498.385 -10711.3 9.78398
1173000 501.349 -10732.1 3.82203
1174000 499.601 -10698.1 3.95728
1175000 501.55 -10525.2 15.2602
1176000 499.893 -10682.9 15.7616
1177000 501.06 -10775 1.16512
1178000 497.887 -10698.5 -9.4002
1179000 502.931 -10611.9 11.3438
1180000 498.878 -10669.4 -9.29621
1181000 499.361 -10756.6 9.1548
1182000 499.041 -10751.4 2.22732
1183000 501.222 -10616.3 -3.78057
1184000 497.305 -10691.1 -9.34933
1185000 499.826 -10633 -9.51836
1186000 501.305 -10646.1 -4.82565
1187000 500.468 -10804.7 10.0304
1188000 499.201 -10680.3 -6.48472
1189000 498.511 -10665.2 3.24828
1190000 497.763 -10648.9 10.3189
1191000 502.726 -10621.9 10.5583
1192000 500.494 -10576.7 9.75083
1193000 497.56 -10736.3 -11.2519
1194000 502.45 -10626.5 3.6156
1195000 498.242 -10674.1 3.12128
1196000 500.69 -10673.8 -4.20423
1197000 497.482 -10752.5 12.2738
1198000 498.471 -10719.1 3.17295
1199000 500.456 -10715.6 -12.8532
1200000 500.56 -10639.7 6.44202
1201000 497.937 -10638.6 4.47972
1202000 501.907 -10620 -3.33213
1203000 500.124 -10576 -8.67394
1204000 501.198 -10482.6 2.33395
1205000 498.654 -10567.4 7.28718
1206000 498.433 -10613.8 1.69214
1207000 500.964 -10575.8 -13.1943
1208000 501.228 -10751.7 9.7658
1209000 501.673 -10699.7 7.38167
1210000 497.535 -10834 2.7589
1211000 498.621 -10755.2 -2.86039
1212000 500.353 -10670.5 12.5424
1213000 498.301 -10670.8 -1.49298
1214000 500.171 -10736.1 -12.1436
1215000 501.332 -10662.7 3.01911
1216000 501.157 -10608.4 -2.0818
1217000 501.311 -10623.1 -0.421059
1218000 499.161 -10817.7 20.3437
1219000 499.791 -10637.3 -17.2945
1220000 499.964 -10616.8 5.23065
1221000 502.581 -10631.3 -2.7577
1222000 499.945 -10653.5 -6.15508
1223000 498.814 -10697.9 -8.47775
1224000 499.746 -10731.6 2.31091
1225000 497.201 -10801.8 7.2981
1226000 500.382 -10660.8 -13.8726
1227000 503.749 -10576.6 16.4076
1228000 501.045 -10619 -6.34815
1229000 499.431 -10671.1 11.9643
1230000 499.801 -10568 -15.3665
1231000 500.438 -10601.3 6.7645
1232000 498.619 -10723.6 5.72246
1233000 496.217 -10748 9.38451
1234000 497.767 -10723.1 -7.96722
1235000 501.143 -10471.9 0.279709
1236000 500.933 -10631.3 2.67793
1237000 496.022 -10800.3 13.5232
1238000 501.266 -10672.1 -0.0333919
1239000 501.637 -10706.2 6.11619
1240000 500.817 -10664.4 -1.44696
1241000 499.588 -10596.2 -12.2533
1242000 501.115 -10652.8 19.7814
1243000 502.503 -10685.9 7.48249
1244000 500.743 -10734.5 0.0232569
1245000 496.131 -10648.8 9.71161
1246000 498.795 -10550.1 -23.7041
1247000 499.974 -10570.4 -3.26645
1248000 501.753 -10568.8 15.9417
1249000 502.764 -10590.5 -13.0423
1250000 500.506 -10632 16.6976
1251000 502.538 -10642.8 9.25111
1252000 499.319 -10689.9 -7.65232
1253000 500.706 -10624.4 12.0609
1254000 498.825 -10657.8 0.401947
1255000 499.649 -10646.6 -8.68933
1256000 498.675 -10657.3 15.8221
1257000 501.636 -10556.4 3.35021
1258000 499.814 -10549.4 -7.88443
1259000 498.139 -10549.5 -8.30146
1260000 499.284 -10678 -1.45336
1261000 498.326 -10732.1 -0.709852
1262000 497.418 -10863.4 3.65333
1263000 501.101 -10677.8 11.4212
1264000 502.938 -10595.8 10.5825
1265000 499.875 -10764.2 -5.02539
1266000 498.099 -10705 17.6091
1267000 498.155 -10740.9 -1.43331
1268000 501.112 -10612.1 13.1614
1269000 498.563 -10628.9 -5.81554
1270000 498.859 -10681.6 -6.80591
1271000 497.177 -10653 19.6687
1272000 502.314 -10579.1 12.8964
1273000 500.844 -10693.3 -4.95218
1274000 499.822 -10605.7 -0.982812
1275000 500.52 -10523.3 13.0328
1276000 500.72 -10627.2 -9.37992
1277000 501.901 -10730.6 4.82188
1278000 500.039 -10721.3 -2.72936
1279000 503.405 -10550.8 -0.15255
1280000 498.495 -10694 -7.24379
1281000 497.923 -10717.9 8.3124
1282000 500.629 -10659.6 -3.39874
1283000 499.695 -10550.4 13.4751
1284000 501.615 -10558.7 5.1789
1285000 502.026 -10610.3 -0.986576
1286000 497.92 -10751.4 9.51871
1287000 500.381 -10633 -0.46952
1288000 499.563 -10641.9 -2.3856
1289000 499.793 -10648.8 -8.49275
1290000 498.583 -10664.4 5.57199
1291000 501.67 -10578.1 10.7871
1292000 500.595 -10738.2 -6.85512
1293000 499.214 -10689 -3.73321
1294000 497.337 -10716.6 2.97506
1295000 500.184 -10740.6 -2.30001
1296000 501.061 -10652.4 -8.90967
1297000 501.48 -10523.8 9.78726
1298000 499.442 -10540.7 -10.6261
1299000 498.403 -10614.2 6.60822
1300000 500.791 -10655.7 14.816
1301000 496.105 -10682.5 -10.431
1302000 498.619 -10814.4 5.69321
1303000 499.603 -10676.9 -7.56826
1304000 498.766 -10697.8 2.74083
1305000 498.739 -10742.2 13.4396
1306000 501.974 -10594.1 5.98107
1307000 497.217 -10721.3 -8.45677
1308000 504.279 -10651.8 14.9861
1309000 500.26 -10591.4 -13.6743
1310000 500.612 -10658 0.616504
1311000 501.817 -10674 4.08243
1312000 498.93 -10782.7 0.523594
1313000 499.164 -10700.8 5.44654
1314000 498.442 -10689.7 1.93822
1315000 503.625 -10660.1 1.63086
1316000 499.821 -10690.5 -14.4083
1317000 500.509 -10681.8 9.68119
1318000 499.867 -10541 3.45863
1319000 501.984 -10574 7.61721
1320000 499.333 -10698.2 -5.83727
1321000 500.881 -10704.7 9.12485
1322000 501.289 -10614.3 3.47686
1323000 497.846 -10725.7 -2.24857
1324000 499.172 -10683.6 14.2277
1325000 501.652 -10588.3 2.55637
1326000 501.153 -10683.8 1.72384
1327000 499.87 -10833.1 -5.07605
1328000 499.498 -10755.9 -1.75559
1329000 500.887 -10649.2 24.904
1330000 497.831 -10621.1 -5.68793
1331000 498.872 -10612.1 -0.54608
1332000 501.476 -10603.4 10.6315
1333000 497.221 -10610.9 -3.93027
1334000 500.831 -10694 -1.66267
1335000 498.85 -10608.4 4.89092
1336000 499.96 -10651.3 0.863014
1337000 499.534 -10798.1 -11.0207
1338000 500.231 -10716.9 5.00084
1339000 498.457 -10745.5 -1.14373
1340000 496.867 -10803.1 1.83187
1341000 498.511 -10705.8 -3.11103
1342000 499.957 -10657 0.0024738
1343000 503.795 -10669.2 8.03132
1344000 500.623 -10740.4 -2.14061
1345000 501.431 -10667.1 19.7805
1346000 501.004 -10573 -3.33432
1347000 501.537 -10598.6 10.3743
1348000 497.334 -10676.2 -5.96422
1349000 500.601 -10624.2 3.69146
1350000 501.071 -10568 -7.99952
1351000 502.211 -10536.9 3.15757
1352000 500.252 -10507.4 -6.39449
1353000 500.205 -10657.9 -5.13404
1354000 498.584 -10672.6 17.5784
1355000 499.308 -10623.2 -12.364
1356000 497.165 -10734.9 -13.7787
1357000 501.702 -10648.9 6.01116
1358000 501.197 -10653.3 12.0569
1359000 499.593 -10688.9 2.69666
1360000 501.585 -10480.2 10.085
1361000 502.235 -10560.6 1.70522
1362000 497.05 -10658.4 -5.54689
1363000 501.079 -10675.4 9.50825
1364000 502.171 -10639 7.29196
1365000 499.391 -10609 -10.0135
1366000 497.756 -10601.9 3.61388
1367000 499.685 -10751.2 0.198118
1368000 496.865 -10759.3 14.9895
1369000 500.607 -10690.5 -21.6925
1370000 497.55 -10681.8 4.2953
1371000 502.496 -10656 -4.89155
1372000 498.913 -10652.6 7.76164
1373000 498.459 -10753.6 -2.33482
1374000 503.098 -10652.1 1.53864
1375000 499.439 -10638.5 -0.910606
1376000 500.769 -10736.8 4.8702
1377000 503.495 -10624.6 -12.1612
1378000 499.282 -10650.1 -0.205273
1379000 500.834 -10725.2 4.84668
1380000 498.677 -10669.9 3.12118
1381000 494.884 -10779.7 -2.61329
1382000 498.956 -10750.6 -21.0294
1383000 498.872 -10662.6 4.74088
1384000 499.912 -10607.5 5.32313
1385000 499.909 -10573 8.87099
1386000 501.52 -10682.8 0.655773
1387000 500.848 -10630.8 -0.0385794
1388000 499.084 -10613.9 -2.98119
1389000 501.001 -10700 -1.3046
1390000 496.258 -10834.2 4.05105
1391000 499.788 -10683.3 -14.963
1392000 500.221 -10609.3 13.2211
1393000 495.402 -10670 -8.21794
1394000 498.139 -10685.5 10.3783
1395000 497.688 -10648.4 9.58672
1396000 502.6 -10543.2 -12.3118
1397000 501.948 -10516.1 -5.96955
1398000 498.796 -10591.5 -1.39989
1399000 499.48 -10603.7 10.2981
1400000 498.929 -10655.1 -11.7763
1401000 497.671 -10678.4 7.64078
1402000 498.539 -10696.3 7.39498
1403000 500.824 -10596.5 -13.582
1404000 499.156 -10720.7 20.5936
1405000 500.684 -10568.5 3.36985
1406000 498.227 -10725.7 6.09719
1407000 500.481 -10690.9 -14.1158
1408000 497.887 -10731.2 11.8722
1409000 499.844 -10542.4 -17.8112
1410000 500.041 -10534.3 3.47373
1411000 501.702 -10546.2 0.611892
1412000 498.907 -10625.6 0.0156087
1413000 502.542 -10653.9 -10.8468
1414000 501.382 -10715.7 14.8359
1415000 498.758 -10770.2 -7.88431
1416000 501.438 -10679.7 -3.89863
1417000 497.066 -10767.7 6.83016
1418000 500.63 -10704.5 1.11532
1419000 500.306 -10642.5 -2.85165
1420000 497.687 -10747.6 3.36639
1421000 501.952 -10580.2 -0.116271
1422000 499.831 -10610 6.51446
1423000 500.607 -10661.2 -3.90355
1424000 501.804 -10514.6 6.70531
1425000 500.554 -10727.1 14.3925
1426000 500.884 -10661.4 1.08056
1427000 501.06 -10630.2 -4.05282
1428000 500.423 -10807.9 3.81276
1429000 501.217 -10703.3 0.658981
1430000 498.013 -10579.3 4.28674
1431000 499.726 -10679.5 5.33466
1432000 499.927 -10558.9 6.31452
1433000 501.046 -10607.4 12.2962
1434000 500.774 -10676.7 -11.5718
1435000 502.599 -10676.3 1.41393
1436000 500.792 -10553.1 -12.1255
1437000 501.142 -10557.9 17.9048
1438000 501.395 -10483.2 -3.80837
1439000 500.08 -10546.3 7.31855
1440000 500.229 -10563 12.5183
1441000 502.505 -10538.6 0.162626
1442000 501.265 -10681.8 -14.2061
1443000 499.416 -10681.9 0.525958
1444000 500.139 -10570.8 18.7653
1445000 498.763 -10608.5 -5.70702
1446000 502.626 -10528.1 -0.204646
1447000 499.641 -10532 5.77187
1448000 497.944 -10599.7 -3.97252
1449000 498.319 -10662 8.89143
1450000 501.762 -10645.9 1.576
1451000 497.731 -10753.9 -3.69374
1452000 504.428 -10582.1 8.87859
1453000 499.809 -10605 -3.24488
1454000 497.934 -10698.7 -1.6881
1455000 497.326 -10684 1.42245
1456000 499.014 -10654 20.027
1457000 502.154 -10558.5 -11.7559
1458000 499.663 -10578 -2.88786
1459000 500.083 -10595.6 10.9308
1460000 501.114 -10708.2 -0.98146
1461000 499.739 -10649 0.0379739
1462000 501.379 -10611.1 2.10636
1463000 501.052 -10551.1 -1.1104
1464000 501.142 -10579.4 7.00397
1465000 499.364 -10692.8 7.65809
1466000 497.103 -10706.2 0.812117
1467000 503.092 -10643.1 0.596149
1468000 501.877 -10605.5 23.1748
1469000 497.687 -10652.1 -20.5223
1470000 497.549 -10739.8 6.19483
1471000 498.146 -10691.8 11.4422
1472000 499.774 -10616.9 -5.90973
1473000 496.795 -10717.7 -1.1722
1474000 501.09 -10658.5 5.73038
1475000 501.7 -10614 9.79832
1476000 500.176 -10663.9 -10.5615
1477000 499.659 -10743.2 -0.723666
1478000 501.741 -10695.8 -3.39487
1479000 496.855 -10757.4 -10.5503
1480000 499.747 -10681.7 13.3743
1481000 502.517 -10617.5 4.26016
1482000 498.304 -10832.5 -1.29257
1483000 499.471 -10738.5 5.43238
1484000 503.76 -10638 -13.6723
1485000 497.98 -10628 -8.85931
1486000 498.503 -10621.4 16.5176
1487000 499.974 -10667 -3.72698
1488000 498.564 -10579.2 -4.94649
1489000 498.377 -10652.4 -5.22895
1490000 498.541 -10691.4 9.41733
1491000 500.092 -10625.4 -2.56491
1492000 498.233 -10665.8 0.632121
1493000 498.13 -10686.9 -9.35888
1494000 499.273 -10622.1 -5.40237
1495000 499.523 -10655 -7.72895
1496000 498.836 -10608.9 -8.65954
1497000 498.787 -10690 -3.02876
1498000 501.996 -10505.8 -1.48559
1499000 500.039 -10604 3.73742
1500000 501.852 -10452.6 5.64476
1501000 498.368 -10569.2 -13.1464
1502000 503.016 -10553.3 4.73638
1503000 498.544 -10694 -12.9536
1504000 500.531 -10707.1 2.96675
1505000 500.181 -10710.1 -0.757405
1506000 499.667 -10694.6 -9.32057
1507000 499.609 -10838 8.60719
1508000 498.23 -10783.2 -0.476287
1509000 498.039 -10763.2 -1.27782
1510000 498.111 -10681.9 19.9051
1511000 500.621 -10629.2 -3.47636
1512000 499.381 -10699.1 -9.31645
1513000 499.905 -10679.9 0.746377
1514000 500.203 -10568.2 22.4046
1515000 499.886 -10631 -4.683
1516000 500.814 -10620.4 -12.9371
1517000 500.304 -10627.2 1.8619
1518000 500.231 -10696.3 1.74077
1519000 500.26 -10743 14.6323
1520000 502.357 -10752.9 -8.21865
1521000 502.458 -10584.7 -3.08707
1522000 499.678 -10618.4 6.2814
1523000 498.867 -10676.2 1.14013
1524000 500.927 -10539.7 11.9267
1525000 498.644 -10658.7 4.20914
1526000 499.186 -10703 10.7625
1527000 499.899 -10697.5 0.677991
1528000 499.435 -10705.3 7.59856
1529000 500.175 -10651.9 -0.474431
1530000 500.148 -10662.6 -4.10787
1531000 499.258 -10680.8 4.80956
1532000 500.49 -10479.6 4.78037
1533000 501.149 -10645.3 -0.853199
1534000 502.141 -10640.7 0.438986
1535000 501.592 -10548.5 0.379519
1536000 498.881 -10608 -7.67678
1537000 498.12 -10682.7 12.75
1538000 499.777 -10723.2 -0.423101
1539000 499.724 -10659.9 17.9047
1540000 498.017 -10630.3 -18.7696
1541000 498.959 -10667.2 6.67686
1542000 504.397 -10595.8 -9.75614
1543000 500.328 -10690.1 -0.719994
1544000 497.401 -10709.3 2.2244
1545000 501.822 -10669.5 7.01167
1546000 497.946 -10754.7 1.04723
1547000 501.307 -10689.4 10.0937
1548000 498.563 -10702.7 5.47527
1549000 501.125 -10654.8 12.0891
1550000 499.007 -10592.9 -14.4269
1551000 499.449 -10687.2 22.1405
1552000 500.908 -10696.2 5.95982
1553000 496.906 -10637.1 -0.532173
1554000 499.036 -10669.1 1.03557
1555000 500.032 -10708.2 4.49696
1556000 500.022 -10633.8 -3.39182
1557000 498.347 -10658 6.53882
1558000 499.564 -10625.6 0.109934
1559000 500.153 -10622.6 7.78598
1560000 501.296 -10606.5 -5.38039
1561000 503.499 -10630.4 4.78841
1562000 498.922 -10690.3 -6.52001
1563000 502.611 -10491.4 -3.97201
1564000 498.885 -10715.3 3.17789
1565000 500.68 -10815.7 -0.815865
1566000 500.651 -10672.2 8.18774
1567000 500.456 -10588 1.3648
1568000 499.133 -10658.3 7.49916
1569000 502.253 -10632.8 17.1798
1570000 496.82 -10687.7 -6.32632
1571000 498.919 -10597.6 -1.62881
1572000 501.202 -10541.8 -0.79617
1573000 499.772 -10637.9 5.00552
1574000 498.666 -10646.9 13.7622
1575000 499.259 -10625.5 -13.1433
1576000 499.671 -10524.4 -1.5029
1577000 500.427 -10515.9 -7.08565
1578000 499.912 -10590.3 -2.68686
1579000 501.158 -10660.1 8.9289
1580000 499.714 -10641.2 -1.39491
1581000 501.134 -10710.1 0.930974
1582000 499.428 -10645.9 -3.25897
1583000 497.421 -10657.7 -6.12552
1584000 497.254 -10759.8 4.68499
1585000 499.626 -10705.1 -2.17679
1586000 501.943 -10546.3 -11.3372
1587000 500.093 -10568.4 11.0817
1588000 500.14 -10648.1 3.56443
1589000 499.91 -10643.1 -5.29364
1590000 500.271 -10619.4 3.51662
1591000 501.207 -10598.9 -2.05938
1592000 497.533 -10681.2 17.863
1593000 499.658 -10613.6 6.9801
1594000 500.336 -10735.9 -0.610612
1595000 501.221 -10623.3 15.682
1596000 503.842 -10559.4 5.03286
1597000 498.299 -10655.6 -2.22492
1598000 499.069 -10591.6 -1.91122
1599000 497.086 -10648.9 3.27744
1600000 499.761 -10618.4 -0.615028
1601000 499.46 -10651.4 8.04222
1602000 496.816 -10710.3 1.60869
1603000 501.104 -10623.1 11.642
1604000 502.637 -10631.6 -4.34159
1605000 499.798 -10677.4 10.9749
1606000 502.375 -10604.8 -7.94377
1607000 499.875 -10678.6 -4.69032
1608000 500.701 -10657.7 -0.938789
1609000 498.058 -10681.1 4.54843
1610000 498.223 -10753.3 10.842
1611000 500.023 -10686.3 -6.50065
1612000 499.903 -10677.6 4.62969
1613000 501.167 -10684.8 19.7728
1614000 500.2 -10725.3 4.94799
1615000 496.729 -10728.7 5.48204
1616000 501.421 -10660.6 6.669
1617000 502.309 -10584.2 -22.2476
1618000 501.288 -10622.7 12.5679
1619000 502.817 -10666.8 12.8929
1620000 501.038 -10746.2 13.8662
1621000 499.489 -10657.6 -1.37934
1622000 504.664 -10694.8 -8.39159
1623000 501.056 -10645 -10.303
1624000 498.334 -10703.2 -12.4583
1625000 500.439 -10557.5 26.8316
1626000 502.266 -10588.9 1.5988
1627000 499.797 -10674.5 9.18025
1628000 501.823 -10509.9 -6.84554
1629000 499.989 -10614.2 3.27943
1630000 502.342 -10646.3 -5.71368
1631000 500.322 -10652.3 6.72521
1632000 501.601 -10616.2 -8.87785
1633000 502.024 -10653 9.16611
1634000 498.495 -10732 -0.630073
1635000 498.65 -10605.1 -9.3993
1636000 500.006 -10637.5 2.87016
1637000 498.97 -10634.6 -8.91998
1638000 498.676 -10656.9 0.947775
1639000 500.641 -10674.5 6.04412
1640000 502.88 -10579.6 1.85377
1641000 500.648 -10589.5 2.00172
1642000 500.896 -10758.9 20.063
1643000 497.234 -10696.2 4.52156
1644000 500.189 -10635.3 -7.95365
1645000 501.772 -10552 -9.10805
1646000 499.035 -10612 -1.04467
1647000 497.046 -10623.7 -2.65648
1648000 498.692 -10657 -3.17139
1649000 500.125 -10643.5 16.6324
1650000 499.706 -10619.1 1.32968
1651000 498.432 -10682.5 2.76647
1652000 498.023 -10765.5 -4.44472
1653000 497.63 -10748.2 4.4255
1654000 499.824 -10688.8 -3.34301
1655000 501.673 -10721.9 5.11235
1656000 499.546 -10683.5 -22.1713
1657000 497.317 -10642 11.4534
1658000 499.064 -10637.5 2.14766
1659000 499.803 -10591.4 -2.57236
1660000 502.482 -10638.7 -4.3175
1661000 500.091 -10524.2 -1.61926
1662000 499.596 -10547.7 3.27353
1663000 501.316 -10655.4 10.3466
1664000 499.84 -10727.7 4.43741
1665000 499.635 -10666.1 -3.24576
1666000 498.798 -10577.3 8.42995
1667000 500.935 -10590.2 3.33319
1668000 498.249 -10632.3 2.21776
1669000 498.293 -10702.6 -12.28
1670000 500.21 -10793.5 -7.559
1671000 498.467 -10739.9 7.9169
1672000 503.716 -10649.2 0.617117
1673000 499.341 -10723 -6.07036
1674000 498.411 -10700.2 -11.3748
1675000 498.161 -10678.6 4.77563
1676000 501.243 -10574.7 -21.2223
1677000 499.997 -10700.5 -0.334001
1678000 497.52 -10728.7 1.87761
1679000 499.892 -10571.7 5.10308
1680000 501.298 -10552.3 -7.21449
1681000 501.921 -10506.7 13.2678
1682000 499.848 -10479.8 -7.87594
1683000 500.544 -10518.8 13.3637
1684000 498.178 -10590.2 -7.17511
1685000 500.615 -10618.7 7.04794
1686000 497.792 -10687.2 -0.190648
1687000 502.352 -10658.1 11.2833
1688000 498.012 -10684.3 1.10966
1689000 498.676 -10786.4 -5.1905
1690000 500.921 -10626.5 -8.12379
1691000 500.369 -10674.1 8.24101
1692000 497.545 -10696 -3.18035
1693000 499.311 -10654.1 8.60485
1694000 502.361 -10710.1 2.02165
1695000 497.129 -10736.3 5.8578
1696000 498.35 -10659.9 -0.987721
1697000 500.746 -10596.3 7.77359
1698000 502.402 -10709.5 2.2431
1699000 499.587 -10667.2 4.31044
1700000 500.78 -10674 -4.72781
1701000 502.699 -10623.5 11.402
1702000 502.104 -10588.1 5.17232
1703000 499.092 -10663 -6.15377
1704000 499.944 -10666.3 4.80612
1705000 499.143 -10656.6 8.57671
1706000 502.619 -10604.6 -1.48504
1707000 499.774 -10734.8 7.65063
1708000 497.962 -10644.7 4.49123
1709000 501.427 -10665.9 8.30617
1710000 499.806 -10681.3 0.217917
1711000 502.626 -10573.8 -1.91992
1712000 502.065 -10652 7.57663
1713000 501.673 -10543.9 -6.02156
1714000 497.711 -10652.3 16.6194
1715000 498.449 -10666.9 -9.34746
1716000 499.811 -10686.9 7.79678
1717000 501.037 -10717.3 4.73538
1718000 500.339 -10658.6 -7.16586
1719000 501.775 -10554.6 2.34073
1720000 500.771 -10633.5 2.88633
1721000 499.678 -10505.3 -11.3489
1722000 499.625 -10518.8 -4.87824
1723000 501.501 -10656 19.1997
1724000 500.083 -10698.2 8.15932
1725000 498.524 -10669.2 -4.96419
1726000 501.719 -10552.4 7.02665
1727000 501.746 -10616 -14.1245
1728000 500.623 -10658.5 12.2974
1729000 499.745 -10770.1 8.90261
1730000 500.201 -10657 -3.41836
1731000 500.342 -10676.1 2.46476
1732000 500.895 -10592.8 9.57142
1733000 496.1 -10675 -14.1575
1734000 501.751 -10577.3 -10.3011
1735000 500.886 -10536.6 12.8164
1736000 499.021 -10524.5 -15.5818
1737000 500.357 -10599.7 7.9946
1738000 497.437 -10669.8 -16.7787
1739000 496.393 -10580.5 5.66086
1740000 498.631 -10663 -0.456951
1741000 497.819 -10623.2 14.1769
1742000 502.282 -10689.8 -1.96986
1743000 498.991 -10666.9 -3.36831
1744000 500.535 -10699.3 -1.52253
1745000 500.349 -10580.6 11.8037
1746000 500.129 -10659.7 10.5553
1747000 504.524 -10573.4 -4.60756
1748000 500.967 -10590.7 10.3098
1749000 502.573 -10712.5 -8.94837
1750000 499.681 -10602 10.5258
1751000 499.802 -10463.6 15.5544
1752000 501.241 -10579.5 -8.26205
1753000 500.271 -10621.3 7.10114
1754000 497.816 -10707.4 -20.9434
1755000 499.69 -10577.4 7.57705
1756000 498.039 -10701.5 -8.91066
1757000 495.692 -10676.3 13.0355
1758000 501.461 -10535.5 3.65379
1759000 499.382 -10602.8 -6.6564
1760000 501.14 -10628.6 18.2902
1761000 500.7 -10628.1 2.98372
1762000 497.352 -10761.3 -0.295462
1763000 501.314 -10672.5 -4.85003
1764000 499.919 -10658.5 -10.0346
1765000 499.325 -10690.4 1.35121
1766000 496.509 -10701.9 -9.45522
1767000 502.396 -10560.7 -9.22301
1768000 499.757 -10603.7 22.5609
1769000 501.758 -10538.6 -13.3805
1770000 499.895 -10685.9 -7.00462
1771000 499.24 -10612.7 -5.94853
1772000 500.835 -10580.9 -9.85381
1773000 499.261 -10628.5 13.4485
1774000 498.292 -10697.9 -12.4711
1775000 500.6 -10743 9.00472
1776000 502.315 -10632.9 8.47154
1777000 502.773 -10488.8 -18.3308
1778000 500.603 -10483.5 -1.61203
1779000 501.624 -10499.9 -6.6803
1780000 500.327 -10570.2 5.9905
1781000 500.814 -10611.1 7.40392
1782000 502.803 -10621.3 -10.1981
1783000 499.757 -10776.8 12.3251
1784000 499.246 -10708 1.47631
1785000 500.137 -10610.4 -8.08611
1786000 499.619 -10725.5 7.53617
1787000 500.36 -10775.3 18.345
1788000 500.555 -10738.2 -7.76931
1789000 500.765 -10729.3 1.61915
1790000 498.805 -10733.8 3.0288
1791000 498.371 -10696.8 3.00545
1792000 497.631 -10803 -1.94175
1793000 500.875 -10627 -6.55244
1794000 499.156 -10540.3 1.0305
1795000 498.034 -10672.8 -2.5446
1796000 500.895 -10546.4 -6.483
1797000 499.925 -10510.5 -3.53975
1798000 496.879 -10728.7 -6.82885
1799000 501.036 -10646.7 9.902
1800000 499.6 -10473.2 -15.4555
1801000 500.423 -10517.8 -3.40853
1802000 502.232 -10571.2 1.80333
1803000 500.655 -10507.4 7.5585
1804000 500.629 -10520.6 -13.7008
1805000 502.338 -10564.2 -4.18703
1806000 499.601 -10571.6 8.99659
1807000 499.444 -10777.2 6.53192
1808000 497.977 -10639.7 -0.295609
1809000 501.345 -10701.3 -8.84307
1810000 498.841 -10737.5 -4.47985
1811000 499.501 -10706.5 9.53332
1812000 501.175 -10620.7 -6.61067
1813000 501.288 -10610.6 2.85682
1814000 498.826 -10616.6 1.91507
1815000 497.577 -10709.7 -11.1793
1816000 500.037 -10718 12.6385
1817000 498.908 -10655.7 3.61832
1818000 499.688 -10664 1.63907
1819000 500.237 -10726.9 9.77637
1820000 502.108 -10733.2 -1.91249
1821000 500.137 -10655.1 1.23128
1822000 499.537 -10629.2 -3.70894
1823000 499.296 -10597.9 -15.5773
1824000 497.655 -10671.4 1.48274
1825000 497.456 -10664.7 -7.11372
1826000 499.149 -10799.4 13.4568
1827000 501.711 -10650.7 8.77092
1828000 499.198 -10502.2 -11.6849
1829000 500.349 -10511.4 6.21135
1830000 499.032 -10560.9 19.3901
1831000 498.318 -10603.8 -2.73884
1832000 500.241 -10656.7 -8.67098
1833000 500.362 -10661 -2.74507
1834000 498.852 -10745.5 -5.05643
1835000 498.647 -10682 6.27862
1836000 498.483 -10612.2 1.60712
1837000 502.257 -10623.1 -6.68994
1838000 502.239 -10670.5 -1.85209
1839000 499.162 -10649.9 -9.26729
1840000 502.413 -10615.2 -0.147324
1841000 500.626 -10792 -2.34345
1842000 500.12 -10697.7 2.34411
1843000 501.736 -10610 20.5492
1844000 499.724 -10682.6 11.6841
1845000 499.569 -10700.4 -3.38891
1846000 497.973 -10699.9 -3.38894
1847000 498.341 -10760.6 -1.1958
1848000 501.267 -10686.7 8.81353
1849000 499.635 -10711.5 -8.34715
1850000 500.115 -10698.4 1.92597
1851000 499.492 -10767.6 -1.47558
1852000 501.222 -10593.9 1.47982
1853000 499.445 -10690.7 10.3354
1854000 499.786 -10613.8 5.79408
1855000 499.616 -10665.9 2.17616
1856000 503.132 -10533.9 -1.78215
1857000 501.635 -10547.7 -8.51302
1858000 501.035 -10751.8 -2.66406
1859000 502.967 -10720.3 6.79521
1860000 498.376 -10658.1 -2.7594
1861000 499.92 -10757.7 7.08871
1862000 499.276 -10595.1 -11.826
1863000 501.64 -10616.4 -0.641035
1864000 501.411 -10563.8 11.4309
1865000 500.533 -10759.4 15.0878
1866000 496.201 -10712.1 2.30421
1867000 497.631 -10640.5 15.3988
1868000 502.245 -10516.7 -7.96788
1869000 498.733 -10669.9 3.17216
1870000 499.098 -10717.9 1.49507
1871000 499.248 -10724 0.0429248
1872000 499.199 -10677.4 8.03245
1873000 501.479 -10737 10.5093
1874000 497.378 -10800 -6.35264
1875000 500.029 -10680.5 -1.22083
1876000 499.029 -10648.1 -0.65268
1877000 497.428 -10720.5 15.8384
1878000 500.946 -10598.1 -6.97463
1879000 502.364 -10545.3 7.87232
1880000 502.486 -10608.4 5.98608
1881000 499.126 -10642.3 0.243065
1882000 500.219 -10668.2 -17.0474
1883000 500.311 -10600.3 -2.06261
1884000 499.733 -10608.1 22.1152
1885000 500.234 -10676.1 2.44658
1886000 501.319 -10630.3 1.15536
1887000 502.711 -10622.7 -5.7371
1888000 500.9 -10592.8 -2.13126
1889000 500.293 -10716.9 -4.30391
1890000 500.187 -10699.1 -10.0739
1891000 499.477 -10713.1 -8.26153
1892000 499.864 -10780.5 11.2387
1893000 499.061 -10603.5 -9.40048
1894000 496.669 -10711.8 -11.0072
1895000 500.102 -10642.5 -4.52038
1896000 500.818 -10703.9 -4.44448
1897000 498.627 -10735.4 17.32
1898000 499.141 -10599.8 -10.5687
1899000 497.803 -10743.1 -4.13211
1900000 497.579 -10662 -21.0563
1901000 500.109 -10619.5 5.92099
1902000 498.253 -10492.7 15.0398
1903000 498.507 -10733.7 10.8278
1904000 497.418 -10741.9 6.05114
1905000 498.597 -10688.3 -3.49652
1906000 500.345 -10602.7 1.15601
1907000 500.376 -10509.9 1.49229
1908000 498.949 -10671.3 20.7052
1909000 499.075 -10600.3 -3.42327
1910000 499.132 -10665.8 -3.28781
1911000 496.268 -10766.1 -6.04092
1912000 499.833 -10627.5 13.5524
1913000 501.471 -10585.8 -5.24812
1914000 503.24 -10572.5 0.495189
1915000 497.645 -10651.2 3.45668
1916000 499.206 -10634 -3.39255
1917000 500.734 -10660.7 -3.81979
1918000 501.02 -10606 2.96655
1919000 496.932 -10686.2 9.60735
1920000 503.325 -10619.5 -15.033
1921000 500.608 -10737.4 3.18047
1922000 498.89 -10707.3 1.32782
1923000 500.282 -10660.7 -5.40147
1924000 498.306 -10688.6 -1.55391
1925000 499.078 -10660.6 -7.62262
1926000 500.143 -10723.7 14.8353
1927000 499.602 -10588.7 -10.193
1928000 500.613 -10678.9 -0.110792
1929000 498.525 -10667.8 16.1164
1930000 498.599 -10612.7 9.81888
1931000 500.354 -10481.9 -10.8037
1932000 501.777 -10567.7 -2.24031
1933000 499.132 -10725.5 3.4761
1934000 502.25 -10617.7 15.5465
1935000 498.47 -10729.2 -7.17417
1936000 500.355 -10576.2 -10.7923
1937000 501.343 -10671.1 10.8424
1938000 499.797 -10709.1 -23.0792
1939000 498.633 -10655.1 1.88406
1940000 500.06 -10687.8 15.8873
1941000 500.436 -10659.9 -19.9105
1942000 499.05 -10714.9 1.9865
1943000 501.438 -10603.3 0.0442147
1944000 501.348 -10694.7 8.21001
1945000 498.798 -10660.3 -2.90675
1946000 499.088 -10616.5 -0.266517
1947000 500.469 -10601.7 -7.24698
1948000 502.043 -10553.2 15.2654
1949000 501.122 -10580.6 -8.97641
1950000 499.988 -10702.5 -5.77662
1951000 498.596 -10702.3 3.68384
1952000 501.43 -10649.6 0.576661
1953000 499.418 -10718.2 0.482991
1954000 501.188 -10658.7 1.60564
1955000 501.805 -10603.1 7.42368
1956000 503.008 -10647.3 -0.163372
1957000 498.015 -10675.1 -4.76596
1958000 500.279 -10755.1 10.5406
1959000 500.544 -10670.7 9.95563
1960000 497.36 -10790.6 -4.62693
1961000 501.928 -10692.6 11.2342
1962000 501.592 -10566.5 -2.61154
1963000 502.053 -10589.7 3.71356
1964000 500.774 -10594.5 7.5105
1965000 496.841 -10786.9 4.97769
1966000 501.298 -10620.6 5.30928
1967000 502.404 -10527.3 15.4118
1968000 499.496 -10708.7 -2.94362
1969000 499.165 -10631.7 15.0563
1970000 499.98 -10684.5 -2.24883
1971000 502.297 -10642.5 10.362
1972000 501.21 -10791.4 10.1396
1973000 499.616 -10621.1 18.517
1974000 500.16 -10459.9 7.79662
1975000 498.414 -10529.8 -3.28326
1976000 501.306 -10578 -0.869009
1977000 501.368 -10779.1 -3.41762
1978000 499.311 -10686.2 15.2454
1979000 501.215 -10574.4 12.0409
1980000 500.804 -10673.5 1.76846
1981000 499.374 -10606.1 -6.73098
1982000 502.422 -10640.6 10.6737
1983000 501.382 -10590.1 -11.5838
1984000 500.317 -10733.6 -13.131
1985000 499.949 -10731.2 9.28513
1986000 497.357 -10558.3 -1.21409
1987000 499.372 -10699.8 4.64052
1988000 504.38 -10509.4 6.56167
1989000 497.564 -10649.5 3.1956
1990000 499.089 -10711.5 -3.11851
1991000 499.683 -10802.7 2.56782
1992000 501.044 -10754.9 -3.38859
1993000 501.666 -10733 -7.87004
1994000 498.616 -10637.9 10.5876
1995000 499.809 -10687.1 4.34531
1996000 497.498 -10823.5 0.307949
1997000 499.538 -10713.5 -1.12653
1998000 500.448 -10640.8 1.05053
1999000 497.385 -10692.9 -0.681392
2000000 500.945 -10584.8 -8.30834
2001000 498.107 -10616 -3.62057
2002000 500.575 -10717.6 0.897949
2003000 501.548 -10737.1 1.4848
2004000 501.2 -10771.8 -0.580503
2005000 499.452 -10714.8 -2.64218
2006000 499.25 -10583.3 -13.8176
2007000 499.528 -10657.1 8.77202
2008000 500.13 -10584.6 9.22643
2009000 501.978 -10628.3 -6.00051
2010000 498.573 -10681.2 -5.27014
2011000 500.419 -10721.6 -5.31751
2012000 498.048 -10834 13.7167
2013000 498.619 -10710.6 -11.7176
2014000 500.791 -10702.2 1.39593
2015000 497.81 -10703.1 0.418899
2016000 500.482 -10694.4 -7.13047
2017000 498.911 -10694.6 -7.41582
2018000 499.858 -10613.1 -5.40063
2019000 501.805 -10632.2 8.70237
2020000 499.249 -10629.1 -11.0378
2021000 498.785 -10718.5 7.75599
2022000 495.145 -10816.6 3.30436
2023000 501.403 -10734.4 -11.8588
2024000 501.503 -10623.4 13.3068
2025000 499.978 -10749.3 11.9296
2026000 499.272 -10815.1 0.0730377
2027000 496.635 -10769.1 0.279608
2028000 499.962 -10807.8 -1.68958
2029000 496.205 -10828.7 15.6789
2030000 501.277 -10664.3 10.0594
2031000 499.863 -10655.1 -12.2929
2032000 498.102 -10752.1 6.37019
2033000 498.401 -10719.1 9.0996
2034000 498.537 -10638.2 -19.3022
2035000 501.042 -10564 6.49086
2036000 501.12 -10718 16.9599
2037000 499.147 -10573 -17.8999
2038000 502.116 -10585.5 3.25246
2039000 500.619 -10669.7 4.20857
2040000 499.921 -10651.1 1.4906
2041000 499.152 -10583.1 1.06696
2042000 499.681 -10612 -2.71884
2043000 499.155 -10574.4 10.1975
2044000 502.227 -10541.7 4.47423
2045000 501.484 -10635.8 9.17402
2046000 500.967 -10665.9 0.976735
2047000 498.971 -10655.6 4.36657
2048000 496.678 -10684.1 -12.5889
2049000 502.044 -10643.2 3.12634
2050000 500.244 -10722.4 -3.29273
2051000 500.506 -10549.8 15.5595
2052000 502.735 -10583.8 7.12189
2053000 499.33 -10674 7.72417
2054000 498.741 -10699.7 1.25389
2055000 500.414 -10666.8 3.6841
2056000 500.02 -10663.4 4.41485
2057000 499.319 -10658.2 4.63093
2058000 500.494 -10670.2 -6.45211
2059000 499.364 -10658.5 2.59068
2060000 500.48 -10676.3 -0.588736
2061000 500.089 -10662 7.20227
2062000 498.656 -10662.8 0.444578
2063000 500.562 -10641.1 -3.95944
2064000 500.125 -10670.5 -13.8774
2065000 504.337 -10616.2 -11.3157
2066000 498.949 -10637.9 -0.233006
2067000 499.349 -10628.8 11.8431
2068000 502.523 -10440.6 -4.26455
2069000 498.177 -10575.6 12.4235
2070000 503.34 -10576.9 3.55392
2071000 498.423 -10658.7 3.29007
2072000 498.219 -10805 2.4628
2073000 502.393 -10716.1 2.86628
2074000 499.74 -10695.9 -1.98246
2075000 497.154 -10704.4 7.89
2076000 501.062 -10542.2 -18.5692
2077000 500.026 -10520 -2.97351
2078000 500.307 -10578.3 -5.48829
2079000 499.669 -10660.2 -6.16194
2080000 499.849 -10615.3 -3.54416
2081000 500.263 -10704.1 1.72945
2082000 500.257 -10708.7 0.856796
2083000 496.952 -10747.8 16.4083
2084000 500.545 -10697.9 -5.58169
2085000 498.679 -10612.6 0.498813
2086000 500.286 -10588.7 8.21678
2087000 499.224 -10585.2 -13.9017
2088000 499.52 -10662.7 -5.51676
2089000 498.27 -10727 14.813
2090000 498.735 -10550.2 -22.8606
2091000 499.333 -10600.7 14.6047
2092000 503.536 -10564.9 -6.11201
2093000 497.804 -10659.7 10.8792
2094000 499.99 -10799.3 -7.05274
2095000 502.65 -10723.9 13.4348
2096000 498.99 -10534.3 -4.08567
2097000 499.152 -10715.1 4.68971
2098000 498.236 -10839.4 4.83348
2099000 502.487 -10671.1 -3.91954
2100000 501.769 -10680.6 8.78335
2101000 501.129 -10640.2 14.4597
2102000 500.651 -10555.8 9.14139
2103000 501.005 -10598.6 -6.30711
2104000 502.237 -10664.3 5.43235
2105000 500.323 -10615.2 5.05868
2106000 500.724 -10527.1 -22.224
2107000 502.121 -10681.1 -2.40997
2108000 500.862 -10659.2 -9.94666
2109000 497.22 -10713.8 -14.1141
2110000 499.388 -10692.5 29.1408
2111000 499.381 -10682.6 -0.669531
2112000 502.157 -10661.1 14.0504
2113000 501.323 -10674.9 -7.82224
2114000 498.195 -10700 -4.9163
2115000 502.418 -10576.7 16.9576
2116000 502.071 -10553.6 6.09934
2117000 499.88 -10689.2 6.17672
2118000 498.645 -10723.7 3.24413
2119000 496.179 -10676.4 -3.44411
2120000 499.722 -10554.2 -3.54122
2121000 497.872 -10639.9 -9.8713
2122000 501.75 -10660.4 16.3079
2123000 498.446 -10644.8 -8.93321
2124000 500.02 -10752.2 10.9669
2125000 499.188 -10721.7 -15.689
2126000 500.89 -10664.3 3.36616
2127000 501.731 -10552.3 -5.05285
2128000 498.576 -10563 7.03359
2129000 501.236 -10576.3 -2.20748
2130000 497.761 -10731.7 -1.82697
2131000 496.474 -10717 4.18848
2132000 498.607 -10607.9 -14.8915
2133000 501.814 -10444 2.06895
2134000 499.711 -10712.5 5.37436
2135000 501.531 -10644 -5.11041
2136000 502.004 -10592.4 -12.6371
2137000 500.421 -10598.9 -0.28036
2138000 496.284 -10768.5 0.376175
2139000 500.244 -10563.8 -4.84715
2140000 498.092 -10676 -14.9709
2141000 497.596 -10731.2 18.7458
2142000 498.475 -10656.1 5.31712
2143000 499.499 -10675.9 -5.73323
2144000 498.866 -10692.2 5.44997
2145000 498.801 -10657.7 27.679
2146000 499.149 -10569.5 -1.01123
2147000 497.567 -10693.7 7.84066
2148000 496.991 -10804.6 -4.86576
2149000 499.748 -10726.6 -3.47804
2150000 498.913 -10804 6.01507
2151000 496.861 -10737.6 10.5734
2152000 501.328 -10622.1 -8.83807
2153000 500.654 -10668.4 11.6777
2154000 500.334 -10681.7 -12.6898
2155000 498.029 -10744 -0.670654
2156000 500.009 -10674.8 -0.877298
2157000 497.091 -10660.8 3.14212
2158000 499.678 -10645 5.86643
2159000 502.189 -10660.8 6.27049
2160000 498.471 -10642 0.791534
2161000 500.032 -10700.2 7.69311
2162000 499.258 -10647.3 0.0243015
2163000 498.544 -10653.1 -3.23951
2164000 501.12 -10750.6 6.52058
2165000 502.618 -10700.1 6.36699
2166000 501.096 -10630.4 -3.81687
2167000 497.767 -10683.3 1.1619
2168000 503.515 -10596.4 4.0864
2169000 500.573 -10641.9 -12.6742
2170000 498.103 -10716.2 6.05145
2171000 501.995 -10657.5 7.78921
2172000 500.795 -10679.9 9.84736
2173000 499.249 -10728 -6.92074
2174000 501.182 -10732.5 1.81395
2175000 499.685 -10636.4 6.25318
2176000 498.125 -10733.8 0.444929
2177000 500.163 -10670.1 4.2484
2178000 500.034 -10663.5 5.12874
2179000 500.497 -10642.4 5.82073
2180000 497.458 -10758.9 -1.62445
2181000 502.038 -10651.4 6.77499
2182000 499.96 -10576.4 11.6748
2183000 497.265 -10717 3.41026
2184000 499.526 -10746.2 3.63122
2185000 498.614 -10709.9 1.80782
2186000 499.325 -10565.1 -12.2021
2187000 500.095 -10599.8 14.1968
2188000 500.577 -10584.2 5.80646
2189000 498.911 -10723.7 2.80603
2190000 501.423 -10702.5 3.93064
2191000 497.77 -10648.5 -17.7945
2192000 499.637 -10618.1 10.5896
2193000 498.75 -10785.7 -7.01935
2194000 500.43 -10667.3 6.07853
2195000 498.315 -10738.5 18.1636
2196000 501.017 -10665 -17.5538
2197000 502.076 -10712.4 1.58123
2198000 500.011 -10615.7 7.94766
2199000 498.384 -10563.6 5.58722
2200000 503.275 -10542.4 -0.873574
2201000 499.329 -10713 6.90074
2202000 500.753 -10717.6 -4.07702
2203000 500.088 -10695.3 2.24288
2204000 500.466 -10684 0.992004
2205000 497.001 -10825.3 -15.6958
2206000 503.906 -10580.5 8.85839
2207000 500.057 -10609.4 5.64121
2208000 496.546 -10785.8 -5.01676
2209000 500.903 -10618 2.53793
2210000 496.888 -10716.5 9.4132
2211000 501.155 -10643.3 -6.50701
2212000 500.299 -10715.3 5.1353
2213000 495.75 -10778.3 -0.404941
2214000 496.71 -10774.2 -14.4983
2215000 499.013 -10593.5 -8.32865
2216000 501.083 -10707 19.4707
2217000 499.206 -10689.1 -11.1648
2218000 500.531 -10729.3 22.3039
2219000 500.397 -10700.7 -11.1056
2220000 501.456 -10582.9 19.1029
2221000 500.47 -10582.8 1.76052
2222000 498.93 -10649.8 2.67192
2223000 500.179 -10570.3 -9.53046
2224000 498.734 -10654.5 7.32047
2225000 504.053 -10636.9 -14.1078
2226000 498.354 -10678.2 -3.98913
2227000 498.116 -10864 10.6682
2228000 500.41 -10745.1 14.9735
2229000 500.547 -10746 -7.60662
2230000 498.971 -10761.6 7.50019
2231000 499.765 -10625.8 5.93314
2232000 497.76 -10698.1 2.48318
2233000 501.08 -10631.2 3.85821
2234000 503.04 -10562.5 -17.0502
2235000 499.429 -10807.8 19.5628
2236000 504.49 -10564.7 -3.4858
2237000 498.921 -10704.3 -0.135233
2238000 500.028 -10620.9 16.8227
2239000 502.401 -10575.2 -3.55702
2240000 498.696 -10589.8 -5.6109
2241000 499.053 -10644 -10.9507
2242000 500.083 -10545.2 1.46605
2243000 500.537 -10578.2 -7.41678
2244000 495.691 -10692.3 17.2754
2245000 499.591 -10665.4 -3.37892
2246000 500.955 -10648.1 -1.36469
2247000 504.921 -10606.6 2.03373
2248000 501.722 -10515.4 3.86278
2249000 503.05 -10491.1 1.42296
2250000 500.468 -10570.5 9.76421
2251000 497.893 -10624.2 0.261153
2252000 501.223 -10548.9 0.859481
2253000 502.197 -10581.1 18.6942
2254000 500.678 -10614.2 -16.4162
2255000 498.542 -10725.4 14.1995
2256000 501.416 -10571.6 -9.43509
2257000 502.246 -10510.8 -5.88595
2258000 503.162 -10492 -11.0547
2259000 500.905 -10641.6 -6.16519
2260000 500.468 -10670.6 2.81175
2261000 499.217 -10698 3.06771
2262000 500.332 -10753.8 8.68338
2263000 498.291 -10692.9 -9.87824
2264000 500.666 -10609.2 -1.34519
2265000 501.758 -10641.1 -4.91109
2266000 500.035 -10648.6 2.76601
2267000 501.104 -10639.1 -14.8408
2268000 500.715 -10755.1 2.80837
2269000 497.719 -10597.4 7.87202
2270000 500.076 -10676.9 -5.73805
2271000 500.125 -10721.9 8.48329
2272000 500.297 -10689.8 -3.88671
2273000 497.377 -10727 -1.81597
2274000 501.681 -10688.4 -10.1495
2275000 499.395 -10770.8 5.71382
2276000 498.686 -10739.1 -2.35399
2277000 501.661 -10573.7 -7.09233
2278000 498.7 -10701.6 -12.9523
2279000 501.173 -10583.6 4.78297
2280000 498.691 -10534.2 -5.27859
2281000 499.928 -10605.4 0.111438
2282000 499.179 -10722.2 -0.0233124
2283000 500.445 -10684.9 -1.20084
2284000 500.918 -10787.9 -3.62946
2285000 498.96 -10633.5 -5.3922
2286000 500.641 -10607.9 22.4184
2287000 500.903 -10699.6 3.75413
2288000 500.141 -10545 -18.5238
2289000 501.211 -10734.2 6.78124
2290000 500.187 -10814.5 2.27014
2291000 500.206 -10625 -9.04545
2292000 501.014 -10737.7 7.62368
2293000 500.425 -10656.6 4.79977
2294000 502.141 -10651.1 0.189444
2295000 500.681 -10724.9 1.21905
2296000 497.302 -10635.6 -6.59895
2297000 500.265 -10691.8 20.5243
2298000 499 -10675.7 2.96455
2299000 496.194 -10664.7 -0.459186
2300000 500.86 -10595.4 2.75976
2301000 498.444 -10720.4 7.67155
2302000 499.436 -10709.2 5.54771
2303000 499.34 -10735 3.82449
2304000 500.963 -10717.5 -7.74428
2305000 498.522 -10795.8 9.06204
2306000 498.013 -10877.3 -4.53234
2307000 502.713 -10657.7 13.8135
2308000 498.074 -10748.9 2.48561
2309000 502.079 -10711.5 16.3634
2310000 500.902 -10707.4 -13.2914
2311000 497.24 -10721.5 -0.309742
2312000 503.16 -10708.5 3.94075
2313000 499.651 -10744.4 5.4893
2314000 497.689 -10684.8 -5.57608
2315000 499.877 -10653.3 -1.43015
2316000 498.775 -10648.8 -1.09232
2317000 499.421 -10675.4 3.82008
2318000 501.995 -10657.3 -2.76859
2319000 499.068 -10785.6 10.7533
2320000 502.227 -10728.3 -6.07825
2321000 501.04 -10613 -2.38004
2322000 498.757 -10677.3 3.29196
2323000 502.02 -10681.8 20.8982
2324000 497.578 -10686.1 -3.89536
2325000 501.03 -10669 4.06351
2326000 498.898 -10715.3 2.00164
2327000 502.759 -10654.4 -1.55393
2328000 499.04 -10728.2 -2.46809
2329000 498.736 -10830.4 10.717
2330000 499.302 -10624.6 9.95573
2331000 500.404 -10659.8 9.87186
2332000 504.329 -10542.8 4.22
2333000 495.415 -10727.9 11.3749
2334000 498.883 -10740.1 1.11035
2335000 500.338 -10695.1 9.66587
2336000 497.859 -10691.7 -11.6903
2337000 500.624 -10647.5 0.994095
2338000 499.622 -10622.2 11.8514
2339000 497.733 -10760.4 -1.4096
2340000 497.986 -10762.5 0.707487
2341000 499.105 -10675.7 -0.875839
2342000 498.539 -10767.2 0.240974
2343000 500.65 -10749.8 0.409067
2344000 498.835 -10666.3 1.41436
2345000 499.183 -10676.8 1.80845
2346000 501.626 -10678.8 -5.51623
2347000 499.202 -10590.6 23.2605
2348000 501.263 -10577.1 -30.3918
2349000 501.995 -10573.7 8.52088
2350000 500.935 -10746.1 -1.38538
2351000 500.932 -10680.1 4.47315
2352000 495.97 -10759.5 6.53401
2353000 499.962 -10625.4 10.209
2354000 500.501 -10595.3 16.0052
2355000 502.533 -10624.5 -21.3102
2356000 501.431 -10619.9 -8.88324
2357000 502.317 -10690.1 11.9628
2358000 498.197 -10764.2 -8.52775
2359000 498.299 -10806.9 3.89518
2360000 500.03 -10683.5 -14.986
2361000 498.83 -10691.8 9.04011
2362000 499.4 -10646.5 -7.87393
2363000 497.6 -10752.3 9.08035
2364000 500.036 -10772 -10.9445
2365000 500.196 -10618.7 -2.54737
2366000 499.993 -10668.2 -4.08455
2367000 497.352 -10798 7.81915
2368000 500.004 -10671.6 -3.89764
2369000 499.306 -10626.6 0.628644
2370000 498.62 -10739.4 -9.78588
2371000 500.737 -10557.9 -8.95773
2372000 498.94 -10637.2 14.9285
2373000 501.676 -10672.2 -7.3674
2374000 498.027 -10674.6 -1.19423
2375000 501.967 -10671.9 27.6424
2376000 500.124 -10705.5 -6.82402
2377000 497.7 -10782.7 11.1942
2378000 499.537 -10661.2 -0.751696
2379000 499.889 -10598.7 2.40699
2380000 495.855 -10725 16.1895
2381000 500.776 -10657.8 -2.84881
2382000 501.645 -10540.6 4.48257
2383000 500.301 -10740.7 -0.694683
2384000 499.712 -10779 -1.27678
2385000 498.525 -10709.4 0.839093
2386000 498.831 -10716.7 -7.24882
2387000 499.577 -10671.6 2.99782
2388000 501.849 -10656.9 9.95418
2389000 498.364 -10676.2 0.760102
2390000 501.257 -10517.2 4.44847
2391000 499.275 -10582.1 -2.40886
2392000 499.879 -10612.5 1.87897
2393000 503.769 -10562.9 9.40869
2394000 500.19 -10647.2 -4.26459
2395000 499.314 -10666.1 10.7467
2396000 498.759 -10690.8 -0.811323
2397000 500.486 -10715.4 1.46546
2398000 503.678 -10645.5 0.0207937
2399000 502.203 -10595.5 -2.58944
2400000 501.447 -10667.8 -7.95493
2401000 500.341 -10633.4 -7.85556
2402000 500.705 -10695.1 16.516
2403000 498.101 -10683.7 -9.70266
2404000 496.964 -10663.7 13.084
2405000 496.497 -10683 -1.47487
2406000 501.701 -10601.3 1.16193
2407000 501.584 -10606.1 -0.552723
2408000 498.476 -10531.7 4.05574
2409000 500.992 -10559.7 5.54822
2410000 499.615 -10696.3 8.19044
2411000 500.856 -10590.9 -6.27724
2412000 497.448 -10752.1 6.21205
2413000 498.396 -10789.6 6.55112
2414000 500.44 -10699 -5.66986
2415000 503.899 -10623.3 1.08798
2416000 501.542 -10644.8 -2.16713
2417000 497.638 -10712 -1.6865
2418000 500.934 -10669.7 -0.251297
2419000 500.349 -10734.9 9.96654
2420000 500.544 -10665.7 7.85703
2421000 499.768 -10754.4 -11.0386
2422000 500.6 -10632.8 4.1851
2423000 502.792 -10697.2 3.48069
2424000 503.67 -10719.8 10.8271
2425000 498.658 -10778.4 -26.4847
2426000 501.325 -10738.8 10.0105
2427000 500.728 -10726.6 -0.944154
2428000 502.955 -10585.6 -6.07274
2429000 498.778 -10704.4 -3.02762
2430000 498.731 -10677.8 5.84615
2431000 500.608 -10579.6 -4.75353
2432000 499.381 -10736.4 -14.2587
2433000 502.257 -10732.1 -0.929542
2434000 500.725 -10740.5 4.84576
2435000 499.203 -10715.9 -10.5159
2436000 498.305 -10706.3 4.12712
2437000 500.149 -10677.8 0.89557
2438000 502.326 -10582 -4.56603
2439000 500.891 -10634.4 9.9445
2440000 503.688 -10522.4 -2.23259
2441000 502.871 -10568.9 -8.66136
2442000 495.423 -10713.3 19.349
2443000 500.881 -10594.4 7.08683
2444000 500.056 -10654.6 -4.75629
2445000 501.079 -10641.9 -2.72685
2446000 499.449 -10707.1 2.45612
2447000 499.224 -10676 -4.69045
2448000 499.695 -10690.8 -5.75344
2449000 502.444 -10532.8 -9.738
2450000 499.138 -10744.5 -2.23496
2451000 498.795 -10660.2 4.52545
2452000 500.037 -10628.6 -19.2768
2453000 497.613 -10724.2 2.13969
2454000 503.171 -10665.2 -16.995
2455000 500.203 -10653.5 12.1027
2456000 498.771 -10662.3 -15.3504
2457000 499.852 -10704.6 11.1005
2458000 499.574 -10640.8 -3.21834
2459000 499.812 -10738.9 5.31502
2460000 501.324 -10600.6 3.94962
2461000 503.293 -10555.1 4.76912
2462000 500.108 -10679 -3.32766
2463000 499.331 -10674.4 19.1877
2464000 500.385 -10729.8 -6.61177
2465000 499.61 -10817.5 16.3472
2466000 498.719 -10789.1 -6.27793
2467000 500.092 -10667.3 9.76156
2468000 502.696 -10641.8 -3.40218
2469000 499.222 -10668.8 5.22902
2470000 503.591 -10567 17.4026
2471000 499.939 -10688 -14.1006
2472000 499.014 -10630.7 -0.278534
2473000 499.735 -10573.5 -19.3077
2474000 504.382 -10525.7 16.8042
2475000 498.612 -10662.1 4.26456
2476000 504.557 -10693.9 4.64214
2477000 499.169 -10784.7 -14.1381
2478000 498.577 -10823.1 -4.36956
2479000 499.098 -10684.6 0.993516
2480000 499.735 -10693.4 4.48547
2481000 502.165 -10628.9 -5.74244
2482000 499.659 -10726.9 -10.5905
2483000 500.82 -10565.3 18.0834
2484000 501.215 -10568 -5.10727
2485000 501.077 -10764.9 6.79222
2486000 500.762 -10763.7 5.41902
2487000 499.651 -10651.5 -0.759012
2488000 500.599 -10690.1 13.5563
2489000 498.215 -10690.9 4.19208
2490000 501.16 -10667.1 -0.349032
2491000 499.253 -10747.5 10.0078
2492000 497.398 -10820.5 11.7661
2493000 501.938 -10718.3 -5.20896
2494000 501.032 -10685 3.32447
2495000 503.305 -10712.1 0.0565425
2496000 500.549 -10657.6 7.7437
2497000 496.218 -10867.5 2.19592
2498000 499.706 -10601.5 11.6889
2499000 498.039 -10498.1 0.524952
2500000 499.803 -10544 14.3813
2501000 499.227 -10505.8 8.05484
2502000 499.561 -10593.4 -10.7552
2503000 502.023 -10608.5 -10.9794
2504000 498.573 -10684.2 -3.00639
2505000 500.405 -10544.9 -6.46143
2506000 496.95 -10663 10.9173
2507000 500.932 -10655.3 -3.92441
2508000 504.038 -10606.2 1.53781
2509000 498.335 -10640.4 7.11008
2510000 498.525 -10687.2 -7.4062
2511000 497.704 -10662.8 1.06494
2512000 500.547 -10508.2 4.5842
2513000 499.664 -10535.8 -5.9676
2514000 499.94 -10619.5 2.69937
2515000 498.064 -10699.3 6.96086
2516000 497.345 -10697.9 14.554
2517000 501.245 -10607 -10.4175
2518000 501.654 -10602.4 9.96971
2519000 503.049 -10546.5 -1.70441
2520000 501.436 -10658.3 -21.2551
2521000 499.31 -10758.4 -5.76252
2522000 497.423 -10692.9 2.54072
2523000 500.312 -10701.5 3.70586
2524000 496.677 -10838.9 -0.969677
2525000 500.506 -10712.1 8.11737
2526000 499.48 -10606.7 -9.86363
2527000 500.162 -10572.2 5.66576
2528000 499.344 -10599 -3.19526
2529000 500.233 -10678.3 -8.35853
2530000 500.578 -10578.7 6.03274
2531000 500.934 -10538.4 5.39581
2532000 501.028 -10644.5 2.14027
2533000 499.887 -10735.3 18.9804
2534000 500.616 -10667.9 -20.1491
2535000 502.115 -10706.1 4.17628
2536000 500.684 -10671 8.10978
2537000 503.194 -10644.8 -0.883792
2538000 497.853 -10693.6 0.180661
2539000 502.311 -10637.4 2.93556
2540000 500.205 -10675 10.6239
2541000 498.99 -10680 -0.466238
2542000 497.427 -10695.7 7.38531
2543000 500.255 -10675.7 10.2862
2544000 502.362 -10606.4 -12.7303
2545000 500.052 -10574.1 13.4152
2546000 500.968 -10448.9 -4.55137
2547000 500.82 -10593.6 -13.9451
2548000 499.379 -10704.7 8.42889
2549000 500.115 -10598.8 -7.52038
2550000 501.965 -10583.2 1.6718
2551000 499.551 -10588 -0.896757
2552000 499.843 -10555.2 -14.6315
2553000 499.799 -10551.8 1.13395
2554000 504.095 -10589.8 -21.5024
2555000 500.929 -10623.3 16.831
2556000 500.53 -10630.3 9.61763
2557000 502.917 -10705 8.77177
2558000 500.263 -10597.2 5.21234
2559000 502.034 -10590.3 -12.4108
2560000 502.393 -10616.9 10.2327
2561000 501.743 -10600 2.73781
2562000 496.622 -10636.1 -14.3019
2563000 499.686 -10687.4 -17.265
2564000 499.705 -10666.1 15.1772
2565000 500.967 -10647.6 3.38256
2566000 499.297 -10566.5 5.0692
2567000 498.57 -10695.7 -10.0105
2568000 499.273 -10668.6 -0.0555043
2569000 498.674 -10634.2 -4.5369
2570000 500.784 -10668.7 3.04743
2571000 500.518 -10734.3 16.9598
2572000 497.943 -10820 -19.1879
2573000 498.239 -10775.1 6.04567
2574000 499.977 -10692.2 -4.48531
2575000 498.469 -10736 2.07681
2576000 499.797 -10766.8 2.49272
2577000 501.021 -10679.8 -9.31191
2578000 497.893 -10784.2 7.22492
2579000 499.568 -10689.2 -1.82379
2580000 499.834 -10525.8 -2.71376
2581000 500.207 -10619.6 -4.99423
2582000 497.821 -10671.7 -1.409
2583000 499.298 -10738 16.3929
2584000 499.242 -10699.7 -14.567
2585000 498.435 -10680 16.3286
2586000 500.762 -10587.2 -23.6153
2587000 503.927 -10511.7 -1.16469
2588000 498.283 -10571.7 1.80249
2589000 501.033 -10657.9 -2.89941
2590000 497.766 -10670.1 1.80441
2591000 502.136 -10680.2 -2.32481
2592000 499.939 -10661.4 3.56665
2593000 498.738 -10659.8 -7.46805
2594000 502.264 -10615.9 -3.10217
2595000 499.117 -10715.3 5.60575
2596000 502.778 -10572.7 -6.54794
2597000 498.583 -10761.6 -1.21969
2598000 497.872 -10778 2.33437
2599000 500.934 -10761.8 0.564638
2600000 499.714 -10731.8 6.33771
2601000 498.141 -10720.1 2.35557
2602000 500.377 -10618.7 6.47732
2603000 501.286 -10534.1 3.7468
2604000 497.067 -10715.5 12.773
2605000 500.367 -10643 5.32847
2606000 500.883 -10603.8 -10.7118
2607000 498.848 -10607.8 1.77064
2608000 498.613 -10544.7 6.15663
2609000 500.801 -10683.1 1.70597
2610000 499.159 -10774.3 12.8716
2611000 498.625 -10837.5 22.1858
2612000 500.113 -10537.3 -2.79107
2613000 501.647 -10587.5 -6.86656
2614000 502.331 -10628.4 4.0757
2615000 501.545 -10538.1 -6.69937
2616000 500.631 -10585 -7.47425
2617000 502.651 -10533.5 22.1737
2618000 501.383 -10559.3 -5.88933
2619000 496.612 -10719.3 -7.8525
2620000 499.415 -10702.1 -8.98427
2621000 499.973 -10653.9 17.7357
2622000 501.25 -10551.1 12.9059
2623000 502.148 -10638.3 -14.2256
2624000 501.749 -10620.3 13.8455
2625000 501.509 -10633.7 -2.07958
2626000 499.835 -10698.9 3.47706
2627000 500.249 -10678.8 5.47028
2628000 499.821 -10700.8 -1.95277
2629000 502.966 -10540.8 10.009
2630000 499.788 -10576.7 -13.1709
2631000 496.977 -10756.8 0.876802
2632000 498.458 -10634.8 -11.488
2633000 500.627 -10647.2 2.38777
2634000 500.084 -10603.1 12.0287
2635000 501.491 -10565 1.34507
2636000 501.23 -10667.5 -6.46141
2637000 498.514 -10697.7 0.993676
2638000 499.513 -10618 -5.14195
2639000 501.939 -10702.4 1.63608
2640000 499.268 -10652.1 3.50779
2641000 500.158 -10635.1 -4.12667
2642000 500.518 -10655.9 10.3706
2643000 499.755 -10701.6 10.4328
2644000 498.134 -10689.7 -9.3264
2645000 499.809 -10768.2 5.46645
2646000 499.723 -10590.5 -22.375
2647000 502.426 -10602.4 21.8313
2648000 499.625 -10680.5 -20.3714
2649000 497.844 -10681.4 14.3755
2650000 501.925 -10531.9 -0.190392
2651000 497.471 -10605.3 -2.15363
2652000 500.11 -10694.9 12.1506
2653000 499.695 -10756.9 -10.3133
2654000 499.834 -10712.8 1.17031
2655000 498.787 -10771.4 24.6441
2656000 500.494 -10597.1 -12.1336
2657000 500.1 -10529.3 4.1437
2658000 496.387 -10617.8 9.20533
2659000 499.998 -10648.4 5.6524
2660000 500.779 -10624.3 -15.7373
2661000 499.575 -10637.8 7.21409
2662000 500.062 -10663.9 -15.6709
2663000 498.366 -10673.1 -11.7529
2664000 500.952 -10636.7 -1.07537
2665000 500.683 -10663.8 -7.97417
2666000 499.131 -10761.6 19.7028
2667000 500.576 -10756.3 13.8803
2668000 502.407 -10682.9 -0.0179154
2669000 499.654 -10715.5 -2.7202
2670000 497.381 -10757.1 -1.5674
2671000 499.584 -10649.8 3.17639
2672000 503.948 -10555.2 7.70682
2673000 500.819 -10552 -5.07959
2674000 500.522 -10598.5 -5.81289
2675000 502.608 -10601.2 6.22652
2676000 502.094 -10554.2 -13.3225
2677000 500.352 -10553.2 7.59045
2678000 501.37 -10625.9 23.7005
2679000 499.524 -10657.7 0.586531
2680000 498.143 -10739.9 -1.77509
2681000 497.225 -10666.5 -2.1157
2682000 499.954 -10580 10.4345
2683000 501.594 -10645.3 1.28977
2684000 498.713 -10654.9 -11.5685
2685000 500.604 -10639.1 -2.76429
2686000 498.781 -10687 -1.78294
2687000 498.332 -10690.7 2.1818
2688000 498.917 -10644.4 3.38275
2689000 498.325 -10545.4 3.65265
2690000 499.95 -10400.8 5.63087
2691000 502.415 -10517.4 -3.94827
2692000 499.532 -10655.3 4.08249
2693000 498.901 -10741.2 2.52501
2694000 497.877 -10735 10.6749
2695000 499.627 -10661.4 -3.81372
2696000 501.437 -10604.1 -1.313
2697000 502.054 -10633 6.45783
2698000 499.313 -10639.1 4.71571
2699000 500.139 -10617.7 -10.4661
2700000 502.026 -10656.6 10.7476
2701000 497.868 -10619.2 -0.150363
2702000 499.209 -10704.6 -14.8245
2703000 499.067 -10648 6.10308
2704000 499.759 -10647.8 0.536225
2705000 497.369 -10736.2 1.50967
2706000 499.68 -10706.1 7.66745
2707000 498.597 -10782 -0.00408448
2708000 500.338 -10687.5 -4.20325
2709000 501.15 -10605.4 -12.1716
2710000 502.54 -10597.3 11.8117
2711000 500.907 -10653.3 0.45038
2712000 500.686 -10595.1 -4.95748
2713000 500.04 -10604.6 9.61525
2714000 500.541 -10630.9 -9.11419
2715000 499.291 -10694.9 7.71298
2716000 498.132 -10702.5 -7.74107
2717000 498.12 -10570.4 -17.4129
2718000 500.619 -10636 6.1794
2719000 501.819 -10575.5 2.46697
2720000 502.162 -10572.9 -14.2641
2721000 498.517 -10757 12.395
2722000 501.887 -10734.8 -0.134031
2723000 501.843 -10763.8 0.155169
2724000 498.552 -10812.4 3.0585
2725000 498.974 -10768.4 -6.96779
2726000 499.837 -10744.7 12.1533
2727000 498.704 -10721.8 -16.3281
2728000 502.102 -10646.4 20.6812
2729000 498.275 -10691.2 7.07591
2730000 500.22 -10600.5 0.570892
2731000 500.703 -10701 -10.4249
2732000 498.36 -10692.8 6.18867
2733000 500.33 -10678.4 -13.1106
2734000 497.279 -10665.1 10.202
2735000 500.7 -10632.5 1.6808
2736000 503.36 -10469.5 -17.2617
2737000 498.954 -10644 7.93109
2738000 499.266 -10725.3 -1.87316
2739000 500.326 -10647.8 16.4779
2740000 500.572 -10559.6 -2.7852
2741000 499.119 -10606.7 -5.75436
2742000 502.544 -10518.4 4.61746
2743000 498.037 -10692.3 -7.34222
2744000 500.538 -10597.6 6.35151
2745000 499.997 -10694.2 0.748554
2746000 498.143 -10642.9 17.1117
2747000 499.221 -10575.9 6.42852
2748000 503.059 -10550.6 13.9922
2749000 495.346 -10798.3 -0.0226723
2750000 502.356 -10615.7 6.39231
2751000 499.815 -10627.3 7.13815
2752000 501.006 -10600.7 -0.980633
2753000 500.075 -10609.2 -14.7114
2754000 500.111 -10611.3 18.4046
2755000 499.67 -10629.4 8.59709
2756000 500.509 -10688.2 -10.7697
2757000 499.953 -10628.7 10.9424
2758000 499.866 -10672.7 5.54587
2759000 499.344 -10661.7 -2.56975
2760000 500.571 -10748.5 9.78894
2761000 497.625 -10667 -4.51775
2762000 501.312 -10666.9 8.52044
2763000 500.394 -10510.6 -1.55472
2764000 501.939 -10588.8 10.0762
2765000 498.847 -10681.3 7.66948
2766000 500.327 -10735.7 1.5574
2767000 499.818 -10576.3 10.8461
2768000 499.075 -10594.7 -9.79736
2769000 501.809 -10667.1 -3.46439
2770000 501.179 -10688.7 3.59742
2771000 499.244 -10631.2 -13.7294
2772000 499.209 -10721.2 9.14888
2773000 499.108 -10686.1 -5.20516
2774000 499.723 -10671 4.08887
2775000 499.283 -10687.3 12.4601
2776000 499.127 -10741.5 -13.4283
2777000 499.104 -10775.9 13.8097
2778000 500.435 -10845 -0.468285
2779000 494.328 -10843.6 0.345393
2780000 499.614 -10722.9 0.849211
2781000 500.887 -10702.7 -0.438374
2782000 498.41 -10755.3 -3.96919
2783000 500.476 -10654.9 -4.47608
2784000 497.883 -10703.7 3.11118
2785000 497.408 -10693.6 0.0987751
2786000 499.306 -10706.5 7.2347
2787000 498.768 -10767 12.6563
2788000 503.642 -10607.3 -5.43082
2789000 501.416 -10642.4 -7.40883
2790000 500.391 -10702 -0.162767
2791000 495.652 -10822.9 17.9202
2792000 497.14 -10781.1 -9.7218
2793000 500.385 -10642.7 -4.29247
2794000 499.364 -10661.9 8.93471
2795000 501.437 -10714.6 -1.85926
2796000 495.813 -10649.3 -7.00097
2797000 501.592 -10503.5 -13.8933
2798000 499.891 -10647.3 12.4719
2799000 500.358 -10574.1 -1.84954
2800000 498.227 -10640.9 -3.45642
2801000 500.837 -10554.9 22.9111
2802000 499.04 -10604.9 5.30273
2803000 498.318 -10741.2 -6.02048
2804000 502.068 -10630.1 8.40379
2805000 500.358 -10652 -16.3651
2806000 498.735 -10643.7 14.1075
2807000 500.626 -10646 -0.431305
2808000 499.057 -10683.6 16.501
2809000 499.107 -10706.8 3.84338
2810000 495.771 -10830.8 25.2896
2811000 500.974 -10755.9 -3.84754
2812000 499.195 -10667.7 -11.8978
2813000 499.859 -10584.4 3.61492
2814000 496.28 -10758.6 12.2315
2815000 497.506 -10725.5 -3.14951
2816000 501.002 -10500.9 -6.55276
2817000 499.363 -10695.2 5.90384
2818000 496.711 -10709.7 3.74626
2819000 498.384 -10554.2 11.8316
2820000 501.6 -10522.3 11.7454
2821000 500.428 -10639.3 -3.48291
2822000 500.549 -10611.2 14.2172
2823000 499.171 -10695.2 0.380228
2824000 501.538 -10570.7 -6.33238
2825000 499.877 -10702.8 -2.74839
2826000 501.859 -10597.7 -14.8996
2827000 495.168 -10791.3 4.12348
2828000 498.656 -10734.3 -7.18779
2829000 500.051 -10642.5 13.3741
2830000 500.81 -10563.5 1.49763
2831000 499.677 -10667.5 6.99786
2832000 496.651 -10654 3.44238
2833000 502.98 -10542.7 -9.69282
2834000 501.239 -10565.8 9.2576
2835000 498.976 -10670.1 -5.71715
2836000 502.482 -10569.5 -4.34005
2837000 500.135 -10702.3 3.01802
2838000 498.771 -10603.9 11.9042
2839000 500.094 -10581.9 -2.81837
2840000 501.511 -10421.4 -4.16233
2841000 502.057 -10482.9 12.3808
2842000 498.551 -10639.4 -10.6524
2843000 499.369 -10700.1 4.15254
2844000 498.283 -10682.6 -3.05044
2845000 498.941 -10805.1 15.0132
2846000 499.224 -10671 -13.6041
2847000 500.669 -10569.1 -11.5051
2848000 498.875 -10663 12.7246
2849000 500.601 -10637.5 -0.120981
2850000 500.114 -10715.3 12.024
2851000 497.638 -10723.5 -6.24723
2852000 501.71 -10615.3 -8.91754
2853000 498.056 -10688.6 -1.93479
2854000 502.994 -10651.2 -7.62442
2855000 499.427 -10696.6 24.3934
2856000 499.319 -10653.2 6.97208
2857000 498.889 -10629.2 6.52143
2858000 500.091 -10699 1.34389
2859000 497.899 -10747.5 14.7944
2860000 499.43 -10645.8 -19.8269
2861000 498.131 -10668.5 -2.54079
2862000 497.144 -10732 -5.68565
2863000 498.205 -10671.1 11.2303
2864000 499.057 -10628.9 -3.40526
2865000 498.019 -10793.4 5.75468
2866000 498.734 -10566.6 -0.594399
2867000 501.799 -10593.7 6.64909
2868000 499.659 -10711.4 7.92834
2869000 499.521 -10658.3 7.46079
2870000 499.463 -10724.4 -3.72654
2871000 498.437 -10818.9 6.17878
2872000 498.619 -10767.9 -6.89681
2873000 498.905 -10772.5 12.2396
2874000 499.626 -10566.3 -10.5703
2875000 497.493 -10613.1 5.78162
2876000 499.945 -10629.7 10.3842
2877000 499.014 -10563 -4.97151
2878000 499.885 -10688.1 -0.552922
2879000 501.233 -10556.2 -1.82763
2880000 501.506 -10610.5 -3.86017
2881000 500.874 -10544 23.9169
2882000 503.104 -10431.7 1.05159
2883000 498.801 -10651.9 1.2687
2884000 497.776 -10707.5 9.21947
2885000 500.585 -10635.5 -0.449186
2886000 501.388 -10605.1 -1.85118
2887000 498.918 -10781.6 19.2026
2888000 499.538 -10653 -1.09615
2889000 499.685 -10624.3 -9.00153
2890000 495.44 -10559.1 14.2862
2891000 501.61 -10650.7 6.74416
2892000 498.595 -10660.1 -1.6172
2893000 498.71 -10700.8 -7.43309
2894000 500.005 -10667.8 10.5538
2895000 499.463 -10740 -0.708031
2896000 500.176 -10751.2 2.33496
2897000 499.663 -10573 1.75285
2898000 500.392 -10654.8 2.62682
2899000 503.978 -10586.9 6.68167
2900000 499.136 -10652.7 -12.0024
2901000 500.771 -10522.8 -8.52832
2902000 501.728 -10553.5 -1.30818
2903000 496.284 -10595.8 7.23599
2904000 496.814 -10717.8 8.91934
2905000 496.038 -10648.3 -10.83
2906000 501.155 -10674.4 -1.36782
2907000 500.624 -10748.9 -0.760623
2908000 500.183 -10764.3 -2.17108
2909000 501.663 -10617.6 0.266991
2910000 499.259 -10685.7 2.09227
2911000 498.8 -10642.5 2.29191
2912000 496.773 -10558.6 -8.22136
2913000 499.514 -10496 5.79678
2914000 498.038 -10693.1 11.2544
2915000 498.714 -10634.6 9.54085
2916000 500.48 -10650.2 -3.96965
2917000 499.858 -10693.5 -2.87155
2918000 502.186 -10704.8 4.6082
2919000 497.494 -10697.8 -2.94408
2920000 500.313 -10513.8 6.03259
2921000 500.785 -10553.7 12.5412
2922000 501.872 -10522.5 -11.1107
2923000 502.096 -10542.3 -1.84127
2924000 500.143 -10680.5 10.0663
2925000 501.215 -10601.2 -3.70118
2926000 500.976 -10591.5 2.43837
2927000 498.2 -10528.7 -0.0695707
2928000 498.244 -10688.3 4.59416
2929000 495.713 -10825.4 2.49957
2930000 498.861 -10638.3 15.088
2931000 501.487 -10575.1 -12.0133
2932000 497.268 -10735.5 12.9292
2933000 499.908 -10644.1 13.5969
2934000 497.742 -10778.6 -3.35595
2935000 499.41 -10667.9 8.0958
2936000 499.693 -10690.1 4.13723
2937000 497.801 -10689 -0.645063
2938000 502.795 -10655.7 -2.70408
2939000 497.566 -10772.1 0.0246357
2940000 499.817 -10639.6 3.48967
2941000 501.426 -10630.1 -4.47764
2942000 499.812 -10668.2 3.45625
2943000 501.676 -10583.8 5.39979
2944000 502.07 -10548.5 -7.08267
2945000 501.973 -10539 9.69801
2946000 498.823 -10575.5 -11.1209
2947000 501.961 -10618.1 5.70601
2948000 500.783 -10619.9 4.03046
2949000 500.76 -10649.8 -8.59953
2950000 501.492 -10627.6 13.8702
2951000 500.521 -10698.5 1.71179
2952000 502.318 -10668.7 -7.45234
2953000 497.921 -10767.9 12.4368
2954000 504.315 -10600.8 8.28167
2955000 499.384 -10661.2 -2.56799
2956000 498.237 -10612.4 2.9198
2957000 499.957 -10709.6 -5.19596
2958000 499.904 -10619.7 1.82107
2959000 496.832 -10662.2 6.46101
2960000 501.576 -10503 5.757
2961000 497.899 -10584.5 5.18883
2962000 501.148 -10703.9 5.59992
2963000 503.427 -10633.2 2.5217
2964000 498.142 -10654.2 -0.966046
2965000 501.228 -10672.6 -15.7863
2966000 498.561 -10691.3 15.4481
2967000 503.579 -10715.4 -1.27576
2968000 502.468 -10704.5 0.271228
2969000 498.913 -10490.4 -3.07973
2970000 499.395 -10721.5 7.24321
2971000 502.125 -10796.3 5.2422
2972000 501.482 -10628.8 -6.75432
2973000 501.091 -10628.7 -5.14388
2974000 500.19 -10682.5 10.4779
2975000 500.412 -10561.8 -7.96302
2976000 501.052 -10627 5.14336
2977000 501.451 -10642 -3.99237
2978000 502.711 -10646.2 1.72691
2979000 497.909 -10760 19.5058
2980000 497.442 -10724.7 -2.37446
2981000 501.11 -10735 5.95844
2982000 497.806 -10760.2 6.89622
2983000 497.823 -10855.5 1.77134
2984000 497.658 -10764.8 -1.41825
2985000 497.361 -10774.6 5.05639
2986000 499.843 -10697.2 -8.94866
2987000 501.859 -10729.1 -1.51452
2988000 500.587 -10635.7 -0.77502
2989000 499.594 -10626.9 5.71688
2990000 500.578 -10634.8 -0.920922
2991000 499.625 -10632.1 -4.54155
2992000 502.171 -10696.8 10.6887
2993000 498.982 -10613.9 -4.11101
2994000 499.569 -10747.4 4.75495
2995000 498.977 -10727.9 4.2448
2996000 499.74 -10711.6 -8.5597
2997000 499.698 -10712.4 6.67197
2998000 503.577 -10673.4 -13.6398
2999000 499.465 -10724.5 3.87779
3000000 499.168 -10695.9 11.9522
