# Time-averaged data for fix 3
# TimeStep v_Temperature v_PotentialEnergy v_Pressure
2000 400.987 -12878.3 2.16148
3000 399.348 -12700.7 -5.15564
4000 400.944 -12771.6 17.7938
5000 399.138 -12743.5 -9.88086
6000 400.514 -12773.7 15.8924
7000 399.826 -12741.6 -15.9319
8000 399.562 -12790.5 17.7161
9000 398.309 -12766.7 -15.5003
10000 400.545 -12786.5 12.5823
11000 398.492 -12797.1 4.39587
12000 400.47 -12772.5 -7.86196
13000 401.83 -12747.9 6.58143
14000 398.945 -12773 2.2933
15000 398.192 -12740 2.67841
16000 399.301 -12719.6 3.31403
17000 400.314 -12741.1 6.33443
18000 398.596 -12748.8 -7.87239
19000 400.383 -12779.3 -6.91472
20000 402.057 -12699.3 1.75109
21000 399.7 -12754.6 -1.39406
22000 396.521 -12756.8 7.33689
23000 400.14 -12780.5 5.59691
24000 399.389 -12757.5 9.5359
25000 401.269 -12773.9 -6.30947
26000 400.46 -12813.3 2.87094
27000 401.587 -12727.4 7.8719
28000 400.537 -12740.9 -9.55652
29000 401.302 -12697.5 12.2272
30000 400.488 -12725.1 -5.5407
31000 400.439 -12746.3 8.52452
32000 398.629 -12808 10.6224
33000 402.351 -12770.7 -0.490296
34000 398.652 -12782.9 0.749543
35000 400.33 -12737.5 -7.57571
36000 396.71 -12791.9 11.9039
37000 399.032 -12795.7 -9.49257
38000 400.212 -12701.6 -1.24302
39000 399.841 -12722.6 24.7987
40000 402.797 -12753.8 -5.59151
41000 398.549 -12741.3 10.372
42000 399.085 -12790.3 -2.48831
43000 403.08 -12719.3 11.0833
44000 401.265 -12772.2 -9.53761
45000 400.501 -12756 3.19754
46000 402.389 -12752.9 1.53923
47000 399.278 -12797.8 0.288467
48000 398.883 -12772.8 0.975534
49000 399.788 -12792.8 -6.66416
50000 400.149 -12734.4 -9.51199
51000 398.634 -12849.7 8.56915
52000 400.997 -12787.3 -8.17515
53000 400.351 -12688.4 1.17781
54000 399.35 -12847.5 -0.610843
55000 397.707 -12784.8 16.3637
56000 402.937 -12729.6 -14.956
57000 399.724 -12759.6 14.7557
58000 399.649 -12746.7 8.92129
59000 402 -12701.6 -1.39584
60000 398.899 -12808.8 8.33024
61000 400.567 -12726.1 5.18686
62000 399.608 -12814.3 -1.62044
63000 398.369 -12813.2 -4.23371
64000 400.692 -12762.8 -8.66421
65000 399.591 -12806.7 6.79467
66000 399.161 -12758.9 -0.836234
67000 399.715 -12809.9 -3.24068
68000 400.363 -12726 -2.35851
69000 402.496 -12772.1 0.110833
70000 399.465 -12790.8 20.7432
71000 397.872 -12757.8 -2.53044
72000 400.834 -12761.8 7.26344
73000 401.66 -12785.9 6.35749
74000 400.699 -12779.1 -3.29883
75000 398.998 -12773.6 20.3681
76000 398.384 -12766.9 3.68786
77000 399.874 -12803.6 13.0137
78000 398.838 -12780.9 -6.5804
79000 401.262 -12728.9 5.07761
80000 399.739 -12693.8 9.16044
81000 400.58 -12715.9 0.106534
82000 397.097 -12738.3 9.89374
83000 401.902 -12681.3 2.58103
84000 399.754 -12767.5 -5.55618
85000 400.44 -12802.8 2.45914
86000 399.751 -12747.9 2.89233
87000 397.704 -12781.7 1.34473
88000 398.723 -12749.7 19.1915
89000 400.872 -12781.2 -0.304915
90000 399.727 -12766.1 4.61293
91000 398.505 -12780.4 9.69859
92000 399.733 -12800.9 -15.5983
93000 397.873 -12791.8 1.47387
94000 400.491 -12751.4 9.8286
95000 399.578 -12732.1 2.75183
96000 401.357 -12737.8 -2.33907
97000 402.233 -12738.4 -6.48606
98000 398.085 -12819.3 18.1162
99000 400.121 -12694.2 -13.9942
100000 402.723 -12689 10.8589
101000 401.261 -12737.2 -4.68542
102000 398.932 -12702.4 19.1636
103000 398.911 -12790 0.84339
104000 396.201 -12803.4 4.63875
105000 398.287 -12767.6 -2.73858
106000 401.077 -12811.9 23.0221
107000 399.442 -12818.9 8.32119
108000 400.815 -12801.9 -5.32336
109000 399.13 -12781.3 -0.425753
110000 397.977 -12801.9 -6.9971
111000 399.901 -12694.2 5.11614
112000 398.318 -12794.7 -3.08818
113000 402.511 -12683.5 10.2216
114000 398.071 -12816.6 -5.99613
115000 402.882 -12753.9 13.0125
116000 400.816 -12755.4 7.52667
117000 401.665 -12724.9 -4.6047
118000 400.151 -12791.2 0.313437
119000 400.045 -12746.3 1.15096
120000 400.087 -12814.4 3.4937
121000 399.905 -12784 -0.570782
122000 399.249 -12711.3 6.69999
123000 397.439 -12832.1 0.141129
124000 400.242 -12865.9 4.52848
125000 398.566 -12811.8 -6.51632
126000 400.87 -12786.7 3.03452
127000 399.888 -12746.4 -5.22569
128000 403.114 -12687 17.2736
129000 399.984 -12743 -6.21163
130000 400.131 -12748.3 14.744
131000 400.614 -12799.4 -9.8345
132000 402.888 -12694.5 -0.901551
133000 401.317 -12773.9 0.861249
134000 398.723 -12795.8 -7.74201
135000 398.48 -12792.8 9.33864
136000 398.561 -12816.8 -3.88744
137000 401.83 -12753.6 1.77931
138000 399.019 -12761.2 3.48056
139000 400.377 -12790.3 -10.389
140000 401.491 -12759.3 5.19865
141000 399.618 -12853 -1.80508
142000 399.918 -12800.2 6.18109
143000 400.583 -12741 12.6242
144000 398.686 -12737.6 -12.4697
145000 398.647 -12809.6 7.41946
146000 397.089 -12820.1 5.40472
147000 401.467 -12746 16.1118
148000 400.517 -12738.5 -9.10751
149000 401.97 -12742.9 -11.5875
150000 399.256 -12740.4 -12.1835
151000 399.013 -12770.3 3.82142
152000 400.267 -12774.5 -0.969317
153000 399.49 -12756.6 2.11681
154000 401.421 -12750.3 1.58408
155000 399.821 -12739.6 -5.98888
156000 402.194 -12706.4 5.26271
157000 399.198 -12803 3.64427
158000 398.986 -12767.5 -4.99764
159000 401.679 -12681.1 -0.453817
160000 400.17 -12734.8 -16.7757
161000 399.667 -12688.2 8.20193
162000 401.804 -12694.2 -4.88014
163000 399.493 -12813.6 1.9136
164000 398.944 -12835.5 10.4227
165000 400 -12823.9 -1.98281
166000 397.808 -12830.3 -5.07952
167000 399.223 -12822.8 4.62368
168000 399.675 -12831.9 -0.819514
169000 401.542 -12752.3 16.3953
170000 400.56 -12764.7 -7.08422
171000 400.469 -12794.5 5.66275
172000 398.911 -12785.8 -5.09252
173000 400.479 -12752.9 9.75254
174000 400.053 -12740 -1.55731
175000 399.502 -12698.4 6.21102
176000 398.028 -12766.3 15.2959
177000 401.922 -12725.1 -18.3842
178000 401.557 -12724.8 10.1729
179000 400.422 -12803.8 2.37934
180000 399.872 -12741.7 4.04836
181000 398.449 -12800.8 1.95684
182000 397.917 -12825.8 7.42305
183000 398.263 -12820.2 -7.29125
184000 400.863 -12735.4 3.72014
185000 399.278 -12754.5 9.93548
186000 401.759 -12809 -1.60203
187000 397.827 -12890.1 -7.55233
188000 399.933 -12764.4 -2.61437
189000 399.58 -12722.3 5.41561
190000 398.691 -12741.5 -8.68034
191000 399.733 -12761.9 5.4265
192000 400.677 -12788.6 5.42214
193000 398.376 -12758.8 0.347085
194000 399.241 -12766.1 13.0066
195000 401.727 -12759.1 7.76577
196000 401.85 -12759.1 -7.24319
197000 401.733 -12768.1 3.34164
198000 401.439 -12778.9 0.625079
199000 401.374 -12773.4 -8.63273
200000 402.069 -12733.7 10.1598
201000 398.451 -12733.8 -0.867488
202000 396.914 -12822.7 9.77617
203000 399.558 -12748.6 -6.84917
204000 399.974 -12800 10.6854
205000 400.926 -12761.8 -6.67494
206000 400.322 -12753.5 -1.14685
207000 400.335 -12685.2 4.17004
208000 398.579 -12807.7 0.82372
209000 399.008 -12764.8 -0.0794729
210000 398.136 -12860.9 7.81329
211000 400.616 -12758.6 -1.98875
212000 398.955 -12819.8 -2.09375
213000 399.481 -12758.7 0.324461
214000 400.386 -12726.6 -5.40256
215000 398.794 -12801.7 -2.07103
216000 401.839 -12770.4 12.3573
217000 398.627 -12787.6 11.04
218000 398.488 -12828 -1.68583
219000 400.44 -12769.6 -5.71332
220000 400.578 -12734.2 -12.7448
221000 399.084 -12807.5 8.38639
222000 401.451 -12820.3 -4.61357
223000 400.364 -12777.7 4.80107
224000 398.658 -12795.2 6.46385
225000 399.597 -12806.9 0.885116
226000 398.385 -12801.2 -5.54998
227000 399.929 -12749.7 10.2962
228000 399.323 -12774.8 0.522279
229000 400.032 -12811.7 -11.2638
230000 398.231 -12828.1 12.417
231000 402.796 -12633.3 -12.4556
232000 399.356 -12733.7 2.87613
233000 400.623 -12728.4 -5.88044
234000 397.908 -12886.4 -3.93624
235000 399 -12800.7 -9.78544
236000 402.53 -12760.2 6.00567
237000 400.181 -12780 6.9018
238000 400.559 -12720.4 1.84329
239000 399.389 -12731.9 6.64755
240000 399.126 -12842 2.54716
241000 396.371 -12880.4 -4.72277
242000 398.75 -12820 11.7091
243000 398.147 -12855.4 -4.88362
244000 399.961 -12756.2 6.77798
245000 400.105 -12779 2.4007
246000 400.52 -12777.4 10.0129
247000 399.413 -12800.9 -9.97232
248000 400.539 -12825.2 1.30428
249000 397.963 -12803.7 12.5693
250000 398.605 -12770.5 -0.0140634
251000 401.17 -12652.7 0.427611
252000 399.128 -12778.7 12.0674
253000 400.339 -12718.3 0.980061
254000 400.522 -12812.3 1.55459
255000 403.372 -12750.1 -20.0641
256000 399.857 -12684.6 17.5554
257000 403.246 -12728.7 -2.54161
258000 398.782 -12791 4.49702
259000 399.119 -12773 3.12799
260000 401.985 -12759 -26.5132
261000 397.574 -12848 14.5713
262000 399.162 -12789 13.6466
263000 401.103 -12723.3 -0.18416
264000 399.02 -12778.6 4.99736
265000 398.495 -12774.4 3.33626
266000 399.849 -12792.1 -9.65788
267000 401.607 -12750 -5.94505
268000 397.75 -12803.7 -9.03988
269000 398.211 -12812 7.1045
270000 398.193 -12711.6 9.12767
271000 401.143 -12741.5 -12.268
272000 401.186 -12797.6 8.43998
273000 399.948 -12780.8 -3.87949
274000 396.415 -12872.2 4.30664
275000 399.375 -12829 9.65129
276000 399.89 -12755.1 0.320394
277000 400.09 -12733.3 0.881552
278000 400.198 -12751.9 4.47318
279000 401.113 -12771.4 4.66567
280000 398.605 -12808.5 -10.4371
281000 398.41 -12802.7 2.55576
282000 400.353 -12716.5 0.134839
283000 400.644 -12733.3 0.639696
284000 399.475 -12869.2 3.66935
285000 399.815 -12795.9 10.7522
286000 399.023 -12790.8 0.43423
287000 398.489 -12781.9 5.12754
288000 400.035 -12806.9 -11.1593
289000 402.755 -12730.3 8.88439
290000 398.407 -12833.9 -2.84382
291000 400.093 -12796 3.00586
292000 399.019 -12750.1 1.75609
293000 400.465 -12766.9 -12.2736
294000 401.463 -12683 2.72195
295000 400.338 -12784.8 12.0267
296000 398.339 -12745 -1.05088
297000 400.852 -12725.1 11.3379
298000 397.788 -12773.6 -2.01582
299000 397.87 -12829.2 -3.0551
300000 402.11 -12775 -3.65915
301000 397.653 -12787 -18.1459
302000 401.005 -12767.4 19.5285
303000 398.599 -12833.1 1.37506
304000 399.388 -12809.3 4.47144
305000 401.173 -12791.4 -4.70725
306000 399.203 -12831.2 4.59592
307000 402.596 -12659.6 -2.05905
308000 398.483 -12705.6 6.32019
309000 401.749 -12715.1 9.73194
310000 399.062 -12756.3 -3.21354
311000 397.574 -12813.7 5.87968
312000 400.226 -12796.9 -2.3673
313000 400.623 -12821.6 0.498498
314000 399.82 -12787.3 13.9357
315000 400.455 -12773.6 -5.13762
316000 399.176 -12813.8 -15.5852
317000 399.08 -12773 15.3475
318000 400.793 -12774.3 -0.503788
319000 399.937 -12803.9 11.568
320000 398.53 -12837 0.577088
321000 398.816 -12811 -2.68567
322000 399.472 -12771.5 11.0621
323000 397.507 -12859.6 0.96864
324000 399.931 -12776.9 -10.7921
325000 399.846 -12733.3 -4.08509
326000 400.679 -12725.6 7.84558
327000 398.382 -12758.9 2.31834
328000 400.239 -12849.4 -14.0008
329000 398.993 -12762.9 -9.07571
330000 401.41 -12727.3 10.5786
331000 401.333 -12773 -2.1095
332000 399.113 -12724.1 -5.33063
333000 399.623 -12739.9 2.13456
334000 402.032 -12721.7 9.37192
335000 397.486 -12759.9 -0.853291
336000 399.355 -12789 1.84601
337000 403.912 -12726.5 1.49227
338000 402.532 -12766 -14.0094
339000 401.372 -12742.5 2.82407
340000 399.439 -12779.5 11.1018
341000 399.302 -12805.6 -5.22205
342000 399.41 -12758.6 3.20535
343000 400.597 -12775.6 0.327866
344000 400.643 -12767.1 3.32637
345000 400.95 -12790.3 -1.96867
346000 398.701 -12799.4 -5.56038
347000 399.507 -12785 9.01798
348000 401.461 -12772 4.35315
349000 399.905 -12812.2 -0.876805
350000 398.862 -12820.6 -7.84975
351000 402.131 -12763.5 7.03315
352000 400.417 -12754.8 -17.3348
353000 398.679 -12772.2 3.84694
354000 400.576 -12734 -0.889755
355000 400.377 -12791.5 -4.29694
356000 400.601 -12772.8 4.48952
357000 399.956 -12851.7 -7.28467
358000 398.73 -12847.3 5.48242
359000 397.957 -12807.7 8.13555
360000 399.671 -12773.1 -13.7414
361000 399.719 -12717.4 -4.2777
362000 399.604 -12783 16.938
363000 399.818 -12780 -10.6783
364000 401.43 -12712 -9.93831
365000 401.898 -12668.3 4.23033
366000 400.54 -12770.8 10.757
367000 399.244 -12758.1 0.442371
368000 401.274 -12777.8 2.76868
369000 403.863 -12683.3 4.14354
370000 398.162 -12755.2 -6.2995
371000 399.529 -12743.7 4.87661
372000 399.111 -12803.5 6.40734
373000 401.125 -12771.8 3.49096
374000 399.895 -12769.3 4.38217
375000 401.298 -12740.5 2.40159
376000 398.989 -12822.9 -5.00651
377000 400.364 -12792.3 8.10804
378000 399.973 -12729.2 12.3409
379000 401.79 -12686.3 -13.785
380000 401.745 -12752 9.84571
381000 400.344 -12812 -10.7944
382000 400.115 -12804 21.3929
383000 401.751 -12702.3 2.22243
384000 398.079 -12777.3 -2.75197
385000 401.273 -12712.2 4.5271
386000 400.316 -12732.4 1.76829
387000 402.146 -12688.7 5.42593
388000 399.612 -12814.1 -6.80281
389000 398.966 -12814.5 5.22427
390000 400.25 -12754.7 14.0352
391000 400.173 -12729.2 -7.5761
392000 399.482 -12762.7 13.968
393000 400.149 -12789.5 14.0867
394000 400.167 -12720.3 -10.3676
395000 398.48 -12859.7 9.6895
396000 398.001 -12834 0.119546
397000 399.887 -12723.6 4.59542
398000 402.729 -12691.8 -16.2025
399000 400.014 -12826.1 -0.102457
400000 398.55 -12806.1 -12.8764
401000 400.714 -12710.1 5.72775
402000 397.531 -12856.8 4.50173
403000 401.534 -12746.9 -1.50964
404000 398.676 -12757.8 4.76714
405000 400.823 -12709.8 -11.1242
406000 397.81 -12815.7 19.9784
407000 399.078 -12754.6 -1.11736
408000 401.782 -12749.3 -8.08679
409000 398.867 -12770.1 12.5167
410000 400.351 -12766.2 -5.03694
411000 397.633 -12826.2 -0.31775
412000 400.822 -12704 7.09374
413000 400.932 -12717.7 3.07439
414000 399.882 -12778.6 -6.90138
415000 401.006 -12732.8 7.58314
416000 399.721 -12768.8 5.87583
417000 400.267 -12806.4 3.47726
418000 400.281 -12770.3 -8.9544
419000 400.941 -12759.8 6.07012
420000 399.868 -12768.1 -2.446
421000 400.878 -12765.5 0.616293
422000 397.948 -12857.6 -7.63187
423000 401.84 -12748.8 -12.534
424000 398.121 -12828 -2.30649
425000 402.683 -12735.8 -5.23502
426000 401.111 -12733.2 1.97008
427000 399.984 -12806.8 5.59943
428000 399.32 -12731.4 -3.72162
429000 398.202 -12795.7 -3.66566
430000 398.819 -12704.2 1.85773
431000 398.805 -12788.7 16.6316
432000 399.695 -12750.6 -4.10304
433000 398.957 -12788.8 -4.93754
434000 398.057 -12819.3 22.6371
435000 400.179 -12812.4 -9.02511
436000 402.398 -12767.5 12.4013
437000 400.681 -12756.8 9.95428
438000 400.584 -12739.6 3.53549
439000 400.172 -12848.5 14.4149
440000 400.506 -12701.8 3.14591
441000 401.073 -12767.7 6.44077
442000 401.696 -12702.2 0.881809
443000 398.202 -12792.5 5.47827
444000 402.305 -12739.7 1.55148
445000 399.61 -12757.5 -5.06513
446000 399.592 -12797.1 8.76605
447000 399.406 -12737.1 -1.66394
448000 401 -12758.4 -9.94979
449000 398.758 -12790.5 12.7409
450000 398.507 -12797 -2.27376
451000 401.918 -12748.3 15.3585
452000 400.719 -12769.4 0.734138
453000 398.637 -12766.6 -4.2163
454000 398.957 -12795.7 -6.76421
455000 400.959 -12793.5 -6.05685
456000 398.217 -12787.4 2.54289
457000 402.032 -12752.4 -9.04004
458000 401.035 -12734.2 12.9499
459000 400.265 -12892.1 -11.5577
460000 401.427 -12806 -0.156491
461000 401.425 -12775.8 5.29332
462000 399.266 -12786 -0.0363589
463000 398.742 -12775.3 -9.40746
464000 400.713 -12778.7 -4.48989
465000 397.441 -12811.5 -11.1393
466000 401.152 -12702.1 20.6658
467000 400.729 -12707.2 -19.5784
468000 399.485 -12798 3.29974
469000 399.695 -12790.8 4.55972
470000 402.723 -12686.2 -12.3623
471000 400.563 -12745.3 4.31131
472000 399.574 -12723.6 9.12469
473000 401.899 -12744.4 -2.80134
474000 400.539 -12721.5 3.74731
475000 398.696 -12802.7 -6.10389
476000 401.399 -12760 0.186592
477000 399.467 -12783.1 0.404682
478000 401.034 -12746.7 -2.52815
479000 401.026 -12763.6 8.38111
480000 401.075 -12812.4 8.85461
481000 400.001 -12745 4.84315
482000 399.67 -12712.4 -3.62135
483000 398.145 -12790.6 5.9123
484000 397.17 -12835.7 8.19353
485000 401.491 -12759.8 -3.45719
486000 401.705 -12809.8 2.29663
487000 400.046 -12788.7 5.4028
488000 399.7 -12813.1 0.753389
489000 400.339 -12794.1 -6.23634
490000 399.925 -12770 12.6341
491000 400.279 -12791.8 -13.4749
492000 401.706 -12808.6 -7.66773
493000 399.864 -12744 -0.989903
494000 401.651 -12772.9 0.12379
495000 401.074 -12806.6 -2.44916
496000 399.574 -12737 1.73396
497000 398.188 -12825.3 17.68
498000 398.49 -12805.3 -12.5399
499000 399.086 -12780.5 -4.69298
500000 402.18 -12736.9 14.4293
501000 400.673 -12740.3 -0.614225
502000 399.075 -12774.5 7.53954
503000 398.399 -12771.1 -10.1008
504000 400.791 -12796.7 2.81017
505000 402.201 -12707.9 7.83415
506000 400.2 -12812.7 -2.21229
507000 401.62 -12758.5 4.45677
508000 399.201 -12782.9 1.10094
509000 402.692 -12744.7 -7.37805
510000 401.433 -12725.2 11.5026
511000 401.312 -12749.7 -6.07258
512000 401.314 -12769.9 10.521
513000 400.262 -12744.2 -0.0959088
514000 398.166 -12786.9 3.55694
515000 400.669 -12722.4 7.47396
516000 397.807 -12728.9 -15.4499
517000 400.142 -12793.4 5.93826
518000 397.85 -12820.1 -1.12145
519000 402.373 -12760.3 3.93589
520000 397.928 -12837.2 0.460028
521000 397.468 -12865.2 14.2229
522000 401.518 -12728 -9.47275
523000 401.837 -12768 0.299062
524000 399.737 -12802.2 2.22616
525000 400.929 -12759 -6.44694
526000 398.114 -12813.7 5.63621
527000 402.405 -12755.8 -4.88694
528000 399.777 -12715.9 -4.78994
529000 399.484 -12837 18.8556
530000 398.507 -12830.2 1.98587
531000 400.953 -12794.1 14.8826
532000 400.581 -12793.3 0.360644
533000 399.182 -12705.3 -12.0719
534000 401.137 -12780.8 8.11243
535000 398.249 -12773.9 -6.8621
536000 402.662 -12766.5 13.2732
537000 400.138 -12800.4 -3.54457
538000 402.763 -12738.3 8.32182
539000 398.442 -12829.1 6.27507
540000 398.31 -12839.7 -3.2182
541000 400.044 -12872.4 -11.2601
542000 397.88 -12805.3 1.80824
543000 398.656 -12818.2 3.57126
544000 397.866 -12867.7 8.27935
545000 400.032 -12698.5 -6.77329
546000 399.46 -12734.9 1.73902
547000 400.782 -12776.6 -0.280803
548000 398.354 -12848.7 7.85884
549000 401.251 -12733.6 -9.5822
550000 399.13 -12839.3 6.07778
551000 400.694 -12747.5 -0.151472
552000 400.784 -12759.9 -2.1026
553000 399.147 -12771.1 2.22233
554000 399.247 -12752.9 25.3192
555000 398.855 -12776.2 -16.9123
556000 398.022 -12830.8 6.53301
557000 400.757 -12757.1 0.700824
558000 400.15 -12799.6 -0.37754
559000 400.22 -12847 0.264852
560000 397.927 -12786.6 14.2049
561000 402.088 -12758.1 -9.87002
562000 399.971 -12850.1 2.51866
563000 397.99 -12802.3 6.1322
564000 402.105 -12709.3 12.4684
565000 399.439 -12781.8 -3.16976
566000 397.906 -12831.6 4.54717
567000 397.782 -12795.3 -6.05556
568000 399.673 -12797 4.50907
569000 398.071 -12869.1 3.32261
570000 401.254 -12746.3 -14.0436
571000 400.828 -12743.5 -3.46926
572000 400.714 -12802.5 14.1456
573000 400.872 -12766 12.9394
574000 400.076 -12706.5 -14.3573
575000 401.046 -12735.4 3.0792
576000 398.479 -12829.5 -3.8904
577000 397.53 -12863.4 4.884
578000 399.147 -12751.9 9.6552
579000 399.458 -12788.3 -13.0519
580000 400.767 -12729.7 7.60675
581000 399.757 -12709.4 3.55286
582000 400.879 -12738.6 10.8629
583000 400.327 -12771.2 -8.92047
584000 401.091 -12769.9 3.37783
585000 400.409 -12761.9 -6.94448
586000 398.474 -12810 4.39543
587000 400.493 -12816.7 9.66394
588000 397.816 -12896.6 3.97835
589000 400.343 -12801.7 -4.78533
590000 399.978 -12806.1 -1.07429
591000 399.515 -12740.8 -10.1084
592000 397.753 -12785.4 9.14372
593000 399.681 -12827.6 13.8277
594000 398.777 -12767.4 -26.1132
595000 397.805 -12802.6 1.20908
596000 400.605 -12833.6 6.34305
597000 401.217 -12745.5 -23.6634
598000 400.4 -12756.5 8.75787
599000 397.974 -12780.5 4.93319
600000 396.43 -12807.6 -2.05486
601000 398.086 -12819.4 11.4044
602000 401.663 -12786.3 3.34445
603000 398.92 -12805.8 0.602097
604000 399.153 -12739.5 21.1234
605000 400.655 -12723.6 9.0415
606000 401.436 -12747.9 -10.7274
607000 398.422 -12742.9 -4.63172
608000 402.206 -12708 11.2295
609000 401.503 -12753.1 -11.6009
610000 398.07 -12740.4 -0.490953
611000 399.792 -12701.5 2.89381
612000 402.55 -12713.1 -0.203995
613000 400.95 -12734.2 1.95858
614000 401.025 -12697.1 -1.78799
615000 400.222 -12772 1.2361
616000 399.824 -12778.4 5.13513
617000 403.01 -12756.5 0.725017
618000 399.121 -12777.8 2.16337
619000 399.641 -12676.7 2.86629
620000 399.811 -12744 -6.20568
621000 399.342 -12767.1 -0.01602
622000 398.543 -12770.3 -0.600598
623000 403.084 -12734.2 10.8456
624000 401.002 -12738.7 -15.3415
625000 400.711 -12788.3 -0.507177
626000 398.392 -12771.5 4.01188
627000 400.983 -12735.8 -6.5656
628000 399.404 -12753.8 2.79214
629000 399.385 -12829.4 6.81288
630000 399.195 -12797.7 -1.3621
631000 397.319 -12843.5 7.50119
632000 400.081 -12736.7 -2.10736
633000 401.927 -12762 -4.46739
634000 397.423 -12847.9 9.21736
635000 398.46 -12784.9 -3.41651
636000 399.784 -12735.7 3.70782
637000 399.557 -12823.3 19.2625
638000 399.422 -12718.2 -8.48576
639000 398.943 -12807.1 7.68135
640000 399.698 -12746.5 8.3097
641000 401.212 -12836.3 -6.40933
642000 400.159 -12800.4 -1.6368
643000 400.776 -12677.7 13.6018
644000 400.807 -12754.4 0.681742
645000 399.278 -12777.1 -3.95906
646000 400.206 -12761.9 13.5779
647000 401.5 -12772.5 -7.66309
648000 399.444 -12767.5 10.2551
649000 402.001 -12760.1 -6.89017
650000 399.266 -12838.6 -0.594185
651000 402.014 -12724.2 0.729722
652000 399.212 -12801.3 11.0305
653000 399.277 -12729.8 0.727492
654000 399.299 -12770.6 -0.406573
655000 401.669 -12715.3 -7.32322
656000 400.33 -12761.2 4.38202
657000 400.237 -12743.5 13.9402
658000 399.247 -12783.9 -16.9141
659000 399.644 -12769.7 2.24335
660000 402.821 -12699 0.902661
661000 399.866 -12723.7 -10.6499
662000 398.746 -12744.2 9.93758
663000 399.458 -12802.4 3.01469
664000 398.598 -12821.9 3.92826
665000 399.476 -12850 1.77174
666000 398.707 -12809.7 22.6856
667000 398.39 -12768.4 -12.2665
668000 401.91 -12753.9 7.53156
669000 398.963 -12791.7 1.51703
670000 400.587 -12820.7 -11.37
671000 399.243 -12765.1 3.37559
672000 398.486 -12771.4 1.80676
673000 397.922 -12750.4 2.61004
674000 400.179 -12776.1 12.3859
675000 402.353 -12671.2 -7.03905
676000 399.585 -12729.7 9.64151
677000 398.147 -12844 -9.53621
678000 400.041 -12758.7 -4.12456
679000 400.735 -12789.6 -19.5908
680000 399.543 -12748.4 15.7862
681000 401.483 -12827 11.7953
682000 399.942 -12759.1 -0.77152
683000 399.216 -12753.9 13.1142
684000 401.873 -12740.7 -16.8994
685000 399.913 -12718.3 15.504
686000 399.969 -12741.5 11.5923
687000 399.421 -12806.7 1.18119
688000 397.724 -12886.9 -0.394481
689000 399.595 -12853.7 4.59447
690000 400.915 -12779 -5.31082
691000 403.02 -12700.4 14.2504
692000 401.961 -12755.7 -3.14618
693000 399.43 -12790.3 1.61895
694000 401.283 -12839.3 5.74204
695000 398.313 -12823.4 4.88104
696000 401.211 -12685.3 -6.97426
697000 398.963 -12748.2 -2.42801
698000 398.588 -12754.9 2.16418
699000 398.537 -12815.5 6.66446
700000 400.853 -12734.3 -10.8293
701000 400.933 -12790.2 2.47861
702000 400.3 -12803.1 3.59719
703000 400.615 -12774.1 1.09032
704000 397.524 -12729.9 -3.31658
705000 399.658 -12777.3 13.3011
706000 399.715 -12834.2 -16.158
707000 400.778 -12731.7 -2.64846
708000 398.188 -12770.4 6.72477
709000 397.609 -12846.2 6.57991
710000 398.696 -12781.4 1.15663
711000 400.099 -12776.7 9.36298
712000 399.194 -12827.8 -5.58707
713000 400.619 -12803.3 0.70065
714000 399.976 -12775.2 10.2914
715000 398.007 -12796.3 -1.25604
716000 400.523 -12763.7 -0.598599
717000 400.531 -12722.1 7.88223
718000 398.742 -12740.2 -8.602
719000 398.491 -12783.2 8.0897
720000 399.989 -12790.8 -2.4418
721000 399.994 -12686.6 1.27973
722000 398.387 -12827.5 -8.72994
723000 399.877 -12841.8 15.2326
724000 397.697 -12759 1.62822
725000 400.647 -12757.8 -8.30238
726000 401.74 -12738 0.0188748
727000 399.299 -12813.6 1.0895
728000 400.867 -12722.6 6.21382
729000 400.088 -12796.1 -2.54734
730000 400.742 -12776.9 9.49621
731000 399.555 -12751.2 -3.55855
732000 399.96 -12800.6 -0.156199
733000 402.45 -12772.7 0.0985865
734000 399.726 -12780.3 4.06702
735000 402.818 -12730.7 -0.723178
736000 398.438 -12746.9 11.1776
737000 400.378 -12763.4 1.70704
738000 401.325 -12768.4 -4.08826
739000 398.85 -12861.1 3.22455
740000 399.611 -12770.3 2.21373
741000 401.388 -12778.3 -5.00258
742000 401.452 -12720.6 3.23511
743000 401.102 -12718 -16.2904
744000 400.566 -12763.3 21.2322
745000 400.316 -12811.9 -6.63486
746000 400.807 -12814.4 -3.92526
747000 398.775 -12834.8 9.22576
748000 399.549 -12830.9 -10.9183
749000 399.971 -12739.9 9.37635
750000 400.4 -12723.7 3.45505
751000 400.195 -12750.8 2.4759
752000 398.383 -12832 4.96724
753000 399.032 -12842.9 14.6846
754000 399.473 -12804.5 -8.64652
755000 399.903 -12788.9 -5.03641
756000 401.388 -12760.1 -6.28274
757000 399.343 -12766.6 -5.32255
758000 400.256 -12735.5 -3.64529
759000 400.105 -12775.6 -4.3949
760000 399.643 -12772.4 3.10803
761000 398.559 -12771.5 5.50461
762000 399.124 -12753.9 0.230885
763000 402.474 -12739.6 2.31134
764000 401.697 -12704.4 -11.4969
765000 399.508 -12796.7 14.0814
766000 399.11 -12813.1 -10.6285
767000 400.915 -12737.4 15.082
768000 400.187 -12762.9 -2.97463
769000 401.913 -12733.3 -15.117
770000 400.078 -12769.2 -7.86832
771000 398.555 -12793.1 11.006
772000 398.263 -12800 -4.55721
773000 400.451 -12736 6.66306
774000 401.516 -12695.1 3.65945
775000 397.237 -12833 8.97542
776000 399.66 -12809.9 -6.44967
777000 401.076 -12788.5 -1.81835
778000 400.064 -12750.5 -8.16719
779000 401.039 -12756.5 11.0212
780000 398.739 -12807.3 1.78864
781000 400.12 -12774.7 4.90123
782000 401.421 -12709.5 -14.3849
783000 400.952 -12721.8 11.2666
784000 400.059 -12871.2 10.0074
785000 400.217 -12811.2 -11.3925
786000 399.362 -12810.9 6.79224
787000 398.933 -12780.9 -10.638
788000 398.065 -12868.7 14.5775
789000 398.495 -12764.7 -11.9171
790000 398.294 -12849.8 1.13541
791000 399.346 -12745.7 -6.54232
792000 400.865 -12796.6 13.621
793000 401.025 -12720.9 -7.82878
794000 402.308 -12667.6 15.0999
795000 400.037 -12791.2 -2.54248
796000 401.592 -12775 -1.14446
797000 401.659 -12713.4 3.19087
798000 400.281 -12791.2 5.20981
799000 401.168 -12736.4 0.260801
800000 398.757 -12803.9 6.66587
801000 402.276 -12751.8 -5.36014
802000 399.49 -12808.4 5.97539
803000 401.145 -12736.9 -0.476657
804000 403.245 -12722.5 -1.3541
805000 400.112 -12751.1 -6.27433
806000 399.298 -12754.4 5.26287
807000 401.614 -12808.8 12.1355
808000 397.179 -12773.1 -7.67307
809000 400.865 -12795.3 1.60884
810000 399.953 -12793.9 -1.90421
811000 399.634 -12781 -0.587655
812000 398.816 -12752.3 -3.85716
813000 397.492 -12773.6 0.687621
814000 401.387 -12752.2 6.12977
815000 398.9 -12815.3 -4.61306
816000 403.216 -12722 2.22232
817000 398.194 -12730.2 -1.86016
818000 400.782 -12755.8 -5.79326
819000 402.737 -12726.8 -9.83593
820000 398.507 -12832.8 12.1275
821000 400.963 -12818.7 -4.75913
822000 400.492 -12732.6 -5.20874
823000 401.311 -12736.1 4.00999
824000 402.002 -12729.2 -4.39413
825000 399.258 -12796.1 -6.7644
826000 398.335 -12852.5 3.87132
827000 398.943 -12805.5 6.6999
828000 400.261 -12731 -1.46649
829000 402.257 -12743 -1.76785
830000 398.506 -12766.7 -7.66442
831000 401.223 -12747.2 8.86485
832000 400.118 -12751.9 5.93994
833000 399.841 -12833.5 -4.41319
834000 399.978 -12743.8 -0.699117
835000 401.209 -12743.5 7.2322
836000 400.503 -12757 -0.450516
837000 397.542 -12821.9 -5.54059
838000 401.32 -12760.8 4.83535
839000 400.636 -12726.4 -1.75849
840000 401.032 -12724.3 -12.8499
841000 399.027 -12762.3 9.32362
842000 398.766 -12781.8 -1.50835
843000 399.28 -12767.9 4.98727
844000 402.938 -12790.4 17.508
845000 399.162 -12807.8 8.08998
846000 399.488 -12781.3 -5.07382
847000 402.507 -12710.6 0.409557
848000 398.703 -12735.8 -15.351
849000 400.254 -12813.3 11.4701
850000 399.395 -12816.9 -0.247105
851000 402.315 -12714.8 17.3516
852000 401.373 -12710.6 -2.70549
853000 402.655 -12724.5 -7.99575
854000 400.135 -12792.9 6.95014
855000 399.736 -12781.2 1.90372
856000 403.508 -12674.1 -2.80121
857000 401.407 -12795.6 -0.513214
858000 399.891 -12792.4 -0.768721
859000 397.172 -12752.3 5.43672
860000 400.033 -12774.5 3.45408
861000 400.581 -12803.6 -6.677
862000 398.172 -12765.8 2.793
863000 401.487 -12770.5 -12.8409
864000 402.093 -12748.7 6.57146
865000 400.303 -12750.7 -2.51925
866000 400.335 -12802.4 3.60787
867000 399.828 -12758.1 15.9036
868000 399.677 -12761.5 -3.67144
869000 399.211 -12777.8 5.22117
870000 398.577 -12806.4 8.05813
871000 402.484 -12725 6.32432
872000 400.088 -12764.9 -11.746
873000 399.588 -12730 5.34227
874000 401.067 -12743 2.91987
875000 401.334 -12750.3 2.94265
876000 400.483 -12742.6 16.6473
877000 399.592 -12805 -6.86895
878000 400.795 -12761.2 -3.70045
879000 397.072 -12811.3 15.6106
880000 399.332 -12761.7 -18.286
881000 399.839 -12837.9 3.67729
882000 398.09 -12819.4 -1.65665
883000 399.975 -12797.7 0.114383
884000 400.973 -12748.6 -7.85412
885000 398.649 -12833.3 0.969314
886000 401.38 -12762.9 8.27211
887000 399.573 -12793.9 -2.80573
888000 399.932 -12778.5 -5.59177
889000 398.6 -12732 -4.91875
890000 400.979 -12756.2 6.79095
891000 397.989 -12838.7 -3.57512
892000 398.797 -12797.6 -6.48079
893000 399.28 -12737.2 1.59764
894000 402.969 -12700.1 13.9669
895000 400.388 -12801.7 4.56161
896000 401.49 -12731.8 -7.3715
897000 399.356 -12744.4 5.4365
898000 402.21 -12665.3 2.44537
899000 402.756 -12640.3 -5.53406
900000 399.473 -12771 9.20165
901000 400.185 -12730.1 3.27204
902000 399.898 -12747 1.88053
903000 401.577 -12761 -4.60566
904000 402.199 -12713 -5.70341
905000 399.754 -12761.4 3.14176
906000 399.6 -12806.1 0.88601
907000 397.37 -12794.8 8.49695
908000 397.678 -12840.2 1.37286
909000 400.208 -12689.8 -3.37201
910000 401.633 -12714.2 -8.54348
911000 401.673 -12727.4 5.10587
912000 399.128 -12830.8 -1.72895
913000 399.324 -12785.9 3.5609
914000 400.854 -12754.2 -2.04196
915000 399.68 -12745.9 5.13631
916000 400.841 -12743.5 -16.5562
917000 399.778 -12811.1 9.83515
918000 397.589 -12811.3 -4.66027
919000 399.564 -12817.4 -0.778738
920000 399.977 -12747.4 -1.58204
921000 399.731 -12787.8 -8.20057
922000 400.66 -12752.3 -3.98017
923000 399.247 -12751.3 -1.04061
924000 399.853 -12812.7 4.36073
925000 401.466 -12749.8 1.92486
926000 399.004 -12794.1 7.75842
927000 399.168 -12805.1 -5.39634
928000 398.882 -12783.4 6.49964
929000 398.921 -12821.6 -3.41343
930000 399.038 -12849.4 -0.394638
931000 398.198 -12821.1 -1.31635
932000 401.573 -12776.9 -6.20891
933000 399.097 -12705.5 15.7407
934000 401.584 -12733.9 -5.58198
935000 401.528 -12704.7 8.99513
936000 397.605 -12817.5 -5.28224
937000 398.116 -12754.8 10.0025
938000 400.098 -12793.4 1.50881
939000 401.872 -12708.3 7.86023
940000 400.765 -12731 -10.4951
941000 400.295 -12761.5 -2.54366
942000 402.163 -12764 -8.76628
943000 399.727 -12749.2 8.39159
944000 400.681 -12737.5 3.94683
945000 399.775 -12747.2 7.28102
946000 401.036 -12810 -9.15722
947000 402.017 -12756.3 -10.8133
948000 397.716 -12794.5 10.336
949000 399.542 -12749.2 -17.3375
950000 398.013 -12818.6 16.7036
951000 400.273 -12729.6 -7.85421
952000 399.468 -12802.6 2.04008
953000 400.529 -12754.4 11.2011
954000 396.984 -12803.8 -7.05037
955000 400.035 -12759 12.7538
956000 401.643 -12725.2 -9.73116
957000 399.323 -12809.1 7.98298
958000 400.761 -12733.8 1.65208
959000 400.929 -12781.6 -4.85461
960000 400.427 -12734.3 17.5196
961000 399.244 -12774 3.00281
962000 402.764 -12761.3 9.81163
963000 398.353 -12791.9 -12.3174
964000 402.966 -12702.6 0.532295
965000 399.336 -12711.8 -2.54758
966000 399.381 -12829.8 8.08174
967000 402.392 -12728.6 -6.43415
968000 400.443 -12754 0.214954
969000 400.709 -12801.6 0.964349
970000 400.615 -12807.6 2.14265
971000 401.424 -12742.5 3.4708
972000 401.684 -12717.9 9.87165
973000 401.703 -12778 -9.23873
974000 399.001 -12802 -5.43207
975000 400.459 -12804.2 -7.38887
976000 399.489 -12822.5 14.4761
977000 401.733 -12738 0.0592966
978000 401.373 -12749.9 8.76929
979000 399.304 -12743.4 0.889078
980000 403.16 -12775.4 -0.28554
981000 399.049 -12737 -8.62368
982000 400.693 -12776.5 4.93879
983000 397.625 -12819.3 -1.13311
984000 400.788 -12721.4 -1.08956
985000 398.213 -12884 0.936087
986000 400.372 -12818.2 -8.33716
987000 402.649 -12774.9 9.15779
988000 400.655 -12758.7 -2.61608
989000 402.554 -12773 3.9234
990000 401.417 -12734.5 6.88823
991000 400.132 -12808.5 -1.89116
992000 400.034 -12766.2 1.64245
993000 401.433 -12705.2 2.46304
994000 399.46 -12745.4 -1.08534
995000 400.829 -12749.2 -6.16022
996000 400.314 -12778.4 -2.42338
997000 400.022 -12822.3 14.3473
998000 398.776 -12790.1 7.15938
999000 399.377 -12710.5 -8.85414
1000000 400.155 -12702.7 0.881558
1001000 400.144 -12829.9 3.1365
1002000 401.174 -12699.1 6.82158
1003000 400.01 -12740.2 -5.22039
1004000 401.634 -12743.6 -2.82705
1005000 398.935 -12792.5 -9.43011
1006000 396.37 -12800.7 16.2299
1007000 398.491 -12759.6 -11.7262
1008000 400.785 -12774.8 7.02974
1009000 399.672 -12798.8 -0.922298
1010000 401.479 -12744.9 3.90115
1011000 399.304 -12718.5 4.51218
1012000 401.001 -12693.9 -5.82118
1013000 399.08 -12772.8 4.81134
1014000 400.338 -12718.1 -3.39747
1015000 400.273 -12759.4 6.18736
1016000 399.877 -12796.7 -0.0648935
1017000 400.571 -12708.1 -2.36023
1018000 400.535 -12824.2 -4.74176
1019000 399.656 -12836 -7.42176
1020000 400.409 -12732.8 9.43225
1021000 400.084 -12786.2 -3.97912
1022000 399.504 -12805.6 14.4916
1023000 398.202 -12817.3 -15.6551
1024000 398.415 -12813.2 7.73744
1025000 400.943 -12764.3 -10.5976
1026000 400.102 -12779.2 2.44577
1027000 399.315 -12869.6 16.0315
1028000 401.429 -12762.9 -7.03342
1029000 400.623 -12845.1 -1.30139
1030000 399.405 -12783.2 -20.5787
1031000 401.642 -12809.5 20.9179
1032000 401.942 -12751.1 2.14704
1033000 400.265 -12802.8 -11.3929
1034000 397.525 -12897.3 -3.65513
1035000 400.427 -12763 -9.73648
1036000 400.261 -12678.9 2.08873
1037000 400.97 -12772.9 1.21136
1038000 401.98 -12760.4 9.7943
1039000 399.045 -12752.6 -2.91319
1040000 402.301 -12720.3 12.7082
1041000 398.826 -12762.7 -0.498945
1042000 400.848 -12681.5 7.6272
1043000 400.191 -12739.5 -6.43866
1044000 396.722 -12876.6 5.27946
1045000 398.813 -12872.2 8.72985
1046000 399.302 -12734.8 1.10603
1047000 401.023 -12774.2 7.86597
1048000 398.236 -12789.7 3.24997
1049000 399.878 -12778.1 3.47017
1050000 401.15 -12789.6 0.745881
1051000 398.901 -12790.4 0.102069
1052000 401.715 -12811.8 -5.54022
1053000 402.862 -12732.4 11.6287
1054000 400.308 -12749.8 -1.335
1055000 401.462 -12709.5 12.6889
1056000 400.456 -12765.4 -2.48695
1057000 401.9 -12766.6 -9.03566
1058000 399.808 -12794.4 1.91016
1059000 400.347 -12789.9 -11.8225
1060000 398.675 -12764.6 -4.07652
1061000 401.118 -12765.1 -4.76994
1062000 403.229 -12770.4 1.53414
1063000 399.579 -12758.1 -10.7431
1064000 398.017 -12827.5 4.24609
1065000 397.711 -12767.5 -6.90952
1066000 398.93 -12811.1 11.7719
1067000 400.007 -12737.5 -0.880727
1068000 398.223 -12823.9 7.63462
1069000 399.843 -12847.5 -3.19191
1070000 400.741 -12738.9 -12.833
1071000 399.668 -12749.5 0.617012
1072000 398.579 -12827.7 9.65474
1073000 400.063 -12738.4 -16.1673
1074000 400.934 -12812.2 24.3939
1075000 399.668 -12745.8 -2.83999
1076000 400.911 -12761.4 4.93731
1077000 397.296 -12858.8 11.2185
1078000 399.642 -12799.3 2.21172
1079000 399.557 -12822.5 -0.692863
1080000 395.938 -12852.5 -8.72272
1081000 400.762 -12720.3 8.59025
1082000 399.56 -12792.1 -6.70906
1083000 399.673 -12811.3 9.29518
1084000 397.416 -12763.5 -3.93009
1085000 400.262 -12741.7 5.1617
1086000 399.663 -12732.4 -7.85697
1087000 397.866 -12803.9 -4.41767
1088000 399.428 -12789.4 0.52475
1089000 399.852 -12760.1 8.50344
1090000 401.417 -12722.8 -15.1189
1091000 398.757 -12774.1 12.76
1092000 400.614 -12802.5 8.11306
1093000 399.153 -12788.7 -14.2275
1094000 399.21 -12821.7 3.99365
1095000 399.026 -12780.6 8.54605
1096000 399.739 -12753.1 2.0411
1097000 400.462 -12719.6 9.20981
1098000 401.885 -12729 -0.707626
1099000 398.771 -12784.6 5.30209
1100000 400.867 -12730.1 -13.6404
1101000 398.009 -12802.5 -6.35056
1102000 399.722 -12781.3 -9.39236
1103000 400.023 -12796.4 -2.86516
1104000 399.967 -12832.3 9.27756
1105000 400.848 -12811 8.27254
1106000 401.031 -12715.6 -10.2725
1107000 398.001 -12802.7 1.94573
1108000 398.45 -12778.8 -5.8698
1109000 401.23 -12749.2 -2.34141
1110000 399.748 -12799.4 -6.96112
1111000 399.016 -12884.2 -0.812497
1112000 399.642 -12742.8 4.8576
1113000 400.467 -12734.7 2.23505
1114000 398.291 -12801.4 -4.48184
1115000 398.613 -12799.3 3.87499
1116000 397.623 -12812.5 2.86986
1117000 400.741 -12780.7 -1.12201
1118000 399.73 -12810.5 0.520117
1119000 398.504 -12835.9 -8.48614
1120000 401.494 -12814.3 4.80609
1121000 398.19 -12740.2 9.59002
1122000 403.62 -12692.3 0.105801
1123000 400.5 -12799.1 2.95174
1124000 400.793 -12760.6 -4.9268
1125000 402.014 -12684.3 -4.46255
1126000 402.157 -12748.5 3.20142
1127000 401.818 -12765.6 6.50156
1128000 399.967 -12766.6 7.56859
1129000 399.087 -12751.2 2.50794
1130000 400.312 -12748.4 -3.60736
1131000 401.612 -12769.6 7.84757
1132000 401.393 -12715.8 2.53857
1133000 397.291 -12816.7 7.80372
1134000 398.863 -12801.2 -3.77217
1135000 398.071 -12859.4 -2.28019
1136000 399.077 -12722.9 16.4204
1137000 399.608 -12737.8 -0.610474
1138000 399.239 -12774.2 9.59148
1139000 400.305 -12788.5 -7.88576
1140000 397.933 -12825 4.21746
1141000 400.387 -12780.3 -7.93372
1142000 398.704 -12841 19.5849
1143000 397.825 -12798.9 0.790841
1144000 399.657 -12769.7 -18.3124
1145000 397.714 -12862.4 5.48808
1146000 398.68 -12775.7 7.21937
1147000 399.183 -12742.5 -5.17871
1148000 399.549 -12754.2 18.4527
1149000 400.993 -12743.5 1.70207
1150000 399.697 -12809.3 -4.20166
1151000 400.568 -12773.8 3.04509
1152000 400.369 -12840.6 4.0296
1153000 401.107 -12796.7 -7.85061
1154000 401.442 -12799.9 22.9275
1155000 399.558 -12788.4 -17.2651
1156000 400.888 -12743.9 -4.47328
1157000 400.864 -12812.2 3.3321
1158000 398.986 -12803.9 1.9808
1159000 402.235 -12756.2 -5.45467
1160000 400.921 -12748.4 -4.62574
1161000 399.691 -12790.6 13.2134
1162000 396.603 -12858.9 20.5547
1163000 400.384 -12829.3 -4.24847
1164000 404.501 -12701.5 -5.70636
1165000 398.885 -12809.2 -5.4119
1166000 401.052 -12753.9 -2.27433
1167000 401.647 -12759.6 -1.54007
1168000 397.153 -12784.7 13.6472
1169000 399.575 -12757.9 -4.45744
1170000 399.883 -12772 5.86381
1171000 401.447 -12735.2 -1.99353
1172000 400.992 -12727.9 9.9513
1173000 401.352 -12773.2 -6.88758
1174000 399.253 -12852.9 7.69822
1175000 400.235 -12791.5 5.83468
1176000 400.026 -12770 -1.98858
1177000 399.109 -12878.8 -7.61834
1178000 399.341 -12828.8 0.499852
1179000 400.673 -12729.6 -9.4508
1180000 399.21 -12808.9 6.44198
1181000 396.919 -12832.6 6.45686
1182000 400.446 -12727.3 0.469445
1183000 400.468 -12767.1 -8.77133
1184000 400.836 -12785.4 8.7713
1185000 401.766 -12744.9 1.31245
1186000 398.253 -12810 -1.77861
1187000 401.667 -12704 -3.59454
1188000 402.363 -12705.7 5.68548
1189000 400.308 -12757.2 12.1265
1190000 396.791 -12876.6 0.926302
1191000 400.009 -12781.4 -2.16029
1192000 398.955 -12804.7 2.77427
1193000 401.206 -12734.9 -2.02747
1194000 401.249 -12729.2 -4.00805
1195000 398.459 -12803.5 14.8
1196000 399.063 -12815.3 2.35269
1197000 399.345 -12817.5 11.5177
1198000 402.322 -12771.8 0.631306
1199000 398.712 -12858 -3.58279
1200000 401.52 -12730.5 7.99767
1201000 397.984 -12763.7 -2.33718
1202000 398.297 -12823 -18.424
1203000 401.298 -12704.6 19.8481
1204000 400.187 -12755.4 -6.33444
1205000 403.812 -12641.9 -0.268031
1206000 400.516 -12742.5 3.71264
1207000 400.021 -12764.2 3.67007
1208000 400.257 -12794.7 -2.8436
1209000 399.628 -12770.3 9.18028
1210000 399.5 -12739.9 8.93507
1211000 401.982 -12800.5 -20.6868
1212000 402.765 -12710.1 22.4019
1213000 400.14 -12734.5 -17.4294
1214000 401.341 -12780.4 -2.10776
1215000 396.927 -12821.2 1.01733
1216000 399.566 -12764.4 -3.11285
1217000 397.563 -12782.9 1.41293
1218000 398.825 -12766.2 1.57227
1219000 397.386 -12835.9 -9.03018
1220000 401.298 -12791.4 1.85993
1221000 400.975 -12703.2 15.6077
1222000 400.351 -12834.3 0.503638
1223000 399.7 -12770 -9.64478
1224000 398.914 -12763.8 12.1848
1225000 400.476 -12738.5 -2.44009
1226000 401.679 -12748.3 -0.586041
1227000 399.432 -12803.8 3.36408
1228000 402.329 -12747.9 0.893244
1229000 399.368 -12823.4 -19.6094
1230000 401.152 -12772.7 14.0364
1231000 398.686 -12782.6 4.48578
1232000 401.602 -12763.2 16.729
1233000 401.155 -12710.5 -10.4458
1234000 398.776 -12792.2 5.33875
1235000 400.759 -12754.9 7.23565
1236000 399.987 -12709 0.417128
1237000 400.155 -12753.5 -9.55159
1238000 397.101 -12844.7 2.36276
1239000 399.541 -12780.7 -6.43323
1240000 400.891 -12720.1 15.7129
1241000 401.184 -12741.6 -10.7329
1242000 399.997 -12820.6 -6.85016
1243000 399.392 -12765.8 8.43275
1244000 401.954 -12687.1 -1.80728
1245000 397.775 -12811.3 7.15397
1246000 399.531 -12716.3 0.66359
1247000 398.207 -12743.5 -0.765304
1248000 401.206 -12720 3.718
1249000 398.484 -12805.5 4.40264
1250000 398.299 -12798.6 -3.44445
1251000 397.867 -12811.2 13.8956
1252000 399.165 -12812.8 1.74532
1253000 398.977 -12762.3 -12.9057
1254000 401.618 -12742.1 -2.50766
1255000 397.047 -12826.4 5.66971
1256000 399.306 -12789.2 7.83937
1257000 400.192 -12766.7 1.55221
1258000 400.969 -12731.5 11.0745
1259000 402.165 -12669.4 -13.5424
1260000 401.468 -12687.7 -1.59954
1261000 399.086 -12808.1 16.4169
1262000 400.815 -12786.7 -3.32752
1263000 402.719 -12762.8 -8.9113
1264000 399.217 -12744.1 6.80093
1265000 400.841 -12735.5 -15.5839
1266000 401.882 -12683.2 1.46471
1267000 400.847 -12780.3 12.5001
1268000 400.003 -12775.9 -8.75179
1269000 399.849 -12752.6 25.584
1270000 400.119 -12769.1 -5.87497
1271000 400.491 -12723.9 -1.07725
1272000 401.031 -12704.9 5.44161
1273000 400.238 -12717 -2.57329
1274000 398.798 -12788.9 13.3254
1275000 398.393 -12830.9 -0.164038
1276000 400.23 -12801.1 -5.50742
1277000 399.383 -12786.2 -5.62506
1278000 399.502 -12776.2 5.43711
1279000 400.115 -12823.2 1.68503
1280000 398.883 -12750.7 -2.17753
1281000 399.835 -12745.3 3.49067
1282000 401.305 -12715.5 -1.06142
1283000 401.207 -12741.2 5.4981
1284000 398.577 -12780.6 2.21992
1285000 399.086 -12766.4 -6.2516
1286000 398.972 -12725.5 -9.82032
1287000 400.278 -12740.3 10.1121
1288000 400.821 -12781.3 -3.25695
1289000 399.059 -12839.3 14.4095
1290000 398.526 -12799.4 -5.27003
1291000 401.358 -12791.6 0.187601
1292000 399.189 -12714.7 -2.75224
1293000 401.762 -12741.8 12.0901
1294000 401.664 -12712.7 -4.88311
1295000 399.269 -12841.2 -3.90144
1296000 398.981 -12776.2 0.505678
1297000 399.102 -12747.3 -4.1468
1298000 402.804 -12761.5 3.84349
1299000 399.772 -12792.8 13.0416
1300000 398.803 -12837.5 22.1405
1301000 400.806 -12803.7 -12.7366
1302000 401.421 -12759.5 -1.00855
1303000 399.024 -12809.2 3.21389
1304000 401.071 -12722.9 -1.64049
1305000 402.083 -12683 16.7655
1306000 400.219 -12753.8 -5.11231
1307000 399.876 -12779 6.1164
1308000 400.272 -12777.3 5.12389
1309000 400.512 -12768.1 2.20595
1310000 401.199 -12787.6 6.26969
1311000 402.228 -12751.6 1.30434
1312000 400.458 -12803.5 3.13726
1313000 402.006 -12745.4 12.5426
1314000 398.516 -12786.3 5.39114
1315000 399.102 -12752.4 -2.32762
1316000 400.327 -12801.1 -4.02153
1317000 400.039 -12739 4.9681
1318000 400.489 -12786.9 -1.28789
1319000 398.69 -12766.3 -3.10103
1320000 397.955 -12804.8 8.02378
1321000 399.53 -12810 -0.456161
1322000 398.613 -12837.3 15.42
1323000 401.915 -12738.7 -13.683
1324000 400.676 -12686.6 7.08489
1325000 399.456 -12782.8 3.72717
1326000 399.943 -12759.2 -6.99615
1327000 399.531 -12768.8 0.41352
1328000 398.635 -12779.1 6.56513
1329000 400.803 -12772.4 0.763413
1330000 401.168 -12743.2 7.8781
1331000 401.613 -12709.7 -4.18029
1332000 403.665 -12690.3 1.36774
1333000 401.298 -12703.5 -5.74145
1334000 398.146 -12830.6 4.61574
1335000 401.028 -12759.6 -1.47079
1336000 400.105 -12790.7 7.18805
1337000 401.4 -12740.3 6.30406
1338000 401.339 -12718.3 -15.5888
1339000 398.92 -12801.4 19.1527
1340000 399.426 -12831.5 -6.37814
1341000 398.209 -12813.7 -0.400895
1342000 400.577 -12785.6 -21.2199
1343000 400.977 -12757.6 0.423743
1344000 398.636 -12742.3 2.60216
1345000 400.027 -12773.7 6.39844
1346000 401.491 -12741.6 5.81277
1347000 399.886 -12764.9 3.938
1348000 400.322 -12767.1 10.5797
1349000 398.259 -12784.5 0.0173244
1350000 398.819 -12753.3 2.42119
1351000 400.057 -12808.4 5.35156
1352000 400.062 -12764.2 -4.78329
1353000 398.353 -12861.8 -5.30179
1354000 399.471 -12775.2 5.16651
1355000 400.318 -12753.1 -8.40606
1356000 401.018 -12773.2 6.04224
1357000 399.902 -12761.5 -11.9966
1358000 399.532 -12746.9 6.67807
1359000 400.482 -12707.1 0.656406
1360000 399.243 -12738.9 -5.105
1361000 400.173 -12743 -8.96357
1362000 399.125 -12720.8 9.72016
1363000 400.44 -12746.5 -9.49789
1364000 402.298 -12704.3 -14.7246
1365000 399.094 -12759.6 20.2788
1366000 399.335 -12699.5 -8.70824
1367000 400.198 -12743.8 1.34074
1368000 398.842 -12819.7 -9.65952
1369000 398.187 -12802.9 -2.86368
1370000 401.066 -12797.4 -1.25699
1371000 397.352 -12850.7 0.618938
1372000 400.388 -12772.8 0.416092
1373000 400.516 -12755.6 17.6767
1374000 397.647 -12777.8 -3.92711
1375000 398.362 -12823.9 -4.44604
1376000 401.21 -12755.4 -0.379088
1377000 398.966 -12788.9 16.0244
1378000 401.656 -12712.4 -16.8375
1379000 398.728 -12827.9 22.5667
1380000 398.745 -12776 -0.625106
1381000 399.886 -12789.6 10.1167
1382000 397.838 -12799 2.46476
1383000 400.874 -12747.8 2.90805
1384000 399.714 -12745.7 -16.8288
1385000 400.361 -12804.5 5.25137
1386000 400.358 -12729.5 4.63544
1387000 402.701 -12719 -9.88667
1388000 398.772 -12774.2 4.21387
1389000 402.473 -12754.1 -3.16122
1390000 401.188 -12749.8 19.7683
1391000 399.538 -12790.8 -11.8186
1392000 400.414 -12774.4 13.2176
1393000 399.838 -12727.5 8.17631
1394000 396.051 -12877.3 -7.71345
1395000 400.039 -12820.7 0.757526
1396000 398.344 -12820.6 1.66177
1397000 400.741 -12791.4 -6.28369
1398000 399.894 -12835 -5.50236
1399000 398.218 -12793.8 -14.3166
1400000 399.751 -12779.5 2.41699
1401000 400.339 -12802.2 0.620421
1402000 399.339 -12797 -2.66663
1403000 400.551 -12769.8 -3.73998
1404000 400.889 -12741.5 1.9372
1405000 401.559 -12772.6 6.30737
1406000 397.678 -12833.7 -5.04586
1407000 397.457 -12821.7 8.99074
1408000 400.773 -12798.1 -4.09404
1409000 402.773 -12800.6 -9.59644
1410000 402.765 -12735.5 6.41105
1411000 401.455 -12702.9 -4.57216
1412000 398.406 -12741.5 -5.7861
1413000 401.064 -12729.9 -18.8559
1414000 400.626 -12776.5 10.0551
1415000 399.268 -12788.4 -8.3768
1416000 398.121 -12773.9 10.4811
1417000 399.164 -12834.3 3.04513
1418000 400.114 -12754.7 5.54727
1419000 403.116 -12691.7 3.67551
1420000 400.332 -12750.1 -7.9214
1421000 400.847 -12777.1 8.82014
1422000 400.141 -12761.8 -3.40917
1423000 399.71 -12827.2 -3.19665
1424000 398.689 -12793.9 -1.31436
1425000 399.204 -12767.8 0.851368
1426000 399.752 -12799.2 -1.37642
1427000 398.254 -12792.6 2.80481
1428000 400.503 -12690.3 0.393284
1429000 400.634 -12791.2 6.80983
1430000 402.02 -12739.1 -7.92615
1431000 399.259 -12708.2 -0.347781
1432000 400.173 -12786.6 4.85012
1433000 400.328 -12801.5 0.674392
1434000 400.412 -12814.3 -9.60936
1435000 398.715 -12830.7 8.17511
1436000 400.122 -12856.6 1.38105
1437000 397.183 -12794.6 1.9583
1438000 400.445 -12761.6 -8.10193
1439000 399.792 -12769.6 -13.5495
1440000 400.468 -12727.5 9.45417
1441000 401.293 -12705 7.0641
1442000 396.828 -12829.4 -5.60197
1443000 401.543 -12728.1 -2.30024
1444000 401.338 -12708.7 -0.300213
1445000 400.811 -12798.9 -0.827547
1446000 399.779 -12787.5 12.3828
1447000 397.053 -12796.2 -3.3188
1448000 400.576 -12765.8 -3.52746
1449000 399.121 -12786.3 2.97235
1450000 399.968 -12786.2 9.00001
1451000 400.216 -12711.4 2.92557
1452000 399.141 -12792.1 -3.42263
1453000 399.355 -12810.7 18.9666
1454000 401.201 -12754.2 -3.48498
1455000 402.371 -12723.3 -4.29849
1456000 398.555 -12745.9 12.8937
1457000 397.78 -12817.9 -3.87747
1458000 400.581 -12758.6 0.324715
1459000 399.404 -12810.7 2.41006
1460000 399.071 -12752.7 -3.5665
1461000 398.816 -12808.2 11.6594
1462000 399.247 -12763.3 -2.80989
1463000 399.637 -12795.9 0.685952
1464000 399.52 -12786 -2.75558
1465000 399.364 -12726.5 1.58035
1466000 399.264 -12826.1 6.88543
1467000 400.628 -12751.2 -7.93536
1468000 397.458 -12760.2 9.07894
1469000 397.823 -12829.3 6.41835
1470000 401.284 -12789.5 -17.2601
1471000 400.722 -12775.1 3.96054
1472000 399.647 -12747.3 2.08498
1473000 398.759 -12746 1.58135
1474000 398.504 -12782.8 1.25794
1475000 401.756 -12705.8 5.87902
1476000 400.276 -12748.5 -4.45287
1477000 401.531 -12721.1 6.60897
1478000 401.004 -12689.7 11.8295
1479000 399.641 -12755.8 5.31138
1480000 400.205 -12827.4 2.63928
1481000 400.613 -12764.4 -4.53763
1482000 400.005 -12748.8 3.06528
1483000 403.897 -12660.4 2.68349
1484000 398.911 -12844.1 3.30247
1485000 400.031 -12828.1 -3.1282
1486000 400.427 -12774.6 7.21021
1487000 398.987 -12817.2 1.48096
1488000 396.781 -12868 5.49209
1489000 400.54 -12822.1 2.57366
1490000 399.61 -12846.8 1.15609
1491000 397.825 -12864.6 -6.65671
1492000 402.342 -12776.5 5.0728
1493000 399.592 -12802.4 -5.38024
1494000 399.372 -12798.4 3.8609
1495000 399.631 -12750.3 13.933
1496000 400.494 -12733.8 3.36165
1497000 399.82 -12748.1 4.14652
1498000 398.69 -12824.5 3.28741
1499000 399.316 -12717.2 -4.1451
1500000 399.156 -12814.5 -3.27441
1501000 400.681 -12780.9 6.13802
1502000 397.094 -12801.6 6.90273
1503000 399.428 -12769.5 5.66774
1504000 400.24 -12832.5 1.05346
1505000 399.072 -12783.2 -2.50029
1506000 398.945 -12769.7 -8.57887
1507000 399.684 -12820.2 -1.91831
1508000 400.863 -12838.7 -0.382578
1509000 400.652 -12793.9 -7.43204
1510000 397.489 -12794.7 20.2337
1511000 397.722 -12857.9 2.19797
1512000 400.125 -12791 -9.3756
1513000 396.514 -12758.3 -1.58144
1514000 400.428 -12779.1 11.793
1515000 400.038 -12761.6 -7.84449
1516000 399.881 -12797.2 8.90342
1517000 396.486 -12820.5 2.33507
1518000 401.811 -12759.4 -1.87068
1519000 400.757 -12730.1 10.4831
1520000 400.617 -12697.4 -4.84299
1521000 397.738 -12771.2 2.6106
1522000 399.849 -12817.7 -0.442592
1523000 398.456 -12868.8 10.698
1524000 398.622 -12773.4 -4.96199
1525000 400.326 -12724 4.03003
1526000 401.231 -12739.7 5.74141
1527000 400.181 -12755.2 0.617786
1528000 397.626 -12833.5 6.95052
1529000 401.075 -12793.7 0.015409
1530000 400.453 -12779.7 12.0644
1531000 397.326 -12796.6 -3.67341
1532000 399.943 -12796.4 -16.0734
1533000 400.498 -12831.3 15.5365
1534000 401.028 -12800.3 -6.45841
1535000 398.425 -12843.6 -5.54631
1536000 397.946 -12785.3 3.53573
1537000 400.457 -12741.2 9.04816
1538000 400.849 -12762.3 1.25441
1539000 399.097 -12828.2 -12.8976
1540000 399.698 -12801.9 15.1775
1541000 398.705 -12857.4 -7.19878
1542000 400.635 -12784.6 13.4665
1543000 398.634 -12791.2 7.33293
1544000 397.701 -12787.5 4.99682
1545000 399.031 -12780.2 -3.45935
1546000 398.964 -12777.8 -6.34458
1547000 400.253 -12697.9 -2.56343
1548000 398.877 -12770.2 12.4102
1549000 401.633 -12697.1 8.55225
1550000 400.437 -12720.6 4.03974
1551000 402.121 -12683.5 13.3358
1552000 398.121 -12804.3 3.06414
1553000 398.772 -12775.4 -1.61733
1554000 399.258 -12809.9 -0.412521
1555000 399.96 -12779 -2.66351
1556000 401.299 -12782.3 11.4002
1557000 398.185 -12780 0.53888
1558000 401.474 -12760.5 4.92276
1559000 398.158 -12774.6 -0.883457
1560000 400.048 -12713.1 -2.0253
1561000 401.418 -12740.6 -0.813438
1562000 400.085 -12784.2 12.7745
1563000 400.397 -12824.8 8.89959
1564000 398.794 -12784.3 -1.61163
1565000 401.853 -12691.1 12.4089
1566000 401.817 -12760.1 6.7331
1567000 400.435 -12777 7.90587
1568000 400.34 -12799.5 -9.08113
1569000 402.748 -12726.4 1.3146
1570000 399.79 -12779.4 2.08917
1571000 398.266 -12838.9 -0.169693
1572000 401.296 -12749.2 -3.72623
1573000 401.498 -12772.2 12.8996
1574000 400.443 -12829.9 -7.42705
1575000 398.526 -12782.9 -4.04032
1576000 399.897 -12780.9 -4.00288
1577000 401.012 -12751.4 1.98424
1578000 400.76 -12779.9 -11.8654
1579000 400.313 -12769.8 6.29301
1580000 401.143 -12683.4 -2.55587
1581000 402.682 -12704 2.77629
1582000 400.113 -12783.7 -10.4132
1583000 400.01 -12744.8 5.97884
1584000 403.464 -12716.8 2.56563
1585000 398.068 -12830.8 -5.21385
1586000 401.828 -12715.9 -2.45303
1587000 401.098 -12745.6 0.202283
1588000 398.296 -12814.4 1.42747
1589000 397.768 -12759.1 8.70193
1590000 400.5 -12745.1 4.79557
1591000 399.445 -12760.8 -2.954
1592000 399.696 -12739.9 -1.94182
1593000 398.485 -12765.1 9.6173
1594000 400.514 -12709.1 13.6906
1595000 397.697 -12768.7 0.393787
1596000 399.306 -12739 3.38471
1597000 399.756 -12816.9 1.75027
1598000 398.39 -12823 6.21027
1599000 400.279 -12827.4 -10.0661
1600000 398.607 -12781.3 5.54527
1601000 402.607 -12757.9 -0.571116
1602000 399.067 -12798.6 2.07762
1603000 395.274 -12870.9 9.89132
1604000 398.399 -12796.1 -3.81809
1605000 400.425 -12702.6 0.421106
1606000 398.962 -12765.2 2.30062
1607000 400.911 -12716.7 -1.72369
1608000 398.166 -12790.6 3.62748
1609000 399.473 -12782.5 -15.5484
1610000 399.882 -12803.6 20.0945
1611000 400.606 -12794.2 -10.5462
1612000 400.617 -12773.5 4.6687
1613000 401.025 -12752.4 8.03803
1614000 399.279 -12728.6 -9.96243
1615000 399.324 -12774.6 3.58757
1616000 400.352 -12726.4 7.48855
1617000 400.345 -12806.1 8.71901
1618000 398.7 -12795.6 -5.38823
1619000 401.79 -12750.5 9.12454
1620000 397.871 -12733.9 -6.9533
1621000 398.821 -12792.8 8.83101
1622000 400.747 -12736.7 9.62709
1623000 399.628 -12780.7 -13.4815
1624000 399.827 -12791.3 0.0922547
1625000 399.264 -12749.2 -7.1508
1626000 401.699 -12751.8 -10.2411
1627000 395.936 -12815.3 14.4403
1628000 400.709 -12725 -12.2178
1629000 399.611 -12805 1.93314
1630000 399.867 -12791 -12.2433
1631000 399.191 -12749.1 5.62557
1632000 402.33 -12760.7 -0.00605602
1633000 398.361 -12773.5 6.8548
1634000 403.032 -12685.5 -3.01044
1635000 401.22 -12720.4 -12.7383
1636000 398.934 -12793.9 11.2693
1637000 400 -12865.5 8.58835
1638000 401.656 -12787.1 -9.65482
1639000 397.997 -12782.7 4.13079
1640000 401.123 -12834.3 -0.299408
1641000 400.16 -12802.8 4.11184
1642000 402.167 -12737.5 1.12944
1643000 400.894 -12803 -8.15617
1644000 400.738 -12741.9 1.62008
1645000 403.088 -12704.2 -0.58966
1646000 400.114 -12750.8 5.64383
1647000 403.416 -12725.7 -11.0452
1648000 398.455 -12821.2 6.81418
1649000 397.256 -12824.5 -3.73382
1650000 399.67 -12791.9 -6.00164
1651000 399.277 -12744.5 1.9866
1652000 403.597 -12760.8 -5.54356
1653000 399.794 -12826.1 -10.0046
1654000 399.567 -12769.5 4.60284
1655000 402.443 -12736.6 5.25666
1656000 400.68 -12756.9 0.386184
1657000 400.379 -12757.5 -10.6614
1658000 399.876 -12719.5 0.781157
1659000 401.782 -12703.5 0.121204
1660000 401.777 -12766.5 -4.43216
1661000 398.229 -12819.9 18.7268
1662000 400.57 -12715.1 -12.3548
1663000 400.668 -12712.1 -3.19144
1664000 401.191 -12750.4 0.84447
1665000 398.659 -12814.3 6.35891
1666000 399.26 -12810.8 -17.4045
1667000 399.68 -12814.7 16.0949
1668000 401.601 -12754.5 -11.3838
1669000 402.605 -12739.9 1.35328
1670000 401.67 -12749.8 3.24646
1671000 402.191 -12766.9 1.83333
1672000 400.652 -12703.9 -1.4641
1673000 400.034 -12754.4 -2.98544
1674000 399.86 -12721.3 5.11629
1675000 399.061 -12762.6 -4.12395
1676000 401.668 -12733.6 7.06133
1677000 400.746 -12709.3 1.5087
1678000 400.64 -12686.9 -14.521
1679000 397.733 -12800.3 14.7482
1680000 398.29 -12784.3 -4.67604
1681000 399.232 -12787.8 4.91711
1682000 400.28 -12747.3 -7.73856
1683000 399.048 -12810.1 13.9357
1684000 398.172 -12822.7 -6.32311
1685000 399.484 -12736.9 8.63385
1686000 401.249 -12694.3 4.23523
1687000 400.106 -12784 -1.85498
1688000 401.295 -12766.4 15.606
1689000 398.011 -12858.2 -4.97118
1690000 401.378 -12704.4 -7.57428
1691000 400.408 -12762.6 4.09284
1692000 399.064 -12803.6 0.698904
1693000 400.212 -12763.5 -4.62459
1694000 400.905 -12738.8 -5.47664
1695000 398.565 -12829.5 -3.88404
1696000 399.166 -12852 0.858468
1697000 398.544 -12815.4 18.2827
1698000 399.005 -12835 4.32014
1699000 398.424 -12820.4 0.449272
1700000 399.87 -12728.1 4.94056
1701000 400.206 -12800 -1.48192
1702000 400.393 -12773.6 0.893942
1703000 398.054 -12818 5.87909
1704000 400.128 -12765.2 9.82841
1705000 401.197 -12731.7 -11.9329
1706000 399.158 -12826.9 -2.64563
1707000 400.657 -12793.9 6.36688
1708000 399.844 -12765.2 -6.53431
1709000 402.438 -12761.1 -8.08252
1710000 399.205 -12828.6 5.17247
1711000 400.456 -12761.5 -2.61631
1712000 401.229 -12714.1 4.106
1713000 398.594 -12789.5 -13.2493
1714000 399.174 -12859.3 1.67262
1715000 398.674 -12783.3 -6.29934
1716000 400.813 -12729.5 3.56981
1717000 400.068 -12750.9 13.5377
1718000 399.924 -12747.1 -5.52125
1719000 400.352 -12734.4 -5.63192
1720000 401.783 -12781.4 -2.67717
1721000 398.469 -12768.3 1.84389
1722000 398.064 -12735.4 -8.00998
1723000 400.232 -12688.2 9.04263
1724000 403.219 -12697.2 7.62677
1725000 400.405 -12701.2 -5.70642
1726000 399.337 -12745.8 -0.281053
1727000 401.317 -12704.6 21.1002
1728000 401.288 -12793.5 -10.6615
1729000 400.935 -12751.5 12.4187
1730000 402.527 -12742.1 -11.705
1731000 397.454 -12804.9 7.59813
1732000 400.934 -12735.6 14.7803
1733000 399.026 -12846.2 -1.33
1734000 399.076 -12803.8 -0.768863
1735000 401.091 -12692.3 15.5566
1736000 402.63 -12704.9 -7.92915
1737000 400.371 -12728.3 -17.7023
1738000 401.505 -12759.5 13.6158
1739000 400.128 -12836.1 6.34606
1740000 398.942 -12827 -1.86654
1741000 401.518 -12776.2 -0.386573
1742000 400.314 -12789.8 1.73769
1743000 401.513 -12795.3 7.15241
1744000 399.581 -12739.8 4.39443
1745000 398.863 -12772.6 -9.16646
1746000 400.265 -12768.6 -19.9369
1747000 398.857 -12811 6.96676
1748000 398.211 -12869.8 11.6397
1749000 399.95 -12794.4 -5.514
1750000 398.685 -12745.3 11.3568
1751000 402.201 -12652.1 4.28655
1752000 400.242 -12745 0.622709
1753000 400.626 -12777.2 -12.0712
1754000 397.874 -12854.3 -1.00106
1755000 400.304 -12827.4 1.58084
1756000 400.725 -12727.4 6.52142
1757000 402.474 -12683.3 6.33328
1758000 399.254 -12767.9 -1.16298
1759000 399.959 -12779.1 -5.85545
1760000 399.243 -12775.8 1.79774
1761000 401.817 -12730.2 -0.605692
1762000 399.1 -12757.5 3.54586
1763000 401.352 -12741 1.92425
1764000 398.15 -12723.9 -9.24345
1765000 398.696 -12775.1 19.6295
1766000 400.215 -12805.3 2.79458
1767000 399.004 -12792 7.43296
1768000 402.455 -12717.5 -4.01336
1769000 403.316 -12694.3 0.47775
1770000 399.876 -12767.1 -5.37892
1771000 400.277 -12722.9 12.1636
1772000 398.946 -12770.6 1.09504
1773000 402.306 -12680.6 -1.19323
1774000 396.767 -12845.8 -8.30851
1775000 400.635 -12725.8 3.44072
1776000 400.777 -12824.2 0.267202
1777000 399.015 -12795.4 13.266
1778000 399.988 -12781.9 17.8955
1779000 400.862 -12727 -7.65229
1780000 399.66 -12709.5 0.725853
1781000 397.715 -12757.8 -3.82684
1782000 398.527 -12730.9 8.03332
1783000 403.362 -12698.5 -1.48976
1784000 397.759 -12775.6 5.55529
1785000 397.823 -12798.1 -5.61519
1786000 401.404 -12748.2 6.59078
1787000 400.697 -12778.7 -1.48314
1788000 402.329 -12755.4 13.2209
1789000 400.018 -12815.2 -8.39513
1790000 400.711 -12764 -5.02606
1791000 397.969 -12818.7 4.90715
1792000 400.879 -12818.9 5.08019
1793000 397.226 -12918.3 -5.95041
1794000 401.076 -12754.8 4.57183
1795000 397.704 -12811.9 1.0498
1796000 400.293 -12811.2 -2.94573
1797000 403.288 -12703.3 5.57005
1798000 400.627 -12871.3 4.30366
1799000 399.516 -12771.4 0.484833
1800000 398.928 -12820.8 -2.76874
1801000 399.804 -12723.1 2.32642
1802000 402.505 -12776.8 23.8076
1803000 400.063 -12752.9 -5.95157
1804000 397.828 -12729.1 -2.92255
1805000 399.305 -12702.7 -7.14318
1806000 399.868 -12782.1 2.75732
1807000 399.382 -12845.4 9.25818
1808000 400.033 -12803.1 -1.4405
1809000 400.264 -12725.8 11.255
1810000 400.497 -12742 -5.94783
1811000 403.773 -12704.1 -6.27374
1812000 400.635 -12757.2 11.8031
1813000 398.786 -12806.8 3.78327
1814000 401.368 -12729 4.82368
1815000 400.041 -12732.7 13.8046
1816000 401.906 -12754.1 -2.26128
1817000 396.735 -12812.7 -1.99678
1818000 400.103 -12739.7 18.2194
1819000 399.205 -12778.9 -6.94107
1820000 402.536 -12677.4 7.97328
1821000 397.656 -12794.7 8.58935
1822000 398.632 -12791.2 7.44333
1823000 399.296 -12843.8 9.22848
1824000 399.185 -12804.8 4.19028
1825000 402.416 -12770.1 9.27443
1826000 399.317 -12780.9 -17.3327
1827000 400.796 -12719.9 -6.55758
1828000 398.54 -12825.4 4.08446
1829000 397.785 -12742.2 7.67263
1830000 400.439 -12800.2 -7.06338
1831000 398.464 -12785.5 2.44309
1832000 400.928 -12720.9 14.4641
1833000 401.673 -12785.9 9.63191
1834000 402.365 -12754.9 4.4106
1835000 401.186 -12734.2 -9.42037
1836000 400.734 -12781.1 -1.05296
1837000 399.067 -12834.2 3.2431
1838000 396.356 -12851.8 -3.98634
1839000 399.586 -12722.5 -3.37567
1840000 400.932 -12716.9 7.01925
1841000 397.72 -12852.5 -22.4138
1842000 399.105 -12836 16.2829
1843000 400.279 -12763.8 -7.98179
1844000 401.172 -12729.7 -0.83502
1845000 398.11 -12829.3 -15.9787
1846000 400.946 -12733.1 -0.517311
1847000 398.984 -12818.5 2.09422
1848000 398.262 -12747 16.573
1849000 398.756 -12776.1 3.67035
1850000 398.617 -12770.7 -4.13008
1851000 402.151 -12727.5 10.7522
1852000 400.271 -12761.9 2.6852
1853000 402.029 -12765.7 -1.26523
1854000 400.011 -12740.9 8.86601
1855000 400.946 -12702.6 -0.174846
1856000 398.803 -12741.9 -0.352481
1857000 399.183 -12735.9 -6.92035
1858000 400.94 -12780.1 6.6096
1859000 401.746 -12754.1 -1.00414
1860000 399.209 -12762 -3.39218
1861000 401.85 -12784.8 -2.5641
1862000 397.696 -12799.7 9.27658
1863000 399.748 -12798.5 6.46671
1864000 399.878 -12778 3.66667
1865000 400.107 -12802.5 -8.20318
1866000 398.018 -12779.9 1.09954
1867000 400.677 -12789.4 -1.02938
1868000 398.871 -12799 -3.39399
1869000 400.736 -12742.2 7.16383
1870000 398.436 -12809.6 -5.08549
1871000 399.254 -12777.7 -2.49617
1872000 400.883 -12849.3 18.8006
1873000 400.84 -12719.1 1.45315
1874000 398.959 -12776.1 4.18713
1875000 398.555 -12834.1 7.69947
1876000 400.261 -12788.3 -10.9182
1877000 401.413 -12742.6 3.39894
1878000 398.898 -12732.1 -1.65744
1879000 400.998 -12717.7 -6.69874
1880000 400.761 -12767.1 15.6271
1881000 400.258 -12766.1 -8.66533
1882000 400.545 -12745.8 9.63796
1883000 399.686 -12767.3 -21.6592
1884000 398.836 -12802.9 7.55712
1885000 398.529 -12798.6 8.86078
1886000 398.79 -12808 -0.00278704
1887000 399.299 -12782.8 1.00838
1888000 396.789 -12823.1 6.20224
1889000 401 -12718 2.31986
1890000 400.206 -12762.2 0.123797
1891000 398.705 -12801.4 -7.48219
1892000 398.714 -12816.3 14.1457
1893000 401.158 -12698.4 -7.82592
1894000 400.402 -12813 15.8152
1895000 401.288 -12712.3 -0.294205
1896000 400.475 -12762.6 -0.429081
1897000 400.112 -12775.4 1.23695
1898000 400.935 -12813.2 -4.30102
1899000 403.088 -12750.1 5.35939
1900000 399.699 -12720.5 -4.44532
1901000 402.293 -12718.7 4.01509
1902000 398.858 -12837.1 4.81104
1903000 400.33 -12805.2 12.5441
1904000 400.428 -12640.2 4.45802
1905000 401.937 -12661.6 4.57266
1906000 402.473 -12765 1.53907
1907000 398.487 -12732.1 2.60225
1908000 399.406 -12744.2 1.08412
1909000 399.901 -12787.4 1.04925
1910000 402.237 -12771.2 -2.68561
1911000 400.119 -12748.2 5.53012
1912000 398.787 -12811.2 5.76091
1913000 400.524 -12740.9 3.80491
1914000 399.506 -12755 10.0183
1915000 398.388 -12768 -18.7512
1916000 402.17 -12719.8 -1.74349
1917000 404.223 -12718.4 3.12885
1918000 400.422 -12750.6 2.65571
1919000 399.647 -12776.5 4.29783
1920000 400.171 -12716 3.1497
1921000 398.957 -12781.4 15.1789
1922000 402.253 -12740.9 -16.9307
1923000 399.339 -12828.1 5.33465
1924000 398.939 -12799.4 -8.84289
1925000 400.589 -12737.6 2.65253
1926000 397.656 -12815.6 7.98906
1927000 399.635 -12813.4 4.49935
1928000 400.732 -12757.1 -0.875617
1929000 401.961 -12698.3 -0.125488
1930000 402.209 -12730.1 -3.61796
1931000 400.395 -12760.8 12.542
1932000 401.066 -12771.4 -10.7938
1933000 401.075 -12710.7 -0.611214
1934000 402.881 -12676.1 1.42344
1935000 401.792 -12719 14.9242
1936000 397.884 -12788.8 -5.05355
1937000 400.643 -12843.6 -3.87358
1938000 401.401 -12805.6 4.86694
1939000 401.537 -12795.6 8.17972
1940000 400.095 -12710.4 -0.15478
1941000 401.707 -12713 4.40947
1942000 400.966 -12746.4 0.401905
1943000 397.525 -12829.6 3.80702
1944000 398.684 -12815.2 8.4714
1945000 401.518 -12748.3 2.06631
1946000 402.653 -12740.5 -8.31974
1947000 400.075 -12770.6 9.23876
1948000 402.566 -12725 -10.8646
1949000 400.996 -12715.5 8.07268
1950000 401.238 -12764.5 -4.68833
1951000 396.847 -12830.7 -2.60283
1952000 398.727 -12787.5 13.6544
1953000 400.509 -12754.4 -3.29992
1954000 403.947 -12759.8 4.07773
1955000 400.46 -12723 15.2694
1956000 397.916 -12839.6 -6.37119
1957000 399.51 -12768.3 0.188496
1958000 399.527 -12726.1 -9.30579
1959000 399.052 -12763.8 6.89168
1960000 398.481 -12779.7 -0.338868
1961000 401.631 -12728.1 4.27747
1962000 398.63 -12781.5 7.77716
1963000 400.354 -12732.2 1.73647
1964000 399.73 -12695.8 4.28229
1965000 399.589 -12789.4 5.13033
1966000 401.146 -12779.5 7.75865
1967000 400.261 -12781.5 0.64483
1968000 397.992 -12802.8 5.78896
1969000 401.261 -12779.6 -7.52593
1970000 402.95 -12739.7 -4.07587
1971000 401.181 -12786.1 -4.15565
1972000 398.328 -12777.4 15.3602
1973000 401.683 -12774.1 1.63923
1974000 397.764 -12811.1 0.0681517
1975000 397.846 -12846 -5.86349
1976000 398.896 -12819.6 16.9588
1977000 403.234 -12691 -4.74436
1978000 399.817 -12743.2 -6.98548
1979000 398.918 -12768.5 -1.48724
1980000 397.059 -12799.6 6.63075
1981000 399.821 -12831.9 -10.6418
1982000 400.27 -12819.9 -4.95768
1983000 401.316 -12729.3 -0.694497
1984000 400.492 -12710.2 2.51199
1985000 400.811 -12743.5 6.13556
1986000 401.292 -12783.4 3.48486
1987000 398.182 -12824 7.27048
1988000 400.959 -12751.9 -8.09878
1989000 400.175 -12721.2 0.545079
1990000 401.981 -12712.2 3.82159
1991000 399.559 -12760.9 1.45337
1992000 400.424 -12724 0.0165044
1993000 401.147 -12758.3 5.17715
1994000 397.806 -12764.2 -0.502197
1995000 399.275 -12728.7 14.7766
1996000 401.043 -12708.5 0.379378
1997000 396.47 -12834.4 -4.64578
1998000 400.228 -12817.3 5.67906
1999000 400.943 -12768.3 8.99809
2000000 402.16 -12677.5 4.35075
2001000 399.014 -12768.9 -3.45177
2002000 399.619 -12740.9 8.03562
2003000 400.981 -12781.8 2.59612
2004000 397.103 -12835.9 6.22177
2005000 401.03 -12786.4 -3.94215
2006000 399.364 -12863.1 -2.20119
2007000 399.813 -12721 9.42638
2008000 398.638 -12728.9 -3.361
2009000 399.146 -12861.4 2.60535
2010000 398.844 -12818.2 10.7848
2011000 398.974 -12797.5 7.42206
2012000 399.045 -12805.1 -6.96988
2013000 398.781 -12829.7 8.96096
2014000 400.888 -12784.2 -15.2045
2015000 400.709 -12815.9 3.17795
2016000 396.823 -12794.6 -14.8905
2017000 400.129 -12829.6 4.01135
2018000 398.641 -12827.3 12.2692
2019000 398.529 -12827.2 -1.78999
2020000 399.911 -12775.7 2.19592
2021000 400.224 -12716.1 7.03541
2022000 398.96 -12716 21.0128
2023000 400.865 -12766.6 -15.2266
2024000 400.108 -12840.8 9.03349
2025000 399.457 -12756.9 4.74069
2026000 397.976 -12828 3.56491
2027000 399.318 -12789.5 -9.42839
2028000 401.178 -12783.9 12.6825
2029000 398.235 -12807.8 2.3006
2030000 398.96 -12797.1 -5.96131
2031000 399.499 -12871 -0.151476
2032000 399.816 -12794.6 8.75709
2033000 401.655 -12730.3 -5.09786
2034000 399.201 -12790.2 2.81105
2035000 399.311 -12745.7 -1.15769
2036000 399.977 -12801.8 -2.21839
2037000 401.588 -12757.1 7.25543
2038000 399.916 -12747.3 -5.52166
2039000 401.616 -12736.7 9.15703
2040000 400.322 -12768.1 9.40178
2041000 397.049 -12807.1 -0.495232
2042000 400.683 -12735.1 -3.76104
2043000 399.27 -12738.5 -5.33094
2044000 399.31 -12792.2 -7.08348
2045000 399.718 -12778.6 4.20837
2046000 400.901 -12736.5 11.7834
2047000 399.843 -12702.3 -1.13975
2048000 400.328 -12792.2 13.1143
2049000 397.017 -12799.5 -5.55951
2050000 399.674 -12775.5 13.7878
2051000 399.334 -12757.3 -6.10936
2052000 399.383 -12750.2 2.30194
2053000 401.781 -12772.6 6.75634
2054000 398.453 -12868.1 -2.39435
2055000 398.493 -12787.7 -5.85078
2056000 401.401 -12725.1 7.11512
2057000 399.305 -12801.7 -1.87044
2058000 398.523 -12783.6 0.900596
2059000 401.08 -12762 1.12361
2060000 401.85 -12756.7 -3.06211
2061000 398.947 -12818.1 6.04755
2062000 400.531 -12800.9 -7.2834
2063000 399.942 -12801.5 8.23202
2064000 397.788 -12796.4 1.49418
2065000 397.774 -12822.2 8.20501
2066000 398.392 -12764.9 2.80332
2067000 401.182 -12672.9 5.53424
2068000 398.862 -12822.9 -5.95427
2069000 397.863 -12745.2 -10.5364
2070000 398.964 -12751 6.96981
2071000 401.386 -12737.2 2.46547
2072000 398.549 -12848.9 7.33811
2073000 399.796 -12793.1 -4.83085
2074000 400.099 -12756.6 -0.327855
2075000 399.394 -12811.7 1.13273
2076000 402.937 -12711.3 -1.8993
2077000 399.864 -12818.6 13.2361
2078000 400.507 -12862.8 -11.9613
2079000 400.068 -12703 1.58146
2080000 400.741 -12707 3.80957
2081000 402.837 -12731.8 5.83527
2082000 400.869 -12746.8 -8.09823
2083000 399.717 -12711.4 2.54677
2084000 401.306 -12715.5 -1.8936
2085000 399.932 -12739.5 -6.52614
2086000 399.741 -12794.4 0.810555
2087000 400.964 -12760.1 -7.75456
2088000 399.577 -12788.1 14.3457
2089000 398.467 -12774.6 -3.66221
2090000 400.021 -12733.1 8.47125
2091000 400.96 -12739.5 0.0584177
2092000 400.54 -12795.3 -4.55821
2093000 401.022 -12685.2 -2.19201
2094000 401.325 -12688.6 -1.35166
2095000 398.991 -12837.8 8.69158
2096000 400.292 -12802.1 -13.8211
2097000 398.879 -12794 22.9096
2098000 402.021 -12756 -18.1867
2099000 401.712 -12688.1 2.49151
2100000 400.069 -12745.4 0.0507529
2101000 399.899 -12786.9 -6.39643
2102000 400.446 -12751.5 -9.80636
2103000 398.221 -12838 22.2701
2104000 399.398 -12797.5 -16.7269
2105000 400.019 -12828.1 14.2591
2106000 400.145 -12784.7 -5.41765
2107000 400.33 -12793.4 -2.84577
2108000 401.131 -12767.8 -0.903182
2109000 398.42 -12744.4 0.0957742
2110000 399.435 -12789.5 3.27087
2111000 400.589 -12777.2 -3.56228
2112000 399.693 -12740.7 2.53465
2113000 403.929 -12732.5 4.61818
2114000 400.637 -12774.6 -4.73843
2115000 397.679 -12866.4 -3.20745
2116000 400.256 -12828.3 8.11221
2117000 401.231 -12752.5 1.80156
2118000 400.188 -12754.2 -1.80809
2119000 398.731 -12755.2 20.4929
2120000 400.911 -12789 -2.51259
2121000 400.005 -12778.2 -0.508832
2122000 397.62 -12837.4 5.22576
2123000 398.501 -12792.4 -3.09943
2124000 402.413 -12734.8 -6.84706
2125000 400.505 -12746 -1.07809
2126000 400.858 -12729.7 -3.26469
2127000 398.723 -12844.1 -9.16812
2128000 401.718 -12696.4 7.61032
2129000 397.7 -12815.8 8.17137
2130000 401.222 -12807 -1.60001
2131000 401.044 -12798.6 3.12634
2132000 401.573 -12704.8 -4.9116
2133000 401.263 -12771.9 -5.78785
2134000 400.287 -12752.5 7.18121
2135000 402.304 -12689.6 -2.74008
2136000 400.335 -12789.4 1.96911
2137000 399.367 -12755.7 -2.91065
2138000 401.634 -12739.4 0.9013
2139000 400.107 -12816.9 9.20929
2140000 400.017 -12815.7 2.84168
2141000 401.081 -12699.5 -7.50883
2142000 399.317 -12743.5 12.3668
2143000 401.16 -12723.5 2.50235
2144000 399.675 -12784.2 11.5125
2145000 397.865 -12755.7 -8.5128
2146000 401.816 -12718.2 -4.61434
2147000 401.209 -12786.5 -6.10674
2148000 400.764 -12747.1 15.9909
2149000 400.981 -12760 5.86877
2150000 402.228 -12692.4 -4.02145
2151000 402.531 -12653.4 13.6249
2152000 401.74 -12689.6 -3.15618
2153000 399.775 -12799 -4.37499
2154000 397.908 -12814.6 17.536
2155000 396.351 -12845.2 -2.20187
2156000 402.539 -12696.6 6.04794
2157000 400.27 -12757.1 25.2003
2158000 401.919 -12709.1 -7.98459
2159000 398.947 -12862.4 1.39707
2160000 398.263 -12787 9.82907
2161000 402.36 -12772.6 3.53407
2162000 400.502 -12710.8 -1.07818
2163000 397.917 -12767.8 7.24494
2164000 402.411 -12721.5 -0.32515
2165000 400.356 -12777.4 -12.5583
2166000 398.566 -12853.9 10.2926
2167000 399.04 -12880.6 4.14775
2168000 402.011 -12721.7 -8.63221
2169000 401.053 -12755.9 7.49059
2170000 397.309 -12830.7 21.8807
2171000 400.755 -12783.3 -18.2842
2172000 401.554 -12722.7 7.03029
2173000 399.874 -12815.2 -2.7458
2174000 396.58 -12845.1 2.44284
2175000 399.742 -12783.1 -2.84594
2176000 399.315 -12758.2 -2.46029
2177000 402.156 -12780.7 -6.65071
2178000 399.753 -12784.2 -4.56336
2179000 399.315 -12820.9 14.5492
2180000 400.255 -12790.5 -1.29552
2181000 401.647 -12775.3 8.43337
2182000 400.263 -12720.6 3.11417
2183000 401.224 -12799.6 0.56329
2184000 397.511 -12764.6 -5.2414
2185000 400.335 -12853.7 -0.566144
2186000 401.762 -12781 -1.85917
2187000 397.211 -12842.9 6.90275
2188000 399.042 -12827 2.99816
2189000 398.047 -12847.4 -8.63099
2190000 400.454 -12782.5 3.91268
2191000 400.569 -12738.4 -8.90291
2192000 399.052 -12764.9 -9.89779
2193000 400.192 -12753.1 6.03993
2194000 397.987 -12822.7 -16.4723
2195000 400.005 -12871.3 2.94137
2196000 399.13 -12815.3 -6.99315
2197000 400.723 -12790.6 6.97414
2198000 398.162 -12810.8 4.39224
2199000 399.306 -12796.7 -0.716473
2200000 401.649 -12809.3 -0.422042
2201000 399.278 -12832.5 0.0892575
2202000 399.351 -12787.7 4.11112
2203000 402.105 -12719.2 -3.21368
2204000 399.727 -12796.9 6.87413
2205000 400.226 -12777.3 -10.5382
2206000 398.006 -12791.6 2.34307
2207000 399.723 -12720.9 4.06385
2208000 397.312 -12827.4 12.287
2209000 400.891 -12728.5 3.64597
2210000 402.357 -12762.5 -2.9099
2211000 399.869 -12736.6 -2.0969
2212000 399.699 -12769.7 0.770761
2213000 398.78 -12793.2 -6.4694
2214000 399.63 -12767.6 9.44166
2215000 401.167 -12759.4 9.90432
2216000 399.068 -12822.4 -1.83325
2217000 401.428 -12789.8 -3.40781
2218000 400.303 -12740.5 -13.6787
2219000 400.061 -12725.5 11.1587
2220000 397.323 -12727.8 8.36748
2221000 401.651 -12796.8 3.20825
2222000 399.873 -12819.4 -0.900976
2223000 398.917 -12812.6 6.66975
2224000 397.441 -12743.1 11.9006
2225000 399.931 -12716.8 -7.06864
2226000 398.857 -12734.5 7.92936
2227000 400.428 -12770.3 1.59944
2228000 400.706 -12739.1 -4.08611
2229000 399.964 -12767.8 14.4039
2230000 401.249 -12750.6 -0.861827
2231000 397.467 -12837.9 -1.30068
2232000 401.367 -12762.3 2.0116
2233000 400.533 -12752.1 9.09079
2234000 400.677 -12756.8 6.02685
2235000 402.148 -12728.3 -8.88143
2236000 401.747 -12744.4 -15.4116
2237000 399.694 -12767.9 7.84148
2238000 400.744 -12754.5 0.684193
2239000 401.513 -12773.4 7.65939
2240000 402.37 -12704.3 -9.96945
2241000 402.394 -12726.1 -2.62739
2242000 401.559 -12739.1 -5.30347
2243000 398.022 -12819.2 -3.96963
2244000 401.192 -12833.5 9.77701
2245000 399.47 -12798.7 -7.60168
2246000 400.875 -12709.1 2.54382
2247000 403.314 -12742.4 4.76217
2248000 398.398 -12750.1 -0.720594
2249000 400.537 -12760.7 5.37706
2250000 401.025 -12765.3 -1.04379
2251000 402.234 -12716.4 10.5004
2252000 400.912 -12731.6 -0.353203
2253000 403.246 -12685.2 -6.43881
2254000 401.615 -12713.3 4.11117
2255000 400.267 -12765.9 -6.70058
2256000 398.375 -12808.3 3.03074
2257000 400.812 -12778.1 9.07283
2258000 397.459 -12799.6 -0.254643
2259000 402.005 -12770.8 3.99436
2260000 399.014 -12778 7.27341
2261000 399.215 -12769 -6.50455
2262000 397.863 -12825.1 2.34345
2263000 400.424 -12752.6 -6.63113
2264000 397.636 -12841.4 10.22
2265000 399.114 -12828.9 3.73661
2266000 397.812 -12854.3 -9.3293
2267000 401.499 -12758.3 7.03614
2268000 398.41 -12783.3 0.91861
2269000 401.283 -12736.7 -13.1743
2270000 400.119 -12743.1 7.63287
2271000 399.732 -12833.4 13.8518
2272000 396.247 -12857.3 -1.82742
2273000 400.992 -12798 -9.47662
2274000 400.821 -12773.9 11.6304
2275000 397.564 -12772.9 9.70367
2276000 400.622 -12708.1 16.2146
2277000 403.181 -12709.9 -15.8009
2278000 398.903 -12830.4 8.95002
2279000 398.977 -12801.5 -14.9664
2280000 400.597 -12779.3 12.521
2281000 398.771 -12748.8 3.6661
2282000 400.248 -12724.6 -0.950653
2283000 398.622 -12722.2 3.36217
2284000 402.525 -12780.3 -0.699032
2285000 399.424 -12757.5 0.777889
2286000 399.668 -12763.4 3.75855
2287000 400.098 -12795.8 1.70102
2288000 398.758 -12810.5 -3.94724
2289000 399.856 -12830.1 -0.515254
2290000 400.925 -12721.6 4.30565
2291000 400.795 -12789.1 0.537043
2292000 399.186 -12779.6 10.8207
2293000 398.637 -12763.1 -4.54619
2294000 400.487 -12738 7.22682
2295000 399.464 -12759.7 -4.98322
2296000 401.306 -12797.7 -7.76466
2297000 397.017 -12813.5 8.20652
2298000 400.025 -12793.4 5.67412
2299000 399.725 -12826.5 11.6944
2300000 401.546 -12719.2 -8.49187
2301000 400.166 -12795.3 2.74354
2302000 399.438 -12820.3 1.97815
2303000 402.161 -12685.8 -8.80905
2304000 398.004 -12751.1 4.35536
2305000 400.831 -12762.5 4.75165
2306000 400.114 -12790.6 5.88867
2307000 400.538 -12688.1 -5.43378
2308000 399.072 -12773.8 -15.1637
2309000 400.9 -12796.8 0.0836609
2310000 398.69 -12842.3 -4.75304
2311000 400.206 -12829.5 1.28848
2312000 399.143 -12841.2 -10.4415
2313000 401.62 -12817.5 7.65769
2314000 400.022 -12742 7.33077
2315000 401.387 -12735.5 -4.99054
2316000 400.891 -12670 -9.47839
2317000 396.924 -12782.9 2.97973
2318000 399.89 -12783.5 3.16808
2319000 399.657 -12751.9 18.0338
2320000 401.024 -12688.4 1.58126
2321000 399.381 -12776.4 -10.3135
2322000 401.272 -12739 11.3156
2323000 400.316 -12780.5 4.21462
2324000 399.748 -12775.8 -1.41494
2325000 399.176 -12781.5 8.39086
2326000 402.301 -12738.5 -7.44422
2327000 399.519 -12765.6 -1.82604
2328000 399.342 -12772.4 2.15972
2329000 401.451 -12773.7 5.0671
2330000 398.731 -12714.8 -1.96847
2331000 400.779 -12783.3 -4.63311
2332000 402.095 -12748.8 7.24477
2333000 400.746 -12739.3 9.70271
2334000 401.957 -12674.8 -4.09229
2335000 401.558 -12751.3 -10.9336
2336000 401.813 -12722.5 -7.21446
2337000 399.069 -12729.1 5.43485
2338000 401.606 -12783.7 -13.0634
2339000 399.971 -12779.9 5.2609
2340000 399.993 -12766.4 -8.37744
2341000 400.828 -12753.7 -4.90263
2342000 398.348 -12786.8 9.17586
2343000 400.938 -12774.4 0.97812
2344000 399.623 -12743.8 7.95507
2345000 395.943 -12844 -6.12299
2346000 399.316 -12705.2 10.0261
2347000 398.035 -12818.6 4.79117
2348000 401.377 -12746.5 6.83518
2349000 398.035 -12838.4 -7.63946
2350000 398.805 -12750.5 10.0923
2351000 399.413 -12814.2 -1.41023
2352000 398.221 -12816.1 10.601
2353000 400.121 -12766.2 2.27625
2354000 401.433 -12783.9 4.8849
2355000 399.49 -12751.5 -7.68165
2356000 400.768 -12766.9 10.5389
2357000 398.713 -12798 -5.0442
2358000 400.434 -12805.5 -0.503349
2359000 400.108 -12763.2 3.3201
2360000 402.346 -12707.3 5.25193
2361000 399.749 -12747.5 1.37455
2362000 401.386 -12746.1 4.032
2363000 402.356 -12713.7 -14.0315
2364000 398.358 -12779.1 2.9487
2365000 399.061 -12764.6 0.564192
2366000 401.002 -12761 -9.46564
2367000 398.707 -12862.6 8.50572
2368000 399.051 -12806.2 6.05689
2369000 400.153 -12716.6 -10.9306
2370000 400.353 -12732.9 13.2174
2371000 400.167 -12781.5 -0.440747
2372000 400.227 -12803.5 -3.65024
2373000 399.436 -12784.9 1.38795
2374000 399.966 -12864.5 1.29278
2375000 398.839 -12731.2 -15.2689
2376000 402.377 -12704.5 6.9914
2377000 399.406 -12810.2 9.29349
2378000 400.427 -12799 -8.0793
2379000 401.06 -12799.9 7.98491
2380000 401.508 -12707.6 -23.824
2381000 399.49 -12729.1 14.7497
2382000 399.531 -12821.3 7.20564
2383000 401.016 -12768.5 -4.76748
2384000 400.808 -12677.9 3.86629
2385000 400.114 -12723.2 -3.74315
2386000 401.042 -12706 1.05431
2387000 399.481 -12808.7 2.83815
2388000 400.131 -12770.5 -6.03979
2389000 399.933 -12787.4 5.31642
2390000 400.787 -12805.7 4.76363
2391000 400.347 -12695.8 7.41245
2392000 400.528 -12684.9 1.83998
2393000 401.861 -12731.2 11.3171
2394000 400.561 -12744.8 -6.65651
2395000 399.799 -12802.6 11.4036
2396000 398.742 -12801.1 -9.37608
2397000 399.925 -12747 2.77199
2398000 398.839 -12757.9 -5.97449
2399000 399.036 -12811.2 6.4879
2400000 399.002 -12791.7 4.05597
2401000 398.891 -12780.7 -2.64599
2402000 401.183 -12792.2 -10.9113
2403000 398.741 -12766.7 4.19161
2404000 400.191 -12789.6 7.77209
2405000 398.106 -12751.6 1.07104
2406000 399.972 -12769.7 1.32586
2407000 399.925 -12811.3 17.2869
2408000 396.816 -12827.7 -2.51522
2409000 402.504 -12699 -0.816537
2410000 397.81 -12741.7 -6.72961
2411000 403.7 -12743.2 -5.69863
2412000 401.77 -12692.2 -5.98793
2413000 401.929 -12702.9 -7.22961
2414000 401.412 -12681.8 15.969
2415000 401.953 -12696.9 -9.53742
2416000 398.066 -12882.2 16.8287
2417000 399.28 -12804.1 0.479255
2418000 398.197 -12827.3 -4.01244
2419000 398.961 -12847.5 1.96976
2420000 397.854 -12834.1 -7.94371
2421000 399.927 -12739.7 4.43873
2422000 400.47 -12803.8 6.62091
2423000 398.863 -12769.4 -4.60712
2424000 399.521 -12834.3 -1.4374
2425000 401.745 -12771.4 -4.24312
2426000 399.103 -12826.3 -0.388099
2427000 399 -12838.2 -4.11882
2428000 400.281 -12708.9 2.27602
2429000 401.274 -12778.8 1.1142
2430000 398.514 -12775.4 -3.25863
2431000 400.412 -12779.4 12.4623
2432000 400.828 -12713.3 8.51391
2433000 398.949 -12783.4 0.29717
2434000 400.291 -12775.9 -3.21858
2435000 397.496 -12790.5 -0.707649
2436000 399.342 -12782.4 0.23778
2437000 399.941 -12745.6 -0.857646
2438000 400.497 -12739.3 20.033
2439000 400.242 -12799.6 -8.97631
2440000 398.209 -12811.9 4.9927
2441000 401.573 -12709.4 1.20962
2442000 402.043 -12728.1 -7.42872
2443000 399.636 -12734.3 8.1777
2444000 399.249 -12783.3 4.46833
2445000 397.46 -12839.2 2.88535
2446000 399.712 -12802 -1.27806
2447000 400.665 -12783.2 10.1437
2448000 399.61 -12740.9 -2.58147
2449000 401.695 -12722.1 7.23128
2450000 400.863 -12777.4 -1.84865
2451000 396.906 -12900.8 3.23146
2452000 399.351 -12804.5 8.99244
2453000 401.108 -12733.2 -9.44235
2454000 399.893 -12722.7 4.83664
2455000 400.897 -12728.4 2.21052
2456000 397.818 -12773.4 1.47521
2457000 399.647 -12764.9 4.03067
2458000 396.878 -12801.6 -1.03817
2459000 402.999 -12762.6 -10.7893
2460000 397.803 -12815.8 13.1603
2461000 398.476 -12784.3 -5.1647
2462000 400.61 -12773.9 -0.107888
2463000 397.322 -12796.8 -4.28155
2464000 399.851 -12740.1 11.0013
2465000 401.04 -12712.3 1.38932
2466000 400.53 -12727.2 -3.50981
2467000 400.967 -12723.8 14.1943
2468000 399.866 -12823.3 6.60711
2469000 399.767 -12725.5 0.143537
2470000 400.192 -12730 -4.00692
2471000 400.849 -12744.6 -12.7246
2472000 398.549 -12769.9 -9.79349
2473000 397.914 -12836.7 -3.91842
2474000 401.517 -12799.3 -13.3835
2475000 399.963 -12798.1 14.2284
2476000 398.139 -12771.3 2.36066
2477000 400.374 -12717.4 6.1635
2478000 400.225 -12813.5 11.2412
2479000 399.38 -12738.6 -5.76628
2480000 398.871 -12721.6 -0.182984
2481000 401.344 -12767.8 -3.78202
2482000 399.031 -12757.3 2.85667
2483000 399.494 -12723.1 -6.65208
2484000 399.511 -12785 -0.0236895
2485000 397.083 -12720.1 4.48428
2486000 401.584 -12733.8 3.41353
2487000 400.157 -12740.7 -1.21324
2488000 398.506 -12786.5 2.63269
2489000 401.919 -12720 1.17201
2490000 401.491 -12718 2.87047
2491000 399.25 -12690.4 0.429007
2492000 401.173 -12786.3 10.9885
2493000 398.418 -12795.6 -0.0903379
2494000 400.565 -12752.8 -4.76183
2495000 398.835 -12816.2 11.7692
2496000 399.678 -12785.8 2.98301
2497000 401.065 -12696.8 1.88898
2498000 400.683 -12740.9 3.847
2499000 400.564 -12712.8 -10.5983
2500000 398.645 -12736.5 12.643
2501000 401.127 -12696.3 -19.4842
2502000 400.292 -12772.7 13.1863
2503000 400.007 -12809.3 -13.643
2504000 400.414 -12811.6 8.34177
2505000 400.309 -12793.2 10.048
2506000 398.343 -12826.9 3.59268
2507000 400.538 -12784.5 0.384023
2508000 401.073 -12731.6 -2.82469
2509000 400.278 -12770.1 -8.37034
2510000 400.321 -12783.2 -6.43807
2511000 398.289 -12775.3 14.956
2512000 398.244 -12803.8 1.24299
2513000 399.791 -12778 12.2148
2514000 398.789 -12820.7 3.83298
2515000 399.282 -12769.3 -6.57208
2516000 396.63 -12818.3 9.73524
2517000 398.994 -12830.5 2.31027
2518000 400.182 -12770.5 8.5064
2519000 400.448 -12767.5 -5.95693
2520000 400.796 -12804 3.19293
2521000 399.273 -12762.9 12.5998
2522000 400.001 -12800.1 2.3733
2523000 401.583 -12786 -19.1014
2524000 400.245 -12730.8 3.09674
2525000 399.043 -12808.8 13.1226
2526000 400.45 -12731.6 -11.5088
2527000 401.728 -12657.7 14.8305
2528000 400.117 -12834.8 -3.55299
2529000 400.362 -12778.8 -3.11204
2530000 399.901 -12822.9 7.87243
2531000 400.925 -12762.6 -7.04132
2532000 401.489 -12770.1 -19.3223
2533000 401.892 -12734.6 10.7528
2534000 397.617 -12798.9 11.6688
2535000 398.791 -12760 2.40663
2536000 398.156 -12816.5 -2.90619
2537000 400.019 -12786.6 -1.01101
2538000 398.944 -12831.7 1.47151
2539000 398.839 -12812 6.51984
2540000 401.518 -12824.1 -5.35211
2541000 400.047 -12788.1 3.07874
2542000 399.49 -12769 -2.49847
2543000 398.608 -12809.6 -18.197
2544000 398.857 -12823.5 23.646
2545000 400.289 -12815.5 -15.5808
2546000 397.579 -12788.2 7.12619
2547000 400.414 -12779.6 -4.94446
2548000 399.054 -12799.7 -1.12458
2549000 398.672 -12796.5 -11.5794
2550000 399.276 -12724.3 13.1737
2551000 398.612 -12784.8 -16.0432
2552000 397.164 -12817 -2.77415
2553000 399.159 -12817.2 -20.3399
2554000 398.815 -12815.3 18.0137
2555000 399.874 -12756.2 -2.18738
2556000 401.732 -12717.8 6.49084
2557000 398.978 -12799.4 -0.90975
2558000 400.238 -12711.8 -13.8334
2559000 401.311 -12822.1 7.92142
2560000 399.258 -12830.5 1.77482
2561000 400.772 -12720.9 -0.498639
2562000 398.655 -12775.8 4.57595
2563000 400.835 -12752.8 9.44338
2564000 402.231 -12652.5 -9.561
2565000 401.971 -12723.7 -12.1568
2566000 399.772 -12811.5 12.0546
2567000 397.477 -12817.5 -1.12857
2568000 400.74 -12773.9 6.38708
2569000 400.871 -12764.1 -0.801892
2570000 401.048 -12731.4 -4.74176
2571000 401.816 -12712.1 17.22
2572000 398.306 -12743.4 -9.00378
2573000 399.288 -12786.2 -2.12384
2574000 400.187 -12739.3 7.27891
2575000 398.947 -12739.9 -13.3272
2576000 401.296 -12736.9 9.99087
2577000 399.143 -12782.8 -2.81812
2578000 399.493 -12737.4 5.14806
2579000 399.934 -12695.1 -5.19271
2580000 399.956 -12759.1 10.7777
2581000 399.128 -12762 5.18229
2582000 399.903 -12788.4 -0.220803
2583000 398.333 -12801 2.9281
2584000 400.701 -12753.2 3.54639
2585000 399.499 -12758.7 4.21314
2586000 400.117 -12804.6 1.14467
2587000 402.414 -12714.7 -18.6319
2588000 399.62 -12806 11.2437
2589000 399.645 -12779.2 -2.65648
2590000 399.391 -12768.7 10.9197
2591000 402.356 -12715.8 -3.92048
2592000 399.091 -12814.8 -1.18788
2593000 401.171 -12749.2 7.0735
2594000 402.225 -12730.7 -6.49769
2595000 401.065 -12677.7 3.50296
2596000 398.84 -12788.2 8.08424
2597000 398.675 -12798.2 -6.40881
2598000 401.032 -12769.6 12.1704
2599000 401.235 -12730.9 -11.9891
2600000 400.844 -12766.4 13.1676
2601000 399.975 -12723.7 -16.8965
2602000 402.37 -12691.5 8.78327
2603000 400.852 -12816 -1.50679
2604000 401.7 -12700.2 3.17276
2605000 397.694 -12793.7 18.8855
2606000 397.165 -12862 -2.60038
2607000 400.017 -12750.5 7.80351
2608000 398.774 -12814.5 -3.45477
2609000 397.932 -12790.3 -5.11625
2610000 400.902 -12811.8 -6.85072
2611000 401.484 -12794.8 7.30739
2612000 400.166 -12755 2.95503
2613000 401.825 -12715 -5.68232
2614000 400.3 -12780.5 -3.9574
2615000 400.381 -12778.6 8.81565
2616000 398.708 -12811.3 -3.82011
2617000 401.32 -12751 -1.2236
2618000 400.506 -12784 6.77496
2619000 399.736 -12767 -0.00589532
2620000 401.168 -12757.9 4.31841
2621000 400.171 -12797.4 1.0367
2622000 400.357 -12788.8 -3.65581
2623000 402.277 -12758.8 -10.1986
2624000 401.967 -12747.6 9.76288
2625000 402.128 -12707.2 -13.0487
2626000 400.722 -12705.2 4.0676
2627000 400.118 -12774.7 15.8164
2628000 398.928 -12778.4 9.93892
2629000 399.455 -12758.4 0.96978
2630000 401.852 -12741 -6.45818
2631000 399.213 -12732.1 1.43338
2632000 398.195 -12814.7 -3.4836
2633000 402.585 -12730.7 -2.84545
2634000 397.508 -12743.9 13.7056
2635000 401.023 -12744.2 -4.62186
2636000 399.744 -12740.3 -0.712229
2637000 399.565 -12725.2 -2.53709
2638000 401.627 -12755.1 -1.60704
2639000 400.565 -12731.2 8.94274
2640000 400.74 -12792.3 -5.14435
2641000 400.025 -12772.2 2.78443
2642000 399.483 -12778.1 -7.43952
2643000 401.373 -12678.3 13.0842
2644000 401.285 -12727 11.0193
2645000 399.654 -12792.4 -2.23254
2646000 398.685 -12738.3 -2.39357
2647000 400.956 -12746.4 -2.55646
2648000 399.466 -12794.2 0.61702
2649000 398.078 -12786.8 15.3589
2650000 400.834 -12755.9 -10.1813
2651000 399.883 -12844.5 21.3737
2652000 397.99 -12796.1 -3.80809
2653000 401.361 -12803.1 -2.94124
2654000 398.681 -12776.3 2.62858
2655000 400.618 -12770.8 -8.5484
2656000 398.86 -12786.5 12.6754
2657000 400.115 -12773.9 3.51358
2658000 399.631 -12782.5 1.60673
2659000 397.559 -12829 6.80123
2660000 400.795 -12765.6 -0.0647274
2661000 403.374 -12707 3.43207
2662000 400.372 -12809.6 -0.785468
2663000 399.705 -12730.9 7.53476
2664000 399.317 -12710.8 -13.1856
2665000 401.817 -12824.3 12.516
2666000 398.288 -12831.2 -14.7169
2667000 400.898 -12763.1 -9.29063
2668000 399.326 -12735.7 12.896
2669000 401.5 -12725.2 -2.1027
2670000 399.867 -12821.3 -1.34874
2671000 397.403 -12845.1 15.5964
2672000 398.979 -12820.7 -10.597
2673000 398.722 -12777.9 -2.99296
2674000 401.622 -12726.8 -2.3811
2675000 399.055 -12770.4 -4.34692
2676000 402.788 -12651 -2.61255
2677000 402.785 -12755.5 -4.78792
2678000 398.384 -12799.1 2.87419
2679000 401.437 -12808.6 7.73292
2680000 399.622 -12779.2 -5.8559
2681000 401.476 -12756.8 -3.84558
2682000 398.678 -12768.1 0.61244
2683000 400.465 -12826.2 14.2654
2684000 402.077 -12751.6 -5.8263
2685000 399.72 -12783.4 -12.4627
2686000 398.682 -12782.4 7.49398
2687000 401.117 -12758.4 1.4231
2688000 401.269 -12763.6 11.038
2689000 402.82 -12745.9 -3.1697
2690000 400.339 -12737.1 -4.02726
2691000 399.572 -12752.9 -7.35305
2692000 399.933 -12773.8 2.24638
2693000 400.35 -12748 5.35366
2694000 399.26 -12747.1 5.6606
2695000 399.187 -12732.3 -5.79359
2696000 399.635 -12770.9 -10.6569
2697000 400.817 -12703 7.7693
2698000 402.698 -12679.3 6.18877
2699000 402.686 -12807.5 2.19055
2700000 398.085 -12796.7 4.10859
2701000 400.583 -12793.8 0.148449
2702000 398.635 -12831.8 -9.58726
2703000 400.313 -12767.7 -0.858712
2704000 398.632 -12798 -3.25164
2705000 400.905 -12738.7 18.4658
2706000 399.387 -12794.2 -20.7871
2707000 399.917 -12798.2 1.18934
2708000 399.947 -12786.4 5.72001
2709000 400.895 -12814 3.44907
2710000 402.731 -12763.8 -11.8759
2711000 399.08 -12791.4 11.0299
2712000 400.124 -12809 -11.9631
2713000 398.054 -12858.7 5.82218
2714000 399.141 -12758.7 -8.68286
2715000 400.34 -12743.3 -1.23799
2716000 403.635 -12691 12.8471
2717000 399.083 -12766.9 1.51951
2718000 401.993 -12780.6 0.595915
2719000 399.031 -12828.7 0.892126
2720000 399.382 -12812.7 4.53747
2721000 397.688 -12861.2 -8.95283
2722000 401.116 -12777.6 7.01008
2723000 397.01 -12839.9 5.54345
2724000 399.131 -12777.9 8.99906
2725000 401.165 -12739.8 9.31786
2726000 400.893 -12793.6 2.85456
2727000 402.269 -12789.1 -6.42785
2728000 401.256 -12749 3.19845
2729000 399.459 -12811.3 -0.485345
2730000 397.7 -12882.4 -1.82123
2731000 398.769 -12795.8 -6.44325
2732000 402.317 -12678.9 1.91042
2733000 396.943 -12846.9 -3.06929
2734000 399.264 -12778.8 1.81455
2735000 399.203 -12771.6 -2.1214
2736000 401.744 -12679.7 -8.41296
2737000 398.44 -12795.8 1.36581
2738000 399.448 -12769.2 -0.408782
2739000 403.551 -12701.4 -3.92677
2740000 399.003 -12787 2.30548
2741000 397.992 -12789.5 -3.09554
2742000 400.733 -12707.4 -1.39604
2743000 397.596 -12742.1 -4.56044
2744000 402.169 -12700.5 3.25867
2745000 400.562 -12786.5 10.3005
2746000 401.717 -12742.4 -6.54429
2747000 401.712 -12704.3 -4.09861
2748000 402.704 -12734.9 -13.3649
2749000 399.954 -12820.5 3.24141
2750000 399.504 -12846.2 -6.96582
2751000 400.484 -12748.4 -0.129265
2752000 401.757 -12769.1 4.87758
2753000 399.846 -12813.4 -2.78062
2754000 398.671 -12774.4 14.9965
2755000 399.625 -12765.4 4.76247
2756000 398.598 -12775.6 0.00883085
2757000 402.249 -12788 1.78217
2758000 398.868 -12779.4 5.54251
2759000 399.841 -12834.8 4.94027
2760000 401.509 -12726.5 -10.5116
2761000 402.275 -12688.2 0.999486
2762000 400.341 -12731.2 9.48343
2763000 400.23 -12786.3 -9.03174
2764000 397.447 -12763.1 28.5177
2765000 402.631 -12745.2 -18.9957
2766000 400.297 -12856.7 7.01446
2767000 399.661 -12820 3.95133
2768000 396.94 -12810.3 2.86827
2769000 400.735 -12813.3 6.86618
2770000 399.484 -12764.5 -11.1482
2771000 402.839 -12731.5 6.62169
2772000 400.5 -12786 0.262003
2773000 400.194 -12720.8 12.8372
2774000 399.285 -12770.4 -11.2145
2775000 400.488 -12835.5 12.827
2776000 399.371 -12814.2 -9.33441
2777000 399.477 -12827.2 0.450813
2778000 398.42 -12762.3 11.1672
2779000 400.439 -12743 2.25482
2780000 400.044 -12812 11.7738
2781000 401.872 -12755 2.77828
2782000 399.525 -12782.7 2.58796
2783000 398.973 -12795.9 8.81411
2784000 399.69 -12828.7 6.08642
2785000 400.179 -12724 7.83856
2786000 398.345 -12747.3 1.20365
2787000 399.886 -12706.2 3.73811
2788000 397.971 -12747.7 -5.0363
2789000 399.829 -12794.8 3.93352
2790000 400.115 -12867.9 8.0611
2791000 398.381 -12785.4 16.6383
2792000 401.722 -12772.4 -1.56833
2793000 398.236 -12792.5 -15.8874
2794000 400.207 -12730.9 23.7151
2795000 400.741 -12697.8 3.58906
2796000 399.372 -12814.4 5.10889
2797000 401.281 -12695.4 -0.1485
2798000 401.22 -12739.9 10.999
2799000 398.934 -12734.8 -9.39684
2800000 399.131 -12788.4 5.34415
2801000 399.585 -12757.6 2.56423
2802000 400.759 -12806.8 7.51368
2803000 402.338 -12738.6 -6.41647
2804000 401.076 -12801 -7.74592
2805000 400.78 -12819.1 12.4111
2806000 400.846 -12774.3 4.40701
2807000 399.469 -12769.8 2.29982
2808000 401.626 -12773.6 9.70609
2809000 399.712 -12782 2.29929
2810000 401.265 -12750.5 6.93909
2811000 397.27 -12831.3 -5.21953
2812000 400.215 -12740.1 2.33821
2813000 402.918 -12785.3 -14.0986
2814000 400.082 -12726.5 0.397939
2815000 399.64 -12813.8 10.8082
2816000 399.628 -12744.4 6.15637
2817000 399.961 -12763.2 -11.1369
2818000 399.22 -12810.5 8.69967
2819000 402.6 -12697.9 11.7195
2820000 399.795 -12795.2 -16.673
2821000 401.654 -12682 10.6897
2822000 400.458 -12741.8 -1.75095
2823000 398.589 -12755.8 13.9299
2824000 401.936 -12707.6 -6.70739
2825000 401.102 -12763.1 -9.78734
2826000 400.151 -12795.3 5.02425
2827000 399.271 -12779.2 8.05331
2828000 399.722 -12801.4 -9.06616
2829000 399.853 -12794 -3.09016
2830000 402.922 -12687.6 -9.83418
2831000 397.755 -12804 -4.83146
2832000 400.352 -12767.1 4.32509
2833000 398.327 -12781.5 5.25782
2834000 397.633 -12769 1.54121
2835000 401.012 -12726.1 10.4287
2836000 399.225 -12765.5 8.83749
2837000 398.251 -12746.2 2.58015
2838000 401.411 -12784.9 6.31633
2839000 399.259 -12778.6 -8.70737
2840000 401.433 -12787.9 -3.72792
2841000 398.875 -12798.7 0.969906
2842000 398.708 -12808.6 -2.13588
2843000 400.321 -12706.2 2.61199
2844000 398.624 -12819.2 6.14456
2845000 399.624 -12784.3 9.19656
2846000 399.866 -12799.3 -20.5612
2847000 399.5 -12710.8 9.1525
2848000 399.663 -12814.5 5.15321
2849000 401.259 -12744.4 -2.43977
2850000 399.439 -12808.8 2.96452
2851000 401.112 -12761.1 12.1175
2852000 401.4 -12745.4 -4.21197
2853000 400.237 -12779.2 -3.09209
2854000 396.222 -12872.3 -5.24101
2855000 398.792 -12808.9 12.0515
2856000 398.295 -12814.3 -4.50503
2857000 400.833 -12774.2 7.99594
2858000 400.207 -12784.7 -9.82918
2859000 399.011 -12734.8 14.1415
2860000 400.703 -12802.4 -6.42328
2861000 400.422 -12739.8 -16.6152
2862000 400.335 -12782.1 7.30852
2863000 401.234 -12746 3.96439
2864000 401.042 -12757.9 3.75214
2865000 400.76 -12802.8 -19.4366
2866000 400.131 -12765.2 -4.28266
2867000 400.023 -12786.3 3.0493
2868000 399.29 -12767 2.50017
2869000 399.478 -12809 5.48707
2870000 399.933 -12788.4 -0.555458
2871000 398.983 -12730 2.72284
2872000 397.876 -12783.9 -10.5113
2873000 399.061 -12778.3 -2.08944
2874000 401.282 -12701 26.9193
2875000 397.896 -12760.8 -10.4927
2876000 399.453 -12778.3 -0.414686
2877000 399.102 -12843.7 1.01272
2878000 401.289 -12746.1 8.19368
2879000 401.109 -12795.1 -2.89485
2880000 399.801 -12818.4 8.27674
2881000 399.977 -12784.1 -4.7098
2882000 398.713 -12872.3 -1.95094
2883000 399.374 -12785 1.6347
2884000 403.487 -12663.5 -2.58888
2885000 400.253 -12714.5 11.3
2886000 400.99 -12751.7 9.63075
2887000 401.937 -12679.8 3.73627
2888000 397.126 -12853.8 12.8205
2889000 402.116 -12764.2 10.6503
2890000 398.453 -12790.3 -8.44216
2891000 399.42 -12754.8 16.3911
2892000 400.048 -12758.3 10.3065
2893000 400.68 -12729.1 7.182
2894000 399.46 -12776.8 -1.58676
2895000 400.911 -12731 5.2818
2896000 402.354 -12732.3 -1.91079
2897000 403.788 -12624.7 16.0041
2898000 401.74 -12774 -8.57838
2899000 399.222 -12713.1 6.13149
2900000 403.353 -12729.2 -1.74805
2901000 399.923 -12784.2 -10.4946
2902000 398.952 -12794.5 2.60419
2903000 400.28 -12766.9 1.51842
2904000 400.976 -12714.2 13.4153
2905000 397.383 -12821.4 -13.17
2906000 398.398 -12863.8 16.1652
2907000 399.572 -12734.9 -6.60212
2908000 398.263 -12786 6.26176
2909000 398.936 -12737.1 3.10503
2910000 401.042 -12796.3 11.6252
2911000 401.086 -12780.2 0.16558
2912000 398.296 -12768.9 18.5469
2913000 398.846 -12850.8 4.21857
2914000 400.959 -12720.7 10.0582
2915000 398.941 -12796.3 -12.4072
2916000 399.367 -12804 12.7784
2917000 399.455 -12807.4 -1.85645
2918000 399.226 -12803.3 0.0534384
2919000 398.534 -12745.5 -4.01621
2920000 402.397 -12715.8 -2.47109
2921000 401.991 -12703.7 2.08789
2922000 398.978 -12805.9 6.27405
2923000 400.704 -12789.9 15.8376
2924000 398.589 -12820.7 -1.91262
2925000 398.839 -12761.4 9.31505
2926000 397.67 -12799.2 4.02909
2927000 399.215 -12743.2 0.418765
2928000 400.071 -12766.9 13.3372
2929000 400.263 -12785.8 -8.71919
2930000 401.282 -12699.6 -9.8739
2931000 399.59 -12755.9 -2.55324
2932000 398.529 -12800.2 8.85372
2933000 400.78 -12781.5 2.81285
2934000 398.836 -12828.8 -6.88541
2935000 399.671 -12819.5 -1.82575
2936000 398.959 -12834.1 -3.62972
2937000 399.703 -12867.1 -1.52528
2938000 398.062 -12803.6 2.65822
2939000 397.538 -12829.7 -10.732
2940000 400.504 -12813 -9.0045
2941000 401.218 -12773.1 11.0273
2942000 399.627 -12691.2 -2.8234
2943000 398.632 -12786.5 2.52739
2944000 398.164 -12830.1 -4.11706
2945000 396.531 -12844.5 14.5129
2946000 400.608 -12821.4 4.04561
2947000 400.387 -12733.7 4.52204
2948000 399.612 -12737.3 -2.58728
2949000 398.007 -12751.9 5.18011
2950000 399.028 -12823.1 0.416686
2951000 400.746 -12784.9 0.406963
2952000 400.675 -12781.8 5.72703
2953000 399.737 -12802.2 -14.9259
2954000 398.444 -12734.6 9.34382
2955000 397.32 -12840.8 4.25233
2956000 399.579 -12840.3 -5.26979
2957000 399.49 -12819 1.93053
2958000 402.199 -12756 12.3437
2959000 399.699 -12778.7 -0.334931
2960000 400.154 -12801.8 0.620816
2961000 400.947 -12741.9 6.27927
2962000 402.043 -12787.3 5.05467
2963000 401.005 -12764.5 -18.342
2964000 401.696 -12728.1 5.13441
2965000 400.318 -12740.4 1.45753
2966000 399.457 -12760.9 -13.0358
2967000 397.183 -12886.3 6.74986
2968000 400.806 -12770.6 10.3961
2969000 400.919 -12767.5 -7.95983
2970000 399.942 -12785.6 -2.24373
2971000 400.146 -12737.7 3.99215
2972000 396.732 -12757.6 -2.43003
2973000 400.798 -12785.7 1.09116
2974000 400.429 -12783 -0.47915
2975000 399.507 -12772.7 -11.2035
2976000 403.264 -12727.8 -0.422043
2977000 397.228 -12803.6 -2.5418
2978000 397.348 -12793.8 5.78608
2979000 399.54 -12815.7 -2.36093
2980000 398.913 -12815.2 6.75174
2981000 402.369 -12775.8 -8.79632
2982000 400.657 -12736.4 3.52806
2983000 400.789 -12793.5 3.67058
2984000 400.116 -12761.6 1.82854
2985000 401.121 -12776.4 13.2398
2986000 401.898 -12747.2 -5.36382
2987000 400.04 -12796.6 11.2248
2988000 401.69 -12737 -17.3398
2989000 399.584 -12766.9 -1.93238
2990000 396.748 -12805.6 4.12267
2991000 399.534 -12762.2 11.4105
2992000 401.638 -12790.8 12.9371
2993000 400.192 -12807.1 -6.04314
2994000 400.558 -12725.2 -0.208727
2995000 400.475 -12753.4 6.46325
2996000 401.88 -12755.9 -5.50829
2997000 400.549 -12736.1 -3.195
2998000 400.785 -12777.1 -4.35543
2999000 397.732 -12762.6 -1.80369
3000000 401.329 -12734.6 -6.48246
