# Time-averaged data for fix 3
# TimeStep v_Temperature v_PotentialEnergy v_Pressure
2000 301.444 -14610.8 -1.2935
3000 299.93 -14625.5 -1.36208
4000 299.997 -14630.2 8.62551
5000 299.45 -14647.1 2.94547
6000 299.587 -14676.3 2.99021
7000 300.893 -14585.4 2.62775
8000 298.26 -14628.1 -12.7043
9000 298.737 -14671 13.3527
10000 298.596 -14694 13.3705
11000 301.067 -14627.6 -4.72609
12000 299.36 -14638.5 -0.346887
13000 301.27 -14594.3 -2.3073
14000 300.003 -14637.4 -0.525946
15000 300.344 -14610.8 -2.45558
16000 298.811 -14630.3 10.5401
17000 300.28 -14632.7 -1.74879
18000 300.246 -14675.3 -2.13846
19000 300.563 -14583.2 3.97953
20000 301.308 -14657.9 -4.87097
21000 300.246 -14643.2 15.8301
22000 300.741 -14610.4 -14.8102
23000 298.719 -14649.2 6.93019
24000 301.523 -14592.3 2.52846
25000 302.133 -14624.9 3.75283
26000 298.399 -14656.3 -12.5616
27000 299.125 -14681.9 6.45598
28000 298.046 -14644.7 14.0909
29000 300.306 -14654.5 -10.5231
30000 300.425 -14675.4 7.78188
31000 301.269 -14646.4 -8.82447
32000 298.381 -14662.5 5.83669
33000 299.788 -14672.2 -11.3153
34000 299.621 -14643.1 10.3488
35000 300.861 -14628 6.09168
36000 299.992 -14622.6 -3.41769
37000 299.08 -14667.1 -0.285385
38000 298.712 -14701.4 0.652907
39000 298.534 -14673.9 3.17
40000 298.738 -14688.7 -8.10448
41000 300.235 -14657.9 6.18103
42000 299.413 -14641.5 6.44833
43000 299.608 -14608 0.648229
44000 300.264 -14629.5 -1.25325
45000 300.595 -14678.9 8.48969
46000 300.713 -14662.8 -8.05389
47000 298.418 -14663 1.00235
48000 298.107 -14715.6 4.70797
49000 299.067 -14682.3 7.76739
50000 300.979 -14617.5 -6.26542
51000 299.182 -14634.6 -2.73196
52000 298.299 -14666.3 -10.0566
53000 300.786 -14615.5 15.4785
54000 298.594 -14655.9 3.08534
55000 301.11 -14637.1 0.0724755
56000 300.567 -14632.9 1.00524
57000 300.446 -14627.5 -2.57059
58000 300.588 -14617.5 -7.17489
59000 298.952 -14663.8 8.58206
60000 299.755 -14631.9 8.47119
61000 301.051 -14683.5 0.395426
62000 300.406 -14628 0.930591
63000 300.286 -14621.3 7.48542
64000 301.82 -14612.5 -9.01025
65000 300.444 -14676.9 13.9727
66000 301.905 -14643.2 -9.7285
67000 299.601 -14656.9 -0.327124
68000 300.024 -14653.1 2.60608
69000 300.61 -14655.3 -2.23592
70000 300.128 -14666.1 15.2784
71000 300.27 -14656.6 -5.17569
72000 300.445 -14651.6 -8.32522
73000 300.144 -14605.8 8.39504
74000 301.153 -14627.9 2.65088
75000 299.4 -14665.5 -3.55961
76000 299.993 -14674.6 5.99281
77000 300.656 -14642.8 4.52199
78000 301.122 -14653.2 -12.8319
79000 298.579 -14660.2 7.59637
80000 298.781 -14676 -3.23915
81000 299.206 -14653.7 -8.08505
82000 299.338 -14654.2 11.0921
83000 301.537 -14650 -9.23265
84000 299.258 -14664.1 9.52632
85000 301.33 -14624.4 -0.0865267
86000 300.62 -14614.9 -9.0936
87000 300.911 -14645.5 -7.5047
88000 298.08 -14699 8.90202
89000 301.908 -14651.4 -5.97118
90000 300.997 -14632.8 3.58614
91000 300.348 -14666.5 11.8452
92000 300.645 -14629.2 -9.20398
93000 300.104 -14623.3 -1.73022
94000 299.654 -14691 9.39833
95000 299.897 -14701.1 1.91479
96000 300.087 -14622.4 1.7965
97000 301.247 -14606.8 6.63095
98000 298.595 -14671.8 7.16783
99000 299.572 -14690.8 -6.91115
100000 300.537 -14695.2 2.11156
101000 300.13 -14600.9 -3.4241
102000 300.235 -14640.3 20.3901
103000 301.582 -14643.8 -2.19317
104000 300.133 -14675.9 -8.22971
105000 298.725 -14660.8 13.1236
106000 300.491 -14678.9 -9.555
107000 300.591 -14640 8.79481
108000 299.995 -14679.6 -0.711295
109000 299.473 -14667.6 -10.3855
110000 301.214 -14621.6 15.7985
111000 300.456 -14665.5 0.620256
112000 298.654 -14707 3.77124
113000 297.821 -14701.1 1.23909
114000 300.036 -14655.9 1.83538
115000 299.516 -14570.9 3.99528
116000 300.979 -14597.2 -2.92946
117000 300.225 -14646 7.21376
118000 299.714 -14661.9 -3.06008
119000 301.619 -14640.4 1.85682
120000 300.003 -14650.6 -2.82173
121000 300.196 -14626.6 1.94904
122000 300.453 -14678.1 2.70753
123000 300.879 -14668.7 -6.94473
124000 301.389 -14631.2 -5.52446
125000 298.458 -14636.8 3.13136
126000 300.325 -14618.6 6.82004
127000 299.668 -14660.9 -3.32045
128000 300.95 -14622.2 -1.73188
129000 301.261 -14628.6 -3.65285
130000 299.858 -14646.8 1.45547
131000 298.826 -14683.5 -4.22433
132000 300.093 -14665 8.51139
133000 299.376 -14658.1 1.27974
134000 298.039 -14687.3 -11.5244
135000 300.901 -14617.4 -4.65168
136000 300.364 -14650.5 10.6854
137000 299.428 -14646.7 -0.815318
138000 299.878 -14645.3 -6.60839
139000 301.202 -14665.1 -3.95639
140000 298.585 -14665.3 7.8696
141000 298.82 -14631.5 3.31156
142000 298.919 -14647.8 -3.42755
143000 299.637 -14632.6 -5.4987
144000 298.695 -14621.1 3.54276
145000 300.315 -14647.4 5.84123
146000 301.693 -14628.5 0.265285
147000 298.603 -14700.8 -2.99855
148000 298.543 -14665 14.8509
149000 298.968 -14690.2 -3.75334
150000 298.24 -14678.8 4.15833
151000 299.651 -14677.8 -9.0203
152000 300.345 -14619 4.15875
153000 299.336 -14679.5 -8.64138
154000 300.278 -14689.5 0.581586
155000 301.668 -14606.4 2.46343
156000 298.776 -14681 11.5758
157000 301.601 -14611.9 -13.5531
158000 299.365 -14613.1 6.93776
159000 300.59 -14603.5 -3.10589
160000 300.217 -14600.8 0.694181
161000 301.222 -14618 5.00828
162000 299.678 -14650.2 -6.31677
163000 299.635 -14661.7 6.81009
164000 299.832 -14666.4 4.33899
165000 301.932 -14619.7 -0.282092
166000 299.24 -14662.5 -6.64431
167000 300.05 -14641.4 -0.0189392
168000 300.529 -14615.7 4.85085
169000 300.499 -14595.8 11.5972
170000 301.209 -14621.7 -4.22209
171000 301.01 -14612.1 -5.36057
172000 299.698 -14682.1 0.157865
173000 299.42 -14643.8 25.4343
174000 301.488 -14639.9 -16.2281
175000 298.288 -14622.8 13.0476
176000 300.65 -14632.7 10.6605
177000 300.104 -14671 4.54636
178000 298.218 -14708.3 -14.4819
179000 298.913 -14640.9 13.9494
180000 298.868 -14656.1 -1.32956
181000 298.964 -14667.8 -2.91214
182000 300.383 -14647.7 -0.951103
183000 299.842 -14622 0.558135
184000 299.815 -14622.4 7.65376
185000 298.904 -14677.2 2.42348
186000 298.661 -14673.1 5.82064
187000 301.773 -14653.6 -5.14395
188000 301.052 -14681.7 -2.32189
189000 299.913 -14657.3 4.99795
190000 299.673 -14693.9 9.22226
191000 300.273 -14666.7 -0.278617
192000 300.44 -14649.3 -3.79191
193000 298.328 -14717.4 2.52169
194000 298.581 -14646.4 -5.02152
195000 300.215 -14654.9 -4.88044
196000 301.274 -14616 -1.90037
197000 300.871 -14623.9 -6.59281
198000 299.125 -14673.4 5.93372
199000 300.637 -14657.2 1.96254
200000 302.142 -14608.4 9.93003
201000 301.42 -14638.4 -8.84935
202000 300.847 -14592.8 0.406627
203000 299.582 -14650.5 -4.34034
204000 300.893 -14616.6 7.44844
205000 301.101 -14633.7 2.36671
206000 300.73 -14673.9 -4.03844
207000 300.849 -14696.6 -2.05414
208000 300.237 -14656.2 -2.3118
209000 301.342 -14633.9 -6.62597
210000 299.677 -14652.6 10.2805
211000 299.858 -14662.4 14.2907
212000 300.743 -14622.4 -5.01699
213000 299.959 -14636.4 8.5037
214000 301.357 -14668.2 -7.5103
215000 300.15 -14646.8 3.78434
216000 301.34 -14633.8 3.00895
217000 300.218 -14635.1 -5.8778
218000 300.501 -14623.5 5.20032
219000 299.247 -14677.2 -1.85701
220000 300.578 -14659.1 -9.91827
221000 301.139 -14643.8 10.7322
222000 298.414 -14686 2.2164
223000 300.046 -14648.3 7.53769
224000 299.339 -14702.3 -6.50783
225000 299.112 -14688 0.681471
226000 299.684 -14677.5 -6.23605
227000 300.002 -14649.9 -8.00636
228000 300.618 -14676.2 12.6199
229000 300.834 -14659.4 0.907567
230000 300.005 -14620.6 -17.8452
231000 299.577 -14635.3 19.4279
232000 300.946 -14654.6 -2.52175
233000 301.363 -14617.2 0.649346
234000 300.283 -14635.8 -0.000662013
235000 297.23 -14719.6 15.831
236000 300.91 -14655.4 0.773154
237000 299.444 -14653.9 -0.30205
238000 299.956 -14665.7 4.56625
239000 298.843 -14607.5 -0.287622
240000 298.462 -14696 -2.02098
241000 300.787 -14641.9 -13.6095
242000 299.315 -14651.8 11.6562
243000 298.98 -14642.5 5.23813
244000 299.009 -14663 -9.02775
245000 297.373 -14701.6 10.1308
246000 299.963 -14658 0.361899
247000 298.947 -14666.6 -3.05066
248000 300.788 -14642 1.32908
249000 299.165 -14662.5 3.7441
250000 298.298 -14695.7 2.90099
251000 299.287 -14719.8 6.77827
252000 299.488 -14701.2 9.40657
253000 301.699 -14662.6 -0.168547
254000 298.043 -14697.7 -1.19041
255000 302.036 -14633.6 2.35515
256000 300.968 -14617.3 0.449755
257000 299.341 -14616.4 4.63972
258000 299.723 -14653.7 5.50235
259000 300.775 -14653.6 -1.43846
260000 301.156 -14671 -0.597799
261000 299.364 -14714.5 1.27706
262000 301.355 -14670.3 1.58103
263000 298.157 -14687.5 -1.34915
264000 299.403 -14674.6 3.9066
265000 301.129 -14602.7 -0.0921913
266000 300.224 -14656.2 -3.44234
267000 298.896 -14690.8 -3.42387
268000 299.209 -14636.7 11.7573
269000 299.872 -14665.6 -1.03411
270000 300.611 -14615.5 -8.9913
271000 301.03 -14608.5 16.7317
272000 302.24 -14573.1 2.6084
273000 299.993 -14673.9 12.2778
274000 301.569 -14645.1 -1.96645
275000 298.578 -14681.4 -0.878757
276000 301.159 -14635.8 7.73331
277000 299.984 -14646.9 4.26335
278000 301.735 -14580.7 -11.8458
279000 299.393 -14645 -2.83345
280000 298.39 -14682.4 12.6302
281000 300.332 -14632.8 8.01355
282000 300.779 -14660 -10.3418
283000 300.409 -14664.3 9.90114
284000 300.084 -14625.9 -7.55389
285000 302.15 -14582.2 -5.88434
286000 299.633 -14692.7 10.6696
287000 299.525 -14675.3 5.85892
288000 300.38 -14629.9 8.72128
289000 299.245 -14659.5 -9.13721
290000 299.202 -14636.6 -2.03828
291000 301.007 -14637.7 0.3711
292000 300.708 -14644.1 0.142558
293000 298.636 -14689 6.11304
294000 300.637 -14666.9 14.1462
295000 300.397 -14675.2 -0.269565
296000 300.836 -14670.4 -5.19539
297000 299.593 -14661.4 7.79305
298000 298.761 -14665 -9.17519
299000 301.177 -14618.7 12.3727
300000 300.572 -14656.1 -0.773458
301000 298.633 -14646.7 -0.64163
302000 299.47 -14640.5 18.4568
303000 300.618 -14621.1 -8.35595
304000 298.541 -14722 -2.73368
305000 300.157 -14656 11.3335
306000 300.944 -14622.9 11.8983
307000 299.764 -14633.6 -8.00262
308000 300.76 -14616.2 3.2855
309000 300.557 -14633.9 3.34151
310000 299.974 -14627.3 2.90579
311000 300.24 -14644.2 -0.388936
312000 297.695 -14648.3 0.865775
313000 299.975 -14701.4 -2.7069
314000 299.654 -14702.8 -10.9179
315000 299.431 -14685.7 18.798
316000 302.018 -14626.5 -12.6701
317000 299.644 -14688.2 4.39873
318000 300.437 -14639.3 4.60217
319000 301.701 -14658.4 -4.25508
320000 297.461 -14692.4 3.88119
321000 298.803 -14655 12.936
322000 300.155 -14635.5 8.21018
323000 300.137 -14676.2 -2.29416
324000 299.77 -14692.6 -7.07617
325000 301.863 -14658.8 -8.01191
326000 298.905 -14644.6 -1.16577
327000 299.199 -14675.5 -8.63208
328000 300.228 -14641.2 8.85331
329000 299.949 -14653.3 1.08626
330000 298.296 -14671.5 7.50343
331000 300.107 -14635.9 -14.0547
332000 300.155 -14666.6 8.23506
333000 299.122 -14681.8 9.82236
334000 301.259 -14656.3 -9.52325
335000 299.807 -14660.9 -5.02379
336000 298.475 -14689.8 2.6831
337000 299.915 -14637.4 11.2483
338000 299.822 -14629.6 10.1599
339000 300.495 -14637.4 0.63046
340000 299.085 -14685 -6.94261
341000 301.992 -14626.8 4.42372
342000 303.108 -14596.9 13.3046
343000 299.529 -14633.4 11.073
344000 300.942 -14615.1 1.68078
345000 300.465 -14639.1 -0.598582
346000 299.921 -14641.5 3.04158
347000 300.779 -14628.8 -8.34866
348000 299.816 -14673 5.24043
349000 299.255 -14681.2 3.95603
350000 299.713 -14684.3 -2.02511
351000 299.376 -14691.3 -4.30632
352000 298.57 -14668.1 -0.0324849
353000 300.78 -14650.9 3.61977
354000 300.241 -14609.4 2.05329
355000 301.902 -14618.3 1.31021
356000 301.232 -14623.7 2.98529
357000 300.447 -14612 2.77004
358000 299.724 -14647.1 -1.49936
359000 300.734 -14616.8 0.617232
360000 299.261 -14652 -4.7656
361000 300.087 -14665.9 -5.51014
362000 300.789 -14654.6 1.2144
363000 300.012 -14648.6 3.52402
364000 300.767 -14643.9 6.5067
365000 299.776 -14599.8 4.66667
366000 298.713 -14655.7 5.28607
367000 299.602 -14634.3 -2.77034
368000 300.881 -14684.7 -4.97423
369000 299.467 -14614.4 3.14945
370000 299.657 -14680.7 -2.80205
371000 299.834 -14685.6 1.39944
372000 297.618 -14669.5 8.818
373000 299.082 -14687.9 0.0974491
374000 299.504 -14658.5 -2.33212
375000 298.788 -14680.6 16.4019
376000 297.396 -14704.5 -5.10275
377000 302.023 -14638.8 -0.873838
378000 301.309 -14629.5 -1.13934
379000 300.039 -14610.2 12.5076
380000 299.813 -14649.4 7.34013
381000 298.72 -14679.8 -8.56945
382000 299.563 -14637.6 2.79797
383000 298.88 -14669.7 11.4474
384000 300.669 -14629.8 4.58265
385000 299.578 -14631.9 -1.82893
386000 300.847 -14636.2 6.44411
387000 301.447 -14604.2 -0.511493
388000 299.482 -14674.3 0.57398
389000 300.108 -14679.4 -8.86199
390000 300.91 -14669.9 4.4958
391000 300.949 -14591.6 4.66376
392000 300.571 -14635.9 9.83659
393000 299.926 -14663.5 -0.757053
394000 300.605 -14642.3 -3.70577
395000 300.717 -14619.2 4.60983
396000 299.199 -14673 3.22305
397000 298.965 -14658.3 -2.52289
398000 299.822 -14629.9 8.16552
399000 301.415 -14614.8 -6.43559
400000 300.817 -14617 -5.74636
401000 300.477 -14601.3 6.8765
402000 300.889 -14627.2 -4.92418
403000 299.424 -14676.8 16.7575
404000 297.704 -14664.9 -5.2273
405000 300.164 -14639.6 1.07975
406000 299.675 -14662 6.9369
407000 301.075 -14631.1 -6.20525
408000 299.268 -14630.4 4.04141
409000 299.966 -14685.9 2.76609
410000 299.92 -14652.4 7.19888
411000 299.833 -14640.8 1.87857
412000 299.869 -14696.9 0.668598
413000 301.252 -14689 1.22053
414000 297.84 -14730.9 -1.92496
415000 299.793 -14680.5 4.25762
416000 301.567 -14630.9 -0.575862
417000 300.369 -14661.3 -0.180949
418000 299.508 -14665.7 -5.40814
419000 300.909 -14647.4 10.1035
420000 301.078 -14663 -10.6546
421000 298.808 -14713.9 11.2877
422000 300.757 -14630.6 12.9185
423000 300.962 -14618.7 -10.408
424000 302.294 -14631.2 1.82194
425000 301.326 -14625.4 -4.54719
426000 298.774 -14686.1 -9.78381
427000 300.238 -14643.9 3.00804
428000 300.274 -14680.7 6.63385
429000 300.739 -14678 8.66579
430000 301.693 -14611.7 -8.28709
431000 301.358 -14585.2 3.72313
432000 300.759 -14619.4 -15.3563
433000 300.093 -14664.8 2.98574
434000 299.51 -14672.5 0.176091
435000 300.051 -14672.5 2.95115
436000 299.156 -14682.7 -8.16377
437000 300.118 -14667.6 4.40642
438000 298.757 -14692.6 3.83438
439000 299.691 -14592.1 4.32806
440000 299.884 -14659.2 -4.97485
441000 299.726 -14688.1 6.75235
442000 300.822 -14630.2 8.66358
443000 302.148 -14578.9 -12.9858
444000 300.455 -14662.7 3.29486
445000 300.974 -14622 -1.59222
446000 298.348 -14657.4 -5.36938
447000 300.384 -14656.4 -4.93019
448000 299.724 -14649 -0.360354
449000 300.282 -14660.5 6.59265
450000 300.663 -14645.5 -9.17146
451000 299.775 -14661.1 12.2731
452000 301.596 -14642.5 6.96946
453000 298.98 -14711.6 -3.75493
454000 298.986 -14670 8.94361
455000 300.142 -14648.8 -3.88949
456000 301.082 -14669.3 5.26864
457000 301.525 -14649.4 3.75649
458000 300.701 -14672.5 7.94107
459000 301.748 -14641.3 -2.8713
460000 299.124 -14680 2.14552
461000 300.718 -14652.2 -9.54484
462000 299.126 -14647.5 -5.78128
463000 299.074 -14627.3 -10.0926
464000 299.319 -14653.2 15.1661
465000 302.093 -14614.3 -7.66234
466000 301.009 -14599.9 4.73023
467000 296.814 -14653.7 4.90644
468000 300.608 -14627 2.45587
469000 298.134 -14698.2 4.08737
470000 299.571 -14657.7 0.458394
471000 300.47 -14584.5 3.63891
472000 299.581 -14630.9 9.62134
473000 299.168 -14649.3 -3.9733
474000 300.684 -14649.7 -2.79225
475000 299.856 -14666.7 4.71834
476000 299.319 -14647 2.04474
477000 299.42 -14630.8 -0.138657
478000 301.015 -14621.4 1.53575
479000 301.319 -14630.5 5.88607
480000 298.97 -14672.9 -8.14321
481000 299.813 -14665.7 17.0859
482000 300.346 -14627.7 2.94959
483000 300.74 -14634.8 -4.11286
484000 302.376 -14598.9 3.65798
485000 299.033 -14632.3 1.34152
486000 300.145 -14643.2 3.54426
487000 300.571 -14623.6 12.0608
488000 300.479 -14612.6 -9.81556
489000 299.842 -14649.8 9.9481
490000 299.217 -14644.2 4.60878
491000 302.995 -14548.4 -9.41102
492000 300.566 -14605.8 1.63532
493000 299.608 -14679.7 3.39185
494000 300.051 -14705.1 -5.6561
495000 300.76 -14653.9 1.69084
496000 300.562 -14638 -3.02008
497000 300.282 -14647.3 10.1968
498000 300.933 -14667.3 -3.3324
499000 299.335 -14641.4 7.54022
500000 300.485 -14663.7 -4.52454
501000 298.828 -14637.7 1.29035
502000 299.41 -14658.1 -4.17593
503000 299.893 -14627.4 2.64453
504000 301.349 -14617.9 5.82317
505000 301.344 -14656.1 -4.02804
506000 299.216 -14658.7 -14.8304
507000 303.143 -14587.1 8.40281
508000 300.583 -14598.9 7.21558
509000 300.065 -14650.4 9.94018
510000 299.816 -14678 -3.6687
511000 299.581 -14618.4 1.28302
512000 299.159 -14618.5 4.93557
513000 300.542 -14682.9 12.158
514000 298.278 -14676.1 10.8218
515000 300.358 -14638 -3.77798
516000 299.711 -14645.9 2.93893
517000 301.447 -14621.6 -1.44503
518000 300.466 -14670 -1.80516
519000 301.077 -14649.1 -1.77282
520000 299.224 -14627.3 -5.40452
521000 302.195 -14652.7 7.00513
522000 301.746 -14673.2 2.43485
523000 300.469 -14646.7 2.87635
524000 299.94 -14625.5 12.868
525000 300.463 -14627.2 -2.13744
526000 299.911 -14655.8 1.26259
527000 298.676 -14645.8 -16.6943
528000 299.146 -14689.3 8.16843
529000 300.546 -14635.8 -10.2422
530000 300.001 -14657.9 2.64038
531000 299.35 -14661.9 -0.0914222
532000 298.787 -14701.9 3.48537
533000 301.382 -14630.4 1.60099
534000 300.983 -14661.8 -5.7889
535000 298.484 -14679.8 -0.140742
536000 300.309 -14652.4 11.9965
537000 301.118 -14640.2 4.28384
538000 300.848 -14655 -3.54339
539000 297.959 -14694.1 6.38909
540000 299.284 -14673.1 9.12161
541000 299.929 -14691.6 -2.00612
542000 300.14 -14638.1 -7.79576
543000 300.665 -14625.1 -0.159302
544000 298.83 -14659.4 17.4647
545000 299.949 -14645.1 -7.85096
546000 301.697 -14632.5 -2.99121
547000 300.916 -14625.4 3.45401
548000 302.1 -14624.3 -10.9205
549000 299.117 -14660.3 -1.25827
550000 299.171 -14613.4 -3.47933
551000 299.451 -14638.4 6.22331
552000 298.823 -14661 9.32347
553000 300.876 -14659.5 1.63744
554000 299.711 -14675.9 5.60415
555000 301.558 -14614.6 2.93946
556000 298.87 -14716.2 -6.90727
557000 301.16 -14623.6 3.30953
558000 301.211 -14575.7 -4.10124
559000 300.501 -14604.4 9.29099
560000 299.916 -14633.1 -11.3527
561000 300.444 -14686.6 5.56727
562000 299.674 -14650.8 0.0217957
563000 301.083 -14602.2 2.86581
564000 300.302 -14602.6 -10.7864
565000 298.984 -14640.2 13.0668
566000 301.832 -14621.8 -5.6414
567000 300.855 -14620.1 -8.55767
568000 299.642 -14636.3 17.2296
569000 298.886 -14656.2 11.1341
570000 299.76 -14647.5 -11.7561
571000 300.046 -14626.5 8.98232
572000 302.005 -14643.3 1.33814
573000 298.787 -14643.9 -0.679624
574000 298.51 -14682.1 -1.59544
575000 298.961 -14623.4 -2.23467
576000 297.479 -14686.7 12.189
577000 298.468 -14651.5 1.49465
578000 301.089 -14639.5 5.49155
579000 300.622 -14644.9 0.345177
580000 300.658 -14634.7 1.11265
581000 299.554 -14619.4 -1.18757
582000 300.361 -14640.5 0.504115
583000 300.252 -14612.6 -1.51491
584000 297.696 -14715.7 -1.37013
585000 299.897 -14705.2 17.3771
586000 299.468 -14644.5 -12.6279
587000 299.996 -14671.1 7.04552
588000 299.243 -14632.5 3.17749
589000 300.248 -14671.9 -4.53351
590000 299.854 -14616.4 9.567
591000 301.575 -14632.3 0.699805
592000 300.676 -14660.6 -8.53924
593000 297.253 -14700.9 11.8348
594000 299.55 -14634.3 -8.43377
595000 299.962 -14702.1 -4.4533
596000 300.896 -14632.6 6.30792
597000 299.541 -14651.2 -0.50421
598000 299.352 -14635.1 3.02635
599000 299.92 -14670 -11.3094
600000 297.903 -14676.1 -1.76128
601000 300.244 -14646.2 -1.69012
602000 300.184 -14642 -0.898545
603000 301.421 -14623.3 3.79369
604000 300.983 -14665.8 -3.40389
605000 299.608 -14670.3 -3.09443
606000 301.246 -14616 -5.20988
607000 299.769 -14646.2 4.85158
608000 301.278 -14629.7 -9.36981
609000 300.075 -14644.7 2.98194
610000 298.974 -14673.8 8.54117
611000 299.095 -14668.2 -4.00076
612000 300.522 -14627.7 0.720764
613000 301.301 -14625.4 -1.3946
614000 300.847 -14587 -2.11008
615000 299.719 -14653.4 -0.0359834
616000 300.791 -14651.5 3.0749
617000 299.775 -14621.4 -0.6557
618000 300.537 -14644.2 13.5104
619000 300.764 -14649.5 -6.1136
620000 300.408 -14655.4 1.6767
621000 298.916 -14661.6 3.16351
622000 299.262 -14704.4 7.24877
623000 297.741 -14733 -16.415
624000 300.749 -14637.9 5.56626
625000 299.06 -14695.9 -0.784172
626000 300.409 -14661.7 -1.65759
627000 298.564 -14675.3 3.81729
628000 301.651 -14626.6 -6.12581
629000 301.881 -14620.8 0.866175
630000 300.33 -14650.1 -6.5665
631000 299.903 -14687.5 7.25412
632000 302.311 -14635.3 9.78235
633000 299.882 -14645.3 2.61879
634000 300.545 -14646.5 -0.382315
635000 299.581 -14684.7 -0.541522
636000 299.069 -14632.7 -7.08223
637000 299.816 -14635.1 5.62647
638000 299.033 -14661.4 -3.26475
639000 300.783 -14672.7 0.466105
640000 300.913 -14644.1 4.12351
641000 301.547 -14645.6 2.47633
642000 302.108 -14584.3 5.7302
643000 299.895 -14632 3.14825
644000 300.704 -14684 7.39476
645000 299.25 -14667.1 1.06403
646000 299.6 -14681.9 1.76586
647000 299.804 -14664.2 0.929005
648000 297.744 -14693 9.89958
649000 301.359 -14702.7 2.03538
650000 298.344 -14683.9 -2.07671
651000 300.289 -14653.4 -3.69441
652000 301.436 -14632.4 3.69181
653000 299.13 -14611.5 16.2655
654000 299.141 -14654.5 10.6349
655000 299.869 -14657.4 -3.05495
656000 299.964 -14611.6 6.31237
657000 302.241 -14624.4 1.64896
658000 298.662 -14622.1 7.44163
659000 300.429 -14656.3 -4.49957
660000 298.394 -14668.7 11.1392
661000 300.525 -14658.6 1.80066
662000 300.137 -14650.5 7.7097
663000 301.919 -14582.7 -11.5273
664000 299.405 -14629.6 1.06246
665000 300.378 -14643.7 -1.61841
666000 300.617 -14629.1 -7.00845
667000 301.002 -14618.7 7.87984
668000 298.6 -14653.4 7.43106
669000 299.39 -14686.6 -0.139106
670000 299.001 -14702.9 -0.713113
671000 298.885 -14703 2.45746
672000 300.066 -14689.1 9.54135
673000 298.51 -14712.5 -3.56339
674000 300.539 -14619.1 4.80527
675000 299.109 -14710.3 -1.70912
676000 298.698 -14687.6 1.62054
677000 301.357 -14655.2 -3.75611
678000 298.763 -14685.4 17.5625
679000 301.947 -14619.6 -12.7453
680000 300.08 -14705.8 10.2975
681000 299.522 -14707.8 -7.66102
682000 301.781 -14658.6 -1.45173
683000 299.79 -14669.3 -0.436614
684000 299.901 -14636.1 12.614
685000 298.544 -14664.3 1.80154
686000 298.174 -14680.6 1.69267
687000 300.997 -14601.6 5.2687
688000 299.318 -14656.1 8.70916
689000 300.257 -14668.2 -6.8428
690000 302.074 -14606.8 4.28446
691000 299.041 -14643.6 -6.83324
692000 301.033 -14646.7 4.42017
693000 299.873 -14666 4.26608
694000 300.608 -14637.1 2.89492
695000 297.818 -14676.9 3.27438
696000 301.015 -14655 -12.4027
697000 300.449 -14623.7 6.08996
698000 298.241 -14682.6 2.25571
699000 299.276 -14604.5 0.562817
700000 299.637 -14637.3 8.72748
701000 299.382 -14648 -2.29851
702000 299.252 -14673.9 10.2731
703000 298.198 -14682.1 -10.3652
704000 301.489 -14605.3 9.02945
705000 302.157 -14570.4 -3.79295
706000 299.426 -14614.7 -2.70612
707000 300.887 -14598.5 16.9285
708000 299.385 -14631 -0.113131
709000 300.912 -14627.8 -6.87034
710000 300.36 -14645.6 -0.00908239
711000 298.696 -14687.6 -1.52116
712000 297.872 -14679.3 5.9872
713000 300.235 -14632.7 -5.15903
714000 300.942 -14615.4 3.8915
715000 302.021 -14634.3 9.59648
716000 300.16 -14637.2 5.09662
717000 300.106 -14690.7 -6.91837
718000 300.249 -14627.3 1.03252
719000 301.085 -14626.8 2.25081
720000 300.51 -14641.3 10.8607
721000 297.502 -14688.1 7.61924
722000 300.072 -14668.8 -0.424009
723000 298.697 -14626.9 5.63809
724000 297.888 -14700.3 -7.46727
725000 299.905 -14637.1 4.11251
726000 298.744 -14660.9 9.35032
727000 300.186 -14638.5 2.7159
728000 301.357 -14624.4 -5.8701
729000 300.107 -14635.5 -0.133276
730000 299.231 -14640.2 -1.43135
731000 300.098 -14645.9 0.570809
732000 299.229 -14651.1 -2.28042
733000 300.934 -14589 7.01231
734000 301.251 -14625.6 4.49727
735000 299.246 -14632.8 7.09163
736000 299.931 -14651.3 -3.28808
737000 299.365 -14673.6 -2.01875
738000 300.027 -14677.9 6.18371
739000 299.454 -14673.4 -7.12269
740000 299.518 -14701.5 3.57725
741000 300.391 -14662.3 -0.11442
742000 298.212 -14701.8 0.383599
743000 300.124 -14641.5 -5.86667
744000 300.21 -14650.8 0.877136
745000 299.874 -14695.7 -0.44629
746000 299.81 -14652.1 -2.69564
747000 302.257 -14671.9 3.70118
748000 298.083 -14741.8 1.78815
749000 298.991 -14669.4 -1.04764
750000 299.864 -14629.9 -3.59136
751000 298.993 -14688.1 1.6701
752000 302.552 -14627.2 -5.69574
753000 298.861 -14642.8 8.04932
754000 298.968 -14687.3 -6.29262
755000 298.766 -14672.8 0.900955
756000 299.64 -14647.7 5.56195
757000 298.851 -14634 -1.27982
758000 299.068 -14620.8 12.0756
759000 300.767 -14621.5 -9.08648
760000 301.746 -14638.7 0.394387
761000 300.733 -14670.7 -7.66886
762000 300.046 -14692.1 13.2692
763000 300.623 -14648.8 -1.12661
764000 297.485 -14705 -3.06091
765000 299.564 -14655.1 3.93248
766000 299.711 -14666.8 -2.35124
767000 299.365 -14680.3 -16
768000 300.514 -14648.7 8.24814
769000 300.704 -14669.2 -1.64153
770000 300.714 -14605.3 4.98251
771000 298.437 -14690.9 -4.87128
772000 299.57 -14706.6 4.84369
773000 300.039 -14635.9 0.105558
774000 299.734 -14630.2 2.04236
775000 300.369 -14626.1 10.0915
776000 300.909 -14655.1 2.40329
777000 298.08 -14707.7 -6.42206
778000 297.826 -14698.5 18.8785
779000 301.261 -14632.9 -5.3847
780000 301.878 -14646.5 -5.4236
781000 301.556 -14641.5 2.75365
782000 299.731 -14636.9 12.0507
783000 300.053 -14664.2 -4.30624
784000 302.01 -14616.7 -1.78676
785000 298.683 -14652.3 4.49229
786000 299.293 -14684.5 -1.12109
787000 300.555 -14640.8 13.6629
788000 299.468 -14698.2 2.0508
789000 301.143 -14615.6 -3.41806
790000 300.65 -14639.7 -5.94474
791000 300.601 -14658.8 -0.176219
792000 299.404 -14657.2 16.156
793000 298.438 -14673.3 1.43067
794000 298.888 -14656.9 4.83523
795000 299.863 -14674.2 -12.9715
796000 301.715 -14605.2 13.6037
797000 300.133 -14633.4 1.61416
798000 301.061 -14629.8 -16.3333
799000 299.667 -14645 5.18198
800000 299.646 -14659.8 12.2131
801000 299.975 -14637.1 0.47604
802000 299.108 -14651.9 0.71147
803000 299.926 -14667.2 -0.305534
804000 297.64 -14703.7 8.69174
805000 299.732 -14660.9 -1.96375
806000 300.369 -14658 -3.29003
807000 300.17 -14671.6 -1.71738
808000 300.407 -14651.8 2.78585
809000 298.276 -14648.2 10.9898
810000 299.264 -14607.2 14.462
811000 299.3 -14674.3 -3.76483
812000 300.02 -14661.9 -8.15801
813000 299.392 -14628 5.0026
814000 300.032 -14662.1 -0.348343
815000 299.384 -14668.3 5.41092
816000 300.488 -14635.7 -8.78928
817000 300.728 -14640.2 0.467769
818000 300.254 -14643.9 4.37405
819000 299.801 -14692.5 -4.09694
820000 300.172 -14657 -0.61653
821000 299.34 -14665 -6.07145
822000 300.864 -14623.9 4.20819
823000 300.025 -14626 -6.65399
824000 302.05 -14638.5 -4.86074
825000 298.277 -14724.7 4.18682
826000 300.73 -14676.5 8.46528
827000 299.683 -14682.8 -8.36855
828000 300.951 -14608.9 -4.93376
829000 300.864 -14661.1 9.17391
830000 298.565 -14629.2 -0.164918
831000 298.403 -14679.5 6.11059
832000 299.045 -14646 8.20771
833000 300.283 -14663.4 2.33901
834000 298.749 -14662.2 -5.50221
835000 299.561 -14667.3 -0.740167
836000 299.921 -14623.1 5.11124
837000 301.592 -14602 -9.63717
838000 299.368 -14684.2 15.6374
839000 300.772 -14642.3 -5.61498
840000 298.068 -14696.3 15.8151
841000 298.63 -14714.5 8.20759
842000 300.362 -14654.8 -5.84051
843000 301.202 -14665 -1.46429
844000 301.139 -14674.9 -2.94154
845000 299.282 -14666.7 3.1288
846000 300.881 -14649.3 -5.60385
847000 300.601 -14626.6 5.36392
848000 302.172 -14617.9 -1.59994
849000 298.023 -14651.3 4.5751
850000 298.942 -14693.8 -6.09132
851000 299.721 -14690.4 1.6705
852000 301.363 -14642.6 -3.11213
853000 300.633 -14658.6 -1.52447
854000 300.639 -14645.5 18.4831
855000 298.786 -14608.4 -2.02976
856000 299.982 -14646.2 7.32542
857000 301.237 -14641.1 5.38382
858000 299.304 -14628.5 0.00124355
859000 301.628 -14699.3 -5.22085
860000 296.785 -14705.4 12.3166
861000 300.565 -14601 -8.69152
862000 300.689 -14668.1 4.28241
863000 301.719 -14659.8 -0.661511
864000 301.011 -14636.7 -3.82297
865000 300.603 -14691 12.3832
866000 303.058 -14658.6 -10.7049
867000 300.727 -14656.6 1.50004
868000 299.104 -14656.2 2.87328
869000 299.546 -14674.2 8.75405
870000 300.027 -14644.6 -11.1783
871000 301.71 -14601 8.01806
872000 299.237 -14637.7 -1.42725
873000 299.008 -14641.1 0.929099
874000 299.598 -14606.7 -6.61828
875000 300.266 -14611.4 -5.61789
876000 300.995 -14613.9 0.212372
877000 300.985 -14658.2 -6.66559
878000 299.437 -14634.7 -5.25153
879000 300.582 -14627 11.324
880000 300.773 -14630.1 -1.16895
881000 300.066 -14642.7 0.525094
882000 301.842 -14610.6 -1.04004
883000 301.049 -14604.7 -3.26204
884000 300.288 -14632.1 1.26215
885000 301.438 -14640.5 -6.06292
886000 301.226 -14614 1.87538
887000 299.969 -14656.8 3.57254
888000 299.701 -14680.7 4.243
889000 300.233 -14653 13.9469
890000 297.779 -14708.6 4.115
891000 301.127 -14632 -1.36524
892000 298.939 -14673.8 1.67537
893000 299.873 -14634 3.54819
894000 301.683 -14638.6 -1.75572
895000 298.346 -14701.3 6.40512
896000 300.135 -14652 -0.534433
897000 299.084 -14628.9 -2.94869
898000 300.901 -14617 1.81338
899000 301.711 -14616.4 -3.75316
900000 299.431 -14616.1 0.810355
901000 299.919 -14670.9 9.06372
902000 299.464 -14680 -3.79832
903000 300.021 -14652.2 -4.62655
904000 299.276 -14642.7 7.8818
905000 299.079 -14659.8 7.24058
906000 300.195 -14636.2 -0.627847
907000 299.724 -14654.3 -0.984719
908000 300.001 -14653.4 -5.41018
909000 300.649 -14665.2 0.262927
910000 300.356 -14648.7 12.749
911000 298.951 -14698.1 -3.0449
912000 299.63 -14635.7 -0.346601
913000 299.257 -14643.2 -7.24405
914000 300.722 -14572 7.07274
915000 300.268 -14638.8 -2.2214
916000 298.067 -14690 -1.98923
917000 300.11 -14640.7 -6.25705
918000 299.167 -14704.3 13.9646
919000 298.687 -14641.5 -6.66655
920000 299.877 -14648.9 0.179579
921000 298.898 -14683.3 8.03472
922000 299.426 -14702.8 -7.2952
923000 301.561 -14575.1 3.97898
924000 301.148 -14601.3 5.00318
925000 300.222 -14621.1 10.1173
926000 300.048 -14658.1 -6.05812
927000 301.663 -14610.1 -1.9518
928000 298.715 -14658.2 0.0735249
929000 298.161 -14663.8 14.78
930000 300.501 -14631.5 -2.54507
931000 299.347 -14699.7 -8.96152
932000 299.613 -14690 13.6898
933000 300.856 -14614.3 1.282
934000 299.664 -14636.4 -5.33126
935000 300.598 -14621.4 -3.88671
936000 300.21 -14659.9 3.31111
937000 299.867 -14673.1 -1.41019
938000 300.672 -14620.3 3.42204
939000 300.297 -14625.8 17.4374
940000 299.249 -14709.1 -14.5567
941000 299.826 -14621.8 -5.58773
942000 300.862 -14634.3 1.43355
943000 301.041 -14637.2 -2.47803
944000 299.406 -14689.1 7.37379
945000 299.728 -14658.2 0.10179
946000 297.485 -14664.3 10.7846
947000 299.29 -14660.3 -4.32509
948000 301.112 -14629.9 -1.56189
949000 298.832 -14668.6 7.55871
950000 299.901 -14620.1 0.957764
951000 297.499 -14658.8 5.94069
952000 300.011 -14632.6 -13.9327
953000 300.331 -14605 3.52771
954000 300.088 -14656.9 15.5785
955000 300.013 -14652.1 5.17504
956000 302.038 -14608.5 1.86433
957000 300.154 -14633.3 3.63552
958000 302.228 -14552.2 -0.751725
959000 300.097 -14699.7 4.44184
960000 299.154 -14617.7 -8.57984
961000 299.879 -14660 8.32557
962000 300.027 -14667.5 -10.5711
963000 301.437 -14659.9 1.41909
964000 299.184 -14657 11.68
965000 299.977 -14687.7 -4.33871
966000 300.769 -14671.4 -4.23356
967000 299.519 -14628.2 7.73558
968000 300.645 -14621.1 -7.26355
969000 301.622 -14648.7 11.1272
970000 300.913 -14684.6 -1.34321
971000 301.261 -14625.4 0.57219
972000 299.48 -14650.5 4.002
973000 300.093 -14673 -3.79293
974000 299.519 -14651.1 10.2417
975000 299.54 -14633 -3.12679
976000 300.207 -14598.6 -2.30533
977000 299.728 -14662.7 -4.83355
978000 301.684 -14547.5 4.82295
979000 299.434 -14693.5 -7.84549
980000 299.719 -14573.6 11.5507
981000 300.043 -14642.6 -14.7021
982000 299.712 -14638.5 4.01321
983000 300.083 -14703.2 -5.69725
984000 299.917 -14695.4 10.2547
985000 301.843 -14625.8 0.299224
986000 300.088 -14620.8 6.37523
987000 299.918 -14617.8 -12.592
988000 300.634 -14633.2 -2.89488
989000 299.713 -14687.4 -1.47234
990000 300.67 -14616.3 1.04578
991000 299.236 -14642.1 -1.21787
992000 300.597 -14619.5 9.53571
993000 297.445 -14661 6.644
994000 298.363 -14697.2 -13.4733
995000 301.011 -14627.7 -0.289101
996000 298.585 -14689.3 12.7042
997000 299.321 -14662.7 7.73944
998000 298.676 -14614.2 2.42759
999000 302.367 -14640.1 1.21301
1000000 299.799 -14635.1 -8.73229
1001000 298.425 -14700.4 3.2251
1002000 298.924 -14685.5 4.66813
1003000 301.683 -14643 7.70116
1004000 299.925 -14616.1 -6.04144
1005000 300.501 -14658.8 12.6492
1006000 301.699 -14550.2 -3.06416
1007000 299.629 -14638.5 13.7828
1008000 300.788 -14680.4 4.83803
1009000 297.98 -14711.9 -9.35089
1010000 298.669 -14624.5 17.4576
1011000 299.851 -14641.9 -3.65558
1012000 299.138 -14679.6 -3.38564
1013000 299.833 -14686.8 17.6721
1014000 300.649 -14650 -12.0646
1015000 300.719 -14655.4 4.96751
1016000 300.321 -14607.2 -7.133
1017000 298.542 -14652.4 -6.61473
1018000 301.687 -14633.6 -9.63904
1019000 299.522 -14643.7 9.2551
1020000 298.643 -14683.2 8.44311
1021000 303.01 -14570.4 -2.22833
1022000 300.36 -14649.3 3.46875
1023000 299.185 -14625.3 -11.9926
1024000 299.873 -14636.4 16.0362
1025000 299.181 -14660.8 -1.12583
1026000 301.545 -14623.2 -9.46169
1027000 299.914 -14645 -1.409
1028000 300.33 -14619.4 2.81942
1029000 299.573 -14695.4 -8.73029
1030000 300.186 -14634.9 5.04311
1031000 298.014 -14670.3 3.28298
1032000 300.662 -14642.1 2.89525
1033000 300.556 -14676.6 -6.40764
1034000 298.724 -14707.8 4.41917
1035000 299.795 -14641.3 10.9879
1036000 300.072 -14614.8 -4.93398
1037000 302.026 -14620.2 -6.2701
1038000 301.212 -14648.9 -1.21396
1039000 300.29 -14670.5 8.92355
1040000 300.969 -14609.2 -9.60707
1041000 299.607 -14673.6 -8.58551
1042000 301.148 -14635.3 1.25751
1043000 299.584 -14679.4 -1.38844
1044000 299.212 -14652.5 6.78146
1045000 299.126 -14706.3 -14.3858
1046000 299.814 -14677.7 3.44191
1047000 298.77 -14686.6 11.0749
1048000 299 -14676.2 1.34445
1049000 300.472 -14687.8 8.52545
1050000 300.36 -14622.4 0.255681
1051000 301.258 -14634.4 12.2213
1052000 300.385 -14676.7 12.4396
1053000 300.126 -14667.7 -13.0315
1054000 299.888 -14684 0.371344
1055000 302.476 -14631.5 -4.14578
1056000 302.493 -14614.5 3.24105
1057000 300.398 -14656.6 0.8668
1058000 301.649 -14642.9 14.7368
1059000 301.327 -14644.2 -9.49752
1060000 300.451 -14625.7 9.61209
1061000 301.437 -14607.5 -1.4606
1062000 299.397 -14641.2 7.66598
1063000 299.501 -14645 12.4935
1064000 297.709 -14631.7 -10.9501
1065000 300.409 -14628.5 0.283494
1066000 301.145 -14644.9 -1.81142
1067000 301.447 -14629.1 -12.7243
1068000 302.515 -14608.9 3.06695
1069000 301.389 -14613 2.08835
1070000 300.088 -14654.5 2.67997
1071000 299.468 -14649.5 4.79365
1072000 299.506 -14658.5 9.04771
1073000 301.135 -14610.3 3.68588
1074000 301.817 -14615 3.10734
1075000 301.241 -14602.6 -1.52055
1076000 299.082 -14674.3 5.76755
1077000 298.29 -14648.1 1.74393
1078000 300.416 -14635 -8.40589
1079000 301.285 -14633.8 4.65157
1080000 299.579 -14704 -1.81968
1081000 301.869 -14599.7 -3.78251
1082000 301.24 -14633.2 -2.67698
1083000 300.018 -14667.6 4.90913
1084000 300.504 -14623.1 5.03076
1085000 300.897 -14616.3 10.3177
1086000 299.816 -14608.8 -1.07525
1087000 299.194 -14667.6 1.12032
1088000 300.484 -14624.3 8.30087
1089000 297.96 -14695.1 11.5116
1090000 300.197 -14631.9 1.25255
1091000 300.925 -14661.4 8.30138
1092000 298.836 -14652.3 -5.45706
1093000 298.338 -14663.2 4.51595
1094000 299.482 -14698 -7.35001
1095000 300.19 -14655.8 0.249793
1096000 299.392 -14689.2 4.16202
1097000 300.066 -14665.9 6.61644
1098000 299.089 -14641.2 13.0307
1099000 301.311 -14638.8 -3.52764
1100000 300.278 -14634.4 -2.75587
1101000 298.915 -14602.2 -4.24621
1102000 298.704 -14635.6 5.4985
1103000 299.819 -14666.5 9.75534
1104000 299.245 -14677.8 -7.68732
1105000 299.321 -14627.1 9.68518
1106000 299.56 -14664.4 -7.2036
1107000 297.719 -14702.4 11.5538
1108000 300.884 -14690.6 -3.05196
1109000 299.016 -14663.5 2.55766
1110000 298.928 -14664.7 -3.34711
1111000 299.622 -14651.9 -2.0537
1112000 298.499 -14667.4 5.46597
1113000 299.651 -14651.3 6.45547
1114000 299.689 -14599.5 -6.37516
1115000 299.829 -14627 -0.363366
1116000 300.825 -14604.8 5.44175
1117000 300.781 -14646.5 -4.8249
1118000 300.573 -14600.1 3.70496
1119000 299.964 -14612.1 3.05341
1120000 300.737 -14660.3 -1.39855
1121000 299.081 -14632.7 1.22332
1122000 299.948 -14692.7 -1.81354
1123000 299.474 -14635.8 13.0033
1124000 300.676 -14648.2 14.4387
1125000 299.54 -14695.1 5.45444
1126000 299.452 -14638.3 0.432033
1127000 300.381 -14621.2 2.61183
1128000 303.311 -14598.3 -8.85962
1129000 299.529 -14644.8 5.13644
1130000 301.313 -14593.8 -4.19416
1131000 301.954 -14637.7 0.895603
1132000 299.694 -14678.3 4.78966
1133000 299.857 -14654.9 -4.70291
1134000 298.908 -14672.7 -8.73723
1135000 298.912 -14609.5 -6.62958
1136000 300.385 -14629.5 18.5885
1137000 300.765 -14670.1 4.92835
1138000 299.469 -14723.4 -14.7777
1139000 300.404 -14629.5 8.46614
1140000 299.79 -14659.6 -5.70838
1141000 299.911 -14628.7 -8.44745
1142000 301.089 -14635.9 -1.07262
1143000 298.871 -14661.3 8.90877
1144000 301.273 -14625.1 0.349573
1145000 299.979 -14651.6 12.4764
1146000 300.742 -14634.9 6.31302
1147000 299.765 -14578.7 0.805918
1148000 299.026 -14655.3 8.44476
1149000 302.276 -14636 3.7604
1150000 300.785 -14574 -0.0177223
1151000 300.553 -14638.8 3.5278
1152000 299.432 -14655.4 2.55832
1153000 300.875 -14666.5 -2.74055
1154000 298.659 -14708 2.17853
1155000 299.38 -14713.4 -12.1908
1156000 300.778 -14662.1 7.4819
1157000 298.447 -14653 6.7512
1158000 300.164 -14619.8 2.07929
1159000 299.449 -14582.2 16.422
1160000 298.643 -14638.2 -4.06506
1161000 301.803 -14597.4 12.6361
1162000 300.078 -14659.7 -14.7571
1163000 299.759 -14615 -1.2141
1164000 298.631 -14695.8 6.47979
1165000 300.508 -14643.6 -6.06356
1166000 299.28 -14637.7 4.02743
1167000 298.819 -14706 11.2814
1168000 302.13 -14605.4 -8.00377
1169000 299.697 -14673.8 -7.57146
1170000 298.601 -14634.4 7.40604
1171000 300.252 -14711.5 -0.126275
1172000 299.874 -14675.7 -4.7458
1173000 300.57 -14661.7 -4.29045
1174000 300.608 -14640.1 1.23058
1175000 300.753 -14631.5 -0.793147
1176000 301.315 -14623 -11.9005
1177000 300.055 -14668 4.541
1178000 299.228 -14652 7.73955
1179000 299.784 -14657.7 -0.0905096
1180000 298.494 -14669.6 16.2942
1181000 301.503 -14623.6 -13.7599
1182000 299.905 -14649.6 3.25002
1183000 298.144 -14729.5 12.0966
1184000 299.305 -14712.8 -6.26575
1185000 300.127 -14678 -1.75603
1186000 299.451 -14624.4 6.28317
1187000 300.7 -14643.5 -5.98767
1188000 300.419 -14658.1 0.31942
1189000 299.713 -14601.2 -5.04373
1190000 298.795 -14621.5 8.35834
1191000 300.029 -14684.4 1.23163
1192000 300.018 -14658.8 -8.5428
1193000 300.613 -14634.4 7.07948
1194000 300.612 -14634.7 1.04134
1195000 300.024 -14684.2 0.108683
1196000 299.479 -14690.6 -1.57038
1197000 300.416 -14649.8 -6.30081
1198000 299.299 -14675.3 9.51789
1199000 298.826 -14713 -8.10184
1200000 301.225 -14668 1.54796
1201000 298.513 -14647.3 -4.00855
1202000 299.856 -14646.2 7.66601
1203000 300.602 -14693.3 -7.95518
1204000 300.659 -14663.7 -2.45874
1205000 300.116 -14637.8 -1.97835
1206000 299.091 -14670.9 5.65813
1207000 300.549 -14646 -0.871837
1208000 300.086 -14639.4 -1.89636
1209000 299.404 -14644.6 11.677
1210000 299.063 -14665.4 -0.726435
1211000 300.41 -14666 -15.0315
1212000 300.226 -14659 3.56586
1213000 298.501 -14679.4 -2.11339
1214000 300.284 -14678 -4.03063
1215000 299.67 -14625.7 8.77721
1216000 299.256 -14637.4 -2.27374
1217000 300.694 -14603.7 -2.86494
1218000 302.3 -14611.9 8.82309
1219000 299.615 -14642.8 -5.47812
1220000 300.36 -14671.8 -11.1501
1221000 300.141 -14626.5 -0.671237
1222000 299.848 -14657.5 -8.73361
1223000 297.972 -14719 -3.41854
1224000 300.663 -14694.9 10.4768
1225000 300.134 -14661.8 -17.2774
1226000 299.8 -14623.8 1.16366
1227000 300.156 -14588.4 -0.208446
1228000 298.573 -14654.1 14.0023
1229000 300.968 -14661.4 -3.7708
1230000 301.544 -14633 5.06074
1231000 301.148 -14679.3 6.5946
1232000 300.706 -14648.8 -8.67764
1233000 299.632 -14666.9 8.60289
1234000 299.653 -14634.1 0.917169
1235000 301.089 -14645.2 -9.59421
1236000 299.642 -14685.8 11.5684
1237000 301.242 -14662 2.68053
1238000 297.837 -14759 6.43541
1239000 300.397 -14679.1 -9.73483
1240000 300.54 -14663.7 4.1154
1241000 300.309 -14584.6 11.771
1242000 299.488 -14649.1 0.491978
1243000 298.672 -14695.3 0.519823
1244000 301.986 -14654.7 -10.1243
1245000 300.345 -14617.5 12.4729
1246000 302.167 -14626.2 -4.46539
1247000 299.934 -14641.3 0.346299
1248000 299.185 -14656.5 11.3379
1249000 298.97 -14666.7 -10.9582
1250000 299.016 -14679.5 -0.936351
1251000 300.956 -14662.9 6.73213
1252000 299.529 -14652.6 4.00572
1253000 298.968 -14656.3 -0.269417
1254000 299.615 -14630.1 -12.657
1255000 300.4 -14679.5 1.07893
1256000 298.463 -14647.1 9.07507
1257000 299.771 -14611.1 6.38771
1258000 299.179 -14697.6 8.26568
1259000 299.472 -14627.1 4.65348
1260000 299.443 -14626.4 -6.27242
1261000 302.13 -14620.8 11.4345
1262000 298.524 -14629.4 -2.08503
1263000 298.288 -14664 13.4766
1264000 300.863 -14604.8 -5.01501
1265000 301.186 -14600.6 3.35992
1266000 301.723 -14656.9 -3.05061
1267000 299.727 -14681.5 -9.82504
1268000 299.188 -14651.5 17.192
1269000 300.875 -14565.5 3.615
1270000 300.256 -14630.7 -2.98139
1271000 299.961 -14642.8 1.47423
1272000 299.137 -14650.7 13.9549
1273000 300.764 -14606 -0.288944
1274000 300.613 -14602.2 -15.083
1275000 301.171 -14642.3 8.16885
1276000 300.247 -14634 -7.87606
1277000 299.885 -14624.8 14.4381
1278000 299.342 -14660.2 -9.85478
1279000 299.725 -14650.8 5.37415
1280000 299.77 -14652.9 1.48815
1281000 297.404 -14619 1.62123
1282000 296.895 -14704.3 12.4394
1283000 300.481 -14640.8 -21.3611
1284000 300.853 -14653.9 4.8564
1285000 300.211 -14630 -3.06499
1286000 299.78 -14647.8 6.64877
1287000 300.293 -14637.7 0.0689222
1288000 299.154 -14664.3 -0.836051
1289000 300.601 -14662.1 -1.32886
1290000 300.123 -14659.8 -2.31575
1291000 301.462 -14656.7 5.58263
1292000 301.742 -14662.1 -6.44468
1293000 301.177 -14641.3 -4.95755
1294000 300.619 -14612.1 6.75517
1295000 299.862 -14577 4.68602
1296000 298.549 -14627 6.74464
1297000 301.337 -14643.1 1.63465
1298000 300.579 -14655.1 -8.99387
1299000 299.724 -14650.9 7.63547
1300000 299 -14689.3 -1.81248
1301000 302.089 -14622.6 -4.91346
1302000 299.313 -14658.2 0.777462
1303000 299.799 -14669.8 -0.224043
1304000 301.223 -14667.7 7.29155
1305000 299.687 -14639.7 -2.20604
1306000 297.236 -14703.7 3.43763
1307000 299.922 -14656.5 -5.58776
1308000 298.607 -14686.6 7.27389
1309000 300.321 -14597.2 11.813
1310000 300.042 -14611.1 -2.8525
1311000 302.484 -14570.2 0.24525
1312000 300.582 -14668.8 0.595829
1313000 298.879 -14654.4 6.93673
1314000 299.371 -14642.3 4.85199
1315000 299.449 -14642.7 9.86599
1316000 300.485 -14630.7 -3.20931
1317000 299.192 -14663.1 7.91563
1318000 301.639 -14663.5 -3.60863
1319000 299.466 -14665.9 0.653666
1320000 301.039 -14602.5 6.76067
1321000 301.258 -14627.4 -3.85529
1322000 300.472 -14654.2 5.07295
1323000 299.956 -14693.8 1.76852
1324000 299.329 -14661 8.2386
1325000 299.943 -14658.9 -3.71111
1326000 298.434 -14683.6 -2.58811
1327000 300.028 -14671.8 4.87409
1328000 300.224 -14659.2 9.39193
1329000 301.089 -14640.2 1.23459
1330000 299.538 -14672.6 -3.23227
1331000 301.619 -14631.3 0.896694
1332000 300.167 -14596.1 9.94252
1333000 300.838 -14619.8 -4.20392
1334000 300.066 -14618.7 2.16879
1335000 299.831 -14684.4 -2.75305
1336000 300.973 -14665.9 7.6896
1337000 299.29 -14639.8 1.8726
1338000 299.667 -14699.4 3.48444
1339000 300.692 -14734.8 2.24675
1340000 298.444 -14655.5 0.438883
1341000 300.6 -14614.8 1.25465
1342000 301.565 -14667.5 -0.736576
1343000 300.863 -14644 -6.42658
1344000 300.867 -14598.6 -0.413452
1345000 299.152 -14634.2 9.01743
1346000 301.538 -14652.1 -9.55962
1347000 300.412 -14649.6 10.2212
1348000 299.123 -14654.2 -6.45325
1349000 301.94 -14633.4 7.39208
1350000 296.729 -14719.3 -7.69847
1351000 300.924 -14699.1 7.5879
1352000 299.29 -14625.1 -3.7116
1353000 300.207 -14617.6 0.307145
1354000 299.552 -14610.7 12.334
1355000 299.706 -14627.1 -1.82889
1356000 298.775 -14644.3 9.71878
1357000 299.935 -14646 3.84098
1358000 299.458 -14667.3 2.12575
1359000 298.756 -14629.1 -11.4159
1360000 300.313 -14631.2 3.44968
1361000 301.506 -14603.5 5.36427
1362000 299.39 -14643.7 -9.43063
1363000 299.643 -14700.3 -0.24811
1364000 300.651 -14691.3 -5.18715
1365000 300.446 -14616.7 -3.98935
1366000 301.281 -14651.6 -3.77345
1367000 301.48 -14589.1 -6.95602
1368000 301.447 -14630.1 1.62088
1369000 299.732 -14647.5 5.61404
1370000 299.971 -14711.5 2.87057
1371000 302.34 -14621.8 5.35231
1372000 300.927 -14630.3 -1.43609
1373000 299.063 -14652.4 -0.431148
1374000 299.523 -14679.6 2.5069
1375000 299.45 -14624.7 5.69549
1376000 299.733 -14645.1 9.68423
1377000 297.989 -14653.2 3.47747
1378000 299.689 -14606 -5.23525
1379000 300.501 -14630.7 2.66147
1380000 300.618 -14682.3 -5.21806
1381000 300.598 -14658.4 0.472893
1382000 300.675 -14667.6 -7.45271
1383000 299.715 -14690.7 2.24278
1384000 297.361 -14701.5 4.63499
1385000 300.207 -14652.6 6.40521
1386000 300.265 -14589.5 3.2106
1387000 300.956 -14587.9 -4.94906
1388000 300.052 -14674.9 3.03024
1389000 299.729 -14684.1 -5.88652
1390000 300.878 -14678.2 -3.06914
1391000 299.891 -14681.1 3.2693
1392000 300.437 -14665.6 -0.367979
1393000 299.757 -14651.2 -7.94324
1394000 299.116 -14628.7 9.29125
1395000 299.682 -14641.1 -1.70027
1396000 300.584 -14682.8 1.42331
1397000 299.736 -14635.9 12.9867
1398000 300.949 -14646.1 -9.22438
1399000 299.356 -14639 14.6567
1400000 299.843 -14670.6 1.4086
1401000 299.294 -14682.7 0.376381
1402000 299.305 -14646.8 -4.08271
1403000 299.717 -14672.9 10.2123
1404000 299.57 -14670.2 3.51781
1405000 300.161 -14646.4 0.330989
1406000 301.698 -14654.7 -0.0742994
1407000 299.488 -14667.4 -7.84838
1408000 298.772 -14685 5.71819
1409000 300.032 -14667.1 -4.95506
1410000 300.482 -14656.7 13.8435
1411000 300.475 -14646.8 0.490928
1412000 301.611 -14582 -1.75578
1413000 299.17 -14632 10.8819
1414000 300.373 -14609.5 -4.79532
1415000 299.952 -14616.7 3.91604
1416000 301.119 -14612 -1.13994
1417000 299.297 -14646.3 -1.68488
1418000 297.977 -14670.5 -5.359
1419000 300.365 -14664.1 8.39355
1420000 300.023 -14666.1 -3.65965
1421000 299.766 -14672.5 5.40663
1422000 302.088 -14614.2 -4.16266
1423000 299.843 -14602.5 -2.19006
1424000 302.081 -14577.1 -1.15695
1425000 301.306 -14654 5.05937
1426000 299.093 -14632.2 3.07531
1427000 299.992 -14634.8 7.29491
1428000 301.376 -14618.3 -9.36407
1429000 301.193 -14658.2 16.944
1430000 299.885 -14620.6 -3.39977
1431000 301.625 -14599.2 10.1114
1432000 300.376 -14623.5 1.1092
1433000 301.707 -14608.8 -6.12397
1434000 299.937 -14741.2 6.26621
1435000 300.205 -14672.5 -6.67977
1436000 299.781 -14648.8 -1.81732
1437000 301.941 -14625.9 1.0044
1438000 299.404 -14674.6 3.71571
1439000 299.927 -14649.1 -6.10996
1440000 301.685 -14635.3 11.3046
1441000 301.324 -14627.1 -3.13031
1442000 297.492 -14660.3 10.5043
1443000 299.589 -14654.4 2.6884
1444000 298.81 -14645.7 9.72779
1445000 299.937 -14587.3 -4.39859
1446000 300.719 -14610.1 8.2188
1447000 299.313 -14639.5 -4.13661
1448000 298.713 -14686.4 3.97893
1449000 300.492 -14628.6 1.1519
1450000 299.007 -14646 9.4906
1451000 300.992 -14671.1 0.336615
1452000 299.388 -14698.1 8.93058
1453000 300.309 -14660.4 -7.9294
1454000 299.689 -14668.3 7.14127
1455000 298.31 -14674.7 6.50323
1456000 299.959 -14644.6 -0.179607
1457000 301.16 -14609.4 -5.6078
1458000 301.091 -14636.9 0.90962
1459000 297.946 -14674.9 16.4569
1460000 298.824 -14673.1 -1.80401
1461000 299.717 -14611.5 2.19809
1462000 298.586 -14693.5 15.819
1463000 300.09 -14652.3 -7.79533
1464000 301.19 -14603.7 8.10551
1465000 299.082 -14614.8 -12.5108
1466000 298.349 -14695.7 7.6999
1467000 302.006 -14629.8 2.56322
1468000 300.854 -14659 -4.00665
1469000 300.565 -14640.8 3.81644
1470000 299.279 -14672 14.2518
1471000 298.834 -14701.6 -4.07567
1472000 299.95 -14648.3 2.66499
1473000 298.954 -14644.3 -0.59775
1474000 299.618 -14673.6 6.91457
1475000 299.066 -14685.5 -2.25181
1476000 300.013 -14628.3 7.12943
1477000 299.108 -14670.4 2.96585
1478000 299.735 -14664.9 -4.67134
1479000 299.884 -14675.3 -1.0273
1480000 301.57 -14612.3 6.94976
1481000 300.155 -14640.7 6.72052
1482000 299.286 -14652.3 -1.0644
1483000 300.682 -14684.9 0.626629
1484000 300.223 -14645.6 9.09069
1485000 298.205 -14684.9 6.5965
1486000 299.66 -14667.2 2.58539
1487000 300.191 -14639.8 -7.4471
1488000 299.208 -14616.1 4.25223
1489000 299.65 -14596.9 14.5273
1490000 300.984 -14634.3 -0.409656
1491000 298.674 -14656.5 -0.348445
1492000 300.234 -14651.3 -13.5081
1493000 298.437 -14689.7 13.2444
1494000 300.428 -14620.9 7.41047
1495000 299.106 -14619.2 -10.5265
1496000 300.252 -14702.1 -3.2943
1497000 301.323 -14627.4 -13.4512
1498000 301.676 -14629.4 14.3982
1499000 299.157 -14665.3 0.640255
1500000 300.251 -14694.9 -5.48358
1501000 301.594 -14651.5 18.4974
1502000 299.758 -14648.4 -8.35213
1503000 298.627 -14686.6 -1.97172
1504000 299.969 -14619.8 -3.98
1505000 299.614 -14643.5 10.6212
1506000 299.951 -14637.1 5.63014
1507000 299.878 -14656.2 1.83139
1508000 298.325 -14678.7 -9.00699
1509000 301.649 -14662.3 9.62277
1510000 300.96 -14608.6 10.7251
1511000 298.996 -14663.9 4.69439
1512000 299.783 -14661 -5.96039
1513000 301.525 -14657.7 6.13065
1514000 301.047 -14653.1 -1.68955
1515000 300.942 -14672.5 -0.315115
1516000 299.78 -14682 12.6259
1517000 300.9 -14606.3 -9.12396
1518000 300.486 -14622.1 1.2029
1519000 300.356 -14603.9 6.94193
1520000 301.972 -14619.8 -1.55733
1521000 300.433 -14659.7 4.74912
1522000 299.517 -14652.7 -3.50781
1523000 299.295 -14693.9 1.73405
1524000 299.039 -14648.8 20.3836
1525000 299.227 -14660.4 -3.22901
1526000 298.596 -14669.6 2.14793
1527000 301.281 -14645.1 -4.53298
1528000 299.03 -14665.9 7.82768
1529000 298.657 -14663.3 0.382102
1530000 300.825 -14623.7 3.55465
1531000 299.049 -14677.4 21.725
1532000 298.52 -14654.9 -9.26408
1533000 300.253 -14644.2 -1.10973
1534000 302.404 -14628 -4.78553
1535000 299.577 -14651.5 -1.79559
1536000 301.627 -14636.2 8.23338
1537000 300.636 -14639.8 -2.12719
1538000 299.061 -14668.2 10.6084
1539000 300.479 -14637.8 3.28385
1540000 298.842 -14693.5 -8.91044
1541000 300.825 -14626.4 7.18072
1542000 298.919 -14667.5 -10.0053
1543000 301.684 -14603.1 0.107052
1544000 300.284 -14686 1.82953
1545000 299.708 -14679.3 -1.15877
1546000 300.076 -14648.7 2.28756
1547000 300.915 -14597.5 -3.83321
1548000 298.917 -14685.8 -5.11688
1549000 300.361 -14629.6 0.100696
1550000 298.409 -14659.9 7.85517
1551000 298.573 -14691.5 -1.40133
1552000 300.094 -14662.3 -10.4626
1553000 300.348 -14605.7 0.442475
1554000 297.827 -14654.8 10.2906
1555000 299.415 -14636.3 11.3633
1556000 301.028 -14658 -0.773206
1557000 300.559 -14686.5 -4.9629
1558000 301.082 -14640.9 -2.3332
1559000 299.825 -14667.7 -1.82009
1560000 300.078 -14612.7 -3.88367
1561000 300.943 -14661.1 1.53442
1562000 301.175 -14600 17.4202
1563000 298.609 -14642.9 1.51379
1564000 298.767 -14618.7 2.76408
1565000 300.501 -14639.8 -12.7978
1566000 298.265 -14681.4 12.0562
1567000 300.315 -14650.6 5.53805
1568000 299.013 -14652.2 -4.8547
1569000 297.969 -14686.4 -0.890901
1570000 299.943 -14666 -3.52582
1571000 301.843 -14637.8 0.972927
1572000 299.906 -14623.2 3.21654
1573000 299.979 -14663.4 6.66518
1574000 298.68 -14657.7 3.79214
1575000 299.197 -14643.5 -4.59675
1576000 300.507 -14629.5 13.3253
1577000 300.092 -14658.2 -0.345651
1578000 301.162 -14671.5 -0.281934
1579000 299.55 -14708.7 -6.86871
1580000 301.213 -14637.6 2.64443
1581000 298.911 -14707.2 0.942764
1582000 300.114 -14660.8 0.0272388
1583000 299.117 -14673.5 13.5025
1584000 298.63 -14683.1 -4.03301
1585000 298.827 -14617.3 -1.55329
1586000 298.984 -14664.8 10.6467
1587000 299.03 -14696.9 -1.27117
1588000 300.64 -14676.9 -3.81391
1589000 298.342 -14670.8 1.39804
1590000 301.032 -14687.1 -9.80815
1591000 300.479 -14668.5 4.50799
1592000 298.479 -14679.3 15.2486
1593000 299.229 -14633.5 -11.4884
1594000 299.061 -14676.9 15.2608
1595000 298.31 -14669 5.57226
1596000 300.207 -14629.8 -0.0246136
1597000 300.823 -14577.4 -4.82841
1598000 301.713 -14602.4 9.23476
1599000 299.915 -14660.3 4.17895
1600000 299.272 -14620.8 11.2542
1601000 301.696 -14628.3 -2.01742
1602000 300.004 -14674.5 15.7037
1603000 299.434 -14724.4 10.6464
1604000 299.991 -14689.8 -9.79155
1605000 300.413 -14618.8 3.99718
1606000 298.274 -14640.6 4.31172
1607000 299.797 -14674.3 -3.99689
1608000 299.534 -14679.3 8.00847
1609000 300.942 -14586 0.29024
1610000 300.036 -14662.3 0.939954
1611000 299.24 -14657.9 3.06675
1612000 301.126 -14627.1 0.631682
1613000 299.355 -14682.4 3.48936
1614000 300.175 -14641.5 9.00615
1615000 298.322 -14706.5 -3.37502
1616000 299.359 -14659 -5.0057
1617000 301.467 -14634.4 -2.65345
1618000 300.2 -14687 0.0421055
1619000 299.999 -14710.7 -0.940825
1620000 298.65 -14697.3 4.14953
1621000 299.564 -14677.3 2.55765
1622000 301.778 -14647.2 2.06953
1623000 301.175 -14601.2 8.86319
1624000 301.235 -14617.7 0.630623
1625000 299.894 -14634.8 8.20727
1626000 299.741 -14674.6 -6.11813
1627000 299.235 -14648.8 15.1502
1628000 300.917 -14638.6 3.42075
1629000 300.178 -14658.2 -5.39187
1630000 300.08 -14680.4 7.1415
1631000 301.317 -14589.1 -4.58729
1632000 301.865 -14602.1 4.17782
1633000 299.679 -14604.9 6.0459
1634000 302.03 -14616.3 2.61565
1635000 300.427 -14688.3 -14.531
1636000 301.71 -14638.2 10.8301
1637000 301.921 -14614.5 -2.42136
1638000 299.395 -14609.2 1.14418
1639000 300.699 -14626.8 12.6571
1640000 299.584 -14652.7 -8.1971
1641000 299.569 -14651.5 0.729624
1642000 300.517 -14667.4 11.4967
1643000 302.459 -14601.3 -2.21782
1644000 298.955 -14688 -10.4584
1645000 300.55 -14710 -0.439234
1646000 300.259 -14688.1 10.1544
1647000 300.82 -14652.9 0.637343
1648000 302.119 -14630 0.322623
1649000 299.561 -14639.1 -12.0559
1650000 299.444 -14644.4 -1.78002
1651000 301.209 -14647.3 5.53515
1652000 299.984 -14643.2 6.5751
1653000 301.856 -14618.5 4.18884
1654000 299.592 -14663.5 5.77885
1655000 299.175 -14619.8 -1.80182
1656000 300.103 -14658.8 -1.98064
1657000 298.41 -14731.3 2.05533
1658000 298.757 -14665.9 -2.87192
1659000 299.815 -14646.3 -4.97283
1660000 299.736 -14623.7 3.32151
1661000 298.372 -14647.1 5.39419
1662000 301.075 -14587.9 1.73746
1663000 300.611 -14656.5 -3.04483
1664000 301.838 -14627.1 3.06123
1665000 302.255 -14628.9 0.974338
1666000 301.577 -14638.3 3.79677
1667000 300.147 -14652.6 -5.23366
1668000 299.837 -14677 12.3949
1669000 298.964 -14700.7 -12.0178
1670000 298.983 -14675.7 4.5998
1671000 298.188 -14664.2 8.95018
1672000 299.205 -14668.9 2.37841
1673000 299.608 -14678.4 -0.627806
1674000 298.908 -14654.7 6.62253
1675000 298.894 -14629.5 1.14492
1676000 300.854 -14647 -14.1131
1677000 300.372 -14665.4 12.0455
1678000 300.657 -14619.6 0.851029
1679000 299.72 -14665.5 8.52388
1680000 300.615 -14658.6 -0.110115
1681000 296.726 -14674.2 1.72859
1682000 299.716 -14697.8 2.2469
1683000 301.45 -14663.6 -0.654079
1684000 301.516 -14608.9 -4.64613
1685000 298.637 -14722.9 10.6038
1686000 300.296 -14660.5 -0.969043
1687000 299.656 -14658.6 -0.0103158
1688000 300.285 -14642.9 0.152447
1689000 300.01 -14642.3 7.6488
1690000 299.768 -14676.7 10.4982
1691000 301.411 -14633.4 -9.71071
1692000 299.472 -14655.9 3.13224
1693000 299.642 -14695.6 -12.8914
1694000 299.422 -14672.3 9.12815
1695000 298.569 -14645.8 7.93988
1696000 299.253 -14669 -4.55543
1697000 300.162 -14699.7 4.95096
1698000 300.91 -14636.4 -7.27619
1699000 301.029 -14626.5 8.67486
1700000 300.826 -14603.5 -1.28247
1701000 299.656 -14636.5 19.3329
1702000 300.514 -14613.8 -4.46949
1703000 299.614 -14611.3 5.55055
1704000 299.008 -14659.3 7.46954
1705000 299.704 -14675.9 1.4946
1706000 300.687 -14690.8 1.87838
1707000 299.952 -14637.6 11.6036
1708000 300.451 -14614.7 1.14544
1709000 298.323 -14670.6 -0.560531
1710000 299.184 -14655.6 -3.43927
1711000 301.46 -14645.4 3.63123
1712000 300.218 -14687.7 -1.66343
1713000 298.714 -14687.8 0.818827
1714000 299.34 -14660.9 8.35302
1715000 299.736 -14650.5 -4.0903
1716000 298.863 -14650.1 -4.3028
1717000 301.295 -14584.9 -2.72603
1718000 299.379 -14615.1 -2.7847
1719000 300.418 -14662.1 10.282
1720000 299.901 -14662.2 3.88622
1721000 299.572 -14649.9 7.47431
1722000 302.107 -14631.7 -4.81896
1723000 301.134 -14665.5 0.171229
1724000 300.034 -14601.8 -0.496018
1725000 299.891 -14644.4 -1.0778
1726000 300.689 -14650.2 -2.48144
1727000 299.993 -14641.6 4.51799
1728000 299.074 -14679.6 17.9651
1729000 298.062 -14643.8 -5.23208
1730000 300.019 -14681.3 9.80376
1731000 298.666 -14704.5 5.40951
1732000 300.965 -14662.9 -1.87148
1733000 300.448 -14664.8 -0.102581
1734000 299.106 -14662.3 2.71592
1735000 299.621 -14605.9 1.59289
1736000 298.415 -14641.5 4.8491
1737000 300.001 -14645.7 5.15843
1738000 299.879 -14611.5 -2.0705
1739000 300.444 -14587.3 6.86136
1740000 300.875 -14604.5 15.6273
1741000 300.558 -14648.5 -0.24955
1742000 300.703 -14603.8 -11.5238
1743000 299.53 -14631.3 3.83773
1744000 297.55 -14668.3 8.67909
1745000 301.477 -14660.7 -5.14817
1746000 301.44 -14593.8 16.917
1747000 298.813 -14629.6 -5.50751
1748000 299.547 -14651.5 6.85714
1749000 300.468 -14665.2 -7.12281
1750000 299.357 -14661.5 1.35042
1751000 298.599 -14666.3 -5.02019
1752000 301.044 -14612.4 7.43799
1753000 299.668 -14675.5 4.7855
1754000 298.059 -14720.1 -4.70339
1755000 299.799 -14696.4 3.76873
1756000 299.47 -14669.5 12.0745
1757000 302.351 -14628 -14.9054
1758000 300.189 -14703.4 -2.44431
1759000 300.435 -14684.5 10.5591
1760000 298.293 -14708.5 2.22654
1761000 300.747 -14654.9 -5.45912
1762000 300.381 -14671.6 2.80281
1763000 299.158 -14663.6 -5.60717
1764000 299.245 -14702.8 19.9597
1765000 299.318 -14642.4 -2.13886
1766000 299.432 -14667.3 1.91198
1767000 300.525 -14644.5 -1.90883
1768000 298.468 -14662.5 8.42673
1769000 299.787 -14615.3 -1.74141
1770000 299.934 -14647 0.193611
1771000 298.774 -14621.6 7.53549
1772000 300.134 -14644.4 -1.9385
1773000 299.049 -14643.1 -1.32046
1774000 300.336 -14618.5 -5.82539
1775000 299.626 -14632.3 11.7455
1776000 300.476 -14654.3 -5.56117
1777000 300.444 -14683 3.13064
1778000 299.892 -14649.3 7.86576
1779000 298.863 -14733.9 3.20253
1780000 301.421 -14618.4 -4.17462
1781000 299.013 -14661.3 8.36837
1782000 298.141 -14694.4 2.61653
1783000 300.479 -14643.6 0.0346094
1784000 302.159 -14602.4 3.59806
1785000 300.265 -14645.5 -2.79759
1786000 299.144 -14631.5 3.85171
1787000 299.383 -14652.1 3.45155
1788000 301.266 -14626.5 -12.2647
1789000 300.2 -14642.9 11.3798
1790000 300.124 -14649.8 1.32672
1791000 301.337 -14648.3 1.74363
1792000 299.681 -14675 7.12434
1793000 298.982 -14670.6 5.77245
1794000 302.693 -14612.4 -8.20885
1795000 299.882 -14644.5 8.60869
1796000 299.627 -14644.1 -2.41519
1797000 299.397 -14639.6 14.8965
1798000 300.556 -14624.1 -2.76881
1799000 297.925 -14664.9 2.43884
1800000 299.398 -14640.8 9.56367
1801000 301.206 -14609.6 -0.632463
1802000 298.46 -14646.1 6.45691
1803000 300.342 -14624.8 -10.7754
1804000 299.857 -14723 0.492428
1805000 299.716 -14649.3 -0.713881
1806000 299.225 -14679.8 -0.795684
1807000 298.446 -14644.8 10.0138
1808000 302.023 -14619.8 -8.18668
1809000 300.917 -14612.3 -3.97857
1810000 302.016 -14608 8.60563
1811000 300.812 -14643.8 -3.1481
1812000 298.454 -14667.4 2.83678
1813000 297.768 -14691 13.3431
1814000 299.914 -14669.9 -6.31129
1815000 301.472 -14664.5 1.84256
1816000 300.169 -14651.9 5.32311
1817000 300.406 -14662.8 -6.72259
1818000 301.155 -14692.3 -0.445476
1819000 299.777 -14683.8 7.16131
1820000 300.637 -14618.8 0.175466
1821000 297.977 -14692.6 9.81103
1822000 298.207 -14649.5 10.3991
1823000 299.913 -14649.7 -2.03709
1824000 301.059 -14649.2 6.3866
1825000 299.439 -14679 -9.97367
1826000 299.897 -14672.9 9.16007
1827000 301.712 -14646.4 -14.0789
1828000 301.429 -14636.2 -4.7866
1829000 298.855 -14665.8 5.20249
1830000 300.437 -14699.1 5.50629
1831000 300.095 -14668.9 -3.3612
1832000 302.177 -14602.9 -3.84304
1833000 300.567 -14636.2 5.18544
1834000 300.683 -14666 2.58233
1835000 300.163 -14660 1.50586
1836000 300.048 -14677.9 4.49869
1837000 300.828 -14667.4 2.48506
1838000 300.692 -14657.2 -8.48952
1839000 298.093 -14649.2 3.80308
1840000 299.608 -14643 -1.30111
1841000 299.504 -14646.8 2.50085
1842000 300.511 -14626.1 -9.01259
1843000 300.208 -14628.5 -0.785621
1844000 302.09 -14587.1 4.71811
1845000 300.902 -14639.8 -0.0646362
1846000 298.662 -14654.3 0.262071
1847000 299.674 -14641.5 7.92787
1848000 300.827 -14664.2 1.91602
1849000 298.406 -14705.3 -2.43856
1850000 298.452 -14670.5 -3.62609
1851000 300.092 -14635.3 6.38465
1852000 299.97 -14583.5 -11.3215
1853000 299.06 -14625.2 7.38851
1854000 299.639 -14640.3 8.75712
1855000 299.433 -14665.4 -0.284345
1856000 299.311 -14706.7 2.84188
1857000 300.953 -14670.7 9.78967
1858000 297.505 -14721.2 3.35371
1859000 300.34 -14624 1.53449
1860000 300.281 -14657.1 0.146266
1861000 299.296 -14697.8 2.5001
1862000 301.145 -14628.8 -13.3873
1863000 300.793 -14632.7 15.9048
1864000 300.825 -14676.3 3.88901
1865000 302.427 -14618.7 -3.24839
1866000 301.413 -14626.8 6.51979
1867000 298.263 -14629.2 0.244761
1868000 300.685 -14661.9 -3.92378
1869000 300.223 -14661.5 1.76737
1870000 299.409 -14725.8 -6.97844
1871000 300.84 -14636.4 10.0963
1872000 299.68 -14636.5 -6.55625
1873000 300.336 -14631.1 7.16326
1874000 300.222 -14656.3 -6.81691
1875000 300.279 -14665.6 2.46074
1876000 299.55 -14687.4 -6.30008
1877000 298.66 -14659.6 1.57181
1878000 301.085 -14649.4 10.1122
1879000 301.819 -14619.9 4.30784
1880000 300.792 -14654 7.87755
1881000 299.568 -14634 -2.78138
1882000 300.115 -14646.2 -8.18916
1883000 301.729 -14645.7 1.65183
1884000 300.191 -14640.2 3.34218
1885000 299.26 -14631.3 5.16762
1886000 301.521 -14625.5 0.458416
1887000 298.045 -14677 -0.633158
1888000 300.364 -14638.7 2.49914
1889000 300.597 -14648.3 6.17196
1890000 300.037 -14676.5 2.39108
1891000 300.367 -14649.7 -0.0796792
1892000 300.099 -14639.4 3.8092
1893000 300.531 -14622.2 9.94215
1894000 298.652 -14655.6 -6.58377
1895000 298.289 -14697.3 -3.96204
1896000 298.852 -14662 5.09043
1897000 300.045 -14669.8 -11.9902
1898000 299.801 -14645.8 0.87343
1899000 301.538 -14631.8 2.25996
1900000 299.555 -14647.5 -2.5759
1901000 298.717 -14659.4 6.74138
1902000 300.621 -14650.6 -12.036
1903000 298.257 -14709.3 6.61837
1904000 300.445 -14677.6 3.50582
1905000 299.996 -14659.5 5.68689
1906000 300.259 -14641.5 -4.9086
1907000 301.294 -14584.5 -3.16628
1908000 301.785 -14674.1 6.9006
1909000 301.736 -14659.6 2.22786
1910000 299.637 -14623.4 -8.29324
1911000 298.694 -14659.1 7.02103
1912000 301.953 -14585.2 0.214577
1913000 300.561 -14649.4 0.555617
1914000 299.662 -14643.7 17.539
1915000 299.3 -14647.8 -3.57632
1916000 301.078 -14611.2 -2.60802
1917000 299.761 -14678 1.39123
1918000 300.461 -14629.3 12.238
1919000 300.066 -14607.2 -1.51117
1920000 299.835 -14672.8 -15.9921
1921000 299.846 -14678.9 10.3767
1922000 298.49 -14650.9 -1.72634
1923000 300.39 -14618.1 -0.534744
1924000 301.521 -14605.3 6.95799
1925000 299.716 -14667.5 2.21243
1926000 299.125 -14679.2 -6.6694
1927000 298.988 -14643.6 0.89334
1928000 297.979 -14711 12.7409
1929000 299.825 -14652.2 -6.08529
1930000 299.769 -14629.6 6.94213
1931000 299.723 -14633.7 4.66776
1932000 300.891 -14669.3 5.08397
1933000 300.725 -14637.5 -4.58874
1934000 298.263 -14689.3 12.9682
1935000 298.904 -14708 -6.44811
1936000 299.319 -14611.4 3.44408
1937000 301.456 -14618.7 -1.65478
1938000 298.892 -14684.5 -0.831472
1939000 301.463 -14621.7 4.67938
1940000 300.483 -14578 1.24789
1941000 299.876 -14627.4 -2.50926
1942000 300.708 -14624.6 -3.49154
1943000 298.211 -14669.9 5.34538
1944000 299.148 -14647.2 -13.117
1945000 301.756 -14639.1 0.841138
1946000 299.608 -14695 5.87063
1947000 300.438 -14620.5 2.12231
1948000 301.848 -14612.9 -6.01056
1949000 298.905 -14651.3 11.7295
1950000 300.778 -14647.5 -15.1045
1951000 300.836 -14614.5 -3.34169
1952000 300.141 -14595.1 7.78205
1953000 299.462 -14665.3 0.965506
1954000 300.599 -14688.4 5.99054
1955000 300.221 -14647.1 -2.22516
1956000 300.181 -14653 5.29975
1957000 301.145 -14615 -0.864655
1958000 300.983 -14615.1 -9.22062
1959000 300.766 -14629.4 13.1905
1960000 299.38 -14625.6 -7.06901
1961000 301.603 -14592.9 6.68446
1962000 299.127 -14628.9 -0.0222302
1963000 297.361 -14643.3 -5.48985
1964000 300.463 -14661.4 15.5808
1965000 300.521 -14645.2 -6.63797
1966000 299.309 -14628.9 5.28836
1967000 300.11 -14614.3 -5.25695
1968000 299.96 -14657.7 1.71014
1969000 299.595 -14662.5 8.4871
1970000 300.711 -14611 1.23014
1971000 302.365 -14625.9 5.70286
1972000 300.298 -14628.2 -13.9955
1973000 302.027 -14601.3 3.33698
1974000 300.929 -14629.9 5.8518
1975000 299.928 -14695.6 11.2224
1976000 299.53 -14660.5 -5.16695
1977000 301.016 -14634.1 0.631943
1978000 298.317 -14705.4 7.30213
1979000 299.721 -14635 -4.18328
1980000 301.103 -14637.7 0.397669
1981000 298.168 -14685.3 -3.74574
1982000 299.99 -14663.8 6.67517
1983000 298.524 -14669.5 -4.18762
1984000 299.366 -14659.8 7.44607
1985000 300.682 -14645.4 4.55581
1986000 299.132 -14670.2 2.52323
1987000 300.075 -14660 6.84272
1988000 299.39 -14646 11.7603
1989000 299.37 -14654.2 -1.54383
1990000 300.646 -14590.6 1.58361
1991000 300.012 -14642.9 1.86323
1992000 301.538 -14673.7 -1.5101
1993000 299.891 -14713.7 -10.6875
1994000 300.491 -14627 3.26679
1995000 301.154 -14647.3 6.39196
1996000 299.098 -14667.1 -8.18227
1997000 298.96 -14672.4 6.45521
1998000 299.942 -14629.9 18.1394
1999000 301.295 -14627.6 -7.44682
2000000 300.02 -14633.9 9.29601
2001000 299.387 -14635.3 -4.83304
2002000 298.996 -14642.6 8.64243
2003000 300.153 -14644.2 8.43184
2004000 299 -14654.6 9.64241
2005000 299.887 -14630.9 -2.77167
2006000 300.057 -14651.9 3.2077
2007000 301.087 -14699.9 -3.57399
2008000 300.285 -14643.1 0.830021
2009000 299.932 -14640.7 -7.29399
2010000 298.989 -14608.3 6.32555
2011000 299.928 -14604 2.86524
2012000 298.633 -14680.4 -3.94779
2013000 298.535 -14645.4 8.66851
2014000 300.586 -14602.2 -0.652431
2015000 299.371 -14693.4 -0.404363
2016000 299.129 -14625.6 -12.2628
2017000 300.355 -14664.6 3.45387
2018000 300.983 -14665.2 -9.30529
2019000 300.171 -14611.9 14.184
2020000 298.609 -14619.9 5.82397
2021000 300.057 -14622.9 -2.92475
2022000 301.21 -14610 -3.44318
2023000 299.898 -14662.3 8.10568
2024000 300.325 -14639.7 2.96141
2025000 299.564 -14673.2 -14.5214
2026000 299.484 -14697.7 18.256
2027000 300.808 -14650.9 -8.86011
2028000 299.552 -14697.9 8.44395
2029000 300.873 -14652.7 -11.1575
2030000 297.751 -14718.7 3.15139
2031000 298.986 -14644.5 8.31389
2032000 298.868 -14679.2 -4.27159
2033000 299.926 -14667.1 0.70589
2034000 301.224 -14581.6 3.43873
2035000 299.92 -14675.8 -8.91294
2036000 299.083 -14659.1 2.91255
2037000 301.063 -14628.5 2.86654
2038000 300.565 -14663.1 7.81639
2039000 301.847 -14673 2.1116
2040000 300.232 -14677.5 -5.95308
2041000 298.887 -14645.3 3.56089
2042000 301.064 -14641.6 10.507
2043000 298.704 -14653.3 -1.07517
2044000 300.288 -14611.9 -10.1695
2045000 300.031 -14671.7 4.40079
2046000 301.55 -14616.8 -0.496969
2047000 298.674 -14703 1.65812
2048000 300.191 -14588.3 8.06225
2049000 301.239 -14582.5 4.59153
2050000 300.934 -14605.7 1.3948
2051000 300.353 -14656.1 -5.03026
2052000 299.879 -14653.9 2.56234
2053000 299.456 -14674.9 -2.35762
2054000 298.707 -14742.8 9.35496
2055000 299.241 -14690.3 -5.45633
2056000 299.77 -14647.6 18.0634
2057000 299.765 -14685.2 -11.0263
2058000 300.055 -14676.2 7.17173
2059000 302.198 -14611.5 -3.72749
2060000 300.945 -14621.2 1.11209
2061000 300.949 -14582.3 -1.2262
2062000 299.281 -14662.6 4.16585
2063000 300.568 -14659.9 0.0833958
2064000 300.33 -14651.6 7.34424
2065000 301.201 -14648.1 -16.3329
2066000 298.811 -14643.7 11.5224
2067000 300.917 -14621.7 3.32748
2068000 297.974 -14684.4 3.44663
2069000 298.185 -14683.6 0.967891
2070000 301.221 -14630.5 -4.43254
2071000 298.958 -14678.7 10.773
2072000 297.693 -14671.8 1.42384
2073000 300.33 -14657.6 -8.05274
2074000 297.837 -14665.4 -4.0728
2075000 298.849 -14697.2 -2.0834
2076000 298.957 -14640.3 4.83771
2077000 300.581 -14642.1 -14.5129
2078000 300.445 -14626.4 0.745502
2079000 301.338 -14629.4 10.6727
2080000 299.324 -14657.5 -2.32947
2081000 298.712 -14722.3 -3.91774
2082000 301.257 -14658.1 9.86154
2083000 301.495 -14642.8 -4.41726
2084000 301.163 -14635 -6.89833
2085000 300.974 -14575.8 -2.00406
2086000 299.284 -14640.2 -3.65008
2087000 300.272 -14643.7 4.80491
2088000 298.386 -14638.5 -0.484753
2089000 299.164 -14650 -4.27174
2090000 299.59 -14668.9 6.0633
2091000 301.584 -14625.1 -6.87536
2092000 298.657 -14684 -4.69421
2093000 300.668 -14608 19.7657
2094000 298.295 -14640.6 -4.59797
2095000 300.003 -14647.5 -8.10202
2096000 300.844 -14638.3 0.00474737
2097000 299.816 -14729.1 1.31874
2098000 301.231 -14665.2 7.70741
2099000 301.397 -14645.7 -0.365346
2100000 299.584 -14635.9 9.21808
2101000 299.016 -14666.2 4.9748
2102000 298.628 -14668.6 2.24767
2103000 298.414 -14696.2 3.9801
2104000 301.576 -14659.2 -6.81426
2105000 300.663 -14667.9 0.483941
2106000 299.362 -14649.1 15.2193
2107000 300.406 -14693.9 -4.56012
2108000 299.867 -14623.9 -11.7695
2109000 299.854 -14664.4 6.23473
2110000 298.558 -14713.9 2.9248
2111000 300.386 -14631.7 -4.44341
2112000 300.306 -14614.6 3.47043
2113000 300.744 -14618.8 7.60008
2114000 298.369 -14623.7 -11.403
2115000 298.365 -14719 11.3113
2116000 300.096 -14650.5 1.5667
2117000 298.892 -14616.6 -7.90512
2118000 300.061 -14672.1 7.24633
2119000 300.429 -14607.8 -3.39904
2120000 299.591 -14621 -4.92451
2121000 299.226 -14686.8 4.35621
2122000 298.975 -14683.5 -0.141901
2123000 299.411 -14660.7 -3.58801
2124000 300.464 -14661.7 6.39096
2125000 298.691 -14676.5 0.441345
2126000 299.158 -14691.5 -3.77311
2127000 300.162 -14623 9.21353
2128000 299.891 -14645.1 -13.679
2129000 299.073 -14687.4 16.4769
2130000 301.21 -14678.3 -0.617667
2131000 299.707 -14660.8 -0.419444
2132000 298.617 -14669.6 5.73796
2133000 300.131 -14662 -0.236831
2134000 298.733 -14651.7 -9.71135
2135000 298.676 -14662.1 3.68065
2136000 299.896 -14644.3 -2.7988
2137000 299.425 -14638.3 0.539072
2138000 297.695 -14699.7 4.42126
2139000 299.574 -14669.8 -11.9861
2140000 299.132 -14657.4 8.3403
2141000 299.968 -14642.5 7.83036
2142000 299.879 -14702.8 2.13227
2143000 297.396 -14703.1 4.74933
2144000 298.644 -14678.3 12.5486
2145000 300.895 -14655.3 3.01747
2146000 298.407 -14678.1 12.4042
2147000 302.198 -14553.8 -6.76569
2148000 301.262 -14589 9.84052
2149000 298.735 -14633.4 -7.64146
2150000 299.514 -14673.8 5.95037
2151000 300.694 -14650.8 0.767811
2152000 300.362 -14635 7.91414
2153000 300.83 -14623.7 -2.34784
2154000 300.691 -14650.4 7.3211
2155000 300.294 -14676.2 4.44665
2156000 300.446 -14659.1 -1.10465
2157000 300.497 -14666 3.72286
2158000 298.438 -14672.3 -3.81787
2159000 299.89 -14662.6 0.97143
2160000 299.393 -14639.2 11.424
2161000 301.269 -14662.3 -6.28631
2162000 300.51 -14656.5 11.4733
2163000 299.988 -14657.5 -1.13961
2164000 300.359 -14629.3 -3.59788
2165000 299.949 -14631.3 5.93343
2166000 301.391 -14571.7 10.5829
2167000 301.279 -14618.1 -0.803566
2168000 301.471 -14642.1 1.28853
2169000 298.576 -14661.3 10.5762
2170000 303.063 -14630.9 -16.9474
2171000 300.012 -14627.6 20.1154
2172000 300.177 -14668.4 -0.411079
2173000 300.502 -14682.7 -11.8125
2174000 299.84 -14652.9 10.9022
2175000 298.513 -14707.6 11.586
2176000 298.526 -14692.9 -10.2202
2177000 299.794 -14699.8 0.270226
2178000 299.585 -14689.9 -5.79504
2179000 298.643 -14705 0.385064
2180000 300.795 -14676.7 13.3615
2181000 299.406 -14690.2 8.85111
2182000 299.514 -14658.3 -7.12164
2183000 298.264 -14654.8 -9.10919
2184000 300.447 -14653.9 6.39797
2185000 298.624 -14712.6 -1.1567
2186000 299.289 -14671.1 8.14118
2187000 301.06 -14664.4 9.9248
2188000 299.168 -14679.3 -20.8609
2189000 298.634 -14663.8 14.8584
2190000 299.107 -14654.2 3.35178
2191000 299.581 -14634.9 -6.5205
2192000 301.934 -14631.1 18.8883
2193000 298.561 -14680.5 1.87632
2194000 299.59 -14643.4 7.2812
2195000 299.209 -14659.9 -7.56483
2196000 298.949 -14717.1 8.87773
2197000 299.66 -14658.4 3.58919
2198000 299.791 -14662.7 -1.09944
2199000 300.332 -14634.3 4.25908
2200000 299.067 -14630 -6.4262
2201000 298.553 -14681.8 4.39016
2202000 300.426 -14627 -3.56348
2203000 301.227 -14667.9 -4.55175
2204000 300.805 -14656.2 5.47504
2205000 298.588 -14681 1.70464
2206000 299.529 -14640.1 11.4733
2207000 299.588 -14713.9 -3.27476
2208000 298.607 -14679.8 10.6036
2209000 301.8 -14606.6 4.46389
2210000 300.214 -14651.3 -2.06502
2211000 300.792 -14642.7 7.04618
2212000 298.588 -14671.6 -1.66319
2213000 300.774 -14617.2 0.256362
2214000 300.018 -14614.8 5.61448
2215000 300.613 -14662 3.75214
2216000 300.753 -14633 -10.5472
2217000 298.92 -14663.1 23.3969
2218000 299.988 -14661.6 -11.8555
2219000 301.027 -14676.7 10.7548
2220000 300.351 -14691.4 2.77266
2221000 299.082 -14661.2 -0.389819
2222000 300.257 -14663 -2.59142
2223000 300.151 -14638.5 -0.103712
2224000 300.133 -14653.1 -8.64292
2225000 298.05 -14649.1 3.32095
2226000 299.474 -14662.8 -3.87577
2227000 298.802 -14702.7 8.86056
2228000 300.781 -14646.5 4.22929
2229000 301.377 -14619.3 4.11557
2230000 300.466 -14648.4 -5.02404
2231000 299.415 -14673 2.05461
2232000 299.482 -14700.8 6.61859
2233000 299.596 -14598.9 3.31521
2234000 301.622 -14580.8 1.26496
2235000 299.708 -14651.8 9.75416
2236000 299.885 -14649.5 -8.84713
2237000 300.049 -14697.8 1.40693
2238000 298.83 -14696.7 -8.99503
2239000 299.933 -14676.6 6.83766
2240000 299.888 -14684.8 -6.34488
2241000 300.482 -14639.7 0.748835
2242000 298.351 -14705.8 3.06503
2243000 300.406 -14604.6 6.5269
2244000 299.674 -14637.2 3.02452
2245000 300.711 -14638.4 -9.35111
2246000 301.639 -14557.6 2.48816
2247000 299.219 -14656.5 0.931883
2248000 299.596 -14605.3 -0.881069
2249000 300.78 -14692.9 -0.0691676
2250000 301.675 -14633.1 -3.86137
2251000 300.369 -14631.3 -3.53999
2252000 301.609 -14604.7 10.3884
2253000 300.793 -14592.8 -5.11884
2254000 300.792 -14650.7 2.06585
2255000 302.511 -14620.6 -2.06458
2256000 301.248 -14670.4 3.64444
2257000 297.669 -14705.3 -3.65783
2258000 300.714 -14609 -7.05552
2259000 299.426 -14633 8.1062
2260000 301.293 -14599.8 0.0993952
2261000 300.58 -14622.4 -4.72216
2262000 299.19 -14688.9 -6.54577
2263000 299.539 -14650.9 3.43788
2264000 300.434 -14632.9 6.71613
2265000 300.059 -14644.6 2.85973
2266000 299.996 -14661.5 5.22879
2267000 300.872 -14638.8 -14.4507
2268000 299.881 -14681.6 2.93363
2269000 299.669 -14611.7 1.45193
2270000 300.292 -14658 -6.62226
2271000 300.824 -14646.1 7.99147
2272000 300.233 -14666.2 -3.33135
2273000 300.721 -14653.9 11.9782
2274000 300.524 -14667.3 -7.70875
2275000 300.799 -14654.1 3.62093
2276000 299.493 -14662.8 3.60916
2277000 299.565 -14664.2 7.40022
2278000 298.557 -14648.1 -11.3552
2279000 300.437 -14579 8.23674
2280000 300.261 -14655.5 -2.6594
2281000 299.474 -14674.4 -0.645939
2282000 299.429 -14670.8 -1.36475
2283000 300.344 -14629.3 8.33756
2284000 300.597 -14661.2 12.774
2285000 299.04 -14666.4 -9.44979
2286000 299.958 -14643.2 -3.97251
2287000 302.185 -14656.6 2.44007
2288000 299.027 -14690.2 -2.11945
2289000 301.346 -14629.8 12.9168
2290000 300.83 -14616.8 3.92988
2291000 302.357 -14593.8 -4.02741
2292000 300.594 -14656.7 -8.7768
2293000 300.149 -14684.6 1.35451
2294000 301.208 -14643.4 1.00887
2295000 299.886 -14660 5.47895
2296000 301.106 -14667.3 -0.365008
2297000 299.847 -14654.8 3.28813
2298000 299.074 -14637.3 6.86156
2299000 302.249 -14653.1 -14.4355
2300000 301.056 -14608.8 10.8067
2301000 298.044 -14730.3 9.55824
2302000 300.517 -14677.1 -7.13694
2303000 298.594 -14726.2 -2.44854
2304000 302.324 -14656.2 -9.52388
2305000 299.698 -14670.3 -3.4924
2306000 299.642 -14672.1 3.36038
2307000 296.373 -14706.7 4.46446
2308000 299.248 -14657.8 0.767304
2309000 300.899 -14677.7 -3.70999
2310000 302.44 -14615.9 6.282
2311000 299.214 -14633.5 -4.56722
2312000 300.013 -14641.3 -4.10389
2313000 298.681 -14722.1 -6.89258
2314000 299.57 -14698.8 -0.794031
2315000 297.309 -14729.6 9.46356
2316000 299.58 -14647.5 0.476149
2317000 298.725 -14665.6 -4.86654
2318000 298.519 -14686.4 -3.16733
2319000 300.252 -14640.9 12.6148
2320000 302.489 -14589.4 -3.21714
2321000 299.712 -14662.1 -9.60153
2322000 300.562 -14661.2 9.77854
2323000 301.135 -14621.1 3.70909
2324000 298.693 -14675.3 11.6264
2325000 301.237 -14659.1 -8.57757
2326000 300.311 -14677.2 -8.17129
2327000 300.001 -14693.4 -3.20574
2328000 299.482 -14629.8 2.90807
2329000 298.999 -14654.2 -5.11945
2330000 299.799 -14704.5 -0.661942
2331000 299.802 -14634.6 3.55624
2332000 300.631 -14607.6 -3.09498
2333000 301.132 -14594.1 7.1352
2334000 300.488 -14656.7 0.96688
2335000 300.167 -14677.3 -5.2551
2336000 301.766 -14594.8 7.02965
2337000 301.276 -14670.8 2.62289
2338000 299.225 -14680.3 -10.0514
2339000 298.341 -14668.6 4.52191
2340000 300.17 -14657.9 8.55252
2341000 299.486 -14660.4 -0.831384
2342000 300.335 -14640.5 -7.91973
2343000 301.365 -14601.1 7.8207
2344000 300.236 -14664.6 7.05358
2345000 301.482 -14616.1 -10.721
2346000 301.628 -14586.1 -2.94768
2347000 301.788 -14613.1 2.94475
2348000 300.258 -14635.4 -6.46174
2349000 300.113 -14673.9 2.7859
2350000 299.604 -14638.4 -0.531423
2351000 300.278 -14646.1 8.5974
2352000 301.114 -14625.7 -5.34506
2353000 299.076 -14684.7 7.83828
2354000 298.981 -14626.4 -8.70692
2355000 300.757 -14658.9 0.157843
2356000 298.014 -14682.8 12.6718
2357000 300.735 -14669.2 -3.75671
2358000 299.153 -14644.2 2.92737
2359000 299.684 -14673.3 1.66774
2360000 299.691 -14644.5 1.20889
2361000 300.332 -14640.4 7.21359
2362000 299.794 -14634.4 3.17167
2363000 300.445 -14637.9 -2.99666
2364000 298.48 -14672.8 5.74514
2365000 300.138 -14666.5 8.67706
2366000 298.773 -14659.2 -4.66584
2367000 298.88 -14649.8 5.23629
2368000 299.98 -14649.3 -3.11241
2369000 299.767 -14617.9 15.7994
2370000 300.247 -14610.2 -5.46817
2371000 301.829 -14562.6 -4.21449
2372000 299.441 -14695.1 0.628133
2373000 299.353 -14643.6 4.74954
2374000 301.5 -14630.7 3.53066
2375000 300.238 -14643.3 -1.62648
2376000 297.998 -14696 2.12133
2377000 297.77 -14684.4 -0.911006
2378000 300.469 -14636.3 6.58173
2379000 300.639 -14627.6 6.03663
2380000 299.398 -14632 -5.46686
2381000 299.869 -14668.8 8.86571
2382000 300.516 -14669.9 0.447547
2383000 299.773 -14670 -0.990528
2384000 301.439 -14612.4 -2.39263
2385000 300.426 -14677.3 -1.28713
2386000 299.391 -14660.2 7.00381
2387000 300.825 -14644.1 3.99062
2388000 300.456 -14636.8 -5.86006
2389000 301.055 -14665.8 2.7607
2390000 301.065 -14633.4 4.20773
2391000 300.494 -14641.7 -9.78643
2392000 302.461 -14598.3 1.05846
2393000 300.853 -14615.7 6.98324
2394000 300.604 -14622.5 3.36723
2395000 299.778 -14659.9 -5.64332
2396000 299.398 -14694.1 14.7001
2397000 300.13 -14647.7 4.79455
2398000 299.034 -14658.3 1.60716
2399000 300.423 -14622.8 14.6626
2400000 299.449 -14627.7 -15.4905
2401000 299.287 -14653.7 0.163551
2402000 301.67 -14579.3 20.0091
2403000 300.082 -14638.6 -0.631629
2404000 300.406 -14671.1 -3.89452
2405000 298.121 -14700.1 3.37833
2406000 299.408 -14706.7 7.59658
2407000 299.412 -14662.5 -13.7013
2408000 300.2 -14626.3 9.71351
2409000 300.162 -14655 -7.53645
2410000 300.262 -14636.2 1.59851
2411000 301.089 -14636.5 0.135207
2412000 302.025 -14601.3 4.4343
2413000 298.562 -14657.7 -3.79688
2414000 300.02 -14664.9 1.62064
2415000 301.228 -14668.8 -3.52952
2416000 300.237 -14626.3 3.08776
2417000 300.577 -14677.1 -3.59446
2418000 301.485 -14627.1 7.21219
2419000 298.618 -14679.9 5.28815
2420000 301.105 -14651.8 -16.2397
2421000 299.205 -14685.5 8.17698
2422000 299.304 -14666.7 5.36672
2423000 300.399 -14660.1 -12.4125
2424000 300.502 -14610.7 5.66577
2425000 300.314 -14633.2 3.55614
2426000 300.677 -14635.5 -0.480403
2427000 300.091 -14649.6 -6.28655
2428000 298.898 -14691.3 -5.85966
2429000 300.045 -14637.9 3.15135
2430000 299.648 -14679.6 -7.97272
2431000 297.66 -14694.7 6.87133
2432000 300.687 -14616.1 0.207346
2433000 299.781 -14647.3 -4.74397
2434000 300.609 -14591.6 5.5943
2435000 298.879 -14655 0.472424
2436000 298.458 -14617.1 10.8394
2437000 299.392 -14652 -18.1744
2438000 298.507 -14688.5 7.57937
2439000 298.962 -14670.5 -0.243135
2440000 300.623 -14637 14.9826
2441000 301.627 -14603.4 -6.51807
2442000 300.967 -14625.2 -0.327837
2443000 299.275 -14683.4 6.51955
2444000 299.784 -14676.4 10.4279
2445000 300.33 -14648.4 -9.34028
2446000 300.488 -14631.5 3.19032
2447000 300.008 -14660.1 16.4507
2448000 298.753 -14635.8 -3.96815
2449000 300.738 -14652.3 -4.50981
2450000 299.196 -14652.2 5.17563
2451000 299.019 -14707.7 -2.92568
2452000 300.703 -14674 4.97878
2453000 299.059 -14678.5 -11.1951
2454000 298.903 -14706.9 12.1112
2455000 301.399 -14605.2 -2.84983
2456000 298.76 -14635.4 -3.7591
2457000 300.601 -14667.2 8.98162
2458000 301.648 -14612.5 8.57174
2459000 298.993 -14682.8 2.33558
2460000 299.447 -14675.9 -1.96811
2461000 300.841 -14608.1 -0.169316
2462000 300.827 -14611.4 7.88275
2463000 300.882 -14611.5 1.81804
2464000 299.197 -14675.8 -3.48289
2465000 300.098 -14653.8 4.75404
2466000 297.648 -14707.5 1.50834
2467000 301.046 -14643.2 0.220976
2468000 300.63 -14669.4 6.79318
2469000 299.574 -14654.3 -1.70965
2470000 299.237 -14699 -0.280236
2471000 299.016 -14652 -4.49156
2472000 299.142 -14649.7 4.94754
2473000 299.859 -14672.3 -4.12684
2474000 299.607 -14689.5 -8.46693
2475000 299.675 -14619 10.2498
2476000 299.786 -14648.8 8.13526
2477000 300.128 -14646.7 -2.55225
2478000 300.522 -14672.8 5.45871
2479000 298.818 -14692.3 -3.90558
2480000 301.694 -14601.6 8.55225
2481000 298.053 -14666 3.79398
2482000 299.807 -14631.1 -0.436224
2483000 299.684 -14645.8 2.19524
2484000 299.542 -14687.1 -7.64919
2485000 299.507 -14661 8.82105
2486000 299.07 -14678.2 3.32127
2487000 302.036 -14632.6 -3.97556
2488000 297.58 -14694.4 -1.46278
2489000 298.803 -14711.2 -4.19848
2490000 299.819 -14598.4 8.96177
2491000 299.396 -14649.8 10.11
2492000 300.31 -14712.8 1.34075
2493000 299.571 -14665 -1.36682
2494000 301.73 -14617.2 3.44669
2495000 301.667 -14643.7 -4.92039
2496000 299.992 -14663.3 11.0282
2497000 300.115 -14672.2 -5.3674
2498000 300.348 -14642.2 6.69535
2499000 300.637 -14640.8 -18.4401
2500000 299.644 -14623.4 19.4302
2501000 300.116 -14675.5 -3.60862
2502000 298.75 -14670.5 -1.74195
2503000 300.536 -14612.1 4.90292
2504000 300.016 -14597.2 -1.69529
2505000 299.974 -14658.4 7.15019
2506000 300.216 -14651.8 -2.77027
2507000 298.105 -14699.3 0.472082
2508000 298.353 -14710.8 -3.05289
2509000 302.442 -14611.1 2.153
2510000 300.987 -14614.1 -0.0974601
2511000 299.066 -14725.3 3.76055
2512000 302.061 -14639.3 3.14032
2513000 299.929 -14608.9 -0.35214
2514000 299.318 -14622.1 -3.35075
2515000 299.067 -14635.9 -2.92385
2516000 300.004 -14683.6 3.37355
2517000 299.445 -14696.7 4.84018
2518000 300.131 -14658.4 -9.63713
2519000 299.448 -14684.7 8.71954
2520000 301.408 -14634.2 2.57939
2521000 301.743 -14585.1 -3.40326
2522000 297.474 -14638 15.6105
2523000 299.437 -14668.5 3.56024
2524000 298.654 -14658.6 0.775534
2525000 300.986 -14638.5 1.90541
2526000 300.392 -14611.7 -1.92719
2527000 298.676 -14665.1 11.3364
2528000 301.415 -14638.7 -0.338221
2529000 300.227 -14647 7.52945
2530000 298.791 -14690.3 4.27225
2531000 299.062 -14670.8 -7.6641
2532000 300.763 -14611.4 7.88061
2533000 302.263 -14617.6 -7.48378
2534000 299.125 -14670.6 2.83405
2535000 299.38 -14694.7 -11.2774
2536000 301.135 -14659 0.455335
2537000 299.46 -14636.5 -2.13847
2538000 301.189 -14627 -3.89353
2539000 301.284 -14658 13.2829
2540000 298.574 -14717.4 -14.5637
2541000 298.671 -14654.3 -2.49068
2542000 299.641 -14671.3 14.7021
2543000 299.115 -14588.4 9.14284
2544000 301.637 -14644.1 7.72502
2545000 300.058 -14642.9 -4.65667
2546000 299.918 -14604.2 1.59109
2547000 298.394 -14679.2 -0.277295
2548000 301.662 -14660.6 -16.0929
2549000 300.264 -14646.2 13.9256
2550000 298.648 -14697.9 -20.3274
2551000 300.365 -14645 6.29571
2552000 300.376 -14590.2 7.05498
2553000 298.472 -14648.2 6.57898
2554000 302.372 -14638.2 1.24105
2555000 301.382 -14609.3 -6.46379
2556000 301.724 -14654.3 0.063987
2557000 299.294 -14676.1 3.93917
2558000 301.249 -14666.6 0.643645
2559000 300.203 -14614.1 5.24304
2560000 299.199 -14694.7 2.59776
2561000 300.041 -14656 -12.7741
2562000 300.165 -14661.6 19.8504
2563000 301.005 -14613.1 -8.41831
2564000 301.092 -14603.5 0.572093
2565000 299.773 -14640.3 12.5204
2566000 298.587 -14632.6 21.4132
2567000 299.206 -14706.2 -11.4674
2568000 300.562 -14674.8 6.38555
2569000 301.895 -14597.3 1.57313
2570000 298.978 -14669.1 13.7675
2571000 300.44 -14610.7 -14.8022
2572000 302.46 -14580.5 -0.322614
2573000 300.734 -14596.5 -7.38739
2574000 299.873 -14657.4 12.9209
2575000 300.9 -14639.9 -8.48122
2576000 300.362 -14666.7 12.8437
2577000 301.263 -14654 -11.2477
2578000 298.45 -14687.6 3.52572
2579000 298.613 -14686.6 8.2391
2580000 299.921 -14654.7 -1.0427
2581000 299.895 -14631 8.77971
2582000 303.191 -14607.1 3.50646
2583000 300.481 -14634.5 2.02506
2584000 300.437 -14645 -2.09409
2585000 301.467 -14676 -10.5282
2586000 296.47 -14727 12.4406
2587000 299.741 -14665.5 -5.87011
2588000 300.307 -14676 2.23476
2589000 298.211 -14670.2 7.12814
2590000 298.181 -14628.1 -4.8995
2591000 299.731 -14611.4 3.28567
2592000 298.84 -14665.6 10.044
2593000 302.256 -14626 -2.37106
2594000 300.883 -14631.7 5.3987
2595000 299.961 -14613.2 -13.7552
2596000 300.247 -14657.4 4.06699
2597000 299.322 -14638.4 7.67653
2598000 302.152 -14637.2 -10.3485
2599000 301.698 -14591.1 5.82697
2600000 300.142 -14660.3 -2.66908
2601000 299.015 -14652.6 -1.55716
2602000 298.393 -14679.4 1.43305
2603000 300.937 -14690.6 7.3518
2604000 299.967 -14688.4 3.57569
2605000 299.263 -14689.7 0.339595
2606000 298.999 -14652.1 -4.81291
2607000 299.5 -14661.8 -3.63556
2608000 297.582 -14692.5 -0.929153
2609000 300.299 -14631.6 12.2697
2610000 299.967 -14663.2 4.0231
2611000 298.946 -14698.6 4.51377
2612000 299.136 -14679.2 -8.39057
2613000 300.102 -14638.7 -4.49973
2614000 300.187 -14603.2 5.4137
2615000 300.472 -14645 4.14294
2616000 300.858 -14661.9 -1.51917
2617000 298.677 -14676.1 -7.35943
2618000 299.86 -14663.5 7.04806
2619000 301.205 -14663.7 3.65809
2620000 297.98 -14659.9 -0.187297
2621000 301.795 -14642.7 6.96169
2622000 300.001 -14663.6 4.91359
2623000 299.29 -14625.7 2.07316
2624000 300.256 -14648.9 4.20311
2625000 301.042 -14642.3 0.144424
2626000 299.531 -14676 3.41854
2627000 299.903 -14689.6 6.12384
2628000 299.894 -14633.6 -8.92466
2629000 300.762 -14612.7 7.92359
2630000 299.71 -14650.6 -1.46356
2631000 298.897 -14693.8 -0.557765
2632000 300.395 -14684.5 1.44797
2633000 300.262 -14595.5 -0.855594
2634000 299.546 -14686.8 8.86146
2635000 300.93 -14687.5 -4.44361
2636000 300.492 -14574.1 -5.98766
2637000 301.221 -14616.6 0.55929
2638000 300.802 -14620.8 5.21491
2639000 300.726 -14670.1 6.11958
2640000 297.216 -14657.6 7.26671
2641000 299.792 -14697.6 8.16357
2642000 299.973 -14610.1 0.0460822
2643000 299.639 -14653.5 0.0115019
2644000 298.814 -14645.3 7.01885
2645000 300.022 -14618 -1.51743
2646000 299.368 -14658.4 2.76934
2647000 298.051 -14702.9 -2.68555
2648000 299.564 -14709.6 -0.658649
2649000 300.282 -14698.8 0.206788
2650000 300.046 -14703.5 2.76395
2651000 301.327 -14642.7 -5.38683
2652000 298.586 -14668.1 4.40904
2653000 299.732 -14647.2 4.79727
2654000 300.006 -14662.8 0.691673
2655000 300.4 -14706.7 -4.88149
2656000 299.833 -14665.4 15.6923
2657000 300.931 -14646.8 -3.90452
2658000 299.434 -14745 5.60189
2659000 299.874 -14702.4 -8.79956
2660000 298.762 -14671.3 1.90706
2661000 299.082 -14671.8 -5.02175
2662000 299.677 -14593.2 10.6624
2663000 299.473 -14652.8 -2.37345
2664000 301.572 -14658.6 13.1026
2665000 299.782 -14640.3 1.44768
2666000 297.781 -14645.8 -7.13851
2667000 300.991 -14604.6 5.71122
2668000 299.607 -14659 11.2591
2669000 299.256 -14671.2 -0.440295
2670000 299.017 -14622.3 1.09603
2671000 299.015 -14688.4 0.34643
2672000 301.662 -14595.4 -1.01758
2673000 300.649 -14636.6 -8.62686
2674000 300.771 -14643.1 -6.43154
2675000 300.177 -14689.2 5.14741
2676000 301.001 -14652 1.79386
2677000 299.842 -14658.4 -6.36819
2678000 299.654 -14653.2 -6.10631
2679000 301.018 -14636 -6.66384
2680000 301.01 -14633.7 16.1827
2681000 297.698 -14680.7 6.49901
2682000 301.722 -14582.4 3.52731
2683000 298.851 -14677.7 -3.2403
2684000 300.796 -14632.8 8.3884
2685000 300.029 -14693 12.5361
2686000 300.628 -14648.3 -0.616502
2687000 300.849 -14667.8 -11.2534
2688000 298.509 -14675 0.240087
2689000 299.595 -14665.1 6.93399
2690000 300.526 -14615.3 -4.28105
2691000 300.863 -14624.9 -13.3716
2692000 300.172 -14651.5 -0.305426
2693000 298.588 -14679.3 2.36322
2694000 299.623 -14630.4 10.876
2695000 300.492 -14669.8 1.31753
2696000 300.834 -14650.9 -8.76848
2697000 298.088 -14657.1 -7.20203
2698000 300.953 -14653.5 6.60917
2699000 298.53 -14691.4 -13.5445
2700000 299.208 -14680.3 23.1564
2701000 299.856 -14669 -0.176032
2702000 300.199 -14656.6 -0.189521
2703000 299.905 -14661.9 5.52569
2704000 299.477 -14617.1 8.01269
2705000 299.591 -14634.6 -3.55389
2706000 300.432 -14666.8 13.9503
2707000 297.017 -14707 -9.8147
2708000 299.241 -14676.9 8.81534
2709000 300.028 -14628.4 6.71301
2710000 299.153 -14625.2 1.22032
2711000 298.521 -14686 8.13915
2712000 298.495 -14652.1 0.68494
2713000 300.749 -14642.6 -4.62746
2714000 299.852 -14624.4 9.04042
2715000 299.88 -14630.8 -2.23906
2716000 300.639 -14678.8 -6.92546
2717000 299.078 -14682 4.43137
2718000 300.052 -14655.4 0.400504
2719000 299.438 -14614.3 7.98838
2720000 298.809 -14655 1.48439
2721000 299.438 -14643.7 1.46699
2722000 300.069 -14613.7 3.85467
2723000 300.536 -14642.3 2.42668
2724000 300.373 -14615.3 -7.33235
2725000 300.471 -14619.8 8.74747
2726000 300.656 -14670.2 6.47559
2727000 300.967 -14622.5 2.6189
2728000 301.658 -14655.6 -6.73201
2729000 300.125 -14614 -7.17174
2730000 301.827 -14656.7 8.78412
2731000 299.348 -14700.7 -0.797584
2732000 298.943 -14709.2 8.59632
2733000 301.581 -14615.7 -9.49216
2734000 301.736 -14618.3 -2.66925
2735000 300.176 -14651.7 6.23051
2736000 299.556 -14641.4 1.19728
2737000 296.789 -14679.7 3.03057
2738000 299.421 -14648 -1.23407
2739000 300.028 -14683.8 6.27788
2740000 299.549 -14695.6 -3.20687
2741000 298.59 -14679.8 4.73342
2742000 301.196 -14633.1 -2.29463
2743000 300.671 -14613.7 -4.33506
2744000 299.451 -14665.2 8.36545
2745000 299.568 -14685.6 1.17569
2746000 299.893 -14684.2 4.54002
2747000 298.357 -14688.1 11.5589
2748000 301.935 -14645.3 -6.12111
2749000 300.368 -14633.9 14.7081
2750000 299.074 -14688.7 0.38364
2751000 300.064 -14645.1 0.225635
2752000 299.314 -14696.3 -4.49053
2753000 300.243 -14663.5 3.42736
2754000 298.881 -14663.2 -1.38294
2755000 301.315 -14648.9 5.56347
2756000 301.51 -14632.3 1.31595
2757000 300.328 -14633.7 -6.06629
2758000 300.621 -14604.5 13.5241
2759000 300.207 -14658.8 -2.31221
2760000 300.041 -14703.1 -1.22298
2761000 299.876 -14688.3 6.37737
2762000 298.829 -14734.7 0.309512
2763000 299.597 -14726.6 3.33278
2764000 298.338 -14746.3 6.77252
2765000 298.94 -14619.2 -1.42156
2766000 300.235 -14608.9 -3.80397
2767000 298.867 -14629.1 -8.18144
2768000 299.792 -14634.5 15.8112
2769000 300.976 -14639.6 -5.94484
2770000 299.392 -14614.9 13.8106
2771000 299.361 -14670.8 5.26892
2772000 300.48 -14644.6 5.08539
2773000 298.927 -14691.9 -2.40202
2774000 300.25 -14625 0.103524
2775000 299.827 -14664.2 0.159338
2776000 299.89 -14683.1 3.13833
2777000 300.884 -14609.3 9.25396
2778000 299.634 -14663.6 5.97945
2779000 300.076 -14635.6 -2.51296
2780000 302.16 -14603.5 -2.51171
2781000 300.299 -14610.8 -0.286364
2782000 301.195 -14630.8 -3.97124
2783000 300.018 -14635.8 7.73006
2784000 297.694 -14679.4 0.132473
2785000 300.37 -14670.3 6.42784
2786000 301.067 -14635 4.84288
2787000 300.832 -14628.1 -5.52905
2788000 300.746 -14653.9 -2.53263
2789000 300.163 -14648.4 -7.87249
2790000 300.245 -14623.6 14.3915
2791000 299.883 -14656.9 -13.3961
2792000 300.775 -14593.4 13.1386
2793000 300.532 -14582.1 -8.06841
2794000 300.083 -14640.8 -0.902048
2795000 298.973 -14660.7 11.442
2796000 299.087 -14676.7 -15.167
2797000 302.8 -14590.1 12.6918
2798000 301.599 -14620.6 0.26358
2799000 299.461 -14628.5 13.7514
2800000 299.57 -14655.9 1.6595
2801000 297.104 -14712.3 -1.74674
2802000 301.819 -14623.8 2.04421
2803000 300.765 -14607.2 12.2978
2804000 300.619 -14651.8 -10.619
2805000 298.335 -14633.6 13.6456
2806000 302.036 -14642.1 -6.67642
2807000 300.838 -14627.3 -1.42446
2808000 300.976 -14631.4 5.12608
2809000 297.982 -14725.5 4.27889
2810000 298.916 -14664.2 0.84909
2811000 301.8 -14609.4 -0.939565
2812000 300.218 -14645.4 -3.10785
2813000 300.144 -14639.4 6.47222
2814000 299.136 -14661 -4.3893
2815000 301.665 -14623.2 9.1957
2816000 300.721 -14619.4 -7.83169
2817000 300.187 -14616 3.52633
2818000 300.034 -14626.7 3.57715
2819000 300.726 -14686.1 4.4008
2820000 300.132 -14627.1 5.06282
2821000 300.129 -14653.4 -6.16597
2822000 299.588 -14640.1 -16.5286
2823000 300.189 -14665 18.4378
2824000 303.364 -14635.2 -0.692703
2825000 301.163 -14652.7 0.126288
2826000 300.923 -14587.3 -7.57325
2827000 299.89 -14639.2 11.0618
2828000 299.719 -14674.3 -6.56098
2829000 302.19 -14678.1 -3.95174
2830000 299.212 -14687.1 2.45501
2831000 298.512 -14684.4 16.6344
2832000 298.611 -14686 2.5789
2833000 301.556 -14614.4 14.6442
2834000 300.535 -14621.6 -6.15517
2835000 299.945 -14612.7 3.67219
2836000 299.306 -14647.7 -2.91891
2837000 299.686 -14640.4 3.54019
2838000 298.303 -14709.8 0.0323169
2839000 298.998 -14730.2 -13.4992
2840000 300.216 -14653.6 14.4986
2841000 302.403 -14587.6 -3.8525
2842000 300.025 -14658.2 12.9181
2843000 299.188 -14655.7 -11.9184
2844000 299.898 -14667.1 -8.69947
2845000 301.472 -14651.9 8.32755
2846000 299.521 -14648 1.17679
2847000 300.038 -14648.3 1.19921
2848000 301.278 -14649 0.0305169
2849000 299.499 -14648.5 -2.34066
2850000 300.358 -14621 7.40813
2851000 300.327 -14647 -4.24679
2852000 299.408 -14673.3 2.80298
2853000 298.667 -14677.8 -0.134896
2854000 297.679 -14700.5 14.4164
2855000 301.029 -14653.9 9.80122
2856000 301.559 -14678.6 -4.72549
2857000 301.977 -14610.4 -1.82536
2858000 300.822 -14560.8 -3.80518
2859000 298.997 -14646.7 2.04003
2860000 300.699 -14617.2 -8.35048
2861000 298.711 -14656.4 5.50218
2862000 301.268 -14609.8 -2.93476
2863000 298.768 -14689 14.82
2864000 300.1 -14662.9 -1.08539
2865000 298.678 -14722.3 3.91154
2866000 299.861 -14639.9 -1.52451
2867000 299.846 -14650.9 5.39953
2868000 297.518 -14750.8 8.16466
2869000 298.125 -14638.7 -2.1644
2870000 300.844 -14640.9 3.04129
