# Time-averaged data for fix 3
# TimeStep v_Temperature v_PotentialEnergy v_Pressure
2000 302.113 -14611.2 -2.32703
3000 299.091 -14668.9 5.32479
4000 300.727 -14659.6 -2.41699
5000 299.638 -14701 3.74509
6000 300.771 -14669 -13.7159
7000 299.388 -14653.4 4.7458
8000 300.502 -14632.1 4.52183
9000 301.571 -14635.8 -6.2606
10000 300.761 -14605.5 14.3362
11000 300.377 -14653.4 -3.87672
12000 298.285 -14723.4 7.0062
13000 298.196 -14684.7 -1.33409
14000 300.226 -14639.7 -0.691227
15000 299.993 -14678.9 -7.44681
16000 300.992 -14663.5 7.69892
17000 299.18 -14691.5 -0.681053
18000 300.093 -14642.3 9.59121
19000 300.98 -14561.6 0.187587
20000 300.472 -14661.4 -7.05735
21000 299.074 -14726.4 -2.10365
22000 300.162 -14650.9 4.52556
23000 301.421 -14650.9 4.01957
24000 300.735 -14618.1 0.884337
25000 301.052 -14671.1 -11.2505
26000 301.129 -14619.5 0.811378
27000 303.035 -14606.4 12.8002
28000 299.719 -14655.9 -15.4829
29000 301.988 -14640.1 1.25257
30000 300.786 -14676.5 -1.14325
31000 299.792 -14705.8 -5.6001
32000 302.278 -14638.8 -0.601181
33000 300.114 -14672.5 7.73265
34000 301.354 -14594.9 -4.07491
35000 299.316 -14650.3 0.612458
36000 299.896 -14653.2 -4.57793
37000 300.643 -14621.9 11.0262
38000 298.606 -14698.7 -7.7312
39000 299.817 -14670.7 7.5986
40000 300.816 -14631.7 -1.03622
41000 302.809 -14591.6 9.85302
42000 300.293 -14647.2 -11.721
43000 300.574 -14636.8 -4.62831
44000 298.966 -14643.5 3.33488
45000 299.793 -14642.2 15.2837
46000 297.134 -14677.1 -1.30435
47000 298.35 -14675.2 9.51896
48000 298.733 -14705.5 2.32188
49000 300.022 -14667.4 -10.7533
50000 300.93 -14653.6 7.52302
51000 298.797 -14702.5 -4.58616
52000 300.586 -14649.9 4.88658
53000 299.642 -14631.3 9.16005
54000 300.199 -14686.8 -0.878242
55000 300.36 -14678.4 -17.3246
56000 297.978 -14663.7 6.53379
57000 297.987 -14708.6 -1.27607
58000 301.738 -14593.7 2.43182
59000 298.486 -14690 -4.87183
60000 301.228 -14628 -1.6258
61000 300.105 -14665.8 5.50001
62000 300.005 -14645.2 -3.66931
63000 301.57 -14607.2 -2.64417
64000 300.427 -14603.5 1.38244
65000 301.275 -14609.3 8.9793
66000 299.604 -14621.3 -18.2585
67000 298.945 -14673.7 1.63511
68000 299.796 -14664.1 9.0081
69000 299.121 -14594.9 2.48103
70000 301.226 -14658.3 -5.52907
71000 299.351 -14668.3 9.82305
72000 298.562 -14682.7 2.72022
73000 299.147 -14673.4 -8.35363
74000 299.175 -14691.2 5.46174
75000 298.418 -14698.9 4.73118
76000 301.537 -14630.8 0.232533
77000 301.537 -14645.7 2.41285
78000 300.872 -14605.7 -7.94306
79000 299.87 -14640.2 1.66687
80000 300.206 -14627.6 9.10476
81000 301.542 -14613.2 1.29138
82000 300.228 -14632.2 5.18417
83000 295.951 -14699.7 9.91311
84000 300.646 -14628.7 2.92863
85000 300.631 -14644.4 8.11699
86000 301.446 -14641.5 -10.8771
87000 301.339 -14627.1 -4.67173
88000 299.32 -14669 3.58298
89000 299.736 -14682.1 -0.227245
90000 299.644 -14646.8 8.03732
91000 297.224 -14643.3 2.78351
92000 300.552 -14595.8 3.37702
93000 300.232 -14650.5 -1.15256
94000 301.952 -14602.7 2.26003
95000 302.153 -14592.5 -2.32866
96000 300.154 -14653 -11.251
97000 297.599 -14684.3 18.1717
98000 301.185 -14628.3 -8.15922
99000 299.565 -14654.5 10.5325
100000 301.031 -14617.5 0.955876
101000 301.877 -14603.3 3.33911
102000 300.892 -14654.7 3.84681
103000 301.805 -14625.2 -2.58794
104000 300.564 -14605 -6.43346
105000 301.226 -14634.1 -5.53545
106000 298.599 -14706.4 -5.7852
107000 301.211 -14646.1 24.3302
108000 298.801 -14652.2 -14.4818
109000 299.79 -14630.9 9.21573
110000 300.276 -14679.8 -7.60685
111000 299.904 -14727.9 -9.03283
112000 300.394 -14644.2 19.7659
113000 300.104 -14648.5 -17.8067
114000 299.693 -14663.7 2.85247
115000 301.232 -14586.5 1.41442
116000 301.088 -14687.1 4.72752
117000 300.459 -14692.2 2.47681
118000 299.949 -14649.2 0.850735
119000 300.848 -14662.5 -0.852389
120000 299.896 -14643.4 5.0037
121000 300.179 -14649.3 0.733595
122000 300.811 -14614.9 0.188608
123000 300.755 -14595.4 -2.7916
124000 299.711 -14617.1 -0.562624
125000 298.613 -14657.4 1.51939
126000 299.274 -14633.7 0.233354
127000 299.86 -14687.9 4.64279
128000 300.119 -14670.5 1.45095
129000 299.686 -14679.2 6.7214
130000 300.689 -14677.7 -4.86901
131000 298.928 -14647.8 0.520371
132000 300.996 -14610.2 12.9065
133000 301.122 -14659.9 -8.58631
134000 299.767 -14677.5 -1.25271
135000 298.245 -14710.2 -6.30622
136000 300.093 -14636.9 1.93361
137000 299.586 -14643.7 5.52108
138000 299.085 -14650.3 -1.97794
139000 299.486 -14625.7 0.968835
140000 298.219 -14684.2 0.936402
141000 298.16 -14659.2 10.3137
142000 298.912 -14575.3 -2.17002
143000 298.383 -14673.6 -3.89414
144000 301.359 -14616.6 3.72424
145000 299.397 -14638.4 2.39607
146000 299.6 -14606.9 -10.0569
147000 300.895 -14630 11.3783
148000 298.364 -14679 7.04946
149000 301.247 -14612 -10.1181
150000 297.226 -14674.1 11.4973
151000 297.98 -14670.2 5.30189
152000 300.838 -14649.5 -15.0108
153000 301.153 -14647.1 12.4434
154000 301.033 -14674.4 -16.9663
155000 301.51 -14630.9 1.68439
156000 301.165 -14624.8 0.885911
157000 298.711 -14645.8 0.969272
158000 299.818 -14672.4 4.63335
159000 300.351 -14639.8 6.88825
160000 298.007 -14649.3 6.86781
161000 300.607 -14633.3 6.81195
162000 300.022 -14632.7 6.42938
163000 299.233 -14653 -15.6042
164000 300.877 -14602.3 5.2151
165000 300.197 -14601.3 6.26891
166000 299.409 -14662.9 5.8981
167000 301.564 -14641.9 1.62666
168000 300.533 -14612 -2.79319
169000 300.848 -14623.1 1.49071
170000 300.44 -14630.3 4.66702
171000 299.681 -14629.2 -2.29674
172000 296.379 -14735.8 12.9493
173000 298.969 -14696.8 -3.40643
174000 299.782 -14677 0.948838
175000 300.209 -14685 -2.74707
176000 299.043 -14664.3 -1.16505
177000 299.834 -14697.8 3.504
178000 299.378 -14704.7 9.42783
179000 300.634 -14651.2 -13.8822
180000 297.197 -14668.8 8.8852
181000 299.754 -14669 8.79931
182000 297.767 -14702 -3.69433
183000 300.105 -14664.2 -5.18119
184000 301.167 -14606.7 12.7311
185000 299.145 -14691 -8.2328
186000 301.515 -14583.2 -4.02822
187000 298.562 -14645.2 1.13913
188000 299.614 -14661.4 -6.81547
189000 299.543 -14665.9 16.9643
190000 299.614 -14644.5 -12.3188
191000 299.938 -14621.9 0.202767
192000 300.08 -14622.5 -3.39356
193000 298.919 -14615.8 11.0652
194000 301.77 -14623.8 -2.5249
195000 299.487 -14686.6 -2.06797
196000 300.713 -14642.4 9.84097
197000 300.58 -14660.9 -7.84093
198000 299.332 -14685.9 -3.88921
199000 300.566 -14637.3 9.4045
200000 299.88 -14639.6 -0.72213
201000 300.334 -14619.8 7.39971
202000 297.545 -14675.7 -1.39762
203000 298.397 -14687.5 2.72042
204000 299.797 -14669.8 1.43071
205000 300.33 -14659.4 -11.8543
206000 301.917 -14607.4 14.6218
207000 300.198 -14634.2 -2.59501
208000 298.104 -14697.3 -7.12127
209000 298.644 -14618.4 8.88131
210000 299.692 -14620.6 -7.62449
211000 300.117 -14639.1 9.40521
212000 298.731 -14655.1 5.28687
213000 299.809 -14655.8 7.62303
214000 300.697 -14628.7 -6.07714
215000 299.445 -14674.3 -2.04209
216000 299.543 -14709.4 0.676011
217000 300.889 -14641.2 8.61811
218000 299.65 -14632.2 2.807
219000 301.221 -14595.5 -9.04282
220000 299.903 -14620.3 -6.0153
221000 300.262 -14609.3 5.40856
222000 300.818 -14671.5 -4.19896
223000 298.99 -14687.6 7.25709
224000 297.953 -14682.3 -7.73644
225000 299.141 -14666.9 2.05532
226000 298.905 -14662.4 -4.05428
227000 300.156 -14645.3 12.2802
228000 302.202 -14629.1 0.737635
229000 297.842 -14674.3 -1.71964
230000 299.991 -14689.7 5.37463
231000 299.592 -14681 8.20557
232000 298.084 -14679.8 -1.12107
233000 299.061 -14679.9 -8.64944
234000 301.467 -14632.1 9.50447
235000 299.736 -14640.9 3.7382
236000 298.434 -14649.9 0.688129
237000 299.709 -14668.9 13.2366
238000 300.887 -14609 7.91682
239000 299.279 -14655.8 -10.7664
240000 301.318 -14622.1 10.3631
241000 299.736 -14603.4 -1.39147
242000 301.298 -14631.7 -12.7222
243000 297.944 -14676.8 14.3686
244000 300.123 -14604 -4.45027
245000 298.528 -14634.7 1.49773
246000 301.191 -14624.1 1.25724
247000 300.449 -14637.2 4.9621
248000 299.51 -14660.5 -5.92769
249000 301.151 -14648.2 11.1712
250000 301.146 -14639.7 5.37463
251000 300.734 -14592.2 2.16488
252000 299.495 -14606.6 7.48026
253000 299.52 -14706.5 -14.7631
254000 301.198 -14663.2 15.2968
255000 299.896 -14689.9 -5.72911
256000 300.239 -14625.4 2.75432
257000 298.125 -14690.4 10.379
258000 300.93 -14602.9 -0.966446
259000 300.041 -14625 7.71645
260000 298.574 -14659.2 -2.65643
261000 298.364 -14633.6 3.75759
262000 300.502 -14639.9 -5.49061
263000 297.897 -14712.1 6.66458
264000 302.029 -14591.7 -7.56179
265000 300.843 -14670.5 -7.03811
266000 301.854 -14630.5 10.259
267000 299.642 -14666.2 2.96865
268000 300.188 -14630.6 12.5998
269000 300.512 -14666 -11.9321
270000 300.708 -14628.1 -1.58474
271000 300.718 -14648.9 3.49671
272000 299.431 -14652.8 10.4401
273000 298.923 -14636.5 -0.314213
274000 299.465 -14604.3 -7.84851
275000 300.017 -14589.6 15.9184
276000 298.618 -14661.6 -4.03878
277000 300.339 -14653.5 6.43749
278000 297.881 -14678.6 -4.1355
279000 301.279 -14702.5 -8.87955
280000 299.27 -14683.2 9.86834
281000 297.278 -14673.8 -0.163637
282000 299.076 -14660.2 4.52605
283000 300.704 -14659.2 -11.5233
284000 299.421 -14690 9.7145
285000 300.889 -14613.7 -2.46172
286000 299.651 -14662.3 8.08127
287000 299.27 -14704.2 8.81238
288000 300.476 -14661.8 -4.1023
289000 299.985 -14630.7 4.88091
290000 300.91 -14611.9 -10.5196
291000 300.136 -14632.2 16.8239
292000 300.939 -14625.5 2.1383
293000 300.812 -14648.2 -3.92874
294000 299.445 -14693.5 -7.46594
295000 298.514 -14694.8 4.65037
296000 300.209 -14666 -5.18347
297000 301.313 -14607.3 5.97015
298000 300.618 -14615.7 -11.8674
299000 300.686 -14613.8 -2.70851
300000 300.175 -14661.7 15.6661
301000 298.652 -14675.3 -9.80952
302000 298.756 -14709.1 0.290027
303000 301.761 -14640.4 -7.52912
304000 299.847 -14596.7 5.31847
305000 299.89 -14596.3 -9.6569
306000 300.663 -14660.9 3.7851
307000 298.636 -14660 7.78229
308000 298.14 -14694.3 -3.48587
309000 299.97 -14617.8 12.3051
310000 299.523 -14651.4 -8.42133
311000 299.728 -14672.2 5.27006
312000 300.703 -14664 -2.32705
313000 300.463 -14601.5 4.96202
314000 302.017 -14617.3 1.24336
315000 298.249 -14667.3 8.68519
316000 301.015 -14624.4 1.29989
317000 300.324 -14645.1 2.08984
318000 301.488 -14598 0.356478
319000 296.739 -14669.8 7.02589
320000 300.073 -14668.7 -1.69575
321000 300.676 -14665 4.87251
322000 299.954 -14656.3 5.5604
323000 299.168 -14685.8 -2.07151
324000 299.952 -14653.3 -13.1614
325000 298.353 -14687.7 -1.41741
326000 300.987 -14617.5 0.458038
327000 301.564 -14620.3 4.47771
328000 301.539 -14606.6 -3.19012
329000 299.701 -14647.5 5.85168
330000 299.865 -14656.4 -3.90165
331000 298.956 -14670.9 -0.827717
332000 301.285 -14597 7.78808
333000 299.122 -14601.6 1.49134
334000 299.788 -14656.4 6.7847
335000 301.898 -14646.1 -7.86357
336000 299.898 -14687.7 -1.30516
337000 300.389 -14644.2 -1.60153
338000 297.7 -14633.2 14.8875
339000 300.243 -14629.7 -4.00022
340000 301.035 -14596.3 2.25361
341000 299.261 -14684.8 6.21493
342000 300.167 -14696.1 -9.36517
343000 299.952 -14602.1 -2.74568
344000 300.68 -14644 1.13192
345000 299.981 -14626.3 4.22947
346000 301.972 -14603.9 -9.44714
347000 300.277 -14676.1 5.18956
348000 298.91 -14676.8 -6.94408
349000 299.332 -14682.3 19.4583
350000 299.694 -14713.2 -16.2573
351000 298.436 -14692.2 12.5021
352000 299.499 -14637.6 9.68314
353000 299.242 -14630.1 -13.1978
354000 300.063 -14620.5 14.809
355000 298.661 -14643 -2.70078
356000 300.914 -14638.4 -12.3313
357000 299.587 -14650.8 -3.18715
358000 301.685 -14570.2 9.56072
359000 300.889 -14600.1 -0.692405
360000 296.803 -14737.9 12.7285
361000 298.196 -14658.8 6.60323
362000 300.47 -14661.2 4.37801
363000 300.423 -14646.3 -5.37353
364000 300.054 -14680.4 6.0638
365000 299.18 -14628.4 -3.27463
366000 300.729 -14586 10.8453
367000 299.485 -14650.6 -4.32851
368000 298.807 -14680.3 2.26451
369000 300.797 -14647.1 4.82913
370000 299.676 -14645.8 4.81759
371000 300.376 -14695 -6.67529
372000 301.798 -14615.5 5.63922
373000 300.958 -14606 -7.20867
374000 298.18 -14658.5 14.4872
375000 300.682 -14571 4.46814
376000 300.58 -14634.2 1.47558
377000 300.432 -14675.5 -2.43515
378000 297.888 -14677.4 13.4398
379000 298.564 -14667.3 -7.47105
380000 299.702 -14649.3 13.6224
381000 299.479 -14671.3 1.72776
382000 298.732 -14700.8 10.5852
383000 299.912 -14679.4 -8.69894
384000 298.48 -14664.4 6.60584
385000 299.951 -14661.2 -1.01762
386000 300.046 -14672.5 6.15213
387000 300.892 -14671.3 -0.317373
388000 297.962 -14677 0.449375
389000 300.344 -14634.6 1.46176
390000 300.75 -14655.2 -2.52813
391000 300.625 -14663.9 -0.370188
392000 300.511 -14629.1 10.4736
393000 299.771 -14647.9 1.06374
394000 300.972 -14625.2 7.8426
395000 298.977 -14655.2 -0.523037
396000 298.329 -14668.3 -6.77711
397000 300.945 -14604.7 4.92396
398000 301.235 -14641.3 8.2528
399000 298.221 -14687.4 3.47082
400000 300.186 -14623.3 1.02242
401000 299.664 -14591.8 2.45772
402000 300.222 -14671.4 12.5693
403000 299.712 -14684.1 -9.22021
404000 300.018 -14629.3 0.952229
405000 300.038 -14692.7 -5.24061
406000 300.689 -14618.2 2.28693
407000 301.985 -14624.2 12.604
408000 300.361 -14673.2 -12.3735
409000 299.841 -14673.3 -1.74264
410000 297.441 -14673.7 3.01425
411000 299.216 -14652.4 -1.41432
412000 299.296 -14695.1 -5.6123
413000 301.995 -14628.7 -3.12874
414000 300.105 -14647.7 0.110503
415000 299.817 -14692.7 6.79412
416000 297.63 -14699.4 -1.49006
417000 300.205 -14596.7 11.6351
418000 301.153 -14599.3 1.3844
419000 298.087 -14684.3 9.29437
420000 299.342 -14640.7 -3.44536
421000 300.588 -14678.3 -9.62385
422000 298.972 -14668.8 -0.875728
423000 298.941 -14623 6.49744
424000 299.131 -14683.7 1.19371
425000 298.602 -14662.8 4.99704
426000 301.923 -14566.8 1.39901
427000 299.672 -14641.8 8.27265
428000 299.733 -14658.5 -7.86332
429000 300.625 -14699.3 1.07472
430000 300.507 -14681.4 -7.12506
431000 300.79 -14674.8 5.20104
432000 301.342 -14651.4 -10.4418
433000 299.424 -14638.7 5.90809
434000 301.622 -14646 13.3779
435000 301.891 -14617 -6.46407
436000 300.187 -14618.4 6.70267
437000 300.156 -14643.6 5.18555
438000 299.836 -14669.5 -12.2611
439000 298.632 -14672.2 0.470136
440000 301.566 -14631 4.65628
441000 300.08 -14595.3 6.13621
442000 300.658 -14671 6.08483
443000 300.414 -14665.6 -2.03465
444000 299.485 -14641.8 -2.30854
445000 301.433 -14646.2 -0.351597
446000 300.125 -14698.3 14.1802
447000 299.969 -14644.4 4.51384
448000 301.186 -14637.3 -8.20651
449000 298.546 -14674.9 2.40537
450000 300.87 -14641.9 6.29844
451000 299.113 -14688.3 1.42503
452000 300.916 -14617.7 -0.558031
453000 301.245 -14581.7 3.13346
454000 298.612 -14647.6 2.13895
455000 301.095 -14639.9 -1.64033
456000 300.679 -14614.2 7.70824
457000 300.46 -14616.8 6.72004
458000 301.762 -14662.8 -2.60067
459000 298.753 -14653.8 -10.657
460000 299.847 -14692.2 7.08684
461000 301.36 -14642.1 3.81604
462000 300.472 -14633 -4.42216
463000 300.783 -14608.3 2.68077
464000 299.465 -14628.9 -0.636909
465000 299.291 -14673.3 -4.36973
466000 299.318 -14681.2 7.72115
467000 298.939 -14696.5 -16.1886
468000 298.463 -14650.8 12.1868
469000 301.136 -14598.2 4.97521
470000 299.791 -14648.7 -3.95551
471000 300.646 -14686.7 6.64426
472000 298.848 -14689.7 -2.66507
473000 300.201 -14644.5 -0.110548
474000 299.892 -14639.5 3.92404
475000 300.02 -14678.6 4.34913
476000 299.973 -14631.5 2.84804
477000 300.871 -14619.8 8.12852
478000 300.877 -14654.4 -1.3817
479000 300.302 -14640.2 -3.21488
480000 299.84 -14617.8 -9.3766
481000 298.856 -14676.6 15.8745
482000 299.348 -14628.6 -10.225
483000 299.873 -14602.5 4.56489
484000 300.163 -14638.4 4.28191
485000 298.066 -14655.4 9.99873
486000 298.869 -14689.8 0.429611
487000 299.185 -14678.9 -11.8243
488000 301.481 -14647.9 18.8884
489000 300.223 -14680.7 6.4138
490000 300.743 -14613.3 -12.1083
491000 301.436 -14665 4.44867
492000 300.235 -14607.1 -3.63167
493000 299.072 -14658.3 2.88186
494000 299.381 -14723 -1.03207
495000 299.379 -14674.3 0.308522
496000 297.629 -14656 16.5932
497000 300.647 -14635 -2.10686
498000 299.176 -14641.9 2.96539
499000 298.312 -14667.7 -1.29326
500000 301.067 -14646.1 -1.6394
501000 298.865 -14658.3 6.45481
502000 299.734 -14661.2 -2.6616
503000 301.258 -14631 -8.42232
504000 300.007 -14635.4 9.50392
505000 300.926 -14623.4 -1.47923
506000 300.271 -14605.6 -3.57568
507000 300.705 -14643 6.32914
508000 297.899 -14653.1 4.36154
509000 299.186 -14671.9 -4.24278
510000 298.871 -14653.9 3.09454
511000 298.951 -14662 7.63843
512000 299.928 -14629.8 -0.540271
513000 299.771 -14640.7 -6.72366
514000 299.943 -14622.2 14.5052
515000 299.168 -14603.6 3.72557
516000 299.42 -14599.2 10.3505
517000 300.868 -14614.7 -1.28005
518000 301.365 -14684.2 2.47105
519000 299.653 -14688.7 4.87621
520000 301.208 -14701.6 1.15457
521000 299.234 -14671.5 5.69122
522000 300.551 -14611.9 0.838696
523000 300.28 -14654.8 -2.28719
524000 298.035 -14670.6 11.2355
525000 299.76 -14641.2 1.95081
526000 300.388 -14611.1 2.12874
527000 299.88 -14648.8 4.78948
528000 298.872 -14688.9 1.22516
529000 299.877 -14661.3 -2.56381
530000 300.829 -14616.8 26.2542
531000 300.489 -14689.5 -5.04384
532000 300.267 -14667.5 0.25305
533000 300.006 -14648.2 5.17096
534000 299.957 -14676.6 -9.10072
535000 300.47 -14686.3 11.179
536000 300.112 -14665.9 4.96661
537000 300.765 -14675.8 -5.71579
538000 300.246 -14646.5 7.28974
539000 300.602 -14661.4 -5.32116
540000 301.242 -14609.8 0.286834
541000 302.06 -14598.3 -2.70702
542000 300.676 -14661.8 -1.54363
543000 299.517 -14684.3 2.48127
544000 300.496 -14657.1 -7.61218
545000 298.093 -14694.6 5.71139
546000 300.653 -14651.1 -9.08336
547000 300.558 -14665.9 -0.512525
548000 301.147 -14615.9 10.2871
549000 300.967 -14648.5 2.37677
550000 299.736 -14633.5 7.49147
551000 300.101 -14672.4 -8.55081
552000 300.12 -14686.6 -2.17719
553000 298.397 -14667.7 6.0971
554000 301.004 -14589.4 1.31383
555000 299.295 -14635 5.34764
556000 300.18 -14649 1.86414
557000 298.634 -14689.4 10.3793
558000 301.239 -14645 -6.86585
559000 299.29 -14636.2 4.54005
560000 298.904 -14671.3 5.0548
561000 302.858 -14593.3 -2.56702
562000 301.583 -14647.5 -0.200276
563000 298.443 -14719.7 -16.7846
564000 300.229 -14645.9 3.25659
565000 299.746 -14658.4 7.50598
566000 299.818 -14679.8 1.18471
567000 299.072 -14692.8 0.541923
568000 299.596 -14688.9 -1.94459
569000 300.154 -14686.3 2.13324
570000 299.77 -14646.6 6.88275
571000 296.949 -14630 2.90579
572000 300.489 -14654 -8.50798
573000 301.317 -14637.8 -4.29612
574000 300.917 -14635.3 6.12301
575000 300.496 -14632.8 6.07407
576000 297.349 -14636.4 -1.70405
577000 298.643 -14661.4 1.98952
578000 298.748 -14706.2 7.76051
579000 301.157 -14660.2 -2.051
580000 301.411 -14634.3 -2.84269
581000 300.456 -14660.5 10.3119
582000 300.961 -14651.1 -4.37228
583000 297.645 -14639.6 4.55448
584000 300.87 -14576.5 -1.50768
585000 301.032 -14628.3 -7.77956
586000 301.139 -14669.5 3.56916
587000 300.628 -14634.2 4.39055
588000 300.596 -14636.9 9.36228
589000 300.489 -14654 -17.2195
590000 299.762 -14593.4 -0.0726412
591000 299.834 -14648 7.19115
592000 299.135 -14680.8 -3.13371
593000 300.431 -14677.9 9.18495
594000 300.827 -14625.5 6.49274
595000 299.82 -14681.8 1.90612
596000 299.626 -14675.1 -11.3861
597000 300.176 -14633.9 0.793885
598000 300.642 -14631.8 7.8329
599000 301.343 -14650.7 1.08305
600000 298.398 -14691.8 -1.63025
601000 299.366 -14661.8 12.335
602000 299.393 -14674.4 -2.1756
603000 300.971 -14663 -4.94497
604000 300.902 -14650.8 0.0449859
605000 299.45 -14636.2 -10.7469
606000 299.921 -14651.7 6.61612
607000 301.69 -14620 -4.5479
608000 298.826 -14594.1 -4.07945
609000 298.913 -14653.4 7.53571
610000 299.834 -14696.3 -0.599227
611000 299.526 -14644 7.19787
612000 300.158 -14645.2 -0.107324
613000 301.041 -14653.9 -8.1995
614000 298.957 -14655 3.90177
615000 299.53 -14671.2 3.00338
616000 300.225 -14673.6 -2.40552
617000 299.48 -14689 0.77345
618000 299.677 -14681.9 2.43248
619000 301.253 -14589.8 -2.96581
620000 299.38 -14647.9 7.31015
621000 300.909 -14624.9 -3.03367
622000 299.392 -14662.5 8.79438
623000 300.857 -14670.6 4.5194
624000 300.754 -14644.3 -9.01989
625000 299.104 -14645 0.822047
626000 297.63 -14662.9 2.8202
627000 300.576 -14645.2 9.66931
628000 299.202 -14639.2 -1.20603
629000 300.465 -14646 -3.39658
630000 298.691 -14675.9 5.94466
631000 302.28 -14624.1 -4.64766
632000 299.867 -14654 5.81425
633000 299.554 -14608.6 1.15937
634000 299.754 -14633.4 13.4409
635000 300.459 -14639.6 2.97582
636000 301.103 -14642.9 0.556398
637000 299.71 -14683 -4.86941
638000 300.628 -14658.9 -3.06415
639000 300.556 -14593.2 12.7781
640000 299.473 -14669.7 -4.61493
641000 300.252 -14617.4 8.72848
642000 298.9 -14662.5 9.51908
643000 300.134 -14670.6 -13.7716
644000 301.195 -14646.5 13.7272
645000 300.171 -14602.8 1.10983
646000 299.695 -14632.7 3.8859
647000 300.963 -14629.1 3.41384
648000 300.005 -14672.7 5.86488
649000 300.921 -14656.5 2.2086
650000 301.567 -14634.3 -5.63947
651000 300.05 -14594.8 -1.93568
652000 301.356 -14609.7 -1.20126
653000 298.404 -14664.1 5.4581
654000 300.651 -14657.3 3.99087
655000 300.115 -14635.8 3.60103
656000 299.376 -14629.5 -4.08382
657000 300.864 -14686.7 9.53947
658000 300.14 -14686.1 5.2992
659000 300.376 -14674 -2.37346
660000 300.156 -14642.5 -2.53451
661000 299.005 -14687.1 12.7854
662000 300.626 -14649.4 -0.601043
663000 299.944 -14675.7 -2.86144
664000 299.965 -14656.1 10.9844
665000 296.931 -14716.1 7.88605
666000 299.965 -14661.1 -5.25948
667000 302.006 -14647.1 -6.43645
668000 301.181 -14629.5 -10.5275
669000 301.278 -14610.6 12.6012
670000 297.339 -14671.6 -4.65598
671000 299.753 -14635 11.951
672000 301.023 -14649.8 3.78921
673000 301.906 -14635.5 -17.838
674000 300.133 -14637.6 4.61132
675000 299.716 -14652.4 12.4652
676000 298.697 -14692 0.905321
677000 299.221 -14693.4 7.1854
678000 300.935 -14615.7 -0.906333
679000 299.016 -14625.7 -7.99555
680000 302.879 -14598.6 0.926874
681000 299.418 -14640.3 -9.98413
682000 299.287 -14694.7 11.4857
683000 298.747 -14656.5 -8.2594
684000 301.03 -14647.9 7.66657
685000 298.254 -14688 -12.6873
686000 300.008 -14664.7 6.19817
687000 301.984 -14581.8 1.06705
688000 299.958 -14613.8 -0.715753
689000 301.05 -14623.8 3.8296
690000 297.759 -14645.3 0.874807
691000 299.212 -14639.5 -4.57707
692000 300.589 -14602.8 14.0523
693000 299.456 -14671.3 2.47539
694000 299.788 -14639.6 -1.92096
695000 300.693 -14667.4 -3.33014
696000 302.064 -14618.1 4.93969
697000 301.109 -14628.6 1.81848
698000 299.492 -14638.5 9.78576
699000 302.225 -14640.6 -14.6888
700000 298.758 -14629.9 1.16663
701000 300.862 -14626.5 4.47408
702000 297.785 -14722.9 8.77357
703000 301.225 -14656.4 -2.84138
704000 300.947 -14621.8 1.75516
705000 299.393 -14691.1 4.44161
706000 300.024 -14639.9 -3.96117
707000 300.668 -14707.5 -0.498723
708000 301.057 -14643.8 4.36483
709000 301.087 -14627.1 -5.50613
710000 299.437 -14689.8 7.87335
711000 300.903 -14625.5 0.498498
712000 300.381 -14644.9 3.62603
713000 301.797 -14654.3 4.46601
714000 300.673 -14611 0.916017
715000 297.709 -14652.4 11.8772
716000 300.573 -14626.5 -17.895
717000 299.024 -14694.5 4.47154
718000 298.524 -14654.1 6.73551
719000 300.043 -14637 -1.12425
720000 300.785 -14633.6 8.75524
721000 299.802 -14636.5 -3.33992
722000 298.134 -14660 -0.270492
723000 300.971 -14605.1 -2.23033
724000 299.859 -14604.7 -3.30279
725000 299.348 -14696.4 -2.47806
726000 299.61 -14644.1 -0.416556
727000 301.441 -14641.2 -1.79648
728000 298.92 -14670.2 5.50175
729000 300.782 -14645.2 -10.0042
730000 299.634 -14667 -3.39742
731000 300.325 -14649.1 4.64868
732000 300.121 -14630.6 -9.99344
733000 300.095 -14657.4 0.248089
734000 299.099 -14672.8 5.42763
735000 299.143 -14669 7.48271
736000 297.859 -14679.2 -6.93903
737000 300.071 -14648.8 6.60691
738000 300.143 -14628.5 -0.788958
739000 300.103 -14603.1 9.43761
740000 299.387 -14612.4 -0.0579062
741000 301.117 -14616.7 3.59189
742000 299.339 -14600.6 -1.33701
743000 299.849 -14622.4 -7.59798
744000 299.308 -14629.1 4.02168
745000 298.58 -14663.8 -4.84591
746000 302.334 -14627.5 -1.03557
747000 297.932 -14654.4 16.5094
748000 299.652 -14688.6 1.24513
749000 300.69 -14638.3 -4.62221
750000 298.936 -14646.5 -5.98085
751000 301.897 -14663.7 -9.8516
752000 300.848 -14649.2 -1.90718
753000 300.133 -14616.2 -2.97679
754000 300.699 -14609.2 -0.806324
755000 299.087 -14673.4 5.84916
756000 301.672 -14592.8 -0.904323
757000 299.273 -14654.3 15.2504
758000 300.118 -14675.9 -5.79405
759000 299.902 -14677.9 3.86937
760000 300.129 -14623 0.408219
761000 300.532 -14628.1 17.4649
762000 299.406 -14695.9 -9.40996
763000 299.221 -14679.6 7.52422
764000 299.216 -14683.4 -10.8659
765000 298.307 -14689.3 18.752
766000 299.092 -14658 -2.757
767000 299.476 -14624.2 -9.50706
768000 300.782 -14630.1 -1.6581
769000 298.826 -14658.1 2.15556
770000 301.776 -14590.6 -0.0876388
771000 301.678 -14620.5 1.96004
772000 300.769 -14696.1 -9.29269
773000 300.346 -14669.3 -6.36193
774000 301.315 -14686.3 7.01793
775000 300.952 -14672.3 -2.31361
776000 300.159 -14665.9 1.14764
777000 298.951 -14637.2 0.475097
778000 301.562 -14615.8 -3.73668
779000 300.452 -14614.6 2.56718
780000 300.074 -14678.9 -2.91971
781000 301.61 -14619.9 -0.809491
782000 300.386 -14608.3 4.79706
783000 300.325 -14616.2 13.5285
784000 300.112 -14658.5 -1.27133
785000 300.269 -14662.5 -9.26556
786000 298.067 -14659.7 -5.82968
787000 301.255 -14620.5 -2.47528
788000 300.167 -14636.8 10.8505
789000 301.5 -14642 0.58593
790000 298.943 -14682.7 1.72503
791000 300.426 -14634.5 -0.633201
792000 298.392 -14652.6 -1.21455
793000 298.28 -14702.4 -5.19592
794000 300.343 -14623.4 0.616398
795000 301.386 -14652.7 -0.737141
796000 299.993 -14663.7 -0.0881249
797000 299.764 -14620.8 -5.04056
798000 298.962 -14664.6 -0.596084
799000 300.793 -14624.9 -5.21385
800000 301.2 -14665.7 -0.625724
801000 301.114 -14648.8 7.49311
802000 299.234 -14659.8 12.6049
803000 299.918 -14662.7 -7.5009
804000 301.365 -14634.8 8.30462
805000 300.984 -14648.8 -4.94434
806000 301.986 -14598.3 -10.8296
807000 300.852 -14607.3 5.8706
808000 299.6 -14658.5 -4.30159
809000 301.54 -14645.1 -2.11111
810000 301.686 -14586.3 0.21105
811000 298.778 -14659.7 -4.79486
812000 300.947 -14624.2 1.09331
813000 300.887 -14669.1 8.36659
814000 300.281 -14648.7 -2.2542
815000 300.469 -14656.8 -1.06387
816000 299.767 -14633.6 9.09165
817000 300.435 -14580.5 -7.99781
818000 301.37 -14629.7 10.489
819000 300.842 -14679.5 0.820813
820000 299.492 -14729.2 11.8055
821000 300.025 -14651.9 1.93871
822000 300.274 -14632.1 -6.47685
823000 299.682 -14697.9 -6.51609
824000 300.143 -14643.6 -3.27438
825000 300.198 -14635.6 -0.525269
826000 300.768 -14614.6 13.2545
827000 300.049 -14638.2 1.13124
828000 300.264 -14635.9 5.46047
829000 298.45 -14644.7 -5.02688
830000 299.549 -14648.2 1.40924
831000 298.796 -14701.8 8.22643
832000 298.871 -14685.4 -3.34378
833000 299.493 -14684 9.55896
834000 300.722 -14659.2 -11.9674
835000 299.822 -14665.6 3.13969
836000 297.515 -14729.4 3.50764
837000 299.411 -14637.4 2.95082
838000 300.969 -14591.6 -5.40416
839000 298.592 -14626.3 5.77985
840000 301.81 -14615.6 -1.27928
841000 300.678 -14620 8.89995
842000 300.609 -14638.5 -15.5049
843000 298.989 -14675.6 5.3613
844000 301.523 -14610.5 3.91668
845000 299.747 -14638.6 -0.160425
846000 300.242 -14645.1 -0.946727
847000 298.536 -14662.6 -2.615
848000 299.725 -14645.9 11.6969
849000 298.615 -14677.4 -3.21361
850000 300.951 -14630.7 -13.5475
851000 298.512 -14680.4 4.62852
852000 301.281 -14607.8 2.07978
853000 301.568 -14607 -3.51102
854000 300.964 -14623.1 7.98039
855000 299.369 -14642.2 7.13037
856000 300.881 -14635.2 -11.7334
857000 300.518 -14652.9 -2.35647
858000 297.855 -14718.9 -4.52325
859000 300.692 -14680.1 -13.5698
860000 300.26 -14666.1 11.2325
861000 300.712 -14671.3 -7.82665
862000 299.444 -14668.9 -2.89791
863000 299.645 -14649 15.4795
864000 297.619 -14700.1 -16.7074
865000 301.229 -14644.1 -9.92381
866000 299.877 -14671.4 14.4298
867000 300.232 -14673.3 -6.7973
868000 301.173 -14603.2 2.68394
869000 299.77 -14630.4 7.06182
870000 299.292 -14644.7 -9.05766
871000 300.138 -14672.5 3.07466
872000 298.945 -14685.3 -2.96031
873000 300.783 -14632.3 -0.810755
874000 299.107 -14672 -0.570503
875000 297.982 -14715.9 -0.681796
876000 297.737 -14732 -5.20747
877000 299.1 -14690.1 7.3896
878000 299.491 -14666.1 3.07344
879000 301.24 -14634.7 -12.0191
880000 300.747 -14644.9 4.86027
881000 300.545 -14625.3 6.75725
882000 301.11 -14645.2 6.32098
883000 300.117 -14641.3 -5.80064
884000 299.345 -14644.8 7.50875
885000 301.634 -14596.6 -5.7521
886000 302.39 -14627.5 1.89652
887000 299.812 -14639.1 7.72251
888000 299.167 -14638.1 -3.4753
889000 300.112 -14640.4 -3.50898
890000 299.2 -14674.6 -2.48464
891000 299.439 -14696.1 4.80025
892000 298.544 -14651 10.0913
893000 300.585 -14636 3.90713
894000 299.682 -14683.4 0.870138
895000 299.137 -14641.6 1.57121
896000 299.596 -14654.4 7.05205
897000 298.726 -14643.1 -4.69864
898000 299.212 -14643.2 4.92983
899000 300.176 -14589.6 2.23679
900000 300.443 -14674.7 8.9677
901000 300.143 -14621.5 1.64706
902000 301.544 -14617.2 -6.20226
903000 301.382 -14642.1 9.75655
904000 300.09 -14597.6 -3.95838
905000 300.829 -14607.5 -3.53892
906000 298.952 -14601.1 1.83743
907000 298.255 -14677.7 2.09711
908000 298.918 -14627.6 -3.30266
909000 300.595 -14626.4 14.0853
910000 300.218 -14667.2 -21.3946
911000 300.03 -14684.3 2.64903
912000 299.197 -14642.9 6.09768
913000 300.218 -14654.4 -8.80199
914000 299.881 -14658 10.8915
915000 298.731 -14686.3 -1.76488
916000 299.26 -14685.5 -3.02787
917000 301.599 -14590.3 2.01065
918000 297.61 -14651.5 -1.56804
919000 299.355 -14655.4 4.96643
920000 301.156 -14671.5 -0.536416
921000 299.552 -14657 -3.28511
922000 300.249 -14649.7 -0.831225
923000 299.96 -14652 -1.26997
924000 300.417 -14631.6 10.6668
925000 301.931 -14632 -0.116985
926000 299.05 -14647 -2.84837
927000 302.022 -14616.4 7.71197
928000 298.894 -14691.8 0.184115
929000 299.934 -14681.1 0.305287
930000 298.545 -14691.3 -2.23234
931000 298.764 -14649 0.92436
932000 299.739 -14673.8 -4.5986
933000 300.613 -14581.7 5.40743
934000 300.375 -14628.1 -2.23213
935000 298.806 -14662.8 12.7336
936000 299.38 -14661.4 5.02138
937000 297.873 -14701.4 -3.2698
938000 299.118 -14638.7 11.4302
939000 300.918 -14593.8 4.56837
940000 300.876 -14667.5 9.15232
941000 301.629 -14591.6 1.85318
942000 300.304 -14629.8 2.81093
943000 300.772 -14632 5.58646
944000 300.061 -14634.4 -7.85789
945000 300.527 -14607.2 13.6564
946000 297.464 -14659.5 2.44705
947000 300.34 -14677.6 -15.2429
948000 301.432 -14615.4 10.9514
949000 300.231 -14678.4 -0.694843
950000 300.482 -14681.8 -1.38494
951000 300.268 -14690.7 5.861
952000 299.059 -14665.1 7.71218
953000 301.686 -14670.7 -5.92301
954000 300.77 -14677.4 2.73186
955000 299.575 -14675.4 4.39429
956000 300.711 -14657.6 11.3716
957000 301.458 -14622.8 -0.438905
958000 299.884 -14672.6 -2.62867
959000 298.95 -14664.5 8.22373
960000 299.098 -14713.6 2.90164
961000 299.982 -14668.5 4.98209
962000 301.09 -14629.2 -6.2204
963000 300.8 -14698.4 -4.84456
964000 300.228 -14653.9 10.6573
965000 297.617 -14732 -5.78618
966000 300.555 -14696.3 -12.3735
967000 300.622 -14667.9 1.81131
968000 300.426 -14635.4 3.11857
969000 299.441 -14677.4 -6.89066
970000 302.405 -14577.3 -5.33699
971000 301.026 -14620 -1.00053
972000 298.816 -14677.6 -10.752
973000 299.106 -14643.8 12.3789
974000 300.642 -14608.2 6.45316
975000 300.954 -14643.2 5.45072
976000 300.351 -14644 -4.2626
977000 299.135 -14645.1 -0.350366
978000 300.521 -14659.6 7.45077
979000 299.671 -14668.3 13.5458
980000 301.55 -14619.4 -10.5031
981000 299.017 -14654.5 1.19469
982000 299.545 -14655.2 2.25378
983000 301.258 -14576.8 -2.13732
984000 300.122 -14640.6 2.82446
985000 299.045 -14654.6 2.83441
986000 300.223 -14686.4 -1.79825
987000 298.848 -14698.3 -1.64849
988000 297.502 -14680.1 9.70968
989000 299.847 -14693.5 -3.29992
990000 298.649 -14673.4 -2.02996
991000 300.374 -14709.1 0.901743
992000 301.061 -14634.3 -2.22874
993000 298.813 -14664.2 8.57968
994000 299.847 -14671.6 -10.5856
995000 299.993 -14660 3.88889
996000 300.92 -14653.4 -1.38033
997000 299.71 -14678.7 4.07407
998000 300.867 -14685.4 -12.9262
999000 300.706 -14672.6 12.4413
1000000 300.486 -14616.6 1.53564
1001000 300.698 -14592.2 8.74617
1002000 300.799 -14662.3 -9.56184
1003000 299.131 -14628.9 5.59462
1004000 300.318 -14605.3 -4.05631
1005000 302.461 -14618.9 -0.82746
1006000 299.206 -14665.8 13.5294
1007000 300.707 -14638.7 -8.9937
1008000 299.451 -14656.7 2.26875
1009000 299.685 -14666 0.70085
1010000 299.787 -14656.4 0.050835
1011000 301.036 -14661.3 2.37004
1012000 299.49 -14663.3 1.63363
1013000 300.525 -14644.6 2.68595
1014000 299.677 -14655.4 -1.43141
1015000 300.087 -14645.3 2.79875
1016000 299.32 -14649.5 6.1315
1017000 301.639 -14668.9 3.48627
1018000 300.066 -14628.4 9.46102
1019000 301.271 -14601.2 -1.51072
1020000 299.357 -14672.2 0.0291141
1021000 299.231 -14645.2 -0.11271
1022000 301.312 -14643.9 -3.18923
1023000 299.223 -14650 5.26793
1024000 300.542 -14631.5 -2.43571
1025000 299.762 -14658.9 2.23937
1026000 301.292 -14643.1 -4.38585
1027000 299.171 -14646.3 11.0079
1028000 299.198 -14661.4 -5.13787
1029000 298.216 -14679.9 23.1893
1030000 299.823 -14664.2 -11.6047
1031000 300.201 -14628 4.22275
1032000 299.725 -14668.2 -2.48347
1033000 301.647 -14582.8 -3.12266
1034000 299.549 -14610.7 13.9343
1035000 302.236 -14572.8 -1.48911
1036000 300.543 -14605.2 0.542872
1037000 299.958 -14636.4 9.44908
1038000 300.609 -14593.8 5.7627
1039000 300.161 -14626.2 1.59516
1040000 299.013 -14722.5 7.73532
1041000 299.32 -14689.8 -17.0474
1042000 299.196 -14695.9 5.20314
1043000 298.551 -14604.7 6.44404
1044000 299.463 -14612.8 7.20122
1045000 298.618 -14630.6 -10.3271
1046000 299.264 -14647.4 13.154
1047000 300.567 -14625.9 -0.0771705
1048000 298.902 -14675.4 2.1146
1049000 299.295 -14633.6 -0.784955
1050000 298.126 -14682.6 1.14916
1051000 300.976 -14602.4 -4.57414
1052000 299.043 -14639 -7.52311
1053000 299.464 -14640.3 14.5703
1054000 300.013 -14681.4 -7.23604
1055000 299.987 -14646.6 -3.3298
1056000 300.447 -14626.6 0.753224
1057000 300.208 -14638.7 -9.83542
1058000 300.095 -14662.8 2.04159
1059000 299.725 -14624.6 6.66623
1060000 302.264 -14603.1 -9.96228
1061000 298.447 -14634.7 9.23687
1062000 299.369 -14634.8 -4.77506
1063000 301.66 -14646.7 0.796328
1064000 299.555 -14686.2 16.2346
1065000 301.919 -14598 -16.1717
1066000 297.426 -14708.4 13.9022
1067000 300.672 -14608.5 -3.81984
1068000 300.723 -14632.8 7.48118
1069000 300.905 -14613 -5.31938
1070000 299.155 -14681.1 -1.15872
1071000 298.497 -14676.3 21.6476
1072000 300.535 -14653.2 -4.80066
1073000 300.84 -14591.9 -7.72296
1074000 300.031 -14628.8 3.28854
1075000 300.203 -14618.6 8.60423
1076000 299.397 -14609.3 2.14753
1077000 299.195 -14664.8 -16.2055
1078000 299.711 -14641.2 4.97973
1079000 300.069 -14660.3 7.73201
1080000 299.707 -14660.4 2.10756
1081000 298.558 -14664.8 0.995643
1082000 298.84 -14659.4 -3.60423
1083000 300.742 -14632.9 8.14576
1084000 300.881 -14616.5 -0.483847
1085000 300.973 -14682.3 -1.33733
1086000 300.614 -14598 0.890776
1087000 299.798 -14633.4 4.22354
1088000 301.362 -14619.2 3.23278
1089000 301.244 -14642.7 -3.00617
1090000 297.807 -14743.4 3.07964
1091000 299.015 -14692.9 10.2102
1092000 299.863 -14684 -1.60831
1093000 299.741 -14671.7 -2.98275
1094000 298.941 -14632.5 6.29489
1095000 298.671 -14652.6 9.24023
1096000 299.245 -14648.9 -11.3397
1097000 301.861 -14590.9 9.52598
1098000 299.264 -14629.1 -1.2915
1099000 299.297 -14669.8 5.30196
1100000 300.199 -14616.9 -0.0515717
1101000 299.641 -14667.3 0.720005
1102000 301.268 -14621.4 -5.29164
1103000 301.719 -14624.2 -2.28707
1104000 300.034 -14673.1 9.56932
1105000 297.175 -14688.6 -5.08596
1106000 302.316 -14648.5 -4.45029
1107000 300.109 -14615.6 -4.748
1108000 301.201 -14667.1 1.69086
1109000 300.253 -14641.8 -0.167909
1110000 301.384 -14627.7 6.38165
1111000 299.355 -14660.1 -4.80644
1112000 300.265 -14651.1 -2.41814
1113000 301.698 -14597.8 -3.91886
1114000 301.555 -14632.6 1.55177
1115000 300.906 -14614.9 -3.04352
1116000 298.938 -14651.7 11.4575
1117000 300.427 -14633.7 6.64387
1118000 299.228 -14641.2 -5.56044
1119000 300.415 -14641.8 1.26766
1120000 300.635 -14643.8 5.95038
1121000 299.865 -14663.6 -5.78388
1122000 298.913 -14705.9 2.26945
1123000 300.109 -14633.3 0.371484
1124000 301.304 -14588.5 2.02621
1125000 299.964 -14602 17.4472
1126000 301.269 -14630.1 -7.68994
1127000 300.572 -14616.5 -1.14781
1128000 299.51 -14664.4 -0.0725174
1129000 300.441 -14657 -8.33198
1130000 299.106 -14647.7 7.03537
1131000 300.391 -14662.4 3.38036
1132000 300.288 -14658.4 -4.56722
1133000 298.76 -14729 -7.25223
1134000 299.208 -14651.3 8.79438
1135000 300.336 -14682.3 1.66959
1136000 301.422 -14678.5 -1.55709
1137000 297.674 -14668 1.77819
1138000 300.909 -14642 -8.6784
1139000 299.916 -14670.9 10.267
1140000 298.869 -14704.9 0.891408
1141000 300.618 -14658.2 5.49174
1142000 300.834 -14629.7 0.774748
1143000 300.282 -14646.6 5.66905
1144000 300.75 -14663.1 -5.84658
1145000 300.594 -14658.5 0.963232
1146000 298.601 -14682.8 9.71286
1147000 300.134 -14634.3 -0.0495317
1148000 299.943 -14658.6 15.986
1149000 300.267 -14674.5 -9.51021
1150000 300.059 -14686 5.19953
1151000 298.277 -14648.2 6.8348
1152000 298.951 -14650.6 -6.95228
1153000 299.422 -14671 0.841189
1154000 299.708 -14674.1 -2.41173
1155000 300.426 -14653.1 4.53695
1156000 300.296 -14622.5 -5.87872
1157000 299.389 -14655.9 8.47709
1158000 300.552 -14614.4 -4.77126
1159000 299.829 -14641.7 0.0818311
1160000 297.185 -14708.6 7.43114
1161000 299.98 -14671.9 -12.1163
1162000 302.104 -14600.3 4.14353
1163000 299.37 -14671.3 2.20011
1164000 300.431 -14672.3 -4.24335
1165000 300.034 -14653.6 9.68945
1166000 299.494 -14646.6 6.22065
1167000 302.314 -14578.2 7.16006
1168000 300.692 -14610.8 -12.9133
1169000 299.654 -14666.9 14.5963
1170000 301.642 -14644.5 -4.27707
1171000 300.179 -14635.1 9.03157
1172000 300.918 -14665.7 -11.7094
1173000 301.823 -14619 4.36373
1174000 299.234 -14650.6 -4.97545
1175000 299.871 -14667.1 3.15572
1176000 302.069 -14619.4 2.3212
1177000 300.578 -14628.4 2.72184
1178000 298.506 -14715.5 -1.92565
1179000 301.019 -14668.9 12.0688
1180000 299.971 -14651.4 -9.70622
1181000 301.017 -14636 5.9031
1182000 300.278 -14636.8 1.55756
1183000 299.015 -14639.8 2.84956
1184000 300.764 -14612.5 5.26432
1185000 299.275 -14652.3 2.05459
1186000 301.415 -14645.4 -3.93432
1187000 300.553 -14678.5 -9.60668
1188000 299.897 -14667.6 14.002
1189000 299.831 -14647.5 -4.72685
1190000 300.74 -14650.2 -6.47347
1191000 298.822 -14641.4 5.94788
1192000 299.42 -14657.3 -2.93276
1193000 297.932 -14690.5 11.6306
1194000 301.132 -14648.9 -4.72842
1195000 300.692 -14633.9 1.86558
1196000 300.884 -14644.7 -3.99349
1197000 300.083 -14619 12.1781
1198000 299.858 -14646.9 -12.3396
1199000 299.241 -14630.9 4.85831
1200000 300.807 -14624.2 8.94937
1201000 300.306 -14620 -3.85527
1202000 299.775 -14684 -6.47653
1203000 300.826 -14655.6 1.74281
1204000 300.287 -14641.6 6.23717
1205000 299.182 -14692.3 -3.86066
1206000 300.95 -14607.9 1.42572
1207000 298.902 -14624.1 -3.853
1208000 298.723 -14643 3.36648
1209000 299.921 -14676 -0.724267
1210000 299.221 -14655 -2.23188
1211000 300.52 -14648.4 4.30036
1212000 297.77 -14679.6 6.5548
1213000 301.491 -14625.1 1.01012
1214000 298.452 -14684.4 11.7313
1215000 300.132 -14651.4 -15.9367
1216000 301.112 -14638.6 1.68796
1217000 300.365 -14645.8 -13.283
1218000 300.316 -14677.1 -0.488124
1219000 300.283 -14642 0.77575
1220000 299.77 -14640.8 10.4215
1221000 299.134 -14675.6 -6.76131
1222000 300.234 -14673.7 4.87178
1223000 302.235 -14600.2 -3.32356
1224000 300.987 -14592.4 6.79065
1225000 300.215 -14663.8 4.2241
1226000 298.709 -14658.2 3.03029
1227000 301.184 -14600.2 1.10166
1228000 298.999 -14679.5 1.81193
1229000 299.872 -14614.6 -1.35392
1230000 299.56 -14618.2 -14.2053
1231000 300.402 -14656.9 5.83272
1232000 300.921 -14657.6 0.445758
1233000 299.646 -14674.1 1.58992
1234000 300.67 -14636.9 -3.46419
1235000 301.726 -14595.3 0.0639046
1236000 299.638 -14583 17.3039
1237000 301.533 -14607.5 0.943434
1238000 301.823 -14658.4 6.84942
1239000 298.852 -14671.5 4.81101
1240000 299.492 -14653.6 -2.02228
1241000 302.069 -14624.6 4.58295
1242000 300.328 -14641.5 -11.3097
1243000 300.193 -14644.5 8.59671
1244000 299.207 -14664 0.464298
1245000 302.632 -14649.1 2.21579
1246000 300.735 -14664 -6.928
1247000 299.831 -14724.2 -1.85388
1248000 301.213 -14685.6 0.719006
1249000 301.288 -14651.2 -0.546836
1250000 300.02 -14698.1 4.06186
1251000 300.276 -14661.4 -3.55943
1252000 301.016 -14638 -0.894311
1253000 302.275 -14637.3 -6.06426
1254000 300.263 -14660.7 0.017131
1255000 298.339 -14688.8 -3.83833
1256000 298.627 -14631.2 12.1659
1257000 301.643 -14566.7 4.8499
1258000 298.893 -14697.2 -1.75786
1259000 300.374 -14644.9 7.81119
1260000 299.631 -14666.6 -2.6645
1261000 300.39 -14658.4 3.23825
1262000 298.928 -14664.4 -3.86042
1263000 299.016 -14691.4 9.37602
1264000 301.691 -14678.2 -2.81936
1265000 300.261 -14654.9 0.870054
1266000 299.482 -14625.3 -1.96332
1267000 296.928 -14701.9 4.43586
1268000 299.166 -14666.7 -5.66572
1269000 300.776 -14682.9 3.99577
1270000 301.084 -14682.7 4.56699
1271000 299.987 -14689.4 7.77091
1272000 298.87 -14659.5 -0.938247
1273000 299.839 -14630.5 2.83726
1274000 299.387 -14634.8 -4.81057
1275000 298.608 -14688.8 8.79749
1276000 300.123 -14633 5.79557
1277000 300.99 -14640 5.09662
1278000 299.644 -14705.1 -0.228529
1279000 300.326 -14666.2 -0.625399
1280000 298.23 -14708.8 -0.0730074
1281000 300.209 -14675.5 -2.73344
1282000 300.851 -14640.1 -3.35469
1283000 299.659 -14645.8 0.0413994
1284000 300.574 -14646.6 0.706632
1285000 300.948 -14682.2 -3.48413
1286000 301.363 -14689.9 5.48209
1287000 300.305 -14682.9 6.78672
1288000 299.827 -14631 7.08384
1289000 299.712 -14663.5 -8.32928
1290000 302.213 -14629.5 7.27557
1291000 301.129 -14649.5 -3.06702
1292000 301.539 -14688.3 -4.39765
1293000 298.042 -14689.2 8.01654
1294000 300.282 -14682.6 -3.89379
1295000 299.35 -14673.7 -2.83246
1296000 302.043 -14645.8 3.36815
1297000 300.71 -14650.9 2.43163
1298000 299.23 -14656.8 -7.29528
1299000 300.289 -14632.8 1.29639
1300000 299.122 -14659.9 8.90776
1301000 299.973 -14663.3 -3.53707
1302000 300.56 -14671.2 -0.04474
1303000 299.957 -14676.2 9.76638
1304000 298.851 -14646.6 0.966702
1305000 301.609 -14597.1 -5.44045
1306000 299.426 -14625.8 7.84245
1307000 299.866 -14654.8 10.6237
1308000 299.071 -14644.4 3.54926
1309000 299.329 -14680.9 5.40392
1310000 300.993 -14607.5 3.98047
1311000 300.65 -14646.5 6.10803
1312000 300.931 -14606.3 4.54897
1313000 300.565 -14647 3.18883
1314000 297.791 -14696.9 4.45056
1315000 300.129 -14678.2 -6.8489
1316000 299.292 -14682.1 -3.27519
1317000 300.603 -14658 6.96126
1318000 299.901 -14657.9 3.50622
1319000 300.637 -14681.7 -2.62752
1320000 300.821 -14645.4 0.945032
1321000 300.285 -14667 2.88882
1322000 298.859 -14652.1 16.0641
1323000 298.938 -14677.7 4.46973
1324000 299.977 -14686.3 -4.49783
1325000 302.136 -14612.4 -1.6448
1326000 300.238 -14637.3 -0.941292
1327000 300.872 -14645.7 0.098539
1328000 301.255 -14645.2 4.53206
1329000 301.744 -14615.1 -11.9857
1330000 299.621 -14660.7 0.733693
1331000 301.417 -14646.2 -8.31666
1332000 299.565 -14682.2 13.119
1333000 298.828 -14690.9 -8.51486
1334000 299.368 -14648.8 2.25891
1335000 297.672 -14677.9 12.5945
1336000 300.139 -14643.7 -7.56074
1337000 298.703 -14680.9 10.9423
1338000 298.835 -14687.1 -3.69309
1339000 301.073 -14697.6 -9.42536
1340000 300.733 -14654.1 14.9732
1341000 300.267 -14664.5 -2.35646
1342000 300.299 -14642 3.38998
1343000 300.199 -14647.9 -3.87
1344000 301.29 -14616.3 -0.337619
1345000 302.388 -14564.9 5.90513
1346000 300.15 -14680.6 9.81271
1347000 299.202 -14648.4 -5.86146
1348000 299.172 -14670.8 6.73147
1349000 301.371 -14675 -2.34602
1350000 300.675 -14658.4 -1.8509
1351000 299.415 -14661.2 12.9537
1352000 298.183 -14695 -5.60041
1353000 299.384 -14637.2 7.07225
1354000 301.792 -14641.3 5.33266
1355000 298.98 -14645.5 0.128178
1356000 302.068 -14597.6 12.2184
1357000 300.11 -14643.3 -2.95449
1358000 300.819 -14622.1 -2.27329
1359000 300.57 -14597.9 -5.23991
1360000 300.046 -14638.5 -9.91218
1361000 298.233 -14677.3 8.88479
1362000 299.336 -14688.8 1.86198
1363000 301.253 -14615.7 -3.59039
1364000 298.935 -14625.3 4.98882
1365000 298.364 -14713.6 8.13874
1366000 301.399 -14639.6 10.8544
1367000 300.534 -14676.9 -2.43621
1368000 300.458 -14652.1 -3.708
1369000 300.685 -14658.9 3.12934
1370000 298.202 -14693.7 8.58939
1371000 299.462 -14637.2 12.0525
1372000 298.036 -14674.1 3.80763
1373000 299.254 -14641.6 -13.7088
1374000 299.439 -14676.9 2.23767
1375000 299.447 -14643.8 3.68495
1376000 299.363 -14691.7 -10.3955
1377000 299.492 -14705.1 12.2363
1378000 301.206 -14629.8 -8.62425
1379000 300.295 -14656.6 7.30988
1380000 300.881 -14608 8.06886
1381000 299.907 -14667.1 -1.93791
1382000 301.218 -14655.1 -3.27521
1383000 300.708 -14633.9 1.23982
1384000 299.128 -14652.5 4.07151
1385000 299.576 -14646.7 15.3606
1386000 300.071 -14591 -0.00880697
1387000 299.336 -14663.1 -0.288497
1388000 298.708 -14667.5 11.2642
1389000 299.904 -14682.8 0.721051
1390000 300.945 -14648.8 -5.90165
1391000 298.188 -14664.6 3.82704
1392000 300.431 -14627.8 6.52712
1393000 298.468 -14614.3 -5.00866
1394000 298.527 -14685 10.7258
1395000 299.493 -14692.8 -3.66854
1396000 300.793 -14668 -3.20955
1397000 301.547 -14624.9 14.6377
1398000 299.556 -14659 -13.4545
1399000 298.449 -14673.4 16.6142
1400000 299.07 -14656 1.7861
1401000 299.792 -14601.9 2.52644
1402000 300.898 -14593.4 0.734616
1403000 300.764 -14644.5 3.58963
1404000 300.092 -14658.3 10.5153
1405000 297.741 -14677.2 1.01242
1406000 300.333 -14618.1 -1.85704
1407000 300.173 -14635.3 2.37742
1408000 300.974 -14610.7 5.71277
1409000 299.545 -14611.2 3.42764
1410000 299.882 -14667.8 6.68184
1411000 300.077 -14655.9 -6.25627
1412000 299.645 -14676.4 -3.74621
1413000 300.291 -14678.6 -1.4063
1414000 299.228 -14666 -1.86689
1415000 301.427 -14611.6 -2.93324
1416000 301.634 -14583.8 2.50987
1417000 302.617 -14615.4 3.16711
1418000 298.892 -14706.7 0.664887
1419000 299.083 -14655.2 6.09983
1420000 299.784 -14647.9 -0.894433
1421000 299.98 -14667.7 0.225468
1422000 299.946 -14698 9.22033
1423000 300.938 -14641.9 2.47724
1424000 301.009 -14593.2 -5.87935
1425000 299.155 -14695 5.4287
1426000 298.629 -14718.8 3.99151
1427000 301.468 -14663 -3.45575
1428000 299.521 -14646.1 3.80111
1429000 301.199 -14618.6 0.215331
1430000 299.51 -14641.8 8.9851
1431000 300.433 -14642.8 -4.78486
1432000 300.215 -14638.8 -0.977624
1433000 299.664 -14647 -4.86343
1434000 300.923 -14606.4 8.37122
1435000 299.657 -14631.1 0.527018
1436000 300.214 -14686.3 -1.76029
1437000 300.221 -14653.8 1.51959
1438000 300.268 -14646.8 -0.593999
1439000 299.952 -14650.2 -5.28997
1440000 297.769 -14675.9 -1.76133
1441000 299.44 -14691.5 -5.9704
1442000 300.449 -14622.7 4.49241
1443000 300.054 -14612.3 9.9972
1444000 299.871 -14691.6 -14.1029
1445000 299.135 -14660.1 12.9409
1446000 299.276 -14645.3 -10.4691
1447000 299.306 -14638.3 2.40076
1448000 300.245 -14657.2 1.73046
1449000 302.91 -14611.5 -0.800846
1450000 301.405 -14646.5 -0.285037
1451000 301.082 -14660.7 2.81537
1452000 300.781 -14639.9 8.52357
1453000 298.394 -14672.7 3.41565
1454000 299.041 -14676.7 4.83401
1455000 300.449 -14703 2.24573
1456000 303.044 -14627.5 -7.321
1457000 298.828 -14707.9 9.76433
1458000 298.133 -14713.6 3.94786
1459000 300.194 -14685.4 7.02399
1460000 300.223 -14643 -3.16562
1461000 301.631 -14631.1 -1.06517
1462000 301.225 -14622.3 6.28871
1463000 298.913 -14643.9 2.54077
1464000 300.889 -14644.3 6.98474
1465000 300.022 -14639.9 2.46871
1466000 300.757 -14650.8 3.60307
1467000 300.306 -14683.2 14.4463
1468000 299.868 -14658.9 -3.8717
1469000 298.151 -14645.4 13.7925
1470000 301.053 -14647.7 14.7794
1471000 300.62 -14689.9 -14.298
1472000 297.539 -14697.2 2.07177
1473000 300.839 -14703.7 -8.82052
1474000 299.279 -14659.3 -8.52631
1475000 299.813 -14646.5 20.6723
1476000 300.784 -14646.8 -3.07532
1477000 301.467 -14637.4 9.72539
1478000 299.994 -14623.1 -8.66472
1479000 299.997 -14650.1 14.3783
1480000 298.993 -14658.5 2.47477
1481000 301.339 -14614.2 0.219569
1482000 300.648 -14625.9 0.921668
1483000 301.441 -14637.8 7.09744
1484000 300.946 -14661.3 2.14909
1485000 301.184 -14612.7 -5.20449
1486000 300.823 -14690.8 -6.69239
1487000 298.567 -14671.3 16.4124
1488000 300.056 -14636.3 4.80338
1489000 299.298 -14621.5 10.2782
1490000 299.347 -14650.2 -12.779
1491000 297.393 -14705.3 6.68539
1492000 301.566 -14643.5 9.98996
1493000 298.914 -14673.2 -2.53034
1494000 297.845 -14704.3 10.9954
1495000 300.174 -14631 -2.52391
1496000 298.17 -14690.9 -1.91371
1497000 299.282 -14654.3 9.86925
1498000 301.817 -14661.1 3.50778
1499000 300.069 -14688.8 -12.2847
1500000 298.561 -14702.8 -4.39912
1501000 301.438 -14674.4 0.241035
1502000 298.839 -14669.7 -18.4529
1503000 298.677 -14664.6 17.6266
1504000 300.992 -14654.9 -1.46712
1505000 299.01 -14652.8 -6.97971
1506000 299.266 -14674.3 4.5046
1507000 299.459 -14630.6 6.86243
1508000 299.685 -14622.7 -3.94035
1509000 299.576 -14675.2 -2.13848
1510000 298.084 -14717.7 3.23629
1511000 299.657 -14692.7 -4.72109
1512000 298.998 -14655.9 15.4377
1513000 299.69 -14653.4 -1.03982
1514000 299.236 -14648.7 -7.70107
1515000 301.362 -14617.3 -2.54511
1516000 299.279 -14653.6 1.29516
1517000 301.544 -14624.2 3.48639
1518000 301.176 -14623.3 4.22261
1519000 299.906 -14650.4 -6.03534
1520000 300.168 -14670.1 -4.25447
1521000 301.081 -14625.3 -2.20661
1522000 300.451 -14646.8 14.3039
1523000 300.93 -14657 -20.1709
1524000 300.001 -14656.8 0.204633
1525000 300.986 -14591.1 9.47013
1526000 299.559 -14637.8 -8.63753
1527000 300.158 -14590.7 15.3975
1528000 299.622 -14661.5 -7.1392
1529000 299.508 -14698.7 12.1396
1530000 300.051 -14651.6 0.781431
1531000 300.662 -14591.3 -5.24842
1532000 299.932 -14606.9 -1.02404
1533000 300.481 -14607.2 2.75278
1534000 300.78 -14652.4 7.19283
1535000 298.79 -14680.1 19.2566
1536000 300.268 -14670.2 -11.0102
1537000 300.269 -14684.2 -0.299209
1538000 300.332 -14674.2 2.84973
1539000 300.945 -14659.6 -0.156152
1540000 299.914 -14642.6 -3.71242
1541000 301.147 -14655.5 0.361992
1542000 301.403 -14610.5 8.18039
1543000 300.634 -14624.8 -4.41973
1544000 299.245 -14667.1 -1.24061
1545000 302.303 -14643.5 8.96265
1546000 301.483 -14641.8 -10.7249
1547000 300.762 -14653.4 -2.08102
1548000 299.723 -14655.1 -0.0644429
1549000 301.876 -14617.3 6.71191
1550000 299.37 -14617.1 10.7364
1551000 298.785 -14665.9 -2.896
1552000 299.662 -14677.4 3.38486
1553000 300.096 -14667.2 -3.13911
1554000 301.791 -14548.8 -3.58367
1555000 300.627 -14622.7 5.93295
1556000 299.624 -14714.9 -8.36472
1557000 300.553 -14668.3 5.33964
1558000 298.992 -14661.4 -8.78734
1559000 300.939 -14614.7 19.7359
1560000 299.004 -14630.8 -1.32763
1561000 299.251 -14650.1 5.38044
1562000 298.995 -14660.8 5.65089
1563000 299.412 -14654.9 0.16808
1564000 298.574 -14674.6 4.96933
1565000 300.575 -14650.3 1.43335
1566000 299.722 -14668.3 10.2446
1567000 299.435 -14667.4 6.50239
1568000 300.841 -14649.4 7.63675
1569000 299.064 -14703.5 -2.64072
1570000 299.607 -14693.6 -6.58677
1571000 298.878 -14660.6 16.7919
1572000 301.126 -14651.6 -1.03098
1573000 300.535 -14645.9 4.63301
1574000 301.464 -14579.3 0.802737
1575000 300.272 -14609.3 0.479964
1576000 300.138 -14631.1 0.382078
1577000 300.341 -14616.9 3.40922
1578000 299.616 -14627.3 9.52887
1579000 301.239 -14630.7 -12.7489
1580000 298.083 -14640.9 1.92248
1581000 300.013 -14647.9 -7.29757
1582000 300.168 -14648 6.92443
1583000 301.887 -14679.4 9.06507
1584000 299.754 -14671.9 -8.22382
1585000 300.118 -14619.9 7.92173
1586000 300.36 -14618.1 -5.91844
1587000 298.417 -14635.2 -9.84189
1588000 300.517 -14622.7 6.21007
1589000 300.733 -14639.7 -5.51917
1590000 298.382 -14677.9 1.26288
1591000 300.609 -14644.2 7.18951
1592000 302.478 -14599.4 -7.15026
1593000 300.475 -14626.6 0.921658
1594000 299.857 -14609.6 10.9875
1595000 299.417 -14657.9 -2.61504
1596000 299.648 -14667.4 -2.52201
1597000 298.583 -14643.8 -2.17313
1598000 300.559 -14670 -12.4663
1599000 299.465 -14659 4.9379
1600000 298.589 -14698.7 3.53157
1601000 300.209 -14651.5 4.02213
1602000 298.712 -14672.2 -0.440708
1603000 299.918 -14659.2 2.07381
1604000 298.917 -14673.6 -0.0764288
1605000 300.745 -14671.6 -4.67124
1606000 298.149 -14695.1 -0.0651937
1607000 300.554 -14635.6 0.463112
1608000 300.339 -14672.7 1.32574
1609000 300.907 -14621.2 6.6247
1610000 299.748 -14662.9 -5.54945
1611000 301.418 -14625.3 -0.585524
1612000 298.745 -14649.5 11.5042
1613000 300.399 -14640.9 -2.17371
1614000 300.245 -14649 3.78785
1615000 299.472 -14684.1 0.675751
1616000 299.078 -14719.6 -4.52925
1617000 300.247 -14645.4 3.80726
1618000 299.673 -14651.3 -8.01651
1619000 301.256 -14624.1 0.381456
1620000 299.654 -14663.4 3.33285
1621000 299.69 -14671.9 -2.77107
1622000 300.907 -14650.2 4.15586
1623000 300.149 -14660.7 8.68589
1624000 299.957 -14663.5 4.52967
1625000 299.443 -14653.3 5.1486
1626000 299.21 -14688.8 3.42892
1627000 301.35 -14615.4 -11.6716
1628000 299.707 -14608.8 9.8566
1629000 298.82 -14669.8 -7.33053
1630000 299.814 -14645.4 14.5101
1631000 299.992 -14640.7 0.785885
1632000 299.554 -14681.1 -3.34303
1633000 299.595 -14614 -2.69553
1634000 299.094 -14677.5 5.27647
1635000 298.756 -14678.9 -2.11059
1636000 299.759 -14623.7 2.56578
1637000 299.206 -14607.6 -0.650002
1638000 299.543 -14617.4 8.90822
1639000 299.282 -14654.6 1.34969
1640000 300.183 -14655.5 -3.79076
1641000 299.556 -14676.4 1.11585
1642000 298.764 -14663.3 10.9128
1643000 300.685 -14600.4 -9.46427
1644000 300.557 -14621.7 8.40534
1645000 299.181 -14668 3.10672
1646000 300.752 -14667.4 6.71806
1647000 300.22 -14657.4 2.88846
1648000 300.296 -14657 -6.50354
1649000 299.917 -14667.4 -5.07016
1650000 301.783 -14624 -7.50871
1651000 297.882 -14654.7 9.82714
1652000 298.962 -14675.6 -0.0465667
1653000 300.218 -14620.4 12.9057
1654000 299.634 -14621.8 -7.8464
1655000 298.958 -14693.2 4.51253
1656000 298.681 -14710.7 -1.89452
1657000 299.037 -14705.4 5.76846
1658000 301.308 -14655.8 -7.01721
1659000 299.051 -14695.8 5.44897
1660000 301.454 -14625.6 -2.1878
1661000 300.126 -14627 5.04114
1662000 299.683 -14628 0.5748
1663000 300.446 -14637.8 -4.96415
1664000 301.646 -14632.4 2.39313
1665000 299.895 -14616.4 4.01433
1666000 297.72 -14614.1 4.3872
1667000 300.722 -14591.8 1.62884
1668000 302.203 -14573.4 -4.95356
1669000 299.883 -14698.3 2.08009
1670000 299.236 -14684.1 1.48526
1671000 299.239 -14683.1 -0.292355
1672000 301.36 -14681.5 4.09737
1673000 299.339 -14692.3 10.0803
1674000 298.405 -14693.2 -0.260238
1675000 298.457 -14712 2.31459
1676000 299.52 -14645.8 -0.360355
1677000 300.294 -14620.9 1.24386
1678000 299.806 -14636 0.278939
1679000 298.992 -14657.3 2.52323
1680000 301.715 -14611.1 5.30743
1681000 299.835 -14650.2 -4.43533
1682000 298.078 -14711 18.8275
1683000 300.936 -14668.1 -0.356453
1684000 300.352 -14642.6 -14.2852
1685000 299.488 -14628 1.11777
1686000 300.677 -14587.3 -2.44158
1687000 302.398 -14644.5 -1.2145
1688000 299.97 -14649.1 -2.38316
1689000 300.411 -14636.8 6.81281
1690000 300.785 -14571.7 3.70674
1691000 299.058 -14653.5 -5.95591
1692000 298.58 -14706.2 -5.99394
1693000 298.998 -14678.1 5.59172
1694000 299.421 -14659.6 5.2221
1695000 299.158 -14691.7 -16.6256
1696000 300.422 -14639.1 -5.92559
1697000 298.948 -14626.4 0.855435
1698000 299.542 -14644.8 4.91555
1699000 299.265 -14666 1.93742
1700000 299.025 -14634.1 2.51445
1701000 299.761 -14601.4 0.29864
1702000 299.584 -14672.1 2.77224
1703000 300.59 -14643.4 2.19787
1704000 298.168 -14671.5 3.60343
1705000 299.173 -14692.3 -1.97236
1706000 299.591 -14620 2.32965
1707000 299.33 -14618.2 10.9115
1708000 300.426 -14570.4 -8.01553
1709000 302.439 -14589.6 8.88667
1710000 299.18 -14644.3 6.25512
1711000 297.942 -14665.1 -3.12791
1712000 300.512 -14654.2 4.18708
1713000 298.732 -14700.2 3.7923
1714000 301.086 -14616.2 10.4772
1715000 300.254 -14618.6 6.96348
1716000 300.375 -14666.3 -5.86006
1717000 296.647 -14678.1 6.3306
1718000 300.707 -14601.7 -0.225959
1719000 301.167 -14604.5 -3.75905
1720000 299.375 -14663.3 -6.74987
1721000 298.722 -14687.7 1.97181
1722000 298.874 -14662.6 -9.15559
1723000 301.454 -14654.9 6.94372
1724000 298.724 -14674.9 -3.06897
1725000 302.292 -14592.5 7.28182
1726000 299.377 -14663.1 -1.80433
1727000 300.207 -14629 -3.02307
1728000 301.721 -14600.9 7.36486
1729000 299.141 -14636.9 8.84687
1730000 300.233 -14684.7 -7.32525
1731000 299.761 -14665.3 0.266428
1732000 301.023 -14654.1 1.13441
1733000 298.841 -14683.3 2.49606
1734000 300.682 -14655.3 -0.883667
1735000 299.283 -14660 0.412072
1736000 302.016 -14653.7 0.669178
1737000 300.595 -14674 4.98499
1738000 300.264 -14649.1 -5.47285
1739000 299.425 -14693.6 -4.34968
1740000 298.848 -14663.8 14.6226
1741000 299.959 -14685.5 -2.88977
1742000 301.557 -14674.3 0.419609
1743000 299.877 -14647.2 7.87352
1744000 299.469 -14642.7 7.28259
1745000 300.928 -14581.5 -2.15494
1746000 297.335 -14707.2 9.93365
1747000 298.301 -14686.6 -8.76941
1748000 300.692 -14645.2 1.16301
1749000 298.808 -14689.4 -1.48706
1750000 298.513 -14708.1 13.6423
1751000 300.542 -14622.4 6.80914
1752000 298.863 -14696.5 0.207628
1753000 300.079 -14656.5 7.55838
1754000 300.464 -14658.2 -1.16053
1755000 301.54 -14613 1.98146
1756000 300.539 -14648.8 -1.99731
1757000 300.826 -14623.6 17.365
1758000 302.07 -14602.6 -3.90905
1759000 299.435 -14624.1 -3.35266
1760000 299.562 -14658.6 9.35309
1761000 298.454 -14662 -4.10389
1762000 299.557 -14670.3 -7.43558
1763000 299.509 -14628.3 11.2869
1764000 299.49 -14670.9 4.90441
1765000 301.436 -14662.3 2.03517
1766000 300.023 -14673.1 0.420809
1767000 300.093 -14644.2 -5.11837
1768000 299.205 -14611.5 5.24133
1769000 300.893 -14670.4 -6.72165
1770000 300.508 -14656.5 -2.96761
1771000 300.947 -14606.9 -7.94375
1772000 300.985 -14621.1 16.7564
1773000 299.099 -14628.3 1.38601
1774000 299.509 -14675.2 15.8555
1775000 298.479 -14710.8 -1.01617
1776000 301.5 -14607 6.3793
1777000 299.23 -14658.1 -3.45019
1778000 299.805 -14653.4 3.93378
1779000 300.17 -14622.8 -3.64097
1780000 299.563 -14631.6 -1.89734
1781000 300.344 -14626.5 2.22365
1782000 299.99 -14656.5 -0.220727
1783000 301.659 -14611.2 0.387079
1784000 300.065 -14642.4 6.22112
1785000 300.173 -14682.8 2.12654
1786000 298.938 -14612.3 6.87918
1787000 300.017 -14634.4 -1.36421
1788000 299.619 -14685.1 1.02331
1789000 301.596 -14623.6 -3.85421
1790000 299.806 -14658.6 -0.858066
1791000 299.456 -14673.3 5.03372
1792000 301.933 -14631.3 7.68884
1793000 301.628 -14604.1 -3.79115
1794000 299.762 -14611.3 -1.03848
1795000 300.591 -14624 1.86122
1796000 298.935 -14671.4 15.509
1797000 300.765 -14641.5 -7.96221
1798000 299.979 -14651.2 4.24485
1799000 300.639 -14668.3 -7.43275
1800000 299.262 -14692.1 4.46089
1801000 299.108 -14681.1 -5.3514
1802000 300.125 -14686.7 7.96871
1803000 299.915 -14667.5 -3.10523
1804000 300.95 -14621.5 0.514797
1805000 300.435 -14632.4 11.3011
1806000 299.367 -14624.8 -2.46944
1807000 300.099 -14656.4 3.94168
1808000 300.245 -14646 7.85502
1809000 300.076 -14621.2 12.7554
1810000 298.923 -14687.8 -6.94697
1811000 300.423 -14607.2 -11.1552
1812000 299.819 -14623.9 3.36829
1813000 297.433 -14663.2 7.0201
1814000 300.24 -14627.9 -7.95717
1815000 301.122 -14629.6 3.68361
1816000 299.587 -14646.3 9.15358
1817000 299.722 -14629.9 5.72314
1818000 302.006 -14573.5 4.92925
1819000 299.626 -14667 0.423074
1820000 302.211 -14613.6 1.02465
1821000 299.209 -14626.6 2.96432
1822000 299.197 -14653.5 12.654
1823000 298.26 -14659.7 7.06082
1824000 301.305 -14637.5 -7.91442
1825000 301.011 -14662.4 1.05
1826000 297.507 -14649.8 6.28031
1827000 299.719 -14631.2 4.01795
1828000 299.382 -14643.6 -6.45799
1829000 300.634 -14641.3 12.7262
1830000 299.568 -14629.8 -6.04486
1831000 298.495 -14657.3 2.55826
1832000 300.655 -14655.8 -1.52638
1833000 299.057 -14675.5 -6.45759
1834000 300.71 -14666.8 -5.97845
1835000 301.699 -14668.4 12.9816
1836000 299.723 -14660.3 2.5863
1837000 301.834 -14606.4 -1.28832
1838000 299.801 -14638.6 -2.02064
1839000 297.893 -14694.9 3.53825
1840000 299.378 -14643.4 -1.09275
1841000 299.751 -14671.3 -0.594853
1842000 300.163 -14657.8 0.0958059
1843000 301.348 -14694.5 -3.15315
1844000 300.367 -14681.2 7.92678
1845000 298.084 -14744.2 -8.64755
1846000 298.604 -14679.3 3.71393
1847000 299.018 -14680.6 -2.18391
1848000 299.442 -14699.9 -3.87935
1849000 297.81 -14693.2 9.05542
1850000 300.27 -14693.4 -3.64531
1851000 299.637 -14637.3 7.02047
1852000 300.527 -14643.2 3.49045
1853000 300.63 -14636.6 -9.81164
1854000 300.386 -14621.7 0.221056
1855000 301.208 -14632.9 3.11356
1856000 300.736 -14644.4 6.17789
1857000 298.763 -14661.3 0.315734
1858000 300.936 -14622.7 -3.56852
1859000 300.53 -14621 22.0416
1860000 297.377 -14682.5 -8.03554
1861000 299.334 -14620.1 4.12872
1862000 299.776 -14648 -4.31435
1863000 300.821 -14624.4 6.35552
1864000 299.065 -14627.2 -1.72
1865000 298.194 -14668 12.6385
1866000 300.906 -14643.2 -7.48922
1867000 300.7 -14645.7 5.09265
1868000 299.269 -14717.4 6.69927
1869000 300.379 -14617.7 10.4425
1870000 299.404 -14621.9 1.63021
1871000 300.731 -14628.1 -3.45895
1872000 300.763 -14678.1 5.75001
1873000 299.451 -14731.9 3.70636
1874000 298.906 -14677.7 -11.684
1875000 300.637 -14622.3 6.23366
1876000 301.86 -14657.4 3.91956
1877000 299.575 -14686.3 -11.3549
1878000 300.234 -14655.1 -1.6252
1879000 298.708 -14650.7 20.8634
1880000 298.442 -14661.5 1.55446
1881000 301.066 -14637.8 -4.3816
1882000 300.051 -14624.1 -5.38803
1883000 300.24 -14622.3 5.15209
1884000 300.727 -14653.7 -8.76323
1885000 299.119 -14686.4 4.33821
1886000 301.235 -14644.4 5.22661
1887000 298.761 -14697.9 5.92378
1888000 300.248 -14646.4 -6.36333
1889000 301.111 -14671.2 2.38079
1890000 297.762 -14719.1 8.17812
1891000 299.937 -14651.1 -13.7991
1892000 300.314 -14612.5 0.939781
1893000 300.551 -14642.3 8.03498
1894000 300.62 -14694.8 -8.91949
1895000 299.631 -14708.5 4.74841
1896000 299.055 -14684 3.04611
1897000 302.054 -14600.2 2.51456
1898000 299.474 -14662.7 -3.3622
1899000 299.762 -14640.9 3.10254
1900000 299.282 -14644.2 6.04558
1901000 302.247 -14620.9 -1.06322
1902000 298.667 -14612.6 7.00754
1903000 299.194 -14631.9 2.85029
1904000 300.182 -14632.8 -1.61908
1905000 299.774 -14674.3 0.519226
1906000 301.359 -14624 -9.26367
1907000 299.998 -14668 11.5641
1908000 299.729 -14622.6 0.647486
1909000 301.269 -14652.3 -9.44469
1910000 299.623 -14685.2 -0.856737
1911000 300.696 -14673.2 -5.63426
1912000 299.316 -14650.6 7.47363
1913000 298.131 -14693.8 -2.81854
1914000 301.722 -14609.9 -0.243673
1915000 298.731 -14666.9 4.77394
1916000 301.741 -14622.4 12.2086
1917000 301.936 -14581.1 -8.67064
1918000 299.136 -14684.7 5.6977
1919000 299.231 -14633.9 1.88785
1920000 300.098 -14622 -4.56294
1921000 298.932 -14689.1 5.71587
1922000 299.465 -14721 -2.03537
1923000 300.501 -14643.4 10.4376
1924000 299.025 -14646.1 2.66746
1925000 300.558 -14622.3 1.44491
1926000 298.981 -14697.8 3.69345
1927000 300.375 -14649.1 -9.05214
1928000 300.114 -14672.7 13.2475
1929000 298.174 -14680.2 -11.8149
1930000 299.543 -14617.3 9.417
1931000 298.974 -14631.9 -4.79343
1932000 300.4 -14637.7 11.2403
1933000 299.125 -14688.1 -11.441
1934000 301.952 -14620.2 6.64916
1935000 299.498 -14668.3 -6.33423
1936000 302.495 -14613.6 3.24621
1937000 300.017 -14680.3 -1.37842
1938000 301.547 -14670.9 -4.45613
1939000 299.183 -14670.5 2.11911
1940000 300.474 -14683.4 1.43512
1941000 299.846 -14645 15.6917
1942000 300.088 -14642.5 -6.64877
1943000 298.404 -14630 5.76567
1944000 300.214 -14603 4.01727
1945000 299.864 -14665.1 -12.2715
1946000 300.882 -14629.8 18.0685
1947000 300.876 -14644.4 -10.1341
1948000 298.72 -14656.7 13.829
1949000 299.39 -14619.4 7.20166
1950000 300.322 -14620.1 -4.37018
1951000 299.13 -14676.4 -0.733311
1952000 300.249 -14608.9 -4.18757
1953000 299.959 -14665.7 13.9263
1954000 301.805 -14587.7 -2.38143
1955000 299.718 -14661.5 -0.452904
1956000 299.836 -14665.2 -2.7421
1957000 300.504 -14630.9 15.6915
1958000 300.626 -14623.4 -5.01651
1959000 298.618 -14666.9 -0.460185
1960000 299.197 -14631.8 7.12007
1961000 300.013 -14635.6 0.63633
1962000 301.028 -14631.3 2.45588
1963000 299.436 -14675.6 -4.54152
1964000 300.209 -14630.3 -0.205142
1965000 299.009 -14630.7 0.21279
1966000 301.571 -14660.6 6.12851
1967000 297.467 -14696.2 6.37538
1968000 301.508 -14651.2 -9.46042
1969000 298.884 -14654 0.751921
1970000 299.946 -14633.4 5.70024
1971000 299.799 -14643.1 2.79461
1972000 301.362 -14655.4 -0.109486
1973000 299.589 -14650.2 13.4749
1974000 301.973 -14640.7 -8.78056
1975000 300.939 -14668.7 -1.79483
1976000 301.164 -14631 -2.19757
1977000 300.045 -14666.6 -2.0311
1978000 299.662 -14670.2 3.36521
1979000 297.338 -14660.5 -1.91432
1980000 299.662 -14618.7 -0.000982737
1981000 298.628 -14710.5 3.9239
1982000 298.62 -14696.3 4.35798
1983000 301.189 -14625.1 -2.58402
1984000 298.929 -14643.9 -0.0233172
1985000 299.807 -14686.9 -3.75806
1986000 300.057 -14669.2 -1.59047
1987000 301.73 -14659.6 7.28884
1988000 300.2 -14681.4 -3.52705
1989000 300.454 -14610.3 -1.01057
1990000 301.543 -14606.3 6.03836
1991000 298.836 -14695.3 9.79853
1992000 301.357 -14612.5 -1.48586
1993000 299.269 -14630.4 1.21581
1994000 299.553 -14632.8 3.47255
1995000 300.152 -14656.3 -0.385857
1996000 298.673 -14671.3 2.59364
1997000 299.36 -14635.1 1.57719
1998000 301.94 -14630 -4.23254
1999000 301.342 -14648.8 -0.854706
2000000 299.065 -14645.4 11.8687
