# Time-averaged data for fix 3
# TimeStep v_Temperature v_PotentialEnergy v_Pressure
2000 400.724 -12818.1 -4.11623
3000 400.48 -12739.8 7.41268
4000 398.91 -12814.7 -1.42005
5000 401.493 -12738 3.21616
6000 398.994 -12802 -7.50757
7000 400.486 -12734 11.0161
8000 401.53 -12767.7 3.35353
9000 400.848 -12724.7 -8.68218
10000 400.266 -12801.8 -0.800331
11000 401.282 -12752.8 13.7341
12000 399.906 -12719.8 -1.07117
13000 399.507 -12780.1 -3.13971
14000 397.202 -12815.3 2.69195
15000 400.551 -12769.9 7.7111
16000 399.97 -12775.5 -1.90237
17000 399.858 -12749.1 -5.24962
18000 401.906 -12706.8 2.88409
19000 398.726 -12801.8 -2.65489
20000 399.779 -12786 1.18652
21000 398.652 -12759.8 8.03848
22000 398.86 -12752.1 4.04543
23000 400.266 -12793.3 -20.5775
24000 398.018 -12821.6 10.9339
25000 399.957 -12808 0.126703
26000 400.791 -12782 5.04947
27000 398.898 -12789.6 -5.04413
28000 400.286 -12726.9 3.24282
29000 400.78 -12802.6 6.22432
30000 401.22 -12766.4 3.68017
31000 400.933 -12766.8 -5.95158
32000 399.672 -12792 1.95535
33000 401.464 -12771.1 -11.8694
34000 399.001 -12791 6.79021
35000 399.052 -12783.1 0.915215
36000 398.022 -12787.2 7.75746
37000 398.422 -12854.3 1.40459
38000 402.341 -12784.3 -1.18776
39000 400.649 -12714.8 2.73526
40000 399.049 -12754.6 8.27161
41000 399.551 -12750.4 7.04469
42000 401.009 -12770.3 -0.0728907
43000 400.606 -12756.5 -4.13862
44000 399.822 -12781.6 -2.70624
45000 402.606 -12743.6 0.630017
46000 400.057 -12756 4.22022
47000 398.845 -12807.6 3.22024
48000 398.936 -12823.4 4.37444
49000 401.771 -12800.7 -18.5928
50000 398.473 -12776.7 1.25421
51000 398.141 -12812.2 14.0767
52000 400.475 -12781.9 -4.01734
53000 400.425 -12755.5 2.36516
54000 400.407 -12707.8 1.84378
55000 401.745 -12718.8 -5.49925
56000 399.937 -12790.9 4.78869
57000 402.29 -12803.7 -1.69931
58000 401.783 -12689.4 5.96689
59000 399.656 -12740.9 -5.94613
60000 399.322 -12749.2 20.4655
61000 401.074 -12797.4 1.65302
62000 401.437 -12758.2 -9.34659
63000 398.492 -12765.7 11.8378
64000 400.133 -12760.2 0.808743
65000 400.049 -12779.9 -1.95469
66000 398.638 -12806.7 10.2704
67000 399.419 -12809.2 -6.45435
68000 398.412 -12822.6 -4.7368
69000 397.933 -12823.5 1.78254
70000 402.471 -12777.5 1.55661
71000 401.23 -12822.3 -7.24096
72000 397.937 -12770.1 7.60027
73000 400.212 -12767.8 3.65013
74000 400.869 -12698 -7.61527
75000 402.077 -12740.6 10.7601
76000 397.61 -12807 -0.335264
77000 402.069 -12747.2 13.7215
78000 398.913 -12768.6 -2.55393
79000 399.943 -12761.6 -2.23084
80000 401.615 -12692.2 6.68125
81000 401.913 -12765.9 2.83881
82000 399.488 -12763.2 -4.63399
83000 404.372 -12712.4 5.2656
84000 400.814 -12724.2 2.71926
85000 400.668 -12750.7 -11.3383
86000 400.107 -12738.3 -0.567707
87000 399.465 -12762.7 0.444346
88000 399.262 -12768.8 6.36665
89000 399.787 -12764 8.28651
90000 398.554 -12817.9 -0.459853
91000 398.592 -12808.4 -7.41411
92000 399.2 -12895 5.40374
93000 397.847 -12811.7 2.53474
94000 401.814 -12786.1 -5.3872
95000 400.278 -12781.4 3.18136
96000 399.588 -12789.4 14.6926
97000 401.623 -12780.8 2.526
98000 398.972 -12780.2 -6.10222
99000 401.255 -12744.6 -3.659
100000 400.048 -12786.4 4.26527
101000 400.057 -12843.1 -6.48632
102000 400.552 -12782 -10.5742
103000 402.43 -12763.7 4.74246
104000 399.086 -12781.2 3.87006
105000 401.883 -12700.2 -8.63321
106000 401.332 -12784.1 9.58895
107000 400.27 -12798.1 19.4169
108000 399.969 -12819.7 -5.10963
109000 398.105 -12825.4 -14.9518
110000 397.928 -12857.4 14.8782
111000 399.544 -12774.6 1.95215
112000 399.834 -12790.3 -5.16133
113000 400.856 -12712.1 4.47363
114000 398.164 -12814.6 10.689
115000 401.685 -12754.2 -10.7268
116000 399.183 -12829.3 12.5627
117000 401.475 -12750.6 -7.28001
118000 399.609 -12767.2 -2.47303
119000 398.558 -12774.3 3.46834
120000 398.012 -12846.7 10.3152
121000 400.27 -12739.1 -8.12992
122000 400.981 -12746.2 11.5811
123000 399.834 -12770.5 -9.56053
124000 398.57 -12748.4 4.43002
125000 401.429 -12707.3 0.731532
126000 403.581 -12758.6 -0.938594
127000 398.092 -12795.2 -7.04705
128000 402.046 -12789.9 0.691766
129000 399.625 -12871.2 -11.9246
130000 399.712 -12831.2 11.4808
131000 400.145 -12778.3 10.4424
132000 402.497 -12736.7 1.86704
133000 398.698 -12791.3 1.96241
134000 400.675 -12745.7 -6.56446
135000 399.64 -12779.3 1.97951
136000 399.713 -12819.1 7.06595
137000 399.72 -12739.2 -14.0874
138000 399.431 -12771.9 3.50652
139000 400.67 -12769.2 -0.0185261
140000 399.736 -12742.2 7.86736
141000 402.533 -12724 -9.43355
142000 398.535 -12846.6 5.68848
143000 402.184 -12702.9 -3.07527
144000 400.504 -12776.3 -7.10764
145000 397.765 -12806.9 8.96281
146000 398.899 -12823.3 -2.70415
147000 400.169 -12764.1 9.12098
148000 401.459 -12741.6 -3.81748
149000 401.789 -12712 -4.222
150000 398.705 -12758.5 13.5314
151000 398.19 -12792.2 10.8175
152000 398.995 -12828.2 -11.0589
153000 400.652 -12712.4 2.72801
154000 400.956 -12812.5 9.84071
155000 399.319 -12734.6 0.694531
156000 399.75 -12725.3 4.33078
157000 400.748 -12727.7 -0.492695
158000 400.642 -12733.3 4.11564
159000 401.033 -12721.8 13.9822
160000 400.359 -12731 -2.30602
161000 399.481 -12735.7 10.3814
162000 398.033 -12786.4 2.88158
163000 399.347 -12737.4 -3.4329
164000 402.581 -12755 -5.82606
165000 398.447 -12840.1 4.05599
166000 400.453 -12743.8 7.22409
167000 400.321 -12754.1 3.79753
168000 398.077 -12783.5 2.21339
169000 398.415 -12787.9 1.42243
170000 403.89 -12690.3 -1.5328
171000 401.459 -12749.6 9.45514
172000 398.756 -12802.2 0.914658
173000 399.263 -12827.4 -0.106998
174000 400.253 -12738.5 14.5669
175000 397.105 -12802.9 2.4058
176000 399.276 -12749.8 2.60684
177000 400.62 -12723.3 4.54904
178000 398.029 -12771 -13.0606
179000 398.717 -12764.8 -5.00928
180000 399.552 -12782.6 6.28364
181000 398.512 -12842.4 3.32978
182000 400.955 -12723.9 1.45291
183000 398.623 -12761 9.6772
184000 399.943 -12773.7 7.6818
185000 399.962 -12724.5 -16.3925
186000 400.484 -12662.6 10.5446
187000 397.937 -12770.6 -3.64506
188000 401.437 -12695 -8.71263
189000 403.235 -12707.8 -0.192642
190000 399.892 -12703.2 -5.08018
191000 398.423 -12833.7 -0.438547
192000 399.459 -12751.1 8.97789
193000 399.083 -12812.5 -0.717468
194000 401.574 -12792.9 2.67781
195000 399.975 -12768.2 1.43394
196000 400.269 -12730.1 -3.34891
197000 397.212 -12746.5 3.48912
198000 400.038 -12754.4 -1.79734
199000 399.123 -12808 15.3099
200000 400.804 -12792.2 -8.72693
201000 401.795 -12733 -5.71933
202000 398.284 -12782.1 8.62359
203000 400.006 -12731.1 -4.82847
204000 400.151 -12769.3 1.83363
205000 401.965 -12708.7 2.70202
206000 400.865 -12703.8 -8.97731
207000 399.471 -12720.5 8.19251
208000 398.724 -12786.7 3.99229
209000 398.972 -12775.3 -7.54385
210000 400.655 -12744.5 11.6056
211000 401.735 -12767.1 -1.16943
212000 400.749 -12746.3 1.45939
213000 400.166 -12790.3 8.29627
214000 398.822 -12845.8 -8.8503
215000 399.918 -12738.5 8.98124
216000 398.814 -12746.7 -0.393401
217000 400.151 -12757.4 -0.916302
218000 398.822 -12794.8 2.45267
219000 399.079 -12733 5.30021
220000 401.547 -12743.7 14.437
221000 399.102 -12704.3 -3.66895
222000 401.053 -12811.4 13.4764
223000 400.875 -12741.5 7.40947
224000 398.792 -12815.4 0.865863
225000 401.466 -12777.5 -4.24476
226000 402.342 -12737.8 1.746
227000 401.16 -12740 -5.22611
228000 400.278 -12756 3.79656
229000 399.463 -12815.7 6.36082
230000 399.47 -12814.6 0.182759
231000 399.884 -12778.2 6.02413
232000 402.602 -12756.6 -16.2634
233000 399.314 -12828.6 20.3391
234000 401.13 -12727 4.36297
235000 400.175 -12744.8 4.48562
236000 399.426 -12744.4 -6.21058
237000 401.043 -12768.2 -8.90311
238000 401.42 -12735.6 4.78417
239000 401.067 -12775 -1.98044
240000 398.787 -12771.7 -4.92954
241000 401.879 -12676.7 11.7691
242000 399.265 -12744.2 -0.542272
243000 400.153 -12765.7 -13.3125
244000 400.993 -12796 13.0888
245000 400.169 -12765.3 -13.9139
246000 397.903 -12817.1 19.5871
247000 398.724 -12816.9 8.8082
248000 399.367 -12720.2 -1.39035
249000 400.842 -12808.3 16.5072
250000 399.991 -12785 -10.1561
251000 400.932 -12728.6 -3.26309
252000 401.181 -12761.8 -7.18621
253000 399.901 -12822.9 0.284599
254000 401.708 -12734.8 9.17272
255000 401.907 -12829.3 -1.41074
256000 399.646 -12809.4 -2.85554
257000 398.314 -12797.2 7.43378
258000 400.923 -12723.8 1.48697
259000 399.749 -12771 2.8735
260000 398.986 -12823.4 -7.52495
261000 399.654 -12815.2 9.335
262000 396.953 -12757.3 2.05589
263000 400.153 -12744.5 2.38209
264000 400.773 -12755.1 2.97135
265000 400.302 -12785.9 7.79696
266000 399.366 -12776.3 -8.83047
267000 398.769 -12781.2 2.82648
268000 399.357 -12769 -0.680907
269000 399.388 -12774.4 -4.79683
270000 402.25 -12770.9 5.84021
271000 397.797 -12841.6 -7.54499
272000 400.356 -12733.1 -3.68374
273000 403.019 -12732 2.17633
274000 400.488 -12699.2 9.84347
275000 399.892 -12764.2 -3.72405
276000 398.832 -12786.6 0.357405
277000 400.487 -12778.8 -3.27889
278000 398.207 -12813.9 5.7029
279000 401.748 -12766.1 11.1126
280000 397.893 -12840.1 -15.1347
281000 402.849 -12699.2 10.3481
282000 400.568 -12761.5 3.35761
283000 401.311 -12752.8 -4.61226
284000 400.387 -12811.5 -0.274893
285000 400.8 -12752.3 5.91675
286000 399.526 -12731.9 -13.4535
287000 399.534 -12794.1 18.0895
288000 398.778 -12828.7 -7.34439
289000 401.532 -12837.9 -2.66155
290000 399.872 -12788.1 -7.79226
291000 400.577 -12771.1 3.35462
292000 398.815 -12749.8 9.76351
293000 398.686 -12766.7 -7.68158
294000 400.207 -12757.8 5.00206
295000 398.624 -12756.6 6.58034
296000 400.594 -12756.7 5.47686
297000 399.693 -12782.5 -0.557889
298000 401.911 -12677.8 12.1859
299000 400.363 -12754.1 3.00634
300000 399.187 -12795.9 -6.35224
301000 400.485 -12769.7 7.19063
302000 400.381 -12779.8 -19.0674
303000 401.043 -12808.9 1.63971
304000 401.998 -12797.6 -3.13458
305000 401.174 -12738.5 -0.997296
306000 399.994 -12750.5 -1.03179
307000 400.153 -12758 5.77815
308000 401.911 -12703.1 6.92369
309000 398.786 -12820.9 5.45953
310000 396.365 -12884.6 -1.23156
311000 400.9 -12812.5 -2.84642
312000 399.409 -12755.1 12.935
313000 400.071 -12711.6 -1.56346
314000 400.441 -12797.4 -5.34001
315000 398.954 -12862.2 -7.28806
316000 400.395 -12775.2 7.08322
317000 398.781 -12770.4 -16.1204
318000 398.606 -12855.1 8.70892
319000 401.73 -12812.4 -13.9961
320000 398.24 -12801 7.10308
321000 402.818 -12660.1 1.95843
322000 398.818 -12748.8 0.656081
323000 400.231 -12768.1 -5.43467
324000 400.392 -12804.4 9.89772
325000 401.961 -12771.3 -11.3583
326000 399.123 -12792 7.78449
327000 397.043 -12858.2 -3.31461
328000 400.384 -12809.2 -3.04926
329000 398.207 -12780.3 14.396
330000 400.053 -12727.7 -3.05755
331000 400.759 -12770 7.40831
332000 399.399 -12783.5 14.4478
333000 399.665 -12860.4 -2.15104
334000 398.663 -12821.1 3.56457
335000 400.686 -12797.5 1.9213
336000 399.016 -12796.1 -5.69853
337000 398.949 -12835.3 17.3617
338000 402.672 -12717.3 -14.1351
339000 400.732 -12775.6 8.45815
340000 400.943 -12849.6 14.0191
341000 401.442 -12711.4 -5.49961
342000 398.281 -12786.8 3.24774
343000 398.68 -12845.7 6.34771
344000 398.081 -12809.9 4.9763
345000 402.346 -12740.8 -6.19109
346000 400.112 -12803.8 -2.26085
347000 401.182 -12802.8 -9.90452
348000 397.928 -12804.8 12.2597
349000 402.083 -12758.4 -2.81304
350000 399.891 -12766.9 17.0772
351000 397.416 -12793 -9.2892
352000 402.568 -12721.2 15.3351
353000 400.442 -12729.7 -9.24595
354000 399.649 -12806.8 8.04809
355000 400.587 -12726.4 4.09915
356000 399.402 -12777.8 2.48007
357000 400.457 -12823.9 -8.64456
358000 401.478 -12748.3 4.30996
359000 399.46 -12759.4 6.25221
360000 402.366 -12723.7 -3.47661
361000 397.499 -12778.8 2.17651
362000 399.51 -12716.8 -4.56739
363000 402.347 -12733.8 -0.890875
364000 399.139 -12725.8 -14.6748
365000 398.963 -12759.4 8.6804
366000 401.922 -12770.4 -10.9824
367000 399.84 -12716.1 -3.2841
368000 402.91 -12681.7 12.5731
369000 402.979 -12687.1 -8.82536
370000 400.813 -12775.7 4.45228
371000 399.886 -12754.2 -8.1179
372000 402.077 -12724.5 8.64067
373000 399.818 -12722.8 0.0263752
374000 401.338 -12777.2 2.19185
375000 400.424 -12787.8 -15.4538
376000 397.938 -12860.8 22.6669
377000 398.897 -12795.1 -3.73079
378000 398.725 -12810.3 2.49381
379000 404.266 -12734.4 -4.92725
380000 400.564 -12701.3 7.37249
381000 396.209 -12854.9 4.35691
382000 398.666 -12804.8 -7.15219
383000 398.205 -12785.6 11.6941
384000 401.493 -12668.7 0.377612
385000 398.537 -12790.4 8.48601
386000 398.386 -12830.6 -5.49748
387000 399.87 -12815.5 -8.45718
388000 400.135 -12773.8 8.43054
389000 398.216 -12797 -8.03464
390000 401.488 -12773.8 -3.14439
391000 401.223 -12734.7 6.0011
392000 399.424 -12732.2 -7.02792
393000 399.384 -12827.5 9.34137
394000 400.151 -12837.3 -15.6515
395000 399.16 -12775.8 8.27927
396000 399.592 -12807.3 -14.9771
397000 396.435 -12867.8 5.0325
398000 400.414 -12779.7 -18.8976
399000 400.348 -12767.6 7.51227
400000 400.691 -12780.3 -0.23243
401000 401.633 -12790 9.86221
402000 401.402 -12785 5.27584
403000 401.997 -12675.7 5.69461
404000 397.987 -12723.5 -10.1218
405000 400.904 -12730 3.49093
406000 400.419 -12721.5 7.32047
407000 400.305 -12721.7 -3.76566
408000 403.348 -12619.6 7.77423
409000 400.975 -12762.6 9.61809
410000 399.707 -12731.3 -3.25083
411000 400.904 -12719.3 2.43173
412000 397.836 -12764.9 9.22711
413000 401.7 -12752.3 1.6051
414000 399.952 -12739.7 -12.3469
415000 398.656 -12739.7 -1.27538
416000 399.62 -12737.1 2.37124
417000 400.319 -12796.4 -6.21413
418000 399.567 -12775.4 -8.97093
419000 397.95 -12839.8 0.097537
420000 402.726 -12735.3 9.82842
421000 400.099 -12707.6 -0.292241
422000 402.341 -12715.3 -10.592
423000 400.688 -12739.5 15.5347
424000 400.006 -12762.5 -0.325436
425000 402.798 -12764 -0.481165
426000 398.695 -12788.5 12.8177
427000 397.914 -12820.2 -9.71407
428000 399.676 -12772.3 2.86367
429000 399.51 -12795.9 8.74402
430000 399.908 -12772.2 -4.2413
431000 399.738 -12726.4 5.93854
432000 403.815 -12707.2 0.814341
433000 398.838 -12726.5 3.06773
434000 398.495 -12742.4 6.13563
435000 400.78 -12734.1 -5.84751
436000 397.477 -12805.5 9.67977
437000 398.514 -12752.8 5.82517
438000 400.131 -12677.7 -17.5025
439000 400.005 -12736.6 21.0411
440000 399.138 -12802.6 -4.26815
441000 401.315 -12767.3 3.21502
442000 399.767 -12779.4 10.8179
443000 398.242 -12762 -3.21597
444000 398.446 -12782.2 -0.0629075
445000 400.573 -12732.9 9.2249
446000 398.852 -12766.4 7.46444
447000 400.321 -12800.2 10.9142
448000 400.492 -12822.1 -19.133
449000 401.942 -12768.1 -3.93502
450000 398.963 -12813.2 10.5327
451000 399.486 -12739.3 7.02224
452000 399.847 -12730 2.89858
453000 399.958 -12786.6 -7.21507
454000 397.393 -12798 16.561
455000 399.022 -12836.5 -1.13604
456000 400.506 -12820.6 -0.438125
457000 400.177 -12745.8 -1.29575
458000 399.736 -12766.2 0.44347
459000 401.553 -12805.8 4.66586
460000 399.998 -12791.6 3.72028
461000 399.962 -12777 -5.76019
462000 398.409 -12799.6 0.776337
463000 401.482 -12741 5.97353
464000 402.198 -12695.9 0.584838
465000 399.093 -12769.6 0.562748
466000 401.237 -12710.4 9.4116
467000 398.553 -12790.1 -5.29399
468000 398.767 -12722.1 9.74985
469000 398.43 -12796.9 2.15316
470000 400.384 -12806.7 4.45266
471000 399.841 -12774.5 3.93626
472000 400.71 -12711.3 -5.8745
473000 401.057 -12742.5 18.878
474000 399.908 -12775.4 -18.6194
475000 402.027 -12693.4 8.77907
476000 399.266 -12757.7 9.5164
477000 401.978 -12711 -4.62594
478000 398.604 -12791.4 16.4854
479000 400.423 -12809 -1.12757
480000 399.189 -12787.3 0.952913
481000 398.552 -12858.3 -1.05767
482000 397.487 -12815.4 10.5564
483000 399.369 -12736.8 1.6555
484000 398.296 -12778.1 12.0508
485000 400.792 -12829 1.08666
486000 398.574 -12730.1 -4.81148
487000 398.263 -12726 2.80948
488000 400.088 -12760.1 3.58536
489000 400.038 -12693.5 -4.79215
490000 397.24 -12827.5 -12.3828
491000 396.984 -12802 19.7988
492000 400.554 -12790.6 -5.78009
493000 397.357 -12805.9 -0.180675
494000 399.111 -12759.5 12.6571
495000 398.438 -12829.4 2.65663
496000 399.499 -12781.6 -2.71126
497000 401.528 -12791.2 -5.83167
498000 398.635 -12803.4 15.5716
499000 400.082 -12697.6 -6.92031
500000 396.404 -12805.7 17.2148
501000 402.691 -12715.5 1.61738
502000 400.057 -12769.2 11.6413
503000 399.465 -12838.1 3.29159
504000 398.953 -12816 2.47828
505000 400.265 -12780.6 13.1055
506000 400.904 -12782.9 -10.3504
507000 399.759 -12743.3 9.79099
508000 401.22 -12745.1 10.3568
509000 399.179 -12728.5 -6.36693
510000 399.519 -12699 15.2877
511000 399.103 -12779 -0.297865
512000 400.719 -12703.1 12.302
513000 399.491 -12723.1 8.40098
514000 400.624 -12748.8 -14.8161
515000 400.53 -12728.4 9.76867
516000 399.573 -12770.8 -12.7967
517000 400.351 -12697.2 -2.90348
518000 397.884 -12786.6 -4.23701
519000 399.227 -12775.6 4.72015
520000 402.134 -12726.3 9.95696
521000 402.027 -12743.7 -2.10668
522000 401.359 -12762.5 6.82096
523000 400.352 -12738.4 -5.10408
524000 401.102 -12792.8 -11.5204
525000 401.23 -12752.1 6.66686
526000 401.445 -12708.6 19.6582
527000 401.422 -12772.8 -15.7105
528000 399.885 -12704.7 13.1964
529000 398.1 -12849.8 13.4159
530000 401.378 -12794.9 -1.4265
531000 400.687 -12739.8 4.26346
532000 399.516 -12795.3 -12.6062
533000 399.463 -12787.8 -0.690696
534000 401.583 -12731.8 6.34657
535000 399.304 -12691.7 -2.94311
536000 401.163 -12709.8 15.1647
537000 400.784 -12705.4 -2.6557
538000 400.275 -12791.5 9.46058
539000 398.99 -12802.1 -3.61562
540000 397.667 -12831 4.00669
541000 398.203 -12798.4 -4.4174
542000 400.238 -12764 4.0849
543000 400.068 -12783.8 -4.49634
544000 396.827 -12875.7 -1.72525
545000 399.382 -12811.4 10.6546
546000 399.885 -12849.9 -1.70059
547000 398.905 -12788.3 0.814744
548000 401.518 -12729.7 3.30875
549000 400.964 -12768.5 -2.09036
550000 400.931 -12759.2 -18.1125
551000 400.811 -12701.6 10.8314
552000 400.309 -12759.1 8.2123
553000 402.184 -12724.7 4.87358
554000 399.736 -12725 0.429581
555000 399.18 -12772.6 -3.41127
556000 401.623 -12753.6 16.7985
557000 400.076 -12821.8 -3.559
558000 400.42 -12726.8 3.60435
559000 402.278 -12786.8 -8.75912
560000 400.38 -12818 -0.999065
561000 400.086 -12753 -3.1495
562000 400.089 -12761.2 10.3605
563000 400.183 -12788.3 -2.22025
564000 398.762 -12878.1 -3.20497
565000 398.951 -12793 6.50592
566000 401.725 -12794.6 -2.07588
567000 399.455 -12786.2 5.23327
568000 401.85 -12819.9 -12.0016
569000 401.726 -12730.3 0.314773
570000 400.239 -12793.5 6.80589
571000 401.243 -12753.3 -4.9788
572000 397.564 -12708.9 13.2805
573000 400.732 -12780.8 2.10148
574000 400.718 -12752.5 0.459059
575000 400.601 -12717.3 5.8602
576000 397.684 -12818.2 13.0661
577000 402.088 -12724.4 -5.34384
578000 398.351 -12858.2 1.24596
579000 400.517 -12769.9 -5.43209
580000 398.705 -12803.9 -2.92953
581000 401.587 -12816.1 -5.73321
582000 400.137 -12759.9 0.350575
583000 400.949 -12758.5 -8.78006
584000 399.021 -12742.7 -8.03712
585000 400.79 -12671.8 12.0389
586000 399.159 -12767.5 0.393272
587000 399.25 -12777.1 9.8505
588000 400.405 -12804.6 -7.21464
589000 402.566 -12739.7 9.90182
590000 401.331 -12697.9 9.70094
591000 400.87 -12714.4 -8.62612
592000 399.984 -12752.4 11.0903
593000 402.468 -12774.4 -4.26453
594000 400.207 -12800.5 -2.03079
595000 400.391 -12740.8 -11.1912
596000 401.39 -12769.8 13.4005
597000 400.5 -12770.5 0.615568
598000 400.339 -12782.6 1.31515
599000 400.69 -12823.7 -1.90641
600000 398.902 -12770.1 4.87144
601000 398.482 -12790.5 4.85366
602000 401.451 -12738.8 -3.05227
603000 398.756 -12741.3 3.41249
604000 399.159 -12838.2 3.62538
605000 399.593 -12844.8 -6.27752
606000 399.065 -12777.3 5.71814
607000 402.011 -12794.3 0.430884
608000 399.397 -12754 -1.24591
609000 402.174 -12668.8 -0.857484
610000 400.221 -12786.7 6.08898
611000 398.443 -12757.7 6.50742
612000 400.32 -12724.4 -1.62065
613000 399.89 -12826.6 -11.0792
614000 399.287 -12794.9 12.1297
615000 403.223 -12709.6 11.8411
616000 397.265 -12790.1 8.61655
617000 400.32 -12742.8 -13.7461
618000 398.168 -12740.4 0.778226
619000 399.028 -12772.3 -3.52398
620000 400.693 -12737.6 -15.7386
621000 398.842 -12697.2 22.3931
622000 401.203 -12679.7 15.4489
623000 401.366 -12759.5 -3.93868
624000 401.714 -12742.3 5.65793
625000 398.594 -12835.4 -5.48998
626000 400.092 -12770.7 -0.59764
627000 399.373 -12791 5.81946
628000 401.416 -12750.2 -1.20516
629000 400.205 -12781.9 5.10431
630000 402.322 -12681.4 -2.65662
631000 400.815 -12718.3 -5.67178
632000 402.162 -12696.2 4.4281
633000 401.272 -12721.2 1.5037
634000 398.888 -12771.1 -13.6926
635000 402.681 -12735.6 15.44
636000 400.505 -12703.2 2.07618
637000 399.587 -12831.4 1.26982
638000 397.309 -12796.2 -9.93389
639000 402.995 -12788.1 -3.86094
640000 400.305 -12704.1 -3.31251
641000 402.359 -12755.6 8.32433
642000 397.432 -12806.3 7.54977
643000 400.353 -12750 -3.9152
644000 399.037 -12770.9 4.70075
645000 401.704 -12788 -3.98569
646000 402.721 -12760.5 -0.561288
647000 401.651 -12774.5 20.0385
648000 397.418 -12770 -17.5012
649000 400.336 -12754.4 10.023
650000 400.711 -12742.8 1.97443
651000 400.977 -12817.4 2.26952
652000 398.099 -12816.4 -8.90964
653000 400.159 -12767.6 12.2923
654000 400.999 -12744.6 -10.2116
655000 400.352 -12715 -0.48136
656000 402.851 -12736.7 2.26397
657000 400.938 -12747.9 1.98553
658000 402.71 -12755 2.19443
659000 402.717 -12704.9 0.492113
660000 400.308 -12802.1 8.0218
661000 400.033 -12751.2 -1.25507
662000 399.723 -12812.9 13.9462
663000 401.631 -12744.7 -2.69121
664000 399.133 -12775.2 1.10028
665000 399.652 -12772 4.19905
666000 400.736 -12753.3 4.26148
667000 400.714 -12704.8 15.7638
668000 400.323 -12788.9 -7.35044
669000 399.22 -12812.3 0.862071
670000 399.275 -12823.6 -8.03079
671000 399.911 -12790.6 8.94439
672000 397.763 -12780.6 -0.532158
673000 398.064 -12778.7 -0.576473
674000 402.573 -12726 3.3278
675000 398.429 -12849.7 0.980916
676000 401.116 -12812.9 -6.57824
677000 397.234 -12784.1 21.1665
678000 400.87 -12748.1 -16.4913
679000 401.977 -12781.7 6.15126
680000 403.205 -12663.9 1.04158
681000 399.43 -12810 1.82972
682000 399.802 -12756.4 8.87508
683000 401.358 -12712.6 -3.05951
684000 401.838 -12746 2.86408
685000 400.676 -12761.7 4.37912
686000 398.447 -12805.8 -0.0525214
687000 399.593 -12773.7 -9.52163
688000 400.98 -12785.7 3.47977
689000 399.652 -12752.7 -3.07721
690000 401.555 -12746.6 -2.63988
691000 399.183 -12768.4 1.65104
692000 399.378 -12752.2 8.30927
693000 399.01 -12793.2 -0.0228258
694000 400.335 -12814.3 20.181
695000 399.288 -12726.7 -5.09345
696000 399.409 -12737 1.83255
697000 399.233 -12763 -16.8447
698000 398.607 -12784.5 13.3359
699000 401.634 -12784 1.98838
700000 399.337 -12850 -6.04526
701000 399.987 -12775.6 9.19328
702000 397.83 -12766.8 -8.28914
703000 401.855 -12735.1 2.42778
704000 401.288 -12724.8 -5.35595
705000 401.88 -12661.6 -0.563994
706000 398.748 -12721.2 -7.0443
707000 399.371 -12852.5 -0.909845
708000 397.251 -12795.9 -0.156726
709000 401.576 -12696.2 -3.08976
710000 399.416 -12760 7.89435
711000 399.596 -12779.5 -2.25731
712000 401.739 -12776.1 -3.57689
713000 399.429 -12727.6 11.4338
714000 400.446 -12753.2 -3.37603
715000 398.509 -12829.9 6.40016
716000 399.549 -12789.6 -4.79528
717000 399.528 -12816.3 -4.71756
718000 398.067 -12828.5 -3.3824
719000 399.484 -12779.6 21.7621
720000 398.702 -12799.7 -4.85818
721000 398.207 -12805.2 -6.75534
722000 399.675 -12757.9 12.6544
723000 398.752 -12804.8 -3.1627
724000 401.707 -12713.1 -6.73501
725000 399.42 -12775.3 8.24344
726000 398.195 -12792.5 4.52014
727000 402.146 -12719.3 -2.5883
728000 398.329 -12782.5 13.211
729000 400.546 -12779.2 10.1462
730000 400.289 -12752.8 9.01882
731000 399.589 -12820.4 -7.98237
732000 400.577 -12757 -3.73197
733000 400.256 -12813.7 -5.69631
734000 400.923 -12686.1 -6.97044
735000 400.483 -12736.5 10.7121
736000 401.069 -12669.5 3.15352
737000 399.67 -12791.2 -1.59495
738000 399.985 -12813.4 2.9494
739000 400.072 -12734.2 8.81425
740000 402.948 -12710 -17.5413
741000 397.323 -12817.2 9.37108
742000 399.772 -12790.3 4.82632
743000 400.704 -12792.4 0.0989657
744000 397.499 -12798.2 -4.05043
745000 401.428 -12730.2 10.1033
746000 403.187 -12706.4 -4.81997
747000 400.761 -12800.3 18.3853
748000 399.917 -12769.8 -7.1588
749000 398.471 -12817.6 22.5895
750000 402.139 -12745.6 11.4989
751000 398.675 -12850.4 4.55141
752000 399.514 -12819.4 -1.4222
753000 399.665 -12766 -4.0738
754000 401.302 -12762.6 -3.09029
755000 399.507 -12772.6 12.542
756000 400.434 -12702.7 -6.91537
757000 397.841 -12803.1 -0.585381
758000 399.761 -12764.2 9.59467
759000 399.873 -12791.9 3.13668
760000 399.175 -12800.9 -1.61846
761000 402.378 -12800.9 7.54356
762000 397.776 -12758.7 -24.929
763000 401.082 -12746.6 -2.86207
764000 398.788 -12787.6 -6.9202
765000 402.725 -12707 -7.82698
766000 399.982 -12718.4 11.9673
767000 397.391 -12845.4 3.49695
768000 400.904 -12752.2 -12.1901
769000 399.861 -12766.4 7.08014
770000 400.06 -12747.9 15.3622
771000 399.364 -12846.1 -3.40343
772000 399.958 -12768.4 19.627
773000 401.316 -12729 -14.7386
774000 397.581 -12863 18.1151
775000 400.788 -12749.6 -10.7543
776000 401.252 -12726.2 -3.67884
777000 398.673 -12801 8.63689
778000 399.024 -12826.9 16.5699
779000 400.323 -12817.2 -5.57404
780000 401.806 -12725.4 7.3714
781000 399.833 -12799.2 -0.272444
782000 400.362 -12798.5 -5.00793
783000 399.869 -12847.2 2.46636
784000 402.137 -12767.8 -1.52514
785000 401.598 -12799.6 -3.48285
786000 398.547 -12803.3 -7.17453
787000 399.54 -12841.1 3.82716
788000 401.673 -12762.4 -9.36869
789000 401.358 -12740.9 13.1099
790000 400.194 -12755.7 -17.214
791000 401.016 -12717.4 3.09161
792000 397.872 -12800 2.00028
793000 399.352 -12789 5.23497
794000 398.894 -12787 0.592908
795000 400.792 -12818 5.21582
796000 398.837 -12799.4 5.47971
797000 402.392 -12711.2 2.3767
798000 398.97 -12787.6 3.35018
799000 399.465 -12802.4 1.56846
800000 400.923 -12724.3 -0.661691
801000 398.467 -12827.9 -3.79127
802000 400.546 -12788.3 4.08231
803000 397.612 -12856.2 -4.88487
804000 401.576 -12814.5 2.3817
805000 399.614 -12746.1 -4.79337
806000 399.525 -12738.6 4.42995
807000 399.349 -12795 -0.136586
808000 401.107 -12698.8 -4.77606
809000 400.567 -12742.4 -11.7322
810000 402.354 -12712.4 -1.77816
811000 401.451 -12726.4 5.21386
812000 399.319 -12699.2 -1.35918
813000 400.166 -12727.4 10.54
814000 399.595 -12723 5.75039
815000 399.51 -12749.9 7.61136
816000 400.467 -12814.9 -6.91092
817000 401.052 -12793.8 7.84535
818000 401.535 -12846.3 -13.1839
819000 400.078 -12722 7.13418
820000 400.836 -12729.7 0.379231
821000 401.109 -12750.8 10.4031
822000 400.477 -12779.5 7.92998
823000 400.658 -12743.1 7.31345
824000 402.555 -12716.6 -0.29009
825000 400.258 -12765.7 -4.94329
826000 403.348 -12685.9 7.40629
827000 399.653 -12766.7 11.523
828000 398.243 -12762.9 -1.2795
829000 401.824 -12703.7 0.630759
830000 398.157 -12831.6 2.03927
831000 400.995 -12768.7 22.5777
832000 399.378 -12779.8 -3.18049
833000 401.488 -12737.7 -5.93434
834000 401.051 -12732.9 15.6725
835000 397.712 -12834 -6.7783
836000 398.833 -12820.8 0.752576
837000 398.886 -12742 -9.57387
838000 401.34 -12739.1 8.32423
839000 400.813 -12765.3 8.25086
840000 397.862 -12839.1 7.8125
841000 397.446 -12773.2 -8.35865
842000 400.704 -12735 7.04482
843000 400.383 -12748.4 18.1125
844000 398.115 -12812.2 2.38585
845000 402.413 -12780.6 -3.29212
846000 399.998 -12713.6 -2.3537
847000 401.356 -12718.8 0.259826
848000 399.954 -12777.4 -5.97867
849000 399.445 -12769.6 -2.35261
850000 399.591 -12839.2 16.9232
851000 398.221 -12790.9 2.97603
852000 400.509 -12702.4 -2.26763
853000 400.506 -12798.2 11.4813
854000 398.734 -12827.9 -10.2022
855000 399.265 -12832.6 10.929
856000 401.077 -12805.8 16.7523
857000 403.044 -12670.8 -14.8779
858000 401.983 -12767.4 -1.92232
859000 399.402 -12733.9 2.04905
860000 400.668 -12758.7 4.02944
861000 399.897 -12746 -6.96062
862000 399.51 -12765.4 8.71321
863000 400.439 -12704.6 -5.98497
864000 397.926 -12817.7 16.2825
865000 400.691 -12777.6 7.38828
866000 401.438 -12792.8 8.70551
867000 398.391 -12812.8 10.0738
868000 400.81 -12655 3.49842
869000 397.707 -12767.9 4.93268
870000 402.374 -12701.3 -8.93896
871000 400.425 -12786.2 15.134
872000 401.171 -12743.8 -2.36863
873000 398.517 -12795.5 12.615
874000 399.58 -12780.2 -8.04989
875000 397.797 -12775 0.0130109
876000 399.148 -12779.7 -3.98951
877000 400.651 -12749.8 -0.292544
878000 400.43 -12746.4 -9.41163
879000 401.376 -12723.9 -7.40452
880000 398.45 -12801.4 5.27202
881000 401.785 -12741.5 8.73939
882000 402.434 -12680.5 2.73912
883000 398.765 -12771 1.11492
884000 401.1 -12794.5 8.27457
885000 401.202 -12723 5.47973
886000 398.953 -12799.8 -11.5148
887000 401.431 -12743.5 0.00620567
888000 400.118 -12737.5 -22.1182
889000 401.423 -12757.5 19.7739
890000 399.893 -12838.7 4.67131
891000 399.895 -12749.7 -4.65156
892000 401.806 -12675.2 4.36429
893000 397.844 -12811.3 10.4986
894000 400.284 -12819.9 16.3698
895000 399.083 -12805.9 -3.55938
896000 400.514 -12745.7 1.61508
897000 398.481 -12757.5 -10.8746
898000 399.704 -12780.2 -0.217329
899000 401.224 -12715.6 -10.5285
900000 398.66 -12794.6 5.29461
901000 401.919 -12737.5 3.19482
902000 398.202 -12781.7 -6.9048
903000 399.081 -12833.2 7.6186
904000 403.103 -12758.2 -1.49398
905000 399.997 -12758.4 3.90491
906000 399.102 -12862.6 -9.01728
907000 402.455 -12723.2 15.7516
908000 399.047 -12697.3 2.79427
909000 402.432 -12695.3 14.4269
910000 400.678 -12751.8 -6.9867
911000 398.192 -12775.3 12.6663
912000 397.206 -12760.8 -10.7492
913000 398.854 -12755.5 5.38599
914000 400.843 -12810.9 0.729872
915000 397.241 -12872.6 -7.81887
916000 400.478 -12752 6.00947
917000 401.392 -12726.8 4.23754
918000 399.906 -12778.4 -11.1624
919000 399.334 -12772.5 2.97668
920000 398.864 -12774.5 8.47328
921000 399.441 -12719.9 -7.10755
922000 399.014 -12770.7 2.04984
923000 397.975 -12779.5 -15.3877
924000 398.654 -12845.3 17.7154
925000 398.811 -12818.3 -11.5776
926000 398.682 -12836.5 1.60352
927000 397.623 -12867.9 -0.0115722
928000 398.713 -12810.6 -5.07206
929000 400.717 -12786.1 -2.77761
930000 401.684 -12709.3 9.91787
931000 399.824 -12777.8 -3.32526
932000 400.071 -12797.1 4.29971
933000 396.974 -12828.1 4.5301
934000 398.778 -12780.5 5.05731
935000 400.15 -12736.2 -14.2467
936000 399.089 -12792.3 8.68775
937000 398.356 -12839.1 -1.59286
938000 401.476 -12803.7 -9.66922
939000 400.076 -12751.4 2.78363
940000 399.966 -12722.6 11.3302
941000 401.343 -12711 -7.85436
942000 398.456 -12808.9 -3.38395
943000 399.022 -12796.9 11.5312
944000 399.588 -12804.9 0.172393
945000 398.558 -12812.1 -7.75652
946000 399.391 -12787.3 -8.98386
947000 399.538 -12740.7 13.9908
948000 400.702 -12732 -4.59857
949000 399.132 -12766.9 20.0796
950000 399.987 -12741.4 2.04945
951000 402.085 -12735.1 -11.0703
952000 398.881 -12772.3 6.5307
953000 402.399 -12732.1 2.54243
954000 400.316 -12784.3 0.995084
955000 401.101 -12735.2 6.18454
956000 400.727 -12736.9 -1.33699
957000 400.634 -12757.3 5.5527
958000 400.183 -12702.5 3.94713
959000 398.614 -12767.8 4.05754
960000 400.74 -12726.1 12.6379
961000 399.918 -12836.2 -1.23845
962000 401.125 -12755.1 8.22022
963000 401.53 -12740.2 0.557239
964000 399.085 -12776.4 13.6073
965000 399.641 -12764.9 4.93507
966000 398.374 -12825.1 -3.29709
967000 400.277 -12762.2 -1.3053
968000 399.588 -12778.7 15.2051
969000 400.436 -12754.6 1.43699
970000 398.547 -12784.3 20.9639
971000 400.439 -12719.1 -7.89037
972000 400.771 -12770.4 -3.4375
973000 398.334 -12765.6 4.91563
974000 401.172 -12788.3 -9.32992
975000 401.578 -12661.1 5.52757
976000 403.044 -12714.4 2.75923
977000 399.96 -12818.4 -11.7799
978000 398.26 -12737.1 -1.74981
979000 400.876 -12728.8 4.99209
980000 401.865 -12721.6 -1.60798
981000 397.416 -12831.8 8.99815
982000 401.023 -12805 -10.9552
983000 400.703 -12781.4 -2.66131
984000 400.684 -12781.9 -9.06206
985000 400.647 -12781.6 -3.42982
986000 399.54 -12752.5 5.86276
987000 401.628 -12810.6 -1.77183
988000 399.245 -12728.7 -1.07688
989000 399.326 -12789.6 10.2704
990000 400.416 -12776.5 6.56051
991000 399.643 -12836.8 -7.94672
992000 400.901 -12739.6 0.0581573
993000 398.532 -12800.2 2.7063
994000 400.038 -12782 3.23607
995000 398.876 -12803.3 -0.308226
996000 397.096 -12778.2 5.0237
997000 400.399 -12719.6 2.74648
998000 402.1 -12768.9 12.4604
999000 399.842 -12794.8 -4.66986
1000000 399.418 -12822.7 10.8731
1001000 401.634 -12727.1 1.1373
1002000 400.627 -12712.9 -0.723495
1003000 399.364 -12744.8 4.58658
1004000 399.688 -12790.2 3.76645
1005000 400.1 -12731.4 -5.74576
1006000 397.871 -12776.9 9.94101
1007000 398.936 -12736.1 9.54686
1008000 399.102 -12793.8 7.01872
1009000 399.424 -12814.6 -11.329
1010000 398.377 -12798.3 7.04347
1011000 399.638 -12804.1 10.8996
1012000 398.847 -12766.5 0.0774602
1013000 399.352 -12830.8 -0.877183
1014000 399.601 -12772 8.38492
1015000 402.214 -12762.5 5.16688
1016000 400.338 -12775.3 -5.84386
1017000 400.452 -12764.2 -3.30256
1018000 402.349 -12701.9 14.0591
1019000 401.473 -12780.9 2.4983
1020000 401.121 -12766.5 -8.2721
1021000 399.605 -12713.5 8.35651
1022000 401.185 -12720.6 6.67659
1023000 400.187 -12754.9 -0.0642346
1024000 398.424 -12749.6 -6.68053
1025000 402.888 -12690.1 -1.92051
1026000 401.591 -12802.6 -0.142097
1027000 400.94 -12826.9 -8.6404
1028000 396.918 -12898.3 3.51863
1029000 400.399 -12801.9 2.4475
1030000 398.821 -12821 6.17708
1031000 398.985 -12810.4 6.1658
1032000 399.459 -12740.9 12.7186
1033000 400.196 -12778.8 -15.4857
1034000 398.359 -12791.5 -8.31814
1035000 401.163 -12732.3 16.3317
1036000 401.056 -12728.6 -7.93774
1037000 398.953 -12734.2 9.17168
1038000 401.172 -12783.1 -9.7903
1039000 401.637 -12706.4 7.05889
1040000 401.215 -12717.8 8.60109
1041000 402.013 -12754 -8.69036
1042000 398.695 -12724.3 6.53773
1043000 398.032 -12818.8 -3.35513
1044000 400.594 -12765.6 1.90299
1045000 402.152 -12751.1 4.1662
1046000 399.049 -12751.9 -5.34545
1047000 398.83 -12772.7 4.4396
1048000 400.178 -12786.3 6.99108
1049000 399.395 -12772.1 -0.571103
1050000 397.992 -12837.7 -1.49452
1051000 400.272 -12779.9 -0.603043
1052000 396.893 -12786.8 8.79338
1053000 399.089 -12727.8 7.30629
1054000 399.227 -12794.8 15.6066
1055000 399.831 -12743.2 -4.86964
1056000 401.823 -12758.6 3.63249
1057000 399.261 -12759.8 -7.83101
1058000 399.949 -12839.4 12.1832
1059000 397.867 -12825.8 15.1957
1060000 400.179 -12783.5 -7.55201
1061000 399.359 -12799.4 13.3638
1062000 402.234 -12716.1 -9.52743
1063000 400.473 -12766.3 0.597341
1064000 398.237 -12759.7 0.368028
1065000 401.968 -12681.7 -11.7136
1066000 400.158 -12802.9 -0.777767
1067000 400.101 -12743.4 20.2317
1068000 400.576 -12813.2 4.37792
1069000 399.133 -12802.9 -5.56816
1070000 402.81 -12693.6 5.64469
1071000 400.311 -12750.5 -2.95549
1072000 401.024 -12745.6 0.0500969
1073000 397.941 -12815.9 10.6391
1074000 400.324 -12761.6 0.147497
1075000 400.814 -12717.2 -1.15686
1076000 401.169 -12748.4 5.33454
1077000 398.994 -12810.9 -11.1361
1078000 401.161 -12739 11.4131
1079000 400.05 -12710 6.64064
1080000 400.759 -12700.7 2.5773
1081000 400.485 -12768.6 -7.15157
1082000 399.112 -12729.9 7.31396
1083000 400.533 -12755.9 6.73044
1084000 401.596 -12777.8 -0.281286
1085000 399.998 -12745.7 7.80615
1086000 399.17 -12787.6 -0.0940862
1087000 399 -12845.1 8.32672
1088000 399.824 -12745.2 3.29248
1089000 399.247 -12774 -2.29015
1090000 398.614 -12802.9 5.26961
1091000 401.698 -12744.1 0.754818
1092000 398.789 -12816.5 0.916083
1093000 400.944 -12779.6 -4.20323
1094000 401.935 -12749.3 -3.77715
1095000 401.213 -12725.9 -6.26216
1096000 401.096 -12713.3 0.472588
1097000 399.962 -12692.2 1.66811
1098000 399.171 -12750.7 8.39507
1099000 399.403 -12818.4 18.7451
1100000 398.227 -12785.5 -2.89582
1101000 400.545 -12800.1 -0.569112
1102000 398.966 -12795.8 5.41132
1103000 401.078 -12783.8 17.2843
1104000 400.667 -12766.6 -13.5736
1105000 402.388 -12760 -2.41354
1106000 399.332 -12743.1 7.16268
1107000 403.068 -12651 -1.65668
1108000 400.106 -12771.6 -7.43353
1109000 401.692 -12723.6 3.15596
1110000 401.571 -12764 -1.95548
1111000 400.19 -12796.9 -12.9644
1112000 400.416 -12856.3 5.29215
1113000 401.87 -12766.3 -6.76867
1114000 400.404 -12728.1 4.85964
1115000 401.3 -12742.3 -8.55164
1116000 399.905 -12791.9 4.71516
1117000 399.024 -12825.6 1.86865
1118000 400.438 -12768 6.75165
1119000 399.826 -12783.4 -0.654244
1120000 396.904 -12842.9 3.4113
1121000 402.525 -12752.5 -4.32808
1122000 399.282 -12792.5 0.582513
1123000 399.32 -12761.9 6.34388
1124000 398.07 -12814.5 13.0455
1125000 399.393 -12799.9 -18.6108
1126000 398.391 -12789.4 15.5429
1127000 400.965 -12784.4 1.99019
1128000 398.21 -12768 -17.6634
1129000 398.738 -12783.9 5.89577
1130000 401.936 -12744.7 -1.01734
1131000 400.108 -12748.2 12.5021
1132000 400.403 -12775.7 -2.00102
1133000 403.059 -12729.6 -12.2851
1134000 400.438 -12796.3 1.67599
1135000 400.195 -12750.5 -11.71
1136000 399.958 -12762.6 8.94737
1137000 398.585 -12839.8 3.75992
1138000 400.51 -12765.5 2.98477
1139000 401.093 -12764.7 7.10442
1140000 399.912 -12745.3 -2.18646
1141000 400.617 -12717.5 8.52637
1142000 400.351 -12717.5 3.02241
1143000 402.614 -12699.7 4.55569
1144000 400.398 -12798.2 -0.336674
1145000 398.012 -12875 1.04011
1146000 400.521 -12746.8 -8.80275
1147000 399.125 -12799.4 -1.87309
1148000 398.878 -12724.8 21.9491
1149000 401.415 -12696.8 -4.48239
1150000 399.091 -12723.6 -9.06003
1151000 399.507 -12739.1 8.98538
1152000 399.453 -12808.5 -4.96059
1153000 398.223 -12829 2.89065
1154000 399.619 -12776.9 -6.18165
1155000 397.967 -12777.7 6.91438
1156000 401.445 -12761.7 -12.5051
1157000 401.461 -12683 8.00691
1158000 399.353 -12802.7 1.18139
1159000 398.813 -12739.2 10.8951
1160000 400.784 -12740.8 -1.87736
1161000 398.991 -12781.9 10.0864
1162000 401.358 -12718.9 13.2692
1163000 403.308 -12748.5 0.928236
1164000 401.121 -12748.5 1.79311
1165000 399.548 -12733.8 -4.99946
1166000 400.587 -12747.7 3.8923
1167000 401.128 -12832.8 -0.90727
1168000 400.691 -12791.1 -4.96855
1169000 396.534 -12821.5 11.8139
1170000 397.634 -12774.7 0.363682
1171000 400.564 -12782.8 6.4439
1172000 401.89 -12771.1 2.05612
1173000 400.86 -12777.7 -15.6108
1174000 399.299 -12795.2 11.0947
1175000 397.346 -12779.6 -3.90296
1176000 401.437 -12774 -11.3136
1177000 397.94 -12789.1 8.34504
1178000 400.31 -12792.4 -7.09629
1179000 399.812 -12832.8 4.32319
1180000 401.125 -12758.7 -0.572997
1181000 400.003 -12784.7 12.1994
1182000 400.589 -12744.7 -0.0926483
1183000 398.678 -12830.6 -2.48156
1184000 398.946 -12709.3 -14.6479
1185000 402.785 -12710.1 5.98892
1186000 400.141 -12790 1.8872
1187000 400.731 -12733.3 7.15743
1188000 398.865 -12802.2 -6.58982
1189000 398.309 -12772.7 16.9202
1190000 400.636 -12811.4 -11.63
1191000 400.616 -12778.3 -1.1492
1192000 399.673 -12798.5 9.26337
1193000 397.326 -12783.9 -7.71902
1194000 399.72 -12769.6 2.26326
1195000 399.692 -12779.3 -0.384355
1196000 402.72 -12743.9 15.0374
1197000 399.348 -12796.9 -6.67636
1198000 400.47 -12791.2 2.18303
1199000 402.419 -12709.4 -12.3549
1200000 399.155 -12772.2 1.65081
1201000 400.768 -12746.8 -22.5588
1202000 398.923 -12820.9 14.1545
1203000 399.959 -12795.6 -7.12144
1204000 400.765 -12812.4 -6.39197
1205000 398.78 -12802.6 13.898
1206000 401.238 -12782.1 -12.0922
1207000 400.955 -12706.9 3.45993
1208000 401.475 -12785.8 -2.8253
1209000 401.679 -12771.6 -11.9245
1210000 402.245 -12770.7 0.187114
1211000 399.184 -12777.6 6.95937
1212000 402.356 -12755.4 10.2656
1213000 400.837 -12770.2 4.41805
1214000 397.8 -12803.7 -1.87223
1215000 399.247 -12839.6 -1.24346
1216000 399.124 -12752.4 -0.223955
1217000 401.148 -12770.1 10.8095
1218000 397.354 -12829.1 -3.74681
1219000 398.758 -12838.5 -2.57404
1220000 398.216 -12850.4 12.8513
1221000 399.664 -12766.6 -9.81959
1222000 401.108 -12757.7 8.18482
1223000 399.517 -12747.5 -1.18502
1224000 402.527 -12708.8 10.1448
1225000 400.907 -12717.8 2.47724
1226000 397.554 -12809.3 -6.46684
1227000 398.89 -12827.5 1.10783
1228000 401.43 -12815.7 -4.43872
1229000 397.964 -12857.2 -13.3989
1230000 401.031 -12759.6 16.8095
1231000 398.282 -12815.9 -5.22478
1232000 398.881 -12846.2 -2.46795
1233000 401.052 -12775.9 10.6328
1234000 400.936 -12751.5 -4.22182
1235000 400.016 -12766.3 1.53149
1236000 400.686 -12772.2 12.331
1237000 399.24 -12825.8 -3.20452
1238000 400.085 -12712.2 -4.58815
1239000 400.047 -12697.8 -0.762512
1240000 400.523 -12795.8 13.1746
1241000 398.697 -12793.8 5.64671
1242000 400.066 -12742.8 3.88406
1243000 398.424 -12817.4 8.4406
1244000 400.968 -12805.7 3.11751
1245000 397.261 -12759.4 -0.264554
1246000 398.935 -12840.9 10.7086
1247000 399.178 -12830.6 -12.5709
1248000 403.125 -12753.3 -0.910015
1249000 398.371 -12808.3 4.53145
1250000 398.945 -12790.8 6.59493
1251000 398.881 -12804.6 -5.76829
1252000 401.171 -12767.6 -11.5443
1253000 399.642 -12742.1 23.1841
1254000 399.908 -12682.5 -13.6544
1255000 400.12 -12738.9 6.00606
1256000 398.799 -12829.7 0.984289
1257000 398.876 -12831.1 -2.65555
1258000 400.844 -12782.7 1.02125
1259000 400.371 -12783.5 -10.98
1260000 398.401 -12784.6 15.3216
1261000 399.305 -12754.2 2.76264
1262000 399.85 -12770.5 18.0324
1263000 398.662 -12781 -7.22874
1264000 400.789 -12758.3 6.64566
1265000 402.842 -12723.3 -5.48447
1266000 397.4 -12855.2 10.4145
1267000 397.809 -12816.3 15.3879
1268000 398.108 -12762.7 -4.75342
1269000 397.315 -12792.4 -2.78312
1270000 400.308 -12767.4 2.64944
1271000 400.323 -12762.1 1.76988
1272000 400.467 -12762.4 0.444216
1273000 401.612 -12800.9 12.9689
1274000 400.754 -12713.4 -8.71255
1275000 400.949 -12687.5 8.70144
1276000 401.45 -12738.7 -11.3632
1277000 397.663 -12744 1.73781
1278000 400.673 -12747.8 -4.433
1279000 398.599 -12845.9 1.45075
1280000 397.412 -12828.2 9.87826
1281000 399.127 -12812.4 -8.14933
1282000 401.208 -12788 17.8753
1283000 401.458 -12796.9 -5.92386
1284000 400.788 -12769.9 2.54339
1285000 400.762 -12765.5 -4.1964
1286000 400.424 -12775.4 13.9277
1287000 399.875 -12757.6 -7.32375
1288000 399.911 -12735.2 4.34717
1289000 400.959 -12696.6 2.85796
1290000 400.755 -12702 3.5355
1291000 398.906 -12856.3 -2.73587
1292000 401.088 -12717.6 14.194
1293000 399.192 -12771.2 1.21473
1294000 401.719 -12732.1 8.695
1295000 399.734 -12784.5 2.67916
1296000 397.946 -12769 5.99879
1297000 397.774 -12845.5 5.3126
1298000 401.261 -12787.6 5.64765
1299000 401.259 -12794.3 -5.93018
1300000 401.43 -12692.4 2.79156
1301000 400.755 -12746.6 -1.04948
1302000 398.993 -12862.5 18.973
1303000 400.432 -12770.6 -2.47059
1304000 398.767 -12763.1 -1.02021
1305000 399.429 -12725.9 -11.8864
1306000 402.028 -12738.1 5.63138
1307000 403.392 -12737.9 7.16418
1308000 398.463 -12798.7 0.917619
1309000 397.233 -12823.9 -6.95914
1310000 401.767 -12743.8 8.71133
1311000 399.814 -12752.6 -3.09147
1312000 398.507 -12825.4 -5.26362
1313000 402.018 -12769.6 -0.0814942
1314000 402.77 -12796.6 7.46419
1315000 401.204 -12750.8 5.1584
1316000 399.893 -12791.5 -8.57264
1317000 397.865 -12737.9 4.88177
1318000 401.398 -12715.2 4.29718
1319000 400.875 -12723.7 6.08044
1320000 399.138 -12784.6 6.5141
1321000 397.585 -12751.8 -10.7325
1322000 398.455 -12800.5 1.03973
1323000 400.523 -12766.7 6.93217
1324000 400.859 -12765.6 -3.54908
1325000 401.479 -12784.9 -1.50782
1326000 398.613 -12760.9 -1.75658
1327000 400.705 -12743 10.6493
1328000 401.369 -12765 7.03889
1329000 400.218 -12788.6 -4.40103
1330000 400.18 -12743.3 7.98657
1331000 399.807 -12746.9 -11.366
1332000 401.275 -12717.6 4.77806
1333000 398.826 -12755.8 -1.25675
1334000 401.812 -12793.9 -12.671
1335000 402.312 -12777.8 1.98278
1336000 401.195 -12750.5 6.10714
1337000 398.449 -12901.7 11.6143
1338000 400.408 -12789.8 3.09084
1339000 398.221 -12775.4 -5.94861
1340000 400.429 -12767.6 7.48415
1341000 397.953 -12852.5 6.75924
1342000 400.732 -12797 -2.64261
1343000 399.329 -12810.4 2.82922
1344000 399.172 -12798.7 0.874655
1345000 399.374 -12828.3 15.025
1346000 401.545 -12733.3 1.49542
1347000 398.868 -12694.3 -13.3893
1348000 402.001 -12752.7 -1.49651
1349000 399.611 -12770.6 4.92238
1350000 399.689 -12823.6 4.00374
1351000 400.245 -12746.4 -0.343967
1352000 399.491 -12752.6 -2.84377
1353000 399.174 -12785 -1.32752
1354000 399.308 -12758.5 2.71084
1355000 400.799 -12769.1 10.3785
1356000 399.911 -12816 4.90127
1357000 400.98 -12785 5.16486
1358000 400.439 -12767.3 -7.87776
1359000 401.3 -12721.7 7.85326
1360000 402.432 -12792.7 1.96724
1361000 398.006 -12818.1 -1.72313
1362000 402.261 -12799 3.20756
1363000 398.789 -12804.6 16.1076
1364000 401.108 -12728.2 -7.51552
1365000 400.632 -12811.8 1.25521
1366000 400.416 -12793.6 1.93159
1367000 401.071 -12725.3 -1.50368
1368000 397.47 -12784.4 9.23587
1369000 400.415 -12801.1 -4.13693
1370000 399.004 -12784.6 -7.9163
1371000 399.757 -12729.9 5.93795
1372000 402.01 -12722.2 -0.608699
1373000 399.664 -12760.9 8.2515
1374000 399.82 -12814.6 -0.655355
1375000 401.453 -12787.5 -13.0469
1376000 400.706 -12768.6 5.87188
1377000 401.031 -12735.5 4.14293
1378000 401.626 -12737.6 2.65527
1379000 399.084 -12775.1 8.63558
1380000 401.291 -12759.7 -4.27885
1381000 400.037 -12755.2 4.15167
1382000 399.231 -12757.1 -10.386
1383000 398.926 -12769 -5.76925
1384000 399.758 -12779.3 13.866
1385000 399.619 -12824.9 2.36589
1386000 397.442 -12825.4 4.91972
1387000 402.416 -12745 -12.9839
1388000 398.005 -12807 9.51991
1389000 400.452 -12745 1.85494
1390000 400.144 -12754.4 -1.86443
1391000 399.642 -12826.8 6.12365
1392000 397.581 -12844.5 -3.44333
1393000 401.591 -12776.1 -9.39377
1394000 398.604 -12746.2 -0.314167
1395000 400.367 -12755.3 2.34994
1396000 402.304 -12734.1 -9.48874
1397000 399.286 -12751.1 1.65465
1398000 403.984 -12711.5 3.11802
1399000 398.938 -12823.8 8.3777
1400000 398.86 -12702.9 11.3508
1401000 401.163 -12737.1 -3.5961
1402000 400.013 -12758.3 6.78295
1403000 399.073 -12830.3 -7.01439
1404000 400.938 -12771.5 -1.79417
1405000 400.327 -12730.9 20.3069
1406000 399.656 -12751.6 -11.9011
1407000 398.97 -12787.5 -5.87987
1408000 397.955 -12845.1 -12.1191
1409000 400.37 -12721.9 -1.44294
1410000 400.543 -12797.5 17.0181
1411000 400.086 -12738.3 -6.73064
1412000 401.796 -12747.3 9.86277
1413000 398.854 -12813.5 -3.63725
1414000 397.533 -12772.8 -3.09934
1415000 400.971 -12809.6 2.10166
1416000 398.793 -12839.1 -10.3833
1417000 399.949 -12779.3 -1.87434
1418000 400.621 -12787.6 3.68333
1419000 398.723 -12801 0.222562
1420000 398.679 -12839.1 -3.48894
1421000 401.11 -12745.5 0.436012
1422000 401.127 -12749.6 -1.70994
1423000 402.774 -12660.3 3.45021
1424000 399.375 -12789.4 28.1882
1425000 401.135 -12732.5 -15.3631
1426000 401.451 -12730.5 2.49354
1427000 400.088 -12742.7 -5.66715
1428000 397.347 -12815.5 5.53516
1429000 399.883 -12783.1 -8.112
1430000 398.747 -12755.9 6.53559
1431000 401.633 -12793.9 10.8917
1432000 400.427 -12749.1 -10.2325
1433000 400.152 -12765.3 13.1408
1434000 400.917 -12722.9 1.64518
1435000 399.684 -12728.1 11.4395
1436000 402.275 -12654.9 0.490522
1437000 402.004 -12714.9 -15.2485
1438000 399.017 -12799.6 3.05163
1439000 398.253 -12835.1 13.7149
1440000 399.319 -12837.8 0.0772389
1441000 400.159 -12834.1 -8.65503
1442000 400.349 -12781.2 0.763154
1443000 399.293 -12731.1 14.2903
1444000 402.344 -12715.8 -19.0436
1445000 400.51 -12764.1 1.30291
1446000 400.144 -12756.6 1.66669
1447000 400.465 -12803.8 0.846087
1448000 400.502 -12776.9 6.90819
1449000 401.799 -12729.4 2.47168
1450000 401.889 -12730.6 -7.51785
1451000 398.773 -12773.9 1.57625
1452000 402.241 -12746 -7.49314
1453000 399.971 -12754.6 14.9319
1454000 398.925 -12751.3 -3.84864
1455000 401.231 -12710.4 -0.492155
1456000 399.837 -12745.7 1.3121
1457000 401.145 -12784.7 17.0202
1458000 400.58 -12746.1 -3.62522
1459000 398.088 -12826.5 -3.14101
1460000 401.039 -12754.4 1.24432
1461000 402.2 -12726.8 0.359112
1462000 399.7 -12802 -9.68869
1463000 399.225 -12785 3.16698
1464000 400.313 -12787.7 6.98842
1465000 398.925 -12784 -0.604381
1466000 400.626 -12746.7 5.8628
1467000 400.006 -12755.5 -5.77367
1468000 400.253 -12757.7 3.90687
1469000 403.305 -12746.2 -6.43753
1470000 400.657 -12756.5 6.47758
1471000 399.761 -12766.3 -9.39572
1472000 401.805 -12753 4.45671
1473000 398.246 -12759.9 0.740882
1474000 401.992 -12699.6 -1.79371
1475000 398.845 -12737.7 7.31415
1476000 400.956 -12727.3 7.86683
1477000 402.054 -12703.9 -8.83478
1478000 397.443 -12807 2.86295
1479000 397.973 -12878.1 -4.38735
1480000 398.153 -12791 9.02708
1481000 401.145 -12756.9 0.304833
1482000 400.751 -12765 -10.424
1483000 398.711 -12816.8 16.225
1484000 400.584 -12816 2.85628
1485000 398.964 -12789 -7.45174
1486000 399.864 -12793.6 3.32712
1487000 400.804 -12768.3 -4.50527
1488000 398.65 -12783 18.5088
1489000 398.52 -12811.5 -4.81082
1490000 397.533 -12825.9 -3.64246
1491000 401.056 -12807.1 8.27723
1492000 402.186 -12815 -10.2982
1493000 400.218 -12827.5 1.04133
1494000 399.776 -12785.3 1.73505
1495000 397.785 -12811 -1.47908
1496000 397.857 -12812.2 -9.06139
1497000 398.351 -12787.2 8.20712
1498000 398.909 -12728.4 7.24408
1499000 400.842 -12724 3.44561
1500000 401.27 -12778.6 5.64999
1501000 398.899 -12847.1 -2.2692
1502000 401.309 -12753 -1.91602
1503000 402.764 -12738.1 4.72969
1504000 400.256 -12719 3.1364
1505000 398.022 -12807.6 -8.81407
1506000 401.09 -12737.9 -3.39475
1507000 398.969 -12783.8 -3.77367
1508000 402.174 -12810 8.96044
1509000 399.116 -12779.9 -15.671
1510000 398.325 -12835 3.09675
1511000 400.598 -12758.8 2.34671
1512000 398.658 -12730.1 -2.64196
1513000 399.109 -12712.9 7.60347
1514000 400.587 -12719.9 16.5541
1515000 401.932 -12783.5 -10.4517
1516000 400.068 -12774.4 -1.20888
1517000 399.327 -12805.7 14.3777
1518000 401.128 -12784.5 4.79638
1519000 399.86 -12734.5 3.56088
1520000 401.082 -12759.7 -7.17511
1521000 401.134 -12746.6 17.1539
1522000 399.728 -12742.5 0.429871
1523000 400.475 -12756 -19.8474
1524000 402.219 -12725.3 7.24322
1525000 401.11 -12735.9 -2.48025
1526000 399.335 -12709.9 -0.679543
1527000 398.835 -12749 5.56213
1528000 399.687 -12796.7 -18.2419
1529000 399.529 -12776.5 7.69485
1530000 401.246 -12796.8 -6.06397
1531000 397.674 -12775.7 -2.95338
1532000 400.575 -12774.9 7.71903
1533000 399.698 -12772.5 -5.53213
1534000 400.268 -12731.7 -0.67046
1535000 397.662 -12837.5 17.6951
1536000 400.394 -12772.1 -20.2629
1537000 401.604 -12779.4 7.18943
1538000 402.216 -12761.3 -5.44155
1539000 400.972 -12741.8 -9.83239
1540000 400.36 -12752.1 12.0592
1541000 402.692 -12717.3 0.733152
1542000 400.522 -12782.1 6.04777
1543000 397.699 -12865.4 -6.76846
1544000 398.141 -12778.8 -2.17683
1545000 398.217 -12862.2 6.64454
1546000 399.521 -12794.5 12.3895
1547000 398.189 -12777 -6.41099
1548000 401.251 -12721.7 1.54542
1549000 401.109 -12750.2 10.4041
1550000 399.089 -12848.3 5.5051
1551000 397.502 -12875.7 -0.858679
1552000 400.322 -12805.3 -3.17395
1553000 397.298 -12792.1 10.4262
1554000 398.456 -12818.7 -0.400583
1555000 401.737 -12714.9 15.5092
1556000 400.789 -12738.7 -0.909915
1557000 400.382 -12745.7 -4.03126
1558000 401.65 -12737.5 -5.29006
1559000 401.069 -12702.2 21.6602
1560000 400.812 -12745.9 -0.831969
1561000 399.42 -12771.7 -0.181966
1562000 398.799 -12837.9 0.294607
1563000 399.959 -12780.2 -5.43808
1564000 400.498 -12693.6 -8.81948
1565000 399.177 -12679.1 6.49236
1566000 402.3 -12714.3 19.4052
1567000 398.886 -12785.9 -3.71305
1568000 400.569 -12815.1 -7.11032
1569000 399.957 -12791.2 6.12166
1570000 400.72 -12740.2 8.00603
1571000 400.53 -12743.4 -3.65389
1572000 401.499 -12758 -4.46154
1573000 400.168 -12791.9 9.92831
1574000 398.39 -12806.3 -8.80543
1575000 401.576 -12789.7 2.11703
1576000 399.288 -12850.4 7.23865
1577000 401.263 -12795 1.50762
1578000 399.059 -12789.5 -5.0201
1579000 397.364 -12792.4 0.649836
1580000 399.894 -12785.6 -7.38213
1581000 398.461 -12852.4 3.12849
1582000 400.434 -12759.4 2.15168
1583000 400.303 -12779.7 -0.825222
1584000 401.029 -12780.7 7.67485
1585000 397.165 -12781.3 10.9666
1586000 397.904 -12853.2 -7.63058
1587000 400.014 -12839.6 -2.536
1588000 402.565 -12739.7 -7.19404
1589000 398.657 -12779 -2.37838
1590000 400.31 -12813.9 5.32148
1591000 400.451 -12748.1 2.15944
1592000 401.032 -12776.2 -7.51596
1593000 400.108 -12848.6 -5.87822
1594000 400.906 -12773.7 3.62703
1595000 401.008 -12742.9 -6.61856
1596000 401.372 -12779.5 -9.8715
1597000 401.668 -12747.2 9.73983
1598000 398.137 -12807.7 2.14087
1599000 398.902 -12781.3 -2.81229
1600000 396.57 -12842.1 1.39729
1601000 398.792 -12768.3 7.81724
1602000 398.852 -12760 -3.46488
1603000 399.582 -12769 9.84172
1604000 400.198 -12815.8 -13.4675
1605000 401.25 -12796.9 6.03
1606000 400.166 -12778.5 -1.62338
1607000 400.729 -12722.9 -10.0059
1608000 400.408 -12759.8 5.2433
1609000 399.979 -12741.4 6.21344
1610000 402.42 -12764.7 -7.19504
1611000 398.688 -12809.8 -1.14437
1612000 399.275 -12717.5 -6.4668
1613000 400.073 -12794 8.38577
1614000 400.295 -12819.1 6.03232
1615000 399.864 -12800.6 -5.68299
1616000 399.551 -12767.9 -0.0196998
1617000 398.967 -12740.5 -3.19265
1618000 398.607 -12765.9 -1.15782
1619000 397.549 -12790.5 -1.83096
1620000 401.279 -12714.1 0.697048
1621000 401.232 -12733.5 2.89992
1622000 401.488 -12782.2 -1.60788
1623000 399.665 -12764 1.53947
1624000 398.291 -12795.9 -10.139
1625000 399.944 -12706.6 27.5398
1626000 397.731 -12742 5.36065
1627000 400.088 -12785.7 -10.1951
1628000 399.78 -12783.9 7.6027
1629000 398.453 -12742 12.3479
1630000 399.096 -12714.6 6.11536
1631000 397.578 -12798.2 -1.055
1632000 399.46 -12759.6 12.2786
1633000 402.015 -12680.5 -0.588212
1634000 400.169 -12738.8 -1.89157
1635000 399.564 -12738.9 1.27303
1636000 401.441 -12720.6 -6.24024
1637000 398.686 -12702 3.96481
1638000 398.655 -12807.3 -7.06929
1639000 402.616 -12688.2 -11.3231
1640000 400.887 -12801.8 4.38798
1641000 398.964 -12864 4.04728
1642000 399.362 -12809.8 5.23977
1643000 398.766 -12780.3 1.62618
1644000 398.528 -12781.7 12.3241
1645000 399.752 -12763.5 8.81607
1646000 401.531 -12744.7 7.74467
1647000 397.533 -12795.8 -8.49736
1648000 399.29 -12738.3 -2.88722
1649000 397.899 -12822.5 1.53622
1650000 399.5 -12803.4 -4.18608
1651000 401.678 -12786.6 0.181486
1652000 401.353 -12748.1 11.8975
1653000 399.517 -12769 -2.8723
1654000 401.766 -12751.4 4.50487
1655000 399.464 -12802.4 -10.5863
1656000 402.578 -12718.5 0.840903
1657000 399.832 -12782.5 -2.00681
1658000 400.568 -12779.2 -2.79224
1659000 399.294 -12783.6 -7.10379
1660000 397.704 -12755.1 15.1145
1661000 398.84 -12780.7 0.874989
1662000 400.921 -12751.9 3.65962
1663000 400.913 -12748.7 -1.44368
1664000 400.308 -12731.2 1.34816
1665000 401 -12744.2 -3.29732
1666000 398.242 -12803.4 11.2507
1667000 398.905 -12775.3 5.09681
1668000 398.789 -12761.7 -10.3595
1669000 398.864 -12852.6 -0.49771
1670000 398.371 -12794.3 -1.95081
1671000 402.203 -12692.1 -1.56232
1672000 400.035 -12798.8 3.0101
1673000 400.837 -12722.4 18.53
1674000 402.112 -12705.4 4.67453
1675000 399.841 -12711.2 1.72055
1676000 401.083 -12734.2 -0.201034
1677000 402.088 -12684.9 -7.02921
1678000 399.404 -12798.1 13.7406
1679000 400.151 -12758.7 -2.4905
1680000 402.721 -12701.5 -0.537628
1681000 398.833 -12766.6 10.1096
1682000 400.126 -12779 2.36586
1683000 401.762 -12733.4 0.847977
1684000 400.697 -12769.1 -10.3069
1685000 399.864 -12784.8 14.7086
1686000 399.797 -12814.6 -0.746068
1687000 400.285 -12791.1 14.0014
1688000 400.408 -12740.3 -13.2823
1689000 400.631 -12665.7 6.41807
1690000 400.802 -12727.9 0.0210245
1691000 399.28 -12695.2 -12.7753
1692000 400.975 -12800.7 -0.838865
1693000 398.053 -12879.8 17.3389
1694000 400.76 -12771 -12.3902
1695000 400.372 -12739.8 6.30042
1696000 399.949 -12783.1 -1.99817
1697000 400.906 -12809.5 -3.97026
1698000 397.144 -12823.6 -3.66718
1699000 397.118 -12816.8 4.08487
1700000 401.862 -12767.5 2.22067
1701000 401.322 -12760.3 -6.12501
1702000 397.816 -12774.1 -2.85404
1703000 400.778 -12776.4 4.7853
1704000 400.659 -12720.8 5.67996
1705000 400.169 -12745.5 -2.08593
1706000 398.639 -12808.8 -3.28366
1707000 401.095 -12770.5 -4.31231
1708000 399.871 -12756.6 -3.82717
1709000 399.438 -12815 7.5945
1710000 399.434 -12771 -12.0458
1711000 400.626 -12784.9 6.86533
1712000 400.045 -12754.3 -4.63936
1713000 400.674 -12813.1 20.9122
1714000 399.338 -12777.5 -12.5722
1715000 398.504 -12826.9 3.61479
1716000 401.446 -12776.4 -2.88325
1717000 400.364 -12810.4 -8.72222
1718000 398.541 -12872.1 -1.76085
1719000 401.136 -12781.9 17.6559
1720000 398.435 -12830 2.09754
1721000 401.453 -12762.3 -3.86304
1722000 398.523 -12713.3 5.44673
1723000 399.279 -12842.2 3.88451
1724000 400.943 -12705.6 -6.06986
1725000 399.115 -12795.8 8.45159
1726000 396.485 -12875.5 6.97835
1727000 398.705 -12831.9 3.36708
1728000 398.868 -12772.3 -6.50617
1729000 400.963 -12776 -1.1831
1730000 400.793 -12783.9 -1.42487
1731000 400.689 -12685.3 4.15914
1732000 400.252 -12700.6 7.48078
1733000 400.566 -12808.2 -7.55561
1734000 399.812 -12802.9 15.4509
1735000 397.848 -12816.4 -1.69813
1736000 401.138 -12781.8 -4.01143
1737000 399.01 -12767.4 2.55052
1738000 399.652 -12779.8 11.2901
1739000 397.751 -12766.5 -2.30179
1740000 400.202 -12743.9 -2.99738
1741000 401.323 -12676.7 20.976
1742000 397.785 -12800.5 6.88421
1743000 401.375 -12756.9 5.48698
1744000 399.905 -12805.6 -8.92732
1745000 400.232 -12758.4 14.1001
1746000 399.193 -12831.8 -7.7832
1747000 402.286 -12723.7 -2.81469
1748000 397.835 -12809.2 15.1239
1749000 398.842 -12779.1 -0.173511
1750000 399.471 -12763.9 19.0544
1751000 400.42 -12820.5 -2.55966
1752000 400.142 -12795.6 -1.65845
1753000 400.297 -12798 -9.87802
1754000 402.132 -12753.3 10.6007
1755000 399.563 -12861.2 1.22434
1756000 400.557 -12796.8 6.94512
1757000 398.896 -12869.9 -7.48932
1758000 398.844 -12817.7 -1.03622
1759000 401.072 -12757.7 6.92813
1760000 399.872 -12825.9 -3.80263
1761000 398.725 -12823.2 -4.20048
1762000 400.23 -12766.7 13.6546
1763000 401.693 -12747.6 -3.8604
1764000 401.606 -12729.7 -4.9039
1765000 401.574 -12722.5 -7.24179
1766000 399.126 -12782.8 -1.08516
1767000 400.954 -12845 -1.58989
1768000 399.09 -12817.5 1.08709
1769000 399.316 -12739.5 8.88779
1770000 398.042 -12780.6 -0.988608
1771000 399.846 -12744.9 7.8985
1772000 399.266 -12721.8 6.33494
1773000 399.612 -12808.2 -7.51846
1774000 401.169 -12823.1 7.41944
1775000 401.01 -12713.3 8.05625
1776000 399.984 -12817.5 -12.8504
1777000 398.602 -12782.3 11.3835
1778000 400.085 -12772.5 -8.32707
1779000 398.356 -12773.9 7.48832
1780000 399.381 -12833.1 -1.08606
1781000 402.566 -12713.3 -9.83529
1782000 398.097 -12783.3 -8.50746
1783000 402.583 -12774 10.7129
1784000 401.447 -12738 20.0604
1785000 401.211 -12730.8 -14.5303
1786000 401.573 -12783.5 -7.53762
1787000 400.269 -12787.9 16.3197
1788000 400.699 -12716.1 -5.95706
1789000 397.559 -12850 4.0126
1790000 400.079 -12744.1 -0.0580645
1791000 399.316 -12769.7 7.68591
1792000 401.232 -12705.6 -8.24096
1793000 401.78 -12773.9 1.85837
1794000 400.192 -12752.1 -2.67298
1795000 402.346 -12709.9 5.48223
1796000 399.786 -12824.3 -10.9128
1797000 401.133 -12818.5 -1.12059
1798000 400.909 -12824 -1.61513
1799000 399.515 -12784.9 7.2196
1800000 398.137 -12836.2 7.83737
1801000 402.199 -12752.7 -11.3146
1802000 398.769 -12774.2 5.53855
1803000 401.167 -12734.1 -2.13493
1804000 400.827 -12734.2 3.88098
1805000 400.881 -12736 0.233623
1806000 400.783 -12770.4 -13.0547
1807000 400.502 -12730.3 3.53386
1808000 400.305 -12756.7 4.87938
1809000 398.191 -12827.3 0.367616
1810000 400.143 -12739 -3.80114
1811000 399.252 -12801.9 -0.991115
1812000 398.896 -12795.3 -13.625
1813000 400.837 -12743.7 3.7494
1814000 399.425 -12770 8.94782
1815000 401.377 -12726 -0.506743
1816000 398.927 -12783 -3.46154
1817000 399.09 -12800.7 -1.88275
1818000 400.095 -12735.9 16.6164
1819000 401.346 -12720.1 -13.5076
1820000 401.243 -12800.1 -1.57927
1821000 399.392 -12810.6 -5.91027
1822000 400.087 -12762.3 3.71432
1823000 399.834 -12777.1 -8.60737
1824000 401.302 -12798.2 6.5142
1825000 397.514 -12822.8 -10.4209
1826000 398.698 -12771.2 16.1845
1827000 398.312 -12821.8 -9.55018
1828000 397.898 -12816.6 10.3877
1829000 400.811 -12740.9 10.6499
1830000 400.525 -12776.2 -8.72414
1831000 399.493 -12803.4 15.3843
1832000 398.988 -12745.7 -4.80625
1833000 399.467 -12781.9 16.5477
1834000 400.994 -12798.6 -4.67235
1835000 398.529 -12762.4 9.88253
1836000 399.802 -12749.9 -1.04367
1837000 401.263 -12791.3 -0.031545
1838000 397.631 -12818.8 13.6416
1839000 399.173 -12755.1 -12.348
1840000 400.816 -12722.6 5.79828
1841000 397.371 -12814.8 -1.94585
1842000 398.936 -12764.8 8.752
1843000 397.19 -12820.6 2.94167
1844000 401.712 -12769.3 -10.4735
1845000 400.623 -12721.7 2.27891
1846000 398.343 -12758.8 9.36352
1847000 400.499 -12765.1 -0.0369557
1848000 401.725 -12719 -3.43941
1849000 399.973 -12754.3 -8.75916
1850000 399.424 -12786.8 5.23297
1851000 398.596 -12751.9 7.43749
1852000 398.844 -12794.2 -0.248159
1853000 399.756 -12784.6 2.2437
1854000 400.82 -12761 0.633572
1855000 401.67 -12668.4 -5.49593
1856000 401.264 -12710.1 0.694142
1857000 400.839 -12764.4 -1.762
1858000 401.075 -12810.9 5.15727
1859000 402.339 -12728.7 9.59199
1860000 399.864 -12730.3 -17.3924
1861000 402.752 -12710.1 -19.3241
1862000 400.966 -12791.3 0.767208
1863000 402.476 -12671.3 -2.17684
1864000 400.184 -12776.5 6.13557
1865000 397.89 -12807.5 -9.92831
1866000 399.786 -12746.3 7.89995
1867000 398.396 -12831.1 -0.0976756
1868000 401.132 -12736.6 2.44203
1869000 401.635 -12742.3 4.87052
1870000 400.98 -12760.9 -17.2771
1871000 398.288 -12827.5 6.9915
1872000 399.224 -12790.3 -8.07785
1873000 399.18 -12792.8 -4.19703
1874000 401.605 -12742.8 5.83559
1875000 400.54 -12772.5 9.92647
1876000 400.374 -12745.1 -6.93397
1877000 400.548 -12754.1 -7.49935
1878000 398.483 -12819.7 0.575532
1879000 399.833 -12769.3 -7.78863
1880000 396.236 -12817.5 19.0997
1881000 399.528 -12806.4 8.40206
1882000 400.775 -12791.7 3.44141
1883000 401.347 -12781.2 3.15338
1884000 402.131 -12727.8 0.170257
1885000 399.385 -12741.6 1.80619
1886000 397.038 -12846.9 0.306466
1887000 400.681 -12750.9 4.23303
1888000 398.457 -12810.9 -5.46164
1889000 400.828 -12757.1 17.6026
1890000 401.04 -12811.8 -0.232657
1891000 399.773 -12836.3 2.39518
1892000 401.848 -12715.2 5.30639
1893000 400.433 -12797.3 -2.43165
1894000 401.421 -12789.3 -1.91671
1895000 400.482 -12806.2 1.72361
1896000 401.135 -12789.8 -3.2453
1897000 400.753 -12747.7 9.84571
1898000 401.806 -12694 -2.38009
1899000 401.204 -12734.8 -11.3314
1900000 399.686 -12798.6 -2.73004
1901000 400.926 -12797.4 5.08784
1902000 401.297 -12800.8 -20.2805
1903000 401.695 -12749.4 9.15068
1904000 398.127 -12705.9 -6.52149
1905000 401.214 -12737.7 1.48597
1906000 399.25 -12702 -5.16369
1907000 400.923 -12727.5 2.24352
1908000 397.141 -12840.2 3.39023
1909000 398.558 -12786.2 9.53038
1910000 399.764 -12782.7 -0.285712
1911000 401.328 -12696.7 7.50952
1912000 398.71 -12825 1.46213
1913000 402.309 -12710.1 2.14296
1914000 401.171 -12775.5 4.64793
1915000 399.404 -12761.4 -1.62289
1916000 400.113 -12708 -4.29577
1917000 398.624 -12787 -4.17588
1918000 398.226 -12781.5 16.5154
1919000 402.204 -12757.6 10.0214
1920000 400.11 -12862.8 -8.65131
1921000 401.711 -12700.7 -0.320861
1922000 400.922 -12757.5 -8.65409
1923000 401.2 -12747.8 10.0988
1924000 401.026 -12771.6 -3.41524
1925000 398.27 -12780.3 8.8277
1926000 400.637 -12763.8 -3.73511
1927000 402.711 -12813.8 -2.92095
1928000 399.427 -12816.8 6.55983
1929000 398.141 -12810.9 -6.34439
1930000 399.241 -12835.2 3.38346
1931000 401.03 -12767.7 7.49537
1932000 402.126 -12709.8 -1.86144
1933000 400.913 -12698.8 9.93669
1934000 399.364 -12803.6 1.93184
1935000 401.746 -12812.1 -17.2797
1936000 399.264 -12747.3 -4.68367
1937000 397.583 -12788.4 5.20628
1938000 400.986 -12712.4 -1.2542
1939000 402.928 -12787.4 -5.20562
1940000 399.964 -12824.3 12.1028
1941000 399.368 -12763.8 -1.38394
1942000 401.246 -12807.3 6.70783
1943000 397.493 -12846.1 -0.323183
1944000 399.34 -12763.4 4.8456
1945000 399.045 -12770.9 -8.05584
1946000 400.89 -12748.2 -0.477598
1947000 397.892 -12860.3 8.14226
1948000 403.263 -12711.8 6.90688
1949000 400.049 -12736.1 5.51397
1950000 398.042 -12818.9 -7.97655
1951000 400.619 -12782.9 8.58317
1952000 399.851 -12804.6 -3.14804
1953000 399.959 -12755.3 -2.84856
1954000 397.416 -12804.8 -6.81186
1955000 402.71 -12740.8 16.8991
1956000 399.103 -12835.4 -16.1986
1957000 398.806 -12745.4 5.64149
1958000 400.438 -12756.8 -3.43974
1959000 400.95 -12750 6.10769
1960000 400.335 -12776 -12.308
1961000 399.224 -12760.1 6.63971
1962000 402.341 -12710.7 -3.98553
1963000 400.947 -12781.8 -1.13901
1964000 399.935 -12740.7 -6.5655
1965000 396.72 -12869.8 1.28698
1966000 400.162 -12793.3 12.4596
1967000 399.446 -12743.8 -0.799252
1968000 398.817 -12822.7 -8.99117
1969000 397.635 -12801.6 6.77592
1970000 398.332 -12785.6 19.4074
1971000 399.542 -12821.6 -0.618312
1972000 401.616 -12756.4 0.751127
1973000 400.185 -12805.3 1.47756
1974000 399.769 -12811.2 8.14158
1975000 398.873 -12743.3 0.0985906
1976000 397.747 -12793.9 -14.7218
1977000 401.655 -12781 9.95299
1978000 400.221 -12720.8 -2.5811
1979000 399.22 -12786.5 -16.4616
1980000 398.091 -12867.5 9.13275
1981000 399.112 -12821.9 10.7343
1982000 400.351 -12743.8 -0.127508
1983000 401.878 -12748.2 9.33435
1984000 400.519 -12793.2 -21.3527
1985000 397.535 -12758.7 10.6363
1986000 400.134 -12724.7 -9.04353
1987000 403.27 -12683 -11.9606
1988000 400.249 -12781.4 -0.0724561
1989000 401.141 -12713.1 3.04378
1990000 399.341 -12794.7 5.89053
1991000 399.919 -12751 -12.0729
1992000 400.167 -12769.1 4.03821
1993000 400.421 -12801.4 14.171
1994000 400.224 -12815.2 0.0057178
1995000 399.364 -12794 6.76352
1996000 400.774 -12709.3 -1.011
1997000 400.672 -12796.9 9.13495
1998000 400.124 -12773.1 -10.8794
1999000 400.818 -12794.8 2.9939
2000000 398.593 -12789.9 -3.63646
