# Time-averaged data for fix 3
# TimeStep v_Temperature v_PotentialEnergy v_Pressure
2000 400.153 -12837.7 -8.00188
3000 400.411 -12772.2 -5.13948
4000 399.867 -12786.2 12.0606
5000 399.513 -12796.1 -4.96827
6000 401.089 -12801.4 -16.1364
7000 400.658 -12802.5 0.709266
8000 397.753 -12875.7 -0.782536
9000 397.785 -12821.6 7.11285
10000 402.445 -12697.4 -1.09731
11000 399.574 -12748.5 0.777777
12000 397.741 -12821.2 -1.77337
13000 400.642 -12755.1 11.4982
14000 400.304 -12760.6 6.1873
15000 398.906 -12775 -7.34443
16000 403.442 -12747.7 7.39466
17000 398.173 -12809.3 -0.659416
18000 401.033 -12749.7 5.30488
19000 402.533 -12678.1 -5.88886
20000 401.295 -12758.1 7.37693
21000 401.95 -12767.9 -18.7662
22000 400.209 -12774 2.04143
23000 402.412 -12692.7 -0.496711
24000 401.204 -12733.1 13.7663
25000 397.319 -12812.2 -2.75308
26000 401.399 -12700.5 6.53912
27000 400.306 -12777.4 -3.47723
28000 401.147 -12800.3 -0.1545
29000 401.053 -12754.6 1.88881
30000 400.472 -12760.7 1.15929
31000 401.434 -12719.6 -1.65032
32000 401.894 -12725.4 5.45772
33000 398.784 -12828.1 1.01208
34000 399.535 -12812 0.112413
35000 399.555 -12762.8 6.16798
36000 400.229 -12736.8 -8.01494
37000 399.329 -12774.6 1.22881
38000 400.623 -12710.9 7.24228
39000 400.686 -12738.1 2.52897
40000 400.713 -12702.6 -7.03251
41000 400.92 -12669.4 -6.47584
42000 399.224 -12739.6 -0.930849
43000 399.24 -12777.7 11.5226
44000 399.702 -12723 8.91903
45000 399.048 -12848.4 -4.028
46000 400.35 -12785.8 -2.46948
47000 402.677 -12785.7 4.81755
48000 398.352 -12783.8 -4.22574
49000 401.496 -12799.4 -10.0872
50000 401.192 -12798.2 12.7035
51000 403.652 -12686.7 -13.3022
52000 398.625 -12835.8 -1.09493
53000 397.43 -12814.8 0.166921
54000 400.161 -12819.8 -5.69034
55000 400.798 -12770.2 21.0368
56000 402.963 -12700.4 -0.568158
57000 397.891 -12781.2 1.4665
58000 398.583 -12708.2 -11.7874
59000 400.15 -12743.9 5.33719
60000 400.239 -12798.9 3.07155
61000 403.091 -12730.1 -0.665043
62000 399.302 -12774.5 10.2751
63000 401.727 -12678.9 -13.7793
64000 402.486 -12741 -3.6149
65000 399.095 -12709.9 0.380539
66000 398.977 -12822.8 3.42454
67000 402.387 -12756.1 -6.27673
68000 397.675 -12868 8.05429
69000 399.777 -12742.1 -11.115
70000 396.906 -12798.5 15.0472
71000 398.911 -12792.7 1.10587
72000 399.469 -12767.6 -11.4444
73000 402.152 -12716.2 -4.35201
74000 398.868 -12784.8 3.22998
75000 400.414 -12786.1 8.52819
76000 400.369 -12703.3 21.5368
77000 397.397 -12784.5 -18.2939
78000 400.519 -12721.1 4.51518
79000 400.838 -12812.1 -4.2398
80000 399.445 -12758.5 -3.72514
81000 399.326 -12786.2 21.6464
82000 402.281 -12761.5 -23.1596
83000 402.473 -12711.8 11.1959
84000 403.087 -12718 10.5354
85000 400.759 -12779.2 1.69309
86000 402.286 -12754.1 -3.76968
87000 400.165 -12733.6 -5.26678
88000 400.261 -12761.5 9.07663
89000 398.56 -12802.7 14.6109
90000 399.618 -12744.1 -8.42832
91000 401.238 -12720 -9.29015
92000 401.43 -12757.4 12.1779
93000 400.816 -12799.8 -4.93498
94000 397.915 -12809.9 -4.01288
95000 398.64 -12794.5 9.69868
96000 399.063 -12800.8 -4.75871
97000 400.619 -12742.7 5.78205
98000 399.83 -12806.9 10.7916
99000 400.672 -12761.3 8.38201
100000 399.644 -12791.8 -4.54614
101000 402.149 -12766.1 -6.59138
102000 397.702 -12861.3 6.6483
103000 399.307 -12840 1.11935
104000 400.679 -12710.6 3.81777
105000 399.878 -12765.2 0.743442
106000 400.098 -12820.1 -1.95922
107000 398.271 -12811 -3.73666
108000 398.05 -12801.1 10.5576
109000 399.363 -12747 -8.29032
110000 400.907 -12782.6 10.0789
111000 398.588 -12785.2 0.570787
112000 400.725 -12763.2 -3.25645
113000 398.219 -12764.2 -3.68135
114000 401.712 -12766.8 -0.660404
115000 400.481 -12809.8 6.04456
116000 398.818 -12772.1 4.79965
117000 399.343 -12745.7 -4.98245
118000 402.762 -12711.6 -2.38962
119000 399.397 -12740.6 15.1158
120000 401.445 -12688.5 -2.24357
121000 399.132 -12748.7 -6.94347
122000 399.09 -12737.8 -4.93525
123000 398.283 -12742.5 -5.04105
124000 396.609 -12779.7 3.92674
125000 399.41 -12759.2 14.8805
126000 402.514 -12706.4 2.65917
127000 401.156 -12814.9 1.6054
128000 399.854 -12745.2 3.52961
129000 402.03 -12718.9 -6.49677
130000 398.08 -12766.3 10.2167
131000 398.704 -12766.5 1.54782
132000 398.278 -12761 4.49861
133000 399.228 -12808.7 -2.08384
134000 398.616 -12803.1 -0.534575
135000 398.152 -12805.9 6.90978
136000 397.77 -12817.6 1.63115
137000 399.126 -12782.1 -4.65718
138000 397.879 -12786.5 1.86424
139000 400.436 -12789.6 10.2273
140000 399.126 -12828.2 -0.0566416
141000 397.895 -12864 6.4462
142000 400.315 -12777.6 -2.14323
143000 400.568 -12826.9 5.24123
144000 398.693 -12777.4 0.164453
145000 401.154 -12773.1 19.9449
146000 401.041 -12729.9 -26.6528
147000 398.599 -12785 9.46555
148000 399.458 -12781.3 2.76003
149000 400.183 -12757.4 5.93689
150000 399.98 -12760.5 1.11389
151000 400.685 -12770.8 -5.09696
152000 398.391 -12815.4 4.04435
153000 397.817 -12838.9 7.76765
154000 399.822 -12777.9 -6.95763
155000 399.62 -12837.6 9.20098
156000 401.626 -12738.8 4.31258
157000 401.601 -12771 -2.13703
158000 400.665 -12800 1.80315
159000 397.317 -12813 8.63472
160000 401.111 -12772.4 -6.63514
161000 399.084 -12812.8 8.79073
162000 399.98 -12756.2 5.03286
163000 399.296 -12710.4 6.95058
164000 399.983 -12743.3 3.95809
165000 399.954 -12761.6 14.7311
166000 398.506 -12806.9 21.7598
167000 398.9 -12799.5 -3.30995
168000 400.232 -12714.1 0.0662486
169000 401.37 -12756.9 -11.4082
170000 401.415 -12786.2 -20.5256
171000 396.619 -12836.6 3.70911
172000 398.411 -12797.6 -1.94615
173000 401.787 -12751.5 -0.98295
174000 402.727 -12736.3 7.79476
175000 399.781 -12834.9 -5.94567
176000 398.515 -12848.2 -2.28578
177000 402.184 -12749.8 11.5374
178000 401.463 -12773.7 -18.7883
179000 399.363 -12802 16.0862
180000 400.11 -12760.7 -8.57859
181000 399.176 -12737.6 -5.90565
182000 401.599 -12790.5 6.86549
183000 399.944 -12738.6 -12.9023
184000 400.576 -12751 6.85268
185000 400.605 -12791.7 0.0779606
186000 399.822 -12698.7 -0.277861
187000 401.247 -12694.4 2.10108
188000 400.593 -12722.1 -2.76835
189000 400.19 -12769.3 8.03157
190000 399.729 -12773.9 -6.47205
191000 400.53 -12775.5 1.36219
192000 399.521 -12784.6 -9.47516
193000 400.25 -12780.9 7.94796
194000 400.901 -12702.6 6.77035
195000 399.779 -12743.8 8.20349
196000 398.51 -12755.3 -9.90603
197000 398.914 -12782.1 1.4081
198000 400.579 -12726.7 -10.8558
199000 401.405 -12695.9 15.5895
200000 402.758 -12712.4 -0.629663
201000 400.922 -12796.4 -4.33759
202000 400.282 -12769.6 -8.58216
203000 401.108 -12795.5 9.42415
204000 399.026 -12831.2 5.07096
205000 399.935 -12744 6.80495
206000 399.018 -12723.4 16.8925
207000 400.01 -12707.8 -0.671786
208000 400.258 -12711.2 1.00911
209000 399.164 -12803.6 -2.64963
210000 400.067 -12826.7 2.01702
211000 400.296 -12730.4 -3.36777
212000 399.151 -12772.9 4.87861
213000 399.27 -12782.9 0.940789
214000 400.255 -12763.6 -8.06208
215000 402.416 -12707.2 0.0346628
216000 401.132 -12682.9 -1.7679
217000 400.968 -12703.8 1.1076
218000 400.477 -12678.6 6.54091
219000 397.886 -12747.2 8.02214
220000 396.874 -12794.7 -16.3896
221000 400.249 -12750.6 15.1328
222000 401.876 -12831 -12.8715
223000 400.976 -12751.5 -9.2677
224000 399.493 -12805.4 9.91628
225000 399.231 -12823.3 -3.86632
226000 399.012 -12829.1 8.74777
227000 399.644 -12780.2 5.31038
228000 401.554 -12707.3 -12.5741
229000 398.204 -12872.9 3.49742
230000 401.405 -12746 -0.128707
231000 397.67 -12810.4 12.4435
232000 401.29 -12722.9 -4.74881
233000 399.688 -12848.9 2.90447
234000 400.435 -12832.8 16.6692
235000 397.835 -12847.6 12.4512
236000 400.473 -12785.6 1.06676
237000 401.516 -12777.5 5.61818
238000 397.968 -12783.2 1.69353
239000 399.144 -12793.3 8.14417
240000 397.838 -12785.3 -7.33124
241000 398.726 -12833.5 -0.0306035
242000 400.816 -12761.7 -3.6525
243000 398.914 -12809.9 13.1063
244000 401.423 -12704.2 -10.7578
245000 402.961 -12698 1.50823
246000 398.742 -12780.3 0.380343
247000 397.941 -12814.1 0.105418
248000 399.673 -12803.7 6.66076
249000 401.208 -12817.3 1.82521
250000 400.234 -12759.3 8.58255
251000 400.559 -12839.2 11.9764
252000 400.932 -12858.2 -1.52276
253000 400.104 -12784.7 12.6791
254000 399.43 -12784.1 -14.3856
255000 400.53 -12745.4 5.23396
256000 400.846 -12737.4 3.59219
257000 398.917 -12822.9 6.95957
258000 400.945 -12730.1 1.67896
259000 399.862 -12759.1 -5.05332
260000 400.62 -12738.3 7.27101
261000 400.448 -12755.5 7.26607
262000 399.398 -12824.4 -0.722103
263000 402.431 -12735.4 -16.854
264000 400.148 -12785 -9.54599
265000 399.729 -12782.2 6.61937
266000 398.098 -12816.3 -12.4323
267000 398.082 -12815.6 -1.43361
268000 401.619 -12756.7 10.4105
269000 401.098 -12749.9 4.83981
270000 398.927 -12747.5 5.79547
271000 402.024 -12731.6 -4.96387
272000 398.512 -12823.7 20.8749
273000 399.217 -12785 -3.1613
274000 400.621 -12770.4 4.02902
275000 400.478 -12835.7 -5.13568
276000 402.53 -12690.7 9.46871
277000 402.691 -12703.1 -4.6592
278000 401.276 -12754.9 1.26354
279000 398.613 -12793.3 -1.93055
280000 400.961 -12783.5 -2.2436
281000 401.246 -12780.2 6.4506
282000 400.431 -12791.1 -2.59638
283000 400.569 -12745.2 0.946556
284000 399.196 -12812 14.0744
285000 399.447 -12795.2 -3.57669
286000 399.443 -12764 21.3591
287000 402.382 -12725.8 -8.61847
288000 400.725 -12775.6 6.22013
289000 401.514 -12749.5 1.92117
290000 401.13 -12754.8 -1.12231
291000 398.406 -12839.6 -5.40343
292000 400.148 -12784.7 2.89249
293000 398.417 -12800.5 2.40189
294000 399.709 -12804.1 8.8304
295000 400.58 -12761.5 -7.67491
296000 399.703 -12808.5 -1.35919
297000 400.088 -12772.5 0.84598
298000 399.635 -12776.3 0.556614
299000 399.88 -12855.5 6.83218
300000 401.824 -12781 -12.3761
301000 400.648 -12777.8 2.13912
302000 399.685 -12781.2 3.25857
303000 400.197 -12818 -9.4365
304000 399.287 -12808.8 3.38461
305000 400.019 -12759 2.21753
306000 400.347 -12802.3 7.55333
307000 401.611 -12730.3 -4.05014
308000 401.759 -12795.8 -1.76044
309000 399.178 -12781.2 -1.31136
310000 397.122 -12825.8 19.3464
311000 399.751 -12792.5 -1.96373
312000 400.55 -12749.4 11.4453
313000 402.936 -12694.2 -19.3136
314000 401.087 -12726.6 1.36108
315000 400.65 -12783.4 4.88582
316000 398.462 -12785.6 12.6162
317000 399.948 -12815.4 -11.5896
318000 398.045 -12869 12.2182
319000 400.523 -12751.5 7.47094
320000 399.927 -12831.6 3.39451
321000 398.782 -12783.7 -0.746947
322000 400.894 -12776.5 -1.57994
323000 400.89 -12732.7 12.6549
324000 400.375 -12745 -4.33625
325000 397.023 -12786.1 3.21231
326000 400.902 -12768.1 8.4049
327000 399.61 -12776 14.7364
328000 399.194 -12785.3 -3.22821
329000 399.319 -12767.7 8.75988
330000 400.895 -12774.4 6.53669
331000 398.707 -12798.8 -1.55364
332000 398.77 -12814.8 -0.526278
333000 399.381 -12804.6 2.29266
334000 401.559 -12739.6 14.0632
335000 399.723 -12761.5 -4.89299
336000 400.132 -12837.8 2.13488
337000 402.542 -12745.6 -4.59084
338000 399.357 -12849.4 4.09591
339000 397.718 -12773.9 2.62616
340000 402.964 -12710.7 -8.58404
341000 400.399 -12772.6 3.64057
342000 399.84 -12741.5 3.24891
343000 400.308 -12725.7 -6.32295
344000 402.56 -12727.3 7.86858
345000 403.792 -12715.2 -9.71181
346000 397.997 -12754.3 16.1747
347000 398.262 -12794.3 -5.55227
348000 400.354 -12699.9 -0.261178
349000 400.328 -12738.9 3.01222
350000 402.251 -12734.9 -7.03201
351000 400.348 -12738.9 8.12767
352000 402.54 -12673.3 -4.52095
353000 399.26 -12733.4 -8.40821
354000 398.166 -12840.1 7.74357
355000 400.229 -12805.8 14.0391
356000 398.595 -12882.9 -10.8294
357000 399.638 -12832.9 -0.554844
358000 400.288 -12727.4 3.09245
359000 399.572 -12710.6 8.70444
360000 399.417 -12753.6 4.1545
361000 397.924 -12787.1 -3.93151
362000 401.615 -12803 2.07805
363000 400.317 -12758.1 8.7126
364000 400.474 -12740.7 -0.182695
365000 397.796 -12816.8 8.43225
366000 402.228 -12724.1 -12.1327
367000 400.107 -12746.6 11.3144
368000 398.946 -12716.4 -7.71804
369000 401.253 -12710.1 11.7661
370000 400.839 -12738.8 1.75949
371000 400.401 -12725 -1.35348
372000 400.32 -12734 7.41407
373000 401.126 -12827.9 3.17222
374000 397.594 -12795.8 -1.2784
375000 401.166 -12704.9 -0.579998
376000 400.126 -12787.3 -4.85437
377000 399.831 -12723.7 -2.54683
378000 402.724 -12745.9 12.3292
379000 399.971 -12748 18.0088
380000 400.107 -12728.7 -10.3129
381000 402.262 -12730.4 -0.135986
382000 400.421 -12801.6 6.62706
383000 399.43 -12817.6 -11.755
384000 400.564 -12831 1.10996
385000 399.123 -12817 5.13219
386000 400.015 -12787.3 6.40579
387000 401.906 -12765.1 9.54236
388000 400.809 -12727.2 2.58166
389000 397.116 -12794 -3.11314
390000 399.536 -12797.7 0.484184
391000 399.438 -12763.4 4.3629
392000 400.644 -12746 4.22858
393000 399.549 -12769.9 6.91765
394000 401.457 -12707.6 -3.53063
395000 399.927 -12821.3 17.6369
396000 401.312 -12736.7 0.0174997
397000 399.924 -12803.4 -5.61908
398000 397.671 -12809.5 2.25107
399000 401.145 -12770.7 -1.17259
400000 400.133 -12760 4.97855
401000 401.038 -12719.7 4.01535
402000 399.917 -12793.2 8.36803
403000 399.956 -12782 -3.45177
404000 399.04 -12736.7 3.72658
405000 399.712 -12832.8 -12.9841
406000 400.901 -12751.5 0.818261
407000 400.889 -12823.1 1.17078
408000 400.195 -12728.4 14.603
409000 399.959 -12744.1 -1.76832
410000 401.497 -12792 -3.75336
411000 398.771 -12805.5 3.40909
412000 399.245 -12810.3 -8.58162
413000 400.846 -12781.2 7.94212
414000 401.315 -12741 1.67082
415000 399.939 -12768 -0.943952
416000 398.794 -12706.6 9.40697
417000 401.024 -12755.3 9.68402
418000 400.401 -12715 -5.90214
419000 399.884 -12794.3 7.99702
420000 397.936 -12778.8 -0.4426
421000 400.805 -12750.6 1.94536
422000 401.729 -12742 -1.81464
423000 400.395 -12756.3 5.5266
424000 403.099 -12770.2 -2.2906
425000 400.012 -12779.7 -5.20421
426000 399.928 -12778 -2.84302
427000 399.245 -12840.5 9.28379
428000 400.216 -12720 -1.67613
429000 399.286 -12783.2 4.5786
430000 398.552 -12836.3 7.54627
431000 399.084 -12777.1 -9.83178
432000 398.026 -12866.4 8.48233
433000 400.081 -12703 3.17361
434000 400.282 -12810.1 -0.459978
435000 399.449 -12760.2 -16.6689
436000 400.219 -12800.1 -0.25146
437000 400.218 -12825.3 11.4943
438000 397.816 -12784.3 -7.99403
439000 400.867 -12716.9 5.68843
440000 400.859 -12783.2 13.5513
441000 399.892 -12764.2 -8.88903
442000 400.323 -12780.9 6.81706
443000 402.719 -12667.1 -3.29654
444000 399.678 -12789.7 18.5376
445000 398.733 -12788.5 -2.5456
446000 399.677 -12742.8 -8.41043
447000 398.508 -12807.4 5.41845
448000 400.05 -12844.4 8.07245
449000 397.301 -12784 -5.72875
450000 401.399 -12714.4 5.80534
451000 398.78 -12785.9 12.1343
452000 398.961 -12765.2 3.11026
453000 399.581 -12736.7 -7.35712
454000 400.287 -12755.1 0.784766
455000 397.836 -12829.5 11.5714
456000 397.007 -12740.7 -7.39018
457000 400.127 -12774.6 -7.80914
458000 401.722 -12777.1 3.27933
459000 398.677 -12819.8 2.03849
460000 399.498 -12790.7 9.8156
461000 401.345 -12749.4 5.13117
462000 401.156 -12791.8 -8.12365
463000 400.766 -12842.1 -5.78725
464000 400.454 -12734.1 -2.7113
465000 398.769 -12808.8 18.7496
466000 397.264 -12848.9 -11.0894
467000 399.448 -12792 4.60415
468000 400.375 -12822.5 -8.58896
469000 399.689 -12796.6 -0.99211
470000 399.193 -12810.2 -6.70423
471000 401.517 -12714.4 -0.899213
472000 400.186 -12745.2 7.56544
473000 399.527 -12759 1.12405
474000 399.405 -12798 -1.25489
475000 400.699 -12808.6 -1.47908
476000 399.213 -12797.3 2.23165
477000 399.828 -12837.8 1.87306
478000 399.152 -12782.9 -12.087
479000 399.242 -12779.2 -1.24006
480000 401.689 -12771.7 -15.6201
481000 400.715 -12776.2 9.46398
482000 398.86 -12767.6 -0.694828
483000 398.146 -12809.7 9.97341
484000 400.962 -12797.6 11.4698
485000 399.169 -12809 -3.44429
486000 400.664 -12845.9 -9.63232
487000 397.406 -12811.2 2.16714
488000 400.897 -12762.8 14.4691
489000 400.588 -12758.3 -5.72944
490000 399.625 -12807.2 7.75783
491000 401.182 -12735.1 1.86053
492000 401.686 -12757.6 -7.22414
493000 399.351 -12827.4 4.45304
494000 398.576 -12776.3 -2.11662
495000 402.158 -12802.3 -5.68867
496000 399.088 -12813.6 -8.47171
497000 402.345 -12779 -11.7789
498000 399.351 -12849.1 21.9461
499000 400.088 -12833.3 -18.4629
500000 398.616 -12737.7 -23.5015
501000 399.323 -12820.7 11.8901
502000 401.922 -12688.1 8.45065
503000 400.902 -12784 2.64347
504000 401.875 -12731.6 -1.7545
505000 401.568 -12731.5 2.72055
506000 399.755 -12753.2 17.0875
507000 398.548 -12766.8 -5.14848
508000 399.942 -12755.5 2.58052
509000 398.817 -12782.4 13.2718
510000 399.739 -12701.3 -5.75463
511000 399.125 -12806.2 10.4436
512000 401.581 -12775.4 6.46844
513000 398.786 -12737.2 -4.59326
514000 398.114 -12797.5 -0.0530909
515000 402.006 -12669.5 5.52274
516000 399.875 -12771.1 1.21826
517000 399.767 -12803.9 3.16069
518000 401.704 -12672.7 -3.77902
519000 399.565 -12784.3 23.0202
520000 401.223 -12711.8 -10.3968
521000 400.321 -12738.5 15.9797
522000 401.664 -12722.4 12.6891
523000 397.476 -12808.6 -7.60507
524000 399.804 -12745 2.48509
525000 397.197 -12854.2 1.22094
526000 398.939 -12861.9 -9.01337
527000 400.241 -12713.6 8.84495
528000 400.118 -12750.1 3.23319
529000 398.806 -12766 7.71007
530000 400.677 -12791.3 -9.52355
531000 398.564 -12817.4 2.72488
532000 398.632 -12757.1 4.23571
533000 398.476 -12728.9 -8.41767
534000 400.505 -12832.9 4.09395
535000 399.083 -12815.4 11.2186
536000 400.39 -12771 -1.56736
537000 399.6 -12768.5 3.3853
538000 399.592 -12749.4 7.43151
539000 400.148 -12768.8 -2.30015
540000 400.556 -12812.4 -8.40666
541000 400.172 -12748.8 8.54321
542000 399.629 -12755.7 -7.58918
543000 400.246 -12807.8 13.1379
544000 399.807 -12782.3 -6.11524
545000 398.312 -12780.9 -7.04919
546000 400.619 -12792.9 -7.13928
547000 401.153 -12785.9 7.36294
548000 400.316 -12790.1 11.6576
549000 400.358 -12725.8 -11.3014
550000 398.627 -12844.5 2.97599
551000 400.955 -12769.7 9.07949
552000 401.537 -12725.3 -2.8414
553000 401.735 -12660.1 7.17081
554000 400.635 -12751 4.85273
555000 401.808 -12746.3 -6.51246
556000 400.894 -12737 -3.10853
557000 398.418 -12726.4 17.7119
558000 399.845 -12808.3 18.4011
559000 401.055 -12770.8 -14.7224
560000 399.77 -12759.3 3.12849
561000 398.983 -12753.8 5.28841
562000 397.989 -12765.2 5.46371
563000 400.154 -12752 2.48179
564000 398.339 -12773 9.42537
565000 398.978 -12764.8 -9.00188
566000 398.183 -12822.9 1.69517
567000 400.884 -12762.4 0.834011
568000 399.346 -12793.9 6.99718
569000 401.187 -12756.8 -0.961113
570000 399.415 -12827 8.73052
571000 400.611 -12746.5 -2.59581
572000 401.412 -12696.9 4.63312
573000 402.551 -12714.2 -3.96385
574000 398.191 -12820.1 -0.323601
575000 399.262 -12788.1 6.84337
576000 401.132 -12777.4 2.62855
577000 401.368 -12711.2 -7.35244
578000 397.507 -12790.8 20.5153
579000 398.964 -12832 -0.912579
580000 402.305 -12817.2 0.0818249
581000 399.608 -12783 -4.97631
582000 400.555 -12739.6 5.26632
583000 397.9 -12815.3 1.6449
584000 398.63 -12895.4 8.00074
585000 400.326 -12763.3 6.47818
586000 398.108 -12730.8 2.06607
587000 402.69 -12742 -1.17211
588000 400.975 -12748.8 -5.45503
589000 400.93 -12740.1 5.45681
590000 401.188 -12753.5 4.73417
591000 399.906 -12771.2 1.5801
592000 397.812 -12795.5 -3.05645
593000 400.143 -12746 -3.76149
594000 401.861 -12730.6 -2.17599
595000 397.997 -12756.5 8.6922
596000 398.054 -12721.1 0.920156
597000 402.788 -12719.2 -0.437469
598000 400.787 -12727.9 7.32565
599000 399.252 -12767.8 -10.8901
600000 399.908 -12765.4 3.43838
601000 401.796 -12705.9 5.98032
602000 398.369 -12810.3 2.42827
603000 399.304 -12801.4 -4.10075
604000 399.422 -12765.6 8.73268
605000 399.813 -12769.7 -6.17377
606000 398.343 -12828 -5.36301
607000 400.142 -12775.7 11.1417
608000 400.845 -12715.5 -16.13
609000 398.481 -12813 -2.78749
610000 398.633 -12814.5 9.36211
611000 398.076 -12770.7 4.65005
612000 401.072 -12725.3 -11.9678
613000 400.647 -12753.4 4.32856
614000 399.121 -12818.3 1.1855
615000 398.531 -12780.8 16.1131
616000 400.977 -12843.7 -5.73066
617000 400.812 -12695.8 14.5516
618000 399.896 -12768.1 -7.7345
619000 400.091 -12760.3 2.44238
620000 401.688 -12737.6 -4.45207
621000 400.717 -12746.2 12.6094
622000 401.203 -12804.5 -6.7361
623000 400.882 -12770.3 -2.7825
624000 398.386 -12774.7 -7.65235
625000 399.888 -12757.6 3.66636
626000 401.229 -12673.6 9.19601
627000 399.15 -12841.8 1.18606
628000 399.77 -12841.9 2.23945
629000 398.808 -12762.5 -6.07222
630000 401.714 -12728.8 -2.41753
631000 399.419 -12717.8 1.06067
632000 398.642 -12826.3 18.5971
633000 398.725 -12783.8 -0.259766
634000 400.453 -12749.2 0.614617
635000 399.485 -12837.2 -9.5546
636000 400.328 -12692.4 1.11318
637000 398.778 -12790.3 5.28673
638000 399.122 -12810.3 -8.93875
639000 400.966 -12825.7 15.5831
640000 402.643 -12701.5 -2.63931
641000 398.354 -12792.5 5.47042
642000 399.205 -12781 3.37554
643000 400.9 -12776.2 -2.69326
644000 399.012 -12774.7 15.3387
645000 398.186 -12809.7 -4.2033
646000 398.962 -12861.2 2.02837
647000 399.048 -12805.8 -2.13568
648000 399.613 -12730.5 5.75604
649000 402.269 -12662 -3.28207
650000 399.751 -12799.8 -5.22004
651000 398.223 -12750.7 3.53641
652000 398.502 -12778.8 -6.54523
653000 399.609 -12752.7 -3.74003
654000 398.488 -12794.8 22.4639
655000 399.529 -12754.9 -1.6115
656000 402.134 -12723.9 6.35825
657000 401.329 -12784 4.15523
658000 398.481 -12812 3.07946
659000 397.605 -12859.2 -4.68992
660000 398.43 -12877 -2.47901
661000 399.076 -12810.1 10.3375
662000 398.277 -12779 -4.9774
663000 400.712 -12760.4 4.88759
664000 400.224 -12742.3 2.89628
665000 399.688 -12793.8 0.000896813
666000 399.828 -12801.7 -7.82727
667000 400.919 -12782.5 10.2541
668000 398.31 -12797.3 -0.487802
669000 401.766 -12751.2 -2.62195
670000 397.672 -12736 -2.39728
671000 398.87 -12851.3 17.3427
672000 398.552 -12756.9 5.3641
673000 400.114 -12701.9 -18.5212
674000 400.296 -12685.5 5.31749
675000 399.991 -12774.8 -2.41978
676000 398.772 -12741.8 3.06159
677000 400.014 -12770.5 -2.64941
678000 400.986 -12682 10.7936
679000 399.497 -12760.1 -1.18393
680000 400.506 -12750.2 8.20797
681000 402.356 -12709.7 -9.53306
682000 396.547 -12741 3.85328
683000 399.114 -12846.1 7.01668
684000 399.102 -12727.5 -6.58676
685000 400.907 -12734.6 0.385032
686000 401.11 -12719.3 24.3646
687000 398.663 -12819.1 -6.2588
688000 400.733 -12783 -7.01804
689000 399.698 -12728.8 4.78117
690000 398.936 -12736.2 3.08567
691000 399.83 -12725.5 10.8737
692000 399.812 -12725.2 0.378967
693000 397.863 -12760.1 -1.76822
694000 400.066 -12805.8 2.55915
695000 402.501 -12703.5 0.167703
696000 399.261 -12736.8 7.42812
697000 399.406 -12819.1 4.71509
698000 399.508 -12800.2 -4.04367
699000 400.305 -12767.4 4.04008
700000 398.512 -12809 -2.4759
701000 400.251 -12788.2 -7.62025
702000 399.654 -12813.2 7.86524
703000 399.234 -12779.2 -10.0499
704000 400.026 -12816.5 18.3271
705000 399.534 -12847.3 8.63366
706000 401.766 -12797.1 12.1159
707000 399.593 -12797.8 -4.72929
708000 400.952 -12756.8 -0.572941
709000 400.705 -12756.8 1.70785
710000 401.947 -12750.8 -12.1786
711000 399.056 -12782.5 4.18975
712000 399.15 -12791.3 -1.02981
713000 402.808 -12746.7 2.04093
714000 401.549 -12677.3 3.89365
715000 397.73 -12839 0.404111
716000 401.397 -12759.5 -2.1437
717000 399.194 -12779.5 -5.10331
718000 400.885 -12784.3 -2.38669
719000 400.859 -12785.6 5.07503
720000 400.273 -12818.1 -1.7525
721000 400.252 -12829.7 0.374066
722000 400.268 -12739.2 10.7883
723000 402.34 -12716.4 -5.46488
724000 399.73 -12783.6 -5.60406
725000 402.108 -12768.8 -0.46622
726000 398.377 -12785.1 10.6675
727000 401.019 -12704.9 -2.49649
728000 400.244 -12686.8 -0.635798
729000 398.939 -12744.2 0.776426
730000 399.566 -12791.1 -5.23297
731000 401.118 -12756.4 9.10145
732000 399.566 -12741.4 -8.28235
733000 399.348 -12786.7 -8.09098
734000 400.678 -12800.9 4.50807
735000 398.849 -12758.5 -7.6713
736000 400.773 -12728.2 -3.8452
737000 399.063 -12828.8 -0.45421
738000 398.817 -12780.7 17.0747
739000 396.549 -12821.9 -9.8146
740000 399.625 -12731.5 4.65268
741000 397.568 -12799.9 10.3676
742000 400.163 -12828.3 1.00544
743000 398.36 -12815.3 -11.3472
744000 398.767 -12830.5 2.96467
745000 401.05 -12787.9 10.2943
746000 400.192 -12774.3 7.62903
747000 399.787 -12810.9 3.80737
748000 400.414 -12758 -13.2908
749000 401.015 -12756.9 9.35912
750000 400.253 -12827 11.0669
751000 401.504 -12756.7 -8.63243
752000 401.593 -12678.2 5.35937
753000 399.47 -12843.6 -3.69762
754000 401.51 -12761.9 7.41223
755000 399.006 -12776.3 -5.06385
756000 401.651 -12758.9 3.098
757000 399.126 -12787.1 4.921
758000 399.558 -12756.1 6.67532
759000 398.29 -12752.1 -1.71616
760000 399.449 -12747.7 -4.48966
761000 398.842 -12827.2 7.99172
762000 401.14 -12746 10.7347
763000 400.424 -12742.2 1.58505
764000 401.802 -12681.6 5.00589
765000 396.811 -12842.5 1.46583
766000 398.154 -12763 -2.47572
767000 399.375 -12798.6 11.7315
768000 401.141 -12724.7 -15.0982
769000 400.866 -12769.5 7.99683
770000 402.08 -12825.1 -1.82757
771000 399.294 -12848.2 10.4458
772000 399.703 -12747 1.35731
773000 398.757 -12746.4 8.88819
774000 398.57 -12825.7 -1.66768
775000 400.159 -12783.7 -5.44824
776000 395.777 -12821.4 -3.27499
777000 401.14 -12817.5 9.44605
778000 399.942 -12785.8 0.746738
779000 402.365 -12725.3 -2.36351
780000 399.921 -12768.7 0.873107
781000 403.278 -12667.9 5.14201
782000 400.57 -12779.4 10.5079
783000 398.997 -12836.2 6.8087
784000 399.143 -12788.6 -5.05608
785000 399.122 -12797.2 9.30657
786000 399.341 -12811.8 -10.6511
787000 398.12 -12828.3 -7.17659
788000 398.544 -12789.5 20.4729
789000 402.706 -12738.7 -14.7281
790000 398.983 -12889.6 4.8945
791000 399.95 -12719.9 3.05083
792000 400.965 -12712.5 12.684
793000 397.458 -12763.1 -11.8545
794000 402.961 -12774.2 -0.507853
795000 399.21 -12750.7 -1.84415
796000 400.761 -12761 4.26222
797000 403.335 -12686 -13.9643
798000 398.619 -12777.8 17.503
799000 401.843 -12713.3 -18.8234
800000 400.319 -12718.4 8.42952
801000 400.242 -12759.3 11.1709
802000 399.445 -12857.5 -4.8492
803000 400.756 -12779.5 -6.26836
804000 400.014 -12753.3 -7.65428
805000 400.773 -12721.3 11.2624
806000 398.001 -12774.9 6.19081
807000 400.978 -12740.1 -2.45099
808000 399.318 -12763.5 -11.5214
809000 399.099 -12795.5 12.1268
810000 400.59 -12768.2 2.87494
811000 402.883 -12742.6 5.04989
812000 398.574 -12751.1 10.0228
813000 398.45 -12797.9 5.53369
814000 400.241 -12866.5 -16.8115
815000 399.583 -12799.7 12.8378
816000 399.075 -12793.6 -5.07089
817000 403.041 -12700.2 -4.60921
818000 398.766 -12758.5 4.89887
819000 401.859 -12703.9 -1.14945
820000 399.638 -12702.5 -0.863664
821000 403.254 -12640.3 -1.43618
822000 399.381 -12749.9 -12.3762
823000 401.267 -12718.5 33.3151
824000 401.306 -12763.9 -15.477
825000 401.393 -12762.7 1.24095
826000 400.797 -12768 6.97389
827000 400.595 -12742.7 -3.83131
828000 401.231 -12778 -5.51488
829000 398.116 -12759.5 9.60602
830000 399.249 -12788.3 -17.4392
831000 399.845 -12805 6.90171
832000 400.626 -12818.4 -6.16794
833000 397.722 -12790.1 11.3038
834000 401.697 -12728.4 -2.07804
835000 399.382 -12784.8 5.97676
836000 399.835 -12773.2 13.1824
837000 400.22 -12844.9 -6.55794
838000 400.949 -12757.2 -2.65775
839000 398.927 -12814.4 13.3384
840000 401.43 -12756.8 -2.24754
841000 397.437 -12831.1 4.39748
842000 400.767 -12730.6 -1.06532
843000 399.481 -12754.6 -3.50798
844000 399.663 -12785.9 -7.51276
845000 398.19 -12840.4 6.97404
846000 400.109 -12787.3 9.98279
847000 399.231 -12787.6 -0.509066
848000 400.35 -12775.7 11.5176
849000 398.835 -12793.9 3.93079
850000 399.799 -12753.3 -1.88951
851000 401.586 -12806.1 -2.00524
852000 400.244 -12811.8 -7.6104
853000 402.025 -12643 10.5853
854000 398.612 -12754.4 6.16798
855000 399.267 -12705.9 -9.18244
856000 403.327 -12711.3 5.58208
857000 400.027 -12761.1 3.44284
858000 399.309 -12818.4 2.12541
859000 401.653 -12707.4 -0.661237
860000 400.288 -12791 9.90233
861000 396.677 -12829.1 -0.615647
862000 399.824 -12754.2 0.625021
863000 400.003 -12699.4 1.87832
864000 399.583 -12749.3 1.63362
865000 399.707 -12797.2 2.19971
866000 399.893 -12772.5 -2.54028
867000 401.259 -12796.9 4.11724
868000 399.208 -12737.1 -4.66237
869000 402.35 -12678.4 20.7425
870000 397.911 -12796.7 -0.984837
871000 399.372 -12738.9 -7.8217
872000 400.586 -12766.1 9.79054
873000 399.273 -12728.7 1.55962
874000 400.797 -12685.7 -11.1325
875000 399.195 -12755 12.758
876000 399.795 -12833.3 -5.38915
877000 399.907 -12797.2 15.819
878000 399.643 -12785.1 -3.72105
879000 400.711 -12788.1 2.40897
880000 401.321 -12763.6 1.35891
881000 401.186 -12749.6 -7.24957
882000 400.894 -12736.8 11.1003
883000 399.773 -12774 -16.037
884000 399.384 -12743.3 9.67042
885000 399.027 -12803.1 1.88342
886000 400.651 -12751.6 1.5191
887000 400.383 -12698.6 1.48509
888000 401.952 -12741.7 -7.78421
889000 402.043 -12640.3 2.16411
890000 398.982 -12787.5 -5.88688
891000 399.299 -12741.1 7.90814
892000 397.815 -12791.2 2.62315
893000 399.047 -12779.5 11.0607
894000 399.649 -12799.5 -0.271491
895000 398.166 -12701.6 -5.32086
896000 399.548 -12779.4 9.94914
897000 397.545 -12800.4 5.49757
898000 401.244 -12786.1 8.64556
899000 397.988 -12807.1 6.36384
900000 400.303 -12821.1 -5.05069
901000 401.99 -12708.2 0.786921
902000 400.126 -12754.6 5.97849
903000 401.09 -12710.6 -8.71753
904000 398.397 -12729.3 15.0293
905000 401.121 -12784.6 -21.3127
906000 400.118 -12770.5 7.25291
907000 399.276 -12782.6 6.48456
908000 401.268 -12735.9 9.89055
909000 400.399 -12763 -10.4592
910000 401.317 -12775.7 -10.1383
911000 399.88 -12816.4 17.3566
912000 400.015 -12734.2 2.66969
913000 400.958 -12672.9 9.94701
914000 400.38 -12701.6 11.0946
915000 401.177 -12731.1 -8.62715
916000 400.187 -12789 7.50871
917000 403.029 -12776.7 8.83157
918000 399.054 -12745.6 -7.26132
919000 402.158 -12737.9 6.93897
920000 399.355 -12810.6 1.16739
921000 397.154 -12914 -10.5992
922000 400.315 -12838.7 -12.0672
923000 399.693 -12824 13.1659
924000 402.822 -12746.1 -13.566
925000 400.106 -12757.9 -0.152764
926000 399.169 -12750.7 7.32366
927000 399.423 -12796.6 -14.2308
928000 398.622 -12754.7 9.89156
929000 402.384 -12697.3 -2.45204
930000 398.673 -12812.1 -2.71283
931000 400.321 -12705.3 2.63165
932000 400.701 -12712.6 2.07987
933000 400.273 -12682.3 -2.60529
934000 399.105 -12796.3 5.42945
935000 399.163 -12804.1 3.50229
936000 400.67 -12742.3 -2.45236
937000 402.398 -12679.4 -3.67255
938000 400.724 -12692.8 0.981927
939000 399.375 -12769.8 -1.47479
940000 402.005 -12721.1 -10.6908
941000 398.426 -12805.6 5.62543
942000 398.706 -12782 6.63582
943000 398.818 -12792.9 13.3473
944000 398.941 -12794.3 -7.76698
945000 400.754 -12798.1 6.06602
946000 397.144 -12773.4 -2.84747
947000 402.248 -12693.9 5.50417
948000 399.276 -12782.1 7.79676
949000 403.347 -12712.9 6.47668
950000 401.564 -12706.3 -5.98239
951000 401.546 -12751.2 11.1592
952000 397.073 -12797.6 -5.69192
953000 399.296 -12812 1.6293
954000 398.135 -12872.2 9.1081
955000 401.497 -12787.3 -19.9564
956000 397.357 -12860.9 7.49778
957000 400.235 -12793.7 11.8892
958000 399.673 -12723.9 -5.55692
959000 400.352 -12731.8 4.67259
960000 401.26 -12750.6 -0.758122
961000 400.37 -12773.5 3.72644
962000 399.559 -12772.2 5.34481
963000 403.073 -12690.6 9.86873
964000 399.502 -12795.3 3.38914
965000 398.054 -12766.9 -7.21895
966000 398.971 -12849.1 10.5048
967000 398.046 -12819.4 4.08616
968000 399.295 -12758.7 8.3212
969000 399.798 -12756.6 -14.6234
970000 396.874 -12838.3 -9.51494
971000 399.929 -12816.4 14.6091
972000 399.691 -12795.8 -13.7947
973000 401.013 -12769 2.82624
974000 399.669 -12770.8 5.17594
975000 398.896 -12732.9 13.7625
976000 401.272 -12726.2 2.15883
977000 399.661 -12815.7 -10.3045
978000 402.421 -12734.7 5.42454
979000 399.454 -12757.9 2.68383
980000 401.116 -12739.5 8.99576
981000 399.34 -12715.1 -4.04288
982000 399.978 -12841.5 -5.66524
983000 401.371 -12800.5 10.3746
984000 401.862 -12724 -14.9161
985000 397.895 -12829.5 1.07863
986000 401.222 -12754.1 10.1405
987000 397.432 -12828.9 -2.64616
988000 399.277 -12839.3 -14.3957
989000 401.924 -12804.9 20.5908
990000 400.9 -12714.3 2.92599
991000 398.814 -12833.2 -5.18205
992000 399.145 -12819.2 -12.4277
993000 400.991 -12757.3 6.90583
994000 400.135 -12748.5 9.95478
995000 399.901 -12697.1 -9.00642
996000 398.301 -12827.3 13.3994
997000 401.486 -12769.8 7.74282
998000 398.753 -12750.7 -6.15062
999000 399.326 -12719.1 14.395
1000000 399.643 -12795.3 -0.199079
1001000 400.016 -12757.8 -0.0201594
1002000 396.787 -12825.9 -1.32922
1003000 399.982 -12796.4 13.1566
1004000 398.635 -12827.4 5.16125
1005000 400.001 -12803.6 -2.62724
1006000 399.203 -12792.5 -0.850905
1007000 399.626 -12766.2 -4.19145
1008000 400.826 -12744 12.5187
1009000 399.478 -12759.4 -12.5832
1010000 402.255 -12730.7 -10.8846
1011000 400.474 -12803.6 9.58663
1012000 399.99 -12764.2 2.06874
1013000 401.013 -12720.1 5.67089
1014000 399.207 -12734 1.09111
1015000 401.12 -12809.3 -5.45241
1016000 398.201 -12847.3 1.72698
1017000 397.921 -12856.5 13.2674
1018000 399.219 -12808 -11.0249
1019000 399.843 -12719.1 -2.08973
1020000 402.611 -12696.4 5.75965
1021000 402.151 -12722.7 -1.45678
1022000 401.192 -12762.8 4.64596
1023000 402.595 -12756 5.98781
1024000 401.227 -12687.5 -2.32537
1025000 398.214 -12816.1 11.7913
1026000 400.345 -12800 3.67461
1027000 401.28 -12732.9 -6.38158
1028000 397.73 -12847.9 -3.99276
1029000 398.513 -12781.7 -0.0772314
1030000 402.165 -12773.1 3.31113
1031000 397.239 -12849.1 -17.1398
1032000 398.94 -12753.8 1.30337
1033000 400.603 -12739.3 -1.3612
1034000 402.779 -12726.7 -7.7396
1035000 399.398 -12783.2 1.43814
1036000 396.02 -12839 10.8089
1037000 398.827 -12806.5 14.7402
1038000 401.461 -12732.8 -5.67437
1039000 400.67 -12790.9 1.11807
1040000 398.994 -12883.5 -1.04998
1041000 400.171 -12775.3 12.4184
1042000 399.702 -12808 2.04974
1043000 398.827 -12785.7 1.09886
1044000 398.757 -12781.1 7.14064
1045000 401.935 -12670 -7.88403
1046000 401.099 -12806.7 -2.52715
1047000 399.11 -12807.7 15.2104
1048000 401.678 -12741.9 6.37956
1049000 399.83 -12720.6 0.103213
1050000 403.533 -12717.5 2.52173
1051000 400.689 -12767.6 3.17499
1052000 400.587 -12740.5 -0.0266906
1053000 399.94 -12787.6 -3.13971
1054000 397.976 -12791.2 17.9565
1055000 400.667 -12768.6 -0.319538
1056000 400.492 -12770.1 10.0085
1057000 401.251 -12746.1 -1.15408
1058000 398.706 -12777.8 -3.61078
1059000 398.774 -12834.5 0.00519551
1060000 399.341 -12814.5 12.4639
1061000 402.998 -12703.1 0.536677
1062000 402.712 -12724.3 17.9101
1063000 400.321 -12765.1 -14.5441
1064000 400.492 -12779.5 9.04822
1065000 397.451 -12790.6 6.10488
1066000 400.829 -12768.3 12.6513
1067000 400.533 -12747.5 -1.62217
1068000 399.253 -12736 -3.58452
1069000 398.254 -12749.8 -10.4092
1070000 399.531 -12753.6 16.2395
1071000 398.692 -12805.9 -6.17545
1072000 400.285 -12791.1 -1.96356
1073000 399.377 -12775 6.54909
1074000 403.175 -12673.8 -0.619639
1075000 400.802 -12760.3 -3.17566
1076000 399.162 -12757.6 0.658239
1077000 402.645 -12748.6 3.23103
1078000 401.672 -12749.7 2.45011
1079000 400.749 -12783.2 5.11439
1080000 399.188 -12756.4 -3.96713
1081000 401.84 -12747.3 18.4288
1082000 400.149 -12711.9 -8.82512
1083000 402.024 -12730.6 3.55011
1084000 401.351 -12712.5 -5.20159
1085000 400.255 -12728.2 -2.45823
1086000 398.784 -12733.9 0.573552
1087000 396.578 -12790.1 1.87428
1088000 402.818 -12706.5 10.0914
1089000 397.302 -12869.3 0.513129
1090000 401.433 -12733.6 9.38232
1091000 399.775 -12768.3 -3.8323
1092000 401.301 -12793.1 3.95146
1093000 398.609 -12828.8 2.47908
1094000 399.856 -12711.1 -1.66349
1095000 400.014 -12752.5 -0.342919
1096000 400.931 -12734.1 6.5541
1097000 401.977 -12723.9 -8.10192
1098000 398.184 -12808.1 1.1348
1099000 396.893 -12771.1 12.1009
1100000 401.799 -12754.2 -1.83386
1101000 399.775 -12737.2 6.14844
1102000 398.853 -12811.2 4.64237
1103000 400.794 -12751.2 -7.01905
1104000 399.76 -12766 1.76556
1105000 400.568 -12788.2 -5.26352
1106000 399.762 -12818 -2.57946
1107000 397.36 -12782 6.79573
1108000 399.745 -12737.2 13.3561
1109000 399.474 -12792 -4.67072
1110000 398.758 -12853.9 19.588
1111000 400.996 -12817.5 8.96667
1112000 401.22 -12789.8 -4.08512
1113000 397.645 -12800.5 5.45918
1114000 399.306 -12807.8 -1.2369
1115000 400.379 -12807.2 -4.59697
1116000 401.991 -12732.6 -0.717239
1117000 398.178 -12708.2 2.07896
1118000 402.374 -12695.3 0.727626
1119000 399.325 -12757.6 5.02954
1120000 400.006 -12733.7 -8.8491
1121000 399.017 -12733.6 7.58146
1122000 401.197 -12681.2 3.19487
1123000 400.446 -12790.7 9.01401
1124000 401.622 -12779.6 -10.4186
1125000 399.461 -12781.4 13.7712
1126000 399.148 -12764.1 -6.2686
1127000 398.563 -12784.7 -3.69895
1128000 399.308 -12785.4 9.51341
1129000 397.555 -12859.6 -2.39087
1130000 400.229 -12755 -4.89387
1131000 395.919 -12783 7.19306
1132000 399.82 -12774.9 1.05588
1133000 398.935 -12749.4 -5.56934
1134000 402.98 -12767.8 6.28499
1135000 400.881 -12722.2 4.46279
1136000 399.94 -12766.4 12.3648
1137000 401.28 -12771.6 0.566383
1138000 399.594 -12734.9 -10.5765
1139000 400.109 -12762.8 18.4658
1140000 401.798 -12704.9 -12.3416
1141000 399.745 -12758 13.9651
1142000 397.057 -12744.8 -1.92551
1143000 402.073 -12705.7 15.3566
1144000 399.323 -12699.7 -4.80617
1145000 399.585 -12821.3 1.31495
1146000 400.586 -12748.6 13.13
1147000 397.998 -12790.1 -7.40784
1148000 400.612 -12779.6 -4.56958
1149000 402.834 -12705 0.54857
1150000 398.982 -12731.7 -0.0793918
1151000 399.262 -12782.6 -0.924243
1152000 399.443 -12773 13.6827
1153000 400.483 -12770 -10.5581
1154000 399.349 -12748.1 7.49835
1155000 399.374 -12792.5 6.40845
1156000 400.668 -12750 2.58623
1157000 401.386 -12750.4 13.0986
1158000 398.66 -12793.7 -5.64837
1159000 401.275 -12741 8.05306
1160000 400.133 -12788.4 -9.2241
1161000 400.584 -12723.7 1.28056
1162000 400.404 -12803.3 9.92592
1163000 398.788 -12802.7 -13.8718
1164000 398.565 -12778.5 4.55697
1165000 398.999 -12807.9 4.07916
1166000 400.323 -12762.2 -5.79574
1167000 398.947 -12756.1 -7.96431
1168000 401.806 -12735 -16.6707
1169000 402.578 -12748.8 6.29037
1170000 402.931 -12726 -8.78224
1171000 400.567 -12775.9 13.9005
1172000 402.39 -12723.5 -7.76934
1173000 398.357 -12809.6 -8.30728
1174000 395.724 -12924.6 10.0448
1175000 397.387 -12803.6 -8.58559
1176000 401.872 -12760.6 1.54538
1177000 400.932 -12802.4 2.5761
1178000 400.284 -12757.2 5.09471
1179000 401.443 -12751.9 2.46124
1180000 402.137 -12786.5 -3.09064
1181000 400.262 -12802.3 -3.01716
1182000 398.077 -12785.5 18.1649
1183000 400.401 -12764.4 -16.1884
1184000 400.836 -12744.6 4.90335
1185000 400.256 -12766.6 -4.73558
1186000 400.139 -12756 21.2177
1187000 401.036 -12759.3 -7.10788
1188000 400.645 -12762.2 -4.00137
1189000 400.981 -12805.7 6.32072
1190000 399.104 -12740.8 -1.74498
1191000 399.214 -12790.9 -0.0833127
1192000 400.2 -12785.2 0.908297
1193000 400.508 -12732.5 -1.081
1194000 399.023 -12760.3 1.22356
1195000 400.777 -12792.3 -0.0773624
1196000 400.354 -12752.7 0.637884
1197000 400.706 -12761.8 -4.71286
1198000 400.625 -12781.1 -1.94233
1199000 400.361 -12775.5 5.34313
1200000 399.32 -12820.5 -5.56377
1201000 400.099 -12746.3 0.756961
1202000 398.266 -12799.2 12.3701
1203000 400.704 -12741.4 -2.49471
1204000 399.008 -12804 12.5461
1205000 399.342 -12808.8 16.2248
1206000 402.448 -12676.5 9.58435
1207000 397.437 -12780.1 0.123618
1208000 399.438 -12796.5 1.22147
1209000 400.173 -12752.3 -0.896384
1210000 399.99 -12726.1 -3.16004
1211000 399.317 -12813.2 6.63948
1212000 400.488 -12746.3 -10.4185
1213000 399.287 -12746.4 -1.90695
1214000 399.353 -12804.1 12.2662
1215000 400.806 -12810.6 1.07801
1216000 399.176 -12869.5 -1.78178
1217000 399.563 -12759.2 6.50536
1218000 399.699 -12768.3 -7.25915
1219000 400.219 -12839.9 -6.64093
1220000 398.94 -12761.7 3.13389
1221000 400.441 -12725.6 14.0161
1222000 397.839 -12805.4 -23.5573
1223000 401.453 -12763.9 10.4666
1224000 403.003 -12668.6 -2.65528
1225000 399.565 -12732.1 9.97039
1226000 402.945 -12748.6 5.85596
1227000 399.745 -12782.5 3.23093
1228000 400.693 -12741 2.57589
1229000 400.959 -12784.2 -3.53478
1230000 402.436 -12691.4 1.57651
1231000 401.527 -12757.5 2.43389
1232000 399.01 -12827.1 5.30649
1233000 400.714 -12806.3 -7.23489
1234000 398.327 -12764.6 0.65109
1235000 399.054 -12783.2 9.93236
1236000 398.144 -12786.3 14.5562
1237000 400.752 -12750 4.37844
1238000 401.52 -12715 -1.70866
1239000 398.661 -12782.1 -6.62205
1240000 401.336 -12747.8 -1.76372
1241000 401.887 -12697.5 22.9885
1242000 399.827 -12739.3 0.0847316
1243000 398.024 -12788.7 6.10784
1244000 400.304 -12799.8 0.362059
1245000 401.335 -12795.4 -3.36207
1246000 397.956 -12731.3 -8.15708
1247000 399.455 -12701.9 13.0791
1248000 401.34 -12726.8 -4.40549
1249000 398.238 -12830.2 15.9704
1250000 402.451 -12697.3 2.369
1251000 401.057 -12711.9 0.618282
1252000 399.401 -12768.5 -11.333
1253000 402.38 -12716.7 26.9812
1254000 399.409 -12794 -5.02725
1255000 400.121 -12708.4 -6.48704
1256000 401.391 -12783.9 8.28301
1257000 399.689 -12795.8 -0.383936
1258000 401.971 -12733 0.0464749
1259000 402.272 -12695.2 0.204989
1260000 398.033 -12771.3 2.68464
1261000 398.653 -12823.5 7.54899
1262000 397.073 -12778.8 -7.79765
1263000 399.18 -12820 12.3121
1264000 401.11 -12732.9 -2.60154
1265000 400.501 -12765.7 6.71439
1266000 403.585 -12734 -1.48023
1267000 399.259 -12811.1 3.1879
1268000 399.752 -12757.8 2.08228
1269000 399.574 -12793.5 5.52717
1270000 399.307 -12794.7 -4.65468
1271000 400.158 -12829.4 14.3676
1272000 399.366 -12726.7 -2.21323
1273000 398.681 -12750.3 5.46923
1274000 397.336 -12842.3 11.3482
1275000 400.211 -12745.5 -4.14905
1276000 396.819 -12791.9 11.3489
1277000 398.782 -12803.4 3.00352
1278000 398.223 -12807.1 -5.97793
1279000 400.486 -12794.4 0.809627
1280000 399.295 -12732.6 -1.69288
1281000 400.012 -12777.4 -19.8934
1282000 403.576 -12709.8 -7.60812
1283000 399.025 -12888.4 -0.0152255
1284000 402.159 -12801.1 10.1176
1285000 397.097 -12819.5 11.1662
1286000 398.976 -12787 14.7796
1287000 402.982 -12729.5 -18.5714
1288000 403.124 -12706 4.61662
1289000 398.803 -12791.7 -3.93752
1290000 397.88 -12785.4 -5.78601
1291000 402.707 -12717.8 5.87863
1292000 399.879 -12760.9 18.0078
1293000 400.032 -12771.5 4.10048
1294000 400.325 -12814.3 -2.33773
1295000 401.277 -12794.5 -2.66525
1296000 400.154 -12815.6 -8.02525
1297000 400.294 -12752 -4.49312
1298000 398.913 -12688.9 27.16
1299000 401.845 -12775.1 -13.785
1300000 400.629 -12725.8 7.05958
1301000 401.793 -12704.9 8.13223
1302000 398.539 -12800.4 2.56583
1303000 398.431 -12782.1 4.04868
1304000 400.787 -12828.1 4.69184
1305000 399.89 -12788.8 9.40168
1306000 400.752 -12803.4 3.02324
1307000 399.491 -12735.2 17.5086
1308000 400.42 -12727.7 -16.2071
1309000 398.156 -12842.3 0.960301
1310000 398.384 -12815.1 12.7576
1311000 397.315 -12823.1 -0.568723
1312000 398.653 -12790.5 5.06122
1313000 400.839 -12781.1 -11.6269
1314000 400.126 -12810.5 18.2937
1315000 400.599 -12850.2 -2.06364
1316000 400.363 -12786.3 -2.78348
1317000 400.198 -12780.1 8.57115
1318000 399.935 -12765.9 8.05393
1319000 401.471 -12718 10.9924
1320000 400.536 -12693.6 -8.52345
1321000 399.015 -12798.5 0.630661
1322000 400.507 -12767.9 0.499234
1323000 400.553 -12773.4 2.85731
1324000 400.792 -12768.2 16.25
1325000 401.425 -12695 -28.1721
1326000 401.453 -12738.9 -0.742567
1327000 399.695 -12784.2 6.63836
1328000 399.159 -12729.3 -2.46474
1329000 401.168 -12704.6 -8.81745
1330000 397.376 -12810.7 -8.18232
1331000 399.908 -12808.9 12.5073
1332000 400.171 -12744.5 8.80548
1333000 400.282 -12764.4 -10.3818
1334000 401.11 -12721.5 -22.6792
1335000 400.886 -12715.8 12.9358
1336000 401.651 -12728.3 -0.728815
1337000 399.324 -12815.2 4.1547
1338000 399.974 -12852.6 -5.65968
1339000 402.69 -12707.6 -4.30306
1340000 400.979 -12727.1 8.62975
1341000 400.385 -12805.7 -12.7931
1342000 400.583 -12797 -7.12519
1343000 399.28 -12794.4 0.601776
1344000 399.644 -12806.6 -11.5313
1345000 399.671 -12838.2 10.0104
1346000 401.058 -12707.4 -6.81602
1347000 399.815 -12756.1 -2.54157
1348000 398.96 -12751.6 3.29443
1349000 398.681 -12774.4 -13.8608
1350000 402.074 -12738.3 -3.45914
1351000 403.049 -12659.8 11.0872
1352000 400.206 -12783.9 -8.142
1353000 399 -12742.7 8.75952
1354000 400.269 -12759.3 4.50594
1355000 399.713 -12746.6 -4.20593
1356000 403.453 -12665 -6.62805
1357000 400.124 -12736.7 0.0988111
1358000 398.926 -12805.1 12.5866
1359000 401.623 -12743.4 -6.58785
1360000 400.303 -12790.6 16.2359
1361000 399.297 -12849.6 -7.41977
1362000 399.108 -12736 7.99318
1363000 401.637 -12738.6 -7.42963
1364000 398.76 -12704.4 -1.81643
1365000 399.492 -12782.4 16.2846
1366000 398.267 -12791.5 -6.4447
1367000 400.159 -12750.2 0.276907
1368000 399.332 -12747.3 -5.00135
1369000 402.321 -12801.5 1.27448
1370000 397.636 -12849.3 12.2295
1371000 397.719 -12829.5 -8.0037
1372000 399.175 -12759.6 3.3775
1373000 398.715 -12749.5 2.47281
1374000 400.64 -12801 2.92414
1375000 399.416 -12756.9 -4.98876
1376000 399.057 -12753 8.67867
1377000 400.853 -12742 -9.81205
1378000 398.293 -12747.1 2.55928
1379000 398.979 -12812.6 10.9827
1380000 400.073 -12701.9 15.0612
1381000 401.349 -12721.8 -16.0539
1382000 401.071 -12726.4 3.46379
1383000 400.074 -12812.9 -1.06787
1384000 399.697 -12719.4 1.82043
1385000 401.102 -12721.8 -1.84207
1386000 401.044 -12733.7 10.4351
1387000 400.172 -12770.9 -3.94225
1388000 397.655 -12834.8 13.4183
1389000 401.721 -12738.4 -3.96999
1390000 400.145 -12773.3 2.39279
1391000 401.67 -12766.4 2.67028
1392000 398.731 -12808.1 -5.23641
1393000 398.068 -12787 3.96115
1394000 401.346 -12738.4 0.304017
1395000 400.565 -12770.3 4.07987
1396000 400.816 -12783 -13.9955
1397000 398.456 -12734.4 3.12701
1398000 399.272 -12791.7 -6.75757
1399000 401.565 -12768.4 8.95123
1400000 400.732 -12788.4 -4.53334
1401000 401.503 -12797 -7.17653
1402000 398.354 -12845.2 -0.0338852
1403000 397.828 -12844.2 -3.09101
1404000 401.054 -12722.4 4.18225
1405000 401.29 -12777.1 -4.79562
1406000 398.028 -12784.3 11.5419
1407000 397.091 -12779 -1.11315
1408000 399.149 -12781.5 6.18571
1409000 399.06 -12713.5 2.55833
1410000 401.514 -12743.7 -3.02017
1411000 399.231 -12761.4 4.87545
1412000 400.988 -12741.1 2.54699
1413000 399.977 -12697.3 -6.21114
1414000 402.668 -12736.1 7.62523
1415000 400.08 -12807.9 9.49253
1416000 397.312 -12828.8 0.244398
1417000 399.276 -12777.5 -4.54259
1418000 400.846 -12778.5 2.8281
1419000 401.392 -12733.4 14.7234
1420000 398.466 -12799.9 -4.49729
1421000 400.712 -12724.8 5.41792
1422000 399.158 -12768.9 -3.54089
1423000 400 -12771.8 11.0764
1424000 399.318 -12806.4 -17.0002
1425000 398.374 -12770.7 5.26337
1426000 401.262 -12722.5 -4.36823
1427000 400.265 -12725.6 9.30962
1428000 400.67 -12767.7 -1.18499
1429000 399.201 -12758.2 -12.9324
1430000 402.222 -12772.8 -1.95122
1431000 401.569 -12834.2 1.94284
1432000 399.04 -12794.8 1.46415
1433000 398.595 -12800.5 8.57123
1434000 400.619 -12800 -1.79476
1435000 401.802 -12778.6 12.7833
1436000 399.71 -12806.6 7.11384
1437000 399.946 -12742.1 3.57199
1438000 397.886 -12767.3 4.67102
1439000 398.866 -12773.4 -1.79156
1440000 398.591 -12801.7 21.2841
1441000 400.922 -12788.8 1.62655
1442000 399.462 -12793.9 11.7089
1443000 399.475 -12746 -4.72725
1444000 401.182 -12736.6 4.42502
1445000 399.729 -12746.2 -8.47148
1446000 397 -12837.9 8.76385
1447000 399.925 -12703.5 6.02104
1448000 402.066 -12778.7 -4.69459
1449000 400.775 -12804.7 5.22886
1450000 400.744 -12708.9 -3.06195
1451000 401.368 -12764.2 -1.21265
1452000 400.58 -12721.4 1.87474
1453000 396.314 -12799.2 -5.08942
1454000 400.017 -12723.2 9.39652
1455000 400.12 -12718.3 -8.79143
1456000 400.135 -12765.9 11.4047
1457000 401.885 -12742.6 -6.8439
1458000 398.527 -12769.7 11.2565
1459000 401.034 -12762.5 -3.7003
1460000 399.238 -12741.9 3.16958
1461000 398.213 -12823.2 -2.70871
1462000 399.051 -12832.7 15.1091
1463000 401.41 -12690.6 -4.38436
1464000 400.217 -12701.8 -0.00262771
1465000 400.351 -12757.4 -8.19553
1466000 399.936 -12780.1 8.38309
1467000 400.154 -12742.9 -0.313054
1468000 400.349 -12711.5 -10.1383
1469000 399.772 -12851.4 12.493
1470000 399.002 -12744.1 7.83825
1471000 401.903 -12705 -6.71395
1472000 399.304 -12818.9 4.29977
1473000 401.768 -12744.1 -4.88235
1474000 397.324 -12768.7 7.65935
1475000 399.318 -12781.5 1.25916
1476000 400.532 -12687.1 -0.902961
1477000 402.38 -12755.3 6.81466
1478000 400.388 -12774.4 -5.27421
1479000 399.691 -12772.3 -6.62607
1480000 398.81 -12729.6 15.9425
1481000 401.172 -12775.7 2.57197
1482000 399.783 -12809.4 5.14156
1483000 400.151 -12832.7 2.22807
1484000 399.605 -12771.8 -23.9386
1485000 398.357 -12813.9 9.37075
1486000 400.697 -12739.7 11.0712
1487000 398.878 -12785.1 0.794205
1488000 399.273 -12820.2 -9.05226
1489000 401.421 -12788.8 8.32872
1490000 401.352 -12722 17.5259
1491000 400.108 -12750.3 -4.1506
1492000 399.901 -12761.5 7.36418
1493000 400.649 -12760.4 -8.60718
1494000 398.531 -12767.3 -0.589223
1495000 399.503 -12772.5 5.31831
1496000 399.093 -12826 9.64121
1497000 401.246 -12753.7 8.83046
1498000 400.21 -12776.7 -8.15752
1499000 400.92 -12730.4 2.41227
1500000 399.577 -12754.9 2.90273
1501000 402.156 -12696.3 1.83785
1502000 399.67 -12743 5.12542
1503000 400.632 -12819.5 4.51973
1504000 400.544 -12778.3 -6.95713
1505000 400.496 -12791.2 -1.0913
1506000 399.835 -12762 -11.0048
1507000 400.648 -12728.2 -1.10844
1508000 399.688 -12729.1 14.5641
1509000 403.179 -12763 -9.87079
1510000 400.81 -12746 -6.77314
1511000 400.369 -12749.1 7.47263
1512000 395.724 -12821.6 0.0641354
1513000 399.576 -12766.3 12.3129
1514000 400.939 -12762.7 -4.12945
1515000 401.153 -12687 8.73666
1516000 401.835 -12720 -10.3157
1517000 400.398 -12757 -0.814321
1518000 400.244 -12791.9 5.75015
1519000 399.283 -12828.3 -5.71002
1520000 396.497 -12874 0.283088
1521000 399.817 -12760.9 4.79088
1522000 399.642 -12802.5 -3.6258
1523000 400.647 -12809.8 3.27819
1524000 399.76 -12848.3 10.1242
1525000 399.357 -12807.1 -13.2709
1526000 397.416 -12738 17.9606
1527000 402.395 -12768.3 16.2979
1528000 400.047 -12802.8 -0.178872
1529000 400.464 -12802.2 9.92645
1530000 400.92 -12802.9 -6.38316
1531000 402.665 -12753.9 2.23636
1532000 399.996 -12760.2 6.49761
1533000 400.409 -12772.5 17.4818
1534000 398.336 -12808.8 -8.6667
1535000 400.366 -12814.6 7.38305
1536000 398.492 -12791.5 -13.2495
1537000 402.245 -12754.4 3.67872
1538000 401.115 -12756.6 5.80342
1539000 399.539 -12813.7 2.97735
1540000 399.189 -12757.9 -0.96057
1541000 398.668 -12771.3 -5.82616
1542000 400.046 -12818.7 -0.390767
1543000 400.146 -12760.5 2.50819
1544000 398.99 -12808.6 4.71368
1545000 399.04 -12770.2 -2.28851
1546000 401.744 -12780.1 9.16304
1547000 401.156 -12748 -5.62913
1548000 400.249 -12771.6 9.58421
1549000 398.634 -12759.3 -13.8957
1550000 399.92 -12753.5 6.20219
1551000 400.018 -12730.6 2.5622
1552000 401.59 -12727.9 6.18404
1553000 399.47 -12766.1 4.42661
1554000 400.185 -12750.1 9.11649
1555000 397.671 -12825.6 0.483556
1556000 400.259 -12751.1 4.25825
1557000 401.926 -12692 -0.0242444
1558000 401.721 -12747 2.31891
1559000 398.083 -12811.7 5.05705
1560000 401.96 -12722 1.95824
1561000 402.07 -12724.5 4.34519
1562000 399.793 -12840.8 -4.11317
1563000 400.06 -12763.4 -0.489963
1564000 399.747 -12813.7 8.00944
1565000 398.777 -12743.1 -10.3635
1566000 397.174 -12780.6 -12.0816
1567000 400.07 -12829.4 4.83834
1568000 399.2 -12842.9 2.03456
1569000 401.671 -12778.2 -8.78865
1570000 402.646 -12729.1 10.7626
1571000 400.463 -12754.8 0.979449
1572000 399.961 -12790.5 4.68113
1573000 400.457 -12715.9 9.56709
1574000 399.278 -12687.1 -6.09776
1575000 402.087 -12692.9 -2.46672
1576000 399.076 -12830.7 5.42285
1577000 399.887 -12764.7 4.00757
1578000 399.447 -12858.6 2.52771
1579000 399.98 -12812.5 -2.43735
1580000 400.401 -12729.7 -3.34724
1581000 397.905 -12814.3 21.128
1582000 398.281 -12831.9 -4.7041
1583000 398.28 -12759.9 -16.1199
1584000 401.778 -12808.6 2.28559
1585000 399.226 -12791.3 10.1337
1586000 401.306 -12741.3 -6.77673
1587000 400.832 -12779.5 8.68695
1588000 401.553 -12782.2 7.15976
1589000 399.053 -12843.6 -13.8222
1590000 400.513 -12790.9 -2.5873
1591000 398.086 -12774 -2.24121
1592000 400.404 -12779 -5.83737
1593000 400.172 -12791 1.09738
1594000 398.716 -12790.7 1.03335
1595000 401.859 -12747.7 -16.164
1596000 401.209 -12737 9.02507
1597000 398.007 -12790.1 13.7964
1598000 399.944 -12783.1 -8.6836
1599000 398.513 -12851.2 -7.30594
1600000 401.042 -12722.6 4.62137
1601000 400.417 -12776.8 0.319259
1602000 402.632 -12726.1 -10.1585
1603000 396.805 -12714.6 5.08595
1604000 400.409 -12792.2 7.69055
1605000 400.485 -12782.2 -15.4023
1606000 401.631 -12741 13.1715
1607000 400.637 -12765.4 -14.5605
1608000 400.535 -12742.6 8.12712
1609000 400.06 -12740.8 17.331
1610000 401.948 -12726.7 -8.78053
1611000 399.974 -12750.2 3.28902
1612000 398.786 -12762.1 0.044136
1613000 399.421 -12744.5 -3.04351
1614000 400.419 -12809.4 19.6241
1615000 401.317 -12782.4 -3.67733
1616000 399.99 -12781.9 4.52744
1617000 402.532 -12767.8 -5.01025
1618000 399.922 -12815.9 -7.59325
1619000 401.083 -12708.4 12.2663
1620000 398.297 -12725.5 -0.15472
1621000 399.348 -12775.4 -1.22194
1622000 402.487 -12776.4 5.39176
1623000 400.56 -12727 -2.40485
1624000 400.969 -12725.3 2.25256
1625000 399.246 -12781 14.8602
1626000 398.938 -12839.1 -1.12289
1627000 399.76 -12792.5 6.35441
1628000 398.446 -12822.6 -7.20686
1629000 399.384 -12790.1 0.423389
1630000 398.401 -12830 11.4403
1631000 399.573 -12768.9 5.14439
1632000 399.649 -12716.5 -15.9271
1633000 400.773 -12724.6 24.1061
1634000 399.997 -12758.9 -6.86053
1635000 400.443 -12829.5 13.5758
1636000 399.332 -12808.7 -4.24608
1637000 400.723 -12722.3 3.78822
1638000 402.016 -12739.4 7.99263
1639000 400.06 -12759.6 4.38704
1640000 399.571 -12795.1 -6.32058
1641000 398.851 -12832 -3.88997
1642000 399.931 -12767.5 9.52487
1643000 402.082 -12754.3 -9.43703
1644000 400.249 -12761.6 -1.80098
1645000 399.879 -12770.1 -4.38953
1646000 398.287 -12770.4 14.5096
1647000 398.603 -12795.7 -2.62149
1648000 401.548 -12710.5 4.26874
1649000 400.685 -12763 -14.7068
1650000 400.015 -12784.6 9.09199
1651000 401.188 -12765.3 -14.316
1652000 401.229 -12707.7 7.54131
1653000 401.139 -12786.6 -4.54714
1654000 398.484 -12863.3 10.2853
1655000 398.586 -12787.9 -10.1499
1656000 402.018 -12745.4 -3.8039
1657000 400.185 -12722.8 9.97852
1658000 397.101 -12807.7 9.33901
1659000 400.683 -12786.8 -6.14821
1660000 400.778 -12746.2 1.25443
1661000 398.779 -12839 11.0114
1662000 399.258 -12792.7 -1.12943
1663000 398.082 -12828.7 -8.94522
1664000 402.084 -12710.9 6.08402
1665000 400.578 -12784.6 -6.52064
1666000 399.242 -12773.2 5.84702
1667000 400.496 -12836.9 -5.64139
1668000 402.147 -12822.3 -5.54488
1669000 398.735 -12762.5 14.2421
1670000 401.967 -12781.7 -3.11305
1671000 398.433 -12755.6 0.153843
1672000 400.517 -12819.4 4.19991
1673000 399.947 -12824.1 -0.0241346
1674000 399.385 -12745.4 8.9858
1675000 402.312 -12713.8 10.9613
1676000 398.933 -12797.4 -3.01848
1677000 400.512 -12791.2 -13.024
1678000 399.643 -12782 12.4935
1679000 401.127 -12736.3 -5.27921
1680000 401.041 -12778.3 0.683675
1681000 402.093 -12798.5 14.6271
1682000 398.427 -12787.1 8.47798
1683000 397.845 -12811.6 8.60198
1684000 399.302 -12779 -12.1036
1685000 397.714 -12804.9 3.64333
1686000 401.032 -12756.8 6.3364
1687000 400.579 -12715.8 -8.89846
1688000 399.754 -12684 6.74879
1689000 400.116 -12682.5 2.33321
1690000 400.264 -12769.8 -1.15329
1691000 397.516 -12751.5 9.72124
1692000 401.914 -12797 -6.82444
1693000 400.255 -12753.8 13.398
1694000 399.428 -12683.8 -4.57081
1695000 400.145 -12767.1 -6.96106
1696000 397.213 -12776.6 5.60241
1697000 397.519 -12829.5 0.392309
1698000 399.866 -12767 7.58554
1699000 397.791 -12774 3.17554
1700000 399.814 -12798.6 12.6697
1701000 403.675 -12711.8 1.65206
1702000 401.039 -12798.9 -10.0128
1703000 400.001 -12778.3 0.772835
1704000 398.461 -12785.5 0.855478
1705000 402.28 -12740.1 6.13481
1706000 398.362 -12762.6 -0.0680384
1707000 398.078 -12796.9 -1.41014
1708000 401.457 -12766.1 2.04718
1709000 400.856 -12740.8 0.607118
1710000 398.237 -12701.5 13.3176
1711000 398.447 -12790.9 -3.96423
1712000 398.712 -12802.9 16.3481
1713000 399.936 -12805.7 -3.44362
1714000 399.611 -12779.3 1.80027
1715000 398.526 -12815.6 3.3205
1716000 400.899 -12755.3 -6.44961
1717000 398.729 -12767 -4.81106
1718000 400.707 -12724.3 7.92347
1719000 399.207 -12760 -12.4908
1720000 401.938 -12728.8 10.0144
1721000 399.491 -12765.6 12.9063
1722000 402.063 -12753.4 0.835542
1723000 399.176 -12768.7 -5.30571
1724000 399.477 -12771.9 1.0303
1725000 400.508 -12760.2 7.03341
1726000 398.695 -12763.8 -1.69806
1727000 399.97 -12732.1 -6.76804
1728000 400.264 -12802.9 6.33596
1729000 400.122 -12865.3 -0.0659357
1730000 398.149 -12857.8 -0.0780372
1731000 401.162 -12700.1 2.11663
1732000 401.841 -12704.1 8.89945
1733000 399.983 -12695.1 -6.7911
1734000 399.864 -12732.1 1.42516
1735000 401.578 -12754.1 3.51144
1736000 402.763 -12712.1 -1.80095
1737000 398.67 -12862.8 8.26034
1738000 401.547 -12680.2 -1.14992
1739000 399.323 -12800.5 4.74578
1740000 398.534 -12856.6 -2.37189
1741000 399.627 -12797.8 10.0652
1742000 398.852 -12751.1 9.7484
1743000 396.996 -12804.4 -7.89504
1744000 398.95 -12739.5 11.0737
1745000 400.424 -12781.1 1.06101
1746000 401.138 -12766.9 -4.38601
1747000 399.109 -12840.1 10.9278
1748000 402.335 -12764.1 -3.60645
1749000 400.24 -12798.7 -2.64235
1750000 399.189 -12728.7 12.3344
1751000 401.471 -12753.1 -11.5961
1752000 402.109 -12687.3 4.75285
1753000 400.365 -12737.3 5.50068
1754000 401.059 -12730.5 15.2528
1755000 400.605 -12759.3 -5.5134
1756000 399.664 -12741.2 7.47027
1757000 399.066 -12822.1 8.11638
1758000 399.383 -12811.6 -0.886915
1759000 401.442 -12727.4 6.82064
1760000 396.911 -12810.6 5.18855
1761000 400.74 -12714.6 -0.222798
1762000 400.661 -12759.4 5.40919
1763000 399.838 -12793.8 3.90377
1764000 397.722 -12766 -6.56598
1765000 400.964 -12794.6 2.76623
1766000 399.064 -12850.7 1.14825
1767000 400.703 -12748.6 -11.9372
1768000 401.025 -12715.8 2.96567
1769000 398.232 -12788.9 -6.19155
1770000 400.414 -12814.4 13.8886
1771000 399.859 -12786.8 -2.54131
1772000 397.155 -12779.9 -2.04639
1773000 399.564 -12817.5 -0.326587
1774000 400.665 -12753.5 2.29193
1775000 399.676 -12782.8 -1.22872
1776000 400.904 -12782.2 -1.92725
1777000 400.215 -12775.8 -2.29204
1778000 398.488 -12831.3 -0.351201
1779000 399.571 -12801 -5.29985
1780000 401.434 -12705.7 14.2421
1781000 397.66 -12775.9 5.12646
1782000 400.757 -12756.5 2.7133
1783000 396.959 -12843.3 -1.07586
1784000 398.608 -12770.9 -1.73895
1785000 397.934 -12860.1 9.89438
1786000 400.026 -12764.8 0.328404
1787000 397.372 -12788.7 5.11378
1788000 400.186 -12811.7 -5.10874
1789000 398.449 -12792.3 1.92023
1790000 401.37 -12724 2.17952
1791000 399.836 -12828.2 0.522219
1792000 399.053 -12771.5 -5.80429
1793000 397.896 -12746.7 0.725615
1794000 399.451 -12759.4 12.9475
1795000 399.857 -12727.8 -8.36627
1796000 398.465 -12771.4 3.1754
1797000 401.025 -12783 -4.77208
1798000 401.049 -12800.2 11.6105
1799000 401.515 -12718.4 -4.64541
1800000 400.065 -12781.9 2.21572
1801000 401.223 -12784.2 4.88173
1802000 398.434 -12795.4 6.80652
1803000 399.619 -12824.6 -7.95085
1804000 400.899 -12733.7 -2.26623
1805000 403.064 -12704.8 -1.99643
1806000 399.463 -12826.5 -4.49061
1807000 401.165 -12759.5 18.0141
1808000 401.263 -12699.9 6.94568
1809000 397.83 -12785 8.80782
1810000 400.044 -12805.6 -8.25259
1811000 402.281 -12733.7 2.32489
1812000 402.269 -12691.2 -2.49288
1813000 403.134 -12759.3 -6.96323
1814000 400.174 -12752.8 -2.62938
1815000 399.751 -12784.4 7.31899
1816000 399.152 -12793.3 5.55258
1817000 401.646 -12820.2 -9.76809
1818000 401.177 -12761.4 5.12209
1819000 401.179 -12714.7 -12.661
1820000 398.065 -12746.3 9.3397
1821000 398.293 -12770.6 15.4115
1822000 399.582 -12754.9 -9.10142
1823000 400.773 -12747.6 15.4149
1824000 400.891 -12807.5 -7.90488
1825000 400.501 -12781.5 6.00472
1826000 397.831 -12795.8 7.64493
1827000 397.764 -12819.1 4.01946
1828000 398.661 -12734.6 -8.65488
1829000 401.909 -12655.6 -1.36372
1830000 400.518 -12744.4 11.8261
1831000 400.929 -12738.8 -10.6586
1832000 398.523 -12825.2 18.4612
1833000 401.831 -12713.6 1.55371
1834000 398.426 -12783.5 5.75651
1835000 401 -12772.9 2.43958
1836000 402.596 -12740.4 -10.9164
1837000 397.56 -12858.5 7.7619
1838000 398.767 -12805.1 8.15135
1839000 398.544 -12804.2 9.81673
1840000 398.991 -12830.4 -1.79853
1841000 399.746 -12765.2 8.5664
1842000 401.023 -12784.6 -9.39289
1843000 397.824 -12790.8 4.37979
1844000 401.281 -12772.7 6.51227
1845000 400.896 -12708.8 -22.1098
1846000 401.383 -12737 1.89015
1847000 400.925 -12709.4 3.48407
1848000 400.142 -12738.4 -15.9278
1849000 401.359 -12773.5 -4.79019
1850000 401.324 -12766.8 7.30103
1851000 399.435 -12752 -9.09968
1852000 400.333 -12794.6 3.91733
1853000 396.602 -12835 6.69298
1854000 401.083 -12758.4 -10.4065
1855000 400.037 -12814 7.24209
1856000 397.08 -12839.5 -2.38729
1857000 401.555 -12743.4 -0.21708
1858000 401.079 -12685 3.99741
1859000 400.97 -12701.9 4.09879
1860000 398.621 -12793.4 -12.7259
1861000 400.755 -12746.5 6.20233
1862000 397.617 -12748.1 3.72817
1863000 401.35 -12714.6 -7.76247
1864000 399.862 -12824.1 8.06024
1865000 403.468 -12638.4 2.00239
1866000 396.855 -12752.4 13.9015
1867000 402.587 -12738.5 -10.792
1868000 401.215 -12767 6.89783
1869000 400.442 -12783.8 -2.68936
1870000 400.265 -12840.2 0.721175
1871000 400.351 -12789.2 -2.14423
1872000 397.365 -12830.1 -0.702417
1873000 400.298 -12780.5 0.998468
1874000 400.293 -12775 0.0974856
1875000 403.693 -12688.2 0.861174
1876000 400.827 -12773.9 -0.0773896
1877000 401.952 -12718.7 -2.87478
1878000 399.654 -12714 3.3525
1879000 401.043 -12718.4 3.9725
1880000 401.199 -12636 -6.5265
1881000 403.249 -12770.2 13.9444
1882000 399.5 -12792.9 -11.957
1883000 398.404 -12808.5 2.91144
1884000 398.403 -12812 11.3619
1885000 402.115 -12785.5 -2.50457
1886000 398.762 -12764.2 -2.37355
1887000 399.23 -12816.8 -0.699969
1888000 398.809 -12821.9 3.15104
1889000 396.792 -12751.7 3.3635
1890000 397.086 -12807 8.93671
1891000 399.895 -12809.6 -8.21507
1892000 400.465 -12747.9 0.766874
1893000 400.515 -12791 5.67488
1894000 400.387 -12773 -6.60727
1895000 402.009 -12785.7 4.96969
1896000 400.975 -12787.1 -0.67761
1897000 399.301 -12762.6 -1.06341
1898000 401.146 -12787.3 -9.91204
1899000 403.207 -12723.8 13.4159
1900000 400.473 -12786.2 9.61206
1901000 399.827 -12690.6 -4.21707
1902000 398.941 -12810.4 -18.668
1903000 400.681 -12735 6.9932
1904000 400.865 -12755.8 6.91223
1905000 397.545 -12762.6 -2.54575
1906000 399.158 -12805.7 6.53869
1907000 401.168 -12717.2 8.8177
1908000 401.073 -12791.8 4.53815
1909000 402.552 -12750.7 6.94221
1910000 401.091 -12714.7 -5.52694
1911000 401.452 -12731.2 8.89262
1912000 399.149 -12811.9 3.97325
1913000 400.408 -12717.8 1.25192
1914000 401.044 -12702.9 1.83648
1915000 397.254 -12763.8 4.13352
1916000 399.251 -12745.4 15.675
1917000 400.446 -12785.4 1.81941
1918000 401.33 -12778 -3.8121
1919000 401.484 -12774.3 -17.5927
1920000 400.776 -12799.5 -5.9297
1921000 401.359 -12795.6 9.01028
1922000 399.91 -12851.8 -15.0881
1923000 399.926 -12799 8.83464
1924000 398.037 -12797.5 -1.92753
1925000 397.748 -12767.5 8.22162
1926000 401.996 -12774.5 -3.32226
1927000 399.898 -12764.8 -5.79763
1928000 400.372 -12822.6 10.9561
1929000 399.514 -12804.1 1.0455
1930000 401.052 -12800.2 3.74083
1931000 398.332 -12776.4 0.157479
1932000 400.587 -12724.9 2.80443
1933000 399.906 -12820.5 1.75244
1934000 400.813 -12820.8 2.92207
1935000 401.596 -12744 -1.4823
1936000 400.882 -12746.4 -9.28764
1937000 399.408 -12808.9 -0.255491
1938000 399.979 -12728.8 -6.13384
1939000 401.534 -12740.9 9.02153
1940000 399.661 -12782.1 -13.8287
1941000 400.143 -12786.6 3.29915
1942000 400.87 -12741.8 9.75342
1943000 400.265 -12733.2 -18.0227
1944000 400.669 -12671.6 0.0971304
1945000 400.741 -12820.4 -1.74642
1946000 400.516 -12791.6 -2.01764
1947000 399.696 -12819.3 -0.589459
1948000 399.356 -12795.1 -3.58821
1949000 400.109 -12752 0.261962
1950000 400.984 -12717.7 5.9577
1951000 400.806 -12731.2 -15.4573
1952000 398.871 -12776.8 6.29868
1953000 400.565 -12749.3 6.34739
1954000 400.531 -12753.6 2.24708
1955000 399.673 -12759 -0.596665
1956000 399.313 -12789.7 4.20136
1957000 401.791 -12771.3 -5.55521
1958000 400.546 -12848.1 2.16479
1959000 402.219 -12730.4 0.718784
1960000 399.164 -12796.5 -1.83503
1961000 400.813 -12705.4 -2.15409
1962000 401.609 -12770.3 -3.67785
1963000 402.476 -12761.8 3.73584
1964000 401.005 -12787 -1.80907
1965000 400.023 -12708.3 0.782069
1966000 399.359 -12699.7 -10.9934
1967000 399.743 -12803.2 12.3089
1968000 400.9 -12770.8 0.962442
1969000 399.691 -12807.8 2.15419
1970000 397.644 -12882 -1.31668
1971000 398.36 -12776.2 6.81952
1972000 401.707 -12770.7 -5.25939
1973000 399.544 -12828.6 6.79271
1974000 397.627 -12796.8 -6.85972
1975000 397.784 -12793.7 -1.68587
1976000 402.418 -12676 9.18951
1977000 401.288 -12713.2 -6.02173
1978000 401.736 -12805.4 -4.7996
1979000 398.767 -12790.1 4.34008
1980000 401.41 -12765.1 5.61744
1981000 397.832 -12784.9 -2.6882
1982000 399.493 -12819.9 5.05505
1983000 398.2 -12829 4.80717
1984000 403.201 -12696.3 -4.34704
1985000 399.815 -12753.3 5.19255
1986000 397.883 -12815.7 1.36201
1987000 402.262 -12719.1 3.79224
1988000 400.274 -12657.3 -7.56184
1989000 400.083 -12735.6 4.11295
1990000 402.676 -12712.5 -2.48674
1991000 403.349 -12702.8 -0.128006
1992000 399.376 -12772.2 -5.8761
1993000 398.001 -12784.6 -4.55455
1994000 399.62 -12816.5 7.82185
1995000 399.206 -12761.6 9.15885
1996000 397.236 -12816.9 -5.61127
1997000 399.618 -12788.2 -3.92767
1998000 400.981 -12807.9 14.352
1999000 400.382 -12736.2 1.66498
2000000 399.32 -12741.8 -8.0992
